<?xml version="1.0" encoding="utf-8"?>
<TestRun id="103d1e6e-5fcf-4283-9732-21f8aeed659b" name="@konstantins-macbook-pro 2025-09-20 12:26:54" xmlns="http://microsoft.com/schemas/VisualStudio/TeamTest/2010">
  <Times creation="2025-09-20T12:26:54.4116010+02:00" queuing="2025-09-20T12:26:54.4116010+02:00" start="2025-09-20T12:26:53.9481980+02:00" finish="2025-09-20T12:26:55.6085520+02:00" />
  <TestSettings name="default" id="e900d5fe-fcbc-49a2-beb6-4281e6ecfa92">
    <Deployment runDeploymentRoot="_konstantins-macbook-pro_2025-09-20_12_26_54" />
  </TestSettings>
  <Results>
    <UnitTestResult executionId="4618aa2b-507b-4081-8afa-e996da077287" testId="26d4b90e-eb16-bcef-d101-fb0061a73f05" testName="ManagedCode.Communication.Tests.ControllerTests.MiddlewareTests.ForbiddenResult" computerName="konstantins-macbook-pro" duration="00:00:00.0012650" startTime="2025-09-20T12:26:55.4974100+02:00" endTime="2025-09-20T12:26:55.4983770+02:00" testType="13cdc9d9-ddb5-4fa4-a97d-d965ccfc6d4b" outcome="Passed" testListId="8c84fa94-04c1-424b-9868-57a2d4851a1d" relativeResultsDirectory="4618aa2b-507b-4081-8afa-e996da077287" />
    <UnitTestResult executionId="0e04fc0b-e568-4fb4-8926-eb35202f798b" testId="922f442b-abde-2646-f44f-3ba19dc6a53c" testName="ManagedCode.Communication.Tests.Extensions.RailwayExtensionsTests.TapAsync_SuccessfulResult_ExecutesAction" computerName="konstantins-macbook-pro" duration="00:00:00.0028615" startTime="2025-09-20T12:26:54.4010860+02:00" endTime="2025-09-20T12:26:54.4095590+02:00" testType="13cdc9d9-ddb5-4fa4-a97d-d965ccfc6d4b" outcome="Passed" testListId="8c84fa94-04c1-424b-9868-57a2d4851a1d" relativeResultsDirectory="0e04fc0b-e568-4fb4-8926-eb35202f798b" />
    <UnitTestResult executionId="28a0c656-7a1d-40c6-bf44-122d0058c4f7" testId="dfd55305-89b6-7032-e718-91fc3fa77a9e" testName="ManagedCode.Communication.Tests.Extensions.HttpResponseExtensionTests.FromJsonToResult_SuccessStatusCode_WithFailedResultJson_ReturnsFailedResult" computerName="konstantins-macbook-pro" duration="00:00:00.0005802" startTime="2025-09-20T12:26:54.4527500+02:00" endTime="2025-09-20T12:26:54.4536430+02:00" testType="13cdc9d9-ddb5-4fa4-a97d-d965ccfc6d4b" outcome="Passed" testListId="8c84fa94-04c1-424b-9868-57a2d4851a1d" relativeResultsDirectory="28a0c656-7a1d-40c6-bf44-122d0058c4f7" />
    <UnitTestResult executionId="e5ba4763-8bd4-41fd-817a-aed64f3e428a" testId="0fe4f40f-241c-ae23-d168-04e5e87dcc9b" testName="ManagedCode.Communication.Tests.ProblemTests.ProblemCreateMethodsTests.Problem_GetValidationErrors_WithNoErrors_ShouldReturnNull" computerName="konstantins-macbook-pro" duration="00:00:00.0000318" startTime="2025-09-20T12:26:54.4601350+02:00" endTime="2025-09-20T12:26:54.4602350+02:00" testType="13cdc9d9-ddb5-4fa4-a97d-d965ccfc6d4b" outcome="Passed" testListId="8c84fa94-04c1-424b-9868-57a2d4851a1d" relativeResultsDirectory="e5ba4763-8bd4-41fd-817a-aed64f3e428a" />
    <UnitTestResult executionId="6d22634f-48d2-4ab1-9f3a-a7883d5bf63d" testId="c4ea1132-e93e-43d4-a3fc-a3dee3691596" testName="ManagedCode.Communication.Tests.Commands.MemoryCacheCommandIdempotencyStoreTests.GetAndSetStatusAsync_ReturnsCurrentStatusAndSetsNew" computerName="konstantins-macbook-pro" duration="00:00:00.0003731" startTime="2025-09-20T12:26:54.5303520+02:00" endTime="2025-09-20T12:26:54.5306830+02:00" testType="13cdc9d9-ddb5-4fa4-a97d-d965ccfc6d4b" outcome="Passed" testListId="8c84fa94-04c1-424b-9868-57a2d4851a1d" relativeResultsDirectory="6d22634f-48d2-4ab1-9f3a-a7883d5bf63d" />
    <UnitTestResult executionId="5b4fe88c-e3bc-40f1-9d0c-40f03988f4ae" testId="e54d77da-6a95-0aa2-239e-14e9fe7b27b9" testName="ManagedCode.Communication.Tests.Results.ResultFailMethodsTests.Result_Fail_WithExceptionAndStatus_ShouldCreateFailedResultWithSpecifiedStatus" computerName="konstantins-macbook-pro" duration="00:00:00.0001486" startTime="2025-09-20T12:26:54.4968580+02:00" endTime="2025-09-20T12:26:54.4970220+02:00" testType="13cdc9d9-ddb5-4fa4-a97d-d965ccfc6d4b" outcome="Passed" testListId="8c84fa94-04c1-424b-9868-57a2d4851a1d" relativeResultsDirectory="5b4fe88c-e3bc-40f1-9d0c-40f03988f4ae" />
    <UnitTestResult executionId="6c1c5d2d-6258-42fe-adef-2fecdc0c446b" testId="75533a59-7aee-ba55-d67e-cbe9946ac332" testName="ManagedCode.Communication.Tests.OrleansTests.GrainClientTests.ValueTaskResultError" computerName="konstantins-macbook-pro" duration="00:00:00.0017175" startTime="2025-09-20T12:26:55.5186020+02:00" endTime="2025-09-20T12:26:55.5203790+02:00" testType="13cdc9d9-ddb5-4fa4-a97d-d965ccfc6d4b" outcome="Passed" testListId="8c84fa94-04c1-424b-9868-57a2d4851a1d" relativeResultsDirectory="6c1c5d2d-6258-42fe-adef-2fecdc0c446b" />
    <UnitTestResult executionId="978de2f2-f421-4442-963b-fab605e77fc7" testId="f7ed2bd9-0dc3-2bb8-cc6b-16f79bea320a" testName="ManagedCode.Communication.Tests.OrleansTests.GrainClientTests.ResultError" computerName="konstantins-macbook-pro" duration="00:00:00.0013629" startTime="2025-09-20T12:26:55.5223690+02:00" endTime="2025-09-20T12:26:55.5234450+02:00" testType="13cdc9d9-ddb5-4fa4-a97d-d965ccfc6d4b" outcome="Passed" testListId="8c84fa94-04c1-424b-9868-57a2d4851a1d" relativeResultsDirectory="978de2f2-f421-4442-963b-fab605e77fc7" />
    <UnitTestResult executionId="b53229ff-3800-4b15-bfe7-8f57239755c8" testId="6a5e75da-d4ce-a720-12fe-db0ec989bfda" testName="ManagedCode.Communication.Tests.Results.ProblemTests.GetErrorCodeAs_WithNonMatchingEnum_ShouldReturnNull" computerName="konstantins-macbook-pro" duration="00:00:00.0003970" startTime="2025-09-20T12:26:54.4518410+02:00" endTime="2025-09-20T12:26:54.4523980+02:00" testType="13cdc9d9-ddb5-4fa4-a97d-d965ccfc6d4b" outcome="Passed" testListId="8c84fa94-04c1-424b-9868-57a2d4851a1d" relativeResultsDirectory="b53229ff-3800-4b15-bfe7-8f57239755c8" />
    <UnitTestResult executionId="f9b6df63-32c8-40e5-8bb4-cf9ef45d871c" testId="c4bb9e96-a082-cea5-07e4-48489c91d51c" testName="ManagedCode.Communication.Tests.Orleans.Serialization.ProblemSerializationTests.Problem_MinimalFields_ShouldSerializeCorrectly" computerName="konstantins-macbook-pro" duration="00:00:00.0009004" startTime="2025-09-20T12:26:55.1825250+02:00" endTime="2025-09-20T12:26:55.1836260+02:00" testType="13cdc9d9-ddb5-4fa4-a97d-d965ccfc6d4b" outcome="Passed" testListId="8c84fa94-04c1-424b-9868-57a2d4851a1d" relativeResultsDirectory="f9b6df63-32c8-40e5-8bb4-cf9ef45d871c" />
    <UnitTestResult executionId="4d31c79d-674e-4856-beac-f6675a7e72e4" testId="04b4d7eb-6ae2-be4f-929b-1cc4d1077821" testName="ManagedCode.Communication.Tests.OrleansTests.GrainClientTests.ValueTaskResult" computerName="konstantins-macbook-pro" duration="00:00:00.0026499" startTime="2025-09-20T12:26:55.5045960+02:00" endTime="2025-09-20T12:26:55.5073130+02:00" testType="13cdc9d9-ddb5-4fa4-a97d-d965ccfc6d4b" outcome="Passed" testListId="8c84fa94-04c1-424b-9868-57a2d4851a1d" relativeResultsDirectory="4d31c79d-674e-4856-beac-f6675a7e72e4" />
    <UnitTestResult executionId="4cc44947-f34c-40a4-bb5b-d41443398c9b" testId="613ce4af-0c46-036e-af9f-bb78fcd742a6" testName="ManagedCode.Communication.Tests.Results.ResultTFailMethodsTests.ResultT_Fail_WithComplexTypes_ShouldWorkCorrectly" computerName="konstantins-macbook-pro" duration="00:00:00.0001998" startTime="2025-09-20T12:26:54.4180340+02:00" endTime="2025-09-20T12:26:54.4182300+02:00" testType="13cdc9d9-ddb5-4fa4-a97d-d965ccfc6d4b" outcome="Passed" testListId="8c84fa94-04c1-424b-9868-57a2d4851a1d" relativeResultsDirectory="4cc44947-f34c-40a4-bb5b-d41443398c9b" />
    <UnitTestResult executionId="42062dd5-41ef-4014-a5a3-a1d51e48b2ae" testId="09a23f90-ebf0-0444-a58c-9c7e3ea1e9e8" testName="ManagedCode.Communication.Tests.AspNetCore.Extensions.ControllerExtensionsTests.ToHttpResult_WithSuccessResult_ReturnsOkResult" computerName="konstantins-macbook-pro" duration="00:00:00.0007388" startTime="2025-09-20T12:26:54.4678020+02:00" endTime="2025-09-20T12:26:54.4678270+02:00" testType="13cdc9d9-ddb5-4fa4-a97d-d965ccfc6d4b" outcome="Passed" testListId="8c84fa94-04c1-424b-9868-57a2d4851a1d" relativeResultsDirectory="42062dd5-41ef-4014-a5a3-a1d51e48b2ae" />
    <UnitTestResult executionId="53441ea8-467d-4ca0-81d1-bb258b72a766" testId="4b7c578e-2c8b-fbf4-edf0-1e833a94cb00" testName="ManagedCode.Communication.Tests.Extensions.HttpResponseExtensionTests.FromRequestToResult_ErrorStatusCode_ReturnsFailedResult" computerName="konstantins-macbook-pro" duration="00:00:00.0002959" startTime="2025-09-20T12:26:54.4500020+02:00" endTime="2025-09-20T12:26:54.4501780+02:00" testType="13cdc9d9-ddb5-4fa4-a97d-d965ccfc6d4b" outcome="Passed" testListId="8c84fa94-04c1-424b-9868-57a2d4851a1d" relativeResultsDirectory="53441ea8-467d-4ca0-81d1-bb258b72a766" />
    <UnitTestResult executionId="9219dc4c-fce7-4c39-bcfc-401edcb0598c" testId="aaf3638f-1207-9f2b-6354-805a113323d4" testName="ManagedCode.Communication.Tests.OrleansTests.GrainClientTests.IntResultError" computerName="konstantins-macbook-pro" duration="00:00:00.0016686" startTime="2025-09-20T12:26:55.5167590+02:00" endTime="2025-09-20T12:26:55.5185260+02:00" testType="13cdc9d9-ddb5-4fa4-a97d-d965ccfc6d4b" outcome="Passed" testListId="8c84fa94-04c1-424b-9868-57a2d4851a1d" relativeResultsDirectory="9219dc4c-fce7-4c39-bcfc-401edcb0598c" />
    <UnitTestResult executionId="5231d428-ffbd-43d5-909d-f7d88bef7b6e" testId="10731ee9-0f6c-2f00-a7f4-089825b67c70" testName="ManagedCode.Communication.Tests.Results.CollectionResultInvalidMethodsTests.CollectionResult_Invalid_WithNullValues_ShouldHandleGracefully" computerName="konstantins-macbook-pro" duration="00:00:00.0003535" startTime="2025-09-20T12:26:54.4649700+02:00" endTime="2025-09-20T12:26:54.4649970+02:00" testType="13cdc9d9-ddb5-4fa4-a97d-d965ccfc6d4b" outcome="Passed" testListId="8c84fa94-04c1-424b-9868-57a2d4851a1d" relativeResultsDirectory="5231d428-ffbd-43d5-909d-f7d88bef7b6e" />
    <UnitTestResult executionId="6a92769a-4173-4b6f-959d-fa2f75bb0254" testId="cc5f0fa5-2624-4aa6-2ceb-955549536dc3" testName="ManagedCode.Communication.Tests.Orleans.Serialization.CommandSerializationTests.CommandMetadata_WithAllFields_ShouldSerializeCorrectly" computerName="konstantins-macbook-pro" duration="00:00:00.0018008" startTime="2025-09-20T12:26:55.2006400+02:00" endTime="2025-09-20T12:26:55.2021700+02:00" testType="13cdc9d9-ddb5-4fa4-a97d-d965ccfc6d4b" outcome="Passed" testListId="8c84fa94-04c1-424b-9868-57a2d4851a1d" relativeResultsDirectory="6a92769a-4173-4b6f-959d-fa2f75bb0254" />
    <UnitTestResult executionId="5472d74c-922c-45fc-a259-e1744811e977" testId="0c29c5af-e3cf-7553-8d21-7aa06a61033d" testName="ManagedCode.Communication.Tests.CollectionResults.CollectionResultFailMethodsTests.Fail_WithComplexTypes_ShouldHandleCorrectly" computerName="konstantins-macbook-pro" duration="00:00:00.0010499" startTime="2025-09-20T12:26:54.4560930+02:00" endTime="2025-09-20T12:26:54.4566370+02:00" testType="13cdc9d9-ddb5-4fa4-a97d-d965ccfc6d4b" outcome="Passed" testListId="8c84fa94-04c1-424b-9868-57a2d4851a1d" relativeResultsDirectory="5472d74c-922c-45fc-a259-e1744811e977" />
    <UnitTestResult executionId="2e34c024-b209-4865-83b1-90b48fc584d6" testId="7f67a8b3-4a6b-118c-9960-3a56a3e105c0" testName="ManagedCode.Communication.Tests.AspNetCore.Helpers.HttpStatusCodeHelperTests.GetStatusCodeForException_AspNetSpecificExceptions_ReturnsCorrectStatusCode(exceptionType: typeof(Microsoft.AspNetCore.Connections.ConnectionResetException), expectedStatusCode: BadRequest)" computerName="konstantins-macbook-pro" duration="00:00:00.0008262" startTime="2025-09-20T12:26:54.4646160+02:00" endTime="2025-09-20T12:26:54.4651110+02:00" testType="13cdc9d9-ddb5-4fa4-a97d-d965ccfc6d4b" outcome="Passed" testListId="8c84fa94-04c1-424b-9868-57a2d4851a1d" relativeResultsDirectory="2e34c024-b209-4865-83b1-90b48fc584d6" />
    <UnitTestResult executionId="e5694967-9695-41d8-8939-f5723bb7ab7e" testId="1a2bce7c-5d7c-740b-8a3b-5357d8d90197" testName="ManagedCode.Communication.Tests.CollectionResults.CollectionResultFailMethodsTests.Fail_WithTitleAndDetail_ShouldCreateFailedResultWithDefaultStatus" computerName="konstantins-macbook-pro" duration="00:00:00.0000597" startTime="2025-09-20T12:26:54.4556370+02:00" endTime="2025-09-20T12:26:54.4556900+02:00" testType="13cdc9d9-ddb5-4fa4-a97d-d965ccfc6d4b" outcome="Passed" testListId="8c84fa94-04c1-424b-9868-57a2d4851a1d" relativeResultsDirectory="e5694967-9695-41d8-8939-f5723bb7ab7e" />
    <UnitTestResult executionId="8535f5ca-8da7-4643-a851-64dc081f71ff" testId="95480a3b-f488-efa9-b27c-9ab5a18fdec4" testName="ManagedCode.Communication.Tests.ControllerTests.MiddlewareTests.UnauthorizedResult" computerName="konstantins-macbook-pro" duration="00:00:00.0009150" startTime="2025-09-20T12:26:55.4266680+02:00" endTime="2025-09-20T12:26:55.4276130+02:00" testType="13cdc9d9-ddb5-4fa4-a97d-d965ccfc6d4b" outcome="Passed" testListId="8c84fa94-04c1-424b-9868-57a2d4851a1d" relativeResultsDirectory="8535f5ca-8da7-4643-a851-64dc081f71ff" />
    <UnitTestResult executionId="2d0341d8-7cb6-41de-9e44-2873ad0861d2" testId="ffe8d566-a14b-2021-ecef-4e1da940c37f" testName="ManagedCode.Communication.Tests.Results.ResultFailMethodsTests.Result_Fail_WithVariousStatusCodes_ShouldSetCorrectStatusCode(statusCode: NotFound, expectedCode: 404)" computerName="konstantins-macbook-pro" duration="00:00:00.0000317" startTime="2025-09-20T12:26:54.4779020+02:00" endTime="2025-09-20T12:26:54.4779250+02:00" testType="13cdc9d9-ddb5-4fa4-a97d-d965ccfc6d4b" outcome="Passed" testListId="8c84fa94-04c1-424b-9868-57a2d4851a1d" relativeResultsDirectory="2d0341d8-7cb6-41de-9e44-2873ad0861d2" />
    <UnitTestResult executionId="886130af-04ca-4c00-8840-4a10fc5a5cba" testId="a9049ec7-47e6-1452-0cab-fffe5164f084" testName="ManagedCode.Communication.Tests.Results.CollectionResultTests.InvalidField_WithValidationProblem_ShouldReturnCorrectResult" computerName="konstantins-macbook-pro" duration="00:00:00.0001113" startTime="2025-09-20T12:26:54.4749100+02:00" endTime="2025-09-20T12:26:54.4749340+02:00" testType="13cdc9d9-ddb5-4fa4-a97d-d965ccfc6d4b" outcome="Passed" testListId="8c84fa94-04c1-424b-9868-57a2d4851a1d" relativeResultsDirectory="886130af-04ca-4c00-8840-4a10fc5a5cba" />
    <UnitTestResult executionId="03e6722b-6e91-4c38-8341-ab1be2092379" testId="0bac6952-0c3c-190c-8898-ea5d8b8379ca" testName="ManagedCode.Communication.Tests.AspNetCore.Helpers.HttpStatusCodeHelperTests.GetStatusCodeForException_AspNetSpecificExceptions_ReturnsCorrectStatusCode(exceptionType: typeof(Microsoft.AspNetCore.Mvc.Infrastructure.AmbiguousActionException), expectedStatusCode: InternalServerError)" computerName="konstantins-macbook-pro" duration="00:00:00.0003686" startTime="2025-09-20T12:26:54.4654780+02:00" endTime="2025-09-20T12:26:54.4655010+02:00" testType="13cdc9d9-ddb5-4fa4-a97d-d965ccfc6d4b" outcome="Passed" testListId="8c84fa94-04c1-424b-9868-57a2d4851a1d" relativeResultsDirectory="03e6722b-6e91-4c38-8341-ab1be2092379" />
    <UnitTestResult executionId="155c4fa4-37e5-47ec-afcc-84ef615ce4a4" testId="392de4af-d461-7c5b-310a-021cf63d1384" testName="ManagedCode.Communication.Tests.CollectionResults.CollectionResultFromMethodsTests.From_FuncValueTaskEnumerable_ShouldCreateSuccessResult" computerName="konstantins-macbook-pro" duration="00:00:00.0032096" startTime="2025-09-20T12:26:54.7539020+02:00" endTime="2025-09-20T12:26:54.7570660+02:00" testType="13cdc9d9-ddb5-4fa4-a97d-d965ccfc6d4b" outcome="Passed" testListId="8c84fa94-04c1-424b-9868-57a2d4851a1d" relativeResultsDirectory="155c4fa4-37e5-47ec-afcc-84ef615ce4a4" />
    <UnitTestResult executionId="28dace8e-0316-4107-96bc-def5bd4f4f64" testId="b152476b-0692-165d-e590-b423100fc237" testName="ManagedCode.Communication.Tests.Extensions.AdvancedRailwayExtensionsTests.ComplexRailwayChain_DemonstratesFullCapabilities" computerName="konstantins-macbook-pro" duration="00:00:00.0051598" startTime="2025-09-20T12:26:54.4338330+02:00" endTime="2025-09-20T12:26:54.4363830+02:00" testType="13cdc9d9-ddb5-4fa4-a97d-d965ccfc6d4b" outcome="Passed" testListId="8c84fa94-04c1-424b-9868-57a2d4851a1d" relativeResultsDirectory="28dace8e-0316-4107-96bc-def5bd4f4f64" />
    <UnitTestResult executionId="7da03f27-570e-4a83-952e-e555e6aff2d8" testId="0dba5786-625f-2c43-9e0c-752956fd421c" testName="ManagedCode.Communication.Tests.Results.ResultFailMethodsTests.Result_FailNotFound_NoParameters_ShouldCreateNotFoundResult" computerName="konstantins-macbook-pro" duration="00:00:00.0000649" startTime="2025-09-20T12:26:54.4795760+02:00" endTime="2025-09-20T12:26:54.4797180+02:00" testType="13cdc9d9-ddb5-4fa4-a97d-d965ccfc6d4b" outcome="Passed" testListId="8c84fa94-04c1-424b-9868-57a2d4851a1d" relativeResultsDirectory="7da03f27-570e-4a83-952e-e555e6aff2d8" />
    <UnitTestResult executionId="b446931b-5dfa-49cd-bd8e-e44267bd9072" testId="efa8afd6-8d8b-b468-7b9e-1cdb0a7712de" testName="ManagedCode.Communication.Tests.AspNetCore.Extensions.CommunicationServiceCollectionExtensionsTests.CommunicationLoggerConfigurationService_StartsAndConfiguresLogger" computerName="konstantins-macbook-pro" duration="00:00:00.0066885" startTime="2025-09-20T12:26:54.4273680+02:00" endTime="2025-09-20T12:26:54.4274300+02:00" testType="13cdc9d9-ddb5-4fa4-a97d-d965ccfc6d4b" outcome="Passed" testListId="8c84fa94-04c1-424b-9868-57a2d4851a1d" relativeResultsDirectory="b446931b-5dfa-49cd-bd8e-e44267bd9072" />
    <UnitTestResult executionId="3bc98403-8434-42aa-b10f-241a5c7c2bd9" testId="950f8757-e7b7-1138-1a4d-1e70b2dcf083" testName="ManagedCode.Communication.Tests.Results.ProblemExceptionTests.Constructor_WithProblemContainingMultipleValidationErrorsPerField_ShouldJoinWithSemicolon" computerName="konstantins-macbook-pro" duration="00:00:00.0001071" startTime="2025-09-20T12:26:54.4597700+02:00" endTime="2025-09-20T12:26:54.4597940+02:00" testType="13cdc9d9-ddb5-4fa4-a97d-d965ccfc6d4b" outcome="Passed" testListId="8c84fa94-04c1-424b-9868-57a2d4851a1d" relativeResultsDirectory="3bc98403-8434-42aa-b10f-241a5c7c2bd9" />
    <UnitTestResult executionId="1be1d029-1c92-410d-af4e-44ceec199bb7" testId="af0b0176-41dc-ac96-c773-4c806eea0dff" testName="ManagedCode.Communication.Tests.Serialization.SerializationTests.ComplexNestedStructure_ShouldSerializeAndDeserialize" computerName="konstantins-macbook-pro" duration="00:00:00.0081643" startTime="2025-09-20T12:26:54.4723480+02:00" endTime="2025-09-20T12:26:54.4969190+02:00" testType="13cdc9d9-ddb5-4fa4-a97d-d965ccfc6d4b" outcome="Passed" testListId="8c84fa94-04c1-424b-9868-57a2d4851a1d" relativeResultsDirectory="1be1d029-1c92-410d-af4e-44ceec199bb7" />
    <UnitTestResult executionId="e51a8d24-4941-4520-b2c1-7a6a023d6188" testId="72cc59dc-cbb4-fcaa-43ae-593609766cef" testName="ManagedCode.Communication.Tests.Results.CollectionResultTests.TryGetProblem_WithEmptyCollection_ButSuccessful_ShouldReturnFalse" computerName="konstantins-macbook-pro" duration="00:00:00.0000530" startTime="2025-09-20T12:26:54.4772110+02:00" endTime="2025-09-20T12:26:54.4772340+02:00" testType="13cdc9d9-ddb5-4fa4-a97d-d965ccfc6d4b" outcome="Passed" testListId="8c84fa94-04c1-424b-9868-57a2d4851a1d" relativeResultsDirectory="e51a8d24-4941-4520-b2c1-7a6a023d6188" />
    <UnitTestResult executionId="4de96cc4-345a-41a6-8246-c07970ae7e9f" testId="fd0cdcec-1fac-f49f-a746-4772ac5928f9" testName="ManagedCode.Communication.Tests.Orleans.Serialization.ProblemSerializationTests.Problem_StandardTypes_ShouldSerializeCorrectly" computerName="konstantins-macbook-pro" duration="00:00:00.0367452" startTime="2025-09-20T12:26:55.1407100+02:00" endTime="2025-09-20T12:26:55.1769950+02:00" testType="13cdc9d9-ddb5-4fa4-a97d-d965ccfc6d4b" outcome="Passed" testListId="8c84fa94-04c1-424b-9868-57a2d4851a1d" relativeResultsDirectory="4de96cc4-345a-41a6-8246-c07970ae7e9f" />
    <UnitTestResult executionId="c8b86da6-15be-4556-8173-4318872b6005" testId="a3a28d8a-51fe-9a33-f869-0770b45eb339" testName="ManagedCode.Communication.Tests.Extensions.RailwayExtensionsTests.Bind_FailedResult_DoesNotExecuteNext" computerName="konstantins-macbook-pro" duration="00:00:00.0001803" startTime="2025-09-20T12:26:54.4199150+02:00" endTime="2025-09-20T12:26:54.4200230+02:00" testType="13cdc9d9-ddb5-4fa4-a97d-d965ccfc6d4b" outcome="Passed" testListId="8c84fa94-04c1-424b-9868-57a2d4851a1d" relativeResultsDirectory="c8b86da6-15be-4556-8173-4318872b6005" />
    <UnitTestResult executionId="272cc185-20dc-4ee6-bfe4-92aae1553f88" testId="89f1e695-1be3-dd88-4f12-d20091883b21" testName="ManagedCode.Communication.Tests.Results.ProblemTests.Constructor_WithParameters_ShouldSetProperties" computerName="konstantins-macbook-pro" duration="00:00:00.0001043" startTime="2025-09-20T12:26:54.4495200+02:00" endTime="2025-09-20T12:26:54.4495420+02:00" testType="13cdc9d9-ddb5-4fa4-a97d-d965ccfc6d4b" outcome="Passed" testListId="8c84fa94-04c1-424b-9868-57a2d4851a1d" relativeResultsDirectory="272cc185-20dc-4ee6-bfe4-92aae1553f88" />
    <UnitTestResult executionId="3bd66e63-05a2-4eae-8831-10de35c26141" testId="9055a99e-808e-e43f-9f70-e1a7b9f0a551" testName="ManagedCode.Communication.Tests.Results.ResultFailMethodsTests.Result_Fail_WithEnumAndDetail_ShouldCreateFailedResultWithErrorCodeAndDetail" computerName="konstantins-macbook-pro" duration="00:00:00.0003453" startTime="2025-09-20T12:26:54.4773130+02:00" endTime="2025-09-20T12:26:54.4773360+02:00" testType="13cdc9d9-ddb5-4fa4-a97d-d965ccfc6d4b" outcome="Passed" testListId="8c84fa94-04c1-424b-9868-57a2d4851a1d" relativeResultsDirectory="3bd66e63-05a2-4eae-8831-10de35c26141" />
    <UnitTestResult executionId="c171ecd0-67f1-40a0-8fea-bc618a4a3ffd" testId="c20609f4-6a70-6c55-75bb-083e12c37fc9" testName="ManagedCode.Communication.Tests.Extensions.RailwayExtensionsTests.Bind_SuccessfulResult_ExecutesNext" computerName="konstantins-macbook-pro" duration="00:00:00.0001937" startTime="2025-09-20T12:26:54.3978340+02:00" endTime="2025-09-20T12:26:54.3997400+02:00" testType="13cdc9d9-ddb5-4fa4-a97d-d965ccfc6d4b" outcome="Passed" testListId="8c84fa94-04c1-424b-9868-57a2d4851a1d" relativeResultsDirectory="c171ecd0-67f1-40a0-8fea-bc618a4a3ffd" />
    <UnitTestResult executionId="f4d303fd-f3e3-4b15-be30-a5e0bf79df51" testId="c9b0bf8f-b32e-afc0-1ba5-d7dd67234a1b" testName="ManagedCode.Communication.Tests.CollectionResults.CollectionResultFromMethodsTests.From_FuncValueTaskThrowingException_ShouldReturnFailedResult" computerName="konstantins-macbook-pro" duration="00:00:00.0008009" startTime="2025-09-20T12:26:54.7582100+02:00" endTime="2025-09-20T12:26:54.7589480+02:00" testType="13cdc9d9-ddb5-4fa4-a97d-d965ccfc6d4b" outcome="Passed" testListId="8c84fa94-04c1-424b-9868-57a2d4851a1d" relativeResultsDirectory="f4d303fd-f3e3-4b15-be30-a5e0bf79df51" />
    <UnitTestResult executionId="66a58a2b-6ebe-4899-84f2-ab72d49769a4" testId="db6ef193-8df4-e9b2-14b2-67527051d37c" testName="ManagedCode.Communication.Tests.Serialization.SerializationTests.Problem_WithValidationErrors_ShouldSerializeAndDeserialize" computerName="konstantins-macbook-pro" duration="00:00:00.0007707" startTime="2025-09-20T12:26:54.5143670+02:00" endTime="2025-09-20T12:26:54.5150500+02:00" testType="13cdc9d9-ddb5-4fa4-a97d-d965ccfc6d4b" outcome="Passed" testListId="8c84fa94-04c1-424b-9868-57a2d4851a1d" relativeResultsDirectory="66a58a2b-6ebe-4899-84f2-ab72d49769a4" />
    <UnitTestResult executionId="a4d89228-4c74-4fdf-82c7-e1687b2278cd" testId="1801938a-5d0f-36fb-a9bb-fea7ab8914fe" testName="ManagedCode.Communication.Tests.Results.ResultTests.FailUnauthorized_ShouldCreateUnauthorizedResult" computerName="konstantins-macbook-pro" duration="00:00:00.0002975" startTime="2025-09-20T12:26:54.4407270+02:00" endTime="2025-09-20T12:26:54.4408260+02:00" testType="13cdc9d9-ddb5-4fa4-a97d-d965ccfc6d4b" outcome="Passed" testListId="8c84fa94-04c1-424b-9868-57a2d4851a1d" relativeResultsDirectory="a4d89228-4c74-4fdf-82c7-e1687b2278cd" />
    <UnitTestResult executionId="4926b36a-a863-4854-9d6a-2004983c62c4" testId="31cc8d58-51d6-fc21-a158-1f4f17545a53" testName="ManagedCode.Communication.Tests.Results.CollectionResultTests.ThrowIfFail_WithValidationFailure_ShouldThrowWithValidationDetails" computerName="konstantins-macbook-pro" duration="00:00:00.0002505" startTime="2025-09-20T12:26:54.4753110+02:00" endTime="2025-09-20T12:26:54.4754170+02:00" testType="13cdc9d9-ddb5-4fa4-a97d-d965ccfc6d4b" outcome="Passed" testListId="8c84fa94-04c1-424b-9868-57a2d4851a1d" relativeResultsDirectory="4926b36a-a863-4854-9d6a-2004983c62c4" />
    <UnitTestResult executionId="858e396a-a976-4fdf-ab1e-f671aff36c4a" testId="9ad9e2f6-715d-ede9-5172-b09d4e9b5fa2" testName="ManagedCode.Communication.Tests.Serialization.SerializationTests.ResultT_WithValue_ShouldSerializeAndDeserialize" computerName="konstantins-macbook-pro" duration="00:00:00.0016574" startTime="2025-09-20T12:26:54.4492380+02:00" endTime="2025-09-20T12:26:54.4516990+02:00" testType="13cdc9d9-ddb5-4fa4-a97d-d965ccfc6d4b" outcome="Passed" testListId="8c84fa94-04c1-424b-9868-57a2d4851a1d" relativeResultsDirectory="858e396a-a976-4fdf-ab1e-f671aff36c4a" />
    <UnitTestResult executionId="e226a800-ef1c-401a-8e73-3bb20dca5626" testId="959be81c-503c-2f67-e1a0-fd94d8b45ab1" testName="ManagedCode.Communication.Tests.Results.ResultValueExecutionExtensionsTests.From_Task_Throws_ReturnsFailure" computerName="konstantins-macbook-pro" duration="00:00:00.0003162" startTime="2025-09-20T12:26:54.4368450+02:00" endTime="2025-09-20T12:26:54.4373460+02:00" testType="13cdc9d9-ddb5-4fa4-a97d-d965ccfc6d4b" outcome="Passed" testListId="8c84fa94-04c1-424b-9868-57a2d4851a1d" relativeResultsDirectory="e226a800-ef1c-401a-8e73-3bb20dca5626" />
    <UnitTestResult executionId="b609246a-5976-43d2-8aff-ed5646819f39" testId="b63a8c73-326f-00c0-2fb1-b6e3b569e065" testName="ManagedCode.Communication.Tests.Results.CollectionResultInvalidMethodsTests.CollectionResult_Invalid_NoParameters_ShouldCreateValidationResult" computerName="konstantins-macbook-pro" duration="00:00:00.0000745" startTime="2025-09-20T12:26:54.4645360+02:00" endTime="2025-09-20T12:26:54.4646390+02:00" testType="13cdc9d9-ddb5-4fa4-a97d-d965ccfc6d4b" outcome="Passed" testListId="8c84fa94-04c1-424b-9868-57a2d4851a1d" relativeResultsDirectory="b609246a-5976-43d2-8aff-ed5646819f39" />
    <UnitTestResult executionId="3b3fd798-c12e-4100-a62f-0fc2bcaf2ea1" testId="f033dff5-3005-c649-45d7-638d675d115a" testName="ManagedCode.Communication.Tests.Results.ProblemExceptionTests.Constructor_WithInnerException_ShouldCreateProblemFromException" computerName="konstantins-macbook-pro" duration="00:00:00.0002181" startTime="2025-09-20T12:26:54.4598480+02:00" endTime="2025-09-20T12:26:54.4599390+02:00" testType="13cdc9d9-ddb5-4fa4-a97d-d965ccfc6d4b" outcome="Passed" testListId="8c84fa94-04c1-424b-9868-57a2d4851a1d" relativeResultsDirectory="3b3fd798-c12e-4100-a62f-0fc2bcaf2ea1" />
    <UnitTestResult executionId="0d1164e7-712d-4fc2-a624-1006e8ff7c4b" testId="d1f027cb-91cb-a032-394a-24ef43e517de" testName="ManagedCode.Communication.Tests.Commands.CommandTests.FromValue" computerName="konstantins-macbook-pro" duration="00:00:00.0001496" startTime="2025-09-20T12:26:54.4631330+02:00" endTime="2025-09-20T12:26:54.4633200+02:00" testType="13cdc9d9-ddb5-4fa4-a97d-d965ccfc6d4b" outcome="Passed" testListId="8c84fa94-04c1-424b-9868-57a2d4851a1d" relativeResultsDirectory="0d1164e7-712d-4fc2-a624-1006e8ff7c4b" />
    <UnitTestResult executionId="34e38bbc-abbb-4fdb-95d9-c5061c42026e" testId="ca12ea88-ce9f-4919-7c2c-0fd74bad1261" testName="ManagedCode.Communication.Tests.Results.ResultValueExecutionExtensionsTests.From_ValueTaskReturningResult_Exception" computerName="konstantins-macbook-pro" duration="00:00:00.0032627" startTime="2025-09-20T12:26:54.4363550+02:00" endTime="2025-09-20T12:26:54.4367900+02:00" testType="13cdc9d9-ddb5-4fa4-a97d-d965ccfc6d4b" outcome="Passed" testListId="8c84fa94-04c1-424b-9868-57a2d4851a1d" relativeResultsDirectory="34e38bbc-abbb-4fdb-95d9-c5061c42026e" />
    <UnitTestResult executionId="657fb3ad-35d1-4d8d-ba52-c521ddf244d2" testId="3d9f20f0-96d2-34ea-57ab-5c0f35cc018c" testName="ManagedCode.Communication.Tests.CollectionResults.CollectionResultFromMethodsTests.From_FuncTaskEnumerable_ShouldCreateSuccessResult" computerName="konstantins-macbook-pro" duration="00:00:00.0375783" startTime="2025-09-20T12:26:54.4721660+02:00" endTime="2025-09-20T12:26:54.5019000+02:00" testType="13cdc9d9-ddb5-4fa4-a97d-d965ccfc6d4b" outcome="Passed" testListId="8c84fa94-04c1-424b-9868-57a2d4851a1d" relativeResultsDirectory="657fb3ad-35d1-4d8d-ba52-c521ddf244d2" />
    <UnitTestResult executionId="32d84480-f19d-4b01-996c-ee198ea245d0" testId="07a17f18-4a8c-f905-a8cf-2b3d89a0650c" testName="ManagedCode.Communication.Tests.Commands.CommandIdempotencyTests.ServiceCollectionExtensions_AddCommandIdempotency_WithInstance_RegistersInstance" computerName="konstantins-macbook-pro" duration="00:00:00.0155299" startTime="2025-09-20T12:26:54.3816400+02:00" endTime="2025-09-20T12:26:54.4142790+02:00" testType="13cdc9d9-ddb5-4fa4-a97d-d965ccfc6d4b" outcome="Passed" testListId="8c84fa94-04c1-424b-9868-57a2d4851a1d" relativeResultsDirectory="32d84480-f19d-4b01-996c-ee198ea245d0" />
    <UnitTestResult executionId="2ce88f46-84b3-44a8-83ae-1803009c1771" testId="dcd4e476-30fd-aff0-3302-390a2e842b9d" testName="ManagedCode.Communication.Tests.Results.ProblemCreationExtensionsTests.ToException_FromProblem_ShouldCreateProblemException" computerName="konstantins-macbook-pro" duration="00:00:00.0001406" startTime="2025-09-20T12:26:54.4573400+02:00" endTime="2025-09-20T12:26:54.4574400+02:00" testType="13cdc9d9-ddb5-4fa4-a97d-d965ccfc6d4b" outcome="Passed" testListId="8c84fa94-04c1-424b-9868-57a2d4851a1d" relativeResultsDirectory="2ce88f46-84b3-44a8-83ae-1803009c1771" />
    <UnitTestResult executionId="80d73772-1b68-49e6-a3bc-1a9a70066b4f" testId="b080e677-51aa-540a-58e8-a1686bb0bb64" testName="ManagedCode.Communication.Tests.Results.ResultFailMethodsTests.Result_Fail_WithProblem_ShouldCreateFailedResultWithProblem" computerName="konstantins-macbook-pro" duration="00:00:00.0000687" startTime="2025-09-20T12:26:54.4774690+02:00" endTime="2025-09-20T12:26:54.4778450+02:00" testType="13cdc9d9-ddb5-4fa4-a97d-d965ccfc6d4b" outcome="Passed" testListId="8c84fa94-04c1-424b-9868-57a2d4851a1d" relativeResultsDirectory="80d73772-1b68-49e6-a3bc-1a9a70066b4f" />
    <UnitTestResult executionId="a592b2ab-3627-4730-a6c5-cbdec3b5b7d3" testId="23ef8027-2a18-f92f-8f60-3a751b96bde2" testName="ManagedCode.Communication.Tests.Results.ResultTTests.From_WithExceptionThrowingFunc_ShouldCreateFailedResult" computerName="konstantins-macbook-pro" duration="00:00:00.0001683" startTime="2025-09-20T12:26:54.4189550+02:00" endTime="2025-09-20T12:26:54.4191370+02:00" testType="13cdc9d9-ddb5-4fa4-a97d-d965ccfc6d4b" outcome="Passed" testListId="8c84fa94-04c1-424b-9868-57a2d4851a1d" relativeResultsDirectory="a592b2ab-3627-4730-a6c5-cbdec3b5b7d3" />
    <UnitTestResult executionId="3521ffc9-793e-49ca-adf0-11cfdfb9229c" testId="cc50bf60-6b4c-9573-310d-397b2e7909f2" testName="ManagedCode.Communication.Tests.Extensions.AdvancedRailwayExtensionsTests.Combine_WithAllSuccessful_ReturnsAllValues" computerName="konstantins-macbook-pro" duration="00:00:00.0013545" startTime="2025-09-20T12:26:54.4734470+02:00" endTime="2025-09-20T12:26:54.4759170+02:00" testType="13cdc9d9-ddb5-4fa4-a97d-d965ccfc6d4b" outcome="Passed" testListId="8c84fa94-04c1-424b-9868-57a2d4851a1d" relativeResultsDirectory="3521ffc9-793e-49ca-adf0-11cfdfb9229c" />
    <UnitTestResult executionId="37bf6b3c-adea-49b7-9b55-86d324d980c5" testId="b33a03a8-55ac-77be-ca97-0bc786c289fc" testName="ManagedCode.Communication.Tests.Results.CollectionResultTests.Fail_WithProblem_ShouldCreateFailedResult" computerName="konstantins-macbook-pro" duration="00:00:00.0000928" startTime="2025-09-20T12:26:54.4740740+02:00" endTime="2025-09-20T12:26:54.4743500+02:00" testType="13cdc9d9-ddb5-4fa4-a97d-d965ccfc6d4b" outcome="Passed" testListId="8c84fa94-04c1-424b-9868-57a2d4851a1d" relativeResultsDirectory="37bf6b3c-adea-49b7-9b55-86d324d980c5" />
    <UnitTestResult executionId="e8fecf12-aff8-4f34-9d50-6a131f9bda23" testId="acf696fa-e204-77f6-6bda-5cee35a844ca" testName="ManagedCode.Communication.Tests.Results.ResultHelperMethodsTests.ResultT_Fail_WithHttpStatusCode_ShouldCreateFailedResult" computerName="konstantins-macbook-pro" duration="00:00:00.0000975" startTime="2025-09-20T12:26:54.4969550+02:00" endTime="2025-09-20T12:26:54.4970630+02:00" testType="13cdc9d9-ddb5-4fa4-a97d-d965ccfc6d4b" outcome="Passed" testListId="8c84fa94-04c1-424b-9868-57a2d4851a1d" relativeResultsDirectory="e8fecf12-aff8-4f34-9d50-6a131f9bda23" />
    <UnitTestResult executionId="42f22ca4-7d9b-4e8c-927f-277b7f603de3" testId="d8f98bda-9edd-5f69-b3df-8d5cd152c533" testName="ManagedCode.Communication.Tests.Results.ProblemTests.GetValidationErrors_WithValidationProblem_ShouldReturnErrors" computerName="konstantins-macbook-pro" duration="00:00:00.0002246" startTime="2025-09-20T12:26:54.4541380+02:00" endTime="2025-09-20T12:26:54.4544940+02:00" testType="13cdc9d9-ddb5-4fa4-a97d-d965ccfc6d4b" outcome="Passed" testListId="8c84fa94-04c1-424b-9868-57a2d4851a1d" relativeResultsDirectory="42f22ca4-7d9b-4e8c-927f-277b7f603de3" />
    <UnitTestResult executionId="a3985817-1ece-42a8-884a-22cb8f32a274" testId="e96efc22-986d-68b5-5775-340184dbd8fe" testName="ManagedCode.Communication.Tests.Commands.MemoryCacheCommandIdempotencyStoreTests.SetCommandResultAsync_StoresResult" computerName="konstantins-macbook-pro" duration="00:00:00.0002581" startTime="2025-09-20T12:26:54.5309600+02:00" endTime="2025-09-20T12:26:54.5311880+02:00" testType="13cdc9d9-ddb5-4fa4-a97d-d965ccfc6d4b" outcome="Passed" testListId="8c84fa94-04c1-424b-9868-57a2d4851a1d" relativeResultsDirectory="a3985817-1ece-42a8-884a-22cb8f32a274" />
    <UnitTestResult executionId="9756d920-76d1-49bf-a23d-8539b18e0b9a" testId="31bbfad4-620c-0f60-3fd5-d9cbacc26d24" testName="ManagedCode.Communication.Tests.Extensions.AdvancedRailwayExtensionsTests.Check_WithException_ReturnsFailure" computerName="konstantins-macbook-pro" duration="00:00:00.0001493" startTime="2025-09-20T12:26:54.4364440+02:00" endTime="2025-09-20T12:26:54.4364680+02:00" testType="13cdc9d9-ddb5-4fa4-a97d-d965ccfc6d4b" outcome="Passed" testListId="8c84fa94-04c1-424b-9868-57a2d4851a1d" relativeResultsDirectory="9756d920-76d1-49bf-a23d-8539b18e0b9a" />
    <UnitTestResult executionId="a267150c-ef65-402c-babe-1f090c701498" testId="7d8cc7d8-a7af-3857-ec1c-988b6d4cd6cb" testName="ManagedCode.Communication.Tests.CollectionResults.CollectionResultFromMethodsTests.From_TupleTypes_ShouldHandleCorrectly" computerName="konstantins-macbook-pro" duration="00:00:00.0024856" startTime="2025-09-20T12:26:54.7498730+02:00" endTime="2025-09-20T12:26:54.7523060+02:00" testType="13cdc9d9-ddb5-4fa4-a97d-d965ccfc6d4b" outcome="Passed" testListId="8c84fa94-04c1-424b-9868-57a2d4851a1d" relativeResultsDirectory="a267150c-ef65-402c-babe-1f090c701498" />
    <UnitTestResult executionId="b5b496d7-9b40-4afa-b972-0d7cb24be6ff" testId="2c8ccf95-35cf-1a4a-9ea1-4ac6fdceea53" testName="ManagedCode.Communication.Tests.Commands.MemoryCacheCommandIdempotencyStoreTests.GetCommandStatusAsync_NewCommand_ReturnsNotFound" computerName="konstantins-macbook-pro" duration="00:00:00.0002127" startTime="2025-09-20T12:26:54.5307350+02:00" endTime="2025-09-20T12:26:54.5309100+02:00" testType="13cdc9d9-ddb5-4fa4-a97d-d965ccfc6d4b" outcome="Passed" testListId="8c84fa94-04c1-424b-9868-57a2d4851a1d" relativeResultsDirectory="b5b496d7-9b40-4afa-b972-0d7cb24be6ff" />
    <UnitTestResult executionId="8e6cc2de-e994-48ab-ab8a-078159b9847f" testId="39a6af94-85fa-6403-b818-97dddf42687e" testName="ManagedCode.Communication.Tests.ProblemTests.ProblemCreateMethodsTests.Problem_Create_FromExceptionWithData_ShouldIncludeExceptionData" computerName="konstantins-macbook-pro" duration="00:00:00.0001312" startTime="2025-09-20T12:26:54.4585850+02:00" endTime="2025-09-20T12:26:54.4589460+02:00" testType="13cdc9d9-ddb5-4fa4-a97d-d965ccfc6d4b" outcome="Passed" testListId="8c84fa94-04c1-424b-9868-57a2d4851a1d" relativeResultsDirectory="8e6cc2de-e994-48ab-ab8a-078159b9847f" />
    <UnitTestResult executionId="2edf5f28-177a-41d2-bf5c-95229913ca93" testId="1a7b4271-e223-c8c6-e4e2-6edd35950571" testName="ManagedCode.Communication.Tests.Results.ResultTTests.Map_WithSuccessfulResult_ShouldTransformValue" computerName="konstantins-macbook-pro" duration="00:00:00.0002985" startTime="2025-09-20T12:26:54.4159540+02:00" endTime="2025-09-20T12:26:54.4163020+02:00" testType="13cdc9d9-ddb5-4fa4-a97d-d965ccfc6d4b" outcome="Passed" testListId="8c84fa94-04c1-424b-9868-57a2d4851a1d" relativeResultsDirectory="2edf5f28-177a-41d2-bf5c-95229913ca93" />
    <UnitTestResult executionId="9b92529d-cd74-47cc-836c-e9bda1cbdcf4" testId="db72ec5a-0a30-2e0e-8572-ca8eef70615c" testName="ManagedCode.Communication.Tests.ControllerTests.MiddlewareTests.ValidationExceptionSginalR" computerName="konstantins-macbook-pro" duration="00:00:00.0550042" startTime="2025-09-20T12:26:55.4276720+02:00" endTime="2025-09-20T12:26:55.4828180+02:00" testType="13cdc9d9-ddb5-4fa4-a97d-d965ccfc6d4b" outcome="Passed" testListId="8c84fa94-04c1-424b-9868-57a2d4851a1d" relativeResultsDirectory="9b92529d-cd74-47cc-836c-e9bda1cbdcf4" />
    <UnitTestResult executionId="f6f41101-b0eb-41be-b4b9-8b3603974e08" testId="6ad0df60-41b3-e199-2385-7ce9a635c0e2" testName="ManagedCode.Communication.Tests.Results.CollectionResultInvalidMethodsTests.CollectionResult_Invalid_WithEnumAndDictionary_ShouldCreateValidationResultWithErrorCodeAndErrors" computerName="konstantins-macbook-pro" duration="00:00:00.0006331" startTime="2025-09-20T12:26:54.4640800+02:00" endTime="2025-09-20T12:26:54.4641040+02:00" testType="13cdc9d9-ddb5-4fa4-a97d-d965ccfc6d4b" outcome="Passed" testListId="8c84fa94-04c1-424b-9868-57a2d4851a1d" relativeResultsDirectory="f6f41101-b0eb-41be-b4b9-8b3603974e08" />
    <UnitTestResult executionId="aec6d817-5105-420a-a7dc-39ecb3b175da" testId="f990a213-1cf7-9a2d-bb25-79a3d8a56028" testName="ManagedCode.Communication.Tests.Results.ResultOperatorsTests.ResultT_ImplicitOperator_FromException_ShouldCreateFailedResult" computerName="konstantins-macbook-pro" duration="00:00:00.0001937" startTime="2025-09-20T12:26:54.4346980+02:00" endTime="2025-09-20T12:26:54.4347220+02:00" testType="13cdc9d9-ddb5-4fa4-a97d-d965ccfc6d4b" outcome="Passed" testListId="8c84fa94-04c1-424b-9868-57a2d4851a1d" relativeResultsDirectory="aec6d817-5105-420a-a7dc-39ecb3b175da" />
    <UnitTestResult executionId="8f2c15f1-8751-439a-a312-50a9fe52f127" testId="7166e05f-60b9-3728-f3a5-1af83e5aad4c" testName="ManagedCode.Communication.Tests.ResultExtensionsTests.Ensure_WithFailingPredicate_ShouldFail" computerName="konstantins-macbook-pro" duration="00:00:00.0001777" startTime="2025-09-20T12:26:54.4309790+02:00" endTime="2025-09-20T12:26:54.4311810+02:00" testType="13cdc9d9-ddb5-4fa4-a97d-d965ccfc6d4b" outcome="Passed" testListId="8c84fa94-04c1-424b-9868-57a2d4851a1d" relativeResultsDirectory="8f2c15f1-8751-439a-a312-50a9fe52f127" />
    <UnitTestResult executionId="160eddfa-44fe-486a-b2a0-96491abc6042" testId="77cea8c3-be26-09fd-7933-7cd7b881eba7" testName="ManagedCode.Communication.Tests.Results.ResultStaticHelperMethodsTests.Result_StaticHelpers_WithComplexTypes_ShouldWorkCorrectly" computerName="konstantins-macbook-pro" duration="00:00:00.0007992" startTime="2025-09-20T12:26:54.4156270+02:00" endTime="2025-09-20T12:26:54.4166230+02:00" testType="13cdc9d9-ddb5-4fa4-a97d-d965ccfc6d4b" outcome="Passed" testListId="8c84fa94-04c1-424b-9868-57a2d4851a1d" relativeResultsDirectory="160eddfa-44fe-486a-b2a0-96491abc6042" />
    <UnitTestResult executionId="7c52400b-8066-42eb-a8b6-09669789625b" testId="353ee2b3-8223-ee2f-da86-858af32e4ee1" testName="ManagedCode.Communication.Tests.AspNetCore.Extensions.ServiceCollectionExtensionsTests.Communication_Should_Reject_Invalid_Model" computerName="konstantins-macbook-pro" duration="00:00:00.0181236" startTime="2025-09-20T12:26:55.3898620+02:00" endTime="2025-09-20T12:26:55.4076630+02:00" testType="13cdc9d9-ddb5-4fa4-a97d-d965ccfc6d4b" outcome="Passed" testListId="8c84fa94-04c1-424b-9868-57a2d4851a1d" relativeResultsDirectory="7c52400b-8066-42eb-a8b6-09669789625b" />
    <UnitTestResult executionId="79128cf4-f07d-4f44-9c79-b1d3e5add8c3" testId="4ca8e0f8-7886-5585-ed9e-dd4413882552" testName="ManagedCode.Communication.Tests.Extensions.ProblemExtensionsTests.ToFailedResult_FromProblem_ShouldCreateFailedResult" computerName="konstantins-macbook-pro" duration="00:00:00.0001059" startTime="2025-09-20T12:26:54.4435390+02:00" endTime="2025-09-20T12:26:54.4436400+02:00" testType="13cdc9d9-ddb5-4fa4-a97d-d965ccfc6d4b" outcome="Passed" testListId="8c84fa94-04c1-424b-9868-57a2d4851a1d" relativeResultsDirectory="79128cf4-f07d-4f44-9c79-b1d3e5add8c3" />
    <UnitTestResult executionId="cfc36d63-b43d-44b9-91b9-d04963aab04b" testId="86187f3d-b602-5f85-7bbd-67f366b856b9" testName="ManagedCode.Communication.Tests.Results.ResultOperatorsTests.Result_From_WithSuccessfulFunc_ShouldReturnSuccessResult" computerName="konstantins-macbook-pro" duration="00:00:00.0002203" startTime="2025-09-20T12:26:54.4382460+02:00" endTime="2025-09-20T12:26:54.4383500+02:00" testType="13cdc9d9-ddb5-4fa4-a97d-d965ccfc6d4b" outcome="Passed" testListId="8c84fa94-04c1-424b-9868-57a2d4851a1d" relativeResultsDirectory="cfc36d63-b43d-44b9-91b9-d04963aab04b" />
    <UnitTestResult executionId="4fc10239-39e5-4f55-b4b2-b9b74eb4d86f" testId="a979666d-6188-9f7d-4a5c-a7572f2afca6" testName="ManagedCode.Communication.Tests.Results.ResultTFailMethodsTests.ResultT_FailValidation_WithMultipleErrors_ShouldCreateValidationFailedResultWithAllErrors" computerName="konstantins-macbook-pro" duration="00:00:00.0001229" startTime="2025-09-20T12:26:54.4188660+02:00" endTime="2025-09-20T12:26:54.4189790+02:00" testType="13cdc9d9-ddb5-4fa4-a97d-d965ccfc6d4b" outcome="Passed" testListId="8c84fa94-04c1-424b-9868-57a2d4851a1d" relativeResultsDirectory="4fc10239-39e5-4f55-b4b2-b9b74eb4d86f" />
    <UnitTestResult executionId="eb0d9bae-7d9c-4204-ba96-0c1267865a5a" testId="8c079e0a-8bc0-4af0-dcf8-3d60635328e5" testName="ManagedCode.Communication.Tests.Results.ResultTests.Fail_WithMessage_ShouldCreateFailedResult" computerName="konstantins-macbook-pro" duration="00:00:00.0000801" startTime="2025-09-20T12:26:54.4434920+02:00" endTime="2025-09-20T12:26:54.4435630+02:00" testType="13cdc9d9-ddb5-4fa4-a97d-d965ccfc6d4b" outcome="Passed" testListId="8c84fa94-04c1-424b-9868-57a2d4851a1d" relativeResultsDirectory="eb0d9bae-7d9c-4204-ba96-0c1267865a5a" />
    <UnitTestResult executionId="027f8980-66ab-41ed-80af-5126cabfc54c" testId="fce90108-bb07-0d70-0d98-6d4db0f3bc3e" testName="ManagedCode.Communication.Tests.Commands.MemoryCacheCommandIdempotencyStoreTests.TryGetCachedResultAsync_WhenResultDoesNotExist_ReturnsNoResult" computerName="konstantins-macbook-pro" duration="00:00:00.0014818" startTime="2025-09-20T12:26:54.5023340+02:00" endTime="2025-09-20T12:26:54.5031620+02:00" testType="13cdc9d9-ddb5-4fa4-a97d-d965ccfc6d4b" outcome="Passed" testListId="8c84fa94-04c1-424b-9868-57a2d4851a1d" relativeResultsDirectory="027f8980-66ab-41ed-80af-5126cabfc54c" />
    <UnitTestResult executionId="adc2d33c-81fb-4a4a-a2da-852377761f86" testId="b530df44-9215-c330-3e2e-fee288d86fdb" testName="ManagedCode.Communication.Tests.Results.ProblemToExceptionTests.ToException_FromProblemWithoutOriginalType_ShouldReturnProblemException" computerName="konstantins-macbook-pro" duration="00:00:00.0000742" startTime="2025-09-20T12:26:54.4977970+02:00" endTime="2025-09-20T12:26:54.4978180+02:00" testType="13cdc9d9-ddb5-4fa4-a97d-d965ccfc6d4b" outcome="Passed" testListId="8c84fa94-04c1-424b-9868-57a2d4851a1d" relativeResultsDirectory="adc2d33c-81fb-4a4a-a2da-852377761f86" />
    <UnitTestResult executionId="c9a56871-0d4f-4a68-b36f-ef9c0857b630" testId="7f739289-fb83-39f7-cc97-e031b49032de" testName="ManagedCode.Communication.Tests.AspNetCore.Extensions.ControllerExtensionsTests.ToActionResult_WithVariousStatusCodes_ReturnsCorrectStatusCode(statusCode: 404, title: &quot;Not Found&quot;)" computerName="konstantins-macbook-pro" duration="00:00:00.0000072" startTime="2025-09-20T12:26:54.4663830+02:00" endTime="2025-09-20T12:26:54.4664050+02:00" testType="13cdc9d9-ddb5-4fa4-a97d-d965ccfc6d4b" outcome="Passed" testListId="8c84fa94-04c1-424b-9868-57a2d4851a1d" relativeResultsDirectory="c9a56871-0d4f-4a68-b36f-ef9c0857b630" />
    <UnitTestResult executionId="2560f93d-ddda-41c4-8e2b-adc6623f677d" testId="64fe7f30-f5e7-1996-7e8e-17085fa9413f" testName="ManagedCode.Communication.Tests.Results.ResultTFailMethodsTests.ResultT_Fail_WithValue_ShouldCreateFailedResultWithValue" computerName="konstantins-macbook-pro" duration="00:00:00.0066313" startTime="2025-09-20T12:26:54.3816010+02:00" endTime="2025-09-20T12:26:54.3825460+02:00" testType="13cdc9d9-ddb5-4fa4-a97d-d965ccfc6d4b" outcome="Passed" testListId="8c84fa94-04c1-424b-9868-57a2d4851a1d" relativeResultsDirectory="2560f93d-ddda-41c4-8e2b-adc6623f677d" />
    <UnitTestResult executionId="f73ec50c-5174-4e19-ab60-4be19e2eb3fd" testId="c9b50cc0-af5c-379e-bcdc-156c0ff0245a" testName="ManagedCode.Communication.Tests.Results.ProblemCreationExtensionsTests.ToProblem_FromException_ShouldCreateProblemWithDefaultStatusCode" computerName="konstantins-macbook-pro" duration="00:00:00.0000847" startTime="2025-09-20T12:26:54.4589200+02:00" endTime="2025-09-20T12:26:54.4590270+02:00" testType="13cdc9d9-ddb5-4fa4-a97d-d965ccfc6d4b" outcome="Passed" testListId="8c84fa94-04c1-424b-9868-57a2d4851a1d" relativeResultsDirectory="f73ec50c-5174-4e19-ab60-4be19e2eb3fd" />
    <UnitTestResult executionId="e1c4c6db-3ef3-46ed-be6d-b4eeb10f6532" testId="bf056b60-1220-93fe-f132-4710dd020797" testName="ManagedCode.Communication.Tests.Results.ProblemCreationExtensionsTests.ToException_PreservesAllProblemDetails" computerName="konstantins-macbook-pro" duration="00:00:00.0001845" startTime="2025-09-20T12:26:54.4570330+02:00" endTime="2025-09-20T12:26:54.4570560+02:00" testType="13cdc9d9-ddb5-4fa4-a97d-d965ccfc6d4b" outcome="Passed" testListId="8c84fa94-04c1-424b-9868-57a2d4851a1d" relativeResultsDirectory="e1c4c6db-3ef3-46ed-be6d-b4eeb10f6532" />
    <UnitTestResult executionId="f7444b68-2ba0-4920-866c-c07973d5b492" testId="4b36266e-a52e-ddb2-0c89-74a3ad238fe8" testName="ManagedCode.Communication.Tests.Serialization.SerializationTests.Result_Success_ShouldSerializeAndDeserialize" computerName="konstantins-macbook-pro" duration="00:00:00.0000646" startTime="2025-09-20T12:26:54.5110270+02:00" endTime="2025-09-20T12:26:54.5110510+02:00" testType="13cdc9d9-ddb5-4fa4-a97d-d965ccfc6d4b" outcome="Passed" testListId="8c84fa94-04c1-424b-9868-57a2d4851a1d" relativeResultsDirectory="f7444b68-2ba0-4920-866c-c07973d5b492" />
    <UnitTestResult executionId="239fa6cc-05ba-457d-a7e9-2c9092d4125c" testId="f080a087-472a-f802-200b-4ae8e884e5bc" testName="ManagedCode.Communication.Tests.ProblemTests.ProblemCreateMethodsTests.Problem_Create_WithEnumAndVariousStatusCodes_ShouldSetCorrectType(statusCode: 500, enumValue: &quot;InternalServerError&quot;)" computerName="konstantins-macbook-pro" duration="00:00:00.0008150" startTime="2025-09-20T12:26:54.4590040+02:00" endTime="2025-09-20T12:26:54.4598770+02:00" testType="13cdc9d9-ddb5-4fa4-a97d-d965ccfc6d4b" outcome="Passed" testListId="8c84fa94-04c1-424b-9868-57a2d4851a1d" relativeResultsDirectory="239fa6cc-05ba-457d-a7e9-2c9092d4125c" />
    <UnitTestResult executionId="28303f01-97a0-41cc-9f76-c27e523d07fa" testId="ecd658bb-d82c-2e31-7762-ce43abc7546e" testName="ManagedCode.Communication.Tests.Extensions.ProblemExtensionsTests.ToProblemDetails_WithZeroStatusCode_ShouldSetStatusToNull" computerName="konstantins-macbook-pro" duration="00:00:00.0002421" startTime="2025-09-20T12:26:54.4410370+02:00" endTime="2025-09-20T12:26:54.4414850+02:00" testType="13cdc9d9-ddb5-4fa4-a97d-d965ccfc6d4b" outcome="Passed" testListId="8c84fa94-04c1-424b-9868-57a2d4851a1d" relativeResultsDirectory="28303f01-97a0-41cc-9f76-c27e523d07fa" />
    <UnitTestResult executionId="913ffa14-f003-4394-949c-5365ca42c785" testId="3f8cf111-d901-cf6d-6700-aa95356160f6" testName="ManagedCode.Communication.Tests.Results.ProblemTests.HasErrorCode_WithMatchingEnum_ShouldReturnTrue" computerName="konstantins-macbook-pro" duration="00:00:00.0001014" startTime="2025-09-20T12:26:54.4531620+02:00" endTime="2025-09-20T12:26:54.4531850+02:00" testType="13cdc9d9-ddb5-4fa4-a97d-d965ccfc6d4b" outcome="Passed" testListId="8c84fa94-04c1-424b-9868-57a2d4851a1d" relativeResultsDirectory="913ffa14-f003-4394-949c-5365ca42c785" />
    <UnitTestResult executionId="1b2f9cd0-5531-4cff-97ad-075b4e2539ac" testId="cf228890-f5ab-17dc-6ff0-7693334748e8" testName="ManagedCode.Communication.Tests.CollectionResults.CollectionResultFailMethodsTests.FailUnauthorized_WithDetail_ShouldCreateUnauthorizedResultWithCustomDetail" computerName="konstantins-macbook-pro" duration="00:00:00.0005243" startTime="2025-09-20T12:26:54.4474090+02:00" endTime="2025-09-20T12:26:54.4475060+02:00" testType="13cdc9d9-ddb5-4fa4-a97d-d965ccfc6d4b" outcome="Passed" testListId="8c84fa94-04c1-424b-9868-57a2d4851a1d" relativeResultsDirectory="1b2f9cd0-5531-4cff-97ad-075b4e2539ac" />
    <UnitTestResult executionId="982a62ab-f810-4566-90c3-e2d5cf839691" testId="0d9689c8-1e54-3310-2b38-053c537c9f58" testName="ManagedCode.Communication.Tests.Results.ResultExecutionExtensionsTests.From_Task_CompletedTask_ReturnsSuccess" computerName="konstantins-macbook-pro" duration="00:00:00.0002702" startTime="2025-09-20T12:26:54.5098260+02:00" endTime="2025-09-20T12:26:54.5101010+02:00" testType="13cdc9d9-ddb5-4fa4-a97d-d965ccfc6d4b" outcome="Passed" testListId="8c84fa94-04c1-424b-9868-57a2d4851a1d" relativeResultsDirectory="982a62ab-f810-4566-90c3-e2d5cf839691" />
    <UnitTestResult executionId="c7b78229-b4a8-4280-8b8c-23725a7d9cf7" testId="4b8b8707-1465-df20-286b-3f7c61a84edd" testName="ManagedCode.Communication.Tests.Extensions.ProblemExtensionsTests.FromProblemDetails_ShouldConvertProblemDetailsToProblem" computerName="konstantins-macbook-pro" duration="00:00:00.0001721" startTime="2025-09-20T12:26:54.4417730+02:00" endTime="2025-09-20T12:26:54.4418730+02:00" testType="13cdc9d9-ddb5-4fa4-a97d-d965ccfc6d4b" outcome="Passed" testListId="8c84fa94-04c1-424b-9868-57a2d4851a1d" relativeResultsDirectory="c7b78229-b4a8-4280-8b8c-23725a7d9cf7" />
    <UnitTestResult executionId="bd4e3e30-5b90-4440-a480-615c56c76dd0" testId="ce3de199-36d5-8ba5-2e51-6302507f3d29" testName="ManagedCode.Communication.Tests.Results.ResultHelperMethodsTests.Result_From_WithAsyncTask_ShouldReturnSuccess" computerName="konstantins-macbook-pro" duration="00:00:00.0029405" startTime="2025-09-20T12:26:54.5016440+02:00" endTime="2025-09-20T12:26:54.5023550+02:00" testType="13cdc9d9-ddb5-4fa4-a97d-d965ccfc6d4b" outcome="Passed" testListId="8c84fa94-04c1-424b-9868-57a2d4851a1d" relativeResultsDirectory="bd4e3e30-5b90-4440-a480-615c56c76dd0" />
    <UnitTestResult executionId="6f298395-5cfe-49a9-82d0-aea190b49248" testId="02753c94-b31f-c479-f18b-db6bd8bba437" testName="ManagedCode.Communication.Tests.Results.ResultHelperMethodsTests.Result_TryGetProblem_WithSuccess_ShouldReturnFalse" computerName="konstantins-macbook-pro" duration="00:00:00.0000441" startTime="2025-09-20T12:26:54.4738500+02:00" endTime="2025-09-20T12:26:54.4739750+02:00" testType="13cdc9d9-ddb5-4fa4-a97d-d965ccfc6d4b" outcome="Passed" testListId="8c84fa94-04c1-424b-9868-57a2d4851a1d" relativeResultsDirectory="6f298395-5cfe-49a9-82d0-aea190b49248" />
    <UnitTestResult executionId="882d9fea-cc31-4258-ab4f-010bbd15a1ac" testId="61d001b5-5efe-ed15-672d-6cba81d74c34" testName="ManagedCode.Communication.Tests.Results.ProblemCreationExtensionsTests.ToProblem_FromEnum_WithDefaultParameters_ShouldCreateProblem" computerName="konstantins-macbook-pro" duration="00:00:00.0000971" startTime="2025-09-20T12:26:54.4584300+02:00" endTime="2025-09-20T12:26:54.4586070+02:00" testType="13cdc9d9-ddb5-4fa4-a97d-d965ccfc6d4b" outcome="Passed" testListId="8c84fa94-04c1-424b-9868-57a2d4851a1d" relativeResultsDirectory="882d9fea-cc31-4258-ab4f-010bbd15a1ac" />
    <UnitTestResult executionId="3d9e82af-52ae-45d8-ac7e-23ba418b282c" testId="d43ce92d-f0a0-a544-8277-58ae8fab6335" testName="ManagedCode.Communication.Tests.Results.ResultProblemExtensionsTests.ResultT_ToException_WithProblem_ReturnsProblemException" computerName="konstantins-macbook-pro" duration="00:00:00.0001496" startTime="2025-09-20T12:26:54.4450060+02:00" endTime="2025-09-20T12:26:54.4450740+02:00" testType="13cdc9d9-ddb5-4fa4-a97d-d965ccfc6d4b" outcome="Passed" testListId="8c84fa94-04c1-424b-9868-57a2d4851a1d" relativeResultsDirectory="3d9e82af-52ae-45d8-ac7e-23ba418b282c" />
    <UnitTestResult executionId="95f18465-e578-41c0-901f-19f1d5843cca" testId="4d4fb53f-3023-b9b5-ddae-ca5ff94e1e21" testName="ManagedCode.Communication.Tests.ProblemTests.ProblemCreateMethodsTests.Problem_AddValidationError_MultipleFields_ShouldCreateSeparateLists" computerName="konstantins-macbook-pro" duration="00:00:00.0001111" startTime="2025-09-20T12:26:54.4581870+02:00" endTime="2025-09-20T12:26:54.4582960+02:00" testType="13cdc9d9-ddb5-4fa4-a97d-d965ccfc6d4b" outcome="Passed" testListId="8c84fa94-04c1-424b-9868-57a2d4851a1d" relativeResultsDirectory="95f18465-e578-41c0-901f-19f1d5843cca" />
    <UnitTestResult executionId="070a3ab6-a9e8-4658-a991-4afb130bdde5" testId="613d2d59-716c-8fa1-c98d-0c358ba9cdd1" testName="ManagedCode.Communication.Tests.Results.ResultTTests.TryGetProblem_WithSuccessfulResult_ShouldReturnFalse" computerName="konstantins-macbook-pro" duration="00:00:00.0000463" startTime="2025-09-20T12:26:54.4148980+02:00" endTime="2025-09-20T12:26:54.4151540+02:00" testType="13cdc9d9-ddb5-4fa4-a97d-d965ccfc6d4b" outcome="Passed" testListId="8c84fa94-04c1-424b-9868-57a2d4851a1d" relativeResultsDirectory="070a3ab6-a9e8-4658-a991-4afb130bdde5" />
    <UnitTestResult executionId="a7850ad9-db59-41c7-b078-92bfeacb582d" testId="f8292c99-1fa2-ca17-1340-240e96354ffd" testName="ManagedCode.Communication.Tests.CollectionResults.CollectionResultFailMethodsTests.Fail_WithVariousStatusCodes_ShouldSetCorrectStatusCode(statusCode: ServiceUnavailable, expectedCode: 503)" computerName="konstantins-macbook-pro" duration="00:00:00.0000015" startTime="2025-09-20T12:26:54.4467680+02:00" endTime="2025-09-20T12:26:54.4467920+02:00" testType="13cdc9d9-ddb5-4fa4-a97d-d965ccfc6d4b" outcome="Passed" testListId="8c84fa94-04c1-424b-9868-57a2d4851a1d" relativeResultsDirectory="a7850ad9-db59-41c7-b078-92bfeacb582d" />
    <UnitTestResult executionId="3be51dc0-c446-4cee-8954-d1398edaa183" testId="06774c33-6f96-c2da-2540-1bcc829f9f7d" testName="ManagedCode.Communication.Tests.Serialization.ProblemJsonConverterTests.SerializeDeserialize_WithExtensions_PreservesData" computerName="konstantins-macbook-pro" duration="00:00:00.0154521" startTime="2025-09-20T12:26:54.4340430+02:00" endTime="2025-09-20T12:26:54.4410650+02:00" testType="13cdc9d9-ddb5-4fa4-a97d-d965ccfc6d4b" outcome="Passed" testListId="8c84fa94-04c1-424b-9868-57a2d4851a1d" relativeResultsDirectory="3be51dc0-c446-4cee-8954-d1398edaa183" />
    <UnitTestResult executionId="0296bbf6-43d5-48ce-ae7a-3dd2ab39f25e" testId="e3201c67-d417-c3b4-88e0-58c89ff57ebe" testName="ManagedCode.Communication.Tests.Orleans.Serialization.ProblemSerializationTests.Problem_ValidationErrors_ShouldSerializeCorrectly" computerName="konstantins-macbook-pro" duration="00:00:00.0008056" startTime="2025-09-20T12:26:55.1861910+02:00" endTime="2025-09-20T12:26:55.1871750+02:00" testType="13cdc9d9-ddb5-4fa4-a97d-d965ccfc6d4b" outcome="Passed" testListId="8c84fa94-04c1-424b-9868-57a2d4851a1d" relativeResultsDirectory="0296bbf6-43d5-48ce-ae7a-3dd2ab39f25e" />
    <UnitTestResult executionId="21d799de-dcf2-4058-b6bc-8b2de430cd5c" testId="d6db3fca-97bb-20d9-cf3b-d05f44f87938" testName="ManagedCode.Communication.Tests.Results.ResultTFailMethodsTests.ResultT_Fail_WithEnumAndDetail_ShouldCreateFailedResultWithErrorCodeAndDetail" computerName="konstantins-macbook-pro" duration="00:00:00.0002444" startTime="2025-09-20T12:26:54.4172450+02:00" endTime="2025-09-20T12:26:54.4174900+02:00" testType="13cdc9d9-ddb5-4fa4-a97d-d965ccfc6d4b" outcome="Passed" testListId="8c84fa94-04c1-424b-9868-57a2d4851a1d" relativeResultsDirectory="21d799de-dcf2-4058-b6bc-8b2de430cd5c" />
    <UnitTestResult executionId="9f0c4646-381d-47a8-8492-a0286f0b883a" testId="ebdedf64-5984-f3fa-314b-abb5908d2640" testName="ManagedCode.Communication.Tests.Serialization.SerializationTests.Problem_FromException_ShouldSerializeAndDeserialize" computerName="konstantins-macbook-pro" duration="00:00:00.0001487" startTime="2025-09-20T12:26:54.5109430+02:00" endTime="2025-09-20T12:26:54.5109690+02:00" testType="13cdc9d9-ddb5-4fa4-a97d-d965ccfc6d4b" outcome="Passed" testListId="8c84fa94-04c1-424b-9868-57a2d4851a1d" relativeResultsDirectory="9f0c4646-381d-47a8-8492-a0286f0b883a" />
    <UnitTestResult executionId="e560fe33-2d26-46fc-8093-011c2946e974" testId="cb55dff4-d7f6-2f2e-153f-1f8301bc11f9" testName="ManagedCode.Communication.Tests.Extensions.HttpResponseExtensionTests.FromRequestToResult_VariousErrorCodes_ReturnsFailedResult(statusCode: InternalServerError)" computerName="konstantins-macbook-pro" duration="00:00:00.0095095" startTime="2025-09-20T12:26:54.3817130+02:00" endTime="2025-09-20T12:26:54.3930710+02:00" testType="13cdc9d9-ddb5-4fa4-a97d-d965ccfc6d4b" outcome="Passed" testListId="8c84fa94-04c1-424b-9868-57a2d4851a1d" relativeResultsDirectory="e560fe33-2d26-46fc-8093-011c2946e974" />
    <UnitTestResult executionId="4f963c11-0a2a-4ab5-931e-71709c4b8722" testId="a000804d-2a7d-0208-162b-21794ca01fa0" testName="ManagedCode.Communication.Tests.CollectionResults.CollectionResultTaskExtensionsTests.AsValueTask_ReturnsSameCollectionResult" computerName="konstantins-macbook-pro" duration="00:00:00.0012978" startTime="2025-09-20T12:26:54.4477240+02:00" endTime="2025-09-20T12:26:54.4493440+02:00" testType="13cdc9d9-ddb5-4fa4-a97d-d965ccfc6d4b" outcome="Passed" testListId="8c84fa94-04c1-424b-9868-57a2d4851a1d" relativeResultsDirectory="4f963c11-0a2a-4ab5-931e-71709c4b8722" />
    <UnitTestResult executionId="d5dde769-4e8a-4390-8516-6cce63dcd182" testId="31013b84-c240-3047-b7e6-518c431f1e71" testName="ManagedCode.Communication.Tests.Results.ProblemExceptionTests.Constructor_AllDataFieldsShouldUseNameof" computerName="konstantins-macbook-pro" duration="00:00:00.0001441" startTime="2025-09-20T12:26:54.4619530+02:00" endTime="2025-09-20T12:26:54.4620840+02:00" testType="13cdc9d9-ddb5-4fa4-a97d-d965ccfc6d4b" outcome="Passed" testListId="8c84fa94-04c1-424b-9868-57a2d4851a1d" relativeResultsDirectory="d5dde769-4e8a-4390-8516-6cce63dcd182" />
    <UnitTestResult executionId="12e0735f-99b6-4903-a1fc-0433fc419b84" testId="e356bf20-87ba-5d98-8ea7-0ff88d53e065" testName="ManagedCode.Communication.Tests.Commands.CommandIdempotencyTests.ServiceCollectionExtensions_AddCommandIdempotency_RegistersMemoryCacheStore" computerName="konstantins-macbook-pro" duration="00:00:00.0175802" startTime="2025-09-20T12:26:54.4143390+02:00" endTime="2025-09-20T12:26:54.4276670+02:00" testType="13cdc9d9-ddb5-4fa4-a97d-d965ccfc6d4b" outcome="Passed" testListId="8c84fa94-04c1-424b-9868-57a2d4851a1d" relativeResultsDirectory="12e0735f-99b6-4903-a1fc-0433fc419b84" />
    <UnitTestResult executionId="06931d2a-4d28-4908-aa14-2caef339b54c" testId="ef0bb53c-de3f-61a0-57cc-23df101fc50c" testName="ManagedCode.Communication.Tests.Commands.MemoryCacheCommandIdempotencyStoreTests.ExecuteIdempotentAsync_WhenOperationFails_MarksCommandAsFailedAndRethrowsException" computerName="konstantins-macbook-pro" duration="00:00:00.0136272" startTime="2025-09-20T12:26:54.5139350+02:00" endTime="2025-09-20T12:26:54.5274420+02:00" testType="13cdc9d9-ddb5-4fa4-a97d-d965ccfc6d4b" outcome="Passed" testListId="8c84fa94-04c1-424b-9868-57a2d4851a1d" relativeResultsDirectory="06931d2a-4d28-4908-aa14-2caef339b54c" />
    <UnitTestResult executionId="968bcb8e-3d37-4d7b-9ca6-6f3680ed0b20" testId="01b8812e-ccae-4916-6877-6357d55b1d4d" testName="ManagedCode.Communication.Tests.CollectionResults.CollectionResultFromMethodsTests.From_FuncReturningEnumerable_ShouldCreateSuccessResult" computerName="konstantins-macbook-pro" duration="00:00:00.0003062" startTime="2025-09-20T12:26:54.7334290+02:00" endTime="2025-09-20T12:26:54.7353180+02:00" testType="13cdc9d9-ddb5-4fa4-a97d-d965ccfc6d4b" outcome="Passed" testListId="8c84fa94-04c1-424b-9868-57a2d4851a1d" relativeResultsDirectory="968bcb8e-3d37-4d7b-9ca6-6f3680ed0b20" />
    <UnitTestResult executionId="862a460d-e7f1-4fba-8f77-bce9d915f55a" testId="45dc2808-38b8-8162-caa5-6792f81f1b1f" testName="ManagedCode.Communication.Tests.Results.CollectionResultInvalidMethodsTests.CollectionResult_Invalid_WithPagination_ShouldNotHaveData" computerName="konstantins-macbook-pro" duration="00:00:00.0000878" startTime="2025-09-20T12:26:54.4641580+02:00" endTime="2025-09-20T12:26:54.4641810+02:00" testType="13cdc9d9-ddb5-4fa4-a97d-d965ccfc6d4b" outcome="Passed" testListId="8c84fa94-04c1-424b-9868-57a2d4851a1d" relativeResultsDirectory="862a460d-e7f1-4fba-8f77-bce9d915f55a" />
    <UnitTestResult executionId="a4da62fa-d0c5-46a2-9b0d-257afdf788cb" testId="b019aed6-f3db-c6f2-5353-b095630ac4f5" testName="ManagedCode.Communication.Tests.Orleans.Serialization.CommandSerializationTests.CommandT_WithEnumType_ShouldSerializeCorrectly" computerName="konstantins-macbook-pro" duration="00:00:00.0124598" startTime="2025-09-20T12:26:55.1851580+02:00" endTime="2025-09-20T12:26:55.1978270+02:00" testType="13cdc9d9-ddb5-4fa4-a97d-d965ccfc6d4b" outcome="Passed" testListId="8c84fa94-04c1-424b-9868-57a2d4851a1d" relativeResultsDirectory="a4da62fa-d0c5-46a2-9b0d-257afdf788cb" />
    <UnitTestResult executionId="0d20339a-671d-45be-b215-3634aa4ba5a8" testId="6ae26cda-9ea5-f09e-3c41-fb491e5f7a36" testName="ManagedCode.Communication.Tests.Orleans.Serialization.ProblemSerializationTests.Problem_WithAllFields_ShouldSerializeCorrectly" computerName="konstantins-macbook-pro" duration="00:00:00.0024032" startTime="2025-09-20T12:26:55.1836850+02:00" endTime="2025-09-20T12:26:55.1861110+02:00" testType="13cdc9d9-ddb5-4fa4-a97d-d965ccfc6d4b" outcome="Passed" testListId="8c84fa94-04c1-424b-9868-57a2d4851a1d" relativeResultsDirectory="0d20339a-671d-45be-b215-3634aa4ba5a8" />
    <UnitTestResult executionId="9ba69e33-379c-45aa-9a5a-bcc6b106b826" testId="e8ef69a7-69d2-7821-25ae-0ad9e98c19f5" testName="ManagedCode.Communication.Tests.Results.ResultOperatorsTests.CollectionResult_ImplicitOperator_FromProblem_ShouldCreateFailedResult" computerName="konstantins-macbook-pro" duration="00:00:00.0006949" startTime="2025-09-20T12:26:54.4347780+02:00" endTime="2025-09-20T12:26:54.4348020+02:00" testType="13cdc9d9-ddb5-4fa4-a97d-d965ccfc6d4b" outcome="Passed" testListId="8c84fa94-04c1-424b-9868-57a2d4851a1d" relativeResultsDirectory="9ba69e33-379c-45aa-9a5a-bcc6b106b826" />
    <UnitTestResult executionId="42bff24a-e11d-42d6-b51c-1a40ac55752f" testId="9aa28a55-43de-1f3f-a73d-5386fa240b7d" testName="ManagedCode.Communication.Tests.Results.ResultStaticHelperMethodsTests.Result_FailT_WithException_ShouldCreateFailedResultTWithException" computerName="konstantins-macbook-pro" duration="00:00:00.0005196" startTime="2025-09-20T12:26:54.4012230+02:00" endTime="2025-09-20T12:26:54.4025910+02:00" testType="13cdc9d9-ddb5-4fa4-a97d-d965ccfc6d4b" outcome="Passed" testListId="8c84fa94-04c1-424b-9868-57a2d4851a1d" relativeResultsDirectory="42bff24a-e11d-42d6-b51c-1a40ac55752f" />
    <UnitTestResult executionId="6d32b843-b708-4e18-934a-cc25d53bfc2b" testId="99f21baf-cf67-7cbd-a714-a2085e10f456" testName="ManagedCode.Communication.Tests.ResultExtensionsTests.Bind_WithFailedResult_ShouldNotExecuteNext" computerName="konstantins-macbook-pro" duration="00:00:00.0002096" startTime="2025-09-20T12:26:54.4355200+02:00" endTime="2025-09-20T12:26:54.4355430+02:00" testType="13cdc9d9-ddb5-4fa4-a97d-d965ccfc6d4b" outcome="Passed" testListId="8c84fa94-04c1-424b-9868-57a2d4851a1d" relativeResultsDirectory="6d32b843-b708-4e18-934a-cc25d53bfc2b" />
    <UnitTestResult executionId="247dc7e8-5454-4f79-b5b1-118cc5352449" testId="980d4706-ea6d-d2a9-e6c6-8e6ce35d91ac" testName="ManagedCode.Communication.Tests.Results.CollectionResultInvalidMethodsTests.CollectionResult_Invalid_ComparedToFailValidation_ShouldBeEquivalent" computerName="konstantins-macbook-pro" duration="00:00:00.0006882" startTime="2025-09-20T12:26:54.4594330+02:00" endTime="2025-09-20T12:26:54.4604740+02:00" testType="13cdc9d9-ddb5-4fa4-a97d-d965ccfc6d4b" outcome="Passed" testListId="8c84fa94-04c1-424b-9868-57a2d4851a1d" relativeResultsDirectory="247dc7e8-5454-4f79-b5b1-118cc5352449" />
    <UnitTestResult executionId="5b741812-8ed2-4de3-a1cb-eacd05ef4a2a" testId="d331ef3f-7107-54ae-0c84-b5478edee8fe" testName="ManagedCode.Communication.Tests.Extensions.AdvancedRailwayExtensionsTests.CompensateAsync_WithFailure_ExecutesAsyncRecovery" computerName="konstantins-macbook-pro" duration="00:00:00.0049417" startTime="2025-09-20T12:26:54.4398800+02:00" endTime="2025-09-20T12:26:54.4460310+02:00" testType="13cdc9d9-ddb5-4fa4-a97d-d965ccfc6d4b" outcome="Passed" testListId="8c84fa94-04c1-424b-9868-57a2d4851a1d" relativeResultsDirectory="5b741812-8ed2-4de3-a1cb-eacd05ef4a2a" />
    <UnitTestResult executionId="53997b45-1650-4fc0-a4c8-e50d6e175882" testId="77aaea21-e151-49fb-b25c-62821a330697" testName="ManagedCode.Communication.Tests.Orleans.OrleansSerializationTests.ErrorHandling_ValidationErrors_ShouldSerializeCorrectly" computerName="konstantins-macbook-pro" duration="00:00:00.0065833" startTime="2025-09-20T12:26:55.1767590+02:00" endTime="2025-09-20T12:26:55.1834250+02:00" testType="13cdc9d9-ddb5-4fa4-a97d-d965ccfc6d4b" outcome="Passed" testListId="8c84fa94-04c1-424b-9868-57a2d4851a1d" relativeResultsDirectory="53997b45-1650-4fc0-a4c8-e50d6e175882" />
    <UnitTestResult executionId="17f19065-077b-4afd-990f-6429c3a138ab" testId="9c7edae4-dba8-a18a-c5ee-0aa71baa7577" testName="ManagedCode.Communication.Tests.CollectionResults.CollectionResultFromMethodsTests.From_GenericFailedCollectionResultWithProblem_ShouldReturnFailedResult" computerName="konstantins-macbook-pro" duration="00:00:00.0005786" startTime="2025-09-20T12:26:54.4700930+02:00" endTime="2025-09-20T12:26:54.4720900+02:00" testType="13cdc9d9-ddb5-4fa4-a97d-d965ccfc6d4b" outcome="Passed" testListId="8c84fa94-04c1-424b-9868-57a2d4851a1d" relativeResultsDirectory="17f19065-077b-4afd-990f-6429c3a138ab" />
    <UnitTestResult executionId="a6d91e9d-d714-4a28-975e-6e3e14c65ccf" testId="2460b2eb-c7c7-67db-b872-797238ca95cb" testName="ManagedCode.Communication.Tests.Extensions.RailwayExtensionsTests.Else_FailedResultT_ReturnsAlternativeValue" computerName="konstantins-macbook-pro" duration="00:00:00.0006998" startTime="2025-09-20T12:26:54.3998490+02:00" endTime="2025-09-20T12:26:54.4005130+02:00" testType="13cdc9d9-ddb5-4fa4-a97d-d965ccfc6d4b" outcome="Passed" testListId="8c84fa94-04c1-424b-9868-57a2d4851a1d" relativeResultsDirectory="a6d91e9d-d714-4a28-975e-6e3e14c65ccf" />
    <UnitTestResult executionId="da816f97-215b-46e8-82ae-d72bd39abc33" testId="94cb383a-2d02-5e8f-afee-a16f5b980b05" testName="ManagedCode.Communication.Tests.CollectionResults.CollectionResultFailMethodsTests.Fail_WithEnumDetailAndStatus_ShouldCreateFailedResultWithAllSpecified" computerName="konstantins-macbook-pro" duration="00:00:00.0002797" startTime="2025-09-20T12:26:54.4475660+02:00" endTime="2025-09-20T12:26:54.4475880+02:00" testType="13cdc9d9-ddb5-4fa4-a97d-d965ccfc6d4b" outcome="Passed" testListId="8c84fa94-04c1-424b-9868-57a2d4851a1d" relativeResultsDirectory="da816f97-215b-46e8-82ae-d72bd39abc33" />
    <UnitTestResult executionId="2f84ebeb-c782-41ac-89d4-88abbbc1274c" testId="a97143cb-6e59-8768-a70f-00f80b654e8d" testName="ManagedCode.Communication.Tests.Extensions.ResultConversionExtensionsTests.AsResult_WithComplexObject_CreatesSuccessfulResult" computerName="konstantins-macbook-pro" duration="00:00:00.0094185" startTime="2025-09-20T12:26:54.3816770+02:00" endTime="2025-09-20T12:26:54.3974700+02:00" testType="13cdc9d9-ddb5-4fa4-a97d-d965ccfc6d4b" outcome="Passed" testListId="8c84fa94-04c1-424b-9868-57a2d4851a1d" relativeResultsDirectory="2f84ebeb-c782-41ac-89d4-88abbbc1274c" />
    <UnitTestResult executionId="5d56db44-f7e5-42a6-ae79-a29b5c197cd5" testId="0c01bfd0-4d6b-46f6-eaab-f63c83d8702f" testName="ManagedCode.Communication.Tests.Results.ResultFailMethodsTests.Result_Fail_WithException_ShouldCreateFailedResultWithInternalServerError" computerName="konstantins-macbook-pro" duration="00:00:00.0002802" startTime="2025-09-20T12:26:54.4966360+02:00" endTime="2025-09-20T12:26:54.4968080+02:00" testType="13cdc9d9-ddb5-4fa4-a97d-d965ccfc6d4b" outcome="Passed" testListId="8c84fa94-04c1-424b-9868-57a2d4851a1d" relativeResultsDirectory="5d56db44-f7e5-42a6-ae79-a29b5c197cd5" />
    <UnitTestResult executionId="50ef0062-4279-4ae4-8856-fd4d7b4007fa" testId="7b410867-8a35-21b9-5a79-1e606c5e1d67" testName="ManagedCode.Communication.Tests.AspNetCore.Extensions.ServiceCollectionExtensionsTests.Communication_Should_Handle_Exceptions" computerName="konstantins-macbook-pro" duration="00:00:00.0030909" startTime="2025-09-20T12:26:55.4105460+02:00" endTime="2025-09-20T12:26:55.4136850+02:00" testType="13cdc9d9-ddb5-4fa4-a97d-d965ccfc6d4b" outcome="Passed" testListId="8c84fa94-04c1-424b-9868-57a2d4851a1d" relativeResultsDirectory="50ef0062-4279-4ae4-8856-fd4d7b4007fa" />
    <UnitTestResult executionId="fe189512-d14a-4a90-8c36-f742aed7cc7c" testId="c614edd0-76ce-fb26-f649-05d99b0f8e74" testName="ManagedCode.Communication.Tests.Results.ResultProblemExtensionsTests.Result_ToException_WithNoProblem_ReturnsNull" computerName="konstantins-macbook-pro" duration="00:00:00.0000367" startTime="2025-09-20T12:26:54.4461190+02:00" endTime="2025-09-20T12:26:54.4462020+02:00" testType="13cdc9d9-ddb5-4fa4-a97d-d965ccfc6d4b" outcome="Passed" testListId="8c84fa94-04c1-424b-9868-57a2d4851a1d" relativeResultsDirectory="fe189512-d14a-4a90-8c36-f742aed7cc7c" />
    <UnitTestResult executionId="fabc2b9a-5192-4faf-a455-3fd1b725f007" testId="76eed23b-8a55-d326-92d7-3df3c6478d17" testName="ManagedCode.Communication.Tests.Extensions.RailwayExtensionsTests.Else_FailedResult_ReturnsAlternative" computerName="konstantins-macbook-pro" duration="00:00:00.0002083" startTime="2025-09-20T12:26:54.4181220+02:00" endTime="2025-09-20T12:26:54.4182840+02:00" testType="13cdc9d9-ddb5-4fa4-a97d-d965ccfc6d4b" outcome="Passed" testListId="8c84fa94-04c1-424b-9868-57a2d4851a1d" relativeResultsDirectory="fabc2b9a-5192-4faf-a455-3fd1b725f007" />
    <UnitTestResult executionId="242bdb8d-3427-44c7-8417-4168acde3675" testId="4659e2ae-6baf-fd7c-3743-b3031d89bf4f" testName="ManagedCode.Communication.Tests.ProblemTests.ProblemCreateMethodsTests.Problem_Create_WithEnumAndVariousStatusCodes_ShouldSetCorrectType(statusCode: 400, enumValue: &quot;BadRequest&quot;)" computerName="konstantins-macbook-pro" duration="00:00:00.0000069" startTime="2025-09-20T12:26:54.4600550+02:00" endTime="2025-09-20T12:26:54.4600780+02:00" testType="13cdc9d9-ddb5-4fa4-a97d-d965ccfc6d4b" outcome="Passed" testListId="8c84fa94-04c1-424b-9868-57a2d4851a1d" relativeResultsDirectory="242bdb8d-3427-44c7-8417-4168acde3675" />
    <UnitTestResult executionId="8b32c1cb-7358-4b82-95ab-ceb00b4bcfa0" testId="9bb7a7e9-f04f-a8a6-8961-152ae79c986e" testName="ManagedCode.Communication.Tests.Results.ResultHelperMethodsTests.ResultT_Try_WithException_ShouldReturnFailure" computerName="konstantins-macbook-pro" duration="00:00:00.0003417" startTime="2025-09-20T12:26:54.4751820+02:00" endTime="2025-09-20T12:26:54.4753350+02:00" testType="13cdc9d9-ddb5-4fa4-a97d-d965ccfc6d4b" outcome="Passed" testListId="8c84fa94-04c1-424b-9868-57a2d4851a1d" relativeResultsDirectory="8b32c1cb-7358-4b82-95ab-ceb00b4bcfa0" />
    <UnitTestResult executionId="473de309-a83d-41f7-aa49-a3559e063f74" testId="c71b36f4-2b0a-4604-4f61-4b54cfbd9335" testName="ManagedCode.Communication.Tests.Extensions.AdvancedRailwayExtensionsTests.Verify_WithFalseCondition_ReturnsFailureWithContext" computerName="konstantins-macbook-pro" duration="00:00:00.0002634" startTime="2025-09-20T12:26:54.4337540+02:00" endTime="2025-09-20T12:26:54.4337780+02:00" testType="13cdc9d9-ddb5-4fa4-a97d-d965ccfc6d4b" outcome="Passed" testListId="8c84fa94-04c1-424b-9868-57a2d4851a1d" relativeResultsDirectory="473de309-a83d-41f7-aa49-a3559e063f74" />
    <UnitTestResult executionId="256efa73-3590-4e6a-ba0c-cd9b48652e4a" testId="565488d3-a79f-0bc7-7c73-b71ab1303e0e" testName="ManagedCode.Communication.Tests.Results.ResultTTests.Bind_WithSuccessfulResult_ShouldExecuteFunction" computerName="konstantins-macbook-pro" duration="00:00:00.0004003" startTime="2025-09-20T12:26:54.4152150+02:00" endTime="2025-09-20T12:26:54.4158180+02:00" testType="13cdc9d9-ddb5-4fa4-a97d-d965ccfc6d4b" outcome="Passed" testListId="8c84fa94-04c1-424b-9868-57a2d4851a1d" relativeResultsDirectory="256efa73-3590-4e6a-ba0c-cd9b48652e4a" />
    <UnitTestResult executionId="16c7f485-3b24-4b91-bd1c-19505113bddc" testId="670aed6d-afc8-2205-1f3b-fa065414e4d4" testName="ManagedCode.Communication.Tests.CollectionResults.CollectionResultFailMethodsTests.Fail_WithSpecialCharacters_ShouldHandleCorrectly" computerName="konstantins-macbook-pro" duration="00:00:00.0000868" startTime="2025-09-20T12:26:54.4510420+02:00" endTime="2025-09-20T12:26:54.4511680+02:00" testType="13cdc9d9-ddb5-4fa4-a97d-d965ccfc6d4b" outcome="Passed" testListId="8c84fa94-04c1-424b-9868-57a2d4851a1d" relativeResultsDirectory="16c7f485-3b24-4b91-bd1c-19505113bddc" />
    <UnitTestResult executionId="9777fe8d-8cf6-4b3e-86d5-af89e17fb0e6" testId="80b773b9-f50d-d39a-b57c-a8373446bf0a" testName="ManagedCode.Communication.Tests.Extensions.RailwayExtensionsTests.Tap_SuccessfulResult_ExecutesAction" computerName="konstantins-macbook-pro" duration="00:00:00.0001464" startTime="2025-09-20T12:26:54.4221130+02:00" endTime="2025-09-20T12:26:54.4225320+02:00" testType="13cdc9d9-ddb5-4fa4-a97d-d965ccfc6d4b" outcome="Passed" testListId="8c84fa94-04c1-424b-9868-57a2d4851a1d" relativeResultsDirectory="9777fe8d-8cf6-4b3e-86d5-af89e17fb0e6" />
    <UnitTestResult executionId="5301967c-96d7-4e16-bd9f-d9d22cb1eb5f" testId="9f2f9acf-342d-ecbf-b67b-31f17d6aa429" testName="ManagedCode.Communication.Tests.Extensions.HttpResponseExtensionTests.FromRequestToResult_VariousErrorCodes_ReturnsFailedResult(statusCode: BadGateway)" computerName="konstantins-macbook-pro" duration="00:00:00.0001636" startTime="2025-09-20T12:26:54.3975320+02:00" endTime="2025-09-20T12:26:54.3993290+02:00" testType="13cdc9d9-ddb5-4fa4-a97d-d965ccfc6d4b" outcome="Passed" testListId="8c84fa94-04c1-424b-9868-57a2d4851a1d" relativeResultsDirectory="5301967c-96d7-4e16-bd9f-d9d22cb1eb5f" />
    <UnitTestResult executionId="10a9630c-18e2-429d-b0e4-55010ae1cc04" testId="d31f1619-d27f-d07c-9813-9d9c2f563878" testName="ManagedCode.Communication.Tests.Results.ResultTFailMethodsTests.ResultT_Fail_WithTitleDetailAndStatus_ShouldCreateFailedResultWithSpecifiedStatus" computerName="konstantins-macbook-pro" duration="00:00:00.0001198" startTime="2025-09-20T12:26:54.4131410+02:00" endTime="2025-09-20T12:26:54.4131660+02:00" testType="13cdc9d9-ddb5-4fa4-a97d-d965ccfc6d4b" outcome="Passed" testListId="8c84fa94-04c1-424b-9868-57a2d4851a1d" relativeResultsDirectory="10a9630c-18e2-429d-b0e4-55010ae1cc04" />
    <UnitTestResult executionId="e3114357-7bdb-4bf4-ba2f-72fc91d3f4bb" testId="71308719-ce88-4981-95a1-907da9a59986" testName="ManagedCode.Communication.Tests.Results.ResultHelperMethodsTests.ResultT_TryGetProblem_WithSuccess_ShouldReturnFalse" computerName="konstantins-macbook-pro" duration="00:00:00.0000438" startTime="2025-09-20T12:26:54.4976200+02:00" endTime="2025-09-20T12:26:54.4977000+02:00" testType="13cdc9d9-ddb5-4fa4-a97d-d965ccfc6d4b" outcome="Passed" testListId="8c84fa94-04c1-424b-9868-57a2d4851a1d" relativeResultsDirectory="e3114357-7bdb-4bf4-ba2f-72fc91d3f4bb" />
    <UnitTestResult executionId="a033c9cf-13e6-4c2b-bfca-a24501ce2575" testId="6307d0a3-f8ba-d60c-8894-56921f5aa92a" testName="ManagedCode.Communication.Tests.Serialization.SerializationTests.CollectionResult_WithItems_ShouldSerializeAndDeserialize" computerName="konstantins-macbook-pro" duration="00:00:00.0011581" startTime="2025-09-20T12:26:54.5031080+02:00" endTime="2025-09-20T12:26:54.5037070+02:00" testType="13cdc9d9-ddb5-4fa4-a97d-d965ccfc6d4b" outcome="Passed" testListId="8c84fa94-04c1-424b-9868-57a2d4851a1d" relativeResultsDirectory="a033c9cf-13e6-4c2b-bfca-a24501ce2575" />
    <UnitTestResult executionId="ec600bec-6d99-48ab-8956-d4a3c6f3629a" testId="8fb86198-a650-e4a9-cb59-495dfda2d14f" testName="ManagedCode.Communication.Tests.Results.ResultHelperMethodsTests.Result_ThrowIfFail_WithSuccess_ShouldReturnFalse" computerName="konstantins-macbook-pro" duration="00:00:00.0000298" startTime="2025-09-20T12:26:54.4985300+02:00" endTime="2025-09-20T12:26:54.4985510+02:00" testType="13cdc9d9-ddb5-4fa4-a97d-d965ccfc6d4b" outcome="Passed" testListId="8c84fa94-04c1-424b-9868-57a2d4851a1d" relativeResultsDirectory="ec600bec-6d99-48ab-8956-d4a3c6f3629a" />
    <UnitTestResult executionId="439ce53d-c688-4f3e-afc4-2f198c34831b" testId="c9d9ed72-c67b-02b9-941b-eca4dbf8c071" testName="ManagedCode.Communication.Tests.Results.ResultOperatorsTests.CollectionResult_ImplicitOperator_ToBool_ShouldReturnIsSuccess" computerName="konstantins-macbook-pro" duration="00:00:00.0003418" startTime="2025-09-20T12:26:54.4389730+02:00" endTime="2025-09-20T12:26:54.4389960+02:00" testType="13cdc9d9-ddb5-4fa4-a97d-d965ccfc6d4b" outcome="Passed" testListId="8c84fa94-04c1-424b-9868-57a2d4851a1d" relativeResultsDirectory="439ce53d-c688-4f3e-afc4-2f198c34831b" />
    <UnitTestResult executionId="ad24af4d-edbf-41b1-87ed-5c7ebb9b4ded" testId="42cee166-5de1-f2df-20aa-bc60763e8f79" testName="ManagedCode.Communication.Tests.AspNetCore.Helpers.HttpStatusCodeHelperTests.GetStatusCodeForException_AspNetSpecificExceptions_ReturnsCorrectStatusCode(exceptionType: typeof(Microsoft.AspNetCore.Antiforgery.AntiforgeryValidationException), expectedStatusCode: BadRequest)" computerName="konstantins-macbook-pro" duration="00:00:00.0000079" startTime="2025-09-20T12:26:54.4653490+02:00" endTime="2025-09-20T12:26:54.4653710+02:00" testType="13cdc9d9-ddb5-4fa4-a97d-d965ccfc6d4b" outcome="Passed" testListId="8c84fa94-04c1-424b-9868-57a2d4851a1d" relativeResultsDirectory="ad24af4d-edbf-41b1-87ed-5c7ebb9b4ded" />
    <UnitTestResult executionId="dee8840d-5caa-4b56-9d39-35f2e9738c28" testId="f6e5cff2-2693-3b1e-77a2-42903b6a4613" testName="ManagedCode.Communication.Tests.CollectionResults.CollectionResultFailMethodsTests.Fail_WithExceptionAndStatus_ShouldCreateFailedResultWithSpecifiedStatus" computerName="konstantins-macbook-pro" duration="00:00:00.0001430" startTime="2025-09-20T12:26:54.4500810+02:00" endTime="2025-09-20T12:26:54.4502050+02:00" testType="13cdc9d9-ddb5-4fa4-a97d-d965ccfc6d4b" outcome="Passed" testListId="8c84fa94-04c1-424b-9868-57a2d4851a1d" relativeResultsDirectory="dee8840d-5caa-4b56-9d39-35f2e9738c28" />
    <UnitTestResult executionId="f3c2716e-aa2d-45bf-bb35-642a7d40242f" testId="255d2cd2-876c-f129-6fcb-5b011d6dabca" testName="ManagedCode.Communication.Tests.Results.ResultValueExecutionExtensionsTests.ToResult_FromFailedGenericResult_PreservesProblem" computerName="konstantins-macbook-pro" duration="00:00:00.0003742" startTime="2025-09-20T12:26:54.4283390+02:00" endTime="2025-09-20T12:26:54.4296260+02:00" testType="13cdc9d9-ddb5-4fa4-a97d-d965ccfc6d4b" outcome="Passed" testListId="8c84fa94-04c1-424b-9868-57a2d4851a1d" relativeResultsDirectory="f3c2716e-aa2d-45bf-bb35-642a7d40242f" />
    <UnitTestResult executionId="c06c47f2-c572-4a42-977b-763ab48f907c" testId="938eee19-3b95-01e5-4d4c-94246f1dd808" testName="ManagedCode.Communication.Tests.Extensions.ServiceCollectionExtensionsTests.LoggerCenter_SourceGenerators_Work" computerName="konstantins-macbook-pro" duration="00:00:00.0153407" startTime="2025-09-20T12:26:54.4569640+02:00" endTime="2025-09-20T12:26:54.4682970+02:00" testType="13cdc9d9-ddb5-4fa4-a97d-d965ccfc6d4b" outcome="Passed" testListId="8c84fa94-04c1-424b-9868-57a2d4851a1d" relativeResultsDirectory="c06c47f2-c572-4a42-977b-763ab48f907c" />
    <UnitTestResult executionId="6ea60cb3-30e0-4ecb-b895-bf25f4692f79" testId="be1da5de-e0fe-47f3-2a89-4f7466ca0a66" testName="ManagedCode.Communication.Tests.CollectionResults.CollectionResultFailMethodsTests.Fail_WithProblem_ShouldCreateFailedResultWithProblem" computerName="konstantins-macbook-pro" duration="00:00:00.0000850" startTime="2025-09-20T12:26:54.4502950+02:00" endTime="2025-09-20T12:26:54.4503410+02:00" testType="13cdc9d9-ddb5-4fa4-a97d-d965ccfc6d4b" outcome="Passed" testListId="8c84fa94-04c1-424b-9868-57a2d4851a1d" relativeResultsDirectory="6ea60cb3-30e0-4ecb-b895-bf25f4692f79" />
    <UnitTestResult executionId="29656e17-433a-4872-94a5-6faa45869a22" testId="a616e2cd-e8f4-089c-9b8f-28529ea24abe" testName="ManagedCode.Communication.Tests.Results.ResultInvalidMethodsTests.Result_Invalid_WithEnumAndMessage_ShouldCreateValidationResultWithBoth" computerName="konstantins-macbook-pro" duration="00:00:00.0002852" startTime="2025-09-20T12:26:54.4205880+02:00" endTime="2025-09-20T12:26:54.4206110+02:00" testType="13cdc9d9-ddb5-4fa4-a97d-d965ccfc6d4b" outcome="Passed" testListId="8c84fa94-04c1-424b-9868-57a2d4851a1d" relativeResultsDirectory="29656e17-433a-4872-94a5-6faa45869a22" />
    <UnitTestResult executionId="8d9c10a6-51e6-41cc-bd1f-904917613f15" testId="8d46a340-0ed0-b99b-ffa5-9396c082f226" testName="ManagedCode.Communication.Tests.Results.CollectionResultTests.Succeed_WithEnumerableOnly_ShouldCalculatePagingInfo" computerName="konstantins-macbook-pro" duration="00:00:00.0000860" startTime="2025-09-20T12:26:54.4768170+02:00" endTime="2025-09-20T12:26:54.4768460+02:00" testType="13cdc9d9-ddb5-4fa4-a97d-d965ccfc6d4b" outcome="Passed" testListId="8c84fa94-04c1-424b-9868-57a2d4851a1d" relativeResultsDirectory="8d9c10a6-51e6-41cc-bd1f-904917613f15" />
    <UnitTestResult executionId="2e7269cc-baf9-414a-bac3-bda7476971e2" testId="912f6c7e-3dd3-46db-c9bf-50f8bac8d60b" testName="ManagedCode.Communication.Tests.Results.ProblemExceptionTests.ValidationErrors_WithNonValidationProblem_ShouldReturnNull" computerName="konstantins-macbook-pro" duration="00:00:00.0000348" startTime="2025-09-20T12:26:54.4610280+02:00" endTime="2025-09-20T12:26:54.4610530+02:00" testType="13cdc9d9-ddb5-4fa4-a97d-d965ccfc6d4b" outcome="Passed" testListId="8c84fa94-04c1-424b-9868-57a2d4851a1d" relativeResultsDirectory="2e7269cc-baf9-414a-bac3-bda7476971e2" />
    <UnitTestResult executionId="788f0c70-bc5a-4d09-ab9e-dcca2527fa98" testId="c4d29875-feb5-a7dc-a76f-80d1469f6e29" testName="ManagedCode.Communication.Tests.Results.ResultTFailMethodsTests.ResultT_FailUnauthorized_NoParameters_ShouldCreateUnauthorizedResult" computerName="konstantins-macbook-pro" duration="00:00:00.0002850" startTime="2025-09-20T12:26:54.4024310+02:00" endTime="2025-09-20T12:26:54.4025440+02:00" testType="13cdc9d9-ddb5-4fa4-a97d-d965ccfc6d4b" outcome="Passed" testListId="8c84fa94-04c1-424b-9868-57a2d4851a1d" relativeResultsDirectory="788f0c70-bc5a-4d09-ab9e-dcca2527fa98" />
    <UnitTestResult executionId="f2d8ed9f-ae90-41f5-a512-22447e839dc4" testId="ce37d29c-9229-7c0c-b4e5-a6fef8dbd478" testName="ManagedCode.Communication.Tests.CollectionResults.CollectionResultFromMethodsTests.From_FuncReturningEmptyArray_ShouldCreateEmptySuccessResult" computerName="konstantins-macbook-pro" duration="00:00:00.0005119" startTime="2025-09-20T12:26:54.5021780+02:00" endTime="2025-09-20T12:26:54.5022000+02:00" testType="13cdc9d9-ddb5-4fa4-a97d-d965ccfc6d4b" outcome="Passed" testListId="8c84fa94-04c1-424b-9868-57a2d4851a1d" relativeResultsDirectory="f2d8ed9f-ae90-41f5-a512-22447e839dc4" />
    <UnitTestResult executionId="8bfbd8f1-97b0-4158-bd73-20f96cd0d844" testId="113ecb12-1851-7d32-03e7-16f3ffbfb55a" testName="ManagedCode.Communication.Tests.Results.ResultTFailMethodsTests.ResultT_Fail_WithVariousStatusCodes_ShouldSetCorrectStatusCode(statusCode: Forbidden, expectedCode: 403)" computerName="konstantins-macbook-pro" duration="00:00:00.0000081" startTime="2025-09-20T12:26:54.4040360+02:00" endTime="2025-09-20T12:26:54.4040610+02:00" testType="13cdc9d9-ddb5-4fa4-a97d-d965ccfc6d4b" outcome="Passed" testListId="8c84fa94-04c1-424b-9868-57a2d4851a1d" relativeResultsDirectory="8bfbd8f1-97b0-4158-bd73-20f96cd0d844" />
    <UnitTestResult executionId="57168d2e-c287-49b7-a103-27ddf3a66ae0" testId="0376fa9b-7287-a731-419b-9fc297e855af" testName="ManagedCode.Communication.Tests.Orleans.Serialization.ResultSerializationTests.ResultT_WithDifferentProblemTypes_ShouldSerializeCorrectly" computerName="konstantins-macbook-pro" duration="00:00:00.0133489" startTime="2025-09-20T12:26:55.1873090+02:00" endTime="2025-09-20T12:26:55.2008020+02:00" testType="13cdc9d9-ddb5-4fa4-a97d-d965ccfc6d4b" outcome="Passed" testListId="8c84fa94-04c1-424b-9868-57a2d4851a1d" relativeResultsDirectory="57168d2e-c287-49b7-a103-27ddf3a66ae0" />
    <UnitTestResult executionId="a4a47095-75a0-4586-bcfb-56652f6bae48" testId="5bc0f3f5-2ef6-71a7-b380-e960810bb877" testName="ManagedCode.Communication.Tests.Extensions.RailwayExtensionsTests.MapAsync_SuccessfulResult_TransformsValue" computerName="konstantins-macbook-pro" duration="00:00:00.0022347" startTime="2025-09-20T12:26:54.4229520+02:00" endTime="2025-09-20T12:26:54.4246860+02:00" testType="13cdc9d9-ddb5-4fa4-a97d-d965ccfc6d4b" outcome="Passed" testListId="8c84fa94-04c1-424b-9868-57a2d4851a1d" relativeResultsDirectory="a4a47095-75a0-4586-bcfb-56652f6bae48" />
    <UnitTestResult executionId="08b02ca3-9594-4938-98df-1c07dd8ff329" testId="52834aef-4100-31c8-7821-69756a7a275b" testName="ManagedCode.Communication.Tests.Results.ResultInvalidMethodsTests.Invalid_DifferentEnumTypes_ShouldWorkWithAnyEnum" computerName="konstantins-macbook-pro" duration="00:00:00.0001357" startTime="2025-09-20T12:26:54.4270660+02:00" endTime="2025-09-20T12:26:54.4271320+02:00" testType="13cdc9d9-ddb5-4fa4-a97d-d965ccfc6d4b" outcome="Passed" testListId="8c84fa94-04c1-424b-9868-57a2d4851a1d" relativeResultsDirectory="08b02ca3-9594-4938-98df-1c07dd8ff329" />
    <UnitTestResult executionId="21a85dc6-c922-43b7-b762-68e7e9216b07" testId="f3b583ac-90ff-1f56-69dc-aadf0d375497" testName="ManagedCode.Communication.Tests.Results.ResultHelperMethodsTests.Result_Try_WithCustomStatusCode_ShouldUseProvidedCode" computerName="konstantins-macbook-pro" duration="00:00:00.0000979" startTime="2025-09-20T12:26:54.5000750+02:00" endTime="2025-09-20T12:26:54.5000950+02:00" testType="13cdc9d9-ddb5-4fa4-a97d-d965ccfc6d4b" outcome="Passed" testListId="8c84fa94-04c1-424b-9868-57a2d4851a1d" relativeResultsDirectory="21a85dc6-c922-43b7-b762-68e7e9216b07" />
    <UnitTestResult executionId="1265e6d0-6a3f-4d6a-bc73-5f5637077e9c" testId="03803b69-013e-45b2-64bc-f738fc9a09c2" testName="ManagedCode.Communication.Tests.AspNetCore.Extensions.ControllerExtensionsTests.ToActionResult_WithSuccessResult_ReturnsOkObjectResult" computerName="konstantins-macbook-pro" duration="00:00:00.0000781" startTime="2025-09-20T12:26:54.4678790+02:00" endTime="2025-09-20T12:26:54.4679580+02:00" testType="13cdc9d9-ddb5-4fa4-a97d-d965ccfc6d4b" outcome="Passed" testListId="8c84fa94-04c1-424b-9868-57a2d4851a1d" relativeResultsDirectory="1265e6d0-6a3f-4d6a-bc73-5f5637077e9c" />
    <UnitTestResult executionId="2a6cca8f-0fc5-4d6c-9b5b-d00e9afd5267" testId="c500524b-7f50-6acc-4109-a9567b61a4b1" testName="ManagedCode.Communication.Tests.Results.ProblemTests.GetValidationErrors_WithNonValidationProblem_ShouldReturnNull" computerName="konstantins-macbook-pro" duration="00:00:00.0003344" startTime="2025-09-20T12:26:54.4572490+02:00" endTime="2025-09-20T12:26:54.4575500+02:00" testType="13cdc9d9-ddb5-4fa4-a97d-d965ccfc6d4b" outcome="Passed" testListId="8c84fa94-04c1-424b-9868-57a2d4851a1d" relativeResultsDirectory="2a6cca8f-0fc5-4d6c-9b5b-d00e9afd5267" />
    <UnitTestResult executionId="999cd692-0e73-4310-ab42-e0a38d934ce3" testId="5b102866-ff04-b892-509a-5334bf755397" testName="ManagedCode.Communication.Tests.AspNetCore.Extensions.ControllerExtensionsTests.ToActionResult_WithVariousStatusCodes_ReturnsCorrectStatusCode(statusCode: 400, title: &quot;Bad Request&quot;)" computerName="konstantins-macbook-pro" duration="00:00:00.0000044" startTime="2025-09-20T12:26:54.4667250+02:00" endTime="2025-09-20T12:26:54.4667510+02:00" testType="13cdc9d9-ddb5-4fa4-a97d-d965ccfc6d4b" outcome="Passed" testListId="8c84fa94-04c1-424b-9868-57a2d4851a1d" relativeResultsDirectory="999cd692-0e73-4310-ab42-e0a38d934ce3" />
    <UnitTestResult executionId="019a9104-7f50-4446-a722-535634340582" testId="979074bb-302c-a27f-b1eb-cf7bada43daa" testName="ManagedCode.Communication.Tests.AspNetCore.Helpers.HttpStatusCodeHelperTests.GetStatusCodeForException_NullException_FallsBackToBaseHelper" computerName="konstantins-macbook-pro" duration="00:00:00.0002873" startTime="2025-09-20T12:26:54.4658430+02:00" endTime="2025-09-20T12:26:54.4658680+02:00" testType="13cdc9d9-ddb5-4fa4-a97d-d965ccfc6d4b" outcome="Passed" testListId="8c84fa94-04c1-424b-9868-57a2d4851a1d" relativeResultsDirectory="019a9104-7f50-4446-a722-535634340582" />
    <UnitTestResult executionId="25c1af65-30f7-4fcd-91fe-49f14184e5ac" testId="3bcb1cdf-7832-8f7e-bea2-80e63571b788" testName="ManagedCode.Communication.Tests.AspNetCore.Extensions.ControllerExtensionsTests.ToHttpResult_NonGenericWithNoProblem_ReturnsDefaultError" computerName="konstantins-macbook-pro" duration="00:00:00.0018408" startTime="2025-09-20T12:26:54.4650860+02:00" endTime="2025-09-20T12:26:54.4660440+02:00" testType="13cdc9d9-ddb5-4fa4-a97d-d965ccfc6d4b" outcome="Passed" testListId="8c84fa94-04c1-424b-9868-57a2d4851a1d" relativeResultsDirectory="25c1af65-30f7-4fcd-91fe-49f14184e5ac" />
    <UnitTestResult executionId="cc7b6087-7be3-47d1-8023-c1c1b99bf7df" testId="4a081906-f0c0-7f45-b4ec-9402f752201c" testName="ManagedCode.Communication.Tests.Serialization.ProblemJsonConverterTests.SerializeDeserialize_RoundTrip_PreservesBasicProperties" computerName="konstantins-macbook-pro" duration="00:00:00.0017827" startTime="2025-09-20T12:26:54.4541890+02:00" endTime="2025-09-20T12:26:54.4564360+02:00" testType="13cdc9d9-ddb5-4fa4-a97d-d965ccfc6d4b" outcome="Passed" testListId="8c84fa94-04c1-424b-9868-57a2d4851a1d" relativeResultsDirectory="cc7b6087-7be3-47d1-8023-c1c1b99bf7df" />
    <UnitTestResult executionId="9a12c06c-cef8-458a-b4b4-c4655c3ecb59" testId="a5d3088b-70e8-8d65-c2ea-01e93fca7cdd" testName="ManagedCode.Communication.Tests.Extensions.AdvancedRailwayExtensionsTests.Then_WithSuccessfulResult_ExecutesNext" computerName="konstantins-macbook-pro" duration="00:00:00.0005575" startTime="2025-09-20T12:26:54.4488060+02:00" endTime="2025-09-20T12:26:54.4496230+02:00" testType="13cdc9d9-ddb5-4fa4-a97d-d965ccfc6d4b" outcome="Passed" testListId="8c84fa94-04c1-424b-9868-57a2d4851a1d" relativeResultsDirectory="9a12c06c-cef8-458a-b4b4-c4655c3ecb59" />
    <UnitTestResult executionId="3fbf4df0-f9ad-4ae1-aa17-96ab069fd009" testId="3fee61e5-7e3b-84b7-2cfd-6b24b1b5dcda" testName="ManagedCode.Communication.Tests.Results.ProblemCreationExtensionsTests.ToProblem_FromException_WithHttpStatusCode_ShouldUseProvidedStatusCode" computerName="konstantins-macbook-pro" duration="00:00:00.0001384" startTime="2025-09-20T12:26:54.4571100+02:00" endTime="2025-09-20T12:26:54.4572870+02:00" testType="13cdc9d9-ddb5-4fa4-a97d-d965ccfc6d4b" outcome="Passed" testListId="8c84fa94-04c1-424b-9868-57a2d4851a1d" relativeResultsDirectory="3fbf4df0-f9ad-4ae1-aa17-96ab069fd009" />
    <UnitTestResult executionId="355713f6-8948-43b3-b6f1-987f1e59fc7e" testId="add0ad5f-199f-f6df-7026-48c8dac56905" testName="ManagedCode.Communication.Tests.Commands.CommandIdempotencyTests.ServiceCollectionExtensions_AddCommandIdempotency_WithCustomType_RegistersCustomStore" computerName="konstantins-macbook-pro" duration="00:00:00.0001945" startTime="2025-09-20T12:26:54.4278270+02:00" endTime="2025-09-20T12:26:54.4278910+02:00" testType="13cdc9d9-ddb5-4fa4-a97d-d965ccfc6d4b" outcome="Passed" testListId="8c84fa94-04c1-424b-9868-57a2d4851a1d" relativeResultsDirectory="355713f6-8948-43b3-b6f1-987f1e59fc7e" />
    <UnitTestResult executionId="7a15bafb-8f9f-45a0-9022-20bdab30e4f2" testId="a7a7bc99-5c81-4aae-8f5d-ed7089b3d4a6" testName="ManagedCode.Communication.Tests.Results.ProblemExceptionTests.Message_WithErrorCode_ShouldIncludeErrorCodeInBrackets" computerName="konstantins-macbook-pro" duration="00:00:00.0001121" startTime="2025-09-20T12:26:54.4614930+02:00" endTime="2025-09-20T12:26:54.4615160+02:00" testType="13cdc9d9-ddb5-4fa4-a97d-d965ccfc6d4b" outcome="Passed" testListId="8c84fa94-04c1-424b-9868-57a2d4851a1d" relativeResultsDirectory="7a15bafb-8f9f-45a0-9022-20bdab30e4f2" />
    <UnitTestResult executionId="1595e755-792d-4010-a563-371aa7e4d4ec" testId="c22fbcae-e56f-74cd-4c5d-3486d7aca0e3" testName="ManagedCode.Communication.Tests.ResultExtensionsTests.MatchAction_ShouldExecuteCorrectBranch" computerName="konstantins-macbook-pro" duration="00:00:00.0004677" startTime="2025-09-20T12:26:54.4353690+02:00" endTime="2025-09-20T12:26:54.4353900+02:00" testType="13cdc9d9-ddb5-4fa4-a97d-d965ccfc6d4b" outcome="Passed" testListId="8c84fa94-04c1-424b-9868-57a2d4851a1d" relativeResultsDirectory="1595e755-792d-4010-a563-371aa7e4d4ec" />
    <UnitTestResult executionId="4db49979-c65f-45fd-b06b-448de764059a" testId="3dba1090-3d39-a7e5-2887-f4afca57ae4d" testName="ManagedCode.Communication.Tests.Commands.MemoryCacheCommandIdempotencyStoreTests.TrySetCommandStatusAsync_WhenExpectedMatches_SetsStatusAndReturnsTrue" computerName="konstantins-macbook-pro" duration="00:00:00.0007788" startTime="2025-09-20T12:26:54.5283390+02:00" endTime="2025-09-20T12:26:54.5287600+02:00" testType="13cdc9d9-ddb5-4fa4-a97d-d965ccfc6d4b" outcome="Passed" testListId="8c84fa94-04c1-424b-9868-57a2d4851a1d" relativeResultsDirectory="4db49979-c65f-45fd-b06b-448de764059a" />
    <UnitTestResult executionId="13fb690b-d869-4d7d-b631-38c036cfe589" testId="f78bdf4b-5aed-2880-5937-4759bd7976c9" testName="ManagedCode.Communication.Tests.Results.ResultInvalidMethodsTests.Result_Invalid_WithKeyValue_ShouldCreateValidationResultWithCustomField" computerName="konstantins-macbook-pro" duration="00:00:00.0075034" startTime="2025-09-20T12:26:54.3816510+02:00" endTime="2025-09-20T12:26:54.3918420+02:00" testType="13cdc9d9-ddb5-4fa4-a97d-d965ccfc6d4b" outcome="Passed" testListId="8c84fa94-04c1-424b-9868-57a2d4851a1d" relativeResultsDirectory="13fb690b-d869-4d7d-b631-38c036cfe589" />
    <UnitTestResult executionId="f0f65e0f-1ff9-4c9a-845c-a18d2bbdcdfb" testId="2aa15638-d059-56c3-1ae6-4f20daa0efd6" testName="ManagedCode.Communication.Tests.Serialization.ProblemJsonConverterTests.Deserialize_BasicProblem_RestoresCorrectObject" computerName="konstantins-macbook-pro" duration="00:00:00.0000891" startTime="2025-09-20T12:26:54.4564900+02:00" endTime="2025-09-20T12:26:54.4565140+02:00" testType="13cdc9d9-ddb5-4fa4-a97d-d965ccfc6d4b" outcome="Passed" testListId="8c84fa94-04c1-424b-9868-57a2d4851a1d" relativeResultsDirectory="f0f65e0f-1ff9-4c9a-845c-a18d2bbdcdfb" />
    <UnitTestResult executionId="ffbf3f70-2c11-43f4-93b5-d2326c722e15" testId="4d38db8c-d739-e015-e09d-cd6fc5dff5ab" testName="ManagedCode.Communication.Tests.CollectionResults.CollectionResultFailMethodsTests.Fail_WithEmptyEnumerable_ShouldCreateFailedResultWithEmptyCollection" computerName="konstantins-macbook-pro" duration="00:00:00.0003806" startTime="2025-09-20T12:26:54.4515070+02:00" endTime="2025-09-20T12:26:54.4519990+02:00" testType="13cdc9d9-ddb5-4fa4-a97d-d965ccfc6d4b" outcome="Passed" testListId="8c84fa94-04c1-424b-9868-57a2d4851a1d" relativeResultsDirectory="ffbf3f70-2c11-43f4-93b5-d2326c722e15" />
    <UnitTestResult executionId="f95ba4a1-c6a9-4fd2-9411-b8b9c88eff82" testId="d630ef1a-2910-8a07-c058-c24f7291ec13" testName="ManagedCode.Communication.Tests.Results.ResultInvalidMethodsTests.ResultT_Invalid_WithDictionary_ShouldCreateValidationResultWithMultipleFields" computerName="konstantins-macbook-pro" duration="00:00:00.0028670" startTime="2025-09-20T12:26:54.4021210+02:00" endTime="2025-09-20T12:26:54.4111020+02:00" testType="13cdc9d9-ddb5-4fa4-a97d-d965ccfc6d4b" outcome="Passed" testListId="8c84fa94-04c1-424b-9868-57a2d4851a1d" relativeResultsDirectory="f95ba4a1-c6a9-4fd2-9411-b8b9c88eff82" />
    <UnitTestResult executionId="7a258c5f-4bf1-401b-a83d-3c26fd0c7c72" testId="7618dd2b-5be7-dea8-df8a-a052ad263dcb" testName="ManagedCode.Communication.Tests.AspNetCore.Extensions.ControllerExtensionsTests.ToHttpResult_WithFailedResult_ReturnsProblemResult" computerName="konstantins-macbook-pro" duration="00:00:00.0002008" startTime="2025-09-20T12:26:54.4669520+02:00" endTime="2025-09-20T12:26:54.4669740+02:00" testType="13cdc9d9-ddb5-4fa4-a97d-d965ccfc6d4b" outcome="Passed" testListId="8c84fa94-04c1-424b-9868-57a2d4851a1d" relativeResultsDirectory="7a258c5f-4bf1-401b-a83d-3c26fd0c7c72" />
    <UnitTestResult executionId="534b025a-c81a-40a1-854a-e9ae91d0eebe" testId="bfa6a2fe-1dd5-18fe-deaf-f94c809d7864" testName="ManagedCode.Communication.Tests.Results.ProblemTests.FromException_ShouldCreateProblemFromException" computerName="konstantins-macbook-pro" duration="00:00:00.0000933" startTime="2025-09-20T12:26:54.4524490+02:00" endTime="2025-09-20T12:26:54.4524720+02:00" testType="13cdc9d9-ddb5-4fa4-a97d-d965ccfc6d4b" outcome="Passed" testListId="8c84fa94-04c1-424b-9868-57a2d4851a1d" relativeResultsDirectory="534b025a-c81a-40a1-854a-e9ae91d0eebe" />
    <UnitTestResult executionId="673d9dda-dcaa-4586-8bfe-11ba82b09be4" testId="eb6df723-a29f-9a70-5f7b-4a692189e22f" testName="ManagedCode.Communication.Tests.Results.ResultTFailMethodsTests.ResultT_Fail_WithVeryLongStrings_ShouldHandleCorrectly" computerName="konstantins-macbook-pro" duration="00:00:00.0000688" startTime="2025-09-20T12:26:54.4190370+02:00" endTime="2025-09-20T12:26:54.4190600+02:00" testType="13cdc9d9-ddb5-4fa4-a97d-d965ccfc6d4b" outcome="Passed" testListId="8c84fa94-04c1-424b-9868-57a2d4851a1d" relativeResultsDirectory="673d9dda-dcaa-4586-8bfe-11ba82b09be4" />
    <UnitTestResult executionId="d024ad9f-4d06-4a59-af05-2bcdeb50a7a8" testId="7ff39c97-478d-f2e4-50d2-c28a6439c9b4" testName="ManagedCode.Communication.Tests.AspNetCore.Helpers.HttpStatusCodeHelperTests.GetStatusCodeForException_AspNetSpecificExceptions_ReturnsCorrectStatusCode(exceptionType: typeof(Microsoft.AspNetCore.Authentication.AuthenticationFailureException), expectedStatusCode: Unauthorized)" computerName="konstantins-macbook-pro" duration="00:00:00.0000090" startTime="2025-09-20T12:26:54.4652190+02:00" endTime="2025-09-20T12:26:54.4652430+02:00" testType="13cdc9d9-ddb5-4fa4-a97d-d965ccfc6d4b" outcome="Passed" testListId="8c84fa94-04c1-424b-9868-57a2d4851a1d" relativeResultsDirectory="d024ad9f-4d06-4a59-af05-2bcdeb50a7a8" />
    <UnitTestResult executionId="d439c0e1-93fa-420c-880b-e958965ba9c0" testId="033615c8-912a-fb8e-83b7-5256a7e64b58" testName="ManagedCode.Communication.Tests.Serialization.SerializationTests.ResultT_Failed_ShouldSerializeAndDeserialize" computerName="konstantins-macbook-pro" duration="00:00:00.0031078" startTime="2025-09-20T12:26:54.5111020+02:00" endTime="2025-09-20T12:26:54.5140040+02:00" testType="13cdc9d9-ddb5-4fa4-a97d-d965ccfc6d4b" outcome="Passed" testListId="8c84fa94-04c1-424b-9868-57a2d4851a1d" relativeResultsDirectory="d439c0e1-93fa-420c-880b-e958965ba9c0" />
    <UnitTestResult executionId="c52c2b5b-1cdc-4b8f-b81d-05f4e37bbfc3" testId="cb6876f0-ec0c-d7e3-5334-20d6a5561189" testName="ManagedCode.Communication.Tests.CollectionResults.CollectionResultFailMethodsTests.Fail_WithTitleDetailAndStatus_ShouldCreateFailedResultWithSpecifiedStatus" computerName="konstantins-macbook-pro" duration="00:00:00.0001224" startTime="2025-09-20T12:26:54.4477980+02:00" endTime="2025-09-20T12:26:54.4478230+02:00" testType="13cdc9d9-ddb5-4fa4-a97d-d965ccfc6d4b" outcome="Passed" testListId="8c84fa94-04c1-424b-9868-57a2d4851a1d" relativeResultsDirectory="c52c2b5b-1cdc-4b8f-b81d-05f4e37bbfc3" />
    <UnitTestResult executionId="8489e856-8c74-4342-8284-a4e0413ec23d" testId="8f4f549d-e712-d8ad-23b3-779d33c6660a" testName="ManagedCode.Communication.Tests.Orleans.Serialization.CollectionResultSerializationTests.CollectionResult_WithPagination_ShouldSerializeCorrectly" computerName="konstantins-macbook-pro" duration="00:00:00.0191244" startTime="2025-09-20T12:26:55.1798450+02:00" endTime="2025-09-20T12:26:55.1992650+02:00" testType="13cdc9d9-ddb5-4fa4-a97d-d965ccfc6d4b" outcome="Passed" testListId="8c84fa94-04c1-424b-9868-57a2d4851a1d" relativeResultsDirectory="8489e856-8c74-4342-8284-a4e0413ec23d" />
    <UnitTestResult executionId="346eaa12-01a7-456d-93dc-def7cd9fb57f" testId="ea0a9cb2-9148-301e-e48c-1afead66e2be" testName="ManagedCode.Communication.Tests.Serialization.SerializationTests.Command_ShouldSerializeAndDeserialize" computerName="konstantins-macbook-pro" duration="00:00:00.0246216" startTime="2025-09-20T12:26:54.5015720+02:00" endTime="2025-09-20T12:26:54.5029220+02:00" testType="13cdc9d9-ddb5-4fa4-a97d-d965ccfc6d4b" outcome="Passed" testListId="8c84fa94-04c1-424b-9868-57a2d4851a1d" relativeResultsDirectory="346eaa12-01a7-456d-93dc-def7cd9fb57f" />
    <UnitTestResult executionId="593da426-e8cc-4ca0-b2c6-b30130a47216" testId="6cf80ec4-adaa-7630-8518-7cc2f85912e5" testName="ManagedCode.Communication.Tests.Results.ResultTTests.ThrowIfFail_WithSuccessfulResult_ShouldNotThrow" computerName="konstantins-macbook-pro" duration="00:00:00.0002635" startTime="2025-09-20T12:26:54.4173240+02:00" endTime="2025-09-20T12:26:54.4178170+02:00" testType="13cdc9d9-ddb5-4fa4-a97d-d965ccfc6d4b" outcome="Passed" testListId="8c84fa94-04c1-424b-9868-57a2d4851a1d" relativeResultsDirectory="593da426-e8cc-4ca0-b2c6-b30130a47216" />
    <UnitTestResult executionId="e4ee46da-1ca2-489f-8f70-fafbe9b90d03" testId="0e1070b1-2093-5dae-a087-dd2198ca3385" testName="ManagedCode.Communication.Tests.AspNetCore.Helpers.HttpStatusCodeHelperTests.GetStatusCodeForException_AspNetSpecificExceptions_ReturnsCorrectStatusCode(exceptionType: typeof(Microsoft.AspNetCore.SignalR.HubException), expectedStatusCode: BadRequest)" computerName="konstantins-macbook-pro" duration="00:00:00.0001013" startTime="2025-09-20T12:26:54.4651550+02:00" endTime="2025-09-20T12:26:54.4651780+02:00" testType="13cdc9d9-ddb5-4fa4-a97d-d965ccfc6d4b" outcome="Passed" testListId="8c84fa94-04c1-424b-9868-57a2d4851a1d" relativeResultsDirectory="e4ee46da-1ca2-489f-8f70-fafbe9b90d03" />
    <UnitTestResult executionId="9fd43cdf-cb83-4f30-a351-318690de091d" testId="ba9c39e8-72fd-56e5-9205-e49bf672c8c9" testName="ManagedCode.Communication.Tests.CollectionResults.CollectionResultFromMethodsTests.From_TaskReturningArray_ShouldCreateSuccessResult" computerName="konstantins-macbook-pro" duration="00:00:00.0017993" startTime="2025-09-20T12:26:54.5022490+02:00" endTime="2025-09-20T12:26:54.5026840+02:00" testType="13cdc9d9-ddb5-4fa4-a97d-d965ccfc6d4b" outcome="Passed" testListId="8c84fa94-04c1-424b-9868-57a2d4851a1d" relativeResultsDirectory="9fd43cdf-cb83-4f30-a351-318690de091d" />
    <UnitTestResult executionId="31c84bdf-d920-4cb0-8228-1ae13dc93080" testId="b18d52e9-bf68-fbe1-373e-8cee042f5bc7" testName="ManagedCode.Communication.Tests.AspNetCore.Extensions.ControllerExtensionsTests.ToActionResult_NonGenericWithNoProblem_ReturnsDefaultError" computerName="konstantins-macbook-pro" duration="00:00:00.0001944" startTime="2025-09-20T12:26:54.4672620+02:00" endTime="2025-09-20T12:26:54.4672830+02:00" testType="13cdc9d9-ddb5-4fa4-a97d-d965ccfc6d4b" outcome="Passed" testListId="8c84fa94-04c1-424b-9868-57a2d4851a1d" relativeResultsDirectory="31c84bdf-d920-4cb0-8228-1ae13dc93080" />
    <UnitTestResult executionId="836d0e45-68bb-4de5-aedc-e2110df0cd3a" testId="7adc2e63-29c5-a641-137d-0906b0776597" testName="ManagedCode.Communication.Tests.Results.ResultTests.ThrowIfFail_WithProblemException_ShouldPreserveProblemDetails" computerName="konstantins-macbook-pro" duration="00:00:00.0002759" startTime="2025-09-20T12:26:54.4409330+02:00" endTime="2025-09-20T12:26:54.4411490+02:00" testType="13cdc9d9-ddb5-4fa4-a97d-d965ccfc6d4b" outcome="Passed" testListId="8c84fa94-04c1-424b-9868-57a2d4851a1d" relativeResultsDirectory="836d0e45-68bb-4de5-aedc-e2110df0cd3a" />
    <UnitTestResult executionId="784a3fcc-f4e1-48c9-9330-1abbc15e41db" testId="420227c9-e6b9-b50e-d05f-d761ad3cd58e" testName="ManagedCode.Communication.Tests.Results.ResultTTests.Bind_WithFailedResult_ShouldReturnFailedResult" computerName="konstantins-macbook-pro" duration="00:00:00.0000957" startTime="2025-09-20T12:26:54.4170790+02:00" endTime="2025-09-20T12:26:54.4172700+02:00" testType="13cdc9d9-ddb5-4fa4-a97d-d965ccfc6d4b" outcome="Passed" testListId="8c84fa94-04c1-424b-9868-57a2d4851a1d" relativeResultsDirectory="784a3fcc-f4e1-48c9-9330-1abbc15e41db" />
    <UnitTestResult executionId="99f6f84e-3b44-40d9-b199-c81a7da1ffde" testId="8ddf6ba2-aa71-6918-24f4-fd6fd790ee42" testName="ManagedCode.Communication.Tests.Extensions.HttpResponseExtensionTests.FromRequestToResult_ConflictStatusCode_ReturnsFailedResult" computerName="konstantins-macbook-pro" duration="00:00:00.0002465" startTime="2025-09-20T12:26:54.4551160+02:00" endTime="2025-09-20T12:26:54.4552410+02:00" testType="13cdc9d9-ddb5-4fa4-a97d-d965ccfc6d4b" outcome="Passed" testListId="8c84fa94-04c1-424b-9868-57a2d4851a1d" relativeResultsDirectory="99f6f84e-3b44-40d9-b199-c81a7da1ffde" />
    <UnitTestResult executionId="19f3c3a3-14a2-47dd-a836-4dcb73428438" testId="3e2872b7-fb01-c386-1343-80b94b20e5b0" testName="ManagedCode.Communication.Tests.Results.RailwayOrientedProgrammingTests.Bind_WithFailure_ShouldShortCircuit" computerName="konstantins-macbook-pro" duration="00:00:00.0001316" startTime="2025-09-20T12:26:54.4700110+02:00" endTime="2025-09-20T12:26:54.4701080+02:00" testType="13cdc9d9-ddb5-4fa4-a97d-d965ccfc6d4b" outcome="Passed" testListId="8c84fa94-04c1-424b-9868-57a2d4851a1d" relativeResultsDirectory="19f3c3a3-14a2-47dd-a836-4dcb73428438" />
    <UnitTestResult executionId="1be27261-d860-4af0-a4fb-26aea8e12ef8" testId="94ac24fa-c865-936b-315d-74d8ca292b0f" testName="ManagedCode.Communication.Tests.Results.ProblemExceptionTests.Constructor_WithProblemHavingNullProperties_ShouldHandleGracefully" computerName="konstantins-macbook-pro" duration="00:00:00.0000657" startTime="2025-09-20T12:26:54.4621460+02:00" endTime="2025-09-20T12:26:54.4621710+02:00" testType="13cdc9d9-ddb5-4fa4-a97d-d965ccfc6d4b" outcome="Passed" testListId="8c84fa94-04c1-424b-9868-57a2d4851a1d" relativeResultsDirectory="1be27261-d860-4af0-a4fb-26aea8e12ef8" />
    <UnitTestResult executionId="3012cc1c-8e94-491c-8111-23277550c7b2" testId="057eaabd-3e0f-9cb8-8caa-35b8258d8daa" testName="ManagedCode.Communication.Tests.CollectionResults.CollectionResultFailMethodsTests.Fail_WithVariousStatusCodes_ShouldSetCorrectStatusCode(statusCode: Unauthorized, expectedCode: 401)" computerName="konstantins-macbook-pro" duration="00:00:00.0000026" startTime="2025-09-20T12:26:54.4467040+02:00" endTime="2025-09-20T12:26:54.4467260+02:00" testType="13cdc9d9-ddb5-4fa4-a97d-d965ccfc6d4b" outcome="Passed" testListId="8c84fa94-04c1-424b-9868-57a2d4851a1d" relativeResultsDirectory="3012cc1c-8e94-491c-8111-23277550c7b2" />
    <UnitTestResult executionId="4fbd20ef-3305-492f-8745-9fd44b56edb0" testId="55af12a1-8c60-19cc-8253-bcb814fd0918" testName="ManagedCode.Communication.Tests.CollectionResults.CollectionResultFailMethodsTests.Fail_WithArray_ShouldCreateFailedResultWithItems" computerName="konstantins-macbook-pro" duration="00:00:00.0001093" startTime="2025-09-20T12:26:54.4533170+02:00" endTime="2025-09-20T12:26:54.4533390+02:00" testType="13cdc9d9-ddb5-4fa4-a97d-d965ccfc6d4b" outcome="Passed" testListId="8c84fa94-04c1-424b-9868-57a2d4851a1d" relativeResultsDirectory="4fbd20ef-3305-492f-8745-9fd44b56edb0" />
    <UnitTestResult executionId="21a2f757-f4b4-40e1-b186-69d1dea4e0ff" testId="49c46075-0a42-052a-7a74-65c78fd3a54b" testName="ManagedCode.Communication.Tests.Results.ResultHelperMethodsTests.ResultT_TryAsync_WithSuccessfulTask_ShouldReturnSuccessWithValue" computerName="konstantins-macbook-pro" duration="00:00:00.0218264" startTime="2025-09-20T12:26:54.5011970+02:00" endTime="2025-09-20T12:26:54.5015940+02:00" testType="13cdc9d9-ddb5-4fa4-a97d-d965ccfc6d4b" outcome="Passed" testListId="8c84fa94-04c1-424b-9868-57a2d4851a1d" relativeResultsDirectory="21a2f757-f4b4-40e1-b186-69d1dea4e0ff" />
    <UnitTestResult executionId="a098c034-b69d-4fb4-a8a2-b9849e5ed898" testId="b7d0d978-6fd2-9721-9776-d435fa619ea2" testName="ManagedCode.Communication.Tests.Results.ResultStaticHelperMethodsTests.Result_FailUnauthorizedT_WithDetail_ShouldCreateUnauthorizedResultTWithCustomDetail" computerName="konstantins-macbook-pro" duration="00:00:00.0002646" startTime="2025-09-20T12:26:54.4114390+02:00" endTime="2025-09-20T12:26:54.4120120+02:00" testType="13cdc9d9-ddb5-4fa4-a97d-d965ccfc6d4b" outcome="Passed" testListId="8c84fa94-04c1-424b-9868-57a2d4851a1d" relativeResultsDirectory="a098c034-b69d-4fb4-a8a2-b9849e5ed898" />
    <UnitTestResult executionId="7325015d-1f7a-4e11-b4fe-e8e7fb4adf6c" testId="010c27e2-8f1f-944a-38fc-aee10e8009f3" testName="ManagedCode.Communication.Tests.CollectionResults.CollectionResultFailMethodsTests.FailNotFound_WithDetail_ShouldCreateNotFoundResultWithCustomDetail" computerName="konstantins-macbook-pro" duration="00:00:00.0001195" startTime="2025-09-20T12:26:54.4488800+02:00" endTime="2025-09-20T12:26:54.4492610+02:00" testType="13cdc9d9-ddb5-4fa4-a97d-d965ccfc6d4b" outcome="Passed" testListId="8c84fa94-04c1-424b-9868-57a2d4851a1d" relativeResultsDirectory="7325015d-1f7a-4e11-b4fe-e8e7fb4adf6c" />
    <UnitTestResult executionId="c631d6d8-0faa-4711-8f44-f7b22538d054" testId="148b39b4-9949-c427-e52f-f445008acd77" testName="ManagedCode.Communication.Tests.AspNetCore.Extensions.ServiceCollectionExtensionsTests.Communication_Should_Handle_NotFound_Result" computerName="konstantins-macbook-pro" duration="00:00:00.0020859" startTime="2025-09-20T12:26:55.4160920+02:00" endTime="2025-09-20T12:26:55.4182420+02:00" testType="13cdc9d9-ddb5-4fa4-a97d-d965ccfc6d4b" outcome="Passed" testListId="8c84fa94-04c1-424b-9868-57a2d4851a1d" relativeResultsDirectory="c631d6d8-0faa-4711-8f44-f7b22538d054" />
    <UnitTestResult executionId="422fd148-6ec1-495a-937a-7751a36da3b1" testId="01712ad9-1f0a-7bad-d728-5d046cd9246c" testName="ManagedCode.Communication.Tests.Orleans.Serialization.CollectionResultSerializationTests.CollectionResult_WithComplexObjects_ShouldSerializeCorrectly" computerName="konstantins-macbook-pro" duration="00:00:00.0027203" startTime="2025-09-20T12:26:55.2050340+02:00" endTime="2025-09-20T12:26:55.2078190+02:00" testType="13cdc9d9-ddb5-4fa4-a97d-d965ccfc6d4b" outcome="Passed" testListId="8c84fa94-04c1-424b-9868-57a2d4851a1d" relativeResultsDirectory="422fd148-6ec1-495a-937a-7751a36da3b1" />
    <UnitTestResult executionId="639ab8ca-e9a3-44d3-bf68-f10cff144be9" testId="84cba7e9-16d5-bd29-01c4-6b5bbd25da51" testName="ManagedCode.Communication.Tests.Results.ResultTests.TryGetProblem_WithFailedResult_ShouldReturnTrueAndProblem" computerName="konstantins-macbook-pro" duration="00:00:00.0000502" startTime="2025-09-20T12:26:54.4431020+02:00" endTime="2025-09-20T12:26:54.4431260+02:00" testType="13cdc9d9-ddb5-4fa4-a97d-d965ccfc6d4b" outcome="Passed" testListId="8c84fa94-04c1-424b-9868-57a2d4851a1d" relativeResultsDirectory="639ab8ca-e9a3-44d3-bf68-f10cff144be9" />
    <UnitTestResult executionId="5537eff3-83c0-4593-9c05-473650e32488" testId="0c334b17-b7c2-e42e-9924-9baf1b0e8e96" testName="ManagedCode.Communication.Tests.Results.ProblemToExceptionErrorTests.ToException_WithInnerException_ShouldPreserveInnerException" computerName="konstantins-macbook-pro" duration="00:00:00.0001022" startTime="2025-09-20T12:26:54.4217980+02:00" endTime="2025-09-20T12:26:54.4219450+02:00" testType="13cdc9d9-ddb5-4fa4-a97d-d965ccfc6d4b" outcome="Passed" testListId="8c84fa94-04c1-424b-9868-57a2d4851a1d" relativeResultsDirectory="5537eff3-83c0-4593-9c05-473650e32488" />
    <UnitTestResult executionId="e4171fbf-5950-4724-9d96-a6b5968991f3" testId="c9358ee1-e8d6-bb75-63be-5bcf05b8756e" testName="ManagedCode.Communication.Tests.Extensions.AdvancedRailwayExtensionsTests.FailIf_WithTrueCondition_FailsResult" computerName="konstantins-macbook-pro" duration="00:00:00.0001608" startTime="2025-09-20T12:26:54.4731410+02:00" endTime="2025-09-20T12:26:54.4731680+02:00" testType="13cdc9d9-ddb5-4fa4-a97d-d965ccfc6d4b" outcome="Passed" testListId="8c84fa94-04c1-424b-9868-57a2d4851a1d" relativeResultsDirectory="e4171fbf-5950-4724-9d96-a6b5968991f3" />
    <UnitTestResult executionId="04fde79f-a707-4e75-bf00-218e181fdb13" testId="02c00597-d5c2-61bb-a2d0-217bcd4db920" testName="ManagedCode.Communication.Tests.Commands.MemoryCacheCommandIdempotencyStoreTests.ExecuteBatchIdempotentAsync_ExecutesMultipleOperations" computerName="konstantins-macbook-pro" duration="00:00:00.0117510" startTime="2025-09-20T12:26:54.4660290+02:00" endTime="2025-09-20T12:26:54.4726120+02:00" testType="13cdc9d9-ddb5-4fa4-a97d-d965ccfc6d4b" outcome="Passed" testListId="8c84fa94-04c1-424b-9868-57a2d4851a1d" relativeResultsDirectory="04fde79f-a707-4e75-bf00-218e181fdb13" />
    <UnitTestResult executionId="6adbe028-9e95-4592-a16c-dbf8adf014f7" testId="49adad49-3c64-2145-0e11-a2cf215140e6" testName="ManagedCode.Communication.Tests.Results.ResultHelperMethodsTests.Result_Fail_WithHttpStatusCode_ShouldCreateFailedResult" computerName="konstantins-macbook-pro" duration="00:00:00.0000735" startTime="2025-09-20T12:26:54.4719630+02:00" endTime="2025-09-20T12:26:54.4719990+02:00" testType="13cdc9d9-ddb5-4fa4-a97d-d965ccfc6d4b" outcome="Passed" testListId="8c84fa94-04c1-424b-9868-57a2d4851a1d" relativeResultsDirectory="6adbe028-9e95-4592-a16c-dbf8adf014f7" />
    <UnitTestResult executionId="adb13318-9e57-4c3d-8b9a-0407a740feae" testId="54738bb4-b334-dcd1-6ce6-da8fdb23ce1a" testName="ManagedCode.Communication.Tests.CollectionResults.CollectionResultFailMethodsTests.Fail_WithTitle_ShouldCreateFailedResultWithInternalServerError" computerName="konstantins-macbook-pro" duration="00:00:00.0001130" startTime="2025-09-20T12:26:54.4543410+02:00" endTime="2025-09-20T12:26:54.4551490+02:00" testType="13cdc9d9-ddb5-4fa4-a97d-d965ccfc6d4b" outcome="Passed" testListId="8c84fa94-04c1-424b-9868-57a2d4851a1d" relativeResultsDirectory="adb13318-9e57-4c3d-8b9a-0407a740feae" />
    <UnitTestResult executionId="bc4cef91-29a4-4b27-bbca-dbc6dfdaf66c" testId="b2b9573d-e985-c983-e346-e985217d8d09" testName="ManagedCode.Communication.Tests.ResultExtensionsTests.MapAsync_WithSuccessResult_ShouldTransformValueAsync" computerName="konstantins-macbook-pro" duration="00:00:00.0028681" startTime="2025-09-20T12:26:54.4375940+02:00" endTime="2025-09-20T12:26:54.4393040+02:00" testType="13cdc9d9-ddb5-4fa4-a97d-d965ccfc6d4b" outcome="Passed" testListId="8c84fa94-04c1-424b-9868-57a2d4851a1d" relativeResultsDirectory="bc4cef91-29a4-4b27-bbca-dbc6dfdaf66c" />
    <UnitTestResult executionId="cac6f6a3-850e-4d15-9b66-811c03d70f92" testId="da316600-cb2e-9486-6dab-86d50d3c1c5c" testName="ManagedCode.Communication.Tests.Results.ResultTFailMethodsTests.ResultT_FailForbidden_WithDetail_ShouldCreateForbiddenResultWithCustomDetail" computerName="konstantins-macbook-pro" duration="00:00:00.0000563" startTime="2025-09-20T12:26:54.4169870+02:00" endTime="2025-09-20T12:26:54.4171870+02:00" testType="13cdc9d9-ddb5-4fa4-a97d-d965ccfc6d4b" outcome="Passed" testListId="8c84fa94-04c1-424b-9868-57a2d4851a1d" relativeResultsDirectory="cac6f6a3-850e-4d15-9b66-811c03d70f92" />
    <UnitTestResult executionId="5f563f55-08d4-434d-bb23-558146f99ab2" testId="1ab63018-a64d-cabf-0b10-e57cb940fb84" testName="ManagedCode.Communication.Tests.Results.ProblemExceptionTests.Constructor_WithProblemExtensions_ShouldPopulateData" computerName="konstantins-macbook-pro" duration="00:00:00.0001492" startTime="2025-09-20T12:26:54.4591910+02:00" endTime="2025-09-20T12:26:54.4592150+02:00" testType="13cdc9d9-ddb5-4fa4-a97d-d965ccfc6d4b" outcome="Passed" testListId="8c84fa94-04c1-424b-9868-57a2d4851a1d" relativeResultsDirectory="5f563f55-08d4-434d-bb23-558146f99ab2" />
    <UnitTestResult executionId="9fd5cffd-c82f-4abe-9cfa-52e3b29c449d" testId="c3780753-5660-83a3-d765-176e98177e02" testName="ManagedCode.Communication.Tests.Results.ResultOperatorsTests.ResultT_From_WithFunc_ShouldExecuteAndWrapResult" computerName="konstantins-macbook-pro" duration="00:00:00.0000744" startTime="2025-09-20T12:26:54.4384800+02:00" endTime="2025-09-20T12:26:54.4385060+02:00" testType="13cdc9d9-ddb5-4fa4-a97d-d965ccfc6d4b" outcome="Passed" testListId="8c84fa94-04c1-424b-9868-57a2d4851a1d" relativeResultsDirectory="9fd5cffd-c82f-4abe-9cfa-52e3b29c449d" />
    <UnitTestResult executionId="1f307df8-7489-44f9-965f-ea762cdb0195" testId="7e5d92fe-9e3c-cf14-2708-b9c99887e277" testName="ManagedCode.Communication.Tests.Results.ResultInvalidMethodsTests.Result_Invalid_WithEnum_ShouldCreateValidationResultWithErrorCode" computerName="konstantins-macbook-pro" duration="00:00:00.0001577" startTime="2025-09-20T12:26:54.4224970+02:00" endTime="2025-09-20T12:26:54.4227320+02:00" testType="13cdc9d9-ddb5-4fa4-a97d-d965ccfc6d4b" outcome="Passed" testListId="8c84fa94-04c1-424b-9868-57a2d4851a1d" relativeResultsDirectory="1f307df8-7489-44f9-965f-ea762cdb0195" />
    <UnitTestResult executionId="0f294553-8774-4920-a8af-5cf3b6ce45c7" testId="0b9462ce-ab81-3e0e-a1aa-53ab68e0bac7" testName="ManagedCode.Communication.Tests.AspNetCore.Extensions.CommunicationServiceCollectionExtensionsTests.CommunicationLoggerConfigurationService_StopsWithoutError" computerName="konstantins-macbook-pro" duration="00:00:00.0086464" startTime="2025-09-20T12:26:54.4295390+02:00" endTime="2025-09-20T12:26:54.4323910+02:00" testType="13cdc9d9-ddb5-4fa4-a97d-d965ccfc6d4b" outcome="Passed" testListId="8c84fa94-04c1-424b-9868-57a2d4851a1d" relativeResultsDirectory="0f294553-8774-4920-a8af-5cf3b6ce45c7" />
    <UnitTestResult executionId="3d094e4e-c992-499f-b879-ae2f2ce56721" testId="cab07736-a7f9-5cae-27f4-2374346d547f" testName="ManagedCode.Communication.Tests.Results.ResultInvalidMethodsTests.Result_InvalidT_WithEnumAndDictionary_ShouldCreateValidationResultWithAllData" computerName="konstantins-macbook-pro" duration="00:00:00.0005457" startTime="2025-09-20T12:26:54.4141590+02:00" endTime="2025-09-20T12:26:54.4144200+02:00" testType="13cdc9d9-ddb5-4fa4-a97d-d965ccfc6d4b" outcome="Passed" testListId="8c84fa94-04c1-424b-9868-57a2d4851a1d" relativeResultsDirectory="3d094e4e-c992-499f-b879-ae2f2ce56721" />
    <UnitTestResult executionId="c1eb6a6d-9963-4cc2-8a0c-b65f47a0636e" testId="8c3fdcf7-4fc6-4fdc-74eb-b85a360cd133" testName="ManagedCode.Communication.Tests.Results.ResultInvalidMethodsTests.Result_Invalid_WithoutParameters_ShouldCreateValidationResult" computerName="konstantins-macbook-pro" duration="00:00:00.0002252" startTime="2025-09-20T12:26:54.4234920+02:00" endTime="2025-09-20T12:26:54.4235470+02:00" testType="13cdc9d9-ddb5-4fa4-a97d-d965ccfc6d4b" outcome="Passed" testListId="8c84fa94-04c1-424b-9868-57a2d4851a1d" relativeResultsDirectory="c1eb6a6d-9963-4cc2-8a0c-b65f47a0636e" />
    <UnitTestResult executionId="40db5fa1-fe51-4100-a6b1-75e33a1642ea" testId="9f8aa001-f958-be2d-3226-fc565fd3e92a" testName="ManagedCode.Communication.Tests.AspNetCore.Extensions.CommunicationServiceCollectionExtensionsTests.AddCommunicationAspNetCore_WithLoggerFactory_ReturnsServiceCollection" computerName="konstantins-macbook-pro" duration="00:00:00.0119398" startTime="2025-09-20T12:26:54.4328800+02:00" endTime="2025-09-20T12:26:54.4382710+02:00" testType="13cdc9d9-ddb5-4fa4-a97d-d965ccfc6d4b" outcome="Passed" testListId="8c84fa94-04c1-424b-9868-57a2d4851a1d" relativeResultsDirectory="40db5fa1-fe51-4100-a6b1-75e33a1642ea" />
    <UnitTestResult executionId="93a20b14-a348-4d7d-bcd8-26283571230e" testId="45332e67-fc3c-03a4-459d-d3d419f7836e" testName="ManagedCode.Communication.Tests.Results.ResultValueExecutionExtensionsTests.From_TaskReturningResult_Throws_ReturnsFailure" computerName="konstantins-macbook-pro" duration="00:00:00.0014303" startTime="2025-09-20T12:26:54.4322870+02:00" endTime="2025-09-20T12:26:54.4323300+02:00" testType="13cdc9d9-ddb5-4fa4-a97d-d965ccfc6d4b" outcome="Passed" testListId="8c84fa94-04c1-424b-9868-57a2d4851a1d" relativeResultsDirectory="93a20b14-a348-4d7d-bcd8-26283571230e" />
    <UnitTestResult executionId="b071a80b-9cac-4cc1-b248-f644e2f90fb6" testId="d9c85683-d077-e39f-97ea-e7effcd11b0d" testName="ManagedCode.Communication.Tests.Results.ResultFailMethodsTests.Result_Fail_WithEnumDetailAndStatus_ShouldCreateFailedResultWithAllSpecified" computerName="konstantins-macbook-pro" duration="00:00:00.0002028" startTime="2025-09-20T12:26:54.4788380+02:00" endTime="2025-09-20T12:26:54.4789080+02:00" testType="13cdc9d9-ddb5-4fa4-a97d-d965ccfc6d4b" outcome="Passed" testListId="8c84fa94-04c1-424b-9868-57a2d4851a1d" relativeResultsDirectory="b071a80b-9cac-4cc1-b248-f644e2f90fb6" />
    <UnitTestResult executionId="0bd0e8d1-3050-4716-ac61-b86d9371a476" testId="2ef4b8d6-5cce-708a-31e5-cb9e269c0acc" testName="ManagedCode.Communication.Tests.Results.ProblemToExceptionTests.ToException_FromProblemCreatedFromArgumentException_ShouldReconstructOriginalExceptionType" computerName="konstantins-macbook-pro" duration="00:00:00.0001243" startTime="2025-09-20T12:26:54.4978660+02:00" endTime="2025-09-20T12:26:54.4982060+02:00" testType="13cdc9d9-ddb5-4fa4-a97d-d965ccfc6d4b" outcome="Passed" testListId="8c84fa94-04c1-424b-9868-57a2d4851a1d" relativeResultsDirectory="0bd0e8d1-3050-4716-ac61-b86d9371a476" />
    <UnitTestResult executionId="cffb98da-551d-4105-9e3a-6a94061c73ad" testId="7808886e-5ad2-29ba-1f74-f44897640f75" testName="ManagedCode.Communication.Tests.Extensions.ResultConversionExtensionsTests.AsResult_WithCustomException_CreatesFailedResultWithCustomMessage" computerName="konstantins-macbook-pro" duration="00:00:00.0004279" startTime="2025-09-20T12:26:54.4069460+02:00" endTime="2025-09-20T12:26:54.4091130+02:00" testType="13cdc9d9-ddb5-4fa4-a97d-d965ccfc6d4b" outcome="Passed" testListId="8c84fa94-04c1-424b-9868-57a2d4851a1d" relativeResultsDirectory="cffb98da-551d-4105-9e3a-6a94061c73ad" />
    <UnitTestResult executionId="1ce82924-ff52-47fe-939e-570297c0ac95" testId="a52cb0c6-bb59-1170-7a7a-076e1cd628c6" testName="ManagedCode.Communication.Tests.Serialization.SerializationTests.RoundTrip_PreservesAllData" computerName="konstantins-macbook-pro" duration="00:00:00.0062537" startTime="2025-09-20T12:26:54.4970000+02:00" endTime="2025-09-20T12:26:54.5012650+02:00" testType="13cdc9d9-ddb5-4fa4-a97d-d965ccfc6d4b" outcome="Passed" testListId="8c84fa94-04c1-424b-9868-57a2d4851a1d" relativeResultsDirectory="1ce82924-ff52-47fe-939e-570297c0ac95" />
    <UnitTestResult executionId="c400acf3-4609-4387-bdb1-e485eaa1e38e" testId="f078f557-ee0d-8e18-56e1-39597d1f6c31" testName="ManagedCode.Communication.Tests.Results.ResultOperatorsTests.Result_ImplicitOperator_FromProblem_ShouldCreateFailedResult" computerName="konstantins-macbook-pro" duration="00:00:00.0000914" startTime="2025-09-20T12:26:54.4401240+02:00" endTime="2025-09-20T12:26:54.4401490+02:00" testType="13cdc9d9-ddb5-4fa4-a97d-d965ccfc6d4b" outcome="Passed" testListId="8c84fa94-04c1-424b-9868-57a2d4851a1d" relativeResultsDirectory="c400acf3-4609-4387-bdb1-e485eaa1e38e" />
    <UnitTestResult executionId="d5f8ace5-42ab-49a8-8f21-4df4674c9bec" testId="5874f3ff-508a-2af1-27a9-3900f428d369" testName="ManagedCode.Communication.Tests.Orleans.OrleansSerializationTests.ComplexNestedSerialization_ShouldPreserveAllData" computerName="konstantins-macbook-pro" duration="00:00:00.0362191" startTime="2025-09-20T12:26:55.1407340+02:00" endTime="2025-09-20T12:26:55.1766960+02:00" testType="13cdc9d9-ddb5-4fa4-a97d-d965ccfc6d4b" outcome="Passed" testListId="8c84fa94-04c1-424b-9868-57a2d4851a1d" relativeResultsDirectory="d5f8ace5-42ab-49a8-8f21-4df4674c9bec" />
    <UnitTestResult executionId="c0a0cd0e-0c3f-4f13-bfd3-0d9c989eca9a" testId="794b71ec-85d9-cfea-3ecb-4593b036b3be" testName="ManagedCode.Communication.Tests.Results.ResultFailMethodsTests.Result_Fail_WithVariousStatusCodes_ShouldSetCorrectStatusCode(statusCode: Unauthorized, expectedCode: 401)" computerName="konstantins-macbook-pro" duration="00:00:00.0000012" startTime="2025-09-20T12:26:54.4782250+02:00" endTime="2025-09-20T12:26:54.4782470+02:00" testType="13cdc9d9-ddb5-4fa4-a97d-d965ccfc6d4b" outcome="Passed" testListId="8c84fa94-04c1-424b-9868-57a2d4851a1d" relativeResultsDirectory="c0a0cd0e-0c3f-4f13-bfd3-0d9c989eca9a" />
    <UnitTestResult executionId="aaa7ea54-f7d0-4de0-a263-1b7fe57bf0ee" testId="ce3fa9f3-48b0-1831-219b-9a887cfec004" testName="ManagedCode.Communication.Tests.CollectionResults.CollectionResultFromMethodsTests.From_FuncReturningHashSet_ShouldCreateSuccessResult" computerName="konstantins-macbook-pro" duration="00:00:00.0007891" startTime="2025-09-20T12:26:54.4689030+02:00" endTime="2025-09-20T12:26:54.4691380+02:00" testType="13cdc9d9-ddb5-4fa4-a97d-d965ccfc6d4b" outcome="Passed" testListId="8c84fa94-04c1-424b-9868-57a2d4851a1d" relativeResultsDirectory="aaa7ea54-f7d0-4de0-a263-1b7fe57bf0ee" />
    <UnitTestResult executionId="91c12d71-8ade-4c77-a6c7-51973c83ec15" testId="fad8656f-3a30-7eb3-0345-621f29855f5d" testName="ManagedCode.Communication.Tests.Results.ResultInvalidMethodsTests.Result_InvalidT_WithEnum_ShouldCreateValidationResultWithErrorCode" computerName="konstantins-macbook-pro" duration="00:00:00.0003462" startTime="2025-09-20T12:26:54.4267740+02:00" endTime="2025-09-20T12:26:54.4268930+02:00" testType="13cdc9d9-ddb5-4fa4-a97d-d965ccfc6d4b" outcome="Passed" testListId="8c84fa94-04c1-424b-9868-57a2d4851a1d" relativeResultsDirectory="91c12d71-8ade-4c77-a6c7-51973c83ec15" />
    <UnitTestResult executionId="0e67f96c-a309-460f-8c03-d01d2778d899" testId="898c9cc8-bb35-e599-7c7d-53a4b1099340" testName="ManagedCode.Communication.Tests.Results.CollectionResultInvalidMethodsTests.CollectionResult_Invalid_WithEnumAndKeyValue_ShouldCreateValidationResultWithAll" computerName="konstantins-macbook-pro" duration="00:00:00.0002106" startTime="2025-09-20T12:26:54.4639900+02:00" endTime="2025-09-20T12:26:54.4640160+02:00" testType="13cdc9d9-ddb5-4fa4-a97d-d965ccfc6d4b" outcome="Passed" testListId="8c84fa94-04c1-424b-9868-57a2d4851a1d" relativeResultsDirectory="0e67f96c-a309-460f-8c03-d01d2778d899" />
    <UnitTestResult executionId="99edfc32-3a05-4a81-aae4-344cf79234dd" testId="16de12fb-db88-1b2b-4771-6a26db8c7eef" testName="ManagedCode.Communication.Tests.Extensions.RailwayExtensionsTests.Match_SideEffects_SuccessfulResult_CallsSuccessAction" computerName="konstantins-macbook-pro" duration="00:00:00.0002544" startTime="2025-09-20T12:26:54.4097220+02:00" endTime="2025-09-20T12:26:54.4100320+02:00" testType="13cdc9d9-ddb5-4fa4-a97d-d965ccfc6d4b" outcome="Passed" testListId="8c84fa94-04c1-424b-9868-57a2d4851a1d" relativeResultsDirectory="99edfc32-3a05-4a81-aae4-344cf79234dd" />
    <UnitTestResult executionId="42b252c0-6457-4682-8be2-b8cd66574ed5" testId="a07351d2-1bc5-ccaf-4731-3787d4a2a4e5" testName="ManagedCode.Communication.Tests.Extensions.ResultConversionExtensionsTests.AsResult_ExceptionCanBeUsedInRailwayChain" computerName="konstantins-macbook-pro" duration="00:00:00.0010674" startTime="2025-09-20T12:26:54.4003700+02:00" endTime="2025-09-20T12:26:54.4021780+02:00" testType="13cdc9d9-ddb5-4fa4-a97d-d965ccfc6d4b" outcome="Passed" testListId="8c84fa94-04c1-424b-9868-57a2d4851a1d" relativeResultsDirectory="42b252c0-6457-4682-8be2-b8cd66574ed5" />
    <UnitTestResult executionId="092f5dec-c170-41be-acb9-26cebd5932d2" testId="bc225918-98fd-4d8f-87ce-a283504ff818" testName="ManagedCode.Communication.Tests.CollectionResults.CollectionResultFromMethodsTests.From_FuncValueTaskArray_ShouldCreateSuccessResult" computerName="konstantins-macbook-pro" duration="00:00:00.0027980" startTime="2025-09-20T12:26:54.5045630+02:00" endTime="2025-09-20T12:26:54.5071950+02:00" testType="13cdc9d9-ddb5-4fa4-a97d-d965ccfc6d4b" outcome="Passed" testListId="8c84fa94-04c1-424b-9868-57a2d4851a1d" relativeResultsDirectory="092f5dec-c170-41be-acb9-26cebd5932d2" />
    <UnitTestResult executionId="ee099a87-0e3c-4272-891a-e010a2d9c44c" testId="fa3755de-e4bd-fecd-de44-2cb43605a4a6" testName="ManagedCode.Communication.Tests.Results.ResultOperatorsTests.ResultT_ImplicitOperator_FromValue_ShouldCreateSuccessResult" computerName="konstantins-macbook-pro" duration="00:00:00.0000546" startTime="2025-09-20T12:26:54.4348590+02:00" endTime="2025-09-20T12:26:54.4348810+02:00" testType="13cdc9d9-ddb5-4fa4-a97d-d965ccfc6d4b" outcome="Passed" testListId="8c84fa94-04c1-424b-9868-57a2d4851a1d" relativeResultsDirectory="ee099a87-0e3c-4272-891a-e010a2d9c44c" />
    <UnitTestResult executionId="bbf88284-337b-4aeb-a467-54f320f5a850" testId="b6091ae6-e1ab-9599-acb3-418abc778fef" testName="ManagedCode.Communication.Tests.Results.RailwayOrientedProgrammingTests.Tap_WithFailure_ShouldNotExecuteSideEffect" computerName="konstantins-macbook-pro" duration="00:00:00.0001194" startTime="2025-09-20T12:26:54.4681940+02:00" endTime="2025-09-20T12:26:54.4682170+02:00" testType="13cdc9d9-ddb5-4fa4-a97d-d965ccfc6d4b" outcome="Passed" testListId="8c84fa94-04c1-424b-9868-57a2d4851a1d" relativeResultsDirectory="bbf88284-337b-4aeb-a467-54f320f5a850" />
    <UnitTestResult executionId="de7c3b20-bf40-434b-aae7-b8a9f86a7b94" testId="498b934f-374c-1dc8-3085-bd3a70ce9a92" testName="ManagedCode.Communication.Tests.Extensions.AdvancedRailwayExtensionsTests.Switch_WithSuccess_ExecutesSuccessAction" computerName="konstantins-macbook-pro" duration="00:00:00.0006480" startTime="2025-09-20T12:26:54.4306650+02:00" endTime="2025-09-20T12:26:54.4320540+02:00" testType="13cdc9d9-ddb5-4fa4-a97d-d965ccfc6d4b" outcome="Passed" testListId="8c84fa94-04c1-424b-9868-57a2d4851a1d" relativeResultsDirectory="de7c3b20-bf40-434b-aae7-b8a9f86a7b94" />
    <UnitTestResult executionId="9b65a15f-b6a1-4097-8a28-299f04f056e0" testId="7e4d1300-6e25-4356-8c9d-f79154f41856" testName="ManagedCode.Communication.Tests.Commands.CommandExtensionsTests.WithMetadata_Action_CreatesMetadataAndConfigures" computerName="konstantins-macbook-pro" duration="00:00:00.0015339" startTime="2025-09-20T12:26:54.4327150+02:00" endTime="2025-09-20T12:26:54.4330530+02:00" testType="13cdc9d9-ddb5-4fa4-a97d-d965ccfc6d4b" outcome="Passed" testListId="8c84fa94-04c1-424b-9868-57a2d4851a1d" relativeResultsDirectory="9b65a15f-b6a1-4097-8a28-299f04f056e0" />
    <UnitTestResult executionId="c111360f-3732-424c-9300-2a3e58c48933" testId="25af1c0f-9922-9a6a-e81e-c2ad6e330e49" testName="ManagedCode.Communication.Tests.Extensions.RailwayExtensionsTests.Bind_ResultToResultT_SuccessfulChain" computerName="konstantins-macbook-pro" duration="00:00:00.0005162" startTime="2025-09-20T12:26:54.4208280+02:00" endTime="2025-09-20T12:26:54.4217230+02:00" testType="13cdc9d9-ddb5-4fa4-a97d-d965ccfc6d4b" outcome="Passed" testListId="8c84fa94-04c1-424b-9868-57a2d4851a1d" relativeResultsDirectory="c111360f-3732-424c-9300-2a3e58c48933" />
    <UnitTestResult executionId="ece45df8-901c-49cb-a8f2-b6cf762fa333" testId="9b1f8110-ea93-e02f-1655-61606e4aebd0" testName="ManagedCode.Communication.Tests.Results.CollectionResultInvalidMethodsTests.CollectionResult_Invalid_WithDictionary_ShouldCreateValidationResultWithAllErrors" computerName="konstantins-macbook-pro" duration="00:00:00.0004853" startTime="2025-09-20T12:26:54.4585080+02:00" endTime="2025-09-20T12:26:54.4592690+02:00" testType="13cdc9d9-ddb5-4fa4-a97d-d965ccfc6d4b" outcome="Passed" testListId="8c84fa94-04c1-424b-9868-57a2d4851a1d" relativeResultsDirectory="ece45df8-901c-49cb-a8f2-b6cf762fa333" />
    <UnitTestResult executionId="5e4abd82-2a7e-4274-a919-8383495fdc7d" testId="18415b52-0d3b-632d-e54d-5820f161e676" testName="ManagedCode.Communication.Tests.Results.ResultOperatorsTests.Result_TryAsync_WithSuccessfulAction_ShouldReturnSuccessResult" computerName="konstantins-macbook-pro" duration="00:00:00.0023592" startTime="2025-09-20T12:26:54.4392800+02:00" endTime="2025-09-20T12:26:54.4400690+02:00" testType="13cdc9d9-ddb5-4fa4-a97d-d965ccfc6d4b" outcome="Passed" testListId="8c84fa94-04c1-424b-9868-57a2d4851a1d" relativeResultsDirectory="5e4abd82-2a7e-4274-a919-8383495fdc7d" />
    <UnitTestResult executionId="6289e934-5f05-43cd-a935-79dac43a0192" testId="2654f83d-7e59-bc95-a132-84ce53376681" testName="ManagedCode.Communication.Tests.Results.ProblemTests.WithExtensions_ShouldCreateNewProblemWithAdditionalExtensions" computerName="konstantins-macbook-pro" duration="00:00:00.0001680" startTime="2025-09-20T12:26:54.4563340+02:00" endTime="2025-09-20T12:26:54.4563570+02:00" testType="13cdc9d9-ddb5-4fa4-a97d-d965ccfc6d4b" outcome="Passed" testListId="8c84fa94-04c1-424b-9868-57a2d4851a1d" relativeResultsDirectory="6289e934-5f05-43cd-a935-79dac43a0192" />
    <UnitTestResult executionId="a4df7d00-2a41-4e56-b1e9-42a8dcdeed97" testId="f8b2f5ca-2f69-2d8d-4212-5d32e0a23134" testName="ManagedCode.Communication.Tests.Results.ResultTFailMethodsTests.ResultT_Fail_WithVariousStatusCodes_ShouldSetCorrectStatusCode(statusCode: Unauthorized, expectedCode: 401)" computerName="konstantins-macbook-pro" duration="00:00:00.0001275" startTime="2025-09-20T12:26:54.4038180+02:00" endTime="2025-09-20T12:26:54.4038980+02:00" testType="13cdc9d9-ddb5-4fa4-a97d-d965ccfc6d4b" outcome="Passed" testListId="8c84fa94-04c1-424b-9868-57a2d4851a1d" relativeResultsDirectory="a4df7d00-2a41-4e56-b1e9-42a8dcdeed97" />
    <UnitTestResult executionId="ccd8076e-ed13-41c6-b9bd-1af8388781a8" testId="b2105290-3d86-82f5-7333-a618d72f153d" testName="ManagedCode.Communication.Tests.Extensions.AdvancedRailwayExtensionsTests.Check_WithSuccessAndNoException_ReturnsSuccess" computerName="konstantins-macbook-pro" duration="00:00:00.0002709" startTime="2025-09-20T12:26:54.4335310+02:00" endTime="2025-09-20T12:26:54.4336860+02:00" testType="13cdc9d9-ddb5-4fa4-a97d-d965ccfc6d4b" outcome="Passed" testListId="8c84fa94-04c1-424b-9868-57a2d4851a1d" relativeResultsDirectory="ccd8076e-ed13-41c6-b9bd-1af8388781a8" />
    <UnitTestResult executionId="7a6cafcd-0403-481d-a674-b4239795c670" testId="2863e3f9-7f1d-bf75-8848-3b8f86ca80ef" testName="ManagedCode.Communication.Tests.Results.RailwayOrientedProgrammingTests.Map_WithFailure_ShouldShortCircuit" computerName="konstantins-macbook-pro" duration="00:00:00.0001361" startTime="2025-09-20T12:26:54.4691150+02:00" endTime="2025-09-20T12:26:54.4692180+02:00" testType="13cdc9d9-ddb5-4fa4-a97d-d965ccfc6d4b" outcome="Passed" testListId="8c84fa94-04c1-424b-9868-57a2d4851a1d" relativeResultsDirectory="7a6cafcd-0403-481d-a674-b4239795c670" />
    <UnitTestResult executionId="8356c92b-a566-40a5-858c-8596b2990949" testId="52aa0a27-dd41-6786-2c85-98c2fe5a5a8d" testName="ManagedCode.Communication.Tests.Results.CollectionResultTests.Succeed_WithArrayOnly_ShouldCalculatePagingInfo" computerName="konstantins-macbook-pro" duration="00:00:00.0001234" startTime="2025-09-20T12:26:54.4771340+02:00" endTime="2025-09-20T12:26:54.4771580+02:00" testType="13cdc9d9-ddb5-4fa4-a97d-d965ccfc6d4b" outcome="Passed" testListId="8c84fa94-04c1-424b-9868-57a2d4851a1d" relativeResultsDirectory="8356c92b-a566-40a5-858c-8596b2990949" />
    <UnitTestResult executionId="3fb72e7a-13c2-4fe1-a0b7-3cf6a97f0968" testId="7355b243-da6d-e833-f0ce-28048b427d1a" testName="ManagedCode.Communication.Tests.Results.ResultProblemExtensionsTests.Result_ThrowIfProblem_WithFailure_ThrowsProblemException" computerName="konstantins-macbook-pro" duration="00:00:00.0001060" startTime="2025-09-20T12:26:54.4459310+02:00" endTime="2025-09-20T12:26:54.4459540+02:00" testType="13cdc9d9-ddb5-4fa4-a97d-d965ccfc6d4b" outcome="Passed" testListId="8c84fa94-04c1-424b-9868-57a2d4851a1d" relativeResultsDirectory="3fb72e7a-13c2-4fe1-a0b7-3cf6a97f0968" />
    <UnitTestResult executionId="b7853577-9aa6-4499-8eaf-6e2cd8a05584" testId="c31f1374-aadb-6c82-3feb-88f26c5a10d3" testName="ManagedCode.Communication.Tests.Extensions.AdvancedRailwayExtensionsTests.OkIf_WithTrueCondition_KeepsSuccess" computerName="konstantins-macbook-pro" duration="00:00:00.0002552" startTime="2025-09-20T12:26:54.4465310+02:00" endTime="2025-09-20T12:26:54.4469890+02:00" testType="13cdc9d9-ddb5-4fa4-a97d-d965ccfc6d4b" outcome="Passed" testListId="8c84fa94-04c1-424b-9868-57a2d4851a1d" relativeResultsDirectory="b7853577-9aa6-4499-8eaf-6e2cd8a05584" />
    <UnitTestResult executionId="ac352cb7-bd09-4417-a6f9-cc072cfb3cb9" testId="992f8c41-1977-1453-dacf-a1375445c6c8" testName="ManagedCode.Communication.Tests.Results.ResultValueExecutionExtensionsTests.From_FuncResult_ReturnsUnderlyingResult" computerName="konstantins-macbook-pro" duration="00:00:00.0003098" startTime="2025-09-20T12:26:54.4373990+02:00" endTime="2025-09-20T12:26:54.4375810+02:00" testType="13cdc9d9-ddb5-4fa4-a97d-d965ccfc6d4b" outcome="Passed" testListId="8c84fa94-04c1-424b-9868-57a2d4851a1d" relativeResultsDirectory="ac352cb7-bd09-4417-a6f9-cc072cfb3cb9" />
    <UnitTestResult executionId="b6200ee1-a6d4-4541-b98f-3998a6e81e6d" testId="8e29e473-880f-e0c6-1aef-64cf243a141f" testName="ManagedCode.Communication.Tests.Results.ProblemToExceptionTests.ToException_FromProblemCreatedManually_ShouldReturnProblemException" computerName="konstantins-macbook-pro" duration="00:00:00.0000450" startTime="2025-09-20T12:26:54.4983230+02:00" endTime="2025-09-20T12:26:54.4984140+02:00" testType="13cdc9d9-ddb5-4fa4-a97d-d965ccfc6d4b" outcome="Passed" testListId="8c84fa94-04c1-424b-9868-57a2d4851a1d" relativeResultsDirectory="b6200ee1-a6d4-4541-b98f-3998a6e81e6d" />
    <UnitTestResult executionId="8d02222c-ca18-4801-9cc4-fb9956e9f242" testId="cd465a48-4f16-0fe6-3ad4-0670fd7de72e" testName="ManagedCode.Communication.Tests.Results.ResultTTests.ImplicitOperator_FromProblem_ShouldCreateFailedResult" computerName="konstantins-macbook-pro" duration="00:00:00.0001011" startTime="2025-09-20T12:26:54.4182060+02:00" endTime="2025-09-20T12:26:54.4182940+02:00" testType="13cdc9d9-ddb5-4fa4-a97d-d965ccfc6d4b" outcome="Passed" testListId="8c84fa94-04c1-424b-9868-57a2d4851a1d" relativeResultsDirectory="8d02222c-ca18-4801-9cc4-fb9956e9f242" />
    <UnitTestResult executionId="cd3cca9f-aba9-4ae1-8580-655b1267ad1d" testId="1285e3a0-be70-4f5b-8a49-53d83ee7816d" testName="ManagedCode.Communication.Tests.Results.ResultInvalidMethodsTests.Invalid_WithDictionaryContainingEmptyValues_ShouldHandleGracefully" computerName="konstantins-macbook-pro" duration="00:00:00.0001133" startTime="2025-09-20T12:26:54.4246000+02:00" endTime="2025-09-20T12:26:54.4249130+02:00" testType="13cdc9d9-ddb5-4fa4-a97d-d965ccfc6d4b" outcome="Passed" testListId="8c84fa94-04c1-424b-9868-57a2d4851a1d" relativeResultsDirectory="cd3cca9f-aba9-4ae1-8580-655b1267ad1d" />
    <UnitTestResult executionId="005b00dc-0504-4ab7-840a-f7162c22b024" testId="f435fded-0773-20b6-5c22-8fc126f24cdf" testName="ManagedCode.Communication.Tests.CollectionResults.CollectionResultFailMethodsTests.Fail_WithHttpStatusEnum_ShouldUseEnumValueAsStatusCode" computerName="konstantins-macbook-pro" duration="00:00:00.0006097" startTime="2025-09-20T12:26:54.4493200+02:00" endTime="2025-09-20T12:26:54.4500270+02:00" testType="13cdc9d9-ddb5-4fa4-a97d-d965ccfc6d4b" outcome="Passed" testListId="8c84fa94-04c1-424b-9868-57a2d4851a1d" relativeResultsDirectory="005b00dc-0504-4ab7-840a-f7162c22b024" />
    <UnitTestResult executionId="25498bf0-fe6d-4ee0-8aa8-748b8ad94c13" testId="c12c22a4-61c9-8d54-02dc-fa4d09ff71de" testName="ManagedCode.Communication.Tests.Extensions.AdvancedRailwayExtensionsTests.Do_WithSuccess_ExecutesAction" computerName="konstantins-macbook-pro" duration="00:00:00.0003519" startTime="2025-09-20T12:26:54.4397400+02:00" endTime="2025-09-20T12:26:54.4398240+02:00" testType="13cdc9d9-ddb5-4fa4-a97d-d965ccfc6d4b" outcome="Passed" testListId="8c84fa94-04c1-424b-9868-57a2d4851a1d" relativeResultsDirectory="25498bf0-fe6d-4ee0-8aa8-748b8ad94c13" />
    <UnitTestResult executionId="13695500-e40b-4206-8991-f37586cec799" testId="59a8f339-f82c-db3a-3ce5-7a3aa210b60d" testName="ManagedCode.Communication.Tests.ResultExtensionsTests.BindAsyncGeneric_WithSuccessResult_ShouldChainAsyncOperations" computerName="konstantins-macbook-pro" duration="00:00:00.0076192" startTime="2025-09-20T12:26:54.4320280+02:00" endTime="2025-09-20T12:26:54.4349580+02:00" testType="13cdc9d9-ddb5-4fa4-a97d-d965ccfc6d4b" outcome="Passed" testListId="8c84fa94-04c1-424b-9868-57a2d4851a1d" relativeResultsDirectory="13695500-e40b-4206-8991-f37586cec799" />
    <UnitTestResult executionId="a8bf64dc-f4b8-45a7-b295-fa387609f8aa" testId="08587cdb-9504-186b-dbc3-8b9a87b10c10" testName="ManagedCode.Communication.Tests.Results.ResultTFailMethodsTests.ResultT_FailValidation_WithDuplicateFields_ShouldCombineErrors" computerName="konstantins-macbook-pro" duration="00:00:00.0006110" startTime="2025-09-20T12:26:54.4195200+02:00" endTime="2025-09-20T12:26:54.4196010+02:00" testType="13cdc9d9-ddb5-4fa4-a97d-d965ccfc6d4b" outcome="Passed" testListId="8c84fa94-04c1-424b-9868-57a2d4851a1d" relativeResultsDirectory="a8bf64dc-f4b8-45a7-b295-fa387609f8aa" />
    <UnitTestResult executionId="09ffd82c-0349-402c-bb15-cf3ee279bca5" testId="9c331f06-f5fc-7df6-4d39-cedcafb45641" testName="ManagedCode.Communication.Tests.Results.ResultExecutionExtensionsTests.From_Bool_WithProblemFalse_ReturnsProvidedProblem" computerName="konstantins-macbook-pro" duration="00:00:00.0001078" startTime="2025-09-20T12:26:54.4990210+02:00" endTime="2025-09-20T12:26:54.4990510+02:00" testType="13cdc9d9-ddb5-4fa4-a97d-d965ccfc6d4b" outcome="Passed" testListId="8c84fa94-04c1-424b-9868-57a2d4851a1d" relativeResultsDirectory="09ffd82c-0349-402c-bb15-cf3ee279bca5" />
    <UnitTestResult executionId="91f34c1b-93f3-44cf-b8de-d2edc429d7d5" testId="08479d6a-c563-b460-df28-b4f67109fef8" testName="ManagedCode.Communication.Tests.Serialization.SerializationTests.ResultT_WithComplexValue_ShouldSerializeAndDeserialize" computerName="konstantins-macbook-pro" duration="00:00:00.0002010" startTime="2025-09-20T12:26:54.5141560+02:00" endTime="2025-09-20T12:26:54.5142120+02:00" testType="13cdc9d9-ddb5-4fa4-a97d-d965ccfc6d4b" outcome="Passed" testListId="8c84fa94-04c1-424b-9868-57a2d4851a1d" relativeResultsDirectory="91f34c1b-93f3-44cf-b8de-d2edc429d7d5" />
    <UnitTestResult executionId="894f2d2b-d3ff-4f87-8ceb-1c9af65d5bb1" testId="741c037d-bb74-63dd-9e38-d80561e143db" testName="ManagedCode.Communication.Tests.Extensions.RailwayExtensionsTests.Ensure_FailedResult_RemainsFailedWithOriginalProblem" computerName="konstantins-macbook-pro" duration="00:00:00.0001920" startTime="2025-09-20T12:26:54.4207520+02:00" endTime="2025-09-20T12:26:54.4207750+02:00" testType="13cdc9d9-ddb5-4fa4-a97d-d965ccfc6d4b" outcome="Passed" testListId="8c84fa94-04c1-424b-9868-57a2d4851a1d" relativeResultsDirectory="894f2d2b-d3ff-4f87-8ceb-1c9af65d5bb1" />
    <UnitTestResult executionId="bc9b6060-78ec-4984-822b-d2213e855176" testId="2e2fba21-e57a-bf8c-9794-7565ebcbea78" testName="ManagedCode.Communication.Tests.Extensions.ResultConversionExtensionsTests.AsResult_InfersTypeFromValue" computerName="konstantins-macbook-pro" duration="00:00:00.0002705" startTime="2025-09-20T12:26:54.4045960+02:00" endTime="2025-09-20T12:26:54.4047860+02:00" testType="13cdc9d9-ddb5-4fa4-a97d-d965ccfc6d4b" outcome="Passed" testListId="8c84fa94-04c1-424b-9868-57a2d4851a1d" relativeResultsDirectory="bc9b6060-78ec-4984-822b-d2213e855176" />
    <UnitTestResult executionId="742ee6da-53a9-4e07-9e68-56c51549c19f" testId="a3b219a1-96f8-2dc6-2fac-9f5e3d240997" testName="ManagedCode.Communication.Tests.AspNetCore.Extensions.HubOptionsExtensionsTests.AddCommunicationHubFilter_CanBeCalledMultipleTimes_DoesNotThrow" computerName="konstantins-macbook-pro" duration="00:00:00.0007515" startTime="2025-09-20T12:26:54.3992840+02:00" endTime="2025-09-20T12:26:54.4003940+02:00" testType="13cdc9d9-ddb5-4fa4-a97d-d965ccfc6d4b" outcome="Passed" testListId="8c84fa94-04c1-424b-9868-57a2d4851a1d" relativeResultsDirectory="742ee6da-53a9-4e07-9e68-56c51549c19f" />
    <UnitTestResult executionId="df910149-a28d-42dc-b3d6-b38bc4c2008f" testId="4329ce58-b589-cce3-e7e0-bf1e7069d301" testName="ManagedCode.Communication.Tests.OrleansTests.GrainClientTests.ValueTaskResultComplexObjectError" computerName="konstantins-macbook-pro" duration="00:00:00.0015571" startTime="2025-09-20T12:26:55.5150450+02:00" endTime="2025-09-20T12:26:55.5166820+02:00" testType="13cdc9d9-ddb5-4fa4-a97d-d965ccfc6d4b" outcome="Passed" testListId="8c84fa94-04c1-424b-9868-57a2d4851a1d" relativeResultsDirectory="df910149-a28d-42dc-b3d6-b38bc4c2008f" />
    <UnitTestResult executionId="d963b96d-b151-4963-9df3-4d62bf49c584" testId="ca91a9e0-6fc0-a317-fd3a-6f5ade651c3e" testName="ManagedCode.Communication.Tests.AspNetCore.Extensions.ControllerExtensionsTests.ToActionResult_WithSuccessResultNoValue_ReturnsNoContent" computerName="konstantins-macbook-pro" duration="00:00:00.0000572" startTime="2025-09-20T12:26:54.4673400+02:00" endTime="2025-09-20T12:26:54.4673630+02:00" testType="13cdc9d9-ddb5-4fa4-a97d-d965ccfc6d4b" outcome="Passed" testListId="8c84fa94-04c1-424b-9868-57a2d4851a1d" relativeResultsDirectory="d963b96d-b151-4963-9df3-4d62bf49c584" />
    <UnitTestResult executionId="5d5fa473-1d83-4748-8b8d-1354389b6a8a" testId="59b2cada-0f2d-466d-0a40-710fcb54c49a" testName="ManagedCode.Communication.Tests.Results.ResultValueExecutionExtensionsTests.ResultT_AsTaskAndAsValueTask_RoundTrip" computerName="konstantins-macbook-pro" duration="00:00:00.0015647" startTime="2025-09-20T12:26:54.4311170+02:00" endTime="2025-09-20T12:26:54.4322320+02:00" testType="13cdc9d9-ddb5-4fa4-a97d-d965ccfc6d4b" outcome="Passed" testListId="8c84fa94-04c1-424b-9868-57a2d4851a1d" relativeResultsDirectory="5d5fa473-1d83-4748-8b8d-1354389b6a8a" />
    <UnitTestResult executionId="af74e9d9-b552-4849-ae72-a240f3a6d727" testId="2ad831eb-1891-618d-8e0f-f5e197ee7ddd" testName="ManagedCode.Communication.Tests.Results.ResultProblemExtensionsTests.ResultT_ThrowIfProblem_WithFailure_ThrowsProblemException" computerName="konstantins-macbook-pro" duration="00:00:00.0001260" startTime="2025-09-20T12:26:54.4460070+02:00" endTime="2025-09-20T12:26:54.4460530+02:00" testType="13cdc9d9-ddb5-4fa4-a97d-d965ccfc6d4b" outcome="Passed" testListId="8c84fa94-04c1-424b-9868-57a2d4851a1d" relativeResultsDirectory="af74e9d9-b552-4849-ae72-a240f3a6d727" />
    <UnitTestResult executionId="9cbb041d-b62c-485f-8bde-d6898bb42e93" testId="699823e7-74be-bd9f-0e7a-b915c45c5b8d" testName="ManagedCode.Communication.Tests.CollectionResults.CollectionResultFailMethodsTests.FailValidation_WithDuplicateFields_ShouldCombineErrors" computerName="konstantins-macbook-pro" duration="00:00:00.0002615" startTime="2025-09-20T12:26:54.4569820+02:00" endTime="2025-09-20T12:26:54.4571870+02:00" testType="13cdc9d9-ddb5-4fa4-a97d-d965ccfc6d4b" outcome="Passed" testListId="8c84fa94-04c1-424b-9868-57a2d4851a1d" relativeResultsDirectory="9cbb041d-b62c-485f-8bde-d6898bb42e93" />
    <UnitTestResult executionId="2092c6ed-0b2a-4f1b-8db2-6120701ef12a" testId="bb8d7f1d-0bb4-3dea-c4fc-e0834e054d6f" testName="ManagedCode.Communication.Tests.Serialization.ProblemJsonConverterTests.Serialize_DifferentTypeValues_HandlesCorrectly(inputType: null, expectedType: &quot;about:blank&quot;)" computerName="konstantins-macbook-pro" duration="00:00:00.0011378" startTime="2025-09-20T12:26:54.4330290+02:00" endTime="2025-09-20T12:26:54.4338570+02:00" testType="13cdc9d9-ddb5-4fa4-a97d-d965ccfc6d4b" outcome="Passed" testListId="8c84fa94-04c1-424b-9868-57a2d4851a1d" relativeResultsDirectory="2092c6ed-0b2a-4f1b-8db2-6120701ef12a" />
    <UnitTestResult executionId="24fc4991-6994-4f4a-b903-097499e34313" testId="fb70cdc3-1bf1-6e46-2aba-a1201f5edf64" testName="ManagedCode.Communication.Tests.Extensions.AdvancedRailwayExtensionsTests.ToResult_WithNullableStruct_HandlesCorrectly" computerName="konstantins-macbook-pro" duration="00:00:00.0003916" startTime="2025-09-20T12:26:54.4321250+02:00" endTime="2025-09-20T12:26:54.4321490+02:00" testType="13cdc9d9-ddb5-4fa4-a97d-d965ccfc6d4b" outcome="Passed" testListId="8c84fa94-04c1-424b-9868-57a2d4851a1d" relativeResultsDirectory="24fc4991-6994-4f4a-b903-097499e34313" />
    <UnitTestResult executionId="2c13cfda-8e5e-4382-8b88-21e75b854475" testId="d1df534e-bdd0-3f3b-6fb8-d0869c06e6d1" testName="ManagedCode.Communication.Tests.Extensions.RailwayExtensionsTests.ComplexChain_FailurePath_StopsAtFirstFailure" computerName="konstantins-macbook-pro" duration="00:00:00.0006728" startTime="2025-09-20T12:26:54.4200830+02:00" endTime="2025-09-20T12:26:54.4206910+02:00" testType="13cdc9d9-ddb5-4fa4-a97d-d965ccfc6d4b" outcome="Passed" testListId="8c84fa94-04c1-424b-9868-57a2d4851a1d" relativeResultsDirectory="2c13cfda-8e5e-4382-8b88-21e75b854475" />
    <UnitTestResult executionId="aa234f57-3c59-4384-9bd3-63fbb83c1ed8" testId="a555e622-b970-4ded-325b-3f0c89ae34f6" testName="ManagedCode.Communication.Tests.ProblemTests.ProblemCreateMethodsTests.Problem_AddValidationError_ToEmptyProblem_ShouldCreateErrorsDictionary" computerName="konstantins-macbook-pro" duration="00:00:00.0000548" startTime="2025-09-20T12:26:54.4630330+02:00" endTime="2025-09-20T12:26:54.4631570+02:00" testType="13cdc9d9-ddb5-4fa4-a97d-d965ccfc6d4b" outcome="Passed" testListId="8c84fa94-04c1-424b-9868-57a2d4851a1d" relativeResultsDirectory="aa234f57-3c59-4384-9bd3-63fbb83c1ed8" />
    <UnitTestResult executionId="64f78038-b6e4-4140-8357-6d481f925d6c" testId="bbc19fbb-4fd9-f2cb-1f28-6829bede514a" testName="ManagedCode.Communication.Tests.Results.CollectionResultInvalidMethodsTests.CollectionResult_Invalid_WithMessage_ShouldCreateValidationResultWithMessage" computerName="konstantins-macbook-pro" duration="00:00:00.0002267" startTime="2025-09-20T12:26:54.4581180+02:00" endTime="2025-09-20T12:26:54.4584560+02:00" testType="13cdc9d9-ddb5-4fa4-a97d-d965ccfc6d4b" outcome="Passed" testListId="8c84fa94-04c1-424b-9868-57a2d4851a1d" relativeResultsDirectory="64f78038-b6e4-4140-8357-6d481f925d6c" />
    <UnitTestResult executionId="da488ed7-01f4-4f44-b221-11901b3826f2" testId="bc434b75-bdc7-4498-0cdc-a7a24b7bcef3" testName="ManagedCode.Communication.Tests.Results.ResultFailMethodsTests.Result_Fail_WithTitleAndDetail_ShouldCreateFailedResultWithDefaultStatus" computerName="konstantins-macbook-pro" duration="00:00:00.0000776" startTime="2025-09-20T12:26:54.4787590+02:00" endTime="2025-09-20T12:26:54.4787870+02:00" testType="13cdc9d9-ddb5-4fa4-a97d-d965ccfc6d4b" outcome="Passed" testListId="8c84fa94-04c1-424b-9868-57a2d4851a1d" relativeResultsDirectory="da488ed7-01f4-4f44-b221-11901b3826f2" />
    <UnitTestResult executionId="4df23e8a-9dfd-4bfe-b01b-3e93bbbc2f41" testId="75503792-348c-52d7-8b2d-0e5e30e7737f" testName="ManagedCode.Communication.Tests.Results.ProblemExceptionTests.Constructor_WithProblem_ShouldSetPropertiesCorrectly" computerName="konstantins-macbook-pro" duration="00:00:00.0001698" startTime="2025-09-20T12:26:54.4593280+02:00" endTime="2025-09-20T12:26:54.4594550+02:00" testType="13cdc9d9-ddb5-4fa4-a97d-d965ccfc6d4b" outcome="Passed" testListId="8c84fa94-04c1-424b-9868-57a2d4851a1d" relativeResultsDirectory="4df23e8a-9dfd-4bfe-b01b-3e93bbbc2f41" />
    <UnitTestResult executionId="b2be3b85-a25d-497e-9c2e-e14234847f15" testId="b3b9ef4c-6313-6dea-33cf-2d0e819cad64" testName="ManagedCode.Communication.Tests.Results.ResultHelperMethodsTests.ResultT_From_WithSuccessResult_ShouldReturnSuccessWithValue" computerName="konstantins-macbook-pro" duration="00:00:00.0000713" startTime="2025-09-20T12:26:54.5003190+02:00" endTime="2025-09-20T12:26:54.5003450+02:00" testType="13cdc9d9-ddb5-4fa4-a97d-d965ccfc6d4b" outcome="Passed" testListId="8c84fa94-04c1-424b-9868-57a2d4851a1d" relativeResultsDirectory="b2be3b85-a25d-497e-9c2e-e14234847f15" />
    <UnitTestResult executionId="6013dee8-ad42-44c2-b731-fd826af59ce8" testId="db5d73e5-bd72-c41e-a69a-e342f27be70b" testName="ManagedCode.Communication.Tests.ResultExtensionsTests.Match_WithResultT_ShouldReturnCorrectBranch" computerName="konstantins-macbook-pro" duration="00:00:00.0004357" startTime="2025-09-20T12:26:54.4300750+02:00" endTime="2025-09-20T12:26:54.4301370+02:00" testType="13cdc9d9-ddb5-4fa4-a97d-d965ccfc6d4b" outcome="Passed" testListId="8c84fa94-04c1-424b-9868-57a2d4851a1d" relativeResultsDirectory="6013dee8-ad42-44c2-b731-fd826af59ce8" />
    <UnitTestResult executionId="5f241638-8864-4da5-b3a2-8f814eba43c1" testId="e1f1b1be-faf7-e984-f9a4-c2a361ef2de8" testName="ManagedCode.Communication.Tests.CollectionResults.CollectionResultFailMethodsTests.Fail_WithVariousStatusCodes_ShouldSetCorrectStatusCode(statusCode: Forbidden, expectedCode: 403)" computerName="konstantins-macbook-pro" duration="00:00:00.0003347" startTime="2025-09-20T12:26:54.4458470+02:00" endTime="2025-09-20T12:26:54.4461730+02:00" testType="13cdc9d9-ddb5-4fa4-a97d-d965ccfc6d4b" outcome="Passed" testListId="8c84fa94-04c1-424b-9868-57a2d4851a1d" relativeResultsDirectory="5f241638-8864-4da5-b3a2-8f814eba43c1" />
    <UnitTestResult executionId="c229666a-d38d-4a65-a4de-71e453465109" testId="551e1906-8fe5-1e21-9db5-c258ea52673e" testName="ManagedCode.Communication.Tests.Results.ResultInvalidMethodsTests.ResultT_Invalid_WithKeyValue_ShouldCreateValidationResultWithCustomField" computerName="konstantins-macbook-pro" duration="00:00:00.0001799" startTime="2025-09-20T12:26:54.4233770+02:00" endTime="2025-09-20T12:26:54.4234320+02:00" testType="13cdc9d9-ddb5-4fa4-a97d-d965ccfc6d4b" outcome="Passed" testListId="8c84fa94-04c1-424b-9868-57a2d4851a1d" relativeResultsDirectory="c229666a-d38d-4a65-a4de-71e453465109" />
    <UnitTestResult executionId="0148133f-6724-4635-bccd-35459160c255" testId="3a23b277-a9a6-16d5-edba-7bdc7179741c" testName="ManagedCode.Communication.Tests.Results.ResultOperatorsTests.ResultT_From_WithExceptionThrowingFunc_ShouldReturnFailedResult" computerName="konstantins-macbook-pro" duration="00:00:00.0002190" startTime="2025-09-20T12:26:54.4388160+02:00" endTime="2025-09-20T12:26:54.4388410+02:00" testType="13cdc9d9-ddb5-4fa4-a97d-d965ccfc6d4b" outcome="Passed" testListId="8c84fa94-04c1-424b-9868-57a2d4851a1d" relativeResultsDirectory="0148133f-6724-4635-bccd-35459160c255" />
    <UnitTestResult executionId="bafccb33-97b5-4bef-b029-62cc57882076" testId="08729d0d-aac1-00cc-61c8-d3a43baa982c" testName="ManagedCode.Communication.Tests.Orleans.Serialization.CollectionResultSerializationTests.CollectionResult_LargePagination_ShouldSerializeCorrectly" computerName="konstantins-macbook-pro" duration="00:00:00.0024903" startTime="2025-09-20T12:26:55.1993780+02:00" endTime="2025-09-20T12:26:55.2019380+02:00" testType="13cdc9d9-ddb5-4fa4-a97d-d965ccfc6d4b" outcome="Passed" testListId="8c84fa94-04c1-424b-9868-57a2d4851a1d" relativeResultsDirectory="bafccb33-97b5-4bef-b029-62cc57882076" />
    <UnitTestResult executionId="a2a561c9-0ecb-433a-8b31-805e3243c2eb" testId="9523222d-3297-4077-2b57-514061f60535" testName="ManagedCode.Communication.Tests.Extensions.ResultConversionExtensionsTests.AsResult_WithIntValue_CreatesSuccessfulResult" computerName="konstantins-macbook-pro" duration="00:00:00.0001171" startTime="2025-09-20T12:26:54.4048450+02:00" endTime="2025-09-20T12:26:54.4060680+02:00" testType="13cdc9d9-ddb5-4fa4-a97d-d965ccfc6d4b" outcome="Passed" testListId="8c84fa94-04c1-424b-9868-57a2d4851a1d" relativeResultsDirectory="a2a561c9-0ecb-433a-8b31-805e3243c2eb" />
    <UnitTestResult executionId="166ecb14-5d8b-4a7d-955d-05c97fa00ccc" testId="b1d035f1-39f6-d499-287e-11a16120f663" testName="ManagedCode.Communication.Tests.Results.ProblemExceptionTests.IsValidationProblem_WithNonValidationProblem_ShouldReturnFalse" computerName="konstantins-macbook-pro" duration="00:00:00.0000296" startTime="2025-09-20T12:26:54.4611090+02:00" endTime="2025-09-20T12:26:54.4611330+02:00" testType="13cdc9d9-ddb5-4fa4-a97d-d965ccfc6d4b" outcome="Passed" testListId="8c84fa94-04c1-424b-9868-57a2d4851a1d" relativeResultsDirectory="166ecb14-5d8b-4a7d-955d-05c97fa00ccc" />
    <UnitTestResult executionId="95ffae0b-9305-45e4-b7c5-2dbb04f61f60" testId="74682615-ca5e-4298-50e2-769d654bd925" testName="ManagedCode.Communication.Tests.AspNetCore.Extensions.CommunicationServiceCollectionExtensionsTests.AddCommunicationAspNetCore_WithLoggerFactory_ConfiguresLogger" computerName="konstantins-macbook-pro" duration="00:00:00.0035073" startTime="2025-09-20T12:26:54.4383260+02:00" endTime="2025-09-20T12:26:54.4393830+02:00" testType="13cdc9d9-ddb5-4fa4-a97d-d965ccfc6d4b" outcome="Passed" testListId="8c84fa94-04c1-424b-9868-57a2d4851a1d" relativeResultsDirectory="95ffae0b-9305-45e4-b7c5-2dbb04f61f60" />
    <UnitTestResult executionId="12263921-a39d-4c7a-8047-06339248f11e" testId="c90d3c3a-bda1-dab0-eefe-c90f9e85739f" testName="ManagedCode.Communication.Tests.AspNetCore.Extensions.CommunicationServiceCollectionExtensionsTests.CommunicationLoggerConfigurationService_WithCancellation_HandlesCancellation" computerName="konstantins-macbook-pro" duration="00:00:00.0005926" startTime="2025-09-20T12:26:54.4281790+02:00" endTime="2025-09-20T12:26:54.4284030+02:00" testType="13cdc9d9-ddb5-4fa4-a97d-d965ccfc6d4b" outcome="Passed" testListId="8c84fa94-04c1-424b-9868-57a2d4851a1d" relativeResultsDirectory="12263921-a39d-4c7a-8047-06339248f11e" />
    <UnitTestResult executionId="d6af17d9-da4a-491e-8dbf-34d7f7ea6417" testId="5a0ae5e8-72bd-c20c-476c-fc5a9836655a" testName="ManagedCode.Communication.Tests.Results.ProblemTests.ImplicitOperator_ToProblemException_ShouldCreateException" computerName="konstantins-macbook-pro" duration="00:00:00.0003233" startTime="2025-09-20T12:26:54.4509400+02:00" endTime="2025-09-20T12:26:54.4516160+02:00" testType="13cdc9d9-ddb5-4fa4-a97d-d965ccfc6d4b" outcome="Passed" testListId="8c84fa94-04c1-424b-9868-57a2d4851a1d" relativeResultsDirectory="d6af17d9-da4a-491e-8dbf-34d7f7ea6417" />
    <UnitTestResult executionId="523b3fa7-0380-4a2b-9316-6c9c27f139e8" testId="44068533-73ca-2e9c-89ae-ee196ec1d842" testName="ManagedCode.Communication.Tests.CollectionResults.CollectionResultFailMethodsTests.FailUnauthorized_NoParameters_ShouldCreateUnauthorizedResult" computerName="konstantins-macbook-pro" duration="00:00:00.0001541" startTime="2025-09-20T12:26:54.4572390+02:00" endTime="2025-09-20T12:26:54.4573640+02:00" testType="13cdc9d9-ddb5-4fa4-a97d-d965ccfc6d4b" outcome="Passed" testListId="8c84fa94-04c1-424b-9868-57a2d4851a1d" relativeResultsDirectory="523b3fa7-0380-4a2b-9316-6c9c27f139e8" />
    <UnitTestResult executionId="2123a6e1-6f1f-4ddb-92dd-a11a7ccd6649" testId="0c081f03-f141-0619-9968-29fcf1784e6e" testName="ManagedCode.Communication.Tests.Extensions.RailwayExtensionsTests.BindAsync_FailedResult_DoesNotExecuteNext" computerName="konstantins-macbook-pro" duration="00:00:00.0095524" startTime="2025-09-20T12:26:54.3817000+02:00" endTime="2025-09-20T12:26:54.3974930+02:00" testType="13cdc9d9-ddb5-4fa4-a97d-d965ccfc6d4b" outcome="Passed" testListId="8c84fa94-04c1-424b-9868-57a2d4851a1d" relativeResultsDirectory="2123a6e1-6f1f-4ddb-92dd-a11a7ccd6649" />
    <UnitTestResult executionId="6a77c9c6-aa33-41f9-bc33-cbaf08c85350" testId="705ecbbc-4193-2770-884e-c1965e63c3ae" testName="ManagedCode.Communication.Tests.Results.ResultTFailMethodsTests.ResultT_Fail_WithVariousStatusCodes_ShouldSetCorrectStatusCode(statusCode: NotFound, expectedCode: 404)" computerName="konstantins-macbook-pro" duration="00:00:00.0000019" startTime="2025-09-20T12:26:54.4041000+02:00" endTime="2025-09-20T12:26:54.4041240+02:00" testType="13cdc9d9-ddb5-4fa4-a97d-d965ccfc6d4b" outcome="Passed" testListId="8c84fa94-04c1-424b-9868-57a2d4851a1d" relativeResultsDirectory="6a77c9c6-aa33-41f9-bc33-cbaf08c85350" />
    <UnitTestResult executionId="7052fb33-3e99-46fa-a6cb-891946d6b847" testId="a396a734-e07f-ae5f-d645-a46a1b70118e" testName="ManagedCode.Communication.Tests.Extensions.AdvancedRailwayExtensionsTests.FailIf_WithEnum_FailsWithErrorCode" computerName="konstantins-macbook-pro" duration="00:00:00.0015935" startTime="2025-09-20T12:26:54.4366860+02:00" endTime="2025-09-20T12:26:54.4368700+02:00" testType="13cdc9d9-ddb5-4fa4-a97d-d965ccfc6d4b" outcome="Passed" testListId="8c84fa94-04c1-424b-9868-57a2d4851a1d" relativeResultsDirectory="7052fb33-3e99-46fa-a6cb-891946d6b847" />
    <UnitTestResult executionId="9578cf90-022f-4ec1-933c-10dce237aa0e" testId="2dbb1c6f-9d39-0279-091a-eaa8eea7d7ad" testName="ManagedCode.Communication.Tests.AspNetCore.Extensions.CommunicationServiceCollectionExtensionsTests.AddCommunicationAspNetCore_RegistersHostedService" computerName="konstantins-macbook-pro" duration="00:00:00.0009724" startTime="2025-09-20T12:26:54.4275840+02:00" endTime="2025-09-20T12:26:54.4280320+02:00" testType="13cdc9d9-ddb5-4fa4-a97d-d965ccfc6d4b" outcome="Passed" testListId="8c84fa94-04c1-424b-9868-57a2d4851a1d" relativeResultsDirectory="9578cf90-022f-4ec1-933c-10dce237aa0e" />
    <UnitTestResult executionId="845e8cd3-c451-4245-966e-de45c4e2530b" testId="2f55c955-9b87-2c77-c3ee-dc5f86f5b329" testName="ManagedCode.Communication.Tests.Extensions.HttpResponseExtensionTests.FromRequestToResult_SuccessStatusCode_ReturnsSuccessResult" computerName="konstantins-macbook-pro" duration="00:00:00.0003071" startTime="2025-09-20T12:26:54.4539460+02:00" endTime="2025-09-20T12:26:54.4547460+02:00" testType="13cdc9d9-ddb5-4fa4-a97d-d965ccfc6d4b" outcome="Passed" testListId="8c84fa94-04c1-424b-9868-57a2d4851a1d" relativeResultsDirectory="845e8cd3-c451-4245-966e-de45c4e2530b" />
    <UnitTestResult executionId="e2456fba-4b58-46fa-9443-5fbcbe47cde4" testId="ed93864c-524d-6b65-67c9-c210db0904d0" testName="ManagedCode.Communication.Tests.Results.ResultTFailMethodsTests.ResultT_Fail_WithException_ShouldCreateFailedResultWithInternalServerError" computerName="konstantins-macbook-pro" duration="00:00:00.0001186" startTime="2025-09-20T12:26:54.4021520+02:00" endTime="2025-09-20T12:26:54.4023680+02:00" testType="13cdc9d9-ddb5-4fa4-a97d-d965ccfc6d4b" outcome="Passed" testListId="8c84fa94-04c1-424b-9868-57a2d4851a1d" relativeResultsDirectory="e2456fba-4b58-46fa-9443-5fbcbe47cde4" />
    <UnitTestResult executionId="72f7a815-abd0-4cff-aadd-786a6da10d71" testId="bc0f94a4-fa61-220d-0abf-7116eecf9e5e" testName="ManagedCode.Communication.Tests.CollectionResults.CollectionResultFromMethodsTests.From_RecursiveDataStructure_ShouldHandleCorrectly" computerName="konstantins-macbook-pro" duration="00:00:00.0003234" startTime="2025-09-20T12:26:54.5028580+02:00" endTime="2025-09-20T12:26:54.5035460+02:00" testType="13cdc9d9-ddb5-4fa4-a97d-d965ccfc6d4b" outcome="Passed" testListId="8c84fa94-04c1-424b-9868-57a2d4851a1d" relativeResultsDirectory="72f7a815-abd0-4cff-aadd-786a6da10d71" />
    <UnitTestResult executionId="cf63b579-507a-4886-97c2-080e0fae08d4" testId="a2af3fa3-e3a8-4009-0999-eb6fed122f5b" testName="ManagedCode.Communication.Tests.Results.ResultInvalidMethodsTests.ResultT_Invalid_WithEnumKeyValue_ShouldCreateValidationResultWithAll" computerName="konstantins-macbook-pro" duration="00:00:00.0002126" startTime="2025-09-20T12:26:54.4147710+02:00" endTime="2025-09-20T12:26:54.4149560+02:00" testType="13cdc9d9-ddb5-4fa4-a97d-d965ccfc6d4b" outcome="Passed" testListId="8c84fa94-04c1-424b-9868-57a2d4851a1d" relativeResultsDirectory="cf63b579-507a-4886-97c2-080e0fae08d4" />
    <UnitTestResult executionId="4869da89-8d31-40a3-86cb-dc0d794500ae" testId="dd44fca1-dd49-b0b2-8a87-a1e6c53fc967" testName="ManagedCode.Communication.Tests.ResultExtensionsTests.Else_WithFailedResult_ShouldReturnAlternative" computerName="konstantins-macbook-pro" duration="00:00:00.0001254" startTime="2025-09-20T12:26:54.4356000+02:00" endTime="2025-09-20T12:26:54.4356230+02:00" testType="13cdc9d9-ddb5-4fa4-a97d-d965ccfc6d4b" outcome="Passed" testListId="8c84fa94-04c1-424b-9868-57a2d4851a1d" relativeResultsDirectory="4869da89-8d31-40a3-86cb-dc0d794500ae" />
    <UnitTestResult executionId="3dfedee9-c502-4f3b-9c1c-f6c463e33445" testId="c87e7c49-a9bb-bbb6-248d-9575e1eed4b4" testName="ManagedCode.Communication.Tests.Serialization.ProblemJsonConverterTests.Deserialize_ProblemWithErrorCode_RestoresErrorCode" computerName="konstantins-macbook-pro" duration="00:00:00.0003381" startTime="2025-09-20T12:26:54.4418510+02:00" endTime="2025-09-20T12:26:54.4426510+02:00" testType="13cdc9d9-ddb5-4fa4-a97d-d965ccfc6d4b" outcome="Passed" testListId="8c84fa94-04c1-424b-9868-57a2d4851a1d" relativeResultsDirectory="3dfedee9-c502-4f3b-9c1c-f6c463e33445" />
    <UnitTestResult executionId="379e45af-50f3-4692-82ad-e1d196dc44fb" testId="d60b0409-1fde-d401-ab9b-af1d9d502f8d" testName="ManagedCode.Communication.Tests.Results.ResultExecutionExtensionsTests.From_Task_Canceled_ReturnsTaskCanceledProblem" computerName="konstantins-macbook-pro" duration="00:00:00.0002619" startTime="2025-09-20T12:26:54.4993230+02:00" endTime="2025-09-20T12:26:54.4995550+02:00" testType="13cdc9d9-ddb5-4fa4-a97d-d965ccfc6d4b" outcome="Passed" testListId="8c84fa94-04c1-424b-9868-57a2d4851a1d" relativeResultsDirectory="379e45af-50f3-4692-82ad-e1d196dc44fb" />
    <UnitTestResult executionId="881af56e-2c88-4265-acb4-69b1f46c34f6" testId="c8d77af0-8084-8474-2ecb-63693a6af3aa" testName="ManagedCode.Communication.Tests.Results.ResultStaticHelperMethodsTests.Result_FailValidationT_WithMultipleErrors_ShouldCreateValidationFailedResultTWithAllErrors" computerName="konstantins-macbook-pro" duration="00:00:00.0007695" startTime="2025-09-20T12:26:54.4070650+02:00" endTime="2025-09-20T12:26:54.4101390+02:00" testType="13cdc9d9-ddb5-4fa4-a97d-d965ccfc6d4b" outcome="Passed" testListId="8c84fa94-04c1-424b-9868-57a2d4851a1d" relativeResultsDirectory="881af56e-2c88-4265-acb4-69b1f46c34f6" />
    <UnitTestResult executionId="d908ee94-9b25-4f2f-9fad-82d484009bca" testId="d343945e-2d81-5ae1-7083-4fdee04f6eb8" testName="ManagedCode.Communication.Tests.Serialization.SerializationTests.Problem_ShouldSerializeAndDeserialize" computerName="konstantins-macbook-pro" duration="00:00:00.0008607" startTime="2025-09-20T12:26:54.5037590+02:00" endTime="2025-09-20T12:26:54.5038280+02:00" testType="13cdc9d9-ddb5-4fa4-a97d-d965ccfc6d4b" outcome="Passed" testListId="8c84fa94-04c1-424b-9868-57a2d4851a1d" relativeResultsDirectory="d908ee94-9b25-4f2f-9fad-82d484009bca" />
    <UnitTestResult executionId="2a6f0717-60f2-4ad4-81e8-d9caf0b55e5f" testId="99f446f3-a7b4-6b9c-7383-6521b7b5724d" testName="ManagedCode.Communication.Tests.Results.CollectionResultTests.TotalPages_ShouldCalculateCorrectly" computerName="konstantins-macbook-pro" duration="00:00:00.0000821" startTime="2025-09-20T12:26:54.4769840+02:00" endTime="2025-09-20T12:26:54.4770060+02:00" testType="13cdc9d9-ddb5-4fa4-a97d-d965ccfc6d4b" outcome="Passed" testListId="8c84fa94-04c1-424b-9868-57a2d4851a1d" relativeResultsDirectory="2a6f0717-60f2-4ad4-81e8-d9caf0b55e5f" />
    <UnitTestResult executionId="bbeb67bb-6c72-4c7b-995e-ae01e5a5bf57" testId="828ebdfa-0128-aaf1-8748-bbedc7e269f8" testName="ManagedCode.Communication.Tests.Results.ResultProblemExtensionsTests.ResultT_ToException_WithSuccess_ReturnsNull" computerName="konstantins-macbook-pro" duration="00:00:00.0001430" startTime="2025-09-20T12:26:54.4448520+02:00" endTime="2025-09-20T12:26:54.4449550+02:00" testType="13cdc9d9-ddb5-4fa4-a97d-d965ccfc6d4b" outcome="Passed" testListId="8c84fa94-04c1-424b-9868-57a2d4851a1d" relativeResultsDirectory="bbeb67bb-6c72-4c7b-995e-ae01e5a5bf57" />
    <UnitTestResult executionId="4b68c391-cd7a-4d79-a84c-a321f4c1940f" testId="ae081732-51d9-8f75-bc33-d945304db80b" testName="ManagedCode.Communication.Tests.Results.ResultTests.FailNotFound_ShouldCreateNotFoundResult" computerName="konstantins-macbook-pro" duration="00:00:00.0001353" startTime="2025-09-20T12:26:54.4439770+02:00" endTime="2025-09-20T12:26:54.4441000+02:00" testType="13cdc9d9-ddb5-4fa4-a97d-d965ccfc6d4b" outcome="Passed" testListId="8c84fa94-04c1-424b-9868-57a2d4851a1d" relativeResultsDirectory="4b68c391-cd7a-4d79-a84c-a321f4c1940f" />
    <UnitTestResult executionId="32509be7-ddbc-4525-8b39-9566ad1ae434" testId="f83ad32d-dc7d-a157-ddfe-e571c1f7ccdc" testName="ManagedCode.Communication.Tests.ControllerTests.MiddlewareTests.InvalidDataException" computerName="konstantins-macbook-pro" duration="00:00:00.0012832" startTime="2025-09-20T12:26:55.4253110+02:00" endTime="2025-09-20T12:26:55.4265990+02:00" testType="13cdc9d9-ddb5-4fa4-a97d-d965ccfc6d4b" outcome="Passed" testListId="8c84fa94-04c1-424b-9868-57a2d4851a1d" relativeResultsDirectory="32509be7-ddbc-4525-8b39-9566ad1ae434" />
    <UnitTestResult executionId="98f314a3-0bd1-4445-9f35-3eea5cdf9f72" testId="992bdcd4-f166-3c57-0b74-60a21be4306a" testName="ManagedCode.Communication.Tests.Extensions.AdvancedRailwayExtensionsTests.SwitchFirst_WithMatchingCondition_ExecutesCorrectCase" computerName="konstantins-macbook-pro" duration="00:00:00.0007532" startTime="2025-09-20T12:26:54.4473190+02:00" endTime="2025-09-20T12:26:54.4474310+02:00" testType="13cdc9d9-ddb5-4fa4-a97d-d965ccfc6d4b" outcome="Passed" testListId="8c84fa94-04c1-424b-9868-57a2d4851a1d" relativeResultsDirectory="98f314a3-0bd1-4445-9f35-3eea5cdf9f72" />
    <UnitTestResult executionId="3a1e11d3-1c12-41e2-936c-0f982aa375a3" testId="2965b165-6679-d60b-abea-0abf705caf0c" testName="ManagedCode.Communication.Tests.Extensions.HttpResponseExtensionTests.FromJsonToResult_SuccessStatusCode_WithValidJson_ReturnsSuccessResult" computerName="konstantins-macbook-pro" duration="00:00:00.0540525" startTime="2025-09-20T12:26:54.4066710+02:00" endTime="2025-09-20T12:26:54.4494080+02:00" testType="13cdc9d9-ddb5-4fa4-a97d-d965ccfc6d4b" outcome="Passed" testListId="8c84fa94-04c1-424b-9868-57a2d4851a1d" relativeResultsDirectory="3a1e11d3-1c12-41e2-936c-0f982aa375a3" />
    <UnitTestResult executionId="f6f10de5-ae9f-4d70-aacd-9b7a97f57220" testId="74429bfd-ae1c-e417-c462-fb4e1989918c" testName="ManagedCode.Communication.Tests.CollectionResults.CollectionResultFromMethodsTests.From_ValueTaskReturningEnumerable_ShouldCreateSuccessResult" computerName="konstantins-macbook-pro" duration="00:00:00.0026202" startTime="2025-09-20T12:26:54.6150620+02:00" endTime="2025-09-20T12:26:54.6176520+02:00" testType="13cdc9d9-ddb5-4fa4-a97d-d965ccfc6d4b" outcome="Passed" testListId="8c84fa94-04c1-424b-9868-57a2d4851a1d" relativeResultsDirectory="f6f10de5-ae9f-4d70-aacd-9b7a97f57220" />
    <UnitTestResult executionId="2563236f-c8b9-4764-ab7b-1e50a1aa3648" testId="6583a529-9a0d-8ac6-f31e-1a2e00b4ca32" testName="ManagedCode.Communication.Tests.Orleans.Serialization.ResultSerializationTests.Result_Success_ShouldSerializeCorrectly" computerName="konstantins-macbook-pro" duration="00:00:00.0019600" startTime="2025-09-20T12:26:55.2026100+02:00" endTime="2025-09-20T12:26:55.2047270+02:00" testType="13cdc9d9-ddb5-4fa4-a97d-d965ccfc6d4b" outcome="Passed" testListId="8c84fa94-04c1-424b-9868-57a2d4851a1d" relativeResultsDirectory="2563236f-c8b9-4764-ab7b-1e50a1aa3648" />
    <UnitTestResult executionId="c5b95de4-d53e-4aa4-a1c9-27f8b5210b16" testId="1de860b6-9b89-fb6b-c718-4f454ec9c197" testName="ManagedCode.Communication.Tests.Extensions.ResultConversionExtensionsTests.AsResult_WithNullValue_CreatesSuccessfulResultWithNull" computerName="konstantins-macbook-pro" duration="00:00:00.0000434" startTime="2025-09-20T12:26:54.4023390+02:00" endTime="2025-09-20T12:26:54.4024570+02:00" testType="13cdc9d9-ddb5-4fa4-a97d-d965ccfc6d4b" outcome="Passed" testListId="8c84fa94-04c1-424b-9868-57a2d4851a1d" relativeResultsDirectory="c5b95de4-d53e-4aa4-a1c9-27f8b5210b16" />
    <UnitTestResult executionId="5afe3dfc-dccc-4f91-9e19-fcccf4cfaf32" testId="d0a02f38-518c-0632-7faf-1a71626098e2" testName="ManagedCode.Communication.Tests.Extensions.AdvancedRailwayExtensionsTests.CompensateWith_WithFailure_ReturnsDefaultValue" computerName="konstantins-macbook-pro" duration="00:00:00.0001928" startTime="2025-09-20T12:26:54.4501560+02:00" endTime="2025-09-20T12:26:54.4504180+02:00" testType="13cdc9d9-ddb5-4fa4-a97d-d965ccfc6d4b" outcome="Passed" testListId="8c84fa94-04c1-424b-9868-57a2d4851a1d" relativeResultsDirectory="5afe3dfc-dccc-4f91-9e19-fcccf4cfaf32" />
    <UnitTestResult executionId="451d256c-1dcd-4e3d-b1e1-ca326058adca" testId="b857bdd6-a10b-15bd-502f-d3e99d2d9689" testName="ManagedCode.Communication.Tests.Results.ResultTTests.Map_WithFailedResult_ShouldReturnFailedResult" computerName="konstantins-macbook-pro" duration="00:00:00.0006013" startTime="2025-09-20T12:26:54.3996460+02:00" endTime="2025-09-20T12:26:54.4004340+02:00" testType="13cdc9d9-ddb5-4fa4-a97d-d965ccfc6d4b" outcome="Passed" testListId="8c84fa94-04c1-424b-9868-57a2d4851a1d" relativeResultsDirectory="451d256c-1dcd-4e3d-b1e1-ca326058adca" />
    <UnitTestResult executionId="5e3957f9-c1a6-4530-b5e7-5860bd56c48e" testId="7d7a9479-6bf7-df13-feb4-5692776fefbe" testName="ManagedCode.Communication.Tests.Orleans.Serialization.ResultSerializationTests.ResultT_WithComplexNestedObject_ShouldSerializeCorrectly" computerName="konstantins-macbook-pro" duration="00:00:00.0016055" startTime="2025-09-20T12:26:55.2008880+02:00" endTime="2025-09-20T12:26:55.2025290+02:00" testType="13cdc9d9-ddb5-4fa4-a97d-d965ccfc6d4b" outcome="Passed" testListId="8c84fa94-04c1-424b-9868-57a2d4851a1d" relativeResultsDirectory="5e3957f9-c1a6-4530-b5e7-5860bd56c48e" />
    <UnitTestResult executionId="d0f9e7bc-6796-43a1-b574-b3b8e95b122a" testId="2bcfdb6b-0759-7a92-e549-10d463845162" testName="ManagedCode.Communication.Tests.Results.ResultExecutionExtensionsTests.From_Action_Success_ReturnsSuccess" computerName="konstantins-macbook-pro" duration="00:00:00.0001547" startTime="2025-09-20T12:26:54.4960750+02:00" endTime="2025-09-20T12:26:54.4961740+02:00" testType="13cdc9d9-ddb5-4fa4-a97d-d965ccfc6d4b" outcome="Passed" testListId="8c84fa94-04c1-424b-9868-57a2d4851a1d" relativeResultsDirectory="d0f9e7bc-6796-43a1-b574-b3b8e95b122a" />
    <UnitTestResult executionId="be37a202-b1f8-43a6-8990-924a018bc69c" testId="ca801211-e81b-4246-8165-fc89719685cd" testName="ManagedCode.Communication.Tests.Results.ProblemTests.ErrorCode_SetToNull_ShouldRemoveFromExtensions" computerName="konstantins-macbook-pro" duration="00:00:00.0001459" startTime="2025-09-20T12:26:54.4532390+02:00" endTime="2025-09-20T12:26:54.4534220+02:00" testType="13cdc9d9-ddb5-4fa4-a97d-d965ccfc6d4b" outcome="Passed" testListId="8c84fa94-04c1-424b-9868-57a2d4851a1d" relativeResultsDirectory="be37a202-b1f8-43a6-8990-924a018bc69c" />
    <UnitTestResult executionId="63694c3b-6901-4086-85aa-575a62c044d0" testId="df96f889-695d-6b63-9f03-a599b338bed3" testName="ManagedCode.Communication.Tests.Results.ResultStaticHelperMethodsTests.Result_StaticHelpers_ChainedCalls_ShouldMaintainFailureState" computerName="konstantins-macbook-pro" duration="00:00:00.0008515" startTime="2025-09-20T12:26:54.4039210+02:00" endTime="2025-09-20T12:26:54.4065730+02:00" testType="13cdc9d9-ddb5-4fa4-a97d-d965ccfc6d4b" outcome="Passed" testListId="8c84fa94-04c1-424b-9868-57a2d4851a1d" relativeResultsDirectory="63694c3b-6901-4086-85aa-575a62c044d0" />
    <UnitTestResult executionId="35e7145c-52b5-40b1-8ab0-a930688dc7dc" testId="0b94c3b1-6583-79b8-f011-5229f57a9249" testName="ManagedCode.Communication.Tests.ResultExtensionsTests.Tap_WithSuccessResult_ShouldExecuteAction" computerName="konstantins-macbook-pro" duration="00:00:00.0017448" startTime="2025-09-20T12:26:54.3933290+02:00" endTime="2025-09-20T12:26:54.4011650+02:00" testType="13cdc9d9-ddb5-4fa4-a97d-d965ccfc6d4b" outcome="Passed" testListId="8c84fa94-04c1-424b-9868-57a2d4851a1d" relativeResultsDirectory="35e7145c-52b5-40b1-8ab0-a930688dc7dc" />
    <UnitTestResult executionId="69f2e451-68d1-49df-93ad-4c50bd440203" testId="31ca9980-ed0e-08cd-c05b-6bcca4d5bc72" testName="ManagedCode.Communication.Tests.Results.ResultValueExecutionExtensionsTests.From_FuncValueTask_ReturnsFailureOnException" computerName="konstantins-macbook-pro" duration="00:00:00.0063533" startTime="2025-09-20T12:26:54.4392040+02:00" endTime="2025-09-20T12:26:54.4448800+02:00" testType="13cdc9d9-ddb5-4fa4-a97d-d965ccfc6d4b" outcome="Passed" testListId="8c84fa94-04c1-424b-9868-57a2d4851a1d" relativeResultsDirectory="69f2e451-68d1-49df-93ad-4c50bd440203" />
    <UnitTestResult executionId="b9224a4a-aeb5-488d-a3e9-e4f25542ef3b" testId="20911087-6fbe-2539-1eef-878f4fdeff66" testName="ManagedCode.Communication.Tests.ProblemTests.ProblemCreateMethodsTests.Problem_Create_WithEnumAndStatusCode_ShouldCreateProblemWithErrorCode" computerName="konstantins-macbook-pro" duration="00:00:00.0004921" startTime="2025-09-20T12:26:54.4632960+02:00" endTime="2025-09-20T12:26:54.4633860+02:00" testType="13cdc9d9-ddb5-4fa4-a97d-d965ccfc6d4b" outcome="Passed" testListId="8c84fa94-04c1-424b-9868-57a2d4851a1d" relativeResultsDirectory="b9224a4a-aeb5-488d-a3e9-e4f25542ef3b" />
    <UnitTestResult executionId="44af90fa-7356-4f36-905d-e90cd4cb2bba" testId="c85baa65-9c4c-9bde-b9a8-21453265b599" testName="ManagedCode.Communication.Tests.Extensions.HttpResponseExtensionTests.FromRequestToResult_VariousSuccessCodes_ReturnsSuccessResult(statusCode: Accepted)" computerName="konstantins-macbook-pro" duration="00:00:00.0000029" startTime="2025-09-20T12:26:54.4511070+02:00" endTime="2025-09-20T12:26:54.4511290+02:00" testType="13cdc9d9-ddb5-4fa4-a97d-d965ccfc6d4b" outcome="Passed" testListId="8c84fa94-04c1-424b-9868-57a2d4851a1d" relativeResultsDirectory="44af90fa-7356-4f36-905d-e90cd4cb2bba" />
    <UnitTestResult executionId="faaa64df-63cb-4cd1-addd-f6d330da5543" testId="4ec95413-36ce-2f53-a5aa-0f2f9a590c47" testName="ManagedCode.Communication.Tests.Extensions.HttpResponseExtensionTests.FromRequestToResult_NoContentStatusCode_ReturnsSuccessResult" computerName="konstantins-macbook-pro" duration="00:00:00.0001714" startTime="2025-09-20T12:26:54.4553040+02:00" endTime="2025-09-20T12:26:54.4554860+02:00" testType="13cdc9d9-ddb5-4fa4-a97d-d965ccfc6d4b" outcome="Passed" testListId="8c84fa94-04c1-424b-9868-57a2d4851a1d" relativeResultsDirectory="faaa64df-63cb-4cd1-addd-f6d330da5543" />
    <UnitTestResult executionId="58f685f6-7e61-4d22-bbab-7c1c63c10274" testId="d819f6c8-5a54-63a6-7b21-12a0912e83c8" testName="ManagedCode.Communication.Tests.Results.ResultFailMethodsTests.Result_Fail_WithTitleDetailAndStatus_ShouldCreateFailedResultWithSpecifiedStatus" computerName="konstantins-macbook-pro" duration="00:00:00.0000491" startTime="2025-09-20T12:26:54.4786790+02:00" endTime="2025-09-20T12:26:54.4787050+02:00" testType="13cdc9d9-ddb5-4fa4-a97d-d965ccfc6d4b" outcome="Passed" testListId="8c84fa94-04c1-424b-9868-57a2d4851a1d" relativeResultsDirectory="58f685f6-7e61-4d22-bbab-7c1c63c10274" />
    <UnitTestResult executionId="183a6bc1-d7bd-47c9-9477-3b3ae0ada2c4" testId="edfe0445-7d04-dc18-c1ba-a9d34b86d8ce" testName="ManagedCode.Communication.Tests.Results.ResultStaticHelperMethodsTests.Result_FailT_WithEnum_ShouldCreateFailedResultTWithErrorCode" computerName="konstantins-macbook-pro" duration="00:00:00.0009179" startTime="2025-09-20T12:26:54.4139290+02:00" endTime="2025-09-20T12:26:54.4150630+02:00" testType="13cdc9d9-ddb5-4fa4-a97d-d965ccfc6d4b" outcome="Passed" testListId="8c84fa94-04c1-424b-9868-57a2d4851a1d" relativeResultsDirectory="183a6bc1-d7bd-47c9-9477-3b3ae0ada2c4" />
    <UnitTestResult executionId="3c445b1a-2203-4879-95c9-45393772ab4a" testId="63002f6f-0517-2c24-717b-d2c1e2e53077" testName="ManagedCode.Communication.Tests.Results.ProblemToExceptionErrorTests.ToException_PerformanceTest_ShouldNotTakeExcessiveTime" computerName="konstantins-macbook-pro" duration="00:00:00.0009907" startTime="2025-09-20T12:26:54.4236670+02:00" endTime="2025-09-20T12:26:54.4238830+02:00" testType="13cdc9d9-ddb5-4fa4-a97d-d965ccfc6d4b" outcome="Passed" testListId="8c84fa94-04c1-424b-9868-57a2d4851a1d" relativeResultsDirectory="3c445b1a-2203-4879-95c9-45393772ab4a" />
    <UnitTestResult executionId="f22c0902-6578-48d0-9c66-ca37169a43d5" testId="05e9a149-1ec4-5816-e59a-5ac25d0a3fd4" testName="ManagedCode.Communication.Tests.ControllerTests.MiddlewareTests.UnauthorizedAccess" computerName="konstantins-macbook-pro" duration="00:00:00.0020802" startTime="2025-09-20T12:26:55.4948430+02:00" endTime="2025-09-20T12:26:55.4970020+02:00" testType="13cdc9d9-ddb5-4fa4-a97d-d965ccfc6d4b" outcome="Passed" testListId="8c84fa94-04c1-424b-9868-57a2d4851a1d" relativeResultsDirectory="f22c0902-6578-48d0-9c66-ca37169a43d5" />
    <UnitTestResult executionId="2f37376a-9303-45f6-bd68-7f9b29c39b90" testId="efa28403-4b97-87b5-f2ab-991a214ef2a6" testName="ManagedCode.Communication.Tests.ControllerTests.MiddlewareTests.InvalidDataExceptionSignalR" computerName="konstantins-macbook-pro" duration="00:00:00.0057155" startTime="2025-09-20T12:26:55.4889720+02:00" endTime="2025-09-20T12:26:55.4947630+02:00" testType="13cdc9d9-ddb5-4fa4-a97d-d965ccfc6d4b" outcome="Passed" testListId="8c84fa94-04c1-424b-9868-57a2d4851a1d" relativeResultsDirectory="2f37376a-9303-45f6-bd68-7f9b29c39b90" />
    <UnitTestResult executionId="e825376a-25ae-412e-b9c5-9493044265b6" testId="499e8ee6-89d5-0e97-25ec-3c14300ff7c3" testName="ManagedCode.Communication.Tests.Results.ResultValueExecutionExtensionsTests.From_ValueTask_Faulted_ReturnsFailure" computerName="konstantins-macbook-pro" duration="00:00:00.0027136" startTime="2025-09-20T12:26:54.4329580+02:00" endTime="2025-09-20T12:26:54.4340690+02:00" testType="13cdc9d9-ddb5-4fa4-a97d-d965ccfc6d4b" outcome="Passed" testListId="8c84fa94-04c1-424b-9868-57a2d4851a1d" relativeResultsDirectory="e825376a-25ae-412e-b9c5-9493044265b6" />
    <UnitTestResult executionId="62fc18dd-06db-4875-bad8-20c35e36b421" testId="5efec4de-8ef4-157c-0742-6a313929d03a" testName="ManagedCode.Communication.Tests.Results.ResultInvalidMethodsTests.Result_InvalidT_WithoutParameters_ShouldCreateValidationResult" computerName="konstantins-macbook-pro" duration="00:00:00.0004590" startTime="2025-09-20T12:26:54.4228820+02:00" endTime="2025-09-20T12:26:54.4230550+02:00" testType="13cdc9d9-ddb5-4fa4-a97d-d965ccfc6d4b" outcome="Passed" testListId="8c84fa94-04c1-424b-9868-57a2d4851a1d" relativeResultsDirectory="62fc18dd-06db-4875-bad8-20c35e36b421" />
    <UnitTestResult executionId="08535907-9fbc-4f8c-8ffe-b6c22d57c946" testId="9dcecbc0-db91-7dce-29a5-821593a72922" testName="ManagedCode.Communication.Tests.Extensions.HttpResponseExtensionTests.FromRequestToResult_NullContent_WithErrorStatus_ReturnsFailedResult" computerName="konstantins-macbook-pro" duration="00:00:00.0002157" startTime="2025-09-20T12:26:54.4515880+02:00" endTime="2025-09-20T12:26:54.4518650+02:00" testType="13cdc9d9-ddb5-4fa4-a97d-d965ccfc6d4b" outcome="Passed" testListId="8c84fa94-04c1-424b-9868-57a2d4851a1d" relativeResultsDirectory="08535907-9fbc-4f8c-8ffe-b6c22d57c946" />
    <UnitTestResult executionId="2ccf14fe-0d77-4849-b3ef-d8b574d05ae6" testId="01c73ab9-aad9-cc26-178c-27e0b35f9583" testName="ManagedCode.Communication.Tests.Results.ProblemToExceptionErrorTests.ToException_WithNullDetail_ShouldUseTitle" computerName="konstantins-macbook-pro" duration="00:00:00.0001834" startTime="2025-09-20T12:26:54.4243500+02:00" endTime="2025-09-20T12:26:54.4251520+02:00" testType="13cdc9d9-ddb5-4fa4-a97d-d965ccfc6d4b" outcome="Passed" testListId="8c84fa94-04c1-424b-9868-57a2d4851a1d" relativeResultsDirectory="2ccf14fe-0d77-4849-b3ef-d8b574d05ae6" />
    <UnitTestResult executionId="6806fb1d-a38f-460c-bce1-d90b11cdc90c" testId="2ce5a0ce-9e3f-00a6-801c-dc294a1bcdf2" testName="ManagedCode.Communication.Tests.Results.ResultInvalidMethodsTests.Result_Invalid_WithEnumKeyValue_ShouldCreateValidationResultWithAll" computerName="konstantins-macbook-pro" duration="00:00:00.0001776" startTime="2025-09-20T12:26:54.4204230+02:00" endTime="2025-09-20T12:26:54.4205310+02:00" testType="13cdc9d9-ddb5-4fa4-a97d-d965ccfc6d4b" outcome="Passed" testListId="8c84fa94-04c1-424b-9868-57a2d4851a1d" relativeResultsDirectory="6806fb1d-a38f-460c-bce1-d90b11cdc90c" />
    <UnitTestResult executionId="1feb63e9-d4b5-43f0-a072-5563d5504670" testId="2c4117d2-d5f3-7465-dc4d-12aa228c094e" testName="ManagedCode.Communication.Tests.Extensions.AdvancedRailwayExtensionsTests.Merge_WithAllSuccessful_ReturnsSuccess" computerName="konstantins-macbook-pro" duration="00:00:00.0002941" startTime="2025-09-20T12:26:54.4499150+02:00" endTime="2025-09-20T12:26:54.4501040+02:00" testType="13cdc9d9-ddb5-4fa4-a97d-d965ccfc6d4b" outcome="Passed" testListId="8c84fa94-04c1-424b-9868-57a2d4851a1d" relativeResultsDirectory="1feb63e9-d4b5-43f0-a072-5563d5504670" />
    <UnitTestResult executionId="8609d215-c505-4936-9bb0-710ab2ee2340" testId="ec173942-74cf-fb84-c8bf-7bb7f9f4c8c4" testName="ManagedCode.Communication.Tests.Results.ResultHelperMethodsTests.ResultT_ThrowIfFail_WithSuccess_ShouldReturnFalse" computerName="konstantins-macbook-pro" duration="00:00:00.0000688" startTime="2025-09-20T12:26:54.4993940+02:00" endTime="2025-09-20T12:26:54.4994140+02:00" testType="13cdc9d9-ddb5-4fa4-a97d-d965ccfc6d4b" outcome="Passed" testListId="8c84fa94-04c1-424b-9868-57a2d4851a1d" relativeResultsDirectory="8609d215-c505-4936-9bb0-710ab2ee2340" />
    <UnitTestResult executionId="67c4856e-9718-4b74-8282-4914ccd76b81" testId="ce79d18c-5b2f-a858-0d20-17d538b54c49" testName="ManagedCode.Communication.Tests.Extensions.RailwayExtensionsTests.ComplexChain_SuccessPath_ExecutesAllSteps" computerName="konstantins-macbook-pro" duration="00:00:00.0014742" startTime="2025-09-20T12:26:54.4187800+02:00" endTime="2025-09-20T12:26:54.4197550+02:00" testType="13cdc9d9-ddb5-4fa4-a97d-d965ccfc6d4b" outcome="Passed" testListId="8c84fa94-04c1-424b-9868-57a2d4851a1d" relativeResultsDirectory="67c4856e-9718-4b74-8282-4914ccd76b81" />
    <UnitTestResult executionId="c6e05311-735a-44df-8163-ff5b4ffd6e39" testId="a732ecdf-009d-4fc3-3846-806e90a131ab" testName="ManagedCode.Communication.Tests.CollectionResults.CollectionResultFailMethodsTests.FailNotFound_NoParameters_ShouldCreateNotFoundResult" computerName="konstantins-macbook-pro" duration="00:00:00.0001139" startTime="2025-09-20T12:26:54.4535480+02:00" endTime="2025-09-20T12:26:54.4539740+02:00" testType="13cdc9d9-ddb5-4fa4-a97d-d965ccfc6d4b" outcome="Passed" testListId="8c84fa94-04c1-424b-9868-57a2d4851a1d" relativeResultsDirectory="c6e05311-735a-44df-8163-ff5b4ffd6e39" />
    <UnitTestResult executionId="5b01f370-67f6-4873-8ffe-dcab34de72dd" testId="e20cd443-fa33-bc28-26be-fffb5ab77d26" testName="ManagedCode.Communication.Tests.Results.ResultOperatorsTests.Result_ImplicitOperator_FromException_ShouldCreateFailedResult" computerName="konstantins-macbook-pro" duration="00:00:00.0001702" startTime="2025-09-20T12:26:54.4380860+02:00" endTime="2025-09-20T12:26:54.4381900+02:00" testType="13cdc9d9-ddb5-4fa4-a97d-d965ccfc6d4b" outcome="Passed" testListId="8c84fa94-04c1-424b-9868-57a2d4851a1d" relativeResultsDirectory="5b01f370-67f6-4873-8ffe-dcab34de72dd" />
    <UnitTestResult executionId="748aa7f1-f8e7-4295-b30e-aedc8ff6ba65" testId="92d7240b-67dc-fa2a-1053-63a4cde5f1ef" testName="ManagedCode.Communication.Tests.Results.ProblemTests.FromStatusCode_ShouldCreateProblemFromHttpStatusCode" computerName="konstantins-macbook-pro" duration="00:00:00.0001526" startTime="2025-09-20T12:26:54.4534730+02:00" endTime="2025-09-20T12:26:54.4535700+02:00" testType="13cdc9d9-ddb5-4fa4-a97d-d965ccfc6d4b" outcome="Passed" testListId="8c84fa94-04c1-424b-9868-57a2d4851a1d" relativeResultsDirectory="748aa7f1-f8e7-4295-b30e-aedc8ff6ba65" />
    <UnitTestResult executionId="a3a8b1d5-4faa-4c69-a96f-29005739994f" testId="7f0db5cd-3789-6493-06f2-6838ac79a529" testName="ManagedCode.Communication.Tests.Results.ResultFailMethodsTests.Result_FailNotFound_WithDetail_ShouldCreateNotFoundResultWithCustomDetail" computerName="konstantins-macbook-pro" duration="00:00:00.0000526" startTime="2025-09-20T12:26:54.4773900+02:00" endTime="2025-09-20T12:26:54.4774120+02:00" testType="13cdc9d9-ddb5-4fa4-a97d-d965ccfc6d4b" outcome="Passed" testListId="8c84fa94-04c1-424b-9868-57a2d4851a1d" relativeResultsDirectory="a3a8b1d5-4faa-4c69-a96f-29005739994f" />
    <UnitTestResult executionId="d317cb21-7a5f-4243-9314-e0da9f335b7b" testId="2367f857-59aa-58a4-330a-cf98fe9cbd82" testName="ManagedCode.Communication.Tests.Results.ProblemToExceptionTests.ToException_WithNonExceptionType_ShouldFallbackToProblemException" computerName="konstantins-macbook-pro" duration="00:00:00.0006514" startTime="2025-09-20T12:26:54.4984620+02:00" endTime="2025-09-20T12:26:54.4991520+02:00" testType="13cdc9d9-ddb5-4fa4-a97d-d965ccfc6d4b" outcome="Passed" testListId="8c84fa94-04c1-424b-9868-57a2d4851a1d" relativeResultsDirectory="d317cb21-7a5f-4243-9314-e0da9f335b7b" />
    <UnitTestResult executionId="d2be8231-f769-4667-8920-7ef2580e36ec" testId="249be2e9-9496-34f0-9c66-c56ec297a787" testName="ManagedCode.Communication.Tests.Results.ResultFailMethodsTests.Result_FailForbidden_WithDetail_ShouldCreateForbiddenResultWithCustomDetail" computerName="konstantins-macbook-pro" duration="00:00:00.0000423" startTime="2025-09-20T12:26:54.4789600+02:00" endTime="2025-09-20T12:26:54.4789820+02:00" testType="13cdc9d9-ddb5-4fa4-a97d-d965ccfc6d4b" outcome="Passed" testListId="8c84fa94-04c1-424b-9868-57a2d4851a1d" relativeResultsDirectory="d2be8231-f769-4667-8920-7ef2580e36ec" />
    <UnitTestResult executionId="5ef8eea6-7d92-4355-9894-fdbc01b309f5" testId="55f056e0-84d9-ff7c-3925-1fd61c09713f" testName="ManagedCode.Communication.Tests.Results.CollectionResultInvalidMethodsTests.CollectionResult_Invalid_ChainedValidations_ShouldWorkCorrectly" computerName="konstantins-macbook-pro" duration="00:00:00.0037244" startTime="2025-09-20T12:26:54.4614170+02:00" endTime="2025-09-20T12:26:54.4636560+02:00" testType="13cdc9d9-ddb5-4fa4-a97d-d965ccfc6d4b" outcome="Passed" testListId="8c84fa94-04c1-424b-9868-57a2d4851a1d" relativeResultsDirectory="5ef8eea6-7d92-4355-9894-fdbc01b309f5" />
    <UnitTestResult executionId="05d48dbc-21c8-4e47-b5eb-7ce215a4360e" testId="49e90383-ea67-98d1-9850-3c76b1e1c966" testName="ManagedCode.Communication.Tests.Results.ResultTFailMethodsTests.ResultT_Fail_WithVariousStatusCodes_ShouldSetCorrectStatusCode(statusCode: BadRequest, expectedCode: 400)" computerName="konstantins-macbook-pro" duration="00:00:00.0000790" startTime="2025-09-20T12:26:54.4039690+02:00" endTime="2025-09-20T12:26:54.4039950+02:00" testType="13cdc9d9-ddb5-4fa4-a97d-d965ccfc6d4b" outcome="Passed" testListId="8c84fa94-04c1-424b-9868-57a2d4851a1d" relativeResultsDirectory="05d48dbc-21c8-4e47-b5eb-7ce215a4360e" />
    <UnitTestResult executionId="5f48103f-791f-42eb-82f0-698a5143768e" testId="58ae3268-0514-bfd0-e929-cd5bbcd15459" testName="ManagedCode.Communication.Tests.Extensions.HttpResponseExtensionTests.FromRequestToResult_VariousSuccessCodes_ReturnsSuccessResult(statusCode: NoContent)" computerName="konstantins-macbook-pro" duration="00:00:00.0002058" startTime="2025-09-20T12:26:54.4503180+02:00" endTime="2025-09-20T12:26:54.4508260+02:00" testType="13cdc9d9-ddb5-4fa4-a97d-d965ccfc6d4b" outcome="Passed" testListId="8c84fa94-04c1-424b-9868-57a2d4851a1d" relativeResultsDirectory="5f48103f-791f-42eb-82f0-698a5143768e" />
    <UnitTestResult executionId="724493fe-9944-4f05-b981-a3daab06ec05" testId="343ce4f5-70c5-16b3-2ac5-d8d01c366aab" testName="ManagedCode.Communication.Tests.Results.ResultTests.Try_WithSuccessfulAction_ShouldCreateSuccessfulResult" computerName="konstantins-macbook-pro" duration="00:00:00.0003429" startTime="2025-09-20T12:26:54.4402280+02:00" endTime="2025-09-20T12:26:54.4403340+02:00" testType="13cdc9d9-ddb5-4fa4-a97d-d965ccfc6d4b" outcome="Passed" testListId="8c84fa94-04c1-424b-9868-57a2d4851a1d" relativeResultsDirectory="724493fe-9944-4f05-b981-a3daab06ec05" />
    <UnitTestResult executionId="f617a0b0-c8d4-4091-9151-c3c00684c9a4" testId="b88b04a9-2785-97aa-c842-3b008f5ab60a" testName="ManagedCode.Communication.Tests.Results.ProblemToExceptionErrorTests.ToException_WithExceptionDataContainingComplexTypes_ShouldPreserveSerializableData" computerName="konstantins-macbook-pro" duration="00:00:00.0005444" startTime="2025-09-20T12:26:54.4230320+02:00" endTime="2025-09-20T12:26:54.4235180+02:00" testType="13cdc9d9-ddb5-4fa4-a97d-d965ccfc6d4b" outcome="Passed" testListId="8c84fa94-04c1-424b-9868-57a2d4851a1d" relativeResultsDirectory="f617a0b0-c8d4-4091-9151-c3c00684c9a4" />
    <UnitTestResult executionId="49a7a8b8-26fb-4f64-bbd8-396127617d92" testId="f9970401-1698-33f7-7510-879c47f69eb4" testName="ManagedCode.Communication.Tests.Results.ResultExecutionExtensionsTests.From_Task_Faulted_ReturnsProblemWithExceptionDetails" computerName="konstantins-macbook-pro" duration="00:00:00.0017198" startTime="2025-09-20T12:26:54.4975960+02:00" endTime="2025-09-20T12:26:54.4985970+02:00" testType="13cdc9d9-ddb5-4fa4-a97d-d965ccfc6d4b" outcome="Passed" testListId="8c84fa94-04c1-424b-9868-57a2d4851a1d" relativeResultsDirectory="49a7a8b8-26fb-4f64-bbd8-396127617d92" />
    <UnitTestResult executionId="2028ed0c-695d-4db0-990f-163c27d3bf19" testId="4c5efd82-b666-5ad5-6065-602cf6a7d241" testName="ManagedCode.Communication.Tests.Results.ResultTFailMethodsTests.ResultT_Fail_ChainedOperations_ShouldMaintainFailureState" computerName="konstantins-macbook-pro" duration="00:00:00.0008022" startTime="2025-09-20T12:26:54.3926130+02:00" endTime="2025-09-20T12:26:54.4002240+02:00" testType="13cdc9d9-ddb5-4fa4-a97d-d965ccfc6d4b" outcome="Passed" testListId="8c84fa94-04c1-424b-9868-57a2d4851a1d" relativeResultsDirectory="2028ed0c-695d-4db0-990f-163c27d3bf19" />
    <UnitTestResult executionId="5d026093-5455-4b39-95c4-6f0fe3629afc" testId="c4b29f92-16d2-98d3-cbb9-2e703b5f2766" testName="ManagedCode.Communication.Tests.Results.ResultOperatorsTests.Result_Fail_WithEnum_ShouldCreateFailedResultWithErrorCode" computerName="konstantins-macbook-pro" duration="00:00:00.0004147" startTime="2025-09-20T12:26:54.4390490+02:00" endTime="2025-09-20T12:26:54.4392270+02:00" testType="13cdc9d9-ddb5-4fa4-a97d-d965ccfc6d4b" outcome="Passed" testListId="8c84fa94-04c1-424b-9868-57a2d4851a1d" relativeResultsDirectory="5d026093-5455-4b39-95c4-6f0fe3629afc" />
    <UnitTestResult executionId="fcbd3f1d-1615-4122-ac3c-0ca3d398a097" testId="d4d49c29-9474-ecf3-0071-3ac279f9699d" testName="ManagedCode.Communication.Tests.Serialization.ProblemJsonConverterTests.Serialize_BasicProblem_ProducesCorrectJson" computerName="konstantins-macbook-pro" duration="00:00:00.0000584" startTime="2025-09-20T12:26:54.4416980+02:00" endTime="2025-09-20T12:26:54.4417980+02:00" testType="13cdc9d9-ddb5-4fa4-a97d-d965ccfc6d4b" outcome="Passed" testListId="8c84fa94-04c1-424b-9868-57a2d4851a1d" relativeResultsDirectory="fcbd3f1d-1615-4122-ac3c-0ca3d398a097" />
    <UnitTestResult executionId="851fe44f-1cc8-457b-8a33-5b167e1061e6" testId="47fffb6e-2cd3-bf3d-b66e-3e7091161523" testName="ManagedCode.Communication.Tests.Commands.MemoryCacheCommandIdempotencyStoreTests.TrySetCommandStatusAsync_WhenExpectedDoesNotMatch_DoesNotSetStatusAndReturnsFalse" computerName="konstantins-macbook-pro" duration="00:00:00.0003359" startTime="2025-09-20T12:26:54.5312400+02:00" endTime="2025-09-20T12:26:54.5315490+02:00" testType="13cdc9d9-ddb5-4fa4-a97d-d965ccfc6d4b" outcome="Passed" testListId="8c84fa94-04c1-424b-9868-57a2d4851a1d" relativeResultsDirectory="851fe44f-1cc8-457b-8a33-5b167e1061e6" />
    <UnitTestResult executionId="46385bfd-be84-4ec1-9ba3-f2e48edd0ce0" testId="a37dbed6-65ed-3366-4c41-404cbdef850a" testName="ManagedCode.Communication.Tests.Results.ResultHelperMethodsTests.ResultT_FailNotFound_ShouldCreateNotFoundResult" computerName="konstantins-macbook-pro" duration="00:00:00.0000800" startTime="2025-09-20T12:26:54.4986090+02:00" endTime="2025-09-20T12:26:54.4993450+02:00" testType="13cdc9d9-ddb5-4fa4-a97d-d965ccfc6d4b" outcome="Passed" testListId="8c84fa94-04c1-424b-9868-57a2d4851a1d" relativeResultsDirectory="46385bfd-be84-4ec1-9ba3-f2e48edd0ce0" />
    <UnitTestResult executionId="1304837d-19c9-440b-a583-674404ed93b7" testId="1dab659d-bd89-ec57-ccec-04868b38f679" testName="ManagedCode.Communication.Tests.CollectionResults.CollectionResultFailMethodsTests.FailValidation_WithMultipleErrors_ShouldCreateValidationFailedResultWithAllErrors" computerName="konstantins-macbook-pro" duration="00:00:00.0005013" startTime="2025-09-20T12:26:54.4469660+02:00" endTime="2025-09-20T12:26:54.4473450+02:00" testType="13cdc9d9-ddb5-4fa4-a97d-d965ccfc6d4b" outcome="Passed" testListId="8c84fa94-04c1-424b-9868-57a2d4851a1d" relativeResultsDirectory="1304837d-19c9-440b-a583-674404ed93b7" />
    <UnitTestResult executionId="bc61f073-4eba-4c2e-bfd6-6a508f5d6e2c" testId="5e6eaeac-789b-c31a-2d06-a6b7c6009b63" testName="ManagedCode.Communication.Tests.Extensions.AdvancedRailwayExtensionsTests.Where_WithMatchingPredicate_ReturnsSuccess" computerName="konstantins-macbook-pro" duration="00:00:00.0000904" startTime="2025-09-20T12:26:54.4371890+02:00" endTime="2025-09-20T12:26:54.4372160+02:00" testType="13cdc9d9-ddb5-4fa4-a97d-d965ccfc6d4b" outcome="Passed" testListId="8c84fa94-04c1-424b-9868-57a2d4851a1d" relativeResultsDirectory="bc61f073-4eba-4c2e-bfd6-6a508f5d6e2c" />
    <UnitTestResult executionId="236925a5-d8a9-4f17-b039-727b9f12a207" testId="5d1cd7f9-34f0-feb0-45b5-6480e604717e" testName="ManagedCode.Communication.Tests.ResultExtensionsTests.BindToGeneric_WithSuccessResult_ShouldTransformToResultT" computerName="konstantins-macbook-pro" duration="00:00:00.0001543" startTime="2025-09-20T12:26:54.4356780+02:00" endTime="2025-09-20T12:26:54.4357020+02:00" testType="13cdc9d9-ddb5-4fa4-a97d-d965ccfc6d4b" outcome="Passed" testListId="8c84fa94-04c1-424b-9868-57a2d4851a1d" relativeResultsDirectory="236925a5-d8a9-4f17-b039-727b9f12a207" />
    <UnitTestResult executionId="6dbfbeae-bacd-4fe3-9552-6f466d7cabe3" testId="2d7f5b65-4d8c-deba-d465-b2441aaaa785" testName="ManagedCode.Communication.Tests.Orleans.Serialization.CommandSerializationTests.Command_WithMinimalFields_ShouldSerializeCorrectly" computerName="konstantins-macbook-pro" duration="00:00:00.0009981" startTime="2025-09-20T12:26:55.1842630+02:00" endTime="2025-09-20T12:26:55.1850590+02:00" testType="13cdc9d9-ddb5-4fa4-a97d-d965ccfc6d4b" outcome="Passed" testListId="8c84fa94-04c1-424b-9868-57a2d4851a1d" relativeResultsDirectory="6dbfbeae-bacd-4fe3-9552-6f466d7cabe3" />
    <UnitTestResult executionId="0a78324e-cd3e-4fd8-83a8-76e8d14584f7" testId="93cfea10-487c-2fd1-30d8-938278bfacad" testName="ManagedCode.Communication.Tests.ProblemTests.ProblemCreateMethodsTests.Problem_Create_FromExceptionWithData_ShouldHandleValidKeysOnly" computerName="konstantins-macbook-pro" duration="00:00:00.0001228" startTime="2025-09-20T12:26:54.4583500+02:00" endTime="2025-09-20T12:26:54.4585310+02:00" testType="13cdc9d9-ddb5-4fa4-a97d-d965ccfc6d4b" outcome="Passed" testListId="8c84fa94-04c1-424b-9868-57a2d4851a1d" relativeResultsDirectory="0a78324e-cd3e-4fd8-83a8-76e8d14584f7" />
    <UnitTestResult executionId="68bc821a-09da-4e8b-9c0b-233c83c05c6b" testId="6c36e8fc-eb19-ac2b-e037-50e452248387" testName="ManagedCode.Communication.Tests.CollectionResults.CollectionResultFailMethodsTests.Fail_WithVariousStatusCodes_ShouldSetCorrectStatusCode(statusCode: InternalServerError, expectedCode: 500)" computerName="konstantins-macbook-pro" duration="00:00:00.0000015" startTime="2025-09-20T12:26:54.4468320+02:00" endTime="2025-09-20T12:26:54.4468540+02:00" testType="13cdc9d9-ddb5-4fa4-a97d-d965ccfc6d4b" outcome="Passed" testListId="8c84fa94-04c1-424b-9868-57a2d4851a1d" relativeResultsDirectory="68bc821a-09da-4e8b-9c0b-233c83c05c6b" />
    <UnitTestResult executionId="73b083fb-2265-463c-9c82-efdb2347b236" testId="014c01cc-82ce-1338-64c6-0f60bdc5f380" testName="ManagedCode.Communication.Tests.CollectionResults.CollectionResultFromMethodsTests.From_FuncThrowingException_ShouldCreateFailedResult" computerName="konstantins-macbook-pro" duration="00:00:00.0003488" startTime="2025-09-20T12:26:54.7523770+02:00" endTime="2025-09-20T12:26:54.7526780+02:00" testType="13cdc9d9-ddb5-4fa4-a97d-d965ccfc6d4b" outcome="Passed" testListId="8c84fa94-04c1-424b-9868-57a2d4851a1d" relativeResultsDirectory="73b083fb-2265-463c-9c82-efdb2347b236" />
    <UnitTestResult executionId="02576288-7df2-449a-8a47-c900b030dd81" testId="8bd92cbc-b4a1-3cf0-6835-cad5eb18c15d" testName="ManagedCode.Communication.Tests.AspNetCore.Extensions.ControllerExtensionsTests.ToActionResult_WithVariousStatusCodes_ReturnsCorrectStatusCode(statusCode: 422, title: &quot;Unprocessable Entity&quot;)" computerName="konstantins-macbook-pro" duration="00:00:00.0000907" startTime="2025-09-20T12:26:54.4661930+02:00" endTime="2025-09-20T12:26:54.4662160+02:00" testType="13cdc9d9-ddb5-4fa4-a97d-d965ccfc6d4b" outcome="Passed" testListId="8c84fa94-04c1-424b-9868-57a2d4851a1d" relativeResultsDirectory="02576288-7df2-449a-8a47-c900b030dd81" />
    <UnitTestResult executionId="e89fb015-fe12-4c1a-839c-e58884530a3a" testId="0dc123ac-2efb-3f2f-924d-27dae15c54d0" testName="ManagedCode.Communication.Tests.Results.ResultTTests.ThrowIfFail_WithFailedResult_ShouldThrowProblemException" computerName="konstantins-macbook-pro" duration="00:00:00.0021308" startTime="2025-09-20T12:26:54.4094870+02:00" endTime="2025-09-20T12:26:54.4147990+02:00" testType="13cdc9d9-ddb5-4fa4-a97d-d965ccfc6d4b" outcome="Passed" testListId="8c84fa94-04c1-424b-9868-57a2d4851a1d" relativeResultsDirectory="e89fb015-fe12-4c1a-839c-e58884530a3a" />
    <UnitTestResult executionId="610357f4-24d4-4f52-af08-9ec07d4f7567" testId="bbf811fc-91c4-d67b-1ccb-4aee9c90b997" testName="ManagedCode.Communication.Tests.Results.ResultInvalidMethodsTests.Result_InvalidT_WithMessage_ShouldCreateValidationResultWithMessage" computerName="konstantins-macbook-pro" duration="00:00:00.0002166" startTime="2025-09-20T12:26:54.4199980+02:00" endTime="2025-09-20T12:26:54.4201080+02:00" testType="13cdc9d9-ddb5-4fa4-a97d-d965ccfc6d4b" outcome="Passed" testListId="8c84fa94-04c1-424b-9868-57a2d4851a1d" relativeResultsDirectory="610357f4-24d4-4f52-af08-9ec07d4f7567" />
    <UnitTestResult executionId="cd8953e7-162c-403a-9abc-7b4e23f67ee5" testId="4741d8ac-110a-06c6-3c46-7705a24bc861" testName="ManagedCode.Communication.Tests.Results.ResultValueExecutionExtensionsTests.From_FuncTask_WithCanceledToken_ReturnsFailure" computerName="konstantins-macbook-pro" duration="00:00:00.0018706" startTime="2025-09-20T12:26:54.4381670+02:00" endTime="2025-09-20T12:26:54.4390710+02:00" testType="13cdc9d9-ddb5-4fa4-a97d-d965ccfc6d4b" outcome="Passed" testListId="8c84fa94-04c1-424b-9868-57a2d4851a1d" relativeResultsDirectory="cd8953e7-162c-403a-9abc-7b4e23f67ee5" />
    <UnitTestResult executionId="cf6b8795-10ae-4e55-b2a4-ed788462110a" testId="71c2c6e3-3e9a-c3a1-9360-c0c1796ab5f0" testName="ManagedCode.Communication.Tests.Results.ResultHelperMethodsTests.ResultT_ThrowIfFail_WithFailure_ShouldThrowProblemException" computerName="konstantins-macbook-pro" duration="00:00:00.0001397" startTime="2025-09-20T12:26:54.4748210+02:00" endTime="2025-09-20T12:26:54.4749620+02:00" testType="13cdc9d9-ddb5-4fa4-a97d-d965ccfc6d4b" outcome="Passed" testListId="8c84fa94-04c1-424b-9868-57a2d4851a1d" relativeResultsDirectory="cf6b8795-10ae-4e55-b2a4-ed788462110a" />
    <UnitTestResult executionId="7136cf05-df67-48a5-8b7e-38bc2109bd94" testId="ff152fd0-403e-f4ec-a73e-1cd296d1d014" testName="ManagedCode.Communication.Tests.OrleansTests.GrainClientTests.Result" computerName="konstantins-macbook-pro" duration="00:00:00.0012837" startTime="2025-09-20T12:26:55.5235140+02:00" endTime="2025-09-20T12:26:55.5248640+02:00" testType="13cdc9d9-ddb5-4fa4-a97d-d965ccfc6d4b" outcome="Passed" testListId="8c84fa94-04c1-424b-9868-57a2d4851a1d" relativeResultsDirectory="7136cf05-df67-48a5-8b7e-38bc2109bd94" />
    <UnitTestResult executionId="5cfc1ff5-2973-41b0-a577-d0435df0e1ad" testId="7e46dd07-4366-27a0-3009-4a77bc548fa9" testName="ManagedCode.Communication.Tests.CollectionResults.CollectionResultFromMethodsTests.From_ValueTaskReturningCollectionResult_ShouldReturnSameResult" computerName="konstantins-macbook-pro" duration="00:00:00.0028165" startTime="2025-09-20T12:26:54.7471620+02:00" endTime="2025-09-20T12:26:54.7495390+02:00" testType="13cdc9d9-ddb5-4fa4-a97d-d965ccfc6d4b" outcome="Passed" testListId="8c84fa94-04c1-424b-9868-57a2d4851a1d" relativeResultsDirectory="5cfc1ff5-2973-41b0-a577-d0435df0e1ad" />
    <UnitTestResult executionId="5cedc240-9d97-4140-9bab-6af1ef8b9701" testId="f207e829-2666-5e0b-dea1-e7486da2e6a1" testName="ManagedCode.Communication.Tests.Results.RailwayOrientedProgrammingTests.Try_WithFailingOperation_ShouldReturnFailure" computerName="konstantins-macbook-pro" duration="00:00:00.0008231" startTime="2025-09-20T12:26:54.4699350+02:00" endTime="2025-09-20T12:26:54.4699570+02:00" testType="13cdc9d9-ddb5-4fa4-a97d-d965ccfc6d4b" outcome="Passed" testListId="8c84fa94-04c1-424b-9868-57a2d4851a1d" relativeResultsDirectory="5cedc240-9d97-4140-9bab-6af1ef8b9701" />
    <UnitTestResult executionId="68a4c532-f1dd-4bbf-a863-828dc4e62de8" testId="96f1738f-e2d9-406a-9b7b-fefb5ff95362" testName="ManagedCode.Communication.Tests.Results.ResultTests.Fail_WithProblem_ShouldCreateFailedResult" computerName="konstantins-macbook-pro" duration="00:00:00.0000648" startTime="2025-09-20T12:26:54.4414570+02:00" endTime="2025-09-20T12:26:54.4415650+02:00" testType="13cdc9d9-ddb5-4fa4-a97d-d965ccfc6d4b" outcome="Passed" testListId="8c84fa94-04c1-424b-9868-57a2d4851a1d" relativeResultsDirectory="68a4c532-f1dd-4bbf-a863-828dc4e62de8" />
    <UnitTestResult executionId="2b1f0aef-8c1b-4f74-9031-9c7085175c23" testId="c32c7fae-3b6b-0f87-7334-0ef6b44c9d25" testName="ManagedCode.Communication.Tests.Extensions.AdvancedRailwayExtensionsTests.Compensate_WithFailure_ExecutesRecovery" computerName="konstantins-macbook-pro" duration="00:00:00.0001471" startTime="2025-09-20T12:26:54.4732280+02:00" endTime="2025-09-20T12:26:54.4732580+02:00" testType="13cdc9d9-ddb5-4fa4-a97d-d965ccfc6d4b" outcome="Passed" testListId="8c84fa94-04c1-424b-9868-57a2d4851a1d" relativeResultsDirectory="2b1f0aef-8c1b-4f74-9031-9c7085175c23" />
    <UnitTestResult executionId="97333118-fffd-4fe2-8097-9add7c9c2121" testId="33a7f29f-3064-c7da-2697-0f90413b5ea8" testName="ManagedCode.Communication.Tests.CollectionResults.CollectionResultFromMethodsTests.From_TaskWithDelay_ShouldWaitAndReturnSuccessResult" computerName="konstantins-macbook-pro" duration="00:00:00.0666543" startTime="2025-09-20T12:26:54.6177200+02:00" endTime="2025-09-20T12:26:54.6845080+02:00" testType="13cdc9d9-ddb5-4fa4-a97d-d965ccfc6d4b" outcome="Passed" testListId="8c84fa94-04c1-424b-9868-57a2d4851a1d" relativeResultsDirectory="97333118-fffd-4fe2-8097-9add7c9c2121" />
    <UnitTestResult executionId="61d86834-133a-40da-b7c8-cbd9a8757267" testId="ac40fa17-fca9-f194-2c44-acdc7dd54977" testName="ManagedCode.Communication.Tests.Results.ResultExecutionExtensionsTests.From_FuncValueTask_Exception_ReturnsFailure" computerName="konstantins-macbook-pro" duration="00:00:00.0227258" startTime="2025-09-20T12:26:54.5009150+02:00" endTime="2025-09-20T12:26:54.5016650+02:00" testType="13cdc9d9-ddb5-4fa4-a97d-d965ccfc6d4b" outcome="Passed" testListId="8c84fa94-04c1-424b-9868-57a2d4851a1d" relativeResultsDirectory="61d86834-133a-40da-b7c8-cbd9a8757267" />
    <UnitTestResult executionId="be370e84-5032-4548-a4ea-ae381cb80865" testId="46e12d3a-8ba6-61ba-0ad5-33aaf363f745" testName="ManagedCode.Communication.Tests.Commands.MemoryCacheCommandIdempotencyStoreTests.SetCommandStatusAsync_SetsStatus" computerName="konstantins-macbook-pro" duration="00:00:00.0003378" startTime="2025-09-20T12:26:54.5288230+02:00" endTime="2025-09-20T12:26:54.5292310+02:00" testType="13cdc9d9-ddb5-4fa4-a97d-d965ccfc6d4b" outcome="Passed" testListId="8c84fa94-04c1-424b-9868-57a2d4851a1d" relativeResultsDirectory="be370e84-5032-4548-a4ea-ae381cb80865" />
    <UnitTestResult executionId="08fa0eae-ae94-417d-b096-091fd27d089a" testId="02bf4062-6173-4a68-0596-4bfd52dc36b2" testName="ManagedCode.Communication.Tests.CollectionResults.CollectionResultFromMethodsTests.From_FuncTaskThrowingException_ShouldReturnFailedResult" computerName="konstantins-macbook-pro" duration="00:00:00.0008007" startTime="2025-09-20T12:26:54.7571460+02:00" endTime="2025-09-20T12:26:54.7581320+02:00" testType="13cdc9d9-ddb5-4fa4-a97d-d965ccfc6d4b" outcome="Passed" testListId="8c84fa94-04c1-424b-9868-57a2d4851a1d" relativeResultsDirectory="08fa0eae-ae94-417d-b096-091fd27d089a" />
    <UnitTestResult executionId="e1246c22-206b-48df-a33b-ab79d7991f3b" testId="2c800d9a-9994-7d52-e9ef-f570f34487f0" testName="ManagedCode.Communication.Tests.CollectionResults.CollectionResultFromMethodsTests.From_FuncTaskWithCancellationToken_ShouldCreateSuccessResult" computerName="konstantins-macbook-pro" duration="00:00:00.0125225" startTime="2025-09-20T12:26:54.7353960+02:00" endTime="2025-09-20T12:26:54.7463960+02:00" testType="13cdc9d9-ddb5-4fa4-a97d-d965ccfc6d4b" outcome="Passed" testListId="8c84fa94-04c1-424b-9868-57a2d4851a1d" relativeResultsDirectory="e1246c22-206b-48df-a33b-ab79d7991f3b" />
    <UnitTestResult executionId="2ab6dcf7-0fc7-4de5-954d-7af4e81fd869" testId="8cdb7f81-87b1-9f11-bc65-382e5a57ef43" testName="ManagedCode.Communication.Tests.Results.RailwayOrientedProgrammingTests.ResultTry_WithFailingAction_ShouldReturnFailure" computerName="konstantins-macbook-pro" duration="00:00:00.0001716" startTime="2025-09-20T12:26:54.4682710+02:00" endTime="2025-09-20T12:26:54.4684340+02:00" testType="13cdc9d9-ddb5-4fa4-a97d-d965ccfc6d4b" outcome="Passed" testListId="8c84fa94-04c1-424b-9868-57a2d4851a1d" relativeResultsDirectory="2ab6dcf7-0fc7-4de5-954d-7af4e81fd869" />
    <UnitTestResult executionId="a65eb002-b58e-46ce-843d-493ef92223c9" testId="c9e24a1f-1d61-40a9-0dab-cb17f134e032" testName="ManagedCode.Communication.Tests.Results.ResultFailMethodsTests.Result_Fail_WithVariousStatusCodes_ShouldSetCorrectStatusCode(statusCode: Forbidden, expectedCode: 403)" computerName="konstantins-macbook-pro" duration="00:00:00.0000016" startTime="2025-09-20T12:26:54.4781640+02:00" endTime="2025-09-20T12:26:54.4781860+02:00" testType="13cdc9d9-ddb5-4fa4-a97d-d965ccfc6d4b" outcome="Passed" testListId="8c84fa94-04c1-424b-9868-57a2d4851a1d" relativeResultsDirectory="a65eb002-b58e-46ce-843d-493ef92223c9" />
    <UnitTestResult executionId="1c3df2ed-cfbe-4652-ac36-45fb695e0c70" testId="4ba07ff2-86ed-f85e-fabc-04e7d2882c05" testName="ManagedCode.Communication.Tests.Extensions.RailwayExtensionsTests.Map_FailedResult_DoesNotTransform" computerName="konstantins-macbook-pro" duration="00:00:00.0001059" startTime="2025-09-20T12:26:54.4252800+02:00" endTime="2025-09-20T12:26:54.4253080+02:00" testType="13cdc9d9-ddb5-4fa4-a97d-d965ccfc6d4b" outcome="Passed" testListId="8c84fa94-04c1-424b-9868-57a2d4851a1d" relativeResultsDirectory="1c3df2ed-cfbe-4652-ac36-45fb695e0c70" />
    <UnitTestResult executionId="bb75af55-97a4-4b0a-9533-e31cf89437b0" testId="188e8d5a-d1ed-780a-65de-b236c8d92ecc" testName="ManagedCode.Communication.Tests.AspNetCore.Helpers.HttpStatusCodeHelperTests.GetStatusCodeForException_AspNetSpecificExceptions_ReturnsCorrectStatusCode(exceptionType: typeof(Microsoft.AspNetCore.Http.BadHttpRequestException), expectedStatusCode: BadRequest)" computerName="konstantins-macbook-pro" duration="00:00:00.0000079" startTime="2025-09-20T12:26:54.4652870+02:00" endTime="2025-09-20T12:26:54.4653090+02:00" testType="13cdc9d9-ddb5-4fa4-a97d-d965ccfc6d4b" outcome="Passed" testListId="8c84fa94-04c1-424b-9868-57a2d4851a1d" relativeResultsDirectory="bb75af55-97a4-4b0a-9533-e31cf89437b0" />
    <UnitTestResult executionId="d47714a0-a572-42d1-913a-eafb8012f294" testId="8f7ea0cb-e706-bc87-dc01-c9b8a5a8556e" testName="ManagedCode.Communication.Tests.Extensions.AdvancedRailwayExtensionsTests.OkIf_WithFalseCondition_FailsResult" computerName="konstantins-macbook-pro" duration="00:00:00.0002410" startTime="2025-09-20T12:26:54.4730540+02:00" endTime="2025-09-20T12:26:54.4730800+02:00" testType="13cdc9d9-ddb5-4fa4-a97d-d965ccfc6d4b" outcome="Passed" testListId="8c84fa94-04c1-424b-9868-57a2d4851a1d" relativeResultsDirectory="d47714a0-a572-42d1-913a-eafb8012f294" />
    <UnitTestResult executionId="e8976397-9765-4098-8c88-4c02350a2b4b" testId="ced3317a-f4de-c56d-29ac-20cf03fa04ec" testName="ManagedCode.Communication.Tests.Results.ProblemTests.FromEnum_ShouldCreateProblemFromEnum" computerName="konstantins-macbook-pro" duration="00:00:00.0004055" startTime="2025-09-20T12:26:54.4564100+02:00" endTime="2025-09-20T12:26:54.4571330+02:00" testType="13cdc9d9-ddb5-4fa4-a97d-d965ccfc6d4b" outcome="Passed" testListId="8c84fa94-04c1-424b-9868-57a2d4851a1d" relativeResultsDirectory="e8976397-9765-4098-8c88-4c02350a2b4b" />
    <UnitTestResult executionId="c8f097ee-6eb0-41bb-a8dc-76ebb32feeb9" testId="02db334a-6c5c-72ac-09b6-78c16163fb60" testName="ManagedCode.Communication.Tests.Results.ResultInvalidMethodsTests.Result_InvalidT_WithEnumAndMessage_ShouldCreateValidationResultWithBoth" computerName="konstantins-macbook-pro" duration="00:00:00.0002499" startTime="2025-09-20T12:26:54.4238510+02:00" endTime="2025-09-20T12:26:54.4243790+02:00" testType="13cdc9d9-ddb5-4fa4-a97d-d965ccfc6d4b" outcome="Passed" testListId="8c84fa94-04c1-424b-9868-57a2d4851a1d" relativeResultsDirectory="c8f097ee-6eb0-41bb-a8dc-76ebb32feeb9" />
    <UnitTestResult executionId="b5c46f2c-faf0-40a4-a604-a9b007164eb9" testId="df273bdc-b799-b559-21e2-0d80141c0703" testName="ManagedCode.Communication.Tests.Results.ResultInvalidMethodsTests.Result_Invalid_WithMessage_ShouldCreateValidationResultWithMessage" computerName="konstantins-macbook-pro" duration="00:00:00.0001975" startTime="2025-09-20T12:26:54.4227930+02:00" endTime="2025-09-20T12:26:54.4228160+02:00" testType="13cdc9d9-ddb5-4fa4-a97d-d965ccfc6d4b" outcome="Passed" testListId="8c84fa94-04c1-424b-9868-57a2d4851a1d" relativeResultsDirectory="b5c46f2c-faf0-40a4-a604-a9b007164eb9" />
    <UnitTestResult executionId="26e3e2a7-25c4-4aaf-bdc3-51f6a7aeb57b" testId="c7ef02bf-2396-4de8-1185-78ff54ff8aab" testName="ManagedCode.Communication.Tests.AspNetCore.Extensions.ServiceCollectionExtensionsTests.Communication_Should_Handle_Failed_Result" computerName="konstantins-macbook-pro" duration="00:00:00.0008800" startTime="2025-09-20T12:26:55.4183000+02:00" endTime="2025-09-20T12:26:55.4192540+02:00" testType="13cdc9d9-ddb5-4fa4-a97d-d965ccfc6d4b" outcome="Passed" testListId="8c84fa94-04c1-424b-9868-57a2d4851a1d" relativeResultsDirectory="26e3e2a7-25c4-4aaf-bdc3-51f6a7aeb57b" />
    <UnitTestResult executionId="fa0cd7e3-0f5b-43c4-b6b2-bb8b193b57bd" testId="8f22ce6f-4ac8-d4fe-e6d7-e45c0c472207" testName="ManagedCode.Communication.Tests.Results.ProblemToExceptionTests.ToException_PreservesAllExceptionData" computerName="konstantins-macbook-pro" duration="00:00:00.0001544" startTime="2025-09-20T12:26:54.4982550+02:00" endTime="2025-09-20T12:26:54.4982760+02:00" testType="13cdc9d9-ddb5-4fa4-a97d-d965ccfc6d4b" outcome="Passed" testListId="8c84fa94-04c1-424b-9868-57a2d4851a1d" relativeResultsDirectory="fa0cd7e3-0f5b-43c4-b6b2-bb8b193b57bd" />
    <UnitTestResult executionId="60319685-2963-4181-b1f6-addcb7cb6daa" testId="bed016bd-a122-31d3-dc01-e7d0fe017e6f" testName="ManagedCode.Communication.Tests.Results.ProblemToExceptionErrorTests.ToException_WithAggregateException_ShouldHandleCorrectly" computerName="konstantins-macbook-pro" duration="00:00:00.0002096" startTime="2025-09-20T12:26:54.4215730+02:00" endTime="2025-09-20T12:26:54.4215990+02:00" testType="13cdc9d9-ddb5-4fa4-a97d-d965ccfc6d4b" outcome="Passed" testListId="8c84fa94-04c1-424b-9868-57a2d4851a1d" relativeResultsDirectory="60319685-2963-4181-b1f6-addcb7cb6daa" />
    <UnitTestResult executionId="451ec722-a9fd-4510-9fd1-16b7d13a5fb1" testId="d85f5829-9dcd-6a4b-82f8-5c9a70353087" testName="ManagedCode.Communication.Tests.CollectionResults.CollectionResultFromMethodsTests.From_FuncTaskCollectionResult_ShouldReturnResult" computerName="konstantins-macbook-pro" duration="00:00:00.0120630" startTime="2025-09-20T12:26:54.6868320+02:00" endTime="2025-09-20T12:26:54.6989930+02:00" testType="13cdc9d9-ddb5-4fa4-a97d-d965ccfc6d4b" outcome="Passed" testListId="8c84fa94-04c1-424b-9868-57a2d4851a1d" relativeResultsDirectory="451ec722-a9fd-4510-9fd1-16b7d13a5fb1" />
    <UnitTestResult executionId="61373717-a42c-4ebf-bab3-fc7961d098f8" testId="832db953-3174-9e47-9e79-c9e962a5dc9a" testName="ManagedCode.Communication.Tests.Results.ResultTests.ImplicitOperator_FromBool_True_ShouldCreateSuccessfulResult" computerName="konstantins-macbook-pro" duration="00:00:00.0000671" startTime="2025-09-20T12:26:54.4437750+02:00" endTime="2025-09-20T12:26:54.4437980+02:00" testType="13cdc9d9-ddb5-4fa4-a97d-d965ccfc6d4b" outcome="Passed" testListId="8c84fa94-04c1-424b-9868-57a2d4851a1d" relativeResultsDirectory="61373717-a42c-4ebf-bab3-fc7961d098f8" />
    <UnitTestResult executionId="2e79b06f-1bf6-4a9f-9d70-dd518675cf60" testId="d60e2fbc-d537-5dc4-b314-edebe3b20a8b" testName="ManagedCode.Communication.Tests.Results.ProblemToExceptionErrorTests.ToException_WithCustomExceptionWithoutDefaultConstructor_ShouldFallbackToProblemException" computerName="konstantins-macbook-pro" duration="00:00:00.0002782" startTime="2025-09-20T12:26:54.4220330+02:00" endTime="2025-09-20T12:26:54.4225920+02:00" testType="13cdc9d9-ddb5-4fa4-a97d-d965ccfc6d4b" outcome="Passed" testListId="8c84fa94-04c1-424b-9868-57a2d4851a1d" relativeResultsDirectory="2e79b06f-1bf6-4a9f-9d70-dd518675cf60" />
    <UnitTestResult executionId="dd5468c1-5511-4eb0-a1eb-50c8f661b05f" testId="8891f4eb-c9b0-3e3f-c742-57b774363d63" testName="ManagedCode.Communication.Tests.ControllerTests.MiddlewareTests.FailResult" computerName="konstantins-macbook-pro" duration="00:00:00.0014091" startTime="2025-09-20T12:26:55.4829500+02:00" endTime="2025-09-20T12:26:55.4843790+02:00" testType="13cdc9d9-ddb5-4fa4-a97d-d965ccfc6d4b" outcome="Passed" testListId="8c84fa94-04c1-424b-9868-57a2d4851a1d" relativeResultsDirectory="dd5468c1-5511-4eb0-a1eb-50c8f661b05f" />
    <UnitTestResult executionId="9aec56e0-45a3-451e-8c5f-ab875348d1f1" testId="14204546-6fef-c7d5-1d02-bd489a823e27" testName="ManagedCode.Communication.Tests.Extensions.ProblemExtensionsTests.ToFailedResultT_FromProblem_ShouldCreateFailedResultT" computerName="konstantins-macbook-pro" duration="00:00:00.0001633" startTime="2025-09-20T12:26:54.4419260+02:00" endTime="2025-09-20T12:26:54.4425780+02:00" testType="13cdc9d9-ddb5-4fa4-a97d-d965ccfc6d4b" outcome="Passed" testListId="8c84fa94-04c1-424b-9868-57a2d4851a1d" relativeResultsDirectory="9aec56e0-45a3-451e-8c5f-ab875348d1f1" />
    <UnitTestResult executionId="09d53d0c-9744-4608-a7b2-ba8ccf82d1a3" testId="d0ff1c73-209e-eeb1-2afd-642ead9760a6" testName="ManagedCode.Communication.Tests.CollectionResults.CollectionResultFailMethodsTests.Fail_WithEnumAndDetail_ShouldCreateFailedResultWithErrorCodeAndDetail" computerName="konstantins-macbook-pro" duration="00:00:00.0002259" startTime="2025-09-20T12:26:54.4552150+02:00" endTime="2025-09-20T12:26:54.4553260+02:00" testType="13cdc9d9-ddb5-4fa4-a97d-d965ccfc6d4b" outcome="Passed" testListId="8c84fa94-04c1-424b-9868-57a2d4851a1d" relativeResultsDirectory="09d53d0c-9744-4608-a7b2-ba8ccf82d1a3" />
    <UnitTestResult executionId="f2829d12-da55-4722-b633-8f50db099704" testId="9b3a08e9-51f4-c581-11a3-b1f682c055d4" testName="ManagedCode.Communication.Tests.Extensions.HttpResponseExtensionTests.FromJsonToResult_ErrorStatusCode_ReturnsFailedResult" computerName="konstantins-macbook-pro" duration="00:00:00.0007481" startTime="2025-09-20T12:26:54.4037020+02:00" endTime="2025-09-20T12:26:54.4046580+02:00" testType="13cdc9d9-ddb5-4fa4-a97d-d965ccfc6d4b" outcome="Passed" testListId="8c84fa94-04c1-424b-9868-57a2d4851a1d" relativeResultsDirectory="f2829d12-da55-4722-b633-8f50db099704" />
    <UnitTestResult executionId="2d322b44-bb92-4378-8cf9-222012bd434e" testId="cb90d0c6-55d4-34fc-4dfd-762592dcaa9d" testName="ManagedCode.Communication.Tests.Results.ProblemToExceptionErrorTests.ToException_WithStackTrace_ShouldNotPreserveStackTrace" computerName="konstantins-macbook-pro" duration="00:00:00.0015076" startTime="2025-09-20T12:26:54.4195760+02:00" endTime="2025-09-20T12:26:54.4204500+02:00" testType="13cdc9d9-ddb5-4fa4-a97d-d965ccfc6d4b" outcome="Passed" testListId="8c84fa94-04c1-424b-9868-57a2d4851a1d" relativeResultsDirectory="2d322b44-bb92-4378-8cf9-222012bd434e" />
    <UnitTestResult executionId="5189a9ce-fd93-4d46-b813-1aa88ef44d26" testId="75182c76-38a7-377f-7070-40caa7b382c0" testName="ManagedCode.Communication.Tests.Results.ResultTTests.ImplicitOperator_FromValue_ShouldCreateSuccessfulResult" computerName="konstantins-macbook-pro" duration="00:00:00.0002049" startTime="2025-09-20T12:26:54.4051580+02:00" endTime="2025-09-20T12:26:54.4070890+02:00" testType="13cdc9d9-ddb5-4fa4-a97d-d965ccfc6d4b" outcome="Passed" testListId="8c84fa94-04c1-424b-9868-57a2d4851a1d" relativeResultsDirectory="5189a9ce-fd93-4d46-b813-1aa88ef44d26" />
    <UnitTestResult executionId="577d7bb9-e752-4b96-ade7-e21bfbbe09e0" testId="3a32c1dc-077f-4321-e968-780050a8a9d7" testName="ManagedCode.Communication.Tests.Extensions.HttpResponseExtensionTests.FromRequestToResult_VariousErrorCodes_ReturnsFailedResult(statusCode: Forbidden)" computerName="konstantins-macbook-pro" duration="00:00:00.0000109" startTime="2025-09-20T12:26:54.3997150+02:00" endTime="2025-09-20T12:26:54.3998000+02:00" testType="13cdc9d9-ddb5-4fa4-a97d-d965ccfc6d4b" outcome="Passed" testListId="8c84fa94-04c1-424b-9868-57a2d4851a1d" relativeResultsDirectory="577d7bb9-e752-4b96-ade7-e21bfbbe09e0" />
    <UnitTestResult executionId="019cbbd8-d05d-4727-8f23-3f444b095554" testId="078ca2ce-f079-2c28-76dc-9a1936031e13" testName="ManagedCode.Communication.Tests.Results.ProblemExceptionTests.Constructor_WithValidationProblem_ShouldPopulateValidationErrors" computerName="konstantins-macbook-pro" duration="00:00:00.0003565" startTime="2025-09-20T12:26:54.4602120+02:00" endTime="2025-09-20T12:26:54.4609670+02:00" testType="13cdc9d9-ddb5-4fa4-a97d-d965ccfc6d4b" outcome="Passed" testListId="8c84fa94-04c1-424b-9868-57a2d4851a1d" relativeResultsDirectory="019cbbd8-d05d-4727-8f23-3f444b095554" />
    <UnitTestResult executionId="8f55e527-a4e6-4165-a333-0be47980fefb" testId="e57c6dc4-6a4c-181d-59f0-b2ffb8252047" testName="ManagedCode.Communication.Tests.Extensions.HttpResponseExtensionTests.FromRequestToResult_VariousErrorCodes_ReturnsFailedResult(statusCode: BadRequest)" computerName="konstantins-macbook-pro" duration="00:00:00.0000086" startTime="2025-09-20T12:26:54.3994880+02:00" endTime="2025-09-20T12:26:54.3995120+02:00" testType="13cdc9d9-ddb5-4fa4-a97d-d965ccfc6d4b" outcome="Passed" testListId="8c84fa94-04c1-424b-9868-57a2d4851a1d" relativeResultsDirectory="8f55e527-a4e6-4165-a333-0be47980fefb" />
    <UnitTestResult executionId="fd73175e-bd06-4263-9c76-e37f68cf56c0" testId="db4a1ba0-50c4-f6cd-52e6-befecc6109d1" testName="ManagedCode.Communication.Tests.Results.ProblemCreationExtensionsTests.ToProblem_FromEnum_WithCustomStatusCode_ShouldUseProvidedStatusCode" computerName="konstantins-macbook-pro" duration="00:00:00.0001066" startTime="2025-09-20T12:26:54.4582730+02:00" endTime="2025-09-20T12:26:54.4583750+02:00" testType="13cdc9d9-ddb5-4fa4-a97d-d965ccfc6d4b" outcome="Passed" testListId="8c84fa94-04c1-424b-9868-57a2d4851a1d" relativeResultsDirectory="fd73175e-bd06-4263-9c76-e37f68cf56c0" />
    <UnitTestResult executionId="e05f32ac-4af9-43c4-b6b9-db35fe1980bf" testId="209cac5e-e8da-6f36-97c4-1242230c6ca0" testName="ManagedCode.Communication.Tests.Results.ResultHelperMethodsTests.Result_From_WithException_ShouldReturnFailure" computerName="konstantins-macbook-pro" duration="00:00:00.0001011" startTime="2025-09-20T12:26:54.4750590+02:00" endTime="2025-09-20T12:26:54.4750910+02:00" testType="13cdc9d9-ddb5-4fa4-a97d-d965ccfc6d4b" outcome="Passed" testListId="8c84fa94-04c1-424b-9868-57a2d4851a1d" relativeResultsDirectory="e05f32ac-4af9-43c4-b6b9-db35fe1980bf" />
    <UnitTestResult executionId="70257786-2a95-47e0-83df-0e16258a8a2e" testId="c34e2d2d-a48b-ae91-c587-d47911a907d1" testName="ManagedCode.Communication.Tests.Results.ResultExecutionExtensionsTests.From_ValueTask_Faulted_ReturnsGenericFailure" computerName="konstantins-macbook-pro" duration="00:00:00.0011005" startTime="2025-09-20T12:26:54.4962270+02:00" endTime="2025-09-20T12:26:54.4975430+02:00" testType="13cdc9d9-ddb5-4fa4-a97d-d965ccfc6d4b" outcome="Passed" testListId="8c84fa94-04c1-424b-9868-57a2d4851a1d" relativeResultsDirectory="70257786-2a95-47e0-83df-0e16258a8a2e" />
    <UnitTestResult executionId="56b8ea10-13d0-4c16-8f48-881617542114" testId="0f2cb4e4-d535-dd21-c366-616f0502fa7b" testName="ManagedCode.Communication.Tests.Extensions.ServiceCollectionExtensionsTests.CommunicationLogger_Caching_WorksCorrectly" computerName="konstantins-macbook-pro" duration="00:00:00.0004828" startTime="2025-09-20T12:26:54.4561750+02:00" endTime="2025-09-20T12:26:54.4565720+02:00" testType="13cdc9d9-ddb5-4fa4-a97d-d965ccfc6d4b" outcome="Passed" testListId="8c84fa94-04c1-424b-9868-57a2d4851a1d" relativeResultsDirectory="56b8ea10-13d0-4c16-8f48-881617542114" />
    <UnitTestResult executionId="397c2b62-61cc-4a74-9dc9-c1f411c6922c" testId="b45faf43-dd79-04c9-5445-23da1be779f9" testName="ManagedCode.Communication.Tests.Results.ResultHelperMethodsTests.Result_ThrowIfFail_WithFailure_ShouldThrowProblemException" computerName="konstantins-macbook-pro" duration="00:00:00.0001169" startTime="2025-09-20T12:26:54.5004090+02:00" endTime="2025-09-20T12:26:54.5004310+02:00" testType="13cdc9d9-ddb5-4fa4-a97d-d965ccfc6d4b" outcome="Passed" testListId="8c84fa94-04c1-424b-9868-57a2d4851a1d" relativeResultsDirectory="397c2b62-61cc-4a74-9dc9-c1f411c6922c" />
    <UnitTestResult executionId="5de1b65a-b2b4-402d-8feb-8e33e9007277" testId="4f92ecc3-fdbf-d569-57b7-f3dc0bc79390" testName="ManagedCode.Communication.Tests.Results.ResultTFailMethodsTests.ResultT_Fail_WithInnerException_ShouldPreserveExceptionInfo" computerName="konstantins-macbook-pro" duration="00:00:00.0006119" startTime="2025-09-20T12:26:54.4010010+02:00" endTime="2025-09-20T12:26:54.4017410+02:00" testType="13cdc9d9-ddb5-4fa4-a97d-d965ccfc6d4b" outcome="Passed" testListId="8c84fa94-04c1-424b-9868-57a2d4851a1d" relativeResultsDirectory="5de1b65a-b2b4-402d-8feb-8e33e9007277" />
    <UnitTestResult executionId="dc8e9d9b-4954-438e-9380-1cb4fc4e5fac" testId="df342db9-d835-84be-dabd-9832a44dda8d" testName="ManagedCode.Communication.Tests.Results.ProblemTests.GetErrorCodeAs_WithNoErrorCode_ShouldReturnNull" computerName="konstantins-macbook-pro" duration="00:00:00.0000907" startTime="2025-09-20T12:26:54.4562540+02:00" endTime="2025-09-20T12:26:54.4562760+02:00" testType="13cdc9d9-ddb5-4fa4-a97d-d965ccfc6d4b" outcome="Passed" testListId="8c84fa94-04c1-424b-9868-57a2d4851a1d" relativeResultsDirectory="dc8e9d9b-4954-438e-9380-1cb4fc4e5fac" />
    <UnitTestResult executionId="d571ace3-143f-480d-bab6-879aed840a20" testId="ba73bcf1-6486-473f-ebfb-50eecaf57a0c" testName="ManagedCode.Communication.Tests.Results.RailwayOrientedProgrammingTests.Map_ChainedOperations_ShouldWork" computerName="konstantins-macbook-pro" duration="00:00:00.0003582" startTime="2025-09-20T12:26:54.4689170+02:00" endTime="2025-09-20T12:26:54.4689630+02:00" testType="13cdc9d9-ddb5-4fa4-a97d-d965ccfc6d4b" outcome="Passed" testListId="8c84fa94-04c1-424b-9868-57a2d4851a1d" relativeResultsDirectory="d571ace3-143f-480d-bab6-879aed840a20" />
    <UnitTestResult executionId="a272a60f-b23d-4058-9620-18058ccca086" testId="c7cfa25b-5f84-b4eb-ca51-e666774f7b77" testName="ManagedCode.Communication.Tests.Results.ResultTFailMethodsTests.ResultT_Fail_WithSpecialCharacters_ShouldHandleCorrectly" computerName="konstantins-macbook-pro" duration="00:00:00.0006169" startTime="2025-09-20T12:26:54.4002860+02:00" endTime="2025-09-20T12:26:54.4009420+02:00" testType="13cdc9d9-ddb5-4fa4-a97d-d965ccfc6d4b" outcome="Passed" testListId="8c84fa94-04c1-424b-9868-57a2d4851a1d" relativeResultsDirectory="a272a60f-b23d-4058-9620-18058ccca086" />
    <UnitTestResult executionId="b0d93217-bdc4-4ef7-9968-4d16d731abd1" testId="0d6b088a-4cbb-1e56-2603-e26c92fd9014" testName="ManagedCode.Communication.Tests.Results.CollectionResultInvalidMethodsTests.CollectionResult_Invalid_WithSpecialCharacters_ShouldHandleCorrectly" computerName="konstantins-macbook-pro" duration="00:00:00.0000564" startTime="2025-09-20T12:26:54.4644520+02:00" endTime="2025-09-20T12:26:54.4644810+02:00" testType="13cdc9d9-ddb5-4fa4-a97d-d965ccfc6d4b" outcome="Passed" testListId="8c84fa94-04c1-424b-9868-57a2d4851a1d" relativeResultsDirectory="b0d93217-bdc4-4ef7-9968-4d16d731abd1" />
    <UnitTestResult executionId="689b03aa-b148-4032-9a7c-b149dcfbaaf1" testId="efdeb973-f796-3bbb-78f9-ef2fef0bb698" testName="ManagedCode.Communication.Tests.Extensions.RailwayExtensionsTests.Bind_ResultTToResult_SuccessfulChain" computerName="konstantins-macbook-pro" duration="00:00:00.0007587" startTime="2025-09-20T12:26:54.4111560+02:00" endTime="2025-09-20T12:26:54.4133980+02:00" testType="13cdc9d9-ddb5-4fa4-a97d-d965ccfc6d4b" outcome="Passed" testListId="8c84fa94-04c1-424b-9868-57a2d4851a1d" relativeResultsDirectory="689b03aa-b148-4032-9a7c-b149dcfbaaf1" />
    <UnitTestResult executionId="7d2560a1-34a9-4663-b7f7-03b0b2953f4f" testId="e201321c-6364-817c-50cc-555021426f7e" testName="ManagedCode.Communication.Tests.Extensions.AdvancedRailwayExtensionsTests.Compensate_WithSuccess_DoesNotExecuteRecovery" computerName="konstantins-macbook-pro" duration="00:00:00.0007157" startTime="2025-09-20T12:26:54.4474840+02:00" endTime="2025-09-20T12:26:54.4482860+02:00" testType="13cdc9d9-ddb5-4fa4-a97d-d965ccfc6d4b" outcome="Passed" testListId="8c84fa94-04c1-424b-9868-57a2d4851a1d" relativeResultsDirectory="7d2560a1-34a9-4663-b7f7-03b0b2953f4f" />
    <UnitTestResult executionId="b9026724-71d7-407b-94b5-39ecc2706b37" testId="c2bf73e0-2b43-e613-8fe5-319705841f57" testName="ManagedCode.Communication.Tests.Results.ResultTests.FailValidation_ShouldCreateValidationResult" computerName="konstantins-macbook-pro" duration="00:00:00.0001139" startTime="2025-09-20T12:26:54.4445110+02:00" endTime="2025-09-20T12:26:54.4445340+02:00" testType="13cdc9d9-ddb5-4fa4-a97d-d965ccfc6d4b" outcome="Passed" testListId="8c84fa94-04c1-424b-9868-57a2d4851a1d" relativeResultsDirectory="b9026724-71d7-407b-94b5-39ecc2706b37" />
    <UnitTestResult executionId="7fd3dc52-f30f-43ec-816d-25da266667b3" testId="f98516d9-cd8e-bb0e-7f2e-fb9a3743aba5" testName="ManagedCode.Communication.Tests.Results.ProblemCreationExtensionsTests.ToProblem_FromException_WithCustomStatusCode_ShouldUseProvidedStatusCode" computerName="konstantins-macbook-pro" duration="00:00:00.0000716" startTime="2025-09-20T12:26:54.4590810+02:00" endTime="2025-09-20T12:26:54.4591040+02:00" testType="13cdc9d9-ddb5-4fa4-a97d-d965ccfc6d4b" outcome="Passed" testListId="8c84fa94-04c1-424b-9868-57a2d4851a1d" relativeResultsDirectory="7fd3dc52-f30f-43ec-816d-25da266667b3" />
    <UnitTestResult executionId="889cbf3c-1891-4ac8-aa77-6ba3f2ea4896" testId="6e55e433-431e-430f-5946-55a9c6e99a57" testName="ManagedCode.Communication.Tests.Extensions.RailwayExtensionsTests.BindAsync_SuccessfulResult_ExecutesNext" computerName="konstantins-macbook-pro" duration="00:00:00.0004625" startTime="2025-09-20T12:26:54.4005730+02:00" endTime="2025-09-20T12:26:54.4010270+02:00" testType="13cdc9d9-ddb5-4fa4-a97d-d965ccfc6d4b" outcome="Passed" testListId="8c84fa94-04c1-424b-9868-57a2d4851a1d" relativeResultsDirectory="889cbf3c-1891-4ac8-aa77-6ba3f2ea4896" />
    <UnitTestResult executionId="221f934b-c058-41d6-bd1b-332adbfd3a0d" testId="29839775-d400-0a7a-0eaf-63aa5f9e74a9" testName="ManagedCode.Communication.Tests.CollectionResults.CollectionResultFailMethodsTests.FailValidation_WithSingleError_ShouldCreateValidationFailedResult" computerName="konstantins-macbook-pro" duration="00:00:00.0001450" startTime="2025-09-20T12:26:54.4533980+02:00" endTime="2025-09-20T12:26:54.4534950+02:00" testType="13cdc9d9-ddb5-4fa4-a97d-d965ccfc6d4b" outcome="Passed" testListId="8c84fa94-04c1-424b-9868-57a2d4851a1d" relativeResultsDirectory="221f934b-c058-41d6-bd1b-332adbfd3a0d" />
    <UnitTestResult executionId="01c08d44-4cea-4dba-ac9b-ff67b0ff5815" testId="296230cb-2332-ed3e-7412-3dcdf1d43e62" testName="ManagedCode.Communication.Tests.CollectionResults.CollectionResultFromMethodsTests.From_ComplexTypes_ShouldHandleCorrectly" computerName="konstantins-macbook-pro" duration="00:00:00.0245289" startTime="2025-09-20T12:26:54.6990900+02:00" endTime="2025-09-20T12:26:54.7238100+02:00" testType="13cdc9d9-ddb5-4fa4-a97d-d965ccfc6d4b" outcome="Passed" testListId="8c84fa94-04c1-424b-9868-57a2d4851a1d" relativeResultsDirectory="01c08d44-4cea-4dba-ac9b-ff67b0ff5815" />
    <UnitTestResult executionId="c6e08f2c-9364-41a9-b19f-7531cd5842d8" testId="a446a9ac-cd6d-4eef-b2f8-502eddef1fa4" testName="ManagedCode.Communication.Tests.Orleans.Serialization.ResultSerializationTests.ResultT_WithNullValue_ShouldSerializeCorrectly" computerName="konstantins-macbook-pro" duration="00:00:00.0370841" startTime="2025-09-20T12:26:55.1407230+02:00" endTime="2025-09-20T12:26:55.1773040+02:00" testType="13cdc9d9-ddb5-4fa4-a97d-d965ccfc6d4b" outcome="Passed" testListId="8c84fa94-04c1-424b-9868-57a2d4851a1d" relativeResultsDirectory="c6e08f2c-9364-41a9-b19f-7531cd5842d8" />
    <UnitTestResult executionId="046816eb-1fcd-460d-9415-f3463568789b" testId="db5cf356-60bc-24eb-7ebd-eedff3a8292a" testName="ManagedCode.Communication.Tests.AspNetCore.Extensions.ControllerExtensionsTests.ToActionResult_WithFailedResult_ReturnsCorrectStatusCode" computerName="konstantins-macbook-pro" duration="00:00:00.0009502" startTime="2025-09-20T12:26:54.4670260+02:00" endTime="2025-09-20T12:26:54.4670490+02:00" testType="13cdc9d9-ddb5-4fa4-a97d-d965ccfc6d4b" outcome="Passed" testListId="8c84fa94-04c1-424b-9868-57a2d4851a1d" relativeResultsDirectory="046816eb-1fcd-460d-9415-f3463568789b" />
    <UnitTestResult executionId="4e459285-1429-4f5c-8e75-818665888376" testId="ea1ac2dd-01bc-e3fc-f016-90eb60861333" testName="ManagedCode.Communication.Tests.OrleansTests.GrainClientTests.IntResult" computerName="konstantins-macbook-pro" duration="00:00:00.0059588" startTime="2025-09-20T12:26:55.4984570+02:00" endTime="2025-09-20T12:26:55.5045280+02:00" testType="13cdc9d9-ddb5-4fa4-a97d-d965ccfc6d4b" outcome="Passed" testListId="8c84fa94-04c1-424b-9868-57a2d4851a1d" relativeResultsDirectory="4e459285-1429-4f5c-8e75-818665888376" />
    <UnitTestResult executionId="c1a26bfa-a015-411c-bd18-87118d3362a8" testId="ba29df95-bf9f-060b-dbbc-73646ae65176" testName="ManagedCode.Communication.Tests.Results.ResultExecutionExtensionsTests.AsTask_And_AsValueTask_RoundTripResult" computerName="konstantins-macbook-pro" duration="00:00:00.0003905" startTime="2025-09-20T12:26:54.4991270+02:00" endTime="2025-09-20T12:26:54.4992660+02:00" testType="13cdc9d9-ddb5-4fa4-a97d-d965ccfc6d4b" outcome="Passed" testListId="8c84fa94-04c1-424b-9868-57a2d4851a1d" relativeResultsDirectory="c1a26bfa-a015-411c-bd18-87118d3362a8" />
    <UnitTestResult executionId="4c3dbf2d-d940-4320-8cef-12951935f383" testId="f1930371-f29c-139f-41a8-607d158f22b6" testName="ManagedCode.Communication.Tests.Extensions.RailwayExtensionsTests.Finally_SuccessfulResult_ExecutesAction" computerName="konstantins-macbook-pro" duration="00:00:00.0002776" startTime="2025-09-20T12:26:54.4149960+02:00" endTime="2025-09-20T12:26:54.4156550+02:00" testType="13cdc9d9-ddb5-4fa4-a97d-d965ccfc6d4b" outcome="Passed" testListId="8c84fa94-04c1-424b-9868-57a2d4851a1d" relativeResultsDirectory="4c3dbf2d-d940-4320-8cef-12951935f383" />
    <UnitTestResult executionId="cba448c6-4937-4e64-9d94-99a091fd77fa" testId="2e7f64e0-84e1-b572-6451-e5b58ad3f1b2" testName="ManagedCode.Communication.Tests.Results.ResultFailMethodsTests.Result_Fail_NoParameters_ShouldCreateFailedResult" computerName="konstantins-macbook-pro" duration="00:00:00.0000374" startTime="2025-09-20T12:26:54.4797980+02:00" endTime="2025-09-20T12:26:54.4798240+02:00" testType="13cdc9d9-ddb5-4fa4-a97d-d965ccfc6d4b" outcome="Passed" testListId="8c84fa94-04c1-424b-9868-57a2d4851a1d" relativeResultsDirectory="cba448c6-4937-4e64-9d94-99a091fd77fa" />
    <UnitTestResult executionId="059d0edf-0a0d-426b-b809-28b01596246c" testId="1e89b684-e978-3894-3e18-fc74f760e637" testName="ManagedCode.Communication.Tests.ResultExtensionsTests.Map_WithFailedResult_ShouldPropagateFailure" computerName="konstantins-macbook-pro" duration="00:00:00.0002200" startTime="2025-09-20T12:26:54.4354450+02:00" endTime="2025-09-20T12:26:54.4354680+02:00" testType="13cdc9d9-ddb5-4fa4-a97d-d965ccfc6d4b" outcome="Passed" testListId="8c84fa94-04c1-424b-9868-57a2d4851a1d" relativeResultsDirectory="059d0edf-0a0d-426b-b809-28b01596246c" />
    <UnitTestResult executionId="275b5dab-1610-414b-9b47-6fe72f1ab351" testId="ccd5cfd0-32c3-c2b9-53ed-9209b5a556a0" testName="ManagedCode.Communication.Tests.Extensions.HttpResponseExtensionTests.FromRequestToResult_VariousErrorCodes_ReturnsFailedResult(statusCode: NotFound)" computerName="konstantins-macbook-pro" duration="00:00:00.0000345" startTime="2025-09-20T12:26:54.3995900+02:00" endTime="2025-09-20T12:26:54.3996700+02:00" testType="13cdc9d9-ddb5-4fa4-a97d-d965ccfc6d4b" outcome="Passed" testListId="8c84fa94-04c1-424b-9868-57a2d4851a1d" relativeResultsDirectory="275b5dab-1610-414b-9b47-6fe72f1ab351" />
    <UnitTestResult executionId="275a3d50-671d-437d-bc68-d0c2a7542e1c" testId="3d40653d-19a3-c289-4128-980e5c453274" testName="ManagedCode.Communication.Tests.CollectionResults.CollectionResultFromMethodsTests.From_FuncValueTaskCollectionResult_ShouldReturnResult" computerName="konstantins-macbook-pro" duration="00:00:00.0012274" startTime="2025-09-20T12:26:54.6119350+02:00" endTime="2025-09-20T12:26:54.6131620+02:00" testType="13cdc9d9-ddb5-4fa4-a97d-d965ccfc6d4b" outcome="Passed" testListId="8c84fa94-04c1-424b-9868-57a2d4851a1d" relativeResultsDirectory="275a3d50-671d-437d-bc68-d0c2a7542e1c" />
    <UnitTestResult executionId="9dba1cd8-1656-4c71-b338-283873f73d8c" testId="b105cb98-11fd-dbe0-9cb5-6ee18e7fdb31" testName="ManagedCode.Communication.Tests.Results.ResultFailMethodsTests.Result_Fail_WithVariousStatusCodes_ShouldSetCorrectStatusCode(statusCode: BadRequest, expectedCode: 400)" computerName="konstantins-macbook-pro" duration="00:00:00.0000967" startTime="2025-09-20T12:26:54.4779780+02:00" endTime="2025-09-20T12:26:54.4780660+02:00" testType="13cdc9d9-ddb5-4fa4-a97d-d965ccfc6d4b" outcome="Passed" testListId="8c84fa94-04c1-424b-9868-57a2d4851a1d" relativeResultsDirectory="9dba1cd8-1656-4c71-b338-283873f73d8c" />
    <UnitTestResult executionId="5562ae03-a88e-404a-a501-91e933f5aaaa" testId="f8a940f1-8634-0701-daf3-2dcd1e55555d" testName="ManagedCode.Communication.Tests.Results.ResultTTests.FailNotFound_ShouldCreateNotFoundResult" computerName="konstantins-macbook-pro" duration="00:00:00.0001515" startTime="2025-09-20T12:26:54.4179560+02:00" endTime="2025-09-20T12:26:54.4181470+02:00" testType="13cdc9d9-ddb5-4fa4-a97d-d965ccfc6d4b" outcome="Passed" testListId="8c84fa94-04c1-424b-9868-57a2d4851a1d" relativeResultsDirectory="5562ae03-a88e-404a-a501-91e933f5aaaa" />
    <UnitTestResult executionId="d4d5eb1d-be08-43b9-a5ad-f44769ba48d4" testId="0ca5a090-c010-2565-0f9a-9468b0513425" testName="ManagedCode.Communication.Tests.Results.ResultValueExecutionExtensionsTests.From_Func_ReturnsValue" computerName="konstantins-macbook-pro" duration="00:00:00.0001262" startTime="2025-09-20T12:26:54.4391270+02:00" endTime="2025-09-20T12:26:54.4391490+02:00" testType="13cdc9d9-ddb5-4fa4-a97d-d965ccfc6d4b" outcome="Passed" testListId="8c84fa94-04c1-424b-9868-57a2d4851a1d" relativeResultsDirectory="d4d5eb1d-be08-43b9-a5ad-f44769ba48d4" />
    <UnitTestResult executionId="c7a41705-fc0d-4283-ae46-99314f326ce6" testId="a9d86561-53c8-590d-391e-2656f1b5903c" testName="ManagedCode.Communication.Tests.ResultExtensionsTests.Bind_WithSuccessResult_ShouldExecuteNext" computerName="konstantins-macbook-pro" duration="00:00:00.0002331" startTime="2025-09-20T12:26:54.4319070+02:00" endTime="2025-09-20T12:26:54.4319450+02:00" testType="13cdc9d9-ddb5-4fa4-a97d-d965ccfc6d4b" outcome="Passed" testListId="8c84fa94-04c1-424b-9868-57a2d4851a1d" relativeResultsDirectory="c7a41705-fc0d-4283-ae46-99314f326ce6" />
    <UnitTestResult executionId="9997f6b1-1ed1-4a71-9831-77ab82569a9c" testId="20a5b366-61d2-1b17-1341-93fed7be4651" testName="ManagedCode.Communication.Tests.Results.RailwayOrientedProgrammingTests.Bind_ChainedOperations_ShouldWork" computerName="konstantins-macbook-pro" duration="00:00:00.0001522" startTime="2025-09-20T12:26:54.4698550+02:00" endTime="2025-09-20T12:26:54.4698780+02:00" testType="13cdc9d9-ddb5-4fa4-a97d-d965ccfc6d4b" outcome="Passed" testListId="8c84fa94-04c1-424b-9868-57a2d4851a1d" relativeResultsDirectory="9997f6b1-1ed1-4a71-9831-77ab82569a9c" />
    <UnitTestResult executionId="f5fbe67e-e595-49e5-b033-e6b780be30fa" testId="69beb265-ebe6-f9da-2e10-2e50d1b0f6dd" testName="ManagedCode.Communication.Tests.Results.RailwayOrientedProgrammingTests.Match_WithFailure_ShouldExecuteFailureFunction" computerName="konstantins-macbook-pro" duration="00:00:00.0002357" startTime="2025-09-20T12:26:54.4690290+02:00" endTime="2025-09-20T12:26:54.4690560+02:00" testType="13cdc9d9-ddb5-4fa4-a97d-d965ccfc6d4b" outcome="Passed" testListId="8c84fa94-04c1-424b-9868-57a2d4851a1d" relativeResultsDirectory="f5fbe67e-e595-49e5-b033-e6b780be30fa" />
    <UnitTestResult executionId="fd739fc1-729d-4fc0-ac7a-18ac377ff8f0" testId="18ed10e3-b3b1-05cb-0a5f-0cc844931b21" testName="ManagedCode.Communication.Tests.Results.CollectionResultInvalidMethodsTests.CollectionResult_Invalid_WithKeyValue_ShouldCreateValidationResultWithKeyValue" computerName="konstantins-macbook-pro" duration="00:00:00.0001766" startTime="2025-09-20T12:26:54.4642350+02:00" endTime="2025-09-20T12:26:54.4642590+02:00" testType="13cdc9d9-ddb5-4fa4-a97d-d965ccfc6d4b" outcome="Passed" testListId="8c84fa94-04c1-424b-9868-57a2d4851a1d" relativeResultsDirectory="fd739fc1-729d-4fc0-ac7a-18ac377ff8f0" />
    <UnitTestResult executionId="1643a2bb-b50e-499a-a6a8-8d4ebb63c506" testId="c5101a70-e57e-8026-1c5c-7e3b4083afbc" testName="ManagedCode.Communication.Tests.ProblemTests.ProblemCreateMethodsTests.Problem_Create_WithFlagsEnum_ShouldHandleCorrectly" computerName="konstantins-macbook-pro" duration="00:00:00.0010777" startTime="2025-09-20T12:26:54.4604380+02:00" endTime="2025-09-20T12:26:54.4619850+02:00" testType="13cdc9d9-ddb5-4fa4-a97d-d965ccfc6d4b" outcome="Passed" testListId="8c84fa94-04c1-424b-9868-57a2d4851a1d" relativeResultsDirectory="1643a2bb-b50e-499a-a6a8-8d4ebb63c506" />
    <UnitTestResult executionId="21dd1659-1f3e-4462-bd41-111f2c9bd36e" testId="596cb2c7-925f-827c-4a7a-18628a8a4cb0" testName="ManagedCode.Communication.Tests.Results.ResultExecutionExtensionsTests.From_Action_Exception_ReturnsFailure" computerName="konstantins-macbook-pro" duration="00:00:00.0005682" startTime="2025-09-20T12:26:54.5017150+02:00" endTime="2025-09-20T12:26:54.5018310+02:00" testType="13cdc9d9-ddb5-4fa4-a97d-d965ccfc6d4b" outcome="Passed" testListId="8c84fa94-04c1-424b-9868-57a2d4851a1d" relativeResultsDirectory="21dd1659-1f3e-4462-bd41-111f2c9bd36e" />
    <UnitTestResult executionId="775899e7-0d84-4665-8cc5-b27542bf8a6c" testId="47c73d27-daf8-07a6-9992-33ab057f0562" testName="ManagedCode.Communication.Tests.Results.ResultStaticHelperMethodsTests.Result_FailUnauthorizedT_NoParameters_ShouldCreateUnauthorizedResultT" computerName="konstantins-macbook-pro" duration="00:00:00.0001950" startTime="2025-09-20T12:26:54.4037310+02:00" endTime="2025-09-20T12:26:54.4038430+02:00" testType="13cdc9d9-ddb5-4fa4-a97d-d965ccfc6d4b" outcome="Passed" testListId="8c84fa94-04c1-424b-9868-57a2d4851a1d" relativeResultsDirectory="775899e7-0d84-4665-8cc5-b27542bf8a6c" />
    <UnitTestResult executionId="354d3b3f-9e2e-42fb-8e35-4ee7947883f6" testId="09e23c6d-513f-3f21-c4c1-44bb3aa0bfe8" testName="ManagedCode.Communication.Tests.Results.ResultInvalidMethodsTests.ResultT_Invalid_WithoutParameters_ShouldCreateValidationResult" computerName="konstantins-macbook-pro" duration="00:00:00.0002070" startTime="2025-09-20T12:26:54.4134100+02:00" endTime="2025-09-20T12:26:54.4140910+02:00" testType="13cdc9d9-ddb5-4fa4-a97d-d965ccfc6d4b" outcome="Passed" testListId="8c84fa94-04c1-424b-9868-57a2d4851a1d" relativeResultsDirectory="354d3b3f-9e2e-42fb-8e35-4ee7947883f6" />
    <UnitTestResult executionId="8f1c9f2f-bcb1-4a4e-b2d6-2cbd5872c35d" testId="baa49532-b762-d0bf-3c21-bfb8f673b4c2" testName="ManagedCode.Communication.Tests.ResultExtensionsTests.BindAsync_WithSuccessResult_ShouldExecuteNextAsync" computerName="konstantins-macbook-pro" duration="00:00:00.0037652" startTime="2025-09-20T12:26:54.4358670+02:00" endTime="2025-09-20T12:26:54.4372930+02:00" testType="13cdc9d9-ddb5-4fa4-a97d-d965ccfc6d4b" outcome="Passed" testListId="8c84fa94-04c1-424b-9868-57a2d4851a1d" relativeResultsDirectory="8f1c9f2f-bcb1-4a4e-b2d6-2cbd5872c35d" />
    <UnitTestResult executionId="cb9ce247-23d7-42fe-bf7d-f590e43bb211" testId="c2a0058c-a5cc-3414-d3fc-5639c4dbe702" testName="ManagedCode.Communication.Tests.Results.ResultHelperMethodsTests.ResultT_Match_WithSuccess_ShouldCallOnSuccess" computerName="konstantins-macbook-pro" duration="00:00:00.0001738" startTime="2025-09-20T12:26:54.4983930+02:00" endTime="2025-09-20T12:26:54.4984830+02:00" testType="13cdc9d9-ddb5-4fa4-a97d-d965ccfc6d4b" outcome="Passed" testListId="8c84fa94-04c1-424b-9868-57a2d4851a1d" relativeResultsDirectory="cb9ce247-23d7-42fe-bf7d-f590e43bb211" />
    <UnitTestResult executionId="7c26d7d6-fdb3-4791-a48c-b3c9326d1a77" testId="66076f92-cd02-428b-c3aa-0dc5e5824793" testName="ManagedCode.Communication.Tests.Results.ResultHelperMethodsTests.ResultT_FailValidation_ShouldCreateValidationResult" computerName="konstantins-macbook-pro" duration="00:00:00.0002057" startTime="2025-09-20T12:26:54.4981830+02:00" endTime="2025-09-20T12:26:54.4983440+02:00" testType="13cdc9d9-ddb5-4fa4-a97d-d965ccfc6d4b" outcome="Passed" testListId="8c84fa94-04c1-424b-9868-57a2d4851a1d" relativeResultsDirectory="7c26d7d6-fdb3-4791-a48c-b3c9326d1a77" />
    <UnitTestResult executionId="da3c2d22-fe63-462e-af23-3598d85a01ab" testId="62e72051-f8d9-ba3b-e2f1-4642ab39c81a" testName="ManagedCode.Communication.Tests.Results.CollectionResultInvalidMethodsTests.CollectionResult_Invalid_WithEnum_ShouldCreateValidationResultWithErrorCode" computerName="konstantins-macbook-pro" duration="00:00:00.0001598" startTime="2025-09-20T12:26:54.4643720+02:00" endTime="2025-09-20T12:26:54.4643970+02:00" testType="13cdc9d9-ddb5-4fa4-a97d-d965ccfc6d4b" outcome="Passed" testListId="8c84fa94-04c1-424b-9868-57a2d4851a1d" relativeResultsDirectory="da3c2d22-fe63-462e-af23-3598d85a01ab" />
    <UnitTestResult executionId="ebaa024b-3552-4374-b2eb-9163c7e2bc41" testId="a93a1323-b9ff-8712-08d2-3c1f4cc58bb3" testName="ManagedCode.Communication.Tests.ResultExtensionsTests.Finally_ShouldAlwaysExecute" computerName="konstantins-macbook-pro" duration="00:00:00.0001715" startTime="2025-09-20T12:26:54.4302920+02:00" endTime="2025-09-20T12:26:54.4303560+02:00" testType="13cdc9d9-ddb5-4fa4-a97d-d965ccfc6d4b" outcome="Passed" testListId="8c84fa94-04c1-424b-9868-57a2d4851a1d" relativeResultsDirectory="ebaa024b-3552-4374-b2eb-9163c7e2bc41" />
    <UnitTestResult executionId="20af243e-faa0-4b12-8c7a-5314a30bd3fb" testId="8be0565a-807a-652b-b30e-db28277dd087" testName="ManagedCode.Communication.Tests.Extensions.HttpResponseExtensionTests.FromRequestToResult_ForbiddenStatusCode_ReturnsFailedResult" computerName="konstantins-macbook-pro" duration="00:00:00.0002550" startTime="2025-09-20T12:26:54.4519750+02:00" endTime="2025-09-20T12:26:54.4523210+02:00" testType="13cdc9d9-ddb5-4fa4-a97d-d965ccfc6d4b" outcome="Passed" testListId="8c84fa94-04c1-424b-9868-57a2d4851a1d" relativeResultsDirectory="20af243e-faa0-4b12-8c7a-5314a30bd3fb" />
    <UnitTestResult executionId="a92527fc-8f17-46bb-88b1-d7d1ba6cf89b" testId="dce3fcdf-7249-6248-dfe7-0e19495e103e" testName="ManagedCode.Communication.Tests.Results.ProblemExceptionTests.Constructor_WithTitleOnly_ShouldUseDefaultStatusCodeAndDuplicateDetail" computerName="konstantins-macbook-pro" duration="00:00:00.0000718" startTime="2025-09-20T12:26:54.4611870+02:00" endTime="2025-09-20T12:26:54.4612110+02:00" testType="13cdc9d9-ddb5-4fa4-a97d-d965ccfc6d4b" outcome="Passed" testListId="8c84fa94-04c1-424b-9868-57a2d4851a1d" relativeResultsDirectory="a92527fc-8f17-46bb-88b1-d7d1ba6cf89b" />
    <UnitTestResult executionId="60665489-d1e1-43cc-a8cc-f0bc1d7f1b01" testId="45dd8e8e-d47d-d57f-7363-d2adb3b51e04" testName="ManagedCode.Communication.Tests.Results.ResultTests.FailForbidden_ShouldCreateForbiddenResult" computerName="konstantins-macbook-pro" duration="00:00:00.0001314" startTime="2025-09-20T12:26:54.4447490+02:00" endTime="2025-09-20T12:26:54.4447710+02:00" testType="13cdc9d9-ddb5-4fa4-a97d-d965ccfc6d4b" outcome="Passed" testListId="8c84fa94-04c1-424b-9868-57a2d4851a1d" relativeResultsDirectory="60665489-d1e1-43cc-a8cc-f0bc1d7f1b01" />
    <UnitTestResult executionId="86c42d3e-4620-4d85-9357-9b3b52a8404a" testId="e00fb5a4-e228-98dc-9550-b28f1789a059" testName="ManagedCode.Communication.Tests.CollectionResults.CollectionResultFromMethodsTests.From_GenericFailedCollectionResultWithoutProblem_ShouldReturnFailedResult" computerName="konstantins-macbook-pro" duration="00:00:00.0002455" startTime="2025-09-20T12:26:54.7496240+02:00" endTime="2025-09-20T12:26:54.7498010+02:00" testType="13cdc9d9-ddb5-4fa4-a97d-d965ccfc6d4b" outcome="Passed" testListId="8c84fa94-04c1-424b-9868-57a2d4851a1d" relativeResultsDirectory="86c42d3e-4620-4d85-9357-9b3b52a8404a" />
    <UnitTestResult executionId="5b5ebf71-12bd-40ad-acb7-e99b2e974635" testId="ed5c2593-cfa6-d545-7875-1061dd65dead" testName="ManagedCode.Communication.Tests.Serialization.SerializationTests.CommandT_WithCustomType_ShouldSerializeAndDeserialize" computerName="konstantins-macbook-pro" duration="00:00:00.0209176" startTime="2025-09-20T12:26:54.4517610+02:00" endTime="2025-09-20T12:26:54.4693740+02:00" testType="13cdc9d9-ddb5-4fa4-a97d-d965ccfc6d4b" outcome="Passed" testListId="8c84fa94-04c1-424b-9868-57a2d4851a1d" relativeResultsDirectory="5b5ebf71-12bd-40ad-acb7-e99b2e974635" />
    <UnitTestResult executionId="7c7bcf70-0c70-4233-b91b-abc85c754e34" testId="5b8d597d-a947-799b-c752-623cf741033b" testName="ManagedCode.Communication.Tests.Extensions.AdvancedRailwayExtensionsTests.DoAsync_WithSuccess_ExecutesAsyncAction" computerName="konstantins-macbook-pro" duration="00:00:00.0036155" startTime="2025-09-20T12:26:54.4322080+02:00" endTime="2025-09-20T12:26:54.4331390+02:00" testType="13cdc9d9-ddb5-4fa4-a97d-d965ccfc6d4b" outcome="Passed" testListId="8c84fa94-04c1-424b-9868-57a2d4851a1d" relativeResultsDirectory="7c7bcf70-0c70-4233-b91b-abc85c754e34" />
    <UnitTestResult executionId="f9e0ac41-21d9-4690-9060-acdad7abde11" testId="a5e59568-9809-0546-2c2c-c87f9fc098c3" testName="ManagedCode.Communication.Tests.Results.ResultInvalidMethodsTests.ResultT_Invalid_WithEnum_ShouldCreateValidationResultWithErrorCode" computerName="konstantins-macbook-pro" duration="00:00:00.0002477" startTime="2025-09-20T12:26:54.4219790+02:00" endTime="2025-09-20T12:26:54.4221370+02:00" testType="13cdc9d9-ddb5-4fa4-a97d-d965ccfc6d4b" outcome="Passed" testListId="8c84fa94-04c1-424b-9868-57a2d4851a1d" relativeResultsDirectory="f9e0ac41-21d9-4690-9060-acdad7abde11" />
    <UnitTestResult executionId="c6896a29-dbad-4a9b-81a8-a88cb59432b4" testId="fe4bb424-4fc7-dee4-ff2f-8ee1b89e7d7f" testName="ManagedCode.Communication.Tests.Commands.MemoryCacheCommandIdempotencyStoreTests.GetMultipleStatusAsync_ReturnsStatusForMultipleCommands" computerName="konstantins-macbook-pro" duration="00:00:00.0022804" startTime="2025-09-20T12:26:54.5018100+02:00" endTime="2025-09-20T12:26:54.5022850+02:00" testType="13cdc9d9-ddb5-4fa4-a97d-d965ccfc6d4b" outcome="Passed" testListId="8c84fa94-04c1-424b-9868-57a2d4851a1d" relativeResultsDirectory="c6896a29-dbad-4a9b-81a8-a88cb59432b4" />
    <UnitTestResult executionId="fbef21f9-62ee-4254-abe7-a5926fcea385" testId="14c31508-17e6-4880-b426-ed6fb60b31cf" testName="ManagedCode.Communication.Tests.Results.ResultHelperMethodsTests.Result_From_WithSuccessResult_ShouldReturnSuccess" computerName="konstantins-macbook-pro" duration="00:00:00.0002226" startTime="2025-09-20T12:26:54.4741950+02:00" endTime="2025-09-20T12:26:54.4744630+02:00" testType="13cdc9d9-ddb5-4fa4-a97d-d965ccfc6d4b" outcome="Passed" testListId="8c84fa94-04c1-424b-9868-57a2d4851a1d" relativeResultsDirectory="fbef21f9-62ee-4254-abe7-a5926fcea385" />
    <UnitTestResult executionId="cd025b28-4a20-4457-87e5-c77d8b067407" testId="9e03bf6d-4e75-7d3d-979b-1b27fa078d7d" testName="ManagedCode.Communication.Tests.ResultExtensionsTests.BindGeneric_WithSuccessResult_ShouldChainOperations" computerName="konstantins-macbook-pro" duration="00:00:00.0001471" startTime="2025-09-20T12:26:54.4357570+02:00" endTime="2025-09-20T12:26:54.4357800+02:00" testType="13cdc9d9-ddb5-4fa4-a97d-d965ccfc6d4b" outcome="Passed" testListId="8c84fa94-04c1-424b-9868-57a2d4851a1d" relativeResultsDirectory="cd025b28-4a20-4457-87e5-c77d8b067407" />
    <UnitTestResult executionId="e96bb498-3173-4a30-a6b1-be02c69b85c1" testId="9085edc1-23da-0141-ff53-9bb481ec3c06" testName="ManagedCode.Communication.Tests.Results.ResultOperatorsTests.CollectionResult_Fail_WithEnum_ShouldCreateFailedResultWithErrorCode" computerName="konstantins-macbook-pro" duration="00:00:00.0002643" startTime="2025-09-20T12:26:54.4388980+02:00" endTime="2025-09-20T12:26:54.4389200+02:00" testType="13cdc9d9-ddb5-4fa4-a97d-d965ccfc6d4b" outcome="Passed" testListId="8c84fa94-04c1-424b-9868-57a2d4851a1d" relativeResultsDirectory="e96bb498-3173-4a30-a6b1-be02c69b85c1" />
    <UnitTestResult executionId="689dee07-2a2c-4e5c-8fb2-f66c7c6005e7" testId="4052b285-ee8b-dda1-747f-8fb2d2b5853d" testName="ManagedCode.Communication.Tests.Results.ResultTests.ImplicitOperator_ToBool_ShouldReturnIsSuccess" computerName="konstantins-macbook-pro" duration="00:00:00.0001415" startTime="2025-09-20T12:26:54.4446730+02:00" endTime="2025-09-20T12:26:54.4446960+02:00" testType="13cdc9d9-ddb5-4fa4-a97d-d965ccfc6d4b" outcome="Passed" testListId="8c84fa94-04c1-424b-9868-57a2d4851a1d" relativeResultsDirectory="689dee07-2a2c-4e5c-8fb2-f66c7c6005e7" />
    <UnitTestResult executionId="de8691de-6751-45fc-a85d-a5662fe100f9" testId="4ff25461-925d-2b73-524e-d2fd332c1e39" testName="ManagedCode.Communication.Tests.Results.ProblemTests.ErrorCode_PropertyShouldWorkCorrectly" computerName="konstantins-macbook-pro" duration="00:00:00.0000712" startTime="2025-09-20T12:26:54.4528250+02:00" endTime="2025-09-20T12:26:54.4528460+02:00" testType="13cdc9d9-ddb5-4fa4-a97d-d965ccfc6d4b" outcome="Passed" testListId="8c84fa94-04c1-424b-9868-57a2d4851a1d" relativeResultsDirectory="de8691de-6751-45fc-a85d-a5662fe100f9" />
    <UnitTestResult executionId="88ffd4d7-7d9e-4ff9-968e-17bb9ba2fc87" testId="52ffb89f-308d-1a56-611a-405901acb8cd" testName="ManagedCode.Communication.Tests.Results.ResultValueExecutionExtensionsTests.From_FuncResult_Throws_ReturnsFailure" computerName="konstantins-macbook-pro" duration="00:00:00.0001178" startTime="2025-09-20T12:26:54.4449330+02:00" endTime="2025-09-20T12:26:54.4450280+02:00" testType="13cdc9d9-ddb5-4fa4-a97d-d965ccfc6d4b" outcome="Passed" testListId="8c84fa94-04c1-424b-9868-57a2d4851a1d" relativeResultsDirectory="88ffd4d7-7d9e-4ff9-968e-17bb9ba2fc87" />
    <UnitTestResult executionId="4886eb42-09f0-4a0c-9fe7-d047bb24c764" testId="f76203f6-f127-113c-5b07-212839a96b73" testName="ManagedCode.Communication.Tests.AspNetCore.Extensions.ServiceCollectionExtensionsTests.Communication_Should_Handle_Valid_Model_Validation" computerName="konstantins-macbook-pro" duration="00:00:00.0012104" startTime="2025-09-20T12:26:55.4147800+02:00" endTime="2025-09-20T12:26:55.4160340+02:00" testType="13cdc9d9-ddb5-4fa4-a97d-d965ccfc6d4b" outcome="Passed" testListId="8c84fa94-04c1-424b-9868-57a2d4851a1d" relativeResultsDirectory="4886eb42-09f0-4a0c-9fe7-d047bb24c764" />
    <UnitTestResult executionId="106b1517-7129-406c-82f6-6b149354500d" testId="bcb6a2c1-7c43-e2d1-68fb-4752e36bef88" testName="ManagedCode.Communication.Tests.AspNetCore.Extensions.ServiceCollectionExtensionsTests.Communication_Should_Handle_Successful_Result" computerName="konstantins-macbook-pro" duration="00:00:00.0013070" startTime="2025-09-20T12:26:55.4193540+02:00" endTime="2025-09-20T12:26:55.4206390+02:00" testType="13cdc9d9-ddb5-4fa4-a97d-d965ccfc6d4b" outcome="Passed" testListId="8c84fa94-04c1-424b-9868-57a2d4851a1d" relativeResultsDirectory="106b1517-7129-406c-82f6-6b149354500d" />
    <UnitTestResult executionId="350cb7d4-d338-4e69-8e1f-d0ac1930dc0c" testId="8b9c529a-f659-c89a-aa3e-a5fad6a9fea7" testName="ManagedCode.Communication.Tests.Results.ResultStaticHelperMethodsTests.Result_FailValidationT_WithSingleError_ShouldCreateValidationFailedResultT" computerName="konstantins-macbook-pro" duration="00:00:00.0001051" startTime="2025-09-20T12:26:54.4133120+02:00" endTime="2025-09-20T12:26:54.4135150+02:00" testType="13cdc9d9-ddb5-4fa4-a97d-d965ccfc6d4b" outcome="Passed" testListId="8c84fa94-04c1-424b-9868-57a2d4851a1d" relativeResultsDirectory="350cb7d4-d338-4e69-8e1f-d0ac1930dc0c" />
    <UnitTestResult executionId="605a6a4b-1aa7-40a0-bc87-58b9de46c7b1" testId="d071d2b4-c4a7-1efa-7f89-25ed537b122f" testName="ManagedCode.Communication.Tests.Results.ResultInvalidMethodsTests.Result_InvalidT_WithEnumKeyValue_ShouldCreateValidationResultWithAll" computerName="konstantins-macbook-pro" duration="00:00:00.0005226" startTime="2025-09-20T12:26:54.4197290+02:00" endTime="2025-09-20T12:26:54.4199400+02:00" testType="13cdc9d9-ddb5-4fa4-a97d-d965ccfc6d4b" outcome="Passed" testListId="8c84fa94-04c1-424b-9868-57a2d4851a1d" relativeResultsDirectory="605a6a4b-1aa7-40a0-bc87-58b9de46c7b1" />
    <UnitTestResult executionId="2a294147-fbcd-49eb-98f2-2727125c6f64" testId="5c8cc938-335e-a98a-d80a-ce2a4192fa26" testName="ManagedCode.Communication.Tests.Orleans.Serialization.CommandSerializationTests.CommandT_WithComplexPayload_ShouldSerializeCorrectly" computerName="konstantins-macbook-pro" duration="00:00:00.0022331" startTime="2025-09-20T12:26:55.1979450+02:00" endTime="2025-09-20T12:26:55.2002150+02:00" testType="13cdc9d9-ddb5-4fa4-a97d-d965ccfc6d4b" outcome="Passed" testListId="8c84fa94-04c1-424b-9868-57a2d4851a1d" relativeResultsDirectory="2a294147-fbcd-49eb-98f2-2727125c6f64" />
    <UnitTestResult executionId="6e6ae1cd-249e-4384-a334-c59781c25038" testId="9d26e53f-b338-80dd-562a-e1e68c02f67a" testName="ManagedCode.Communication.Tests.Orleans.Serialization.ResultSerializationTests.Result_WithValidationProblem_ShouldSerializeCorrectly" computerName="konstantins-macbook-pro" duration="00:00:00.0058755" startTime="2025-09-20T12:26:55.1773650+02:00" endTime="2025-09-20T12:26:55.1835420+02:00" testType="13cdc9d9-ddb5-4fa4-a97d-d965ccfc6d4b" outcome="Passed" testListId="8c84fa94-04c1-424b-9868-57a2d4851a1d" relativeResultsDirectory="6e6ae1cd-249e-4384-a334-c59781c25038" />
    <UnitTestResult executionId="81a446e2-17e8-4e2d-871d-6da7e9631282" testId="888b4819-f7ed-7fe6-9deb-65cd848ab917" testName="ManagedCode.Communication.Tests.Results.ResultTFailMethodsTests.ResultT_Fail_WithHttpStatusEnum_ShouldUseEnumValueAsStatusCode" computerName="konstantins-macbook-pro" duration="00:00:00.0010547" startTime="2025-09-20T12:26:54.4045150+02:00" endTime="2025-09-20T12:26:54.4073690+02:00" testType="13cdc9d9-ddb5-4fa4-a97d-d965ccfc6d4b" outcome="Passed" testListId="8c84fa94-04c1-424b-9868-57a2d4851a1d" relativeResultsDirectory="81a446e2-17e8-4e2d-871d-6da7e9631282" />
    <UnitTestResult executionId="e2b59486-ed3d-485f-9f71-a98b3623bb22" testId="c7343c2c-78ed-5e3a-c3ed-259714840c06" testName="ManagedCode.Communication.Tests.Results.ResultTTests.FailValidation_ShouldCreateValidationResult" computerName="konstantins-macbook-pro" duration="00:00:00.0001605" startTime="2025-09-20T12:26:54.4047620+02:00" endTime="2025-09-20T12:26:54.4048690+02:00" testType="13cdc9d9-ddb5-4fa4-a97d-d965ccfc6d4b" outcome="Passed" testListId="8c84fa94-04c1-424b-9868-57a2d4851a1d" relativeResultsDirectory="e2b59486-ed3d-485f-9f71-a98b3623bb22" />
    <UnitTestResult executionId="1505ae6f-a15a-4b6c-ba3b-4a64550e0e69" testId="0fe8d20e-348c-7d20-8e18-4ab370792fe0" testName="ManagedCode.Communication.Tests.CollectionResults.CollectionResultFailMethodsTests.Fail_WithException_ShouldCreateFailedResultWithInternalServerError" computerName="konstantins-macbook-pro" duration="00:00:00.0001630" startTime="2025-09-20T12:26:54.4574170+02:00" endTime="2025-09-20T12:26:54.4575170+02:00" testType="13cdc9d9-ddb5-4fa4-a97d-d965ccfc6d4b" outcome="Passed" testListId="8c84fa94-04c1-424b-9868-57a2d4851a1d" relativeResultsDirectory="1505ae6f-a15a-4b6c-ba3b-4a64550e0e69" />
    <UnitTestResult executionId="756fe863-df95-421d-a917-848acae6d481" testId="44d98ef8-930e-6c96-71e8-5749bf624437" testName="ManagedCode.Communication.Tests.Results.ResultTests.TryGetProblem_WithValidationResult_ShouldReturnTrueAndValidationProblem" computerName="konstantins-macbook-pro" duration="00:00:00.0002882" startTime="2025-09-20T12:26:54.4416200+02:00" endTime="2025-09-20T12:26:54.4419480+02:00" testType="13cdc9d9-ddb5-4fa4-a97d-d965ccfc6d4b" outcome="Passed" testListId="8c84fa94-04c1-424b-9868-57a2d4851a1d" relativeResultsDirectory="756fe863-df95-421d-a917-848acae6d481" />
    <UnitTestResult executionId="2ee95539-471f-4c69-a5df-b8887c8f2619" testId="bd85c34e-1e20-839d-feff-cc7eed9c2e75" testName="ManagedCode.Communication.Tests.Extensions.RailwayExtensionsTests.Bind_SuccessfulResultT_ExecutesBinder" computerName="konstantins-macbook-pro" duration="00:00:00.0008286" startTime="2025-09-20T12:26:54.4140590+02:00" endTime="2025-09-20T12:26:54.4148640+02:00" testType="13cdc9d9-ddb5-4fa4-a97d-d965ccfc6d4b" outcome="Passed" testListId="8c84fa94-04c1-424b-9868-57a2d4851a1d" relativeResultsDirectory="2ee95539-471f-4c69-a5df-b8887c8f2619" />
    <UnitTestResult executionId="edf44148-e91f-4dbc-8e71-2fb8cbaa3a09" testId="88f0c0b5-dc4a-4133-b95e-5ff2d41cf758" testName="ManagedCode.Communication.Tests.AspNetCore.Extensions.ControllerExtensionsTests.ToActionResult_WithVariousStatusCodes_ReturnsCorrectStatusCode(statusCode: 401, title: &quot;Unauthorized&quot;)" computerName="konstantins-macbook-pro" duration="00:00:00.0000037" startTime="2025-09-20T12:26:54.4668000+02:00" endTime="2025-09-20T12:26:54.4668290+02:00" testType="13cdc9d9-ddb5-4fa4-a97d-d965ccfc6d4b" outcome="Passed" testListId="8c84fa94-04c1-424b-9868-57a2d4851a1d" relativeResultsDirectory="edf44148-e91f-4dbc-8e71-2fb8cbaa3a09" />
    <UnitTestResult executionId="bbd91cca-3358-4d3e-b379-6e3780a23fea" testId="08577c9c-2318-302e-4f69-67540b6ebc02" testName="ManagedCode.Communication.Tests.Extensions.ResultConversionExtensionsTests.AsResult_ExplicitTypeSpecification_WorksCorrectly" computerName="konstantins-macbook-pro" duration="00:00:00.0013242" startTime="2025-09-20T12:26:54.4025170+02:00" endTime="2025-09-20T12:26:54.4045410+02:00" testType="13cdc9d9-ddb5-4fa4-a97d-d965ccfc6d4b" outcome="Passed" testListId="8c84fa94-04c1-424b-9868-57a2d4851a1d" relativeResultsDirectory="bbd91cca-3358-4d3e-b379-6e3780a23fea" />
    <UnitTestResult executionId="b06ceb6e-d429-4169-b865-579e72e328da" testId="d49dd8a1-17d1-d140-9564-06903127a2e4" testName="ManagedCode.Communication.Tests.Extensions.AdvancedRailwayExtensionsTests.Merge_WithOneFailure_ReturnsFirstFailure" computerName="konstantins-macbook-pro" duration="00:00:00.0000729" startTime="2025-09-20T12:26:54.4760000+02:00" endTime="2025-09-20T12:26:54.4760270+02:00" testType="13cdc9d9-ddb5-4fa4-a97d-d965ccfc6d4b" outcome="Passed" testListId="8c84fa94-04c1-424b-9868-57a2d4851a1d" relativeResultsDirectory="b06ceb6e-d429-4169-b865-579e72e328da" />
    <UnitTestResult executionId="7ebf27e1-cd7e-480f-8ac7-9d948ab43d74" testId="c13a92d4-2ab4-786d-c78f-fbc74a9bc6bf" testName="ManagedCode.Communication.Tests.CollectionResults.CollectionResultFromMethodsTests.From_FuncReturningLinqQuery_ShouldCreateSuccessResult" computerName="konstantins-macbook-pro" duration="00:00:00.0005012" startTime="2025-09-20T12:26:54.6132700+02:00" endTime="2025-09-20T12:26:54.6136770+02:00" testType="13cdc9d9-ddb5-4fa4-a97d-d965ccfc6d4b" outcome="Passed" testListId="8c84fa94-04c1-424b-9868-57a2d4851a1d" relativeResultsDirectory="7ebf27e1-cd7e-480f-8ac7-9d948ab43d74" />
    <UnitTestResult executionId="96e92c03-fe7e-479f-af6f-17e1eca0810f" testId="1f64ab5a-faee-2124-0bd7-cb77b45af3ab" testName="ManagedCode.Communication.Tests.Results.CollectionResultTests.TryGetProblem_WithSuccessfulResult_ShouldReturnFalse" computerName="konstantins-macbook-pro" duration="00:00:00.0000716" startTime="2025-09-20T12:26:54.4757370+02:00" endTime="2025-09-20T12:26:54.4757610+02:00" testType="13cdc9d9-ddb5-4fa4-a97d-d965ccfc6d4b" outcome="Passed" testListId="8c84fa94-04c1-424b-9868-57a2d4851a1d" relativeResultsDirectory="96e92c03-fe7e-479f-af6f-17e1eca0810f" />
    <UnitTestResult executionId="24b39d33-e25f-4bc5-85ac-11df2f0e1ed4" testId="e9afcaf2-7818-aac4-97f5-27c1d6e7b6c2" testName="ManagedCode.Communication.Tests.CollectionResults.CollectionResultFailMethodsTests.Fail_WithLargeCollection_ShouldPreserveAllItems" computerName="konstantins-macbook-pro" duration="00:00:00.0005070" startTime="2025-09-20T12:26:54.4482630+02:00" endTime="2025-09-20T12:26:54.4485880+02:00" testType="13cdc9d9-ddb5-4fa4-a97d-d965ccfc6d4b" outcome="Passed" testListId="8c84fa94-04c1-424b-9868-57a2d4851a1d" relativeResultsDirectory="24b39d33-e25f-4bc5-85ac-11df2f0e1ed4" />
    <UnitTestResult executionId="ce92399f-52cb-48f5-9dcb-9ad21bb1d693" testId="9d8d30df-7116-4e69-8b1e-8fe0e301647c" testName="ManagedCode.Communication.Tests.Results.ProblemToExceptionErrorTests.ToException_WithArgumentNullException_ShouldReconstructWithMessage" computerName="konstantins-macbook-pro" duration="00:00:00.0000755" startTime="2025-09-20T12:26:54.4214580+02:00" endTime="2025-09-20T12:26:54.4214930+02:00" testType="13cdc9d9-ddb5-4fa4-a97d-d965ccfc6d4b" outcome="Passed" testListId="8c84fa94-04c1-424b-9868-57a2d4851a1d" relativeResultsDirectory="ce92399f-52cb-48f5-9dcb-9ad21bb1d693" />
    <UnitTestResult executionId="9f116dd0-bdbf-42a9-b65c-bafaa1e70799" testId="5eb1535c-6e9b-2066-e811-582a5b611112" testName="ManagedCode.Communication.Tests.Results.ResultProblemExtensionsTests.Result_ToException_WithProblem_ReturnsProblemException" computerName="konstantins-macbook-pro" duration="00:00:00.0000922" startTime="2025-09-20T12:26:54.4457880+02:00" endTime="2025-09-20T12:26:54.4458640+02:00" testType="13cdc9d9-ddb5-4fa4-a97d-d965ccfc6d4b" outcome="Passed" testListId="8c84fa94-04c1-424b-9868-57a2d4851a1d" relativeResultsDirectory="9f116dd0-bdbf-42a9-b65c-bafaa1e70799" />
    <UnitTestResult executionId="d973ba31-42c8-4516-abe3-8a1b895a8502" testId="411e38f1-ebfb-df19-3a3a-707f30f3c5be" testName="ManagedCode.Communication.Tests.Extensions.ServiceCollectionExtensionsTests.ConfigureCommunication_WithLoggerFactory_ConfiguresLoggerAndReturns" computerName="konstantins-macbook-pro" duration="00:00:00.0006780" startTime="2025-09-20T12:26:54.4556660+02:00" endTime="2025-09-20T12:26:54.4561200+02:00" testType="13cdc9d9-ddb5-4fa4-a97d-d965ccfc6d4b" outcome="Passed" testListId="8c84fa94-04c1-424b-9868-57a2d4851a1d" relativeResultsDirectory="d973ba31-42c8-4516-abe3-8a1b895a8502" />
    <UnitTestResult executionId="835ea908-af6e-4c32-a868-7cd39824d7fa" testId="3c2827ec-3bc3-eb98-2459-4650631bf304" testName="ManagedCode.Communication.Tests.Results.ResultValueExecutionExtensionsTests.From_TaskReturningResult_Succeeds" computerName="konstantins-macbook-pro" duration="00:00:00.0002894" startTime="2025-09-20T12:26:54.4327350+02:00" endTime="2025-09-20T12:26:54.4329030+02:00" testType="13cdc9d9-ddb5-4fa4-a97d-d965ccfc6d4b" outcome="Passed" testListId="8c84fa94-04c1-424b-9868-57a2d4851a1d" relativeResultsDirectory="835ea908-af6e-4c32-a868-7cd39824d7fa" />
    <UnitTestResult executionId="827891f6-c339-4520-a3ab-d7b9b754cdc5" testId="01872485-4d81-c916-8cf1-c5a694b29846" testName="ManagedCode.Communication.Tests.Results.RailwayOrientedProgrammingTests.ResultTry_WithSuccessfulAction_ShouldReturnSuccess" computerName="konstantins-macbook-pro" duration="00:00:00.0000980" startTime="2025-09-20T12:26:54.4702460+02:00" endTime="2025-09-20T12:26:54.4702690+02:00" testType="13cdc9d9-ddb5-4fa4-a97d-d965ccfc6d4b" outcome="Passed" testListId="8c84fa94-04c1-424b-9868-57a2d4851a1d" relativeResultsDirectory="827891f6-c339-4520-a3ab-d7b9b754cdc5" />
    <UnitTestResult executionId="af684dc2-8120-4b43-9c03-d9a67ee64efc" testId="311b6c3e-cccf-4b30-e7f9-449c9ecff942" testName="ManagedCode.Communication.Tests.ResultExtensionsTests.TapAsync_WithSuccessResult_ShouldExecuteAsyncAction" computerName="konstantins-macbook-pro" duration="00:00:00.0090419" startTime="2025-09-20T12:26:54.4012410+02:00" endTime="2025-09-20T12:26:54.4234080+02:00" testType="13cdc9d9-ddb5-4fa4-a97d-d965ccfc6d4b" outcome="Passed" testListId="8c84fa94-04c1-424b-9868-57a2d4851a1d" relativeResultsDirectory="af684dc2-8120-4b43-9c03-d9a67ee64efc" />
    <UnitTestResult executionId="f12c4e30-acc6-4605-a97b-d3d15639c789" testId="84c6800a-f289-1899-3a73-99d4070467cb" testName="ManagedCode.Communication.Tests.Results.ProblemCreationExtensionsTests.ToProblem_FromExceptionWithData_ShouldIncludeDataInExtensions" computerName="konstantins-macbook-pro" duration="00:00:00.0001437" startTime="2025-09-20T12:26:54.4579700+02:00" endTime="2025-09-20T12:26:54.4580450+02:00" testType="13cdc9d9-ddb5-4fa4-a97d-d965ccfc6d4b" outcome="Passed" testListId="8c84fa94-04c1-424b-9868-57a2d4851a1d" relativeResultsDirectory="f12c4e30-acc6-4605-a97b-d3d15639c789" />
    <UnitTestResult executionId="8779f58c-be82-4efa-a080-2a7beafcba71" testId="f91416c8-1703-e7ea-8c9a-a92b7bb1d688" testName="ManagedCode.Communication.Tests.Extensions.HttpResponseExtensionTests.FromJsonToResult_NotFoundStatusCode_ReturnsFailedResult" computerName="konstantins-macbook-pro" duration="00:00:00.0003873" startTime="2025-09-20T12:26:54.4047240+02:00" endTime="2025-09-20T12:26:54.4064300+02:00" testType="13cdc9d9-ddb5-4fa4-a97d-d965ccfc6d4b" outcome="Passed" testListId="8c84fa94-04c1-424b-9868-57a2d4851a1d" relativeResultsDirectory="8779f58c-be82-4efa-a080-2a7beafcba71" />
    <UnitTestResult executionId="88da09de-b23f-418a-b77b-817c7aecdcf0" testId="dad72413-ce66-f7c6-62da-d1fb0f77778d" testName="ManagedCode.Communication.Tests.Serialization.SerializationTests.CollectionResult_Failed_ShouldSerializeAndDeserialize" computerName="konstantins-macbook-pro" duration="00:00:00.0425990" startTime="2025-09-20T12:26:54.4254060+02:00" endTime="2025-09-20T12:26:54.4489060+02:00" testType="13cdc9d9-ddb5-4fa4-a97d-d965ccfc6d4b" outcome="Passed" testListId="8c84fa94-04c1-424b-9868-57a2d4851a1d" relativeResultsDirectory="88da09de-b23f-418a-b77b-817c7aecdcf0" />
    <UnitTestResult executionId="d03412dd-f0e3-4ce4-9920-e10902859be8" testId="940e757e-482b-7683-9fbd-545c899eab41" testName="ManagedCode.Communication.Tests.Results.ResultTFailMethodsTests.ResultT_Fail_WithNullValue_ShouldCreateFailedResultWithNull" computerName="konstantins-macbook-pro" duration="00:00:00.0000747" startTime="2025-09-20T12:26:54.4191140+02:00" endTime="2025-09-20T12:26:54.4192070+02:00" testType="13cdc9d9-ddb5-4fa4-a97d-d965ccfc6d4b" outcome="Passed" testListId="8c84fa94-04c1-424b-9868-57a2d4851a1d" relativeResultsDirectory="d03412dd-f0e3-4ce4-9920-e10902859be8" />
    <UnitTestResult executionId="a0a9e0db-0543-470c-ab24-8dd617ac6c2c" testId="65200420-42ce-b190-7ff7-7b164ff1ec76" testName="ManagedCode.Communication.Tests.Results.ResultTests.TryGetProblem_WithSuccessfulResult_ShouldReturnFalse" computerName="konstantins-macbook-pro" duration="00:00:00.0000331" startTime="2025-09-20T12:26:54.4444300+02:00" endTime="2025-09-20T12:26:54.4444560+02:00" testType="13cdc9d9-ddb5-4fa4-a97d-d965ccfc6d4b" outcome="Passed" testListId="8c84fa94-04c1-424b-9868-57a2d4851a1d" relativeResultsDirectory="a0a9e0db-0543-470c-ab24-8dd617ac6c2c" />
    <UnitTestResult executionId="1de65070-74e8-4ad3-bfa5-6be27e914e84" testId="64430dc0-d0ec-3630-f4dc-3035b3446fe0" testName="ManagedCode.Communication.Tests.Serialization.SerializationTests.CommandT_WithValue_ShouldSerializeAndDeserialize" computerName="konstantins-macbook-pro" duration="00:00:00.0013792" startTime="2025-09-20T12:26:54.5038780+02:00" endTime="2025-09-20T12:26:54.5045870+02:00" testType="13cdc9d9-ddb5-4fa4-a97d-d965ccfc6d4b" outcome="Passed" testListId="8c84fa94-04c1-424b-9868-57a2d4851a1d" relativeResultsDirectory="1de65070-74e8-4ad3-bfa5-6be27e914e84" />
    <UnitTestResult executionId="cad3085a-dd36-46f3-99e9-5a0c2b5acba4" testId="12ea67ca-37c0-f0fd-c942-d620dd5f1649" testName="ManagedCode.Communication.Tests.Results.ResultHelperMethodsTests.ResultT_Try_WithSuccessfulFunc_ShouldReturnSuccessWithValue" computerName="konstantins-macbook-pro" duration="00:00:00.0000882" startTime="2025-09-20T12:26:54.4967190+02:00" endTime="2025-09-20T12:26:54.4967400+02:00" testType="13cdc9d9-ddb5-4fa4-a97d-d965ccfc6d4b" outcome="Passed" testListId="8c84fa94-04c1-424b-9868-57a2d4851a1d" relativeResultsDirectory="cad3085a-dd36-46f3-99e9-5a0c2b5acba4" />
    <UnitTestResult executionId="26dc62a2-ae27-4510-8584-ecd8114d3e5b" testId="6e767f96-9226-7d9c-988b-ea75a4b8e156" testName="ManagedCode.Communication.Tests.Results.ResultFailMethodsTests.Result_Fail_WithEnumAndStatus_ShouldCreateFailedResultWithErrorCodeAndStatus" computerName="konstantins-macbook-pro" duration="00:00:00.0003973" startTime="2025-09-20T12:26:54.4961510+02:00" endTime="2025-09-20T12:26:54.4962470+02:00" testType="13cdc9d9-ddb5-4fa4-a97d-d965ccfc6d4b" outcome="Passed" testListId="8c84fa94-04c1-424b-9868-57a2d4851a1d" relativeResultsDirectory="26dc62a2-ae27-4510-8584-ecd8114d3e5b" />
    <UnitTestResult executionId="40d661e1-4966-49cb-a58b-d27ffcf11b04" testId="08207ca9-c0ba-e0cc-e9e6-34d7f89fcf5e" testName="ManagedCode.Communication.Tests.Extensions.ProblemExtensionsTests.AddInvalidMessage_WithGeneralMessage_ShouldAddToGeneralErrors" computerName="konstantins-macbook-pro" duration="00:00:00.0000737" startTime="2025-09-20T12:26:54.4429350+02:00" endTime="2025-09-20T12:26:54.4429590+02:00" testType="13cdc9d9-ddb5-4fa4-a97d-d965ccfc6d4b" outcome="Passed" testListId="8c84fa94-04c1-424b-9868-57a2d4851a1d" relativeResultsDirectory="40d661e1-4966-49cb-a58b-d27ffcf11b04" />
    <UnitTestResult executionId="847c500a-b06b-4b85-bfeb-e8417a110533" testId="c5027c1a-9b50-9f43-2228-adeb647f513f" testName="ManagedCode.Communication.Tests.Results.ProblemCreationExtensionsTests.ToProblem_FromEnum_WithHttpStatusCode_ShouldUseProvidedStatusCode" computerName="konstantins-macbook-pro" duration="00:00:00.0001353" startTime="2025-09-20T12:26:54.4574940+02:00" endTime="2025-09-20T12:26:54.4575950+02:00" testType="13cdc9d9-ddb5-4fa4-a97d-d965ccfc6d4b" outcome="Passed" testListId="8c84fa94-04c1-424b-9868-57a2d4851a1d" relativeResultsDirectory="847c500a-b06b-4b85-bfeb-e8417a110533" />
    <UnitTestResult executionId="b880db6d-896a-4ac9-b9fd-72f148f9f037" testId="4bf554c3-e002-54a1-f4f4-8a2759f993cd" testName="ManagedCode.Communication.Tests.Results.ResultTTests.ThrowIfFail_WithValidationFailure_ShouldThrowWithValidationDetails" computerName="konstantins-macbook-pro" duration="00:00:00.0002754" startTime="2025-09-20T12:26:54.4186980+02:00" endTime="2025-09-20T12:26:54.4188990+02:00" testType="13cdc9d9-ddb5-4fa4-a97d-d965ccfc6d4b" outcome="Passed" testListId="8c84fa94-04c1-424b-9868-57a2d4851a1d" relativeResultsDirectory="b880db6d-896a-4ac9-b9fd-72f148f9f037" />
    <UnitTestResult executionId="dc44ba72-a0bd-4ac3-a8f2-ed7c37b25018" testId="7d15150a-7174-6f65-3843-6fe9d1970c7b" testName="ManagedCode.Communication.Tests.Results.ResultFailMethodsTests.Result_Fail_WithTitle_ShouldCreateFailedResultWithInternalServerError" computerName="konstantins-macbook-pro" duration="00:00:00.0000459" startTime="2025-09-20T12:26:54.4790360+02:00" endTime="2025-09-20T12:26:54.4790600+02:00" testType="13cdc9d9-ddb5-4fa4-a97d-d965ccfc6d4b" outcome="Passed" testListId="8c84fa94-04c1-424b-9868-57a2d4851a1d" relativeResultsDirectory="dc44ba72-a0bd-4ac3-a8f2-ed7c37b25018" />
    <UnitTestResult executionId="35b58c9e-e03f-4cbe-b731-a613a3340982" testId="0f8b9216-b299-d332-8e1f-9a8feee5d1e9" testName="ManagedCode.Communication.Tests.Extensions.ProblemExtensionsTests.ToFailedResultT_FromProblemDetails_ShouldCreateFailedResultT" computerName="konstantins-macbook-pro" duration="00:00:00.0002707" startTime="2025-09-20T12:26:54.4437000+02:00" endTime="2025-09-20T12:26:54.4440080+02:00" testType="13cdc9d9-ddb5-4fa4-a97d-d965ccfc6d4b" outcome="Passed" testListId="8c84fa94-04c1-424b-9868-57a2d4851a1d" relativeResultsDirectory="35b58c9e-e03f-4cbe-b731-a613a3340982" />
    <UnitTestResult executionId="e7e868c2-2bc0-410a-8928-6f90bad87171" testId="977cf24f-20f0-af04-f9fd-88296a80a191" testName="ManagedCode.Communication.Tests.Results.CollectionResultTests.Empty_ShouldCreateEmptyResult" computerName="konstantins-macbook-pro" duration="00:00:00.0001562" startTime="2025-09-20T12:26:54.4744310+02:00" endTime="2025-09-20T12:26:54.4748510+02:00" testType="13cdc9d9-ddb5-4fa4-a97d-d965ccfc6d4b" outcome="Passed" testListId="8c84fa94-04c1-424b-9868-57a2d4851a1d" relativeResultsDirectory="e7e868c2-2bc0-410a-8928-6f90bad87171" />
    <UnitTestResult executionId="827a0d60-f79f-4ef5-b9ee-1b392753910b" testId="bbba8e22-1b20-62d6-6e69-7016b4e8e4bf" testName="ManagedCode.Communication.Tests.Extensions.RailwayExtensionsTests.Match_FailedResult_ExecutesOnFailure" computerName="konstantins-macbook-pro" duration="00:00:00.0005553" startTime="2025-09-20T12:26:54.4157120+02:00" endTime="2025-09-20T12:26:54.4163850+02:00" testType="13cdc9d9-ddb5-4fa4-a97d-d965ccfc6d4b" outcome="Passed" testListId="8c84fa94-04c1-424b-9868-57a2d4851a1d" relativeResultsDirectory="827a0d60-f79f-4ef5-b9ee-1b392753910b" />
    <UnitTestResult executionId="1eaf6c5e-e8b0-41a3-9260-1509b0f008cb" testId="35211776-3f68-d78b-18e2-a21a4d369aed" testName="ManagedCode.Communication.Tests.Extensions.AdvancedRailwayExtensionsTests.FailIf_WithValidationErrors_FailsWithMultipleErrors" computerName="konstantins-macbook-pro" duration="00:00:00.0004106" startTime="2025-09-20T12:26:54.4485640+02:00" endTime="2025-09-20T12:26:54.4487540+02:00" testType="13cdc9d9-ddb5-4fa4-a97d-d965ccfc6d4b" outcome="Passed" testListId="8c84fa94-04c1-424b-9868-57a2d4851a1d" relativeResultsDirectory="1eaf6c5e-e8b0-41a3-9260-1509b0f008cb" />
    <UnitTestResult executionId="913f8535-bd9e-48d4-93e2-0e2ca5f6be12" testId="97a02c40-1c10-309c-a600-6c8bf81ccdfc" testName="ManagedCode.Communication.Tests.Extensions.ProblemExtensionsTests.ToFailedResult_FromProblemDetails_ShouldCreateFailedResult" computerName="konstantins-macbook-pro" duration="00:00:00.0001362" startTime="2025-09-20T12:26:54.4427250+02:00" endTime="2025-09-20T12:26:54.4428720+02:00" testType="13cdc9d9-ddb5-4fa4-a97d-d965ccfc6d4b" outcome="Passed" testListId="8c84fa94-04c1-424b-9868-57a2d4851a1d" relativeResultsDirectory="913f8535-bd9e-48d4-93e2-0e2ca5f6be12" />
    <UnitTestResult executionId="f3d075dc-b180-4406-99d7-7e5cb98f1073" testId="4f2fa6bb-6033-af38-3639-8e35b9d62e03" testName="ManagedCode.Communication.Tests.Commands.MemoryCacheCommandIdempotencyStoreTests.ExecuteIdempotentAsync_SecondExecution_ReturnsStoredResultWithoutReexecuting" computerName="konstantins-macbook-pro" duration="00:00:00.0342119" startTime="2025-09-20T12:26:54.4726800+02:00" endTime="2025-09-20T12:26:54.5017590+02:00" testType="13cdc9d9-ddb5-4fa4-a97d-d965ccfc6d4b" outcome="Passed" testListId="8c84fa94-04c1-424b-9868-57a2d4851a1d" relativeResultsDirectory="f3d075dc-b180-4406-99d7-7e5cb98f1073" />
    <UnitTestResult executionId="ad134521-d98a-4ce0-a799-d30466b856c4" testId="b974d079-f8c7-696e-01c3-ee20cd989857" testName="ManagedCode.Communication.Tests.Extensions.HttpResponseExtensionTests.FromRequestToResult_VariousErrorCodes_ReturnsFailedResult(statusCode: Unauthorized)" computerName="konstantins-macbook-pro" duration="00:00:00.0000145" startTime="2025-09-20T12:26:54.3994040+02:00" endTime="2025-09-20T12:26:54.3994300+02:00" testType="13cdc9d9-ddb5-4fa4-a97d-d965ccfc6d4b" outcome="Passed" testListId="8c84fa94-04c1-424b-9868-57a2d4851a1d" relativeResultsDirectory="ad134521-d98a-4ce0-a799-d30466b856c4" />
    <UnitTestResult executionId="af393ff1-cc56-40f3-8ae8-1bef2ffc85e1" testId="aad140b3-4196-9d5b-27c9-77ac877f082f" testName="ManagedCode.Communication.Tests.Results.ResultTests.From_WithException_ShouldCreateFailedResult" computerName="konstantins-macbook-pro" duration="00:00:00.0003194" startTime="2025-09-20T12:26:54.4406470+02:00" endTime="2025-09-20T12:26:54.4406730+02:00" testType="13cdc9d9-ddb5-4fa4-a97d-d965ccfc6d4b" outcome="Passed" testListId="8c84fa94-04c1-424b-9868-57a2d4851a1d" relativeResultsDirectory="af393ff1-cc56-40f3-8ae8-1bef2ffc85e1" />
    <UnitTestResult executionId="eefd0ab6-58b1-453d-a2cd-b8bd9358bc8d" testId="ec0ff6f3-40a0-61a0-1c02-ffe1c9cd8709" testName="ManagedCode.Communication.Tests.Results.ResultStaticHelperMethodsTests.Result_FailNotFoundT_NoParameters_ShouldCreateNotFoundResultT" computerName="konstantins-macbook-pro" duration="00:00:00.0003550" startTime="2025-09-20T12:26:54.4026600+02:00" endTime="2025-09-20T12:26:54.4036180+02:00" testType="13cdc9d9-ddb5-4fa4-a97d-d965ccfc6d4b" outcome="Passed" testListId="8c84fa94-04c1-424b-9868-57a2d4851a1d" relativeResultsDirectory="eefd0ab6-58b1-453d-a2cd-b8bd9358bc8d" />
    <UnitTestResult executionId="5b06d89e-edb6-437c-97da-488c442bff6e" testId="261108eb-e4aa-9aa8-08d4-1bd3d2b96ec0" testName="ManagedCode.Communication.Tests.CollectionResults.CollectionResultFromMethodsTests.From_TaskReturningList_ShouldCreateSuccessResult" computerName="konstantins-macbook-pro" duration="00:00:00.0031134" startTime="2025-09-20T12:26:54.4691960+02:00" endTime="2025-09-20T12:26:54.4700350+02:00" testType="13cdc9d9-ddb5-4fa4-a97d-d965ccfc6d4b" outcome="Passed" testListId="8c84fa94-04c1-424b-9868-57a2d4851a1d" relativeResultsDirectory="5b06d89e-edb6-437c-97da-488c442bff6e" />
    <UnitTestResult executionId="024fdeb7-5ec9-45ac-953c-33518009f87e" testId="93ee781d-99b9-9428-266d-0f5da9773e8c" testName="ManagedCode.Communication.Tests.Results.ResultExecutionExtensionsTests.From_FuncTask_Exception_ReturnsFailure" computerName="konstantins-macbook-pro" duration="00:00:00.0115857" startTime="2025-09-20T12:26:54.5018790+02:00" endTime="2025-09-20T12:26:54.5097430+02:00" testType="13cdc9d9-ddb5-4fa4-a97d-d965ccfc6d4b" outcome="Passed" testListId="8c84fa94-04c1-424b-9868-57a2d4851a1d" relativeResultsDirectory="024fdeb7-5ec9-45ac-953c-33518009f87e" />
    <UnitTestResult executionId="675b6c64-489c-4089-8230-6c9775144392" testId="1f757bc5-86da-e122-1d55-9a03114706b1" testName="ManagedCode.Communication.Tests.Results.RailwayOrientedProgrammingTests.ComplexChain_WithFailure_ShouldShortCircuit" computerName="konstantins-macbook-pro" duration="00:00:00.0002905" startTime="2025-09-20T12:26:54.4697740+02:00" endTime="2025-09-20T12:26:54.4698000+02:00" testType="13cdc9d9-ddb5-4fa4-a97d-d965ccfc6d4b" outcome="Passed" testListId="8c84fa94-04c1-424b-9868-57a2d4851a1d" relativeResultsDirectory="675b6c64-489c-4089-8230-6c9775144392" />
    <UnitTestResult executionId="912ea51b-ad60-4e30-a9a2-b1a8e56552e8" testId="8e7216bb-69f8-c56d-3e84-3e82cfa64c5c" testName="ManagedCode.Communication.Tests.AspNetCore.Extensions.HubOptionsExtensionsTests.AddCommunicationHubFilter_DoesNotThrow" computerName="konstantins-macbook-pro" duration="00:00:00.0070025" startTime="2025-09-20T12:26:54.3816250+02:00" endTime="2025-09-20T12:26:54.3914120+02:00" testType="13cdc9d9-ddb5-4fa4-a97d-d965ccfc6d4b" outcome="Passed" testListId="8c84fa94-04c1-424b-9868-57a2d4851a1d" relativeResultsDirectory="912ea51b-ad60-4e30-a9a2-b1a8e56552e8" />
    <UnitTestResult executionId="8a51879b-c29e-476c-b012-d059d0d03d90" testId="03db011c-36c3-8fa6-9017-436f1dd775bb" testName="ManagedCode.Communication.Tests.Results.ProblemTests.Validation_ShouldCreateValidationProblem" computerName="konstantins-macbook-pro" duration="00:00:00.0001261" startTime="2025-09-20T12:26:54.4536210+02:00" endTime="2025-09-20T12:26:54.4540750+02:00" testType="13cdc9d9-ddb5-4fa4-a97d-d965ccfc6d4b" outcome="Passed" testListId="8c84fa94-04c1-424b-9868-57a2d4851a1d" relativeResultsDirectory="8a51879b-c29e-476c-b012-d059d0d03d90" />
    <UnitTestResult executionId="a4376e41-92f3-4638-aa32-3a49aa65072a" testId="fd36a05d-aabc-c319-396e-483787345ed9" testName="ManagedCode.Communication.Tests.Results.ResultHelperMethodsTests.Result_Try_WithSuccessfulAction_ShouldReturnSuccess" computerName="konstantins-macbook-pro" duration="00:00:00.0000765" startTime="2025-09-20T12:26:54.4967880+02:00" endTime="2025-09-20T12:26:54.4968730+02:00" testType="13cdc9d9-ddb5-4fa4-a97d-d965ccfc6d4b" outcome="Passed" testListId="8c84fa94-04c1-424b-9868-57a2d4851a1d" relativeResultsDirectory="a4376e41-92f3-4638-aa32-3a49aa65072a" />
    <UnitTestResult executionId="63f71555-1de3-404a-a6ec-3e82dbd5612d" testId="199589cd-8acd-d74a-9888-9b069b3c3800" testName="ManagedCode.Communication.Tests.AspNetCore.Helpers.HttpStatusCodeHelperTests.GetStatusCodeForException_AspNetSpecificExceptions_ReturnsCorrectStatusCode(exceptionType: typeof(Microsoft.AspNetCore.Connections.ConnectionAbortedException), expectedStatusCode: BadRequest)" computerName="konstantins-macbook-pro" duration="00:00:00.0000167" startTime="2025-09-20T12:26:54.4654130+02:00" endTime="2025-09-20T12:26:54.4654360+02:00" testType="13cdc9d9-ddb5-4fa4-a97d-d965ccfc6d4b" outcome="Passed" testListId="8c84fa94-04c1-424b-9868-57a2d4851a1d" relativeResultsDirectory="63f71555-1de3-404a-a6ec-3e82dbd5612d" />
    <UnitTestResult executionId="2ea18ada-3196-4e1b-a9b7-8bf2376eb640" testId="943dfe23-6c96-8207-4db4-abb06c481fe6" testName="ManagedCode.Communication.Tests.Results.ResultValueExecutionExtensionsTests.From_Task_ReturnsSuccess" computerName="konstantins-macbook-pro" duration="00:00:00.0015976" startTime="2025-09-20T12:26:54.4353380+02:00" endTime="2025-09-20T12:26:54.4358990+02:00" testType="13cdc9d9-ddb5-4fa4-a97d-d965ccfc6d4b" outcome="Passed" testListId="8c84fa94-04c1-424b-9868-57a2d4851a1d" relativeResultsDirectory="2ea18ada-3196-4e1b-a9b7-8bf2376eb640" />
    <UnitTestResult executionId="57c5758c-3293-4636-a50a-5985715a7ca3" testId="37563ea7-79b5-6e21-07e3-b7abecf35da5" testName="ManagedCode.Communication.Tests.Results.ResultInvalidMethodsTests.ResultT_Invalid_WithEnumAndDictionary_ShouldCreateValidationResultWithAllData" computerName="konstantins-macbook-pro" duration="00:00:00.0007122" startTime="2025-09-20T12:26:54.4116060+02:00" endTime="2025-09-20T12:26:54.4133370+02:00" testType="13cdc9d9-ddb5-4fa4-a97d-d965ccfc6d4b" outcome="Passed" testListId="8c84fa94-04c1-424b-9868-57a2d4851a1d" relativeResultsDirectory="57c5758c-3293-4636-a50a-5985715a7ca3" />
    <UnitTestResult executionId="33620615-65f9-4f5d-bd6a-3380049580ac" testId="2d819a75-1f3b-8e3f-72c3-7eac56a5cef5" testName="ManagedCode.Communication.Tests.ProblemTests.ProblemCreateMethodsTests.Problem_AddValidationError_WithNonDictionaryExtension_ShouldReplaceWithDictionary" computerName="konstantins-macbook-pro" duration="00:00:00.0000535" startTime="2025-09-20T12:26:54.4635230+02:00" endTime="2025-09-20T12:26:54.4635460+02:00" testType="13cdc9d9-ddb5-4fa4-a97d-d965ccfc6d4b" outcome="Passed" testListId="8c84fa94-04c1-424b-9868-57a2d4851a1d" relativeResultsDirectory="33620615-65f9-4f5d-bd6a-3380049580ac" />
    <UnitTestResult executionId="6dae10c6-4c89-4a6f-87f6-f0a916e3d68e" testId="06d35280-ada3-246c-c04a-58775402cb55" testName="ManagedCode.Communication.Tests.Results.ResultTFailMethodsTests.ResultT_Fail_WithEnum_ShouldCreateFailedResultWithErrorCode" computerName="konstantins-macbook-pro" duration="00:00:00.0006514" startTime="2025-09-20T12:26:54.4090340+02:00" endTime="2025-09-20T12:26:54.4117830+02:00" testType="13cdc9d9-ddb5-4fa4-a97d-d965ccfc6d4b" outcome="Passed" testListId="8c84fa94-04c1-424b-9868-57a2d4851a1d" relativeResultsDirectory="6dae10c6-4c89-4a6f-87f6-f0a916e3d68e" />
    <UnitTestResult executionId="47812579-c2ba-4b4e-a79b-19b1019fe3ae" testId="27b117ff-b7dd-57b4-7de5-67615daa035c" testName="ManagedCode.Communication.Tests.Results.ResultFailMethodsTests.Result_Fail_WithVariousStatusCodes_ShouldSetCorrectStatusCode(statusCode: InternalServerError, expectedCode: 500)" computerName="konstantins-macbook-pro" duration="00:00:00.0000050" startTime="2025-09-20T12:26:54.4781030+02:00" endTime="2025-09-20T12:26:54.4781250+02:00" testType="13cdc9d9-ddb5-4fa4-a97d-d965ccfc6d4b" outcome="Passed" testListId="8c84fa94-04c1-424b-9868-57a2d4851a1d" relativeResultsDirectory="47812579-c2ba-4b4e-a79b-19b1019fe3ae" />
    <UnitTestResult executionId="3d69e639-e69d-4095-b2f6-bbdf731e93d9" testId="5ff238f1-95c7-893f-0944-9f7af0bf7443" testName="ManagedCode.Communication.Tests.CollectionResults.CollectionResultFromMethodsTests.From_TaskReturningFailedCollectionResult_ShouldReturnFailedResult" computerName="konstantins-macbook-pro" duration="00:00:00.0009493" startTime="2025-09-20T12:26:54.7529300+02:00" endTime="2025-09-20T12:26:54.7538340+02:00" testType="13cdc9d9-ddb5-4fa4-a97d-d965ccfc6d4b" outcome="Passed" testListId="8c84fa94-04c1-424b-9868-57a2d4851a1d" relativeResultsDirectory="3d69e639-e69d-4095-b2f6-bbdf731e93d9" />
    <UnitTestResult executionId="9dd8a52a-ef3b-4471-bf3b-e531ac58b941" testId="acae517f-099e-2cd1-8736-3ed091b5c626" testName="ManagedCode.Communication.Tests.Results.ResultHelperMethodsTests.Result_FailValidation_ShouldCreateValidationResult" computerName="konstantins-macbook-pro" duration="00:00:00.0001216" startTime="2025-09-20T12:26:54.5000080+02:00" endTime="2025-09-20T12:26:54.5000280+02:00" testType="13cdc9d9-ddb5-4fa4-a97d-d965ccfc6d4b" outcome="Passed" testListId="8c84fa94-04c1-424b-9868-57a2d4851a1d" relativeResultsDirectory="9dd8a52a-ef3b-4471-bf3b-e531ac58b941" />
    <UnitTestResult executionId="b6d59006-ac70-4139-adf2-ce47ba6b0fe0" testId="2f0e8b4d-7cfc-b0f8-afb9-02de17c6b337" testName="ManagedCode.Communication.Tests.Results.ResultValueExecutionExtensionsTests.From_FuncTaskReturningResult_Success" computerName="konstantins-macbook-pro" duration="00:00:00.0014397" startTime="2025-09-20T12:26:54.4345800+02:00" endTime="2025-09-20T12:26:54.4349950+02:00" testType="13cdc9d9-ddb5-4fa4-a97d-d965ccfc6d4b" outcome="Passed" testListId="8c84fa94-04c1-424b-9868-57a2d4851a1d" relativeResultsDirectory="b6d59006-ac70-4139-adf2-ce47ba6b0fe0" />
    <UnitTestResult executionId="54c9fbe4-6c4a-47d3-b32a-ab2af52700e1" testId="e39e9980-2b7c-af72-8ea9-548ab3dc3398" testName="ManagedCode.Communication.Tests.CollectionResults.CollectionResultFromMethodsTests.From_FuncReturningArray_ShouldCreateSuccessResult" computerName="konstantins-macbook-pro" duration="00:00:00.0001926" startTime="2025-09-20T12:26:54.6116530+02:00" endTime="2025-09-20T12:26:54.6116860+02:00" testType="13cdc9d9-ddb5-4fa4-a97d-d965ccfc6d4b" outcome="Passed" testListId="8c84fa94-04c1-424b-9868-57a2d4851a1d" relativeResultsDirectory="54c9fbe4-6c4a-47d3-b32a-ab2af52700e1" />
    <UnitTestResult executionId="e4a6e6a4-0088-44e9-a5ee-5de77dfd6ed8" testId="7e7ded53-cbb8-545f-cbd5-7575b7f60d80" testName="ManagedCode.Communication.Tests.Results.ResultTTests.Match_ShouldExecuteCorrectFunction" computerName="konstantins-macbook-pro" duration="00:00:00.0092005" startTime="2025-09-20T12:26:54.3804540+02:00" endTime="2025-09-20T12:26:54.3930020+02:00" testType="13cdc9d9-ddb5-4fa4-a97d-d965ccfc6d4b" outcome="Passed" testListId="8c84fa94-04c1-424b-9868-57a2d4851a1d" relativeResultsDirectory="e4a6e6a4-0088-44e9-a5ee-5de77dfd6ed8" />
    <UnitTestResult executionId="2975eaa0-0547-4206-9f49-275e4a03e31f" testId="ee9232ac-1b99-3b56-d749-59bfec2b6ae0" testName="ManagedCode.Communication.Tests.CollectionResults.CollectionResultFromMethodsTests.From_FuncReturningCollectionResult_ShouldReturnSameResult" computerName="konstantins-macbook-pro" duration="00:00:00.0011827" startTime="2025-09-20T12:26:54.6846380+02:00" endTime="2025-09-20T12:26:54.6857050+02:00" testType="13cdc9d9-ddb5-4fa4-a97d-d965ccfc6d4b" outcome="Passed" testListId="8c84fa94-04c1-424b-9868-57a2d4851a1d" relativeResultsDirectory="2975eaa0-0547-4206-9f49-275e4a03e31f" />
    <UnitTestResult executionId="87e422e1-3079-44f0-9cec-e9342a9e326b" testId="e3bab16b-3c59-832e-1834-a442985b41e2" testName="ManagedCode.Communication.Tests.Results.ProblemToExceptionTests.ToException_WithCustomExceptionType_ShouldHandleGracefully" computerName="konstantins-macbook-pro" duration="00:00:00.0002993" startTime="2025-09-20T12:26:54.4992300+02:00" endTime="2025-09-20T12:26:54.4994850+02:00" testType="13cdc9d9-ddb5-4fa4-a97d-d965ccfc6d4b" outcome="Passed" testListId="8c84fa94-04c1-424b-9868-57a2d4851a1d" relativeResultsDirectory="87e422e1-3079-44f0-9cec-e9342a9e326b" />
    <UnitTestResult executionId="f83a7ce5-c4fe-4d79-87b7-b61c0abe7a4a" testId="a9c4348a-f7cc-abf4-413a-fc58753695f7" testName="ManagedCode.Communication.Tests.AspNetCore.Extensions.ControllerExtensionsTests.ToHttpResult_WithSuccessResultNoValue_ReturnsNoContent" computerName="konstantins-macbook-pro" duration="00:00:00.0002709" startTime="2025-09-20T12:26:54.4680120+02:00" endTime="2025-09-20T12:26:54.4680360+02:00" testType="13cdc9d9-ddb5-4fa4-a97d-d965ccfc6d4b" outcome="Passed" testListId="8c84fa94-04c1-424b-9868-57a2d4851a1d" relativeResultsDirectory="f83a7ce5-c4fe-4d79-87b7-b61c0abe7a4a" />
    <UnitTestResult executionId="4794a215-e8ab-49f6-ab72-2b3c27f274b2" testId="4d4f77cf-2c12-609f-bf50-7abe8c10f4d6" testName="ManagedCode.Communication.Tests.Results.ResultTFailMethodsTests.ResultT_FailNotFound_WithDetail_ShouldCreateNotFoundResultWithCustomDetail" computerName="konstantins-macbook-pro" duration="00:00:00.0001793" startTime="2025-09-20T12:26:54.4119500+02:00" endTime="2025-09-20T12:26:54.4123260+02:00" testType="13cdc9d9-ddb5-4fa4-a97d-d965ccfc6d4b" outcome="Passed" testListId="8c84fa94-04c1-424b-9868-57a2d4851a1d" relativeResultsDirectory="4794a215-e8ab-49f6-ab72-2b3c27f274b2" />
    <UnitTestResult executionId="9fd0e230-5f82-4bb1-8b00-3b4426ebae43" testId="b54351a3-66ec-0964-2aea-e5e40f7e02d7" testName="ManagedCode.Communication.Tests.CollectionResults.CollectionResultFromMethodsTests.From_FuncReturningNull_ShouldCreateFailedResultDueToNullReference" computerName="konstantins-macbook-pro" duration="00:00:00.0003448" startTime="2025-09-20T12:26:54.5039470+02:00" endTime="2025-09-20T12:26:54.5039680+02:00" testType="13cdc9d9-ddb5-4fa4-a97d-d965ccfc6d4b" outcome="Passed" testListId="8c84fa94-04c1-424b-9868-57a2d4851a1d" relativeResultsDirectory="9fd0e230-5f82-4bb1-8b00-3b4426ebae43" />
    <UnitTestResult executionId="9a0491ee-0822-4b08-a1a5-27b1e4778cec" testId="53713324-cc06-3054-5418-a2a3cf8996e1" testName="ManagedCode.Communication.Tests.Results.ResultInvalidMethodsTests.Result_InvalidT_WithDictionary_ShouldCreateValidationResultWithMultipleFields" computerName="konstantins-macbook-pro" duration="00:00:00.0006682" startTime="2025-09-20T12:26:54.4237440+02:00" endTime="2025-09-20T12:26:54.4237680+02:00" testType="13cdc9d9-ddb5-4fa4-a97d-d965ccfc6d4b" outcome="Passed" testListId="8c84fa94-04c1-424b-9868-57a2d4851a1d" relativeResultsDirectory="9a0491ee-0822-4b08-a1a5-27b1e4778cec" />
    <UnitTestResult executionId="5b2f4439-b39c-4a81-9634-55d94fff2545" testId="5fcc6bb5-5034-60d9-130d-fe126a4d45b8" testName="ManagedCode.Communication.Tests.CollectionResults.CollectionResultFailMethodsTests.Fail_WithEnumerable_ShouldCreateFailedResultWithItems" computerName="konstantins-macbook-pro" duration="00:00:00.0001678" startTime="2025-09-20T12:26:54.4487310+02:00" endTime="2025-09-20T12:26:54.4488290+02:00" testType="13cdc9d9-ddb5-4fa4-a97d-d965ccfc6d4b" outcome="Passed" testListId="8c84fa94-04c1-424b-9868-57a2d4851a1d" relativeResultsDirectory="5b2f4439-b39c-4a81-9634-55d94fff2545" />
    <UnitTestResult executionId="c55c889d-7505-4667-baf2-432f81be739e" testId="aa49e18c-4197-b3cc-aa70-ef1af862b8be" testName="ManagedCode.Communication.Tests.Results.ProblemTests.Constructor_ShouldInitializeExtensions" computerName="konstantins-macbook-pro" duration="00:00:00.0001814" startTime="2025-09-20T12:26:54.4508180+02:00" endTime="2025-09-20T12:26:54.4508860+02:00" testType="13cdc9d9-ddb5-4fa4-a97d-d965ccfc6d4b" outcome="Passed" testListId="8c84fa94-04c1-424b-9868-57a2d4851a1d" relativeResultsDirectory="c55c889d-7505-4667-baf2-432f81be739e" />
    <UnitTestResult executionId="a30ab2fd-10cf-4701-860c-4268fd648ac2" testId="c15364fc-afb3-2719-c704-523601813bbb" testName="ManagedCode.Communication.Tests.CollectionResults.CollectionResultTaskExtensionsTests.AsTask_ReturnsSameCollectionResult" computerName="konstantins-macbook-pro" duration="00:00:00.0015138" startTime="2025-09-20T12:26:54.4466370+02:00" endTime="2025-09-20T12:26:54.4476670+02:00" testType="13cdc9d9-ddb5-4fa4-a97d-d965ccfc6d4b" outcome="Passed" testListId="8c84fa94-04c1-424b-9868-57a2d4851a1d" relativeResultsDirectory="a30ab2fd-10cf-4701-860c-4268fd648ac2" />
    <UnitTestResult executionId="98d63188-81cd-41df-885b-f33e1c24d311" testId="5d60b22d-c612-47a3-e3f1-72a7b909f424" testName="ManagedCode.Communication.Tests.Extensions.ProblemExtensionsTests.FromProblemDetails_WithNullStatus_ShouldSetStatusCodeToZero" computerName="konstantins-macbook-pro" duration="00:00:00.0000610" startTime="2025-09-20T12:26:54.4409570+02:00" endTime="2025-09-20T12:26:54.4409820+02:00" testType="13cdc9d9-ddb5-4fa4-a97d-d965ccfc6d4b" outcome="Passed" testListId="8c84fa94-04c1-424b-9868-57a2d4851a1d" relativeResultsDirectory="98d63188-81cd-41df-885b-f33e1c24d311" />
    <UnitTestResult executionId="c3fc4d03-7f82-43f7-8efa-08fbe3a37c34" testId="73b22343-d27d-02ec-64f3-97c9276c247c" testName="ManagedCode.Communication.Tests.Commands.CommandExtensionsTests.WithMetadata_AssignsExistingInstance" computerName="konstantins-macbook-pro" duration="00:00:00.0001662" startTime="2025-09-20T12:26:54.4331100+02:00" endTime="2025-09-20T12:26:54.4335710+02:00" testType="13cdc9d9-ddb5-4fa4-a97d-d965ccfc6d4b" outcome="Passed" testListId="8c84fa94-04c1-424b-9868-57a2d4851a1d" relativeResultsDirectory="c3fc4d03-7f82-43f7-8efa-08fbe3a37c34" />
    <UnitTestResult executionId="d1968c88-1cff-476a-9d0a-53884da2256c" testId="1868671e-db4e-df1a-0576-e50eea4adffe" testName="ManagedCode.Communication.Tests.Results.ResultInvalidMethodsTests.Result_InvalidT_WithKeyValue_ShouldCreateValidationResultWithCustomField" computerName="konstantins-macbook-pro" duration="00:00:00.0002674" startTime="2025-09-20T12:26:54.4236300+02:00" endTime="2025-09-20T12:26:54.4236890+02:00" testType="13cdc9d9-ddb5-4fa4-a97d-d965ccfc6d4b" outcome="Passed" testListId="8c84fa94-04c1-424b-9868-57a2d4851a1d" relativeResultsDirectory="d1968c88-1cff-476a-9d0a-53884da2256c" />
    <UnitTestResult executionId="d6549fbc-dc29-4a07-9b7b-45daa017dd1a" testId="d38b1376-8e35-d896-b696-31aebb9da9b5" testName="ManagedCode.Communication.Tests.Extensions.ProblemExtensionsTests.AddInvalidMessage_ShouldAddValidationError" computerName="konstantins-macbook-pro" duration="00:00:00.0003383" startTime="2025-09-20T12:26:54.4398010+02:00" endTime="2025-09-20T12:26:54.4399130+02:00" testType="13cdc9d9-ddb5-4fa4-a97d-d965ccfc6d4b" outcome="Passed" testListId="8c84fa94-04c1-424b-9868-57a2d4851a1d" relativeResultsDirectory="d6549fbc-dc29-4a07-9b7b-45daa017dd1a" />
    <UnitTestResult executionId="23db36e5-9bb0-4b77-ac87-4f7d776806e4" testId="884780c4-efd7-4539-be97-7bddf6f0d325" testName="ManagedCode.Communication.Tests.ControllerTests.MiddlewareTests.ValidationException" computerName="konstantins-macbook-pro" duration="00:00:00.0014154" startTime="2025-09-20T12:26:55.4874010+02:00" endTime="2025-09-20T12:26:55.4888840+02:00" testType="13cdc9d9-ddb5-4fa4-a97d-d965ccfc6d4b" outcome="Passed" testListId="8c84fa94-04c1-424b-9868-57a2d4851a1d" relativeResultsDirectory="23db36e5-9bb0-4b77-ac87-4f7d776806e4" />
    <UnitTestResult executionId="989cf0b7-f577-4ef4-81f0-f6957a69c0a8" testId="0becb87d-368a-ae3f-dadc-8f59c2dd4345" testName="ManagedCode.Communication.Tests.Extensions.AdvancedRailwayExtensionsTests.CombineAll_WithMixedResults_CollectsAllErrors" computerName="konstantins-macbook-pro" duration="00:00:00.0046914" startTime="2025-09-20T12:26:54.4375050+02:00" endTime="2025-09-20T12:26:54.4393700+02:00" testType="13cdc9d9-ddb5-4fa4-a97d-d965ccfc6d4b" outcome="Passed" testListId="8c84fa94-04c1-424b-9868-57a2d4851a1d" relativeResultsDirectory="989cf0b7-f577-4ef4-81f0-f6957a69c0a8" />
    <UnitTestResult executionId="4a7b637b-1ff0-48a1-98bb-2f89a990a462" testId="8e83e5d2-ca14-e987-68f7-ba664862f8f4" testName="ManagedCode.Communication.Tests.Extensions.ResultConversionExtensionsTests.AsResult_WithException_CreatesFailedResultWithProblem" computerName="konstantins-macbook-pro" duration="00:00:00.0000900" startTime="2025-09-20T12:26:54.4063560+02:00" endTime="2025-09-20T12:26:54.4067620+02:00" testType="13cdc9d9-ddb5-4fa4-a97d-d965ccfc6d4b" outcome="Passed" testListId="8c84fa94-04c1-424b-9868-57a2d4851a1d" relativeResultsDirectory="4a7b637b-1ff0-48a1-98bb-2f89a990a462" />
    <UnitTestResult executionId="796cdd80-74d0-46b2-8e9f-b712fda3f021" testId="21522ead-b433-4ed6-2bc6-7bc12d8649e5" testName="ManagedCode.Communication.Tests.Orleans.Serialization.CommandSerializationTests.Command_WithAllFields_ShouldSerializeCorrectly" computerName="konstantins-macbook-pro" duration="00:00:00.0071909" startTime="2025-09-20T12:26:55.1766740+02:00" endTime="2025-09-20T12:26:55.1838810+02:00" testType="13cdc9d9-ddb5-4fa4-a97d-d965ccfc6d4b" outcome="Passed" testListId="8c84fa94-04c1-424b-9868-57a2d4851a1d" relativeResultsDirectory="796cdd80-74d0-46b2-8e9f-b712fda3f021" />
    <UnitTestResult executionId="42a6a609-5b5d-4c32-b89e-a762b1969644" testId="3c6ac6c6-76bc-c0da-6388-565dd44e7fcd" testName="ManagedCode.Communication.Tests.Results.ResultTFailMethodsTests.ResultT_Fail_WithNullStrings_ShouldHandleGracefully" computerName="konstantins-macbook-pro" duration="00:00:00.0000386" startTime="2025-09-20T12:26:54.4179030+02:00" endTime="2025-09-20T12:26:54.4179810+02:00" testType="13cdc9d9-ddb5-4fa4-a97d-d965ccfc6d4b" outcome="Passed" testListId="8c84fa94-04c1-424b-9868-57a2d4851a1d" relativeResultsDirectory="42a6a609-5b5d-4c32-b89e-a762b1969644" />
    <UnitTestResult executionId="1eb5d8a2-cdf6-419c-b35b-da3218f408bb" testId="5804b4b4-4d14-d511-1065-baeb15ae9d58" testName="ManagedCode.Communication.Tests.CollectionResults.CollectionResultFailMethodsTests.Fail_WithInnerException_ShouldPreserveOuterExceptionInfo" computerName="konstantins-macbook-pro" duration="00:00:00.0000974" startTime="2025-09-20T12:26:54.4553830+02:00" endTime="2025-09-20T12:26:54.4554090+02:00" testType="13cdc9d9-ddb5-4fa4-a97d-d965ccfc6d4b" outcome="Passed" testListId="8c84fa94-04c1-424b-9868-57a2d4851a1d" relativeResultsDirectory="1eb5d8a2-cdf6-419c-b35b-da3218f408bb" />
    <UnitTestResult executionId="2ddf69db-861f-4e23-b6b4-bb79ca7ca2e1" testId="9519802d-7595-b802-9b1d-28efaa0530ce" testName="ManagedCode.Communication.Tests.ResultExtensionsTests.ChainedOperations_ShouldShortCircuitOnFailure" computerName="konstantins-macbook-pro" duration="00:00:00.0091582" startTime="2025-09-20T12:26:54.3816900+02:00" endTime="2025-09-20T12:26:54.3926570+02:00" testType="13cdc9d9-ddb5-4fa4-a97d-d965ccfc6d4b" outcome="Passed" testListId="8c84fa94-04c1-424b-9868-57a2d4851a1d" relativeResultsDirectory="2ddf69db-861f-4e23-b6b4-bb79ca7ca2e1" />
    <UnitTestResult executionId="3972e1b6-a416-49da-a088-9289db9c9c57" testId="bd642842-e695-04ad-0f5e-7e2ce55f0969" testName="ManagedCode.Communication.Tests.Results.ResultHelperMethodsTests.Result_Match_WithSuccess_ShouldCallOnSuccess" computerName="konstantins-macbook-pro" duration="00:00:00.0000966" startTime="2025-09-20T12:26:54.5001410+02:00" endTime="2025-09-20T12:26:54.5001620+02:00" testType="13cdc9d9-ddb5-4fa4-a97d-d965ccfc6d4b" outcome="Passed" testListId="8c84fa94-04c1-424b-9868-57a2d4851a1d" relativeResultsDirectory="3972e1b6-a416-49da-a088-9289db9c9c57" />
    <UnitTestResult executionId="eb7a49c7-37b5-4c03-9752-578fc3ae0656" testId="006db6e7-371d-e718-b29e-3beaaaa8b1e6" testName="ManagedCode.Communication.Tests.Results.ResultTFailMethodsTests.ResultT_FailForbidden_NoParameters_ShouldCreateForbiddenResult" computerName="konstantins-macbook-pro" duration="00:00:00.0002786" startTime="2025-09-20T12:26:54.4144530+02:00" endTime="2025-09-20T12:26:54.4152410+02:00" testType="13cdc9d9-ddb5-4fa4-a97d-d965ccfc6d4b" outcome="Passed" testListId="8c84fa94-04c1-424b-9868-57a2d4851a1d" relativeResultsDirectory="eb7a49c7-37b5-4c03-9752-578fc3ae0656" />
    <UnitTestResult executionId="2b71b8af-e461-4762-a553-8eaf21be5a3b" testId="b0c0975d-c610-a767-c328-0155d7e3729c" testName="ManagedCode.Communication.Tests.Results.ResultHelperMethodsTests.Result_Match_WithFailure_ShouldCallOnFailure" computerName="konstantins-macbook-pro" duration="00:00:00.0007777" startTime="2025-09-20T12:26:54.5007660+02:00" endTime="2025-09-20T12:26:54.5010800+02:00" testType="13cdc9d9-ddb5-4fa4-a97d-d965ccfc6d4b" outcome="Passed" testListId="8c84fa94-04c1-424b-9868-57a2d4851a1d" relativeResultsDirectory="2b71b8af-e461-4762-a553-8eaf21be5a3b" />
    <UnitTestResult executionId="9d430c6f-798a-4df5-bbc3-04be6213271e" testId="8eb35749-f865-2bf9-dc8d-fbacac303a24" testName="ManagedCode.Communication.Tests.Results.ProblemTests.WithExtensions_ShouldOverwriteExistingExtensions" computerName="konstantins-macbook-pro" duration="00:00:00.0002932" startTime="2025-09-20T12:26:54.4525980+02:00" endTime="2025-09-20T12:26:54.4527730+02:00" testType="13cdc9d9-ddb5-4fa4-a97d-d965ccfc6d4b" outcome="Passed" testListId="8c84fa94-04c1-424b-9868-57a2d4851a1d" relativeResultsDirectory="9d430c6f-798a-4df5-bbc3-04be6213271e" />
    <UnitTestResult executionId="b5abd97f-c038-4d86-82ff-5814669aff25" testId="b2e97849-9fd5-473a-c64e-60a1b38c0a1b" testName="ManagedCode.Communication.Tests.AspNetCore.Extensions.ControllerExtensionsTests.ToActionResult_WithVariousStatusCodes_ReturnsCorrectStatusCode(statusCode: 500, title: &quot;Internal Server Error&quot;)" computerName="konstantins-macbook-pro" duration="00:00:00.0000061" startTime="2025-09-20T12:26:54.4663210+02:00" endTime="2025-09-20T12:26:54.4663440+02:00" testType="13cdc9d9-ddb5-4fa4-a97d-d965ccfc6d4b" outcome="Passed" testListId="8c84fa94-04c1-424b-9868-57a2d4851a1d" relativeResultsDirectory="b5abd97f-c038-4d86-82ff-5814669aff25" />
    <UnitTestResult executionId="a73388e9-f2b1-43dc-9724-68b5be741068" testId="7e95e31b-5cbf-f4bc-6b58-5c4878828fa0" testName="ManagedCode.Communication.Tests.AspNetCore.Extensions.ControllerExtensionsTests.ToHttpResult_WithComplexFailure_PreservesProblemDetails" computerName="konstantins-macbook-pro" duration="00:00:00.0003014" startTime="2025-09-20T12:26:54.4671860+02:00" endTime="2025-09-20T12:26:54.4672090+02:00" testType="13cdc9d9-ddb5-4fa4-a97d-d965ccfc6d4b" outcome="Passed" testListId="8c84fa94-04c1-424b-9868-57a2d4851a1d" relativeResultsDirectory="a73388e9-f2b1-43dc-9724-68b5be741068" />
    <UnitTestResult executionId="00c83592-61b0-4771-bd9a-b40b6201f414" testId="2e7c745d-8a62-07fa-75a5-000f8e56d414" testName="ManagedCode.Communication.Tests.CollectionResults.CollectionResultFromMethodsTests.From_FailedCollectionResultWithProblem_ShouldReturnFailedResult" computerName="konstantins-macbook-pro" duration="00:00:00.0001348" startTime="2025-09-20T12:26:54.5040160+02:00" endTime="2025-09-20T12:26:54.5041500+02:00" testType="13cdc9d9-ddb5-4fa4-a97d-d965ccfc6d4b" outcome="Passed" testListId="8c84fa94-04c1-424b-9868-57a2d4851a1d" relativeResultsDirectory="00c83592-61b0-4771-bd9a-b40b6201f414" />
    <UnitTestResult executionId="38a361cd-dc57-4f63-98e6-75625af063ef" testId="d3300c9e-5da3-cf6d-3ac1-7219738332c6" testName="ManagedCode.Communication.Tests.Serialization.ProblemJsonConverterTests.Serialize_ValidationProblem_IncludesValidationErrors" computerName="konstantins-macbook-pro" duration="00:00:00.0085262" startTime="2025-09-20T12:26:54.4427630+02:00" endTime="2025-09-20T12:26:54.4540540+02:00" testType="13cdc9d9-ddb5-4fa4-a97d-d965ccfc6d4b" outcome="Passed" testListId="8c84fa94-04c1-424b-9868-57a2d4851a1d" relativeResultsDirectory="38a361cd-dc57-4f63-98e6-75625af063ef" />
    <UnitTestResult executionId="41e95ba1-4bd8-483b-89fc-4412b1951927" testId="3e9e891c-a70e-1cec-ed52-a1f055f94791" testName="ManagedCode.Communication.Tests.Results.ProblemToExceptionErrorTests.ToException_WithNullDetailAndTitle_ShouldUseDefaultMessage" computerName="konstantins-macbook-pro" duration="00:00:00.0001736" startTime="2025-09-20T12:26:54.4209480+02:00" endTime="2025-09-20T12:26:54.4209700+02:00" testType="13cdc9d9-ddb5-4fa4-a97d-d965ccfc6d4b" outcome="Passed" testListId="8c84fa94-04c1-424b-9868-57a2d4851a1d" relativeResultsDirectory="41e95ba1-4bd8-483b-89fc-4412b1951927" />
    <UnitTestResult executionId="ad9ddb95-0633-44f5-9c4a-c10e93dbab64" testId="49968c77-db79-7bef-f137-feb610539b3e" testName="ManagedCode.Communication.Tests.Commands.MemoryCacheCommandIdempotencyStoreTests.TryGetCachedResultAsync_WhenResultExists_ReturnsResult" computerName="konstantins-macbook-pro" duration="00:00:00.0004682" startTime="2025-09-20T12:26:54.5275270+02:00" endTime="2025-09-20T12:26:54.5279480+02:00" testType="13cdc9d9-ddb5-4fa4-a97d-d965ccfc6d4b" outcome="Passed" testListId="8c84fa94-04c1-424b-9868-57a2d4851a1d" relativeResultsDirectory="ad9ddb95-0633-44f5-9c4a-c10e93dbab64" />
    <UnitTestResult executionId="75019667-bf21-4e0a-a1a6-2e13c1b2f7c5" testId="5f4a1235-e961-3153-b47b-89c12ab81383" testName="ManagedCode.Communication.Tests.Extensions.HttpResponseExtensionTests.FromRequestToResult_CreatedStatusCode_ReturnsSuccessResult" computerName="konstantins-macbook-pro" duration="00:00:00.0002342" startTime="2025-09-20T12:26:54.4526760+02:00" endTime="2025-09-20T12:26:54.4527000+02:00" testType="13cdc9d9-ddb5-4fa4-a97d-d965ccfc6d4b" outcome="Passed" testListId="8c84fa94-04c1-424b-9868-57a2d4851a1d" relativeResultsDirectory="75019667-bf21-4e0a-a1a6-2e13c1b2f7c5" />
    <UnitTestResult executionId="b7609544-79f8-4510-9cb3-244055262483" testId="b628997a-57d1-098a-32a2-a9f49a796717" testName="ManagedCode.Communication.Tests.Serialization.ProblemJsonConverterTests.Serialize_DifferentTypeValues_HandlesCorrectly(inputType: &quot;&quot;, expectedType: &quot;&quot;)" computerName="konstantins-macbook-pro" duration="00:00:00.0301607" startTime="2025-09-20T12:26:54.4117380+02:00" endTime="2025-09-20T12:26:54.4329840+02:00" testType="13cdc9d9-ddb5-4fa4-a97d-d965ccfc6d4b" outcome="Passed" testListId="8c84fa94-04c1-424b-9868-57a2d4851a1d" relativeResultsDirectory="b7609544-79f8-4510-9cb3-244055262483" />
    <UnitTestResult executionId="72912d39-7863-4d41-8d54-8f2e8ddc3f27" testId="3fc0a61d-0537-a068-dc4c-e9f48287e808" testName="ManagedCode.Communication.Tests.AspNetCore.Extensions.ControllerExtensionsTests.ToActionResult_WithValidationError_Returns400WithProblemDetails" computerName="konstantins-macbook-pro" duration="00:00:00.0001673" startTime="2025-09-20T12:26:54.4671050+02:00" endTime="2025-09-20T12:26:54.4671310+02:00" testType="13cdc9d9-ddb5-4fa4-a97d-d965ccfc6d4b" outcome="Passed" testListId="8c84fa94-04c1-424b-9868-57a2d4851a1d" relativeResultsDirectory="72912d39-7863-4d41-8d54-8f2e8ddc3f27" />
    <UnitTestResult executionId="0782795a-6e05-4588-8aa0-5b86ba3623f0" testId="22cdaf43-d8ea-278c-4cc0-7325a65fa6f1" testName="ManagedCode.Communication.Tests.Results.ResultTFailMethodsTests.ResultT_Fail_WithVariousStatusCodes_ShouldSetCorrectStatusCode(statusCode: InternalServerError, expectedCode: 500)" computerName="konstantins-macbook-pro" duration="00:00:00.0000016" startTime="2025-09-20T12:26:54.4044320+02:00" endTime="2025-09-20T12:26:54.4044590+02:00" testType="13cdc9d9-ddb5-4fa4-a97d-d965ccfc6d4b" outcome="Passed" testListId="8c84fa94-04c1-424b-9868-57a2d4851a1d" relativeResultsDirectory="0782795a-6e05-4588-8aa0-5b86ba3623f0" />
    <UnitTestResult executionId="7bd14ad1-17b7-4f04-a87b-5260de0a29cd" testId="ad1859a2-9b1d-fff4-e010-4df6fe4ee045" testName="ManagedCode.Communication.Tests.Extensions.ResultConversionExtensionsTests.AsResult_WithArgumentException_CreatesFailedResultWithCorrectProblem" computerName="konstantins-macbook-pro" duration="00:00:00.0002325" startTime="2025-09-20T12:26:54.4092720+02:00" endTime="2025-09-20T12:26:54.4097990+02:00" testType="13cdc9d9-ddb5-4fa4-a97d-d965ccfc6d4b" outcome="Passed" testListId="8c84fa94-04c1-424b-9868-57a2d4851a1d" relativeResultsDirectory="7bd14ad1-17b7-4f04-a87b-5260de0a29cd" />
    <UnitTestResult executionId="334e6edf-251c-4c88-aea2-75af67088dfc" testId="30d1482a-3681-2b78-041a-5c6ec797ad16" testName="ManagedCode.Communication.Tests.Results.ResultOperatorsTests.CollectionResult_ImplicitOperator_FromException_ShouldCreateFailedResult" computerName="konstantins-macbook-pro" duration="00:00:00.0003997" startTime="2025-09-20T12:26:54.4380070+02:00" endTime="2025-09-20T12:26:54.4380310+02:00" testType="13cdc9d9-ddb5-4fa4-a97d-d965ccfc6d4b" outcome="Passed" testListId="8c84fa94-04c1-424b-9868-57a2d4851a1d" relativeResultsDirectory="334e6edf-251c-4c88-aea2-75af67088dfc" />
    <UnitTestResult executionId="3c49a2b6-18c3-4aef-a3f3-a16abe66a0ea" testId="fd226736-c1a4-0f7f-960f-3551ec9d470c" testName="ManagedCode.Communication.Tests.Results.ProblemToExceptionTests.ToException_FromProblemCreatedFromInvalidOperationException_ShouldReconstructOriginalExceptionType" computerName="konstantins-macbook-pro" duration="00:00:00.0001096" startTime="2025-09-20T12:26:54.5009890+02:00" endTime="2025-09-20T12:26:54.5010090+02:00" testType="13cdc9d9-ddb5-4fa4-a97d-d965ccfc6d4b" outcome="Passed" testListId="8c84fa94-04c1-424b-9868-57a2d4851a1d" relativeResultsDirectory="3c49a2b6-18c3-4aef-a3f3-a16abe66a0ea" />
    <UnitTestResult executionId="eec3d77a-1487-4e99-bd0e-4462649de8c4" testId="8a469a40-7454-6880-9e8d-7953fae79af1" testName="ManagedCode.Communication.Tests.AspNetCore.Extensions.ControllerExtensionsTests.ToActionResult_WithNoProblem_ReturnsDefaultError" computerName="konstantins-macbook-pro" duration="00:00:00.0004184" startTime="2025-09-20T12:26:54.4661040+02:00" endTime="2025-09-20T12:26:54.4661340+02:00" testType="13cdc9d9-ddb5-4fa4-a97d-d965ccfc6d4b" outcome="Passed" testListId="8c84fa94-04c1-424b-9868-57a2d4851a1d" relativeResultsDirectory="eec3d77a-1487-4e99-bd0e-4462649de8c4" />
    <UnitTestResult executionId="93e0bf9f-3582-42d4-9723-f4b50512a478" testId="d360f263-f7ec-aadc-b7b2-c7765fbfba2e" testName="ManagedCode.Communication.Tests.Results.RailwayOrientedProgrammingTests.ComplexChain_ShouldWorkCorrectly" computerName="konstantins-macbook-pro" duration="00:00:00.0014628" startTime="2025-09-20T12:26:54.4693500+02:00" endTime="2025-09-20T12:26:54.4694570+02:00" testType="13cdc9d9-ddb5-4fa4-a97d-d965ccfc6d4b" outcome="Passed" testListId="8c84fa94-04c1-424b-9868-57a2d4851a1d" relativeResultsDirectory="93e0bf9f-3582-42d4-9723-f4b50512a478" />
    <UnitTestResult executionId="816c30b4-1e86-45e9-b5df-313733bbbdcf" testId="5ef343f7-cc0d-47aa-b43e-c9be70797afb" testName="ManagedCode.Communication.Tests.OrleansTests.GrainClientTests.ValueTaskResultComplexObject" computerName="konstantins-macbook-pro" duration="00:00:00.0049361" startTime="2025-09-20T12:26:55.5073870+02:00" endTime="2025-09-20T12:26:55.5123780+02:00" testType="13cdc9d9-ddb5-4fa4-a97d-d965ccfc6d4b" outcome="Passed" testListId="8c84fa94-04c1-424b-9868-57a2d4851a1d" relativeResultsDirectory="816c30b4-1e86-45e9-b5df-313733bbbdcf" />
    <UnitTestResult executionId="0dd1ba87-7ed3-4c1a-9be1-ccf6f6f812c2" testId="0722ba6b-76b6-1c47-d7d1-0b74ba7f6032" testName="ManagedCode.Communication.Tests.Results.CollectionResultTests.Succeed_WithArray_ShouldCreateSuccessfulResult" computerName="konstantins-macbook-pro" duration="00:00:00.0004164" startTime="2025-09-20T12:26:54.4758830+02:00" endTime="2025-09-20T12:26:54.4761150+02:00" testType="13cdc9d9-ddb5-4fa4-a97d-d965ccfc6d4b" outcome="Passed" testListId="8c84fa94-04c1-424b-9868-57a2d4851a1d" relativeResultsDirectory="0dd1ba87-7ed3-4c1a-9be1-ccf6f6f812c2" />
    <UnitTestResult executionId="8453959d-d2a7-4b05-8ee4-7491618adcee" testId="34988729-7075-661c-e9b3-1244d66c21c5" testName="ManagedCode.Communication.Tests.ResultExtensionsTests.Map_WithSuccessResult_ShouldTransformValue" computerName="konstantins-macbook-pro" duration="00:00:00.0002670" startTime="2025-09-20T12:26:54.4374450+02:00" endTime="2025-09-20T12:26:54.4375290+02:00" testType="13cdc9d9-ddb5-4fa4-a97d-d965ccfc6d4b" outcome="Passed" testListId="8c84fa94-04c1-424b-9868-57a2d4851a1d" relativeResultsDirectory="8453959d-d2a7-4b05-8ee4-7491618adcee" />
    <UnitTestResult executionId="21aac425-3e1d-4b80-be90-143ea0ae4954" testId="2c4ab2a0-5b84-fdeb-332e-fc8fa28ff2a8" testName="ManagedCode.Communication.Tests.Results.ResultTFailMethodsTests.ResultT_Fail_WithExceptionAndStatus_ShouldCreateFailedResultWithSpecifiedStatus" computerName="konstantins-macbook-pro" duration="00:00:00.0004635" startTime="2025-09-20T12:26:54.4142500+02:00" endTime="2025-09-20T12:26:54.4143650+02:00" testType="13cdc9d9-ddb5-4fa4-a97d-d965ccfc6d4b" outcome="Passed" testListId="8c84fa94-04c1-424b-9868-57a2d4851a1d" relativeResultsDirectory="21aac425-3e1d-4b80-be90-143ea0ae4954" />
    <UnitTestResult executionId="b2edb012-6fe8-43e4-82b2-fa6132db4ad3" testId="ba805cf8-7a9e-a067-dba8-44d688ef5092" testName="ManagedCode.Communication.Tests.Extensions.ResultConversionExtensionsTests.AsResult_WithStringValue_CreatesSuccessfulResult" computerName="konstantins-macbook-pro" duration="00:00:00.0000698" startTime="2025-09-20T12:26:54.4022480+02:00" endTime="2025-09-20T12:26:54.4022770+02:00" testType="13cdc9d9-ddb5-4fa4-a97d-d965ccfc6d4b" outcome="Passed" testListId="8c84fa94-04c1-424b-9868-57a2d4851a1d" relativeResultsDirectory="b2edb012-6fe8-43e4-82b2-fa6132db4ad3" />
    <UnitTestResult executionId="d89d994b-4f70-46a3-bd8c-eca38828339c" testId="d9b0142c-6bc1-6f97-6ab7-2f168104e960" testName="ManagedCode.Communication.Tests.ProblemTests.ProblemCreateMethodsTests.Problem_AddValidationError_ToExistingField_ShouldAppendError" computerName="konstantins-macbook-pro" duration="00:00:00.0001706" startTime="2025-09-20T12:26:54.4624300+02:00" endTime="2025-09-20T12:26:54.4624550+02:00" testType="13cdc9d9-ddb5-4fa4-a97d-d965ccfc6d4b" outcome="Passed" testListId="8c84fa94-04c1-424b-9868-57a2d4851a1d" relativeResultsDirectory="d89d994b-4f70-46a3-bd8c-eca38828339c" />
    <UnitTestResult executionId="90d395fa-b791-4393-86d1-70f1c3116132" testId="e3ea7a3f-bc55-5685-d863-350fa30216ea" testName="ManagedCode.Communication.Tests.Results.ResultHelperMethodsTests.ResultT_Match_WithFailure_ShouldCallOnFailure" computerName="konstantins-macbook-pro" duration="00:00:00.0002482" startTime="2025-09-20T12:26:54.4977580+02:00" endTime="2025-09-20T12:26:54.4978870+02:00" testType="13cdc9d9-ddb5-4fa4-a97d-d965ccfc6d4b" outcome="Passed" testListId="8c84fa94-04c1-424b-9868-57a2d4851a1d" relativeResultsDirectory="90d395fa-b791-4393-86d1-70f1c3116132" />
    <UnitTestResult executionId="3b40df96-dc29-4d0f-a5fb-c0e65bd0846a" testId="6283c4be-1bf1-1121-ef21-2c078662a67b" testName="ManagedCode.Communication.Tests.ProblemTests.ProblemCreateMethodsTests.Problem_Create_FromException_ShouldCreateProblemWithExceptionDetails" computerName="konstantins-macbook-pro" duration="00:00:00.0001307" startTime="2025-09-20T12:26:54.4623490+02:00" endTime="2025-09-20T12:26:54.4623730+02:00" testType="13cdc9d9-ddb5-4fa4-a97d-d965ccfc6d4b" outcome="Passed" testListId="8c84fa94-04c1-424b-9868-57a2d4851a1d" relativeResultsDirectory="3b40df96-dc29-4d0f-a5fb-c0e65bd0846a" />
    <UnitTestResult executionId="117eb4ad-6e35-494c-afbb-3e42f3228e0a" testId="51b443bb-f015-cdb0-7b07-a9cab8e0e8a8" testName="ManagedCode.Communication.Tests.Extensions.ProblemExtensionsTests.RoundTrip_ProblemToProblemDetailsAndBack_ShouldPreserveAllData" computerName="konstantins-macbook-pro" duration="00:00:00.0011416" startTime="2025-09-20T12:26:54.4440760+02:00" endTime="2025-09-20T12:26:54.4456480+02:00" testType="13cdc9d9-ddb5-4fa4-a97d-d965ccfc6d4b" outcome="Passed" testListId="8c84fa94-04c1-424b-9868-57a2d4851a1d" relativeResultsDirectory="117eb4ad-6e35-494c-afbb-3e42f3228e0a" />
    <UnitTestResult executionId="5eaa4761-b8d7-4498-8c65-951493d15890" testId="64aa7254-7fbd-79c2-756e-71858d6d30f7" testName="ManagedCode.Communication.Tests.Results.ProblemToExceptionTests.ToException_WithInvalidOriginalType_ShouldFallbackToProblemException" computerName="konstantins-macbook-pro" duration="00:00:00.0001590" startTime="2025-09-20T12:26:54.5010590+02:00" endTime="2025-09-20T12:26:54.5012180+02:00" testType="13cdc9d9-ddb5-4fa4-a97d-d965ccfc6d4b" outcome="Passed" testListId="8c84fa94-04c1-424b-9868-57a2d4851a1d" relativeResultsDirectory="5eaa4761-b8d7-4498-8c65-951493d15890" />
    <UnitTestResult executionId="663d77b5-8d90-4158-8709-7f59970dae08" testId="99ec6b99-38ab-d9d3-1265-68ce728117c4" testName="ManagedCode.Communication.Tests.Results.ResultFailMethodsTests.Result_Fail_WithInnerException_ShouldPreserveExceptionInfo" computerName="konstantins-macbook-pro" duration="00:00:00.0011442" startTime="2025-09-20T12:26:54.4974720+02:00" endTime="2025-09-20T12:26:54.4976430+02:00" testType="13cdc9d9-ddb5-4fa4-a97d-d965ccfc6d4b" outcome="Passed" testListId="8c84fa94-04c1-424b-9868-57a2d4851a1d" relativeResultsDirectory="663d77b5-8d90-4158-8709-7f59970dae08" />
    <UnitTestResult executionId="8402eb74-57c3-4bac-b388-b7fb6faf12bd" testId="717abb16-22b3-f92b-b19b-53aac21bcea2" testName="ManagedCode.Communication.Tests.Results.ResultHelperMethodsTests.Result_From_WithFailedResult_ShouldReturnFailure" computerName="konstantins-macbook-pro" duration="00:00:00.0000980" startTime="2025-09-20T12:26:54.4973990+02:00" endTime="2025-09-20T12:26:54.4974930+02:00" testType="13cdc9d9-ddb5-4fa4-a97d-d965ccfc6d4b" outcome="Passed" testListId="8c84fa94-04c1-424b-9868-57a2d4851a1d" relativeResultsDirectory="8402eb74-57c3-4bac-b388-b7fb6faf12bd" />
    <UnitTestResult executionId="1b8ad230-a071-4acc-bf11-36fa2ffb8465" testId="f1ac5241-744a-004f-7a68-4b73cb2ee500" testName="ManagedCode.Communication.Tests.AspNetCore.Extensions.ServiceCollectionExtensionsTests.Communication_Should_Handle_Enum_Errors" computerName="konstantins-macbook-pro" duration="00:00:00.0010534" startTime="2025-09-20T12:26:55.4207000+02:00" endTime="2025-09-20T12:26:55.4217830+02:00" testType="13cdc9d9-ddb5-4fa4-a97d-d965ccfc6d4b" outcome="Passed" testListId="8c84fa94-04c1-424b-9868-57a2d4851a1d" relativeResultsDirectory="1b8ad230-a071-4acc-bf11-36fa2ffb8465" />
    <UnitTestResult executionId="6c928b39-c44b-4ab8-b753-ffdea4ab89e9" testId="10cd1f41-76ea-32a5-7fd7-44bf58e85a64" testName="ManagedCode.Communication.Tests.ProblemTests.ProblemCreateMethodsTests.Problem_GetValidationErrors_WithInvalidType_ShouldReturnNull" computerName="konstantins-macbook-pro" duration="00:00:00.0000445" startTime="2025-09-20T12:26:54.4626220+02:00" endTime="2025-09-20T12:26:54.4626550+02:00" testType="13cdc9d9-ddb5-4fa4-a97d-d965ccfc6d4b" outcome="Passed" testListId="8c84fa94-04c1-424b-9868-57a2d4851a1d" relativeResultsDirectory="6c928b39-c44b-4ab8-b753-ffdea4ab89e9" />
    <UnitTestResult executionId="b76a83a5-7575-4891-84f3-0c22d446851c" testId="9fb27429-2e5b-c1a5-586b-a38199a8345b" testName="ManagedCode.Communication.Tests.AspNetCore.Extensions.ControllerExtensionsTests.ToHttpResult_WithNullValue_HandlesGracefully" computerName="konstantins-macbook-pro" duration="00:00:00.0002065" startTime="2025-09-20T12:26:54.4680900+02:00" endTime="2025-09-20T12:26:54.4681130+02:00" testType="13cdc9d9-ddb5-4fa4-a97d-d965ccfc6d4b" outcome="Passed" testListId="8c84fa94-04c1-424b-9868-57a2d4851a1d" relativeResultsDirectory="b76a83a5-7575-4891-84f3-0c22d446851c" />
    <UnitTestResult executionId="59b4d7d1-3e66-42ef-81a6-eaa72995dd47" testId="45e2562c-fb2b-e12e-c99f-59a2b961f103" testName="ManagedCode.Communication.Tests.AspNetCore.Extensions.HubOptionsExtensionsTests.AddCommunicationHubFilter_WithNullHubOptions_ThrowsArgumentNullException" computerName="konstantins-macbook-pro" duration="00:00:00.0003396" startTime="2025-09-20T12:26:54.3926030+02:00" endTime="2025-09-20T12:26:54.3977870+02:00" testType="13cdc9d9-ddb5-4fa4-a97d-d965ccfc6d4b" outcome="Passed" testListId="8c84fa94-04c1-424b-9868-57a2d4851a1d" relativeResultsDirectory="59b4d7d1-3e66-42ef-81a6-eaa72995dd47" />
    <UnitTestResult executionId="52fa8022-d251-4b75-aed4-f40d9791163f" testId="f42fe5a1-8c83-097f-d090-6df0e300c303" testName="ManagedCode.Communication.Tests.Extensions.AdvancedRailwayExtensionsTests.ToResult_WithNonNullValue_ReturnsSuccess" computerName="konstantins-macbook-pro" duration="00:00:00.0001756" startTime="2025-09-20T12:26:54.4372690+02:00" endTime="2025-09-20T12:26:54.4374160+02:00" testType="13cdc9d9-ddb5-4fa4-a97d-d965ccfc6d4b" outcome="Passed" testListId="8c84fa94-04c1-424b-9868-57a2d4851a1d" relativeResultsDirectory="52fa8022-d251-4b75-aed4-f40d9791163f" />
    <UnitTestResult executionId="447a6972-397b-4a44-b387-bb2b95329986" testId="be592d9a-91e3-5d2d-c26c-4bf5df9e4597" testName="ManagedCode.Communication.Tests.Results.ResultHelperMethodsTests.ResultT_TryAsync_WithException_ShouldReturnFailure" computerName="konstantins-macbook-pro" duration="00:00:00.0046858" startTime="2025-09-20T12:26:54.4753890+02:00" endTime="2025-09-20T12:26:54.4966610+02:00" testType="13cdc9d9-ddb5-4fa4-a97d-d965ccfc6d4b" outcome="Passed" testListId="8c84fa94-04c1-424b-9868-57a2d4851a1d" relativeResultsDirectory="447a6972-397b-4a44-b387-bb2b95329986" />
    <UnitTestResult executionId="d00b57d5-ecb8-4308-a32c-4234455a3ca1" testId="cba045b0-e2c3-6ee4-807a-f0cc507f11e5" testName="ManagedCode.Communication.Tests.CollectionResults.CollectionResultFromMethodsTests.From_ValueTaskWithException_ShouldReturnFailedResult" computerName="konstantins-macbook-pro" duration="00:00:00.0019935" startTime="2025-09-20T12:26:54.5036850+02:00" endTime="2025-09-20T12:26:54.5038990+02:00" testType="13cdc9d9-ddb5-4fa4-a97d-d965ccfc6d4b" outcome="Passed" testListId="8c84fa94-04c1-424b-9868-57a2d4851a1d" relativeResultsDirectory="d00b57d5-ecb8-4308-a32c-4234455a3ca1" />
    <UnitTestResult executionId="35c10c5a-a499-4b62-81d0-b56783f9bced" testId="663d5ff2-e7a3-93d3-3ad8-ed7a224ab1bf" testName="ManagedCode.Communication.Tests.ProblemTests.ProblemCreateMethodsTests.Problem_Create_WithNumericEnum_ShouldUseEnumName" computerName="konstantins-macbook-pro" duration="00:00:00.0007496" startTime="2025-09-20T12:26:54.4625140+02:00" endTime="2025-09-20T12:26:54.4625370+02:00" testType="13cdc9d9-ddb5-4fa4-a97d-d965ccfc6d4b" outcome="Passed" testListId="8c84fa94-04c1-424b-9868-57a2d4851a1d" relativeResultsDirectory="35c10c5a-a499-4b62-81d0-b56783f9bced" />
    <UnitTestResult executionId="1d30109e-7041-48d5-8d5c-c6618b60c679" testId="5a48316b-ec69-9349-5cec-20c5ea85e97a" testName="ManagedCode.Communication.Tests.AspNetCore.Extensions.ServiceCollectionExtensionsTests.Communication_Should_Handle_Custom_Problems" computerName="konstantins-macbook-pro" duration="00:00:00.0026905" startTime="2025-09-20T12:26:55.4077680+02:00" endTime="2025-09-20T12:26:55.4104790+02:00" testType="13cdc9d9-ddb5-4fa4-a97d-d965ccfc6d4b" outcome="Passed" testListId="8c84fa94-04c1-424b-9868-57a2d4851a1d" relativeResultsDirectory="1d30109e-7041-48d5-8d5c-c6618b60c679" />
    <UnitTestResult executionId="12bb3d63-89de-4d98-8de2-62d808bf3966" testId="7ec712aa-0f40-61e7-c73d-a19584ac1f5b" testName="ManagedCode.Communication.Tests.ControllerTests.MiddlewareTests.SuccessResult" computerName="konstantins-macbook-pro" duration="00:00:00.0030696" startTime="2025-09-20T12:26:55.4222340+02:00" endTime="2025-09-20T12:26:55.4252140+02:00" testType="13cdc9d9-ddb5-4fa4-a97d-d965ccfc6d4b" outcome="Passed" testListId="8c84fa94-04c1-424b-9868-57a2d4851a1d" relativeResultsDirectory="12bb3d63-89de-4d98-8de2-62d808bf3966" />
    <UnitTestResult executionId="40cfee07-ba40-4b50-a5cd-b86471b405ca" testId="c214f264-6d82-7290-5fa6-35b6158af292" testName="ManagedCode.Communication.Tests.Extensions.ProblemExtensionsTests.ToProblemDetails_ShouldConvertProblemToProblemDetails" computerName="konstantins-macbook-pro" duration="00:00:00.0001953" startTime="2025-09-20T12:26:54.4408040+02:00" endTime="2025-09-20T12:26:54.4408370+02:00" testType="13cdc9d9-ddb5-4fa4-a97d-d965ccfc6d4b" outcome="Passed" testListId="8c84fa94-04c1-424b-9868-57a2d4851a1d" relativeResultsDirectory="40cfee07-ba40-4b50-a5cd-b86471b405ca" />
    <UnitTestResult executionId="bf714083-1bac-4a0b-805c-f83ecdaa09ba" testId="c1925661-95a2-08f0-c829-c8d0641fbb32" testName="ManagedCode.Communication.Tests.Extensions.RailwayExtensionsTests.Else_SuccessfulResult_ReturnsOriginalResult" computerName="konstantins-macbook-pro" duration="00:00:00.0000537" startTime="2025-09-20T12:26:54.4185950+02:00" endTime="2025-09-20T12:26:54.4187230+02:00" testType="13cdc9d9-ddb5-4fa4-a97d-d965ccfc6d4b" outcome="Passed" testListId="8c84fa94-04c1-424b-9868-57a2d4851a1d" relativeResultsDirectory="bf714083-1bac-4a0b-805c-f83ecdaa09ba" />
    <UnitTestResult executionId="dd10d629-0c0f-4591-b473-ebdfce916d1e" testId="10f03419-b447-74b1-44ec-afc62ff2ba1d" testName="ManagedCode.Communication.Tests.CollectionResults.CollectionResultFromMethodsTests.From_FuncReturningFailedCollectionResult_ShouldReturnFailedResult" computerName="konstantins-macbook-pro" duration="00:00:00.0002565" startTime="2025-09-20T12:26:54.7464930+02:00" endTime="2025-09-20T12:26:54.7466970+02:00" testType="13cdc9d9-ddb5-4fa4-a97d-d965ccfc6d4b" outcome="Passed" testListId="8c84fa94-04c1-424b-9868-57a2d4851a1d" relativeResultsDirectory="dd10d629-0c0f-4591-b473-ebdfce916d1e" />
    <UnitTestResult executionId="d6d704a1-25ae-4a51-8406-a692866dd134" testId="820cc941-cded-40f7-68fc-769610bce971" testName="ManagedCode.Communication.Tests.Results.ResultHelperMethodsTests.Result_TryAsync_WithException_ShouldReturnFailure" computerName="konstantins-macbook-pro" duration="00:00:00.0023515" startTime="2025-09-20T12:26:54.5026140+02:00" endTime="2025-09-20T12:26:54.5037810+02:00" testType="13cdc9d9-ddb5-4fa4-a97d-d965ccfc6d4b" outcome="Passed" testListId="8c84fa94-04c1-424b-9868-57a2d4851a1d" relativeResultsDirectory="d6d704a1-25ae-4a51-8406-a692866dd134" />
    <UnitTestResult executionId="0b10c66f-bdea-46c0-b47c-e254dd487fe8" testId="54e77df2-c5f9-e6f4-caca-1b64d3e7ca87" testName="ManagedCode.Communication.Tests.Results.ResultHelperMethodsTests.Result_FailNotFound_ShouldCreateNotFoundResult" computerName="konstantins-macbook-pro" duration="00:00:00.0000618" startTime="2025-09-20T12:26:54.5002090+02:00" endTime="2025-09-20T12:26:54.5002290+02:00" testType="13cdc9d9-ddb5-4fa4-a97d-d965ccfc6d4b" outcome="Passed" testListId="8c84fa94-04c1-424b-9868-57a2d4851a1d" relativeResultsDirectory="0b10c66f-bdea-46c0-b47c-e254dd487fe8" />
    <UnitTestResult executionId="8f2d04cc-88ac-4612-89b4-2af035823f21" testId="fac5a5a6-3df3-1003-499e-8b36ce0df94d" testName="ManagedCode.Communication.Tests.Extensions.HttpResponseExtensionTests.FromRequestToResult_VariousSuccessCodes_ReturnsSuccessResult(statusCode: Created)" computerName="konstantins-macbook-pro" duration="00:00:00.0001652" startTime="2025-09-20T12:26:54.4509650+02:00" endTime="2025-09-20T12:26:54.4510670+02:00" testType="13cdc9d9-ddb5-4fa4-a97d-d965ccfc6d4b" outcome="Passed" testListId="8c84fa94-04c1-424b-9868-57a2d4851a1d" relativeResultsDirectory="8f2d04cc-88ac-4612-89b4-2af035823f21" />
    <UnitTestResult executionId="2c350951-f2b0-4bb4-8790-04748aeb0f23" testId="3f1ee4fc-a7d8-c760-390c-3e7b08ade2d5" testName="ManagedCode.Communication.Tests.Results.ResultValueExecutionExtensionsTests.From_ValueTaskReturningResult_Success" computerName="konstantins-macbook-pro" duration="00:00:00.0007625" startTime="2025-09-20T12:26:54.4376640+02:00" endTime="2025-09-20T12:26:54.4381090+02:00" testType="13cdc9d9-ddb5-4fa4-a97d-d965ccfc6d4b" outcome="Passed" testListId="8c84fa94-04c1-424b-9868-57a2d4851a1d" relativeResultsDirectory="2c350951-f2b0-4bb4-8790-04748aeb0f23" />
    <UnitTestResult executionId="b9b52c4c-e928-4a85-81c3-f3b7be1b8183" testId="342251bc-8c6a-107f-f40f-bd580bcab139" testName="ManagedCode.Communication.Tests.ResultExtensionsTests.ComplexPipeline_ShouldProcessCorrectly" computerName="konstantins-macbook-pro" duration="00:00:00.0119320" startTime="2025-09-20T12:26:54.4254610+02:00" endTime="2025-09-20T12:26:54.4299090+02:00" testType="13cdc9d9-ddb5-4fa4-a97d-d965ccfc6d4b" outcome="Passed" testListId="8c84fa94-04c1-424b-9868-57a2d4851a1d" relativeResultsDirectory="b9b52c4c-e928-4a85-81c3-f3b7be1b8183" />
    <UnitTestResult executionId="0c852af4-7bcf-4f1b-9a4d-d38db3b24f2e" testId="45cd799b-b041-7972-1933-31bb68393544" testName="ManagedCode.Communication.Tests.CollectionResults.CollectionResultFailMethodsTests.Fail_WithVeryLongStrings_ShouldHandleCorrectly" computerName="konstantins-macbook-pro" duration="00:00:00.0000564" startTime="2025-09-20T12:26:54.4557470+02:00" endTime="2025-09-20T12:26:54.4557690+02:00" testType="13cdc9d9-ddb5-4fa4-a97d-d965ccfc6d4b" outcome="Passed" testListId="8c84fa94-04c1-424b-9868-57a2d4851a1d" relativeResultsDirectory="0c852af4-7bcf-4f1b-9a4d-d38db3b24f2e" />
    <UnitTestResult executionId="c8372d0d-3d21-44fd-874b-d180f01d3718" testId="3c1351f2-b304-b994-7193-22c9e52a8782" testName="ManagedCode.Communication.Tests.Extensions.RailwayExtensionsTests.Finally_FailedResult_ExecutesAction" computerName="konstantins-macbook-pro" duration="00:00:00.0001643" startTime="2025-09-20T12:26:54.4171640+02:00" endTime="2025-09-20T12:26:54.4173490+02:00" testType="13cdc9d9-ddb5-4fa4-a97d-d965ccfc6d4b" outcome="Passed" testListId="8c84fa94-04c1-424b-9868-57a2d4851a1d" relativeResultsDirectory="c8372d0d-3d21-44fd-874b-d180f01d3718" />
    <UnitTestResult executionId="285bf8f1-78d9-4423-98c8-e4eecba97973" testId="7c024d4b-1985-e15e-210c-918bbaab85d2" testName="ManagedCode.Communication.Tests.Results.ResultTFailMethodsTests.ResultT_FailValidation_WithSingleError_ShouldCreateValidationFailedResult" computerName="konstantins-macbook-pro" duration="00:00:00.0004580" startTime="2025-09-20T12:26:54.4026690+02:00" endTime="2025-09-20T12:26:54.4037590+02:00" testType="13cdc9d9-ddb5-4fa4-a97d-d965ccfc6d4b" outcome="Passed" testListId="8c84fa94-04c1-424b-9868-57a2d4851a1d" relativeResultsDirectory="285bf8f1-78d9-4423-98c8-e4eecba97973" />
    <UnitTestResult executionId="fac1542b-85bc-4ed7-8e16-9eac65a6375a" testId="5daf60bc-d3db-b08c-c8ea-5261b3f91cd1" testName="ManagedCode.Communication.Tests.CollectionResults.CollectionResultFailMethodsTests.Fail_ChainedOperations_ShouldMaintainFailureState" computerName="konstantins-macbook-pro" duration="00:00:00.0007797" startTime="2025-09-20T12:26:54.4522930+02:00" endTime="2025-09-20T12:26:54.4532620+02:00" testType="13cdc9d9-ddb5-4fa4-a97d-d965ccfc6d4b" outcome="Passed" testListId="8c84fa94-04c1-424b-9868-57a2d4851a1d" relativeResultsDirectory="fac1542b-85bc-4ed7-8e16-9eac65a6375a" />
    <UnitTestResult executionId="e765a065-0227-4215-97cc-1f03121c4852" testId="f0e672db-0cd5-af9b-9ddf-e55604adbaef" testName="ManagedCode.Communication.Tests.Results.CollectionResultInvalidMethodsTests.CollectionResult_Invalid_WithEmptyDictionary_ShouldCreateValidationResultWithNoErrors" computerName="konstantins-macbook-pro" duration="00:00:00.0001076" startTime="2025-09-20T12:26:54.4593450+02:00" endTime="2025-09-20T12:26:54.4593790+02:00" testType="13cdc9d9-ddb5-4fa4-a97d-d965ccfc6d4b" outcome="Passed" testListId="8c84fa94-04c1-424b-9868-57a2d4851a1d" relativeResultsDirectory="e765a065-0227-4215-97cc-1f03121c4852" />
    <UnitTestResult executionId="d7278ec0-93a3-4804-98d7-22e28769848f" testId="311e3e96-4cb5-66b7-514a-5e93dfad5e16" testName="ManagedCode.Communication.Tests.Commands.MemoryCacheCommandIdempotencyStoreTests.RemoveCommandAsync_RemovesCommand" computerName="konstantins-macbook-pro" duration="00:00:00.0006790" startTime="2025-09-20T12:26:54.5293230+02:00" endTime="2025-09-20T12:26:54.5298330+02:00" testType="13cdc9d9-ddb5-4fa4-a97d-d965ccfc6d4b" outcome="Passed" testListId="8c84fa94-04c1-424b-9868-57a2d4851a1d" relativeResultsDirectory="d7278ec0-93a3-4804-98d7-22e28769848f" />
    <UnitTestResult executionId="b064a641-cd0e-4b39-b83e-da5d86a81f97" testId="9b5dfb80-ce41-e436-1e7d-ce9b1aff93d9" testName="ManagedCode.Communication.Tests.Results.ResultStaticHelperMethodsTests.Result_FailForbiddenT_NoParameters_ShouldCreateForbiddenResultT" computerName="konstantins-macbook-pro" duration="00:00:00.0001936" startTime="2025-09-20T12:26:54.4151220+02:00" endTime="2025-09-20T12:26:54.4155690+02:00" testType="13cdc9d9-ddb5-4fa4-a97d-d965ccfc6d4b" outcome="Passed" testListId="8c84fa94-04c1-424b-9868-57a2d4851a1d" relativeResultsDirectory="b064a641-cd0e-4b39-b83e-da5d86a81f97" />
    <UnitTestResult executionId="31ec1c0d-54ac-456b-affe-efffc79a1705" testId="7c24f30a-cdbb-9287-2f6f-be40b9f25947" testName="ManagedCode.Communication.Tests.Results.ProblemExceptionTests.Constructor_WithBasicDetails_ShouldCreateProblemAndSetProperties" computerName="konstantins-macbook-pro" duration="00:00:00.0001085" startTime="2025-09-20T12:26:54.4599920+02:00" endTime="2025-09-20T12:26:54.4601560+02:00" testType="13cdc9d9-ddb5-4fa4-a97d-d965ccfc6d4b" outcome="Passed" testListId="8c84fa94-04c1-424b-9868-57a2d4851a1d" relativeResultsDirectory="31ec1c0d-54ac-456b-affe-efffc79a1705" />
    <UnitTestResult executionId="7b0a9b4d-3273-4789-9c73-22539d37e3c0" testId="85fd8d0b-9fc0-1fbf-e3ac-fb7bd19ad960" testName="ManagedCode.Communication.Tests.ProblemTests.ProblemCreateMethodsTests.Problem_Create_WithEnumAndVariousStatusCodes_ShouldSetCorrectType(statusCode: 404, enumValue: &quot;NotFound&quot;)" computerName="konstantins-macbook-pro" duration="00:00:00.0000961" startTime="2025-09-20T12:26:54.4599150+02:00" endTime="2025-09-20T12:26:54.4600160+02:00" testType="13cdc9d9-ddb5-4fa4-a97d-d965ccfc6d4b" outcome="Passed" testListId="8c84fa94-04c1-424b-9868-57a2d4851a1d" relativeResultsDirectory="7b0a9b4d-3273-4789-9c73-22539d37e3c0" />
    <UnitTestResult executionId="8327a7bf-eee3-481d-a7ea-58ffbea65ee9" testId="c9c36d3a-0a72-c16b-d9ef-e237a67deccf" testName="ManagedCode.Communication.Tests.Orleans.Serialization.ResultSerializationTests.ResultT_WithComplexValue_ShouldSerializeCorrectly" computerName="konstantins-macbook-pro" duration="00:00:00.0035109" startTime="2025-09-20T12:26:55.1836030+02:00" endTime="2025-09-20T12:26:55.1872420+02:00" testType="13cdc9d9-ddb5-4fa4-a97d-d965ccfc6d4b" outcome="Passed" testListId="8c84fa94-04c1-424b-9868-57a2d4851a1d" relativeResultsDirectory="8327a7bf-eee3-481d-a7ea-58ffbea65ee9" />
    <UnitTestResult executionId="65f6f468-e2c7-4a46-b310-a4c6b9767459" testId="a7cb801d-7f16-2aed-a9b9-27ada01410cb" testName="ManagedCode.Communication.Tests.Results.ResultHelperMethodsTests.Result_TryGetProblem_WithFailure_ShouldReturnTrueAndProblem" computerName="konstantins-macbook-pro" duration="00:00:00.0000570" startTime="2025-09-20T12:26:54.4720750+02:00" endTime="2025-09-20T12:26:54.4721970+02:00" testType="13cdc9d9-ddb5-4fa4-a97d-d965ccfc6d4b" outcome="Passed" testListId="8c84fa94-04c1-424b-9868-57a2d4851a1d" relativeResultsDirectory="65f6f468-e2c7-4a46-b310-a4c6b9767459" />
    <UnitTestResult executionId="37fc802a-03a3-4984-8cb4-98638e83569c" testId="7f21b0b4-e06a-6f12-ca83-6bc768cb16d0" testName="ManagedCode.Communication.Tests.Results.ResultProblemExtensionsTests.Result_ThrowIfProblem_WithSuccess_DoesNotThrow" computerName="konstantins-macbook-pro" duration="00:00:00.0001382" startTime="2025-09-20T12:26:54.4456130+02:00" endTime="2025-09-20T12:26:54.4457210+02:00" testType="13cdc9d9-ddb5-4fa4-a97d-d965ccfc6d4b" outcome="Passed" testListId="8c84fa94-04c1-424b-9868-57a2d4851a1d" relativeResultsDirectory="37fc802a-03a3-4984-8cb4-98638e83569c" />
    <UnitTestResult executionId="bce3f804-070d-44a9-b1ce-9220c1709bcf" testId="556708dc-3ea7-4044-1a0d-7548df8b4302" testName="ManagedCode.Communication.Tests.Serialization.ProblemJsonConverterTests.Serialize_DifferentTypeValues_HandlesCorrectly(inputType: &quot;custom-type&quot;, expectedType: &quot;custom-type&quot;)" computerName="konstantins-macbook-pro" duration="00:00:00.0000266" startTime="2025-09-20T12:26:54.4339000+02:00" endTime="2025-09-20T12:26:54.4339850+02:00" testType="13cdc9d9-ddb5-4fa4-a97d-d965ccfc6d4b" outcome="Passed" testListId="8c84fa94-04c1-424b-9868-57a2d4851a1d" relativeResultsDirectory="bce3f804-070d-44a9-b1ce-9220c1709bcf" />
    <UnitTestResult executionId="afd261de-6ac4-4a50-803d-734c976b07c5" testId="f91e9575-30e1-e221-f699-3a11de9b388a" testName="ManagedCode.Communication.Tests.Results.ResultInvalidMethodsTests.ResultT_Invalid_WithMessage_ShouldCreateValidationResultWithMessage" computerName="konstantins-macbook-pro" duration="00:00:00.0021032" startTime="2025-09-20T12:26:54.3925680+02:00" endTime="2025-09-20T12:26:54.4016850+02:00" testType="13cdc9d9-ddb5-4fa4-a97d-d965ccfc6d4b" outcome="Passed" testListId="8c84fa94-04c1-424b-9868-57a2d4851a1d" relativeResultsDirectory="afd261de-6ac4-4a50-803d-734c976b07c5" />
    <UnitTestResult executionId="184f354c-4e65-413d-bf54-4dde206121a2" testId="46807053-f966-a388-4d2d-7da9058b5203" testName="ManagedCode.Communication.Tests.CollectionResults.CollectionResultFromMethodsTests.From_CanceledTask_ShouldReturnFailedResult" computerName="konstantins-macbook-pro" duration="00:00:00.0002729" startTime="2025-09-20T12:26:54.5044870+02:00" endTime="2025-09-20T12:26:54.5045110+02:00" testType="13cdc9d9-ddb5-4fa4-a97d-d965ccfc6d4b" outcome="Passed" testListId="8c84fa94-04c1-424b-9868-57a2d4851a1d" relativeResultsDirectory="184f354c-4e65-413d-bf54-4dde206121a2" />
    <UnitTestResult executionId="51300ad8-76cd-486b-a6a3-ee70f43ee4f3" testId="46310652-8cba-41d1-ad89-4a295ad73bfd" testName="ManagedCode.Communication.Tests.Results.ResultStaticHelperMethodsTests.Result_FailT_NoParameters_ShouldCreateFailedResultT" computerName="konstantins-macbook-pro" duration="00:00:00.0003171" startTime="2025-09-20T12:26:54.4129730+02:00" endTime="2025-09-20T12:26:54.4132520+02:00" testType="13cdc9d9-ddb5-4fa4-a97d-d965ccfc6d4b" outcome="Passed" testListId="8c84fa94-04c1-424b-9868-57a2d4851a1d" relativeResultsDirectory="51300ad8-76cd-486b-a6a3-ee70f43ee4f3" />
    <UnitTestResult executionId="f3a2d164-b201-4a59-91df-61ca234fabac" testId="db2cb8c8-7d9d-eb1f-44ff-41d77481d91c" testName="ManagedCode.Communication.Tests.Extensions.RailwayExtensionsTests.Bind_FailedResultT_DoesNotExecuteBinder" computerName="konstantins-macbook-pro" duration="00:00:00.0000950" startTime="2025-09-20T12:26:54.4164420+02:00" endTime="2025-09-20T12:26:54.4165430+02:00" testType="13cdc9d9-ddb5-4fa4-a97d-d965ccfc6d4b" outcome="Passed" testListId="8c84fa94-04c1-424b-9868-57a2d4851a1d" relativeResultsDirectory="f3a2d164-b201-4a59-91df-61ca234fabac" />
    <UnitTestResult executionId="0cb430d5-2f08-4dd2-a2fa-55d42486d889" testId="62b58bd7-3c1e-de08-a9e7-b42cffcdf323" testName="ManagedCode.Communication.Tests.Results.CollectionResultTests.Succeed_WithEnumerable_ShouldCreateSuccessfulResult" computerName="konstantins-macbook-pro" duration="00:00:00.0001931" startTime="2025-09-20T12:26:54.4762540+02:00" endTime="2025-09-20T12:26:54.4762780+02:00" testType="13cdc9d9-ddb5-4fa4-a97d-d965ccfc6d4b" outcome="Passed" testListId="8c84fa94-04c1-424b-9868-57a2d4851a1d" relativeResultsDirectory="0cb430d5-2f08-4dd2-a2fa-55d42486d889" />
    <UnitTestResult executionId="47d10cab-0731-4798-8385-fb1c03ab4853" testId="5c7b6bae-02f9-ce2e-b4df-a3f1c1127960" testName="ManagedCode.Communication.Tests.CollectionResults.CollectionResultFromMethodsTests.From_ValueTaskReturningArray_ShouldCreateSuccessResult" computerName="konstantins-macbook-pro" duration="00:00:00.0012910" startTime="2025-09-20T12:26:54.7321420+02:00" endTime="2025-09-20T12:26:54.7333400+02:00" testType="13cdc9d9-ddb5-4fa4-a97d-d965ccfc6d4b" outcome="Passed" testListId="8c84fa94-04c1-424b-9868-57a2d4851a1d" relativeResultsDirectory="47d10cab-0731-4798-8385-fb1c03ab4853" />
    <UnitTestResult executionId="27286942-5954-40f0-8db6-2c7a00ac8797" testId="0a693c83-039e-37ea-ca71-d6cb11cb39f0" testName="ManagedCode.Communication.Tests.Results.ResultTTests.Succeed_WithValue_ShouldCreateSuccessfulResult" computerName="konstantins-macbook-pro" duration="00:00:00.0000630" startTime="2025-09-20T12:26:54.4088050+02:00" endTime="2025-09-20T12:26:54.4093370+02:00" testType="13cdc9d9-ddb5-4fa4-a97d-d965ccfc6d4b" outcome="Passed" testListId="8c84fa94-04c1-424b-9868-57a2d4851a1d" relativeResultsDirectory="27286942-5954-40f0-8db6-2c7a00ac8797" />
    <UnitTestResult executionId="a2746727-ca5d-47fd-8c0c-8f0dd2213d28" testId="5afc63d3-e6c2-fa08-2064-5b3b85269a6c" testName="ManagedCode.Communication.Tests.Extensions.RailwayExtensionsTests.Tap_FailedResult_DoesNotExecuteAction" computerName="konstantins-macbook-pro" duration="00:00:00.0002170" startTime="2025-09-20T12:26:54.4174440+02:00" endTime="2025-09-20T12:26:54.4180610+02:00" testType="13cdc9d9-ddb5-4fa4-a97d-d965ccfc6d4b" outcome="Passed" testListId="8c84fa94-04c1-424b-9868-57a2d4851a1d" relativeResultsDirectory="a2746727-ca5d-47fd-8c0c-8f0dd2213d28" />
    <UnitTestResult executionId="b8987b6f-3fc4-4b49-99a2-dc5fb30b7bee" testId="d137c692-c33a-c29f-f0cd-43638d316a9f" testName="ManagedCode.Communication.Tests.ProblemTests.ProblemCreateMethodsTests.Problem_GetValidationErrors_WithValidErrors_ShouldReturnDictionary" computerName="konstantins-macbook-pro" duration="00:00:00.0000793" startTime="2025-09-20T12:26:54.4634420+02:00" endTime="2025-09-20T12:26:54.4634650+02:00" testType="13cdc9d9-ddb5-4fa4-a97d-d965ccfc6d4b" outcome="Passed" testListId="8c84fa94-04c1-424b-9868-57a2d4851a1d" relativeResultsDirectory="b8987b6f-3fc4-4b49-99a2-dc5fb30b7bee" />
    <UnitTestResult executionId="206becc8-23d1-4f5c-8630-485333abeae6" testId="e28c6785-47f9-bd94-84d3-18cec24659f3" testName="ManagedCode.Communication.Tests.Results.ProblemCreationExtensionsTests.ToProblem_FromEnum_WithCustomDetail_ShouldUseProvidedDetail" computerName="konstantins-macbook-pro" duration="00:00:00.0000827" startTime="2025-09-20T12:26:54.4581390+02:00" endTime="2025-09-20T12:26:54.4582170+02:00" testType="13cdc9d9-ddb5-4fa4-a97d-d965ccfc6d4b" outcome="Passed" testListId="8c84fa94-04c1-424b-9868-57a2d4851a1d" relativeResultsDirectory="206becc8-23d1-4f5c-8630-485333abeae6" />
    <UnitTestResult executionId="4b38fab4-0cdc-469e-a442-5f8aaabf2350" testId="f4da7c87-8b32-63a0-c0c1-fe7726108d96" testName="ManagedCode.Communication.Tests.Commands.CommandExtensionsTests.FluentSetters_ShouldAssignIdentifiers" computerName="konstantins-macbook-pro" duration="00:00:00.0019333" startTime="2025-09-20T12:26:54.4336600+02:00" endTime="2025-09-20T12:26:54.4346060+02:00" testType="13cdc9d9-ddb5-4fa4-a97d-d965ccfc6d4b" outcome="Passed" testListId="8c84fa94-04c1-424b-9868-57a2d4851a1d" relativeResultsDirectory="4b38fab4-0cdc-469e-a442-5f8aaabf2350" />
    <UnitTestResult executionId="6dfe38bf-b50f-4fe8-a374-c74b4614d11d" testId="8ef731a7-df62-2078-454e-b3c5ab5a52f3" testName="ManagedCode.Communication.Tests.Results.ProblemTests.Create_ShouldCreateProblemWithAllProperties" computerName="konstantins-macbook-pro" duration="00:00:00.0000691" startTime="2025-09-20T12:26:54.4516730+02:00" endTime="2025-09-20T12:26:54.4517860+02:00" testType="13cdc9d9-ddb5-4fa4-a97d-d965ccfc6d4b" outcome="Passed" testListId="8c84fa94-04c1-424b-9868-57a2d4851a1d" relativeResultsDirectory="6dfe38bf-b50f-4fe8-a374-c74b4614d11d" />
    <UnitTestResult executionId="6c4a9867-9ab3-41dc-a8cf-3c1f1f2575fb" testId="6522bdf5-de38-3374-97b3-1ce8774e28b5" testName="ManagedCode.Communication.Tests.Orleans.OrleansSerializationTests.CompleteWorkflow_AllTypes_ShouldSerializeCorrectly" computerName="konstantins-macbook-pro" duration="00:00:00.0173770" startTime="2025-09-20T12:26:55.1835140+02:00" endTime="2025-09-20T12:26:55.2012350+02:00" testType="13cdc9d9-ddb5-4fa4-a97d-d965ccfc6d4b" outcome="Passed" testListId="8c84fa94-04c1-424b-9868-57a2d4851a1d" relativeResultsDirectory="6c4a9867-9ab3-41dc-a8cf-3c1f1f2575fb" />
    <UnitTestResult executionId="5feaf55c-3ead-42ac-8035-27944a01283b" testId="a14789f8-25ec-bd3c-5129-2bb2c2d09985" testName="ManagedCode.Communication.Tests.Extensions.RailwayExtensionsTests.Ensure_SuccessfulResultInvalidPredicate_BecomesFailed" computerName="konstantins-macbook-pro" duration="00:00:00.0000960" startTime="2025-09-20T12:26:54.4249560+02:00" endTime="2025-09-20T12:26:54.4252160+02:00" testType="13cdc9d9-ddb5-4fa4-a97d-d965ccfc6d4b" outcome="Passed" testListId="8c84fa94-04c1-424b-9868-57a2d4851a1d" relativeResultsDirectory="5feaf55c-3ead-42ac-8035-27944a01283b" />
    <UnitTestResult executionId="ae1df132-9b3b-4e5b-a5fc-3e48e759ac12" testId="d7f431fb-d8db-7127-72a4-c56f83d9c52c" testName="ManagedCode.Communication.Tests.Orleans.Serialization.CommandSerializationTests.CommandT_WithNullPayload_ShouldSerializeCorrectly" computerName="konstantins-macbook-pro" duration="00:00:00.0361806" startTime="2025-09-20T12:26:55.1406920+02:00" endTime="2025-09-20T12:26:55.1765400+02:00" testType="13cdc9d9-ddb5-4fa4-a97d-d965ccfc6d4b" outcome="Passed" testListId="8c84fa94-04c1-424b-9868-57a2d4851a1d" relativeResultsDirectory="ae1df132-9b3b-4e5b-a5fc-3e48e759ac12" />
    <UnitTestResult executionId="57150bad-9439-40be-bf21-5a2619b8616d" testId="79aef7de-738f-b2d7-91f6-bab93a12a8cc" testName="ManagedCode.Communication.Tests.Extensions.AdvancedRailwayExtensionsTests.ParallelValidation_CollectsAllErrors" computerName="konstantins-macbook-pro" duration="00:00:00.0003433" startTime="2025-09-20T12:26:54.4780440+02:00" endTime="2025-09-20T12:26:54.4788600+02:00" testType="13cdc9d9-ddb5-4fa4-a97d-d965ccfc6d4b" outcome="Passed" testListId="8c84fa94-04c1-424b-9868-57a2d4851a1d" relativeResultsDirectory="57150bad-9439-40be-bf21-5a2619b8616d" />
    <UnitTestResult executionId="d253f568-20c6-4435-ad81-f98e378cf28f" testId="976bb755-951a-abad-a6b2-b4df05914837" testName="ManagedCode.Communication.Tests.ProblemTests.ProblemCreateMethodsTests.Problem_Create_WithEnumDetailAndStatusCode_ShouldCreateProblemWithCustomDetail" computerName="konstantins-macbook-pro" duration="00:00:00.0002907" startTime="2025-09-20T12:26:54.4620580+02:00" endTime="2025-09-20T12:26:54.4622920+02:00" testType="13cdc9d9-ddb5-4fa4-a97d-d965ccfc6d4b" outcome="Passed" testListId="8c84fa94-04c1-424b-9868-57a2d4851a1d" relativeResultsDirectory="d253f568-20c6-4435-ad81-f98e378cf28f" />
    <UnitTestResult executionId="f2c5d9ea-eb7c-4353-b46b-dc4e19414048" testId="e6978d63-8432-1fb5-de7e-ad5cae526227" testName="ManagedCode.Communication.Tests.Results.CollectionResultTests.TryGetProblem_WithFailedResult_ShouldReturnTrueAndProblem" computerName="konstantins-macbook-pro" duration="00:00:00.0000937" startTime="2025-09-20T12:26:54.4750400+02:00" endTime="2025-09-20T12:26:54.4751450+02:00" testType="13cdc9d9-ddb5-4fa4-a97d-d965ccfc6d4b" outcome="Passed" testListId="8c84fa94-04c1-424b-9868-57a2d4851a1d" relativeResultsDirectory="f2c5d9ea-eb7c-4353-b46b-dc4e19414048" />
    <UnitTestResult executionId="e2568915-b291-47f6-97a8-b0206be806d9" testId="b0a57685-59f6-3924-f2f2-628ea43f6fa6" testName="ManagedCode.Communication.Tests.Extensions.HttpResponseExtensionTests.FromJsonToResult_BadRequestStatusCode_ReturnsFailedResultWithCorrectStatus" computerName="konstantins-macbook-pro" duration="00:00:00.0002975" startTime="2025-09-20T12:26:54.4494760+02:00" endTime="2025-09-20T12:26:54.4499450+02:00" testType="13cdc9d9-ddb5-4fa4-a97d-d965ccfc6d4b" outcome="Passed" testListId="8c84fa94-04c1-424b-9868-57a2d4851a1d" relativeResultsDirectory="e2568915-b291-47f6-97a8-b0206be806d9" />
    <UnitTestResult executionId="dce68d8e-697b-44e5-978d-8a91a3fd1bfe" testId="2db04800-c35a-cd8d-8f75-a8a0a4dfddd7" testName="ManagedCode.Communication.Tests.Results.ResultTFailMethodsTests.ResultT_Fail_NoParameters_ShouldCreateFailedResult" computerName="konstantins-macbook-pro" duration="00:00:00.0002263" startTime="2025-09-20T12:26:54.4155440+02:00" endTime="2025-09-20T12:26:54.4157370+02:00" testType="13cdc9d9-ddb5-4fa4-a97d-d965ccfc6d4b" outcome="Passed" testListId="8c84fa94-04c1-424b-9868-57a2d4851a1d" relativeResultsDirectory="dce68d8e-697b-44e5-978d-8a91a3fd1bfe" />
    <UnitTestResult executionId="e823f274-b8fb-423a-a2e4-201fc7f69e47" testId="4042cc53-0735-53f5-867b-1cf2a2aa85d5" testName="ManagedCode.Communication.Tests.Results.ResultHelperMethodsTests.Result_Try_WithException_ShouldReturnFailure" computerName="konstantins-macbook-pro" duration="00:00:00.0001393" startTime="2025-09-20T12:26:54.4994640+02:00" endTime="2025-09-20T12:26:54.4999320+02:00" testType="13cdc9d9-ddb5-4fa4-a97d-d965ccfc6d4b" outcome="Passed" testListId="8c84fa94-04c1-424b-9868-57a2d4851a1d" relativeResultsDirectory="e823f274-b8fb-423a-a2e4-201fc7f69e47" />
    <UnitTestResult executionId="95cde3f3-61b0-4e91-8b3b-09170e198c03" testId="92ceef80-e5b7-c89c-a796-a51df0e588f6" testName="ManagedCode.Communication.Tests.Results.ResultTTests.Fail_WithProblem_ShouldCreateFailedResult" computerName="konstantins-macbook-pro" duration="00:00:00.0002174" startTime="2025-09-20T12:26:54.3975190+02:00" endTime="2025-09-20T12:26:54.3995570+02:00" testType="13cdc9d9-ddb5-4fa4-a97d-d965ccfc6d4b" outcome="Passed" testListId="8c84fa94-04c1-424b-9868-57a2d4851a1d" relativeResultsDirectory="95cde3f3-61b0-4e91-8b3b-09170e198c03" />
    <UnitTestResult executionId="7491274d-ee0d-48d9-901b-411f17d1e486" testId="59112ff7-cfa4-07fc-48da-58e17ef69013" testName="ManagedCode.Communication.Tests.Results.ResultValueExecutionExtensionsTests.From_Func_Throws_ReturnsFailure" computerName="konstantins-macbook-pro" duration="00:00:00.0001843" startTime="2025-09-20T12:26:54.4344120+02:00" endTime="2025-09-20T12:26:54.4344390+02:00" testType="13cdc9d9-ddb5-4fa4-a97d-d965ccfc6d4b" outcome="Passed" testListId="8c84fa94-04c1-424b-9868-57a2d4851a1d" relativeResultsDirectory="7491274d-ee0d-48d9-901b-411f17d1e486" />
    <UnitTestResult executionId="490414fc-7f1e-48bc-8e61-d0a278eff2ab" testId="0f64322a-6465-7604-d056-7e866a62441d" testName="ManagedCode.Communication.Tests.AspNetCore.Helpers.HttpStatusCodeHelperTests.GetStatusCodeForException_UnknownException_FallsBackToBaseHelper" computerName="konstantins-macbook-pro" duration="00:00:00.0024638" startTime="2025-09-20T12:26:54.4636320+02:00" endTime="2025-09-20T12:26:54.4645590+02:00" testType="13cdc9d9-ddb5-4fa4-a97d-d965ccfc6d4b" outcome="Passed" testListId="8c84fa94-04c1-424b-9868-57a2d4851a1d" relativeResultsDirectory="490414fc-7f1e-48bc-8e61-d0a278eff2ab" />
    <UnitTestResult executionId="ff196c9e-b102-42e7-9faa-77b3c9a89712" testId="a9d44699-d2e2-8f94-e099-ceb0e0e2f5b7" testName="ManagedCode.Communication.Tests.Results.RailwayOrientedProgrammingTests.Tap_ShouldExecuteSideEffectWithoutChangingResult" computerName="konstantins-macbook-pro" duration="00:00:00.0001211" startTime="2025-09-20T12:26:54.4692730+02:00" endTime="2025-09-20T12:26:54.4692960+02:00" testType="13cdc9d9-ddb5-4fa4-a97d-d965ccfc6d4b" outcome="Passed" testListId="8c84fa94-04c1-424b-9868-57a2d4851a1d" relativeResultsDirectory="ff196c9e-b102-42e7-9faa-77b3c9a89712" />
    <UnitTestResult executionId="30739f4a-625a-406e-a6d3-532baf85fe6e" testId="d63e28b0-0e78-d9d5-3c31-ecad325cd7f3" testName="ManagedCode.Communication.Tests.Results.ProblemTests.HasErrorCode_WithDifferentEnumType_ShouldReturnFalse" computerName="konstantins-macbook-pro" duration="00:00:00.0006577" startTime="2025-09-20T12:26:54.4496000+02:00" endTime="2025-09-20T12:26:54.4507570+02:00" testType="13cdc9d9-ddb5-4fa4-a97d-d965ccfc6d4b" outcome="Passed" testListId="8c84fa94-04c1-424b-9868-57a2d4851a1d" relativeResultsDirectory="30739f4a-625a-406e-a6d3-532baf85fe6e" />
    <UnitTestResult executionId="e8e8a2b4-49a6-4da8-b6fd-de3c7f22dba2" testId="a010d328-b267-86d7-7517-2aa28b420b4b" testName="ManagedCode.Communication.Tests.Results.ResultExecutionExtensionsTests.From_Result_RoundTripsInstance" computerName="konstantins-macbook-pro" duration="00:00:00.0000663" startTime="2025-09-20T12:26:54.5008450+02:00" endTime="2025-09-20T12:26:54.5008660+02:00" testType="13cdc9d9-ddb5-4fa4-a97d-d965ccfc6d4b" outcome="Passed" testListId="8c84fa94-04c1-424b-9868-57a2d4851a1d" relativeResultsDirectory="e8e8a2b4-49a6-4da8-b6fd-de3c7f22dba2" />
    <UnitTestResult executionId="806c13ce-5b15-4ad2-b94d-3f52d6626a63" testId="ae8bdbb0-e445-3041-c219-15ee192365d2" testName="ManagedCode.Communication.Tests.AspNetCore.Extensions.ServiceCollectionExtensionsTests.Communication_Should_Handle_Empty_Collections" computerName="konstantins-macbook-pro" duration="00:00:00.0009265" startTime="2025-09-20T12:26:55.4137600+02:00" endTime="2025-09-20T12:26:55.4147160+02:00" testType="13cdc9d9-ddb5-4fa4-a97d-d965ccfc6d4b" outcome="Passed" testListId="8c84fa94-04c1-424b-9868-57a2d4851a1d" relativeResultsDirectory="806c13ce-5b15-4ad2-b94d-3f52d6626a63" />
    <UnitTestResult executionId="a513bacd-989b-48c6-950e-d720ba7cd1bb" testId="1adb0645-47a1-38af-9691-a85a3f8ec72c" testName="ManagedCode.Communication.Tests.Results.ResultExecutionExtensionsTests.From_FuncBool_WithProblemFalse_ReturnsProvidedProblem" computerName="konstantins-macbook-pro" duration="00:00:00.0005285" startTime="2025-09-20T12:26:54.4792430+02:00" endTime="2025-09-20T12:26:54.4796010+02:00" testType="13cdc9d9-ddb5-4fa4-a97d-d965ccfc6d4b" outcome="Passed" testListId="8c84fa94-04c1-424b-9868-57a2d4851a1d" relativeResultsDirectory="a513bacd-989b-48c6-950e-d720ba7cd1bb" />
    <UnitTestResult executionId="d31fd09f-cae4-42d0-a8c8-e367b98b0713" testId="62230298-b8cb-65c6-11c5-47ce136a6111" testName="ManagedCode.Communication.Tests.Results.ResultValueExecutionExtensionsTests.From_ValueTask_ReturnsSuccess" computerName="konstantins-macbook-pro" duration="00:00:00.0003014" startTime="2025-09-20T12:26:54.4359670+02:00" endTime="2025-09-20T12:26:54.4359930+02:00" testType="13cdc9d9-ddb5-4fa4-a97d-d965ccfc6d4b" outcome="Passed" testListId="8c84fa94-04c1-424b-9868-57a2d4851a1d" relativeResultsDirectory="d31fd09f-cae4-42d0-a8c8-e367b98b0713" />
    <UnitTestResult executionId="54dc5f5f-8bd7-4d2f-b0fa-fa598c2f00e6" testId="e9cb769c-b635-ee8b-10f7-3c2bfac37d63" testName="ManagedCode.Communication.Tests.Results.ResultFailMethodsTests.Result_FailValidation_WithMultipleErrors_ShouldCreateValidationFailedResultWithAllErrors" computerName="konstantins-macbook-pro" duration="00:00:00.0001119" startTime="2025-09-20T12:26:54.4959910+02:00" endTime="2025-09-20T12:26:54.4960990+02:00" testType="13cdc9d9-ddb5-4fa4-a97d-d965ccfc6d4b" outcome="Passed" testListId="8c84fa94-04c1-424b-9868-57a2d4851a1d" relativeResultsDirectory="54dc5f5f-8bd7-4d2f-b0fa-fa598c2f00e6" />
    <UnitTestResult executionId="7a3562b6-bc99-4780-a43d-fd875e69d70e" testId="1ee7f53c-e626-990a-6b17-a9a8097992ee" testName="ManagedCode.Communication.Tests.CollectionResults.CollectionResultFromMethodsTests.From_GenericSuccessCollectionResult_ShouldReturnSuccessResult" computerName="konstantins-macbook-pro" duration="00:00:00.0001716" startTime="2025-09-20T12:26:54.6866720+02:00" endTime="2025-09-20T12:26:54.6867700+02:00" testType="13cdc9d9-ddb5-4fa4-a97d-d965ccfc6d4b" outcome="Passed" testListId="8c84fa94-04c1-424b-9868-57a2d4851a1d" relativeResultsDirectory="7a3562b6-bc99-4780-a43d-fd875e69d70e" />
    <UnitTestResult executionId="6d0aae3c-5371-4742-9030-d1338a8e957d" testId="6f9b44ef-a4fb-2ef9-5064-11b31eaf6d4b" testName="ManagedCode.Communication.Tests.Extensions.ProblemExtensionsTests.RoundTrip_ProblemDetailsWithNullValues_ShouldHandleGracefully" computerName="konstantins-macbook-pro" duration="00:00:00.0007299" startTime="2025-09-20T12:26:54.4400400+02:00" endTime="2025-09-20T12:26:54.4402530+02:00" testType="13cdc9d9-ddb5-4fa4-a97d-d965ccfc6d4b" outcome="Passed" testListId="8c84fa94-04c1-424b-9868-57a2d4851a1d" relativeResultsDirectory="6d0aae3c-5371-4742-9030-d1338a8e957d" />
    <UnitTestResult executionId="2a5635bf-6aa1-4990-8908-28dd26553093" testId="1984c2a7-7175-dd20-85f7-f923a8979400" testName="ManagedCode.Communication.Tests.Results.ResultTests.ImplicitOperator_FromBool_False_ShouldCreateFailedResult" computerName="konstantins-macbook-pro" duration="00:00:00.0001174" startTime="2025-09-20T12:26:54.4438520+02:00" endTime="2025-09-20T12:26:54.4438780+02:00" testType="13cdc9d9-ddb5-4fa4-a97d-d965ccfc6d4b" outcome="Passed" testListId="8c84fa94-04c1-424b-9868-57a2d4851a1d" relativeResultsDirectory="2a5635bf-6aa1-4990-8908-28dd26553093" />
    <UnitTestResult executionId="ccd82720-7835-4eda-bf22-1b72377e67ef" testId="9deae48d-7055-3dbc-52b0-c16fc854726a" testName="ManagedCode.Communication.Tests.Results.ResultTTests.From_WithFunc_ShouldExecuteAndWrapResult" computerName="konstantins-macbook-pro" duration="00:00:00.0003209" startTime="2025-09-20T12:26:54.4072820+02:00" endTime="2025-09-20T12:26:54.4086170+02:00" testType="13cdc9d9-ddb5-4fa4-a97d-d965ccfc6d4b" outcome="Passed" testListId="8c84fa94-04c1-424b-9868-57a2d4851a1d" relativeResultsDirectory="ccd82720-7835-4eda-bf22-1b72377e67ef" />
    <UnitTestResult executionId="5622892c-e3a8-4b45-9713-93e4c698265b" testId="5b87a404-d9e1-52c6-716c-3d6bfb3c059a" testName="ManagedCode.Communication.Tests.Orleans.Serialization.ProblemSerializationTests.Problem_WithErrorCode_ShouldSerializeCorrectly" computerName="konstantins-macbook-pro" duration="00:00:00.0010370" startTime="2025-09-20T12:26:55.1816360+02:00" endTime="2025-09-20T12:26:55.1824390+02:00" testType="13cdc9d9-ddb5-4fa4-a97d-d965ccfc6d4b" outcome="Passed" testListId="8c84fa94-04c1-424b-9868-57a2d4851a1d" relativeResultsDirectory="5622892c-e3a8-4b45-9713-93e4c698265b" />
    <UnitTestResult executionId="afb164ee-e583-460c-b0df-72d4880adba7" testId="c574a1e3-8952-ce45-2c0e-dc14f4ee4afc" testName="ManagedCode.Communication.Tests.Results.ResultInvalidMethodsTests.Invalid_WithEmptyDictionary_ShouldCreateValidationResultWithoutErrors" computerName="konstantins-macbook-pro" duration="00:00:00.0009930" startTime="2025-09-20T12:26:54.4206680+02:00" endTime="2025-09-20T12:26:54.4218750+02:00" testType="13cdc9d9-ddb5-4fa4-a97d-d965ccfc6d4b" outcome="Passed" testListId="8c84fa94-04c1-424b-9868-57a2d4851a1d" relativeResultsDirectory="afb164ee-e583-460c-b0df-72d4880adba7" />
    <UnitTestResult executionId="96d67eab-4061-4458-922f-919e4e56d3d6" testId="f0903404-1a3b-41c9-12e3-9c19c9690b95" testName="ManagedCode.Communication.Tests.CollectionResults.CollectionResultFailMethodsTests.Fail_WithVariousStatusCodes_ShouldSetCorrectStatusCode(statusCode: BadRequest, expectedCode: 400)" computerName="konstantins-macbook-pro" duration="00:00:00.0000904" startTime="2025-09-20T12:26:54.4465630+02:00" endTime="2025-09-20T12:26:54.4466600+02:00" testType="13cdc9d9-ddb5-4fa4-a97d-d965ccfc6d4b" outcome="Passed" testListId="8c84fa94-04c1-424b-9868-57a2d4851a1d" relativeResultsDirectory="96d67eab-4061-4458-922f-919e4e56d3d6" />
    <UnitTestResult executionId="2f12e3dc-3d3a-4dcb-9090-3577e690b957" testId="f2fedf4e-1784-514f-f108-e8785c00ded4" testName="ManagedCode.Communication.Tests.Extensions.ProblemExtensionsTests.AsProblem_ShouldConvertProblemDetailsToProblem" computerName="konstantins-macbook-pro" duration="00:00:00.0001063" startTime="2025-09-20T12:26:54.4415410+02:00" endTime="2025-09-20T12:26:54.4417210+02:00" testType="13cdc9d9-ddb5-4fa4-a97d-d965ccfc6d4b" outcome="Passed" testListId="8c84fa94-04c1-424b-9868-57a2d4851a1d" relativeResultsDirectory="2f12e3dc-3d3a-4dcb-9090-3577e690b957" />
    <UnitTestResult executionId="60f89d7a-280d-4c03-8c47-808273037e8c" testId="de19ba09-da48-16a7-e578-ccf66f701e6a" testName="ManagedCode.Communication.Tests.CollectionResults.CollectionResultFromMethodsTests.From_FuncWithSideEffects_ShouldExecuteOnce" computerName="konstantins-macbook-pro" duration="00:00:00.0001353" startTime="2025-09-20T12:26:54.5087980+02:00" endTime="2025-09-20T12:26:54.5089010+02:00" testType="13cdc9d9-ddb5-4fa4-a97d-d965ccfc6d4b" outcome="Passed" testListId="8c84fa94-04c1-424b-9868-57a2d4851a1d" relativeResultsDirectory="60f89d7a-280d-4c03-8c47-808273037e8c" />
    <UnitTestResult executionId="cf7d8e95-fde7-4d75-be16-b956d183b008" testId="56331dab-a3f7-2362-5979-39dd09b423f7" testName="ManagedCode.Communication.Tests.Results.ResultStaticHelperMethodsTests.Result_FailT_WithEnumAndDetail_ShouldCreateFailedResultTWithErrorCodeAndDetail" computerName="konstantins-macbook-pro" duration="00:00:00.0010049" startTime="2025-09-20T12:26:54.3977410+02:00" endTime="2025-09-20T12:26:54.4006010+02:00" testType="13cdc9d9-ddb5-4fa4-a97d-d965ccfc6d4b" outcome="Passed" testListId="8c84fa94-04c1-424b-9868-57a2d4851a1d" relativeResultsDirectory="cf7d8e95-fde7-4d75-be16-b956d183b008" />
    <UnitTestResult executionId="7590b3f5-87ce-47b9-9cf1-1992357d166c" testId="234bc324-8553-c6e0-ddb6-1b51780458be" testName="ManagedCode.Communication.Tests.Extensions.AdvancedRailwayExtensionsTests.Then_WithFailedResult_DoesNotExecuteNext" computerName="konstantins-macbook-pro" duration="00:00:00.0003288" startTime="2025-09-20T12:26:54.4366060+02:00" endTime="2025-09-20T12:26:54.4366290+02:00" testType="13cdc9d9-ddb5-4fa4-a97d-d965ccfc6d4b" outcome="Passed" testListId="8c84fa94-04c1-424b-9868-57a2d4851a1d" relativeResultsDirectory="7590b3f5-87ce-47b9-9cf1-1992357d166c" />
    <UnitTestResult executionId="60f3709f-f084-44db-841c-3ea5ebf3d789" testId="4eab4e72-83a1-9aa2-b249-0d3036fab2e0" testName="ManagedCode.Communication.Tests.Extensions.ProblemExtensionsTests.AsProblemDetails_ShouldConvertProblemToProblemDetails" computerName="konstantins-macbook-pro" duration="00:00:00.0007785" startTime="2025-09-20T12:26:54.4403100+02:00" endTime="2025-09-20T12:26:54.4407490+02:00" testType="13cdc9d9-ddb5-4fa4-a97d-d965ccfc6d4b" outcome="Passed" testListId="8c84fa94-04c1-424b-9868-57a2d4851a1d" relativeResultsDirectory="60f3709f-f084-44db-841c-3ea5ebf3d789" />
    <UnitTestResult executionId="33dd28c6-b58d-4670-8640-eb83f2b7bfdc" testId="df5d6f80-47b6-1dba-6191-9a36b85a07e0" testName="ManagedCode.Communication.Tests.AspNetCore.Extensions.ControllerExtensionsTests.ToActionResult_WithComplexObject_ReturnsCorrectValue" computerName="konstantins-macbook-pro" duration="00:00:00.0002842" startTime="2025-09-20T12:26:54.4677210+02:00" endTime="2025-09-20T12:26:54.4677450+02:00" testType="13cdc9d9-ddb5-4fa4-a97d-d965ccfc6d4b" outcome="Passed" testListId="8c84fa94-04c1-424b-9868-57a2d4851a1d" relativeResultsDirectory="33dd28c6-b58d-4670-8640-eb83f2b7bfdc" />
    <UnitTestResult executionId="09cbe2e0-a35a-4cd3-88a7-165cedd8f864" testId="7a125942-0a04-b9bf-5e0a-a73b56af923d" testName="ManagedCode.Communication.Tests.Results.CollectionResultTests.InvalidFieldError_WithValidationProblem_ShouldReturnErrorMessage" computerName="konstantins-macbook-pro" duration="00:00:00.0001743" startTime="2025-09-20T12:26:54.4752260+02:00" endTime="2025-09-20T12:26:54.4752540+02:00" testType="13cdc9d9-ddb5-4fa4-a97d-d965ccfc6d4b" outcome="Passed" testListId="8c84fa94-04c1-424b-9868-57a2d4851a1d" relativeResultsDirectory="09cbe2e0-a35a-4cd3-88a7-165cedd8f864" />
    <UnitTestResult executionId="06d93dc5-9497-45a1-b7f9-ad3caa91205a" testId="d5e79021-8e56-47e1-e0da-836c7f362c97" testName="ManagedCode.Communication.Tests.CollectionResults.CollectionResultFailMethodsTests.FailForbidden_WithDetail_ShouldCreateForbiddenResultWithCustomDetail" computerName="konstantins-macbook-pro" duration="00:00:00.0001285" startTime="2025-09-20T12:26:54.4542660+02:00" endTime="2025-09-20T12:26:54.4542900+02:00" testType="13cdc9d9-ddb5-4fa4-a97d-d965ccfc6d4b" outcome="Passed" testListId="8c84fa94-04c1-424b-9868-57a2d4851a1d" relativeResultsDirectory="06d93dc5-9497-45a1-b7f9-ad3caa91205a" />
    <UnitTestResult executionId="bc17974e-810d-4943-8702-cda005c6e0cb" testId="6873ac76-f3ab-c022-d36a-a314064542de" testName="ManagedCode.Communication.Tests.Results.ResultStaticHelperMethodsTests.Result_FailT_WithProblem_ShouldCreateFailedResultTWithProblem" computerName="konstantins-macbook-pro" duration="00:00:00.0001168" startTime="2025-09-20T12:26:54.4121620+02:00" endTime="2025-09-20T12:26:54.4122220+02:00" testType="13cdc9d9-ddb5-4fa4-a97d-d965ccfc6d4b" outcome="Passed" testListId="8c84fa94-04c1-424b-9868-57a2d4851a1d" relativeResultsDirectory="bc17974e-810d-4943-8702-cda005c6e0cb" />
    <UnitTestResult executionId="14501f2a-c195-438d-ac2d-a0da0ffed7d3" testId="b5aba053-73cd-4540-b3bc-87ffee779e82" testName="ManagedCode.Communication.Tests.Results.ResultTFailMethodsTests.ResultT_Fail_WithEnumDetailAndStatus_ShouldCreateFailedResultWithAllSpecified" computerName="konstantins-macbook-pro" duration="00:00:00.0003562" startTime="2025-09-20T12:26:54.4162750+02:00" endTime="2025-09-20T12:26:54.4166760+02:00" testType="13cdc9d9-ddb5-4fa4-a97d-d965ccfc6d4b" outcome="Passed" testListId="8c84fa94-04c1-424b-9868-57a2d4851a1d" relativeResultsDirectory="14501f2a-c195-438d-ac2d-a0da0ffed7d3" />
    <UnitTestResult executionId="78b02ad7-672e-431d-861d-56375d7626f9" testId="aca7dc08-e077-6336-11fb-2489a226e225" testName="ManagedCode.Communication.Tests.AspNetCore.Extensions.ControllerExtensionsTests.ToActionResult_WithVariousStatusCodes_ReturnsCorrectStatusCode(statusCode: 403, title: &quot;Forbidden&quot;)" computerName="konstantins-macbook-pro" duration="00:00:00.0000036" startTime="2025-09-20T12:26:54.4668720+02:00" endTime="2025-09-20T12:26:54.4668950+02:00" testType="13cdc9d9-ddb5-4fa4-a97d-d965ccfc6d4b" outcome="Passed" testListId="8c84fa94-04c1-424b-9868-57a2d4851a1d" relativeResultsDirectory="78b02ad7-672e-431d-861d-56375d7626f9" />
    <UnitTestResult executionId="378f8172-2d8e-4d00-959e-fa94b20f29f4" testId="2b85e6a6-b085-3693-8351-fe312faa0712" testName="ManagedCode.Communication.Tests.CollectionResults.CollectionResultFailMethodsTests.Fail_NoParameters_ShouldCreateFailedResult" computerName="konstantins-macbook-pro" duration="00:00:00.0001287" startTime="2025-09-20T12:26:54.4476440+02:00" endTime="2025-09-20T12:26:54.4477460+02:00" testType="13cdc9d9-ddb5-4fa4-a97d-d965ccfc6d4b" outcome="Passed" testListId="8c84fa94-04c1-424b-9868-57a2d4851a1d" relativeResultsDirectory="378f8172-2d8e-4d00-959e-fa94b20f29f4" />
    <UnitTestResult executionId="f05bfcba-c3ee-42b2-be77-5cba0efcbbf1" testId="6ee08595-df8b-8458-88c8-ea8a550f9a05" testName="ManagedCode.Communication.Tests.Extensions.AdvancedRailwayExtensionsTests.FailIf_WithFalseCondition_KeepsSuccess" computerName="konstantins-macbook-pro" duration="00:00:00.0000842" startTime="2025-09-20T12:26:54.4484820+02:00" endTime="2025-09-20T12:26:54.4485090+02:00" testType="13cdc9d9-ddb5-4fa4-a97d-d965ccfc6d4b" outcome="Passed" testListId="8c84fa94-04c1-424b-9868-57a2d4851a1d" relativeResultsDirectory="f05bfcba-c3ee-42b2-be77-5cba0efcbbf1" />
    <UnitTestResult executionId="afe521d6-470c-4aca-bb14-ffd4302215d5" testId="161ea34e-b552-5b69-4cf9-93991b1d4888" testName="ManagedCode.Communication.Tests.Results.ResultTests.ThrowIfFail_WithSuccessfulResult_ShouldNotThrow" computerName="konstantins-macbook-pro" duration="00:00:00.0000935" startTime="2025-09-20T12:26:54.4445940+02:00" endTime="2025-09-20T12:26:54.4446170+02:00" testType="13cdc9d9-ddb5-4fa4-a97d-d965ccfc6d4b" outcome="Passed" testListId="8c84fa94-04c1-424b-9868-57a2d4851a1d" relativeResultsDirectory="afe521d6-470c-4aca-bb14-ffd4302215d5" />
    <UnitTestResult executionId="e4b5e92b-2328-4a24-ac69-5a3ce05760e2" testId="e09feaae-1604-975a-64d2-68f66143e466" testName="ManagedCode.Communication.Tests.Extensions.AdvancedRailwayExtensionsTests.Verify_WithTrueCondition_ReturnsSuccess" computerName="konstantins-macbook-pro" duration="00:00:00.0001455" startTime="2025-09-20T12:26:54.4483870+02:00" endTime="2025-09-20T12:26:54.4484140+02:00" testType="13cdc9d9-ddb5-4fa4-a97d-d965ccfc6d4b" outcome="Passed" testListId="8c84fa94-04c1-424b-9868-57a2d4851a1d" relativeResultsDirectory="e4b5e92b-2328-4a24-ac69-5a3ce05760e2" />
    <UnitTestResult executionId="4863d8ff-2585-463f-88fb-5139f1898c24" testId="209bbe6a-3950-779a-1771-ebf632291f50" testName="ManagedCode.Communication.Tests.Results.ResultValueExecutionExtensionsTests.ToResult_FromSuccessfulGenericResult_ReturnsSuccess" computerName="konstantins-macbook-pro" duration="00:00:00.0000885" startTime="2025-09-20T12:26:54.4344970+02:00" endTime="2025-09-20T12:26:54.4345210+02:00" testType="13cdc9d9-ddb5-4fa4-a97d-d965ccfc6d4b" outcome="Passed" testListId="8c84fa94-04c1-424b-9868-57a2d4851a1d" relativeResultsDirectory="4863d8ff-2585-463f-88fb-5139f1898c24" />
    <UnitTestResult executionId="686b3f9a-518f-4550-b97a-77c6f74475c7" testId="c67d60d8-371a-f2d2-eb67-28408d2ba84d" testName="ManagedCode.Communication.Tests.OrleansTests.GrainClientTests.ValueTaskResultString" computerName="konstantins-macbook-pro" duration="00:00:00.0014410" startTime="2025-09-20T12:26:55.5204380+02:00" endTime="2025-09-20T12:26:55.5219550+02:00" testType="13cdc9d9-ddb5-4fa4-a97d-d965ccfc6d4b" outcome="Passed" testListId="8c84fa94-04c1-424b-9868-57a2d4851a1d" relativeResultsDirectory="686b3f9a-518f-4550-b97a-77c6f74475c7" />
    <UnitTestResult executionId="3e96bbaa-db61-4789-8ad5-014d952915a0" testId="f2f678ee-a37b-8014-7202-81380186eb4d" testName="ManagedCode.Communication.Tests.Results.ResultStaticHelperMethodsTests.Result_FailNotFoundT_WithDetail_ShouldCreateNotFoundResultTWithCustomDetail" computerName="konstantins-macbook-pro" duration="00:00:00.0002230" startTime="2025-09-20T12:26:54.4166890+02:00" endTime="2025-09-20T12:26:54.4174030+02:00" testType="13cdc9d9-ddb5-4fa4-a97d-d965ccfc6d4b" outcome="Passed" testListId="8c84fa94-04c1-424b-9868-57a2d4851a1d" relativeResultsDirectory="3e96bbaa-db61-4789-8ad5-014d952915a0" />
    <UnitTestResult executionId="564bb7ea-4dac-4a09-a844-3b7a01f4aba9" testId="d102cefa-33e2-3c8d-7bd8-79d740844fb3" testName="ManagedCode.Communication.Tests.CollectionResults.CollectionResultFromMethodsTests.From_FuncThrowingExceptionForCollectionResult_ShouldReturnFailedResult" computerName="konstantins-macbook-pro" duration="00:00:00.0001327" startTime="2025-09-20T12:26:54.7527440+02:00" endTime="2025-09-20T12:26:54.7528490+02:00" testType="13cdc9d9-ddb5-4fa4-a97d-d965ccfc6d4b" outcome="Passed" testListId="8c84fa94-04c1-424b-9868-57a2d4851a1d" relativeResultsDirectory="564bb7ea-4dac-4a09-a844-3b7a01f4aba9" />
    <UnitTestResult executionId="e70c4241-e421-44a2-8741-cf5c74769ad8" testId="0f1196ec-94c1-8ad4-9d54-4d5a2629230e" testName="ManagedCode.Communication.Tests.Orleans.Serialization.CollectionResultSerializationTests.CollectionResult_EmptyCollection_ShouldSerializeCorrectly" computerName="konstantins-macbook-pro" duration="00:00:00.0008157" startTime="2025-09-20T12:26:55.2020230+02:00" endTime="2025-09-20T12:26:55.2029270+02:00" testType="13cdc9d9-ddb5-4fa4-a97d-d965ccfc6d4b" outcome="Passed" testListId="8c84fa94-04c1-424b-9868-57a2d4851a1d" relativeResultsDirectory="e70c4241-e421-44a2-8741-cf5c74769ad8" />
    <UnitTestResult executionId="40a19ebb-a92c-4a9a-a5ca-2175d4c89dfe" testId="c958d145-1335-3f69-818e-4d1059fbb724" testName="ManagedCode.Communication.Tests.Results.CollectionResultTests.ThrowIfFail_WithProblemException_ShouldPreserveProblemDetails" computerName="konstantins-macbook-pro" duration="00:00:00.0001952" startTime="2025-09-20T12:26:54.4763350+02:00" endTime="2025-09-20T12:26:54.4763600+02:00" testType="13cdc9d9-ddb5-4fa4-a97d-d965ccfc6d4b" outcome="Passed" testListId="8c84fa94-04c1-424b-9868-57a2d4851a1d" relativeResultsDirectory="40a19ebb-a92c-4a9a-a5ca-2175d4c89dfe" />
    <UnitTestResult executionId="7c5c2ca9-e767-4b88-a3b8-14a7986b360c" testId="5db74618-4490-82d8-607c-508cd5058260" testName="ManagedCode.Communication.Tests.Results.ResultTFailMethodsTests.ResultT_Fail_WithTitleAndDetail_ShouldCreateFailedResultWithDefaultStatus" computerName="konstantins-macbook-pro" duration="00:00:00.0000657" startTime="2025-09-20T12:26:54.4177860+02:00" endTime="2025-09-20T12:26:54.4178390+02:00" testType="13cdc9d9-ddb5-4fa4-a97d-d965ccfc6d4b" outcome="Passed" testListId="8c84fa94-04c1-424b-9868-57a2d4851a1d" relativeResultsDirectory="7c5c2ca9-e767-4b88-a3b8-14a7986b360c" />
    <UnitTestResult executionId="5cf7ce5b-e1e6-4611-898c-2333984d4026" testId="aab534c1-e47f-1e10-690a-e9fe2fb9e517" testName="ManagedCode.Communication.Tests.Results.ProblemTests.GetErrorCodeAs_WithMatchingEnum_ShouldReturnEnumValue" computerName="konstantins-macbook-pro" duration="00:00:00.0012274" startTime="2025-09-20T12:26:54.4547200+02:00" endTime="2025-09-20T12:26:54.4561990+02:00" testType="13cdc9d9-ddb5-4fa4-a97d-d965ccfc6d4b" outcome="Passed" testListId="8c84fa94-04c1-424b-9868-57a2d4851a1d" relativeResultsDirectory="5cf7ce5b-e1e6-4611-898c-2333984d4026" />
    <UnitTestResult executionId="56951d10-8947-4de9-ac4f-0e1b5a42b29b" testId="607d2682-fccb-b78d-2cc8-c3d7b014ca00" testName="ManagedCode.Communication.Tests.Results.ResultValueExecutionExtensionsTests.From_FuncTaskReturningResult_Exception" computerName="konstantins-macbook-pro" duration="00:00:00.0052835" startTime="2025-09-20T12:26:54.4298420+02:00" endTime="2025-09-20T12:26:54.4306900+02:00" testType="13cdc9d9-ddb5-4fa4-a97d-d965ccfc6d4b" outcome="Passed" testListId="8c84fa94-04c1-424b-9868-57a2d4851a1d" relativeResultsDirectory="56951d10-8947-4de9-ac4f-0e1b5a42b29b" />
    <UnitTestResult executionId="eb7c777a-1bf3-4342-82a1-2b79f59c455d" testId="a1d0a451-dd40-52d3-2e4e-86926b2f8d79" testName="ManagedCode.Communication.Tests.Results.ResultFailMethodsTests.Result_FailValidation_WithSingleError_ShouldCreateValidationFailedResult" computerName="konstantins-macbook-pro" duration="00:00:00.0001278" startTime="2025-09-20T12:26:54.4791140+02:00" endTime="2025-09-20T12:26:54.4791360+02:00" testType="13cdc9d9-ddb5-4fa4-a97d-d965ccfc6d4b" outcome="Passed" testListId="8c84fa94-04c1-424b-9868-57a2d4851a1d" relativeResultsDirectory="eb7c777a-1bf3-4342-82a1-2b79f59c455d" />
    <UnitTestResult executionId="2def9227-919f-4521-8676-bec5f1c0613a" testId="278a89d0-8f21-1d66-b7b0-77ed01c69463" testName="ManagedCode.Communication.Tests.Results.ResultInvalidMethodsTests.Invalid_WithDuplicateKeysInDictionary_ShouldOverwritePreviousValue" computerName="konstantins-macbook-pro" duration="00:00:00.0007326" startTime="2025-09-20T12:26:54.4251190+02:00" endTime="2025-09-20T12:26:54.4254890+02:00" testType="13cdc9d9-ddb5-4fa4-a97d-d965ccfc6d4b" outcome="Passed" testListId="8c84fa94-04c1-424b-9868-57a2d4851a1d" relativeResultsDirectory="2def9227-919f-4521-8676-bec5f1c0613a" />
    <UnitTestResult executionId="9f292c26-e4a7-4be5-a4df-62e25174c92a" testId="f4bee914-5ce1-371a-8400-7e20f637c3a1" testName="ManagedCode.Communication.Tests.Extensions.RailwayExtensionsTests.Ensure_SuccessfulResultValidPredicate_RemainsSuccessful" computerName="konstantins-macbook-pro" duration="00:00:00.0002045" startTime="2025-09-20T12:26:54.4218470+02:00" endTime="2025-09-20T12:26:54.4220570+02:00" testType="13cdc9d9-ddb5-4fa4-a97d-d965ccfc6d4b" outcome="Passed" testListId="8c84fa94-04c1-424b-9868-57a2d4851a1d" relativeResultsDirectory="9f292c26-e4a7-4be5-a4df-62e25174c92a" />
    <UnitTestResult executionId="8176817a-b953-40e4-a816-f1253e955297" testId="30c64cc6-6335-ca51-cb54-04f89cee0ed9" testName="ManagedCode.Communication.Tests.CollectionResults.CollectionResultFailMethodsTests.Fail_WithEnumAndStatus_ShouldCreateFailedResultWithErrorCodeAndStatus" computerName="konstantins-macbook-pro" duration="00:00:00.0001358" startTime="2025-09-20T12:26:54.4486470+02:00" endTime="2025-09-20T12:26:54.4486700+02:00" testType="13cdc9d9-ddb5-4fa4-a97d-d965ccfc6d4b" outcome="Passed" testListId="8c84fa94-04c1-424b-9868-57a2d4851a1d" relativeResultsDirectory="8176817a-b953-40e4-a816-f1253e955297" />
    <UnitTestResult executionId="71bd450f-fdfe-48a5-aa4f-d3aa8cf669a7" testId="d764fc82-375a-445d-1d29-326347c358b4" testName="ManagedCode.Communication.Tests.Results.ResultTests.ThrowIfFail_WithFailedResult_ShouldThrow" computerName="konstantins-macbook-pro" duration="00:00:00.0002132" startTime="2025-09-20T12:26:54.4425300+02:00" endTime="2025-09-20T12:26:54.4427870+02:00" testType="13cdc9d9-ddb5-4fa4-a97d-d965ccfc6d4b" outcome="Passed" testListId="8c84fa94-04c1-424b-9868-57a2d4851a1d" relativeResultsDirectory="71bd450f-fdfe-48a5-aa4f-d3aa8cf669a7" />
    <UnitTestResult executionId="a753f39e-b687-486f-94db-af76bb35d546" testId="1d4a9ecb-b166-605d-08b1-b1a2e2f4e86b" testName="ManagedCode.Communication.Tests.Extensions.RailwayExtensionsTests.Match_SuccessfulResult_ExecutesOnSuccess" computerName="konstantins-macbook-pro" duration="00:00:00.0000842" startTime="2025-09-20T12:26:54.4166000+02:00" endTime="2025-09-20T12:26:54.4171020+02:00" testType="13cdc9d9-ddb5-4fa4-a97d-d965ccfc6d4b" outcome="Passed" testListId="8c84fa94-04c1-424b-9868-57a2d4851a1d" relativeResultsDirectory="a753f39e-b687-486f-94db-af76bb35d546" />
    <UnitTestResult executionId="5ba3c637-1584-40be-b23f-2927290cd35f" testId="685bf125-95a7-b042-d839-6110f006a2bb" testName="ManagedCode.Communication.Tests.Results.CollectionResultTests.ThrowIfFail_WithFailedResult_ShouldThrow" computerName="konstantins-macbook-pro" duration="00:00:00.0001130" startTime="2025-09-20T12:26:54.4764110+02:00" endTime="2025-09-20T12:26:54.4764330+02:00" testType="13cdc9d9-ddb5-4fa4-a97d-d965ccfc6d4b" outcome="Passed" testListId="8c84fa94-04c1-424b-9868-57a2d4851a1d" relativeResultsDirectory="5ba3c637-1584-40be-b23f-2927290cd35f" />
    <UnitTestResult executionId="4202d510-9381-48f0-9b97-d2bd1def274d" testId="629bd067-7ea5-d193-55b4-3e52534b91b0" testName="ManagedCode.Communication.Tests.CollectionResults.CollectionResultFromMethodsTests.From_TaskReturningCollectionResult_ShouldReturnSameResult" computerName="konstantins-macbook-pro" duration="00:00:00.0008481" startTime="2025-09-20T12:26:54.6861210+02:00" endTime="2025-09-20T12:26:54.6865960+02:00" testType="13cdc9d9-ddb5-4fa4-a97d-d965ccfc6d4b" outcome="Passed" testListId="8c84fa94-04c1-424b-9868-57a2d4851a1d" relativeResultsDirectory="4202d510-9381-48f0-9b97-d2bd1def274d" />
    <UnitTestResult executionId="c0104fb1-7565-43be-843b-cea73076f5bc" testId="5f864fdf-439e-2f82-1d4d-33966957f6d6" testName="ManagedCode.Communication.Tests.CollectionResults.CollectionResultFromMethodsTests.From_TaskReturningEnumerable_ShouldCreateSuccessResult" computerName="konstantins-macbook-pro" duration="00:00:00.0083697" startTime="2025-09-20T12:26:54.7239310+02:00" endTime="2025-09-20T12:26:54.7320360+02:00" testType="13cdc9d9-ddb5-4fa4-a97d-d965ccfc6d4b" outcome="Passed" testListId="8c84fa94-04c1-424b-9868-57a2d4851a1d" relativeResultsDirectory="c0104fb1-7565-43be-843b-cea73076f5bc" />
    <UnitTestResult executionId="0f0e5ae1-0aa9-4ab6-87ce-706d74473d4d" testId="25b0e57c-5ba9-760a-cf42-a84a18ecc62c" testName="ManagedCode.Communication.Tests.Serialization.ProblemJsonConverterTests.Serialize_ProblemWithErrorCode_IncludesErrorCode" computerName="konstantins-macbook-pro" duration="00:00:00.0002128" startTime="2025-09-20T12:26:54.4411260+02:00" endTime="2025-09-20T12:26:54.4416460+02:00" testType="13cdc9d9-ddb5-4fa4-a97d-d965ccfc6d4b" outcome="Passed" testListId="8c84fa94-04c1-424b-9868-57a2d4851a1d" relativeResultsDirectory="0f0e5ae1-0aa9-4ab6-87ce-706d74473d4d" />
    <UnitTestResult executionId="556bdef3-154d-4441-ad9c-508024212367" testId="924855e1-9194-3b57-9cd1-1c25809360b6" testName="ManagedCode.Communication.Tests.ResultExtensionsTests.TapGeneric_WithSuccessResult_ShouldExecuteActionWithValue" computerName="konstantins-macbook-pro" duration="00:00:00.0023314" startTime="2025-09-20T12:26:54.4305120+02:00" endTime="2025-09-20T12:26:54.4308080+02:00" testType="13cdc9d9-ddb5-4fa4-a97d-d965ccfc6d4b" outcome="Passed" testListId="8c84fa94-04c1-424b-9868-57a2d4851a1d" relativeResultsDirectory="556bdef3-154d-4441-ad9c-508024212367" />
    <UnitTestResult executionId="16888d02-2aed-4736-9319-08f167552639" testId="6f633b18-8c5d-0bf5-db3d-b3c803d548db" testName="ManagedCode.Communication.Tests.CollectionResults.CollectionResultFromMethodsTests.From_FuncTaskWithCancellation_ShouldReturnFailedResult" computerName="konstantins-macbook-pro" duration="00:00:00.0012779" startTime="2025-09-20T12:26:54.5072600+02:00" endTime="2025-09-20T12:26:54.5085180+02:00" testType="13cdc9d9-ddb5-4fa4-a97d-d965ccfc6d4b" outcome="Passed" testListId="8c84fa94-04c1-424b-9868-57a2d4851a1d" relativeResultsDirectory="16888d02-2aed-4736-9319-08f167552639" />
    <UnitTestResult executionId="c12cd591-185f-438c-862a-ab16a3858b1a" testId="7ace1753-df5a-6da6-da58-a5f38ddbdf97" testName="ManagedCode.Communication.Tests.Orleans.Serialization.ProblemSerializationTests.Problem_WithCustomExtensions_ShouldSerializeCorrectly" computerName="konstantins-macbook-pro" duration="00:00:00.0039187" startTime="2025-09-20T12:26:55.1771030+02:00" endTime="2025-09-20T12:26:55.1811880+02:00" testType="13cdc9d9-ddb5-4fa4-a97d-d965ccfc6d4b" outcome="Passed" testListId="8c84fa94-04c1-424b-9868-57a2d4851a1d" relativeResultsDirectory="c12cd591-185f-438c-862a-ab16a3858b1a" />
    <UnitTestResult executionId="55afe728-9f72-4f24-be72-a6e6c393cd46" testId="a294ddd9-e673-4d43-752c-093ce0b8b705" testName="ManagedCode.Communication.Tests.Serialization.SerializationTests.CollectionResult_Empty_ShouldSerializeAndDeserialize" computerName="konstantins-macbook-pro" duration="00:00:00.0059520" startTime="2025-09-20T12:26:54.5046400+02:00" endTime="2025-09-20T12:26:54.5105890+02:00" testType="13cdc9d9-ddb5-4fa4-a97d-d965ccfc6d4b" outcome="Passed" testListId="8c84fa94-04c1-424b-9868-57a2d4851a1d" relativeResultsDirectory="55afe728-9f72-4f24-be72-a6e6c393cd46" />
    <UnitTestResult executionId="007f5fac-b346-4ec4-923b-5aefcc050e19" testId="02d5ff30-44c9-145b-fe61-3027824575fb" testName="ManagedCode.Communication.Tests.Results.ResultTFailMethodsTests.ResultT_FailNotFound_NoParameters_ShouldCreateNotFoundResult" computerName="konstantins-macbook-pro" duration="00:00:00.0002254" startTime="2025-09-20T12:26:54.4186260+02:00" endTime="2025-09-20T12:26:54.4188050+02:00" testType="13cdc9d9-ddb5-4fa4-a97d-d965ccfc6d4b" outcome="Passed" testListId="8c84fa94-04c1-424b-9868-57a2d4851a1d" relativeResultsDirectory="007f5fac-b346-4ec4-923b-5aefcc050e19" />
    <UnitTestResult executionId="64621e6a-4382-4581-85cc-98f20c055298" testId="87fd6638-f969-be53-c22e-480a9a60d6be" testName="ManagedCode.Communication.Tests.Commands.MemoryCacheCommandIdempotencyStoreTests.ExecuteIdempotentAsync_FirstExecution_ExecutesOperationAndStoresResult" computerName="konstantins-macbook-pro" duration="00:00:00.0121421" startTime="2025-09-20T12:26:54.5035190+02:00" endTime="2025-09-20T12:26:54.5136990+02:00" testType="13cdc9d9-ddb5-4fa4-a97d-d965ccfc6d4b" outcome="Passed" testListId="8c84fa94-04c1-424b-9868-57a2d4851a1d" relativeResultsDirectory="64621e6a-4382-4581-85cc-98f20c055298" />
    <UnitTestResult executionId="dae03c1e-ac21-444a-ba0d-cc1647012cec" testId="05b76220-fd76-c7b5-cf44-0c20f6f56988" testName="ManagedCode.Communication.Tests.Results.ResultFailMethodsTests.Result_FailUnauthorized_WithDetail_ShouldCreateUnauthorizedResultWithCustomDetail" computerName="konstantins-macbook-pro" duration="00:00:00.0000523" startTime="2025-09-20T12:26:54.4971080+02:00" endTime="2025-09-20T12:26:54.4974200+02:00" testType="13cdc9d9-ddb5-4fa4-a97d-d965ccfc6d4b" outcome="Passed" testListId="8c84fa94-04c1-424b-9868-57a2d4851a1d" relativeResultsDirectory="dae03c1e-ac21-444a-ba0d-cc1647012cec" />
    <UnitTestResult executionId="6a3134cd-6917-401b-8cb4-59e9bc456b67" testId="3c37108a-c70c-c832-75e8-68781bee0ca1" testName="ManagedCode.Communication.Tests.Results.RailwayOrientedProgrammingTests.Match_WithSuccess_ShouldExecuteSuccessFunction" computerName="konstantins-macbook-pro" duration="00:00:00.0001281" startTime="2025-09-20T12:26:54.4701690+02:00" endTime="2025-09-20T12:26:54.4701930+02:00" testType="13cdc9d9-ddb5-4fa4-a97d-d965ccfc6d4b" outcome="Passed" testListId="8c84fa94-04c1-424b-9868-57a2d4851a1d" relativeResultsDirectory="6a3134cd-6917-401b-8cb4-59e9bc456b67" />
    <UnitTestResult executionId="ff0e739f-23c6-417a-9de2-36c52464ff43" testId="cedf9e10-17c3-638f-1fb4-b52f984508c8" testName="ManagedCode.Communication.Tests.Results.ResultTTests.ImplicitOperator_ToBool_ShouldReturnIsSuccess" computerName="konstantins-macbook-pro" duration="00:00:00.0001469" startTime="2025-09-20T12:26:54.4163590+02:00" endTime="2025-09-20T12:26:54.4164650+02:00" testType="13cdc9d9-ddb5-4fa4-a97d-d965ccfc6d4b" outcome="Passed" testListId="8c84fa94-04c1-424b-9868-57a2d4851a1d" relativeResultsDirectory="ff0e739f-23c6-417a-9de2-36c52464ff43" />
    <UnitTestResult executionId="0f282dc9-8cdf-4192-a2e8-be6cd3f393e2" testId="71cf5e6d-ba2a-c7c3-a763-2fcedf333a8b" testName="ManagedCode.Communication.Tests.Results.ResultFailMethodsTests.Result_FailForbidden_NoParameters_ShouldCreateForbiddenResult" computerName="konstantins-macbook-pro" duration="00:00:00.0000528" startTime="2025-09-20T12:26:54.4958980+02:00" endTime="2025-09-20T12:26:54.4959270+02:00" testType="13cdc9d9-ddb5-4fa4-a97d-d965ccfc6d4b" outcome="Passed" testListId="8c84fa94-04c1-424b-9868-57a2d4851a1d" relativeResultsDirectory="0f282dc9-8cdf-4192-a2e8-be6cd3f393e2" />
    <UnitTestResult executionId="bafebcb0-e142-475d-bcaa-392a2a6a7d71" testId="4628ea67-a850-c618-dd07-6b8c93867133" testName="ManagedCode.Communication.Tests.AspNetCore.Extensions.ServiceCollectionExtensionsTests.Communication_Should_Handle_Collection_Results" computerName="konstantins-macbook-pro" duration="00:00:00.2069611" startTime="2025-09-20T12:26:55.1823560+02:00" endTime="2025-09-20T12:26:55.3893800+02:00" testType="13cdc9d9-ddb5-4fa4-a97d-d965ccfc6d4b" outcome="Passed" testListId="8c84fa94-04c1-424b-9868-57a2d4851a1d" relativeResultsDirectory="bafebcb0-e142-475d-bcaa-392a2a6a7d71" />
    <UnitTestResult executionId="65e391aa-9b60-491e-b9cd-bde513d420a7" testId="d48b6f70-4c0f-8a1e-1ca8-45b3563283e1" testName="ManagedCode.Communication.Tests.Extensions.HttpResponseExtensionTests.FromJsonToResult_EmptyContent_WithErrorStatus_ReturnsFailedResult" computerName="konstantins-macbook-pro" duration="00:00:00.0023197" startTime="2025-09-20T12:26:54.4001980+02:00" endTime="2025-09-20T12:26:54.4032760+02:00" testType="13cdc9d9-ddb5-4fa4-a97d-d965ccfc6d4b" outcome="Passed" testListId="8c84fa94-04c1-424b-9868-57a2d4851a1d" relativeResultsDirectory="65e391aa-9b60-491e-b9cd-bde513d420a7" />
    <UnitTestResult executionId="7b8cbeb4-12dd-49ee-be99-7cf1e3d98f2e" testId="4d90ca4e-121b-6a9a-c432-778d267caf79" testName="ManagedCode.Communication.Tests.Extensions.RailwayExtensionsTests.Match_SuccessfulResultT_ExecutesOnSuccessWithValue" computerName="konstantins-macbook-pro" duration="00:00:00.0001552" startTime="2025-09-20T12:26:54.4198130+02:00" endTime="2025-09-20T12:26:54.4198400+02:00" testType="13cdc9d9-ddb5-4fa4-a97d-d965ccfc6d4b" outcome="Passed" testListId="8c84fa94-04c1-424b-9868-57a2d4851a1d" relativeResultsDirectory="7b8cbeb4-12dd-49ee-be99-7cf1e3d98f2e" />
    <UnitTestResult executionId="f131e19e-59b4-4755-a197-8c114000aeb1" testId="78ec70f9-0461-4d69-fbae-7bfa68a35251" testName="ManagedCode.Communication.Tests.Results.ResultTFailMethodsTests.ResultT_Fail_WithProblem_ShouldCreateFailedResultWithProblem" computerName="konstantins-macbook-pro" duration="00:00:00.0001440" startTime="2025-09-20T12:26:54.4085420+02:00" endTime="2025-09-20T12:26:54.4088720+02:00" testType="13cdc9d9-ddb5-4fa4-a97d-d965ccfc6d4b" outcome="Passed" testListId="8c84fa94-04c1-424b-9868-57a2d4851a1d" relativeResultsDirectory="f131e19e-59b4-4755-a197-8c114000aeb1" />
    <UnitTestResult executionId="d73aecaf-331c-43b6-b7cd-2510387c6ae4" testId="0f7e2ea7-7d90-6e7a-188c-ad60a1c650c6" testName="ManagedCode.Communication.Tests.Extensions.HttpResponseExtensionTests.FromRequestToResult_VariousSuccessCodes_ReturnsSuccessResult(statusCode: OK)" computerName="konstantins-macbook-pro" duration="00:00:00.0000013" startTime="2025-09-20T12:26:54.4514810+02:00" endTime="2025-09-20T12:26:54.4515150+02:00" testType="13cdc9d9-ddb5-4fa4-a97d-d965ccfc6d4b" outcome="Passed" testListId="8c84fa94-04c1-424b-9868-57a2d4851a1d" relativeResultsDirectory="d73aecaf-331c-43b6-b7cd-2510387c6ae4" />
    <UnitTestResult executionId="e4321ea2-fb13-4e77-a0ac-1973a3324e59" testId="37832d2b-c8b9-799c-6d67-0c7addb766d8" testName="ManagedCode.Communication.Tests.CollectionResults.CollectionResultFailMethodsTests.Fail_WithVariousStatusCodes_ShouldSetCorrectStatusCode(statusCode: NotFound, expectedCode: 404)" computerName="konstantins-macbook-pro" duration="00:00:00.0000038" startTime="2025-09-20T12:26:54.4468930+02:00" endTime="2025-09-20T12:26:54.4469150+02:00" testType="13cdc9d9-ddb5-4fa4-a97d-d965ccfc6d4b" outcome="Passed" testListId="8c84fa94-04c1-424b-9868-57a2d4851a1d" relativeResultsDirectory="e4321ea2-fb13-4e77-a0ac-1973a3324e59" />
    <UnitTestResult executionId="3513bab2-37e3-42fc-b010-e0aab8375870" testId="e4515f41-6dc8-4e41-80f2-0b8ebbc1419c" testName="ManagedCode.Communication.Tests.Results.CollectionResultTests.ThrowIfFail_WithSuccessfulResult_ShouldNotThrow" computerName="konstantins-macbook-pro" duration="00:00:00.0000823" startTime="2025-09-20T12:26:54.4769060+02:00" endTime="2025-09-20T12:26:54.4769300+02:00" testType="13cdc9d9-ddb5-4fa4-a97d-d965ccfc6d4b" outcome="Passed" testListId="8c84fa94-04c1-424b-9868-57a2d4851a1d" relativeResultsDirectory="3513bab2-37e3-42fc-b010-e0aab8375870" />
    <UnitTestResult executionId="aa50d1ca-3105-4b23-a257-f8cefee34cd0" testId="9dafdb86-c22a-88fc-6833-af4e374d365d" testName="ManagedCode.Communication.Tests.CollectionResults.CollectionResultFromMethodsTests.From_LargeCollection_ShouldHandleEfficiently" computerName="konstantins-macbook-pro" duration="00:00:00.0001323" startTime="2025-09-20T12:26:54.6137380+02:00" endTime="2025-09-20T12:26:54.6138300+02:00" testType="13cdc9d9-ddb5-4fa4-a97d-d965ccfc6d4b" outcome="Passed" testListId="8c84fa94-04c1-424b-9868-57a2d4851a1d" relativeResultsDirectory="aa50d1ca-3105-4b23-a257-f8cefee34cd0" />
    <UnitTestResult executionId="3d8d89a8-076a-471c-bad3-8670c7e0d9b7" testId="f3efdaca-9c0c-cd13-72e4-329f615be42e" testName="ManagedCode.Communication.Tests.Results.ResultHelperMethodsTests.ResultT_TryGetProblem_WithFailure_ShouldReturnTrueAndProblem" computerName="konstantins-macbook-pro" duration="00:00:00.0000712" startTime="2025-09-20T12:26:54.5011290+02:00" endTime="2025-09-20T12:26:54.5011500+02:00" testType="13cdc9d9-ddb5-4fa4-a97d-d965ccfc6d4b" outcome="Passed" testListId="8c84fa94-04c1-424b-9868-57a2d4851a1d" relativeResultsDirectory="3d8d89a8-076a-471c-bad3-8670c7e0d9b7" />
    <UnitTestResult executionId="b43c4033-7842-4d76-8639-f4de0abc09e0" testId="5e5950b2-b136-6c89-672e-7a590d826125" testName="ManagedCode.Communication.Tests.Results.ProblemToExceptionErrorTests.ToException_WithExceptionDataKeyConflicts_ShouldHandleGracefully" computerName="konstantins-macbook-pro" duration="00:00:00.0006862" startTime="2025-09-20T12:26:54.4226670+02:00" endTime="2025-09-20T12:26:54.4229760+02:00" testType="13cdc9d9-ddb5-4fa4-a97d-d965ccfc6d4b" outcome="Passed" testListId="8c84fa94-04c1-424b-9868-57a2d4851a1d" relativeResultsDirectory="b43c4033-7842-4d76-8639-f4de0abc09e0" />
    <UnitTestResult executionId="ce52c675-2c29-4e71-9365-b7921eb885d4" testId="c5c4387e-9b4e-b9c4-f648-e86e48f601ca" testName="ManagedCode.Communication.Tests.Results.ResultTests.Succeed_ShouldCreateSuccessfulResult" computerName="konstantins-macbook-pro" duration="00:00:00.0000393" startTime="2025-09-20T12:26:54.4436170+02:00" endTime="2025-09-20T12:26:54.4437230+02:00" testType="13cdc9d9-ddb5-4fa4-a97d-d965ccfc6d4b" outcome="Passed" testListId="8c84fa94-04c1-424b-9868-57a2d4851a1d" relativeResultsDirectory="ce52c675-2c29-4e71-9365-b7921eb885d4" />
    <UnitTestResult executionId="0696832d-b7da-4be9-ad6a-e903c61c5226" testId="c8415987-5e57-7934-283e-064f446065e3" testName="ManagedCode.Communication.Tests.Results.CollectionResultInvalidMethodsTests.CollectionResult_Invalid_WithEnumAndMessage_ShouldCreateValidationResultWithBoth" computerName="konstantins-macbook-pro" duration="00:00:00.0004804" startTime="2025-09-20T12:26:54.4609390+02:00" endTime="2025-09-20T12:26:54.4613640+02:00" testType="13cdc9d9-ddb5-4fa4-a97d-d965ccfc6d4b" outcome="Passed" testListId="8c84fa94-04c1-424b-9868-57a2d4851a1d" relativeResultsDirectory="0696832d-b7da-4be9-ad6a-e903c61c5226" />
    <UnitTestResult executionId="c29dbfb5-0542-44d7-ae3d-71f5d63f6135" testId="878aaa41-b943-c214-4d03-854fffe991ed" testName="ManagedCode.Communication.Tests.AspNetCore.Helpers.HttpStatusCodeHelperTests.GetStatusCodeForException_StandardException_FallsBackToBaseHelper" computerName="konstantins-macbook-pro" duration="00:00:00.0000528" startTime="2025-09-20T12:26:54.4659250+02:00" endTime="2025-09-20T12:26:54.4659490+02:00" testType="13cdc9d9-ddb5-4fa4-a97d-d965ccfc6d4b" outcome="Passed" testListId="8c84fa94-04c1-424b-9868-57a2d4851a1d" relativeResultsDirectory="c29dbfb5-0542-44d7-ae3d-71f5d63f6135" />
    <UnitTestResult executionId="0450e055-37d6-4b95-8718-e3721960073f" testId="a5ad51b1-d46a-060d-76d3-1a3a6ebb810e" testName="ManagedCode.Communication.Tests.CollectionResults.CollectionResultFromMethodsTests.From_FaultedTask_ShouldReturnFailedResult" computerName="konstantins-macbook-pro" duration="00:00:00.0004486" startTime="2025-09-20T12:26:54.6117460+02:00" endTime="2025-09-20T12:26:54.6118780+02:00" testType="13cdc9d9-ddb5-4fa4-a97d-d965ccfc6d4b" outcome="Passed" testListId="8c84fa94-04c1-424b-9868-57a2d4851a1d" relativeResultsDirectory="0450e055-37d6-4b95-8718-e3721960073f" />
    <UnitTestResult executionId="97752350-b9b3-48a8-aa7d-b8c665682127" testId="0c1a494a-a3e9-afb9-1da6-932fb28bceff" testName="ManagedCode.Communication.Tests.AspNetCore.Extensions.CommunicationServiceCollectionExtensionsTests.AddCommunicationAspNetCore_ReturnsServiceCollection" computerName="konstantins-macbook-pro" duration="00:00:00.0001038" startTime="2025-09-20T12:26:54.4327890+02:00" endTime="2025-09-20T12:26:54.4328210+02:00" testType="13cdc9d9-ddb5-4fa4-a97d-d965ccfc6d4b" outcome="Passed" testListId="8c84fa94-04c1-424b-9868-57a2d4851a1d" relativeResultsDirectory="97752350-b9b3-48a8-aa7d-b8c665682127" />
    <UnitTestResult executionId="f3e2f96c-a747-4638-81e2-ecccc66659ff" testId="3fbb058d-9598-d297-cfc7-b0e227b60076" testName="ManagedCode.Communication.Tests.ControllerTests.MiddlewareTests.NotFoundResult" computerName="konstantins-macbook-pro" duration="00:00:00.0028035" startTime="2025-09-20T12:26:55.4844880+02:00" endTime="2025-09-20T12:26:55.4873190+02:00" testType="13cdc9d9-ddb5-4fa4-a97d-d965ccfc6d4b" outcome="Passed" testListId="8c84fa94-04c1-424b-9868-57a2d4851a1d" relativeResultsDirectory="f3e2f96c-a747-4638-81e2-ecccc66659ff" />
    <UnitTestResult executionId="107f6cc8-05a6-413c-8698-6526506ba565" testId="ac82514e-82f3-4065-a2b1-92de92c3b5d4" testName="ManagedCode.Communication.Tests.CollectionResults.CollectionResultFailMethodsTests.FailForbidden_NoParameters_ShouldCreateForbiddenResult" computerName="konstantins-macbook-pro" duration="00:00:00.0000863" startTime="2025-09-20T12:26:54.4554620+02:00" endTime="2025-09-20T12:26:54.4555580+02:00" testType="13cdc9d9-ddb5-4fa4-a97d-d965ccfc6d4b" outcome="Passed" testListId="8c84fa94-04c1-424b-9868-57a2d4851a1d" relativeResultsDirectory="107f6cc8-05a6-413c-8698-6526506ba565" />
    <UnitTestResult executionId="6f61e4a0-7231-456f-88fa-c711ddd7897d" testId="92a7db28-441b-b8fe-c790-8f59b23e56ea" testName="ManagedCode.Communication.Tests.Results.ResultInvalidMethodsTests.Result_Invalid_WithDictionary_ShouldCreateValidationResultWithMultipleFields" computerName="konstantins-macbook-pro" duration="00:00:00.0001459" startTime="2025-09-20T12:26:54.4264750+02:00" endTime="2025-09-20T12:26:54.4265650+02:00" testType="13cdc9d9-ddb5-4fa4-a97d-d965ccfc6d4b" outcome="Passed" testListId="8c84fa94-04c1-424b-9868-57a2d4851a1d" relativeResultsDirectory="6f61e4a0-7231-456f-88fa-c711ddd7897d" />
    <UnitTestResult executionId="b298e118-b697-40a4-b9a6-9bef5ffe6f2d" testId="9f77d37b-5939-25ba-159c-c8d9e89e3cd4" testName="ManagedCode.Communication.Tests.Extensions.AdvancedRailwayExtensionsTests.Where_WithNonMatchingPredicate_ReturnsFailure" computerName="konstantins-macbook-pro" duration="00:00:00.0005989" startTime="2025-09-20T12:26:54.4365270+02:00" endTime="2025-09-20T12:26:54.4365490+02:00" testType="13cdc9d9-ddb5-4fa4-a97d-d965ccfc6d4b" outcome="Passed" testListId="8c84fa94-04c1-424b-9868-57a2d4851a1d" relativeResultsDirectory="b298e118-b697-40a4-b9a6-9bef5ffe6f2d" />
    <UnitTestResult executionId="4eb3f49d-017e-425c-9574-57b27b3529dc" testId="4f5b8945-3c3c-e13e-9a1a-2aa7b5b7d7b2" testName="ManagedCode.Communication.Tests.Results.ResultExecutionExtensionsTests.From_ResultT_PreservesProblem" computerName="konstantins-macbook-pro" duration="00:00:00.0002153" startTime="2025-09-20T12:26:54.4796800+02:00" endTime="2025-09-20T12:26:54.4960170+02:00" testType="13cdc9d9-ddb5-4fa4-a97d-d965ccfc6d4b" outcome="Passed" testListId="8c84fa94-04c1-424b-9868-57a2d4851a1d" relativeResultsDirectory="4eb3f49d-017e-425c-9574-57b27b3529dc" />
    <UnitTestResult executionId="7fab0a7c-a104-4510-bbbc-07859c0352ac" testId="35b5ad29-9f82-13e3-add3-97b8e7b9d94c" testName="ManagedCode.Communication.Tests.Results.ResultOperatorsTests.Result_TryAsync_WithExceptionThrowingAction_ShouldReturnFailedResult" computerName="konstantins-macbook-pro" duration="00:00:00.0043846" startTime="2025-09-20T12:26:54.4349340+02:00" endTime="2025-09-20T12:26:54.4367090+02:00" testType="13cdc9d9-ddb5-4fa4-a97d-d965ccfc6d4b" outcome="Passed" testListId="8c84fa94-04c1-424b-9868-57a2d4851a1d" relativeResultsDirectory="7fab0a7c-a104-4510-bbbc-07859c0352ac" />
    <UnitTestResult executionId="6bbe4b7d-a3d1-42f6-b338-ee81b7f520c3" testId="4396ccba-9d89-e148-82bd-72965c7a7035" testName="ManagedCode.Communication.Tests.Extensions.ResultConversionExtensionsTests.AsResult_CanBeChainedWithRailwayMethods" computerName="konstantins-macbook-pro" duration="00:00:00.0006523" startTime="2025-09-20T12:26:54.3977670+02:00" endTime="2025-09-20T12:26:54.4003100+02:00" testType="13cdc9d9-ddb5-4fa4-a97d-d965ccfc6d4b" outcome="Passed" testListId="8c84fa94-04c1-424b-9868-57a2d4851a1d" relativeResultsDirectory="6bbe4b7d-a3d1-42f6-b338-ee81b7f520c3" />
    <UnitTestResult executionId="2c6a9674-3876-48ac-8e24-3487e7d8106a" testId="99ad070e-072d-3189-a75d-1aa7c7eeb04e" testName="ManagedCode.Communication.Tests.Extensions.HttpResponseExtensionTests.FromJsonToResult_NullContent_WithErrorStatus_ReturnsFailedResult" computerName="konstantins-macbook-pro" duration="00:00:00.0001900" startTime="2025-09-20T12:26:54.4523740+02:00" endTime="2025-09-20T12:26:54.4526210+02:00" testType="13cdc9d9-ddb5-4fa4-a97d-d965ccfc6d4b" outcome="Passed" testListId="8c84fa94-04c1-424b-9868-57a2d4851a1d" relativeResultsDirectory="2c6a9674-3876-48ac-8e24-3487e7d8106a" />
    <UnitTestResult executionId="f30fa401-8dfe-40ec-a66d-b51fd835953b" testId="0d212d73-5048-5154-48c3-5b8a40dc9820" testName="ManagedCode.Communication.Tests.Serialization.SerializationTests.Result_WithProblem_ShouldSerializeAndDeserialize" computerName="konstantins-macbook-pro" duration="00:00:00.0037696" startTime="2025-09-20T12:26:54.4694340+02:00" endTime="2025-09-20T12:26:54.4722850+02:00" testType="13cdc9d9-ddb5-4fa4-a97d-d965ccfc6d4b" outcome="Passed" testListId="8c84fa94-04c1-424b-9868-57a2d4851a1d" relativeResultsDirectory="f30fa401-8dfe-40ec-a66d-b51fd835953b" />
    <UnitTestResult executionId="fa9e4082-cf94-4c87-8857-49b2dcacc947" testId="62ec9571-83d3-3d31-1779-4fe2cf2be8e0" testName="ManagedCode.Communication.Tests.Results.CollectionResultTests.Fail_WithMessage_ShouldCreateFailedResult" computerName="konstantins-macbook-pro" duration="00:00:00.0001006" startTime="2025-09-20T12:26:54.4761750+02:00" endTime="2025-09-20T12:26:54.4761980+02:00" testType="13cdc9d9-ddb5-4fa4-a97d-d965ccfc6d4b" outcome="Passed" testListId="8c84fa94-04c1-424b-9868-57a2d4851a1d" relativeResultsDirectory="fa9e4082-cf94-4c87-8857-49b2dcacc947" />
    <UnitTestResult executionId="73382f6e-4725-4bba-b10d-13906fa99809" testId="6983a880-9157-394a-891c-2e7cb526bc4c" testName="ManagedCode.Communication.Tests.Serialization.SerializationTests.CommandMetadata_ShouldSerializeAndDeserialize" computerName="konstantins-macbook-pro" duration="00:00:00.0008989" startTime="2025-09-20T12:26:54.5151290+02:00" endTime="2025-09-20T12:26:54.5159910+02:00" testType="13cdc9d9-ddb5-4fa4-a97d-d965ccfc6d4b" outcome="Passed" testListId="8c84fa94-04c1-424b-9868-57a2d4851a1d" relativeResultsDirectory="73382f6e-4725-4bba-b10d-13906fa99809" />
    <UnitTestResult executionId="6fd16900-5e8a-4835-9ae3-d93c0c2dd106" testId="98850bf1-e160-2acd-8a57-566bba37b11b" testName="ManagedCode.Communication.Tests.Commands.MemoryCacheCommandIdempotencyStoreTests.GetMultipleResultsAsync_ReturnsResultsForMultipleCommands" computerName="konstantins-macbook-pro" duration="00:00:00.0004438" startTime="2025-09-20T12:26:54.5299050+02:00" endTime="2025-09-20T12:26:54.5302950+02:00" testType="13cdc9d9-ddb5-4fa4-a97d-d965ccfc6d4b" outcome="Passed" testListId="8c84fa94-04c1-424b-9868-57a2d4851a1d" relativeResultsDirectory="6fd16900-5e8a-4835-9ae3-d93c0c2dd106" />
    <UnitTestResult executionId="e6f35e25-6c8b-4f5f-a2e8-bf27da693a59" testId="ac1ffaa9-ae14-8f71-b2ad-c1cdc3b66547" testName="ManagedCode.Communication.Tests.Results.ResultTFailMethodsTests.ResultT_Fail_WithEnumAndStatus_ShouldCreateFailedResultWithErrorCodeAndStatus" computerName="konstantins-macbook-pro" duration="00:00:00.0004138" startTime="2025-09-20T12:26:54.4132270+02:00" endTime="2025-09-20T12:26:54.4141860+02:00" testType="13cdc9d9-ddb5-4fa4-a97d-d965ccfc6d4b" outcome="Passed" testListId="8c84fa94-04c1-424b-9868-57a2d4851a1d" relativeResultsDirectory="e6f35e25-6c8b-4f5f-a2e8-bf27da693a59" />
    <UnitTestResult executionId="ecd03e08-9a69-47fd-9a90-8f896628709e" testId="8309389d-9c6a-c3cd-d6dd-b15a89fb2045" testName="ManagedCode.Communication.Tests.Results.ProblemToExceptionTests.ToException_FromProblemCreatedFromNullReferenceException_ShouldReconstructOriginalExceptionType" computerName="konstantins-macbook-pro" duration="00:00:00.0000740" startTime="2025-09-20T12:26:54.4995340+02:00" endTime="2025-09-20T12:26:54.4998810+02:00" testType="13cdc9d9-ddb5-4fa4-a97d-d965ccfc6d4b" outcome="Passed" testListId="8c84fa94-04c1-424b-9868-57a2d4851a1d" relativeResultsDirectory="ecd03e08-9a69-47fd-9a90-8f896628709e" />
    <UnitTestResult executionId="5c8c02cd-00fb-4228-8e0f-001268f63ec6" testId="9bc3a0c5-2fcf-8c19-b3cf-1cf301730bb6" testName="ManagedCode.Communication.Tests.Results.ResultTTests.Tap_WithSuccessfulResult_ShouldExecuteAction" computerName="konstantins-macbook-pro" duration="00:00:00.0024914" startTime="2025-09-20T12:26:54.4004900+02:00" endTime="2025-09-20T12:26:54.4046210+02:00" testType="13cdc9d9-ddb5-4fa4-a97d-d965ccfc6d4b" outcome="Passed" testListId="8c84fa94-04c1-424b-9868-57a2d4851a1d" relativeResultsDirectory="5c8c02cd-00fb-4228-8e0f-001268f63ec6" />
    <UnitTestResult executionId="b34e5f9f-d5d3-48c7-a48e-6233ecb5e213" testId="9a6a7a50-e76a-4ed6-f132-a9079fc9826f" testName="ManagedCode.Communication.Tests.Results.ProblemExceptionTests.FromProblem_ShouldCreateProblemException" computerName="konstantins-macbook-pro" duration="00:00:00.0002192" startTime="2025-09-20T12:26:54.4613410+02:00" endTime="2025-09-20T12:26:54.4614400+02:00" testType="13cdc9d9-ddb5-4fa4-a97d-d965ccfc6d4b" outcome="Passed" testListId="8c84fa94-04c1-424b-9868-57a2d4851a1d" relativeResultsDirectory="b34e5f9f-d5d3-48c7-a48e-6233ecb5e213" />
    <UnitTestResult executionId="80ae5415-4747-4fa5-8eee-6c752e296d71" testId="c13b6588-2a19-2c09-3895-58ee1bfe9fde" testName="ManagedCode.Communication.Tests.Results.ResultHelperMethodsTests.Result_TryAsync_WithSuccessfulTask_ShouldReturnSuccess" computerName="konstantins-macbook-pro" duration="00:00:00.0026352" startTime="2025-09-20T12:26:54.4722590+02:00" endTime="2025-09-20T12:26:54.4735840+02:00" testType="13cdc9d9-ddb5-4fa4-a97d-d965ccfc6d4b" outcome="Passed" testListId="8c84fa94-04c1-424b-9868-57a2d4851a1d" relativeResultsDirectory="80ae5415-4747-4fa5-8eee-6c752e296d71" />
    <UnitTestResult executionId="8d805096-6f51-4a5d-9ed6-8f4b8042962a" testId="7c1ef6a2-586b-711e-f03d-e05f7b31ffe1" testName="ManagedCode.Communication.Tests.Results.ResultTFailMethodsTests.ResultT_Fail_WithTitle_ShouldCreateFailedResultWithInternalServerError" computerName="konstantins-macbook-pro" duration="00:00:00.0000715" startTime="2025-09-20T12:26:54.4130110+02:00" endTime="2025-09-20T12:26:54.4130460+02:00" testType="13cdc9d9-ddb5-4fa4-a97d-d965ccfc6d4b" outcome="Passed" testListId="8c84fa94-04c1-424b-9868-57a2d4851a1d" relativeResultsDirectory="8d805096-6f51-4a5d-9ed6-8f4b8042962a" />
    <UnitTestResult executionId="5cfbbaa6-9e07-48bc-b001-752626d968db" testId="c87476d9-d6c4-b192-533c-f3fd92f25649" testName="ManagedCode.Communication.Tests.OrleansTests.GrainClientTests.ValueTaskResultStringError" computerName="konstantins-macbook-pro" duration="00:00:00.0024288" startTime="2025-09-20T12:26:55.5124560+02:00" endTime="2025-09-20T12:26:55.5149650+02:00" testType="13cdc9d9-ddb5-4fa4-a97d-d965ccfc6d4b" outcome="Passed" testListId="8c84fa94-04c1-424b-9868-57a2d4851a1d" relativeResultsDirectory="5cfbbaa6-9e07-48bc-b001-752626d968db" />
    <UnitTestResult executionId="8a6eafaf-7f6d-44d2-b23e-1c8e55a8e1fb" testId="0789453e-d5f1-17cb-3560-d081385bfb12" testName="ManagedCode.Communication.Tests.Extensions.ProblemExtensionsTests.ToFailedResult_WithComplexExtensions_ShouldPreserveAllData" computerName="konstantins-macbook-pro" duration="00:00:00.0002539" startTime="2025-09-20T12:26:54.4430210+02:00" endTime="2025-09-20T12:26:54.4434520+02:00" testType="13cdc9d9-ddb5-4fa4-a97d-d965ccfc6d4b" outcome="Passed" testListId="8c84fa94-04c1-424b-9868-57a2d4851a1d" relativeResultsDirectory="8a6eafaf-7f6d-44d2-b23e-1c8e55a8e1fb" />
    <UnitTestResult executionId="a64e47ce-a02f-473b-b020-4ecfd5dc458e" testId="3bc1d4f1-f3cc-ed17-9443-3eb25acde6f0" testName="ManagedCode.Communication.Tests.Extensions.AdvancedRailwayExtensionsTests.ThenAsync_WithSuccessfulResult_ExecutesNext" computerName="konstantins-macbook-pro" duration="00:00:00.0262097" startTime="2025-09-20T12:26:54.4507330+02:00" endTime="2025-09-20T12:26:54.4727110+02:00" testType="13cdc9d9-ddb5-4fa4-a97d-d965ccfc6d4b" outcome="Passed" testListId="8c84fa94-04c1-424b-9868-57a2d4851a1d" relativeResultsDirectory="a64e47ce-a02f-473b-b020-4ecfd5dc458e" />
    <UnitTestResult executionId="843157fb-1863-417c-ab19-4334d17a64e4" testId="165652a5-8470-80de-f723-64799828bde9" testName="ManagedCode.Communication.Tests.Results.ResultTests.Try_WithExceptionThrowingAction_ShouldCreateFailedResult" computerName="konstantins-macbook-pro" duration="00:00:00.0002945" startTime="2025-09-20T12:26:54.4428470+02:00" endTime="2025-09-20T12:26:54.4430440+02:00" testType="13cdc9d9-ddb5-4fa4-a97d-d965ccfc6d4b" outcome="Passed" testListId="8c84fa94-04c1-424b-9868-57a2d4851a1d" relativeResultsDirectory="843157fb-1863-417c-ab19-4334d17a64e4" />
    <UnitTestResult executionId="e7870d05-f073-4d66-95ea-965b44b69b17" testId="749bbee2-7b84-79fe-48ac-a4a2d51ee66d" testName="ManagedCode.Communication.Tests.Results.ResultTFailMethodsTests.ResultT_FailUnauthorized_WithDetail_ShouldCreateUnauthorizedResultWithCustomDetail" computerName="konstantins-macbook-pro" duration="00:00:00.0004144" startTime="2025-09-20T12:26:54.4157940+02:00" endTime="2025-09-20T12:26:54.4159800+02:00" testType="13cdc9d9-ddb5-4fa4-a97d-d965ccfc6d4b" outcome="Passed" testListId="8c84fa94-04c1-424b-9868-57a2d4851a1d" relativeResultsDirectory="e7870d05-f073-4d66-95ea-965b44b69b17" />
    <UnitTestResult executionId="4c03a2aa-7b4f-4965-ae42-e6095ce135c8" testId="ee9522e3-3347-1a86-68af-c4fa8cf496f8" testName="ManagedCode.Communication.Tests.Results.ResultFailMethodsTests.Result_Fail_WithEnum_ShouldCreateFailedResultWithErrorCode" computerName="konstantins-macbook-pro" duration="00:00:00.0006757" startTime="2025-09-20T12:26:54.4791870+02:00" endTime="2025-09-20T12:26:54.4792650+02:00" testType="13cdc9d9-ddb5-4fa4-a97d-d965ccfc6d4b" outcome="Passed" testListId="8c84fa94-04c1-424b-9868-57a2d4851a1d" relativeResultsDirectory="4c03a2aa-7b4f-4965-ae42-e6095ce135c8" />
    <UnitTestResult executionId="e30ee2cc-20f7-4dce-acd5-f970cbdc77b4" testId="52ca4f6f-9446-ce96-f00d-3177ac949b13" testName="ManagedCode.Communication.Tests.CollectionResults.CollectionResultFromMethodsTests.From_FailedCollectionResultWithoutProblem_ShouldReturnFailedResult" computerName="konstantins-macbook-pro" duration="00:00:00.0001274" startTime="2025-09-20T12:26:54.5036090+02:00" endTime="2025-09-20T12:26:54.5036310+02:00" testType="13cdc9d9-ddb5-4fa4-a97d-d965ccfc6d4b" outcome="Passed" testListId="8c84fa94-04c1-424b-9868-57a2d4851a1d" relativeResultsDirectory="e30ee2cc-20f7-4dce-acd5-f970cbdc77b4" />
    <UnitTestResult executionId="ab99f543-62b7-4632-8fb4-b27a0006d2b7" testId="08105b68-db60-bfeb-93e6-92f308ba13b0" testName="ManagedCode.Communication.Tests.Results.CollectionResultTests.ImplicitOperator_ToBool_ShouldReturnIsSuccess" computerName="konstantins-macbook-pro" duration="00:00:00.0001476" startTime="2025-09-20T12:26:54.4770580+02:00" endTime="2025-09-20T12:26:54.4770820+02:00" testType="13cdc9d9-ddb5-4fa4-a97d-d965ccfc6d4b" outcome="Passed" testListId="8c84fa94-04c1-424b-9868-57a2d4851a1d" relativeResultsDirectory="ab99f543-62b7-4632-8fb4-b27a0006d2b7" />
    <UnitTestResult executionId="d9f0f928-44ba-4869-b7ce-9668c740a7a1" testId="ebb85f49-d557-5a6a-c90c-63121ba0873d" testName="ManagedCode.Communication.Tests.Orleans.Serialization.CollectionResultSerializationTests.CollectionResult_WithProblem_ShouldSerializeCorrectly" computerName="konstantins-macbook-pro" duration="00:00:00.0018402" startTime="2025-09-20T12:26:55.2030030+02:00" endTime="2025-09-20T12:26:55.2049650+02:00" testType="13cdc9d9-ddb5-4fa4-a97d-d965ccfc6d4b" outcome="Passed" testListId="8c84fa94-04c1-424b-9868-57a2d4851a1d" relativeResultsDirectory="d9f0f928-44ba-4869-b7ce-9668c740a7a1" />
    <UnitTestResult executionId="e12031ea-ab3e-41d9-9919-a1d308e58d77" testId="49bddafe-bc17-f349-326c-5d40a7970e79" testName="ManagedCode.Communication.Tests.Results.ProblemToExceptionErrorTests.ToException_WithHttpRequestException_ShouldHandleSpecialCases" computerName="konstantins-macbook-pro" duration="00:00:00.0008366" startTime="2025-09-20T12:26:54.4205080+02:00" endTime="2025-09-20T12:26:54.4208940+02:00" testType="13cdc9d9-ddb5-4fa4-a97d-d965ccfc6d4b" outcome="Passed" testListId="8c84fa94-04c1-424b-9868-57a2d4851a1d" relativeResultsDirectory="e12031ea-ab3e-41d9-9919-a1d308e58d77" />
    <UnitTestResult executionId="35436e90-2104-4323-83fd-6b62fcd2e078" testId="3ebde54a-5d59-a2ef-9fd5-b8b44c97d1ad" testName="ManagedCode.Communication.Tests.CollectionResults.CollectionResultFromMethodsTests.From_SlowAsyncOperation_ShouldComplete" computerName="konstantins-macbook-pro" duration="00:00:00.1023481" startTime="2025-09-20T12:26:54.5090800+02:00" endTime="2025-09-20T12:26:54.6111890+02:00" testType="13cdc9d9-ddb5-4fa4-a97d-d965ccfc6d4b" outcome="Passed" testListId="8c84fa94-04c1-424b-9868-57a2d4851a1d" relativeResultsDirectory="35436e90-2104-4323-83fd-6b62fcd2e078" />
    <UnitTestResult executionId="86887836-090e-40ae-8399-60d9f9c4dd4c" testId="532832f5-cae8-48c6-fe23-9e1a56903292" testName="ManagedCode.Communication.Tests.Results.ResultFailMethodsTests.Result_FailUnauthorized_NoParameters_ShouldCreateUnauthorizedResult" computerName="konstantins-macbook-pro" duration="00:00:00.0000531" startTime="2025-09-20T12:26:54.4783010+02:00" endTime="2025-09-20T12:26:54.4783670+02:00" testType="13cdc9d9-ddb5-4fa4-a97d-d965ccfc6d4b" outcome="Passed" testListId="8c84fa94-04c1-424b-9868-57a2d4851a1d" relativeResultsDirectory="86887836-090e-40ae-8399-60d9f9c4dd4c" />
    <UnitTestResult executionId="5068458a-b404-4867-9e75-9bd66d80531a" testId="84853a77-193c-be7b-a6c8-566bcbdc46e5" testName="ManagedCode.Communication.Tests.AspNetCore.Extensions.ControllerExtensionsTests.ToActionResult_WithVariousStatusCodes_ReturnsCorrectStatusCode(statusCode: 409, title: &quot;Conflict&quot;)" computerName="konstantins-macbook-pro" duration="00:00:00.0000892" startTime="2025-09-20T12:26:54.4662590+02:00" endTime="2025-09-20T12:26:54.4662810+02:00" testType="13cdc9d9-ddb5-4fa4-a97d-d965ccfc6d4b" outcome="Passed" testListId="8c84fa94-04c1-424b-9868-57a2d4851a1d" relativeResultsDirectory="5068458a-b404-4867-9e75-9bd66d80531a" />
    <UnitTestResult executionId="532df47d-8d1c-44f9-bec0-bf2fc9bed35b" testId="90b509f3-eaa4-5292-2d86-2fb0253e9169" testName="ManagedCode.Communication.Tests.ProblemTests.ProblemCreateMethodsTests.Problem_Create_FromInnerException_ShouldUseOuterException" computerName="konstantins-macbook-pro" duration="00:00:00.0000686" startTime="2025-09-20T12:26:54.4632180+02:00" endTime="2025-09-20T12:26:54.4632420+02:00" testType="13cdc9d9-ddb5-4fa4-a97d-d965ccfc6d4b" outcome="Passed" testListId="8c84fa94-04c1-424b-9868-57a2d4851a1d" relativeResultsDirectory="532df47d-8d1c-44f9-bec0-bf2fc9bed35b" />
    <UnitTestResult executionId="1265e073-0b0b-4b83-ad59-0cdfd9faa365" testId="74d935d3-9bac-ca17-d821-b5657be316bf" testName="ManagedCode.Communication.Tests.Results.ResultTTests.Fail_WithMessage_ShouldCreateFailedResult" computerName="konstantins-macbook-pro" duration="00:00:00.0000959" startTime="2025-09-20T12:26:54.4165200+02:00" endTime="2025-09-20T12:26:54.4170210+02:00" testType="13cdc9d9-ddb5-4fa4-a97d-d965ccfc6d4b" outcome="Passed" testListId="8c84fa94-04c1-424b-9868-57a2d4851a1d" relativeResultsDirectory="1265e073-0b0b-4b83-ad59-0cdfd9faa365" />
    <UnitTestResult executionId="32208e3d-550b-42a8-b8b5-5534e984f8dc" testId="bc66e507-df82-f1e7-2faf-ccf42c118b92" testName="ManagedCode.Communication.Tests.Results.ProblemTests.FromEnum_WithDefaultStatusCode_ShouldUse400" computerName="konstantins-macbook-pro" duration="00:00:00.0000370" startTime="2025-09-20T12:26:54.4525240+02:00" endTime="2025-09-20T12:26:54.4525470+02:00" testType="13cdc9d9-ddb5-4fa4-a97d-d965ccfc6d4b" outcome="Passed" testListId="8c84fa94-04c1-424b-9868-57a2d4851a1d" relativeResultsDirectory="32208e3d-550b-42a8-b8b5-5534e984f8dc" />
    <UnitTestResult executionId="52b92cac-df11-471d-8034-2d47f8a69f0a" testId="2003d62f-56fa-bdbd-776e-cef4ed468d9f" testName="ManagedCode.Communication.Tests.Results.ResultStaticHelperMethodsTests.Result_FailForbiddenT_WithDetail_ShouldCreateForbiddenResultTWithCustomDetail" computerName="konstantins-macbook-pro" duration="00:00:00.0005671" startTime="2025-09-20T12:26:54.4009160+02:00" endTime="2025-09-20T12:26:54.4011100+02:00" testType="13cdc9d9-ddb5-4fa4-a97d-d965ccfc6d4b" outcome="Passed" testListId="8c84fa94-04c1-424b-9868-57a2d4851a1d" relativeResultsDirectory="52b92cac-df11-471d-8034-2d47f8a69f0a" />
    <UnitTestResult executionId="cd9b7d49-2baf-4384-8d2e-dfedb26ceb0e" testId="a6f92938-3cd6-0259-0038-c96207263ec9" testName="ManagedCode.Communication.Tests.CollectionResults.CollectionResultFailMethodsTests.Fail_WithEnum_ShouldCreateFailedResultWithErrorCode" computerName="konstantins-macbook-pro" duration="00:00:00.0005419" startTime="2025-09-20T12:26:54.4503950+02:00" endTime="2025-09-20T12:26:54.4509870+02:00" testType="13cdc9d9-ddb5-4fa4-a97d-d965ccfc6d4b" outcome="Passed" testListId="8c84fa94-04c1-424b-9868-57a2d4851a1d" relativeResultsDirectory="cd9b7d49-2baf-4384-8d2e-dfedb26ceb0e" />
    <UnitTestResult executionId="c2acddf1-20d5-4aff-b9a8-71e0b866602c" testId="6bdd3bbc-d7a5-24ee-4e32-c68e3928d318" testName="ManagedCode.Communication.Tests.CollectionResults.CollectionResultFromMethodsTests.From_SuccessCollectionResult_ShouldReturnSameResult" computerName="konstantins-macbook-pro" duration="00:00:00.0011498" startTime="2025-09-20T12:26:54.6138960+02:00" endTime="2025-09-20T12:26:54.6149970+02:00" testType="13cdc9d9-ddb5-4fa4-a97d-d965ccfc6d4b" outcome="Passed" testListId="8c84fa94-04c1-424b-9868-57a2d4851a1d" relativeResultsDirectory="c2acddf1-20d5-4aff-b9a8-71e0b866602c" />
    <UnitTestResult executionId="44087814-d1cf-490d-b005-38d0159d9ac6" testId="c3fca266-07d5-2c9c-f6ed-16da0ae11db3" testName="ManagedCode.Communication.Tests.Extensions.RailwayExtensionsTests.Map_SuccessfulResult_TransformsValue" computerName="konstantins-macbook-pro" duration="00:00:00.0003047" startTime="2025-09-20T12:26:54.4227100+02:00" endTime="2025-09-20T12:26:54.4228690+02:00" testType="13cdc9d9-ddb5-4fa4-a97d-d965ccfc6d4b" outcome="Passed" testListId="8c84fa94-04c1-424b-9868-57a2d4851a1d" relativeResultsDirectory="44087814-d1cf-490d-b005-38d0159d9ac6" />
    <UnitTestResult executionId="a3feda57-012d-4f9e-b579-ef5f2fbca69d" testId="95d48be6-afa8-e71d-dd78-cc9c789b5af7" testName="ManagedCode.Communication.Tests.Results.ProblemExceptionTests.Constructor_WithProblemContainingErrorCode_ShouldPopulateData" computerName="konstantins-macbook-pro" duration="00:00:00.0001177" startTime="2025-09-20T12:26:54.4612650+02:00" endTime="2025-09-20T12:26:54.4612850+02:00" testType="13cdc9d9-ddb5-4fa4-a97d-d965ccfc6d4b" outcome="Passed" testListId="8c84fa94-04c1-424b-9868-57a2d4851a1d" relativeResultsDirectory="a3feda57-012d-4f9e-b579-ef5f2fbca69d" />
    <UnitTestResult executionId="c8bd281f-1ae0-4f92-8d42-0775de89dc57" testId="3422f96e-0a13-0cac-95ea-d6afecbcd569" testName="ManagedCode.Communication.Tests.Extensions.AdvancedRailwayExtensionsTests.MergeAll_WithMultipleFailures_CollectsAllErrors" computerName="konstantins-macbook-pro" duration="00:00:00.0021609" startTime="2025-09-20T12:26:54.4760890+02:00" endTime="2025-09-20T12:26:54.4774920+02:00" testType="13cdc9d9-ddb5-4fa4-a97d-d965ccfc6d4b" outcome="Passed" testListId="8c84fa94-04c1-424b-9868-57a2d4851a1d" relativeResultsDirectory="c8bd281f-1ae0-4f92-8d42-0775de89dc57" />
    <UnitTestResult executionId="57b8d6ce-4a8b-47ed-bc49-fe3557277481" testId="bb5bca1a-3a3d-1d7d-5495-30c05c394e48" testName="ManagedCode.Communication.Tests.Results.ResultStaticHelperMethodsTests.Result_FailT_WithMessage_ShouldCreateFailedResultTWithProblem" computerName="konstantins-macbook-pro" duration="00:00:00.0091365" startTime="2025-09-20T12:26:54.3816620+02:00" endTime="2025-09-20T12:26:54.3976790+02:00" testType="13cdc9d9-ddb5-4fa4-a97d-d965ccfc6d4b" outcome="Passed" testListId="8c84fa94-04c1-424b-9868-57a2d4851a1d" relativeResultsDirectory="57b8d6ce-4a8b-47ed-bc49-fe3557277481" />
    <UnitTestResult executionId="2fc9b364-1487-499f-91b9-b905f91d9c1e" testId="9e91e282-03c1-0cff-0470-97bfea9c776b" testName="ManagedCode.Communication.Tests.Results.ResultTTests.TryGetProblem_WithFailedResult_ShouldReturnTrueAndProblem" computerName="konstantins-macbook-pro" duration="00:00:00.0000575" startTime="2025-09-20T12:26:54.4158710+02:00" endTime="2025-09-20T12:26:54.4158980+02:00" testType="13cdc9d9-ddb5-4fa4-a97d-d965ccfc6d4b" outcome="Passed" testListId="8c84fa94-04c1-424b-9868-57a2d4851a1d" relativeResultsDirectory="2fc9b364-1487-499f-91b9-b905f91d9c1e" />
    <UnitTestResult executionId="8dc36cef-7e9e-4c4c-92fa-7335632ddbd1" testId="05a54838-2f8d-21c6-e86e-0f8ca9d7103d" testName="ManagedCode.Communication.Tests.Results.ProblemToExceptionTests.ToException_FromValidationProblem_ShouldReturnProblemException" computerName="konstantins-macbook-pro" duration="00:00:00.0012585" startTime="2025-09-20T12:26:54.4999590+02:00" endTime="2025-09-20T12:26:54.5009370+02:00" testType="13cdc9d9-ddb5-4fa4-a97d-d965ccfc6d4b" outcome="Passed" testListId="8c84fa94-04c1-424b-9868-57a2d4851a1d" relativeResultsDirectory="8dc36cef-7e9e-4c4c-92fa-7335632ddbd1" />
    <UnitTestResult executionId="9db71dca-14ae-41ad-8ebf-a9bcf10732e5" testId="411a9c2f-81ff-4d70-023d-fdced9c6f4ac" testName="ManagedCode.Communication.Tests.Results.ResultOperatorsTests.ResultT_Fail_WithEnum_ShouldCreateFailedResultWithErrorCode" computerName="konstantins-macbook-pro" duration="00:00:00.0003745" startTime="2025-09-20T12:26:54.4384040+02:00" endTime="2025-09-20T12:26:54.4384290+02:00" testType="13cdc9d9-ddb5-4fa4-a97d-d965ccfc6d4b" outcome="Passed" testListId="8c84fa94-04c1-424b-9868-57a2d4851a1d" relativeResultsDirectory="9db71dca-14ae-41ad-8ebf-a9bcf10732e5" />
    <UnitTestResult executionId="8192c831-92d4-49d2-a902-27ba5919c29f" testId="8849bd85-5b3b-67b2-7599-9a1cb03570c4" testName="ManagedCode.Communication.Tests.Commands.CommandTests.FromIdValue" computerName="konstantins-macbook-pro" duration="00:00:00.0012336" startTime="2025-09-20T12:26:54.4622650+02:00" endTime="2025-09-20T12:26:54.4630650+02:00" testType="13cdc9d9-ddb5-4fa4-a97d-d965ccfc6d4b" outcome="Passed" testListId="8c84fa94-04c1-424b-9868-57a2d4851a1d" relativeResultsDirectory="8192c831-92d4-49d2-a902-27ba5919c29f" />
    <UnitTestResult executionId="8b29c606-91a4-4054-bbfd-bea505879155" testId="9b27f918-c1f0-a33c-798d-abb63ee48b10" testName="ManagedCode.Communication.Tests.Results.ProblemToExceptionErrorTests.ToException_WithMalformedOriginalExceptionType_ShouldFallbackToProblemException" computerName="konstantins-macbook-pro" duration="00:00:00.0001445" startTime="2025-09-20T12:26:54.4239590+02:00" endTime="2025-09-20T12:26:54.4239850+02:00" testType="13cdc9d9-ddb5-4fa4-a97d-d965ccfc6d4b" outcome="Passed" testListId="8c84fa94-04c1-424b-9868-57a2d4851a1d" relativeResultsDirectory="8b29c606-91a4-4054-bbfd-bea505879155" />
    <UnitTestResult executionId="d3b0302d-d510-4387-a95c-4eae5ec62d1b" testId="99276385-6909-321c-1b95-b70e5933d41e" testName="ManagedCode.Communication.Tests.Results.ResultInvalidMethodsTests.ResultT_Invalid_WithEnumAndMessage_ShouldCreateValidationResultWithBoth" computerName="konstantins-macbook-pro" duration="00:00:00.0030107" startTime="2025-09-20T12:26:54.4150390+02:00" endTime="2025-09-20T12:26:54.4196420+02:00" testType="13cdc9d9-ddb5-4fa4-a97d-d965ccfc6d4b" outcome="Passed" testListId="8c84fa94-04c1-424b-9868-57a2d4851a1d" relativeResultsDirectory="d3b0302d-d510-4387-a95c-4eae5ec62d1b" />
    <UnitTestResult executionId="f3b9feff-625e-4c62-9333-bac2a0373084" testId="a335cdf5-8bc7-ca99-6fe9-64ef25663cd0" testName="ManagedCode.Communication.Tests.Results.ResultOperatorsTests.CollectionResult_SucceedFromArray_ShouldCreateSuccessResult" computerName="konstantins-macbook-pro" duration="00:00:00.0015922" startTime="2025-09-20T12:26:54.4367660+02:00" endTime="2025-09-20T12:26:54.4376870+02:00" testType="13cdc9d9-ddb5-4fa4-a97d-d965ccfc6d4b" outcome="Passed" testListId="8c84fa94-04c1-424b-9868-57a2d4851a1d" relativeResultsDirectory="f3b9feff-625e-4c62-9333-bac2a0373084" />
    <UnitTestResult executionId="3f9c8a4d-eb6c-4540-8fab-3bd3691bfb8e" testId="6aef3be6-be58-6d70-5d16-8497e19d6e8e" testName="ManagedCode.Communication.Tests.Extensions.AdvancedRailwayExtensionsTests.ToResult_WithNullValue_ReturnsNotFound" computerName="konstantins-macbook-pro" duration="00:00:00.0000561" startTime="2025-09-20T12:26:54.4778210+02:00" endTime="2025-09-20T12:26:54.4779660+02:00" testType="13cdc9d9-ddb5-4fa4-a97d-d965ccfc6d4b" outcome="Passed" testListId="8c84fa94-04c1-424b-9868-57a2d4851a1d" relativeResultsDirectory="3f9c8a4d-eb6c-4540-8fab-3bd3691bfb8e" />
    <UnitTestResult executionId="4ec35329-1ad5-4acc-a8a1-a28446eeaca8" testId="9ca104e0-d007-7a8a-297e-78d9692a5c9f" testName="ManagedCode.Communication.Tests.Results.RailwayOrientedProgrammingTests.Try_WithSuccessfulOperation_ShouldReturnSuccess" computerName="konstantins-macbook-pro" duration="00:00:00.0000786" startTime="2025-09-20T12:26:54.4703270+02:00" endTime="2025-09-20T12:26:54.4715000+02:00" testType="13cdc9d9-ddb5-4fa4-a97d-d965ccfc6d4b" outcome="Passed" testListId="8c84fa94-04c1-424b-9868-57a2d4851a1d" relativeResultsDirectory="4ec35329-1ad5-4acc-a8a1-a28446eeaca8" />
    <UnitTestResult executionId="e7ab340c-f3f9-42e4-80e4-6883cc95db15" testId="b705e379-67f8-359d-1a7d-742fcea32d3b" testName="ManagedCode.Communication.Tests.CollectionResults.CollectionResultFailMethodsTests.Fail_WithEmptyArray_ShouldCreateFailedResultWithEmptyCollection" computerName="konstantins-macbook-pro" duration="00:00:00.0000637" startTime="2025-09-20T12:26:54.4540300+02:00" endTime="2025-09-20T12:26:54.4542130+02:00" testType="13cdc9d9-ddb5-4fa4-a97d-d965ccfc6d4b" outcome="Passed" testListId="8c84fa94-04c1-424b-9868-57a2d4851a1d" relativeResultsDirectory="e7ab340c-f3f9-42e4-80e4-6883cc95db15" />
    <UnitTestResult executionId="a70bc30d-eca1-4ab4-b1e9-8eb26420b3da" testId="cb7fb629-ff05-f9fd-40f3-26fe636dd5c1" testName="ManagedCode.Communication.Tests.Extensions.RailwayExtensionsTests.Tap_SuccessfulResultT_ExecutesActionWithValue" computerName="konstantins-macbook-pro" duration="00:00:00.0001175" startTime="2025-09-20T12:26:54.4134920+02:00" endTime="2025-09-20T12:26:54.4139700+02:00" testType="13cdc9d9-ddb5-4fa4-a97d-d965ccfc6d4b" outcome="Passed" testListId="8c84fa94-04c1-424b-9868-57a2d4851a1d" relativeResultsDirectory="a70bc30d-eca1-4ab4-b1e9-8eb26420b3da" />
    <UnitTestResult executionId="9f2d1675-014f-4122-9197-639e3601a126" testId="2c222361-1574-191b-79a2-c91c36668aba" testName="ManagedCode.Communication.Tests.Results.ResultExecutionExtensionsTests.From_ValueTask_Success_ReturnsSuccess" computerName="konstantins-macbook-pro" duration="00:00:00.0007990" startTime="2025-09-20T12:26:54.4998580+02:00" endTime="2025-09-20T12:26:54.5007910+02:00" testType="13cdc9d9-ddb5-4fa4-a97d-d965ccfc6d4b" outcome="Passed" testListId="8c84fa94-04c1-424b-9868-57a2d4851a1d" relativeResultsDirectory="9f2d1675-014f-4122-9197-639e3601a126" />
  </Results>
  <TestDefinitions>
    <UnitTest name="ManagedCode.Communication.Tests.Serialization.ProblemJsonConverterTests.Serialize_ValidationProblem_IncludesValidationErrors" storage="/users/ksemenenko/developer/communication/managedcode.communication.tests/bin/debug/net9.0/managedcode.communication.tests.dll" id="d3300c9e-5da3-cf6d-3ac1-7219738332c6">
      <Execution id="38a361cd-dc57-4f63-98e6-75625af063ef" />
      <TestMethod codeBase="/Users/ksemenenko/Developer/Communication/ManagedCode.Communication.Tests/bin/Debug/net9.0/ManagedCode.Communication.Tests.dll" adapterTypeName="executor://xunit/VsTestRunner3/netcore/" className="ManagedCode.Communication.Tests.Serialization.ProblemJsonConverterTests" name="Serialize_ValidationProblem_IncludesValidationErrors" />
    </UnitTest>
    <UnitTest name="ManagedCode.Communication.Tests.AspNetCore.Extensions.ControllerExtensionsTests.ToActionResult_WithValidationError_Returns400WithProblemDetails" storage="/users/ksemenenko/developer/communication/managedcode.communication.tests/bin/debug/net9.0/managedcode.communication.tests.dll" id="3fc0a61d-0537-a068-dc4c-e9f48287e808">
      <Execution id="72912d39-7863-4d41-8d54-8f2e8ddc3f27" />
      <TestMethod codeBase="/Users/ksemenenko/Developer/Communication/ManagedCode.Communication.Tests/bin/Debug/net9.0/ManagedCode.Communication.Tests.dll" adapterTypeName="executor://xunit/VsTestRunner3/netcore/" className="ManagedCode.Communication.Tests.AspNetCore.Extensions.ControllerExtensionsTests" name="ToActionResult_WithValidationError_Returns400WithProblemDetails" />
    </UnitTest>
    <UnitTest name="ManagedCode.Communication.Tests.Extensions.RailwayExtensionsTests.Bind_SuccessfulResult_ExecutesNext" storage="/users/ksemenenko/developer/communication/managedcode.communication.tests/bin/debug/net9.0/managedcode.communication.tests.dll" id="c20609f4-6a70-6c55-75bb-083e12c37fc9">
      <Execution id="c171ecd0-67f1-40a0-8fea-bc618a4a3ffd" />
      <TestMethod codeBase="/Users/ksemenenko/Developer/Communication/ManagedCode.Communication.Tests/bin/Debug/net9.0/ManagedCode.Communication.Tests.dll" adapterTypeName="executor://xunit/VsTestRunner3/netcore/" className="ManagedCode.Communication.Tests.Extensions.RailwayExtensionsTests" name="Bind_SuccessfulResult_ExecutesNext" />
    </UnitTest>
    <UnitTest name="ManagedCode.Communication.Tests.Results.ResultFailMethodsTests.Result_Fail_NoParameters_ShouldCreateFailedResult" storage="/users/ksemenenko/developer/communication/managedcode.communication.tests/bin/debug/net9.0/managedcode.communication.tests.dll" id="2e7f64e0-84e1-b572-6451-e5b58ad3f1b2">
      <Execution id="cba448c6-4937-4e64-9d94-99a091fd77fa" />
      <TestMethod codeBase="/Users/ksemenenko/Developer/Communication/ManagedCode.Communication.Tests/bin/Debug/net9.0/ManagedCode.Communication.Tests.dll" adapterTypeName="executor://xunit/VsTestRunner3/netcore/" className="ManagedCode.Communication.Tests.Results.ResultFailMethodsTests" name="Result_Fail_NoParameters_ShouldCreateFailedResult" />
    </UnitTest>
    <UnitTest name="ManagedCode.Communication.Tests.CollectionResults.CollectionResultFromMethodsTests.From_FuncReturningNull_ShouldCreateFailedResultDueToNullReference" storage="/users/ksemenenko/developer/communication/managedcode.communication.tests/bin/debug/net9.0/managedcode.communication.tests.dll" id="b54351a3-66ec-0964-2aea-e5e40f7e02d7">
      <Execution id="9fd0e230-5f82-4bb1-8b00-3b4426ebae43" />
      <TestMethod codeBase="/Users/ksemenenko/Developer/Communication/ManagedCode.Communication.Tests/bin/Debug/net9.0/ManagedCode.Communication.Tests.dll" adapterTypeName="executor://xunit/VsTestRunner3/netcore/" className="ManagedCode.Communication.Tests.CollectionResults.CollectionResultFromMethodsTests" name="From_FuncReturningNull_ShouldCreateFailedResultDueToNullReference" />
    </UnitTest>
    <UnitTest name="ManagedCode.Communication.Tests.Results.ResultTFailMethodsTests.ResultT_Fail_WithTitleDetailAndStatus_ShouldCreateFailedResultWithSpecifiedStatus" storage="/users/ksemenenko/developer/communication/managedcode.communication.tests/bin/debug/net9.0/managedcode.communication.tests.dll" id="d31f1619-d27f-d07c-9813-9d9c2f563878">
      <Execution id="10a9630c-18e2-429d-b0e4-55010ae1cc04" />
      <TestMethod codeBase="/Users/ksemenenko/Developer/Communication/ManagedCode.Communication.Tests/bin/Debug/net9.0/ManagedCode.Communication.Tests.dll" adapterTypeName="executor://xunit/VsTestRunner3/netcore/" className="ManagedCode.Communication.Tests.Results.ResultTFailMethodsTests" name="ResultT_Fail_WithTitleDetailAndStatus_ShouldCreateFailedResultWithSpecifiedStatus" />
    </UnitTest>
    <UnitTest name="ManagedCode.Communication.Tests.CollectionResults.CollectionResultFailMethodsTests.Fail_WithExceptionAndStatus_ShouldCreateFailedResultWithSpecifiedStatus" storage="/users/ksemenenko/developer/communication/managedcode.communication.tests/bin/debug/net9.0/managedcode.communication.tests.dll" id="f6e5cff2-2693-3b1e-77a2-42903b6a4613">
      <Execution id="dee8840d-5caa-4b56-9d39-35f2e9738c28" />
      <TestMethod codeBase="/Users/ksemenenko/Developer/Communication/ManagedCode.Communication.Tests/bin/Debug/net9.0/ManagedCode.Communication.Tests.dll" adapterTypeName="executor://xunit/VsTestRunner3/netcore/" className="ManagedCode.Communication.Tests.CollectionResults.CollectionResultFailMethodsTests" name="Fail_WithExceptionAndStatus_ShouldCreateFailedResultWithSpecifiedStatus" />
    </UnitTest>
    <UnitTest name="ManagedCode.Communication.Tests.Results.CollectionResultInvalidMethodsTests.CollectionResult_Invalid_WithEnumAndKeyValue_ShouldCreateValidationResultWithAll" storage="/users/ksemenenko/developer/communication/managedcode.communication.tests/bin/debug/net9.0/managedcode.communication.tests.dll" id="898c9cc8-bb35-e599-7c7d-53a4b1099340">
      <Execution id="0e67f96c-a309-460f-8c03-d01d2778d899" />
      <TestMethod codeBase="/Users/ksemenenko/Developer/Communication/ManagedCode.Communication.Tests/bin/Debug/net9.0/ManagedCode.Communication.Tests.dll" adapterTypeName="executor://xunit/VsTestRunner3/netcore/" className="ManagedCode.Communication.Tests.Results.CollectionResultInvalidMethodsTests" name="CollectionResult_Invalid_WithEnumAndKeyValue_ShouldCreateValidationResultWithAll" />
    </UnitTest>
    <UnitTest name="ManagedCode.Communication.Tests.Results.ResultValueExecutionExtensionsTests.From_FuncResult_Throws_ReturnsFailure" storage="/users/ksemenenko/developer/communication/managedcode.communication.tests/bin/debug/net9.0/managedcode.communication.tests.dll" id="52ffb89f-308d-1a56-611a-405901acb8cd">
      <Execution id="88ffd4d7-7d9e-4ff9-968e-17bb9ba2fc87" />
      <TestMethod codeBase="/Users/ksemenenko/Developer/Communication/ManagedCode.Communication.Tests/bin/Debug/net9.0/ManagedCode.Communication.Tests.dll" adapterTypeName="executor://xunit/VsTestRunner3/netcore/" className="ManagedCode.Communication.Tests.Results.ResultValueExecutionExtensionsTests" name="From_FuncResult_Throws_ReturnsFailure" />
    </UnitTest>
    <UnitTest name="ManagedCode.Communication.Tests.Extensions.RailwayExtensionsTests.ComplexChain_FailurePath_StopsAtFirstFailure" storage="/users/ksemenenko/developer/communication/managedcode.communication.tests/bin/debug/net9.0/managedcode.communication.tests.dll" id="d1df534e-bdd0-3f3b-6fb8-d0869c06e6d1">
      <Execution id="2c13cfda-8e5e-4382-8b88-21e75b854475" />
      <TestMethod codeBase="/Users/ksemenenko/Developer/Communication/ManagedCode.Communication.Tests/bin/Debug/net9.0/ManagedCode.Communication.Tests.dll" adapterTypeName="executor://xunit/VsTestRunner3/netcore/" className="ManagedCode.Communication.Tests.Extensions.RailwayExtensionsTests" name="ComplexChain_FailurePath_StopsAtFirstFailure" />
    </UnitTest>
    <UnitTest name="ManagedCode.Communication.Tests.Results.ResultValueExecutionExtensionsTests.From_ValueTask_Faulted_ReturnsFailure" storage="/users/ksemenenko/developer/communication/managedcode.communication.tests/bin/debug/net9.0/managedcode.communication.tests.dll" id="499e8ee6-89d5-0e97-25ec-3c14300ff7c3">
      <Execution id="e825376a-25ae-412e-b9c5-9493044265b6" />
      <TestMethod codeBase="/Users/ksemenenko/Developer/Communication/ManagedCode.Communication.Tests/bin/Debug/net9.0/ManagedCode.Communication.Tests.dll" adapterTypeName="executor://xunit/VsTestRunner3/netcore/" className="ManagedCode.Communication.Tests.Results.ResultValueExecutionExtensionsTests" name="From_ValueTask_Faulted_ReturnsFailure" />
    </UnitTest>
    <UnitTest name="ManagedCode.Communication.Tests.CollectionResults.CollectionResultFailMethodsTests.FailValidation_WithMultipleErrors_ShouldCreateValidationFailedResultWithAllErrors" storage="/users/ksemenenko/developer/communication/managedcode.communication.tests/bin/debug/net9.0/managedcode.communication.tests.dll" id="1dab659d-bd89-ec57-ccec-04868b38f679">
      <Execution id="1304837d-19c9-440b-a583-674404ed93b7" />
      <TestMethod codeBase="/Users/ksemenenko/Developer/Communication/ManagedCode.Communication.Tests/bin/Debug/net9.0/ManagedCode.Communication.Tests.dll" adapterTypeName="executor://xunit/VsTestRunner3/netcore/" className="ManagedCode.Communication.Tests.CollectionResults.CollectionResultFailMethodsTests" name="FailValidation_WithMultipleErrors_ShouldCreateValidationFailedResultWithAllErrors" />
    </UnitTest>
    <UnitTest name="ManagedCode.Communication.Tests.Extensions.AdvancedRailwayExtensionsTests.Then_WithFailedResult_DoesNotExecuteNext" storage="/users/ksemenenko/developer/communication/managedcode.communication.tests/bin/debug/net9.0/managedcode.communication.tests.dll" id="234bc324-8553-c6e0-ddb6-1b51780458be">
      <Execution id="7590b3f5-87ce-47b9-9cf1-1992357d166c" />
      <TestMethod codeBase="/Users/ksemenenko/Developer/Communication/ManagedCode.Communication.Tests/bin/Debug/net9.0/ManagedCode.Communication.Tests.dll" adapterTypeName="executor://xunit/VsTestRunner3/netcore/" className="ManagedCode.Communication.Tests.Extensions.AdvancedRailwayExtensionsTests" name="Then_WithFailedResult_DoesNotExecuteNext" />
    </UnitTest>
    <UnitTest name="ManagedCode.Communication.Tests.Results.CollectionResultTests.ThrowIfFail_WithFailedResult_ShouldThrow" storage="/users/ksemenenko/developer/communication/managedcode.communication.tests/bin/debug/net9.0/managedcode.communication.tests.dll" id="685bf125-95a7-b042-d839-6110f006a2bb">
      <Execution id="5ba3c637-1584-40be-b23f-2927290cd35f" />
      <TestMethod codeBase="/Users/ksemenenko/Developer/Communication/ManagedCode.Communication.Tests/bin/Debug/net9.0/ManagedCode.Communication.Tests.dll" adapterTypeName="executor://xunit/VsTestRunner3/netcore/" className="ManagedCode.Communication.Tests.Results.CollectionResultTests" name="ThrowIfFail_WithFailedResult_ShouldThrow" />
    </UnitTest>
    <UnitTest name="ManagedCode.Communication.Tests.Extensions.AdvancedRailwayExtensionsTests.Merge_WithOneFailure_ReturnsFirstFailure" storage="/users/ksemenenko/developer/communication/managedcode.communication.tests/bin/debug/net9.0/managedcode.communication.tests.dll" id="d49dd8a1-17d1-d140-9564-06903127a2e4">
      <Execution id="b06ceb6e-d429-4169-b865-579e72e328da" />
      <TestMethod codeBase="/Users/ksemenenko/Developer/Communication/ManagedCode.Communication.Tests/bin/Debug/net9.0/ManagedCode.Communication.Tests.dll" adapterTypeName="executor://xunit/VsTestRunner3/netcore/" className="ManagedCode.Communication.Tests.Extensions.AdvancedRailwayExtensionsTests" name="Merge_WithOneFailure_ReturnsFirstFailure" />
    </UnitTest>
    <UnitTest name="ManagedCode.Communication.Tests.Results.ProblemTests.WithExtensions_ShouldCreateNewProblemWithAdditionalExtensions" storage="/users/ksemenenko/developer/communication/managedcode.communication.tests/bin/debug/net9.0/managedcode.communication.tests.dll" id="2654f83d-7e59-bc95-a132-84ce53376681">
      <Execution id="6289e934-5f05-43cd-a935-79dac43a0192" />
      <TestMethod codeBase="/Users/ksemenenko/Developer/Communication/ManagedCode.Communication.Tests/bin/Debug/net9.0/ManagedCode.Communication.Tests.dll" adapterTypeName="executor://xunit/VsTestRunner3/netcore/" className="ManagedCode.Communication.Tests.Results.ProblemTests" name="WithExtensions_ShouldCreateNewProblemWithAdditionalExtensions" />
    </UnitTest>
    <UnitTest name="ManagedCode.Communication.Tests.AspNetCore.Helpers.HttpStatusCodeHelperTests.GetStatusCodeForException_AspNetSpecificExceptions_ReturnsCorrectStatusCode(exceptionType: typeof(Microsoft.AspNetCore.Mvc.Infrastructure.AmbiguousActionException), expectedStatusCode: InternalServerError)" storage="/users/ksemenenko/developer/communication/managedcode.communication.tests/bin/debug/net9.0/managedcode.communication.tests.dll" id="0bac6952-0c3c-190c-8898-ea5d8b8379ca">
      <Execution id="03e6722b-6e91-4c38-8341-ab1be2092379" />
      <TestMethod codeBase="/Users/ksemenenko/Developer/Communication/ManagedCode.Communication.Tests/bin/Debug/net9.0/ManagedCode.Communication.Tests.dll" adapterTypeName="executor://xunit/VsTestRunner3/netcore/" className="ManagedCode.Communication.Tests.AspNetCore.Helpers.HttpStatusCodeHelperTests" name="GetStatusCodeForException_AspNetSpecificExceptions_ReturnsCorrectStatusCode" />
    </UnitTest>
    <UnitTest name="ManagedCode.Communication.Tests.CollectionResults.CollectionResultFromMethodsTests.From_SuccessCollectionResult_ShouldReturnSameResult" storage="/users/ksemenenko/developer/communication/managedcode.communication.tests/bin/debug/net9.0/managedcode.communication.tests.dll" id="6bdd3bbc-d7a5-24ee-4e32-c68e3928d318">
      <Execution id="c2acddf1-20d5-4aff-b9a8-71e0b866602c" />
      <TestMethod codeBase="/Users/ksemenenko/Developer/Communication/ManagedCode.Communication.Tests/bin/Debug/net9.0/ManagedCode.Communication.Tests.dll" adapterTypeName="executor://xunit/VsTestRunner3/netcore/" className="ManagedCode.Communication.Tests.CollectionResults.CollectionResultFromMethodsTests" name="From_SuccessCollectionResult_ShouldReturnSameResult" />
    </UnitTest>
    <UnitTest name="ManagedCode.Communication.Tests.AspNetCore.Extensions.ControllerExtensionsTests.ToHttpResult_WithSuccessResultNoValue_ReturnsNoContent" storage="/users/ksemenenko/developer/communication/managedcode.communication.tests/bin/debug/net9.0/managedcode.communication.tests.dll" id="a9c4348a-f7cc-abf4-413a-fc58753695f7">
      <Execution id="f83a7ce5-c4fe-4d79-87b7-b61c0abe7a4a" />
      <TestMethod codeBase="/Users/ksemenenko/Developer/Communication/ManagedCode.Communication.Tests/bin/Debug/net9.0/ManagedCode.Communication.Tests.dll" adapterTypeName="executor://xunit/VsTestRunner3/netcore/" className="ManagedCode.Communication.Tests.AspNetCore.Extensions.ControllerExtensionsTests" name="ToHttpResult_WithSuccessResultNoValue_ReturnsNoContent" />
    </UnitTest>
    <UnitTest name="ManagedCode.Communication.Tests.CollectionResults.CollectionResultFailMethodsTests.FailForbidden_WithDetail_ShouldCreateForbiddenResultWithCustomDetail" storage="/users/ksemenenko/developer/communication/managedcode.communication.tests/bin/debug/net9.0/managedcode.communication.tests.dll" id="d5e79021-8e56-47e1-e0da-836c7f362c97">
      <Execution id="06d93dc5-9497-45a1-b7f9-ad3caa91205a" />
      <TestMethod codeBase="/Users/ksemenenko/Developer/Communication/ManagedCode.Communication.Tests/bin/Debug/net9.0/ManagedCode.Communication.Tests.dll" adapterTypeName="executor://xunit/VsTestRunner3/netcore/" className="ManagedCode.Communication.Tests.CollectionResults.CollectionResultFailMethodsTests" name="FailForbidden_WithDetail_ShouldCreateForbiddenResultWithCustomDetail" />
    </UnitTest>
    <UnitTest name="ManagedCode.Communication.Tests.Results.ResultStaticHelperMethodsTests.Result_FailT_WithEnumAndDetail_ShouldCreateFailedResultTWithErrorCodeAndDetail" storage="/users/ksemenenko/developer/communication/managedcode.communication.tests/bin/debug/net9.0/managedcode.communication.tests.dll" id="56331dab-a3f7-2362-5979-39dd09b423f7">
      <Execution id="cf7d8e95-fde7-4d75-be16-b956d183b008" />
      <TestMethod codeBase="/Users/ksemenenko/Developer/Communication/ManagedCode.Communication.Tests/bin/Debug/net9.0/ManagedCode.Communication.Tests.dll" adapterTypeName="executor://xunit/VsTestRunner3/netcore/" className="ManagedCode.Communication.Tests.Results.ResultStaticHelperMethodsTests" name="Result_FailT_WithEnumAndDetail_ShouldCreateFailedResultTWithErrorCodeAndDetail" />
    </UnitTest>
    <UnitTest name="ManagedCode.Communication.Tests.Commands.CommandExtensionsTests.WithMetadata_Action_CreatesMetadataAndConfigures" storage="/users/ksemenenko/developer/communication/managedcode.communication.tests/bin/debug/net9.0/managedcode.communication.tests.dll" id="7e4d1300-6e25-4356-8c9d-f79154f41856">
      <Execution id="9b65a15f-b6a1-4097-8a28-299f04f056e0" />
      <TestMethod codeBase="/Users/ksemenenko/Developer/Communication/ManagedCode.Communication.Tests/bin/Debug/net9.0/ManagedCode.Communication.Tests.dll" adapterTypeName="executor://xunit/VsTestRunner3/netcore/" className="ManagedCode.Communication.Tests.Commands.CommandExtensionsTests" name="WithMetadata_Action_CreatesMetadataAndConfigures" />
    </UnitTest>
    <UnitTest name="ManagedCode.Communication.Tests.Results.ResultHelperMethodsTests.Result_From_WithSuccessResult_ShouldReturnSuccess" storage="/users/ksemenenko/developer/communication/managedcode.communication.tests/bin/debug/net9.0/managedcode.communication.tests.dll" id="14c31508-17e6-4880-b426-ed6fb60b31cf">
      <Execution id="fbef21f9-62ee-4254-abe7-a5926fcea385" />
      <TestMethod codeBase="/Users/ksemenenko/Developer/Communication/ManagedCode.Communication.Tests/bin/Debug/net9.0/ManagedCode.Communication.Tests.dll" adapterTypeName="executor://xunit/VsTestRunner3/netcore/" className="ManagedCode.Communication.Tests.Results.ResultHelperMethodsTests" name="Result_From_WithSuccessResult_ShouldReturnSuccess" />
    </UnitTest>
    <UnitTest name="ManagedCode.Communication.Tests.Results.ResultFailMethodsTests.Result_Fail_WithEnumAndStatus_ShouldCreateFailedResultWithErrorCodeAndStatus" storage="/users/ksemenenko/developer/communication/managedcode.communication.tests/bin/debug/net9.0/managedcode.communication.tests.dll" id="6e767f96-9226-7d9c-988b-ea75a4b8e156">
      <Execution id="26dc62a2-ae27-4510-8584-ecd8114d3e5b" />
      <TestMethod codeBase="/Users/ksemenenko/Developer/Communication/ManagedCode.Communication.Tests/bin/Debug/net9.0/ManagedCode.Communication.Tests.dll" adapterTypeName="executor://xunit/VsTestRunner3/netcore/" className="ManagedCode.Communication.Tests.Results.ResultFailMethodsTests" name="Result_Fail_WithEnumAndStatus_ShouldCreateFailedResultWithErrorCodeAndStatus" />
    </UnitTest>
    <UnitTest name="ManagedCode.Communication.Tests.Serialization.SerializationTests.ResultT_WithComplexValue_ShouldSerializeAndDeserialize" storage="/users/ksemenenko/developer/communication/managedcode.communication.tests/bin/debug/net9.0/managedcode.communication.tests.dll" id="08479d6a-c563-b460-df28-b4f67109fef8">
      <Execution id="91f34c1b-93f3-44cf-b8de-d2edc429d7d5" />
      <TestMethod codeBase="/Users/ksemenenko/Developer/Communication/ManagedCode.Communication.Tests/bin/Debug/net9.0/ManagedCode.Communication.Tests.dll" adapterTypeName="executor://xunit/VsTestRunner3/netcore/" className="ManagedCode.Communication.Tests.Serialization.SerializationTests" name="ResultT_WithComplexValue_ShouldSerializeAndDeserialize" />
    </UnitTest>
    <UnitTest name="ManagedCode.Communication.Tests.Extensions.RailwayExtensionsTests.ComplexChain_SuccessPath_ExecutesAllSteps" storage="/users/ksemenenko/developer/communication/managedcode.communication.tests/bin/debug/net9.0/managedcode.communication.tests.dll" id="ce79d18c-5b2f-a858-0d20-17d538b54c49">
      <Execution id="67c4856e-9718-4b74-8282-4914ccd76b81" />
      <TestMethod codeBase="/Users/ksemenenko/Developer/Communication/ManagedCode.Communication.Tests/bin/Debug/net9.0/ManagedCode.Communication.Tests.dll" adapterTypeName="executor://xunit/VsTestRunner3/netcore/" className="ManagedCode.Communication.Tests.Extensions.RailwayExtensionsTests" name="ComplexChain_SuccessPath_ExecutesAllSteps" />
    </UnitTest>
    <UnitTest name="ManagedCode.Communication.Tests.Results.ResultOperatorsTests.Result_From_WithSuccessfulFunc_ShouldReturnSuccessResult" storage="/users/ksemenenko/developer/communication/managedcode.communication.tests/bin/debug/net9.0/managedcode.communication.tests.dll" id="86187f3d-b602-5f85-7bbd-67f366b856b9">
      <Execution id="cfc36d63-b43d-44b9-91b9-d04963aab04b" />
      <TestMethod codeBase="/Users/ksemenenko/Developer/Communication/ManagedCode.Communication.Tests/bin/Debug/net9.0/ManagedCode.Communication.Tests.dll" adapterTypeName="executor://xunit/VsTestRunner3/netcore/" className="ManagedCode.Communication.Tests.Results.ResultOperatorsTests" name="Result_From_WithSuccessfulFunc_ShouldReturnSuccessResult" />
    </UnitTest>
    <UnitTest name="ManagedCode.Communication.Tests.Results.ProblemTests.GetErrorCodeAs_WithNonMatchingEnum_ShouldReturnNull" storage="/users/ksemenenko/developer/communication/managedcode.communication.tests/bin/debug/net9.0/managedcode.communication.tests.dll" id="6a5e75da-d4ce-a720-12fe-db0ec989bfda">
      <Execution id="b53229ff-3800-4b15-bfe7-8f57239755c8" />
      <TestMethod codeBase="/Users/ksemenenko/Developer/Communication/ManagedCode.Communication.Tests/bin/Debug/net9.0/ManagedCode.Communication.Tests.dll" adapterTypeName="executor://xunit/VsTestRunner3/netcore/" className="ManagedCode.Communication.Tests.Results.ProblemTests" name="GetErrorCodeAs_WithNonMatchingEnum_ShouldReturnNull" />
    </UnitTest>
    <UnitTest name="ManagedCode.Communication.Tests.ResultExtensionsTests.BindGeneric_WithSuccessResult_ShouldChainOperations" storage="/users/ksemenenko/developer/communication/managedcode.communication.tests/bin/debug/net9.0/managedcode.communication.tests.dll" id="9e03bf6d-4e75-7d3d-979b-1b27fa078d7d">
      <Execution id="cd025b28-4a20-4457-87e5-c77d8b067407" />
      <TestMethod codeBase="/Users/ksemenenko/Developer/Communication/ManagedCode.Communication.Tests/bin/Debug/net9.0/ManagedCode.Communication.Tests.dll" adapterTypeName="executor://xunit/VsTestRunner3/netcore/" className="ManagedCode.Communication.Tests.ResultExtensionsTests" name="BindGeneric_WithSuccessResult_ShouldChainOperations" />
    </UnitTest>
    <UnitTest name="ManagedCode.Communication.Tests.Results.CollectionResultTests.Succeed_WithEnumerable_ShouldCreateSuccessfulResult" storage="/users/ksemenenko/developer/communication/managedcode.communication.tests/bin/debug/net9.0/managedcode.communication.tests.dll" id="62b58bd7-3c1e-de08-a9e7-b42cffcdf323">
      <Execution id="0cb430d5-2f08-4dd2-a2fa-55d42486d889" />
      <TestMethod codeBase="/Users/ksemenenko/Developer/Communication/ManagedCode.Communication.Tests/bin/Debug/net9.0/ManagedCode.Communication.Tests.dll" adapterTypeName="executor://xunit/VsTestRunner3/netcore/" className="ManagedCode.Communication.Tests.Results.CollectionResultTests" name="Succeed_WithEnumerable_ShouldCreateSuccessfulResult" />
    </UnitTest>
    <UnitTest name="ManagedCode.Communication.Tests.Results.ResultTTests.From_WithExceptionThrowingFunc_ShouldCreateFailedResult" storage="/users/ksemenenko/developer/communication/managedcode.communication.tests/bin/debug/net9.0/managedcode.communication.tests.dll" id="23ef8027-2a18-f92f-8f60-3a751b96bde2">
      <Execution id="a592b2ab-3627-4730-a6c5-cbdec3b5b7d3" />
      <TestMethod codeBase="/Users/ksemenenko/Developer/Communication/ManagedCode.Communication.Tests/bin/Debug/net9.0/ManagedCode.Communication.Tests.dll" adapterTypeName="executor://xunit/VsTestRunner3/netcore/" className="ManagedCode.Communication.Tests.Results.ResultTTests" name="From_WithExceptionThrowingFunc_ShouldCreateFailedResult" />
    </UnitTest>
    <UnitTest name="ManagedCode.Communication.Tests.CollectionResults.CollectionResultFromMethodsTests.From_FuncValueTaskCollectionResult_ShouldReturnResult" storage="/users/ksemenenko/developer/communication/managedcode.communication.tests/bin/debug/net9.0/managedcode.communication.tests.dll" id="3d40653d-19a3-c289-4128-980e5c453274">
      <Execution id="275a3d50-671d-437d-bc68-d0c2a7542e1c" />
      <TestMethod codeBase="/Users/ksemenenko/Developer/Communication/ManagedCode.Communication.Tests/bin/Debug/net9.0/ManagedCode.Communication.Tests.dll" adapterTypeName="executor://xunit/VsTestRunner3/netcore/" className="ManagedCode.Communication.Tests.CollectionResults.CollectionResultFromMethodsTests" name="From_FuncValueTaskCollectionResult_ShouldReturnResult" />
    </UnitTest>
    <UnitTest name="ManagedCode.Communication.Tests.CollectionResults.CollectionResultFromMethodsTests.From_FuncReturningHashSet_ShouldCreateSuccessResult" storage="/users/ksemenenko/developer/communication/managedcode.communication.tests/bin/debug/net9.0/managedcode.communication.tests.dll" id="ce3fa9f3-48b0-1831-219b-9a887cfec004">
      <Execution id="aaa7ea54-f7d0-4de0-a263-1b7fe57bf0ee" />
      <TestMethod codeBase="/Users/ksemenenko/Developer/Communication/ManagedCode.Communication.Tests/bin/Debug/net9.0/ManagedCode.Communication.Tests.dll" adapterTypeName="executor://xunit/VsTestRunner3/netcore/" className="ManagedCode.Communication.Tests.CollectionResults.CollectionResultFromMethodsTests" name="From_FuncReturningHashSet_ShouldCreateSuccessResult" />
    </UnitTest>
    <UnitTest name="ManagedCode.Communication.Tests.Commands.MemoryCacheCommandIdempotencyStoreTests.ExecuteIdempotentAsync_FirstExecution_ExecutesOperationAndStoresResult" storage="/users/ksemenenko/developer/communication/managedcode.communication.tests/bin/debug/net9.0/managedcode.communication.tests.dll" id="87fd6638-f969-be53-c22e-480a9a60d6be">
      <Execution id="64621e6a-4382-4581-85cc-98f20c055298" />
      <TestMethod codeBase="/Users/ksemenenko/Developer/Communication/ManagedCode.Communication.Tests/bin/Debug/net9.0/ManagedCode.Communication.Tests.dll" adapterTypeName="executor://xunit/VsTestRunner3/netcore/" className="ManagedCode.Communication.Tests.Commands.MemoryCacheCommandIdempotencyStoreTests" name="ExecuteIdempotentAsync_FirstExecution_ExecutesOperationAndStoresResult" />
    </UnitTest>
    <UnitTest name="ManagedCode.Communication.Tests.Results.ResultInvalidMethodsTests.Invalid_DifferentEnumTypes_ShouldWorkWithAnyEnum" storage="/users/ksemenenko/developer/communication/managedcode.communication.tests/bin/debug/net9.0/managedcode.communication.tests.dll" id="52834aef-4100-31c8-7821-69756a7a275b">
      <Execution id="08b02ca3-9594-4938-98df-1c07dd8ff329" />
      <TestMethod codeBase="/Users/ksemenenko/Developer/Communication/ManagedCode.Communication.Tests/bin/Debug/net9.0/ManagedCode.Communication.Tests.dll" adapterTypeName="executor://xunit/VsTestRunner3/netcore/" className="ManagedCode.Communication.Tests.Results.ResultInvalidMethodsTests" name="Invalid_DifferentEnumTypes_ShouldWorkWithAnyEnum" />
    </UnitTest>
    <UnitTest name="ManagedCode.Communication.Tests.Results.ProblemToExceptionErrorTests.ToException_PerformanceTest_ShouldNotTakeExcessiveTime" storage="/users/ksemenenko/developer/communication/managedcode.communication.tests/bin/debug/net9.0/managedcode.communication.tests.dll" id="63002f6f-0517-2c24-717b-d2c1e2e53077">
      <Execution id="3c445b1a-2203-4879-95c9-45393772ab4a" />
      <TestMethod codeBase="/Users/ksemenenko/Developer/Communication/ManagedCode.Communication.Tests/bin/Debug/net9.0/ManagedCode.Communication.Tests.dll" adapterTypeName="executor://xunit/VsTestRunner3/netcore/" className="ManagedCode.Communication.Tests.Results.ProblemToExceptionErrorTests" name="ToException_PerformanceTest_ShouldNotTakeExcessiveTime" />
    </UnitTest>
    <UnitTest name="ManagedCode.Communication.Tests.Results.ProblemToExceptionErrorTests.ToException_WithInnerException_ShouldPreserveInnerException" storage="/users/ksemenenko/developer/communication/managedcode.communication.tests/bin/debug/net9.0/managedcode.communication.tests.dll" id="0c334b17-b7c2-e42e-9924-9baf1b0e8e96">
      <Execution id="5537eff3-83c0-4593-9c05-473650e32488" />
      <TestMethod codeBase="/Users/ksemenenko/Developer/Communication/ManagedCode.Communication.Tests/bin/Debug/net9.0/ManagedCode.Communication.Tests.dll" adapterTypeName="executor://xunit/VsTestRunner3/netcore/" className="ManagedCode.Communication.Tests.Results.ProblemToExceptionErrorTests" name="ToException_WithInnerException_ShouldPreserveInnerException" />
    </UnitTest>
    <UnitTest name="ManagedCode.Communication.Tests.Results.ResultFailMethodsTests.Result_FailForbidden_WithDetail_ShouldCreateForbiddenResultWithCustomDetail" storage="/users/ksemenenko/developer/communication/managedcode.communication.tests/bin/debug/net9.0/managedcode.communication.tests.dll" id="249be2e9-9496-34f0-9c66-c56ec297a787">
      <Execution id="d2be8231-f769-4667-8920-7ef2580e36ec" />
      <TestMethod codeBase="/Users/ksemenenko/Developer/Communication/ManagedCode.Communication.Tests/bin/Debug/net9.0/ManagedCode.Communication.Tests.dll" adapterTypeName="executor://xunit/VsTestRunner3/netcore/" className="ManagedCode.Communication.Tests.Results.ResultFailMethodsTests" name="Result_FailForbidden_WithDetail_ShouldCreateForbiddenResultWithCustomDetail" />
    </UnitTest>
    <UnitTest name="ManagedCode.Communication.Tests.Results.ProblemExceptionTests.Constructor_WithBasicDetails_ShouldCreateProblemAndSetProperties" storage="/users/ksemenenko/developer/communication/managedcode.communication.tests/bin/debug/net9.0/managedcode.communication.tests.dll" id="7c24f30a-cdbb-9287-2f6f-be40b9f25947">
      <Execution id="31ec1c0d-54ac-456b-affe-efffc79a1705" />
      <TestMethod codeBase="/Users/ksemenenko/Developer/Communication/ManagedCode.Communication.Tests/bin/Debug/net9.0/ManagedCode.Communication.Tests.dll" adapterTypeName="executor://xunit/VsTestRunner3/netcore/" className="ManagedCode.Communication.Tests.Results.ProblemExceptionTests" name="Constructor_WithBasicDetails_ShouldCreateProblemAndSetProperties" />
    </UnitTest>
    <UnitTest name="ManagedCode.Communication.Tests.Results.ProblemToExceptionTests.ToException_WithInvalidOriginalType_ShouldFallbackToProblemException" storage="/users/ksemenenko/developer/communication/managedcode.communication.tests/bin/debug/net9.0/managedcode.communication.tests.dll" id="64aa7254-7fbd-79c2-756e-71858d6d30f7">
      <Execution id="5eaa4761-b8d7-4498-8c65-951493d15890" />
      <TestMethod codeBase="/Users/ksemenenko/Developer/Communication/ManagedCode.Communication.Tests/bin/Debug/net9.0/ManagedCode.Communication.Tests.dll" adapterTypeName="executor://xunit/VsTestRunner3/netcore/" className="ManagedCode.Communication.Tests.Results.ProblemToExceptionTests" name="ToException_WithInvalidOriginalType_ShouldFallbackToProblemException" />
    </UnitTest>
    <UnitTest name="ManagedCode.Communication.Tests.Extensions.ResultConversionExtensionsTests.AsResult_ExceptionCanBeUsedInRailwayChain" storage="/users/ksemenenko/developer/communication/managedcode.communication.tests/bin/debug/net9.0/managedcode.communication.tests.dll" id="a07351d2-1bc5-ccaf-4731-3787d4a2a4e5">
      <Execution id="42b252c0-6457-4682-8be2-b8cd66574ed5" />
      <TestMethod codeBase="/Users/ksemenenko/Developer/Communication/ManagedCode.Communication.Tests/bin/Debug/net9.0/ManagedCode.Communication.Tests.dll" adapterTypeName="executor://xunit/VsTestRunner3/netcore/" className="ManagedCode.Communication.Tests.Extensions.ResultConversionExtensionsTests" name="AsResult_ExceptionCanBeUsedInRailwayChain" />
    </UnitTest>
    <UnitTest name="ManagedCode.Communication.Tests.Extensions.RailwayExtensionsTests.Match_SideEffects_SuccessfulResult_CallsSuccessAction" storage="/users/ksemenenko/developer/communication/managedcode.communication.tests/bin/debug/net9.0/managedcode.communication.tests.dll" id="16de12fb-db88-1b2b-4771-6a26db8c7eef">
      <Execution id="99edfc32-3a05-4a81-aae4-344cf79234dd" />
      <TestMethod codeBase="/Users/ksemenenko/Developer/Communication/ManagedCode.Communication.Tests/bin/Debug/net9.0/ManagedCode.Communication.Tests.dll" adapterTypeName="executor://xunit/VsTestRunner3/netcore/" className="ManagedCode.Communication.Tests.Extensions.RailwayExtensionsTests" name="Match_SideEffects_SuccessfulResult_CallsSuccessAction" />
    </UnitTest>
    <UnitTest name="ManagedCode.Communication.Tests.Results.ProblemToExceptionTests.ToException_WithCustomExceptionType_ShouldHandleGracefully" storage="/users/ksemenenko/developer/communication/managedcode.communication.tests/bin/debug/net9.0/managedcode.communication.tests.dll" id="e3bab16b-3c59-832e-1834-a442985b41e2">
      <Execution id="87e422e1-3079-44f0-9cec-e9342a9e326b" />
      <TestMethod codeBase="/Users/ksemenenko/Developer/Communication/ManagedCode.Communication.Tests/bin/Debug/net9.0/ManagedCode.Communication.Tests.dll" adapterTypeName="executor://xunit/VsTestRunner3/netcore/" className="ManagedCode.Communication.Tests.Results.ProblemToExceptionTests" name="ToException_WithCustomExceptionType_ShouldHandleGracefully" />
    </UnitTest>
    <UnitTest name="ManagedCode.Communication.Tests.Extensions.RailwayExtensionsTests.Bind_ResultTToResult_SuccessfulChain" storage="/users/ksemenenko/developer/communication/managedcode.communication.tests/bin/debug/net9.0/managedcode.communication.tests.dll" id="efdeb973-f796-3bbb-78f9-ef2fef0bb698">
      <Execution id="689b03aa-b148-4032-9a7c-b149dcfbaaf1" />
      <TestMethod codeBase="/Users/ksemenenko/Developer/Communication/ManagedCode.Communication.Tests/bin/Debug/net9.0/ManagedCode.Communication.Tests.dll" adapterTypeName="executor://xunit/VsTestRunner3/netcore/" className="ManagedCode.Communication.Tests.Extensions.RailwayExtensionsTests" name="Bind_ResultTToResult_SuccessfulChain" />
    </UnitTest>
    <UnitTest name="ManagedCode.Communication.Tests.Extensions.AdvancedRailwayExtensionsTests.Where_WithNonMatchingPredicate_ReturnsFailure" storage="/users/ksemenenko/developer/communication/managedcode.communication.tests/bin/debug/net9.0/managedcode.communication.tests.dll" id="9f77d37b-5939-25ba-159c-c8d9e89e3cd4">
      <Execution id="b298e118-b697-40a4-b9a6-9bef5ffe6f2d" />
      <TestMethod codeBase="/Users/ksemenenko/Developer/Communication/ManagedCode.Communication.Tests/bin/Debug/net9.0/ManagedCode.Communication.Tests.dll" adapterTypeName="executor://xunit/VsTestRunner3/netcore/" className="ManagedCode.Communication.Tests.Extensions.AdvancedRailwayExtensionsTests" name="Where_WithNonMatchingPredicate_ReturnsFailure" />
    </UnitTest>
    <UnitTest name="ManagedCode.Communication.Tests.Serialization.ProblemJsonConverterTests.Deserialize_ProblemWithErrorCode_RestoresErrorCode" storage="/users/ksemenenko/developer/communication/managedcode.communication.tests/bin/debug/net9.0/managedcode.communication.tests.dll" id="c87e7c49-a9bb-bbb6-248d-9575e1eed4b4">
      <Execution id="3dfedee9-c502-4f3b-9c1c-f6c463e33445" />
      <TestMethod codeBase="/Users/ksemenenko/Developer/Communication/ManagedCode.Communication.Tests/bin/Debug/net9.0/ManagedCode.Communication.Tests.dll" adapterTypeName="executor://xunit/VsTestRunner3/netcore/" className="ManagedCode.Communication.Tests.Serialization.ProblemJsonConverterTests" name="Deserialize_ProblemWithErrorCode_RestoresErrorCode" />
    </UnitTest>
    <UnitTest name="ManagedCode.Communication.Tests.Results.ResultInvalidMethodsTests.Result_InvalidT_WithEnum_ShouldCreateValidationResultWithErrorCode" storage="/users/ksemenenko/developer/communication/managedcode.communication.tests/bin/debug/net9.0/managedcode.communication.tests.dll" id="fad8656f-3a30-7eb3-0345-621f29855f5d">
      <Execution id="91c12d71-8ade-4c77-a6c7-51973c83ec15" />
      <TestMethod codeBase="/Users/ksemenenko/Developer/Communication/ManagedCode.Communication.Tests/bin/Debug/net9.0/ManagedCode.Communication.Tests.dll" adapterTypeName="executor://xunit/VsTestRunner3/netcore/" className="ManagedCode.Communication.Tests.Results.ResultInvalidMethodsTests" name="Result_InvalidT_WithEnum_ShouldCreateValidationResultWithErrorCode" />
    </UnitTest>
    <UnitTest name="ManagedCode.Communication.Tests.Results.ResultValueExecutionExtensionsTests.From_TaskReturningResult_Throws_ReturnsFailure" storage="/users/ksemenenko/developer/communication/managedcode.communication.tests/bin/debug/net9.0/managedcode.communication.tests.dll" id="45332e67-fc3c-03a4-459d-d3d419f7836e">
      <Execution id="93a20b14-a348-4d7d-bcd8-26283571230e" />
      <TestMethod codeBase="/Users/ksemenenko/Developer/Communication/ManagedCode.Communication.Tests/bin/Debug/net9.0/ManagedCode.Communication.Tests.dll" adapterTypeName="executor://xunit/VsTestRunner3/netcore/" className="ManagedCode.Communication.Tests.Results.ResultValueExecutionExtensionsTests" name="From_TaskReturningResult_Throws_ReturnsFailure" />
    </UnitTest>
    <UnitTest name="ManagedCode.Communication.Tests.Extensions.HttpResponseExtensionTests.FromRequestToResult_VariousErrorCodes_ReturnsFailedResult(statusCode: BadRequest)" storage="/users/ksemenenko/developer/communication/managedcode.communication.tests/bin/debug/net9.0/managedcode.communication.tests.dll" id="e57c6dc4-6a4c-181d-59f0-b2ffb8252047">
      <Execution id="8f55e527-a4e6-4165-a333-0be47980fefb" />
      <TestMethod codeBase="/Users/ksemenenko/Developer/Communication/ManagedCode.Communication.Tests/bin/Debug/net9.0/ManagedCode.Communication.Tests.dll" adapterTypeName="executor://xunit/VsTestRunner3/netcore/" className="ManagedCode.Communication.Tests.Extensions.HttpResponseExtensionTests" name="FromRequestToResult_VariousErrorCodes_ReturnsFailedResult" />
    </UnitTest>
    <UnitTest name="ManagedCode.Communication.Tests.Results.ResultTTests.Tap_WithSuccessfulResult_ShouldExecuteAction" storage="/users/ksemenenko/developer/communication/managedcode.communication.tests/bin/debug/net9.0/managedcode.communication.tests.dll" id="9bc3a0c5-2fcf-8c19-b3cf-1cf301730bb6">
      <Execution id="5c8c02cd-00fb-4228-8e0f-001268f63ec6" />
      <TestMethod codeBase="/Users/ksemenenko/Developer/Communication/ManagedCode.Communication.Tests/bin/Debug/net9.0/ManagedCode.Communication.Tests.dll" adapterTypeName="executor://xunit/VsTestRunner3/netcore/" className="ManagedCode.Communication.Tests.Results.ResultTTests" name="Tap_WithSuccessfulResult_ShouldExecuteAction" />
    </UnitTest>
    <UnitTest name="ManagedCode.Communication.Tests.Results.ProblemExceptionTests.FromProblem_ShouldCreateProblemException" storage="/users/ksemenenko/developer/communication/managedcode.communication.tests/bin/debug/net9.0/managedcode.communication.tests.dll" id="9a6a7a50-e76a-4ed6-f132-a9079fc9826f">
      <Execution id="b34e5f9f-d5d3-48c7-a48e-6233ecb5e213" />
      <TestMethod codeBase="/Users/ksemenenko/Developer/Communication/ManagedCode.Communication.Tests/bin/Debug/net9.0/ManagedCode.Communication.Tests.dll" adapterTypeName="executor://xunit/VsTestRunner3/netcore/" className="ManagedCode.Communication.Tests.Results.ProblemExceptionTests" name="FromProblem_ShouldCreateProblemException" />
    </UnitTest>
    <UnitTest name="ManagedCode.Communication.Tests.Results.RailwayOrientedProgrammingTests.Try_WithFailingOperation_ShouldReturnFailure" storage="/users/ksemenenko/developer/communication/managedcode.communication.tests/bin/debug/net9.0/managedcode.communication.tests.dll" id="f207e829-2666-5e0b-dea1-e7486da2e6a1">
      <Execution id="5cedc240-9d97-4140-9bab-6af1ef8b9701" />
      <TestMethod codeBase="/Users/ksemenenko/Developer/Communication/ManagedCode.Communication.Tests/bin/Debug/net9.0/ManagedCode.Communication.Tests.dll" adapterTypeName="executor://xunit/VsTestRunner3/netcore/" className="ManagedCode.Communication.Tests.Results.RailwayOrientedProgrammingTests" name="Try_WithFailingOperation_ShouldReturnFailure" />
    </UnitTest>
    <UnitTest name="ManagedCode.Communication.Tests.Extensions.HttpResponseExtensionTests.FromRequestToResult_VariousSuccessCodes_ReturnsSuccessResult(statusCode: Accepted)" storage="/users/ksemenenko/developer/communication/managedcode.communication.tests/bin/debug/net9.0/managedcode.communication.tests.dll" id="c85baa65-9c4c-9bde-b9a8-21453265b599">
      <Execution id="44af90fa-7356-4f36-905d-e90cd4cb2bba" />
      <TestMethod codeBase="/Users/ksemenenko/Developer/Communication/ManagedCode.Communication.Tests/bin/Debug/net9.0/ManagedCode.Communication.Tests.dll" adapterTypeName="executor://xunit/VsTestRunner3/netcore/" className="ManagedCode.Communication.Tests.Extensions.HttpResponseExtensionTests" name="FromRequestToResult_VariousSuccessCodes_ReturnsSuccessResult" />
    </UnitTest>
    <UnitTest name="ManagedCode.Communication.Tests.Results.ResultInvalidMethodsTests.Invalid_WithDuplicateKeysInDictionary_ShouldOverwritePreviousValue" storage="/users/ksemenenko/developer/communication/managedcode.communication.tests/bin/debug/net9.0/managedcode.communication.tests.dll" id="278a89d0-8f21-1d66-b7b0-77ed01c69463">
      <Execution id="2def9227-919f-4521-8676-bec5f1c0613a" />
      <TestMethod codeBase="/Users/ksemenenko/Developer/Communication/ManagedCode.Communication.Tests/bin/Debug/net9.0/ManagedCode.Communication.Tests.dll" adapterTypeName="executor://xunit/VsTestRunner3/netcore/" className="ManagedCode.Communication.Tests.Results.ResultInvalidMethodsTests" name="Invalid_WithDuplicateKeysInDictionary_ShouldOverwritePreviousValue" />
    </UnitTest>
    <UnitTest name="ManagedCode.Communication.Tests.CollectionResults.CollectionResultFromMethodsTests.From_FuncValueTaskThrowingException_ShouldReturnFailedResult" storage="/users/ksemenenko/developer/communication/managedcode.communication.tests/bin/debug/net9.0/managedcode.communication.tests.dll" id="c9b0bf8f-b32e-afc0-1ba5-d7dd67234a1b">
      <Execution id="f4d303fd-f3e3-4b15-be30-a5e0bf79df51" />
      <TestMethod codeBase="/Users/ksemenenko/Developer/Communication/ManagedCode.Communication.Tests/bin/Debug/net9.0/ManagedCode.Communication.Tests.dll" adapterTypeName="executor://xunit/VsTestRunner3/netcore/" className="ManagedCode.Communication.Tests.CollectionResults.CollectionResultFromMethodsTests" name="From_FuncValueTaskThrowingException_ShouldReturnFailedResult" />
    </UnitTest>
    <UnitTest name="ManagedCode.Communication.Tests.OrleansTests.GrainClientTests.IntResult" storage="/users/ksemenenko/developer/communication/managedcode.communication.tests/bin/debug/net9.0/managedcode.communication.tests.dll" id="ea1ac2dd-01bc-e3fc-f016-90eb60861333">
      <Execution id="4e459285-1429-4f5c-8e75-818665888376" />
      <TestMethod codeBase="/Users/ksemenenko/Developer/Communication/ManagedCode.Communication.Tests/bin/Debug/net9.0/ManagedCode.Communication.Tests.dll" adapterTypeName="executor://xunit/VsTestRunner3/netcore/" className="ManagedCode.Communication.Tests.OrleansTests.GrainClientTests" name="IntResult" />
    </UnitTest>
    <UnitTest name="ManagedCode.Communication.Tests.Extensions.AdvancedRailwayExtensionsTests.ThenAsync_WithSuccessfulResult_ExecutesNext" storage="/users/ksemenenko/developer/communication/managedcode.communication.tests/bin/debug/net9.0/managedcode.communication.tests.dll" id="3bc1d4f1-f3cc-ed17-9443-3eb25acde6f0">
      <Execution id="a64e47ce-a02f-473b-b020-4ecfd5dc458e" />
      <TestMethod codeBase="/Users/ksemenenko/Developer/Communication/ManagedCode.Communication.Tests/bin/Debug/net9.0/ManagedCode.Communication.Tests.dll" adapterTypeName="executor://xunit/VsTestRunner3/netcore/" className="ManagedCode.Communication.Tests.Extensions.AdvancedRailwayExtensionsTests" name="ThenAsync_WithSuccessfulResult_ExecutesNext" />
    </UnitTest>
    <UnitTest name="ManagedCode.Communication.Tests.Results.ResultValueExecutionExtensionsTests.ToResult_FromSuccessfulGenericResult_ReturnsSuccess" storage="/users/ksemenenko/developer/communication/managedcode.communication.tests/bin/debug/net9.0/managedcode.communication.tests.dll" id="209bbe6a-3950-779a-1771-ebf632291f50">
      <Execution id="4863d8ff-2585-463f-88fb-5139f1898c24" />
      <TestMethod codeBase="/Users/ksemenenko/Developer/Communication/ManagedCode.Communication.Tests/bin/Debug/net9.0/ManagedCode.Communication.Tests.dll" adapterTypeName="executor://xunit/VsTestRunner3/netcore/" className="ManagedCode.Communication.Tests.Results.ResultValueExecutionExtensionsTests" name="ToResult_FromSuccessfulGenericResult_ReturnsSuccess" />
    </UnitTest>
    <UnitTest name="ManagedCode.Communication.Tests.CollectionResults.CollectionResultFailMethodsTests.Fail_WithEnum_ShouldCreateFailedResultWithErrorCode" storage="/users/ksemenenko/developer/communication/managedcode.communication.tests/bin/debug/net9.0/managedcode.communication.tests.dll" id="a6f92938-3cd6-0259-0038-c96207263ec9">
      <Execution id="cd9b7d49-2baf-4384-8d2e-dfedb26ceb0e" />
      <TestMethod codeBase="/Users/ksemenenko/Developer/Communication/ManagedCode.Communication.Tests/bin/Debug/net9.0/ManagedCode.Communication.Tests.dll" adapterTypeName="executor://xunit/VsTestRunner3/netcore/" className="ManagedCode.Communication.Tests.CollectionResults.CollectionResultFailMethodsTests" name="Fail_WithEnum_ShouldCreateFailedResultWithErrorCode" />
    </UnitTest>
    <UnitTest name="ManagedCode.Communication.Tests.AspNetCore.Helpers.HttpStatusCodeHelperTests.GetStatusCodeForException_AspNetSpecificExceptions_ReturnsCorrectStatusCode(exceptionType: typeof(Microsoft.AspNetCore.Antiforgery.AntiforgeryValidationException), expectedStatusCode: BadRequest)" storage="/users/ksemenenko/developer/communication/managedcode.communication.tests/bin/debug/net9.0/managedcode.communication.tests.dll" id="42cee166-5de1-f2df-20aa-bc60763e8f79">
      <Execution id="ad24af4d-edbf-41b1-87ed-5c7ebb9b4ded" />
      <TestMethod codeBase="/Users/ksemenenko/Developer/Communication/ManagedCode.Communication.Tests/bin/Debug/net9.0/ManagedCode.Communication.Tests.dll" adapterTypeName="executor://xunit/VsTestRunner3/netcore/" className="ManagedCode.Communication.Tests.AspNetCore.Helpers.HttpStatusCodeHelperTests" name="GetStatusCodeForException_AspNetSpecificExceptions_ReturnsCorrectStatusCode" />
    </UnitTest>
    <UnitTest name="ManagedCode.Communication.Tests.Results.ResultInvalidMethodsTests.Result_InvalidT_WithEnumAndMessage_ShouldCreateValidationResultWithBoth" storage="/users/ksemenenko/developer/communication/managedcode.communication.tests/bin/debug/net9.0/managedcode.communication.tests.dll" id="02db334a-6c5c-72ac-09b6-78c16163fb60">
      <Execution id="c8f097ee-6eb0-41bb-a8dc-76ebb32feeb9" />
      <TestMethod codeBase="/Users/ksemenenko/Developer/Communication/ManagedCode.Communication.Tests/bin/Debug/net9.0/ManagedCode.Communication.Tests.dll" adapterTypeName="executor://xunit/VsTestRunner3/netcore/" className="ManagedCode.Communication.Tests.Results.ResultInvalidMethodsTests" name="Result_InvalidT_WithEnumAndMessage_ShouldCreateValidationResultWithBoth" />
    </UnitTest>
    <UnitTest name="ManagedCode.Communication.Tests.Results.ProblemCreationExtensionsTests.ToProblem_FromEnum_WithDefaultParameters_ShouldCreateProblem" storage="/users/ksemenenko/developer/communication/managedcode.communication.tests/bin/debug/net9.0/managedcode.communication.tests.dll" id="61d001b5-5efe-ed15-672d-6cba81d74c34">
      <Execution id="882d9fea-cc31-4258-ab4f-010bbd15a1ac" />
      <TestMethod codeBase="/Users/ksemenenko/Developer/Communication/ManagedCode.Communication.Tests/bin/Debug/net9.0/ManagedCode.Communication.Tests.dll" adapterTypeName="executor://xunit/VsTestRunner3/netcore/" className="ManagedCode.Communication.Tests.Results.ProblemCreationExtensionsTests" name="ToProblem_FromEnum_WithDefaultParameters_ShouldCreateProblem" />
    </UnitTest>
    <UnitTest name="ManagedCode.Communication.Tests.CollectionResults.CollectionResultFailMethodsTests.Fail_WithEnumAndStatus_ShouldCreateFailedResultWithErrorCodeAndStatus" storage="/users/ksemenenko/developer/communication/managedcode.communication.tests/bin/debug/net9.0/managedcode.communication.tests.dll" id="30c64cc6-6335-ca51-cb54-04f89cee0ed9">
      <Execution id="8176817a-b953-40e4-a816-f1253e955297" />
      <TestMethod codeBase="/Users/ksemenenko/Developer/Communication/ManagedCode.Communication.Tests/bin/Debug/net9.0/ManagedCode.Communication.Tests.dll" adapterTypeName="executor://xunit/VsTestRunner3/netcore/" className="ManagedCode.Communication.Tests.CollectionResults.CollectionResultFailMethodsTests" name="Fail_WithEnumAndStatus_ShouldCreateFailedResultWithErrorCodeAndStatus" />
    </UnitTest>
    <UnitTest name="ManagedCode.Communication.Tests.Commands.MemoryCacheCommandIdempotencyStoreTests.GetAndSetStatusAsync_ReturnsCurrentStatusAndSetsNew" storage="/users/ksemenenko/developer/communication/managedcode.communication.tests/bin/debug/net9.0/managedcode.communication.tests.dll" id="c4ea1132-e93e-43d4-a3fc-a3dee3691596">
      <Execution id="6d22634f-48d2-4ab1-9f3a-a7883d5bf63d" />
      <TestMethod codeBase="/Users/ksemenenko/Developer/Communication/ManagedCode.Communication.Tests/bin/Debug/net9.0/ManagedCode.Communication.Tests.dll" adapterTypeName="executor://xunit/VsTestRunner3/netcore/" className="ManagedCode.Communication.Tests.Commands.MemoryCacheCommandIdempotencyStoreTests" name="GetAndSetStatusAsync_ReturnsCurrentStatusAndSetsNew" />
    </UnitTest>
    <UnitTest name="ManagedCode.Communication.Tests.CollectionResults.CollectionResultFailMethodsTests.Fail_ChainedOperations_ShouldMaintainFailureState" storage="/users/ksemenenko/developer/communication/managedcode.communication.tests/bin/debug/net9.0/managedcode.communication.tests.dll" id="5daf60bc-d3db-b08c-c8ea-5261b3f91cd1">
      <Execution id="fac1542b-85bc-4ed7-8e16-9eac65a6375a" />
      <TestMethod codeBase="/Users/ksemenenko/Developer/Communication/ManagedCode.Communication.Tests/bin/Debug/net9.0/ManagedCode.Communication.Tests.dll" adapterTypeName="executor://xunit/VsTestRunner3/netcore/" className="ManagedCode.Communication.Tests.CollectionResults.CollectionResultFailMethodsTests" name="Fail_ChainedOperations_ShouldMaintainFailureState" />
    </UnitTest>
    <UnitTest name="ManagedCode.Communication.Tests.Results.ResultTTests.ImplicitOperator_FromProblem_ShouldCreateFailedResult" storage="/users/ksemenenko/developer/communication/managedcode.communication.tests/bin/debug/net9.0/managedcode.communication.tests.dll" id="cd465a48-4f16-0fe6-3ad4-0670fd7de72e">
      <Execution id="8d02222c-ca18-4801-9cc4-fb9956e9f242" />
      <TestMethod codeBase="/Users/ksemenenko/Developer/Communication/ManagedCode.Communication.Tests/bin/Debug/net9.0/ManagedCode.Communication.Tests.dll" adapterTypeName="executor://xunit/VsTestRunner3/netcore/" className="ManagedCode.Communication.Tests.Results.ResultTTests" name="ImplicitOperator_FromProblem_ShouldCreateFailedResult" />
    </UnitTest>
    <UnitTest name="ManagedCode.Communication.Tests.Commands.MemoryCacheCommandIdempotencyStoreTests.GetMultipleResultsAsync_ReturnsResultsForMultipleCommands" storage="/users/ksemenenko/developer/communication/managedcode.communication.tests/bin/debug/net9.0/managedcode.communication.tests.dll" id="98850bf1-e160-2acd-8a57-566bba37b11b">
      <Execution id="6fd16900-5e8a-4835-9ae3-d93c0c2dd106" />
      <TestMethod codeBase="/Users/ksemenenko/Developer/Communication/ManagedCode.Communication.Tests/bin/Debug/net9.0/ManagedCode.Communication.Tests.dll" adapterTypeName="executor://xunit/VsTestRunner3/netcore/" className="ManagedCode.Communication.Tests.Commands.MemoryCacheCommandIdempotencyStoreTests" name="GetMultipleResultsAsync_ReturnsResultsForMultipleCommands" />
    </UnitTest>
    <UnitTest name="ManagedCode.Communication.Tests.Extensions.AdvancedRailwayExtensionsTests.Compensate_WithFailure_ExecutesRecovery" storage="/users/ksemenenko/developer/communication/managedcode.communication.tests/bin/debug/net9.0/managedcode.communication.tests.dll" id="c32c7fae-3b6b-0f87-7334-0ef6b44c9d25">
      <Execution id="2b1f0aef-8c1b-4f74-9031-9c7085175c23" />
      <TestMethod codeBase="/Users/ksemenenko/Developer/Communication/ManagedCode.Communication.Tests/bin/Debug/net9.0/ManagedCode.Communication.Tests.dll" adapterTypeName="executor://xunit/VsTestRunner3/netcore/" className="ManagedCode.Communication.Tests.Extensions.AdvancedRailwayExtensionsTests" name="Compensate_WithFailure_ExecutesRecovery" />
    </UnitTest>
    <UnitTest name="ManagedCode.Communication.Tests.Extensions.HttpResponseExtensionTests.FromRequestToResult_ErrorStatusCode_ReturnsFailedResult" storage="/users/ksemenenko/developer/communication/managedcode.communication.tests/bin/debug/net9.0/managedcode.communication.tests.dll" id="4b7c578e-2c8b-fbf4-edf0-1e833a94cb00">
      <Execution id="53441ea8-467d-4ca0-81d1-bb258b72a766" />
      <TestMethod codeBase="/Users/ksemenenko/Developer/Communication/ManagedCode.Communication.Tests/bin/Debug/net9.0/ManagedCode.Communication.Tests.dll" adapterTypeName="executor://xunit/VsTestRunner3/netcore/" className="ManagedCode.Communication.Tests.Extensions.HttpResponseExtensionTests" name="FromRequestToResult_ErrorStatusCode_ReturnsFailedResult" />
    </UnitTest>
    <UnitTest name="ManagedCode.Communication.Tests.Results.ResultHelperMethodsTests.Result_TryAsync_WithException_ShouldReturnFailure" storage="/users/ksemenenko/developer/communication/managedcode.communication.tests/bin/debug/net9.0/managedcode.communication.tests.dll" id="820cc941-cded-40f7-68fc-769610bce971">
      <Execution id="d6d704a1-25ae-4a51-8406-a692866dd134" />
      <TestMethod codeBase="/Users/ksemenenko/Developer/Communication/ManagedCode.Communication.Tests/bin/Debug/net9.0/ManagedCode.Communication.Tests.dll" adapterTypeName="executor://xunit/VsTestRunner3/netcore/" className="ManagedCode.Communication.Tests.Results.ResultHelperMethodsTests" name="Result_TryAsync_WithException_ShouldReturnFailure" />
    </UnitTest>
    <UnitTest name="ManagedCode.Communication.Tests.AspNetCore.Extensions.CommunicationServiceCollectionExtensionsTests.AddCommunicationAspNetCore_RegistersHostedService" storage="/users/ksemenenko/developer/communication/managedcode.communication.tests/bin/debug/net9.0/managedcode.communication.tests.dll" id="2dbb1c6f-9d39-0279-091a-eaa8eea7d7ad">
      <Execution id="9578cf90-022f-4ec1-933c-10dce237aa0e" />
      <TestMethod codeBase="/Users/ksemenenko/Developer/Communication/ManagedCode.Communication.Tests/bin/Debug/net9.0/ManagedCode.Communication.Tests.dll" adapterTypeName="executor://xunit/VsTestRunner3/netcore/" className="ManagedCode.Communication.Tests.AspNetCore.Extensions.CommunicationServiceCollectionExtensionsTests" name="AddCommunicationAspNetCore_RegistersHostedService" />
    </UnitTest>
    <UnitTest name="ManagedCode.Communication.Tests.Results.ResultTTests.Map_WithSuccessfulResult_ShouldTransformValue" storage="/users/ksemenenko/developer/communication/managedcode.communication.tests/bin/debug/net9.0/managedcode.communication.tests.dll" id="1a7b4271-e223-c8c6-e4e2-6edd35950571">
      <Execution id="2edf5f28-177a-41d2-bf5c-95229913ca93" />
      <TestMethod codeBase="/Users/ksemenenko/Developer/Communication/ManagedCode.Communication.Tests/bin/Debug/net9.0/ManagedCode.Communication.Tests.dll" adapterTypeName="executor://xunit/VsTestRunner3/netcore/" className="ManagedCode.Communication.Tests.Results.ResultTTests" name="Map_WithSuccessfulResult_ShouldTransformValue" />
    </UnitTest>
    <UnitTest name="ManagedCode.Communication.Tests.Results.ProblemToExceptionTests.ToException_PreservesAllExceptionData" storage="/users/ksemenenko/developer/communication/managedcode.communication.tests/bin/debug/net9.0/managedcode.communication.tests.dll" id="8f22ce6f-4ac8-d4fe-e6d7-e45c0c472207">
      <Execution id="fa0cd7e3-0f5b-43c4-b6b2-bb8b193b57bd" />
      <TestMethod codeBase="/Users/ksemenenko/Developer/Communication/ManagedCode.Communication.Tests/bin/Debug/net9.0/ManagedCode.Communication.Tests.dll" adapterTypeName="executor://xunit/VsTestRunner3/netcore/" className="ManagedCode.Communication.Tests.Results.ProblemToExceptionTests" name="ToException_PreservesAllExceptionData" />
    </UnitTest>
    <UnitTest name="ManagedCode.Communication.Tests.Results.ResultFailMethodsTests.Result_FailValidation_WithSingleError_ShouldCreateValidationFailedResult" storage="/users/ksemenenko/developer/communication/managedcode.communication.tests/bin/debug/net9.0/managedcode.communication.tests.dll" id="a1d0a451-dd40-52d3-2e4e-86926b2f8d79">
      <Execution id="eb7c777a-1bf3-4342-82a1-2b79f59c455d" />
      <TestMethod codeBase="/Users/ksemenenko/Developer/Communication/ManagedCode.Communication.Tests/bin/Debug/net9.0/ManagedCode.Communication.Tests.dll" adapterTypeName="executor://xunit/VsTestRunner3/netcore/" className="ManagedCode.Communication.Tests.Results.ResultFailMethodsTests" name="Result_FailValidation_WithSingleError_ShouldCreateValidationFailedResult" />
    </UnitTest>
    <UnitTest name="ManagedCode.Communication.Tests.Results.CollectionResultInvalidMethodsTests.CollectionResult_Invalid_WithEnum_ShouldCreateValidationResultWithErrorCode" storage="/users/ksemenenko/developer/communication/managedcode.communication.tests/bin/debug/net9.0/managedcode.communication.tests.dll" id="62e72051-f8d9-ba3b-e2f1-4642ab39c81a">
      <Execution id="da3c2d22-fe63-462e-af23-3598d85a01ab" />
      <TestMethod codeBase="/Users/ksemenenko/Developer/Communication/ManagedCode.Communication.Tests/bin/Debug/net9.0/ManagedCode.Communication.Tests.dll" adapterTypeName="executor://xunit/VsTestRunner3/netcore/" className="ManagedCode.Communication.Tests.Results.CollectionResultInvalidMethodsTests" name="CollectionResult_Invalid_WithEnum_ShouldCreateValidationResultWithErrorCode" />
    </UnitTest>
    <UnitTest name="ManagedCode.Communication.Tests.ResultExtensionsTests.ChainedOperations_ShouldShortCircuitOnFailure" storage="/users/ksemenenko/developer/communication/managedcode.communication.tests/bin/debug/net9.0/managedcode.communication.tests.dll" id="9519802d-7595-b802-9b1d-28efaa0530ce">
      <Execution id="2ddf69db-861f-4e23-b6b4-bb79ca7ca2e1" />
      <TestMethod codeBase="/Users/ksemenenko/Developer/Communication/ManagedCode.Communication.Tests/bin/Debug/net9.0/ManagedCode.Communication.Tests.dll" adapterTypeName="executor://xunit/VsTestRunner3/netcore/" className="ManagedCode.Communication.Tests.ResultExtensionsTests" name="ChainedOperations_ShouldShortCircuitOnFailure" />
    </UnitTest>
    <UnitTest name="ManagedCode.Communication.Tests.ResultExtensionsTests.Match_WithResultT_ShouldReturnCorrectBranch" storage="/users/ksemenenko/developer/communication/managedcode.communication.tests/bin/debug/net9.0/managedcode.communication.tests.dll" id="db5d73e5-bd72-c41e-a69a-e342f27be70b">
      <Execution id="6013dee8-ad42-44c2-b731-fd826af59ce8" />
      <TestMethod codeBase="/Users/ksemenenko/Developer/Communication/ManagedCode.Communication.Tests/bin/Debug/net9.0/ManagedCode.Communication.Tests.dll" adapterTypeName="executor://xunit/VsTestRunner3/netcore/" className="ManagedCode.Communication.Tests.ResultExtensionsTests" name="Match_WithResultT_ShouldReturnCorrectBranch" />
    </UnitTest>
    <UnitTest name="ManagedCode.Communication.Tests.Commands.CommandIdempotencyTests.ServiceCollectionExtensions_AddCommandIdempotency_WithInstance_RegistersInstance" storage="/users/ksemenenko/developer/communication/managedcode.communication.tests/bin/debug/net9.0/managedcode.communication.tests.dll" id="07a17f18-4a8c-f905-a8cf-2b3d89a0650c">
      <Execution id="32d84480-f19d-4b01-996c-ee198ea245d0" />
      <TestMethod codeBase="/Users/ksemenenko/Developer/Communication/ManagedCode.Communication.Tests/bin/Debug/net9.0/ManagedCode.Communication.Tests.dll" adapterTypeName="executor://xunit/VsTestRunner3/netcore/" className="ManagedCode.Communication.Tests.Commands.CommandIdempotencyTests" name="ServiceCollectionExtensions_AddCommandIdempotency_WithInstance_RegistersInstance" />
    </UnitTest>
    <UnitTest name="ManagedCode.Communication.Tests.Serialization.SerializationTests.CollectionResult_Failed_ShouldSerializeAndDeserialize" storage="/users/ksemenenko/developer/communication/managedcode.communication.tests/bin/debug/net9.0/managedcode.communication.tests.dll" id="dad72413-ce66-f7c6-62da-d1fb0f77778d">
      <Execution id="88da09de-b23f-418a-b77b-817c7aecdcf0" />
      <TestMethod codeBase="/Users/ksemenenko/Developer/Communication/ManagedCode.Communication.Tests/bin/Debug/net9.0/ManagedCode.Communication.Tests.dll" adapterTypeName="executor://xunit/VsTestRunner3/netcore/" className="ManagedCode.Communication.Tests.Serialization.SerializationTests" name="CollectionResult_Failed_ShouldSerializeAndDeserialize" />
    </UnitTest>
    <UnitTest name="ManagedCode.Communication.Tests.Results.ProblemTests.Constructor_WithParameters_ShouldSetProperties" storage="/users/ksemenenko/developer/communication/managedcode.communication.tests/bin/debug/net9.0/managedcode.communication.tests.dll" id="89f1e695-1be3-dd88-4f12-d20091883b21">
      <Execution id="272cc185-20dc-4ee6-bfe4-92aae1553f88" />
      <TestMethod codeBase="/Users/ksemenenko/Developer/Communication/ManagedCode.Communication.Tests/bin/Debug/net9.0/ManagedCode.Communication.Tests.dll" adapterTypeName="executor://xunit/VsTestRunner3/netcore/" className="ManagedCode.Communication.Tests.Results.ProblemTests" name="Constructor_WithParameters_ShouldSetProperties" />
    </UnitTest>
    <UnitTest name="ManagedCode.Communication.Tests.Extensions.RailwayExtensionsTests.Else_SuccessfulResult_ReturnsOriginalResult" storage="/users/ksemenenko/developer/communication/managedcode.communication.tests/bin/debug/net9.0/managedcode.communication.tests.dll" id="c1925661-95a2-08f0-c829-c8d0641fbb32">
      <Execution id="bf714083-1bac-4a0b-805c-f83ecdaa09ba" />
      <TestMethod codeBase="/Users/ksemenenko/Developer/Communication/ManagedCode.Communication.Tests/bin/Debug/net9.0/ManagedCode.Communication.Tests.dll" adapterTypeName="executor://xunit/VsTestRunner3/netcore/" className="ManagedCode.Communication.Tests.Extensions.RailwayExtensionsTests" name="Else_SuccessfulResult_ReturnsOriginalResult" />
    </UnitTest>
    <UnitTest name="ManagedCode.Communication.Tests.Results.ResultFailMethodsTests.Result_Fail_WithVariousStatusCodes_ShouldSetCorrectStatusCode(statusCode: InternalServerError, expectedCode: 500)" storage="/users/ksemenenko/developer/communication/managedcode.communication.tests/bin/debug/net9.0/managedcode.communication.tests.dll" id="27b117ff-b7dd-57b4-7de5-67615daa035c">
      <Execution id="47812579-c2ba-4b4e-a79b-19b1019fe3ae" />
      <TestMethod codeBase="/Users/ksemenenko/Developer/Communication/ManagedCode.Communication.Tests/bin/Debug/net9.0/ManagedCode.Communication.Tests.dll" adapterTypeName="executor://xunit/VsTestRunner3/netcore/" className="ManagedCode.Communication.Tests.Results.ResultFailMethodsTests" name="Result_Fail_WithVariousStatusCodes_ShouldSetCorrectStatusCode" />
    </UnitTest>
    <UnitTest name="ManagedCode.Communication.Tests.Extensions.AdvancedRailwayExtensionsTests.Combine_WithAllSuccessful_ReturnsAllValues" storage="/users/ksemenenko/developer/communication/managedcode.communication.tests/bin/debug/net9.0/managedcode.communication.tests.dll" id="cc50bf60-6b4c-9573-310d-397b2e7909f2">
      <Execution id="3521ffc9-793e-49ca-adf0-11cfdfb9229c" />
      <TestMethod codeBase="/Users/ksemenenko/Developer/Communication/ManagedCode.Communication.Tests/bin/Debug/net9.0/ManagedCode.Communication.Tests.dll" adapterTypeName="executor://xunit/VsTestRunner3/netcore/" className="ManagedCode.Communication.Tests.Extensions.AdvancedRailwayExtensionsTests" name="Combine_WithAllSuccessful_ReturnsAllValues" />
    </UnitTest>
    <UnitTest name="ManagedCode.Communication.Tests.Extensions.HttpResponseExtensionTests.FromJsonToResult_BadRequestStatusCode_ReturnsFailedResultWithCorrectStatus" storage="/users/ksemenenko/developer/communication/managedcode.communication.tests/bin/debug/net9.0/managedcode.communication.tests.dll" id="b0a57685-59f6-3924-f2f2-628ea43f6fa6">
      <Execution id="e2568915-b291-47f6-97a8-b0206be806d9" />
      <TestMethod codeBase="/Users/ksemenenko/Developer/Communication/ManagedCode.Communication.Tests/bin/Debug/net9.0/ManagedCode.Communication.Tests.dll" adapterTypeName="executor://xunit/VsTestRunner3/netcore/" className="ManagedCode.Communication.Tests.Extensions.HttpResponseExtensionTests" name="FromJsonToResult_BadRequestStatusCode_ReturnsFailedResultWithCorrectStatus" />
    </UnitTest>
    <UnitTest name="ManagedCode.Communication.Tests.Serialization.SerializationTests.Problem_ShouldSerializeAndDeserialize" storage="/users/ksemenenko/developer/communication/managedcode.communication.tests/bin/debug/net9.0/managedcode.communication.tests.dll" id="d343945e-2d81-5ae1-7083-4fdee04f6eb8">
      <Execution id="d908ee94-9b25-4f2f-9fad-82d484009bca" />
      <TestMethod codeBase="/Users/ksemenenko/Developer/Communication/ManagedCode.Communication.Tests/bin/Debug/net9.0/ManagedCode.Communication.Tests.dll" adapterTypeName="executor://xunit/VsTestRunner3/netcore/" className="ManagedCode.Communication.Tests.Serialization.SerializationTests" name="Problem_ShouldSerializeAndDeserialize" />
    </UnitTest>
    <UnitTest name="ManagedCode.Communication.Tests.Orleans.Serialization.CommandSerializationTests.CommandMetadata_WithAllFields_ShouldSerializeCorrectly" storage="/users/ksemenenko/developer/communication/managedcode.communication.tests/bin/debug/net9.0/managedcode.communication.tests.dll" id="cc5f0fa5-2624-4aa6-2ceb-955549536dc3">
      <Execution id="6a92769a-4173-4b6f-959d-fa2f75bb0254" />
      <TestMethod codeBase="/Users/ksemenenko/Developer/Communication/ManagedCode.Communication.Tests/bin/Debug/net9.0/ManagedCode.Communication.Tests.dll" adapterTypeName="executor://xunit/VsTestRunner3/netcore/" className="ManagedCode.Communication.Tests.Orleans.Serialization.CommandSerializationTests" name="CommandMetadata_WithAllFields_ShouldSerializeCorrectly" />
    </UnitTest>
    <UnitTest name="ManagedCode.Communication.Tests.Results.ResultStaticHelperMethodsTests.Result_FailNotFoundT_WithDetail_ShouldCreateNotFoundResultTWithCustomDetail" storage="/users/ksemenenko/developer/communication/managedcode.communication.tests/bin/debug/net9.0/managedcode.communication.tests.dll" id="f2f678ee-a37b-8014-7202-81380186eb4d">
      <Execution id="3e96bbaa-db61-4789-8ad5-014d952915a0" />
      <TestMethod codeBase="/Users/ksemenenko/Developer/Communication/ManagedCode.Communication.Tests/bin/Debug/net9.0/ManagedCode.Communication.Tests.dll" adapterTypeName="executor://xunit/VsTestRunner3/netcore/" className="ManagedCode.Communication.Tests.Results.ResultStaticHelperMethodsTests" name="Result_FailNotFoundT_WithDetail_ShouldCreateNotFoundResultTWithCustomDetail" />
    </UnitTest>
    <UnitTest name="ManagedCode.Communication.Tests.Results.ResultOperatorsTests.CollectionResult_ImplicitOperator_ToBool_ShouldReturnIsSuccess" storage="/users/ksemenenko/developer/communication/managedcode.communication.tests/bin/debug/net9.0/managedcode.communication.tests.dll" id="c9d9ed72-c67b-02b9-941b-eca4dbf8c071">
      <Execution id="439ce53d-c688-4f3e-afc4-2f198c34831b" />
      <TestMethod codeBase="/Users/ksemenenko/Developer/Communication/ManagedCode.Communication.Tests/bin/Debug/net9.0/ManagedCode.Communication.Tests.dll" adapterTypeName="executor://xunit/VsTestRunner3/netcore/" className="ManagedCode.Communication.Tests.Results.ResultOperatorsTests" name="CollectionResult_ImplicitOperator_ToBool_ShouldReturnIsSuccess" />
    </UnitTest>
    <UnitTest name="ManagedCode.Communication.Tests.CollectionResults.CollectionResultFromMethodsTests.From_FuncValueTaskEnumerable_ShouldCreateSuccessResult" storage="/users/ksemenenko/developer/communication/managedcode.communication.tests/bin/debug/net9.0/managedcode.communication.tests.dll" id="392de4af-d461-7c5b-310a-021cf63d1384">
      <Execution id="155c4fa4-37e5-47ec-afcc-84ef615ce4a4" />
      <TestMethod codeBase="/Users/ksemenenko/Developer/Communication/ManagedCode.Communication.Tests/bin/Debug/net9.0/ManagedCode.Communication.Tests.dll" adapterTypeName="executor://xunit/VsTestRunner3/netcore/" className="ManagedCode.Communication.Tests.CollectionResults.CollectionResultFromMethodsTests" name="From_FuncValueTaskEnumerable_ShouldCreateSuccessResult" />
    </UnitTest>
    <UnitTest name="ManagedCode.Communication.Tests.ProblemTests.ProblemCreateMethodsTests.Problem_GetValidationErrors_WithValidErrors_ShouldReturnDictionary" storage="/users/ksemenenko/developer/communication/managedcode.communication.tests/bin/debug/net9.0/managedcode.communication.tests.dll" id="d137c692-c33a-c29f-f0cd-43638d316a9f">
      <Execution id="b8987b6f-3fc4-4b49-99a2-dc5fb30b7bee" />
      <TestMethod codeBase="/Users/ksemenenko/Developer/Communication/ManagedCode.Communication.Tests/bin/Debug/net9.0/ManagedCode.Communication.Tests.dll" adapterTypeName="executor://xunit/VsTestRunner3/netcore/" className="ManagedCode.Communication.Tests.ProblemTests.ProblemCreateMethodsTests" name="Problem_GetValidationErrors_WithValidErrors_ShouldReturnDictionary" />
    </UnitTest>
    <UnitTest name="ManagedCode.Communication.Tests.ControllerTests.MiddlewareTests.InvalidDataException" storage="/users/ksemenenko/developer/communication/managedcode.communication.tests/bin/debug/net9.0/managedcode.communication.tests.dll" id="f83ad32d-dc7d-a157-ddfe-e571c1f7ccdc">
      <Execution id="32509be7-ddbc-4525-8b39-9566ad1ae434" />
      <TestMethod codeBase="/Users/ksemenenko/Developer/Communication/ManagedCode.Communication.Tests/bin/Debug/net9.0/ManagedCode.Communication.Tests.dll" adapterTypeName="executor://xunit/VsTestRunner3/netcore/" className="ManagedCode.Communication.Tests.ControllerTests.MiddlewareTests" name="InvalidDataException" />
    </UnitTest>
    <UnitTest name="ManagedCode.Communication.Tests.Results.ResultHelperMethodsTests.Result_Try_WithSuccessfulAction_ShouldReturnSuccess" storage="/users/ksemenenko/developer/communication/managedcode.communication.tests/bin/debug/net9.0/managedcode.communication.tests.dll" id="fd36a05d-aabc-c319-396e-483787345ed9">
      <Execution id="a4376e41-92f3-4638-aa32-3a49aa65072a" />
      <TestMethod codeBase="/Users/ksemenenko/Developer/Communication/ManagedCode.Communication.Tests/bin/Debug/net9.0/ManagedCode.Communication.Tests.dll" adapterTypeName="executor://xunit/VsTestRunner3/netcore/" className="ManagedCode.Communication.Tests.Results.ResultHelperMethodsTests" name="Result_Try_WithSuccessfulAction_ShouldReturnSuccess" />
    </UnitTest>
    <UnitTest name="ManagedCode.Communication.Tests.Results.ResultValueExecutionExtensionsTests.From_FuncValueTask_ReturnsFailureOnException" storage="/users/ksemenenko/developer/communication/managedcode.communication.tests/bin/debug/net9.0/managedcode.communication.tests.dll" id="31ca9980-ed0e-08cd-c05b-6bcca4d5bc72">
      <Execution id="69f2e451-68d1-49df-93ad-4c50bd440203" />
      <TestMethod codeBase="/Users/ksemenenko/Developer/Communication/ManagedCode.Communication.Tests/bin/Debug/net9.0/ManagedCode.Communication.Tests.dll" adapterTypeName="executor://xunit/VsTestRunner3/netcore/" className="ManagedCode.Communication.Tests.Results.ResultValueExecutionExtensionsTests" name="From_FuncValueTask_ReturnsFailureOnException" />
    </UnitTest>
    <UnitTest name="ManagedCode.Communication.Tests.Results.ResultTests.FailValidation_ShouldCreateValidationResult" storage="/users/ksemenenko/developer/communication/managedcode.communication.tests/bin/debug/net9.0/managedcode.communication.tests.dll" id="c2bf73e0-2b43-e613-8fe5-319705841f57">
      <Execution id="b9026724-71d7-407b-94b5-39ecc2706b37" />
      <TestMethod codeBase="/Users/ksemenenko/Developer/Communication/ManagedCode.Communication.Tests/bin/Debug/net9.0/ManagedCode.Communication.Tests.dll" adapterTypeName="executor://xunit/VsTestRunner3/netcore/" className="ManagedCode.Communication.Tests.Results.ResultTests" name="FailValidation_ShouldCreateValidationResult" />
    </UnitTest>
    <UnitTest name="ManagedCode.Communication.Tests.ProblemTests.ProblemCreateMethodsTests.Problem_Create_WithEnumAndVariousStatusCodes_ShouldSetCorrectType(statusCode: 500, enumValue: &quot;InternalServerError&quot;)" storage="/users/ksemenenko/developer/communication/managedcode.communication.tests/bin/debug/net9.0/managedcode.communication.tests.dll" id="f080a087-472a-f802-200b-4ae8e884e5bc">
      <Execution id="239fa6cc-05ba-457d-a7e9-2c9092d4125c" />
      <TestMethod codeBase="/Users/ksemenenko/Developer/Communication/ManagedCode.Communication.Tests/bin/Debug/net9.0/ManagedCode.Communication.Tests.dll" adapterTypeName="executor://xunit/VsTestRunner3/netcore/" className="ManagedCode.Communication.Tests.ProblemTests.ProblemCreateMethodsTests" name="Problem_Create_WithEnumAndVariousStatusCodes_ShouldSetCorrectType" />
    </UnitTest>
    <UnitTest name="ManagedCode.Communication.Tests.CollectionResults.CollectionResultFailMethodsTests.Fail_WithEmptyEnumerable_ShouldCreateFailedResultWithEmptyCollection" storage="/users/ksemenenko/developer/communication/managedcode.communication.tests/bin/debug/net9.0/managedcode.communication.tests.dll" id="4d38db8c-d739-e015-e09d-cd6fc5dff5ab">
      <Execution id="ffbf3f70-2c11-43f4-93b5-d2326c722e15" />
      <TestMethod codeBase="/Users/ksemenenko/Developer/Communication/ManagedCode.Communication.Tests/bin/Debug/net9.0/ManagedCode.Communication.Tests.dll" adapterTypeName="executor://xunit/VsTestRunner3/netcore/" className="ManagedCode.Communication.Tests.CollectionResults.CollectionResultFailMethodsTests" name="Fail_WithEmptyEnumerable_ShouldCreateFailedResultWithEmptyCollection" />
    </UnitTest>
    <UnitTest name="ManagedCode.Communication.Tests.Results.CollectionResultTests.ThrowIfFail_WithProblemException_ShouldPreserveProblemDetails" storage="/users/ksemenenko/developer/communication/managedcode.communication.tests/bin/debug/net9.0/managedcode.communication.tests.dll" id="c958d145-1335-3f69-818e-4d1059fbb724">
      <Execution id="40a19ebb-a92c-4a9a-a5ca-2175d4c89dfe" />
      <TestMethod codeBase="/Users/ksemenenko/Developer/Communication/ManagedCode.Communication.Tests/bin/Debug/net9.0/ManagedCode.Communication.Tests.dll" adapterTypeName="executor://xunit/VsTestRunner3/netcore/" className="ManagedCode.Communication.Tests.Results.CollectionResultTests" name="ThrowIfFail_WithProblemException_ShouldPreserveProblemDetails" />
    </UnitTest>
    <UnitTest name="ManagedCode.Communication.Tests.AspNetCore.Extensions.ControllerExtensionsTests.ToActionResult_WithVariousStatusCodes_ReturnsCorrectStatusCode(statusCode: 404, title: &quot;Not Found&quot;)" storage="/users/ksemenenko/developer/communication/managedcode.communication.tests/bin/debug/net9.0/managedcode.communication.tests.dll" id="7f739289-fb83-39f7-cc97-e031b49032de">
      <Execution id="c9a56871-0d4f-4a68-b36f-ef9c0857b630" />
      <TestMethod codeBase="/Users/ksemenenko/Developer/Communication/ManagedCode.Communication.Tests/bin/Debug/net9.0/ManagedCode.Communication.Tests.dll" adapterTypeName="executor://xunit/VsTestRunner3/netcore/" className="ManagedCode.Communication.Tests.AspNetCore.Extensions.ControllerExtensionsTests" name="ToActionResult_WithVariousStatusCodes_ReturnsCorrectStatusCode" />
    </UnitTest>
    <UnitTest name="ManagedCode.Communication.Tests.Commands.CommandIdempotencyTests.ServiceCollectionExtensions_AddCommandIdempotency_RegistersMemoryCacheStore" storage="/users/ksemenenko/developer/communication/managedcode.communication.tests/bin/debug/net9.0/managedcode.communication.tests.dll" id="e356bf20-87ba-5d98-8ea7-0ff88d53e065">
      <Execution id="12e0735f-99b6-4903-a1fc-0433fc419b84" />
      <TestMethod codeBase="/Users/ksemenenko/Developer/Communication/ManagedCode.Communication.Tests/bin/Debug/net9.0/ManagedCode.Communication.Tests.dll" adapterTypeName="executor://xunit/VsTestRunner3/netcore/" className="ManagedCode.Communication.Tests.Commands.CommandIdempotencyTests" name="ServiceCollectionExtensions_AddCommandIdempotency_RegistersMemoryCacheStore" />
    </UnitTest>
    <UnitTest name="ManagedCode.Communication.Tests.Results.ResultInvalidMethodsTests.Result_InvalidT_WithDictionary_ShouldCreateValidationResultWithMultipleFields" storage="/users/ksemenenko/developer/communication/managedcode.communication.tests/bin/debug/net9.0/managedcode.communication.tests.dll" id="53713324-cc06-3054-5418-a2a3cf8996e1">
      <Execution id="9a0491ee-0822-4b08-a1a5-27b1e4778cec" />
      <TestMethod codeBase="/Users/ksemenenko/Developer/Communication/ManagedCode.Communication.Tests/bin/Debug/net9.0/ManagedCode.Communication.Tests.dll" adapterTypeName="executor://xunit/VsTestRunner3/netcore/" className="ManagedCode.Communication.Tests.Results.ResultInvalidMethodsTests" name="Result_InvalidT_WithDictionary_ShouldCreateValidationResultWithMultipleFields" />
    </UnitTest>
    <UnitTest name="ManagedCode.Communication.Tests.AspNetCore.Extensions.ControllerExtensionsTests.ToActionResult_WithNoProblem_ReturnsDefaultError" storage="/users/ksemenenko/developer/communication/managedcode.communication.tests/bin/debug/net9.0/managedcode.communication.tests.dll" id="8a469a40-7454-6880-9e8d-7953fae79af1">
      <Execution id="eec3d77a-1487-4e99-bd0e-4462649de8c4" />
      <TestMethod codeBase="/Users/ksemenenko/Developer/Communication/ManagedCode.Communication.Tests/bin/Debug/net9.0/ManagedCode.Communication.Tests.dll" adapterTypeName="executor://xunit/VsTestRunner3/netcore/" className="ManagedCode.Communication.Tests.AspNetCore.Extensions.ControllerExtensionsTests" name="ToActionResult_WithNoProblem_ReturnsDefaultError" />
    </UnitTest>
    <UnitTest name="ManagedCode.Communication.Tests.Extensions.ProblemExtensionsTests.FromProblemDetails_WithNullStatus_ShouldSetStatusCodeToZero" storage="/users/ksemenenko/developer/communication/managedcode.communication.tests/bin/debug/net9.0/managedcode.communication.tests.dll" id="5d60b22d-c612-47a3-e3f1-72a7b909f424">
      <Execution id="98d63188-81cd-41df-885b-f33e1c24d311" />
      <TestMethod codeBase="/Users/ksemenenko/Developer/Communication/ManagedCode.Communication.Tests/bin/Debug/net9.0/ManagedCode.Communication.Tests.dll" adapterTypeName="executor://xunit/VsTestRunner3/netcore/" className="ManagedCode.Communication.Tests.Extensions.ProblemExtensionsTests" name="FromProblemDetails_WithNullStatus_ShouldSetStatusCodeToZero" />
    </UnitTest>
    <UnitTest name="ManagedCode.Communication.Tests.Results.ResultValueExecutionExtensionsTests.From_FuncTaskReturningResult_Success" storage="/users/ksemenenko/developer/communication/managedcode.communication.tests/bin/debug/net9.0/managedcode.communication.tests.dll" id="2f0e8b4d-7cfc-b0f8-afb9-02de17c6b337">
      <Execution id="b6d59006-ac70-4139-adf2-ce47ba6b0fe0" />
      <TestMethod codeBase="/Users/ksemenenko/Developer/Communication/ManagedCode.Communication.Tests/bin/Debug/net9.0/ManagedCode.Communication.Tests.dll" adapterTypeName="executor://xunit/VsTestRunner3/netcore/" className="ManagedCode.Communication.Tests.Results.ResultValueExecutionExtensionsTests" name="From_FuncTaskReturningResult_Success" />
    </UnitTest>
    <UnitTest name="ManagedCode.Communication.Tests.Results.ResultFailMethodsTests.Result_Fail_WithEnumAndDetail_ShouldCreateFailedResultWithErrorCodeAndDetail" storage="/users/ksemenenko/developer/communication/managedcode.communication.tests/bin/debug/net9.0/managedcode.communication.tests.dll" id="9055a99e-808e-e43f-9f70-e1a7b9f0a551">
      <Execution id="3bd66e63-05a2-4eae-8831-10de35c26141" />
      <TestMethod codeBase="/Users/ksemenenko/Developer/Communication/ManagedCode.Communication.Tests/bin/Debug/net9.0/ManagedCode.Communication.Tests.dll" adapterTypeName="executor://xunit/VsTestRunner3/netcore/" className="ManagedCode.Communication.Tests.Results.ResultFailMethodsTests" name="Result_Fail_WithEnumAndDetail_ShouldCreateFailedResultWithErrorCodeAndDetail" />
    </UnitTest>
    <UnitTest name="ManagedCode.Communication.Tests.Results.ProblemExceptionTests.Constructor_AllDataFieldsShouldUseNameof" storage="/users/ksemenenko/developer/communication/managedcode.communication.tests/bin/debug/net9.0/managedcode.communication.tests.dll" id="31013b84-c240-3047-b7e6-518c431f1e71">
      <Execution id="d5dde769-4e8a-4390-8516-6cce63dcd182" />
      <TestMethod codeBase="/Users/ksemenenko/Developer/Communication/ManagedCode.Communication.Tests/bin/Debug/net9.0/ManagedCode.Communication.Tests.dll" adapterTypeName="executor://xunit/VsTestRunner3/netcore/" className="ManagedCode.Communication.Tests.Results.ProblemExceptionTests" name="Constructor_AllDataFieldsShouldUseNameof" />
    </UnitTest>
    <UnitTest name="ManagedCode.Communication.Tests.Extensions.AdvancedRailwayExtensionsTests.ComplexRailwayChain_DemonstratesFullCapabilities" storage="/users/ksemenenko/developer/communication/managedcode.communication.tests/bin/debug/net9.0/managedcode.communication.tests.dll" id="b152476b-0692-165d-e590-b423100fc237">
      <Execution id="28dace8e-0316-4107-96bc-def5bd4f4f64" />
      <TestMethod codeBase="/Users/ksemenenko/Developer/Communication/ManagedCode.Communication.Tests/bin/Debug/net9.0/ManagedCode.Communication.Tests.dll" adapterTypeName="executor://xunit/VsTestRunner3/netcore/" className="ManagedCode.Communication.Tests.Extensions.AdvancedRailwayExtensionsTests" name="ComplexRailwayChain_DemonstratesFullCapabilities" />
    </UnitTest>
    <UnitTest name="ManagedCode.Communication.Tests.AspNetCore.Extensions.ControllerExtensionsTests.ToActionResult_WithVariousStatusCodes_ReturnsCorrectStatusCode(statusCode: 422, title: &quot;Unprocessable Entity&quot;)" storage="/users/ksemenenko/developer/communication/managedcode.communication.tests/bin/debug/net9.0/managedcode.communication.tests.dll" id="8bd92cbc-b4a1-3cf0-6835-cad5eb18c15d">
      <Execution id="02576288-7df2-449a-8a47-c900b030dd81" />
      <TestMethod codeBase="/Users/ksemenenko/Developer/Communication/ManagedCode.Communication.Tests/bin/Debug/net9.0/ManagedCode.Communication.Tests.dll" adapterTypeName="executor://xunit/VsTestRunner3/netcore/" className="ManagedCode.Communication.Tests.AspNetCore.Extensions.ControllerExtensionsTests" name="ToActionResult_WithVariousStatusCodes_ReturnsCorrectStatusCode" />
    </UnitTest>
    <UnitTest name="ManagedCode.Communication.Tests.Extensions.HttpResponseExtensionTests.FromJsonToResult_NullContent_WithErrorStatus_ReturnsFailedResult" storage="/users/ksemenenko/developer/communication/managedcode.communication.tests/bin/debug/net9.0/managedcode.communication.tests.dll" id="99ad070e-072d-3189-a75d-1aa7c7eeb04e">
      <Execution id="2c6a9674-3876-48ac-8e24-3487e7d8106a" />
      <TestMethod codeBase="/Users/ksemenenko/Developer/Communication/ManagedCode.Communication.Tests/bin/Debug/net9.0/ManagedCode.Communication.Tests.dll" adapterTypeName="executor://xunit/VsTestRunner3/netcore/" className="ManagedCode.Communication.Tests.Extensions.HttpResponseExtensionTests" name="FromJsonToResult_NullContent_WithErrorStatus_ReturnsFailedResult" />
    </UnitTest>
    <UnitTest name="ManagedCode.Communication.Tests.AspNetCore.Extensions.HubOptionsExtensionsTests.AddCommunicationHubFilter_CanBeCalledMultipleTimes_DoesNotThrow" storage="/users/ksemenenko/developer/communication/managedcode.communication.tests/bin/debug/net9.0/managedcode.communication.tests.dll" id="a3b219a1-96f8-2dc6-2fac-9f5e3d240997">
      <Execution id="742ee6da-53a9-4e07-9e68-56c51549c19f" />
      <TestMethod codeBase="/Users/ksemenenko/Developer/Communication/ManagedCode.Communication.Tests/bin/Debug/net9.0/ManagedCode.Communication.Tests.dll" adapterTypeName="executor://xunit/VsTestRunner3/netcore/" className="ManagedCode.Communication.Tests.AspNetCore.Extensions.HubOptionsExtensionsTests" name="AddCommunicationHubFilter_CanBeCalledMultipleTimes_DoesNotThrow" />
    </UnitTest>
    <UnitTest name="ManagedCode.Communication.Tests.Results.ProblemTests.Create_ShouldCreateProblemWithAllProperties" storage="/users/ksemenenko/developer/communication/managedcode.communication.tests/bin/debug/net9.0/managedcode.communication.tests.dll" id="8ef731a7-df62-2078-454e-b3c5ab5a52f3">
      <Execution id="6dfe38bf-b50f-4fe8-a374-c74b4614d11d" />
      <TestMethod codeBase="/Users/ksemenenko/Developer/Communication/ManagedCode.Communication.Tests/bin/Debug/net9.0/ManagedCode.Communication.Tests.dll" adapterTypeName="executor://xunit/VsTestRunner3/netcore/" className="ManagedCode.Communication.Tests.Results.ProblemTests" name="Create_ShouldCreateProblemWithAllProperties" />
    </UnitTest>
    <UnitTest name="ManagedCode.Communication.Tests.CollectionResults.CollectionResultFromMethodsTests.From_FuncTaskThrowingException_ShouldReturnFailedResult" storage="/users/ksemenenko/developer/communication/managedcode.communication.tests/bin/debug/net9.0/managedcode.communication.tests.dll" id="02bf4062-6173-4a68-0596-4bfd52dc36b2">
      <Execution id="08fa0eae-ae94-417d-b096-091fd27d089a" />
      <TestMethod codeBase="/Users/ksemenenko/Developer/Communication/ManagedCode.Communication.Tests/bin/Debug/net9.0/ManagedCode.Communication.Tests.dll" adapterTypeName="executor://xunit/VsTestRunner3/netcore/" className="ManagedCode.Communication.Tests.CollectionResults.CollectionResultFromMethodsTests" name="From_FuncTaskThrowingException_ShouldReturnFailedResult" />
    </UnitTest>
    <UnitTest name="ManagedCode.Communication.Tests.CollectionResults.CollectionResultFailMethodsTests.FailValidation_WithDuplicateFields_ShouldCombineErrors" storage="/users/ksemenenko/developer/communication/managedcode.communication.tests/bin/debug/net9.0/managedcode.communication.tests.dll" id="699823e7-74be-bd9f-0e7a-b915c45c5b8d">
      <Execution id="9cbb041d-b62c-485f-8bde-d6898bb42e93" />
      <TestMethod codeBase="/Users/ksemenenko/Developer/Communication/ManagedCode.Communication.Tests/bin/Debug/net9.0/ManagedCode.Communication.Tests.dll" adapterTypeName="executor://xunit/VsTestRunner3/netcore/" className="ManagedCode.Communication.Tests.CollectionResults.CollectionResultFailMethodsTests" name="FailValidation_WithDuplicateFields_ShouldCombineErrors" />
    </UnitTest>
    <UnitTest name="ManagedCode.Communication.Tests.Results.ResultExecutionExtensionsTests.From_ValueTask_Success_ReturnsSuccess" storage="/users/ksemenenko/developer/communication/managedcode.communication.tests/bin/debug/net9.0/managedcode.communication.tests.dll" id="2c222361-1574-191b-79a2-c91c36668aba">
      <Execution id="9f2d1675-014f-4122-9197-639e3601a126" />
      <TestMethod codeBase="/Users/ksemenenko/Developer/Communication/ManagedCode.Communication.Tests/bin/Debug/net9.0/ManagedCode.Communication.Tests.dll" adapterTypeName="executor://xunit/VsTestRunner3/netcore/" className="ManagedCode.Communication.Tests.Results.ResultExecutionExtensionsTests" name="From_ValueTask_Success_ReturnsSuccess" />
    </UnitTest>
    <UnitTest name="ManagedCode.Communication.Tests.Extensions.AdvancedRailwayExtensionsTests.Switch_WithSuccess_ExecutesSuccessAction" storage="/users/ksemenenko/developer/communication/managedcode.communication.tests/bin/debug/net9.0/managedcode.communication.tests.dll" id="498b934f-374c-1dc8-3085-bd3a70ce9a92">
      <Execution id="de7c3b20-bf40-434b-aae7-b8a9f86a7b94" />
      <TestMethod codeBase="/Users/ksemenenko/Developer/Communication/ManagedCode.Communication.Tests/bin/Debug/net9.0/ManagedCode.Communication.Tests.dll" adapterTypeName="executor://xunit/VsTestRunner3/netcore/" className="ManagedCode.Communication.Tests.Extensions.AdvancedRailwayExtensionsTests" name="Switch_WithSuccess_ExecutesSuccessAction" />
    </UnitTest>
    <UnitTest name="ManagedCode.Communication.Tests.Results.ProblemToExceptionErrorTests.ToException_WithExceptionDataKeyConflicts_ShouldHandleGracefully" storage="/users/ksemenenko/developer/communication/managedcode.communication.tests/bin/debug/net9.0/managedcode.communication.tests.dll" id="5e5950b2-b136-6c89-672e-7a590d826125">
      <Execution id="b43c4033-7842-4d76-8639-f4de0abc09e0" />
      <TestMethod codeBase="/Users/ksemenenko/Developer/Communication/ManagedCode.Communication.Tests/bin/Debug/net9.0/ManagedCode.Communication.Tests.dll" adapterTypeName="executor://xunit/VsTestRunner3/netcore/" className="ManagedCode.Communication.Tests.Results.ProblemToExceptionErrorTests" name="ToException_WithExceptionDataKeyConflicts_ShouldHandleGracefully" />
    </UnitTest>
    <UnitTest name="ManagedCode.Communication.Tests.Results.ResultInvalidMethodsTests.ResultT_Invalid_WithEnumAndDictionary_ShouldCreateValidationResultWithAllData" storage="/users/ksemenenko/developer/communication/managedcode.communication.tests/bin/debug/net9.0/managedcode.communication.tests.dll" id="37563ea7-79b5-6e21-07e3-b7abecf35da5">
      <Execution id="57c5758c-3293-4636-a50a-5985715a7ca3" />
      <TestMethod codeBase="/Users/ksemenenko/Developer/Communication/ManagedCode.Communication.Tests/bin/Debug/net9.0/ManagedCode.Communication.Tests.dll" adapterTypeName="executor://xunit/VsTestRunner3/netcore/" className="ManagedCode.Communication.Tests.Results.ResultInvalidMethodsTests" name="ResultT_Invalid_WithEnumAndDictionary_ShouldCreateValidationResultWithAllData" />
    </UnitTest>
    <UnitTest name="ManagedCode.Communication.Tests.CollectionResults.CollectionResultFailMethodsTests.Fail_NoParameters_ShouldCreateFailedResult" storage="/users/ksemenenko/developer/communication/managedcode.communication.tests/bin/debug/net9.0/managedcode.communication.tests.dll" id="2b85e6a6-b085-3693-8351-fe312faa0712">
      <Execution id="378f8172-2d8e-4d00-959e-fa94b20f29f4" />
      <TestMethod codeBase="/Users/ksemenenko/Developer/Communication/ManagedCode.Communication.Tests/bin/Debug/net9.0/ManagedCode.Communication.Tests.dll" adapterTypeName="executor://xunit/VsTestRunner3/netcore/" className="ManagedCode.Communication.Tests.CollectionResults.CollectionResultFailMethodsTests" name="Fail_NoParameters_ShouldCreateFailedResult" />
    </UnitTest>
    <UnitTest name="ManagedCode.Communication.Tests.ControllerTests.MiddlewareTests.ValidationException" storage="/users/ksemenenko/developer/communication/managedcode.communication.tests/bin/debug/net9.0/managedcode.communication.tests.dll" id="884780c4-efd7-4539-be97-7bddf6f0d325">
      <Execution id="23db36e5-9bb0-4b77-ac87-4f7d776806e4" />
      <TestMethod codeBase="/Users/ksemenenko/Developer/Communication/ManagedCode.Communication.Tests/bin/Debug/net9.0/ManagedCode.Communication.Tests.dll" adapterTypeName="executor://xunit/VsTestRunner3/netcore/" className="ManagedCode.Communication.Tests.ControllerTests.MiddlewareTests" name="ValidationException" />
    </UnitTest>
    <UnitTest name="ManagedCode.Communication.Tests.Results.ResultInvalidMethodsTests.Invalid_WithDictionaryContainingEmptyValues_ShouldHandleGracefully" storage="/users/ksemenenko/developer/communication/managedcode.communication.tests/bin/debug/net9.0/managedcode.communication.tests.dll" id="1285e3a0-be70-4f5b-8a49-53d83ee7816d">
      <Execution id="cd3cca9f-aba9-4ae1-8580-655b1267ad1d" />
      <TestMethod codeBase="/Users/ksemenenko/Developer/Communication/ManagedCode.Communication.Tests/bin/Debug/net9.0/ManagedCode.Communication.Tests.dll" adapterTypeName="executor://xunit/VsTestRunner3/netcore/" className="ManagedCode.Communication.Tests.Results.ResultInvalidMethodsTests" name="Invalid_WithDictionaryContainingEmptyValues_ShouldHandleGracefully" />
    </UnitTest>
    <UnitTest name="ManagedCode.Communication.Tests.CollectionResults.CollectionResultFailMethodsTests.FailNotFound_NoParameters_ShouldCreateNotFoundResult" storage="/users/ksemenenko/developer/communication/managedcode.communication.tests/bin/debug/net9.0/managedcode.communication.tests.dll" id="a732ecdf-009d-4fc3-3846-806e90a131ab">
      <Execution id="c6e05311-735a-44df-8163-ff5b4ffd6e39" />
      <TestMethod codeBase="/Users/ksemenenko/Developer/Communication/ManagedCode.Communication.Tests/bin/Debug/net9.0/ManagedCode.Communication.Tests.dll" adapterTypeName="executor://xunit/VsTestRunner3/netcore/" className="ManagedCode.Communication.Tests.CollectionResults.CollectionResultFailMethodsTests" name="FailNotFound_NoParameters_ShouldCreateNotFoundResult" />
    </UnitTest>
    <UnitTest name="ManagedCode.Communication.Tests.CollectionResults.CollectionResultFromMethodsTests.From_FailedCollectionResultWithoutProblem_ShouldReturnFailedResult" storage="/users/ksemenenko/developer/communication/managedcode.communication.tests/bin/debug/net9.0/managedcode.communication.tests.dll" id="52ca4f6f-9446-ce96-f00d-3177ac949b13">
      <Execution id="e30ee2cc-20f7-4dce-acd5-f970cbdc77b4" />
      <TestMethod codeBase="/Users/ksemenenko/Developer/Communication/ManagedCode.Communication.Tests/bin/Debug/net9.0/ManagedCode.Communication.Tests.dll" adapterTypeName="executor://xunit/VsTestRunner3/netcore/" className="ManagedCode.Communication.Tests.CollectionResults.CollectionResultFromMethodsTests" name="From_FailedCollectionResultWithoutProblem_ShouldReturnFailedResult" />
    </UnitTest>
    <UnitTest name="ManagedCode.Communication.Tests.Results.ResultTFailMethodsTests.ResultT_FailForbidden_NoParameters_ShouldCreateForbiddenResult" storage="/users/ksemenenko/developer/communication/managedcode.communication.tests/bin/debug/net9.0/managedcode.communication.tests.dll" id="006db6e7-371d-e718-b29e-3beaaaa8b1e6">
      <Execution id="eb7a49c7-37b5-4c03-9752-578fc3ae0656" />
      <TestMethod codeBase="/Users/ksemenenko/Developer/Communication/ManagedCode.Communication.Tests/bin/Debug/net9.0/ManagedCode.Communication.Tests.dll" adapterTypeName="executor://xunit/VsTestRunner3/netcore/" className="ManagedCode.Communication.Tests.Results.ResultTFailMethodsTests" name="ResultT_FailForbidden_NoParameters_ShouldCreateForbiddenResult" />
    </UnitTest>
    <UnitTest name="ManagedCode.Communication.Tests.Extensions.AdvancedRailwayExtensionsTests.MergeAll_WithMultipleFailures_CollectsAllErrors" storage="/users/ksemenenko/developer/communication/managedcode.communication.tests/bin/debug/net9.0/managedcode.communication.tests.dll" id="3422f96e-0a13-0cac-95ea-d6afecbcd569">
      <Execution id="c8bd281f-1ae0-4f92-8d42-0775de89dc57" />
      <TestMethod codeBase="/Users/ksemenenko/Developer/Communication/ManagedCode.Communication.Tests/bin/Debug/net9.0/ManagedCode.Communication.Tests.dll" adapterTypeName="executor://xunit/VsTestRunner3/netcore/" className="ManagedCode.Communication.Tests.Extensions.AdvancedRailwayExtensionsTests" name="MergeAll_WithMultipleFailures_CollectsAllErrors" />
    </UnitTest>
    <UnitTest name="ManagedCode.Communication.Tests.Results.ResultTFailMethodsTests.ResultT_Fail_WithVariousStatusCodes_ShouldSetCorrectStatusCode(statusCode: InternalServerError, expectedCode: 500)" storage="/users/ksemenenko/developer/communication/managedcode.communication.tests/bin/debug/net9.0/managedcode.communication.tests.dll" id="22cdaf43-d8ea-278c-4cc0-7325a65fa6f1">
      <Execution id="0782795a-6e05-4588-8aa0-5b86ba3623f0" />
      <TestMethod codeBase="/Users/ksemenenko/Developer/Communication/ManagedCode.Communication.Tests/bin/Debug/net9.0/ManagedCode.Communication.Tests.dll" adapterTypeName="executor://xunit/VsTestRunner3/netcore/" className="ManagedCode.Communication.Tests.Results.ResultTFailMethodsTests" name="ResultT_Fail_WithVariousStatusCodes_ShouldSetCorrectStatusCode" />
    </UnitTest>
    <UnitTest name="ManagedCode.Communication.Tests.Extensions.RailwayExtensionsTests.Ensure_SuccessfulResultInvalidPredicate_BecomesFailed" storage="/users/ksemenenko/developer/communication/managedcode.communication.tests/bin/debug/net9.0/managedcode.communication.tests.dll" id="a14789f8-25ec-bd3c-5129-2bb2c2d09985">
      <Execution id="5feaf55c-3ead-42ac-8035-27944a01283b" />
      <TestMethod codeBase="/Users/ksemenenko/Developer/Communication/ManagedCode.Communication.Tests/bin/Debug/net9.0/ManagedCode.Communication.Tests.dll" adapterTypeName="executor://xunit/VsTestRunner3/netcore/" className="ManagedCode.Communication.Tests.Extensions.RailwayExtensionsTests" name="Ensure_SuccessfulResultInvalidPredicate_BecomesFailed" />
    </UnitTest>
    <UnitTest name="ManagedCode.Communication.Tests.AspNetCore.Extensions.ServiceCollectionExtensionsTests.Communication_Should_Reject_Invalid_Model" storage="/users/ksemenenko/developer/communication/managedcode.communication.tests/bin/debug/net9.0/managedcode.communication.tests.dll" id="353ee2b3-8223-ee2f-da86-858af32e4ee1">
      <Execution id="7c52400b-8066-42eb-a8b6-09669789625b" />
      <TestMethod codeBase="/Users/ksemenenko/Developer/Communication/ManagedCode.Communication.Tests/bin/Debug/net9.0/ManagedCode.Communication.Tests.dll" adapterTypeName="executor://xunit/VsTestRunner3/netcore/" className="ManagedCode.Communication.Tests.AspNetCore.Extensions.ServiceCollectionExtensionsTests" name="Communication_Should_Reject_Invalid_Model" />
    </UnitTest>
    <UnitTest name="ManagedCode.Communication.Tests.Results.ResultTFailMethodsTests.ResultT_Fail_WithSpecialCharacters_ShouldHandleCorrectly" storage="/users/ksemenenko/developer/communication/managedcode.communication.tests/bin/debug/net9.0/managedcode.communication.tests.dll" id="c7cfa25b-5f84-b4eb-ca51-e666774f7b77">
      <Execution id="a272a60f-b23d-4058-9620-18058ccca086" />
      <TestMethod codeBase="/Users/ksemenenko/Developer/Communication/ManagedCode.Communication.Tests/bin/Debug/net9.0/ManagedCode.Communication.Tests.dll" adapterTypeName="executor://xunit/VsTestRunner3/netcore/" className="ManagedCode.Communication.Tests.Results.ResultTFailMethodsTests" name="ResultT_Fail_WithSpecialCharacters_ShouldHandleCorrectly" />
    </UnitTest>
    <UnitTest name="ManagedCode.Communication.Tests.Results.ResultValueExecutionExtensionsTests.ResultT_AsTaskAndAsValueTask_RoundTrip" storage="/users/ksemenenko/developer/communication/managedcode.communication.tests/bin/debug/net9.0/managedcode.communication.tests.dll" id="59b2cada-0f2d-466d-0a40-710fcb54c49a">
      <Execution id="5d5fa473-1d83-4748-8b8d-1354389b6a8a" />
      <TestMethod codeBase="/Users/ksemenenko/Developer/Communication/ManagedCode.Communication.Tests/bin/Debug/net9.0/ManagedCode.Communication.Tests.dll" adapterTypeName="executor://xunit/VsTestRunner3/netcore/" className="ManagedCode.Communication.Tests.Results.ResultValueExecutionExtensionsTests" name="ResultT_AsTaskAndAsValueTask_RoundTrip" />
    </UnitTest>
    <UnitTest name="ManagedCode.Communication.Tests.Extensions.ServiceCollectionExtensionsTests.CommunicationLogger_Caching_WorksCorrectly" storage="/users/ksemenenko/developer/communication/managedcode.communication.tests/bin/debug/net9.0/managedcode.communication.tests.dll" id="0f2cb4e4-d535-dd21-c366-616f0502fa7b">
      <Execution id="56b8ea10-13d0-4c16-8f48-881617542114" />
      <TestMethod codeBase="/Users/ksemenenko/Developer/Communication/ManagedCode.Communication.Tests/bin/Debug/net9.0/ManagedCode.Communication.Tests.dll" adapterTypeName="executor://xunit/VsTestRunner3/netcore/" className="ManagedCode.Communication.Tests.Extensions.ServiceCollectionExtensionsTests" name="CommunicationLogger_Caching_WorksCorrectly" />
    </UnitTest>
    <UnitTest name="ManagedCode.Communication.Tests.Orleans.OrleansSerializationTests.CompleteWorkflow_AllTypes_ShouldSerializeCorrectly" storage="/users/ksemenenko/developer/communication/managedcode.communication.tests/bin/debug/net9.0/managedcode.communication.tests.dll" id="6522bdf5-de38-3374-97b3-1ce8774e28b5">
      <Execution id="6c4a9867-9ab3-41dc-a8cf-3c1f1f2575fb" />
      <TestMethod codeBase="/Users/ksemenenko/Developer/Communication/ManagedCode.Communication.Tests/bin/Debug/net9.0/ManagedCode.Communication.Tests.dll" adapterTypeName="executor://xunit/VsTestRunner3/netcore/" className="ManagedCode.Communication.Tests.Orleans.OrleansSerializationTests" name="CompleteWorkflow_AllTypes_ShouldSerializeCorrectly" />
    </UnitTest>
    <UnitTest name="ManagedCode.Communication.Tests.Results.ProblemTests.FromStatusCode_ShouldCreateProblemFromHttpStatusCode" storage="/users/ksemenenko/developer/communication/managedcode.communication.tests/bin/debug/net9.0/managedcode.communication.tests.dll" id="92d7240b-67dc-fa2a-1053-63a4cde5f1ef">
      <Execution id="748aa7f1-f8e7-4295-b30e-aedc8ff6ba65" />
      <TestMethod codeBase="/Users/ksemenenko/Developer/Communication/ManagedCode.Communication.Tests/bin/Debug/net9.0/ManagedCode.Communication.Tests.dll" adapterTypeName="executor://xunit/VsTestRunner3/netcore/" className="ManagedCode.Communication.Tests.Results.ProblemTests" name="FromStatusCode_ShouldCreateProblemFromHttpStatusCode" />
    </UnitTest>
    <UnitTest name="ManagedCode.Communication.Tests.Results.ResultTFailMethodsTests.ResultT_Fail_WithNullValue_ShouldCreateFailedResultWithNull" storage="/users/ksemenenko/developer/communication/managedcode.communication.tests/bin/debug/net9.0/managedcode.communication.tests.dll" id="940e757e-482b-7683-9fbd-545c899eab41">
      <Execution id="d03412dd-f0e3-4ce4-9920-e10902859be8" />
      <TestMethod codeBase="/Users/ksemenenko/Developer/Communication/ManagedCode.Communication.Tests/bin/Debug/net9.0/ManagedCode.Communication.Tests.dll" adapterTypeName="executor://xunit/VsTestRunner3/netcore/" className="ManagedCode.Communication.Tests.Results.ResultTFailMethodsTests" name="ResultT_Fail_WithNullValue_ShouldCreateFailedResultWithNull" />
    </UnitTest>
    <UnitTest name="ManagedCode.Communication.Tests.CollectionResults.CollectionResultFailMethodsTests.Fail_WithVariousStatusCodes_ShouldSetCorrectStatusCode(statusCode: Forbidden, expectedCode: 403)" storage="/users/ksemenenko/developer/communication/managedcode.communication.tests/bin/debug/net9.0/managedcode.communication.tests.dll" id="e1f1b1be-faf7-e984-f9a4-c2a361ef2de8">
      <Execution id="5f241638-8864-4da5-b3a2-8f814eba43c1" />
      <TestMethod codeBase="/Users/ksemenenko/Developer/Communication/ManagedCode.Communication.Tests/bin/Debug/net9.0/ManagedCode.Communication.Tests.dll" adapterTypeName="executor://xunit/VsTestRunner3/netcore/" className="ManagedCode.Communication.Tests.CollectionResults.CollectionResultFailMethodsTests" name="Fail_WithVariousStatusCodes_ShouldSetCorrectStatusCode" />
    </UnitTest>
    <UnitTest name="ManagedCode.Communication.Tests.Results.CollectionResultTests.ThrowIfFail_WithSuccessfulResult_ShouldNotThrow" storage="/users/ksemenenko/developer/communication/managedcode.communication.tests/bin/debug/net9.0/managedcode.communication.tests.dll" id="e4515f41-6dc8-4e41-80f2-0b8ebbc1419c">
      <Execution id="3513bab2-37e3-42fc-b010-e0aab8375870" />
      <TestMethod codeBase="/Users/ksemenenko/Developer/Communication/ManagedCode.Communication.Tests/bin/Debug/net9.0/ManagedCode.Communication.Tests.dll" adapterTypeName="executor://xunit/VsTestRunner3/netcore/" className="ManagedCode.Communication.Tests.Results.CollectionResultTests" name="ThrowIfFail_WithSuccessfulResult_ShouldNotThrow" />
    </UnitTest>
    <UnitTest name="ManagedCode.Communication.Tests.Results.RailwayOrientedProgrammingTests.Try_WithSuccessfulOperation_ShouldReturnSuccess" storage="/users/ksemenenko/developer/communication/managedcode.communication.tests/bin/debug/net9.0/managedcode.communication.tests.dll" id="9ca104e0-d007-7a8a-297e-78d9692a5c9f">
      <Execution id="4ec35329-1ad5-4acc-a8a1-a28446eeaca8" />
      <TestMethod codeBase="/Users/ksemenenko/Developer/Communication/ManagedCode.Communication.Tests/bin/Debug/net9.0/ManagedCode.Communication.Tests.dll" adapterTypeName="executor://xunit/VsTestRunner3/netcore/" className="ManagedCode.Communication.Tests.Results.RailwayOrientedProgrammingTests" name="Try_WithSuccessfulOperation_ShouldReturnSuccess" />
    </UnitTest>
    <UnitTest name="ManagedCode.Communication.Tests.CollectionResults.CollectionResultFromMethodsTests.From_FuncTaskWithCancellation_ShouldReturnFailedResult" storage="/users/ksemenenko/developer/communication/managedcode.communication.tests/bin/debug/net9.0/managedcode.communication.tests.dll" id="6f633b18-8c5d-0bf5-db3d-b3c803d548db">
      <Execution id="16888d02-2aed-4736-9319-08f167552639" />
      <TestMethod codeBase="/Users/ksemenenko/Developer/Communication/ManagedCode.Communication.Tests/bin/Debug/net9.0/ManagedCode.Communication.Tests.dll" adapterTypeName="executor://xunit/VsTestRunner3/netcore/" className="ManagedCode.Communication.Tests.CollectionResults.CollectionResultFromMethodsTests" name="From_FuncTaskWithCancellation_ShouldReturnFailedResult" />
    </UnitTest>
    <UnitTest name="ManagedCode.Communication.Tests.Serialization.SerializationTests.CommandT_WithValue_ShouldSerializeAndDeserialize" storage="/users/ksemenenko/developer/communication/managedcode.communication.tests/bin/debug/net9.0/managedcode.communication.tests.dll" id="64430dc0-d0ec-3630-f4dc-3035b3446fe0">
      <Execution id="1de65070-74e8-4ad3-bfa5-6be27e914e84" />
      <TestMethod codeBase="/Users/ksemenenko/Developer/Communication/ManagedCode.Communication.Tests/bin/Debug/net9.0/ManagedCode.Communication.Tests.dll" adapterTypeName="executor://xunit/VsTestRunner3/netcore/" className="ManagedCode.Communication.Tests.Serialization.SerializationTests" name="CommandT_WithValue_ShouldSerializeAndDeserialize" />
    </UnitTest>
    <UnitTest name="ManagedCode.Communication.Tests.Results.ResultValueExecutionExtensionsTests.From_Func_ReturnsValue" storage="/users/ksemenenko/developer/communication/managedcode.communication.tests/bin/debug/net9.0/managedcode.communication.tests.dll" id="0ca5a090-c010-2565-0f9a-9468b0513425">
      <Execution id="d4d5eb1d-be08-43b9-a5ad-f44769ba48d4" />
      <TestMethod codeBase="/Users/ksemenenko/Developer/Communication/ManagedCode.Communication.Tests/bin/Debug/net9.0/ManagedCode.Communication.Tests.dll" adapterTypeName="executor://xunit/VsTestRunner3/netcore/" className="ManagedCode.Communication.Tests.Results.ResultValueExecutionExtensionsTests" name="From_Func_ReturnsValue" />
    </UnitTest>
    <UnitTest name="ManagedCode.Communication.Tests.Results.ResultValueExecutionExtensionsTests.From_FuncResult_ReturnsUnderlyingResult" storage="/users/ksemenenko/developer/communication/managedcode.communication.tests/bin/debug/net9.0/managedcode.communication.tests.dll" id="992f8c41-1977-1453-dacf-a1375445c6c8">
      <Execution id="ac352cb7-bd09-4417-a6f9-cc072cfb3cb9" />
      <TestMethod codeBase="/Users/ksemenenko/Developer/Communication/ManagedCode.Communication.Tests/bin/Debug/net9.0/ManagedCode.Communication.Tests.dll" adapterTypeName="executor://xunit/VsTestRunner3/netcore/" className="ManagedCode.Communication.Tests.Results.ResultValueExecutionExtensionsTests" name="From_FuncResult_ReturnsUnderlyingResult" />
    </UnitTest>
    <UnitTest name="ManagedCode.Communication.Tests.ResultExtensionsTests.ComplexPipeline_ShouldProcessCorrectly" storage="/users/ksemenenko/developer/communication/managedcode.communication.tests/bin/debug/net9.0/managedcode.communication.tests.dll" id="342251bc-8c6a-107f-f40f-bd580bcab139">
      <Execution id="b9b52c4c-e928-4a85-81c3-f3b7be1b8183" />
      <TestMethod codeBase="/Users/ksemenenko/Developer/Communication/ManagedCode.Communication.Tests/bin/Debug/net9.0/ManagedCode.Communication.Tests.dll" adapterTypeName="executor://xunit/VsTestRunner3/netcore/" className="ManagedCode.Communication.Tests.ResultExtensionsTests" name="ComplexPipeline_ShouldProcessCorrectly" />
    </UnitTest>
    <UnitTest name="ManagedCode.Communication.Tests.CollectionResults.CollectionResultFailMethodsTests.Fail_WithVariousStatusCodes_ShouldSetCorrectStatusCode(statusCode: InternalServerError, expectedCode: 500)" storage="/users/ksemenenko/developer/communication/managedcode.communication.tests/bin/debug/net9.0/managedcode.communication.tests.dll" id="6c36e8fc-eb19-ac2b-e037-50e452248387">
      <Execution id="68bc821a-09da-4e8b-9c0b-233c83c05c6b" />
      <TestMethod codeBase="/Users/ksemenenko/Developer/Communication/ManagedCode.Communication.Tests/bin/Debug/net9.0/ManagedCode.Communication.Tests.dll" adapterTypeName="executor://xunit/VsTestRunner3/netcore/" className="ManagedCode.Communication.Tests.CollectionResults.CollectionResultFailMethodsTests" name="Fail_WithVariousStatusCodes_ShouldSetCorrectStatusCode" />
    </UnitTest>
    <UnitTest name="ManagedCode.Communication.Tests.Serialization.SerializationTests.Result_WithProblem_ShouldSerializeAndDeserialize" storage="/users/ksemenenko/developer/communication/managedcode.communication.tests/bin/debug/net9.0/managedcode.communication.tests.dll" id="0d212d73-5048-5154-48c3-5b8a40dc9820">
      <Execution id="f30fa401-8dfe-40ec-a66d-b51fd835953b" />
      <TestMethod codeBase="/Users/ksemenenko/Developer/Communication/ManagedCode.Communication.Tests/bin/Debug/net9.0/ManagedCode.Communication.Tests.dll" adapterTypeName="executor://xunit/VsTestRunner3/netcore/" className="ManagedCode.Communication.Tests.Serialization.SerializationTests" name="Result_WithProblem_ShouldSerializeAndDeserialize" />
    </UnitTest>
    <UnitTest name="ManagedCode.Communication.Tests.Extensions.AdvancedRailwayExtensionsTests.FailIf_WithFalseCondition_KeepsSuccess" storage="/users/ksemenenko/developer/communication/managedcode.communication.tests/bin/debug/net9.0/managedcode.communication.tests.dll" id="6ee08595-df8b-8458-88c8-ea8a550f9a05">
      <Execution id="f05bfcba-c3ee-42b2-be77-5cba0efcbbf1" />
      <TestMethod codeBase="/Users/ksemenenko/Developer/Communication/ManagedCode.Communication.Tests/bin/Debug/net9.0/ManagedCode.Communication.Tests.dll" adapterTypeName="executor://xunit/VsTestRunner3/netcore/" className="ManagedCode.Communication.Tests.Extensions.AdvancedRailwayExtensionsTests" name="FailIf_WithFalseCondition_KeepsSuccess" />
    </UnitTest>
    <UnitTest name="ManagedCode.Communication.Tests.Extensions.RailwayExtensionsTests.Tap_FailedResult_DoesNotExecuteAction" storage="/users/ksemenenko/developer/communication/managedcode.communication.tests/bin/debug/net9.0/managedcode.communication.tests.dll" id="5afc63d3-e6c2-fa08-2064-5b3b85269a6c">
      <Execution id="a2746727-ca5d-47fd-8c0c-8f0dd2213d28" />
      <TestMethod codeBase="/Users/ksemenenko/Developer/Communication/ManagedCode.Communication.Tests/bin/Debug/net9.0/ManagedCode.Communication.Tests.dll" adapterTypeName="executor://xunit/VsTestRunner3/netcore/" className="ManagedCode.Communication.Tests.Extensions.RailwayExtensionsTests" name="Tap_FailedResult_DoesNotExecuteAction" />
    </UnitTest>
    <UnitTest name="ManagedCode.Communication.Tests.Results.ResultTFailMethodsTests.ResultT_Fail_WithVeryLongStrings_ShouldHandleCorrectly" storage="/users/ksemenenko/developer/communication/managedcode.communication.tests/bin/debug/net9.0/managedcode.communication.tests.dll" id="eb6df723-a29f-9a70-5f7b-4a692189e22f">
      <Execution id="673d9dda-dcaa-4586-8bfe-11ba82b09be4" />
      <TestMethod codeBase="/Users/ksemenenko/Developer/Communication/ManagedCode.Communication.Tests/bin/Debug/net9.0/ManagedCode.Communication.Tests.dll" adapterTypeName="executor://xunit/VsTestRunner3/netcore/" className="ManagedCode.Communication.Tests.Results.ResultTFailMethodsTests" name="ResultT_Fail_WithVeryLongStrings_ShouldHandleCorrectly" />
    </UnitTest>
    <UnitTest name="ManagedCode.Communication.Tests.AspNetCore.Extensions.CommunicationServiceCollectionExtensionsTests.CommunicationLoggerConfigurationService_StopsWithoutError" storage="/users/ksemenenko/developer/communication/managedcode.communication.tests/bin/debug/net9.0/managedcode.communication.tests.dll" id="0b9462ce-ab81-3e0e-a1aa-53ab68e0bac7">
      <Execution id="0f294553-8774-4920-a8af-5cf3b6ce45c7" />
      <TestMethod codeBase="/Users/ksemenenko/Developer/Communication/ManagedCode.Communication.Tests/bin/Debug/net9.0/ManagedCode.Communication.Tests.dll" adapterTypeName="executor://xunit/VsTestRunner3/netcore/" className="ManagedCode.Communication.Tests.AspNetCore.Extensions.CommunicationServiceCollectionExtensionsTests" name="CommunicationLoggerConfigurationService_StopsWithoutError" />
    </UnitTest>
    <UnitTest name="ManagedCode.Communication.Tests.Orleans.Serialization.ResultSerializationTests.Result_WithValidationProblem_ShouldSerializeCorrectly" storage="/users/ksemenenko/developer/communication/managedcode.communication.tests/bin/debug/net9.0/managedcode.communication.tests.dll" id="9d26e53f-b338-80dd-562a-e1e68c02f67a">
      <Execution id="6e6ae1cd-249e-4384-a334-c59781c25038" />
      <TestMethod codeBase="/Users/ksemenenko/Developer/Communication/ManagedCode.Communication.Tests/bin/Debug/net9.0/ManagedCode.Communication.Tests.dll" adapterTypeName="executor://xunit/VsTestRunner3/netcore/" className="ManagedCode.Communication.Tests.Orleans.Serialization.ResultSerializationTests" name="Result_WithValidationProblem_ShouldSerializeCorrectly" />
    </UnitTest>
    <UnitTest name="ManagedCode.Communication.Tests.Serialization.SerializationTests.ComplexNestedStructure_ShouldSerializeAndDeserialize" storage="/users/ksemenenko/developer/communication/managedcode.communication.tests/bin/debug/net9.0/managedcode.communication.tests.dll" id="af0b0176-41dc-ac96-c773-4c806eea0dff">
      <Execution id="1be1d029-1c92-410d-af4e-44ceec199bb7" />
      <TestMethod codeBase="/Users/ksemenenko/Developer/Communication/ManagedCode.Communication.Tests/bin/Debug/net9.0/ManagedCode.Communication.Tests.dll" adapterTypeName="executor://xunit/VsTestRunner3/netcore/" className="ManagedCode.Communication.Tests.Serialization.SerializationTests" name="ComplexNestedStructure_ShouldSerializeAndDeserialize" />
    </UnitTest>
    <UnitTest name="ManagedCode.Communication.Tests.ProblemTests.ProblemCreateMethodsTests.Problem_AddValidationError_MultipleFields_ShouldCreateSeparateLists" storage="/users/ksemenenko/developer/communication/managedcode.communication.tests/bin/debug/net9.0/managedcode.communication.tests.dll" id="4d4fb53f-3023-b9b5-ddae-ca5ff94e1e21">
      <Execution id="95f18465-e578-41c0-901f-19f1d5843cca" />
      <TestMethod codeBase="/Users/ksemenenko/Developer/Communication/ManagedCode.Communication.Tests/bin/Debug/net9.0/ManagedCode.Communication.Tests.dll" adapterTypeName="executor://xunit/VsTestRunner3/netcore/" className="ManagedCode.Communication.Tests.ProblemTests.ProblemCreateMethodsTests" name="Problem_AddValidationError_MultipleFields_ShouldCreateSeparateLists" />
    </UnitTest>
    <UnitTest name="ManagedCode.Communication.Tests.Results.ResultTFailMethodsTests.ResultT_Fail_WithVariousStatusCodes_ShouldSetCorrectStatusCode(statusCode: Unauthorized, expectedCode: 401)" storage="/users/ksemenenko/developer/communication/managedcode.communication.tests/bin/debug/net9.0/managedcode.communication.tests.dll" id="f8b2f5ca-2f69-2d8d-4212-5d32e0a23134">
      <Execution id="a4df7d00-2a41-4e56-b1e9-42a8dcdeed97" />
      <TestMethod codeBase="/Users/ksemenenko/Developer/Communication/ManagedCode.Communication.Tests/bin/Debug/net9.0/ManagedCode.Communication.Tests.dll" adapterTypeName="executor://xunit/VsTestRunner3/netcore/" className="ManagedCode.Communication.Tests.Results.ResultTFailMethodsTests" name="ResultT_Fail_WithVariousStatusCodes_ShouldSetCorrectStatusCode" />
    </UnitTest>
    <UnitTest name="ManagedCode.Communication.Tests.ProblemTests.ProblemCreateMethodsTests.Problem_GetValidationErrors_WithInvalidType_ShouldReturnNull" storage="/users/ksemenenko/developer/communication/managedcode.communication.tests/bin/debug/net9.0/managedcode.communication.tests.dll" id="10cd1f41-76ea-32a5-7fd7-44bf58e85a64">
      <Execution id="6c928b39-c44b-4ab8-b753-ffdea4ab89e9" />
      <TestMethod codeBase="/Users/ksemenenko/Developer/Communication/ManagedCode.Communication.Tests/bin/Debug/net9.0/ManagedCode.Communication.Tests.dll" adapterTypeName="executor://xunit/VsTestRunner3/netcore/" className="ManagedCode.Communication.Tests.ProblemTests.ProblemCreateMethodsTests" name="Problem_GetValidationErrors_WithInvalidType_ShouldReturnNull" />
    </UnitTest>
    <UnitTest name="ManagedCode.Communication.Tests.AspNetCore.Helpers.HttpStatusCodeHelperTests.GetStatusCodeForException_AspNetSpecificExceptions_ReturnsCorrectStatusCode(exceptionType: typeof(Microsoft.AspNetCore.Http.BadHttpRequestException), expectedStatusCode: BadRequest)" storage="/users/ksemenenko/developer/communication/managedcode.communication.tests/bin/debug/net9.0/managedcode.communication.tests.dll" id="188e8d5a-d1ed-780a-65de-b236c8d92ecc">
      <Execution id="bb75af55-97a4-4b0a-9533-e31cf89437b0" />
      <TestMethod codeBase="/Users/ksemenenko/Developer/Communication/ManagedCode.Communication.Tests/bin/Debug/net9.0/ManagedCode.Communication.Tests.dll" adapterTypeName="executor://xunit/VsTestRunner3/netcore/" className="ManagedCode.Communication.Tests.AspNetCore.Helpers.HttpStatusCodeHelperTests" name="GetStatusCodeForException_AspNetSpecificExceptions_ReturnsCorrectStatusCode" />
    </UnitTest>
    <UnitTest name="ManagedCode.Communication.Tests.Results.ResultStaticHelperMethodsTests.Result_FailT_WithProblem_ShouldCreateFailedResultTWithProblem" storage="/users/ksemenenko/developer/communication/managedcode.communication.tests/bin/debug/net9.0/managedcode.communication.tests.dll" id="6873ac76-f3ab-c022-d36a-a314064542de">
      <Execution id="bc17974e-810d-4943-8702-cda005c6e0cb" />
      <TestMethod codeBase="/Users/ksemenenko/Developer/Communication/ManagedCode.Communication.Tests/bin/Debug/net9.0/ManagedCode.Communication.Tests.dll" adapterTypeName="executor://xunit/VsTestRunner3/netcore/" className="ManagedCode.Communication.Tests.Results.ResultStaticHelperMethodsTests" name="Result_FailT_WithProblem_ShouldCreateFailedResultTWithProblem" />
    </UnitTest>
    <UnitTest name="ManagedCode.Communication.Tests.Serialization.ProblemJsonConverterTests.SerializeDeserialize_RoundTrip_PreservesBasicProperties" storage="/users/ksemenenko/developer/communication/managedcode.communication.tests/bin/debug/net9.0/managedcode.communication.tests.dll" id="4a081906-f0c0-7f45-b4ec-9402f752201c">
      <Execution id="cc7b6087-7be3-47d1-8023-c1c1b99bf7df" />
      <TestMethod codeBase="/Users/ksemenenko/Developer/Communication/ManagedCode.Communication.Tests/bin/Debug/net9.0/ManagedCode.Communication.Tests.dll" adapterTypeName="executor://xunit/VsTestRunner3/netcore/" className="ManagedCode.Communication.Tests.Serialization.ProblemJsonConverterTests" name="SerializeDeserialize_RoundTrip_PreservesBasicProperties" />
    </UnitTest>
    <UnitTest name="ManagedCode.Communication.Tests.Results.ResultExecutionExtensionsTests.From_Task_Faulted_ReturnsProblemWithExceptionDetails" storage="/users/ksemenenko/developer/communication/managedcode.communication.tests/bin/debug/net9.0/managedcode.communication.tests.dll" id="f9970401-1698-33f7-7510-879c47f69eb4">
      <Execution id="49a7a8b8-26fb-4f64-bbd8-396127617d92" />
      <TestMethod codeBase="/Users/ksemenenko/Developer/Communication/ManagedCode.Communication.Tests/bin/Debug/net9.0/ManagedCode.Communication.Tests.dll" adapterTypeName="executor://xunit/VsTestRunner3/netcore/" className="ManagedCode.Communication.Tests.Results.ResultExecutionExtensionsTests" name="From_Task_Faulted_ReturnsProblemWithExceptionDetails" />
    </UnitTest>
    <UnitTest name="ManagedCode.Communication.Tests.Extensions.ProblemExtensionsTests.ToFailedResultT_FromProblem_ShouldCreateFailedResultT" storage="/users/ksemenenko/developer/communication/managedcode.communication.tests/bin/debug/net9.0/managedcode.communication.tests.dll" id="14204546-6fef-c7d5-1d02-bd489a823e27">
      <Execution id="9aec56e0-45a3-451e-8c5f-ab875348d1f1" />
      <TestMethod codeBase="/Users/ksemenenko/Developer/Communication/ManagedCode.Communication.Tests/bin/Debug/net9.0/ManagedCode.Communication.Tests.dll" adapterTypeName="executor://xunit/VsTestRunner3/netcore/" className="ManagedCode.Communication.Tests.Extensions.ProblemExtensionsTests" name="ToFailedResultT_FromProblem_ShouldCreateFailedResultT" />
    </UnitTest>
    <UnitTest name="ManagedCode.Communication.Tests.Extensions.ProblemExtensionsTests.RoundTrip_ProblemDetailsWithNullValues_ShouldHandleGracefully" storage="/users/ksemenenko/developer/communication/managedcode.communication.tests/bin/debug/net9.0/managedcode.communication.tests.dll" id="6f9b44ef-a4fb-2ef9-5064-11b31eaf6d4b">
      <Execution id="6d0aae3c-5371-4742-9030-d1338a8e957d" />
      <TestMethod codeBase="/Users/ksemenenko/Developer/Communication/ManagedCode.Communication.Tests/bin/Debug/net9.0/ManagedCode.Communication.Tests.dll" adapterTypeName="executor://xunit/VsTestRunner3/netcore/" className="ManagedCode.Communication.Tests.Extensions.ProblemExtensionsTests" name="RoundTrip_ProblemDetailsWithNullValues_ShouldHandleGracefully" />
    </UnitTest>
    <UnitTest name="ManagedCode.Communication.Tests.Results.ResultFailMethodsTests.Result_FailUnauthorized_NoParameters_ShouldCreateUnauthorizedResult" storage="/users/ksemenenko/developer/communication/managedcode.communication.tests/bin/debug/net9.0/managedcode.communication.tests.dll" id="532832f5-cae8-48c6-fe23-9e1a56903292">
      <Execution id="86887836-090e-40ae-8399-60d9f9c4dd4c" />
      <TestMethod codeBase="/Users/ksemenenko/Developer/Communication/ManagedCode.Communication.Tests/bin/Debug/net9.0/ManagedCode.Communication.Tests.dll" adapterTypeName="executor://xunit/VsTestRunner3/netcore/" className="ManagedCode.Communication.Tests.Results.ResultFailMethodsTests" name="Result_FailUnauthorized_NoParameters_ShouldCreateUnauthorizedResult" />
    </UnitTest>
    <UnitTest name="ManagedCode.Communication.Tests.Results.CollectionResultInvalidMethodsTests.CollectionResult_Invalid_WithKeyValue_ShouldCreateValidationResultWithKeyValue" storage="/users/ksemenenko/developer/communication/managedcode.communication.tests/bin/debug/net9.0/managedcode.communication.tests.dll" id="18ed10e3-b3b1-05cb-0a5f-0cc844931b21">
      <Execution id="fd739fc1-729d-4fc0-ac7a-18ac377ff8f0" />
      <TestMethod codeBase="/Users/ksemenenko/Developer/Communication/ManagedCode.Communication.Tests/bin/Debug/net9.0/ManagedCode.Communication.Tests.dll" adapterTypeName="executor://xunit/VsTestRunner3/netcore/" className="ManagedCode.Communication.Tests.Results.CollectionResultInvalidMethodsTests" name="CollectionResult_Invalid_WithKeyValue_ShouldCreateValidationResultWithKeyValue" />
    </UnitTest>
    <UnitTest name="ManagedCode.Communication.Tests.Results.ResultTTests.Map_WithFailedResult_ShouldReturnFailedResult" storage="/users/ksemenenko/developer/communication/managedcode.communication.tests/bin/debug/net9.0/managedcode.communication.tests.dll" id="b857bdd6-a10b-15bd-502f-d3e99d2d9689">
      <Execution id="451d256c-1dcd-4e3d-b1e1-ca326058adca" />
      <TestMethod codeBase="/Users/ksemenenko/Developer/Communication/ManagedCode.Communication.Tests/bin/Debug/net9.0/ManagedCode.Communication.Tests.dll" adapterTypeName="executor://xunit/VsTestRunner3/netcore/" className="ManagedCode.Communication.Tests.Results.ResultTTests" name="Map_WithFailedResult_ShouldReturnFailedResult" />
    </UnitTest>
    <UnitTest name="ManagedCode.Communication.Tests.CollectionResults.CollectionResultTaskExtensionsTests.AsValueTask_ReturnsSameCollectionResult" storage="/users/ksemenenko/developer/communication/managedcode.communication.tests/bin/debug/net9.0/managedcode.communication.tests.dll" id="a000804d-2a7d-0208-162b-21794ca01fa0">
      <Execution id="4f963c11-0a2a-4ab5-931e-71709c4b8722" />
      <TestMethod codeBase="/Users/ksemenenko/Developer/Communication/ManagedCode.Communication.Tests/bin/Debug/net9.0/ManagedCode.Communication.Tests.dll" adapterTypeName="executor://xunit/VsTestRunner3/netcore/" className="ManagedCode.Communication.Tests.CollectionResults.CollectionResultTaskExtensionsTests" name="AsValueTask_ReturnsSameCollectionResult" />
    </UnitTest>
    <UnitTest name="ManagedCode.Communication.Tests.Results.ResultHelperMethodsTests.Result_Match_WithFailure_ShouldCallOnFailure" storage="/users/ksemenenko/developer/communication/managedcode.communication.tests/bin/debug/net9.0/managedcode.communication.tests.dll" id="b0c0975d-c610-a767-c328-0155d7e3729c">
      <Execution id="2b71b8af-e461-4762-a553-8eaf21be5a3b" />
      <TestMethod codeBase="/Users/ksemenenko/Developer/Communication/ManagedCode.Communication.Tests/bin/Debug/net9.0/ManagedCode.Communication.Tests.dll" adapterTypeName="executor://xunit/VsTestRunner3/netcore/" className="ManagedCode.Communication.Tests.Results.ResultHelperMethodsTests" name="Result_Match_WithFailure_ShouldCallOnFailure" />
    </UnitTest>
    <UnitTest name="ManagedCode.Communication.Tests.Extensions.HttpResponseExtensionTests.FromRequestToResult_NullContent_WithErrorStatus_ReturnsFailedResult" storage="/users/ksemenenko/developer/communication/managedcode.communication.tests/bin/debug/net9.0/managedcode.communication.tests.dll" id="9dcecbc0-db91-7dce-29a5-821593a72922">
      <Execution id="08535907-9fbc-4f8c-8ffe-b6c22d57c946" />
      <TestMethod codeBase="/Users/ksemenenko/Developer/Communication/ManagedCode.Communication.Tests/bin/Debug/net9.0/ManagedCode.Communication.Tests.dll" adapterTypeName="executor://xunit/VsTestRunner3/netcore/" className="ManagedCode.Communication.Tests.Extensions.HttpResponseExtensionTests" name="FromRequestToResult_NullContent_WithErrorStatus_ReturnsFailedResult" />
    </UnitTest>
    <UnitTest name="ManagedCode.Communication.Tests.AspNetCore.Extensions.ServiceCollectionExtensionsTests.Communication_Should_Handle_Empty_Collections" storage="/users/ksemenenko/developer/communication/managedcode.communication.tests/bin/debug/net9.0/managedcode.communication.tests.dll" id="ae8bdbb0-e445-3041-c219-15ee192365d2">
      <Execution id="806c13ce-5b15-4ad2-b94d-3f52d6626a63" />
      <TestMethod codeBase="/Users/ksemenenko/Developer/Communication/ManagedCode.Communication.Tests/bin/Debug/net9.0/ManagedCode.Communication.Tests.dll" adapterTypeName="executor://xunit/VsTestRunner3/netcore/" className="ManagedCode.Communication.Tests.AspNetCore.Extensions.ServiceCollectionExtensionsTests" name="Communication_Should_Handle_Empty_Collections" />
    </UnitTest>
    <UnitTest name="ManagedCode.Communication.Tests.Serialization.SerializationTests.RoundTrip_PreservesAllData" storage="/users/ksemenenko/developer/communication/managedcode.communication.tests/bin/debug/net9.0/managedcode.communication.tests.dll" id="a52cb0c6-bb59-1170-7a7a-076e1cd628c6">
      <Execution id="1ce82924-ff52-47fe-939e-570297c0ac95" />
      <TestMethod codeBase="/Users/ksemenenko/Developer/Communication/ManagedCode.Communication.Tests/bin/Debug/net9.0/ManagedCode.Communication.Tests.dll" adapterTypeName="executor://xunit/VsTestRunner3/netcore/" className="ManagedCode.Communication.Tests.Serialization.SerializationTests" name="RoundTrip_PreservesAllData" />
    </UnitTest>
    <UnitTest name="ManagedCode.Communication.Tests.Results.ResultTTests.FailNotFound_ShouldCreateNotFoundResult" storage="/users/ksemenenko/developer/communication/managedcode.communication.tests/bin/debug/net9.0/managedcode.communication.tests.dll" id="f8a940f1-8634-0701-daf3-2dcd1e55555d">
      <Execution id="5562ae03-a88e-404a-a501-91e933f5aaaa" />
      <TestMethod codeBase="/Users/ksemenenko/Developer/Communication/ManagedCode.Communication.Tests/bin/Debug/net9.0/ManagedCode.Communication.Tests.dll" adapterTypeName="executor://xunit/VsTestRunner3/netcore/" className="ManagedCode.Communication.Tests.Results.ResultTTests" name="FailNotFound_ShouldCreateNotFoundResult" />
    </UnitTest>
    <UnitTest name="ManagedCode.Communication.Tests.ControllerTests.MiddlewareTests.SuccessResult" storage="/users/ksemenenko/developer/communication/managedcode.communication.tests/bin/debug/net9.0/managedcode.communication.tests.dll" id="7ec712aa-0f40-61e7-c73d-a19584ac1f5b">
      <Execution id="12bb3d63-89de-4d98-8de2-62d808bf3966" />
      <TestMethod codeBase="/Users/ksemenenko/Developer/Communication/ManagedCode.Communication.Tests/bin/Debug/net9.0/ManagedCode.Communication.Tests.dll" adapterTypeName="executor://xunit/VsTestRunner3/netcore/" className="ManagedCode.Communication.Tests.ControllerTests.MiddlewareTests" name="SuccessResult" />
    </UnitTest>
    <UnitTest name="ManagedCode.Communication.Tests.Results.ProblemTests.FromException_ShouldCreateProblemFromException" storage="/users/ksemenenko/developer/communication/managedcode.communication.tests/bin/debug/net9.0/managedcode.communication.tests.dll" id="bfa6a2fe-1dd5-18fe-deaf-f94c809d7864">
      <Execution id="534b025a-c81a-40a1-854a-e9ae91d0eebe" />
      <TestMethod codeBase="/Users/ksemenenko/Developer/Communication/ManagedCode.Communication.Tests/bin/Debug/net9.0/ManagedCode.Communication.Tests.dll" adapterTypeName="executor://xunit/VsTestRunner3/netcore/" className="ManagedCode.Communication.Tests.Results.ProblemTests" name="FromException_ShouldCreateProblemFromException" />
    </UnitTest>
    <UnitTest name="ManagedCode.Communication.Tests.Extensions.ProblemExtensionsTests.ToFailedResultT_FromProblemDetails_ShouldCreateFailedResultT" storage="/users/ksemenenko/developer/communication/managedcode.communication.tests/bin/debug/net9.0/managedcode.communication.tests.dll" id="0f8b9216-b299-d332-8e1f-9a8feee5d1e9">
      <Execution id="35b58c9e-e03f-4cbe-b731-a613a3340982" />
      <TestMethod codeBase="/Users/ksemenenko/Developer/Communication/ManagedCode.Communication.Tests/bin/Debug/net9.0/ManagedCode.Communication.Tests.dll" adapterTypeName="executor://xunit/VsTestRunner3/netcore/" className="ManagedCode.Communication.Tests.Extensions.ProblemExtensionsTests" name="ToFailedResultT_FromProblemDetails_ShouldCreateFailedResultT" />
    </UnitTest>
    <UnitTest name="ManagedCode.Communication.Tests.Results.CollectionResultInvalidMethodsTests.CollectionResult_Invalid_WithEnumAndDictionary_ShouldCreateValidationResultWithErrorCodeAndErrors" storage="/users/ksemenenko/developer/communication/managedcode.communication.tests/bin/debug/net9.0/managedcode.communication.tests.dll" id="6ad0df60-41b3-e199-2385-7ce9a635c0e2">
      <Execution id="f6f41101-b0eb-41be-b4b9-8b3603974e08" />
      <TestMethod codeBase="/Users/ksemenenko/Developer/Communication/ManagedCode.Communication.Tests/bin/Debug/net9.0/ManagedCode.Communication.Tests.dll" adapterTypeName="executor://xunit/VsTestRunner3/netcore/" className="ManagedCode.Communication.Tests.Results.CollectionResultInvalidMethodsTests" name="CollectionResult_Invalid_WithEnumAndDictionary_ShouldCreateValidationResultWithErrorCodeAndErrors" />
    </UnitTest>
    <UnitTest name="ManagedCode.Communication.Tests.Results.ResultStaticHelperMethodsTests.Result_FailValidationT_WithMultipleErrors_ShouldCreateValidationFailedResultTWithAllErrors" storage="/users/ksemenenko/developer/communication/managedcode.communication.tests/bin/debug/net9.0/managedcode.communication.tests.dll" id="c8d77af0-8084-8474-2ecb-63693a6af3aa">
      <Execution id="881af56e-2c88-4265-acb4-69b1f46c34f6" />
      <TestMethod codeBase="/Users/ksemenenko/Developer/Communication/ManagedCode.Communication.Tests/bin/Debug/net9.0/ManagedCode.Communication.Tests.dll" adapterTypeName="executor://xunit/VsTestRunner3/netcore/" className="ManagedCode.Communication.Tests.Results.ResultStaticHelperMethodsTests" name="Result_FailValidationT_WithMultipleErrors_ShouldCreateValidationFailedResultTWithAllErrors" />
    </UnitTest>
    <UnitTest name="ManagedCode.Communication.Tests.CollectionResults.CollectionResultFromMethodsTests.From_TaskReturningArray_ShouldCreateSuccessResult" storage="/users/ksemenenko/developer/communication/managedcode.communication.tests/bin/debug/net9.0/managedcode.communication.tests.dll" id="ba9c39e8-72fd-56e5-9205-e49bf672c8c9">
      <Execution id="9fd43cdf-cb83-4f30-a351-318690de091d" />
      <TestMethod codeBase="/Users/ksemenenko/Developer/Communication/ManagedCode.Communication.Tests/bin/Debug/net9.0/ManagedCode.Communication.Tests.dll" adapterTypeName="executor://xunit/VsTestRunner3/netcore/" className="ManagedCode.Communication.Tests.CollectionResults.CollectionResultFromMethodsTests" name="From_TaskReturningArray_ShouldCreateSuccessResult" />
    </UnitTest>
    <UnitTest name="ManagedCode.Communication.Tests.Results.ResultHelperMethodsTests.Result_ThrowIfFail_WithFailure_ShouldThrowProblemException" storage="/users/ksemenenko/developer/communication/managedcode.communication.tests/bin/debug/net9.0/managedcode.communication.tests.dll" id="b45faf43-dd79-04c9-5445-23da1be779f9">
      <Execution id="397c2b62-61cc-4a74-9dc9-c1f411c6922c" />
      <TestMethod codeBase="/Users/ksemenenko/Developer/Communication/ManagedCode.Communication.Tests/bin/Debug/net9.0/ManagedCode.Communication.Tests.dll" adapterTypeName="executor://xunit/VsTestRunner3/netcore/" className="ManagedCode.Communication.Tests.Results.ResultHelperMethodsTests" name="Result_ThrowIfFail_WithFailure_ShouldThrowProblemException" />
    </UnitTest>
    <UnitTest name="ManagedCode.Communication.Tests.CollectionResults.CollectionResultFailMethodsTests.Fail_WithTitleAndDetail_ShouldCreateFailedResultWithDefaultStatus" storage="/users/ksemenenko/developer/communication/managedcode.communication.tests/bin/debug/net9.0/managedcode.communication.tests.dll" id="1a2bce7c-5d7c-740b-8a3b-5357d8d90197">
      <Execution id="e5694967-9695-41d8-8939-f5723bb7ab7e" />
      <TestMethod codeBase="/Users/ksemenenko/Developer/Communication/ManagedCode.Communication.Tests/bin/Debug/net9.0/ManagedCode.Communication.Tests.dll" adapterTypeName="executor://xunit/VsTestRunner3/netcore/" className="ManagedCode.Communication.Tests.CollectionResults.CollectionResultFailMethodsTests" name="Fail_WithTitleAndDetail_ShouldCreateFailedResultWithDefaultStatus" />
    </UnitTest>
    <UnitTest name="ManagedCode.Communication.Tests.Results.ResultStaticHelperMethodsTests.Result_FailT_WithMessage_ShouldCreateFailedResultTWithProblem" storage="/users/ksemenenko/developer/communication/managedcode.communication.tests/bin/debug/net9.0/managedcode.communication.tests.dll" id="bb5bca1a-3a3d-1d7d-5495-30c05c394e48">
      <Execution id="57b8d6ce-4a8b-47ed-bc49-fe3557277481" />
      <TestMethod codeBase="/Users/ksemenenko/Developer/Communication/ManagedCode.Communication.Tests/bin/Debug/net9.0/ManagedCode.Communication.Tests.dll" adapterTypeName="executor://xunit/VsTestRunner3/netcore/" className="ManagedCode.Communication.Tests.Results.ResultStaticHelperMethodsTests" name="Result_FailT_WithMessage_ShouldCreateFailedResultTWithProblem" />
    </UnitTest>
    <UnitTest name="ManagedCode.Communication.Tests.AspNetCore.Extensions.ControllerExtensionsTests.ToActionResult_WithSuccessResultNoValue_ReturnsNoContent" storage="/users/ksemenenko/developer/communication/managedcode.communication.tests/bin/debug/net9.0/managedcode.communication.tests.dll" id="ca91a9e0-6fc0-a317-fd3a-6f5ade651c3e">
      <Execution id="d963b96d-b151-4963-9df3-4d62bf49c584" />
      <TestMethod codeBase="/Users/ksemenenko/Developer/Communication/ManagedCode.Communication.Tests/bin/Debug/net9.0/ManagedCode.Communication.Tests.dll" adapterTypeName="executor://xunit/VsTestRunner3/netcore/" className="ManagedCode.Communication.Tests.AspNetCore.Extensions.ControllerExtensionsTests" name="ToActionResult_WithSuccessResultNoValue_ReturnsNoContent" />
    </UnitTest>
    <UnitTest name="ManagedCode.Communication.Tests.AspNetCore.Helpers.HttpStatusCodeHelperTests.GetStatusCodeForException_UnknownException_FallsBackToBaseHelper" storage="/users/ksemenenko/developer/communication/managedcode.communication.tests/bin/debug/net9.0/managedcode.communication.tests.dll" id="0f64322a-6465-7604-d056-7e866a62441d">
      <Execution id="490414fc-7f1e-48bc-8e61-d0a278eff2ab" />
      <TestMethod codeBase="/Users/ksemenenko/Developer/Communication/ManagedCode.Communication.Tests/bin/Debug/net9.0/ManagedCode.Communication.Tests.dll" adapterTypeName="executor://xunit/VsTestRunner3/netcore/" className="ManagedCode.Communication.Tests.AspNetCore.Helpers.HttpStatusCodeHelperTests" name="GetStatusCodeForException_UnknownException_FallsBackToBaseHelper" />
    </UnitTest>
    <UnitTest name="ManagedCode.Communication.Tests.Serialization.ProblemJsonConverterTests.Serialize_DifferentTypeValues_HandlesCorrectly(inputType: null, expectedType: &quot;about:blank&quot;)" storage="/users/ksemenenko/developer/communication/managedcode.communication.tests/bin/debug/net9.0/managedcode.communication.tests.dll" id="bb8d7f1d-0bb4-3dea-c4fc-e0834e054d6f">
      <Execution id="2092c6ed-0b2a-4f1b-8db2-6120701ef12a" />
      <TestMethod codeBase="/Users/ksemenenko/Developer/Communication/ManagedCode.Communication.Tests/bin/Debug/net9.0/ManagedCode.Communication.Tests.dll" adapterTypeName="executor://xunit/VsTestRunner3/netcore/" className="ManagedCode.Communication.Tests.Serialization.ProblemJsonConverterTests" name="Serialize_DifferentTypeValues_HandlesCorrectly" />
    </UnitTest>
    <UnitTest name="ManagedCode.Communication.Tests.Orleans.Serialization.ResultSerializationTests.ResultT_WithComplexValue_ShouldSerializeCorrectly" storage="/users/ksemenenko/developer/communication/managedcode.communication.tests/bin/debug/net9.0/managedcode.communication.tests.dll" id="c9c36d3a-0a72-c16b-d9ef-e237a67deccf">
      <Execution id="8327a7bf-eee3-481d-a7ea-58ffbea65ee9" />
      <TestMethod codeBase="/Users/ksemenenko/Developer/Communication/ManagedCode.Communication.Tests/bin/Debug/net9.0/ManagedCode.Communication.Tests.dll" adapterTypeName="executor://xunit/VsTestRunner3/netcore/" className="ManagedCode.Communication.Tests.Orleans.Serialization.ResultSerializationTests" name="ResultT_WithComplexValue_ShouldSerializeCorrectly" />
    </UnitTest>
    <UnitTest name="ManagedCode.Communication.Tests.Results.ProblemExceptionTests.ValidationErrors_WithNonValidationProblem_ShouldReturnNull" storage="/users/ksemenenko/developer/communication/managedcode.communication.tests/bin/debug/net9.0/managedcode.communication.tests.dll" id="912f6c7e-3dd3-46db-c9bf-50f8bac8d60b">
      <Execution id="2e7269cc-baf9-414a-bac3-bda7476971e2" />
      <TestMethod codeBase="/Users/ksemenenko/Developer/Communication/ManagedCode.Communication.Tests/bin/Debug/net9.0/ManagedCode.Communication.Tests.dll" adapterTypeName="executor://xunit/VsTestRunner3/netcore/" className="ManagedCode.Communication.Tests.Results.ProblemExceptionTests" name="ValidationErrors_WithNonValidationProblem_ShouldReturnNull" />
    </UnitTest>
    <UnitTest name="ManagedCode.Communication.Tests.CollectionResults.CollectionResultFromMethodsTests.From_FuncTaskCollectionResult_ShouldReturnResult" storage="/users/ksemenenko/developer/communication/managedcode.communication.tests/bin/debug/net9.0/managedcode.communication.tests.dll" id="d85f5829-9dcd-6a4b-82f8-5c9a70353087">
      <Execution id="451ec722-a9fd-4510-9fd1-16b7d13a5fb1" />
      <TestMethod codeBase="/Users/ksemenenko/Developer/Communication/ManagedCode.Communication.Tests/bin/Debug/net9.0/ManagedCode.Communication.Tests.dll" adapterTypeName="executor://xunit/VsTestRunner3/netcore/" className="ManagedCode.Communication.Tests.CollectionResults.CollectionResultFromMethodsTests" name="From_FuncTaskCollectionResult_ShouldReturnResult" />
    </UnitTest>
    <UnitTest name="ManagedCode.Communication.Tests.ControllerTests.MiddlewareTests.NotFoundResult" storage="/users/ksemenenko/developer/communication/managedcode.communication.tests/bin/debug/net9.0/managedcode.communication.tests.dll" id="3fbb058d-9598-d297-cfc7-b0e227b60076">
      <Execution id="f3e2f96c-a747-4638-81e2-ecccc66659ff" />
      <TestMethod codeBase="/Users/ksemenenko/Developer/Communication/ManagedCode.Communication.Tests/bin/Debug/net9.0/ManagedCode.Communication.Tests.dll" adapterTypeName="executor://xunit/VsTestRunner3/netcore/" className="ManagedCode.Communication.Tests.ControllerTests.MiddlewareTests" name="NotFoundResult" />
    </UnitTest>
    <UnitTest name="ManagedCode.Communication.Tests.AspNetCore.Extensions.ControllerExtensionsTests.ToActionResult_WithSuccessResult_ReturnsOkObjectResult" storage="/users/ksemenenko/developer/communication/managedcode.communication.tests/bin/debug/net9.0/managedcode.communication.tests.dll" id="03803b69-013e-45b2-64bc-f738fc9a09c2">
      <Execution id="1265e6d0-6a3f-4d6a-bc73-5f5637077e9c" />
      <TestMethod codeBase="/Users/ksemenenko/Developer/Communication/ManagedCode.Communication.Tests/bin/Debug/net9.0/ManagedCode.Communication.Tests.dll" adapterTypeName="executor://xunit/VsTestRunner3/netcore/" className="ManagedCode.Communication.Tests.AspNetCore.Extensions.ControllerExtensionsTests" name="ToActionResult_WithSuccessResult_ReturnsOkObjectResult" />
    </UnitTest>
    <UnitTest name="ManagedCode.Communication.Tests.Results.CollectionResultTests.InvalidFieldError_WithValidationProblem_ShouldReturnErrorMessage" storage="/users/ksemenenko/developer/communication/managedcode.communication.tests/bin/debug/net9.0/managedcode.communication.tests.dll" id="7a125942-0a04-b9bf-5e0a-a73b56af923d">
      <Execution id="09cbe2e0-a35a-4cd3-88a7-165cedd8f864" />
      <TestMethod codeBase="/Users/ksemenenko/Developer/Communication/ManagedCode.Communication.Tests/bin/Debug/net9.0/ManagedCode.Communication.Tests.dll" adapterTypeName="executor://xunit/VsTestRunner3/netcore/" className="ManagedCode.Communication.Tests.Results.CollectionResultTests" name="InvalidFieldError_WithValidationProblem_ShouldReturnErrorMessage" />
    </UnitTest>
    <UnitTest name="ManagedCode.Communication.Tests.Results.ResultTFailMethodsTests.ResultT_FailValidation_WithDuplicateFields_ShouldCombineErrors" storage="/users/ksemenenko/developer/communication/managedcode.communication.tests/bin/debug/net9.0/managedcode.communication.tests.dll" id="08587cdb-9504-186b-dbc3-8b9a87b10c10">
      <Execution id="a8bf64dc-f4b8-45a7-b295-fa387609f8aa" />
      <TestMethod codeBase="/Users/ksemenenko/Developer/Communication/ManagedCode.Communication.Tests/bin/Debug/net9.0/ManagedCode.Communication.Tests.dll" adapterTypeName="executor://xunit/VsTestRunner3/netcore/" className="ManagedCode.Communication.Tests.Results.ResultTFailMethodsTests" name="ResultT_FailValidation_WithDuplicateFields_ShouldCombineErrors" />
    </UnitTest>
    <UnitTest name="ManagedCode.Communication.Tests.Results.ResultValueExecutionExtensionsTests.From_Task_ReturnsSuccess" storage="/users/ksemenenko/developer/communication/managedcode.communication.tests/bin/debug/net9.0/managedcode.communication.tests.dll" id="943dfe23-6c96-8207-4db4-abb06c481fe6">
      <Execution id="2ea18ada-3196-4e1b-a9b7-8bf2376eb640" />
      <TestMethod codeBase="/Users/ksemenenko/Developer/Communication/ManagedCode.Communication.Tests/bin/Debug/net9.0/ManagedCode.Communication.Tests.dll" adapterTypeName="executor://xunit/VsTestRunner3/netcore/" className="ManagedCode.Communication.Tests.Results.ResultValueExecutionExtensionsTests" name="From_Task_ReturnsSuccess" />
    </UnitTest>
    <UnitTest name="ManagedCode.Communication.Tests.Results.RailwayOrientedProgrammingTests.ComplexChain_WithFailure_ShouldShortCircuit" storage="/users/ksemenenko/developer/communication/managedcode.communication.tests/bin/debug/net9.0/managedcode.communication.tests.dll" id="1f757bc5-86da-e122-1d55-9a03114706b1">
      <Execution id="675b6c64-489c-4089-8230-6c9775144392" />
      <TestMethod codeBase="/Users/ksemenenko/Developer/Communication/ManagedCode.Communication.Tests/bin/Debug/net9.0/ManagedCode.Communication.Tests.dll" adapterTypeName="executor://xunit/VsTestRunner3/netcore/" className="ManagedCode.Communication.Tests.Results.RailwayOrientedProgrammingTests" name="ComplexChain_WithFailure_ShouldShortCircuit" />
    </UnitTest>
    <UnitTest name="ManagedCode.Communication.Tests.Results.ProblemToExceptionTests.ToException_WithNonExceptionType_ShouldFallbackToProblemException" storage="/users/ksemenenko/developer/communication/managedcode.communication.tests/bin/debug/net9.0/managedcode.communication.tests.dll" id="2367f857-59aa-58a4-330a-cf98fe9cbd82">
      <Execution id="d317cb21-7a5f-4243-9314-e0da9f335b7b" />
      <TestMethod codeBase="/Users/ksemenenko/Developer/Communication/ManagedCode.Communication.Tests/bin/Debug/net9.0/ManagedCode.Communication.Tests.dll" adapterTypeName="executor://xunit/VsTestRunner3/netcore/" className="ManagedCode.Communication.Tests.Results.ProblemToExceptionTests" name="ToException_WithNonExceptionType_ShouldFallbackToProblemException" />
    </UnitTest>
    <UnitTest name="ManagedCode.Communication.Tests.Extensions.HttpResponseExtensionTests.FromRequestToResult_VariousSuccessCodes_ReturnsSuccessResult(statusCode: Created)" storage="/users/ksemenenko/developer/communication/managedcode.communication.tests/bin/debug/net9.0/managedcode.communication.tests.dll" id="fac5a5a6-3df3-1003-499e-8b36ce0df94d">
      <Execution id="8f2d04cc-88ac-4612-89b4-2af035823f21" />
      <TestMethod codeBase="/Users/ksemenenko/Developer/Communication/ManagedCode.Communication.Tests/bin/Debug/net9.0/ManagedCode.Communication.Tests.dll" adapterTypeName="executor://xunit/VsTestRunner3/netcore/" className="ManagedCode.Communication.Tests.Extensions.HttpResponseExtensionTests" name="FromRequestToResult_VariousSuccessCodes_ReturnsSuccessResult" />
    </UnitTest>
    <UnitTest name="ManagedCode.Communication.Tests.Commands.CommandTests.FromValue" storage="/users/ksemenenko/developer/communication/managedcode.communication.tests/bin/debug/net9.0/managedcode.communication.tests.dll" id="d1f027cb-91cb-a032-394a-24ef43e517de">
      <Execution id="0d1164e7-712d-4fc2-a624-1006e8ff7c4b" />
      <TestMethod codeBase="/Users/ksemenenko/Developer/Communication/ManagedCode.Communication.Tests/bin/Debug/net9.0/ManagedCode.Communication.Tests.dll" adapterTypeName="executor://xunit/VsTestRunner3/netcore/" className="ManagedCode.Communication.Tests.Commands.CommandTests" name="FromValue" />
    </UnitTest>
    <UnitTest name="ManagedCode.Communication.Tests.Results.CollectionResultTests.TryGetProblem_WithFailedResult_ShouldReturnTrueAndProblem" storage="/users/ksemenenko/developer/communication/managedcode.communication.tests/bin/debug/net9.0/managedcode.communication.tests.dll" id="e6978d63-8432-1fb5-de7e-ad5cae526227">
      <Execution id="f2c5d9ea-eb7c-4353-b46b-dc4e19414048" />
      <TestMethod codeBase="/Users/ksemenenko/Developer/Communication/ManagedCode.Communication.Tests/bin/Debug/net9.0/ManagedCode.Communication.Tests.dll" adapterTypeName="executor://xunit/VsTestRunner3/netcore/" className="ManagedCode.Communication.Tests.Results.CollectionResultTests" name="TryGetProblem_WithFailedResult_ShouldReturnTrueAndProblem" />
    </UnitTest>
    <UnitTest name="ManagedCode.Communication.Tests.CollectionResults.CollectionResultFromMethodsTests.From_FuncThrowingExceptionForCollectionResult_ShouldReturnFailedResult" storage="/users/ksemenenko/developer/communication/managedcode.communication.tests/bin/debug/net9.0/managedcode.communication.tests.dll" id="d102cefa-33e2-3c8d-7bd8-79d740844fb3">
      <Execution id="564bb7ea-4dac-4a09-a844-3b7a01f4aba9" />
      <TestMethod codeBase="/Users/ksemenenko/Developer/Communication/ManagedCode.Communication.Tests/bin/Debug/net9.0/ManagedCode.Communication.Tests.dll" adapterTypeName="executor://xunit/VsTestRunner3/netcore/" className="ManagedCode.Communication.Tests.CollectionResults.CollectionResultFromMethodsTests" name="From_FuncThrowingExceptionForCollectionResult_ShouldReturnFailedResult" />
    </UnitTest>
    <UnitTest name="ManagedCode.Communication.Tests.Extensions.ServiceCollectionExtensionsTests.LoggerCenter_SourceGenerators_Work" storage="/users/ksemenenko/developer/communication/managedcode.communication.tests/bin/debug/net9.0/managedcode.communication.tests.dll" id="938eee19-3b95-01e5-4d4c-94246f1dd808">
      <Execution id="c06c47f2-c572-4a42-977b-763ab48f907c" />
      <TestMethod codeBase="/Users/ksemenenko/Developer/Communication/ManagedCode.Communication.Tests/bin/Debug/net9.0/ManagedCode.Communication.Tests.dll" adapterTypeName="executor://xunit/VsTestRunner3/netcore/" className="ManagedCode.Communication.Tests.Extensions.ServiceCollectionExtensionsTests" name="LoggerCenter_SourceGenerators_Work" />
    </UnitTest>
    <UnitTest name="ManagedCode.Communication.Tests.Results.ResultInvalidMethodsTests.ResultT_Invalid_WithEnumAndMessage_ShouldCreateValidationResultWithBoth" storage="/users/ksemenenko/developer/communication/managedcode.communication.tests/bin/debug/net9.0/managedcode.communication.tests.dll" id="99276385-6909-321c-1b95-b70e5933d41e">
      <Execution id="d3b0302d-d510-4387-a95c-4eae5ec62d1b" />
      <TestMethod codeBase="/Users/ksemenenko/Developer/Communication/ManagedCode.Communication.Tests/bin/Debug/net9.0/ManagedCode.Communication.Tests.dll" adapterTypeName="executor://xunit/VsTestRunner3/netcore/" className="ManagedCode.Communication.Tests.Results.ResultInvalidMethodsTests" name="ResultT_Invalid_WithEnumAndMessage_ShouldCreateValidationResultWithBoth" />
    </UnitTest>
    <UnitTest name="ManagedCode.Communication.Tests.Results.ResultExecutionExtensionsTests.From_ValueTask_Faulted_ReturnsGenericFailure" storage="/users/ksemenenko/developer/communication/managedcode.communication.tests/bin/debug/net9.0/managedcode.communication.tests.dll" id="c34e2d2d-a48b-ae91-c587-d47911a907d1">
      <Execution id="70257786-2a95-47e0-83df-0e16258a8a2e" />
      <TestMethod codeBase="/Users/ksemenenko/Developer/Communication/ManagedCode.Communication.Tests/bin/Debug/net9.0/ManagedCode.Communication.Tests.dll" adapterTypeName="executor://xunit/VsTestRunner3/netcore/" className="ManagedCode.Communication.Tests.Results.ResultExecutionExtensionsTests" name="From_ValueTask_Faulted_ReturnsGenericFailure" />
    </UnitTest>
    <UnitTest name="ManagedCode.Communication.Tests.AspNetCore.Extensions.ServiceCollectionExtensionsTests.Communication_Should_Handle_NotFound_Result" storage="/users/ksemenenko/developer/communication/managedcode.communication.tests/bin/debug/net9.0/managedcode.communication.tests.dll" id="148b39b4-9949-c427-e52f-f445008acd77">
      <Execution id="c631d6d8-0faa-4711-8f44-f7b22538d054" />
      <TestMethod codeBase="/Users/ksemenenko/Developer/Communication/ManagedCode.Communication.Tests/bin/Debug/net9.0/ManagedCode.Communication.Tests.dll" adapterTypeName="executor://xunit/VsTestRunner3/netcore/" className="ManagedCode.Communication.Tests.AspNetCore.Extensions.ServiceCollectionExtensionsTests" name="Communication_Should_Handle_NotFound_Result" />
    </UnitTest>
    <UnitTest name="ManagedCode.Communication.Tests.OrleansTests.GrainClientTests.ValueTaskResultStringError" storage="/users/ksemenenko/developer/communication/managedcode.communication.tests/bin/debug/net9.0/managedcode.communication.tests.dll" id="c87476d9-d6c4-b192-533c-f3fd92f25649">
      <Execution id="5cfbbaa6-9e07-48bc-b001-752626d968db" />
      <TestMethod codeBase="/Users/ksemenenko/Developer/Communication/ManagedCode.Communication.Tests/bin/Debug/net9.0/ManagedCode.Communication.Tests.dll" adapterTypeName="executor://xunit/VsTestRunner3/netcore/" className="ManagedCode.Communication.Tests.OrleansTests.GrainClientTests" name="ValueTaskResultStringError" />
    </UnitTest>
    <UnitTest name="ManagedCode.Communication.Tests.Extensions.AdvancedRailwayExtensionsTests.CompensateAsync_WithFailure_ExecutesAsyncRecovery" storage="/users/ksemenenko/developer/communication/managedcode.communication.tests/bin/debug/net9.0/managedcode.communication.tests.dll" id="d331ef3f-7107-54ae-0c84-b5478edee8fe">
      <Execution id="5b741812-8ed2-4de3-a1cb-eacd05ef4a2a" />
      <TestMethod codeBase="/Users/ksemenenko/Developer/Communication/ManagedCode.Communication.Tests/bin/Debug/net9.0/ManagedCode.Communication.Tests.dll" adapterTypeName="executor://xunit/VsTestRunner3/netcore/" className="ManagedCode.Communication.Tests.Extensions.AdvancedRailwayExtensionsTests" name="CompensateAsync_WithFailure_ExecutesAsyncRecovery" />
    </UnitTest>
    <UnitTest name="ManagedCode.Communication.Tests.Extensions.AdvancedRailwayExtensionsTests.Compensate_WithSuccess_DoesNotExecuteRecovery" storage="/users/ksemenenko/developer/communication/managedcode.communication.tests/bin/debug/net9.0/managedcode.communication.tests.dll" id="e201321c-6364-817c-50cc-555021426f7e">
      <Execution id="7d2560a1-34a9-4663-b7f7-03b0b2953f4f" />
      <TestMethod codeBase="/Users/ksemenenko/Developer/Communication/ManagedCode.Communication.Tests/bin/Debug/net9.0/ManagedCode.Communication.Tests.dll" adapterTypeName="executor://xunit/VsTestRunner3/netcore/" className="ManagedCode.Communication.Tests.Extensions.AdvancedRailwayExtensionsTests" name="Compensate_WithSuccess_DoesNotExecuteRecovery" />
    </UnitTest>
    <UnitTest name="ManagedCode.Communication.Tests.Results.ResultOperatorsTests.Result_TryAsync_WithSuccessfulAction_ShouldReturnSuccessResult" storage="/users/ksemenenko/developer/communication/managedcode.communication.tests/bin/debug/net9.0/managedcode.communication.tests.dll" id="18415b52-0d3b-632d-e54d-5820f161e676">
      <Execution id="5e4abd82-2a7e-4274-a919-8383495fdc7d" />
      <TestMethod codeBase="/Users/ksemenenko/Developer/Communication/ManagedCode.Communication.Tests/bin/Debug/net9.0/ManagedCode.Communication.Tests.dll" adapterTypeName="executor://xunit/VsTestRunner3/netcore/" className="ManagedCode.Communication.Tests.Results.ResultOperatorsTests" name="Result_TryAsync_WithSuccessfulAction_ShouldReturnSuccessResult" />
    </UnitTest>
    <UnitTest name="ManagedCode.Communication.Tests.ResultExtensionsTests.BindAsyncGeneric_WithSuccessResult_ShouldChainAsyncOperations" storage="/users/ksemenenko/developer/communication/managedcode.communication.tests/bin/debug/net9.0/managedcode.communication.tests.dll" id="59a8f339-f82c-db3a-3ce5-7a3aa210b60d">
      <Execution id="13695500-e40b-4206-8991-f37586cec799" />
      <TestMethod codeBase="/Users/ksemenenko/Developer/Communication/ManagedCode.Communication.Tests/bin/Debug/net9.0/ManagedCode.Communication.Tests.dll" adapterTypeName="executor://xunit/VsTestRunner3/netcore/" className="ManagedCode.Communication.Tests.ResultExtensionsTests" name="BindAsyncGeneric_WithSuccessResult_ShouldChainAsyncOperations" />
    </UnitTest>
    <UnitTest name="ManagedCode.Communication.Tests.Results.ResultValueExecutionExtensionsTests.From_ValueTaskReturningResult_Success" storage="/users/ksemenenko/developer/communication/managedcode.communication.tests/bin/debug/net9.0/managedcode.communication.tests.dll" id="3f1ee4fc-a7d8-c760-390c-3e7b08ade2d5">
      <Execution id="2c350951-f2b0-4bb4-8790-04748aeb0f23" />
      <TestMethod codeBase="/Users/ksemenenko/Developer/Communication/ManagedCode.Communication.Tests/bin/Debug/net9.0/ManagedCode.Communication.Tests.dll" adapterTypeName="executor://xunit/VsTestRunner3/netcore/" className="ManagedCode.Communication.Tests.Results.ResultValueExecutionExtensionsTests" name="From_ValueTaskReturningResult_Success" />
    </UnitTest>
    <UnitTest name="ManagedCode.Communication.Tests.Results.ResultValueExecutionExtensionsTests.ToResult_FromFailedGenericResult_PreservesProblem" storage="/users/ksemenenko/developer/communication/managedcode.communication.tests/bin/debug/net9.0/managedcode.communication.tests.dll" id="255d2cd2-876c-f129-6fcb-5b011d6dabca">
      <Execution id="f3c2716e-aa2d-45bf-bb35-642a7d40242f" />
      <TestMethod codeBase="/Users/ksemenenko/Developer/Communication/ManagedCode.Communication.Tests/bin/Debug/net9.0/ManagedCode.Communication.Tests.dll" adapterTypeName="executor://xunit/VsTestRunner3/netcore/" className="ManagedCode.Communication.Tests.Results.ResultValueExecutionExtensionsTests" name="ToResult_FromFailedGenericResult_PreservesProblem" />
    </UnitTest>
    <UnitTest name="ManagedCode.Communication.Tests.Serialization.ProblemJsonConverterTests.Serialize_ProblemWithErrorCode_IncludesErrorCode" storage="/users/ksemenenko/developer/communication/managedcode.communication.tests/bin/debug/net9.0/managedcode.communication.tests.dll" id="25b0e57c-5ba9-760a-cf42-a84a18ecc62c">
      <Execution id="0f0e5ae1-0aa9-4ab6-87ce-706d74473d4d" />
      <TestMethod codeBase="/Users/ksemenenko/Developer/Communication/ManagedCode.Communication.Tests/bin/Debug/net9.0/ManagedCode.Communication.Tests.dll" adapterTypeName="executor://xunit/VsTestRunner3/netcore/" className="ManagedCode.Communication.Tests.Serialization.ProblemJsonConverterTests" name="Serialize_ProblemWithErrorCode_IncludesErrorCode" />
    </UnitTest>
    <UnitTest name="ManagedCode.Communication.Tests.Results.ResultHelperMethodsTests.ResultT_TryAsync_WithSuccessfulTask_ShouldReturnSuccessWithValue" storage="/users/ksemenenko/developer/communication/managedcode.communication.tests/bin/debug/net9.0/managedcode.communication.tests.dll" id="49c46075-0a42-052a-7a74-65c78fd3a54b">
      <Execution id="21a2f757-f4b4-40e1-b186-69d1dea4e0ff" />
      <TestMethod codeBase="/Users/ksemenenko/Developer/Communication/ManagedCode.Communication.Tests/bin/Debug/net9.0/ManagedCode.Communication.Tests.dll" adapterTypeName="executor://xunit/VsTestRunner3/netcore/" className="ManagedCode.Communication.Tests.Results.ResultHelperMethodsTests" name="ResultT_TryAsync_WithSuccessfulTask_ShouldReturnSuccessWithValue" />
    </UnitTest>
    <UnitTest name="ManagedCode.Communication.Tests.Results.ResultInvalidMethodsTests.ResultT_Invalid_WithoutParameters_ShouldCreateValidationResult" storage="/users/ksemenenko/developer/communication/managedcode.communication.tests/bin/debug/net9.0/managedcode.communication.tests.dll" id="09e23c6d-513f-3f21-c4c1-44bb3aa0bfe8">
      <Execution id="354d3b3f-9e2e-42fb-8e35-4ee7947883f6" />
      <TestMethod codeBase="/Users/ksemenenko/Developer/Communication/ManagedCode.Communication.Tests/bin/Debug/net9.0/ManagedCode.Communication.Tests.dll" adapterTypeName="executor://xunit/VsTestRunner3/netcore/" className="ManagedCode.Communication.Tests.Results.ResultInvalidMethodsTests" name="ResultT_Invalid_WithoutParameters_ShouldCreateValidationResult" />
    </UnitTest>
    <UnitTest name="ManagedCode.Communication.Tests.Commands.MemoryCacheCommandIdempotencyStoreTests.GetCommandStatusAsync_NewCommand_ReturnsNotFound" storage="/users/ksemenenko/developer/communication/managedcode.communication.tests/bin/debug/net9.0/managedcode.communication.tests.dll" id="2c8ccf95-35cf-1a4a-9ea1-4ac6fdceea53">
      <Execution id="b5b496d7-9b40-4afa-b972-0d7cb24be6ff" />
      <TestMethod codeBase="/Users/ksemenenko/Developer/Communication/ManagedCode.Communication.Tests/bin/Debug/net9.0/ManagedCode.Communication.Tests.dll" adapterTypeName="executor://xunit/VsTestRunner3/netcore/" className="ManagedCode.Communication.Tests.Commands.MemoryCacheCommandIdempotencyStoreTests" name="GetCommandStatusAsync_NewCommand_ReturnsNotFound" />
    </UnitTest>
    <UnitTest name="ManagedCode.Communication.Tests.CollectionResults.CollectionResultFromMethodsTests.From_ValueTaskWithException_ShouldReturnFailedResult" storage="/users/ksemenenko/developer/communication/managedcode.communication.tests/bin/debug/net9.0/managedcode.communication.tests.dll" id="cba045b0-e2c3-6ee4-807a-f0cc507f11e5">
      <Execution id="d00b57d5-ecb8-4308-a32c-4234455a3ca1" />
      <TestMethod codeBase="/Users/ksemenenko/Developer/Communication/ManagedCode.Communication.Tests/bin/Debug/net9.0/ManagedCode.Communication.Tests.dll" adapterTypeName="executor://xunit/VsTestRunner3/netcore/" className="ManagedCode.Communication.Tests.CollectionResults.CollectionResultFromMethodsTests" name="From_ValueTaskWithException_ShouldReturnFailedResult" />
    </UnitTest>
    <UnitTest name="ManagedCode.Communication.Tests.Extensions.HttpResponseExtensionTests.FromRequestToResult_VariousErrorCodes_ReturnsFailedResult(statusCode: BadGateway)" storage="/users/ksemenenko/developer/communication/managedcode.communication.tests/bin/debug/net9.0/managedcode.communication.tests.dll" id="9f2f9acf-342d-ecbf-b67b-31f17d6aa429">
      <Execution id="5301967c-96d7-4e16-bd9f-d9d22cb1eb5f" />
      <TestMethod codeBase="/Users/ksemenenko/Developer/Communication/ManagedCode.Communication.Tests/bin/Debug/net9.0/ManagedCode.Communication.Tests.dll" adapterTypeName="executor://xunit/VsTestRunner3/netcore/" className="ManagedCode.Communication.Tests.Extensions.HttpResponseExtensionTests" name="FromRequestToResult_VariousErrorCodes_ReturnsFailedResult" />
    </UnitTest>
    <UnitTest name="ManagedCode.Communication.Tests.Results.ResultOperatorsTests.ResultT_From_WithFunc_ShouldExecuteAndWrapResult" storage="/users/ksemenenko/developer/communication/managedcode.communication.tests/bin/debug/net9.0/managedcode.communication.tests.dll" id="c3780753-5660-83a3-d765-176e98177e02">
      <Execution id="9fd5cffd-c82f-4abe-9cfa-52e3b29c449d" />
      <TestMethod codeBase="/Users/ksemenenko/Developer/Communication/ManagedCode.Communication.Tests/bin/Debug/net9.0/ManagedCode.Communication.Tests.dll" adapterTypeName="executor://xunit/VsTestRunner3/netcore/" className="ManagedCode.Communication.Tests.Results.ResultOperatorsTests" name="ResultT_From_WithFunc_ShouldExecuteAndWrapResult" />
    </UnitTest>
    <UnitTest name="ManagedCode.Communication.Tests.Results.ResultTests.From_WithException_ShouldCreateFailedResult" storage="/users/ksemenenko/developer/communication/managedcode.communication.tests/bin/debug/net9.0/managedcode.communication.tests.dll" id="aad140b3-4196-9d5b-27c9-77ac877f082f">
      <Execution id="af393ff1-cc56-40f3-8ae8-1bef2ffc85e1" />
      <TestMethod codeBase="/Users/ksemenenko/Developer/Communication/ManagedCode.Communication.Tests/bin/Debug/net9.0/ManagedCode.Communication.Tests.dll" adapterTypeName="executor://xunit/VsTestRunner3/netcore/" className="ManagedCode.Communication.Tests.Results.ResultTests" name="From_WithException_ShouldCreateFailedResult" />
    </UnitTest>
    <UnitTest name="ManagedCode.Communication.Tests.Results.ResultTFailMethodsTests.ResultT_Fail_WithExceptionAndStatus_ShouldCreateFailedResultWithSpecifiedStatus" storage="/users/ksemenenko/developer/communication/managedcode.communication.tests/bin/debug/net9.0/managedcode.communication.tests.dll" id="2c4ab2a0-5b84-fdeb-332e-fc8fa28ff2a8">
      <Execution id="21aac425-3e1d-4b80-be90-143ea0ae4954" />
      <TestMethod codeBase="/Users/ksemenenko/Developer/Communication/ManagedCode.Communication.Tests/bin/Debug/net9.0/ManagedCode.Communication.Tests.dll" adapterTypeName="executor://xunit/VsTestRunner3/netcore/" className="ManagedCode.Communication.Tests.Results.ResultTFailMethodsTests" name="ResultT_Fail_WithExceptionAndStatus_ShouldCreateFailedResultWithSpecifiedStatus" />
    </UnitTest>
    <UnitTest name="ManagedCode.Communication.Tests.Extensions.ResultConversionExtensionsTests.AsResult_WithComplexObject_CreatesSuccessfulResult" storage="/users/ksemenenko/developer/communication/managedcode.communication.tests/bin/debug/net9.0/managedcode.communication.tests.dll" id="a97143cb-6e59-8768-a70f-00f80b654e8d">
      <Execution id="2f84ebeb-c782-41ac-89d4-88abbbc1274c" />
      <TestMethod codeBase="/Users/ksemenenko/Developer/Communication/ManagedCode.Communication.Tests/bin/Debug/net9.0/ManagedCode.Communication.Tests.dll" adapterTypeName="executor://xunit/VsTestRunner3/netcore/" className="ManagedCode.Communication.Tests.Extensions.ResultConversionExtensionsTests" name="AsResult_WithComplexObject_CreatesSuccessfulResult" />
    </UnitTest>
    <UnitTest name="ManagedCode.Communication.Tests.Results.CollectionResultTests.Succeed_WithArrayOnly_ShouldCalculatePagingInfo" storage="/users/ksemenenko/developer/communication/managedcode.communication.tests/bin/debug/net9.0/managedcode.communication.tests.dll" id="52aa0a27-dd41-6786-2c85-98c2fe5a5a8d">
      <Execution id="8356c92b-a566-40a5-858c-8596b2990949" />
      <TestMethod codeBase="/Users/ksemenenko/Developer/Communication/ManagedCode.Communication.Tests/bin/Debug/net9.0/ManagedCode.Communication.Tests.dll" adapterTypeName="executor://xunit/VsTestRunner3/netcore/" className="ManagedCode.Communication.Tests.Results.CollectionResultTests" name="Succeed_WithArrayOnly_ShouldCalculatePagingInfo" />
    </UnitTest>
    <UnitTest name="ManagedCode.Communication.Tests.OrleansTests.GrainClientTests.ValueTaskResultComplexObject" storage="/users/ksemenenko/developer/communication/managedcode.communication.tests/bin/debug/net9.0/managedcode.communication.tests.dll" id="5ef343f7-cc0d-47aa-b43e-c9be70797afb">
      <Execution id="816c30b4-1e86-45e9-b5df-313733bbbdcf" />
      <TestMethod codeBase="/Users/ksemenenko/Developer/Communication/ManagedCode.Communication.Tests/bin/Debug/net9.0/ManagedCode.Communication.Tests.dll" adapterTypeName="executor://xunit/VsTestRunner3/netcore/" className="ManagedCode.Communication.Tests.OrleansTests.GrainClientTests" name="ValueTaskResultComplexObject" />
    </UnitTest>
    <UnitTest name="ManagedCode.Communication.Tests.ResultExtensionsTests.Ensure_WithFailingPredicate_ShouldFail" storage="/users/ksemenenko/developer/communication/managedcode.communication.tests/bin/debug/net9.0/managedcode.communication.tests.dll" id="7166e05f-60b9-3728-f3a5-1af83e5aad4c">
      <Execution id="8f2c15f1-8751-439a-a312-50a9fe52f127" />
      <TestMethod codeBase="/Users/ksemenenko/Developer/Communication/ManagedCode.Communication.Tests/bin/Debug/net9.0/ManagedCode.Communication.Tests.dll" adapterTypeName="executor://xunit/VsTestRunner3/netcore/" className="ManagedCode.Communication.Tests.ResultExtensionsTests" name="Ensure_WithFailingPredicate_ShouldFail" />
    </UnitTest>
    <UnitTest name="ManagedCode.Communication.Tests.CollectionResults.CollectionResultFailMethodsTests.Fail_WithInnerException_ShouldPreserveOuterExceptionInfo" storage="/users/ksemenenko/developer/communication/managedcode.communication.tests/bin/debug/net9.0/managedcode.communication.tests.dll" id="5804b4b4-4d14-d511-1065-baeb15ae9d58">
      <Execution id="1eb5d8a2-cdf6-419c-b35b-da3218f408bb" />
      <TestMethod codeBase="/Users/ksemenenko/Developer/Communication/ManagedCode.Communication.Tests/bin/Debug/net9.0/ManagedCode.Communication.Tests.dll" adapterTypeName="executor://xunit/VsTestRunner3/netcore/" className="ManagedCode.Communication.Tests.CollectionResults.CollectionResultFailMethodsTests" name="Fail_WithInnerException_ShouldPreserveOuterExceptionInfo" />
    </UnitTest>
    <UnitTest name="ManagedCode.Communication.Tests.Results.ResultHelperMethodsTests.Result_ThrowIfFail_WithSuccess_ShouldReturnFalse" storage="/users/ksemenenko/developer/communication/managedcode.communication.tests/bin/debug/net9.0/managedcode.communication.tests.dll" id="8fb86198-a650-e4a9-cb59-495dfda2d14f">
      <Execution id="ec600bec-6d99-48ab-8956-d4a3c6f3629a" />
      <TestMethod codeBase="/Users/ksemenenko/Developer/Communication/ManagedCode.Communication.Tests/bin/Debug/net9.0/ManagedCode.Communication.Tests.dll" adapterTypeName="executor://xunit/VsTestRunner3/netcore/" className="ManagedCode.Communication.Tests.Results.ResultHelperMethodsTests" name="Result_ThrowIfFail_WithSuccess_ShouldReturnFalse" />
    </UnitTest>
    <UnitTest name="ManagedCode.Communication.Tests.OrleansTests.GrainClientTests.IntResultError" storage="/users/ksemenenko/developer/communication/managedcode.communication.tests/bin/debug/net9.0/managedcode.communication.tests.dll" id="aaf3638f-1207-9f2b-6354-805a113323d4">
      <Execution id="9219dc4c-fce7-4c39-bcfc-401edcb0598c" />
      <TestMethod codeBase="/Users/ksemenenko/Developer/Communication/ManagedCode.Communication.Tests/bin/Debug/net9.0/ManagedCode.Communication.Tests.dll" adapterTypeName="executor://xunit/VsTestRunner3/netcore/" className="ManagedCode.Communication.Tests.OrleansTests.GrainClientTests" name="IntResultError" />
    </UnitTest>
    <UnitTest name="ManagedCode.Communication.Tests.Results.ProblemToExceptionErrorTests.ToException_WithMalformedOriginalExceptionType_ShouldFallbackToProblemException" storage="/users/ksemenenko/developer/communication/managedcode.communication.tests/bin/debug/net9.0/managedcode.communication.tests.dll" id="9b27f918-c1f0-a33c-798d-abb63ee48b10">
      <Execution id="8b29c606-91a4-4054-bbfd-bea505879155" />
      <TestMethod codeBase="/Users/ksemenenko/Developer/Communication/ManagedCode.Communication.Tests/bin/Debug/net9.0/ManagedCode.Communication.Tests.dll" adapterTypeName="executor://xunit/VsTestRunner3/netcore/" className="ManagedCode.Communication.Tests.Results.ProblemToExceptionErrorTests" name="ToException_WithMalformedOriginalExceptionType_ShouldFallbackToProblemException" />
    </UnitTest>
    <UnitTest name="ManagedCode.Communication.Tests.ResultExtensionsTests.BindToGeneric_WithSuccessResult_ShouldTransformToResultT" storage="/users/ksemenenko/developer/communication/managedcode.communication.tests/bin/debug/net9.0/managedcode.communication.tests.dll" id="5d1cd7f9-34f0-feb0-45b5-6480e604717e">
      <Execution id="236925a5-d8a9-4f17-b039-727b9f12a207" />
      <TestMethod codeBase="/Users/ksemenenko/Developer/Communication/ManagedCode.Communication.Tests/bin/Debug/net9.0/ManagedCode.Communication.Tests.dll" adapterTypeName="executor://xunit/VsTestRunner3/netcore/" className="ManagedCode.Communication.Tests.ResultExtensionsTests" name="BindToGeneric_WithSuccessResult_ShouldTransformToResultT" />
    </UnitTest>
    <UnitTest name="ManagedCode.Communication.Tests.Results.ProblemTests.GetValidationErrors_WithValidationProblem_ShouldReturnErrors" storage="/users/ksemenenko/developer/communication/managedcode.communication.tests/bin/debug/net9.0/managedcode.communication.tests.dll" id="d8f98bda-9edd-5f69-b3df-8d5cd152c533">
      <Execution id="42f22ca4-7d9b-4e8c-927f-277b7f603de3" />
      <TestMethod codeBase="/Users/ksemenenko/Developer/Communication/ManagedCode.Communication.Tests/bin/Debug/net9.0/ManagedCode.Communication.Tests.dll" adapterTypeName="executor://xunit/VsTestRunner3/netcore/" className="ManagedCode.Communication.Tests.Results.ProblemTests" name="GetValidationErrors_WithValidationProblem_ShouldReturnErrors" />
    </UnitTest>
    <UnitTest name="ManagedCode.Communication.Tests.Results.ResultHelperMethodsTests.ResultT_Match_WithFailure_ShouldCallOnFailure" storage="/users/ksemenenko/developer/communication/managedcode.communication.tests/bin/debug/net9.0/managedcode.communication.tests.dll" id="e3ea7a3f-bc55-5685-d863-350fa30216ea">
      <Execution id="90d395fa-b791-4393-86d1-70f1c3116132" />
      <TestMethod codeBase="/Users/ksemenenko/Developer/Communication/ManagedCode.Communication.Tests/bin/Debug/net9.0/ManagedCode.Communication.Tests.dll" adapterTypeName="executor://xunit/VsTestRunner3/netcore/" className="ManagedCode.Communication.Tests.Results.ResultHelperMethodsTests" name="ResultT_Match_WithFailure_ShouldCallOnFailure" />
    </UnitTest>
    <UnitTest name="ManagedCode.Communication.Tests.Results.ResultTests.FailNotFound_ShouldCreateNotFoundResult" storage="/users/ksemenenko/developer/communication/managedcode.communication.tests/bin/debug/net9.0/managedcode.communication.tests.dll" id="ae081732-51d9-8f75-bc33-d945304db80b">
      <Execution id="4b68c391-cd7a-4d79-a84c-a321f4c1940f" />
      <TestMethod codeBase="/Users/ksemenenko/Developer/Communication/ManagedCode.Communication.Tests/bin/Debug/net9.0/ManagedCode.Communication.Tests.dll" adapterTypeName="executor://xunit/VsTestRunner3/netcore/" className="ManagedCode.Communication.Tests.Results.ResultTests" name="FailNotFound_ShouldCreateNotFoundResult" />
    </UnitTest>
    <UnitTest name="ManagedCode.Communication.Tests.Results.ResultHelperMethodsTests.ResultT_Match_WithSuccess_ShouldCallOnSuccess" storage="/users/ksemenenko/developer/communication/managedcode.communication.tests/bin/debug/net9.0/managedcode.communication.tests.dll" id="c2a0058c-a5cc-3414-d3fc-5639c4dbe702">
      <Execution id="cb9ce247-23d7-42fe-bf7d-f590e43bb211" />
      <TestMethod codeBase="/Users/ksemenenko/Developer/Communication/ManagedCode.Communication.Tests/bin/Debug/net9.0/ManagedCode.Communication.Tests.dll" adapterTypeName="executor://xunit/VsTestRunner3/netcore/" className="ManagedCode.Communication.Tests.Results.ResultHelperMethodsTests" name="ResultT_Match_WithSuccess_ShouldCallOnSuccess" />
    </UnitTest>
    <UnitTest name="ManagedCode.Communication.Tests.AspNetCore.Extensions.ControllerExtensionsTests.ToHttpResult_WithComplexFailure_PreservesProblemDetails" storage="/users/ksemenenko/developer/communication/managedcode.communication.tests/bin/debug/net9.0/managedcode.communication.tests.dll" id="7e95e31b-5cbf-f4bc-6b58-5c4878828fa0">
      <Execution id="a73388e9-f2b1-43dc-9724-68b5be741068" />
      <TestMethod codeBase="/Users/ksemenenko/Developer/Communication/ManagedCode.Communication.Tests/bin/Debug/net9.0/ManagedCode.Communication.Tests.dll" adapterTypeName="executor://xunit/VsTestRunner3/netcore/" className="ManagedCode.Communication.Tests.AspNetCore.Extensions.ControllerExtensionsTests" name="ToHttpResult_WithComplexFailure_PreservesProblemDetails" />
    </UnitTest>
    <UnitTest name="ManagedCode.Communication.Tests.Results.ResultTests.TryGetProblem_WithFailedResult_ShouldReturnTrueAndProblem" storage="/users/ksemenenko/developer/communication/managedcode.communication.tests/bin/debug/net9.0/managedcode.communication.tests.dll" id="84cba7e9-16d5-bd29-01c4-6b5bbd25da51">
      <Execution id="639ab8ca-e9a3-44d3-bf68-f10cff144be9" />
      <TestMethod codeBase="/Users/ksemenenko/Developer/Communication/ManagedCode.Communication.Tests/bin/Debug/net9.0/ManagedCode.Communication.Tests.dll" adapterTypeName="executor://xunit/VsTestRunner3/netcore/" className="ManagedCode.Communication.Tests.Results.ResultTests" name="TryGetProblem_WithFailedResult_ShouldReturnTrueAndProblem" />
    </UnitTest>
    <UnitTest name="ManagedCode.Communication.Tests.Serialization.SerializationTests.CollectionResult_Empty_ShouldSerializeAndDeserialize" storage="/users/ksemenenko/developer/communication/managedcode.communication.tests/bin/debug/net9.0/managedcode.communication.tests.dll" id="a294ddd9-e673-4d43-752c-093ce0b8b705">
      <Execution id="55afe728-9f72-4f24-be72-a6e6c393cd46" />
      <TestMethod codeBase="/Users/ksemenenko/Developer/Communication/ManagedCode.Communication.Tests/bin/Debug/net9.0/ManagedCode.Communication.Tests.dll" adapterTypeName="executor://xunit/VsTestRunner3/netcore/" className="ManagedCode.Communication.Tests.Serialization.SerializationTests" name="CollectionResult_Empty_ShouldSerializeAndDeserialize" />
    </UnitTest>
    <UnitTest name="ManagedCode.Communication.Tests.Commands.MemoryCacheCommandIdempotencyStoreTests.ExecuteIdempotentAsync_SecondExecution_ReturnsStoredResultWithoutReexecuting" storage="/users/ksemenenko/developer/communication/managedcode.communication.tests/bin/debug/net9.0/managedcode.communication.tests.dll" id="4f2fa6bb-6033-af38-3639-8e35b9d62e03">
      <Execution id="f3d075dc-b180-4406-99d7-7e5cb98f1073" />
      <TestMethod codeBase="/Users/ksemenenko/Developer/Communication/ManagedCode.Communication.Tests/bin/Debug/net9.0/ManagedCode.Communication.Tests.dll" adapterTypeName="executor://xunit/VsTestRunner3/netcore/" className="ManagedCode.Communication.Tests.Commands.MemoryCacheCommandIdempotencyStoreTests" name="ExecuteIdempotentAsync_SecondExecution_ReturnsStoredResultWithoutReexecuting" />
    </UnitTest>
    <UnitTest name="ManagedCode.Communication.Tests.Results.ResultInvalidMethodsTests.ResultT_Invalid_WithKeyValue_ShouldCreateValidationResultWithCustomField" storage="/users/ksemenenko/developer/communication/managedcode.communication.tests/bin/debug/net9.0/managedcode.communication.tests.dll" id="551e1906-8fe5-1e21-9db5-c258ea52673e">
      <Execution id="c229666a-d38d-4a65-a4de-71e453465109" />
      <TestMethod codeBase="/Users/ksemenenko/Developer/Communication/ManagedCode.Communication.Tests/bin/Debug/net9.0/ManagedCode.Communication.Tests.dll" adapterTypeName="executor://xunit/VsTestRunner3/netcore/" className="ManagedCode.Communication.Tests.Results.ResultInvalidMethodsTests" name="ResultT_Invalid_WithKeyValue_ShouldCreateValidationResultWithCustomField" />
    </UnitTest>
    <UnitTest name="ManagedCode.Communication.Tests.Results.ResultTests.Try_WithExceptionThrowingAction_ShouldCreateFailedResult" storage="/users/ksemenenko/developer/communication/managedcode.communication.tests/bin/debug/net9.0/managedcode.communication.tests.dll" id="165652a5-8470-80de-f723-64799828bde9">
      <Execution id="843157fb-1863-417c-ab19-4334d17a64e4" />
      <TestMethod codeBase="/Users/ksemenenko/Developer/Communication/ManagedCode.Communication.Tests/bin/Debug/net9.0/ManagedCode.Communication.Tests.dll" adapterTypeName="executor://xunit/VsTestRunner3/netcore/" className="ManagedCode.Communication.Tests.Results.ResultTests" name="Try_WithExceptionThrowingAction_ShouldCreateFailedResult" />
    </UnitTest>
    <UnitTest name="ManagedCode.Communication.Tests.Results.ResultFailMethodsTests.Result_Fail_WithVariousStatusCodes_ShouldSetCorrectStatusCode(statusCode: Unauthorized, expectedCode: 401)" storage="/users/ksemenenko/developer/communication/managedcode.communication.tests/bin/debug/net9.0/managedcode.communication.tests.dll" id="794b71ec-85d9-cfea-3ecb-4593b036b3be">
      <Execution id="c0a0cd0e-0c3f-4f13-bfd3-0d9c989eca9a" />
      <TestMethod codeBase="/Users/ksemenenko/Developer/Communication/ManagedCode.Communication.Tests/bin/Debug/net9.0/ManagedCode.Communication.Tests.dll" adapterTypeName="executor://xunit/VsTestRunner3/netcore/" className="ManagedCode.Communication.Tests.Results.ResultFailMethodsTests" name="Result_Fail_WithVariousStatusCodes_ShouldSetCorrectStatusCode" />
    </UnitTest>
    <UnitTest name="ManagedCode.Communication.Tests.Extensions.RailwayExtensionsTests.BindAsync_SuccessfulResult_ExecutesNext" storage="/users/ksemenenko/developer/communication/managedcode.communication.tests/bin/debug/net9.0/managedcode.communication.tests.dll" id="6e55e433-431e-430f-5946-55a9c6e99a57">
      <Execution id="889cbf3c-1891-4ac8-aa77-6ba3f2ea4896" />
      <TestMethod codeBase="/Users/ksemenenko/Developer/Communication/ManagedCode.Communication.Tests/bin/Debug/net9.0/ManagedCode.Communication.Tests.dll" adapterTypeName="executor://xunit/VsTestRunner3/netcore/" className="ManagedCode.Communication.Tests.Extensions.RailwayExtensionsTests" name="BindAsync_SuccessfulResult_ExecutesNext" />
    </UnitTest>
    <UnitTest name="ManagedCode.Communication.Tests.AspNetCore.Extensions.ServiceCollectionExtensionsTests.Communication_Should_Handle_Enum_Errors" storage="/users/ksemenenko/developer/communication/managedcode.communication.tests/bin/debug/net9.0/managedcode.communication.tests.dll" id="f1ac5241-744a-004f-7a68-4b73cb2ee500">
      <Execution id="1b8ad230-a071-4acc-bf11-36fa2ffb8465" />
      <TestMethod codeBase="/Users/ksemenenko/Developer/Communication/ManagedCode.Communication.Tests/bin/Debug/net9.0/ManagedCode.Communication.Tests.dll" adapterTypeName="executor://xunit/VsTestRunner3/netcore/" className="ManagedCode.Communication.Tests.AspNetCore.Extensions.ServiceCollectionExtensionsTests" name="Communication_Should_Handle_Enum_Errors" />
    </UnitTest>
    <UnitTest name="ManagedCode.Communication.Tests.ProblemTests.ProblemCreateMethodsTests.Problem_Create_WithEnumAndStatusCode_ShouldCreateProblemWithErrorCode" storage="/users/ksemenenko/developer/communication/managedcode.communication.tests/bin/debug/net9.0/managedcode.communication.tests.dll" id="20911087-6fbe-2539-1eef-878f4fdeff66">
      <Execution id="b9224a4a-aeb5-488d-a3e9-e4f25542ef3b" />
      <TestMethod codeBase="/Users/ksemenenko/Developer/Communication/ManagedCode.Communication.Tests/bin/Debug/net9.0/ManagedCode.Communication.Tests.dll" adapterTypeName="executor://xunit/VsTestRunner3/netcore/" className="ManagedCode.Communication.Tests.ProblemTests.ProblemCreateMethodsTests" name="Problem_Create_WithEnumAndStatusCode_ShouldCreateProblemWithErrorCode" />
    </UnitTest>
    <UnitTest name="ManagedCode.Communication.Tests.Results.ProblemExceptionTests.Constructor_WithProblemHavingNullProperties_ShouldHandleGracefully" storage="/users/ksemenenko/developer/communication/managedcode.communication.tests/bin/debug/net9.0/managedcode.communication.tests.dll" id="94ac24fa-c865-936b-315d-74d8ca292b0f">
      <Execution id="1be27261-d860-4af0-a4fb-26aea8e12ef8" />
      <TestMethod codeBase="/Users/ksemenenko/Developer/Communication/ManagedCode.Communication.Tests/bin/Debug/net9.0/ManagedCode.Communication.Tests.dll" adapterTypeName="executor://xunit/VsTestRunner3/netcore/" className="ManagedCode.Communication.Tests.Results.ProblemExceptionTests" name="Constructor_WithProblemHavingNullProperties_ShouldHandleGracefully" />
    </UnitTest>
    <UnitTest name="ManagedCode.Communication.Tests.Results.ResultFailMethodsTests.Result_Fail_WithVariousStatusCodes_ShouldSetCorrectStatusCode(statusCode: Forbidden, expectedCode: 403)" storage="/users/ksemenenko/developer/communication/managedcode.communication.tests/bin/debug/net9.0/managedcode.communication.tests.dll" id="c9e24a1f-1d61-40a9-0dab-cb17f134e032">
      <Execution id="a65eb002-b58e-46ce-843d-493ef92223c9" />
      <TestMethod codeBase="/Users/ksemenenko/Developer/Communication/ManagedCode.Communication.Tests/bin/Debug/net9.0/ManagedCode.Communication.Tests.dll" adapterTypeName="executor://xunit/VsTestRunner3/netcore/" className="ManagedCode.Communication.Tests.Results.ResultFailMethodsTests" name="Result_Fail_WithVariousStatusCodes_ShouldSetCorrectStatusCode" />
    </UnitTest>
    <UnitTest name="ManagedCode.Communication.Tests.Results.ResultTTests.TryGetProblem_WithSuccessfulResult_ShouldReturnFalse" storage="/users/ksemenenko/developer/communication/managedcode.communication.tests/bin/debug/net9.0/managedcode.communication.tests.dll" id="613d2d59-716c-8fa1-c98d-0c358ba9cdd1">
      <Execution id="070a3ab6-a9e8-4658-a991-4afb130bdde5" />
      <TestMethod codeBase="/Users/ksemenenko/Developer/Communication/ManagedCode.Communication.Tests/bin/Debug/net9.0/ManagedCode.Communication.Tests.dll" adapterTypeName="executor://xunit/VsTestRunner3/netcore/" className="ManagedCode.Communication.Tests.Results.ResultTTests" name="TryGetProblem_WithSuccessfulResult_ShouldReturnFalse" />
    </UnitTest>
    <UnitTest name="ManagedCode.Communication.Tests.Extensions.HttpResponseExtensionTests.FromRequestToResult_VariousErrorCodes_ReturnsFailedResult(statusCode: Forbidden)" storage="/users/ksemenenko/developer/communication/managedcode.communication.tests/bin/debug/net9.0/managedcode.communication.tests.dll" id="3a32c1dc-077f-4321-e968-780050a8a9d7">
      <Execution id="577d7bb9-e752-4b96-ade7-e21bfbbe09e0" />
      <TestMethod codeBase="/Users/ksemenenko/Developer/Communication/ManagedCode.Communication.Tests/bin/Debug/net9.0/ManagedCode.Communication.Tests.dll" adapterTypeName="executor://xunit/VsTestRunner3/netcore/" className="ManagedCode.Communication.Tests.Extensions.HttpResponseExtensionTests" name="FromRequestToResult_VariousErrorCodes_ReturnsFailedResult" />
    </UnitTest>
    <UnitTest name="ManagedCode.Communication.Tests.CollectionResults.CollectionResultFromMethodsTests.From_CanceledTask_ShouldReturnFailedResult" storage="/users/ksemenenko/developer/communication/managedcode.communication.tests/bin/debug/net9.0/managedcode.communication.tests.dll" id="46807053-f966-a388-4d2d-7da9058b5203">
      <Execution id="184f354c-4e65-413d-bf54-4dde206121a2" />
      <TestMethod codeBase="/Users/ksemenenko/Developer/Communication/ManagedCode.Communication.Tests/bin/Debug/net9.0/ManagedCode.Communication.Tests.dll" adapterTypeName="executor://xunit/VsTestRunner3/netcore/" className="ManagedCode.Communication.Tests.CollectionResults.CollectionResultFromMethodsTests" name="From_CanceledTask_ShouldReturnFailedResult" />
    </UnitTest>
    <UnitTest name="ManagedCode.Communication.Tests.Results.ResultExecutionExtensionsTests.From_Action_Success_ReturnsSuccess" storage="/users/ksemenenko/developer/communication/managedcode.communication.tests/bin/debug/net9.0/managedcode.communication.tests.dll" id="2bcfdb6b-0759-7a92-e549-10d463845162">
      <Execution id="d0f9e7bc-6796-43a1-b574-b3b8e95b122a" />
      <TestMethod codeBase="/Users/ksemenenko/Developer/Communication/ManagedCode.Communication.Tests/bin/Debug/net9.0/ManagedCode.Communication.Tests.dll" adapterTypeName="executor://xunit/VsTestRunner3/netcore/" className="ManagedCode.Communication.Tests.Results.ResultExecutionExtensionsTests" name="From_Action_Success_ReturnsSuccess" />
    </UnitTest>
    <UnitTest name="ManagedCode.Communication.Tests.Extensions.HttpResponseExtensionTests.FromJsonToResult_SuccessStatusCode_WithValidJson_ReturnsSuccessResult" storage="/users/ksemenenko/developer/communication/managedcode.communication.tests/bin/debug/net9.0/managedcode.communication.tests.dll" id="2965b165-6679-d60b-abea-0abf705caf0c">
      <Execution id="3a1e11d3-1c12-41e2-936c-0f982aa375a3" />
      <TestMethod codeBase="/Users/ksemenenko/Developer/Communication/ManagedCode.Communication.Tests/bin/Debug/net9.0/ManagedCode.Communication.Tests.dll" adapterTypeName="executor://xunit/VsTestRunner3/netcore/" className="ManagedCode.Communication.Tests.Extensions.HttpResponseExtensionTests" name="FromJsonToResult_SuccessStatusCode_WithValidJson_ReturnsSuccessResult" />
    </UnitTest>
    <UnitTest name="ManagedCode.Communication.Tests.Results.ResultTFailMethodsTests.ResultT_Fail_WithVariousStatusCodes_ShouldSetCorrectStatusCode(statusCode: NotFound, expectedCode: 404)" storage="/users/ksemenenko/developer/communication/managedcode.communication.tests/bin/debug/net9.0/managedcode.communication.tests.dll" id="705ecbbc-4193-2770-884e-c1965e63c3ae">
      <Execution id="6a77c9c6-aa33-41f9-bc33-cbaf08c85350" />
      <TestMethod codeBase="/Users/ksemenenko/Developer/Communication/ManagedCode.Communication.Tests/bin/Debug/net9.0/ManagedCode.Communication.Tests.dll" adapterTypeName="executor://xunit/VsTestRunner3/netcore/" className="ManagedCode.Communication.Tests.Results.ResultTFailMethodsTests" name="ResultT_Fail_WithVariousStatusCodes_ShouldSetCorrectStatusCode" />
    </UnitTest>
    <UnitTest name="ManagedCode.Communication.Tests.Results.ResultOperatorsTests.Result_ImplicitOperator_FromProblem_ShouldCreateFailedResult" storage="/users/ksemenenko/developer/communication/managedcode.communication.tests/bin/debug/net9.0/managedcode.communication.tests.dll" id="f078f557-ee0d-8e18-56e1-39597d1f6c31">
      <Execution id="c400acf3-4609-4387-bdb1-e485eaa1e38e" />
      <TestMethod codeBase="/Users/ksemenenko/Developer/Communication/ManagedCode.Communication.Tests/bin/Debug/net9.0/ManagedCode.Communication.Tests.dll" adapterTypeName="executor://xunit/VsTestRunner3/netcore/" className="ManagedCode.Communication.Tests.Results.ResultOperatorsTests" name="Result_ImplicitOperator_FromProblem_ShouldCreateFailedResult" />
    </UnitTest>
    <UnitTest name="ManagedCode.Communication.Tests.CollectionResults.CollectionResultFailMethodsTests.FailForbidden_NoParameters_ShouldCreateForbiddenResult" storage="/users/ksemenenko/developer/communication/managedcode.communication.tests/bin/debug/net9.0/managedcode.communication.tests.dll" id="ac82514e-82f3-4065-a2b1-92de92c3b5d4">
      <Execution id="107f6cc8-05a6-413c-8698-6526506ba565" />
      <TestMethod codeBase="/Users/ksemenenko/Developer/Communication/ManagedCode.Communication.Tests/bin/Debug/net9.0/ManagedCode.Communication.Tests.dll" adapterTypeName="executor://xunit/VsTestRunner3/netcore/" className="ManagedCode.Communication.Tests.CollectionResults.CollectionResultFailMethodsTests" name="FailForbidden_NoParameters_ShouldCreateForbiddenResult" />
    </UnitTest>
    <UnitTest name="ManagedCode.Communication.Tests.Results.ResultHelperMethodsTests.Result_From_WithFailedResult_ShouldReturnFailure" storage="/users/ksemenenko/developer/communication/managedcode.communication.tests/bin/debug/net9.0/managedcode.communication.tests.dll" id="717abb16-22b3-f92b-b19b-53aac21bcea2">
      <Execution id="8402eb74-57c3-4bac-b388-b7fb6faf12bd" />
      <TestMethod codeBase="/Users/ksemenenko/Developer/Communication/ManagedCode.Communication.Tests/bin/Debug/net9.0/ManagedCode.Communication.Tests.dll" adapterTypeName="executor://xunit/VsTestRunner3/netcore/" className="ManagedCode.Communication.Tests.Results.ResultHelperMethodsTests" name="Result_From_WithFailedResult_ShouldReturnFailure" />
    </UnitTest>
    <UnitTest name="ManagedCode.Communication.Tests.ResultExtensionsTests.Bind_WithSuccessResult_ShouldExecuteNext" storage="/users/ksemenenko/developer/communication/managedcode.communication.tests/bin/debug/net9.0/managedcode.communication.tests.dll" id="a9d86561-53c8-590d-391e-2656f1b5903c">
      <Execution id="c7a41705-fc0d-4283-ae46-99314f326ce6" />
      <TestMethod codeBase="/Users/ksemenenko/Developer/Communication/ManagedCode.Communication.Tests/bin/Debug/net9.0/ManagedCode.Communication.Tests.dll" adapterTypeName="executor://xunit/VsTestRunner3/netcore/" className="ManagedCode.Communication.Tests.ResultExtensionsTests" name="Bind_WithSuccessResult_ShouldExecuteNext" />
    </UnitTest>
    <UnitTest name="ManagedCode.Communication.Tests.Results.ResultHelperMethodsTests.Result_FailValidation_ShouldCreateValidationResult" storage="/users/ksemenenko/developer/communication/managedcode.communication.tests/bin/debug/net9.0/managedcode.communication.tests.dll" id="acae517f-099e-2cd1-8736-3ed091b5c626">
      <Execution id="9dd8a52a-ef3b-4471-bf3b-e531ac58b941" />
      <TestMethod codeBase="/Users/ksemenenko/Developer/Communication/ManagedCode.Communication.Tests/bin/Debug/net9.0/ManagedCode.Communication.Tests.dll" adapterTypeName="executor://xunit/VsTestRunner3/netcore/" className="ManagedCode.Communication.Tests.Results.ResultHelperMethodsTests" name="Result_FailValidation_ShouldCreateValidationResult" />
    </UnitTest>
    <UnitTest name="ManagedCode.Communication.Tests.CollectionResults.CollectionResultFailMethodsTests.FailUnauthorized_NoParameters_ShouldCreateUnauthorizedResult" storage="/users/ksemenenko/developer/communication/managedcode.communication.tests/bin/debug/net9.0/managedcode.communication.tests.dll" id="44068533-73ca-2e9c-89ae-ee196ec1d842">
      <Execution id="523b3fa7-0380-4a2b-9316-6c9c27f139e8" />
      <TestMethod codeBase="/Users/ksemenenko/Developer/Communication/ManagedCode.Communication.Tests/bin/Debug/net9.0/ManagedCode.Communication.Tests.dll" adapterTypeName="executor://xunit/VsTestRunner3/netcore/" className="ManagedCode.Communication.Tests.CollectionResults.CollectionResultFailMethodsTests" name="FailUnauthorized_NoParameters_ShouldCreateUnauthorizedResult" />
    </UnitTest>
    <UnitTest name="ManagedCode.Communication.Tests.Results.ResultInvalidMethodsTests.Result_Invalid_WithDictionary_ShouldCreateValidationResultWithMultipleFields" storage="/users/ksemenenko/developer/communication/managedcode.communication.tests/bin/debug/net9.0/managedcode.communication.tests.dll" id="92a7db28-441b-b8fe-c790-8f59b23e56ea">
      <Execution id="6f61e4a0-7231-456f-88fa-c711ddd7897d" />
      <TestMethod codeBase="/Users/ksemenenko/Developer/Communication/ManagedCode.Communication.Tests/bin/Debug/net9.0/ManagedCode.Communication.Tests.dll" adapterTypeName="executor://xunit/VsTestRunner3/netcore/" className="ManagedCode.Communication.Tests.Results.ResultInvalidMethodsTests" name="Result_Invalid_WithDictionary_ShouldCreateValidationResultWithMultipleFields" />
    </UnitTest>
    <UnitTest name="ManagedCode.Communication.Tests.CollectionResults.CollectionResultFromMethodsTests.From_LargeCollection_ShouldHandleEfficiently" storage="/users/ksemenenko/developer/communication/managedcode.communication.tests/bin/debug/net9.0/managedcode.communication.tests.dll" id="9dafdb86-c22a-88fc-6833-af4e374d365d">
      <Execution id="aa50d1ca-3105-4b23-a257-f8cefee34cd0" />
      <TestMethod codeBase="/Users/ksemenenko/Developer/Communication/ManagedCode.Communication.Tests/bin/Debug/net9.0/ManagedCode.Communication.Tests.dll" adapterTypeName="executor://xunit/VsTestRunner3/netcore/" className="ManagedCode.Communication.Tests.CollectionResults.CollectionResultFromMethodsTests" name="From_LargeCollection_ShouldHandleEfficiently" />
    </UnitTest>
    <UnitTest name="ManagedCode.Communication.Tests.ControllerTests.MiddlewareTests.InvalidDataExceptionSignalR" storage="/users/ksemenenko/developer/communication/managedcode.communication.tests/bin/debug/net9.0/managedcode.communication.tests.dll" id="efa28403-4b97-87b5-f2ab-991a214ef2a6">
      <Execution id="2f37376a-9303-45f6-bd68-7f9b29c39b90" />
      <TestMethod codeBase="/Users/ksemenenko/Developer/Communication/ManagedCode.Communication.Tests/bin/Debug/net9.0/ManagedCode.Communication.Tests.dll" adapterTypeName="executor://xunit/VsTestRunner3/netcore/" className="ManagedCode.Communication.Tests.ControllerTests.MiddlewareTests" name="InvalidDataExceptionSignalR" />
    </UnitTest>
    <UnitTest name="ManagedCode.Communication.Tests.Results.ProblemCreationExtensionsTests.ToProblem_FromException_WithHttpStatusCode_ShouldUseProvidedStatusCode" storage="/users/ksemenenko/developer/communication/managedcode.communication.tests/bin/debug/net9.0/managedcode.communication.tests.dll" id="3fee61e5-7e3b-84b7-2cfd-6b24b1b5dcda">
      <Execution id="3fbf4df0-f9ad-4ae1-aa17-96ab069fd009" />
      <TestMethod codeBase="/Users/ksemenenko/Developer/Communication/ManagedCode.Communication.Tests/bin/Debug/net9.0/ManagedCode.Communication.Tests.dll" adapterTypeName="executor://xunit/VsTestRunner3/netcore/" className="ManagedCode.Communication.Tests.Results.ProblemCreationExtensionsTests" name="ToProblem_FromException_WithHttpStatusCode_ShouldUseProvidedStatusCode" />
    </UnitTest>
    <UnitTest name="ManagedCode.Communication.Tests.Results.ResultTests.Fail_WithProblem_ShouldCreateFailedResult" storage="/users/ksemenenko/developer/communication/managedcode.communication.tests/bin/debug/net9.0/managedcode.communication.tests.dll" id="96f1738f-e2d9-406a-9b7b-fefb5ff95362">
      <Execution id="68a4c532-f1dd-4bbf-a863-828dc4e62de8" />
      <TestMethod codeBase="/Users/ksemenenko/Developer/Communication/ManagedCode.Communication.Tests/bin/Debug/net9.0/ManagedCode.Communication.Tests.dll" adapterTypeName="executor://xunit/VsTestRunner3/netcore/" className="ManagedCode.Communication.Tests.Results.ResultTests" name="Fail_WithProblem_ShouldCreateFailedResult" />
    </UnitTest>
    <UnitTest name="ManagedCode.Communication.Tests.Results.ResultValueExecutionExtensionsTests.From_TaskReturningResult_Succeeds" storage="/users/ksemenenko/developer/communication/managedcode.communication.tests/bin/debug/net9.0/managedcode.communication.tests.dll" id="3c2827ec-3bc3-eb98-2459-4650631bf304">
      <Execution id="835ea908-af6e-4c32-a868-7cd39824d7fa" />
      <TestMethod codeBase="/Users/ksemenenko/Developer/Communication/ManagedCode.Communication.Tests/bin/Debug/net9.0/ManagedCode.Communication.Tests.dll" adapterTypeName="executor://xunit/VsTestRunner3/netcore/" className="ManagedCode.Communication.Tests.Results.ResultValueExecutionExtensionsTests" name="From_TaskReturningResult_Succeeds" />
    </UnitTest>
    <UnitTest name="ManagedCode.Communication.Tests.ProblemTests.ProblemCreateMethodsTests.Problem_AddValidationError_WithNonDictionaryExtension_ShouldReplaceWithDictionary" storage="/users/ksemenenko/developer/communication/managedcode.communication.tests/bin/debug/net9.0/managedcode.communication.tests.dll" id="2d819a75-1f3b-8e3f-72c3-7eac56a5cef5">
      <Execution id="33620615-65f9-4f5d-bd6a-3380049580ac" />
      <TestMethod codeBase="/Users/ksemenenko/Developer/Communication/ManagedCode.Communication.Tests/bin/Debug/net9.0/ManagedCode.Communication.Tests.dll" adapterTypeName="executor://xunit/VsTestRunner3/netcore/" className="ManagedCode.Communication.Tests.ProblemTests.ProblemCreateMethodsTests" name="Problem_AddValidationError_WithNonDictionaryExtension_ShouldReplaceWithDictionary" />
    </UnitTest>
    <UnitTest name="ManagedCode.Communication.Tests.CollectionResults.CollectionResultFromMethodsTests.From_FaultedTask_ShouldReturnFailedResult" storage="/users/ksemenenko/developer/communication/managedcode.communication.tests/bin/debug/net9.0/managedcode.communication.tests.dll" id="a5ad51b1-d46a-060d-76d3-1a3a6ebb810e">
      <Execution id="0450e055-37d6-4b95-8718-e3721960073f" />
      <TestMethod codeBase="/Users/ksemenenko/Developer/Communication/ManagedCode.Communication.Tests/bin/Debug/net9.0/ManagedCode.Communication.Tests.dll" adapterTypeName="executor://xunit/VsTestRunner3/netcore/" className="ManagedCode.Communication.Tests.CollectionResults.CollectionResultFromMethodsTests" name="From_FaultedTask_ShouldReturnFailedResult" />
    </UnitTest>
    <UnitTest name="ManagedCode.Communication.Tests.CollectionResults.CollectionResultFromMethodsTests.From_SlowAsyncOperation_ShouldComplete" storage="/users/ksemenenko/developer/communication/managedcode.communication.tests/bin/debug/net9.0/managedcode.communication.tests.dll" id="3ebde54a-5d59-a2ef-9fd5-b8b44c97d1ad">
      <Execution id="35436e90-2104-4323-83fd-6b62fcd2e078" />
      <TestMethod codeBase="/Users/ksemenenko/Developer/Communication/ManagedCode.Communication.Tests/bin/Debug/net9.0/ManagedCode.Communication.Tests.dll" adapterTypeName="executor://xunit/VsTestRunner3/netcore/" className="ManagedCode.Communication.Tests.CollectionResults.CollectionResultFromMethodsTests" name="From_SlowAsyncOperation_ShouldComplete" />
    </UnitTest>
    <UnitTest name="ManagedCode.Communication.Tests.ProblemTests.ProblemCreateMethodsTests.Problem_Create_FromExceptionWithData_ShouldIncludeExceptionData" storage="/users/ksemenenko/developer/communication/managedcode.communication.tests/bin/debug/net9.0/managedcode.communication.tests.dll" id="39a6af94-85fa-6403-b818-97dddf42687e">
      <Execution id="8e6cc2de-e994-48ab-ab8a-078159b9847f" />
      <TestMethod codeBase="/Users/ksemenenko/Developer/Communication/ManagedCode.Communication.Tests/bin/Debug/net9.0/ManagedCode.Communication.Tests.dll" adapterTypeName="executor://xunit/VsTestRunner3/netcore/" className="ManagedCode.Communication.Tests.ProblemTests.ProblemCreateMethodsTests" name="Problem_Create_FromExceptionWithData_ShouldIncludeExceptionData" />
    </UnitTest>
    <UnitTest name="ManagedCode.Communication.Tests.Results.RailwayOrientedProgrammingTests.ResultTry_WithSuccessfulAction_ShouldReturnSuccess" storage="/users/ksemenenko/developer/communication/managedcode.communication.tests/bin/debug/net9.0/managedcode.communication.tests.dll" id="01872485-4d81-c916-8cf1-c5a694b29846">
      <Execution id="827891f6-c339-4520-a3ab-d7b9b754cdc5" />
      <TestMethod codeBase="/Users/ksemenenko/Developer/Communication/ManagedCode.Communication.Tests/bin/Debug/net9.0/ManagedCode.Communication.Tests.dll" adapterTypeName="executor://xunit/VsTestRunner3/netcore/" className="ManagedCode.Communication.Tests.Results.RailwayOrientedProgrammingTests" name="ResultTry_WithSuccessfulAction_ShouldReturnSuccess" />
    </UnitTest>
    <UnitTest name="ManagedCode.Communication.Tests.CollectionResults.CollectionResultFailMethodsTests.Fail_WithProblem_ShouldCreateFailedResultWithProblem" storage="/users/ksemenenko/developer/communication/managedcode.communication.tests/bin/debug/net9.0/managedcode.communication.tests.dll" id="be1da5de-e0fe-47f3-2a89-4f7466ca0a66">
      <Execution id="6ea60cb3-30e0-4ecb-b895-bf25f4692f79" />
      <TestMethod codeBase="/Users/ksemenenko/Developer/Communication/ManagedCode.Communication.Tests/bin/Debug/net9.0/ManagedCode.Communication.Tests.dll" adapterTypeName="executor://xunit/VsTestRunner3/netcore/" className="ManagedCode.Communication.Tests.CollectionResults.CollectionResultFailMethodsTests" name="Fail_WithProblem_ShouldCreateFailedResultWithProblem" />
    </UnitTest>
    <UnitTest name="ManagedCode.Communication.Tests.Results.ResultFailMethodsTests.Result_Fail_WithVariousStatusCodes_ShouldSetCorrectStatusCode(statusCode: BadRequest, expectedCode: 400)" storage="/users/ksemenenko/developer/communication/managedcode.communication.tests/bin/debug/net9.0/managedcode.communication.tests.dll" id="b105cb98-11fd-dbe0-9cb5-6ee18e7fdb31">
      <Execution id="9dba1cd8-1656-4c71-b338-283873f73d8c" />
      <TestMethod codeBase="/Users/ksemenenko/Developer/Communication/ManagedCode.Communication.Tests/bin/Debug/net9.0/ManagedCode.Communication.Tests.dll" adapterTypeName="executor://xunit/VsTestRunner3/netcore/" className="ManagedCode.Communication.Tests.Results.ResultFailMethodsTests" name="Result_Fail_WithVariousStatusCodes_ShouldSetCorrectStatusCode" />
    </UnitTest>
    <UnitTest name="ManagedCode.Communication.Tests.CollectionResults.CollectionResultFromMethodsTests.From_TaskReturningCollectionResult_ShouldReturnSameResult" storage="/users/ksemenenko/developer/communication/managedcode.communication.tests/bin/debug/net9.0/managedcode.communication.tests.dll" id="629bd067-7ea5-d193-55b4-3e52534b91b0">
      <Execution id="4202d510-9381-48f0-9b97-d2bd1def274d" />
      <TestMethod codeBase="/Users/ksemenenko/Developer/Communication/ManagedCode.Communication.Tests/bin/Debug/net9.0/ManagedCode.Communication.Tests.dll" adapterTypeName="executor://xunit/VsTestRunner3/netcore/" className="ManagedCode.Communication.Tests.CollectionResults.CollectionResultFromMethodsTests" name="From_TaskReturningCollectionResult_ShouldReturnSameResult" />
    </UnitTest>
    <UnitTest name="ManagedCode.Communication.Tests.CollectionResults.CollectionResultFromMethodsTests.From_FailedCollectionResultWithProblem_ShouldReturnFailedResult" storage="/users/ksemenenko/developer/communication/managedcode.communication.tests/bin/debug/net9.0/managedcode.communication.tests.dll" id="2e7c745d-8a62-07fa-75a5-000f8e56d414">
      <Execution id="00c83592-61b0-4771-bd9a-b40b6201f414" />
      <TestMethod codeBase="/Users/ksemenenko/Developer/Communication/ManagedCode.Communication.Tests/bin/Debug/net9.0/ManagedCode.Communication.Tests.dll" adapterTypeName="executor://xunit/VsTestRunner3/netcore/" className="ManagedCode.Communication.Tests.CollectionResults.CollectionResultFromMethodsTests" name="From_FailedCollectionResultWithProblem_ShouldReturnFailedResult" />
    </UnitTest>
    <UnitTest name="ManagedCode.Communication.Tests.Orleans.Serialization.ResultSerializationTests.ResultT_WithComplexNestedObject_ShouldSerializeCorrectly" storage="/users/ksemenenko/developer/communication/managedcode.communication.tests/bin/debug/net9.0/managedcode.communication.tests.dll" id="7d7a9479-6bf7-df13-feb4-5692776fefbe">
      <Execution id="5e3957f9-c1a6-4530-b5e7-5860bd56c48e" />
      <TestMethod codeBase="/Users/ksemenenko/Developer/Communication/ManagedCode.Communication.Tests/bin/Debug/net9.0/ManagedCode.Communication.Tests.dll" adapterTypeName="executor://xunit/VsTestRunner3/netcore/" className="ManagedCode.Communication.Tests.Orleans.Serialization.ResultSerializationTests" name="ResultT_WithComplexNestedObject_ShouldSerializeCorrectly" />
    </UnitTest>
    <UnitTest name="ManagedCode.Communication.Tests.Serialization.ProblemJsonConverterTests.SerializeDeserialize_WithExtensions_PreservesData" storage="/users/ksemenenko/developer/communication/managedcode.communication.tests/bin/debug/net9.0/managedcode.communication.tests.dll" id="06774c33-6f96-c2da-2540-1bcc829f9f7d">
      <Execution id="3be51dc0-c446-4cee-8954-d1398edaa183" />
      <TestMethod codeBase="/Users/ksemenenko/Developer/Communication/ManagedCode.Communication.Tests/bin/Debug/net9.0/ManagedCode.Communication.Tests.dll" adapterTypeName="executor://xunit/VsTestRunner3/netcore/" className="ManagedCode.Communication.Tests.Serialization.ProblemJsonConverterTests" name="SerializeDeserialize_WithExtensions_PreservesData" />
    </UnitTest>
    <UnitTest name="ManagedCode.Communication.Tests.Results.RailwayOrientedProgrammingTests.ComplexChain_ShouldWorkCorrectly" storage="/users/ksemenenko/developer/communication/managedcode.communication.tests/bin/debug/net9.0/managedcode.communication.tests.dll" id="d360f263-f7ec-aadc-b7b2-c7765fbfba2e">
      <Execution id="93e0bf9f-3582-42d4-9723-f4b50512a478" />
      <TestMethod codeBase="/Users/ksemenenko/Developer/Communication/ManagedCode.Communication.Tests/bin/Debug/net9.0/ManagedCode.Communication.Tests.dll" adapterTypeName="executor://xunit/VsTestRunner3/netcore/" className="ManagedCode.Communication.Tests.Results.RailwayOrientedProgrammingTests" name="ComplexChain_ShouldWorkCorrectly" />
    </UnitTest>
    <UnitTest name="ManagedCode.Communication.Tests.Results.ResultTFailMethodsTests.ResultT_Fail_ChainedOperations_ShouldMaintainFailureState" storage="/users/ksemenenko/developer/communication/managedcode.communication.tests/bin/debug/net9.0/managedcode.communication.tests.dll" id="4c5efd82-b666-5ad5-6065-602cf6a7d241">
      <Execution id="2028ed0c-695d-4db0-990f-163c27d3bf19" />
      <TestMethod codeBase="/Users/ksemenenko/Developer/Communication/ManagedCode.Communication.Tests/bin/Debug/net9.0/ManagedCode.Communication.Tests.dll" adapterTypeName="executor://xunit/VsTestRunner3/netcore/" className="ManagedCode.Communication.Tests.Results.ResultTFailMethodsTests" name="ResultT_Fail_ChainedOperations_ShouldMaintainFailureState" />
    </UnitTest>
    <UnitTest name="ManagedCode.Communication.Tests.Results.ResultOperatorsTests.ResultT_ImplicitOperator_FromValue_ShouldCreateSuccessResult" storage="/users/ksemenenko/developer/communication/managedcode.communication.tests/bin/debug/net9.0/managedcode.communication.tests.dll" id="fa3755de-e4bd-fecd-de44-2cb43605a4a6">
      <Execution id="ee099a87-0e3c-4272-891a-e010a2d9c44c" />
      <TestMethod codeBase="/Users/ksemenenko/Developer/Communication/ManagedCode.Communication.Tests/bin/Debug/net9.0/ManagedCode.Communication.Tests.dll" adapterTypeName="executor://xunit/VsTestRunner3/netcore/" className="ManagedCode.Communication.Tests.Results.ResultOperatorsTests" name="ResultT_ImplicitOperator_FromValue_ShouldCreateSuccessResult" />
    </UnitTest>
    <UnitTest name="ManagedCode.Communication.Tests.CollectionResults.CollectionResultFailMethodsTests.FailUnauthorized_WithDetail_ShouldCreateUnauthorizedResultWithCustomDetail" storage="/users/ksemenenko/developer/communication/managedcode.communication.tests/bin/debug/net9.0/managedcode.communication.tests.dll" id="cf228890-f5ab-17dc-6ff0-7693334748e8">
      <Execution id="1b2f9cd0-5531-4cff-97ad-075b4e2539ac" />
      <TestMethod codeBase="/Users/ksemenenko/Developer/Communication/ManagedCode.Communication.Tests/bin/Debug/net9.0/ManagedCode.Communication.Tests.dll" adapterTypeName="executor://xunit/VsTestRunner3/netcore/" className="ManagedCode.Communication.Tests.CollectionResults.CollectionResultFailMethodsTests" name="FailUnauthorized_WithDetail_ShouldCreateUnauthorizedResultWithCustomDetail" />
    </UnitTest>
    <UnitTest name="ManagedCode.Communication.Tests.Results.ProblemCreationExtensionsTests.ToProblem_FromException_WithCustomStatusCode_ShouldUseProvidedStatusCode" storage="/users/ksemenenko/developer/communication/managedcode.communication.tests/bin/debug/net9.0/managedcode.communication.tests.dll" id="f98516d9-cd8e-bb0e-7f2e-fb9a3743aba5">
      <Execution id="7fd3dc52-f30f-43ec-816d-25da266667b3" />
      <TestMethod codeBase="/Users/ksemenenko/Developer/Communication/ManagedCode.Communication.Tests/bin/Debug/net9.0/ManagedCode.Communication.Tests.dll" adapterTypeName="executor://xunit/VsTestRunner3/netcore/" className="ManagedCode.Communication.Tests.Results.ProblemCreationExtensionsTests" name="ToProblem_FromException_WithCustomStatusCode_ShouldUseProvidedStatusCode" />
    </UnitTest>
    <UnitTest name="ManagedCode.Communication.Tests.Results.ProblemTests.Constructor_ShouldInitializeExtensions" storage="/users/ksemenenko/developer/communication/managedcode.communication.tests/bin/debug/net9.0/managedcode.communication.tests.dll" id="aa49e18c-4197-b3cc-aa70-ef1af862b8be">
      <Execution id="c55c889d-7505-4667-baf2-432f81be739e" />
      <TestMethod codeBase="/Users/ksemenenko/Developer/Communication/ManagedCode.Communication.Tests/bin/Debug/net9.0/ManagedCode.Communication.Tests.dll" adapterTypeName="executor://xunit/VsTestRunner3/netcore/" className="ManagedCode.Communication.Tests.Results.ProblemTests" name="Constructor_ShouldInitializeExtensions" />
    </UnitTest>
    <UnitTest name="ManagedCode.Communication.Tests.Extensions.AdvancedRailwayExtensionsTests.FailIf_WithEnum_FailsWithErrorCode" storage="/users/ksemenenko/developer/communication/managedcode.communication.tests/bin/debug/net9.0/managedcode.communication.tests.dll" id="a396a734-e07f-ae5f-d645-a46a1b70118e">
      <Execution id="7052fb33-3e99-46fa-a6cb-891946d6b847" />
      <TestMethod codeBase="/Users/ksemenenko/Developer/Communication/ManagedCode.Communication.Tests/bin/Debug/net9.0/ManagedCode.Communication.Tests.dll" adapterTypeName="executor://xunit/VsTestRunner3/netcore/" className="ManagedCode.Communication.Tests.Extensions.AdvancedRailwayExtensionsTests" name="FailIf_WithEnum_FailsWithErrorCode" />
    </UnitTest>
    <UnitTest name="ManagedCode.Communication.Tests.Results.ResultTFailMethodsTests.ResultT_FailValidation_WithMultipleErrors_ShouldCreateValidationFailedResultWithAllErrors" storage="/users/ksemenenko/developer/communication/managedcode.communication.tests/bin/debug/net9.0/managedcode.communication.tests.dll" id="a979666d-6188-9f7d-4a5c-a7572f2afca6">
      <Execution id="4fc10239-39e5-4f55-b4b2-b9b74eb4d86f" />
      <TestMethod codeBase="/Users/ksemenenko/Developer/Communication/ManagedCode.Communication.Tests/bin/Debug/net9.0/ManagedCode.Communication.Tests.dll" adapterTypeName="executor://xunit/VsTestRunner3/netcore/" className="ManagedCode.Communication.Tests.Results.ResultTFailMethodsTests" name="ResultT_FailValidation_WithMultipleErrors_ShouldCreateValidationFailedResultWithAllErrors" />
    </UnitTest>
    <UnitTest name="ManagedCode.Communication.Tests.AspNetCore.Extensions.CommunicationServiceCollectionExtensionsTests.CommunicationLoggerConfigurationService_StartsAndConfiguresLogger" storage="/users/ksemenenko/developer/communication/managedcode.communication.tests/bin/debug/net9.0/managedcode.communication.tests.dll" id="efa8afd6-8d8b-b468-7b9e-1cdb0a7712de">
      <Execution id="b446931b-5dfa-49cd-bd8e-e44267bd9072" />
      <TestMethod codeBase="/Users/ksemenenko/Developer/Communication/ManagedCode.Communication.Tests/bin/Debug/net9.0/ManagedCode.Communication.Tests.dll" adapterTypeName="executor://xunit/VsTestRunner3/netcore/" className="ManagedCode.Communication.Tests.AspNetCore.Extensions.CommunicationServiceCollectionExtensionsTests" name="CommunicationLoggerConfigurationService_StartsAndConfiguresLogger" />
    </UnitTest>
    <UnitTest name="ManagedCode.Communication.Tests.Extensions.RailwayExtensionsTests.Bind_SuccessfulResultT_ExecutesBinder" storage="/users/ksemenenko/developer/communication/managedcode.communication.tests/bin/debug/net9.0/managedcode.communication.tests.dll" id="bd85c34e-1e20-839d-feff-cc7eed9c2e75">
      <Execution id="2ee95539-471f-4c69-a5df-b8887c8f2619" />
      <TestMethod codeBase="/Users/ksemenenko/Developer/Communication/ManagedCode.Communication.Tests/bin/Debug/net9.0/ManagedCode.Communication.Tests.dll" adapterTypeName="executor://xunit/VsTestRunner3/netcore/" className="ManagedCode.Communication.Tests.Extensions.RailwayExtensionsTests" name="Bind_SuccessfulResultT_ExecutesBinder" />
    </UnitTest>
    <UnitTest name="ManagedCode.Communication.Tests.Results.CollectionResultTests.ThrowIfFail_WithValidationFailure_ShouldThrowWithValidationDetails" storage="/users/ksemenenko/developer/communication/managedcode.communication.tests/bin/debug/net9.0/managedcode.communication.tests.dll" id="31cc8d58-51d6-fc21-a158-1f4f17545a53">
      <Execution id="4926b36a-a863-4854-9d6a-2004983c62c4" />
      <TestMethod codeBase="/Users/ksemenenko/Developer/Communication/ManagedCode.Communication.Tests/bin/Debug/net9.0/ManagedCode.Communication.Tests.dll" adapterTypeName="executor://xunit/VsTestRunner3/netcore/" className="ManagedCode.Communication.Tests.Results.CollectionResultTests" name="ThrowIfFail_WithValidationFailure_ShouldThrowWithValidationDetails" />
    </UnitTest>
    <UnitTest name="ManagedCode.Communication.Tests.Orleans.Serialization.ProblemSerializationTests.Problem_MinimalFields_ShouldSerializeCorrectly" storage="/users/ksemenenko/developer/communication/managedcode.communication.tests/bin/debug/net9.0/managedcode.communication.tests.dll" id="c4bb9e96-a082-cea5-07e4-48489c91d51c">
      <Execution id="f9b6df63-32c8-40e5-8bb4-cf9ef45d871c" />
      <TestMethod codeBase="/Users/ksemenenko/Developer/Communication/ManagedCode.Communication.Tests/bin/Debug/net9.0/ManagedCode.Communication.Tests.dll" adapterTypeName="executor://xunit/VsTestRunner3/netcore/" className="ManagedCode.Communication.Tests.Orleans.Serialization.ProblemSerializationTests" name="Problem_MinimalFields_ShouldSerializeCorrectly" />
    </UnitTest>
    <UnitTest name="ManagedCode.Communication.Tests.CollectionResults.CollectionResultFailMethodsTests.Fail_WithEmptyArray_ShouldCreateFailedResultWithEmptyCollection" storage="/users/ksemenenko/developer/communication/managedcode.communication.tests/bin/debug/net9.0/managedcode.communication.tests.dll" id="b705e379-67f8-359d-1a7d-742fcea32d3b">
      <Execution id="e7ab340c-f3f9-42e4-80e4-6883cc95db15" />
      <TestMethod codeBase="/Users/ksemenenko/Developer/Communication/ManagedCode.Communication.Tests/bin/Debug/net9.0/ManagedCode.Communication.Tests.dll" adapterTypeName="executor://xunit/VsTestRunner3/netcore/" className="ManagedCode.Communication.Tests.CollectionResults.CollectionResultFailMethodsTests" name="Fail_WithEmptyArray_ShouldCreateFailedResultWithEmptyCollection" />
    </UnitTest>
    <UnitTest name="ManagedCode.Communication.Tests.Results.ResultTests.FailForbidden_ShouldCreateForbiddenResult" storage="/users/ksemenenko/developer/communication/managedcode.communication.tests/bin/debug/net9.0/managedcode.communication.tests.dll" id="45dd8e8e-d47d-d57f-7363-d2adb3b51e04">
      <Execution id="60665489-d1e1-43cc-a8cc-f0bc1d7f1b01" />
      <TestMethod codeBase="/Users/ksemenenko/Developer/Communication/ManagedCode.Communication.Tests/bin/Debug/net9.0/ManagedCode.Communication.Tests.dll" adapterTypeName="executor://xunit/VsTestRunner3/netcore/" className="ManagedCode.Communication.Tests.Results.ResultTests" name="FailForbidden_ShouldCreateForbiddenResult" />
    </UnitTest>
    <UnitTest name="ManagedCode.Communication.Tests.Orleans.Serialization.CommandSerializationTests.CommandT_WithComplexPayload_ShouldSerializeCorrectly" storage="/users/ksemenenko/developer/communication/managedcode.communication.tests/bin/debug/net9.0/managedcode.communication.tests.dll" id="5c8cc938-335e-a98a-d80a-ce2a4192fa26">
      <Execution id="2a294147-fbcd-49eb-98f2-2727125c6f64" />
      <TestMethod codeBase="/Users/ksemenenko/Developer/Communication/ManagedCode.Communication.Tests/bin/Debug/net9.0/ManagedCode.Communication.Tests.dll" adapterTypeName="executor://xunit/VsTestRunner3/netcore/" className="ManagedCode.Communication.Tests.Orleans.Serialization.CommandSerializationTests" name="CommandT_WithComplexPayload_ShouldSerializeCorrectly" />
    </UnitTest>
    <UnitTest name="ManagedCode.Communication.Tests.Results.ResultHelperMethodsTests.Result_TryAsync_WithSuccessfulTask_ShouldReturnSuccess" storage="/users/ksemenenko/developer/communication/managedcode.communication.tests/bin/debug/net9.0/managedcode.communication.tests.dll" id="c13b6588-2a19-2c09-3895-58ee1bfe9fde">
      <Execution id="80ae5415-4747-4fa5-8eee-6c752e296d71" />
      <TestMethod codeBase="/Users/ksemenenko/Developer/Communication/ManagedCode.Communication.Tests/bin/Debug/net9.0/ManagedCode.Communication.Tests.dll" adapterTypeName="executor://xunit/VsTestRunner3/netcore/" className="ManagedCode.Communication.Tests.Results.ResultHelperMethodsTests" name="Result_TryAsync_WithSuccessfulTask_ShouldReturnSuccess" />
    </UnitTest>
    <UnitTest name="ManagedCode.Communication.Tests.AspNetCore.Extensions.ServiceCollectionExtensionsTests.Communication_Should_Handle_Successful_Result" storage="/users/ksemenenko/developer/communication/managedcode.communication.tests/bin/debug/net9.0/managedcode.communication.tests.dll" id="bcb6a2c1-7c43-e2d1-68fb-4752e36bef88">
      <Execution id="106b1517-7129-406c-82f6-6b149354500d" />
      <TestMethod codeBase="/Users/ksemenenko/Developer/Communication/ManagedCode.Communication.Tests/bin/Debug/net9.0/ManagedCode.Communication.Tests.dll" adapterTypeName="executor://xunit/VsTestRunner3/netcore/" className="ManagedCode.Communication.Tests.AspNetCore.Extensions.ServiceCollectionExtensionsTests" name="Communication_Should_Handle_Successful_Result" />
    </UnitTest>
    <UnitTest name="ManagedCode.Communication.Tests.Results.ResultTests.Try_WithSuccessfulAction_ShouldCreateSuccessfulResult" storage="/users/ksemenenko/developer/communication/managedcode.communication.tests/bin/debug/net9.0/managedcode.communication.tests.dll" id="343ce4f5-70c5-16b3-2ac5-d8d01c366aab">
      <Execution id="724493fe-9944-4f05-b981-a3daab06ec05" />
      <TestMethod codeBase="/Users/ksemenenko/Developer/Communication/ManagedCode.Communication.Tests/bin/Debug/net9.0/ManagedCode.Communication.Tests.dll" adapterTypeName="executor://xunit/VsTestRunner3/netcore/" className="ManagedCode.Communication.Tests.Results.ResultTests" name="Try_WithSuccessfulAction_ShouldCreateSuccessfulResult" />
    </UnitTest>
    <UnitTest name="ManagedCode.Communication.Tests.AspNetCore.Extensions.ServiceCollectionExtensionsTests.Communication_Should_Handle_Failed_Result" storage="/users/ksemenenko/developer/communication/managedcode.communication.tests/bin/debug/net9.0/managedcode.communication.tests.dll" id="c7ef02bf-2396-4de8-1185-78ff54ff8aab">
      <Execution id="26e3e2a7-25c4-4aaf-bdc3-51f6a7aeb57b" />
      <TestMethod codeBase="/Users/ksemenenko/Developer/Communication/ManagedCode.Communication.Tests/bin/Debug/net9.0/ManagedCode.Communication.Tests.dll" adapterTypeName="executor://xunit/VsTestRunner3/netcore/" className="ManagedCode.Communication.Tests.AspNetCore.Extensions.ServiceCollectionExtensionsTests" name="Communication_Should_Handle_Failed_Result" />
    </UnitTest>
    <UnitTest name="ManagedCode.Communication.Tests.Results.ProblemTests.ErrorCode_SetToNull_ShouldRemoveFromExtensions" storage="/users/ksemenenko/developer/communication/managedcode.communication.tests/bin/debug/net9.0/managedcode.communication.tests.dll" id="ca801211-e81b-4246-8165-fc89719685cd">
      <Execution id="be37a202-b1f8-43a6-8990-924a018bc69c" />
      <TestMethod codeBase="/Users/ksemenenko/Developer/Communication/ManagedCode.Communication.Tests/bin/Debug/net9.0/ManagedCode.Communication.Tests.dll" adapterTypeName="executor://xunit/VsTestRunner3/netcore/" className="ManagedCode.Communication.Tests.Results.ProblemTests" name="ErrorCode_SetToNull_ShouldRemoveFromExtensions" />
    </UnitTest>
    <UnitTest name="ManagedCode.Communication.Tests.Extensions.AdvancedRailwayExtensionsTests.Verify_WithFalseCondition_ReturnsFailureWithContext" storage="/users/ksemenenko/developer/communication/managedcode.communication.tests/bin/debug/net9.0/managedcode.communication.tests.dll" id="c71b36f4-2b0a-4604-4f61-4b54cfbd9335">
      <Execution id="473de309-a83d-41f7-aa49-a3559e063f74" />
      <TestMethod codeBase="/Users/ksemenenko/Developer/Communication/ManagedCode.Communication.Tests/bin/Debug/net9.0/ManagedCode.Communication.Tests.dll" adapterTypeName="executor://xunit/VsTestRunner3/netcore/" className="ManagedCode.Communication.Tests.Extensions.AdvancedRailwayExtensionsTests" name="Verify_WithFalseCondition_ReturnsFailureWithContext" />
    </UnitTest>
    <UnitTest name="ManagedCode.Communication.Tests.Results.ResultTTests.ThrowIfFail_WithSuccessfulResult_ShouldNotThrow" storage="/users/ksemenenko/developer/communication/managedcode.communication.tests/bin/debug/net9.0/managedcode.communication.tests.dll" id="6cf80ec4-adaa-7630-8518-7cc2f85912e5">
      <Execution id="593da426-e8cc-4ca0-b2c6-b30130a47216" />
      <TestMethod codeBase="/Users/ksemenenko/Developer/Communication/ManagedCode.Communication.Tests/bin/Debug/net9.0/ManagedCode.Communication.Tests.dll" adapterTypeName="executor://xunit/VsTestRunner3/netcore/" className="ManagedCode.Communication.Tests.Results.ResultTTests" name="ThrowIfFail_WithSuccessfulResult_ShouldNotThrow" />
    </UnitTest>
    <UnitTest name="ManagedCode.Communication.Tests.Orleans.Serialization.ResultSerializationTests.ResultT_WithNullValue_ShouldSerializeCorrectly" storage="/users/ksemenenko/developer/communication/managedcode.communication.tests/bin/debug/net9.0/managedcode.communication.tests.dll" id="a446a9ac-cd6d-4eef-b2f8-502eddef1fa4">
      <Execution id="c6e08f2c-9364-41a9-b19f-7531cd5842d8" />
      <TestMethod codeBase="/Users/ksemenenko/Developer/Communication/ManagedCode.Communication.Tests/bin/Debug/net9.0/ManagedCode.Communication.Tests.dll" adapterTypeName="executor://xunit/VsTestRunner3/netcore/" className="ManagedCode.Communication.Tests.Orleans.Serialization.ResultSerializationTests" name="ResultT_WithNullValue_ShouldSerializeCorrectly" />
    </UnitTest>
    <UnitTest name="ManagedCode.Communication.Tests.Results.ProblemToExceptionErrorTests.ToException_WithAggregateException_ShouldHandleCorrectly" storage="/users/ksemenenko/developer/communication/managedcode.communication.tests/bin/debug/net9.0/managedcode.communication.tests.dll" id="bed016bd-a122-31d3-dc01-e7d0fe017e6f">
      <Execution id="60319685-2963-4181-b1f6-addcb7cb6daa" />
      <TestMethod codeBase="/Users/ksemenenko/Developer/Communication/ManagedCode.Communication.Tests/bin/Debug/net9.0/ManagedCode.Communication.Tests.dll" adapterTypeName="executor://xunit/VsTestRunner3/netcore/" className="ManagedCode.Communication.Tests.Results.ProblemToExceptionErrorTests" name="ToException_WithAggregateException_ShouldHandleCorrectly" />
    </UnitTest>
    <UnitTest name="ManagedCode.Communication.Tests.Results.ResultValueExecutionExtensionsTests.From_ValueTask_ReturnsSuccess" storage="/users/ksemenenko/developer/communication/managedcode.communication.tests/bin/debug/net9.0/managedcode.communication.tests.dll" id="62230298-b8cb-65c6-11c5-47ce136a6111">
      <Execution id="d31fd09f-cae4-42d0-a8c8-e367b98b0713" />
      <TestMethod codeBase="/Users/ksemenenko/Developer/Communication/ManagedCode.Communication.Tests/bin/Debug/net9.0/ManagedCode.Communication.Tests.dll" adapterTypeName="executor://xunit/VsTestRunner3/netcore/" className="ManagedCode.Communication.Tests.Results.ResultValueExecutionExtensionsTests" name="From_ValueTask_ReturnsSuccess" />
    </UnitTest>
    <UnitTest name="ManagedCode.Communication.Tests.Extensions.RailwayExtensionsTests.Match_SuccessfulResult_ExecutesOnSuccess" storage="/users/ksemenenko/developer/communication/managedcode.communication.tests/bin/debug/net9.0/managedcode.communication.tests.dll" id="1d4a9ecb-b166-605d-08b1-b1a2e2f4e86b">
      <Execution id="a753f39e-b687-486f-94db-af76bb35d546" />
      <TestMethod codeBase="/Users/ksemenenko/Developer/Communication/ManagedCode.Communication.Tests/bin/Debug/net9.0/ManagedCode.Communication.Tests.dll" adapterTypeName="executor://xunit/VsTestRunner3/netcore/" className="ManagedCode.Communication.Tests.Extensions.RailwayExtensionsTests" name="Match_SuccessfulResult_ExecutesOnSuccess" />
    </UnitTest>
    <UnitTest name="ManagedCode.Communication.Tests.Results.RailwayOrientedProgrammingTests.Map_ChainedOperations_ShouldWork" storage="/users/ksemenenko/developer/communication/managedcode.communication.tests/bin/debug/net9.0/managedcode.communication.tests.dll" id="ba73bcf1-6486-473f-ebfb-50eecaf57a0c">
      <Execution id="d571ace3-143f-480d-bab6-879aed840a20" />
      <TestMethod codeBase="/Users/ksemenenko/Developer/Communication/ManagedCode.Communication.Tests/bin/Debug/net9.0/ManagedCode.Communication.Tests.dll" adapterTypeName="executor://xunit/VsTestRunner3/netcore/" className="ManagedCode.Communication.Tests.Results.RailwayOrientedProgrammingTests" name="Map_ChainedOperations_ShouldWork" />
    </UnitTest>
    <UnitTest name="ManagedCode.Communication.Tests.Results.ResultInvalidMethodsTests.Result_InvalidT_WithoutParameters_ShouldCreateValidationResult" storage="/users/ksemenenko/developer/communication/managedcode.communication.tests/bin/debug/net9.0/managedcode.communication.tests.dll" id="5efec4de-8ef4-157c-0742-6a313929d03a">
      <Execution id="62fc18dd-06db-4875-bad8-20c35e36b421" />
      <TestMethod codeBase="/Users/ksemenenko/Developer/Communication/ManagedCode.Communication.Tests/bin/Debug/net9.0/ManagedCode.Communication.Tests.dll" adapterTypeName="executor://xunit/VsTestRunner3/netcore/" className="ManagedCode.Communication.Tests.Results.ResultInvalidMethodsTests" name="Result_InvalidT_WithoutParameters_ShouldCreateValidationResult" />
    </UnitTest>
    <UnitTest name="ManagedCode.Communication.Tests.Extensions.RailwayExtensionsTests.Else_FailedResult_ReturnsAlternative" storage="/users/ksemenenko/developer/communication/managedcode.communication.tests/bin/debug/net9.0/managedcode.communication.tests.dll" id="76eed23b-8a55-d326-92d7-3df3c6478d17">
      <Execution id="fabc2b9a-5192-4faf-a455-3fd1b725f007" />
      <TestMethod codeBase="/Users/ksemenenko/Developer/Communication/ManagedCode.Communication.Tests/bin/Debug/net9.0/ManagedCode.Communication.Tests.dll" adapterTypeName="executor://xunit/VsTestRunner3/netcore/" className="ManagedCode.Communication.Tests.Extensions.RailwayExtensionsTests" name="Else_FailedResult_ReturnsAlternative" />
    </UnitTest>
    <UnitTest name="ManagedCode.Communication.Tests.Commands.MemoryCacheCommandIdempotencyStoreTests.TrySetCommandStatusAsync_WhenExpectedMatches_SetsStatusAndReturnsTrue" storage="/users/ksemenenko/developer/communication/managedcode.communication.tests/bin/debug/net9.0/managedcode.communication.tests.dll" id="3dba1090-3d39-a7e5-2887-f4afca57ae4d">
      <Execution id="4db49979-c65f-45fd-b06b-448de764059a" />
      <TestMethod codeBase="/Users/ksemenenko/Developer/Communication/ManagedCode.Communication.Tests/bin/Debug/net9.0/ManagedCode.Communication.Tests.dll" adapterTypeName="executor://xunit/VsTestRunner3/netcore/" className="ManagedCode.Communication.Tests.Commands.MemoryCacheCommandIdempotencyStoreTests" name="TrySetCommandStatusAsync_WhenExpectedMatches_SetsStatusAndReturnsTrue" />
    </UnitTest>
    <UnitTest name="ManagedCode.Communication.Tests.Results.CollectionResultTests.TotalPages_ShouldCalculateCorrectly" storage="/users/ksemenenko/developer/communication/managedcode.communication.tests/bin/debug/net9.0/managedcode.communication.tests.dll" id="99f446f3-a7b4-6b9c-7383-6521b7b5724d">
      <Execution id="2a6f0717-60f2-4ad4-81e8-d9caf0b55e5f" />
      <TestMethod codeBase="/Users/ksemenenko/Developer/Communication/ManagedCode.Communication.Tests/bin/Debug/net9.0/ManagedCode.Communication.Tests.dll" adapterTypeName="executor://xunit/VsTestRunner3/netcore/" className="ManagedCode.Communication.Tests.Results.CollectionResultTests" name="TotalPages_ShouldCalculateCorrectly" />
    </UnitTest>
    <UnitTest name="ManagedCode.Communication.Tests.Results.ProblemToExceptionTests.ToException_FromValidationProblem_ShouldReturnProblemException" storage="/users/ksemenenko/developer/communication/managedcode.communication.tests/bin/debug/net9.0/managedcode.communication.tests.dll" id="05a54838-2f8d-21c6-e86e-0f8ca9d7103d">
      <Execution id="8dc36cef-7e9e-4c4c-92fa-7335632ddbd1" />
      <TestMethod codeBase="/Users/ksemenenko/Developer/Communication/ManagedCode.Communication.Tests/bin/Debug/net9.0/ManagedCode.Communication.Tests.dll" adapterTypeName="executor://xunit/VsTestRunner3/netcore/" className="ManagedCode.Communication.Tests.Results.ProblemToExceptionTests" name="ToException_FromValidationProblem_ShouldReturnProblemException" />
    </UnitTest>
    <UnitTest name="ManagedCode.Communication.Tests.Results.ResultTFailMethodsTests.ResultT_Fail_WithException_ShouldCreateFailedResultWithInternalServerError" storage="/users/ksemenenko/developer/communication/managedcode.communication.tests/bin/debug/net9.0/managedcode.communication.tests.dll" id="ed93864c-524d-6b65-67c9-c210db0904d0">
      <Execution id="e2456fba-4b58-46fa-9443-5fbcbe47cde4" />
      <TestMethod codeBase="/Users/ksemenenko/Developer/Communication/ManagedCode.Communication.Tests/bin/Debug/net9.0/ManagedCode.Communication.Tests.dll" adapterTypeName="executor://xunit/VsTestRunner3/netcore/" className="ManagedCode.Communication.Tests.Results.ResultTFailMethodsTests" name="ResultT_Fail_WithException_ShouldCreateFailedResultWithInternalServerError" />
    </UnitTest>
    <UnitTest name="ManagedCode.Communication.Tests.Commands.MemoryCacheCommandIdempotencyStoreTests.RemoveCommandAsync_RemovesCommand" storage="/users/ksemenenko/developer/communication/managedcode.communication.tests/bin/debug/net9.0/managedcode.communication.tests.dll" id="311e3e96-4cb5-66b7-514a-5e93dfad5e16">
      <Execution id="d7278ec0-93a3-4804-98d7-22e28769848f" />
      <TestMethod codeBase="/Users/ksemenenko/Developer/Communication/ManagedCode.Communication.Tests/bin/Debug/net9.0/ManagedCode.Communication.Tests.dll" adapterTypeName="executor://xunit/VsTestRunner3/netcore/" className="ManagedCode.Communication.Tests.Commands.MemoryCacheCommandIdempotencyStoreTests" name="RemoveCommandAsync_RemovesCommand" />
    </UnitTest>
    <UnitTest name="ManagedCode.Communication.Tests.Extensions.ProblemExtensionsTests.AsProblem_ShouldConvertProblemDetailsToProblem" storage="/users/ksemenenko/developer/communication/managedcode.communication.tests/bin/debug/net9.0/managedcode.communication.tests.dll" id="f2fedf4e-1784-514f-f108-e8785c00ded4">
      <Execution id="2f12e3dc-3d3a-4dcb-9090-3577e690b957" />
      <TestMethod codeBase="/Users/ksemenenko/Developer/Communication/ManagedCode.Communication.Tests/bin/Debug/net9.0/ManagedCode.Communication.Tests.dll" adapterTypeName="executor://xunit/VsTestRunner3/netcore/" className="ManagedCode.Communication.Tests.Extensions.ProblemExtensionsTests" name="AsProblem_ShouldConvertProblemDetailsToProblem" />
    </UnitTest>
    <UnitTest name="ManagedCode.Communication.Tests.Extensions.ProblemExtensionsTests.ToFailedResult_FromProblemDetails_ShouldCreateFailedResult" storage="/users/ksemenenko/developer/communication/managedcode.communication.tests/bin/debug/net9.0/managedcode.communication.tests.dll" id="97a02c40-1c10-309c-a600-6c8bf81ccdfc">
      <Execution id="913f8535-bd9e-48d4-93e2-0e2ca5f6be12" />
      <TestMethod codeBase="/Users/ksemenenko/Developer/Communication/ManagedCode.Communication.Tests/bin/Debug/net9.0/ManagedCode.Communication.Tests.dll" adapterTypeName="executor://xunit/VsTestRunner3/netcore/" className="ManagedCode.Communication.Tests.Extensions.ProblemExtensionsTests" name="ToFailedResult_FromProblemDetails_ShouldCreateFailedResult" />
    </UnitTest>
    <UnitTest name="ManagedCode.Communication.Tests.Results.ResultTTests.TryGetProblem_WithFailedResult_ShouldReturnTrueAndProblem" storage="/users/ksemenenko/developer/communication/managedcode.communication.tests/bin/debug/net9.0/managedcode.communication.tests.dll" id="9e91e282-03c1-0cff-0470-97bfea9c776b">
      <Execution id="2fc9b364-1487-499f-91b9-b905f91d9c1e" />
      <TestMethod codeBase="/Users/ksemenenko/Developer/Communication/ManagedCode.Communication.Tests/bin/Debug/net9.0/ManagedCode.Communication.Tests.dll" adapterTypeName="executor://xunit/VsTestRunner3/netcore/" className="ManagedCode.Communication.Tests.Results.ResultTTests" name="TryGetProblem_WithFailedResult_ShouldReturnTrueAndProblem" />
    </UnitTest>
    <UnitTest name="ManagedCode.Communication.Tests.CollectionResults.CollectionResultFailMethodsTests.Fail_WithComplexTypes_ShouldHandleCorrectly" storage="/users/ksemenenko/developer/communication/managedcode.communication.tests/bin/debug/net9.0/managedcode.communication.tests.dll" id="0c29c5af-e3cf-7553-8d21-7aa06a61033d">
      <Execution id="5472d74c-922c-45fc-a259-e1744811e977" />
      <TestMethod codeBase="/Users/ksemenenko/Developer/Communication/ManagedCode.Communication.Tests/bin/Debug/net9.0/ManagedCode.Communication.Tests.dll" adapterTypeName="executor://xunit/VsTestRunner3/netcore/" className="ManagedCode.Communication.Tests.CollectionResults.CollectionResultFailMethodsTests" name="Fail_WithComplexTypes_ShouldHandleCorrectly" />
    </UnitTest>
    <UnitTest name="ManagedCode.Communication.Tests.Extensions.HttpResponseExtensionTests.FromRequestToResult_VariousSuccessCodes_ReturnsSuccessResult(statusCode: OK)" storage="/users/ksemenenko/developer/communication/managedcode.communication.tests/bin/debug/net9.0/managedcode.communication.tests.dll" id="0f7e2ea7-7d90-6e7a-188c-ad60a1c650c6">
      <Execution id="d73aecaf-331c-43b6-b7cd-2510387c6ae4" />
      <TestMethod codeBase="/Users/ksemenenko/Developer/Communication/ManagedCode.Communication.Tests/bin/Debug/net9.0/ManagedCode.Communication.Tests.dll" adapterTypeName="executor://xunit/VsTestRunner3/netcore/" className="ManagedCode.Communication.Tests.Extensions.HttpResponseExtensionTests" name="FromRequestToResult_VariousSuccessCodes_ReturnsSuccessResult" />
    </UnitTest>
    <UnitTest name="ManagedCode.Communication.Tests.Results.ResultHelperMethodsTests.ResultT_FailNotFound_ShouldCreateNotFoundResult" storage="/users/ksemenenko/developer/communication/managedcode.communication.tests/bin/debug/net9.0/managedcode.communication.tests.dll" id="a37dbed6-65ed-3366-4c41-404cbdef850a">
      <Execution id="46385bfd-be84-4ec1-9ba3-f2e48edd0ce0" />
      <TestMethod codeBase="/Users/ksemenenko/Developer/Communication/ManagedCode.Communication.Tests/bin/Debug/net9.0/ManagedCode.Communication.Tests.dll" adapterTypeName="executor://xunit/VsTestRunner3/netcore/" className="ManagedCode.Communication.Tests.Results.ResultHelperMethodsTests" name="ResultT_FailNotFound_ShouldCreateNotFoundResult" />
    </UnitTest>
    <UnitTest name="ManagedCode.Communication.Tests.Extensions.RailwayExtensionsTests.Finally_SuccessfulResult_ExecutesAction" storage="/users/ksemenenko/developer/communication/managedcode.communication.tests/bin/debug/net9.0/managedcode.communication.tests.dll" id="f1930371-f29c-139f-41a8-607d158f22b6">
      <Execution id="4c3dbf2d-d940-4320-8cef-12951935f383" />
      <TestMethod codeBase="/Users/ksemenenko/Developer/Communication/ManagedCode.Communication.Tests/bin/Debug/net9.0/ManagedCode.Communication.Tests.dll" adapterTypeName="executor://xunit/VsTestRunner3/netcore/" className="ManagedCode.Communication.Tests.Extensions.RailwayExtensionsTests" name="Finally_SuccessfulResult_ExecutesAction" />
    </UnitTest>
    <UnitTest name="ManagedCode.Communication.Tests.Results.ResultProblemExtensionsTests.Result_ToException_WithProblem_ReturnsProblemException" storage="/users/ksemenenko/developer/communication/managedcode.communication.tests/bin/debug/net9.0/managedcode.communication.tests.dll" id="5eb1535c-6e9b-2066-e811-582a5b611112">
      <Execution id="9f116dd0-bdbf-42a9-b65c-bafaa1e70799" />
      <TestMethod codeBase="/Users/ksemenenko/Developer/Communication/ManagedCode.Communication.Tests/bin/Debug/net9.0/ManagedCode.Communication.Tests.dll" adapterTypeName="executor://xunit/VsTestRunner3/netcore/" className="ManagedCode.Communication.Tests.Results.ResultProblemExtensionsTests" name="Result_ToException_WithProblem_ReturnsProblemException" />
    </UnitTest>
    <UnitTest name="ManagedCode.Communication.Tests.CollectionResults.CollectionResultFromMethodsTests.From_FuncThrowingException_ShouldCreateFailedResult" storage="/users/ksemenenko/developer/communication/managedcode.communication.tests/bin/debug/net9.0/managedcode.communication.tests.dll" id="014c01cc-82ce-1338-64c6-0f60bdc5f380">
      <Execution id="73b083fb-2265-463c-9c82-efdb2347b236" />
      <TestMethod codeBase="/Users/ksemenenko/Developer/Communication/ManagedCode.Communication.Tests/bin/Debug/net9.0/ManagedCode.Communication.Tests.dll" adapterTypeName="executor://xunit/VsTestRunner3/netcore/" className="ManagedCode.Communication.Tests.CollectionResults.CollectionResultFromMethodsTests" name="From_FuncThrowingException_ShouldCreateFailedResult" />
    </UnitTest>
    <UnitTest name="ManagedCode.Communication.Tests.Results.ResultTFailMethodsTests.ResultT_Fail_WithEnumDetailAndStatus_ShouldCreateFailedResultWithAllSpecified" storage="/users/ksemenenko/developer/communication/managedcode.communication.tests/bin/debug/net9.0/managedcode.communication.tests.dll" id="b5aba053-73cd-4540-b3bc-87ffee779e82">
      <Execution id="14501f2a-c195-438d-ac2d-a0da0ffed7d3" />
      <TestMethod codeBase="/Users/ksemenenko/Developer/Communication/ManagedCode.Communication.Tests/bin/Debug/net9.0/ManagedCode.Communication.Tests.dll" adapterTypeName="executor://xunit/VsTestRunner3/netcore/" className="ManagedCode.Communication.Tests.Results.ResultTFailMethodsTests" name="ResultT_Fail_WithEnumDetailAndStatus_ShouldCreateFailedResultWithAllSpecified" />
    </UnitTest>
    <UnitTest name="ManagedCode.Communication.Tests.CollectionResults.CollectionResultFromMethodsTests.From_TaskReturningEnumerable_ShouldCreateSuccessResult" storage="/users/ksemenenko/developer/communication/managedcode.communication.tests/bin/debug/net9.0/managedcode.communication.tests.dll" id="5f864fdf-439e-2f82-1d4d-33966957f6d6">
      <Execution id="c0104fb1-7565-43be-843b-cea73076f5bc" />
      <TestMethod codeBase="/Users/ksemenenko/Developer/Communication/ManagedCode.Communication.Tests/bin/Debug/net9.0/ManagedCode.Communication.Tests.dll" adapterTypeName="executor://xunit/VsTestRunner3/netcore/" className="ManagedCode.Communication.Tests.CollectionResults.CollectionResultFromMethodsTests" name="From_TaskReturningEnumerable_ShouldCreateSuccessResult" />
    </UnitTest>
    <UnitTest name="ManagedCode.Communication.Tests.ProblemTests.ProblemCreateMethodsTests.Problem_AddValidationError_ToExistingField_ShouldAppendError" storage="/users/ksemenenko/developer/communication/managedcode.communication.tests/bin/debug/net9.0/managedcode.communication.tests.dll" id="d9b0142c-6bc1-6f97-6ab7-2f168104e960">
      <Execution id="d89d994b-4f70-46a3-bd8c-eca38828339c" />
      <TestMethod codeBase="/Users/ksemenenko/Developer/Communication/ManagedCode.Communication.Tests/bin/Debug/net9.0/ManagedCode.Communication.Tests.dll" adapterTypeName="executor://xunit/VsTestRunner3/netcore/" className="ManagedCode.Communication.Tests.ProblemTests.ProblemCreateMethodsTests" name="Problem_AddValidationError_ToExistingField_ShouldAppendError" />
    </UnitTest>
    <UnitTest name="ManagedCode.Communication.Tests.Results.ProblemToExceptionErrorTests.ToException_WithCustomExceptionWithoutDefaultConstructor_ShouldFallbackToProblemException" storage="/users/ksemenenko/developer/communication/managedcode.communication.tests/bin/debug/net9.0/managedcode.communication.tests.dll" id="d60e2fbc-d537-5dc4-b314-edebe3b20a8b">
      <Execution id="2e79b06f-1bf6-4a9f-9d70-dd518675cf60" />
      <TestMethod codeBase="/Users/ksemenenko/Developer/Communication/ManagedCode.Communication.Tests/bin/Debug/net9.0/ManagedCode.Communication.Tests.dll" adapterTypeName="executor://xunit/VsTestRunner3/netcore/" className="ManagedCode.Communication.Tests.Results.ProblemToExceptionErrorTests" name="ToException_WithCustomExceptionWithoutDefaultConstructor_ShouldFallbackToProblemException" />
    </UnitTest>
    <UnitTest name="ManagedCode.Communication.Tests.Orleans.Serialization.CollectionResultSerializationTests.CollectionResult_WithPagination_ShouldSerializeCorrectly" storage="/users/ksemenenko/developer/communication/managedcode.communication.tests/bin/debug/net9.0/managedcode.communication.tests.dll" id="8f4f549d-e712-d8ad-23b3-779d33c6660a">
      <Execution id="8489e856-8c74-4342-8284-a4e0413ec23d" />
      <TestMethod codeBase="/Users/ksemenenko/Developer/Communication/ManagedCode.Communication.Tests/bin/Debug/net9.0/ManagedCode.Communication.Tests.dll" adapterTypeName="executor://xunit/VsTestRunner3/netcore/" className="ManagedCode.Communication.Tests.Orleans.Serialization.CollectionResultSerializationTests" name="CollectionResult_WithPagination_ShouldSerializeCorrectly" />
    </UnitTest>
    <UnitTest name="ManagedCode.Communication.Tests.Results.ResultExecutionExtensionsTests.From_Bool_WithProblemFalse_ReturnsProvidedProblem" storage="/users/ksemenenko/developer/communication/managedcode.communication.tests/bin/debug/net9.0/managedcode.communication.tests.dll" id="9c331f06-f5fc-7df6-4d39-cedcafb45641">
      <Execution id="09ffd82c-0349-402c-bb15-cf3ee279bca5" />
      <TestMethod codeBase="/Users/ksemenenko/Developer/Communication/ManagedCode.Communication.Tests/bin/Debug/net9.0/ManagedCode.Communication.Tests.dll" adapterTypeName="executor://xunit/VsTestRunner3/netcore/" className="ManagedCode.Communication.Tests.Results.ResultExecutionExtensionsTests" name="From_Bool_WithProblemFalse_ReturnsProvidedProblem" />
    </UnitTest>
    <UnitTest name="ManagedCode.Communication.Tests.ResultExtensionsTests.Finally_ShouldAlwaysExecute" storage="/users/ksemenenko/developer/communication/managedcode.communication.tests/bin/debug/net9.0/managedcode.communication.tests.dll" id="a93a1323-b9ff-8712-08d2-3c1f4cc58bb3">
      <Execution id="ebaa024b-3552-4374-b2eb-9163c7e2bc41" />
      <TestMethod codeBase="/Users/ksemenenko/Developer/Communication/ManagedCode.Communication.Tests/bin/Debug/net9.0/ManagedCode.Communication.Tests.dll" adapterTypeName="executor://xunit/VsTestRunner3/netcore/" className="ManagedCode.Communication.Tests.ResultExtensionsTests" name="Finally_ShouldAlwaysExecute" />
    </UnitTest>
    <UnitTest name="ManagedCode.Communication.Tests.Results.ResultValueExecutionExtensionsTests.From_ValueTaskReturningResult_Exception" storage="/users/ksemenenko/developer/communication/managedcode.communication.tests/bin/debug/net9.0/managedcode.communication.tests.dll" id="ca12ea88-ce9f-4919-7c2c-0fd74bad1261">
      <Execution id="34e38bbc-abbb-4fdb-95d9-c5061c42026e" />
      <TestMethod codeBase="/Users/ksemenenko/Developer/Communication/ManagedCode.Communication.Tests/bin/Debug/net9.0/ManagedCode.Communication.Tests.dll" adapterTypeName="executor://xunit/VsTestRunner3/netcore/" className="ManagedCode.Communication.Tests.Results.ResultValueExecutionExtensionsTests" name="From_ValueTaskReturningResult_Exception" />
    </UnitTest>
    <UnitTest name="ManagedCode.Communication.Tests.Results.CollectionResultTests.Fail_WithProblem_ShouldCreateFailedResult" storage="/users/ksemenenko/developer/communication/managedcode.communication.tests/bin/debug/net9.0/managedcode.communication.tests.dll" id="b33a03a8-55ac-77be-ca97-0bc786c289fc">
      <Execution id="37bf6b3c-adea-49b7-9b55-86d324d980c5" />
      <TestMethod codeBase="/Users/ksemenenko/Developer/Communication/ManagedCode.Communication.Tests/bin/Debug/net9.0/ManagedCode.Communication.Tests.dll" adapterTypeName="executor://xunit/VsTestRunner3/netcore/" className="ManagedCode.Communication.Tests.Results.CollectionResultTests" name="Fail_WithProblem_ShouldCreateFailedResult" />
    </UnitTest>
    <UnitTest name="ManagedCode.Communication.Tests.Results.ResultFailMethodsTests.Result_Fail_WithTitleAndDetail_ShouldCreateFailedResultWithDefaultStatus" storage="/users/ksemenenko/developer/communication/managedcode.communication.tests/bin/debug/net9.0/managedcode.communication.tests.dll" id="bc434b75-bdc7-4498-0cdc-a7a24b7bcef3">
      <Execution id="da488ed7-01f4-4f44-b221-11901b3826f2" />
      <TestMethod codeBase="/Users/ksemenenko/Developer/Communication/ManagedCode.Communication.Tests/bin/Debug/net9.0/ManagedCode.Communication.Tests.dll" adapterTypeName="executor://xunit/VsTestRunner3/netcore/" className="ManagedCode.Communication.Tests.Results.ResultFailMethodsTests" name="Result_Fail_WithTitleAndDetail_ShouldCreateFailedResultWithDefaultStatus" />
    </UnitTest>
    <UnitTest name="ManagedCode.Communication.Tests.Results.ProblemToExceptionErrorTests.ToException_WithHttpRequestException_ShouldHandleSpecialCases" storage="/users/ksemenenko/developer/communication/managedcode.communication.tests/bin/debug/net9.0/managedcode.communication.tests.dll" id="49bddafe-bc17-f349-326c-5d40a7970e79">
      <Execution id="e12031ea-ab3e-41d9-9919-a1d308e58d77" />
      <TestMethod codeBase="/Users/ksemenenko/Developer/Communication/ManagedCode.Communication.Tests/bin/Debug/net9.0/ManagedCode.Communication.Tests.dll" adapterTypeName="executor://xunit/VsTestRunner3/netcore/" className="ManagedCode.Communication.Tests.Results.ProblemToExceptionErrorTests" name="ToException_WithHttpRequestException_ShouldHandleSpecialCases" />
    </UnitTest>
    <UnitTest name="ManagedCode.Communication.Tests.AspNetCore.Helpers.HttpStatusCodeHelperTests.GetStatusCodeForException_StandardException_FallsBackToBaseHelper" storage="/users/ksemenenko/developer/communication/managedcode.communication.tests/bin/debug/net9.0/managedcode.communication.tests.dll" id="878aaa41-b943-c214-4d03-854fffe991ed">
      <Execution id="c29dbfb5-0542-44d7-ae3d-71f5d63f6135" />
      <TestMethod codeBase="/Users/ksemenenko/Developer/Communication/ManagedCode.Communication.Tests/bin/Debug/net9.0/ManagedCode.Communication.Tests.dll" adapterTypeName="executor://xunit/VsTestRunner3/netcore/" className="ManagedCode.Communication.Tests.AspNetCore.Helpers.HttpStatusCodeHelperTests" name="GetStatusCodeForException_StandardException_FallsBackToBaseHelper" />
    </UnitTest>
    <UnitTest name="ManagedCode.Communication.Tests.CollectionResults.CollectionResultFailMethodsTests.Fail_WithEnumerable_ShouldCreateFailedResultWithItems" storage="/users/ksemenenko/developer/communication/managedcode.communication.tests/bin/debug/net9.0/managedcode.communication.tests.dll" id="5fcc6bb5-5034-60d9-130d-fe126a4d45b8">
      <Execution id="5b2f4439-b39c-4a81-9634-55d94fff2545" />
      <TestMethod codeBase="/Users/ksemenenko/Developer/Communication/ManagedCode.Communication.Tests/bin/Debug/net9.0/ManagedCode.Communication.Tests.dll" adapterTypeName="executor://xunit/VsTestRunner3/netcore/" className="ManagedCode.Communication.Tests.CollectionResults.CollectionResultFailMethodsTests" name="Fail_WithEnumerable_ShouldCreateFailedResultWithItems" />
    </UnitTest>
    <UnitTest name="ManagedCode.Communication.Tests.AspNetCore.Extensions.ControllerExtensionsTests.ToActionResult_WithVariousStatusCodes_ReturnsCorrectStatusCode(statusCode: 403, title: &quot;Forbidden&quot;)" storage="/users/ksemenenko/developer/communication/managedcode.communication.tests/bin/debug/net9.0/managedcode.communication.tests.dll" id="aca7dc08-e077-6336-11fb-2489a226e225">
      <Execution id="78b02ad7-672e-431d-861d-56375d7626f9" />
      <TestMethod codeBase="/Users/ksemenenko/Developer/Communication/ManagedCode.Communication.Tests/bin/Debug/net9.0/ManagedCode.Communication.Tests.dll" adapterTypeName="executor://xunit/VsTestRunner3/netcore/" className="ManagedCode.Communication.Tests.AspNetCore.Extensions.ControllerExtensionsTests" name="ToActionResult_WithVariousStatusCodes_ReturnsCorrectStatusCode" />
    </UnitTest>
    <UnitTest name="ManagedCode.Communication.Tests.Results.ProblemTests.GetErrorCodeAs_WithMatchingEnum_ShouldReturnEnumValue" storage="/users/ksemenenko/developer/communication/managedcode.communication.tests/bin/debug/net9.0/managedcode.communication.tests.dll" id="aab534c1-e47f-1e10-690a-e9fe2fb9e517">
      <Execution id="5cf7ce5b-e1e6-4611-898c-2333984d4026" />
      <TestMethod codeBase="/Users/ksemenenko/Developer/Communication/ManagedCode.Communication.Tests/bin/Debug/net9.0/ManagedCode.Communication.Tests.dll" adapterTypeName="executor://xunit/VsTestRunner3/netcore/" className="ManagedCode.Communication.Tests.Results.ProblemTests" name="GetErrorCodeAs_WithMatchingEnum_ShouldReturnEnumValue" />
    </UnitTest>
    <UnitTest name="ManagedCode.Communication.Tests.Results.ProblemTests.ImplicitOperator_ToProblemException_ShouldCreateException" storage="/users/ksemenenko/developer/communication/managedcode.communication.tests/bin/debug/net9.0/managedcode.communication.tests.dll" id="5a0ae5e8-72bd-c20c-476c-fc5a9836655a">
      <Execution id="d6af17d9-da4a-491e-8dbf-34d7f7ea6417" />
      <TestMethod codeBase="/Users/ksemenenko/Developer/Communication/ManagedCode.Communication.Tests/bin/Debug/net9.0/ManagedCode.Communication.Tests.dll" adapterTypeName="executor://xunit/VsTestRunner3/netcore/" className="ManagedCode.Communication.Tests.Results.ProblemTests" name="ImplicitOperator_ToProblemException_ShouldCreateException" />
    </UnitTest>
    <UnitTest name="ManagedCode.Communication.Tests.AspNetCore.Helpers.HttpStatusCodeHelperTests.GetStatusCodeForException_AspNetSpecificExceptions_ReturnsCorrectStatusCode(exceptionType: typeof(Microsoft.AspNetCore.SignalR.HubException), expectedStatusCode: BadRequest)" storage="/users/ksemenenko/developer/communication/managedcode.communication.tests/bin/debug/net9.0/managedcode.communication.tests.dll" id="0e1070b1-2093-5dae-a087-dd2198ca3385">
      <Execution id="e4ee46da-1ca2-489f-8f70-fafbe9b90d03" />
      <TestMethod codeBase="/Users/ksemenenko/Developer/Communication/ManagedCode.Communication.Tests/bin/Debug/net9.0/ManagedCode.Communication.Tests.dll" adapterTypeName="executor://xunit/VsTestRunner3/netcore/" className="ManagedCode.Communication.Tests.AspNetCore.Helpers.HttpStatusCodeHelperTests" name="GetStatusCodeForException_AspNetSpecificExceptions_ReturnsCorrectStatusCode" />
    </UnitTest>
    <UnitTest name="ManagedCode.Communication.Tests.Results.ProblemCreationExtensionsTests.ToProblem_FromEnum_WithCustomDetail_ShouldUseProvidedDetail" storage="/users/ksemenenko/developer/communication/managedcode.communication.tests/bin/debug/net9.0/managedcode.communication.tests.dll" id="e28c6785-47f9-bd94-84d3-18cec24659f3">
      <Execution id="206becc8-23d1-4f5c-8630-485333abeae6" />
      <TestMethod codeBase="/Users/ksemenenko/Developer/Communication/ManagedCode.Communication.Tests/bin/Debug/net9.0/ManagedCode.Communication.Tests.dll" adapterTypeName="executor://xunit/VsTestRunner3/netcore/" className="ManagedCode.Communication.Tests.Results.ProblemCreationExtensionsTests" name="ToProblem_FromEnum_WithCustomDetail_ShouldUseProvidedDetail" />
    </UnitTest>
    <UnitTest name="ManagedCode.Communication.Tests.Results.ProblemExceptionTests.Constructor_WithProblem_ShouldSetPropertiesCorrectly" storage="/users/ksemenenko/developer/communication/managedcode.communication.tests/bin/debug/net9.0/managedcode.communication.tests.dll" id="75503792-348c-52d7-8b2d-0e5e30e7737f">
      <Execution id="4df23e8a-9dfd-4bfe-b01b-3e93bbbc2f41" />
      <TestMethod codeBase="/Users/ksemenenko/Developer/Communication/ManagedCode.Communication.Tests/bin/Debug/net9.0/ManagedCode.Communication.Tests.dll" adapterTypeName="executor://xunit/VsTestRunner3/netcore/" className="ManagedCode.Communication.Tests.Results.ProblemExceptionTests" name="Constructor_WithProblem_ShouldSetPropertiesCorrectly" />
    </UnitTest>
    <UnitTest name="ManagedCode.Communication.Tests.Serialization.SerializationTests.ResultT_WithValue_ShouldSerializeAndDeserialize" storage="/users/ksemenenko/developer/communication/managedcode.communication.tests/bin/debug/net9.0/managedcode.communication.tests.dll" id="9ad9e2f6-715d-ede9-5172-b09d4e9b5fa2">
      <Execution id="858e396a-a976-4fdf-ab1e-f671aff36c4a" />
      <TestMethod codeBase="/Users/ksemenenko/Developer/Communication/ManagedCode.Communication.Tests/bin/Debug/net9.0/ManagedCode.Communication.Tests.dll" adapterTypeName="executor://xunit/VsTestRunner3/netcore/" className="ManagedCode.Communication.Tests.Serialization.SerializationTests" name="ResultT_WithValue_ShouldSerializeAndDeserialize" />
    </UnitTest>
    <UnitTest name="ManagedCode.Communication.Tests.Results.ResultTests.ThrowIfFail_WithSuccessfulResult_ShouldNotThrow" storage="/users/ksemenenko/developer/communication/managedcode.communication.tests/bin/debug/net9.0/managedcode.communication.tests.dll" id="161ea34e-b552-5b69-4cf9-93991b1d4888">
      <Execution id="afe521d6-470c-4aca-bb14-ffd4302215d5" />
      <TestMethod codeBase="/Users/ksemenenko/Developer/Communication/ManagedCode.Communication.Tests/bin/Debug/net9.0/ManagedCode.Communication.Tests.dll" adapterTypeName="executor://xunit/VsTestRunner3/netcore/" className="ManagedCode.Communication.Tests.Results.ResultTests" name="ThrowIfFail_WithSuccessfulResult_ShouldNotThrow" />
    </UnitTest>
    <UnitTest name="ManagedCode.Communication.Tests.Results.ResultStaticHelperMethodsTests.Result_FailT_NoParameters_ShouldCreateFailedResultT" storage="/users/ksemenenko/developer/communication/managedcode.communication.tests/bin/debug/net9.0/managedcode.communication.tests.dll" id="46310652-8cba-41d1-ad89-4a295ad73bfd">
      <Execution id="51300ad8-76cd-486b-a6a3-ee70f43ee4f3" />
      <TestMethod codeBase="/Users/ksemenenko/Developer/Communication/ManagedCode.Communication.Tests/bin/Debug/net9.0/ManagedCode.Communication.Tests.dll" adapterTypeName="executor://xunit/VsTestRunner3/netcore/" className="ManagedCode.Communication.Tests.Results.ResultStaticHelperMethodsTests" name="Result_FailT_NoParameters_ShouldCreateFailedResultT" />
    </UnitTest>
    <UnitTest name="ManagedCode.Communication.Tests.AspNetCore.Extensions.HubOptionsExtensionsTests.AddCommunicationHubFilter_DoesNotThrow" storage="/users/ksemenenko/developer/communication/managedcode.communication.tests/bin/debug/net9.0/managedcode.communication.tests.dll" id="8e7216bb-69f8-c56d-3e84-3e82cfa64c5c">
      <Execution id="912ea51b-ad60-4e30-a9a2-b1a8e56552e8" />
      <TestMethod codeBase="/Users/ksemenenko/Developer/Communication/ManagedCode.Communication.Tests/bin/Debug/net9.0/ManagedCode.Communication.Tests.dll" adapterTypeName="executor://xunit/VsTestRunner3/netcore/" className="ManagedCode.Communication.Tests.AspNetCore.Extensions.HubOptionsExtensionsTests" name="AddCommunicationHubFilter_DoesNotThrow" />
    </UnitTest>
    <UnitTest name="ManagedCode.Communication.Tests.Results.ResultTTests.FailValidation_ShouldCreateValidationResult" storage="/users/ksemenenko/developer/communication/managedcode.communication.tests/bin/debug/net9.0/managedcode.communication.tests.dll" id="c7343c2c-78ed-5e3a-c3ed-259714840c06">
      <Execution id="e2b59486-ed3d-485f-9f71-a98b3623bb22" />
      <TestMethod codeBase="/Users/ksemenenko/Developer/Communication/ManagedCode.Communication.Tests/bin/Debug/net9.0/ManagedCode.Communication.Tests.dll" adapterTypeName="executor://xunit/VsTestRunner3/netcore/" className="ManagedCode.Communication.Tests.Results.ResultTTests" name="FailValidation_ShouldCreateValidationResult" />
    </UnitTest>
    <UnitTest name="ManagedCode.Communication.Tests.Results.CollectionResultInvalidMethodsTests.CollectionResult_Invalid_ComparedToFailValidation_ShouldBeEquivalent" storage="/users/ksemenenko/developer/communication/managedcode.communication.tests/bin/debug/net9.0/managedcode.communication.tests.dll" id="980d4706-ea6d-d2a9-e6c6-8e6ce35d91ac">
      <Execution id="247dc7e8-5454-4f79-b5b1-118cc5352449" />
      <TestMethod codeBase="/Users/ksemenenko/Developer/Communication/ManagedCode.Communication.Tests/bin/Debug/net9.0/ManagedCode.Communication.Tests.dll" adapterTypeName="executor://xunit/VsTestRunner3/netcore/" className="ManagedCode.Communication.Tests.Results.CollectionResultInvalidMethodsTests" name="CollectionResult_Invalid_ComparedToFailValidation_ShouldBeEquivalent" />
    </UnitTest>
    <UnitTest name="ManagedCode.Communication.Tests.CollectionResults.CollectionResultFromMethodsTests.From_TaskWithDelay_ShouldWaitAndReturnSuccessResult" storage="/users/ksemenenko/developer/communication/managedcode.communication.tests/bin/debug/net9.0/managedcode.communication.tests.dll" id="33a7f29f-3064-c7da-2697-0f90413b5ea8">
      <Execution id="97333118-fffd-4fe2-8097-9add7c9c2121" />
      <TestMethod codeBase="/Users/ksemenenko/Developer/Communication/ManagedCode.Communication.Tests/bin/Debug/net9.0/ManagedCode.Communication.Tests.dll" adapterTypeName="executor://xunit/VsTestRunner3/netcore/" className="ManagedCode.Communication.Tests.CollectionResults.CollectionResultFromMethodsTests" name="From_TaskWithDelay_ShouldWaitAndReturnSuccessResult" />
    </UnitTest>
    <UnitTest name="ManagedCode.Communication.Tests.Results.ResultStaticHelperMethodsTests.Result_FailT_WithEnum_ShouldCreateFailedResultTWithErrorCode" storage="/users/ksemenenko/developer/communication/managedcode.communication.tests/bin/debug/net9.0/managedcode.communication.tests.dll" id="edfe0445-7d04-dc18-c1ba-a9d34b86d8ce">
      <Execution id="183a6bc1-d7bd-47c9-9477-3b3ae0ada2c4" />
      <TestMethod codeBase="/Users/ksemenenko/Developer/Communication/ManagedCode.Communication.Tests/bin/Debug/net9.0/ManagedCode.Communication.Tests.dll" adapterTypeName="executor://xunit/VsTestRunner3/netcore/" className="ManagedCode.Communication.Tests.Results.ResultStaticHelperMethodsTests" name="Result_FailT_WithEnum_ShouldCreateFailedResultTWithErrorCode" />
    </UnitTest>
    <UnitTest name="ManagedCode.Communication.Tests.Commands.MemoryCacheCommandIdempotencyStoreTests.GetMultipleStatusAsync_ReturnsStatusForMultipleCommands" storage="/users/ksemenenko/developer/communication/managedcode.communication.tests/bin/debug/net9.0/managedcode.communication.tests.dll" id="fe4bb424-4fc7-dee4-ff2f-8ee1b89e7d7f">
      <Execution id="c6896a29-dbad-4a9b-81a8-a88cb59432b4" />
      <TestMethod codeBase="/Users/ksemenenko/Developer/Communication/ManagedCode.Communication.Tests/bin/Debug/net9.0/ManagedCode.Communication.Tests.dll" adapterTypeName="executor://xunit/VsTestRunner3/netcore/" className="ManagedCode.Communication.Tests.Commands.MemoryCacheCommandIdempotencyStoreTests" name="GetMultipleStatusAsync_ReturnsStatusForMultipleCommands" />
    </UnitTest>
    <UnitTest name="ManagedCode.Communication.Tests.OrleansTests.GrainClientTests.ValueTaskResult" storage="/users/ksemenenko/developer/communication/managedcode.communication.tests/bin/debug/net9.0/managedcode.communication.tests.dll" id="04b4d7eb-6ae2-be4f-929b-1cc4d1077821">
      <Execution id="4d31c79d-674e-4856-beac-f6675a7e72e4" />
      <TestMethod codeBase="/Users/ksemenenko/Developer/Communication/ManagedCode.Communication.Tests/bin/Debug/net9.0/ManagedCode.Communication.Tests.dll" adapterTypeName="executor://xunit/VsTestRunner3/netcore/" className="ManagedCode.Communication.Tests.OrleansTests.GrainClientTests" name="ValueTaskResult" />
    </UnitTest>
    <UnitTest name="ManagedCode.Communication.Tests.Extensions.HttpResponseExtensionTests.FromRequestToResult_VariousErrorCodes_ReturnsFailedResult(statusCode: Unauthorized)" storage="/users/ksemenenko/developer/communication/managedcode.communication.tests/bin/debug/net9.0/managedcode.communication.tests.dll" id="b974d079-f8c7-696e-01c3-ee20cd989857">
      <Execution id="ad134521-d98a-4ce0-a799-d30466b856c4" />
      <TestMethod codeBase="/Users/ksemenenko/Developer/Communication/ManagedCode.Communication.Tests/bin/Debug/net9.0/ManagedCode.Communication.Tests.dll" adapterTypeName="executor://xunit/VsTestRunner3/netcore/" className="ManagedCode.Communication.Tests.Extensions.HttpResponseExtensionTests" name="FromRequestToResult_VariousErrorCodes_ReturnsFailedResult" />
    </UnitTest>
    <UnitTest name="ManagedCode.Communication.Tests.Results.ResultProblemExtensionsTests.Result_ThrowIfProblem_WithFailure_ThrowsProblemException" storage="/users/ksemenenko/developer/communication/managedcode.communication.tests/bin/debug/net9.0/managedcode.communication.tests.dll" id="7355b243-da6d-e833-f0ce-28048b427d1a">
      <Execution id="3fb72e7a-13c2-4fe1-a0b7-3cf6a97f0968" />
      <TestMethod codeBase="/Users/ksemenenko/Developer/Communication/ManagedCode.Communication.Tests/bin/Debug/net9.0/ManagedCode.Communication.Tests.dll" adapterTypeName="executor://xunit/VsTestRunner3/netcore/" className="ManagedCode.Communication.Tests.Results.ResultProblemExtensionsTests" name="Result_ThrowIfProblem_WithFailure_ThrowsProblemException" />
    </UnitTest>
    <UnitTest name="ManagedCode.Communication.Tests.Results.ResultHelperMethodsTests.ResultT_TryGetProblem_WithSuccess_ShouldReturnFalse" storage="/users/ksemenenko/developer/communication/managedcode.communication.tests/bin/debug/net9.0/managedcode.communication.tests.dll" id="71308719-ce88-4981-95a1-907da9a59986">
      <Execution id="e3114357-7bdb-4bf4-ba2f-72fc91d3f4bb" />
      <TestMethod codeBase="/Users/ksemenenko/Developer/Communication/ManagedCode.Communication.Tests/bin/Debug/net9.0/ManagedCode.Communication.Tests.dll" adapterTypeName="executor://xunit/VsTestRunner3/netcore/" className="ManagedCode.Communication.Tests.Results.ResultHelperMethodsTests" name="ResultT_TryGetProblem_WithSuccess_ShouldReturnFalse" />
    </UnitTest>
    <UnitTest name="ManagedCode.Communication.Tests.Commands.CommandExtensionsTests.FluentSetters_ShouldAssignIdentifiers" storage="/users/ksemenenko/developer/communication/managedcode.communication.tests/bin/debug/net9.0/managedcode.communication.tests.dll" id="f4da7c87-8b32-63a0-c0c1-fe7726108d96">
      <Execution id="4b38fab4-0cdc-469e-a442-5f8aaabf2350" />
      <TestMethod codeBase="/Users/ksemenenko/Developer/Communication/ManagedCode.Communication.Tests/bin/Debug/net9.0/ManagedCode.Communication.Tests.dll" adapterTypeName="executor://xunit/VsTestRunner3/netcore/" className="ManagedCode.Communication.Tests.Commands.CommandExtensionsTests" name="FluentSetters_ShouldAssignIdentifiers" />
    </UnitTest>
    <UnitTest name="ManagedCode.Communication.Tests.Extensions.ProblemExtensionsTests.FromProblemDetails_ShouldConvertProblemDetailsToProblem" storage="/users/ksemenenko/developer/communication/managedcode.communication.tests/bin/debug/net9.0/managedcode.communication.tests.dll" id="4b8b8707-1465-df20-286b-3f7c61a84edd">
      <Execution id="c7b78229-b4a8-4280-8b8c-23725a7d9cf7" />
      <TestMethod codeBase="/Users/ksemenenko/Developer/Communication/ManagedCode.Communication.Tests/bin/Debug/net9.0/ManagedCode.Communication.Tests.dll" adapterTypeName="executor://xunit/VsTestRunner3/netcore/" className="ManagedCode.Communication.Tests.Extensions.ProblemExtensionsTests" name="FromProblemDetails_ShouldConvertProblemDetailsToProblem" />
    </UnitTest>
    <UnitTest name="ManagedCode.Communication.Tests.Extensions.HttpResponseExtensionTests.FromRequestToResult_ConflictStatusCode_ReturnsFailedResult" storage="/users/ksemenenko/developer/communication/managedcode.communication.tests/bin/debug/net9.0/managedcode.communication.tests.dll" id="8ddf6ba2-aa71-6918-24f4-fd6fd790ee42">
      <Execution id="99f6f84e-3b44-40d9-b199-c81a7da1ffde" />
      <TestMethod codeBase="/Users/ksemenenko/Developer/Communication/ManagedCode.Communication.Tests/bin/Debug/net9.0/ManagedCode.Communication.Tests.dll" adapterTypeName="executor://xunit/VsTestRunner3/netcore/" className="ManagedCode.Communication.Tests.Extensions.HttpResponseExtensionTests" name="FromRequestToResult_ConflictStatusCode_ReturnsFailedResult" />
    </UnitTest>
    <UnitTest name="ManagedCode.Communication.Tests.Results.ResultStaticHelperMethodsTests.Result_StaticHelpers_WithComplexTypes_ShouldWorkCorrectly" storage="/users/ksemenenko/developer/communication/managedcode.communication.tests/bin/debug/net9.0/managedcode.communication.tests.dll" id="77cea8c3-be26-09fd-7933-7cd7b881eba7">
      <Execution id="160eddfa-44fe-486a-b2a0-96491abc6042" />
      <TestMethod codeBase="/Users/ksemenenko/Developer/Communication/ManagedCode.Communication.Tests/bin/Debug/net9.0/ManagedCode.Communication.Tests.dll" adapterTypeName="executor://xunit/VsTestRunner3/netcore/" className="ManagedCode.Communication.Tests.Results.ResultStaticHelperMethodsTests" name="Result_StaticHelpers_WithComplexTypes_ShouldWorkCorrectly" />
    </UnitTest>
    <UnitTest name="ManagedCode.Communication.Tests.Extensions.RailwayExtensionsTests.Finally_FailedResult_ExecutesAction" storage="/users/ksemenenko/developer/communication/managedcode.communication.tests/bin/debug/net9.0/managedcode.communication.tests.dll" id="3c1351f2-b304-b994-7193-22c9e52a8782">
      <Execution id="c8372d0d-3d21-44fd-874b-d180f01d3718" />
      <TestMethod codeBase="/Users/ksemenenko/Developer/Communication/ManagedCode.Communication.Tests/bin/Debug/net9.0/ManagedCode.Communication.Tests.dll" adapterTypeName="executor://xunit/VsTestRunner3/netcore/" className="ManagedCode.Communication.Tests.Extensions.RailwayExtensionsTests" name="Finally_FailedResult_ExecutesAction" />
    </UnitTest>
    <UnitTest name="ManagedCode.Communication.Tests.Results.ProblemExceptionTests.Constructor_WithProblemContainingMultipleValidationErrorsPerField_ShouldJoinWithSemicolon" storage="/users/ksemenenko/developer/communication/managedcode.communication.tests/bin/debug/net9.0/managedcode.communication.tests.dll" id="950f8757-e7b7-1138-1a4d-1e70b2dcf083">
      <Execution id="3bc98403-8434-42aa-b10f-241a5c7c2bd9" />
      <TestMethod codeBase="/Users/ksemenenko/Developer/Communication/ManagedCode.Communication.Tests/bin/Debug/net9.0/ManagedCode.Communication.Tests.dll" adapterTypeName="executor://xunit/VsTestRunner3/netcore/" className="ManagedCode.Communication.Tests.Results.ProblemExceptionTests" name="Constructor_WithProblemContainingMultipleValidationErrorsPerField_ShouldJoinWithSemicolon" />
    </UnitTest>
    <UnitTest name="ManagedCode.Communication.Tests.Extensions.RailwayExtensionsTests.Match_FailedResult_ExecutesOnFailure" storage="/users/ksemenenko/developer/communication/managedcode.communication.tests/bin/debug/net9.0/managedcode.communication.tests.dll" id="bbba8e22-1b20-62d6-6e69-7016b4e8e4bf">
      <Execution id="827a0d60-f79f-4ef5-b9ee-1b392753910b" />
      <TestMethod codeBase="/Users/ksemenenko/Developer/Communication/ManagedCode.Communication.Tests/bin/Debug/net9.0/ManagedCode.Communication.Tests.dll" adapterTypeName="executor://xunit/VsTestRunner3/netcore/" className="ManagedCode.Communication.Tests.Extensions.RailwayExtensionsTests" name="Match_FailedResult_ExecutesOnFailure" />
    </UnitTest>
    <UnitTest name="ManagedCode.Communication.Tests.Extensions.ResultConversionExtensionsTests.AsResult_WithException_CreatesFailedResultWithProblem" storage="/users/ksemenenko/developer/communication/managedcode.communication.tests/bin/debug/net9.0/managedcode.communication.tests.dll" id="8e83e5d2-ca14-e987-68f7-ba664862f8f4">
      <Execution id="4a7b637b-1ff0-48a1-98bb-2f89a990a462" />
      <TestMethod codeBase="/Users/ksemenenko/Developer/Communication/ManagedCode.Communication.Tests/bin/Debug/net9.0/ManagedCode.Communication.Tests.dll" adapterTypeName="executor://xunit/VsTestRunner3/netcore/" className="ManagedCode.Communication.Tests.Extensions.ResultConversionExtensionsTests" name="AsResult_WithException_CreatesFailedResultWithProblem" />
    </UnitTest>
    <UnitTest name="ManagedCode.Communication.Tests.Extensions.HttpResponseExtensionTests.FromJsonToResult_SuccessStatusCode_WithFailedResultJson_ReturnsFailedResult" storage="/users/ksemenenko/developer/communication/managedcode.communication.tests/bin/debug/net9.0/managedcode.communication.tests.dll" id="dfd55305-89b6-7032-e718-91fc3fa77a9e">
      <Execution id="28a0c656-7a1d-40c6-bf44-122d0058c4f7" />
      <TestMethod codeBase="/Users/ksemenenko/Developer/Communication/ManagedCode.Communication.Tests/bin/Debug/net9.0/ManagedCode.Communication.Tests.dll" adapterTypeName="executor://xunit/VsTestRunner3/netcore/" className="ManagedCode.Communication.Tests.Extensions.HttpResponseExtensionTests" name="FromJsonToResult_SuccessStatusCode_WithFailedResultJson_ReturnsFailedResult" />
    </UnitTest>
    <UnitTest name="ManagedCode.Communication.Tests.Extensions.ResultConversionExtensionsTests.AsResult_WithNullValue_CreatesSuccessfulResultWithNull" storage="/users/ksemenenko/developer/communication/managedcode.communication.tests/bin/debug/net9.0/managedcode.communication.tests.dll" id="1de860b6-9b89-fb6b-c718-4f454ec9c197">
      <Execution id="c5b95de4-d53e-4aa4-a1c9-27f8b5210b16" />
      <TestMethod codeBase="/Users/ksemenenko/Developer/Communication/ManagedCode.Communication.Tests/bin/Debug/net9.0/ManagedCode.Communication.Tests.dll" adapterTypeName="executor://xunit/VsTestRunner3/netcore/" className="ManagedCode.Communication.Tests.Extensions.ResultConversionExtensionsTests" name="AsResult_WithNullValue_CreatesSuccessfulResultWithNull" />
    </UnitTest>
    <UnitTest name="ManagedCode.Communication.Tests.ProblemTests.ProblemCreateMethodsTests.Problem_Create_FromException_ShouldCreateProblemWithExceptionDetails" storage="/users/ksemenenko/developer/communication/managedcode.communication.tests/bin/debug/net9.0/managedcode.communication.tests.dll" id="6283c4be-1bf1-1121-ef21-2c078662a67b">
      <Execution id="3b40df96-dc29-4d0f-a5fb-c0e65bd0846a" />
      <TestMethod codeBase="/Users/ksemenenko/Developer/Communication/ManagedCode.Communication.Tests/bin/Debug/net9.0/ManagedCode.Communication.Tests.dll" adapterTypeName="executor://xunit/VsTestRunner3/netcore/" className="ManagedCode.Communication.Tests.ProblemTests.ProblemCreateMethodsTests" name="Problem_Create_FromException_ShouldCreateProblemWithExceptionDetails" />
    </UnitTest>
    <UnitTest name="ManagedCode.Communication.Tests.Results.ResultFailMethodsTests.Result_Fail_WithProblem_ShouldCreateFailedResultWithProblem" storage="/users/ksemenenko/developer/communication/managedcode.communication.tests/bin/debug/net9.0/managedcode.communication.tests.dll" id="b080e677-51aa-540a-58e8-a1686bb0bb64">
      <Execution id="80d73772-1b68-49e6-a3bc-1a9a70066b4f" />
      <TestMethod codeBase="/Users/ksemenenko/Developer/Communication/ManagedCode.Communication.Tests/bin/Debug/net9.0/ManagedCode.Communication.Tests.dll" adapterTypeName="executor://xunit/VsTestRunner3/netcore/" className="ManagedCode.Communication.Tests.Results.ResultFailMethodsTests" name="Result_Fail_WithProblem_ShouldCreateFailedResultWithProblem" />
    </UnitTest>
    <UnitTest name="ManagedCode.Communication.Tests.CollectionResults.CollectionResultFailMethodsTests.Fail_WithVeryLongStrings_ShouldHandleCorrectly" storage="/users/ksemenenko/developer/communication/managedcode.communication.tests/bin/debug/net9.0/managedcode.communication.tests.dll" id="45cd799b-b041-7972-1933-31bb68393544">
      <Execution id="0c852af4-7bcf-4f1b-9a4d-d38db3b24f2e" />
      <TestMethod codeBase="/Users/ksemenenko/Developer/Communication/ManagedCode.Communication.Tests/bin/Debug/net9.0/ManagedCode.Communication.Tests.dll" adapterTypeName="executor://xunit/VsTestRunner3/netcore/" className="ManagedCode.Communication.Tests.CollectionResults.CollectionResultFailMethodsTests" name="Fail_WithVeryLongStrings_ShouldHandleCorrectly" />
    </UnitTest>
    <UnitTest name="ManagedCode.Communication.Tests.Results.ResultTFailMethodsTests.ResultT_Fail_WithComplexTypes_ShouldWorkCorrectly" storage="/users/ksemenenko/developer/communication/managedcode.communication.tests/bin/debug/net9.0/managedcode.communication.tests.dll" id="613ce4af-0c46-036e-af9f-bb78fcd742a6">
      <Execution id="4cc44947-f34c-40a4-bb5b-d41443398c9b" />
      <TestMethod codeBase="/Users/ksemenenko/Developer/Communication/ManagedCode.Communication.Tests/bin/Debug/net9.0/ManagedCode.Communication.Tests.dll" adapterTypeName="executor://xunit/VsTestRunner3/netcore/" className="ManagedCode.Communication.Tests.Results.ResultTFailMethodsTests" name="ResultT_Fail_WithComplexTypes_ShouldWorkCorrectly" />
    </UnitTest>
    <UnitTest name="ManagedCode.Communication.Tests.CollectionResults.CollectionResultFromMethodsTests.From_ValueTaskReturningEnumerable_ShouldCreateSuccessResult" storage="/users/ksemenenko/developer/communication/managedcode.communication.tests/bin/debug/net9.0/managedcode.communication.tests.dll" id="74429bfd-ae1c-e417-c462-fb4e1989918c">
      <Execution id="f6f10de5-ae9f-4d70-aacd-9b7a97f57220" />
      <TestMethod codeBase="/Users/ksemenenko/Developer/Communication/ManagedCode.Communication.Tests/bin/Debug/net9.0/ManagedCode.Communication.Tests.dll" adapterTypeName="executor://xunit/VsTestRunner3/netcore/" className="ManagedCode.Communication.Tests.CollectionResults.CollectionResultFromMethodsTests" name="From_ValueTaskReturningEnumerable_ShouldCreateSuccessResult" />
    </UnitTest>
    <UnitTest name="ManagedCode.Communication.Tests.CollectionResults.CollectionResultFailMethodsTests.Fail_WithSpecialCharacters_ShouldHandleCorrectly" storage="/users/ksemenenko/developer/communication/managedcode.communication.tests/bin/debug/net9.0/managedcode.communication.tests.dll" id="670aed6d-afc8-2205-1f3b-fa065414e4d4">
      <Execution id="16c7f485-3b24-4b91-bd1c-19505113bddc" />
      <TestMethod codeBase="/Users/ksemenenko/Developer/Communication/ManagedCode.Communication.Tests/bin/Debug/net9.0/ManagedCode.Communication.Tests.dll" adapterTypeName="executor://xunit/VsTestRunner3/netcore/" className="ManagedCode.Communication.Tests.CollectionResults.CollectionResultFailMethodsTests" name="Fail_WithSpecialCharacters_ShouldHandleCorrectly" />
    </UnitTest>
    <UnitTest name="ManagedCode.Communication.Tests.Results.ResultExecutionExtensionsTests.From_Task_Canceled_ReturnsTaskCanceledProblem" storage="/users/ksemenenko/developer/communication/managedcode.communication.tests/bin/debug/net9.0/managedcode.communication.tests.dll" id="d60b0409-1fde-d401-ab9b-af1d9d502f8d">
      <Execution id="379e45af-50f3-4692-82ad-e1d196dc44fb" />
      <TestMethod codeBase="/Users/ksemenenko/Developer/Communication/ManagedCode.Communication.Tests/bin/Debug/net9.0/ManagedCode.Communication.Tests.dll" adapterTypeName="executor://xunit/VsTestRunner3/netcore/" className="ManagedCode.Communication.Tests.Results.ResultExecutionExtensionsTests" name="From_Task_Canceled_ReturnsTaskCanceledProblem" />
    </UnitTest>
    <UnitTest name="ManagedCode.Communication.Tests.Results.ResultTTests.ThrowIfFail_WithFailedResult_ShouldThrowProblemException" storage="/users/ksemenenko/developer/communication/managedcode.communication.tests/bin/debug/net9.0/managedcode.communication.tests.dll" id="0dc123ac-2efb-3f2f-924d-27dae15c54d0">
      <Execution id="e89fb015-fe12-4c1a-839c-e58884530a3a" />
      <TestMethod codeBase="/Users/ksemenenko/Developer/Communication/ManagedCode.Communication.Tests/bin/Debug/net9.0/ManagedCode.Communication.Tests.dll" adapterTypeName="executor://xunit/VsTestRunner3/netcore/" className="ManagedCode.Communication.Tests.Results.ResultTTests" name="ThrowIfFail_WithFailedResult_ShouldThrowProblemException" />
    </UnitTest>
    <UnitTest name="ManagedCode.Communication.Tests.Results.ProblemToExceptionErrorTests.ToException_WithNullDetailAndTitle_ShouldUseDefaultMessage" storage="/users/ksemenenko/developer/communication/managedcode.communication.tests/bin/debug/net9.0/managedcode.communication.tests.dll" id="3e9e891c-a70e-1cec-ed52-a1f055f94791">
      <Execution id="41e95ba1-4bd8-483b-89fc-4412b1951927" />
      <TestMethod codeBase="/Users/ksemenenko/Developer/Communication/ManagedCode.Communication.Tests/bin/Debug/net9.0/ManagedCode.Communication.Tests.dll" adapterTypeName="executor://xunit/VsTestRunner3/netcore/" className="ManagedCode.Communication.Tests.Results.ProblemToExceptionErrorTests" name="ToException_WithNullDetailAndTitle_ShouldUseDefaultMessage" />
    </UnitTest>
    <UnitTest name="ManagedCode.Communication.Tests.Results.ResultHelperMethodsTests.Result_TryGetProblem_WithSuccess_ShouldReturnFalse" storage="/users/ksemenenko/developer/communication/managedcode.communication.tests/bin/debug/net9.0/managedcode.communication.tests.dll" id="02753c94-b31f-c479-f18b-db6bd8bba437">
      <Execution id="6f298395-5cfe-49a9-82d0-aea190b49248" />
      <TestMethod codeBase="/Users/ksemenenko/Developer/Communication/ManagedCode.Communication.Tests/bin/Debug/net9.0/ManagedCode.Communication.Tests.dll" adapterTypeName="executor://xunit/VsTestRunner3/netcore/" className="ManagedCode.Communication.Tests.Results.ResultHelperMethodsTests" name="Result_TryGetProblem_WithSuccess_ShouldReturnFalse" />
    </UnitTest>
    <UnitTest name="ManagedCode.Communication.Tests.CollectionResults.CollectionResultFromMethodsTests.From_TupleTypes_ShouldHandleCorrectly" storage="/users/ksemenenko/developer/communication/managedcode.communication.tests/bin/debug/net9.0/managedcode.communication.tests.dll" id="7d8cc7d8-a7af-3857-ec1c-988b6d4cd6cb">
      <Execution id="a267150c-ef65-402c-babe-1f090c701498" />
      <TestMethod codeBase="/Users/ksemenenko/Developer/Communication/ManagedCode.Communication.Tests/bin/Debug/net9.0/ManagedCode.Communication.Tests.dll" adapterTypeName="executor://xunit/VsTestRunner3/netcore/" className="ManagedCode.Communication.Tests.CollectionResults.CollectionResultFromMethodsTests" name="From_TupleTypes_ShouldHandleCorrectly" />
    </UnitTest>
    <UnitTest name="ManagedCode.Communication.Tests.Results.ProblemTests.GetValidationErrors_WithNonValidationProblem_ShouldReturnNull" storage="/users/ksemenenko/developer/communication/managedcode.communication.tests/bin/debug/net9.0/managedcode.communication.tests.dll" id="c500524b-7f50-6acc-4109-a9567b61a4b1">
      <Execution id="2a6cca8f-0fc5-4d6c-9b5b-d00e9afd5267" />
      <TestMethod codeBase="/Users/ksemenenko/Developer/Communication/ManagedCode.Communication.Tests/bin/Debug/net9.0/ManagedCode.Communication.Tests.dll" adapterTypeName="executor://xunit/VsTestRunner3/netcore/" className="ManagedCode.Communication.Tests.Results.ProblemTests" name="GetValidationErrors_WithNonValidationProblem_ShouldReturnNull" />
    </UnitTest>
    <UnitTest name="ManagedCode.Communication.Tests.Results.CollectionResultTests.TryGetProblem_WithSuccessfulResult_ShouldReturnFalse" storage="/users/ksemenenko/developer/communication/managedcode.communication.tests/bin/debug/net9.0/managedcode.communication.tests.dll" id="1f64ab5a-faee-2124-0bd7-cb77b45af3ab">
      <Execution id="96e92c03-fe7e-479f-af6f-17e1eca0810f" />
      <TestMethod codeBase="/Users/ksemenenko/Developer/Communication/ManagedCode.Communication.Tests/bin/Debug/net9.0/ManagedCode.Communication.Tests.dll" adapterTypeName="executor://xunit/VsTestRunner3/netcore/" className="ManagedCode.Communication.Tests.Results.CollectionResultTests" name="TryGetProblem_WithSuccessfulResult_ShouldReturnFalse" />
    </UnitTest>
    <UnitTest name="ManagedCode.Communication.Tests.Serialization.SerializationTests.Command_ShouldSerializeAndDeserialize" storage="/users/ksemenenko/developer/communication/managedcode.communication.tests/bin/debug/net9.0/managedcode.communication.tests.dll" id="ea0a9cb2-9148-301e-e48c-1afead66e2be">
      <Execution id="346eaa12-01a7-456d-93dc-def7cd9fb57f" />
      <TestMethod codeBase="/Users/ksemenenko/Developer/Communication/ManagedCode.Communication.Tests/bin/Debug/net9.0/ManagedCode.Communication.Tests.dll" adapterTypeName="executor://xunit/VsTestRunner3/netcore/" className="ManagedCode.Communication.Tests.Serialization.SerializationTests" name="Command_ShouldSerializeAndDeserialize" />
    </UnitTest>
    <UnitTest name="ManagedCode.Communication.Tests.Serialization.ProblemJsonConverterTests.Deserialize_BasicProblem_RestoresCorrectObject" storage="/users/ksemenenko/developer/communication/managedcode.communication.tests/bin/debug/net9.0/managedcode.communication.tests.dll" id="2aa15638-d059-56c3-1ae6-4f20daa0efd6">
      <Execution id="f0f65e0f-1ff9-4c9a-845c-a18d2bbdcdfb" />
      <TestMethod codeBase="/Users/ksemenenko/Developer/Communication/ManagedCode.Communication.Tests/bin/Debug/net9.0/ManagedCode.Communication.Tests.dll" adapterTypeName="executor://xunit/VsTestRunner3/netcore/" className="ManagedCode.Communication.Tests.Serialization.ProblemJsonConverterTests" name="Deserialize_BasicProblem_RestoresCorrectObject" />
    </UnitTest>
    <UnitTest name="ManagedCode.Communication.Tests.Results.ResultFailMethodsTests.Result_FailNotFound_WithDetail_ShouldCreateNotFoundResultWithCustomDetail" storage="/users/ksemenenko/developer/communication/managedcode.communication.tests/bin/debug/net9.0/managedcode.communication.tests.dll" id="7f0db5cd-3789-6493-06f2-6838ac79a529">
      <Execution id="a3a8b1d5-4faa-4c69-a96f-29005739994f" />
      <TestMethod codeBase="/Users/ksemenenko/Developer/Communication/ManagedCode.Communication.Tests/bin/Debug/net9.0/ManagedCode.Communication.Tests.dll" adapterTypeName="executor://xunit/VsTestRunner3/netcore/" className="ManagedCode.Communication.Tests.Results.ResultFailMethodsTests" name="Result_FailNotFound_WithDetail_ShouldCreateNotFoundResultWithCustomDetail" />
    </UnitTest>
    <UnitTest name="ManagedCode.Communication.Tests.AspNetCore.Extensions.CommunicationServiceCollectionExtensionsTests.AddCommunicationAspNetCore_ReturnsServiceCollection" storage="/users/ksemenenko/developer/communication/managedcode.communication.tests/bin/debug/net9.0/managedcode.communication.tests.dll" id="0c1a494a-a3e9-afb9-1da6-932fb28bceff">
      <Execution id="97752350-b9b3-48a8-aa7d-b8c665682127" />
      <TestMethod codeBase="/Users/ksemenenko/Developer/Communication/ManagedCode.Communication.Tests/bin/Debug/net9.0/ManagedCode.Communication.Tests.dll" adapterTypeName="executor://xunit/VsTestRunner3/netcore/" className="ManagedCode.Communication.Tests.AspNetCore.Extensions.CommunicationServiceCollectionExtensionsTests" name="AddCommunicationAspNetCore_ReturnsServiceCollection" />
    </UnitTest>
    <UnitTest name="ManagedCode.Communication.Tests.CollectionResults.CollectionResultFailMethodsTests.Fail_WithEnumAndDetail_ShouldCreateFailedResultWithErrorCodeAndDetail" storage="/users/ksemenenko/developer/communication/managedcode.communication.tests/bin/debug/net9.0/managedcode.communication.tests.dll" id="d0ff1c73-209e-eeb1-2afd-642ead9760a6">
      <Execution id="09d53d0c-9744-4608-a7b2-ba8ccf82d1a3" />
      <TestMethod codeBase="/Users/ksemenenko/Developer/Communication/ManagedCode.Communication.Tests/bin/Debug/net9.0/ManagedCode.Communication.Tests.dll" adapterTypeName="executor://xunit/VsTestRunner3/netcore/" className="ManagedCode.Communication.Tests.CollectionResults.CollectionResultFailMethodsTests" name="Fail_WithEnumAndDetail_ShouldCreateFailedResultWithErrorCodeAndDetail" />
    </UnitTest>
    <UnitTest name="ManagedCode.Communication.Tests.ControllerTests.MiddlewareTests.UnauthorizedAccess" storage="/users/ksemenenko/developer/communication/managedcode.communication.tests/bin/debug/net9.0/managedcode.communication.tests.dll" id="05e9a149-1ec4-5816-e59a-5ac25d0a3fd4">
      <Execution id="f22c0902-6578-48d0-9c66-ca37169a43d5" />
      <TestMethod codeBase="/Users/ksemenenko/Developer/Communication/ManagedCode.Communication.Tests/bin/Debug/net9.0/ManagedCode.Communication.Tests.dll" adapterTypeName="executor://xunit/VsTestRunner3/netcore/" className="ManagedCode.Communication.Tests.ControllerTests.MiddlewareTests" name="UnauthorizedAccess" />
    </UnitTest>
    <UnitTest name="ManagedCode.Communication.Tests.AspNetCore.Helpers.HttpStatusCodeHelperTests.GetStatusCodeForException_NullException_FallsBackToBaseHelper" storage="/users/ksemenenko/developer/communication/managedcode.communication.tests/bin/debug/net9.0/managedcode.communication.tests.dll" id="979074bb-302c-a27f-b1eb-cf7bada43daa">
      <Execution id="019a9104-7f50-4446-a722-535634340582" />
      <TestMethod codeBase="/Users/ksemenenko/Developer/Communication/ManagedCode.Communication.Tests/bin/Debug/net9.0/ManagedCode.Communication.Tests.dll" adapterTypeName="executor://xunit/VsTestRunner3/netcore/" className="ManagedCode.Communication.Tests.AspNetCore.Helpers.HttpStatusCodeHelperTests" name="GetStatusCodeForException_NullException_FallsBackToBaseHelper" />
    </UnitTest>
    <UnitTest name="ManagedCode.Communication.Tests.AspNetCore.Extensions.ControllerExtensionsTests.ToHttpResult_WithNullValue_HandlesGracefully" storage="/users/ksemenenko/developer/communication/managedcode.communication.tests/bin/debug/net9.0/managedcode.communication.tests.dll" id="9fb27429-2e5b-c1a5-586b-a38199a8345b">
      <Execution id="b76a83a5-7575-4891-84f3-0c22d446851c" />
      <TestMethod codeBase="/Users/ksemenenko/Developer/Communication/ManagedCode.Communication.Tests/bin/Debug/net9.0/ManagedCode.Communication.Tests.dll" adapterTypeName="executor://xunit/VsTestRunner3/netcore/" className="ManagedCode.Communication.Tests.AspNetCore.Extensions.ControllerExtensionsTests" name="ToHttpResult_WithNullValue_HandlesGracefully" />
    </UnitTest>
    <UnitTest name="ManagedCode.Communication.Tests.Results.ResultExecutionExtensionsTests.From_FuncTask_Exception_ReturnsFailure" storage="/users/ksemenenko/developer/communication/managedcode.communication.tests/bin/debug/net9.0/managedcode.communication.tests.dll" id="93ee781d-99b9-9428-266d-0f5da9773e8c">
      <Execution id="024fdeb7-5ec9-45ac-953c-33518009f87e" />
      <TestMethod codeBase="/Users/ksemenenko/Developer/Communication/ManagedCode.Communication.Tests/bin/Debug/net9.0/ManagedCode.Communication.Tests.dll" adapterTypeName="executor://xunit/VsTestRunner3/netcore/" className="ManagedCode.Communication.Tests.Results.ResultExecutionExtensionsTests" name="From_FuncTask_Exception_ReturnsFailure" />
    </UnitTest>
    <UnitTest name="ManagedCode.Communication.Tests.CollectionResults.CollectionResultFailMethodsTests.Fail_WithLargeCollection_ShouldPreserveAllItems" storage="/users/ksemenenko/developer/communication/managedcode.communication.tests/bin/debug/net9.0/managedcode.communication.tests.dll" id="e9afcaf2-7818-aac4-97f5-27c1d6e7b6c2">
      <Execution id="24b39d33-e25f-4bc5-85ac-11df2f0e1ed4" />
      <TestMethod codeBase="/Users/ksemenenko/Developer/Communication/ManagedCode.Communication.Tests/bin/Debug/net9.0/ManagedCode.Communication.Tests.dll" adapterTypeName="executor://xunit/VsTestRunner3/netcore/" className="ManagedCode.Communication.Tests.CollectionResults.CollectionResultFailMethodsTests" name="Fail_WithLargeCollection_ShouldPreserveAllItems" />
    </UnitTest>
    <UnitTest name="ManagedCode.Communication.Tests.ControllerTests.MiddlewareTests.UnauthorizedResult" storage="/users/ksemenenko/developer/communication/managedcode.communication.tests/bin/debug/net9.0/managedcode.communication.tests.dll" id="95480a3b-f488-efa9-b27c-9ab5a18fdec4">
      <Execution id="8535f5ca-8da7-4643-a851-64dc081f71ff" />
      <TestMethod codeBase="/Users/ksemenenko/Developer/Communication/ManagedCode.Communication.Tests/bin/Debug/net9.0/ManagedCode.Communication.Tests.dll" adapterTypeName="executor://xunit/VsTestRunner3/netcore/" className="ManagedCode.Communication.Tests.ControllerTests.MiddlewareTests" name="UnauthorizedResult" />
    </UnitTest>
    <UnitTest name="ManagedCode.Communication.Tests.AspNetCore.Extensions.CommunicationServiceCollectionExtensionsTests.AddCommunicationAspNetCore_WithLoggerFactory_ConfiguresLogger" storage="/users/ksemenenko/developer/communication/managedcode.communication.tests/bin/debug/net9.0/managedcode.communication.tests.dll" id="74682615-ca5e-4298-50e2-769d654bd925">
      <Execution id="95ffae0b-9305-45e4-b7c5-2dbb04f61f60" />
      <TestMethod codeBase="/Users/ksemenenko/Developer/Communication/ManagedCode.Communication.Tests/bin/Debug/net9.0/ManagedCode.Communication.Tests.dll" adapterTypeName="executor://xunit/VsTestRunner3/netcore/" className="ManagedCode.Communication.Tests.AspNetCore.Extensions.CommunicationServiceCollectionExtensionsTests" name="AddCommunicationAspNetCore_WithLoggerFactory_ConfiguresLogger" />
    </UnitTest>
    <UnitTest name="ManagedCode.Communication.Tests.CollectionResults.CollectionResultFromMethodsTests.From_FuncWithSideEffects_ShouldExecuteOnce" storage="/users/ksemenenko/developer/communication/managedcode.communication.tests/bin/debug/net9.0/managedcode.communication.tests.dll" id="de19ba09-da48-16a7-e578-ccf66f701e6a">
      <Execution id="60f89d7a-280d-4c03-8c47-808273037e8c" />
      <TestMethod codeBase="/Users/ksemenenko/Developer/Communication/ManagedCode.Communication.Tests/bin/Debug/net9.0/ManagedCode.Communication.Tests.dll" adapterTypeName="executor://xunit/VsTestRunner3/netcore/" className="ManagedCode.Communication.Tests.CollectionResults.CollectionResultFromMethodsTests" name="From_FuncWithSideEffects_ShouldExecuteOnce" />
    </UnitTest>
    <UnitTest name="ManagedCode.Communication.Tests.Results.RailwayOrientedProgrammingTests.Match_WithFailure_ShouldExecuteFailureFunction" storage="/users/ksemenenko/developer/communication/managedcode.communication.tests/bin/debug/net9.0/managedcode.communication.tests.dll" id="69beb265-ebe6-f9da-2e10-2e50d1b0f6dd">
      <Execution id="f5fbe67e-e595-49e5-b033-e6b780be30fa" />
      <TestMethod codeBase="/Users/ksemenenko/Developer/Communication/ManagedCode.Communication.Tests/bin/Debug/net9.0/ManagedCode.Communication.Tests.dll" adapterTypeName="executor://xunit/VsTestRunner3/netcore/" className="ManagedCode.Communication.Tests.Results.RailwayOrientedProgrammingTests" name="Match_WithFailure_ShouldExecuteFailureFunction" />
    </UnitTest>
    <UnitTest name="ManagedCode.Communication.Tests.Results.ResultInvalidMethodsTests.ResultT_Invalid_WithEnumKeyValue_ShouldCreateValidationResultWithAll" storage="/users/ksemenenko/developer/communication/managedcode.communication.tests/bin/debug/net9.0/managedcode.communication.tests.dll" id="a2af3fa3-e3a8-4009-0999-eb6fed122f5b">
      <Execution id="cf63b579-507a-4886-97c2-080e0fae08d4" />
      <TestMethod codeBase="/Users/ksemenenko/Developer/Communication/ManagedCode.Communication.Tests/bin/Debug/net9.0/ManagedCode.Communication.Tests.dll" adapterTypeName="executor://xunit/VsTestRunner3/netcore/" className="ManagedCode.Communication.Tests.Results.ResultInvalidMethodsTests" name="ResultT_Invalid_WithEnumKeyValue_ShouldCreateValidationResultWithAll" />
    </UnitTest>
    <UnitTest name="ManagedCode.Communication.Tests.Extensions.AdvancedRailwayExtensionsTests.Merge_WithAllSuccessful_ReturnsSuccess" storage="/users/ksemenenko/developer/communication/managedcode.communication.tests/bin/debug/net9.0/managedcode.communication.tests.dll" id="2c4117d2-d5f3-7465-dc4d-12aa228c094e">
      <Execution id="1feb63e9-d4b5-43f0-a072-5563d5504670" />
      <TestMethod codeBase="/Users/ksemenenko/Developer/Communication/ManagedCode.Communication.Tests/bin/Debug/net9.0/ManagedCode.Communication.Tests.dll" adapterTypeName="executor://xunit/VsTestRunner3/netcore/" className="ManagedCode.Communication.Tests.Extensions.AdvancedRailwayExtensionsTests" name="Merge_WithAllSuccessful_ReturnsSuccess" />
    </UnitTest>
    <UnitTest name="ManagedCode.Communication.Tests.CollectionResults.CollectionResultFromMethodsTests.From_GenericFailedCollectionResultWithProblem_ShouldReturnFailedResult" storage="/users/ksemenenko/developer/communication/managedcode.communication.tests/bin/debug/net9.0/managedcode.communication.tests.dll" id="9c7edae4-dba8-a18a-c5ee-0aa71baa7577">
      <Execution id="17f19065-077b-4afd-990f-6429c3a138ab" />
      <TestMethod codeBase="/Users/ksemenenko/Developer/Communication/ManagedCode.Communication.Tests/bin/Debug/net9.0/ManagedCode.Communication.Tests.dll" adapterTypeName="executor://xunit/VsTestRunner3/netcore/" className="ManagedCode.Communication.Tests.CollectionResults.CollectionResultFromMethodsTests" name="From_GenericFailedCollectionResultWithProblem_ShouldReturnFailedResult" />
    </UnitTest>
    <UnitTest name="ManagedCode.Communication.Tests.CollectionResults.CollectionResultFromMethodsTests.From_FuncReturningEnumerable_ShouldCreateSuccessResult" storage="/users/ksemenenko/developer/communication/managedcode.communication.tests/bin/debug/net9.0/managedcode.communication.tests.dll" id="01b8812e-ccae-4916-6877-6357d55b1d4d">
      <Execution id="968bcb8e-3d37-4d7b-9ca6-6f3680ed0b20" />
      <TestMethod codeBase="/Users/ksemenenko/Developer/Communication/ManagedCode.Communication.Tests/bin/Debug/net9.0/ManagedCode.Communication.Tests.dll" adapterTypeName="executor://xunit/VsTestRunner3/netcore/" className="ManagedCode.Communication.Tests.CollectionResults.CollectionResultFromMethodsTests" name="From_FuncReturningEnumerable_ShouldCreateSuccessResult" />
    </UnitTest>
    <UnitTest name="ManagedCode.Communication.Tests.Results.ResultTTests.Bind_WithSuccessfulResult_ShouldExecuteFunction" storage="/users/ksemenenko/developer/communication/managedcode.communication.tests/bin/debug/net9.0/managedcode.communication.tests.dll" id="565488d3-a79f-0bc7-7c73-b71ab1303e0e">
      <Execution id="256efa73-3590-4e6a-ba0c-cd9b48652e4a" />
      <TestMethod codeBase="/Users/ksemenenko/Developer/Communication/ManagedCode.Communication.Tests/bin/Debug/net9.0/ManagedCode.Communication.Tests.dll" adapterTypeName="executor://xunit/VsTestRunner3/netcore/" className="ManagedCode.Communication.Tests.Results.ResultTTests" name="Bind_WithSuccessfulResult_ShouldExecuteFunction" />
    </UnitTest>
    <UnitTest name="ManagedCode.Communication.Tests.CollectionResults.CollectionResultFromMethodsTests.From_ComplexTypes_ShouldHandleCorrectly" storage="/users/ksemenenko/developer/communication/managedcode.communication.tests/bin/debug/net9.0/managedcode.communication.tests.dll" id="296230cb-2332-ed3e-7412-3dcdf1d43e62">
      <Execution id="01c08d44-4cea-4dba-ac9b-ff67b0ff5815" />
      <TestMethod codeBase="/Users/ksemenenko/Developer/Communication/ManagedCode.Communication.Tests/bin/Debug/net9.0/ManagedCode.Communication.Tests.dll" adapterTypeName="executor://xunit/VsTestRunner3/netcore/" className="ManagedCode.Communication.Tests.CollectionResults.CollectionResultFromMethodsTests" name="From_ComplexTypes_ShouldHandleCorrectly" />
    </UnitTest>
    <UnitTest name="ManagedCode.Communication.Tests.Results.ResultTFailMethodsTests.ResultT_Fail_WithHttpStatusEnum_ShouldUseEnumValueAsStatusCode" storage="/users/ksemenenko/developer/communication/managedcode.communication.tests/bin/debug/net9.0/managedcode.communication.tests.dll" id="888b4819-f7ed-7fe6-9deb-65cd848ab917">
      <Execution id="81a446e2-17e8-4e2d-871d-6da7e9631282" />
      <TestMethod codeBase="/Users/ksemenenko/Developer/Communication/ManagedCode.Communication.Tests/bin/Debug/net9.0/ManagedCode.Communication.Tests.dll" adapterTypeName="executor://xunit/VsTestRunner3/netcore/" className="ManagedCode.Communication.Tests.Results.ResultTFailMethodsTests" name="ResultT_Fail_WithHttpStatusEnum_ShouldUseEnumValueAsStatusCode" />
    </UnitTest>
    <UnitTest name="ManagedCode.Communication.Tests.Results.ResultInvalidMethodsTests.Result_InvalidT_WithKeyValue_ShouldCreateValidationResultWithCustomField" storage="/users/ksemenenko/developer/communication/managedcode.communication.tests/bin/debug/net9.0/managedcode.communication.tests.dll" id="1868671e-db4e-df1a-0576-e50eea4adffe">
      <Execution id="d1968c88-1cff-476a-9d0a-53884da2256c" />
      <TestMethod codeBase="/Users/ksemenenko/Developer/Communication/ManagedCode.Communication.Tests/bin/Debug/net9.0/ManagedCode.Communication.Tests.dll" adapterTypeName="executor://xunit/VsTestRunner3/netcore/" className="ManagedCode.Communication.Tests.Results.ResultInvalidMethodsTests" name="Result_InvalidT_WithKeyValue_ShouldCreateValidationResultWithCustomField" />
    </UnitTest>
    <UnitTest name="ManagedCode.Communication.Tests.Extensions.AdvancedRailwayExtensionsTests.Verify_WithTrueCondition_ReturnsSuccess" storage="/users/ksemenenko/developer/communication/managedcode.communication.tests/bin/debug/net9.0/managedcode.communication.tests.dll" id="e09feaae-1604-975a-64d2-68f66143e466">
      <Execution id="e4b5e92b-2328-4a24-ac69-5a3ce05760e2" />
      <TestMethod codeBase="/Users/ksemenenko/Developer/Communication/ManagedCode.Communication.Tests/bin/Debug/net9.0/ManagedCode.Communication.Tests.dll" adapterTypeName="executor://xunit/VsTestRunner3/netcore/" className="ManagedCode.Communication.Tests.Extensions.AdvancedRailwayExtensionsTests" name="Verify_WithTrueCondition_ReturnsSuccess" />
    </UnitTest>
    <UnitTest name="ManagedCode.Communication.Tests.Results.CollectionResultTests.InvalidField_WithValidationProblem_ShouldReturnCorrectResult" storage="/users/ksemenenko/developer/communication/managedcode.communication.tests/bin/debug/net9.0/managedcode.communication.tests.dll" id="a9049ec7-47e6-1452-0cab-fffe5164f084">
      <Execution id="886130af-04ca-4c00-8840-4a10fc5a5cba" />
      <TestMethod codeBase="/Users/ksemenenko/Developer/Communication/ManagedCode.Communication.Tests/bin/Debug/net9.0/ManagedCode.Communication.Tests.dll" adapterTypeName="executor://xunit/VsTestRunner3/netcore/" className="ManagedCode.Communication.Tests.Results.CollectionResultTests" name="InvalidField_WithValidationProblem_ShouldReturnCorrectResult" />
    </UnitTest>
    <UnitTest name="ManagedCode.Communication.Tests.Results.ResultTTests.ImplicitOperator_FromValue_ShouldCreateSuccessfulResult" storage="/users/ksemenenko/developer/communication/managedcode.communication.tests/bin/debug/net9.0/managedcode.communication.tests.dll" id="75182c76-38a7-377f-7070-40caa7b382c0">
      <Execution id="5189a9ce-fd93-4d46-b813-1aa88ef44d26" />
      <TestMethod codeBase="/Users/ksemenenko/Developer/Communication/ManagedCode.Communication.Tests/bin/Debug/net9.0/ManagedCode.Communication.Tests.dll" adapterTypeName="executor://xunit/VsTestRunner3/netcore/" className="ManagedCode.Communication.Tests.Results.ResultTTests" name="ImplicitOperator_FromValue_ShouldCreateSuccessfulResult" />
    </UnitTest>
    <UnitTest name="ManagedCode.Communication.Tests.Serialization.SerializationTests.CommandMetadata_ShouldSerializeAndDeserialize" storage="/users/ksemenenko/developer/communication/managedcode.communication.tests/bin/debug/net9.0/managedcode.communication.tests.dll" id="6983a880-9157-394a-891c-2e7cb526bc4c">
      <Execution id="73382f6e-4725-4bba-b10d-13906fa99809" />
      <TestMethod codeBase="/Users/ksemenenko/Developer/Communication/ManagedCode.Communication.Tests/bin/Debug/net9.0/ManagedCode.Communication.Tests.dll" adapterTypeName="executor://xunit/VsTestRunner3/netcore/" className="ManagedCode.Communication.Tests.Serialization.SerializationTests" name="CommandMetadata_ShouldSerializeAndDeserialize" />
    </UnitTest>
    <UnitTest name="ManagedCode.Communication.Tests.Extensions.AdvancedRailwayExtensionsTests.FailIf_WithValidationErrors_FailsWithMultipleErrors" storage="/users/ksemenenko/developer/communication/managedcode.communication.tests/bin/debug/net9.0/managedcode.communication.tests.dll" id="35211776-3f68-d78b-18e2-a21a4d369aed">
      <Execution id="1eaf6c5e-e8b0-41a3-9260-1509b0f008cb" />
      <TestMethod codeBase="/Users/ksemenenko/Developer/Communication/ManagedCode.Communication.Tests/bin/Debug/net9.0/ManagedCode.Communication.Tests.dll" adapterTypeName="executor://xunit/VsTestRunner3/netcore/" className="ManagedCode.Communication.Tests.Extensions.AdvancedRailwayExtensionsTests" name="FailIf_WithValidationErrors_FailsWithMultipleErrors" />
    </UnitTest>
    <UnitTest name="ManagedCode.Communication.Tests.Results.ResultFailMethodsTests.Result_Fail_WithTitle_ShouldCreateFailedResultWithInternalServerError" storage="/users/ksemenenko/developer/communication/managedcode.communication.tests/bin/debug/net9.0/managedcode.communication.tests.dll" id="7d15150a-7174-6f65-3843-6fe9d1970c7b">
      <Execution id="dc44ba72-a0bd-4ac3-a8f2-ed7c37b25018" />
      <TestMethod codeBase="/Users/ksemenenko/Developer/Communication/ManagedCode.Communication.Tests/bin/Debug/net9.0/ManagedCode.Communication.Tests.dll" adapterTypeName="executor://xunit/VsTestRunner3/netcore/" className="ManagedCode.Communication.Tests.Results.ResultFailMethodsTests" name="Result_Fail_WithTitle_ShouldCreateFailedResultWithInternalServerError" />
    </UnitTest>
    <UnitTest name="ManagedCode.Communication.Tests.Results.ProblemTests.WithExtensions_ShouldOverwriteExistingExtensions" storage="/users/ksemenenko/developer/communication/managedcode.communication.tests/bin/debug/net9.0/managedcode.communication.tests.dll" id="8eb35749-f865-2bf9-dc8d-fbacac303a24">
      <Execution id="9d430c6f-798a-4df5-bbc3-04be6213271e" />
      <TestMethod codeBase="/Users/ksemenenko/Developer/Communication/ManagedCode.Communication.Tests/bin/Debug/net9.0/ManagedCode.Communication.Tests.dll" adapterTypeName="executor://xunit/VsTestRunner3/netcore/" className="ManagedCode.Communication.Tests.Results.ProblemTests" name="WithExtensions_ShouldOverwriteExistingExtensions" />
    </UnitTest>
    <UnitTest name="ManagedCode.Communication.Tests.Results.ResultValueExecutionExtensionsTests.From_Task_Throws_ReturnsFailure" storage="/users/ksemenenko/developer/communication/managedcode.communication.tests/bin/debug/net9.0/managedcode.communication.tests.dll" id="959be81c-503c-2f67-e1a0-fd94d8b45ab1">
      <Execution id="e226a800-ef1c-401a-8e73-3bb20dca5626" />
      <TestMethod codeBase="/Users/ksemenenko/Developer/Communication/ManagedCode.Communication.Tests/bin/Debug/net9.0/ManagedCode.Communication.Tests.dll" adapterTypeName="executor://xunit/VsTestRunner3/netcore/" className="ManagedCode.Communication.Tests.Results.ResultValueExecutionExtensionsTests" name="From_Task_Throws_ReturnsFailure" />
    </UnitTest>
    <UnitTest name="ManagedCode.Communication.Tests.ResultExtensionsTests.TapGeneric_WithSuccessResult_ShouldExecuteActionWithValue" storage="/users/ksemenenko/developer/communication/managedcode.communication.tests/bin/debug/net9.0/managedcode.communication.tests.dll" id="924855e1-9194-3b57-9cd1-1c25809360b6">
      <Execution id="556bdef3-154d-4441-ad9c-508024212367" />
      <TestMethod codeBase="/Users/ksemenenko/Developer/Communication/ManagedCode.Communication.Tests/bin/Debug/net9.0/ManagedCode.Communication.Tests.dll" adapterTypeName="executor://xunit/VsTestRunner3/netcore/" className="ManagedCode.Communication.Tests.ResultExtensionsTests" name="TapGeneric_WithSuccessResult_ShouldExecuteActionWithValue" />
    </UnitTest>
    <UnitTest name="ManagedCode.Communication.Tests.AspNetCore.Extensions.ServiceCollectionExtensionsTests.Communication_Should_Handle_Collection_Results" storage="/users/ksemenenko/developer/communication/managedcode.communication.tests/bin/debug/net9.0/managedcode.communication.tests.dll" id="4628ea67-a850-c618-dd07-6b8c93867133">
      <Execution id="bafebcb0-e142-475d-bcaa-392a2a6a7d71" />
      <TestMethod codeBase="/Users/ksemenenko/Developer/Communication/ManagedCode.Communication.Tests/bin/Debug/net9.0/ManagedCode.Communication.Tests.dll" adapterTypeName="executor://xunit/VsTestRunner3/netcore/" className="ManagedCode.Communication.Tests.AspNetCore.Extensions.ServiceCollectionExtensionsTests" name="Communication_Should_Handle_Collection_Results" />
    </UnitTest>
    <UnitTest name="ManagedCode.Communication.Tests.Results.ResultInvalidMethodsTests.Invalid_WithEmptyDictionary_ShouldCreateValidationResultWithoutErrors" storage="/users/ksemenenko/developer/communication/managedcode.communication.tests/bin/debug/net9.0/managedcode.communication.tests.dll" id="c574a1e3-8952-ce45-2c0e-dc14f4ee4afc">
      <Execution id="afb164ee-e583-460c-b0df-72d4880adba7" />
      <TestMethod codeBase="/Users/ksemenenko/Developer/Communication/ManagedCode.Communication.Tests/bin/Debug/net9.0/ManagedCode.Communication.Tests.dll" adapterTypeName="executor://xunit/VsTestRunner3/netcore/" className="ManagedCode.Communication.Tests.Results.ResultInvalidMethodsTests" name="Invalid_WithEmptyDictionary_ShouldCreateValidationResultWithoutErrors" />
    </UnitTest>
    <UnitTest name="ManagedCode.Communication.Tests.Orleans.Serialization.CommandSerializationTests.CommandT_WithNullPayload_ShouldSerializeCorrectly" storage="/users/ksemenenko/developer/communication/managedcode.communication.tests/bin/debug/net9.0/managedcode.communication.tests.dll" id="d7f431fb-d8db-7127-72a4-c56f83d9c52c">
      <Execution id="ae1df132-9b3b-4e5b-a5fc-3e48e759ac12" />
      <TestMethod codeBase="/Users/ksemenenko/Developer/Communication/ManagedCode.Communication.Tests/bin/Debug/net9.0/ManagedCode.Communication.Tests.dll" adapterTypeName="executor://xunit/VsTestRunner3/netcore/" className="ManagedCode.Communication.Tests.Orleans.Serialization.CommandSerializationTests" name="CommandT_WithNullPayload_ShouldSerializeCorrectly" />
    </UnitTest>
    <UnitTest name="ManagedCode.Communication.Tests.Extensions.ServiceCollectionExtensionsTests.ConfigureCommunication_WithLoggerFactory_ConfiguresLoggerAndReturns" storage="/users/ksemenenko/developer/communication/managedcode.communication.tests/bin/debug/net9.0/managedcode.communication.tests.dll" id="411e38f1-ebfb-df19-3a3a-707f30f3c5be">
      <Execution id="d973ba31-42c8-4516-abe3-8a1b895a8502" />
      <TestMethod codeBase="/Users/ksemenenko/Developer/Communication/ManagedCode.Communication.Tests/bin/Debug/net9.0/ManagedCode.Communication.Tests.dll" adapterTypeName="executor://xunit/VsTestRunner3/netcore/" className="ManagedCode.Communication.Tests.Extensions.ServiceCollectionExtensionsTests" name="ConfigureCommunication_WithLoggerFactory_ConfiguresLoggerAndReturns" />
    </UnitTest>
    <UnitTest name="ManagedCode.Communication.Tests.Extensions.ResultConversionExtensionsTests.AsResult_InfersTypeFromValue" storage="/users/ksemenenko/developer/communication/managedcode.communication.tests/bin/debug/net9.0/managedcode.communication.tests.dll" id="2e2fba21-e57a-bf8c-9794-7565ebcbea78">
      <Execution id="bc9b6060-78ec-4984-822b-d2213e855176" />
      <TestMethod codeBase="/Users/ksemenenko/Developer/Communication/ManagedCode.Communication.Tests/bin/Debug/net9.0/ManagedCode.Communication.Tests.dll" adapterTypeName="executor://xunit/VsTestRunner3/netcore/" className="ManagedCode.Communication.Tests.Extensions.ResultConversionExtensionsTests" name="AsResult_InfersTypeFromValue" />
    </UnitTest>
    <UnitTest name="ManagedCode.Communication.Tests.Results.ResultStaticHelperMethodsTests.Result_FailT_WithException_ShouldCreateFailedResultTWithException" storage="/users/ksemenenko/developer/communication/managedcode.communication.tests/bin/debug/net9.0/managedcode.communication.tests.dll" id="9aa28a55-43de-1f3f-a73d-5386fa240b7d">
      <Execution id="42bff24a-e11d-42d6-b51c-1a40ac55752f" />
      <TestMethod codeBase="/Users/ksemenenko/Developer/Communication/ManagedCode.Communication.Tests/bin/Debug/net9.0/ManagedCode.Communication.Tests.dll" adapterTypeName="executor://xunit/VsTestRunner3/netcore/" className="ManagedCode.Communication.Tests.Results.ResultStaticHelperMethodsTests" name="Result_FailT_WithException_ShouldCreateFailedResultTWithException" />
    </UnitTest>
    <UnitTest name="ManagedCode.Communication.Tests.Results.ResultHelperMethodsTests.Result_Fail_WithHttpStatusCode_ShouldCreateFailedResult" storage="/users/ksemenenko/developer/communication/managedcode.communication.tests/bin/debug/net9.0/managedcode.communication.tests.dll" id="49adad49-3c64-2145-0e11-a2cf215140e6">
      <Execution id="6adbe028-9e95-4592-a16c-dbf8adf014f7" />
      <TestMethod codeBase="/Users/ksemenenko/Developer/Communication/ManagedCode.Communication.Tests/bin/Debug/net9.0/ManagedCode.Communication.Tests.dll" adapterTypeName="executor://xunit/VsTestRunner3/netcore/" className="ManagedCode.Communication.Tests.Results.ResultHelperMethodsTests" name="Result_Fail_WithHttpStatusCode_ShouldCreateFailedResult" />
    </UnitTest>
    <UnitTest name="ManagedCode.Communication.Tests.Orleans.OrleansSerializationTests.ComplexNestedSerialization_ShouldPreserveAllData" storage="/users/ksemenenko/developer/communication/managedcode.communication.tests/bin/debug/net9.0/managedcode.communication.tests.dll" id="5874f3ff-508a-2af1-27a9-3900f428d369">
      <Execution id="d5f8ace5-42ab-49a8-8f21-4df4674c9bec" />
      <TestMethod codeBase="/Users/ksemenenko/Developer/Communication/ManagedCode.Communication.Tests/bin/Debug/net9.0/ManagedCode.Communication.Tests.dll" adapterTypeName="executor://xunit/VsTestRunner3/netcore/" className="ManagedCode.Communication.Tests.Orleans.OrleansSerializationTests" name="ComplexNestedSerialization_ShouldPreserveAllData" />
    </UnitTest>
    <UnitTest name="ManagedCode.Communication.Tests.CollectionResults.CollectionResultFromMethodsTests.From_ValueTaskReturningCollectionResult_ShouldReturnSameResult" storage="/users/ksemenenko/developer/communication/managedcode.communication.tests/bin/debug/net9.0/managedcode.communication.tests.dll" id="7e46dd07-4366-27a0-3009-4a77bc548fa9">
      <Execution id="5cfc1ff5-2973-41b0-a577-d0435df0e1ad" />
      <TestMethod codeBase="/Users/ksemenenko/Developer/Communication/ManagedCode.Communication.Tests/bin/Debug/net9.0/ManagedCode.Communication.Tests.dll" adapterTypeName="executor://xunit/VsTestRunner3/netcore/" className="ManagedCode.Communication.Tests.CollectionResults.CollectionResultFromMethodsTests" name="From_ValueTaskReturningCollectionResult_ShouldReturnSameResult" />
    </UnitTest>
    <UnitTest name="ManagedCode.Communication.Tests.Orleans.Serialization.CommandSerializationTests.Command_WithAllFields_ShouldSerializeCorrectly" storage="/users/ksemenenko/developer/communication/managedcode.communication.tests/bin/debug/net9.0/managedcode.communication.tests.dll" id="21522ead-b433-4ed6-2bc6-7bc12d8649e5">
      <Execution id="796cdd80-74d0-46b2-8e9f-b712fda3f021" />
      <TestMethod codeBase="/Users/ksemenenko/Developer/Communication/ManagedCode.Communication.Tests/bin/Debug/net9.0/ManagedCode.Communication.Tests.dll" adapterTypeName="executor://xunit/VsTestRunner3/netcore/" className="ManagedCode.Communication.Tests.Orleans.Serialization.CommandSerializationTests" name="Command_WithAllFields_ShouldSerializeCorrectly" />
    </UnitTest>
    <UnitTest name="ManagedCode.Communication.Tests.ControllerTests.MiddlewareTests.FailResult" storage="/users/ksemenenko/developer/communication/managedcode.communication.tests/bin/debug/net9.0/managedcode.communication.tests.dll" id="8891f4eb-c9b0-3e3f-c742-57b774363d63">
      <Execution id="dd5468c1-5511-4eb0-a1eb-50c8f661b05f" />
      <TestMethod codeBase="/Users/ksemenenko/Developer/Communication/ManagedCode.Communication.Tests/bin/Debug/net9.0/ManagedCode.Communication.Tests.dll" adapterTypeName="executor://xunit/VsTestRunner3/netcore/" className="ManagedCode.Communication.Tests.ControllerTests.MiddlewareTests" name="FailResult" />
    </UnitTest>
    <UnitTest name="ManagedCode.Communication.Tests.Extensions.ResultConversionExtensionsTests.AsResult_WithIntValue_CreatesSuccessfulResult" storage="/users/ksemenenko/developer/communication/managedcode.communication.tests/bin/debug/net9.0/managedcode.communication.tests.dll" id="9523222d-3297-4077-2b57-514061f60535">
      <Execution id="a2a561c9-0ecb-433a-8b31-805e3243c2eb" />
      <TestMethod codeBase="/Users/ksemenenko/Developer/Communication/ManagedCode.Communication.Tests/bin/Debug/net9.0/ManagedCode.Communication.Tests.dll" adapterTypeName="executor://xunit/VsTestRunner3/netcore/" className="ManagedCode.Communication.Tests.Extensions.ResultConversionExtensionsTests" name="AsResult_WithIntValue_CreatesSuccessfulResult" />
    </UnitTest>
    <UnitTest name="ManagedCode.Communication.Tests.Results.ResultHelperMethodsTests.Result_From_WithAsyncTask_ShouldReturnSuccess" storage="/users/ksemenenko/developer/communication/managedcode.communication.tests/bin/debug/net9.0/managedcode.communication.tests.dll" id="ce3de199-36d5-8ba5-2e51-6302507f3d29">
      <Execution id="bd4e3e30-5b90-4440-a480-615c56c76dd0" />
      <TestMethod codeBase="/Users/ksemenenko/Developer/Communication/ManagedCode.Communication.Tests/bin/Debug/net9.0/ManagedCode.Communication.Tests.dll" adapterTypeName="executor://xunit/VsTestRunner3/netcore/" className="ManagedCode.Communication.Tests.Results.ResultHelperMethodsTests" name="Result_From_WithAsyncTask_ShouldReturnSuccess" />
    </UnitTest>
    <UnitTest name="ManagedCode.Communication.Tests.Extensions.RailwayExtensionsTests.Bind_FailedResultT_DoesNotExecuteBinder" storage="/users/ksemenenko/developer/communication/managedcode.communication.tests/bin/debug/net9.0/managedcode.communication.tests.dll" id="db2cb8c8-7d9d-eb1f-44ff-41d77481d91c">
      <Execution id="f3a2d164-b201-4a59-91df-61ca234fabac" />
      <TestMethod codeBase="/Users/ksemenenko/Developer/Communication/ManagedCode.Communication.Tests/bin/Debug/net9.0/ManagedCode.Communication.Tests.dll" adapterTypeName="executor://xunit/VsTestRunner3/netcore/" className="ManagedCode.Communication.Tests.Extensions.RailwayExtensionsTests" name="Bind_FailedResultT_DoesNotExecuteBinder" />
    </UnitTest>
    <UnitTest name="ManagedCode.Communication.Tests.ProblemTests.ProblemCreateMethodsTests.Problem_Create_WithEnumAndVariousStatusCodes_ShouldSetCorrectType(statusCode: 404, enumValue: &quot;NotFound&quot;)" storage="/users/ksemenenko/developer/communication/managedcode.communication.tests/bin/debug/net9.0/managedcode.communication.tests.dll" id="85fd8d0b-9fc0-1fbf-e3ac-fb7bd19ad960">
      <Execution id="7b0a9b4d-3273-4789-9c73-22539d37e3c0" />
      <TestMethod codeBase="/Users/ksemenenko/Developer/Communication/ManagedCode.Communication.Tests/bin/Debug/net9.0/ManagedCode.Communication.Tests.dll" adapterTypeName="executor://xunit/VsTestRunner3/netcore/" className="ManagedCode.Communication.Tests.ProblemTests.ProblemCreateMethodsTests" name="Problem_Create_WithEnumAndVariousStatusCodes_ShouldSetCorrectType" />
    </UnitTest>
    <UnitTest name="ManagedCode.Communication.Tests.Results.ResultTests.TryGetProblem_WithSuccessfulResult_ShouldReturnFalse" storage="/users/ksemenenko/developer/communication/managedcode.communication.tests/bin/debug/net9.0/managedcode.communication.tests.dll" id="65200420-42ce-b190-7ff7-7b164ff1ec76">
      <Execution id="a0a9e0db-0543-470c-ab24-8dd617ac6c2c" />
      <TestMethod codeBase="/Users/ksemenenko/Developer/Communication/ManagedCode.Communication.Tests/bin/Debug/net9.0/ManagedCode.Communication.Tests.dll" adapterTypeName="executor://xunit/VsTestRunner3/netcore/" className="ManagedCode.Communication.Tests.Results.ResultTests" name="TryGetProblem_WithSuccessfulResult_ShouldReturnFalse" />
    </UnitTest>
    <UnitTest name="ManagedCode.Communication.Tests.Extensions.ProblemExtensionsTests.ToProblemDetails_ShouldConvertProblemToProblemDetails" storage="/users/ksemenenko/developer/communication/managedcode.communication.tests/bin/debug/net9.0/managedcode.communication.tests.dll" id="c214f264-6d82-7290-5fa6-35b6158af292">
      <Execution id="40cfee07-ba40-4b50-a5cd-b86471b405ca" />
      <TestMethod codeBase="/Users/ksemenenko/Developer/Communication/ManagedCode.Communication.Tests/bin/Debug/net9.0/ManagedCode.Communication.Tests.dll" adapterTypeName="executor://xunit/VsTestRunner3/netcore/" className="ManagedCode.Communication.Tests.Extensions.ProblemExtensionsTests" name="ToProblemDetails_ShouldConvertProblemToProblemDetails" />
    </UnitTest>
    <UnitTest name="ManagedCode.Communication.Tests.Results.ResultHelperMethodsTests.ResultT_From_WithSuccessResult_ShouldReturnSuccessWithValue" storage="/users/ksemenenko/developer/communication/managedcode.communication.tests/bin/debug/net9.0/managedcode.communication.tests.dll" id="b3b9ef4c-6313-6dea-33cf-2d0e819cad64">
      <Execution id="b2be3b85-a25d-497e-9c2e-e14234847f15" />
      <TestMethod codeBase="/Users/ksemenenko/Developer/Communication/ManagedCode.Communication.Tests/bin/Debug/net9.0/ManagedCode.Communication.Tests.dll" adapterTypeName="executor://xunit/VsTestRunner3/netcore/" className="ManagedCode.Communication.Tests.Results.ResultHelperMethodsTests" name="ResultT_From_WithSuccessResult_ShouldReturnSuccessWithValue" />
    </UnitTest>
    <UnitTest name="ManagedCode.Communication.Tests.Results.ProblemToExceptionTests.ToException_FromProblemCreatedFromInvalidOperationException_ShouldReconstructOriginalExceptionType" storage="/users/ksemenenko/developer/communication/managedcode.communication.tests/bin/debug/net9.0/managedcode.communication.tests.dll" id="fd226736-c1a4-0f7f-960f-3551ec9d470c">
      <Execution id="3c49a2b6-18c3-4aef-a3f3-a16abe66a0ea" />
      <TestMethod codeBase="/Users/ksemenenko/Developer/Communication/ManagedCode.Communication.Tests/bin/Debug/net9.0/ManagedCode.Communication.Tests.dll" adapterTypeName="executor://xunit/VsTestRunner3/netcore/" className="ManagedCode.Communication.Tests.Results.ProblemToExceptionTests" name="ToException_FromProblemCreatedFromInvalidOperationException_ShouldReconstructOriginalExceptionType" />
    </UnitTest>
    <UnitTest name="ManagedCode.Communication.Tests.Results.ResultStaticHelperMethodsTests.Result_FailUnauthorizedT_NoParameters_ShouldCreateUnauthorizedResultT" storage="/users/ksemenenko/developer/communication/managedcode.communication.tests/bin/debug/net9.0/managedcode.communication.tests.dll" id="47c73d27-daf8-07a6-9992-33ab057f0562">
      <Execution id="775899e7-0d84-4665-8cc5-b27542bf8a6c" />
      <TestMethod codeBase="/Users/ksemenenko/Developer/Communication/ManagedCode.Communication.Tests/bin/Debug/net9.0/ManagedCode.Communication.Tests.dll" adapterTypeName="executor://xunit/VsTestRunner3/netcore/" className="ManagedCode.Communication.Tests.Results.ResultStaticHelperMethodsTests" name="Result_FailUnauthorizedT_NoParameters_ShouldCreateUnauthorizedResultT" />
    </UnitTest>
    <UnitTest name="ManagedCode.Communication.Tests.Extensions.HttpResponseExtensionTests.FromRequestToResult_NoContentStatusCode_ReturnsSuccessResult" storage="/users/ksemenenko/developer/communication/managedcode.communication.tests/bin/debug/net9.0/managedcode.communication.tests.dll" id="4ec95413-36ce-2f53-a5aa-0f2f9a590c47">
      <Execution id="faaa64df-63cb-4cd1-addd-f6d330da5543" />
      <TestMethod codeBase="/Users/ksemenenko/Developer/Communication/ManagedCode.Communication.Tests/bin/Debug/net9.0/ManagedCode.Communication.Tests.dll" adapterTypeName="executor://xunit/VsTestRunner3/netcore/" className="ManagedCode.Communication.Tests.Extensions.HttpResponseExtensionTests" name="FromRequestToResult_NoContentStatusCode_ReturnsSuccessResult" />
    </UnitTest>
    <UnitTest name="ManagedCode.Communication.Tests.Results.ResultHelperMethodsTests.Result_TryGetProblem_WithFailure_ShouldReturnTrueAndProblem" storage="/users/ksemenenko/developer/communication/managedcode.communication.tests/bin/debug/net9.0/managedcode.communication.tests.dll" id="a7cb801d-7f16-2aed-a9b9-27ada01410cb">
      <Execution id="65f6f468-e2c7-4a46-b310-a4c6b9767459" />
      <TestMethod codeBase="/Users/ksemenenko/Developer/Communication/ManagedCode.Communication.Tests/bin/Debug/net9.0/ManagedCode.Communication.Tests.dll" adapterTypeName="executor://xunit/VsTestRunner3/netcore/" className="ManagedCode.Communication.Tests.Results.ResultHelperMethodsTests" name="Result_TryGetProblem_WithFailure_ShouldReturnTrueAndProblem" />
    </UnitTest>
    <UnitTest name="ManagedCode.Communication.Tests.Results.ResultHelperMethodsTests.Result_Try_WithCustomStatusCode_ShouldUseProvidedCode" storage="/users/ksemenenko/developer/communication/managedcode.communication.tests/bin/debug/net9.0/managedcode.communication.tests.dll" id="f3b583ac-90ff-1f56-69dc-aadf0d375497">
      <Execution id="21a85dc6-c922-43b7-b762-68e7e9216b07" />
      <TestMethod codeBase="/Users/ksemenenko/Developer/Communication/ManagedCode.Communication.Tests/bin/Debug/net9.0/ManagedCode.Communication.Tests.dll" adapterTypeName="executor://xunit/VsTestRunner3/netcore/" className="ManagedCode.Communication.Tests.Results.ResultHelperMethodsTests" name="Result_Try_WithCustomStatusCode_ShouldUseProvidedCode" />
    </UnitTest>
    <UnitTest name="ManagedCode.Communication.Tests.Extensions.RailwayExtensionsTests.Else_FailedResultT_ReturnsAlternativeValue" storage="/users/ksemenenko/developer/communication/managedcode.communication.tests/bin/debug/net9.0/managedcode.communication.tests.dll" id="2460b2eb-c7c7-67db-b872-797238ca95cb">
      <Execution id="a6d91e9d-d714-4a28-975e-6e3e14c65ccf" />
      <TestMethod codeBase="/Users/ksemenenko/Developer/Communication/ManagedCode.Communication.Tests/bin/Debug/net9.0/ManagedCode.Communication.Tests.dll" adapterTypeName="executor://xunit/VsTestRunner3/netcore/" className="ManagedCode.Communication.Tests.Extensions.RailwayExtensionsTests" name="Else_FailedResultT_ReturnsAlternativeValue" />
    </UnitTest>
    <UnitTest name="ManagedCode.Communication.Tests.CollectionResults.CollectionResultFailMethodsTests.Fail_WithVariousStatusCodes_ShouldSetCorrectStatusCode(statusCode: ServiceUnavailable, expectedCode: 503)" storage="/users/ksemenenko/developer/communication/managedcode.communication.tests/bin/debug/net9.0/managedcode.communication.tests.dll" id="f8292c99-1fa2-ca17-1340-240e96354ffd">
      <Execution id="a7850ad9-db59-41c7-b078-92bfeacb582d" />
      <TestMethod codeBase="/Users/ksemenenko/Developer/Communication/ManagedCode.Communication.Tests/bin/Debug/net9.0/ManagedCode.Communication.Tests.dll" adapterTypeName="executor://xunit/VsTestRunner3/netcore/" className="ManagedCode.Communication.Tests.CollectionResults.CollectionResultFailMethodsTests" name="Fail_WithVariousStatusCodes_ShouldSetCorrectStatusCode" />
    </UnitTest>
    <UnitTest name="ManagedCode.Communication.Tests.ProblemTests.ProblemCreateMethodsTests.Problem_Create_WithEnumDetailAndStatusCode_ShouldCreateProblemWithCustomDetail" storage="/users/ksemenenko/developer/communication/managedcode.communication.tests/bin/debug/net9.0/managedcode.communication.tests.dll" id="976bb755-951a-abad-a6b2-b4df05914837">
      <Execution id="d253f568-20c6-4435-ad81-f98e378cf28f" />
      <TestMethod codeBase="/Users/ksemenenko/Developer/Communication/ManagedCode.Communication.Tests/bin/Debug/net9.0/ManagedCode.Communication.Tests.dll" adapterTypeName="executor://xunit/VsTestRunner3/netcore/" className="ManagedCode.Communication.Tests.ProblemTests.ProblemCreateMethodsTests" name="Problem_Create_WithEnumDetailAndStatusCode_ShouldCreateProblemWithCustomDetail" />
    </UnitTest>
    <UnitTest name="ManagedCode.Communication.Tests.Commands.MemoryCacheCommandIdempotencyStoreTests.TryGetCachedResultAsync_WhenResultDoesNotExist_ReturnsNoResult" storage="/users/ksemenenko/developer/communication/managedcode.communication.tests/bin/debug/net9.0/managedcode.communication.tests.dll" id="fce90108-bb07-0d70-0d98-6d4db0f3bc3e">
      <Execution id="027f8980-66ab-41ed-80af-5126cabfc54c" />
      <TestMethod codeBase="/Users/ksemenenko/Developer/Communication/ManagedCode.Communication.Tests/bin/Debug/net9.0/ManagedCode.Communication.Tests.dll" adapterTypeName="executor://xunit/VsTestRunner3/netcore/" className="ManagedCode.Communication.Tests.Commands.MemoryCacheCommandIdempotencyStoreTests" name="TryGetCachedResultAsync_WhenResultDoesNotExist_ReturnsNoResult" />
    </UnitTest>
    <UnitTest name="ManagedCode.Communication.Tests.CollectionResults.CollectionResultFailMethodsTests.Fail_WithArray_ShouldCreateFailedResultWithItems" storage="/users/ksemenenko/developer/communication/managedcode.communication.tests/bin/debug/net9.0/managedcode.communication.tests.dll" id="55af12a1-8c60-19cc-8253-bcb814fd0918">
      <Execution id="4fbd20ef-3305-492f-8745-9fd44b56edb0" />
      <TestMethod codeBase="/Users/ksemenenko/Developer/Communication/ManagedCode.Communication.Tests/bin/Debug/net9.0/ManagedCode.Communication.Tests.dll" adapterTypeName="executor://xunit/VsTestRunner3/netcore/" className="ManagedCode.Communication.Tests.CollectionResults.CollectionResultFailMethodsTests" name="Fail_WithArray_ShouldCreateFailedResultWithItems" />
    </UnitTest>
    <UnitTest name="ManagedCode.Communication.Tests.CollectionResults.CollectionResultFromMethodsTests.From_TaskReturningList_ShouldCreateSuccessResult" storage="/users/ksemenenko/developer/communication/managedcode.communication.tests/bin/debug/net9.0/managedcode.communication.tests.dll" id="261108eb-e4aa-9aa8-08d4-1bd3d2b96ec0">
      <Execution id="5b06d89e-edb6-437c-97da-488c442bff6e" />
      <TestMethod codeBase="/Users/ksemenenko/Developer/Communication/ManagedCode.Communication.Tests/bin/Debug/net9.0/ManagedCode.Communication.Tests.dll" adapterTypeName="executor://xunit/VsTestRunner3/netcore/" className="ManagedCode.Communication.Tests.CollectionResults.CollectionResultFromMethodsTests" name="From_TaskReturningList_ShouldCreateSuccessResult" />
    </UnitTest>
    <UnitTest name="ManagedCode.Communication.Tests.Extensions.AdvancedRailwayExtensionsTests.ToResult_WithNullableStruct_HandlesCorrectly" storage="/users/ksemenenko/developer/communication/managedcode.communication.tests/bin/debug/net9.0/managedcode.communication.tests.dll" id="fb70cdc3-1bf1-6e46-2aba-a1201f5edf64">
      <Execution id="24fc4991-6994-4f4a-b903-097499e34313" />
      <TestMethod codeBase="/Users/ksemenenko/Developer/Communication/ManagedCode.Communication.Tests/bin/Debug/net9.0/ManagedCode.Communication.Tests.dll" adapterTypeName="executor://xunit/VsTestRunner3/netcore/" className="ManagedCode.Communication.Tests.Extensions.AdvancedRailwayExtensionsTests" name="ToResult_WithNullableStruct_HandlesCorrectly" />
    </UnitTest>
    <UnitTest name="ManagedCode.Communication.Tests.CollectionResults.CollectionResultFailMethodsTests.Fail_WithVariousStatusCodes_ShouldSetCorrectStatusCode(statusCode: Unauthorized, expectedCode: 401)" storage="/users/ksemenenko/developer/communication/managedcode.communication.tests/bin/debug/net9.0/managedcode.communication.tests.dll" id="057eaabd-3e0f-9cb8-8caa-35b8258d8daa">
      <Execution id="3012cc1c-8e94-491c-8111-23277550c7b2" />
      <TestMethod codeBase="/Users/ksemenenko/Developer/Communication/ManagedCode.Communication.Tests/bin/Debug/net9.0/ManagedCode.Communication.Tests.dll" adapterTypeName="executor://xunit/VsTestRunner3/netcore/" className="ManagedCode.Communication.Tests.CollectionResults.CollectionResultFailMethodsTests" name="Fail_WithVariousStatusCodes_ShouldSetCorrectStatusCode" />
    </UnitTest>
    <UnitTest name="ManagedCode.Communication.Tests.Extensions.AdvancedRailwayExtensionsTests.ToResult_WithNonNullValue_ReturnsSuccess" storage="/users/ksemenenko/developer/communication/managedcode.communication.tests/bin/debug/net9.0/managedcode.communication.tests.dll" id="f42fe5a1-8c83-097f-d090-6df0e300c303">
      <Execution id="52fa8022-d251-4b75-aed4-f40d9791163f" />
      <TestMethod codeBase="/Users/ksemenenko/Developer/Communication/ManagedCode.Communication.Tests/bin/Debug/net9.0/ManagedCode.Communication.Tests.dll" adapterTypeName="executor://xunit/VsTestRunner3/netcore/" className="ManagedCode.Communication.Tests.Extensions.AdvancedRailwayExtensionsTests" name="ToResult_WithNonNullValue_ReturnsSuccess" />
    </UnitTest>
    <UnitTest name="ManagedCode.Communication.Tests.Extensions.ResultConversionExtensionsTests.AsResult_WithStringValue_CreatesSuccessfulResult" storage="/users/ksemenenko/developer/communication/managedcode.communication.tests/bin/debug/net9.0/managedcode.communication.tests.dll" id="ba805cf8-7a9e-a067-dba8-44d688ef5092">
      <Execution id="b2edb012-6fe8-43e4-82b2-fa6132db4ad3" />
      <TestMethod codeBase="/Users/ksemenenko/Developer/Communication/ManagedCode.Communication.Tests/bin/Debug/net9.0/ManagedCode.Communication.Tests.dll" adapterTypeName="executor://xunit/VsTestRunner3/netcore/" className="ManagedCode.Communication.Tests.Extensions.ResultConversionExtensionsTests" name="AsResult_WithStringValue_CreatesSuccessfulResult" />
    </UnitTest>
    <UnitTest name="ManagedCode.Communication.Tests.Results.ProblemExceptionTests.Constructor_WithTitleOnly_ShouldUseDefaultStatusCodeAndDuplicateDetail" storage="/users/ksemenenko/developer/communication/managedcode.communication.tests/bin/debug/net9.0/managedcode.communication.tests.dll" id="dce3fcdf-7249-6248-dfe7-0e19495e103e">
      <Execution id="a92527fc-8f17-46bb-88b1-d7d1ba6cf89b" />
      <TestMethod codeBase="/Users/ksemenenko/Developer/Communication/ManagedCode.Communication.Tests/bin/Debug/net9.0/ManagedCode.Communication.Tests.dll" adapterTypeName="executor://xunit/VsTestRunner3/netcore/" className="ManagedCode.Communication.Tests.Results.ProblemExceptionTests" name="Constructor_WithTitleOnly_ShouldUseDefaultStatusCodeAndDuplicateDetail" />
    </UnitTest>
    <UnitTest name="ManagedCode.Communication.Tests.Results.ResultTests.TryGetProblem_WithValidationResult_ShouldReturnTrueAndValidationProblem" storage="/users/ksemenenko/developer/communication/managedcode.communication.tests/bin/debug/net9.0/managedcode.communication.tests.dll" id="44d98ef8-930e-6c96-71e8-5749bf624437">
      <Execution id="756fe863-df95-421d-a917-848acae6d481" />
      <TestMethod codeBase="/Users/ksemenenko/Developer/Communication/ManagedCode.Communication.Tests/bin/Debug/net9.0/ManagedCode.Communication.Tests.dll" adapterTypeName="executor://xunit/VsTestRunner3/netcore/" className="ManagedCode.Communication.Tests.Results.ResultTests" name="TryGetProblem_WithValidationResult_ShouldReturnTrueAndValidationProblem" />
    </UnitTest>
    <UnitTest name="ManagedCode.Communication.Tests.Results.CollectionResultTests.TryGetProblem_WithEmptyCollection_ButSuccessful_ShouldReturnFalse" storage="/users/ksemenenko/developer/communication/managedcode.communication.tests/bin/debug/net9.0/managedcode.communication.tests.dll" id="72cc59dc-cbb4-fcaa-43ae-593609766cef">
      <Execution id="e51a8d24-4941-4520-b2c1-7a6a023d6188" />
      <TestMethod codeBase="/Users/ksemenenko/Developer/Communication/ManagedCode.Communication.Tests/bin/Debug/net9.0/ManagedCode.Communication.Tests.dll" adapterTypeName="executor://xunit/VsTestRunner3/netcore/" className="ManagedCode.Communication.Tests.Results.CollectionResultTests" name="TryGetProblem_WithEmptyCollection_ButSuccessful_ShouldReturnFalse" />
    </UnitTest>
    <UnitTest name="ManagedCode.Communication.Tests.Results.ResultFailMethodsTests.Result_FailNotFound_NoParameters_ShouldCreateNotFoundResult" storage="/users/ksemenenko/developer/communication/managedcode.communication.tests/bin/debug/net9.0/managedcode.communication.tests.dll" id="0dba5786-625f-2c43-9e0c-752956fd421c">
      <Execution id="7da03f27-570e-4a83-952e-e555e6aff2d8" />
      <TestMethod codeBase="/Users/ksemenenko/Developer/Communication/ManagedCode.Communication.Tests/bin/Debug/net9.0/ManagedCode.Communication.Tests.dll" adapterTypeName="executor://xunit/VsTestRunner3/netcore/" className="ManagedCode.Communication.Tests.Results.ResultFailMethodsTests" name="Result_FailNotFound_NoParameters_ShouldCreateNotFoundResult" />
    </UnitTest>
    <UnitTest name="ManagedCode.Communication.Tests.Extensions.RailwayExtensionsTests.Ensure_FailedResult_RemainsFailedWithOriginalProblem" storage="/users/ksemenenko/developer/communication/managedcode.communication.tests/bin/debug/net9.0/managedcode.communication.tests.dll" id="741c037d-bb74-63dd-9e38-d80561e143db">
      <Execution id="894f2d2b-d3ff-4f87-8ceb-1c9af65d5bb1" />
      <TestMethod codeBase="/Users/ksemenenko/Developer/Communication/ManagedCode.Communication.Tests/bin/Debug/net9.0/ManagedCode.Communication.Tests.dll" adapterTypeName="executor://xunit/VsTestRunner3/netcore/" className="ManagedCode.Communication.Tests.Extensions.RailwayExtensionsTests" name="Ensure_FailedResult_RemainsFailedWithOriginalProblem" />
    </UnitTest>
    <UnitTest name="ManagedCode.Communication.Tests.OrleansTests.GrainClientTests.ResultError" storage="/users/ksemenenko/developer/communication/managedcode.communication.tests/bin/debug/net9.0/managedcode.communication.tests.dll" id="f7ed2bd9-0dc3-2bb8-cc6b-16f79bea320a">
      <Execution id="978de2f2-f421-4442-963b-fab605e77fc7" />
      <TestMethod codeBase="/Users/ksemenenko/Developer/Communication/ManagedCode.Communication.Tests/bin/Debug/net9.0/ManagedCode.Communication.Tests.dll" adapterTypeName="executor://xunit/VsTestRunner3/netcore/" className="ManagedCode.Communication.Tests.OrleansTests.GrainClientTests" name="ResultError" />
    </UnitTest>
    <UnitTest name="ManagedCode.Communication.Tests.Results.ResultTests.Fail_WithMessage_ShouldCreateFailedResult" storage="/users/ksemenenko/developer/communication/managedcode.communication.tests/bin/debug/net9.0/managedcode.communication.tests.dll" id="8c079e0a-8bc0-4af0-dcf8-3d60635328e5">
      <Execution id="eb0d9bae-7d9c-4204-ba96-0c1267865a5a" />
      <TestMethod codeBase="/Users/ksemenenko/Developer/Communication/ManagedCode.Communication.Tests/bin/Debug/net9.0/ManagedCode.Communication.Tests.dll" adapterTypeName="executor://xunit/VsTestRunner3/netcore/" className="ManagedCode.Communication.Tests.Results.ResultTests" name="Fail_WithMessage_ShouldCreateFailedResult" />
    </UnitTest>
    <UnitTest name="ManagedCode.Communication.Tests.CollectionResults.CollectionResultFromMethodsTests.From_ValueTaskReturningArray_ShouldCreateSuccessResult" storage="/users/ksemenenko/developer/communication/managedcode.communication.tests/bin/debug/net9.0/managedcode.communication.tests.dll" id="5c7b6bae-02f9-ce2e-b4df-a3f1c1127960">
      <Execution id="47d10cab-0731-4798-8385-fb1c03ab4853" />
      <TestMethod codeBase="/Users/ksemenenko/Developer/Communication/ManagedCode.Communication.Tests/bin/Debug/net9.0/ManagedCode.Communication.Tests.dll" adapterTypeName="executor://xunit/VsTestRunner3/netcore/" className="ManagedCode.Communication.Tests.CollectionResults.CollectionResultFromMethodsTests" name="From_ValueTaskReturningArray_ShouldCreateSuccessResult" />
    </UnitTest>
    <UnitTest name="ManagedCode.Communication.Tests.Results.ResultHelperMethodsTests.Result_Try_WithException_ShouldReturnFailure" storage="/users/ksemenenko/developer/communication/managedcode.communication.tests/bin/debug/net9.0/managedcode.communication.tests.dll" id="4042cc53-0735-53f5-867b-1cf2a2aa85d5">
      <Execution id="e823f274-b8fb-423a-a2e4-201fc7f69e47" />
      <TestMethod codeBase="/Users/ksemenenko/Developer/Communication/ManagedCode.Communication.Tests/bin/Debug/net9.0/ManagedCode.Communication.Tests.dll" adapterTypeName="executor://xunit/VsTestRunner3/netcore/" className="ManagedCode.Communication.Tests.Results.ResultHelperMethodsTests" name="Result_Try_WithException_ShouldReturnFailure" />
    </UnitTest>
    <UnitTest name="ManagedCode.Communication.Tests.ControllerTests.MiddlewareTests.ForbiddenResult" storage="/users/ksemenenko/developer/communication/managedcode.communication.tests/bin/debug/net9.0/managedcode.communication.tests.dll" id="26d4b90e-eb16-bcef-d101-fb0061a73f05">
      <Execution id="4618aa2b-507b-4081-8afa-e996da077287" />
      <TestMethod codeBase="/Users/ksemenenko/Developer/Communication/ManagedCode.Communication.Tests/bin/Debug/net9.0/ManagedCode.Communication.Tests.dll" adapterTypeName="executor://xunit/VsTestRunner3/netcore/" className="ManagedCode.Communication.Tests.ControllerTests.MiddlewareTests" name="ForbiddenResult" />
    </UnitTest>
    <UnitTest name="ManagedCode.Communication.Tests.OrleansTests.GrainClientTests.ValueTaskResultString" storage="/users/ksemenenko/developer/communication/managedcode.communication.tests/bin/debug/net9.0/managedcode.communication.tests.dll" id="c67d60d8-371a-f2d2-eb67-28408d2ba84d">
      <Execution id="686b3f9a-518f-4550-b97a-77c6f74475c7" />
      <TestMethod codeBase="/Users/ksemenenko/Developer/Communication/ManagedCode.Communication.Tests/bin/Debug/net9.0/ManagedCode.Communication.Tests.dll" adapterTypeName="executor://xunit/VsTestRunner3/netcore/" className="ManagedCode.Communication.Tests.OrleansTests.GrainClientTests" name="ValueTaskResultString" />
    </UnitTest>
    <UnitTest name="ManagedCode.Communication.Tests.Results.ProblemTests.Validation_ShouldCreateValidationProblem" storage="/users/ksemenenko/developer/communication/managedcode.communication.tests/bin/debug/net9.0/managedcode.communication.tests.dll" id="03db011c-36c3-8fa6-9017-436f1dd775bb">
      <Execution id="8a51879b-c29e-476c-b012-d059d0d03d90" />
      <TestMethod codeBase="/Users/ksemenenko/Developer/Communication/ManagedCode.Communication.Tests/bin/Debug/net9.0/ManagedCode.Communication.Tests.dll" adapterTypeName="executor://xunit/VsTestRunner3/netcore/" className="ManagedCode.Communication.Tests.Results.ProblemTests" name="Validation_ShouldCreateValidationProblem" />
    </UnitTest>
    <UnitTest name="ManagedCode.Communication.Tests.Results.ResultInvalidMethodsTests.Result_Invalid_WithEnumAndMessage_ShouldCreateValidationResultWithBoth" storage="/users/ksemenenko/developer/communication/managedcode.communication.tests/bin/debug/net9.0/managedcode.communication.tests.dll" id="a616e2cd-e8f4-089c-9b8f-28529ea24abe">
      <Execution id="29656e17-433a-4872-94a5-6faa45869a22" />
      <TestMethod codeBase="/Users/ksemenenko/Developer/Communication/ManagedCode.Communication.Tests/bin/Debug/net9.0/ManagedCode.Communication.Tests.dll" adapterTypeName="executor://xunit/VsTestRunner3/netcore/" className="ManagedCode.Communication.Tests.Results.ResultInvalidMethodsTests" name="Result_Invalid_WithEnumAndMessage_ShouldCreateValidationResultWithBoth" />
    </UnitTest>
    <UnitTest name="ManagedCode.Communication.Tests.AspNetCore.Extensions.HubOptionsExtensionsTests.AddCommunicationHubFilter_WithNullHubOptions_ThrowsArgumentNullException" storage="/users/ksemenenko/developer/communication/managedcode.communication.tests/bin/debug/net9.0/managedcode.communication.tests.dll" id="45e2562c-fb2b-e12e-c99f-59a2b961f103">
      <Execution id="59b4d7d1-3e66-42ef-81a6-eaa72995dd47" />
      <TestMethod codeBase="/Users/ksemenenko/Developer/Communication/ManagedCode.Communication.Tests/bin/Debug/net9.0/ManagedCode.Communication.Tests.dll" adapterTypeName="executor://xunit/VsTestRunner3/netcore/" className="ManagedCode.Communication.Tests.AspNetCore.Extensions.HubOptionsExtensionsTests" name="AddCommunicationHubFilter_WithNullHubOptions_ThrowsArgumentNullException" />
    </UnitTest>
    <UnitTest name="ManagedCode.Communication.Tests.Results.CollectionResultTests.Succeed_WithArray_ShouldCreateSuccessfulResult" storage="/users/ksemenenko/developer/communication/managedcode.communication.tests/bin/debug/net9.0/managedcode.communication.tests.dll" id="0722ba6b-76b6-1c47-d7d1-0b74ba7f6032">
      <Execution id="0dd1ba87-7ed3-4c1a-9be1-ccf6f6f812c2" />
      <TestMethod codeBase="/Users/ksemenenko/Developer/Communication/ManagedCode.Communication.Tests/bin/Debug/net9.0/ManagedCode.Communication.Tests.dll" adapterTypeName="executor://xunit/VsTestRunner3/netcore/" className="ManagedCode.Communication.Tests.Results.CollectionResultTests" name="Succeed_WithArray_ShouldCreateSuccessfulResult" />
    </UnitTest>
    <UnitTest name="ManagedCode.Communication.Tests.Serialization.ProblemJsonConverterTests.Serialize_DifferentTypeValues_HandlesCorrectly(inputType: &quot;&quot;, expectedType: &quot;&quot;)" storage="/users/ksemenenko/developer/communication/managedcode.communication.tests/bin/debug/net9.0/managedcode.communication.tests.dll" id="b628997a-57d1-098a-32a2-a9f49a796717">
      <Execution id="b7609544-79f8-4510-9cb3-244055262483" />
      <TestMethod codeBase="/Users/ksemenenko/Developer/Communication/ManagedCode.Communication.Tests/bin/Debug/net9.0/ManagedCode.Communication.Tests.dll" adapterTypeName="executor://xunit/VsTestRunner3/netcore/" className="ManagedCode.Communication.Tests.Serialization.ProblemJsonConverterTests" name="Serialize_DifferentTypeValues_HandlesCorrectly" />
    </UnitTest>
    <UnitTest name="ManagedCode.Communication.Tests.Results.CollectionResultInvalidMethodsTests.CollectionResult_Invalid_WithEnumAndMessage_ShouldCreateValidationResultWithBoth" storage="/users/ksemenenko/developer/communication/managedcode.communication.tests/bin/debug/net9.0/managedcode.communication.tests.dll" id="c8415987-5e57-7934-283e-064f446065e3">
      <Execution id="0696832d-b7da-4be9-ad6a-e903c61c5226" />
      <TestMethod codeBase="/Users/ksemenenko/Developer/Communication/ManagedCode.Communication.Tests/bin/Debug/net9.0/ManagedCode.Communication.Tests.dll" adapterTypeName="executor://xunit/VsTestRunner3/netcore/" className="ManagedCode.Communication.Tests.Results.CollectionResultInvalidMethodsTests" name="CollectionResult_Invalid_WithEnumAndMessage_ShouldCreateValidationResultWithBoth" />
    </UnitTest>
    <UnitTest name="ManagedCode.Communication.Tests.Extensions.AdvancedRailwayExtensionsTests.Then_WithSuccessfulResult_ExecutesNext" storage="/users/ksemenenko/developer/communication/managedcode.communication.tests/bin/debug/net9.0/managedcode.communication.tests.dll" id="a5d3088b-70e8-8d65-c2ea-01e93fca7cdd">
      <Execution id="9a12c06c-cef8-458a-b4b4-c4655c3ecb59" />
      <TestMethod codeBase="/Users/ksemenenko/Developer/Communication/ManagedCode.Communication.Tests/bin/Debug/net9.0/ManagedCode.Communication.Tests.dll" adapterTypeName="executor://xunit/VsTestRunner3/netcore/" className="ManagedCode.Communication.Tests.Extensions.AdvancedRailwayExtensionsTests" name="Then_WithSuccessfulResult_ExecutesNext" />
    </UnitTest>
    <UnitTest name="ManagedCode.Communication.Tests.Results.ResultStaticHelperMethodsTests.Result_StaticHelpers_ChainedCalls_ShouldMaintainFailureState" storage="/users/ksemenenko/developer/communication/managedcode.communication.tests/bin/debug/net9.0/managedcode.communication.tests.dll" id="df96f889-695d-6b63-9f03-a599b338bed3">
      <Execution id="63694c3b-6901-4086-85aa-575a62c044d0" />
      <TestMethod codeBase="/Users/ksemenenko/Developer/Communication/ManagedCode.Communication.Tests/bin/Debug/net9.0/ManagedCode.Communication.Tests.dll" adapterTypeName="executor://xunit/VsTestRunner3/netcore/" className="ManagedCode.Communication.Tests.Results.ResultStaticHelperMethodsTests" name="Result_StaticHelpers_ChainedCalls_ShouldMaintainFailureState" />
    </UnitTest>
    <UnitTest name="ManagedCode.Communication.Tests.Extensions.AdvancedRailwayExtensionsTests.Where_WithMatchingPredicate_ReturnsSuccess" storage="/users/ksemenenko/developer/communication/managedcode.communication.tests/bin/debug/net9.0/managedcode.communication.tests.dll" id="5e6eaeac-789b-c31a-2d06-a6b7c6009b63">
      <Execution id="bc61f073-4eba-4c2e-bfd6-6a508f5d6e2c" />
      <TestMethod codeBase="/Users/ksemenenko/Developer/Communication/ManagedCode.Communication.Tests/bin/Debug/net9.0/ManagedCode.Communication.Tests.dll" adapterTypeName="executor://xunit/VsTestRunner3/netcore/" className="ManagedCode.Communication.Tests.Extensions.AdvancedRailwayExtensionsTests" name="Where_WithMatchingPredicate_ReturnsSuccess" />
    </UnitTest>
    <UnitTest name="ManagedCode.Communication.Tests.Results.ResultFailMethodsTests.Result_Fail_WithEnumDetailAndStatus_ShouldCreateFailedResultWithAllSpecified" storage="/users/ksemenenko/developer/communication/managedcode.communication.tests/bin/debug/net9.0/managedcode.communication.tests.dll" id="d9c85683-d077-e39f-97ea-e7effcd11b0d">
      <Execution id="b071a80b-9cac-4cc1-b248-f644e2f90fb6" />
      <TestMethod codeBase="/Users/ksemenenko/Developer/Communication/ManagedCode.Communication.Tests/bin/Debug/net9.0/ManagedCode.Communication.Tests.dll" adapterTypeName="executor://xunit/VsTestRunner3/netcore/" className="ManagedCode.Communication.Tests.Results.ResultFailMethodsTests" name="Result_Fail_WithEnumDetailAndStatus_ShouldCreateFailedResultWithAllSpecified" />
    </UnitTest>
    <UnitTest name="ManagedCode.Communication.Tests.Results.CollectionResultInvalidMethodsTests.CollectionResult_Invalid_WithEmptyDictionary_ShouldCreateValidationResultWithNoErrors" storage="/users/ksemenenko/developer/communication/managedcode.communication.tests/bin/debug/net9.0/managedcode.communication.tests.dll" id="f0e672db-0cd5-af9b-9ddf-e55604adbaef">
      <Execution id="e765a065-0227-4215-97cc-1f03121c4852" />
      <TestMethod codeBase="/Users/ksemenenko/Developer/Communication/ManagedCode.Communication.Tests/bin/Debug/net9.0/ManagedCode.Communication.Tests.dll" adapterTypeName="executor://xunit/VsTestRunner3/netcore/" className="ManagedCode.Communication.Tests.Results.CollectionResultInvalidMethodsTests" name="CollectionResult_Invalid_WithEmptyDictionary_ShouldCreateValidationResultWithNoErrors" />
    </UnitTest>
    <UnitTest name="ManagedCode.Communication.Tests.Results.ResultTests.ImplicitOperator_ToBool_ShouldReturnIsSuccess" storage="/users/ksemenenko/developer/communication/managedcode.communication.tests/bin/debug/net9.0/managedcode.communication.tests.dll" id="4052b285-ee8b-dda1-747f-8fb2d2b5853d">
      <Execution id="689dee07-2a2c-4e5c-8fb2-f66c7c6005e7" />
      <TestMethod codeBase="/Users/ksemenenko/Developer/Communication/ManagedCode.Communication.Tests/bin/Debug/net9.0/ManagedCode.Communication.Tests.dll" adapterTypeName="executor://xunit/VsTestRunner3/netcore/" className="ManagedCode.Communication.Tests.Results.ResultTests" name="ImplicitOperator_ToBool_ShouldReturnIsSuccess" />
    </UnitTest>
    <UnitTest name="ManagedCode.Communication.Tests.Results.ResultTests.ThrowIfFail_WithProblemException_ShouldPreserveProblemDetails" storage="/users/ksemenenko/developer/communication/managedcode.communication.tests/bin/debug/net9.0/managedcode.communication.tests.dll" id="7adc2e63-29c5-a641-137d-0906b0776597">
      <Execution id="836d0e45-68bb-4de5-aedc-e2110df0cd3a" />
      <TestMethod codeBase="/Users/ksemenenko/Developer/Communication/ManagedCode.Communication.Tests/bin/Debug/net9.0/ManagedCode.Communication.Tests.dll" adapterTypeName="executor://xunit/VsTestRunner3/netcore/" className="ManagedCode.Communication.Tests.Results.ResultTests" name="ThrowIfFail_WithProblemException_ShouldPreserveProblemDetails" />
    </UnitTest>
    <UnitTest name="ManagedCode.Communication.Tests.Results.CollectionResultInvalidMethodsTests.CollectionResult_Invalid_ChainedValidations_ShouldWorkCorrectly" storage="/users/ksemenenko/developer/communication/managedcode.communication.tests/bin/debug/net9.0/managedcode.communication.tests.dll" id="55f056e0-84d9-ff7c-3925-1fd61c09713f">
      <Execution id="5ef8eea6-7d92-4355-9894-fdbc01b309f5" />
      <TestMethod codeBase="/Users/ksemenenko/Developer/Communication/ManagedCode.Communication.Tests/bin/Debug/net9.0/ManagedCode.Communication.Tests.dll" adapterTypeName="executor://xunit/VsTestRunner3/netcore/" className="ManagedCode.Communication.Tests.Results.CollectionResultInvalidMethodsTests" name="CollectionResult_Invalid_ChainedValidations_ShouldWorkCorrectly" />
    </UnitTest>
    <UnitTest name="ManagedCode.Communication.Tests.Results.ResultProblemExtensionsTests.ResultT_ToException_WithProblem_ReturnsProblemException" storage="/users/ksemenenko/developer/communication/managedcode.communication.tests/bin/debug/net9.0/managedcode.communication.tests.dll" id="d43ce92d-f0a0-a544-8277-58ae8fab6335">
      <Execution id="3d9e82af-52ae-45d8-ac7e-23ba418b282c" />
      <TestMethod codeBase="/Users/ksemenenko/Developer/Communication/ManagedCode.Communication.Tests/bin/Debug/net9.0/ManagedCode.Communication.Tests.dll" adapterTypeName="executor://xunit/VsTestRunner3/netcore/" className="ManagedCode.Communication.Tests.Results.ResultProblemExtensionsTests" name="ResultT_ToException_WithProblem_ReturnsProblemException" />
    </UnitTest>
    <UnitTest name="ManagedCode.Communication.Tests.Commands.MemoryCacheCommandIdempotencyStoreTests.ExecuteBatchIdempotentAsync_ExecutesMultipleOperations" storage="/users/ksemenenko/developer/communication/managedcode.communication.tests/bin/debug/net9.0/managedcode.communication.tests.dll" id="02c00597-d5c2-61bb-a2d0-217bcd4db920">
      <Execution id="04fde79f-a707-4e75-bf00-218e181fdb13" />
      <TestMethod codeBase="/Users/ksemenenko/Developer/Communication/ManagedCode.Communication.Tests/bin/Debug/net9.0/ManagedCode.Communication.Tests.dll" adapterTypeName="executor://xunit/VsTestRunner3/netcore/" className="ManagedCode.Communication.Tests.Commands.MemoryCacheCommandIdempotencyStoreTests" name="ExecuteBatchIdempotentAsync_ExecutesMultipleOperations" />
    </UnitTest>
    <UnitTest name="ManagedCode.Communication.Tests.Extensions.HttpResponseExtensionTests.FromRequestToResult_ForbiddenStatusCode_ReturnsFailedResult" storage="/users/ksemenenko/developer/communication/managedcode.communication.tests/bin/debug/net9.0/managedcode.communication.tests.dll" id="8be0565a-807a-652b-b30e-db28277dd087">
      <Execution id="20af243e-faa0-4b12-8c7a-5314a30bd3fb" />
      <TestMethod codeBase="/Users/ksemenenko/Developer/Communication/ManagedCode.Communication.Tests/bin/Debug/net9.0/ManagedCode.Communication.Tests.dll" adapterTypeName="executor://xunit/VsTestRunner3/netcore/" className="ManagedCode.Communication.Tests.Extensions.HttpResponseExtensionTests" name="FromRequestToResult_ForbiddenStatusCode_ReturnsFailedResult" />
    </UnitTest>
    <UnitTest name="ManagedCode.Communication.Tests.Results.ResultInvalidMethodsTests.Result_Invalid_WithEnumKeyValue_ShouldCreateValidationResultWithAll" storage="/users/ksemenenko/developer/communication/managedcode.communication.tests/bin/debug/net9.0/managedcode.communication.tests.dll" id="2ce5a0ce-9e3f-00a6-801c-dc294a1bcdf2">
      <Execution id="6806fb1d-a38f-460c-bce1-d90b11cdc90c" />
      <TestMethod codeBase="/Users/ksemenenko/Developer/Communication/ManagedCode.Communication.Tests/bin/Debug/net9.0/ManagedCode.Communication.Tests.dll" adapterTypeName="executor://xunit/VsTestRunner3/netcore/" className="ManagedCode.Communication.Tests.Results.ResultInvalidMethodsTests" name="Result_Invalid_WithEnumKeyValue_ShouldCreateValidationResultWithAll" />
    </UnitTest>
    <UnitTest name="ManagedCode.Communication.Tests.Results.ResultInvalidMethodsTests.Result_InvalidT_WithMessage_ShouldCreateValidationResultWithMessage" storage="/users/ksemenenko/developer/communication/managedcode.communication.tests/bin/debug/net9.0/managedcode.communication.tests.dll" id="bbf811fc-91c4-d67b-1ccb-4aee9c90b997">
      <Execution id="610357f4-24d4-4f52-af08-9ec07d4f7567" />
      <TestMethod codeBase="/Users/ksemenenko/Developer/Communication/ManagedCode.Communication.Tests/bin/Debug/net9.0/ManagedCode.Communication.Tests.dll" adapterTypeName="executor://xunit/VsTestRunner3/netcore/" className="ManagedCode.Communication.Tests.Results.ResultInvalidMethodsTests" name="Result_InvalidT_WithMessage_ShouldCreateValidationResultWithMessage" />
    </UnitTest>
    <UnitTest name="ManagedCode.Communication.Tests.Results.ResultTFailMethodsTests.ResultT_FailForbidden_WithDetail_ShouldCreateForbiddenResultWithCustomDetail" storage="/users/ksemenenko/developer/communication/managedcode.communication.tests/bin/debug/net9.0/managedcode.communication.tests.dll" id="da316600-cb2e-9486-6dab-86d50d3c1c5c">
      <Execution id="cac6f6a3-850e-4d15-9b66-811c03d70f92" />
      <TestMethod codeBase="/Users/ksemenenko/Developer/Communication/ManagedCode.Communication.Tests/bin/Debug/net9.0/ManagedCode.Communication.Tests.dll" adapterTypeName="executor://xunit/VsTestRunner3/netcore/" className="ManagedCode.Communication.Tests.Results.ResultTFailMethodsTests" name="ResultT_FailForbidden_WithDetail_ShouldCreateForbiddenResultWithCustomDetail" />
    </UnitTest>
    <UnitTest name="ManagedCode.Communication.Tests.Results.ProblemTests.FromEnum_WithDefaultStatusCode_ShouldUse400" storage="/users/ksemenenko/developer/communication/managedcode.communication.tests/bin/debug/net9.0/managedcode.communication.tests.dll" id="bc66e507-df82-f1e7-2faf-ccf42c118b92">
      <Execution id="32208e3d-550b-42a8-b8b5-5534e984f8dc" />
      <TestMethod codeBase="/Users/ksemenenko/Developer/Communication/ManagedCode.Communication.Tests/bin/Debug/net9.0/ManagedCode.Communication.Tests.dll" adapterTypeName="executor://xunit/VsTestRunner3/netcore/" className="ManagedCode.Communication.Tests.Results.ProblemTests" name="FromEnum_WithDefaultStatusCode_ShouldUse400" />
    </UnitTest>
    <UnitTest name="ManagedCode.Communication.Tests.Results.ResultFailMethodsTests.Result_FailForbidden_NoParameters_ShouldCreateForbiddenResult" storage="/users/ksemenenko/developer/communication/managedcode.communication.tests/bin/debug/net9.0/managedcode.communication.tests.dll" id="71cf5e6d-ba2a-c7c3-a763-2fcedf333a8b">
      <Execution id="0f282dc9-8cdf-4192-a2e8-be6cd3f393e2" />
      <TestMethod codeBase="/Users/ksemenenko/Developer/Communication/ManagedCode.Communication.Tests/bin/Debug/net9.0/ManagedCode.Communication.Tests.dll" adapterTypeName="executor://xunit/VsTestRunner3/netcore/" className="ManagedCode.Communication.Tests.Results.ResultFailMethodsTests" name="Result_FailForbidden_NoParameters_ShouldCreateForbiddenResult" />
    </UnitTest>
    <UnitTest name="ManagedCode.Communication.Tests.Results.ResultHelperMethodsTests.ResultT_TryGetProblem_WithFailure_ShouldReturnTrueAndProblem" storage="/users/ksemenenko/developer/communication/managedcode.communication.tests/bin/debug/net9.0/managedcode.communication.tests.dll" id="f3efdaca-9c0c-cd13-72e4-329f615be42e">
      <Execution id="3d8d89a8-076a-471c-bad3-8670c7e0d9b7" />
      <TestMethod codeBase="/Users/ksemenenko/Developer/Communication/ManagedCode.Communication.Tests/bin/Debug/net9.0/ManagedCode.Communication.Tests.dll" adapterTypeName="executor://xunit/VsTestRunner3/netcore/" className="ManagedCode.Communication.Tests.Results.ResultHelperMethodsTests" name="ResultT_TryGetProblem_WithFailure_ShouldReturnTrueAndProblem" />
    </UnitTest>
    <UnitTest name="ManagedCode.Communication.Tests.Results.ProblemTests.HasErrorCode_WithDifferentEnumType_ShouldReturnFalse" storage="/users/ksemenenko/developer/communication/managedcode.communication.tests/bin/debug/net9.0/managedcode.communication.tests.dll" id="d63e28b0-0e78-d9d5-3c31-ecad325cd7f3">
      <Execution id="30739f4a-625a-406e-a6d3-532baf85fe6e" />
      <TestMethod codeBase="/Users/ksemenenko/Developer/Communication/ManagedCode.Communication.Tests/bin/Debug/net9.0/ManagedCode.Communication.Tests.dll" adapterTypeName="executor://xunit/VsTestRunner3/netcore/" className="ManagedCode.Communication.Tests.Results.ProblemTests" name="HasErrorCode_WithDifferentEnumType_ShouldReturnFalse" />
    </UnitTest>
    <UnitTest name="ManagedCode.Communication.Tests.Results.ResultFailMethodsTests.Result_Fail_WithVariousStatusCodes_ShouldSetCorrectStatusCode(statusCode: NotFound, expectedCode: 404)" storage="/users/ksemenenko/developer/communication/managedcode.communication.tests/bin/debug/net9.0/managedcode.communication.tests.dll" id="ffe8d566-a14b-2021-ecef-4e1da940c37f">
      <Execution id="2d0341d8-7cb6-41de-9e44-2873ad0861d2" />
      <TestMethod codeBase="/Users/ksemenenko/Developer/Communication/ManagedCode.Communication.Tests/bin/Debug/net9.0/ManagedCode.Communication.Tests.dll" adapterTypeName="executor://xunit/VsTestRunner3/netcore/" className="ManagedCode.Communication.Tests.Results.ResultFailMethodsTests" name="Result_Fail_WithVariousStatusCodes_ShouldSetCorrectStatusCode" />
    </UnitTest>
    <UnitTest name="ManagedCode.Communication.Tests.Results.CollectionResultInvalidMethodsTests.CollectionResult_Invalid_NoParameters_ShouldCreateValidationResult" storage="/users/ksemenenko/developer/communication/managedcode.communication.tests/bin/debug/net9.0/managedcode.communication.tests.dll" id="b63a8c73-326f-00c0-2fb1-b6e3b569e065">
      <Execution id="b609246a-5976-43d2-8aff-ed5646819f39" />
      <TestMethod codeBase="/Users/ksemenenko/Developer/Communication/ManagedCode.Communication.Tests/bin/Debug/net9.0/ManagedCode.Communication.Tests.dll" adapterTypeName="executor://xunit/VsTestRunner3/netcore/" className="ManagedCode.Communication.Tests.Results.CollectionResultInvalidMethodsTests" name="CollectionResult_Invalid_NoParameters_ShouldCreateValidationResult" />
    </UnitTest>
    <UnitTest name="ManagedCode.Communication.Tests.ProblemTests.ProblemCreateMethodsTests.Problem_Create_WithEnumAndVariousStatusCodes_ShouldSetCorrectType(statusCode: 400, enumValue: &quot;BadRequest&quot;)" storage="/users/ksemenenko/developer/communication/managedcode.communication.tests/bin/debug/net9.0/managedcode.communication.tests.dll" id="4659e2ae-6baf-fd7c-3743-b3031d89bf4f">
      <Execution id="242bdb8d-3427-44c7-8417-4168acde3675" />
      <TestMethod codeBase="/Users/ksemenenko/Developer/Communication/ManagedCode.Communication.Tests/bin/Debug/net9.0/ManagedCode.Communication.Tests.dll" adapterTypeName="executor://xunit/VsTestRunner3/netcore/" className="ManagedCode.Communication.Tests.ProblemTests.ProblemCreateMethodsTests" name="Problem_Create_WithEnumAndVariousStatusCodes_ShouldSetCorrectType" />
    </UnitTest>
    <UnitTest name="ManagedCode.Communication.Tests.Results.ResultHelperMethodsTests.Result_From_WithException_ShouldReturnFailure" storage="/users/ksemenenko/developer/communication/managedcode.communication.tests/bin/debug/net9.0/managedcode.communication.tests.dll" id="209cac5e-e8da-6f36-97c4-1242230c6ca0">
      <Execution id="e05f32ac-4af9-43c4-b6b9-db35fe1980bf" />
      <TestMethod codeBase="/Users/ksemenenko/Developer/Communication/ManagedCode.Communication.Tests/bin/Debug/net9.0/ManagedCode.Communication.Tests.dll" adapterTypeName="executor://xunit/VsTestRunner3/netcore/" className="ManagedCode.Communication.Tests.Results.ResultHelperMethodsTests" name="Result_From_WithException_ShouldReturnFailure" />
    </UnitTest>
    <UnitTest name="ManagedCode.Communication.Tests.ControllerTests.MiddlewareTests.ValidationExceptionSginalR" storage="/users/ksemenenko/developer/communication/managedcode.communication.tests/bin/debug/net9.0/managedcode.communication.tests.dll" id="db72ec5a-0a30-2e0e-8572-ca8eef70615c">
      <Execution id="9b92529d-cd74-47cc-836c-e9bda1cbdcf4" />
      <TestMethod codeBase="/Users/ksemenenko/Developer/Communication/ManagedCode.Communication.Tests/bin/Debug/net9.0/ManagedCode.Communication.Tests.dll" adapterTypeName="executor://xunit/VsTestRunner3/netcore/" className="ManagedCode.Communication.Tests.ControllerTests.MiddlewareTests" name="ValidationExceptionSginalR" />
    </UnitTest>
    <UnitTest name="ManagedCode.Communication.Tests.ResultExtensionsTests.Tap_WithSuccessResult_ShouldExecuteAction" storage="/users/ksemenenko/developer/communication/managedcode.communication.tests/bin/debug/net9.0/managedcode.communication.tests.dll" id="0b94c3b1-6583-79b8-f011-5229f57a9249">
      <Execution id="35e7145c-52b5-40b1-8ab0-a930688dc7dc" />
      <TestMethod codeBase="/Users/ksemenenko/Developer/Communication/ManagedCode.Communication.Tests/bin/Debug/net9.0/ManagedCode.Communication.Tests.dll" adapterTypeName="executor://xunit/VsTestRunner3/netcore/" className="ManagedCode.Communication.Tests.ResultExtensionsTests" name="Tap_WithSuccessResult_ShouldExecuteAction" />
    </UnitTest>
    <UnitTest name="ManagedCode.Communication.Tests.Serialization.SerializationTests.ResultT_Failed_ShouldSerializeAndDeserialize" storage="/users/ksemenenko/developer/communication/managedcode.communication.tests/bin/debug/net9.0/managedcode.communication.tests.dll" id="033615c8-912a-fb8e-83b7-5256a7e64b58">
      <Execution id="d439c0e1-93fa-420c-880b-e958965ba9c0" />
      <TestMethod codeBase="/Users/ksemenenko/Developer/Communication/ManagedCode.Communication.Tests/bin/Debug/net9.0/ManagedCode.Communication.Tests.dll" adapterTypeName="executor://xunit/VsTestRunner3/netcore/" className="ManagedCode.Communication.Tests.Serialization.SerializationTests" name="ResultT_Failed_ShouldSerializeAndDeserialize" />
    </UnitTest>
    <UnitTest name="ManagedCode.Communication.Tests.Results.ProblemToExceptionErrorTests.ToException_WithNullDetail_ShouldUseTitle" storage="/users/ksemenenko/developer/communication/managedcode.communication.tests/bin/debug/net9.0/managedcode.communication.tests.dll" id="01c73ab9-aad9-cc26-178c-27e0b35f9583">
      <Execution id="2ccf14fe-0d77-4849-b3ef-d8b574d05ae6" />
      <TestMethod codeBase="/Users/ksemenenko/Developer/Communication/ManagedCode.Communication.Tests/bin/Debug/net9.0/ManagedCode.Communication.Tests.dll" adapterTypeName="executor://xunit/VsTestRunner3/netcore/" className="ManagedCode.Communication.Tests.Results.ProblemToExceptionErrorTests" name="ToException_WithNullDetail_ShouldUseTitle" />
    </UnitTest>
    <UnitTest name="ManagedCode.Communication.Tests.Extensions.AdvancedRailwayExtensionsTests.SwitchFirst_WithMatchingCondition_ExecutesCorrectCase" storage="/users/ksemenenko/developer/communication/managedcode.communication.tests/bin/debug/net9.0/managedcode.communication.tests.dll" id="992bdcd4-f166-3c57-0b74-60a21be4306a">
      <Execution id="98f314a3-0bd1-4445-9f35-3eea5cdf9f72" />
      <TestMethod codeBase="/Users/ksemenenko/Developer/Communication/ManagedCode.Communication.Tests/bin/Debug/net9.0/ManagedCode.Communication.Tests.dll" adapterTypeName="executor://xunit/VsTestRunner3/netcore/" className="ManagedCode.Communication.Tests.Extensions.AdvancedRailwayExtensionsTests" name="SwitchFirst_WithMatchingCondition_ExecutesCorrectCase" />
    </UnitTest>
    <UnitTest name="ManagedCode.Communication.Tests.Results.ProblemExceptionTests.IsValidationProblem_WithNonValidationProblem_ShouldReturnFalse" storage="/users/ksemenenko/developer/communication/managedcode.communication.tests/bin/debug/net9.0/managedcode.communication.tests.dll" id="b1d035f1-39f6-d499-287e-11a16120f663">
      <Execution id="166ecb14-5d8b-4a7d-955d-05c97fa00ccc" />
      <TestMethod codeBase="/Users/ksemenenko/Developer/Communication/ManagedCode.Communication.Tests/bin/Debug/net9.0/ManagedCode.Communication.Tests.dll" adapterTypeName="executor://xunit/VsTestRunner3/netcore/" className="ManagedCode.Communication.Tests.Results.ProblemExceptionTests" name="IsValidationProblem_WithNonValidationProblem_ShouldReturnFalse" />
    </UnitTest>
    <UnitTest name="ManagedCode.Communication.Tests.Results.ResultTests.ThrowIfFail_WithFailedResult_ShouldThrow" storage="/users/ksemenenko/developer/communication/managedcode.communication.tests/bin/debug/net9.0/managedcode.communication.tests.dll" id="d764fc82-375a-445d-1d29-326347c358b4">
      <Execution id="71bd450f-fdfe-48a5-aa4f-d3aa8cf669a7" />
      <TestMethod codeBase="/Users/ksemenenko/Developer/Communication/ManagedCode.Communication.Tests/bin/Debug/net9.0/ManagedCode.Communication.Tests.dll" adapterTypeName="executor://xunit/VsTestRunner3/netcore/" className="ManagedCode.Communication.Tests.Results.ResultTests" name="ThrowIfFail_WithFailedResult_ShouldThrow" />
    </UnitTest>
    <UnitTest name="ManagedCode.Communication.Tests.Results.ResultValueExecutionExtensionsTests.From_Func_Throws_ReturnsFailure" storage="/users/ksemenenko/developer/communication/managedcode.communication.tests/bin/debug/net9.0/managedcode.communication.tests.dll" id="59112ff7-cfa4-07fc-48da-58e17ef69013">
      <Execution id="7491274d-ee0d-48d9-901b-411f17d1e486" />
      <TestMethod codeBase="/Users/ksemenenko/Developer/Communication/ManagedCode.Communication.Tests/bin/Debug/net9.0/ManagedCode.Communication.Tests.dll" adapterTypeName="executor://xunit/VsTestRunner3/netcore/" className="ManagedCode.Communication.Tests.Results.ResultValueExecutionExtensionsTests" name="From_Func_Throws_ReturnsFailure" />
    </UnitTest>
    <UnitTest name="ManagedCode.Communication.Tests.CollectionResults.CollectionResultFailMethodsTests.Fail_WithTitle_ShouldCreateFailedResultWithInternalServerError" storage="/users/ksemenenko/developer/communication/managedcode.communication.tests/bin/debug/net9.0/managedcode.communication.tests.dll" id="54738bb4-b334-dcd1-6ce6-da8fdb23ce1a">
      <Execution id="adb13318-9e57-4c3d-8b9a-0407a740feae" />
      <TestMethod codeBase="/Users/ksemenenko/Developer/Communication/ManagedCode.Communication.Tests/bin/Debug/net9.0/ManagedCode.Communication.Tests.dll" adapterTypeName="executor://xunit/VsTestRunner3/netcore/" className="ManagedCode.Communication.Tests.CollectionResults.CollectionResultFailMethodsTests" name="Fail_WithTitle_ShouldCreateFailedResultWithInternalServerError" />
    </UnitTest>
    <UnitTest name="ManagedCode.Communication.Tests.AspNetCore.Extensions.CommunicationServiceCollectionExtensionsTests.CommunicationLoggerConfigurationService_WithCancellation_HandlesCancellation" storage="/users/ksemenenko/developer/communication/managedcode.communication.tests/bin/debug/net9.0/managedcode.communication.tests.dll" id="c90d3c3a-bda1-dab0-eefe-c90f9e85739f">
      <Execution id="12263921-a39d-4c7a-8047-06339248f11e" />
      <TestMethod codeBase="/Users/ksemenenko/Developer/Communication/ManagedCode.Communication.Tests/bin/Debug/net9.0/ManagedCode.Communication.Tests.dll" adapterTypeName="executor://xunit/VsTestRunner3/netcore/" className="ManagedCode.Communication.Tests.AspNetCore.Extensions.CommunicationServiceCollectionExtensionsTests" name="CommunicationLoggerConfigurationService_WithCancellation_HandlesCancellation" />
    </UnitTest>
    <UnitTest name="ManagedCode.Communication.Tests.Extensions.AdvancedRailwayExtensionsTests.FailIf_WithTrueCondition_FailsResult" storage="/users/ksemenenko/developer/communication/managedcode.communication.tests/bin/debug/net9.0/managedcode.communication.tests.dll" id="c9358ee1-e8d6-bb75-63be-5bcf05b8756e">
      <Execution id="e4171fbf-5950-4724-9d96-a6b5968991f3" />
      <TestMethod codeBase="/Users/ksemenenko/Developer/Communication/ManagedCode.Communication.Tests/bin/Debug/net9.0/ManagedCode.Communication.Tests.dll" adapterTypeName="executor://xunit/VsTestRunner3/netcore/" className="ManagedCode.Communication.Tests.Extensions.AdvancedRailwayExtensionsTests" name="FailIf_WithTrueCondition_FailsResult" />
    </UnitTest>
    <UnitTest name="ManagedCode.Communication.Tests.AspNetCore.Extensions.ControllerExtensionsTests.ToActionResult_WithVariousStatusCodes_ReturnsCorrectStatusCode(statusCode: 400, title: &quot;Bad Request&quot;)" storage="/users/ksemenenko/developer/communication/managedcode.communication.tests/bin/debug/net9.0/managedcode.communication.tests.dll" id="5b102866-ff04-b892-509a-5334bf755397">
      <Execution id="999cd692-0e73-4310-ab42-e0a38d934ce3" />
      <TestMethod codeBase="/Users/ksemenenko/Developer/Communication/ManagedCode.Communication.Tests/bin/Debug/net9.0/ManagedCode.Communication.Tests.dll" adapterTypeName="executor://xunit/VsTestRunner3/netcore/" className="ManagedCode.Communication.Tests.AspNetCore.Extensions.ControllerExtensionsTests" name="ToActionResult_WithVariousStatusCodes_ReturnsCorrectStatusCode" />
    </UnitTest>
    <UnitTest name="ManagedCode.Communication.Tests.Results.ResultInvalidMethodsTests.ResultT_Invalid_WithDictionary_ShouldCreateValidationResultWithMultipleFields" storage="/users/ksemenenko/developer/communication/managedcode.communication.tests/bin/debug/net9.0/managedcode.communication.tests.dll" id="d630ef1a-2910-8a07-c058-c24f7291ec13">
      <Execution id="f95ba4a1-c6a9-4fd2-9411-b8b9c88eff82" />
      <TestMethod codeBase="/Users/ksemenenko/Developer/Communication/ManagedCode.Communication.Tests/bin/Debug/net9.0/ManagedCode.Communication.Tests.dll" adapterTypeName="executor://xunit/VsTestRunner3/netcore/" className="ManagedCode.Communication.Tests.Results.ResultInvalidMethodsTests" name="ResultT_Invalid_WithDictionary_ShouldCreateValidationResultWithMultipleFields" />
    </UnitTest>
    <UnitTest name="ManagedCode.Communication.Tests.Results.ResultProblemExtensionsTests.ResultT_ThrowIfProblem_WithFailure_ThrowsProblemException" storage="/users/ksemenenko/developer/communication/managedcode.communication.tests/bin/debug/net9.0/managedcode.communication.tests.dll" id="2ad831eb-1891-618d-8e0f-f5e197ee7ddd">
      <Execution id="af74e9d9-b552-4849-ae72-a240f3a6d727" />
      <TestMethod codeBase="/Users/ksemenenko/Developer/Communication/ManagedCode.Communication.Tests/bin/Debug/net9.0/ManagedCode.Communication.Tests.dll" adapterTypeName="executor://xunit/VsTestRunner3/netcore/" className="ManagedCode.Communication.Tests.Results.ResultProblemExtensionsTests" name="ResultT_ThrowIfProblem_WithFailure_ThrowsProblemException" />
    </UnitTest>
    <UnitTest name="ManagedCode.Communication.Tests.Results.CollectionResultInvalidMethodsTests.CollectionResult_Invalid_WithPagination_ShouldNotHaveData" storage="/users/ksemenenko/developer/communication/managedcode.communication.tests/bin/debug/net9.0/managedcode.communication.tests.dll" id="45dc2808-38b8-8162-caa5-6792f81f1b1f">
      <Execution id="862a460d-e7f1-4fba-8f77-bce9d915f55a" />
      <TestMethod codeBase="/Users/ksemenenko/Developer/Communication/ManagedCode.Communication.Tests/bin/Debug/net9.0/ManagedCode.Communication.Tests.dll" adapterTypeName="executor://xunit/VsTestRunner3/netcore/" className="ManagedCode.Communication.Tests.Results.CollectionResultInvalidMethodsTests" name="CollectionResult_Invalid_WithPagination_ShouldNotHaveData" />
    </UnitTest>
    <UnitTest name="ManagedCode.Communication.Tests.Orleans.Serialization.CommandSerializationTests.Command_WithMinimalFields_ShouldSerializeCorrectly" storage="/users/ksemenenko/developer/communication/managedcode.communication.tests/bin/debug/net9.0/managedcode.communication.tests.dll" id="2d7f5b65-4d8c-deba-d465-b2441aaaa785">
      <Execution id="6dbfbeae-bacd-4fe3-9552-6f466d7cabe3" />
      <TestMethod codeBase="/Users/ksemenenko/Developer/Communication/ManagedCode.Communication.Tests/bin/Debug/net9.0/ManagedCode.Communication.Tests.dll" adapterTypeName="executor://xunit/VsTestRunner3/netcore/" className="ManagedCode.Communication.Tests.Orleans.Serialization.CommandSerializationTests" name="Command_WithMinimalFields_ShouldSerializeCorrectly" />
    </UnitTest>
    <UnitTest name="ManagedCode.Communication.Tests.Results.ProblemCreationExtensionsTests.ToException_FromProblem_ShouldCreateProblemException" storage="/users/ksemenenko/developer/communication/managedcode.communication.tests/bin/debug/net9.0/managedcode.communication.tests.dll" id="dcd4e476-30fd-aff0-3302-390a2e842b9d">
      <Execution id="2ce88f46-84b3-44a8-83ae-1803009c1771" />
      <TestMethod codeBase="/Users/ksemenenko/Developer/Communication/ManagedCode.Communication.Tests/bin/Debug/net9.0/ManagedCode.Communication.Tests.dll" adapterTypeName="executor://xunit/VsTestRunner3/netcore/" className="ManagedCode.Communication.Tests.Results.ProblemCreationExtensionsTests" name="ToException_FromProblem_ShouldCreateProblemException" />
    </UnitTest>
    <UnitTest name="ManagedCode.Communication.Tests.Results.ResultHelperMethodsTests.ResultT_Try_WithSuccessfulFunc_ShouldReturnSuccessWithValue" storage="/users/ksemenenko/developer/communication/managedcode.communication.tests/bin/debug/net9.0/managedcode.communication.tests.dll" id="12ea67ca-37c0-f0fd-c942-d620dd5f1649">
      <Execution id="cad3085a-dd36-46f3-99e9-5a0c2b5acba4" />
      <TestMethod codeBase="/Users/ksemenenko/Developer/Communication/ManagedCode.Communication.Tests/bin/Debug/net9.0/ManagedCode.Communication.Tests.dll" adapterTypeName="executor://xunit/VsTestRunner3/netcore/" className="ManagedCode.Communication.Tests.Results.ResultHelperMethodsTests" name="ResultT_Try_WithSuccessfulFunc_ShouldReturnSuccessWithValue" />
    </UnitTest>
    <UnitTest name="ManagedCode.Communication.Tests.Results.ResultExecutionExtensionsTests.AsTask_And_AsValueTask_RoundTripResult" storage="/users/ksemenenko/developer/communication/managedcode.communication.tests/bin/debug/net9.0/managedcode.communication.tests.dll" id="ba29df95-bf9f-060b-dbbc-73646ae65176">
      <Execution id="c1a26bfa-a015-411c-bd18-87118d3362a8" />
      <TestMethod codeBase="/Users/ksemenenko/Developer/Communication/ManagedCode.Communication.Tests/bin/Debug/net9.0/ManagedCode.Communication.Tests.dll" adapterTypeName="executor://xunit/VsTestRunner3/netcore/" className="ManagedCode.Communication.Tests.Results.ResultExecutionExtensionsTests" name="AsTask_And_AsValueTask_RoundTripResult" />
    </UnitTest>
    <UnitTest name="ManagedCode.Communication.Tests.Extensions.AdvancedRailwayExtensionsTests.DoAsync_WithSuccess_ExecutesAsyncAction" storage="/users/ksemenenko/developer/communication/managedcode.communication.tests/bin/debug/net9.0/managedcode.communication.tests.dll" id="5b8d597d-a947-799b-c752-623cf741033b">
      <Execution id="7c7bcf70-0c70-4233-b91b-abc85c754e34" />
      <TestMethod codeBase="/Users/ksemenenko/Developer/Communication/ManagedCode.Communication.Tests/bin/Debug/net9.0/ManagedCode.Communication.Tests.dll" adapterTypeName="executor://xunit/VsTestRunner3/netcore/" className="ManagedCode.Communication.Tests.Extensions.AdvancedRailwayExtensionsTests" name="DoAsync_WithSuccess_ExecutesAsyncAction" />
    </UnitTest>
    <UnitTest name="ManagedCode.Communication.Tests.Serialization.SerializationTests.Problem_WithValidationErrors_ShouldSerializeAndDeserialize" storage="/users/ksemenenko/developer/communication/managedcode.communication.tests/bin/debug/net9.0/managedcode.communication.tests.dll" id="db6ef193-8df4-e9b2-14b2-67527051d37c">
      <Execution id="66a58a2b-6ebe-4899-84f2-ab72d49769a4" />
      <TestMethod codeBase="/Users/ksemenenko/Developer/Communication/ManagedCode.Communication.Tests/bin/Debug/net9.0/ManagedCode.Communication.Tests.dll" adapterTypeName="executor://xunit/VsTestRunner3/netcore/" className="ManagedCode.Communication.Tests.Serialization.SerializationTests" name="Problem_WithValidationErrors_ShouldSerializeAndDeserialize" />
    </UnitTest>
    <UnitTest name="ManagedCode.Communication.Tests.Orleans.Serialization.ProblemSerializationTests.Problem_WithErrorCode_ShouldSerializeCorrectly" storage="/users/ksemenenko/developer/communication/managedcode.communication.tests/bin/debug/net9.0/managedcode.communication.tests.dll" id="5b87a404-d9e1-52c6-716c-3d6bfb3c059a">
      <Execution id="5622892c-e3a8-4b45-9713-93e4c698265b" />
      <TestMethod codeBase="/Users/ksemenenko/Developer/Communication/ManagedCode.Communication.Tests/bin/Debug/net9.0/ManagedCode.Communication.Tests.dll" adapterTypeName="executor://xunit/VsTestRunner3/netcore/" className="ManagedCode.Communication.Tests.Orleans.Serialization.ProblemSerializationTests" name="Problem_WithErrorCode_ShouldSerializeCorrectly" />
    </UnitTest>
    <UnitTest name="ManagedCode.Communication.Tests.Extensions.RailwayExtensionsTests.Match_SuccessfulResultT_ExecutesOnSuccessWithValue" storage="/users/ksemenenko/developer/communication/managedcode.communication.tests/bin/debug/net9.0/managedcode.communication.tests.dll" id="4d90ca4e-121b-6a9a-c432-778d267caf79">
      <Execution id="7b8cbeb4-12dd-49ee-be99-7cf1e3d98f2e" />
      <TestMethod codeBase="/Users/ksemenenko/Developer/Communication/ManagedCode.Communication.Tests/bin/Debug/net9.0/ManagedCode.Communication.Tests.dll" adapterTypeName="executor://xunit/VsTestRunner3/netcore/" className="ManagedCode.Communication.Tests.Extensions.RailwayExtensionsTests" name="Match_SuccessfulResultT_ExecutesOnSuccessWithValue" />
    </UnitTest>
    <UnitTest name="ManagedCode.Communication.Tests.Results.ResultOperatorsTests.Result_TryAsync_WithExceptionThrowingAction_ShouldReturnFailedResult" storage="/users/ksemenenko/developer/communication/managedcode.communication.tests/bin/debug/net9.0/managedcode.communication.tests.dll" id="35b5ad29-9f82-13e3-add3-97b8e7b9d94c">
      <Execution id="7fab0a7c-a104-4510-bbbc-07859c0352ac" />
      <TestMethod codeBase="/Users/ksemenenko/Developer/Communication/ManagedCode.Communication.Tests/bin/Debug/net9.0/ManagedCode.Communication.Tests.dll" adapterTypeName="executor://xunit/VsTestRunner3/netcore/" className="ManagedCode.Communication.Tests.Results.ResultOperatorsTests" name="Result_TryAsync_WithExceptionThrowingAction_ShouldReturnFailedResult" />
    </UnitTest>
    <UnitTest name="ManagedCode.Communication.Tests.Results.ResultHelperMethodsTests.Result_FailNotFound_ShouldCreateNotFoundResult" storage="/users/ksemenenko/developer/communication/managedcode.communication.tests/bin/debug/net9.0/managedcode.communication.tests.dll" id="54e77df2-c5f9-e6f4-caca-1b64d3e7ca87">
      <Execution id="0b10c66f-bdea-46c0-b47c-e254dd487fe8" />
      <TestMethod codeBase="/Users/ksemenenko/Developer/Communication/ManagedCode.Communication.Tests/bin/Debug/net9.0/ManagedCode.Communication.Tests.dll" adapterTypeName="executor://xunit/VsTestRunner3/netcore/" className="ManagedCode.Communication.Tests.Results.ResultHelperMethodsTests" name="Result_FailNotFound_ShouldCreateNotFoundResult" />
    </UnitTest>
    <UnitTest name="ManagedCode.Communication.Tests.Results.ResultTTests.From_WithFunc_ShouldExecuteAndWrapResult" storage="/users/ksemenenko/developer/communication/managedcode.communication.tests/bin/debug/net9.0/managedcode.communication.tests.dll" id="9deae48d-7055-3dbc-52b0-c16fc854726a">
      <Execution id="ccd82720-7835-4eda-bf22-1b72377e67ef" />
      <TestMethod codeBase="/Users/ksemenenko/Developer/Communication/ManagedCode.Communication.Tests/bin/Debug/net9.0/ManagedCode.Communication.Tests.dll" adapterTypeName="executor://xunit/VsTestRunner3/netcore/" className="ManagedCode.Communication.Tests.Results.ResultTTests" name="From_WithFunc_ShouldExecuteAndWrapResult" />
    </UnitTest>
    <UnitTest name="ManagedCode.Communication.Tests.Extensions.ProblemExtensionsTests.AddInvalidMessage_WithGeneralMessage_ShouldAddToGeneralErrors" storage="/users/ksemenenko/developer/communication/managedcode.communication.tests/bin/debug/net9.0/managedcode.communication.tests.dll" id="08207ca9-c0ba-e0cc-e9e6-34d7f89fcf5e">
      <Execution id="40d661e1-4966-49cb-a58b-d27ffcf11b04" />
      <TestMethod codeBase="/Users/ksemenenko/Developer/Communication/ManagedCode.Communication.Tests/bin/Debug/net9.0/ManagedCode.Communication.Tests.dll" adapterTypeName="executor://xunit/VsTestRunner3/netcore/" className="ManagedCode.Communication.Tests.Extensions.ProblemExtensionsTests" name="AddInvalidMessage_WithGeneralMessage_ShouldAddToGeneralErrors" />
    </UnitTest>
    <UnitTest name="ManagedCode.Communication.Tests.Results.ResultOperatorsTests.CollectionResult_Fail_WithEnum_ShouldCreateFailedResultWithErrorCode" storage="/users/ksemenenko/developer/communication/managedcode.communication.tests/bin/debug/net9.0/managedcode.communication.tests.dll" id="9085edc1-23da-0141-ff53-9bb481ec3c06">
      <Execution id="e96bb498-3173-4a30-a6b1-be02c69b85c1" />
      <TestMethod codeBase="/Users/ksemenenko/Developer/Communication/ManagedCode.Communication.Tests/bin/Debug/net9.0/ManagedCode.Communication.Tests.dll" adapterTypeName="executor://xunit/VsTestRunner3/netcore/" className="ManagedCode.Communication.Tests.Results.ResultOperatorsTests" name="CollectionResult_Fail_WithEnum_ShouldCreateFailedResultWithErrorCode" />
    </UnitTest>
    <UnitTest name="ManagedCode.Communication.Tests.ResultExtensionsTests.MapAsync_WithSuccessResult_ShouldTransformValueAsync" storage="/users/ksemenenko/developer/communication/managedcode.communication.tests/bin/debug/net9.0/managedcode.communication.tests.dll" id="b2b9573d-e985-c983-e346-e985217d8d09">
      <Execution id="bc4cef91-29a4-4b27-bbca-dbc6dfdaf66c" />
      <TestMethod codeBase="/Users/ksemenenko/Developer/Communication/ManagedCode.Communication.Tests/bin/Debug/net9.0/ManagedCode.Communication.Tests.dll" adapterTypeName="executor://xunit/VsTestRunner3/netcore/" className="ManagedCode.Communication.Tests.ResultExtensionsTests" name="MapAsync_WithSuccessResult_ShouldTransformValueAsync" />
    </UnitTest>
    <UnitTest name="ManagedCode.Communication.Tests.Results.RailwayOrientedProgrammingTests.Tap_WithFailure_ShouldNotExecuteSideEffect" storage="/users/ksemenenko/developer/communication/managedcode.communication.tests/bin/debug/net9.0/managedcode.communication.tests.dll" id="b6091ae6-e1ab-9599-acb3-418abc778fef">
      <Execution id="bbf88284-337b-4aeb-a467-54f320f5a850" />
      <TestMethod codeBase="/Users/ksemenenko/Developer/Communication/ManagedCode.Communication.Tests/bin/Debug/net9.0/ManagedCode.Communication.Tests.dll" adapterTypeName="executor://xunit/VsTestRunner3/netcore/" className="ManagedCode.Communication.Tests.Results.RailwayOrientedProgrammingTests" name="Tap_WithFailure_ShouldNotExecuteSideEffect" />
    </UnitTest>
    <UnitTest name="ManagedCode.Communication.Tests.Orleans.Serialization.ProblemSerializationTests.Problem_StandardTypes_ShouldSerializeCorrectly" storage="/users/ksemenenko/developer/communication/managedcode.communication.tests/bin/debug/net9.0/managedcode.communication.tests.dll" id="fd0cdcec-1fac-f49f-a746-4772ac5928f9">
      <Execution id="4de96cc4-345a-41a6-8246-c07970ae7e9f" />
      <TestMethod codeBase="/Users/ksemenenko/Developer/Communication/ManagedCode.Communication.Tests/bin/Debug/net9.0/ManagedCode.Communication.Tests.dll" adapterTypeName="executor://xunit/VsTestRunner3/netcore/" className="ManagedCode.Communication.Tests.Orleans.Serialization.ProblemSerializationTests" name="Problem_StandardTypes_ShouldSerializeCorrectly" />
    </UnitTest>
    <UnitTest name="ManagedCode.Communication.Tests.ResultExtensionsTests.Map_WithSuccessResult_ShouldTransformValue" storage="/users/ksemenenko/developer/communication/managedcode.communication.tests/bin/debug/net9.0/managedcode.communication.tests.dll" id="34988729-7075-661c-e9b3-1244d66c21c5">
      <Execution id="8453959d-d2a7-4b05-8ee4-7491618adcee" />
      <TestMethod codeBase="/Users/ksemenenko/Developer/Communication/ManagedCode.Communication.Tests/bin/Debug/net9.0/ManagedCode.Communication.Tests.dll" adapterTypeName="executor://xunit/VsTestRunner3/netcore/" className="ManagedCode.Communication.Tests.ResultExtensionsTests" name="Map_WithSuccessResult_ShouldTransformValue" />
    </UnitTest>
    <UnitTest name="ManagedCode.Communication.Tests.Results.ResultTFailMethodsTests.ResultT_FailUnauthorized_NoParameters_ShouldCreateUnauthorizedResult" storage="/users/ksemenenko/developer/communication/managedcode.communication.tests/bin/debug/net9.0/managedcode.communication.tests.dll" id="c4d29875-feb5-a7dc-a76f-80d1469f6e29">
      <Execution id="788f0c70-bc5a-4d09-ab9e-dcca2527fa98" />
      <TestMethod codeBase="/Users/ksemenenko/Developer/Communication/ManagedCode.Communication.Tests/bin/Debug/net9.0/ManagedCode.Communication.Tests.dll" adapterTypeName="executor://xunit/VsTestRunner3/netcore/" className="ManagedCode.Communication.Tests.Results.ResultTFailMethodsTests" name="ResultT_FailUnauthorized_NoParameters_ShouldCreateUnauthorizedResult" />
    </UnitTest>
    <UnitTest name="ManagedCode.Communication.Tests.Extensions.AdvancedRailwayExtensionsTests.ParallelValidation_CollectsAllErrors" storage="/users/ksemenenko/developer/communication/managedcode.communication.tests/bin/debug/net9.0/managedcode.communication.tests.dll" id="79aef7de-738f-b2d7-91f6-bab93a12a8cc">
      <Execution id="57150bad-9439-40be-bf21-5a2619b8616d" />
      <TestMethod codeBase="/Users/ksemenenko/Developer/Communication/ManagedCode.Communication.Tests/bin/Debug/net9.0/ManagedCode.Communication.Tests.dll" adapterTypeName="executor://xunit/VsTestRunner3/netcore/" className="ManagedCode.Communication.Tests.Extensions.AdvancedRailwayExtensionsTests" name="ParallelValidation_CollectsAllErrors" />
    </UnitTest>
    <UnitTest name="ManagedCode.Communication.Tests.Results.ProblemCreationExtensionsTests.ToException_PreservesAllProblemDetails" storage="/users/ksemenenko/developer/communication/managedcode.communication.tests/bin/debug/net9.0/managedcode.communication.tests.dll" id="bf056b60-1220-93fe-f132-4710dd020797">
      <Execution id="e1c4c6db-3ef3-46ed-be6d-b4eeb10f6532" />
      <TestMethod codeBase="/Users/ksemenenko/Developer/Communication/ManagedCode.Communication.Tests/bin/Debug/net9.0/ManagedCode.Communication.Tests.dll" adapterTypeName="executor://xunit/VsTestRunner3/netcore/" className="ManagedCode.Communication.Tests.Results.ProblemCreationExtensionsTests" name="ToException_PreservesAllProblemDetails" />
    </UnitTest>
    <UnitTest name="ManagedCode.Communication.Tests.Commands.MemoryCacheCommandIdempotencyStoreTests.TrySetCommandStatusAsync_WhenExpectedDoesNotMatch_DoesNotSetStatusAndReturnsFalse" storage="/users/ksemenenko/developer/communication/managedcode.communication.tests/bin/debug/net9.0/managedcode.communication.tests.dll" id="47fffb6e-2cd3-bf3d-b66e-3e7091161523">
      <Execution id="851fe44f-1cc8-457b-8a33-5b167e1061e6" />
      <TestMethod codeBase="/Users/ksemenenko/Developer/Communication/ManagedCode.Communication.Tests/bin/Debug/net9.0/ManagedCode.Communication.Tests.dll" adapterTypeName="executor://xunit/VsTestRunner3/netcore/" className="ManagedCode.Communication.Tests.Commands.MemoryCacheCommandIdempotencyStoreTests" name="TrySetCommandStatusAsync_WhenExpectedDoesNotMatch_DoesNotSetStatusAndReturnsFalse" />
    </UnitTest>
    <UnitTest name="ManagedCode.Communication.Tests.Results.ResultTFailMethodsTests.ResultT_FailUnauthorized_WithDetail_ShouldCreateUnauthorizedResultWithCustomDetail" storage="/users/ksemenenko/developer/communication/managedcode.communication.tests/bin/debug/net9.0/managedcode.communication.tests.dll" id="749bbee2-7b84-79fe-48ac-a4a2d51ee66d">
      <Execution id="e7870d05-f073-4d66-95ea-965b44b69b17" />
      <TestMethod codeBase="/Users/ksemenenko/Developer/Communication/ManagedCode.Communication.Tests/bin/Debug/net9.0/ManagedCode.Communication.Tests.dll" adapterTypeName="executor://xunit/VsTestRunner3/netcore/" className="ManagedCode.Communication.Tests.Results.ResultTFailMethodsTests" name="ResultT_FailUnauthorized_WithDetail_ShouldCreateUnauthorizedResultWithCustomDetail" />
    </UnitTest>
    <UnitTest name="ManagedCode.Communication.Tests.AspNetCore.Extensions.ControllerExtensionsTests.ToHttpResult_WithSuccessResult_ReturnsOkResult" storage="/users/ksemenenko/developer/communication/managedcode.communication.tests/bin/debug/net9.0/managedcode.communication.tests.dll" id="09a23f90-ebf0-0444-a58c-9c7e3ea1e9e8">
      <Execution id="42062dd5-41ef-4014-a5a3-a1d51e48b2ae" />
      <TestMethod codeBase="/Users/ksemenenko/Developer/Communication/ManagedCode.Communication.Tests/bin/Debug/net9.0/ManagedCode.Communication.Tests.dll" adapterTypeName="executor://xunit/VsTestRunner3/netcore/" className="ManagedCode.Communication.Tests.AspNetCore.Extensions.ControllerExtensionsTests" name="ToHttpResult_WithSuccessResult_ReturnsOkResult" />
    </UnitTest>
    <UnitTest name="ManagedCode.Communication.Tests.Results.ProblemExceptionTests.Constructor_WithProblemExtensions_ShouldPopulateData" storage="/users/ksemenenko/developer/communication/managedcode.communication.tests/bin/debug/net9.0/managedcode.communication.tests.dll" id="1ab63018-a64d-cabf-0b10-e57cb940fb84">
      <Execution id="5f563f55-08d4-434d-bb23-558146f99ab2" />
      <TestMethod codeBase="/Users/ksemenenko/Developer/Communication/ManagedCode.Communication.Tests/bin/Debug/net9.0/ManagedCode.Communication.Tests.dll" adapterTypeName="executor://xunit/VsTestRunner3/netcore/" className="ManagedCode.Communication.Tests.Results.ProblemExceptionTests" name="Constructor_WithProblemExtensions_ShouldPopulateData" />
    </UnitTest>
    <UnitTest name="ManagedCode.Communication.Tests.Extensions.HttpResponseExtensionTests.FromJsonToResult_EmptyContent_WithErrorStatus_ReturnsFailedResult" storage="/users/ksemenenko/developer/communication/managedcode.communication.tests/bin/debug/net9.0/managedcode.communication.tests.dll" id="d48b6f70-4c0f-8a1e-1ca8-45b3563283e1">
      <Execution id="65e391aa-9b60-491e-b9cd-bde513d420a7" />
      <TestMethod codeBase="/Users/ksemenenko/Developer/Communication/ManagedCode.Communication.Tests/bin/Debug/net9.0/ManagedCode.Communication.Tests.dll" adapterTypeName="executor://xunit/VsTestRunner3/netcore/" className="ManagedCode.Communication.Tests.Extensions.HttpResponseExtensionTests" name="FromJsonToResult_EmptyContent_WithErrorStatus_ReturnsFailedResult" />
    </UnitTest>
    <UnitTest name="ManagedCode.Communication.Tests.Results.ResultTFailMethodsTests.ResultT_Fail_WithTitle_ShouldCreateFailedResultWithInternalServerError" storage="/users/ksemenenko/developer/communication/managedcode.communication.tests/bin/debug/net9.0/managedcode.communication.tests.dll" id="7c1ef6a2-586b-711e-f03d-e05f7b31ffe1">
      <Execution id="8d805096-6f51-4a5d-9ed6-8f4b8042962a" />
      <TestMethod codeBase="/Users/ksemenenko/Developer/Communication/ManagedCode.Communication.Tests/bin/Debug/net9.0/ManagedCode.Communication.Tests.dll" adapterTypeName="executor://xunit/VsTestRunner3/netcore/" className="ManagedCode.Communication.Tests.Results.ResultTFailMethodsTests" name="ResultT_Fail_WithTitle_ShouldCreateFailedResultWithInternalServerError" />
    </UnitTest>
    <UnitTest name="ManagedCode.Communication.Tests.CollectionResults.CollectionResultFromMethodsTests.From_RecursiveDataStructure_ShouldHandleCorrectly" storage="/users/ksemenenko/developer/communication/managedcode.communication.tests/bin/debug/net9.0/managedcode.communication.tests.dll" id="bc0f94a4-fa61-220d-0abf-7116eecf9e5e">
      <Execution id="72f7a815-abd0-4cff-aadd-786a6da10d71" />
      <TestMethod codeBase="/Users/ksemenenko/Developer/Communication/ManagedCode.Communication.Tests/bin/Debug/net9.0/ManagedCode.Communication.Tests.dll" adapterTypeName="executor://xunit/VsTestRunner3/netcore/" className="ManagedCode.Communication.Tests.CollectionResults.CollectionResultFromMethodsTests" name="From_RecursiveDataStructure_ShouldHandleCorrectly" />
    </UnitTest>
    <UnitTest name="ManagedCode.Communication.Tests.AspNetCore.Extensions.ControllerExtensionsTests.ToHttpResult_NonGenericWithNoProblem_ReturnsDefaultError" storage="/users/ksemenenko/developer/communication/managedcode.communication.tests/bin/debug/net9.0/managedcode.communication.tests.dll" id="3bcb1cdf-7832-8f7e-bea2-80e63571b788">
      <Execution id="25c1af65-30f7-4fcd-91fe-49f14184e5ac" />
      <TestMethod codeBase="/Users/ksemenenko/Developer/Communication/ManagedCode.Communication.Tests/bin/Debug/net9.0/ManagedCode.Communication.Tests.dll" adapterTypeName="executor://xunit/VsTestRunner3/netcore/" className="ManagedCode.Communication.Tests.AspNetCore.Extensions.ControllerExtensionsTests" name="ToHttpResult_NonGenericWithNoProblem_ReturnsDefaultError" />
    </UnitTest>
    <UnitTest name="ManagedCode.Communication.Tests.Results.RailwayOrientedProgrammingTests.Bind_WithFailure_ShouldShortCircuit" storage="/users/ksemenenko/developer/communication/managedcode.communication.tests/bin/debug/net9.0/managedcode.communication.tests.dll" id="3e2872b7-fb01-c386-1343-80b94b20e5b0">
      <Execution id="19f3c3a3-14a2-47dd-a836-4dcb73428438" />
      <TestMethod codeBase="/Users/ksemenenko/Developer/Communication/ManagedCode.Communication.Tests/bin/Debug/net9.0/ManagedCode.Communication.Tests.dll" adapterTypeName="executor://xunit/VsTestRunner3/netcore/" className="ManagedCode.Communication.Tests.Results.RailwayOrientedProgrammingTests" name="Bind_WithFailure_ShouldShortCircuit" />
    </UnitTest>
    <UnitTest name="ManagedCode.Communication.Tests.ResultExtensionsTests.MatchAction_ShouldExecuteCorrectBranch" storage="/users/ksemenenko/developer/communication/managedcode.communication.tests/bin/debug/net9.0/managedcode.communication.tests.dll" id="c22fbcae-e56f-74cd-4c5d-3486d7aca0e3">
      <Execution id="1595e755-792d-4010-a563-371aa7e4d4ec" />
      <TestMethod codeBase="/Users/ksemenenko/Developer/Communication/ManagedCode.Communication.Tests/bin/Debug/net9.0/ManagedCode.Communication.Tests.dll" adapterTypeName="executor://xunit/VsTestRunner3/netcore/" className="ManagedCode.Communication.Tests.ResultExtensionsTests" name="MatchAction_ShouldExecuteCorrectBranch" />
    </UnitTest>
    <UnitTest name="ManagedCode.Communication.Tests.Results.ResultOperatorsTests.ResultT_From_WithExceptionThrowingFunc_ShouldReturnFailedResult" storage="/users/ksemenenko/developer/communication/managedcode.communication.tests/bin/debug/net9.0/managedcode.communication.tests.dll" id="3a23b277-a9a6-16d5-edba-7bdc7179741c">
      <Execution id="0148133f-6724-4635-bccd-35459160c255" />
      <TestMethod codeBase="/Users/ksemenenko/Developer/Communication/ManagedCode.Communication.Tests/bin/Debug/net9.0/ManagedCode.Communication.Tests.dll" adapterTypeName="executor://xunit/VsTestRunner3/netcore/" className="ManagedCode.Communication.Tests.Results.ResultOperatorsTests" name="ResultT_From_WithExceptionThrowingFunc_ShouldReturnFailedResult" />
    </UnitTest>
    <UnitTest name="ManagedCode.Communication.Tests.Results.ProblemExceptionTests.Constructor_WithInnerException_ShouldCreateProblemFromException" storage="/users/ksemenenko/developer/communication/managedcode.communication.tests/bin/debug/net9.0/managedcode.communication.tests.dll" id="f033dff5-3005-c649-45d7-638d675d115a">
      <Execution id="3b3fd798-c12e-4100-a62f-0fc2bcaf2ea1" />
      <TestMethod codeBase="/Users/ksemenenko/Developer/Communication/ManagedCode.Communication.Tests/bin/Debug/net9.0/ManagedCode.Communication.Tests.dll" adapterTypeName="executor://xunit/VsTestRunner3/netcore/" className="ManagedCode.Communication.Tests.Results.ProblemExceptionTests" name="Constructor_WithInnerException_ShouldCreateProblemFromException" />
    </UnitTest>
    <UnitTest name="ManagedCode.Communication.Tests.Extensions.RailwayExtensionsTests.Tap_SuccessfulResultT_ExecutesActionWithValue" storage="/users/ksemenenko/developer/communication/managedcode.communication.tests/bin/debug/net9.0/managedcode.communication.tests.dll" id="cb7fb629-ff05-f9fd-40f3-26fe636dd5c1">
      <Execution id="a70bc30d-eca1-4ab4-b1e9-8eb26420b3da" />
      <TestMethod codeBase="/Users/ksemenenko/Developer/Communication/ManagedCode.Communication.Tests/bin/Debug/net9.0/ManagedCode.Communication.Tests.dll" adapterTypeName="executor://xunit/VsTestRunner3/netcore/" className="ManagedCode.Communication.Tests.Extensions.RailwayExtensionsTests" name="Tap_SuccessfulResultT_ExecutesActionWithValue" />
    </UnitTest>
    <UnitTest name="ManagedCode.Communication.Tests.Results.ResultValueExecutionExtensionsTests.From_FuncTaskReturningResult_Exception" storage="/users/ksemenenko/developer/communication/managedcode.communication.tests/bin/debug/net9.0/managedcode.communication.tests.dll" id="607d2682-fccb-b78d-2cc8-c3d7b014ca00">
      <Execution id="56951d10-8947-4de9-ac4f-0e1b5a42b29b" />
      <TestMethod codeBase="/Users/ksemenenko/Developer/Communication/ManagedCode.Communication.Tests/bin/Debug/net9.0/ManagedCode.Communication.Tests.dll" adapterTypeName="executor://xunit/VsTestRunner3/netcore/" className="ManagedCode.Communication.Tests.Results.ResultValueExecutionExtensionsTests" name="From_FuncTaskReturningResult_Exception" />
    </UnitTest>
    <UnitTest name="ManagedCode.Communication.Tests.Orleans.OrleansSerializationTests.ErrorHandling_ValidationErrors_ShouldSerializeCorrectly" storage="/users/ksemenenko/developer/communication/managedcode.communication.tests/bin/debug/net9.0/managedcode.communication.tests.dll" id="77aaea21-e151-49fb-b25c-62821a330697">
      <Execution id="53997b45-1650-4fc0-a4c8-e50d6e175882" />
      <TestMethod codeBase="/Users/ksemenenko/Developer/Communication/ManagedCode.Communication.Tests/bin/Debug/net9.0/ManagedCode.Communication.Tests.dll" adapterTypeName="executor://xunit/VsTestRunner3/netcore/" className="ManagedCode.Communication.Tests.Orleans.OrleansSerializationTests" name="ErrorHandling_ValidationErrors_ShouldSerializeCorrectly" />
    </UnitTest>
    <UnitTest name="ManagedCode.Communication.Tests.Results.ResultTFailMethodsTests.ResultT_Fail_WithInnerException_ShouldPreserveExceptionInfo" storage="/users/ksemenenko/developer/communication/managedcode.communication.tests/bin/debug/net9.0/managedcode.communication.tests.dll" id="4f92ecc3-fdbf-d569-57b7-f3dc0bc79390">
      <Execution id="5de1b65a-b2b4-402d-8feb-8e33e9007277" />
      <TestMethod codeBase="/Users/ksemenenko/Developer/Communication/ManagedCode.Communication.Tests/bin/Debug/net9.0/ManagedCode.Communication.Tests.dll" adapterTypeName="executor://xunit/VsTestRunner3/netcore/" className="ManagedCode.Communication.Tests.Results.ResultTFailMethodsTests" name="ResultT_Fail_WithInnerException_ShouldPreserveExceptionInfo" />
    </UnitTest>
    <UnitTest name="ManagedCode.Communication.Tests.Commands.MemoryCacheCommandIdempotencyStoreTests.SetCommandStatusAsync_SetsStatus" storage="/users/ksemenenko/developer/communication/managedcode.communication.tests/bin/debug/net9.0/managedcode.communication.tests.dll" id="46e12d3a-8ba6-61ba-0ad5-33aaf363f745">
      <Execution id="be370e84-5032-4548-a4ea-ae381cb80865" />
      <TestMethod codeBase="/Users/ksemenenko/Developer/Communication/ManagedCode.Communication.Tests/bin/Debug/net9.0/ManagedCode.Communication.Tests.dll" adapterTypeName="executor://xunit/VsTestRunner3/netcore/" className="ManagedCode.Communication.Tests.Commands.MemoryCacheCommandIdempotencyStoreTests" name="SetCommandStatusAsync_SetsStatus" />
    </UnitTest>
    <UnitTest name="ManagedCode.Communication.Tests.Orleans.Serialization.CollectionResultSerializationTests.CollectionResult_WithProblem_ShouldSerializeCorrectly" storage="/users/ksemenenko/developer/communication/managedcode.communication.tests/bin/debug/net9.0/managedcode.communication.tests.dll" id="ebb85f49-d557-5a6a-c90c-63121ba0873d">
      <Execution id="d9f0f928-44ba-4869-b7ce-9668c740a7a1" />
      <TestMethod codeBase="/Users/ksemenenko/Developer/Communication/ManagedCode.Communication.Tests/bin/Debug/net9.0/ManagedCode.Communication.Tests.dll" adapterTypeName="executor://xunit/VsTestRunner3/netcore/" className="ManagedCode.Communication.Tests.Orleans.Serialization.CollectionResultSerializationTests" name="CollectionResult_WithProblem_ShouldSerializeCorrectly" />
    </UnitTest>
    <UnitTest name="ManagedCode.Communication.Tests.Extensions.RailwayExtensionsTests.Map_SuccessfulResult_TransformsValue" storage="/users/ksemenenko/developer/communication/managedcode.communication.tests/bin/debug/net9.0/managedcode.communication.tests.dll" id="c3fca266-07d5-2c9c-f6ed-16da0ae11db3">
      <Execution id="44087814-d1cf-490d-b005-38d0159d9ac6" />
      <TestMethod codeBase="/Users/ksemenenko/Developer/Communication/ManagedCode.Communication.Tests/bin/Debug/net9.0/ManagedCode.Communication.Tests.dll" adapterTypeName="executor://xunit/VsTestRunner3/netcore/" className="ManagedCode.Communication.Tests.Extensions.RailwayExtensionsTests" name="Map_SuccessfulResult_TransformsValue" />
    </UnitTest>
    <UnitTest name="ManagedCode.Communication.Tests.Results.ResultTTests.Fail_WithMessage_ShouldCreateFailedResult" storage="/users/ksemenenko/developer/communication/managedcode.communication.tests/bin/debug/net9.0/managedcode.communication.tests.dll" id="74d935d3-9bac-ca17-d821-b5657be316bf">
      <Execution id="1265e073-0b0b-4b83-ad59-0cdfd9faa365" />
      <TestMethod codeBase="/Users/ksemenenko/Developer/Communication/ManagedCode.Communication.Tests/bin/Debug/net9.0/ManagedCode.Communication.Tests.dll" adapterTypeName="executor://xunit/VsTestRunner3/netcore/" className="ManagedCode.Communication.Tests.Results.ResultTTests" name="Fail_WithMessage_ShouldCreateFailedResult" />
    </UnitTest>
    <UnitTest name="ManagedCode.Communication.Tests.Extensions.RailwayExtensionsTests.Tap_SuccessfulResult_ExecutesAction" storage="/users/ksemenenko/developer/communication/managedcode.communication.tests/bin/debug/net9.0/managedcode.communication.tests.dll" id="80b773b9-f50d-d39a-b57c-a8373446bf0a">
      <Execution id="9777fe8d-8cf6-4b3e-86d5-af89e17fb0e6" />
      <TestMethod codeBase="/Users/ksemenenko/Developer/Communication/ManagedCode.Communication.Tests/bin/Debug/net9.0/ManagedCode.Communication.Tests.dll" adapterTypeName="executor://xunit/VsTestRunner3/netcore/" className="ManagedCode.Communication.Tests.Extensions.RailwayExtensionsTests" name="Tap_SuccessfulResult_ExecutesAction" />
    </UnitTest>
    <UnitTest name="ManagedCode.Communication.Tests.AspNetCore.Extensions.CommunicationServiceCollectionExtensionsTests.AddCommunicationAspNetCore_WithLoggerFactory_ReturnsServiceCollection" storage="/users/ksemenenko/developer/communication/managedcode.communication.tests/bin/debug/net9.0/managedcode.communication.tests.dll" id="9f8aa001-f958-be2d-3226-fc565fd3e92a">
      <Execution id="40db5fa1-fe51-4100-a6b1-75e33a1642ea" />
      <TestMethod codeBase="/Users/ksemenenko/Developer/Communication/ManagedCode.Communication.Tests/bin/Debug/net9.0/ManagedCode.Communication.Tests.dll" adapterTypeName="executor://xunit/VsTestRunner3/netcore/" className="ManagedCode.Communication.Tests.AspNetCore.Extensions.CommunicationServiceCollectionExtensionsTests" name="AddCommunicationAspNetCore_WithLoggerFactory_ReturnsServiceCollection" />
    </UnitTest>
    <UnitTest name="ManagedCode.Communication.Tests.Results.ResultInvalidMethodsTests.ResultT_Invalid_WithEnum_ShouldCreateValidationResultWithErrorCode" storage="/users/ksemenenko/developer/communication/managedcode.communication.tests/bin/debug/net9.0/managedcode.communication.tests.dll" id="a5e59568-9809-0546-2c2c-c87f9fc098c3">
      <Execution id="f9e0ac41-21d9-4690-9060-acdad7abde11" />
      <TestMethod codeBase="/Users/ksemenenko/Developer/Communication/ManagedCode.Communication.Tests/bin/Debug/net9.0/ManagedCode.Communication.Tests.dll" adapterTypeName="executor://xunit/VsTestRunner3/netcore/" className="ManagedCode.Communication.Tests.Results.ResultInvalidMethodsTests" name="ResultT_Invalid_WithEnum_ShouldCreateValidationResultWithErrorCode" />
    </UnitTest>
    <UnitTest name="ManagedCode.Communication.Tests.AspNetCore.Extensions.ServiceCollectionExtensionsTests.Communication_Should_Handle_Valid_Model_Validation" storage="/users/ksemenenko/developer/communication/managedcode.communication.tests/bin/debug/net9.0/managedcode.communication.tests.dll" id="f76203f6-f127-113c-5b07-212839a96b73">
      <Execution id="4886eb42-09f0-4a0c-9fe7-d047bb24c764" />
      <TestMethod codeBase="/Users/ksemenenko/Developer/Communication/ManagedCode.Communication.Tests/bin/Debug/net9.0/ManagedCode.Communication.Tests.dll" adapterTypeName="executor://xunit/VsTestRunner3/netcore/" className="ManagedCode.Communication.Tests.AspNetCore.Extensions.ServiceCollectionExtensionsTests" name="Communication_Should_Handle_Valid_Model_Validation" />
    </UnitTest>
    <UnitTest name="ManagedCode.Communication.Tests.Results.ResultTFailMethodsTests.ResultT_FailValidation_WithSingleError_ShouldCreateValidationFailedResult" storage="/users/ksemenenko/developer/communication/managedcode.communication.tests/bin/debug/net9.0/managedcode.communication.tests.dll" id="7c024d4b-1985-e15e-210c-918bbaab85d2">
      <Execution id="285bf8f1-78d9-4423-98c8-e4eecba97973" />
      <TestMethod codeBase="/Users/ksemenenko/Developer/Communication/ManagedCode.Communication.Tests/bin/Debug/net9.0/ManagedCode.Communication.Tests.dll" adapterTypeName="executor://xunit/VsTestRunner3/netcore/" className="ManagedCode.Communication.Tests.Results.ResultTFailMethodsTests" name="ResultT_FailValidation_WithSingleError_ShouldCreateValidationFailedResult" />
    </UnitTest>
    <UnitTest name="ManagedCode.Communication.Tests.Results.ResultTTests.ThrowIfFail_WithValidationFailure_ShouldThrowWithValidationDetails" storage="/users/ksemenenko/developer/communication/managedcode.communication.tests/bin/debug/net9.0/managedcode.communication.tests.dll" id="4bf554c3-e002-54a1-f4f4-8a2759f993cd">
      <Execution id="b880db6d-896a-4ac9-b9fd-72f148f9f037" />
      <TestMethod codeBase="/Users/ksemenenko/Developer/Communication/ManagedCode.Communication.Tests/bin/Debug/net9.0/ManagedCode.Communication.Tests.dll" adapterTypeName="executor://xunit/VsTestRunner3/netcore/" className="ManagedCode.Communication.Tests.Results.ResultTTests" name="ThrowIfFail_WithValidationFailure_ShouldThrowWithValidationDetails" />
    </UnitTest>
    <UnitTest name="ManagedCode.Communication.Tests.Commands.MemoryCacheCommandIdempotencyStoreTests.ExecuteIdempotentAsync_WhenOperationFails_MarksCommandAsFailedAndRethrowsException" storage="/users/ksemenenko/developer/communication/managedcode.communication.tests/bin/debug/net9.0/managedcode.communication.tests.dll" id="ef0bb53c-de3f-61a0-57cc-23df101fc50c">
      <Execution id="06931d2a-4d28-4908-aa14-2caef339b54c" />
      <TestMethod codeBase="/Users/ksemenenko/Developer/Communication/ManagedCode.Communication.Tests/bin/Debug/net9.0/ManagedCode.Communication.Tests.dll" adapterTypeName="executor://xunit/VsTestRunner3/netcore/" className="ManagedCode.Communication.Tests.Commands.MemoryCacheCommandIdempotencyStoreTests" name="ExecuteIdempotentAsync_WhenOperationFails_MarksCommandAsFailedAndRethrowsException" />
    </UnitTest>
    <UnitTest name="ManagedCode.Communication.Tests.Results.CollectionResultInvalidMethodsTests.CollectionResult_Invalid_WithDictionary_ShouldCreateValidationResultWithAllErrors" storage="/users/ksemenenko/developer/communication/managedcode.communication.tests/bin/debug/net9.0/managedcode.communication.tests.dll" id="9b1f8110-ea93-e02f-1655-61606e4aebd0">
      <Execution id="ece45df8-901c-49cb-a8f2-b6cf762fa333" />
      <TestMethod codeBase="/Users/ksemenenko/Developer/Communication/ManagedCode.Communication.Tests/bin/Debug/net9.0/ManagedCode.Communication.Tests.dll" adapterTypeName="executor://xunit/VsTestRunner3/netcore/" className="ManagedCode.Communication.Tests.Results.CollectionResultInvalidMethodsTests" name="CollectionResult_Invalid_WithDictionary_ShouldCreateValidationResultWithAllErrors" />
    </UnitTest>
    <UnitTest name="ManagedCode.Communication.Tests.Results.ResultTFailMethodsTests.ResultT_Fail_WithEnumAndDetail_ShouldCreateFailedResultWithErrorCodeAndDetail" storage="/users/ksemenenko/developer/communication/managedcode.communication.tests/bin/debug/net9.0/managedcode.communication.tests.dll" id="d6db3fca-97bb-20d9-cf3b-d05f44f87938">
      <Execution id="21d799de-dcf2-4058-b6bc-8b2de430cd5c" />
      <TestMethod codeBase="/Users/ksemenenko/Developer/Communication/ManagedCode.Communication.Tests/bin/Debug/net9.0/ManagedCode.Communication.Tests.dll" adapterTypeName="executor://xunit/VsTestRunner3/netcore/" className="ManagedCode.Communication.Tests.Results.ResultTFailMethodsTests" name="ResultT_Fail_WithEnumAndDetail_ShouldCreateFailedResultWithErrorCodeAndDetail" />
    </UnitTest>
    <UnitTest name="ManagedCode.Communication.Tests.Results.ResultHelperMethodsTests.ResultT_Try_WithException_ShouldReturnFailure" storage="/users/ksemenenko/developer/communication/managedcode.communication.tests/bin/debug/net9.0/managedcode.communication.tests.dll" id="9bb7a7e9-f04f-a8a6-8961-152ae79c986e">
      <Execution id="8b32c1cb-7358-4b82-95ab-ceb00b4bcfa0" />
      <TestMethod codeBase="/Users/ksemenenko/Developer/Communication/ManagedCode.Communication.Tests/bin/Debug/net9.0/ManagedCode.Communication.Tests.dll" adapterTypeName="executor://xunit/VsTestRunner3/netcore/" className="ManagedCode.Communication.Tests.Results.ResultHelperMethodsTests" name="ResultT_Try_WithException_ShouldReturnFailure" />
    </UnitTest>
    <UnitTest name="ManagedCode.Communication.Tests.Results.ResultExecutionExtensionsTests.From_Task_CompletedTask_ReturnsSuccess" storage="/users/ksemenenko/developer/communication/managedcode.communication.tests/bin/debug/net9.0/managedcode.communication.tests.dll" id="0d9689c8-1e54-3310-2b38-053c537c9f58">
      <Execution id="982a62ab-f810-4566-90c3-e2d5cf839691" />
      <TestMethod codeBase="/Users/ksemenenko/Developer/Communication/ManagedCode.Communication.Tests/bin/Debug/net9.0/ManagedCode.Communication.Tests.dll" adapterTypeName="executor://xunit/VsTestRunner3/netcore/" className="ManagedCode.Communication.Tests.Results.ResultExecutionExtensionsTests" name="From_Task_CompletedTask_ReturnsSuccess" />
    </UnitTest>
    <UnitTest name="ManagedCode.Communication.Tests.Extensions.AdvancedRailwayExtensionsTests.Check_WithException_ReturnsFailure" storage="/users/ksemenenko/developer/communication/managedcode.communication.tests/bin/debug/net9.0/managedcode.communication.tests.dll" id="31bbfad4-620c-0f60-3fd5-d9cbacc26d24">
      <Execution id="9756d920-76d1-49bf-a23d-8539b18e0b9a" />
      <TestMethod codeBase="/Users/ksemenenko/Developer/Communication/ManagedCode.Communication.Tests/bin/Debug/net9.0/ManagedCode.Communication.Tests.dll" adapterTypeName="executor://xunit/VsTestRunner3/netcore/" className="ManagedCode.Communication.Tests.Extensions.AdvancedRailwayExtensionsTests" name="Check_WithException_ReturnsFailure" />
    </UnitTest>
    <UnitTest name="ManagedCode.Communication.Tests.Results.CollectionResultTests.Succeed_WithEnumerableOnly_ShouldCalculatePagingInfo" storage="/users/ksemenenko/developer/communication/managedcode.communication.tests/bin/debug/net9.0/managedcode.communication.tests.dll" id="8d46a340-0ed0-b99b-ffa5-9396c082f226">
      <Execution id="8d9c10a6-51e6-41cc-bd1f-904917613f15" />
      <TestMethod codeBase="/Users/ksemenenko/Developer/Communication/ManagedCode.Communication.Tests/bin/Debug/net9.0/ManagedCode.Communication.Tests.dll" adapterTypeName="executor://xunit/VsTestRunner3/netcore/" className="ManagedCode.Communication.Tests.Results.CollectionResultTests" name="Succeed_WithEnumerableOnly_ShouldCalculatePagingInfo" />
    </UnitTest>
    <UnitTest name="ManagedCode.Communication.Tests.CollectionResults.CollectionResultFailMethodsTests.Fail_WithException_ShouldCreateFailedResultWithInternalServerError" storage="/users/ksemenenko/developer/communication/managedcode.communication.tests/bin/debug/net9.0/managedcode.communication.tests.dll" id="0fe8d20e-348c-7d20-8e18-4ab370792fe0">
      <Execution id="1505ae6f-a15a-4b6c-ba3b-4a64550e0e69" />
      <TestMethod codeBase="/Users/ksemenenko/Developer/Communication/ManagedCode.Communication.Tests/bin/Debug/net9.0/ManagedCode.Communication.Tests.dll" adapterTypeName="executor://xunit/VsTestRunner3/netcore/" className="ManagedCode.Communication.Tests.CollectionResults.CollectionResultFailMethodsTests" name="Fail_WithException_ShouldCreateFailedResultWithInternalServerError" />
    </UnitTest>
    <UnitTest name="ManagedCode.Communication.Tests.Results.ProblemCreationExtensionsTests.ToProblem_FromEnum_WithHttpStatusCode_ShouldUseProvidedStatusCode" storage="/users/ksemenenko/developer/communication/managedcode.communication.tests/bin/debug/net9.0/managedcode.communication.tests.dll" id="c5027c1a-9b50-9f43-2228-adeb647f513f">
      <Execution id="847c500a-b06b-4b85-bfeb-e8417a110533" />
      <TestMethod codeBase="/Users/ksemenenko/Developer/Communication/ManagedCode.Communication.Tests/bin/Debug/net9.0/ManagedCode.Communication.Tests.dll" adapterTypeName="executor://xunit/VsTestRunner3/netcore/" className="ManagedCode.Communication.Tests.Results.ProblemCreationExtensionsTests" name="ToProblem_FromEnum_WithHttpStatusCode_ShouldUseProvidedStatusCode" />
    </UnitTest>
    <UnitTest name="ManagedCode.Communication.Tests.OrleansTests.GrainClientTests.ValueTaskResultComplexObjectError" storage="/users/ksemenenko/developer/communication/managedcode.communication.tests/bin/debug/net9.0/managedcode.communication.tests.dll" id="4329ce58-b589-cce3-e7e0-bf1e7069d301">
      <Execution id="df910149-a28d-42dc-b3d6-b38bc4c2008f" />
      <TestMethod codeBase="/Users/ksemenenko/Developer/Communication/ManagedCode.Communication.Tests/bin/Debug/net9.0/ManagedCode.Communication.Tests.dll" adapterTypeName="executor://xunit/VsTestRunner3/netcore/" className="ManagedCode.Communication.Tests.OrleansTests.GrainClientTests" name="ValueTaskResultComplexObjectError" />
    </UnitTest>
    <UnitTest name="ManagedCode.Communication.Tests.Extensions.ResultConversionExtensionsTests.AsResult_ExplicitTypeSpecification_WorksCorrectly" storage="/users/ksemenenko/developer/communication/managedcode.communication.tests/bin/debug/net9.0/managedcode.communication.tests.dll" id="08577c9c-2318-302e-4f69-67540b6ebc02">
      <Execution id="bbd91cca-3358-4d3e-b379-6e3780a23fea" />
      <TestMethod codeBase="/Users/ksemenenko/Developer/Communication/ManagedCode.Communication.Tests/bin/Debug/net9.0/ManagedCode.Communication.Tests.dll" adapterTypeName="executor://xunit/VsTestRunner3/netcore/" className="ManagedCode.Communication.Tests.Extensions.ResultConversionExtensionsTests" name="AsResult_ExplicitTypeSpecification_WorksCorrectly" />
    </UnitTest>
    <UnitTest name="ManagedCode.Communication.Tests.Results.ResultExecutionExtensionsTests.From_Action_Exception_ReturnsFailure" storage="/users/ksemenenko/developer/communication/managedcode.communication.tests/bin/debug/net9.0/managedcode.communication.tests.dll" id="596cb2c7-925f-827c-4a7a-18628a8a4cb0">
      <Execution id="21dd1659-1f3e-4462-bd41-111f2c9bd36e" />
      <TestMethod codeBase="/Users/ksemenenko/Developer/Communication/ManagedCode.Communication.Tests/bin/Debug/net9.0/ManagedCode.Communication.Tests.dll" adapterTypeName="executor://xunit/VsTestRunner3/netcore/" className="ManagedCode.Communication.Tests.Results.ResultExecutionExtensionsTests" name="From_Action_Exception_ReturnsFailure" />
    </UnitTest>
    <UnitTest name="ManagedCode.Communication.Tests.AspNetCore.Helpers.HttpStatusCodeHelperTests.GetStatusCodeForException_AspNetSpecificExceptions_ReturnsCorrectStatusCode(exceptionType: typeof(Microsoft.AspNetCore.Connections.ConnectionAbortedException), expectedStatusCode: BadRequest)" storage="/users/ksemenenko/developer/communication/managedcode.communication.tests/bin/debug/net9.0/managedcode.communication.tests.dll" id="199589cd-8acd-d74a-9888-9b069b3c3800">
      <Execution id="63f71555-1de3-404a-a6ec-3e82dbd5612d" />
      <TestMethod codeBase="/Users/ksemenenko/Developer/Communication/ManagedCode.Communication.Tests/bin/Debug/net9.0/ManagedCode.Communication.Tests.dll" adapterTypeName="executor://xunit/VsTestRunner3/netcore/" className="ManagedCode.Communication.Tests.AspNetCore.Helpers.HttpStatusCodeHelperTests" name="GetStatusCodeForException_AspNetSpecificExceptions_ReturnsCorrectStatusCode" />
    </UnitTest>
    <UnitTest name="ManagedCode.Communication.Tests.Results.ResultStaticHelperMethodsTests.Result_FailNotFoundT_NoParameters_ShouldCreateNotFoundResultT" storage="/users/ksemenenko/developer/communication/managedcode.communication.tests/bin/debug/net9.0/managedcode.communication.tests.dll" id="ec0ff6f3-40a0-61a0-1c02-ffe1c9cd8709">
      <Execution id="eefd0ab6-58b1-453d-a2cd-b8bd9358bc8d" />
      <TestMethod codeBase="/Users/ksemenenko/Developer/Communication/ManagedCode.Communication.Tests/bin/Debug/net9.0/ManagedCode.Communication.Tests.dll" adapterTypeName="executor://xunit/VsTestRunner3/netcore/" className="ManagedCode.Communication.Tests.Results.ResultStaticHelperMethodsTests" name="Result_FailNotFoundT_NoParameters_ShouldCreateNotFoundResultT" />
    </UnitTest>
    <UnitTest name="ManagedCode.Communication.Tests.Results.ResultTFailMethodsTests.ResultT_Fail_WithTitleAndDetail_ShouldCreateFailedResultWithDefaultStatus" storage="/users/ksemenenko/developer/communication/managedcode.communication.tests/bin/debug/net9.0/managedcode.communication.tests.dll" id="5db74618-4490-82d8-607c-508cd5058260">
      <Execution id="7c5c2ca9-e767-4b88-a3b8-14a7986b360c" />
      <TestMethod codeBase="/Users/ksemenenko/Developer/Communication/ManagedCode.Communication.Tests/bin/Debug/net9.0/ManagedCode.Communication.Tests.dll" adapterTypeName="executor://xunit/VsTestRunner3/netcore/" className="ManagedCode.Communication.Tests.Results.ResultTFailMethodsTests" name="ResultT_Fail_WithTitleAndDetail_ShouldCreateFailedResultWithDefaultStatus" />
    </UnitTest>
    <UnitTest name="ManagedCode.Communication.Tests.AspNetCore.Extensions.ControllerExtensionsTests.ToActionResult_NonGenericWithNoProblem_ReturnsDefaultError" storage="/users/ksemenenko/developer/communication/managedcode.communication.tests/bin/debug/net9.0/managedcode.communication.tests.dll" id="b18d52e9-bf68-fbe1-373e-8cee042f5bc7">
      <Execution id="31c84bdf-d920-4cb0-8228-1ae13dc93080" />
      <TestMethod codeBase="/Users/ksemenenko/Developer/Communication/ManagedCode.Communication.Tests/bin/Debug/net9.0/ManagedCode.Communication.Tests.dll" adapterTypeName="executor://xunit/VsTestRunner3/netcore/" className="ManagedCode.Communication.Tests.AspNetCore.Extensions.ControllerExtensionsTests" name="ToActionResult_NonGenericWithNoProblem_ReturnsDefaultError" />
    </UnitTest>
    <UnitTest name="ManagedCode.Communication.Tests.Orleans.Serialization.ResultSerializationTests.Result_Success_ShouldSerializeCorrectly" storage="/users/ksemenenko/developer/communication/managedcode.communication.tests/bin/debug/net9.0/managedcode.communication.tests.dll" id="6583a529-9a0d-8ac6-f31e-1a2e00b4ca32">
      <Execution id="2563236f-c8b9-4764-ab7b-1e50a1aa3648" />
      <TestMethod codeBase="/Users/ksemenenko/Developer/Communication/ManagedCode.Communication.Tests/bin/Debug/net9.0/ManagedCode.Communication.Tests.dll" adapterTypeName="executor://xunit/VsTestRunner3/netcore/" className="ManagedCode.Communication.Tests.Orleans.Serialization.ResultSerializationTests" name="Result_Success_ShouldSerializeCorrectly" />
    </UnitTest>
    <UnitTest name="ManagedCode.Communication.Tests.Results.CollectionResultTests.ImplicitOperator_ToBool_ShouldReturnIsSuccess" storage="/users/ksemenenko/developer/communication/managedcode.communication.tests/bin/debug/net9.0/managedcode.communication.tests.dll" id="08105b68-db60-bfeb-93e6-92f308ba13b0">
      <Execution id="ab99f543-62b7-4632-8fb4-b27a0006d2b7" />
      <TestMethod codeBase="/Users/ksemenenko/Developer/Communication/ManagedCode.Communication.Tests/bin/Debug/net9.0/ManagedCode.Communication.Tests.dll" adapterTypeName="executor://xunit/VsTestRunner3/netcore/" className="ManagedCode.Communication.Tests.Results.CollectionResultTests" name="ImplicitOperator_ToBool_ShouldReturnIsSuccess" />
    </UnitTest>
    <UnitTest name="ManagedCode.Communication.Tests.Results.ResultInvalidMethodsTests.Result_Invalid_WithKeyValue_ShouldCreateValidationResultWithCustomField" storage="/users/ksemenenko/developer/communication/managedcode.communication.tests/bin/debug/net9.0/managedcode.communication.tests.dll" id="f78bdf4b-5aed-2880-5937-4759bd7976c9">
      <Execution id="13fb690b-d869-4d7d-b631-38c036cfe589" />
      <TestMethod codeBase="/Users/ksemenenko/Developer/Communication/ManagedCode.Communication.Tests/bin/Debug/net9.0/ManagedCode.Communication.Tests.dll" adapterTypeName="executor://xunit/VsTestRunner3/netcore/" className="ManagedCode.Communication.Tests.Results.ResultInvalidMethodsTests" name="Result_Invalid_WithKeyValue_ShouldCreateValidationResultWithCustomField" />
    </UnitTest>
    <UnitTest name="ManagedCode.Communication.Tests.Extensions.HttpResponseExtensionTests.FromRequestToResult_VariousErrorCodes_ReturnsFailedResult(statusCode: InternalServerError)" storage="/users/ksemenenko/developer/communication/managedcode.communication.tests/bin/debug/net9.0/managedcode.communication.tests.dll" id="cb55dff4-d7f6-2f2e-153f-1f8301bc11f9">
      <Execution id="e560fe33-2d26-46fc-8093-011c2946e974" />
      <TestMethod codeBase="/Users/ksemenenko/Developer/Communication/ManagedCode.Communication.Tests/bin/Debug/net9.0/ManagedCode.Communication.Tests.dll" adapterTypeName="executor://xunit/VsTestRunner3/netcore/" className="ManagedCode.Communication.Tests.Extensions.HttpResponseExtensionTests" name="FromRequestToResult_VariousErrorCodes_ReturnsFailedResult" />
    </UnitTest>
    <UnitTest name="ManagedCode.Communication.Tests.Results.CollectionResultTests.Fail_WithMessage_ShouldCreateFailedResult" storage="/users/ksemenenko/developer/communication/managedcode.communication.tests/bin/debug/net9.0/managedcode.communication.tests.dll" id="62ec9571-83d3-3d31-1779-4fe2cf2be8e0">
      <Execution id="fa9e4082-cf94-4c87-8857-49b2dcacc947" />
      <TestMethod codeBase="/Users/ksemenenko/Developer/Communication/ManagedCode.Communication.Tests/bin/Debug/net9.0/ManagedCode.Communication.Tests.dll" adapterTypeName="executor://xunit/VsTestRunner3/netcore/" className="ManagedCode.Communication.Tests.Results.CollectionResultTests" name="Fail_WithMessage_ShouldCreateFailedResult" />
    </UnitTest>
    <UnitTest name="ManagedCode.Communication.Tests.Extensions.ProblemExtensionsTests.RoundTrip_ProblemToProblemDetailsAndBack_ShouldPreserveAllData" storage="/users/ksemenenko/developer/communication/managedcode.communication.tests/bin/debug/net9.0/managedcode.communication.tests.dll" id="51b443bb-f015-cdb0-7b07-a9cab8e0e8a8">
      <Execution id="117eb4ad-6e35-494c-afbb-3e42f3228e0a" />
      <TestMethod codeBase="/Users/ksemenenko/Developer/Communication/ManagedCode.Communication.Tests/bin/Debug/net9.0/ManagedCode.Communication.Tests.dll" adapterTypeName="executor://xunit/VsTestRunner3/netcore/" className="ManagedCode.Communication.Tests.Extensions.ProblemExtensionsTests" name="RoundTrip_ProblemToProblemDetailsAndBack_ShouldPreserveAllData" />
    </UnitTest>
    <UnitTest name="ManagedCode.Communication.Tests.CollectionResults.CollectionResultFromMethodsTests.From_FuncTaskWithCancellationToken_ShouldCreateSuccessResult" storage="/users/ksemenenko/developer/communication/managedcode.communication.tests/bin/debug/net9.0/managedcode.communication.tests.dll" id="2c800d9a-9994-7d52-e9ef-f570f34487f0">
      <Execution id="e1246c22-206b-48df-a33b-ab79d7991f3b" />
      <TestMethod codeBase="/Users/ksemenenko/Developer/Communication/ManagedCode.Communication.Tests/bin/Debug/net9.0/ManagedCode.Communication.Tests.dll" adapterTypeName="executor://xunit/VsTestRunner3/netcore/" className="ManagedCode.Communication.Tests.CollectionResults.CollectionResultFromMethodsTests" name="From_FuncTaskWithCancellationToken_ShouldCreateSuccessResult" />
    </UnitTest>
    <UnitTest name="ManagedCode.Communication.Tests.Extensions.ResultConversionExtensionsTests.AsResult_WithArgumentException_CreatesFailedResultWithCorrectProblem" storage="/users/ksemenenko/developer/communication/managedcode.communication.tests/bin/debug/net9.0/managedcode.communication.tests.dll" id="ad1859a2-9b1d-fff4-e010-4df6fe4ee045">
      <Execution id="7bd14ad1-17b7-4f04-a87b-5260de0a29cd" />
      <TestMethod codeBase="/Users/ksemenenko/Developer/Communication/ManagedCode.Communication.Tests/bin/Debug/net9.0/ManagedCode.Communication.Tests.dll" adapterTypeName="executor://xunit/VsTestRunner3/netcore/" className="ManagedCode.Communication.Tests.Extensions.ResultConversionExtensionsTests" name="AsResult_WithArgumentException_CreatesFailedResultWithCorrectProblem" />
    </UnitTest>
    <UnitTest name="ManagedCode.Communication.Tests.CollectionResults.CollectionResultFromMethodsTests.From_FuncReturningArray_ShouldCreateSuccessResult" storage="/users/ksemenenko/developer/communication/managedcode.communication.tests/bin/debug/net9.0/managedcode.communication.tests.dll" id="e39e9980-2b7c-af72-8ea9-548ab3dc3398">
      <Execution id="54c9fbe4-6c4a-47d3-b32a-ab2af52700e1" />
      <TestMethod codeBase="/Users/ksemenenko/Developer/Communication/ManagedCode.Communication.Tests/bin/Debug/net9.0/ManagedCode.Communication.Tests.dll" adapterTypeName="executor://xunit/VsTestRunner3/netcore/" className="ManagedCode.Communication.Tests.CollectionResults.CollectionResultFromMethodsTests" name="From_FuncReturningArray_ShouldCreateSuccessResult" />
    </UnitTest>
    <UnitTest name="ManagedCode.Communication.Tests.Results.ResultFailMethodsTests.Result_FailValidation_WithMultipleErrors_ShouldCreateValidationFailedResultWithAllErrors" storage="/users/ksemenenko/developer/communication/managedcode.communication.tests/bin/debug/net9.0/managedcode.communication.tests.dll" id="e9cb769c-b635-ee8b-10f7-3c2bfac37d63">
      <Execution id="54dc5f5f-8bd7-4d2f-b0fa-fa598c2f00e6" />
      <TestMethod codeBase="/Users/ksemenenko/Developer/Communication/ManagedCode.Communication.Tests/bin/Debug/net9.0/ManagedCode.Communication.Tests.dll" adapterTypeName="executor://xunit/VsTestRunner3/netcore/" className="ManagedCode.Communication.Tests.Results.ResultFailMethodsTests" name="Result_FailValidation_WithMultipleErrors_ShouldCreateValidationFailedResultWithAllErrors" />
    </UnitTest>
    <UnitTest name="ManagedCode.Communication.Tests.Extensions.RailwayExtensionsTests.TapAsync_SuccessfulResult_ExecutesAction" storage="/users/ksemenenko/developer/communication/managedcode.communication.tests/bin/debug/net9.0/managedcode.communication.tests.dll" id="922f442b-abde-2646-f44f-3ba19dc6a53c">
      <Execution id="0e04fc0b-e568-4fb4-8926-eb35202f798b" />
      <TestMethod codeBase="/Users/ksemenenko/Developer/Communication/ManagedCode.Communication.Tests/bin/Debug/net9.0/ManagedCode.Communication.Tests.dll" adapterTypeName="executor://xunit/VsTestRunner3/netcore/" className="ManagedCode.Communication.Tests.Extensions.RailwayExtensionsTests" name="TapAsync_SuccessfulResult_ExecutesAction" />
    </UnitTest>
    <UnitTest name="ManagedCode.Communication.Tests.Results.ResultTTests.Match_ShouldExecuteCorrectFunction" storage="/users/ksemenenko/developer/communication/managedcode.communication.tests/bin/debug/net9.0/managedcode.communication.tests.dll" id="7e7ded53-cbb8-545f-cbd5-7575b7f60d80">
      <Execution id="e4a6e6a4-0088-44e9-a5ee-5de77dfd6ed8" />
      <TestMethod codeBase="/Users/ksemenenko/Developer/Communication/ManagedCode.Communication.Tests/bin/Debug/net9.0/ManagedCode.Communication.Tests.dll" adapterTypeName="executor://xunit/VsTestRunner3/netcore/" className="ManagedCode.Communication.Tests.Results.ResultTTests" name="Match_ShouldExecuteCorrectFunction" />
    </UnitTest>
    <UnitTest name="ManagedCode.Communication.Tests.Results.ProblemCreationExtensionsTests.ToProblem_FromExceptionWithData_ShouldIncludeDataInExtensions" storage="/users/ksemenenko/developer/communication/managedcode.communication.tests/bin/debug/net9.0/managedcode.communication.tests.dll" id="84c6800a-f289-1899-3a73-99d4070467cb">
      <Execution id="f12c4e30-acc6-4605-a97b-d3d15639c789" />
      <TestMethod codeBase="/Users/ksemenenko/Developer/Communication/ManagedCode.Communication.Tests/bin/Debug/net9.0/ManagedCode.Communication.Tests.dll" adapterTypeName="executor://xunit/VsTestRunner3/netcore/" className="ManagedCode.Communication.Tests.Results.ProblemCreationExtensionsTests" name="ToProblem_FromExceptionWithData_ShouldIncludeDataInExtensions" />
    </UnitTest>
    <UnitTest name="ManagedCode.Communication.Tests.Results.ResultHelperMethodsTests.ResultT_FailValidation_ShouldCreateValidationResult" storage="/users/ksemenenko/developer/communication/managedcode.communication.tests/bin/debug/net9.0/managedcode.communication.tests.dll" id="66076f92-cd02-428b-c3aa-0dc5e5824793">
      <Execution id="7c26d7d6-fdb3-4791-a48c-b3c9326d1a77" />
      <TestMethod codeBase="/Users/ksemenenko/Developer/Communication/ManagedCode.Communication.Tests/bin/Debug/net9.0/ManagedCode.Communication.Tests.dll" adapterTypeName="executor://xunit/VsTestRunner3/netcore/" className="ManagedCode.Communication.Tests.Results.ResultHelperMethodsTests" name="ResultT_FailValidation_ShouldCreateValidationResult" />
    </UnitTest>
    <UnitTest name="ManagedCode.Communication.Tests.Results.ResultInvalidMethodsTests.Result_Invalid_WithoutParameters_ShouldCreateValidationResult" storage="/users/ksemenenko/developer/communication/managedcode.communication.tests/bin/debug/net9.0/managedcode.communication.tests.dll" id="8c3fdcf7-4fc6-4fdc-74eb-b85a360cd133">
      <Execution id="c1eb6a6d-9963-4cc2-8a0c-b65f47a0636e" />
      <TestMethod codeBase="/Users/ksemenenko/Developer/Communication/ManagedCode.Communication.Tests/bin/Debug/net9.0/ManagedCode.Communication.Tests.dll" adapterTypeName="executor://xunit/VsTestRunner3/netcore/" className="ManagedCode.Communication.Tests.Results.ResultInvalidMethodsTests" name="Result_Invalid_WithoutParameters_ShouldCreateValidationResult" />
    </UnitTest>
    <UnitTest name="ManagedCode.Communication.Tests.Extensions.HttpResponseExtensionTests.FromJsonToResult_NotFoundStatusCode_ReturnsFailedResult" storage="/users/ksemenenko/developer/communication/managedcode.communication.tests/bin/debug/net9.0/managedcode.communication.tests.dll" id="f91416c8-1703-e7ea-8c9a-a92b7bb1d688">
      <Execution id="8779f58c-be82-4efa-a080-2a7beafcba71" />
      <TestMethod codeBase="/Users/ksemenenko/Developer/Communication/ManagedCode.Communication.Tests/bin/Debug/net9.0/ManagedCode.Communication.Tests.dll" adapterTypeName="executor://xunit/VsTestRunner3/netcore/" className="ManagedCode.Communication.Tests.Extensions.HttpResponseExtensionTests" name="FromJsonToResult_NotFoundStatusCode_ReturnsFailedResult" />
    </UnitTest>
    <UnitTest name="ManagedCode.Communication.Tests.Extensions.AdvancedRailwayExtensionsTests.Check_WithSuccessAndNoException_ReturnsSuccess" storage="/users/ksemenenko/developer/communication/managedcode.communication.tests/bin/debug/net9.0/managedcode.communication.tests.dll" id="b2105290-3d86-82f5-7333-a618d72f153d">
      <Execution id="ccd8076e-ed13-41c6-b9bd-1af8388781a8" />
      <TestMethod codeBase="/Users/ksemenenko/Developer/Communication/ManagedCode.Communication.Tests/bin/Debug/net9.0/ManagedCode.Communication.Tests.dll" adapterTypeName="executor://xunit/VsTestRunner3/netcore/" className="ManagedCode.Communication.Tests.Extensions.AdvancedRailwayExtensionsTests" name="Check_WithSuccessAndNoException_ReturnsSuccess" />
    </UnitTest>
    <UnitTest name="ManagedCode.Communication.Tests.Results.ResultOperatorsTests.CollectionResult_ImplicitOperator_FromException_ShouldCreateFailedResult" storage="/users/ksemenenko/developer/communication/managedcode.communication.tests/bin/debug/net9.0/managedcode.communication.tests.dll" id="30d1482a-3681-2b78-041a-5c6ec797ad16">
      <Execution id="334e6edf-251c-4c88-aea2-75af67088dfc" />
      <TestMethod codeBase="/Users/ksemenenko/Developer/Communication/ManagedCode.Communication.Tests/bin/Debug/net9.0/ManagedCode.Communication.Tests.dll" adapterTypeName="executor://xunit/VsTestRunner3/netcore/" className="ManagedCode.Communication.Tests.Results.ResultOperatorsTests" name="CollectionResult_ImplicitOperator_FromException_ShouldCreateFailedResult" />
    </UnitTest>
    <UnitTest name="ManagedCode.Communication.Tests.Orleans.Serialization.CollectionResultSerializationTests.CollectionResult_LargePagination_ShouldSerializeCorrectly" storage="/users/ksemenenko/developer/communication/managedcode.communication.tests/bin/debug/net9.0/managedcode.communication.tests.dll" id="08729d0d-aac1-00cc-61c8-d3a43baa982c">
      <Execution id="bafccb33-97b5-4bef-b029-62cc57882076" />
      <TestMethod codeBase="/Users/ksemenenko/Developer/Communication/ManagedCode.Communication.Tests/bin/Debug/net9.0/ManagedCode.Communication.Tests.dll" adapterTypeName="executor://xunit/VsTestRunner3/netcore/" className="ManagedCode.Communication.Tests.Orleans.Serialization.CollectionResultSerializationTests" name="CollectionResult_LargePagination_ShouldSerializeCorrectly" />
    </UnitTest>
    <UnitTest name="ManagedCode.Communication.Tests.Results.RailwayOrientedProgrammingTests.Bind_ChainedOperations_ShouldWork" storage="/users/ksemenenko/developer/communication/managedcode.communication.tests/bin/debug/net9.0/managedcode.communication.tests.dll" id="20a5b366-61d2-1b17-1341-93fed7be4651">
      <Execution id="9997f6b1-1ed1-4a71-9831-77ab82569a9c" />
      <TestMethod codeBase="/Users/ksemenenko/Developer/Communication/ManagedCode.Communication.Tests/bin/Debug/net9.0/ManagedCode.Communication.Tests.dll" adapterTypeName="executor://xunit/VsTestRunner3/netcore/" className="ManagedCode.Communication.Tests.Results.RailwayOrientedProgrammingTests" name="Bind_ChainedOperations_ShouldWork" />
    </UnitTest>
    <UnitTest name="ManagedCode.Communication.Tests.Results.ResultOperatorsTests.Result_Fail_WithEnum_ShouldCreateFailedResultWithErrorCode" storage="/users/ksemenenko/developer/communication/managedcode.communication.tests/bin/debug/net9.0/managedcode.communication.tests.dll" id="c4b29f92-16d2-98d3-cbb9-2e703b5f2766">
      <Execution id="5d026093-5455-4b39-95c4-6f0fe3629afc" />
      <TestMethod codeBase="/Users/ksemenenko/Developer/Communication/ManagedCode.Communication.Tests/bin/Debug/net9.0/ManagedCode.Communication.Tests.dll" adapterTypeName="executor://xunit/VsTestRunner3/netcore/" className="ManagedCode.Communication.Tests.Results.ResultOperatorsTests" name="Result_Fail_WithEnum_ShouldCreateFailedResultWithErrorCode" />
    </UnitTest>
    <UnitTest name="ManagedCode.Communication.Tests.Serialization.SerializationTests.Problem_FromException_ShouldSerializeAndDeserialize" storage="/users/ksemenenko/developer/communication/managedcode.communication.tests/bin/debug/net9.0/managedcode.communication.tests.dll" id="ebdedf64-5984-f3fa-314b-abb5908d2640">
      <Execution id="9f0c4646-381d-47a8-8492-a0286f0b883a" />
      <TestMethod codeBase="/Users/ksemenenko/Developer/Communication/ManagedCode.Communication.Tests/bin/Debug/net9.0/ManagedCode.Communication.Tests.dll" adapterTypeName="executor://xunit/VsTestRunner3/netcore/" className="ManagedCode.Communication.Tests.Serialization.SerializationTests" name="Problem_FromException_ShouldSerializeAndDeserialize" />
    </UnitTest>
    <UnitTest name="ManagedCode.Communication.Tests.Results.ResultFailMethodsTests.Result_Fail_WithException_ShouldCreateFailedResultWithInternalServerError" storage="/users/ksemenenko/developer/communication/managedcode.communication.tests/bin/debug/net9.0/managedcode.communication.tests.dll" id="0c01bfd0-4d6b-46f6-eaab-f63c83d8702f">
      <Execution id="5d56db44-f7e5-42a6-ae79-a29b5c197cd5" />
      <TestMethod codeBase="/Users/ksemenenko/Developer/Communication/ManagedCode.Communication.Tests/bin/Debug/net9.0/ManagedCode.Communication.Tests.dll" adapterTypeName="executor://xunit/VsTestRunner3/netcore/" className="ManagedCode.Communication.Tests.Results.ResultFailMethodsTests" name="Result_Fail_WithException_ShouldCreateFailedResultWithInternalServerError" />
    </UnitTest>
    <UnitTest name="ManagedCode.Communication.Tests.Extensions.ProblemExtensionsTests.ToFailedResult_FromProblem_ShouldCreateFailedResult" storage="/users/ksemenenko/developer/communication/managedcode.communication.tests/bin/debug/net9.0/managedcode.communication.tests.dll" id="4ca8e0f8-7886-5585-ed9e-dd4413882552">
      <Execution id="79128cf4-f07d-4f44-9c79-b1d3e5add8c3" />
      <TestMethod codeBase="/Users/ksemenenko/Developer/Communication/ManagedCode.Communication.Tests/bin/Debug/net9.0/ManagedCode.Communication.Tests.dll" adapterTypeName="executor://xunit/VsTestRunner3/netcore/" className="ManagedCode.Communication.Tests.Extensions.ProblemExtensionsTests" name="ToFailedResult_FromProblem_ShouldCreateFailedResult" />
    </UnitTest>
    <UnitTest name="ManagedCode.Communication.Tests.Results.ProblemTests.FromEnum_ShouldCreateProblemFromEnum" storage="/users/ksemenenko/developer/communication/managedcode.communication.tests/bin/debug/net9.0/managedcode.communication.tests.dll" id="ced3317a-f4de-c56d-29ac-20cf03fa04ec">
      <Execution id="e8976397-9765-4098-8c88-4c02350a2b4b" />
      <TestMethod codeBase="/Users/ksemenenko/Developer/Communication/ManagedCode.Communication.Tests/bin/Debug/net9.0/ManagedCode.Communication.Tests.dll" adapterTypeName="executor://xunit/VsTestRunner3/netcore/" className="ManagedCode.Communication.Tests.Results.ProblemTests" name="FromEnum_ShouldCreateProblemFromEnum" />
    </UnitTest>
    <UnitTest name="ManagedCode.Communication.Tests.AspNetCore.Extensions.ControllerExtensionsTests.ToActionResult_WithFailedResult_ReturnsCorrectStatusCode" storage="/users/ksemenenko/developer/communication/managedcode.communication.tests/bin/debug/net9.0/managedcode.communication.tests.dll" id="db5cf356-60bc-24eb-7ebd-eedff3a8292a">
      <Execution id="046816eb-1fcd-460d-9415-f3463568789b" />
      <TestMethod codeBase="/Users/ksemenenko/Developer/Communication/ManagedCode.Communication.Tests/bin/Debug/net9.0/ManagedCode.Communication.Tests.dll" adapterTypeName="executor://xunit/VsTestRunner3/netcore/" className="ManagedCode.Communication.Tests.AspNetCore.Extensions.ControllerExtensionsTests" name="ToActionResult_WithFailedResult_ReturnsCorrectStatusCode" />
    </UnitTest>
    <UnitTest name="ManagedCode.Communication.Tests.CollectionResults.CollectionResultFromMethodsTests.From_GenericFailedCollectionResultWithoutProblem_ShouldReturnFailedResult" storage="/users/ksemenenko/developer/communication/managedcode.communication.tests/bin/debug/net9.0/managedcode.communication.tests.dll" id="e00fb5a4-e228-98dc-9550-b28f1789a059">
      <Execution id="86c42d3e-4620-4d85-9357-9b3b52a8404a" />
      <TestMethod codeBase="/Users/ksemenenko/Developer/Communication/ManagedCode.Communication.Tests/bin/Debug/net9.0/ManagedCode.Communication.Tests.dll" adapterTypeName="executor://xunit/VsTestRunner3/netcore/" className="ManagedCode.Communication.Tests.CollectionResults.CollectionResultFromMethodsTests" name="From_GenericFailedCollectionResultWithoutProblem_ShouldReturnFailedResult" />
    </UnitTest>
    <UnitTest name="ManagedCode.Communication.Tests.Extensions.ResultConversionExtensionsTests.AsResult_WithCustomException_CreatesFailedResultWithCustomMessage" storage="/users/ksemenenko/developer/communication/managedcode.communication.tests/bin/debug/net9.0/managedcode.communication.tests.dll" id="7808886e-5ad2-29ba-1f74-f44897640f75">
      <Execution id="cffb98da-551d-4105-9e3a-6a94061c73ad" />
      <TestMethod codeBase="/Users/ksemenenko/Developer/Communication/ManagedCode.Communication.Tests/bin/Debug/net9.0/ManagedCode.Communication.Tests.dll" adapterTypeName="executor://xunit/VsTestRunner3/netcore/" className="ManagedCode.Communication.Tests.Extensions.ResultConversionExtensionsTests" name="AsResult_WithCustomException_CreatesFailedResultWithCustomMessage" />
    </UnitTest>
    <UnitTest name="ManagedCode.Communication.Tests.Extensions.RailwayExtensionsTests.MapAsync_SuccessfulResult_TransformsValue" storage="/users/ksemenenko/developer/communication/managedcode.communication.tests/bin/debug/net9.0/managedcode.communication.tests.dll" id="5bc0f3f5-2ef6-71a7-b380-e960810bb877">
      <Execution id="a4a47095-75a0-4586-bcfb-56652f6bae48" />
      <TestMethod codeBase="/Users/ksemenenko/Developer/Communication/ManagedCode.Communication.Tests/bin/Debug/net9.0/ManagedCode.Communication.Tests.dll" adapterTypeName="executor://xunit/VsTestRunner3/netcore/" className="ManagedCode.Communication.Tests.Extensions.RailwayExtensionsTests" name="MapAsync_SuccessfulResult_TransformsValue" />
    </UnitTest>
    <UnitTest name="ManagedCode.Communication.Tests.Results.ResultTests.ImplicitOperator_FromBool_False_ShouldCreateFailedResult" storage="/users/ksemenenko/developer/communication/managedcode.communication.tests/bin/debug/net9.0/managedcode.communication.tests.dll" id="1984c2a7-7175-dd20-85f7-f923a8979400">
      <Execution id="2a5635bf-6aa1-4990-8908-28dd26553093" />
      <TestMethod codeBase="/Users/ksemenenko/Developer/Communication/ManagedCode.Communication.Tests/bin/Debug/net9.0/ManagedCode.Communication.Tests.dll" adapterTypeName="executor://xunit/VsTestRunner3/netcore/" className="ManagedCode.Communication.Tests.Results.ResultTests" name="ImplicitOperator_FromBool_False_ShouldCreateFailedResult" />
    </UnitTest>
    <UnitTest name="ManagedCode.Communication.Tests.Results.ResultTFailMethodsTests.ResultT_Fail_WithEnumAndStatus_ShouldCreateFailedResultWithErrorCodeAndStatus" storage="/users/ksemenenko/developer/communication/managedcode.communication.tests/bin/debug/net9.0/managedcode.communication.tests.dll" id="ac1ffaa9-ae14-8f71-b2ad-c1cdc3b66547">
      <Execution id="e6f35e25-6c8b-4f5f-a2e8-bf27da693a59" />
      <TestMethod codeBase="/Users/ksemenenko/Developer/Communication/ManagedCode.Communication.Tests/bin/Debug/net9.0/ManagedCode.Communication.Tests.dll" adapterTypeName="executor://xunit/VsTestRunner3/netcore/" className="ManagedCode.Communication.Tests.Results.ResultTFailMethodsTests" name="ResultT_Fail_WithEnumAndStatus_ShouldCreateFailedResultWithErrorCodeAndStatus" />
    </UnitTest>
    <UnitTest name="ManagedCode.Communication.Tests.CollectionResults.CollectionResultFromMethodsTests.From_FuncValueTaskArray_ShouldCreateSuccessResult" storage="/users/ksemenenko/developer/communication/managedcode.communication.tests/bin/debug/net9.0/managedcode.communication.tests.dll" id="bc225918-98fd-4d8f-87ce-a283504ff818">
      <Execution id="092f5dec-c170-41be-acb9-26cebd5932d2" />
      <TestMethod codeBase="/Users/ksemenenko/Developer/Communication/ManagedCode.Communication.Tests/bin/Debug/net9.0/ManagedCode.Communication.Tests.dll" adapterTypeName="executor://xunit/VsTestRunner3/netcore/" className="ManagedCode.Communication.Tests.CollectionResults.CollectionResultFromMethodsTests" name="From_FuncValueTaskArray_ShouldCreateSuccessResult" />
    </UnitTest>
    <UnitTest name="ManagedCode.Communication.Tests.Orleans.Serialization.ResultSerializationTests.ResultT_WithDifferentProblemTypes_ShouldSerializeCorrectly" storage="/users/ksemenenko/developer/communication/managedcode.communication.tests/bin/debug/net9.0/managedcode.communication.tests.dll" id="0376fa9b-7287-a731-419b-9fc297e855af">
      <Execution id="57168d2e-c287-49b7-a103-27ddf3a66ae0" />
      <TestMethod codeBase="/Users/ksemenenko/Developer/Communication/ManagedCode.Communication.Tests/bin/Debug/net9.0/ManagedCode.Communication.Tests.dll" adapterTypeName="executor://xunit/VsTestRunner3/netcore/" className="ManagedCode.Communication.Tests.Orleans.Serialization.ResultSerializationTests" name="ResultT_WithDifferentProblemTypes_ShouldSerializeCorrectly" />
    </UnitTest>
    <UnitTest name="ManagedCode.Communication.Tests.Commands.MemoryCacheCommandIdempotencyStoreTests.SetCommandResultAsync_StoresResult" storage="/users/ksemenenko/developer/communication/managedcode.communication.tests/bin/debug/net9.0/managedcode.communication.tests.dll" id="e96efc22-986d-68b5-5775-340184dbd8fe">
      <Execution id="a3985817-1ece-42a8-884a-22cb8f32a274" />
      <TestMethod codeBase="/Users/ksemenenko/Developer/Communication/ManagedCode.Communication.Tests/bin/Debug/net9.0/ManagedCode.Communication.Tests.dll" adapterTypeName="executor://xunit/VsTestRunner3/netcore/" className="ManagedCode.Communication.Tests.Commands.MemoryCacheCommandIdempotencyStoreTests" name="SetCommandResultAsync_StoresResult" />
    </UnitTest>
    <UnitTest name="ManagedCode.Communication.Tests.Results.ResultInvalidMethodsTests.ResultT_Invalid_WithMessage_ShouldCreateValidationResultWithMessage" storage="/users/ksemenenko/developer/communication/managedcode.communication.tests/bin/debug/net9.0/managedcode.communication.tests.dll" id="f91e9575-30e1-e221-f699-3a11de9b388a">
      <Execution id="afd261de-6ac4-4a50-803d-734c976b07c5" />
      <TestMethod codeBase="/Users/ksemenenko/Developer/Communication/ManagedCode.Communication.Tests/bin/Debug/net9.0/ManagedCode.Communication.Tests.dll" adapterTypeName="executor://xunit/VsTestRunner3/netcore/" className="ManagedCode.Communication.Tests.Results.ResultInvalidMethodsTests" name="ResultT_Invalid_WithMessage_ShouldCreateValidationResultWithMessage" />
    </UnitTest>
    <UnitTest name="ManagedCode.Communication.Tests.Results.ResultOperatorsTests.Result_ImplicitOperator_FromException_ShouldCreateFailedResult" storage="/users/ksemenenko/developer/communication/managedcode.communication.tests/bin/debug/net9.0/managedcode.communication.tests.dll" id="e20cd443-fa33-bc28-26be-fffb5ab77d26">
      <Execution id="5b01f370-67f6-4873-8ffe-dcab34de72dd" />
      <TestMethod codeBase="/Users/ksemenenko/Developer/Communication/ManagedCode.Communication.Tests/bin/Debug/net9.0/ManagedCode.Communication.Tests.dll" adapterTypeName="executor://xunit/VsTestRunner3/netcore/" className="ManagedCode.Communication.Tests.Results.ResultOperatorsTests" name="Result_ImplicitOperator_FromException_ShouldCreateFailedResult" />
    </UnitTest>
    <UnitTest name="ManagedCode.Communication.Tests.Results.ResultFailMethodsTests.Result_Fail_WithExceptionAndStatus_ShouldCreateFailedResultWithSpecifiedStatus" storage="/users/ksemenenko/developer/communication/managedcode.communication.tests/bin/debug/net9.0/managedcode.communication.tests.dll" id="e54d77da-6a95-0aa2-239e-14e9fe7b27b9">
      <Execution id="5b4fe88c-e3bc-40f1-9d0c-40f03988f4ae" />
      <TestMethod codeBase="/Users/ksemenenko/Developer/Communication/ManagedCode.Communication.Tests/bin/Debug/net9.0/ManagedCode.Communication.Tests.dll" adapterTypeName="executor://xunit/VsTestRunner3/netcore/" className="ManagedCode.Communication.Tests.Results.ResultFailMethodsTests" name="Result_Fail_WithExceptionAndStatus_ShouldCreateFailedResultWithSpecifiedStatus" />
    </UnitTest>
    <UnitTest name="ManagedCode.Communication.Tests.CollectionResults.CollectionResultFailMethodsTests.Fail_WithTitleDetailAndStatus_ShouldCreateFailedResultWithSpecifiedStatus" storage="/users/ksemenenko/developer/communication/managedcode.communication.tests/bin/debug/net9.0/managedcode.communication.tests.dll" id="cb6876f0-ec0c-d7e3-5334-20d6a5561189">
      <Execution id="c52c2b5b-1cdc-4b8f-b81d-05f4e37bbfc3" />
      <TestMethod codeBase="/Users/ksemenenko/Developer/Communication/ManagedCode.Communication.Tests/bin/Debug/net9.0/ManagedCode.Communication.Tests.dll" adapterTypeName="executor://xunit/VsTestRunner3/netcore/" className="ManagedCode.Communication.Tests.CollectionResults.CollectionResultFailMethodsTests" name="Fail_WithTitleDetailAndStatus_ShouldCreateFailedResultWithSpecifiedStatus" />
    </UnitTest>
    <UnitTest name="ManagedCode.Communication.Tests.Extensions.HttpResponseExtensionTests.FromRequestToResult_SuccessStatusCode_ReturnsSuccessResult" storage="/users/ksemenenko/developer/communication/managedcode.communication.tests/bin/debug/net9.0/managedcode.communication.tests.dll" id="2f55c955-9b87-2c77-c3ee-dc5f86f5b329">
      <Execution id="845e8cd3-c451-4245-966e-de45c4e2530b" />
      <TestMethod codeBase="/Users/ksemenenko/Developer/Communication/ManagedCode.Communication.Tests/bin/Debug/net9.0/ManagedCode.Communication.Tests.dll" adapterTypeName="executor://xunit/VsTestRunner3/netcore/" className="ManagedCode.Communication.Tests.Extensions.HttpResponseExtensionTests" name="FromRequestToResult_SuccessStatusCode_ReturnsSuccessResult" />
    </UnitTest>
    <UnitTest name="ManagedCode.Communication.Tests.Extensions.AdvancedRailwayExtensionsTests.OkIf_WithFalseCondition_FailsResult" storage="/users/ksemenenko/developer/communication/managedcode.communication.tests/bin/debug/net9.0/managedcode.communication.tests.dll" id="8f7ea0cb-e706-bc87-dc01-c9b8a5a8556e">
      <Execution id="d47714a0-a572-42d1-913a-eafb8012f294" />
      <TestMethod codeBase="/Users/ksemenenko/Developer/Communication/ManagedCode.Communication.Tests/bin/Debug/net9.0/ManagedCode.Communication.Tests.dll" adapterTypeName="executor://xunit/VsTestRunner3/netcore/" className="ManagedCode.Communication.Tests.Extensions.AdvancedRailwayExtensionsTests" name="OkIf_WithFalseCondition_FailsResult" />
    </UnitTest>
    <UnitTest name="ManagedCode.Communication.Tests.ProblemTests.ProblemCreateMethodsTests.Problem_Create_WithFlagsEnum_ShouldHandleCorrectly" storage="/users/ksemenenko/developer/communication/managedcode.communication.tests/bin/debug/net9.0/managedcode.communication.tests.dll" id="c5101a70-e57e-8026-1c5c-7e3b4083afbc">
      <Execution id="1643a2bb-b50e-499a-a6a8-8d4ebb63c506" />
      <TestMethod codeBase="/Users/ksemenenko/Developer/Communication/ManagedCode.Communication.Tests/bin/Debug/net9.0/ManagedCode.Communication.Tests.dll" adapterTypeName="executor://xunit/VsTestRunner3/netcore/" className="ManagedCode.Communication.Tests.ProblemTests.ProblemCreateMethodsTests" name="Problem_Create_WithFlagsEnum_ShouldHandleCorrectly" />
    </UnitTest>
    <UnitTest name="ManagedCode.Communication.Tests.Results.ResultTFailMethodsTests.ResultT_Fail_WithEnum_ShouldCreateFailedResultWithErrorCode" storage="/users/ksemenenko/developer/communication/managedcode.communication.tests/bin/debug/net9.0/managedcode.communication.tests.dll" id="06d35280-ada3-246c-c04a-58775402cb55">
      <Execution id="6dae10c6-4c89-4a6f-87f6-f0a916e3d68e" />
      <TestMethod codeBase="/Users/ksemenenko/Developer/Communication/ManagedCode.Communication.Tests/bin/Debug/net9.0/ManagedCode.Communication.Tests.dll" adapterTypeName="executor://xunit/VsTestRunner3/netcore/" className="ManagedCode.Communication.Tests.Results.ResultTFailMethodsTests" name="ResultT_Fail_WithEnum_ShouldCreateFailedResultWithErrorCode" />
    </UnitTest>
    <UnitTest name="ManagedCode.Communication.Tests.Extensions.AdvancedRailwayExtensionsTests.CombineAll_WithMixedResults_CollectsAllErrors" storage="/users/ksemenenko/developer/communication/managedcode.communication.tests/bin/debug/net9.0/managedcode.communication.tests.dll" id="0becb87d-368a-ae3f-dadc-8f59c2dd4345">
      <Execution id="989cf0b7-f577-4ef4-81f0-f6957a69c0a8" />
      <TestMethod codeBase="/Users/ksemenenko/Developer/Communication/ManagedCode.Communication.Tests/bin/Debug/net9.0/ManagedCode.Communication.Tests.dll" adapterTypeName="executor://xunit/VsTestRunner3/netcore/" className="ManagedCode.Communication.Tests.Extensions.AdvancedRailwayExtensionsTests" name="CombineAll_WithMixedResults_CollectsAllErrors" />
    </UnitTest>
    <UnitTest name="ManagedCode.Communication.Tests.Results.ResultTTests.Succeed_WithValue_ShouldCreateSuccessfulResult" storage="/users/ksemenenko/developer/communication/managedcode.communication.tests/bin/debug/net9.0/managedcode.communication.tests.dll" id="0a693c83-039e-37ea-ca71-d6cb11cb39f0">
      <Execution id="27286942-5954-40f0-8db6-2c7a00ac8797" />
      <TestMethod codeBase="/Users/ksemenenko/Developer/Communication/ManagedCode.Communication.Tests/bin/Debug/net9.0/ManagedCode.Communication.Tests.dll" adapterTypeName="executor://xunit/VsTestRunner3/netcore/" className="ManagedCode.Communication.Tests.Results.ResultTTests" name="Succeed_WithValue_ShouldCreateSuccessfulResult" />
    </UnitTest>
    <UnitTest name="ManagedCode.Communication.Tests.Results.ResultExecutionExtensionsTests.From_ResultT_PreservesProblem" storage="/users/ksemenenko/developer/communication/managedcode.communication.tests/bin/debug/net9.0/managedcode.communication.tests.dll" id="4f5b8945-3c3c-e13e-9a1a-2aa7b5b7d7b2">
      <Execution id="4eb3f49d-017e-425c-9574-57b27b3529dc" />
      <TestMethod codeBase="/Users/ksemenenko/Developer/Communication/ManagedCode.Communication.Tests/bin/Debug/net9.0/ManagedCode.Communication.Tests.dll" adapterTypeName="executor://xunit/VsTestRunner3/netcore/" className="ManagedCode.Communication.Tests.Results.ResultExecutionExtensionsTests" name="From_ResultT_PreservesProblem" />
    </UnitTest>
    <UnitTest name="ManagedCode.Communication.Tests.ProblemTests.ProblemCreateMethodsTests.Problem_Create_FromExceptionWithData_ShouldHandleValidKeysOnly" storage="/users/ksemenenko/developer/communication/managedcode.communication.tests/bin/debug/net9.0/managedcode.communication.tests.dll" id="93cfea10-487c-2fd1-30d8-938278bfacad">
      <Execution id="0a78324e-cd3e-4fd8-83a8-76e8d14584f7" />
      <TestMethod codeBase="/Users/ksemenenko/Developer/Communication/ManagedCode.Communication.Tests/bin/Debug/net9.0/ManagedCode.Communication.Tests.dll" adapterTypeName="executor://xunit/VsTestRunner3/netcore/" className="ManagedCode.Communication.Tests.ProblemTests.ProblemCreateMethodsTests" name="Problem_Create_FromExceptionWithData_ShouldHandleValidKeysOnly" />
    </UnitTest>
    <UnitTest name="ManagedCode.Communication.Tests.AspNetCore.Extensions.ControllerExtensionsTests.ToHttpResult_WithFailedResult_ReturnsProblemResult" storage="/users/ksemenenko/developer/communication/managedcode.communication.tests/bin/debug/net9.0/managedcode.communication.tests.dll" id="7618dd2b-5be7-dea8-df8a-a052ad263dcb">
      <Execution id="7a258c5f-4bf1-401b-a83d-3c26fd0c7c72" />
      <TestMethod codeBase="/Users/ksemenenko/Developer/Communication/ManagedCode.Communication.Tests/bin/Debug/net9.0/ManagedCode.Communication.Tests.dll" adapterTypeName="executor://xunit/VsTestRunner3/netcore/" className="ManagedCode.Communication.Tests.AspNetCore.Extensions.ControllerExtensionsTests" name="ToHttpResult_WithFailedResult_ReturnsProblemResult" />
    </UnitTest>
    <UnitTest name="ManagedCode.Communication.Tests.Results.ResultTFailMethodsTests.ResultT_Fail_WithProblem_ShouldCreateFailedResultWithProblem" storage="/users/ksemenenko/developer/communication/managedcode.communication.tests/bin/debug/net9.0/managedcode.communication.tests.dll" id="78ec70f9-0461-4d69-fbae-7bfa68a35251">
      <Execution id="f131e19e-59b4-4755-a197-8c114000aeb1" />
      <TestMethod codeBase="/Users/ksemenenko/Developer/Communication/ManagedCode.Communication.Tests/bin/Debug/net9.0/ManagedCode.Communication.Tests.dll" adapterTypeName="executor://xunit/VsTestRunner3/netcore/" className="ManagedCode.Communication.Tests.Results.ResultTFailMethodsTests" name="ResultT_Fail_WithProblem_ShouldCreateFailedResultWithProblem" />
    </UnitTest>
    <UnitTest name="ManagedCode.Communication.Tests.Results.ResultStaticHelperMethodsTests.Result_FailUnauthorizedT_WithDetail_ShouldCreateUnauthorizedResultTWithCustomDetail" storage="/users/ksemenenko/developer/communication/managedcode.communication.tests/bin/debug/net9.0/managedcode.communication.tests.dll" id="b7d0d978-6fd2-9721-9776-d435fa619ea2">
      <Execution id="a098c034-b69d-4fb4-a8a2-b9849e5ed898" />
      <TestMethod codeBase="/Users/ksemenenko/Developer/Communication/ManagedCode.Communication.Tests/bin/Debug/net9.0/ManagedCode.Communication.Tests.dll" adapterTypeName="executor://xunit/VsTestRunner3/netcore/" className="ManagedCode.Communication.Tests.Results.ResultStaticHelperMethodsTests" name="Result_FailUnauthorizedT_WithDetail_ShouldCreateUnauthorizedResultTWithCustomDetail" />
    </UnitTest>
    <UnitTest name="ManagedCode.Communication.Tests.Orleans.Serialization.CommandSerializationTests.CommandT_WithEnumType_ShouldSerializeCorrectly" storage="/users/ksemenenko/developer/communication/managedcode.communication.tests/bin/debug/net9.0/managedcode.communication.tests.dll" id="b019aed6-f3db-c6f2-5353-b095630ac4f5">
      <Execution id="a4da62fa-d0c5-46a2-9b0d-257afdf788cb" />
      <TestMethod codeBase="/Users/ksemenenko/Developer/Communication/ManagedCode.Communication.Tests/bin/Debug/net9.0/ManagedCode.Communication.Tests.dll" adapterTypeName="executor://xunit/VsTestRunner3/netcore/" className="ManagedCode.Communication.Tests.Orleans.Serialization.CommandSerializationTests" name="CommandT_WithEnumType_ShouldSerializeCorrectly" />
    </UnitTest>
    <UnitTest name="ManagedCode.Communication.Tests.CollectionResults.CollectionResultFailMethodsTests.Fail_WithHttpStatusEnum_ShouldUseEnumValueAsStatusCode" storage="/users/ksemenenko/developer/communication/managedcode.communication.tests/bin/debug/net9.0/managedcode.communication.tests.dll" id="f435fded-0773-20b6-5c22-8fc126f24cdf">
      <Execution id="005b00dc-0504-4ab7-840a-f7162c22b024" />
      <TestMethod codeBase="/Users/ksemenenko/Developer/Communication/ManagedCode.Communication.Tests/bin/Debug/net9.0/ManagedCode.Communication.Tests.dll" adapterTypeName="executor://xunit/VsTestRunner3/netcore/" className="ManagedCode.Communication.Tests.CollectionResults.CollectionResultFailMethodsTests" name="Fail_WithHttpStatusEnum_ShouldUseEnumValueAsStatusCode" />
    </UnitTest>
    <UnitTest name="ManagedCode.Communication.Tests.CollectionResults.CollectionResultFailMethodsTests.Fail_WithEnumDetailAndStatus_ShouldCreateFailedResultWithAllSpecified" storage="/users/ksemenenko/developer/communication/managedcode.communication.tests/bin/debug/net9.0/managedcode.communication.tests.dll" id="94cb383a-2d02-5e8f-afee-a16f5b980b05">
      <Execution id="da816f97-215b-46e8-82ae-d72bd39abc33" />
      <TestMethod codeBase="/Users/ksemenenko/Developer/Communication/ManagedCode.Communication.Tests/bin/Debug/net9.0/ManagedCode.Communication.Tests.dll" adapterTypeName="executor://xunit/VsTestRunner3/netcore/" className="ManagedCode.Communication.Tests.CollectionResults.CollectionResultFailMethodsTests" name="Fail_WithEnumDetailAndStatus_ShouldCreateFailedResultWithAllSpecified" />
    </UnitTest>
    <UnitTest name="ManagedCode.Communication.Tests.Results.ResultExecutionExtensionsTests.From_FuncBool_WithProblemFalse_ReturnsProvidedProblem" storage="/users/ksemenenko/developer/communication/managedcode.communication.tests/bin/debug/net9.0/managedcode.communication.tests.dll" id="1adb0645-47a1-38af-9691-a85a3f8ec72c">
      <Execution id="a513bacd-989b-48c6-950e-d720ba7cd1bb" />
      <TestMethod codeBase="/Users/ksemenenko/Developer/Communication/ManagedCode.Communication.Tests/bin/Debug/net9.0/ManagedCode.Communication.Tests.dll" adapterTypeName="executor://xunit/VsTestRunner3/netcore/" className="ManagedCode.Communication.Tests.Results.ResultExecutionExtensionsTests" name="From_FuncBool_WithProblemFalse_ReturnsProvidedProblem" />
    </UnitTest>
    <UnitTest name="ManagedCode.Communication.Tests.Serialization.SerializationTests.Result_Success_ShouldSerializeAndDeserialize" storage="/users/ksemenenko/developer/communication/managedcode.communication.tests/bin/debug/net9.0/managedcode.communication.tests.dll" id="4b36266e-a52e-ddb2-0c89-74a3ad238fe8">
      <Execution id="f7444b68-2ba0-4920-866c-c07973d5b492" />
      <TestMethod codeBase="/Users/ksemenenko/Developer/Communication/ManagedCode.Communication.Tests/bin/Debug/net9.0/ManagedCode.Communication.Tests.dll" adapterTypeName="executor://xunit/VsTestRunner3/netcore/" className="ManagedCode.Communication.Tests.Serialization.SerializationTests" name="Result_Success_ShouldSerializeAndDeserialize" />
    </UnitTest>
    <UnitTest name="ManagedCode.Communication.Tests.CollectionResults.CollectionResultFromMethodsTests.From_FuncReturningFailedCollectionResult_ShouldReturnFailedResult" storage="/users/ksemenenko/developer/communication/managedcode.communication.tests/bin/debug/net9.0/managedcode.communication.tests.dll" id="10f03419-b447-74b1-44ec-afc62ff2ba1d">
      <Execution id="dd10d629-0c0f-4591-b473-ebdfce916d1e" />
      <TestMethod codeBase="/Users/ksemenenko/Developer/Communication/ManagedCode.Communication.Tests/bin/Debug/net9.0/ManagedCode.Communication.Tests.dll" adapterTypeName="executor://xunit/VsTestRunner3/netcore/" className="ManagedCode.Communication.Tests.CollectionResults.CollectionResultFromMethodsTests" name="From_FuncReturningFailedCollectionResult_ShouldReturnFailedResult" />
    </UnitTest>
    <UnitTest name="ManagedCode.Communication.Tests.Results.ResultOperatorsTests.CollectionResult_ImplicitOperator_FromProblem_ShouldCreateFailedResult" storage="/users/ksemenenko/developer/communication/managedcode.communication.tests/bin/debug/net9.0/managedcode.communication.tests.dll" id="e8ef69a7-69d2-7821-25ae-0ad9e98c19f5">
      <Execution id="9ba69e33-379c-45aa-9a5a-bcc6b106b826" />
      <TestMethod codeBase="/Users/ksemenenko/Developer/Communication/ManagedCode.Communication.Tests/bin/Debug/net9.0/ManagedCode.Communication.Tests.dll" adapterTypeName="executor://xunit/VsTestRunner3/netcore/" className="ManagedCode.Communication.Tests.Results.ResultOperatorsTests" name="CollectionResult_ImplicitOperator_FromProblem_ShouldCreateFailedResult" />
    </UnitTest>
    <UnitTest name="ManagedCode.Communication.Tests.AspNetCore.Extensions.ServiceCollectionExtensionsTests.Communication_Should_Handle_Exceptions" storage="/users/ksemenenko/developer/communication/managedcode.communication.tests/bin/debug/net9.0/managedcode.communication.tests.dll" id="7b410867-8a35-21b9-5a79-1e606c5e1d67">
      <Execution id="50ef0062-4279-4ae4-8856-fd4d7b4007fa" />
      <TestMethod codeBase="/Users/ksemenenko/Developer/Communication/ManagedCode.Communication.Tests/bin/Debug/net9.0/ManagedCode.Communication.Tests.dll" adapterTypeName="executor://xunit/VsTestRunner3/netcore/" className="ManagedCode.Communication.Tests.AspNetCore.Extensions.ServiceCollectionExtensionsTests" name="Communication_Should_Handle_Exceptions" />
    </UnitTest>
    <UnitTest name="ManagedCode.Communication.Tests.ResultExtensionsTests.Else_WithFailedResult_ShouldReturnAlternative" storage="/users/ksemenenko/developer/communication/managedcode.communication.tests/bin/debug/net9.0/managedcode.communication.tests.dll" id="dd44fca1-dd49-b0b2-8a87-a1e6c53fc967">
      <Execution id="4869da89-8d31-40a3-86cb-dc0d794500ae" />
      <TestMethod codeBase="/Users/ksemenenko/Developer/Communication/ManagedCode.Communication.Tests/bin/Debug/net9.0/ManagedCode.Communication.Tests.dll" adapterTypeName="executor://xunit/VsTestRunner3/netcore/" className="ManagedCode.Communication.Tests.ResultExtensionsTests" name="Else_WithFailedResult_ShouldReturnAlternative" />
    </UnitTest>
    <UnitTest name="ManagedCode.Communication.Tests.Results.ResultTFailMethodsTests.ResultT_Fail_WithVariousStatusCodes_ShouldSetCorrectStatusCode(statusCode: Forbidden, expectedCode: 403)" storage="/users/ksemenenko/developer/communication/managedcode.communication.tests/bin/debug/net9.0/managedcode.communication.tests.dll" id="113ecb12-1851-7d32-03e7-16f3ffbfb55a">
      <Execution id="8bfbd8f1-97b0-4158-bd73-20f96cd0d844" />
      <TestMethod codeBase="/Users/ksemenenko/Developer/Communication/ManagedCode.Communication.Tests/bin/Debug/net9.0/ManagedCode.Communication.Tests.dll" adapterTypeName="executor://xunit/VsTestRunner3/netcore/" className="ManagedCode.Communication.Tests.Results.ResultTFailMethodsTests" name="ResultT_Fail_WithVariousStatusCodes_ShouldSetCorrectStatusCode" />
    </UnitTest>
    <UnitTest name="ManagedCode.Communication.Tests.Extensions.HttpResponseExtensionTests.FromRequestToResult_VariousErrorCodes_ReturnsFailedResult(statusCode: NotFound)" storage="/users/ksemenenko/developer/communication/managedcode.communication.tests/bin/debug/net9.0/managedcode.communication.tests.dll" id="ccd5cfd0-32c3-c2b9-53ed-9209b5a556a0">
      <Execution id="275b5dab-1610-414b-9b47-6fe72f1ab351" />
      <TestMethod codeBase="/Users/ksemenenko/Developer/Communication/ManagedCode.Communication.Tests/bin/Debug/net9.0/ManagedCode.Communication.Tests.dll" adapterTypeName="executor://xunit/VsTestRunner3/netcore/" className="ManagedCode.Communication.Tests.Extensions.HttpResponseExtensionTests" name="FromRequestToResult_VariousErrorCodes_ReturnsFailedResult" />
    </UnitTest>
    <UnitTest name="ManagedCode.Communication.Tests.Results.ProblemTests.HasErrorCode_WithMatchingEnum_ShouldReturnTrue" storage="/users/ksemenenko/developer/communication/managedcode.communication.tests/bin/debug/net9.0/managedcode.communication.tests.dll" id="3f8cf111-d901-cf6d-6700-aa95356160f6">
      <Execution id="913ffa14-f003-4394-949c-5365ca42c785" />
      <TestMethod codeBase="/Users/ksemenenko/Developer/Communication/ManagedCode.Communication.Tests/bin/Debug/net9.0/ManagedCode.Communication.Tests.dll" adapterTypeName="executor://xunit/VsTestRunner3/netcore/" className="ManagedCode.Communication.Tests.Results.ProblemTests" name="HasErrorCode_WithMatchingEnum_ShouldReturnTrue" />
    </UnitTest>
    <UnitTest name="ManagedCode.Communication.Tests.ResultExtensionsTests.BindAsync_WithSuccessResult_ShouldExecuteNextAsync" storage="/users/ksemenenko/developer/communication/managedcode.communication.tests/bin/debug/net9.0/managedcode.communication.tests.dll" id="baa49532-b762-d0bf-3c21-bfb8f673b4c2">
      <Execution id="8f1c9f2f-bcb1-4a4e-b2d6-2cbd5872c35d" />
      <TestMethod codeBase="/Users/ksemenenko/Developer/Communication/ManagedCode.Communication.Tests/bin/Debug/net9.0/ManagedCode.Communication.Tests.dll" adapterTypeName="executor://xunit/VsTestRunner3/netcore/" className="ManagedCode.Communication.Tests.ResultExtensionsTests" name="BindAsync_WithSuccessResult_ShouldExecuteNextAsync" />
    </UnitTest>
    <UnitTest name="ManagedCode.Communication.Tests.Results.ResultInvalidMethodsTests.Result_InvalidT_WithEnumAndDictionary_ShouldCreateValidationResultWithAllData" storage="/users/ksemenenko/developer/communication/managedcode.communication.tests/bin/debug/net9.0/managedcode.communication.tests.dll" id="cab07736-a7f9-5cae-27f4-2374346d547f">
      <Execution id="3d094e4e-c992-499f-b879-ae2f2ce56721" />
      <TestMethod codeBase="/Users/ksemenenko/Developer/Communication/ManagedCode.Communication.Tests/bin/Debug/net9.0/ManagedCode.Communication.Tests.dll" adapterTypeName="executor://xunit/VsTestRunner3/netcore/" className="ManagedCode.Communication.Tests.Results.ResultInvalidMethodsTests" name="Result_InvalidT_WithEnumAndDictionary_ShouldCreateValidationResultWithAllData" />
    </UnitTest>
    <UnitTest name="ManagedCode.Communication.Tests.Results.ResultTTests.Fail_WithProblem_ShouldCreateFailedResult" storage="/users/ksemenenko/developer/communication/managedcode.communication.tests/bin/debug/net9.0/managedcode.communication.tests.dll" id="92ceef80-e5b7-c89c-a796-a51df0e588f6">
      <Execution id="95cde3f3-61b0-4e91-8b3b-09170e198c03" />
      <TestMethod codeBase="/Users/ksemenenko/Developer/Communication/ManagedCode.Communication.Tests/bin/Debug/net9.0/ManagedCode.Communication.Tests.dll" adapterTypeName="executor://xunit/VsTestRunner3/netcore/" className="ManagedCode.Communication.Tests.Results.ResultTTests" name="Fail_WithProblem_ShouldCreateFailedResult" />
    </UnitTest>
    <UnitTest name="ManagedCode.Communication.Tests.ResultExtensionsTests.Bind_WithFailedResult_ShouldNotExecuteNext" storage="/users/ksemenenko/developer/communication/managedcode.communication.tests/bin/debug/net9.0/managedcode.communication.tests.dll" id="99f21baf-cf67-7cbd-a714-a2085e10f456">
      <Execution id="6d32b843-b708-4e18-934a-cc25d53bfc2b" />
      <TestMethod codeBase="/Users/ksemenenko/Developer/Communication/ManagedCode.Communication.Tests/bin/Debug/net9.0/ManagedCode.Communication.Tests.dll" adapterTypeName="executor://xunit/VsTestRunner3/netcore/" className="ManagedCode.Communication.Tests.ResultExtensionsTests" name="Bind_WithFailedResult_ShouldNotExecuteNext" />
    </UnitTest>
    <UnitTest name="ManagedCode.Communication.Tests.Extensions.ProblemExtensionsTests.ToFailedResult_WithComplexExtensions_ShouldPreserveAllData" storage="/users/ksemenenko/developer/communication/managedcode.communication.tests/bin/debug/net9.0/managedcode.communication.tests.dll" id="0789453e-d5f1-17cb-3560-d081385bfb12">
      <Execution id="8a6eafaf-7f6d-44d2-b23e-1c8e55a8e1fb" />
      <TestMethod codeBase="/Users/ksemenenko/Developer/Communication/ManagedCode.Communication.Tests/bin/Debug/net9.0/ManagedCode.Communication.Tests.dll" adapterTypeName="executor://xunit/VsTestRunner3/netcore/" className="ManagedCode.Communication.Tests.Extensions.ProblemExtensionsTests" name="ToFailedResult_WithComplexExtensions_ShouldPreserveAllData" />
    </UnitTest>
    <UnitTest name="ManagedCode.Communication.Tests.OrleansTests.GrainClientTests.Result" storage="/users/ksemenenko/developer/communication/managedcode.communication.tests/bin/debug/net9.0/managedcode.communication.tests.dll" id="ff152fd0-403e-f4ec-a73e-1cd296d1d014">
      <Execution id="7136cf05-df67-48a5-8b7e-38bc2109bd94" />
      <TestMethod codeBase="/Users/ksemenenko/Developer/Communication/ManagedCode.Communication.Tests/bin/Debug/net9.0/ManagedCode.Communication.Tests.dll" adapterTypeName="executor://xunit/VsTestRunner3/netcore/" className="ManagedCode.Communication.Tests.OrleansTests.GrainClientTests" name="Result" />
    </UnitTest>
    <UnitTest name="ManagedCode.Communication.Tests.Results.CollectionResultInvalidMethodsTests.CollectionResult_Invalid_WithMessage_ShouldCreateValidationResultWithMessage" storage="/users/ksemenenko/developer/communication/managedcode.communication.tests/bin/debug/net9.0/managedcode.communication.tests.dll" id="bbc19fbb-4fd9-f2cb-1f28-6829bede514a">
      <Execution id="64f78038-b6e4-4140-8357-6d481f925d6c" />
      <TestMethod codeBase="/Users/ksemenenko/Developer/Communication/ManagedCode.Communication.Tests/bin/Debug/net9.0/ManagedCode.Communication.Tests.dll" adapterTypeName="executor://xunit/VsTestRunner3/netcore/" className="ManagedCode.Communication.Tests.Results.CollectionResultInvalidMethodsTests" name="CollectionResult_Invalid_WithMessage_ShouldCreateValidationResultWithMessage" />
    </UnitTest>
    <UnitTest name="ManagedCode.Communication.Tests.Results.ResultProblemExtensionsTests.ResultT_ToException_WithSuccess_ReturnsNull" storage="/users/ksemenenko/developer/communication/managedcode.communication.tests/bin/debug/net9.0/managedcode.communication.tests.dll" id="828ebdfa-0128-aaf1-8748-bbedc7e269f8">
      <Execution id="bbeb67bb-6c72-4c7b-995e-ae01e5a5bf57" />
      <TestMethod codeBase="/Users/ksemenenko/Developer/Communication/ManagedCode.Communication.Tests/bin/Debug/net9.0/ManagedCode.Communication.Tests.dll" adapterTypeName="executor://xunit/VsTestRunner3/netcore/" className="ManagedCode.Communication.Tests.Results.ResultProblemExtensionsTests" name="ResultT_ToException_WithSuccess_ReturnsNull" />
    </UnitTest>
    <UnitTest name="ManagedCode.Communication.Tests.Results.RailwayOrientedProgrammingTests.Match_WithSuccess_ShouldExecuteSuccessFunction" storage="/users/ksemenenko/developer/communication/managedcode.communication.tests/bin/debug/net9.0/managedcode.communication.tests.dll" id="3c37108a-c70c-c832-75e8-68781bee0ca1">
      <Execution id="6a3134cd-6917-401b-8cb4-59e9bc456b67" />
      <TestMethod codeBase="/Users/ksemenenko/Developer/Communication/ManagedCode.Communication.Tests/bin/Debug/net9.0/ManagedCode.Communication.Tests.dll" adapterTypeName="executor://xunit/VsTestRunner3/netcore/" className="ManagedCode.Communication.Tests.Results.RailwayOrientedProgrammingTests" name="Match_WithSuccess_ShouldExecuteSuccessFunction" />
    </UnitTest>
    <UnitTest name="ManagedCode.Communication.Tests.Serialization.ProblemJsonConverterTests.Serialize_BasicProblem_ProducesCorrectJson" storage="/users/ksemenenko/developer/communication/managedcode.communication.tests/bin/debug/net9.0/managedcode.communication.tests.dll" id="d4d49c29-9474-ecf3-0071-3ac279f9699d">
      <Execution id="fcbd3f1d-1615-4122-ac3c-0ca3d398a097" />
      <TestMethod codeBase="/Users/ksemenenko/Developer/Communication/ManagedCode.Communication.Tests/bin/Debug/net9.0/ManagedCode.Communication.Tests.dll" adapterTypeName="executor://xunit/VsTestRunner3/netcore/" className="ManagedCode.Communication.Tests.Serialization.ProblemJsonConverterTests" name="Serialize_BasicProblem_ProducesCorrectJson" />
    </UnitTest>
    <UnitTest name="ManagedCode.Communication.Tests.Results.ResultStaticHelperMethodsTests.Result_FailForbiddenT_WithDetail_ShouldCreateForbiddenResultTWithCustomDetail" storage="/users/ksemenenko/developer/communication/managedcode.communication.tests/bin/debug/net9.0/managedcode.communication.tests.dll" id="2003d62f-56fa-bdbd-776e-cef4ed468d9f">
      <Execution id="52b92cac-df11-471d-8034-2d47f8a69f0a" />
      <TestMethod codeBase="/Users/ksemenenko/Developer/Communication/ManagedCode.Communication.Tests/bin/Debug/net9.0/ManagedCode.Communication.Tests.dll" adapterTypeName="executor://xunit/VsTestRunner3/netcore/" className="ManagedCode.Communication.Tests.Results.ResultStaticHelperMethodsTests" name="Result_FailForbiddenT_WithDetail_ShouldCreateForbiddenResultTWithCustomDetail" />
    </UnitTest>
    <UnitTest name="ManagedCode.Communication.Tests.Results.ResultInvalidMethodsTests.Result_Invalid_WithEnum_ShouldCreateValidationResultWithErrorCode" storage="/users/ksemenenko/developer/communication/managedcode.communication.tests/bin/debug/net9.0/managedcode.communication.tests.dll" id="7e5d92fe-9e3c-cf14-2708-b9c99887e277">
      <Execution id="1f307df8-7489-44f9-965f-ea762cdb0195" />
      <TestMethod codeBase="/Users/ksemenenko/Developer/Communication/ManagedCode.Communication.Tests/bin/Debug/net9.0/ManagedCode.Communication.Tests.dll" adapterTypeName="executor://xunit/VsTestRunner3/netcore/" className="ManagedCode.Communication.Tests.Results.ResultInvalidMethodsTests" name="Result_Invalid_WithEnum_ShouldCreateValidationResultWithErrorCode" />
    </UnitTest>
    <UnitTest name="ManagedCode.Communication.Tests.Results.RailwayOrientedProgrammingTests.Map_WithFailure_ShouldShortCircuit" storage="/users/ksemenenko/developer/communication/managedcode.communication.tests/bin/debug/net9.0/managedcode.communication.tests.dll" id="2863e3f9-7f1d-bf75-8848-3b8f86ca80ef">
      <Execution id="7a6cafcd-0403-481d-a674-b4239795c670" />
      <TestMethod codeBase="/Users/ksemenenko/Developer/Communication/ManagedCode.Communication.Tests/bin/Debug/net9.0/ManagedCode.Communication.Tests.dll" adapterTypeName="executor://xunit/VsTestRunner3/netcore/" className="ManagedCode.Communication.Tests.Results.RailwayOrientedProgrammingTests" name="Map_WithFailure_ShouldShortCircuit" />
    </UnitTest>
    <UnitTest name="ManagedCode.Communication.Tests.Results.CollectionResultInvalidMethodsTests.CollectionResult_Invalid_WithSpecialCharacters_ShouldHandleCorrectly" storage="/users/ksemenenko/developer/communication/managedcode.communication.tests/bin/debug/net9.0/managedcode.communication.tests.dll" id="0d6b088a-4cbb-1e56-2603-e26c92fd9014">
      <Execution id="b0d93217-bdc4-4ef7-9968-4d16d731abd1" />
      <TestMethod codeBase="/Users/ksemenenko/Developer/Communication/ManagedCode.Communication.Tests/bin/Debug/net9.0/ManagedCode.Communication.Tests.dll" adapterTypeName="executor://xunit/VsTestRunner3/netcore/" className="ManagedCode.Communication.Tests.Results.CollectionResultInvalidMethodsTests" name="CollectionResult_Invalid_WithSpecialCharacters_ShouldHandleCorrectly" />
    </UnitTest>
    <UnitTest name="ManagedCode.Communication.Tests.CollectionResults.CollectionResultTaskExtensionsTests.AsTask_ReturnsSameCollectionResult" storage="/users/ksemenenko/developer/communication/managedcode.communication.tests/bin/debug/net9.0/managedcode.communication.tests.dll" id="c15364fc-afb3-2719-c704-523601813bbb">
      <Execution id="a30ab2fd-10cf-4701-860c-4268fd648ac2" />
      <TestMethod codeBase="/Users/ksemenenko/Developer/Communication/ManagedCode.Communication.Tests/bin/Debug/net9.0/ManagedCode.Communication.Tests.dll" adapterTypeName="executor://xunit/VsTestRunner3/netcore/" className="ManagedCode.Communication.Tests.CollectionResults.CollectionResultTaskExtensionsTests" name="AsTask_ReturnsSameCollectionResult" />
    </UnitTest>
    <UnitTest name="ManagedCode.Communication.Tests.Results.ProblemToExceptionErrorTests.ToException_WithStackTrace_ShouldNotPreserveStackTrace" storage="/users/ksemenenko/developer/communication/managedcode.communication.tests/bin/debug/net9.0/managedcode.communication.tests.dll" id="cb90d0c6-55d4-34fc-4dfd-762592dcaa9d">
      <Execution id="2d322b44-bb92-4378-8cf9-222012bd434e" />
      <TestMethod codeBase="/Users/ksemenenko/Developer/Communication/ManagedCode.Communication.Tests/bin/Debug/net9.0/ManagedCode.Communication.Tests.dll" adapterTypeName="executor://xunit/VsTestRunner3/netcore/" className="ManagedCode.Communication.Tests.Results.ProblemToExceptionErrorTests" name="ToException_WithStackTrace_ShouldNotPreserveStackTrace" />
    </UnitTest>
    <UnitTest name="ManagedCode.Communication.Tests.CollectionResults.CollectionResultFailMethodsTests.Fail_WithVariousStatusCodes_ShouldSetCorrectStatusCode(statusCode: NotFound, expectedCode: 404)" storage="/users/ksemenenko/developer/communication/managedcode.communication.tests/bin/debug/net9.0/managedcode.communication.tests.dll" id="37832d2b-c8b9-799c-6d67-0c7addb766d8">
      <Execution id="e4321ea2-fb13-4e77-a0ac-1973a3324e59" />
      <TestMethod codeBase="/Users/ksemenenko/Developer/Communication/ManagedCode.Communication.Tests/bin/Debug/net9.0/ManagedCode.Communication.Tests.dll" adapterTypeName="executor://xunit/VsTestRunner3/netcore/" className="ManagedCode.Communication.Tests.CollectionResults.CollectionResultFailMethodsTests" name="Fail_WithVariousStatusCodes_ShouldSetCorrectStatusCode" />
    </UnitTest>
    <UnitTest name="ManagedCode.Communication.Tests.Results.CollectionResultInvalidMethodsTests.CollectionResult_Invalid_WithNullValues_ShouldHandleGracefully" storage="/users/ksemenenko/developer/communication/managedcode.communication.tests/bin/debug/net9.0/managedcode.communication.tests.dll" id="10731ee9-0f6c-2f00-a7f4-089825b67c70">
      <Execution id="5231d428-ffbd-43d5-909d-f7d88bef7b6e" />
      <TestMethod codeBase="/Users/ksemenenko/Developer/Communication/ManagedCode.Communication.Tests/bin/Debug/net9.0/ManagedCode.Communication.Tests.dll" adapterTypeName="executor://xunit/VsTestRunner3/netcore/" className="ManagedCode.Communication.Tests.Results.CollectionResultInvalidMethodsTests" name="CollectionResult_Invalid_WithNullValues_ShouldHandleGracefully" />
    </UnitTest>
    <UnitTest name="ManagedCode.Communication.Tests.Extensions.RailwayExtensionsTests.Bind_FailedResult_DoesNotExecuteNext" storage="/users/ksemenenko/developer/communication/managedcode.communication.tests/bin/debug/net9.0/managedcode.communication.tests.dll" id="a3a28d8a-51fe-9a33-f869-0770b45eb339">
      <Execution id="c8b86da6-15be-4556-8173-4318872b6005" />
      <TestMethod codeBase="/Users/ksemenenko/Developer/Communication/ManagedCode.Communication.Tests/bin/Debug/net9.0/ManagedCode.Communication.Tests.dll" adapterTypeName="executor://xunit/VsTestRunner3/netcore/" className="ManagedCode.Communication.Tests.Extensions.RailwayExtensionsTests" name="Bind_FailedResult_DoesNotExecuteNext" />
    </UnitTest>
    <UnitTest name="ManagedCode.Communication.Tests.Orleans.Serialization.ProblemSerializationTests.Problem_WithCustomExtensions_ShouldSerializeCorrectly" storage="/users/ksemenenko/developer/communication/managedcode.communication.tests/bin/debug/net9.0/managedcode.communication.tests.dll" id="7ace1753-df5a-6da6-da58-a5f38ddbdf97">
      <Execution id="c12cd591-185f-438c-862a-ab16a3858b1a" />
      <TestMethod codeBase="/Users/ksemenenko/Developer/Communication/ManagedCode.Communication.Tests/bin/Debug/net9.0/ManagedCode.Communication.Tests.dll" adapterTypeName="executor://xunit/VsTestRunner3/netcore/" className="ManagedCode.Communication.Tests.Orleans.Serialization.ProblemSerializationTests" name="Problem_WithCustomExtensions_ShouldSerializeCorrectly" />
    </UnitTest>
    <UnitTest name="ManagedCode.Communication.Tests.Results.ResultTFailMethodsTests.ResultT_Fail_WithNullStrings_ShouldHandleGracefully" storage="/users/ksemenenko/developer/communication/managedcode.communication.tests/bin/debug/net9.0/managedcode.communication.tests.dll" id="3c6ac6c6-76bc-c0da-6388-565dd44e7fcd">
      <Execution id="42a6a609-5b5d-4c32-b89e-a762b1969644" />
      <TestMethod codeBase="/Users/ksemenenko/Developer/Communication/ManagedCode.Communication.Tests/bin/Debug/net9.0/ManagedCode.Communication.Tests.dll" adapterTypeName="executor://xunit/VsTestRunner3/netcore/" className="ManagedCode.Communication.Tests.Results.ResultTFailMethodsTests" name="ResultT_Fail_WithNullStrings_ShouldHandleGracefully" />
    </UnitTest>
    <UnitTest name="ManagedCode.Communication.Tests.Extensions.AdvancedRailwayExtensionsTests.CompensateWith_WithFailure_ReturnsDefaultValue" storage="/users/ksemenenko/developer/communication/managedcode.communication.tests/bin/debug/net9.0/managedcode.communication.tests.dll" id="d0a02f38-518c-0632-7faf-1a71626098e2">
      <Execution id="5afe3dfc-dccc-4f91-9e19-fcccf4cfaf32" />
      <TestMethod codeBase="/Users/ksemenenko/Developer/Communication/ManagedCode.Communication.Tests/bin/Debug/net9.0/ManagedCode.Communication.Tests.dll" adapterTypeName="executor://xunit/VsTestRunner3/netcore/" className="ManagedCode.Communication.Tests.Extensions.AdvancedRailwayExtensionsTests" name="CompensateWith_WithFailure_ReturnsDefaultValue" />
    </UnitTest>
    <UnitTest name="ManagedCode.Communication.Tests.Results.ResultFailMethodsTests.Result_Fail_WithInnerException_ShouldPreserveExceptionInfo" storage="/users/ksemenenko/developer/communication/managedcode.communication.tests/bin/debug/net9.0/managedcode.communication.tests.dll" id="99ec6b99-38ab-d9d3-1265-68ce728117c4">
      <Execution id="663d77b5-8d90-4158-8709-7f59970dae08" />
      <TestMethod codeBase="/Users/ksemenenko/Developer/Communication/ManagedCode.Communication.Tests/bin/Debug/net9.0/ManagedCode.Communication.Tests.dll" adapterTypeName="executor://xunit/VsTestRunner3/netcore/" className="ManagedCode.Communication.Tests.Results.ResultFailMethodsTests" name="Result_Fail_WithInnerException_ShouldPreserveExceptionInfo" />
    </UnitTest>
    <UnitTest name="ManagedCode.Communication.Tests.Orleans.Serialization.CollectionResultSerializationTests.CollectionResult_EmptyCollection_ShouldSerializeCorrectly" storage="/users/ksemenenko/developer/communication/managedcode.communication.tests/bin/debug/net9.0/managedcode.communication.tests.dll" id="0f1196ec-94c1-8ad4-9d54-4d5a2629230e">
      <Execution id="e70c4241-e421-44a2-8741-cf5c74769ad8" />
      <TestMethod codeBase="/Users/ksemenenko/Developer/Communication/ManagedCode.Communication.Tests/bin/Debug/net9.0/ManagedCode.Communication.Tests.dll" adapterTypeName="executor://xunit/VsTestRunner3/netcore/" className="ManagedCode.Communication.Tests.Orleans.Serialization.CollectionResultSerializationTests" name="CollectionResult_EmptyCollection_ShouldSerializeCorrectly" />
    </UnitTest>
    <UnitTest name="ManagedCode.Communication.Tests.ResultExtensionsTests.TapAsync_WithSuccessResult_ShouldExecuteAsyncAction" storage="/users/ksemenenko/developer/communication/managedcode.communication.tests/bin/debug/net9.0/managedcode.communication.tests.dll" id="311b6c3e-cccf-4b30-e7f9-449c9ecff942">
      <Execution id="af684dc2-8120-4b43-9c03-d9a67ee64efc" />
      <TestMethod codeBase="/Users/ksemenenko/Developer/Communication/ManagedCode.Communication.Tests/bin/Debug/net9.0/ManagedCode.Communication.Tests.dll" adapterTypeName="executor://xunit/VsTestRunner3/netcore/" className="ManagedCode.Communication.Tests.ResultExtensionsTests" name="TapAsync_WithSuccessResult_ShouldExecuteAsyncAction" />
    </UnitTest>
    <UnitTest name="ManagedCode.Communication.Tests.Results.ResultProblemExtensionsTests.Result_ThrowIfProblem_WithSuccess_DoesNotThrow" storage="/users/ksemenenko/developer/communication/managedcode.communication.tests/bin/debug/net9.0/managedcode.communication.tests.dll" id="7f21b0b4-e06a-6f12-ca83-6bc768cb16d0">
      <Execution id="37fc802a-03a3-4984-8cb4-98638e83569c" />
      <TestMethod codeBase="/Users/ksemenenko/Developer/Communication/ManagedCode.Communication.Tests/bin/Debug/net9.0/ManagedCode.Communication.Tests.dll" adapterTypeName="executor://xunit/VsTestRunner3/netcore/" className="ManagedCode.Communication.Tests.Results.ResultProblemExtensionsTests" name="Result_ThrowIfProblem_WithSuccess_DoesNotThrow" />
    </UnitTest>
    <UnitTest name="ManagedCode.Communication.Tests.AspNetCore.Extensions.ControllerExtensionsTests.ToActionResult_WithVariousStatusCodes_ReturnsCorrectStatusCode(statusCode: 500, title: &quot;Internal Server Error&quot;)" storage="/users/ksemenenko/developer/communication/managedcode.communication.tests/bin/debug/net9.0/managedcode.communication.tests.dll" id="b2e97849-9fd5-473a-c64e-60a1b38c0a1b">
      <Execution id="b5abd97f-c038-4d86-82ff-5814669aff25" />
      <TestMethod codeBase="/Users/ksemenenko/Developer/Communication/ManagedCode.Communication.Tests/bin/Debug/net9.0/ManagedCode.Communication.Tests.dll" adapterTypeName="executor://xunit/VsTestRunner3/netcore/" className="ManagedCode.Communication.Tests.AspNetCore.Extensions.ControllerExtensionsTests" name="ToActionResult_WithVariousStatusCodes_ReturnsCorrectStatusCode" />
    </UnitTest>
    <UnitTest name="ManagedCode.Communication.Tests.Results.ResultTests.FailUnauthorized_ShouldCreateUnauthorizedResult" storage="/users/ksemenenko/developer/communication/managedcode.communication.tests/bin/debug/net9.0/managedcode.communication.tests.dll" id="1801938a-5d0f-36fb-a9bb-fea7ab8914fe">
      <Execution id="a4d89228-4c74-4fdf-82c7-e1687b2278cd" />
      <TestMethod codeBase="/Users/ksemenenko/Developer/Communication/ManagedCode.Communication.Tests/bin/Debug/net9.0/ManagedCode.Communication.Tests.dll" adapterTypeName="executor://xunit/VsTestRunner3/netcore/" className="ManagedCode.Communication.Tests.Results.ResultTests" name="FailUnauthorized_ShouldCreateUnauthorizedResult" />
    </UnitTest>
    <UnitTest name="ManagedCode.Communication.Tests.AspNetCore.Extensions.ControllerExtensionsTests.ToActionResult_WithVariousStatusCodes_ReturnsCorrectStatusCode(statusCode: 401, title: &quot;Unauthorized&quot;)" storage="/users/ksemenenko/developer/communication/managedcode.communication.tests/bin/debug/net9.0/managedcode.communication.tests.dll" id="88f0c0b5-dc4a-4133-b95e-5ff2d41cf758">
      <Execution id="edf44148-e91f-4dbc-8e71-2fb8cbaa3a09" />
      <TestMethod codeBase="/Users/ksemenenko/Developer/Communication/ManagedCode.Communication.Tests/bin/Debug/net9.0/ManagedCode.Communication.Tests.dll" adapterTypeName="executor://xunit/VsTestRunner3/netcore/" className="ManagedCode.Communication.Tests.AspNetCore.Extensions.ControllerExtensionsTests" name="ToActionResult_WithVariousStatusCodes_ReturnsCorrectStatusCode" />
    </UnitTest>
    <UnitTest name="ManagedCode.Communication.Tests.Results.ResultTFailMethodsTests.ResultT_Fail_NoParameters_ShouldCreateFailedResult" storage="/users/ksemenenko/developer/communication/managedcode.communication.tests/bin/debug/net9.0/managedcode.communication.tests.dll" id="2db04800-c35a-cd8d-8f75-a8a0a4dfddd7">
      <Execution id="dce68d8e-697b-44e5-978d-8a91a3fd1bfe" />
      <TestMethod codeBase="/Users/ksemenenko/Developer/Communication/ManagedCode.Communication.Tests/bin/Debug/net9.0/ManagedCode.Communication.Tests.dll" adapterTypeName="executor://xunit/VsTestRunner3/netcore/" className="ManagedCode.Communication.Tests.Results.ResultTFailMethodsTests" name="ResultT_Fail_NoParameters_ShouldCreateFailedResult" />
    </UnitTest>
    <UnitTest name="ManagedCode.Communication.Tests.Orleans.Serialization.ProblemSerializationTests.Problem_WithAllFields_ShouldSerializeCorrectly" storage="/users/ksemenenko/developer/communication/managedcode.communication.tests/bin/debug/net9.0/managedcode.communication.tests.dll" id="6ae26cda-9ea5-f09e-3c41-fb491e5f7a36">
      <Execution id="0d20339a-671d-45be-b215-3634aa4ba5a8" />
      <TestMethod codeBase="/Users/ksemenenko/Developer/Communication/ManagedCode.Communication.Tests/bin/Debug/net9.0/ManagedCode.Communication.Tests.dll" adapterTypeName="executor://xunit/VsTestRunner3/netcore/" className="ManagedCode.Communication.Tests.Orleans.Serialization.ProblemSerializationTests" name="Problem_WithAllFields_ShouldSerializeCorrectly" />
    </UnitTest>
    <UnitTest name="ManagedCode.Communication.Tests.Results.ResultTFailMethodsTests.ResultT_FailNotFound_WithDetail_ShouldCreateNotFoundResultWithCustomDetail" storage="/users/ksemenenko/developer/communication/managedcode.communication.tests/bin/debug/net9.0/managedcode.communication.tests.dll" id="4d4f77cf-2c12-609f-bf50-7abe8c10f4d6">
      <Execution id="4794a215-e8ab-49f6-ab72-2b3c27f274b2" />
      <TestMethod codeBase="/Users/ksemenenko/Developer/Communication/ManagedCode.Communication.Tests/bin/Debug/net9.0/ManagedCode.Communication.Tests.dll" adapterTypeName="executor://xunit/VsTestRunner3/netcore/" className="ManagedCode.Communication.Tests.Results.ResultTFailMethodsTests" name="ResultT_FailNotFound_WithDetail_ShouldCreateNotFoundResultWithCustomDetail" />
    </UnitTest>
    <UnitTest name="ManagedCode.Communication.Tests.Results.ProblemToExceptionErrorTests.ToException_WithArgumentNullException_ShouldReconstructWithMessage" storage="/users/ksemenenko/developer/communication/managedcode.communication.tests/bin/debug/net9.0/managedcode.communication.tests.dll" id="9d8d30df-7116-4e69-8b1e-8fe0e301647c">
      <Execution id="ce92399f-52cb-48f5-9dcb-9ad21bb1d693" />
      <TestMethod codeBase="/Users/ksemenenko/Developer/Communication/ManagedCode.Communication.Tests/bin/Debug/net9.0/ManagedCode.Communication.Tests.dll" adapterTypeName="executor://xunit/VsTestRunner3/netcore/" className="ManagedCode.Communication.Tests.Results.ProblemToExceptionErrorTests" name="ToException_WithArgumentNullException_ShouldReconstructWithMessage" />
    </UnitTest>
    <UnitTest name="ManagedCode.Communication.Tests.ProblemTests.ProblemCreateMethodsTests.Problem_AddValidationError_ToEmptyProblem_ShouldCreateErrorsDictionary" storage="/users/ksemenenko/developer/communication/managedcode.communication.tests/bin/debug/net9.0/managedcode.communication.tests.dll" id="a555e622-b970-4ded-325b-3f0c89ae34f6">
      <Execution id="aa234f57-3c59-4384-9bd3-63fbb83c1ed8" />
      <TestMethod codeBase="/Users/ksemenenko/Developer/Communication/ManagedCode.Communication.Tests/bin/Debug/net9.0/ManagedCode.Communication.Tests.dll" adapterTypeName="executor://xunit/VsTestRunner3/netcore/" className="ManagedCode.Communication.Tests.ProblemTests.ProblemCreateMethodsTests" name="Problem_AddValidationError_ToEmptyProblem_ShouldCreateErrorsDictionary" />
    </UnitTest>
    <UnitTest name="ManagedCode.Communication.Tests.Commands.CommandTests.FromIdValue" storage="/users/ksemenenko/developer/communication/managedcode.communication.tests/bin/debug/net9.0/managedcode.communication.tests.dll" id="8849bd85-5b3b-67b2-7599-9a1cb03570c4">
      <Execution id="8192c831-92d4-49d2-a902-27ba5919c29f" />
      <TestMethod codeBase="/Users/ksemenenko/Developer/Communication/ManagedCode.Communication.Tests/bin/Debug/net9.0/ManagedCode.Communication.Tests.dll" adapterTypeName="executor://xunit/VsTestRunner3/netcore/" className="ManagedCode.Communication.Tests.Commands.CommandTests" name="FromIdValue" />
    </UnitTest>
    <UnitTest name="ManagedCode.Communication.Tests.Results.ResultHelperMethodsTests.Result_Match_WithSuccess_ShouldCallOnSuccess" storage="/users/ksemenenko/developer/communication/managedcode.communication.tests/bin/debug/net9.0/managedcode.communication.tests.dll" id="bd642842-e695-04ad-0f5e-7e2ce55f0969">
      <Execution id="3972e1b6-a416-49da-a088-9289db9c9c57" />
      <TestMethod codeBase="/Users/ksemenenko/Developer/Communication/ManagedCode.Communication.Tests/bin/Debug/net9.0/ManagedCode.Communication.Tests.dll" adapterTypeName="executor://xunit/VsTestRunner3/netcore/" className="ManagedCode.Communication.Tests.Results.ResultHelperMethodsTests" name="Result_Match_WithSuccess_ShouldCallOnSuccess" />
    </UnitTest>
    <UnitTest name="ManagedCode.Communication.Tests.Results.ProblemToExceptionTests.ToException_FromProblemCreatedFromNullReferenceException_ShouldReconstructOriginalExceptionType" storage="/users/ksemenenko/developer/communication/managedcode.communication.tests/bin/debug/net9.0/managedcode.communication.tests.dll" id="8309389d-9c6a-c3cd-d6dd-b15a89fb2045">
      <Execution id="ecd03e08-9a69-47fd-9a90-8f896628709e" />
      <TestMethod codeBase="/Users/ksemenenko/Developer/Communication/ManagedCode.Communication.Tests/bin/Debug/net9.0/ManagedCode.Communication.Tests.dll" adapterTypeName="executor://xunit/VsTestRunner3/netcore/" className="ManagedCode.Communication.Tests.Results.ProblemToExceptionTests" name="ToException_FromProblemCreatedFromNullReferenceException_ShouldReconstructOriginalExceptionType" />
    </UnitTest>
    <UnitTest name="ManagedCode.Communication.Tests.CollectionResults.CollectionResultFailMethodsTests.FailValidation_WithSingleError_ShouldCreateValidationFailedResult" storage="/users/ksemenenko/developer/communication/managedcode.communication.tests/bin/debug/net9.0/managedcode.communication.tests.dll" id="29839775-d400-0a7a-0eaf-63aa5f9e74a9">
      <Execution id="221f934b-c058-41d6-bd1b-332adbfd3a0d" />
      <TestMethod codeBase="/Users/ksemenenko/Developer/Communication/ManagedCode.Communication.Tests/bin/Debug/net9.0/ManagedCode.Communication.Tests.dll" adapterTypeName="executor://xunit/VsTestRunner3/netcore/" className="ManagedCode.Communication.Tests.CollectionResults.CollectionResultFailMethodsTests" name="FailValidation_WithSingleError_ShouldCreateValidationFailedResult" />
    </UnitTest>
    <UnitTest name="ManagedCode.Communication.Tests.ResultExtensionsTests.Map_WithFailedResult_ShouldPropagateFailure" storage="/users/ksemenenko/developer/communication/managedcode.communication.tests/bin/debug/net9.0/managedcode.communication.tests.dll" id="1e89b684-e978-3894-3e18-fc74f760e637">
      <Execution id="059d0edf-0a0d-426b-b809-28b01596246c" />
      <TestMethod codeBase="/Users/ksemenenko/Developer/Communication/ManagedCode.Communication.Tests/bin/Debug/net9.0/ManagedCode.Communication.Tests.dll" adapterTypeName="executor://xunit/VsTestRunner3/netcore/" className="ManagedCode.Communication.Tests.ResultExtensionsTests" name="Map_WithFailedResult_ShouldPropagateFailure" />
    </UnitTest>
    <UnitTest name="ManagedCode.Communication.Tests.Orleans.Serialization.CollectionResultSerializationTests.CollectionResult_WithComplexObjects_ShouldSerializeCorrectly" storage="/users/ksemenenko/developer/communication/managedcode.communication.tests/bin/debug/net9.0/managedcode.communication.tests.dll" id="01712ad9-1f0a-7bad-d728-5d046cd9246c">
      <Execution id="422fd148-6ec1-495a-937a-7751a36da3b1" />
      <TestMethod codeBase="/Users/ksemenenko/Developer/Communication/ManagedCode.Communication.Tests/bin/Debug/net9.0/ManagedCode.Communication.Tests.dll" adapterTypeName="executor://xunit/VsTestRunner3/netcore/" className="ManagedCode.Communication.Tests.Orleans.Serialization.CollectionResultSerializationTests" name="CollectionResult_WithComplexObjects_ShouldSerializeCorrectly" />
    </UnitTest>
    <UnitTest name="ManagedCode.Communication.Tests.OrleansTests.GrainClientTests.ValueTaskResultError" storage="/users/ksemenenko/developer/communication/managedcode.communication.tests/bin/debug/net9.0/managedcode.communication.tests.dll" id="75533a59-7aee-ba55-d67e-cbe9946ac332">
      <Execution id="6c1c5d2d-6258-42fe-adef-2fecdc0c446b" />
      <TestMethod codeBase="/Users/ksemenenko/Developer/Communication/ManagedCode.Communication.Tests/bin/Debug/net9.0/ManagedCode.Communication.Tests.dll" adapterTypeName="executor://xunit/VsTestRunner3/netcore/" className="ManagedCode.Communication.Tests.OrleansTests.GrainClientTests" name="ValueTaskResultError" />
    </UnitTest>
    <UnitTest name="ManagedCode.Communication.Tests.Results.ResultTFailMethodsTests.ResultT_Fail_WithValue_ShouldCreateFailedResultWithValue" storage="/users/ksemenenko/developer/communication/managedcode.communication.tests/bin/debug/net9.0/managedcode.communication.tests.dll" id="64fe7f30-f5e7-1996-7e8e-17085fa9413f">
      <Execution id="2560f93d-ddda-41c4-8e2b-adc6623f677d" />
      <TestMethod codeBase="/Users/ksemenenko/Developer/Communication/ManagedCode.Communication.Tests/bin/Debug/net9.0/ManagedCode.Communication.Tests.dll" adapterTypeName="executor://xunit/VsTestRunner3/netcore/" className="ManagedCode.Communication.Tests.Results.ResultTFailMethodsTests" name="ResultT_Fail_WithValue_ShouldCreateFailedResultWithValue" />
    </UnitTest>
    <UnitTest name="ManagedCode.Communication.Tests.Results.ProblemToExceptionErrorTests.ToException_WithExceptionDataContainingComplexTypes_ShouldPreserveSerializableData" storage="/users/ksemenenko/developer/communication/managedcode.communication.tests/bin/debug/net9.0/managedcode.communication.tests.dll" id="b88b04a9-2785-97aa-c842-3b008f5ab60a">
      <Execution id="f617a0b0-c8d4-4091-9151-c3c00684c9a4" />
      <TestMethod codeBase="/Users/ksemenenko/Developer/Communication/ManagedCode.Communication.Tests/bin/Debug/net9.0/ManagedCode.Communication.Tests.dll" adapterTypeName="executor://xunit/VsTestRunner3/netcore/" className="ManagedCode.Communication.Tests.Results.ProblemToExceptionErrorTests" name="ToException_WithExceptionDataContainingComplexTypes_ShouldPreserveSerializableData" />
    </UnitTest>
    <UnitTest name="ManagedCode.Communication.Tests.Extensions.AdvancedRailwayExtensionsTests.Do_WithSuccess_ExecutesAction" storage="/users/ksemenenko/developer/communication/managedcode.communication.tests/bin/debug/net9.0/managedcode.communication.tests.dll" id="c12c22a4-61c9-8d54-02dc-fa4d09ff71de">
      <Execution id="25498bf0-fe6d-4ee0-8aa8-748b8ad94c13" />
      <TestMethod codeBase="/Users/ksemenenko/Developer/Communication/ManagedCode.Communication.Tests/bin/Debug/net9.0/ManagedCode.Communication.Tests.dll" adapterTypeName="executor://xunit/VsTestRunner3/netcore/" className="ManagedCode.Communication.Tests.Extensions.AdvancedRailwayExtensionsTests" name="Do_WithSuccess_ExecutesAction" />
    </UnitTest>
    <UnitTest name="ManagedCode.Communication.Tests.Serialization.SerializationTests.CommandT_WithCustomType_ShouldSerializeAndDeserialize" storage="/users/ksemenenko/developer/communication/managedcode.communication.tests/bin/debug/net9.0/managedcode.communication.tests.dll" id="ed5c2593-cfa6-d545-7875-1061dd65dead">
      <Execution id="5b5ebf71-12bd-40ad-acb7-e99b2e974635" />
      <TestMethod codeBase="/Users/ksemenenko/Developer/Communication/ManagedCode.Communication.Tests/bin/Debug/net9.0/ManagedCode.Communication.Tests.dll" adapterTypeName="executor://xunit/VsTestRunner3/netcore/" className="ManagedCode.Communication.Tests.Serialization.SerializationTests" name="CommandT_WithCustomType_ShouldSerializeAndDeserialize" />
    </UnitTest>
    <UnitTest name="ManagedCode.Communication.Tests.AspNetCore.Extensions.ControllerExtensionsTests.ToActionResult_WithVariousStatusCodes_ReturnsCorrectStatusCode(statusCode: 409, title: &quot;Conflict&quot;)" storage="/users/ksemenenko/developer/communication/managedcode.communication.tests/bin/debug/net9.0/managedcode.communication.tests.dll" id="84853a77-193c-be7b-a6c8-566bcbdc46e5">
      <Execution id="5068458a-b404-4867-9e75-9bd66d80531a" />
      <TestMethod codeBase="/Users/ksemenenko/Developer/Communication/ManagedCode.Communication.Tests/bin/Debug/net9.0/ManagedCode.Communication.Tests.dll" adapterTypeName="executor://xunit/VsTestRunner3/netcore/" className="ManagedCode.Communication.Tests.AspNetCore.Extensions.ControllerExtensionsTests" name="ToActionResult_WithVariousStatusCodes_ReturnsCorrectStatusCode" />
    </UnitTest>
    <UnitTest name="ManagedCode.Communication.Tests.Results.ResultHelperMethodsTests.ResultT_ThrowIfFail_WithFailure_ShouldThrowProblemException" storage="/users/ksemenenko/developer/communication/managedcode.communication.tests/bin/debug/net9.0/managedcode.communication.tests.dll" id="71c2c6e3-3e9a-c3a1-9360-c0c1796ab5f0">
      <Execution id="cf6b8795-10ae-4e55-b2a4-ed788462110a" />
      <TestMethod codeBase="/Users/ksemenenko/Developer/Communication/ManagedCode.Communication.Tests/bin/Debug/net9.0/ManagedCode.Communication.Tests.dll" adapterTypeName="executor://xunit/VsTestRunner3/netcore/" className="ManagedCode.Communication.Tests.Results.ResultHelperMethodsTests" name="ResultT_ThrowIfFail_WithFailure_ShouldThrowProblemException" />
    </UnitTest>
    <UnitTest name="ManagedCode.Communication.Tests.CollectionResults.CollectionResultFailMethodsTests.FailNotFound_WithDetail_ShouldCreateNotFoundResultWithCustomDetail" storage="/users/ksemenenko/developer/communication/managedcode.communication.tests/bin/debug/net9.0/managedcode.communication.tests.dll" id="010c27e2-8f1f-944a-38fc-aee10e8009f3">
      <Execution id="7325015d-1f7a-4e11-b4fe-e8e7fb4adf6c" />
      <TestMethod codeBase="/Users/ksemenenko/Developer/Communication/ManagedCode.Communication.Tests/bin/Debug/net9.0/ManagedCode.Communication.Tests.dll" adapterTypeName="executor://xunit/VsTestRunner3/netcore/" className="ManagedCode.Communication.Tests.CollectionResults.CollectionResultFailMethodsTests" name="FailNotFound_WithDetail_ShouldCreateNotFoundResultWithCustomDetail" />
    </UnitTest>
    <UnitTest name="ManagedCode.Communication.Tests.Results.ResultInvalidMethodsTests.Result_InvalidT_WithEnumKeyValue_ShouldCreateValidationResultWithAll" storage="/users/ksemenenko/developer/communication/managedcode.communication.tests/bin/debug/net9.0/managedcode.communication.tests.dll" id="d071d2b4-c4a7-1efa-7f89-25ed537b122f">
      <Execution id="605a6a4b-1aa7-40a0-bc87-58b9de46c7b1" />
      <TestMethod codeBase="/Users/ksemenenko/Developer/Communication/ManagedCode.Communication.Tests/bin/Debug/net9.0/ManagedCode.Communication.Tests.dll" adapterTypeName="executor://xunit/VsTestRunner3/netcore/" className="ManagedCode.Communication.Tests.Results.ResultInvalidMethodsTests" name="Result_InvalidT_WithEnumKeyValue_ShouldCreateValidationResultWithAll" />
    </UnitTest>
    <UnitTest name="ManagedCode.Communication.Tests.Results.ResultFailMethodsTests.Result_FailUnauthorized_WithDetail_ShouldCreateUnauthorizedResultWithCustomDetail" storage="/users/ksemenenko/developer/communication/managedcode.communication.tests/bin/debug/net9.0/managedcode.communication.tests.dll" id="05b76220-fd76-c7b5-cf44-0c20f6f56988">
      <Execution id="dae03c1e-ac21-444a-ba0d-cc1647012cec" />
      <TestMethod codeBase="/Users/ksemenenko/Developer/Communication/ManagedCode.Communication.Tests/bin/Debug/net9.0/ManagedCode.Communication.Tests.dll" adapterTypeName="executor://xunit/VsTestRunner3/netcore/" className="ManagedCode.Communication.Tests.Results.ResultFailMethodsTests" name="Result_FailUnauthorized_WithDetail_ShouldCreateUnauthorizedResultWithCustomDetail" />
    </UnitTest>
    <UnitTest name="ManagedCode.Communication.Tests.Results.ResultInvalidMethodsTests.Result_Invalid_WithMessage_ShouldCreateValidationResultWithMessage" storage="/users/ksemenenko/developer/communication/managedcode.communication.tests/bin/debug/net9.0/managedcode.communication.tests.dll" id="df273bdc-b799-b559-21e2-0d80141c0703">
      <Execution id="b5c46f2c-faf0-40a4-a604-a9b007164eb9" />
      <TestMethod codeBase="/Users/ksemenenko/Developer/Communication/ManagedCode.Communication.Tests/bin/Debug/net9.0/ManagedCode.Communication.Tests.dll" adapterTypeName="executor://xunit/VsTestRunner3/netcore/" className="ManagedCode.Communication.Tests.Results.ResultInvalidMethodsTests" name="Result_Invalid_WithMessage_ShouldCreateValidationResultWithMessage" />
    </UnitTest>
    <UnitTest name="ManagedCode.Communication.Tests.Results.ProblemToExceptionTests.ToException_FromProblemCreatedManually_ShouldReturnProblemException" storage="/users/ksemenenko/developer/communication/managedcode.communication.tests/bin/debug/net9.0/managedcode.communication.tests.dll" id="8e29e473-880f-e0c6-1aef-64cf243a141f">
      <Execution id="b6200ee1-a6d4-4541-b98f-3998a6e81e6d" />
      <TestMethod codeBase="/Users/ksemenenko/Developer/Communication/ManagedCode.Communication.Tests/bin/Debug/net9.0/ManagedCode.Communication.Tests.dll" adapterTypeName="executor://xunit/VsTestRunner3/netcore/" className="ManagedCode.Communication.Tests.Results.ProblemToExceptionTests" name="ToException_FromProblemCreatedManually_ShouldReturnProblemException" />
    </UnitTest>
    <UnitTest name="ManagedCode.Communication.Tests.AspNetCore.Helpers.HttpStatusCodeHelperTests.GetStatusCodeForException_AspNetSpecificExceptions_ReturnsCorrectStatusCode(exceptionType: typeof(Microsoft.AspNetCore.Authentication.AuthenticationFailureException), expectedStatusCode: Unauthorized)" storage="/users/ksemenenko/developer/communication/managedcode.communication.tests/bin/debug/net9.0/managedcode.communication.tests.dll" id="7ff39c97-478d-f2e4-50d2-c28a6439c9b4">
      <Execution id="d024ad9f-4d06-4a59-af05-2bcdeb50a7a8" />
      <TestMethod codeBase="/Users/ksemenenko/Developer/Communication/ManagedCode.Communication.Tests/bin/Debug/net9.0/ManagedCode.Communication.Tests.dll" adapterTypeName="executor://xunit/VsTestRunner3/netcore/" className="ManagedCode.Communication.Tests.AspNetCore.Helpers.HttpStatusCodeHelperTests" name="GetStatusCodeForException_AspNetSpecificExceptions_ReturnsCorrectStatusCode" />
    </UnitTest>
    <UnitTest name="ManagedCode.Communication.Tests.Extensions.RailwayExtensionsTests.Ensure_SuccessfulResultValidPredicate_RemainsSuccessful" storage="/users/ksemenenko/developer/communication/managedcode.communication.tests/bin/debug/net9.0/managedcode.communication.tests.dll" id="f4bee914-5ce1-371a-8400-7e20f637c3a1">
      <Execution id="9f292c26-e4a7-4be5-a4df-62e25174c92a" />
      <TestMethod codeBase="/Users/ksemenenko/Developer/Communication/ManagedCode.Communication.Tests/bin/Debug/net9.0/ManagedCode.Communication.Tests.dll" adapterTypeName="executor://xunit/VsTestRunner3/netcore/" className="ManagedCode.Communication.Tests.Extensions.RailwayExtensionsTests" name="Ensure_SuccessfulResultValidPredicate_RemainsSuccessful" />
    </UnitTest>
    <UnitTest name="ManagedCode.Communication.Tests.Serialization.ProblemJsonConverterTests.Serialize_DifferentTypeValues_HandlesCorrectly(inputType: &quot;custom-type&quot;, expectedType: &quot;custom-type&quot;)" storage="/users/ksemenenko/developer/communication/managedcode.communication.tests/bin/debug/net9.0/managedcode.communication.tests.dll" id="556708dc-3ea7-4044-1a0d-7548df8b4302">
      <Execution id="bce3f804-070d-44a9-b1ce-9220c1709bcf" />
      <TestMethod codeBase="/Users/ksemenenko/Developer/Communication/ManagedCode.Communication.Tests/bin/Debug/net9.0/ManagedCode.Communication.Tests.dll" adapterTypeName="executor://xunit/VsTestRunner3/netcore/" className="ManagedCode.Communication.Tests.Serialization.ProblemJsonConverterTests" name="Serialize_DifferentTypeValues_HandlesCorrectly" />
    </UnitTest>
    <UnitTest name="ManagedCode.Communication.Tests.Commands.CommandIdempotencyTests.ServiceCollectionExtensions_AddCommandIdempotency_WithCustomType_RegistersCustomStore" storage="/users/ksemenenko/developer/communication/managedcode.communication.tests/bin/debug/net9.0/managedcode.communication.tests.dll" id="add0ad5f-199f-f6df-7026-48c8dac56905">
      <Execution id="355713f6-8948-43b3-b6f1-987f1e59fc7e" />
      <TestMethod codeBase="/Users/ksemenenko/Developer/Communication/ManagedCode.Communication.Tests/bin/Debug/net9.0/ManagedCode.Communication.Tests.dll" adapterTypeName="executor://xunit/VsTestRunner3/netcore/" className="ManagedCode.Communication.Tests.Commands.CommandIdempotencyTests" name="ServiceCollectionExtensions_AddCommandIdempotency_WithCustomType_RegistersCustomStore" />
    </UnitTest>
    <UnitTest name="ManagedCode.Communication.Tests.CollectionResults.CollectionResultFromMethodsTests.From_FuncReturningCollectionResult_ShouldReturnSameResult" storage="/users/ksemenenko/developer/communication/managedcode.communication.tests/bin/debug/net9.0/managedcode.communication.tests.dll" id="ee9232ac-1b99-3b56-d749-59bfec2b6ae0">
      <Execution id="2975eaa0-0547-4206-9f49-275e4a03e31f" />
      <TestMethod codeBase="/Users/ksemenenko/Developer/Communication/ManagedCode.Communication.Tests/bin/Debug/net9.0/ManagedCode.Communication.Tests.dll" adapterTypeName="executor://xunit/VsTestRunner3/netcore/" className="ManagedCode.Communication.Tests.CollectionResults.CollectionResultFromMethodsTests" name="From_FuncReturningCollectionResult_ShouldReturnSameResult" />
    </UnitTest>
    <UnitTest name="ManagedCode.Communication.Tests.Results.ProblemTests.GetErrorCodeAs_WithNoErrorCode_ShouldReturnNull" storage="/users/ksemenenko/developer/communication/managedcode.communication.tests/bin/debug/net9.0/managedcode.communication.tests.dll" id="df342db9-d835-84be-dabd-9832a44dda8d">
      <Execution id="dc8e9d9b-4954-438e-9380-1cb4fc4e5fac" />
      <TestMethod codeBase="/Users/ksemenenko/Developer/Communication/ManagedCode.Communication.Tests/bin/Debug/net9.0/ManagedCode.Communication.Tests.dll" adapterTypeName="executor://xunit/VsTestRunner3/netcore/" className="ManagedCode.Communication.Tests.Results.ProblemTests" name="GetErrorCodeAs_WithNoErrorCode_ShouldReturnNull" />
    </UnitTest>
    <UnitTest name="ManagedCode.Communication.Tests.Results.ProblemToExceptionTests.ToException_FromProblemWithoutOriginalType_ShouldReturnProblemException" storage="/users/ksemenenko/developer/communication/managedcode.communication.tests/bin/debug/net9.0/managedcode.communication.tests.dll" id="b530df44-9215-c330-3e2e-fee288d86fdb">
      <Execution id="adc2d33c-81fb-4a4a-a2da-852377761f86" />
      <TestMethod codeBase="/Users/ksemenenko/Developer/Communication/ManagedCode.Communication.Tests/bin/Debug/net9.0/ManagedCode.Communication.Tests.dll" adapterTypeName="executor://xunit/VsTestRunner3/netcore/" className="ManagedCode.Communication.Tests.Results.ProblemToExceptionTests" name="ToException_FromProblemWithoutOriginalType_ShouldReturnProblemException" />
    </UnitTest>
    <UnitTest name="ManagedCode.Communication.Tests.Extensions.RailwayExtensionsTests.Map_FailedResult_DoesNotTransform" storage="/users/ksemenenko/developer/communication/managedcode.communication.tests/bin/debug/net9.0/managedcode.communication.tests.dll" id="4ba07ff2-86ed-f85e-fabc-04e7d2882c05">
      <Execution id="1c3df2ed-cfbe-4652-ac36-45fb695e0c70" />
      <TestMethod codeBase="/Users/ksemenenko/Developer/Communication/ManagedCode.Communication.Tests/bin/Debug/net9.0/ManagedCode.Communication.Tests.dll" adapterTypeName="executor://xunit/VsTestRunner3/netcore/" className="ManagedCode.Communication.Tests.Extensions.RailwayExtensionsTests" name="Map_FailedResult_DoesNotTransform" />
    </UnitTest>
    <UnitTest name="ManagedCode.Communication.Tests.Results.ResultStaticHelperMethodsTests.Result_FailValidationT_WithSingleError_ShouldCreateValidationFailedResultT" storage="/users/ksemenenko/developer/communication/managedcode.communication.tests/bin/debug/net9.0/managedcode.communication.tests.dll" id="8b9c529a-f659-c89a-aa3e-a5fad6a9fea7">
      <Execution id="350cb7d4-d338-4e69-8e1f-d0ac1930dc0c" />
      <TestMethod codeBase="/Users/ksemenenko/Developer/Communication/ManagedCode.Communication.Tests/bin/Debug/net9.0/ManagedCode.Communication.Tests.dll" adapterTypeName="executor://xunit/VsTestRunner3/netcore/" className="ManagedCode.Communication.Tests.Results.ResultStaticHelperMethodsTests" name="Result_FailValidationT_WithSingleError_ShouldCreateValidationFailedResultT" />
    </UnitTest>
    <UnitTest name="ManagedCode.Communication.Tests.Extensions.RailwayExtensionsTests.BindAsync_FailedResult_DoesNotExecuteNext" storage="/users/ksemenenko/developer/communication/managedcode.communication.tests/bin/debug/net9.0/managedcode.communication.tests.dll" id="0c081f03-f141-0619-9968-29fcf1784e6e">
      <Execution id="2123a6e1-6f1f-4ddb-92dd-a11a7ccd6649" />
      <TestMethod codeBase="/Users/ksemenenko/Developer/Communication/ManagedCode.Communication.Tests/bin/Debug/net9.0/ManagedCode.Communication.Tests.dll" adapterTypeName="executor://xunit/VsTestRunner3/netcore/" className="ManagedCode.Communication.Tests.Extensions.RailwayExtensionsTests" name="BindAsync_FailedResult_DoesNotExecuteNext" />
    </UnitTest>
    <UnitTest name="ManagedCode.Communication.Tests.ProblemTests.ProblemCreateMethodsTests.Problem_GetValidationErrors_WithNoErrors_ShouldReturnNull" storage="/users/ksemenenko/developer/communication/managedcode.communication.tests/bin/debug/net9.0/managedcode.communication.tests.dll" id="0fe4f40f-241c-ae23-d168-04e5e87dcc9b">
      <Execution id="e5ba4763-8bd4-41fd-817a-aed64f3e428a" />
      <TestMethod codeBase="/Users/ksemenenko/Developer/Communication/ManagedCode.Communication.Tests/bin/Debug/net9.0/ManagedCode.Communication.Tests.dll" adapterTypeName="executor://xunit/VsTestRunner3/netcore/" className="ManagedCode.Communication.Tests.ProblemTests.ProblemCreateMethodsTests" name="Problem_GetValidationErrors_WithNoErrors_ShouldReturnNull" />
    </UnitTest>
    <UnitTest name="ManagedCode.Communication.Tests.CollectionResults.CollectionResultFromMethodsTests.From_FuncReturningLinqQuery_ShouldCreateSuccessResult" storage="/users/ksemenenko/developer/communication/managedcode.communication.tests/bin/debug/net9.0/managedcode.communication.tests.dll" id="c13a92d4-2ab4-786d-c78f-fbc74a9bc6bf">
      <Execution id="7ebf27e1-cd7e-480f-8ac7-9d948ab43d74" />
      <TestMethod codeBase="/Users/ksemenenko/Developer/Communication/ManagedCode.Communication.Tests/bin/Debug/net9.0/ManagedCode.Communication.Tests.dll" adapterTypeName="executor://xunit/VsTestRunner3/netcore/" className="ManagedCode.Communication.Tests.CollectionResults.CollectionResultFromMethodsTests" name="From_FuncReturningLinqQuery_ShouldCreateSuccessResult" />
    </UnitTest>
    <UnitTest name="ManagedCode.Communication.Tests.Results.ResultExecutionExtensionsTests.From_FuncValueTask_Exception_ReturnsFailure" storage="/users/ksemenenko/developer/communication/managedcode.communication.tests/bin/debug/net9.0/managedcode.communication.tests.dll" id="ac40fa17-fca9-f194-2c44-acdc7dd54977">
      <Execution id="61d86834-133a-40da-b7c8-cbd9a8757267" />
      <TestMethod codeBase="/Users/ksemenenko/Developer/Communication/ManagedCode.Communication.Tests/bin/Debug/net9.0/ManagedCode.Communication.Tests.dll" adapterTypeName="executor://xunit/VsTestRunner3/netcore/" className="ManagedCode.Communication.Tests.Results.ResultExecutionExtensionsTests" name="From_FuncValueTask_Exception_ReturnsFailure" />
    </UnitTest>
    <UnitTest name="ManagedCode.Communication.Tests.ProblemTests.ProblemCreateMethodsTests.Problem_Create_WithNumericEnum_ShouldUseEnumName" storage="/users/ksemenenko/developer/communication/managedcode.communication.tests/bin/debug/net9.0/managedcode.communication.tests.dll" id="663d5ff2-e7a3-93d3-3ad8-ed7a224ab1bf">
      <Execution id="35c10c5a-a499-4b62-81d0-b56783f9bced" />
      <TestMethod codeBase="/Users/ksemenenko/Developer/Communication/ManagedCode.Communication.Tests/bin/Debug/net9.0/ManagedCode.Communication.Tests.dll" adapterTypeName="executor://xunit/VsTestRunner3/netcore/" className="ManagedCode.Communication.Tests.ProblemTests.ProblemCreateMethodsTests" name="Problem_Create_WithNumericEnum_ShouldUseEnumName" />
    </UnitTest>
    <UnitTest name="ManagedCode.Communication.Tests.Results.ResultProblemExtensionsTests.Result_ToException_WithNoProblem_ReturnsNull" storage="/users/ksemenenko/developer/communication/managedcode.communication.tests/bin/debug/net9.0/managedcode.communication.tests.dll" id="c614edd0-76ce-fb26-f649-05d99b0f8e74">
      <Execution id="fe189512-d14a-4a90-8c36-f742aed7cc7c" />
      <TestMethod codeBase="/Users/ksemenenko/Developer/Communication/ManagedCode.Communication.Tests/bin/Debug/net9.0/ManagedCode.Communication.Tests.dll" adapterTypeName="executor://xunit/VsTestRunner3/netcore/" className="ManagedCode.Communication.Tests.Results.ResultProblemExtensionsTests" name="Result_ToException_WithNoProblem_ReturnsNull" />
    </UnitTest>
    <UnitTest name="ManagedCode.Communication.Tests.Results.ProblemExceptionTests.Constructor_WithValidationProblem_ShouldPopulateValidationErrors" storage="/users/ksemenenko/developer/communication/managedcode.communication.tests/bin/debug/net9.0/managedcode.communication.tests.dll" id="078ca2ce-f079-2c28-76dc-9a1936031e13">
      <Execution id="019cbbd8-d05d-4727-8f23-3f444b095554" />
      <TestMethod codeBase="/Users/ksemenenko/Developer/Communication/ManagedCode.Communication.Tests/bin/Debug/net9.0/ManagedCode.Communication.Tests.dll" adapterTypeName="executor://xunit/VsTestRunner3/netcore/" className="ManagedCode.Communication.Tests.Results.ProblemExceptionTests" name="Constructor_WithValidationProblem_ShouldPopulateValidationErrors" />
    </UnitTest>
    <UnitTest name="ManagedCode.Communication.Tests.Results.ProblemExceptionTests.Constructor_WithProblemContainingErrorCode_ShouldPopulateData" storage="/users/ksemenenko/developer/communication/managedcode.communication.tests/bin/debug/net9.0/managedcode.communication.tests.dll" id="95d48be6-afa8-e71d-dd78-cc9c789b5af7">
      <Execution id="a3feda57-012d-4f9e-b579-ef5f2fbca69d" />
      <TestMethod codeBase="/Users/ksemenenko/Developer/Communication/ManagedCode.Communication.Tests/bin/Debug/net9.0/ManagedCode.Communication.Tests.dll" adapterTypeName="executor://xunit/VsTestRunner3/netcore/" className="ManagedCode.Communication.Tests.Results.ProblemExceptionTests" name="Constructor_WithProblemContainingErrorCode_ShouldPopulateData" />
    </UnitTest>
    <UnitTest name="ManagedCode.Communication.Tests.ProblemTests.ProblemCreateMethodsTests.Problem_Create_FromInnerException_ShouldUseOuterException" storage="/users/ksemenenko/developer/communication/managedcode.communication.tests/bin/debug/net9.0/managedcode.communication.tests.dll" id="90b509f3-eaa4-5292-2d86-2fb0253e9169">
      <Execution id="532df47d-8d1c-44f9-bec0-bf2fc9bed35b" />
      <TestMethod codeBase="/Users/ksemenenko/Developer/Communication/ManagedCode.Communication.Tests/bin/Debug/net9.0/ManagedCode.Communication.Tests.dll" adapterTypeName="executor://xunit/VsTestRunner3/netcore/" className="ManagedCode.Communication.Tests.ProblemTests.ProblemCreateMethodsTests" name="Problem_Create_FromInnerException_ShouldUseOuterException" />
    </UnitTest>
    <UnitTest name="ManagedCode.Communication.Tests.Extensions.HttpResponseExtensionTests.FromRequestToResult_CreatedStatusCode_ReturnsSuccessResult" storage="/users/ksemenenko/developer/communication/managedcode.communication.tests/bin/debug/net9.0/managedcode.communication.tests.dll" id="5f4a1235-e961-3153-b47b-89c12ab81383">
      <Execution id="75019667-bf21-4e0a-a1a6-2e13c1b2f7c5" />
      <TestMethod codeBase="/Users/ksemenenko/Developer/Communication/ManagedCode.Communication.Tests/bin/Debug/net9.0/ManagedCode.Communication.Tests.dll" adapterTypeName="executor://xunit/VsTestRunner3/netcore/" className="ManagedCode.Communication.Tests.Extensions.HttpResponseExtensionTests" name="FromRequestToResult_CreatedStatusCode_ReturnsSuccessResult" />
    </UnitTest>
    <UnitTest name="ManagedCode.Communication.Tests.Results.ResultHelperMethodsTests.ResultT_ThrowIfFail_WithSuccess_ShouldReturnFalse" storage="/users/ksemenenko/developer/communication/managedcode.communication.tests/bin/debug/net9.0/managedcode.communication.tests.dll" id="ec173942-74cf-fb84-c8bf-7bb7f9f4c8c4">
      <Execution id="8609d215-c505-4936-9bb0-710ab2ee2340" />
      <TestMethod codeBase="/Users/ksemenenko/Developer/Communication/ManagedCode.Communication.Tests/bin/Debug/net9.0/ManagedCode.Communication.Tests.dll" adapterTypeName="executor://xunit/VsTestRunner3/netcore/" className="ManagedCode.Communication.Tests.Results.ResultHelperMethodsTests" name="ResultT_ThrowIfFail_WithSuccess_ShouldReturnFalse" />
    </UnitTest>
    <UnitTest name="ManagedCode.Communication.Tests.Results.ResultStaticHelperMethodsTests.Result_FailForbiddenT_NoParameters_ShouldCreateForbiddenResultT" storage="/users/ksemenenko/developer/communication/managedcode.communication.tests/bin/debug/net9.0/managedcode.communication.tests.dll" id="9b5dfb80-ce41-e436-1e7d-ce9b1aff93d9">
      <Execution id="b064a641-cd0e-4b39-b83e-da5d86a81f97" />
      <TestMethod codeBase="/Users/ksemenenko/Developer/Communication/ManagedCode.Communication.Tests/bin/Debug/net9.0/ManagedCode.Communication.Tests.dll" adapterTypeName="executor://xunit/VsTestRunner3/netcore/" className="ManagedCode.Communication.Tests.Results.ResultStaticHelperMethodsTests" name="Result_FailForbiddenT_NoParameters_ShouldCreateForbiddenResultT" />
    </UnitTest>
    <UnitTest name="ManagedCode.Communication.Tests.Commands.CommandExtensionsTests.WithMetadata_AssignsExistingInstance" storage="/users/ksemenenko/developer/communication/managedcode.communication.tests/bin/debug/net9.0/managedcode.communication.tests.dll" id="73b22343-d27d-02ec-64f3-97c9276c247c">
      <Execution id="c3fc4d03-7f82-43f7-8efa-08fbe3a37c34" />
      <TestMethod codeBase="/Users/ksemenenko/Developer/Communication/ManagedCode.Communication.Tests/bin/Debug/net9.0/ManagedCode.Communication.Tests.dll" adapterTypeName="executor://xunit/VsTestRunner3/netcore/" className="ManagedCode.Communication.Tests.Commands.CommandExtensionsTests" name="WithMetadata_AssignsExistingInstance" />
    </UnitTest>
    <UnitTest name="ManagedCode.Communication.Tests.Extensions.ProblemExtensionsTests.AddInvalidMessage_ShouldAddValidationError" storage="/users/ksemenenko/developer/communication/managedcode.communication.tests/bin/debug/net9.0/managedcode.communication.tests.dll" id="d38b1376-8e35-d896-b696-31aebb9da9b5">
      <Execution id="d6549fbc-dc29-4a07-9b7b-45daa017dd1a" />
      <TestMethod codeBase="/Users/ksemenenko/Developer/Communication/ManagedCode.Communication.Tests/bin/Debug/net9.0/ManagedCode.Communication.Tests.dll" adapterTypeName="executor://xunit/VsTestRunner3/netcore/" className="ManagedCode.Communication.Tests.Extensions.ProblemExtensionsTests" name="AddInvalidMessage_ShouldAddValidationError" />
    </UnitTest>
    <UnitTest name="ManagedCode.Communication.Tests.Extensions.HttpResponseExtensionTests.FromRequestToResult_VariousSuccessCodes_ReturnsSuccessResult(statusCode: NoContent)" storage="/users/ksemenenko/developer/communication/managedcode.communication.tests/bin/debug/net9.0/managedcode.communication.tests.dll" id="58ae3268-0514-bfd0-e929-cd5bbcd15459">
      <Execution id="5f48103f-791f-42eb-82f0-698a5143768e" />
      <TestMethod codeBase="/Users/ksemenenko/Developer/Communication/ManagedCode.Communication.Tests/bin/Debug/net9.0/ManagedCode.Communication.Tests.dll" adapterTypeName="executor://xunit/VsTestRunner3/netcore/" className="ManagedCode.Communication.Tests.Extensions.HttpResponseExtensionTests" name="FromRequestToResult_VariousSuccessCodes_ReturnsSuccessResult" />
    </UnitTest>
    <UnitTest name="ManagedCode.Communication.Tests.CollectionResults.CollectionResultFromMethodsTests.From_TaskReturningFailedCollectionResult_ShouldReturnFailedResult" storage="/users/ksemenenko/developer/communication/managedcode.communication.tests/bin/debug/net9.0/managedcode.communication.tests.dll" id="5ff238f1-95c7-893f-0944-9f7af0bf7443">
      <Execution id="3d69e639-e69d-4095-b2f6-bbdf731e93d9" />
      <TestMethod codeBase="/Users/ksemenenko/Developer/Communication/ManagedCode.Communication.Tests/bin/Debug/net9.0/ManagedCode.Communication.Tests.dll" adapterTypeName="executor://xunit/VsTestRunner3/netcore/" className="ManagedCode.Communication.Tests.CollectionResults.CollectionResultFromMethodsTests" name="From_TaskReturningFailedCollectionResult_ShouldReturnFailedResult" />
    </UnitTest>
    <UnitTest name="ManagedCode.Communication.Tests.Results.ResultTTests.Bind_WithFailedResult_ShouldReturnFailedResult" storage="/users/ksemenenko/developer/communication/managedcode.communication.tests/bin/debug/net9.0/managedcode.communication.tests.dll" id="420227c9-e6b9-b50e-d05f-d761ad3cd58e">
      <Execution id="784a3fcc-f4e1-48c9-9330-1abbc15e41db" />
      <TestMethod codeBase="/Users/ksemenenko/Developer/Communication/ManagedCode.Communication.Tests/bin/Debug/net9.0/ManagedCode.Communication.Tests.dll" adapterTypeName="executor://xunit/VsTestRunner3/netcore/" className="ManagedCode.Communication.Tests.Results.ResultTTests" name="Bind_WithFailedResult_ShouldReturnFailedResult" />
    </UnitTest>
    <UnitTest name="ManagedCode.Communication.Tests.Results.ResultOperatorsTests.ResultT_Fail_WithEnum_ShouldCreateFailedResultWithErrorCode" storage="/users/ksemenenko/developer/communication/managedcode.communication.tests/bin/debug/net9.0/managedcode.communication.tests.dll" id="411a9c2f-81ff-4d70-023d-fdced9c6f4ac">
      <Execution id="9db71dca-14ae-41ad-8ebf-a9bcf10732e5" />
      <TestMethod codeBase="/Users/ksemenenko/Developer/Communication/ManagedCode.Communication.Tests/bin/Debug/net9.0/ManagedCode.Communication.Tests.dll" adapterTypeName="executor://xunit/VsTestRunner3/netcore/" className="ManagedCode.Communication.Tests.Results.ResultOperatorsTests" name="ResultT_Fail_WithEnum_ShouldCreateFailedResultWithErrorCode" />
    </UnitTest>
    <UnitTest name="ManagedCode.Communication.Tests.AspNetCore.Extensions.ServiceCollectionExtensionsTests.Communication_Should_Handle_Custom_Problems" storage="/users/ksemenenko/developer/communication/managedcode.communication.tests/bin/debug/net9.0/managedcode.communication.tests.dll" id="5a48316b-ec69-9349-5cec-20c5ea85e97a">
      <Execution id="1d30109e-7041-48d5-8d5c-c6618b60c679" />
      <TestMethod codeBase="/Users/ksemenenko/Developer/Communication/ManagedCode.Communication.Tests/bin/Debug/net9.0/ManagedCode.Communication.Tests.dll" adapterTypeName="executor://xunit/VsTestRunner3/netcore/" className="ManagedCode.Communication.Tests.AspNetCore.Extensions.ServiceCollectionExtensionsTests" name="Communication_Should_Handle_Custom_Problems" />
    </UnitTest>
    <UnitTest name="ManagedCode.Communication.Tests.CollectionResults.CollectionResultFromMethodsTests.From_FuncTaskEnumerable_ShouldCreateSuccessResult" storage="/users/ksemenenko/developer/communication/managedcode.communication.tests/bin/debug/net9.0/managedcode.communication.tests.dll" id="3d9f20f0-96d2-34ea-57ab-5c0f35cc018c">
      <Execution id="657fb3ad-35d1-4d8d-ba52-c521ddf244d2" />
      <TestMethod codeBase="/Users/ksemenenko/Developer/Communication/ManagedCode.Communication.Tests/bin/Debug/net9.0/ManagedCode.Communication.Tests.dll" adapterTypeName="executor://xunit/VsTestRunner3/netcore/" className="ManagedCode.Communication.Tests.CollectionResults.CollectionResultFromMethodsTests" name="From_FuncTaskEnumerable_ShouldCreateSuccessResult" />
    </UnitTest>
    <UnitTest name="ManagedCode.Communication.Tests.Extensions.ResultConversionExtensionsTests.AsResult_CanBeChainedWithRailwayMethods" storage="/users/ksemenenko/developer/communication/managedcode.communication.tests/bin/debug/net9.0/managedcode.communication.tests.dll" id="4396ccba-9d89-e148-82bd-72965c7a7035">
      <Execution id="6bbe4b7d-a3d1-42f6-b338-ee81b7f520c3" />
      <TestMethod codeBase="/Users/ksemenenko/Developer/Communication/ManagedCode.Communication.Tests/bin/Debug/net9.0/ManagedCode.Communication.Tests.dll" adapterTypeName="executor://xunit/VsTestRunner3/netcore/" className="ManagedCode.Communication.Tests.Extensions.ResultConversionExtensionsTests" name="AsResult_CanBeChainedWithRailwayMethods" />
    </UnitTest>
    <UnitTest name="ManagedCode.Communication.Tests.Results.ProblemToExceptionTests.ToException_FromProblemCreatedFromArgumentException_ShouldReconstructOriginalExceptionType" storage="/users/ksemenenko/developer/communication/managedcode.communication.tests/bin/debug/net9.0/managedcode.communication.tests.dll" id="2ef4b8d6-5cce-708a-31e5-cb9e269c0acc">
      <Execution id="0bd0e8d1-3050-4716-ac61-b86d9371a476" />
      <TestMethod codeBase="/Users/ksemenenko/Developer/Communication/ManagedCode.Communication.Tests/bin/Debug/net9.0/ManagedCode.Communication.Tests.dll" adapterTypeName="executor://xunit/VsTestRunner3/netcore/" className="ManagedCode.Communication.Tests.Results.ProblemToExceptionTests" name="ToException_FromProblemCreatedFromArgumentException_ShouldReconstructOriginalExceptionType" />
    </UnitTest>
    <UnitTest name="ManagedCode.Communication.Tests.Results.CollectionResultTests.Empty_ShouldCreateEmptyResult" storage="/users/ksemenenko/developer/communication/managedcode.communication.tests/bin/debug/net9.0/managedcode.communication.tests.dll" id="977cf24f-20f0-af04-f9fd-88296a80a191">
      <Execution id="e7e868c2-2bc0-410a-8928-6f90bad87171" />
      <TestMethod codeBase="/Users/ksemenenko/Developer/Communication/ManagedCode.Communication.Tests/bin/Debug/net9.0/ManagedCode.Communication.Tests.dll" adapterTypeName="executor://xunit/VsTestRunner3/netcore/" className="ManagedCode.Communication.Tests.Results.CollectionResultTests" name="Empty_ShouldCreateEmptyResult" />
    </UnitTest>
    <UnitTest name="ManagedCode.Communication.Tests.Results.RailwayOrientedProgrammingTests.ResultTry_WithFailingAction_ShouldReturnFailure" storage="/users/ksemenenko/developer/communication/managedcode.communication.tests/bin/debug/net9.0/managedcode.communication.tests.dll" id="8cdb7f81-87b1-9f11-bc65-382e5a57ef43">
      <Execution id="2ab6dcf7-0fc7-4de5-954d-7af4e81fd869" />
      <TestMethod codeBase="/Users/ksemenenko/Developer/Communication/ManagedCode.Communication.Tests/bin/Debug/net9.0/ManagedCode.Communication.Tests.dll" adapterTypeName="executor://xunit/VsTestRunner3/netcore/" className="ManagedCode.Communication.Tests.Results.RailwayOrientedProgrammingTests" name="ResultTry_WithFailingAction_ShouldReturnFailure" />
    </UnitTest>
    <UnitTest name="ManagedCode.Communication.Tests.CollectionResults.CollectionResultFromMethodsTests.From_FuncReturningEmptyArray_ShouldCreateEmptySuccessResult" storage="/users/ksemenenko/developer/communication/managedcode.communication.tests/bin/debug/net9.0/managedcode.communication.tests.dll" id="ce37d29c-9229-7c0c-b4e5-a6fef8dbd478">
      <Execution id="f2d8ed9f-ae90-41f5-a512-22447e839dc4" />
      <TestMethod codeBase="/Users/ksemenenko/Developer/Communication/ManagedCode.Communication.Tests/bin/Debug/net9.0/ManagedCode.Communication.Tests.dll" adapterTypeName="executor://xunit/VsTestRunner3/netcore/" className="ManagedCode.Communication.Tests.CollectionResults.CollectionResultFromMethodsTests" name="From_FuncReturningEmptyArray_ShouldCreateEmptySuccessResult" />
    </UnitTest>
    <UnitTest name="ManagedCode.Communication.Tests.Commands.MemoryCacheCommandIdempotencyStoreTests.TryGetCachedResultAsync_WhenResultExists_ReturnsResult" storage="/users/ksemenenko/developer/communication/managedcode.communication.tests/bin/debug/net9.0/managedcode.communication.tests.dll" id="49968c77-db79-7bef-f137-feb610539b3e">
      <Execution id="ad9ddb95-0633-44f5-9c4a-c10e93dbab64" />
      <TestMethod codeBase="/Users/ksemenenko/Developer/Communication/ManagedCode.Communication.Tests/bin/Debug/net9.0/ManagedCode.Communication.Tests.dll" adapterTypeName="executor://xunit/VsTestRunner3/netcore/" className="ManagedCode.Communication.Tests.Commands.MemoryCacheCommandIdempotencyStoreTests" name="TryGetCachedResultAsync_WhenResultExists_ReturnsResult" />
    </UnitTest>
    <UnitTest name="ManagedCode.Communication.Tests.Extensions.ProblemExtensionsTests.ToProblemDetails_WithZeroStatusCode_ShouldSetStatusToNull" storage="/users/ksemenenko/developer/communication/managedcode.communication.tests/bin/debug/net9.0/managedcode.communication.tests.dll" id="ecd658bb-d82c-2e31-7762-ce43abc7546e">
      <Execution id="28303f01-97a0-41cc-9f76-c27e523d07fa" />
      <TestMethod codeBase="/Users/ksemenenko/Developer/Communication/ManagedCode.Communication.Tests/bin/Debug/net9.0/ManagedCode.Communication.Tests.dll" adapterTypeName="executor://xunit/VsTestRunner3/netcore/" className="ManagedCode.Communication.Tests.Extensions.ProblemExtensionsTests" name="ToProblemDetails_WithZeroStatusCode_ShouldSetStatusToNull" />
    </UnitTest>
    <UnitTest name="ManagedCode.Communication.Tests.CollectionResults.CollectionResultFailMethodsTests.Fail_WithVariousStatusCodes_ShouldSetCorrectStatusCode(statusCode: BadRequest, expectedCode: 400)" storage="/users/ksemenenko/developer/communication/managedcode.communication.tests/bin/debug/net9.0/managedcode.communication.tests.dll" id="f0903404-1a3b-41c9-12e3-9c19c9690b95">
      <Execution id="96d67eab-4061-4458-922f-919e4e56d3d6" />
      <TestMethod codeBase="/Users/ksemenenko/Developer/Communication/ManagedCode.Communication.Tests/bin/Debug/net9.0/ManagedCode.Communication.Tests.dll" adapterTypeName="executor://xunit/VsTestRunner3/netcore/" className="ManagedCode.Communication.Tests.CollectionResults.CollectionResultFailMethodsTests" name="Fail_WithVariousStatusCodes_ShouldSetCorrectStatusCode" />
    </UnitTest>
    <UnitTest name="ManagedCode.Communication.Tests.Results.ResultTests.ImplicitOperator_FromBool_True_ShouldCreateSuccessfulResult" storage="/users/ksemenenko/developer/communication/managedcode.communication.tests/bin/debug/net9.0/managedcode.communication.tests.dll" id="832db953-3174-9e47-9e79-c9e962a5dc9a">
      <Execution id="61373717-a42c-4ebf-bab3-fc7961d098f8" />
      <TestMethod codeBase="/Users/ksemenenko/Developer/Communication/ManagedCode.Communication.Tests/bin/Debug/net9.0/ManagedCode.Communication.Tests.dll" adapterTypeName="executor://xunit/VsTestRunner3/netcore/" className="ManagedCode.Communication.Tests.Results.ResultTests" name="ImplicitOperator_FromBool_True_ShouldCreateSuccessfulResult" />
    </UnitTest>
    <UnitTest name="ManagedCode.Communication.Tests.Results.ProblemCreationExtensionsTests.ToProblem_FromEnum_WithCustomStatusCode_ShouldUseProvidedStatusCode" storage="/users/ksemenenko/developer/communication/managedcode.communication.tests/bin/debug/net9.0/managedcode.communication.tests.dll" id="db4a1ba0-50c4-f6cd-52e6-befecc6109d1">
      <Execution id="fd73175e-bd06-4263-9c76-e37f68cf56c0" />
      <TestMethod codeBase="/Users/ksemenenko/Developer/Communication/ManagedCode.Communication.Tests/bin/Debug/net9.0/ManagedCode.Communication.Tests.dll" adapterTypeName="executor://xunit/VsTestRunner3/netcore/" className="ManagedCode.Communication.Tests.Results.ProblemCreationExtensionsTests" name="ToProblem_FromEnum_WithCustomStatusCode_ShouldUseProvidedStatusCode" />
    </UnitTest>
    <UnitTest name="ManagedCode.Communication.Tests.Extensions.AdvancedRailwayExtensionsTests.OkIf_WithTrueCondition_KeepsSuccess" storage="/users/ksemenenko/developer/communication/managedcode.communication.tests/bin/debug/net9.0/managedcode.communication.tests.dll" id="c31f1374-aadb-6c82-3feb-88f26c5a10d3">
      <Execution id="b7853577-9aa6-4499-8eaf-6e2cd8a05584" />
      <TestMethod codeBase="/Users/ksemenenko/Developer/Communication/ManagedCode.Communication.Tests/bin/Debug/net9.0/ManagedCode.Communication.Tests.dll" adapterTypeName="executor://xunit/VsTestRunner3/netcore/" className="ManagedCode.Communication.Tests.Extensions.AdvancedRailwayExtensionsTests" name="OkIf_WithTrueCondition_KeepsSuccess" />
    </UnitTest>
    <UnitTest name="ManagedCode.Communication.Tests.Extensions.ProblemExtensionsTests.AsProblemDetails_ShouldConvertProblemToProblemDetails" storage="/users/ksemenenko/developer/communication/managedcode.communication.tests/bin/debug/net9.0/managedcode.communication.tests.dll" id="4eab4e72-83a1-9aa2-b249-0d3036fab2e0">
      <Execution id="60f3709f-f084-44db-841c-3ea5ebf3d789" />
      <TestMethod codeBase="/Users/ksemenenko/Developer/Communication/ManagedCode.Communication.Tests/bin/Debug/net9.0/ManagedCode.Communication.Tests.dll" adapterTypeName="executor://xunit/VsTestRunner3/netcore/" className="ManagedCode.Communication.Tests.Extensions.ProblemExtensionsTests" name="AsProblemDetails_ShouldConvertProblemToProblemDetails" />
    </UnitTest>
    <UnitTest name="ManagedCode.Communication.Tests.CollectionResults.CollectionResultFromMethodsTests.From_GenericSuccessCollectionResult_ShouldReturnSuccessResult" storage="/users/ksemenenko/developer/communication/managedcode.communication.tests/bin/debug/net9.0/managedcode.communication.tests.dll" id="1ee7f53c-e626-990a-6b17-a9a8097992ee">
      <Execution id="7a3562b6-bc99-4780-a43d-fd875e69d70e" />
      <TestMethod codeBase="/Users/ksemenenko/Developer/Communication/ManagedCode.Communication.Tests/bin/Debug/net9.0/ManagedCode.Communication.Tests.dll" adapterTypeName="executor://xunit/VsTestRunner3/netcore/" className="ManagedCode.Communication.Tests.CollectionResults.CollectionResultFromMethodsTests" name="From_GenericSuccessCollectionResult_ShouldReturnSuccessResult" />
    </UnitTest>
    <UnitTest name="ManagedCode.Communication.Tests.Results.ResultOperatorsTests.CollectionResult_SucceedFromArray_ShouldCreateSuccessResult" storage="/users/ksemenenko/developer/communication/managedcode.communication.tests/bin/debug/net9.0/managedcode.communication.tests.dll" id="a335cdf5-8bc7-ca99-6fe9-64ef25663cd0">
      <Execution id="f3b9feff-625e-4c62-9333-bac2a0373084" />
      <TestMethod codeBase="/Users/ksemenenko/Developer/Communication/ManagedCode.Communication.Tests/bin/Debug/net9.0/ManagedCode.Communication.Tests.dll" adapterTypeName="executor://xunit/VsTestRunner3/netcore/" className="ManagedCode.Communication.Tests.Results.ResultOperatorsTests" name="CollectionResult_SucceedFromArray_ShouldCreateSuccessResult" />
    </UnitTest>
    <UnitTest name="ManagedCode.Communication.Tests.Orleans.Serialization.ProblemSerializationTests.Problem_ValidationErrors_ShouldSerializeCorrectly" storage="/users/ksemenenko/developer/communication/managedcode.communication.tests/bin/debug/net9.0/managedcode.communication.tests.dll" id="e3201c67-d417-c3b4-88e0-58c89ff57ebe">
      <Execution id="0296bbf6-43d5-48ce-ae7a-3dd2ab39f25e" />
      <TestMethod codeBase="/Users/ksemenenko/Developer/Communication/ManagedCode.Communication.Tests/bin/Debug/net9.0/ManagedCode.Communication.Tests.dll" adapterTypeName="executor://xunit/VsTestRunner3/netcore/" className="ManagedCode.Communication.Tests.Orleans.Serialization.ProblemSerializationTests" name="Problem_ValidationErrors_ShouldSerializeCorrectly" />
    </UnitTest>
    <UnitTest name="ManagedCode.Communication.Tests.Results.ResultFailMethodsTests.Result_Fail_WithEnum_ShouldCreateFailedResultWithErrorCode" storage="/users/ksemenenko/developer/communication/managedcode.communication.tests/bin/debug/net9.0/managedcode.communication.tests.dll" id="ee9522e3-3347-1a86-68af-c4fa8cf496f8">
      <Execution id="4c03a2aa-7b4f-4965-ae42-e6095ce135c8" />
      <TestMethod codeBase="/Users/ksemenenko/Developer/Communication/ManagedCode.Communication.Tests/bin/Debug/net9.0/ManagedCode.Communication.Tests.dll" adapterTypeName="executor://xunit/VsTestRunner3/netcore/" className="ManagedCode.Communication.Tests.Results.ResultFailMethodsTests" name="Result_Fail_WithEnum_ShouldCreateFailedResultWithErrorCode" />
    </UnitTest>
    <UnitTest name="ManagedCode.Communication.Tests.Results.ResultExecutionExtensionsTests.From_Result_RoundTripsInstance" storage="/users/ksemenenko/developer/communication/managedcode.communication.tests/bin/debug/net9.0/managedcode.communication.tests.dll" id="a010d328-b267-86d7-7517-2aa28b420b4b">
      <Execution id="e8e8a2b4-49a6-4da8-b6fd-de3c7f22dba2" />
      <TestMethod codeBase="/Users/ksemenenko/Developer/Communication/ManagedCode.Communication.Tests/bin/Debug/net9.0/ManagedCode.Communication.Tests.dll" adapterTypeName="executor://xunit/VsTestRunner3/netcore/" className="ManagedCode.Communication.Tests.Results.ResultExecutionExtensionsTests" name="From_Result_RoundTripsInstance" />
    </UnitTest>
    <UnitTest name="ManagedCode.Communication.Tests.AspNetCore.Extensions.ControllerExtensionsTests.ToActionResult_WithComplexObject_ReturnsCorrectValue" storage="/users/ksemenenko/developer/communication/managedcode.communication.tests/bin/debug/net9.0/managedcode.communication.tests.dll" id="df5d6f80-47b6-1dba-6191-9a36b85a07e0">
      <Execution id="33dd28c6-b58d-4670-8640-eb83f2b7bfdc" />
      <TestMethod codeBase="/Users/ksemenenko/Developer/Communication/ManagedCode.Communication.Tests/bin/Debug/net9.0/ManagedCode.Communication.Tests.dll" adapterTypeName="executor://xunit/VsTestRunner3/netcore/" className="ManagedCode.Communication.Tests.AspNetCore.Extensions.ControllerExtensionsTests" name="ToActionResult_WithComplexObject_ReturnsCorrectValue" />
    </UnitTest>
    <UnitTest name="ManagedCode.Communication.Tests.Extensions.RailwayExtensionsTests.Bind_ResultToResultT_SuccessfulChain" storage="/users/ksemenenko/developer/communication/managedcode.communication.tests/bin/debug/net9.0/managedcode.communication.tests.dll" id="25af1c0f-9922-9a6a-e81e-c2ad6e330e49">
      <Execution id="c111360f-3732-424c-9300-2a3e58c48933" />
      <TestMethod codeBase="/Users/ksemenenko/Developer/Communication/ManagedCode.Communication.Tests/bin/Debug/net9.0/ManagedCode.Communication.Tests.dll" adapterTypeName="executor://xunit/VsTestRunner3/netcore/" className="ManagedCode.Communication.Tests.Extensions.RailwayExtensionsTests" name="Bind_ResultToResultT_SuccessfulChain" />
    </UnitTest>
    <UnitTest name="ManagedCode.Communication.Tests.Extensions.AdvancedRailwayExtensionsTests.ToResult_WithNullValue_ReturnsNotFound" storage="/users/ksemenenko/developer/communication/managedcode.communication.tests/bin/debug/net9.0/managedcode.communication.tests.dll" id="6aef3be6-be58-6d70-5d16-8497e19d6e8e">
      <Execution id="3f9c8a4d-eb6c-4540-8fab-3bd3691bfb8e" />
      <TestMethod codeBase="/Users/ksemenenko/Developer/Communication/ManagedCode.Communication.Tests/bin/Debug/net9.0/ManagedCode.Communication.Tests.dll" adapterTypeName="executor://xunit/VsTestRunner3/netcore/" className="ManagedCode.Communication.Tests.Extensions.AdvancedRailwayExtensionsTests" name="ToResult_WithNullValue_ReturnsNotFound" />
    </UnitTest>
    <UnitTest name="ManagedCode.Communication.Tests.Results.ResultTFailMethodsTests.ResultT_Fail_WithVariousStatusCodes_ShouldSetCorrectStatusCode(statusCode: BadRequest, expectedCode: 400)" storage="/users/ksemenenko/developer/communication/managedcode.communication.tests/bin/debug/net9.0/managedcode.communication.tests.dll" id="49e90383-ea67-98d1-9850-3c76b1e1c966">
      <Execution id="05d48dbc-21c8-4e47-b5eb-7ce215a4360e" />
      <TestMethod codeBase="/Users/ksemenenko/Developer/Communication/ManagedCode.Communication.Tests/bin/Debug/net9.0/ManagedCode.Communication.Tests.dll" adapterTypeName="executor://xunit/VsTestRunner3/netcore/" className="ManagedCode.Communication.Tests.Results.ResultTFailMethodsTests" name="ResultT_Fail_WithVariousStatusCodes_ShouldSetCorrectStatusCode" />
    </UnitTest>
    <UnitTest name="ManagedCode.Communication.Tests.Results.ProblemTests.ErrorCode_PropertyShouldWorkCorrectly" storage="/users/ksemenenko/developer/communication/managedcode.communication.tests/bin/debug/net9.0/managedcode.communication.tests.dll" id="4ff25461-925d-2b73-524e-d2fd332c1e39">
      <Execution id="de8691de-6751-45fc-a85d-a5662fe100f9" />
      <TestMethod codeBase="/Users/ksemenenko/Developer/Communication/ManagedCode.Communication.Tests/bin/Debug/net9.0/ManagedCode.Communication.Tests.dll" adapterTypeName="executor://xunit/VsTestRunner3/netcore/" className="ManagedCode.Communication.Tests.Results.ProblemTests" name="ErrorCode_PropertyShouldWorkCorrectly" />
    </UnitTest>
    <UnitTest name="ManagedCode.Communication.Tests.Results.ResultOperatorsTests.ResultT_ImplicitOperator_FromException_ShouldCreateFailedResult" storage="/users/ksemenenko/developer/communication/managedcode.communication.tests/bin/debug/net9.0/managedcode.communication.tests.dll" id="f990a213-1cf7-9a2d-bb25-79a3d8a56028">
      <Execution id="aec6d817-5105-420a-a7dc-39ecb3b175da" />
      <TestMethod codeBase="/Users/ksemenenko/Developer/Communication/ManagedCode.Communication.Tests/bin/Debug/net9.0/ManagedCode.Communication.Tests.dll" adapterTypeName="executor://xunit/VsTestRunner3/netcore/" className="ManagedCode.Communication.Tests.Results.ResultOperatorsTests" name="ResultT_ImplicitOperator_FromException_ShouldCreateFailedResult" />
    </UnitTest>
    <UnitTest name="ManagedCode.Communication.Tests.Results.ResultTests.Succeed_ShouldCreateSuccessfulResult" storage="/users/ksemenenko/developer/communication/managedcode.communication.tests/bin/debug/net9.0/managedcode.communication.tests.dll" id="c5c4387e-9b4e-b9c4-f648-e86e48f601ca">
      <Execution id="ce52c675-2c29-4e71-9365-b7921eb885d4" />
      <TestMethod codeBase="/Users/ksemenenko/Developer/Communication/ManagedCode.Communication.Tests/bin/Debug/net9.0/ManagedCode.Communication.Tests.dll" adapterTypeName="executor://xunit/VsTestRunner3/netcore/" className="ManagedCode.Communication.Tests.Results.ResultTests" name="Succeed_ShouldCreateSuccessfulResult" />
    </UnitTest>
    <UnitTest name="ManagedCode.Communication.Tests.Serialization.SerializationTests.CollectionResult_WithItems_ShouldSerializeAndDeserialize" storage="/users/ksemenenko/developer/communication/managedcode.communication.tests/bin/debug/net9.0/managedcode.communication.tests.dll" id="6307d0a3-f8ba-d60c-8894-56921f5aa92a">
      <Execution id="a033c9cf-13e6-4c2b-bfca-a24501ce2575" />
      <TestMethod codeBase="/Users/ksemenenko/Developer/Communication/ManagedCode.Communication.Tests/bin/Debug/net9.0/ManagedCode.Communication.Tests.dll" adapterTypeName="executor://xunit/VsTestRunner3/netcore/" className="ManagedCode.Communication.Tests.Serialization.SerializationTests" name="CollectionResult_WithItems_ShouldSerializeAndDeserialize" />
    </UnitTest>
    <UnitTest name="ManagedCode.Communication.Tests.Results.RailwayOrientedProgrammingTests.Tap_ShouldExecuteSideEffectWithoutChangingResult" storage="/users/ksemenenko/developer/communication/managedcode.communication.tests/bin/debug/net9.0/managedcode.communication.tests.dll" id="a9d44699-d2e2-8f94-e099-ceb0e0e2f5b7">
      <Execution id="ff196c9e-b102-42e7-9faa-77b3c9a89712" />
      <TestMethod codeBase="/Users/ksemenenko/Developer/Communication/ManagedCode.Communication.Tests/bin/Debug/net9.0/ManagedCode.Communication.Tests.dll" adapterTypeName="executor://xunit/VsTestRunner3/netcore/" className="ManagedCode.Communication.Tests.Results.RailwayOrientedProgrammingTests" name="Tap_ShouldExecuteSideEffectWithoutChangingResult" />
    </UnitTest>
    <UnitTest name="ManagedCode.Communication.Tests.AspNetCore.Helpers.HttpStatusCodeHelperTests.GetStatusCodeForException_AspNetSpecificExceptions_ReturnsCorrectStatusCode(exceptionType: typeof(Microsoft.AspNetCore.Connections.ConnectionResetException), expectedStatusCode: BadRequest)" storage="/users/ksemenenko/developer/communication/managedcode.communication.tests/bin/debug/net9.0/managedcode.communication.tests.dll" id="7f67a8b3-4a6b-118c-9960-3a56a3e105c0">
      <Execution id="2e34c024-b209-4865-83b1-90b48fc584d6" />
      <TestMethod codeBase="/Users/ksemenenko/Developer/Communication/ManagedCode.Communication.Tests/bin/Debug/net9.0/ManagedCode.Communication.Tests.dll" adapterTypeName="executor://xunit/VsTestRunner3/netcore/" className="ManagedCode.Communication.Tests.AspNetCore.Helpers.HttpStatusCodeHelperTests" name="GetStatusCodeForException_AspNetSpecificExceptions_ReturnsCorrectStatusCode" />
    </UnitTest>
    <UnitTest name="ManagedCode.Communication.Tests.Results.ResultTFailMethodsTests.ResultT_FailNotFound_NoParameters_ShouldCreateNotFoundResult" storage="/users/ksemenenko/developer/communication/managedcode.communication.tests/bin/debug/net9.0/managedcode.communication.tests.dll" id="02d5ff30-44c9-145b-fe61-3027824575fb">
      <Execution id="007f5fac-b346-4ec4-923b-5aefcc050e19" />
      <TestMethod codeBase="/Users/ksemenenko/Developer/Communication/ManagedCode.Communication.Tests/bin/Debug/net9.0/ManagedCode.Communication.Tests.dll" adapterTypeName="executor://xunit/VsTestRunner3/netcore/" className="ManagedCode.Communication.Tests.Results.ResultTFailMethodsTests" name="ResultT_FailNotFound_NoParameters_ShouldCreateNotFoundResult" />
    </UnitTest>
    <UnitTest name="ManagedCode.Communication.Tests.Results.ResultValueExecutionExtensionsTests.From_FuncTask_WithCanceledToken_ReturnsFailure" storage="/users/ksemenenko/developer/communication/managedcode.communication.tests/bin/debug/net9.0/managedcode.communication.tests.dll" id="4741d8ac-110a-06c6-3c46-7705a24bc861">
      <Execution id="cd8953e7-162c-403a-9abc-7b4e23f67ee5" />
      <TestMethod codeBase="/Users/ksemenenko/Developer/Communication/ManagedCode.Communication.Tests/bin/Debug/net9.0/ManagedCode.Communication.Tests.dll" adapterTypeName="executor://xunit/VsTestRunner3/netcore/" className="ManagedCode.Communication.Tests.Results.ResultValueExecutionExtensionsTests" name="From_FuncTask_WithCanceledToken_ReturnsFailure" />
    </UnitTest>
    <UnitTest name="ManagedCode.Communication.Tests.Results.ResultHelperMethodsTests.ResultT_TryAsync_WithException_ShouldReturnFailure" storage="/users/ksemenenko/developer/communication/managedcode.communication.tests/bin/debug/net9.0/managedcode.communication.tests.dll" id="be592d9a-91e3-5d2d-c26c-4bf5df9e4597">
      <Execution id="447a6972-397b-4a44-b387-bb2b95329986" />
      <TestMethod codeBase="/Users/ksemenenko/Developer/Communication/ManagedCode.Communication.Tests/bin/Debug/net9.0/ManagedCode.Communication.Tests.dll" adapterTypeName="executor://xunit/VsTestRunner3/netcore/" className="ManagedCode.Communication.Tests.Results.ResultHelperMethodsTests" name="ResultT_TryAsync_WithException_ShouldReturnFailure" />
    </UnitTest>
    <UnitTest name="ManagedCode.Communication.Tests.Results.ResultFailMethodsTests.Result_Fail_WithTitleDetailAndStatus_ShouldCreateFailedResultWithSpecifiedStatus" storage="/users/ksemenenko/developer/communication/managedcode.communication.tests/bin/debug/net9.0/managedcode.communication.tests.dll" id="d819f6c8-5a54-63a6-7b21-12a0912e83c8">
      <Execution id="58f685f6-7e61-4d22-bbab-7c1c63c10274" />
      <TestMethod codeBase="/Users/ksemenenko/Developer/Communication/ManagedCode.Communication.Tests/bin/Debug/net9.0/ManagedCode.Communication.Tests.dll" adapterTypeName="executor://xunit/VsTestRunner3/netcore/" className="ManagedCode.Communication.Tests.Results.ResultFailMethodsTests" name="Result_Fail_WithTitleDetailAndStatus_ShouldCreateFailedResultWithSpecifiedStatus" />
    </UnitTest>
    <UnitTest name="ManagedCode.Communication.Tests.Results.ProblemCreationExtensionsTests.ToProblem_FromException_ShouldCreateProblemWithDefaultStatusCode" storage="/users/ksemenenko/developer/communication/managedcode.communication.tests/bin/debug/net9.0/managedcode.communication.tests.dll" id="c9b50cc0-af5c-379e-bcdc-156c0ff0245a">
      <Execution id="f73ec50c-5174-4e19-ab60-4be19e2eb3fd" />
      <TestMethod codeBase="/Users/ksemenenko/Developer/Communication/ManagedCode.Communication.Tests/bin/Debug/net9.0/ManagedCode.Communication.Tests.dll" adapterTypeName="executor://xunit/VsTestRunner3/netcore/" className="ManagedCode.Communication.Tests.Results.ProblemCreationExtensionsTests" name="ToProblem_FromException_ShouldCreateProblemWithDefaultStatusCode" />
    </UnitTest>
    <UnitTest name="ManagedCode.Communication.Tests.Results.ProblemExceptionTests.Message_WithErrorCode_ShouldIncludeErrorCodeInBrackets" storage="/users/ksemenenko/developer/communication/managedcode.communication.tests/bin/debug/net9.0/managedcode.communication.tests.dll" id="a7a7bc99-5c81-4aae-8f5d-ed7089b3d4a6">
      <Execution id="7a15bafb-8f9f-45a0-9022-20bdab30e4f2" />
      <TestMethod codeBase="/Users/ksemenenko/Developer/Communication/ManagedCode.Communication.Tests/bin/Debug/net9.0/ManagedCode.Communication.Tests.dll" adapterTypeName="executor://xunit/VsTestRunner3/netcore/" className="ManagedCode.Communication.Tests.Results.ProblemExceptionTests" name="Message_WithErrorCode_ShouldIncludeErrorCodeInBrackets" />
    </UnitTest>
    <UnitTest name="ManagedCode.Communication.Tests.Results.ResultHelperMethodsTests.ResultT_Fail_WithHttpStatusCode_ShouldCreateFailedResult" storage="/users/ksemenenko/developer/communication/managedcode.communication.tests/bin/debug/net9.0/managedcode.communication.tests.dll" id="acf696fa-e204-77f6-6bda-5cee35a844ca">
      <Execution id="e8fecf12-aff8-4f34-9d50-6a131f9bda23" />
      <TestMethod codeBase="/Users/ksemenenko/Developer/Communication/ManagedCode.Communication.Tests/bin/Debug/net9.0/ManagedCode.Communication.Tests.dll" adapterTypeName="executor://xunit/VsTestRunner3/netcore/" className="ManagedCode.Communication.Tests.Results.ResultHelperMethodsTests" name="ResultT_Fail_WithHttpStatusCode_ShouldCreateFailedResult" />
    </UnitTest>
    <UnitTest name="ManagedCode.Communication.Tests.Extensions.HttpResponseExtensionTests.FromJsonToResult_ErrorStatusCode_ReturnsFailedResult" storage="/users/ksemenenko/developer/communication/managedcode.communication.tests/bin/debug/net9.0/managedcode.communication.tests.dll" id="9b3a08e9-51f4-c581-11a3-b1f682c055d4">
      <Execution id="f2829d12-da55-4722-b633-8f50db099704" />
      <TestMethod codeBase="/Users/ksemenenko/Developer/Communication/ManagedCode.Communication.Tests/bin/Debug/net9.0/ManagedCode.Communication.Tests.dll" adapterTypeName="executor://xunit/VsTestRunner3/netcore/" className="ManagedCode.Communication.Tests.Extensions.HttpResponseExtensionTests" name="FromJsonToResult_ErrorStatusCode_ReturnsFailedResult" />
    </UnitTest>
    <UnitTest name="ManagedCode.Communication.Tests.Results.ResultTTests.ImplicitOperator_ToBool_ShouldReturnIsSuccess" storage="/users/ksemenenko/developer/communication/managedcode.communication.tests/bin/debug/net9.0/managedcode.communication.tests.dll" id="cedf9e10-17c3-638f-1fb4-b52f984508c8">
      <Execution id="ff0e739f-23c6-417a-9de2-36c52464ff43" />
      <TestMethod codeBase="/Users/ksemenenko/Developer/Communication/ManagedCode.Communication.Tests/bin/Debug/net9.0/ManagedCode.Communication.Tests.dll" adapterTypeName="executor://xunit/VsTestRunner3/netcore/" className="ManagedCode.Communication.Tests.Results.ResultTTests" name="ImplicitOperator_ToBool_ShouldReturnIsSuccess" />
    </UnitTest>
  </TestDefinitions>
  <TestEntries>
    <TestEntry testId="26d4b90e-eb16-bcef-d101-fb0061a73f05" executionId="4618aa2b-507b-4081-8afa-e996da077287" testListId="8c84fa94-04c1-424b-9868-57a2d4851a1d" />
    <TestEntry testId="922f442b-abde-2646-f44f-3ba19dc6a53c" executionId="0e04fc0b-e568-4fb4-8926-eb35202f798b" testListId="8c84fa94-04c1-424b-9868-57a2d4851a1d" />
    <TestEntry testId="dfd55305-89b6-7032-e718-91fc3fa77a9e" executionId="28a0c656-7a1d-40c6-bf44-122d0058c4f7" testListId="8c84fa94-04c1-424b-9868-57a2d4851a1d" />
    <TestEntry testId="0fe4f40f-241c-ae23-d168-04e5e87dcc9b" executionId="e5ba4763-8bd4-41fd-817a-aed64f3e428a" testListId="8c84fa94-04c1-424b-9868-57a2d4851a1d" />
    <TestEntry testId="c4ea1132-e93e-43d4-a3fc-a3dee3691596" executionId="6d22634f-48d2-4ab1-9f3a-a7883d5bf63d" testListId="8c84fa94-04c1-424b-9868-57a2d4851a1d" />
    <TestEntry testId="e54d77da-6a95-0aa2-239e-14e9fe7b27b9" executionId="5b4fe88c-e3bc-40f1-9d0c-40f03988f4ae" testListId="8c84fa94-04c1-424b-9868-57a2d4851a1d" />
    <TestEntry testId="75533a59-7aee-ba55-d67e-cbe9946ac332" executionId="6c1c5d2d-6258-42fe-adef-2fecdc0c446b" testListId="8c84fa94-04c1-424b-9868-57a2d4851a1d" />
    <TestEntry testId="f7ed2bd9-0dc3-2bb8-cc6b-16f79bea320a" executionId="978de2f2-f421-4442-963b-fab605e77fc7" testListId="8c84fa94-04c1-424b-9868-57a2d4851a1d" />
    <TestEntry testId="6a5e75da-d4ce-a720-12fe-db0ec989bfda" executionId="b53229ff-3800-4b15-bfe7-8f57239755c8" testListId="8c84fa94-04c1-424b-9868-57a2d4851a1d" />
    <TestEntry testId="c4bb9e96-a082-cea5-07e4-48489c91d51c" executionId="f9b6df63-32c8-40e5-8bb4-cf9ef45d871c" testListId="8c84fa94-04c1-424b-9868-57a2d4851a1d" />
    <TestEntry testId="04b4d7eb-6ae2-be4f-929b-1cc4d1077821" executionId="4d31c79d-674e-4856-beac-f6675a7e72e4" testListId="8c84fa94-04c1-424b-9868-57a2d4851a1d" />
    <TestEntry testId="613ce4af-0c46-036e-af9f-bb78fcd742a6" executionId="4cc44947-f34c-40a4-bb5b-d41443398c9b" testListId="8c84fa94-04c1-424b-9868-57a2d4851a1d" />
    <TestEntry testId="09a23f90-ebf0-0444-a58c-9c7e3ea1e9e8" executionId="42062dd5-41ef-4014-a5a3-a1d51e48b2ae" testListId="8c84fa94-04c1-424b-9868-57a2d4851a1d" />
    <TestEntry testId="4b7c578e-2c8b-fbf4-edf0-1e833a94cb00" executionId="53441ea8-467d-4ca0-81d1-bb258b72a766" testListId="8c84fa94-04c1-424b-9868-57a2d4851a1d" />
    <TestEntry testId="aaf3638f-1207-9f2b-6354-805a113323d4" executionId="9219dc4c-fce7-4c39-bcfc-401edcb0598c" testListId="8c84fa94-04c1-424b-9868-57a2d4851a1d" />
    <TestEntry testId="10731ee9-0f6c-2f00-a7f4-089825b67c70" executionId="5231d428-ffbd-43d5-909d-f7d88bef7b6e" testListId="8c84fa94-04c1-424b-9868-57a2d4851a1d" />
    <TestEntry testId="cc5f0fa5-2624-4aa6-2ceb-955549536dc3" executionId="6a92769a-4173-4b6f-959d-fa2f75bb0254" testListId="8c84fa94-04c1-424b-9868-57a2d4851a1d" />
    <TestEntry testId="0c29c5af-e3cf-7553-8d21-7aa06a61033d" executionId="5472d74c-922c-45fc-a259-e1744811e977" testListId="8c84fa94-04c1-424b-9868-57a2d4851a1d" />
    <TestEntry testId="7f67a8b3-4a6b-118c-9960-3a56a3e105c0" executionId="2e34c024-b209-4865-83b1-90b48fc584d6" testListId="8c84fa94-04c1-424b-9868-57a2d4851a1d" />
    <TestEntry testId="1a2bce7c-5d7c-740b-8a3b-5357d8d90197" executionId="e5694967-9695-41d8-8939-f5723bb7ab7e" testListId="8c84fa94-04c1-424b-9868-57a2d4851a1d" />
    <TestEntry testId="95480a3b-f488-efa9-b27c-9ab5a18fdec4" executionId="8535f5ca-8da7-4643-a851-64dc081f71ff" testListId="8c84fa94-04c1-424b-9868-57a2d4851a1d" />
    <TestEntry testId="ffe8d566-a14b-2021-ecef-4e1da940c37f" executionId="2d0341d8-7cb6-41de-9e44-2873ad0861d2" testListId="8c84fa94-04c1-424b-9868-57a2d4851a1d" />
    <TestEntry testId="a9049ec7-47e6-1452-0cab-fffe5164f084" executionId="886130af-04ca-4c00-8840-4a10fc5a5cba" testListId="8c84fa94-04c1-424b-9868-57a2d4851a1d" />
    <TestEntry testId="0bac6952-0c3c-190c-8898-ea5d8b8379ca" executionId="03e6722b-6e91-4c38-8341-ab1be2092379" testListId="8c84fa94-04c1-424b-9868-57a2d4851a1d" />
    <TestEntry testId="392de4af-d461-7c5b-310a-021cf63d1384" executionId="155c4fa4-37e5-47ec-afcc-84ef615ce4a4" testListId="8c84fa94-04c1-424b-9868-57a2d4851a1d" />
    <TestEntry testId="b152476b-0692-165d-e590-b423100fc237" executionId="28dace8e-0316-4107-96bc-def5bd4f4f64" testListId="8c84fa94-04c1-424b-9868-57a2d4851a1d" />
    <TestEntry testId="0dba5786-625f-2c43-9e0c-752956fd421c" executionId="7da03f27-570e-4a83-952e-e555e6aff2d8" testListId="8c84fa94-04c1-424b-9868-57a2d4851a1d" />
    <TestEntry testId="efa8afd6-8d8b-b468-7b9e-1cdb0a7712de" executionId="b446931b-5dfa-49cd-bd8e-e44267bd9072" testListId="8c84fa94-04c1-424b-9868-57a2d4851a1d" />
    <TestEntry testId="950f8757-e7b7-1138-1a4d-1e70b2dcf083" executionId="3bc98403-8434-42aa-b10f-241a5c7c2bd9" testListId="8c84fa94-04c1-424b-9868-57a2d4851a1d" />
    <TestEntry testId="af0b0176-41dc-ac96-c773-4c806eea0dff" executionId="1be1d029-1c92-410d-af4e-44ceec199bb7" testListId="8c84fa94-04c1-424b-9868-57a2d4851a1d" />
    <TestEntry testId="72cc59dc-cbb4-fcaa-43ae-593609766cef" executionId="e51a8d24-4941-4520-b2c1-7a6a023d6188" testListId="8c84fa94-04c1-424b-9868-57a2d4851a1d" />
    <TestEntry testId="fd0cdcec-1fac-f49f-a746-4772ac5928f9" executionId="4de96cc4-345a-41a6-8246-c07970ae7e9f" testListId="8c84fa94-04c1-424b-9868-57a2d4851a1d" />
    <TestEntry testId="a3a28d8a-51fe-9a33-f869-0770b45eb339" executionId="c8b86da6-15be-4556-8173-4318872b6005" testListId="8c84fa94-04c1-424b-9868-57a2d4851a1d" />
    <TestEntry testId="89f1e695-1be3-dd88-4f12-d20091883b21" executionId="272cc185-20dc-4ee6-bfe4-92aae1553f88" testListId="8c84fa94-04c1-424b-9868-57a2d4851a1d" />
    <TestEntry testId="9055a99e-808e-e43f-9f70-e1a7b9f0a551" executionId="3bd66e63-05a2-4eae-8831-10de35c26141" testListId="8c84fa94-04c1-424b-9868-57a2d4851a1d" />
    <TestEntry testId="c20609f4-6a70-6c55-75bb-083e12c37fc9" executionId="c171ecd0-67f1-40a0-8fea-bc618a4a3ffd" testListId="8c84fa94-04c1-424b-9868-57a2d4851a1d" />
    <TestEntry testId="c9b0bf8f-b32e-afc0-1ba5-d7dd67234a1b" executionId="f4d303fd-f3e3-4b15-be30-a5e0bf79df51" testListId="8c84fa94-04c1-424b-9868-57a2d4851a1d" />
    <TestEntry testId="db6ef193-8df4-e9b2-14b2-67527051d37c" executionId="66a58a2b-6ebe-4899-84f2-ab72d49769a4" testListId="8c84fa94-04c1-424b-9868-57a2d4851a1d" />
    <TestEntry testId="1801938a-5d0f-36fb-a9bb-fea7ab8914fe" executionId="a4d89228-4c74-4fdf-82c7-e1687b2278cd" testListId="8c84fa94-04c1-424b-9868-57a2d4851a1d" />
    <TestEntry testId="31cc8d58-51d6-fc21-a158-1f4f17545a53" executionId="4926b36a-a863-4854-9d6a-2004983c62c4" testListId="8c84fa94-04c1-424b-9868-57a2d4851a1d" />
    <TestEntry testId="9ad9e2f6-715d-ede9-5172-b09d4e9b5fa2" executionId="858e396a-a976-4fdf-ab1e-f671aff36c4a" testListId="8c84fa94-04c1-424b-9868-57a2d4851a1d" />
    <TestEntry testId="959be81c-503c-2f67-e1a0-fd94d8b45ab1" executionId="e226a800-ef1c-401a-8e73-3bb20dca5626" testListId="8c84fa94-04c1-424b-9868-57a2d4851a1d" />
    <TestEntry testId="b63a8c73-326f-00c0-2fb1-b6e3b569e065" executionId="b609246a-5976-43d2-8aff-ed5646819f39" testListId="8c84fa94-04c1-424b-9868-57a2d4851a1d" />
    <TestEntry testId="f033dff5-3005-c649-45d7-638d675d115a" executionId="3b3fd798-c12e-4100-a62f-0fc2bcaf2ea1" testListId="8c84fa94-04c1-424b-9868-57a2d4851a1d" />
    <TestEntry testId="d1f027cb-91cb-a032-394a-24ef43e517de" executionId="0d1164e7-712d-4fc2-a624-1006e8ff7c4b" testListId="8c84fa94-04c1-424b-9868-57a2d4851a1d" />
    <TestEntry testId="ca12ea88-ce9f-4919-7c2c-0fd74bad1261" executionId="34e38bbc-abbb-4fdb-95d9-c5061c42026e" testListId="8c84fa94-04c1-424b-9868-57a2d4851a1d" />
    <TestEntry testId="3d9f20f0-96d2-34ea-57ab-5c0f35cc018c" executionId="657fb3ad-35d1-4d8d-ba52-c521ddf244d2" testListId="8c84fa94-04c1-424b-9868-57a2d4851a1d" />
    <TestEntry testId="07a17f18-4a8c-f905-a8cf-2b3d89a0650c" executionId="32d84480-f19d-4b01-996c-ee198ea245d0" testListId="8c84fa94-04c1-424b-9868-57a2d4851a1d" />
    <TestEntry testId="dcd4e476-30fd-aff0-3302-390a2e842b9d" executionId="2ce88f46-84b3-44a8-83ae-1803009c1771" testListId="8c84fa94-04c1-424b-9868-57a2d4851a1d" />
    <TestEntry testId="b080e677-51aa-540a-58e8-a1686bb0bb64" executionId="80d73772-1b68-49e6-a3bc-1a9a70066b4f" testListId="8c84fa94-04c1-424b-9868-57a2d4851a1d" />
    <TestEntry testId="23ef8027-2a18-f92f-8f60-3a751b96bde2" executionId="a592b2ab-3627-4730-a6c5-cbdec3b5b7d3" testListId="8c84fa94-04c1-424b-9868-57a2d4851a1d" />
    <TestEntry testId="cc50bf60-6b4c-9573-310d-397b2e7909f2" executionId="3521ffc9-793e-49ca-adf0-11cfdfb9229c" testListId="8c84fa94-04c1-424b-9868-57a2d4851a1d" />
    <TestEntry testId="b33a03a8-55ac-77be-ca97-0bc786c289fc" executionId="37bf6b3c-adea-49b7-9b55-86d324d980c5" testListId="8c84fa94-04c1-424b-9868-57a2d4851a1d" />
    <TestEntry testId="acf696fa-e204-77f6-6bda-5cee35a844ca" executionId="e8fecf12-aff8-4f34-9d50-6a131f9bda23" testListId="8c84fa94-04c1-424b-9868-57a2d4851a1d" />
    <TestEntry testId="d8f98bda-9edd-5f69-b3df-8d5cd152c533" executionId="42f22ca4-7d9b-4e8c-927f-277b7f603de3" testListId="8c84fa94-04c1-424b-9868-57a2d4851a1d" />
    <TestEntry testId="e96efc22-986d-68b5-5775-340184dbd8fe" executionId="a3985817-1ece-42a8-884a-22cb8f32a274" testListId="8c84fa94-04c1-424b-9868-57a2d4851a1d" />
    <TestEntry testId="31bbfad4-620c-0f60-3fd5-d9cbacc26d24" executionId="9756d920-76d1-49bf-a23d-8539b18e0b9a" testListId="8c84fa94-04c1-424b-9868-57a2d4851a1d" />
    <TestEntry testId="7d8cc7d8-a7af-3857-ec1c-988b6d4cd6cb" executionId="a267150c-ef65-402c-babe-1f090c701498" testListId="8c84fa94-04c1-424b-9868-57a2d4851a1d" />
    <TestEntry testId="2c8ccf95-35cf-1a4a-9ea1-4ac6fdceea53" executionId="b5b496d7-9b40-4afa-b972-0d7cb24be6ff" testListId="8c84fa94-04c1-424b-9868-57a2d4851a1d" />
    <TestEntry testId="39a6af94-85fa-6403-b818-97dddf42687e" executionId="8e6cc2de-e994-48ab-ab8a-078159b9847f" testListId="8c84fa94-04c1-424b-9868-57a2d4851a1d" />
    <TestEntry testId="1a7b4271-e223-c8c6-e4e2-6edd35950571" executionId="2edf5f28-177a-41d2-bf5c-95229913ca93" testListId="8c84fa94-04c1-424b-9868-57a2d4851a1d" />
    <TestEntry testId="db72ec5a-0a30-2e0e-8572-ca8eef70615c" executionId="9b92529d-cd74-47cc-836c-e9bda1cbdcf4" testListId="8c84fa94-04c1-424b-9868-57a2d4851a1d" />
    <TestEntry testId="6ad0df60-41b3-e199-2385-7ce9a635c0e2" executionId="f6f41101-b0eb-41be-b4b9-8b3603974e08" testListId="8c84fa94-04c1-424b-9868-57a2d4851a1d" />
    <TestEntry testId="f990a213-1cf7-9a2d-bb25-79a3d8a56028" executionId="aec6d817-5105-420a-a7dc-39ecb3b175da" testListId="8c84fa94-04c1-424b-9868-57a2d4851a1d" />
    <TestEntry testId="7166e05f-60b9-3728-f3a5-1af83e5aad4c" executionId="8f2c15f1-8751-439a-a312-50a9fe52f127" testListId="8c84fa94-04c1-424b-9868-57a2d4851a1d" />
    <TestEntry testId="77cea8c3-be26-09fd-7933-7cd7b881eba7" executionId="160eddfa-44fe-486a-b2a0-96491abc6042" testListId="8c84fa94-04c1-424b-9868-57a2d4851a1d" />
    <TestEntry testId="353ee2b3-8223-ee2f-da86-858af32e4ee1" executionId="7c52400b-8066-42eb-a8b6-09669789625b" testListId="8c84fa94-04c1-424b-9868-57a2d4851a1d" />
    <TestEntry testId="4ca8e0f8-7886-5585-ed9e-dd4413882552" executionId="79128cf4-f07d-4f44-9c79-b1d3e5add8c3" testListId="8c84fa94-04c1-424b-9868-57a2d4851a1d" />
    <TestEntry testId="86187f3d-b602-5f85-7bbd-67f366b856b9" executionId="cfc36d63-b43d-44b9-91b9-d04963aab04b" testListId="8c84fa94-04c1-424b-9868-57a2d4851a1d" />
    <TestEntry testId="a979666d-6188-9f7d-4a5c-a7572f2afca6" executionId="4fc10239-39e5-4f55-b4b2-b9b74eb4d86f" testListId="8c84fa94-04c1-424b-9868-57a2d4851a1d" />
    <TestEntry testId="8c079e0a-8bc0-4af0-dcf8-3d60635328e5" executionId="eb0d9bae-7d9c-4204-ba96-0c1267865a5a" testListId="8c84fa94-04c1-424b-9868-57a2d4851a1d" />
    <TestEntry testId="fce90108-bb07-0d70-0d98-6d4db0f3bc3e" executionId="027f8980-66ab-41ed-80af-5126cabfc54c" testListId="8c84fa94-04c1-424b-9868-57a2d4851a1d" />
    <TestEntry testId="b530df44-9215-c330-3e2e-fee288d86fdb" executionId="adc2d33c-81fb-4a4a-a2da-852377761f86" testListId="8c84fa94-04c1-424b-9868-57a2d4851a1d" />
    <TestEntry testId="7f739289-fb83-39f7-cc97-e031b49032de" executionId="c9a56871-0d4f-4a68-b36f-ef9c0857b630" testListId="8c84fa94-04c1-424b-9868-57a2d4851a1d" />
    <TestEntry testId="64fe7f30-f5e7-1996-7e8e-17085fa9413f" executionId="2560f93d-ddda-41c4-8e2b-adc6623f677d" testListId="8c84fa94-04c1-424b-9868-57a2d4851a1d" />
    <TestEntry testId="c9b50cc0-af5c-379e-bcdc-156c0ff0245a" executionId="f73ec50c-5174-4e19-ab60-4be19e2eb3fd" testListId="8c84fa94-04c1-424b-9868-57a2d4851a1d" />
    <TestEntry testId="bf056b60-1220-93fe-f132-4710dd020797" executionId="e1c4c6db-3ef3-46ed-be6d-b4eeb10f6532" testListId="8c84fa94-04c1-424b-9868-57a2d4851a1d" />
    <TestEntry testId="4b36266e-a52e-ddb2-0c89-74a3ad238fe8" executionId="f7444b68-2ba0-4920-866c-c07973d5b492" testListId="8c84fa94-04c1-424b-9868-57a2d4851a1d" />
    <TestEntry testId="f080a087-472a-f802-200b-4ae8e884e5bc" executionId="239fa6cc-05ba-457d-a7e9-2c9092d4125c" testListId="8c84fa94-04c1-424b-9868-57a2d4851a1d" />
    <TestEntry testId="ecd658bb-d82c-2e31-7762-ce43abc7546e" executionId="28303f01-97a0-41cc-9f76-c27e523d07fa" testListId="8c84fa94-04c1-424b-9868-57a2d4851a1d" />
    <TestEntry testId="3f8cf111-d901-cf6d-6700-aa95356160f6" executionId="913ffa14-f003-4394-949c-5365ca42c785" testListId="8c84fa94-04c1-424b-9868-57a2d4851a1d" />
    <TestEntry testId="cf228890-f5ab-17dc-6ff0-7693334748e8" executionId="1b2f9cd0-5531-4cff-97ad-075b4e2539ac" testListId="8c84fa94-04c1-424b-9868-57a2d4851a1d" />
    <TestEntry testId="0d9689c8-1e54-3310-2b38-053c537c9f58" executionId="982a62ab-f810-4566-90c3-e2d5cf839691" testListId="8c84fa94-04c1-424b-9868-57a2d4851a1d" />
    <TestEntry testId="4b8b8707-1465-df20-286b-3f7c61a84edd" executionId="c7b78229-b4a8-4280-8b8c-23725a7d9cf7" testListId="8c84fa94-04c1-424b-9868-57a2d4851a1d" />
    <TestEntry testId="ce3de199-36d5-8ba5-2e51-6302507f3d29" executionId="bd4e3e30-5b90-4440-a480-615c56c76dd0" testListId="8c84fa94-04c1-424b-9868-57a2d4851a1d" />
    <TestEntry testId="02753c94-b31f-c479-f18b-db6bd8bba437" executionId="6f298395-5cfe-49a9-82d0-aea190b49248" testListId="8c84fa94-04c1-424b-9868-57a2d4851a1d" />
    <TestEntry testId="61d001b5-5efe-ed15-672d-6cba81d74c34" executionId="882d9fea-cc31-4258-ab4f-010bbd15a1ac" testListId="8c84fa94-04c1-424b-9868-57a2d4851a1d" />
    <TestEntry testId="d43ce92d-f0a0-a544-8277-58ae8fab6335" executionId="3d9e82af-52ae-45d8-ac7e-23ba418b282c" testListId="8c84fa94-04c1-424b-9868-57a2d4851a1d" />
    <TestEntry testId="4d4fb53f-3023-b9b5-ddae-ca5ff94e1e21" executionId="95f18465-e578-41c0-901f-19f1d5843cca" testListId="8c84fa94-04c1-424b-9868-57a2d4851a1d" />
    <TestEntry testId="613d2d59-716c-8fa1-c98d-0c358ba9cdd1" executionId="070a3ab6-a9e8-4658-a991-4afb130bdde5" testListId="8c84fa94-04c1-424b-9868-57a2d4851a1d" />
    <TestEntry testId="f8292c99-1fa2-ca17-1340-240e96354ffd" executionId="a7850ad9-db59-41c7-b078-92bfeacb582d" testListId="8c84fa94-04c1-424b-9868-57a2d4851a1d" />
    <TestEntry testId="06774c33-6f96-c2da-2540-1bcc829f9f7d" executionId="3be51dc0-c446-4cee-8954-d1398edaa183" testListId="8c84fa94-04c1-424b-9868-57a2d4851a1d" />
    <TestEntry testId="e3201c67-d417-c3b4-88e0-58c89ff57ebe" executionId="0296bbf6-43d5-48ce-ae7a-3dd2ab39f25e" testListId="8c84fa94-04c1-424b-9868-57a2d4851a1d" />
    <TestEntry testId="d6db3fca-97bb-20d9-cf3b-d05f44f87938" executionId="21d799de-dcf2-4058-b6bc-8b2de430cd5c" testListId="8c84fa94-04c1-424b-9868-57a2d4851a1d" />
    <TestEntry testId="ebdedf64-5984-f3fa-314b-abb5908d2640" executionId="9f0c4646-381d-47a8-8492-a0286f0b883a" testListId="8c84fa94-04c1-424b-9868-57a2d4851a1d" />
    <TestEntry testId="cb55dff4-d7f6-2f2e-153f-1f8301bc11f9" executionId="e560fe33-2d26-46fc-8093-011c2946e974" testListId="8c84fa94-04c1-424b-9868-57a2d4851a1d" />
    <TestEntry testId="a000804d-2a7d-0208-162b-21794ca01fa0" executionId="4f963c11-0a2a-4ab5-931e-71709c4b8722" testListId="8c84fa94-04c1-424b-9868-57a2d4851a1d" />
    <TestEntry testId="31013b84-c240-3047-b7e6-518c431f1e71" executionId="d5dde769-4e8a-4390-8516-6cce63dcd182" testListId="8c84fa94-04c1-424b-9868-57a2d4851a1d" />
    <TestEntry testId="e356bf20-87ba-5d98-8ea7-0ff88d53e065" executionId="12e0735f-99b6-4903-a1fc-0433fc419b84" testListId="8c84fa94-04c1-424b-9868-57a2d4851a1d" />
    <TestEntry testId="ef0bb53c-de3f-61a0-57cc-23df101fc50c" executionId="06931d2a-4d28-4908-aa14-2caef339b54c" testListId="8c84fa94-04c1-424b-9868-57a2d4851a1d" />
    <TestEntry testId="01b8812e-ccae-4916-6877-6357d55b1d4d" executionId="968bcb8e-3d37-4d7b-9ca6-6f3680ed0b20" testListId="8c84fa94-04c1-424b-9868-57a2d4851a1d" />
    <TestEntry testId="45dc2808-38b8-8162-caa5-6792f81f1b1f" executionId="862a460d-e7f1-4fba-8f77-bce9d915f55a" testListId="8c84fa94-04c1-424b-9868-57a2d4851a1d" />
    <TestEntry testId="b019aed6-f3db-c6f2-5353-b095630ac4f5" executionId="a4da62fa-d0c5-46a2-9b0d-257afdf788cb" testListId="8c84fa94-04c1-424b-9868-57a2d4851a1d" />
    <TestEntry testId="6ae26cda-9ea5-f09e-3c41-fb491e5f7a36" executionId="0d20339a-671d-45be-b215-3634aa4ba5a8" testListId="8c84fa94-04c1-424b-9868-57a2d4851a1d" />
    <TestEntry testId="e8ef69a7-69d2-7821-25ae-0ad9e98c19f5" executionId="9ba69e33-379c-45aa-9a5a-bcc6b106b826" testListId="8c84fa94-04c1-424b-9868-57a2d4851a1d" />
    <TestEntry testId="9aa28a55-43de-1f3f-a73d-5386fa240b7d" executionId="42bff24a-e11d-42d6-b51c-1a40ac55752f" testListId="8c84fa94-04c1-424b-9868-57a2d4851a1d" />
    <TestEntry testId="99f21baf-cf67-7cbd-a714-a2085e10f456" executionId="6d32b843-b708-4e18-934a-cc25d53bfc2b" testListId="8c84fa94-04c1-424b-9868-57a2d4851a1d" />
    <TestEntry testId="980d4706-ea6d-d2a9-e6c6-8e6ce35d91ac" executionId="247dc7e8-5454-4f79-b5b1-118cc5352449" testListId="8c84fa94-04c1-424b-9868-57a2d4851a1d" />
    <TestEntry testId="d331ef3f-7107-54ae-0c84-b5478edee8fe" executionId="5b741812-8ed2-4de3-a1cb-eacd05ef4a2a" testListId="8c84fa94-04c1-424b-9868-57a2d4851a1d" />
    <TestEntry testId="77aaea21-e151-49fb-b25c-62821a330697" executionId="53997b45-1650-4fc0-a4c8-e50d6e175882" testListId="8c84fa94-04c1-424b-9868-57a2d4851a1d" />
    <TestEntry testId="9c7edae4-dba8-a18a-c5ee-0aa71baa7577" executionId="17f19065-077b-4afd-990f-6429c3a138ab" testListId="8c84fa94-04c1-424b-9868-57a2d4851a1d" />
    <TestEntry testId="2460b2eb-c7c7-67db-b872-797238ca95cb" executionId="a6d91e9d-d714-4a28-975e-6e3e14c65ccf" testListId="8c84fa94-04c1-424b-9868-57a2d4851a1d" />
    <TestEntry testId="94cb383a-2d02-5e8f-afee-a16f5b980b05" executionId="da816f97-215b-46e8-82ae-d72bd39abc33" testListId="8c84fa94-04c1-424b-9868-57a2d4851a1d" />
    <TestEntry testId="a97143cb-6e59-8768-a70f-00f80b654e8d" executionId="2f84ebeb-c782-41ac-89d4-88abbbc1274c" testListId="8c84fa94-04c1-424b-9868-57a2d4851a1d" />
    <TestEntry testId="0c01bfd0-4d6b-46f6-eaab-f63c83d8702f" executionId="5d56db44-f7e5-42a6-ae79-a29b5c197cd5" testListId="8c84fa94-04c1-424b-9868-57a2d4851a1d" />
    <TestEntry testId="7b410867-8a35-21b9-5a79-1e606c5e1d67" executionId="50ef0062-4279-4ae4-8856-fd4d7b4007fa" testListId="8c84fa94-04c1-424b-9868-57a2d4851a1d" />
    <TestEntry testId="c614edd0-76ce-fb26-f649-05d99b0f8e74" executionId="fe189512-d14a-4a90-8c36-f742aed7cc7c" testListId="8c84fa94-04c1-424b-9868-57a2d4851a1d" />
    <TestEntry testId="76eed23b-8a55-d326-92d7-3df3c6478d17" executionId="fabc2b9a-5192-4faf-a455-3fd1b725f007" testListId="8c84fa94-04c1-424b-9868-57a2d4851a1d" />
    <TestEntry testId="4659e2ae-6baf-fd7c-3743-b3031d89bf4f" executionId="242bdb8d-3427-44c7-8417-4168acde3675" testListId="8c84fa94-04c1-424b-9868-57a2d4851a1d" />
    <TestEntry testId="9bb7a7e9-f04f-a8a6-8961-152ae79c986e" executionId="8b32c1cb-7358-4b82-95ab-ceb00b4bcfa0" testListId="8c84fa94-04c1-424b-9868-57a2d4851a1d" />
    <TestEntry testId="c71b36f4-2b0a-4604-4f61-4b54cfbd9335" executionId="473de309-a83d-41f7-aa49-a3559e063f74" testListId="8c84fa94-04c1-424b-9868-57a2d4851a1d" />
    <TestEntry testId="565488d3-a79f-0bc7-7c73-b71ab1303e0e" executionId="256efa73-3590-4e6a-ba0c-cd9b48652e4a" testListId="8c84fa94-04c1-424b-9868-57a2d4851a1d" />
    <TestEntry testId="670aed6d-afc8-2205-1f3b-fa065414e4d4" executionId="16c7f485-3b24-4b91-bd1c-19505113bddc" testListId="8c84fa94-04c1-424b-9868-57a2d4851a1d" />
    <TestEntry testId="80b773b9-f50d-d39a-b57c-a8373446bf0a" executionId="9777fe8d-8cf6-4b3e-86d5-af89e17fb0e6" testListId="8c84fa94-04c1-424b-9868-57a2d4851a1d" />
    <TestEntry testId="9f2f9acf-342d-ecbf-b67b-31f17d6aa429" executionId="5301967c-96d7-4e16-bd9f-d9d22cb1eb5f" testListId="8c84fa94-04c1-424b-9868-57a2d4851a1d" />
    <TestEntry testId="d31f1619-d27f-d07c-9813-9d9c2f563878" executionId="10a9630c-18e2-429d-b0e4-55010ae1cc04" testListId="8c84fa94-04c1-424b-9868-57a2d4851a1d" />
    <TestEntry testId="71308719-ce88-4981-95a1-907da9a59986" executionId="e3114357-7bdb-4bf4-ba2f-72fc91d3f4bb" testListId="8c84fa94-04c1-424b-9868-57a2d4851a1d" />
    <TestEntry testId="6307d0a3-f8ba-d60c-8894-56921f5aa92a" executionId="a033c9cf-13e6-4c2b-bfca-a24501ce2575" testListId="8c84fa94-04c1-424b-9868-57a2d4851a1d" />
    <TestEntry testId="8fb86198-a650-e4a9-cb59-495dfda2d14f" executionId="ec600bec-6d99-48ab-8956-d4a3c6f3629a" testListId="8c84fa94-04c1-424b-9868-57a2d4851a1d" />
    <TestEntry testId="c9d9ed72-c67b-02b9-941b-eca4dbf8c071" executionId="439ce53d-c688-4f3e-afc4-2f198c34831b" testListId="8c84fa94-04c1-424b-9868-57a2d4851a1d" />
    <TestEntry testId="42cee166-5de1-f2df-20aa-bc60763e8f79" executionId="ad24af4d-edbf-41b1-87ed-5c7ebb9b4ded" testListId="8c84fa94-04c1-424b-9868-57a2d4851a1d" />
    <TestEntry testId="f6e5cff2-2693-3b1e-77a2-42903b6a4613" executionId="dee8840d-5caa-4b56-9d39-35f2e9738c28" testListId="8c84fa94-04c1-424b-9868-57a2d4851a1d" />
    <TestEntry testId="255d2cd2-876c-f129-6fcb-5b011d6dabca" executionId="f3c2716e-aa2d-45bf-bb35-642a7d40242f" testListId="8c84fa94-04c1-424b-9868-57a2d4851a1d" />
    <TestEntry testId="938eee19-3b95-01e5-4d4c-94246f1dd808" executionId="c06c47f2-c572-4a42-977b-763ab48f907c" testListId="8c84fa94-04c1-424b-9868-57a2d4851a1d" />
    <TestEntry testId="be1da5de-e0fe-47f3-2a89-4f7466ca0a66" executionId="6ea60cb3-30e0-4ecb-b895-bf25f4692f79" testListId="8c84fa94-04c1-424b-9868-57a2d4851a1d" />
    <TestEntry testId="a616e2cd-e8f4-089c-9b8f-28529ea24abe" executionId="29656e17-433a-4872-94a5-6faa45869a22" testListId="8c84fa94-04c1-424b-9868-57a2d4851a1d" />
    <TestEntry testId="8d46a340-0ed0-b99b-ffa5-9396c082f226" executionId="8d9c10a6-51e6-41cc-bd1f-904917613f15" testListId="8c84fa94-04c1-424b-9868-57a2d4851a1d" />
    <TestEntry testId="912f6c7e-3dd3-46db-c9bf-50f8bac8d60b" executionId="2e7269cc-baf9-414a-bac3-bda7476971e2" testListId="8c84fa94-04c1-424b-9868-57a2d4851a1d" />
    <TestEntry testId="c4d29875-feb5-a7dc-a76f-80d1469f6e29" executionId="788f0c70-bc5a-4d09-ab9e-dcca2527fa98" testListId="8c84fa94-04c1-424b-9868-57a2d4851a1d" />
    <TestEntry testId="ce37d29c-9229-7c0c-b4e5-a6fef8dbd478" executionId="f2d8ed9f-ae90-41f5-a512-22447e839dc4" testListId="8c84fa94-04c1-424b-9868-57a2d4851a1d" />
    <TestEntry testId="113ecb12-1851-7d32-03e7-16f3ffbfb55a" executionId="8bfbd8f1-97b0-4158-bd73-20f96cd0d844" testListId="8c84fa94-04c1-424b-9868-57a2d4851a1d" />
    <TestEntry testId="0376fa9b-7287-a731-419b-9fc297e855af" executionId="57168d2e-c287-49b7-a103-27ddf3a66ae0" testListId="8c84fa94-04c1-424b-9868-57a2d4851a1d" />
    <TestEntry testId="5bc0f3f5-2ef6-71a7-b380-e960810bb877" executionId="a4a47095-75a0-4586-bcfb-56652f6bae48" testListId="8c84fa94-04c1-424b-9868-57a2d4851a1d" />
    <TestEntry testId="52834aef-4100-31c8-7821-69756a7a275b" executionId="08b02ca3-9594-4938-98df-1c07dd8ff329" testListId="8c84fa94-04c1-424b-9868-57a2d4851a1d" />
    <TestEntry testId="f3b583ac-90ff-1f56-69dc-aadf0d375497" executionId="21a85dc6-c922-43b7-b762-68e7e9216b07" testListId="8c84fa94-04c1-424b-9868-57a2d4851a1d" />
    <TestEntry testId="03803b69-013e-45b2-64bc-f738fc9a09c2" executionId="1265e6d0-6a3f-4d6a-bc73-5f5637077e9c" testListId="8c84fa94-04c1-424b-9868-57a2d4851a1d" />
    <TestEntry testId="c500524b-7f50-6acc-4109-a9567b61a4b1" executionId="2a6cca8f-0fc5-4d6c-9b5b-d00e9afd5267" testListId="8c84fa94-04c1-424b-9868-57a2d4851a1d" />
    <TestEntry testId="5b102866-ff04-b892-509a-5334bf755397" executionId="999cd692-0e73-4310-ab42-e0a38d934ce3" testListId="8c84fa94-04c1-424b-9868-57a2d4851a1d" />
    <TestEntry testId="979074bb-302c-a27f-b1eb-cf7bada43daa" executionId="019a9104-7f50-4446-a722-535634340582" testListId="8c84fa94-04c1-424b-9868-57a2d4851a1d" />
    <TestEntry testId="3bcb1cdf-7832-8f7e-bea2-80e63571b788" executionId="25c1af65-30f7-4fcd-91fe-49f14184e5ac" testListId="8c84fa94-04c1-424b-9868-57a2d4851a1d" />
    <TestEntry testId="4a081906-f0c0-7f45-b4ec-9402f752201c" executionId="cc7b6087-7be3-47d1-8023-c1c1b99bf7df" testListId="8c84fa94-04c1-424b-9868-57a2d4851a1d" />
    <TestEntry testId="a5d3088b-70e8-8d65-c2ea-01e93fca7cdd" executionId="9a12c06c-cef8-458a-b4b4-c4655c3ecb59" testListId="8c84fa94-04c1-424b-9868-57a2d4851a1d" />
    <TestEntry testId="3fee61e5-7e3b-84b7-2cfd-6b24b1b5dcda" executionId="3fbf4df0-f9ad-4ae1-aa17-96ab069fd009" testListId="8c84fa94-04c1-424b-9868-57a2d4851a1d" />
    <TestEntry testId="add0ad5f-199f-f6df-7026-48c8dac56905" executionId="355713f6-8948-43b3-b6f1-987f1e59fc7e" testListId="8c84fa94-04c1-424b-9868-57a2d4851a1d" />
    <TestEntry testId="a7a7bc99-5c81-4aae-8f5d-ed7089b3d4a6" executionId="7a15bafb-8f9f-45a0-9022-20bdab30e4f2" testListId="8c84fa94-04c1-424b-9868-57a2d4851a1d" />
    <TestEntry testId="c22fbcae-e56f-74cd-4c5d-3486d7aca0e3" executionId="1595e755-792d-4010-a563-371aa7e4d4ec" testListId="8c84fa94-04c1-424b-9868-57a2d4851a1d" />
    <TestEntry testId="3dba1090-3d39-a7e5-2887-f4afca57ae4d" executionId="4db49979-c65f-45fd-b06b-448de764059a" testListId="8c84fa94-04c1-424b-9868-57a2d4851a1d" />
    <TestEntry testId="f78bdf4b-5aed-2880-5937-4759bd7976c9" executionId="13fb690b-d869-4d7d-b631-38c036cfe589" testListId="8c84fa94-04c1-424b-9868-57a2d4851a1d" />
    <TestEntry testId="2aa15638-d059-56c3-1ae6-4f20daa0efd6" executionId="f0f65e0f-1ff9-4c9a-845c-a18d2bbdcdfb" testListId="8c84fa94-04c1-424b-9868-57a2d4851a1d" />
    <TestEntry testId="4d38db8c-d739-e015-e09d-cd6fc5dff5ab" executionId="ffbf3f70-2c11-43f4-93b5-d2326c722e15" testListId="8c84fa94-04c1-424b-9868-57a2d4851a1d" />
    <TestEntry testId="d630ef1a-2910-8a07-c058-c24f7291ec13" executionId="f95ba4a1-c6a9-4fd2-9411-b8b9c88eff82" testListId="8c84fa94-04c1-424b-9868-57a2d4851a1d" />
    <TestEntry testId="7618dd2b-5be7-dea8-df8a-a052ad263dcb" executionId="7a258c5f-4bf1-401b-a83d-3c26fd0c7c72" testListId="8c84fa94-04c1-424b-9868-57a2d4851a1d" />
    <TestEntry testId="bfa6a2fe-1dd5-18fe-deaf-f94c809d7864" executionId="534b025a-c81a-40a1-854a-e9ae91d0eebe" testListId="8c84fa94-04c1-424b-9868-57a2d4851a1d" />
    <TestEntry testId="eb6df723-a29f-9a70-5f7b-4a692189e22f" executionId="673d9dda-dcaa-4586-8bfe-11ba82b09be4" testListId="8c84fa94-04c1-424b-9868-57a2d4851a1d" />
    <TestEntry testId="7ff39c97-478d-f2e4-50d2-c28a6439c9b4" executionId="d024ad9f-4d06-4a59-af05-2bcdeb50a7a8" testListId="8c84fa94-04c1-424b-9868-57a2d4851a1d" />
    <TestEntry testId="033615c8-912a-fb8e-83b7-5256a7e64b58" executionId="d439c0e1-93fa-420c-880b-e958965ba9c0" testListId="8c84fa94-04c1-424b-9868-57a2d4851a1d" />
    <TestEntry testId="cb6876f0-ec0c-d7e3-5334-20d6a5561189" executionId="c52c2b5b-1cdc-4b8f-b81d-05f4e37bbfc3" testListId="8c84fa94-04c1-424b-9868-57a2d4851a1d" />
    <TestEntry testId="8f4f549d-e712-d8ad-23b3-779d33c6660a" executionId="8489e856-8c74-4342-8284-a4e0413ec23d" testListId="8c84fa94-04c1-424b-9868-57a2d4851a1d" />
    <TestEntry testId="ea0a9cb2-9148-301e-e48c-1afead66e2be" executionId="346eaa12-01a7-456d-93dc-def7cd9fb57f" testListId="8c84fa94-04c1-424b-9868-57a2d4851a1d" />
    <TestEntry testId="6cf80ec4-adaa-7630-8518-7cc2f85912e5" executionId="593da426-e8cc-4ca0-b2c6-b30130a47216" testListId="8c84fa94-04c1-424b-9868-57a2d4851a1d" />
    <TestEntry testId="0e1070b1-2093-5dae-a087-dd2198ca3385" executionId="e4ee46da-1ca2-489f-8f70-fafbe9b90d03" testListId="8c84fa94-04c1-424b-9868-57a2d4851a1d" />
    <TestEntry testId="ba9c39e8-72fd-56e5-9205-e49bf672c8c9" executionId="9fd43cdf-cb83-4f30-a351-318690de091d" testListId="8c84fa94-04c1-424b-9868-57a2d4851a1d" />
    <TestEntry testId="b18d52e9-bf68-fbe1-373e-8cee042f5bc7" executionId="31c84bdf-d920-4cb0-8228-1ae13dc93080" testListId="8c84fa94-04c1-424b-9868-57a2d4851a1d" />
    <TestEntry testId="7adc2e63-29c5-a641-137d-0906b0776597" executionId="836d0e45-68bb-4de5-aedc-e2110df0cd3a" testListId="8c84fa94-04c1-424b-9868-57a2d4851a1d" />
    <TestEntry testId="420227c9-e6b9-b50e-d05f-d761ad3cd58e" executionId="784a3fcc-f4e1-48c9-9330-1abbc15e41db" testListId="8c84fa94-04c1-424b-9868-57a2d4851a1d" />
    <TestEntry testId="8ddf6ba2-aa71-6918-24f4-fd6fd790ee42" executionId="99f6f84e-3b44-40d9-b199-c81a7da1ffde" testListId="8c84fa94-04c1-424b-9868-57a2d4851a1d" />
    <TestEntry testId="3e2872b7-fb01-c386-1343-80b94b20e5b0" executionId="19f3c3a3-14a2-47dd-a836-4dcb73428438" testListId="8c84fa94-04c1-424b-9868-57a2d4851a1d" />
    <TestEntry testId="94ac24fa-c865-936b-315d-74d8ca292b0f" executionId="1be27261-d860-4af0-a4fb-26aea8e12ef8" testListId="8c84fa94-04c1-424b-9868-57a2d4851a1d" />
    <TestEntry testId="057eaabd-3e0f-9cb8-8caa-35b8258d8daa" executionId="3012cc1c-8e94-491c-8111-23277550c7b2" testListId="8c84fa94-04c1-424b-9868-57a2d4851a1d" />
    <TestEntry testId="55af12a1-8c60-19cc-8253-bcb814fd0918" executionId="4fbd20ef-3305-492f-8745-9fd44b56edb0" testListId="8c84fa94-04c1-424b-9868-57a2d4851a1d" />
    <TestEntry testId="49c46075-0a42-052a-7a74-65c78fd3a54b" executionId="21a2f757-f4b4-40e1-b186-69d1dea4e0ff" testListId="8c84fa94-04c1-424b-9868-57a2d4851a1d" />
    <TestEntry testId="b7d0d978-6fd2-9721-9776-d435fa619ea2" executionId="a098c034-b69d-4fb4-a8a2-b9849e5ed898" testListId="8c84fa94-04c1-424b-9868-57a2d4851a1d" />
    <TestEntry testId="010c27e2-8f1f-944a-38fc-aee10e8009f3" executionId="7325015d-1f7a-4e11-b4fe-e8e7fb4adf6c" testListId="8c84fa94-04c1-424b-9868-57a2d4851a1d" />
    <TestEntry testId="148b39b4-9949-c427-e52f-f445008acd77" executionId="c631d6d8-0faa-4711-8f44-f7b22538d054" testListId="8c84fa94-04c1-424b-9868-57a2d4851a1d" />
    <TestEntry testId="01712ad9-1f0a-7bad-d728-5d046cd9246c" executionId="422fd148-6ec1-495a-937a-7751a36da3b1" testListId="8c84fa94-04c1-424b-9868-57a2d4851a1d" />
    <TestEntry testId="84cba7e9-16d5-bd29-01c4-6b5bbd25da51" executionId="639ab8ca-e9a3-44d3-bf68-f10cff144be9" testListId="8c84fa94-04c1-424b-9868-57a2d4851a1d" />
    <TestEntry testId="0c334b17-b7c2-e42e-9924-9baf1b0e8e96" executionId="5537eff3-83c0-4593-9c05-473650e32488" testListId="8c84fa94-04c1-424b-9868-57a2d4851a1d" />
    <TestEntry testId="c9358ee1-e8d6-bb75-63be-5bcf05b8756e" executionId="e4171fbf-5950-4724-9d96-a6b5968991f3" testListId="8c84fa94-04c1-424b-9868-57a2d4851a1d" />
    <TestEntry testId="02c00597-d5c2-61bb-a2d0-217bcd4db920" executionId="04fde79f-a707-4e75-bf00-218e181fdb13" testListId="8c84fa94-04c1-424b-9868-57a2d4851a1d" />
    <TestEntry testId="49adad49-3c64-2145-0e11-a2cf215140e6" executionId="6adbe028-9e95-4592-a16c-dbf8adf014f7" testListId="8c84fa94-04c1-424b-9868-57a2d4851a1d" />
    <TestEntry testId="54738bb4-b334-dcd1-6ce6-da8fdb23ce1a" executionId="adb13318-9e57-4c3d-8b9a-0407a740feae" testListId="8c84fa94-04c1-424b-9868-57a2d4851a1d" />
    <TestEntry testId="b2b9573d-e985-c983-e346-e985217d8d09" executionId="bc4cef91-29a4-4b27-bbca-dbc6dfdaf66c" testListId="8c84fa94-04c1-424b-9868-57a2d4851a1d" />
    <TestEntry testId="da316600-cb2e-9486-6dab-86d50d3c1c5c" executionId="cac6f6a3-850e-4d15-9b66-811c03d70f92" testListId="8c84fa94-04c1-424b-9868-57a2d4851a1d" />
    <TestEntry testId="1ab63018-a64d-cabf-0b10-e57cb940fb84" executionId="5f563f55-08d4-434d-bb23-558146f99ab2" testListId="8c84fa94-04c1-424b-9868-57a2d4851a1d" />
    <TestEntry testId="c3780753-5660-83a3-d765-176e98177e02" executionId="9fd5cffd-c82f-4abe-9cfa-52e3b29c449d" testListId="8c84fa94-04c1-424b-9868-57a2d4851a1d" />
    <TestEntry testId="7e5d92fe-9e3c-cf14-2708-b9c99887e277" executionId="1f307df8-7489-44f9-965f-ea762cdb0195" testListId="8c84fa94-04c1-424b-9868-57a2d4851a1d" />
    <TestEntry testId="0b9462ce-ab81-3e0e-a1aa-53ab68e0bac7" executionId="0f294553-8774-4920-a8af-5cf3b6ce45c7" testListId="8c84fa94-04c1-424b-9868-57a2d4851a1d" />
    <TestEntry testId="cab07736-a7f9-5cae-27f4-2374346d547f" executionId="3d094e4e-c992-499f-b879-ae2f2ce56721" testListId="8c84fa94-04c1-424b-9868-57a2d4851a1d" />
    <TestEntry testId="8c3fdcf7-4fc6-4fdc-74eb-b85a360cd133" executionId="c1eb6a6d-9963-4cc2-8a0c-b65f47a0636e" testListId="8c84fa94-04c1-424b-9868-57a2d4851a1d" />
    <TestEntry testId="9f8aa001-f958-be2d-3226-fc565fd3e92a" executionId="40db5fa1-fe51-4100-a6b1-75e33a1642ea" testListId="8c84fa94-04c1-424b-9868-57a2d4851a1d" />
    <TestEntry testId="45332e67-fc3c-03a4-459d-d3d419f7836e" executionId="93a20b14-a348-4d7d-bcd8-26283571230e" testListId="8c84fa94-04c1-424b-9868-57a2d4851a1d" />
    <TestEntry testId="d9c85683-d077-e39f-97ea-e7effcd11b0d" executionId="b071a80b-9cac-4cc1-b248-f644e2f90fb6" testListId="8c84fa94-04c1-424b-9868-57a2d4851a1d" />
    <TestEntry testId="2ef4b8d6-5cce-708a-31e5-cb9e269c0acc" executionId="0bd0e8d1-3050-4716-ac61-b86d9371a476" testListId="8c84fa94-04c1-424b-9868-57a2d4851a1d" />
    <TestEntry testId="7808886e-5ad2-29ba-1f74-f44897640f75" executionId="cffb98da-551d-4105-9e3a-6a94061c73ad" testListId="8c84fa94-04c1-424b-9868-57a2d4851a1d" />
    <TestEntry testId="a52cb0c6-bb59-1170-7a7a-076e1cd628c6" executionId="1ce82924-ff52-47fe-939e-570297c0ac95" testListId="8c84fa94-04c1-424b-9868-57a2d4851a1d" />
    <TestEntry testId="f078f557-ee0d-8e18-56e1-39597d1f6c31" executionId="c400acf3-4609-4387-bdb1-e485eaa1e38e" testListId="8c84fa94-04c1-424b-9868-57a2d4851a1d" />
    <TestEntry testId="5874f3ff-508a-2af1-27a9-3900f428d369" executionId="d5f8ace5-42ab-49a8-8f21-4df4674c9bec" testListId="8c84fa94-04c1-424b-9868-57a2d4851a1d" />
    <TestEntry testId="794b71ec-85d9-cfea-3ecb-4593b036b3be" executionId="c0a0cd0e-0c3f-4f13-bfd3-0d9c989eca9a" testListId="8c84fa94-04c1-424b-9868-57a2d4851a1d" />
    <TestEntry testId="ce3fa9f3-48b0-1831-219b-9a887cfec004" executionId="aaa7ea54-f7d0-4de0-a263-1b7fe57bf0ee" testListId="8c84fa94-04c1-424b-9868-57a2d4851a1d" />
    <TestEntry testId="fad8656f-3a30-7eb3-0345-621f29855f5d" executionId="91c12d71-8ade-4c77-a6c7-51973c83ec15" testListId="8c84fa94-04c1-424b-9868-57a2d4851a1d" />
    <TestEntry testId="898c9cc8-bb35-e599-7c7d-53a4b1099340" executionId="0e67f96c-a309-460f-8c03-d01d2778d899" testListId="8c84fa94-04c1-424b-9868-57a2d4851a1d" />
    <TestEntry testId="16de12fb-db88-1b2b-4771-6a26db8c7eef" executionId="99edfc32-3a05-4a81-aae4-344cf79234dd" testListId="8c84fa94-04c1-424b-9868-57a2d4851a1d" />
    <TestEntry testId="a07351d2-1bc5-ccaf-4731-3787d4a2a4e5" executionId="42b252c0-6457-4682-8be2-b8cd66574ed5" testListId="8c84fa94-04c1-424b-9868-57a2d4851a1d" />
    <TestEntry testId="bc225918-98fd-4d8f-87ce-a283504ff818" executionId="092f5dec-c170-41be-acb9-26cebd5932d2" testListId="8c84fa94-04c1-424b-9868-57a2d4851a1d" />
    <TestEntry testId="fa3755de-e4bd-fecd-de44-2cb43605a4a6" executionId="ee099a87-0e3c-4272-891a-e010a2d9c44c" testListId="8c84fa94-04c1-424b-9868-57a2d4851a1d" />
    <TestEntry testId="b6091ae6-e1ab-9599-acb3-418abc778fef" executionId="bbf88284-337b-4aeb-a467-54f320f5a850" testListId="8c84fa94-04c1-424b-9868-57a2d4851a1d" />
    <TestEntry testId="498b934f-374c-1dc8-3085-bd3a70ce9a92" executionId="de7c3b20-bf40-434b-aae7-b8a9f86a7b94" testListId="8c84fa94-04c1-424b-9868-57a2d4851a1d" />
    <TestEntry testId="7e4d1300-6e25-4356-8c9d-f79154f41856" executionId="9b65a15f-b6a1-4097-8a28-299f04f056e0" testListId="8c84fa94-04c1-424b-9868-57a2d4851a1d" />
    <TestEntry testId="25af1c0f-9922-9a6a-e81e-c2ad6e330e49" executionId="c111360f-3732-424c-9300-2a3e58c48933" testListId="8c84fa94-04c1-424b-9868-57a2d4851a1d" />
    <TestEntry testId="9b1f8110-ea93-e02f-1655-61606e4aebd0" executionId="ece45df8-901c-49cb-a8f2-b6cf762fa333" testListId="8c84fa94-04c1-424b-9868-57a2d4851a1d" />
    <TestEntry testId="18415b52-0d3b-632d-e54d-5820f161e676" executionId="5e4abd82-2a7e-4274-a919-8383495fdc7d" testListId="8c84fa94-04c1-424b-9868-57a2d4851a1d" />
    <TestEntry testId="2654f83d-7e59-bc95-a132-84ce53376681" executionId="6289e934-5f05-43cd-a935-79dac43a0192" testListId="8c84fa94-04c1-424b-9868-57a2d4851a1d" />
    <TestEntry testId="f8b2f5ca-2f69-2d8d-4212-5d32e0a23134" executionId="a4df7d00-2a41-4e56-b1e9-42a8dcdeed97" testListId="8c84fa94-04c1-424b-9868-57a2d4851a1d" />
    <TestEntry testId="b2105290-3d86-82f5-7333-a618d72f153d" executionId="ccd8076e-ed13-41c6-b9bd-1af8388781a8" testListId="8c84fa94-04c1-424b-9868-57a2d4851a1d" />
    <TestEntry testId="2863e3f9-7f1d-bf75-8848-3b8f86ca80ef" executionId="7a6cafcd-0403-481d-a674-b4239795c670" testListId="8c84fa94-04c1-424b-9868-57a2d4851a1d" />
    <TestEntry testId="52aa0a27-dd41-6786-2c85-98c2fe5a5a8d" executionId="8356c92b-a566-40a5-858c-8596b2990949" testListId="8c84fa94-04c1-424b-9868-57a2d4851a1d" />
    <TestEntry testId="7355b243-da6d-e833-f0ce-28048b427d1a" executionId="3fb72e7a-13c2-4fe1-a0b7-3cf6a97f0968" testListId="8c84fa94-04c1-424b-9868-57a2d4851a1d" />
    <TestEntry testId="c31f1374-aadb-6c82-3feb-88f26c5a10d3" executionId="b7853577-9aa6-4499-8eaf-6e2cd8a05584" testListId="8c84fa94-04c1-424b-9868-57a2d4851a1d" />
    <TestEntry testId="992f8c41-1977-1453-dacf-a1375445c6c8" executionId="ac352cb7-bd09-4417-a6f9-cc072cfb3cb9" testListId="8c84fa94-04c1-424b-9868-57a2d4851a1d" />
    <TestEntry testId="8e29e473-880f-e0c6-1aef-64cf243a141f" executionId="b6200ee1-a6d4-4541-b98f-3998a6e81e6d" testListId="8c84fa94-04c1-424b-9868-57a2d4851a1d" />
    <TestEntry testId="cd465a48-4f16-0fe6-3ad4-0670fd7de72e" executionId="8d02222c-ca18-4801-9cc4-fb9956e9f242" testListId="8c84fa94-04c1-424b-9868-57a2d4851a1d" />
    <TestEntry testId="1285e3a0-be70-4f5b-8a49-53d83ee7816d" executionId="cd3cca9f-aba9-4ae1-8580-655b1267ad1d" testListId="8c84fa94-04c1-424b-9868-57a2d4851a1d" />
    <TestEntry testId="f435fded-0773-20b6-5c22-8fc126f24cdf" executionId="005b00dc-0504-4ab7-840a-f7162c22b024" testListId="8c84fa94-04c1-424b-9868-57a2d4851a1d" />
    <TestEntry testId="c12c22a4-61c9-8d54-02dc-fa4d09ff71de" executionId="25498bf0-fe6d-4ee0-8aa8-748b8ad94c13" testListId="8c84fa94-04c1-424b-9868-57a2d4851a1d" />
    <TestEntry testId="59a8f339-f82c-db3a-3ce5-7a3aa210b60d" executionId="13695500-e40b-4206-8991-f37586cec799" testListId="8c84fa94-04c1-424b-9868-57a2d4851a1d" />
    <TestEntry testId="08587cdb-9504-186b-dbc3-8b9a87b10c10" executionId="a8bf64dc-f4b8-45a7-b295-fa387609f8aa" testListId="8c84fa94-04c1-424b-9868-57a2d4851a1d" />
    <TestEntry testId="9c331f06-f5fc-7df6-4d39-cedcafb45641" executionId="09ffd82c-0349-402c-bb15-cf3ee279bca5" testListId="8c84fa94-04c1-424b-9868-57a2d4851a1d" />
    <TestEntry testId="08479d6a-c563-b460-df28-b4f67109fef8" executionId="91f34c1b-93f3-44cf-b8de-d2edc429d7d5" testListId="8c84fa94-04c1-424b-9868-57a2d4851a1d" />
    <TestEntry testId="741c037d-bb74-63dd-9e38-d80561e143db" executionId="894f2d2b-d3ff-4f87-8ceb-1c9af65d5bb1" testListId="8c84fa94-04c1-424b-9868-57a2d4851a1d" />
    <TestEntry testId="2e2fba21-e57a-bf8c-9794-7565ebcbea78" executionId="bc9b6060-78ec-4984-822b-d2213e855176" testListId="8c84fa94-04c1-424b-9868-57a2d4851a1d" />
    <TestEntry testId="a3b219a1-96f8-2dc6-2fac-9f5e3d240997" executionId="742ee6da-53a9-4e07-9e68-56c51549c19f" testListId="8c84fa94-04c1-424b-9868-57a2d4851a1d" />
    <TestEntry testId="4329ce58-b589-cce3-e7e0-bf1e7069d301" executionId="df910149-a28d-42dc-b3d6-b38bc4c2008f" testListId="8c84fa94-04c1-424b-9868-57a2d4851a1d" />
    <TestEntry testId="ca91a9e0-6fc0-a317-fd3a-6f5ade651c3e" executionId="d963b96d-b151-4963-9df3-4d62bf49c584" testListId="8c84fa94-04c1-424b-9868-57a2d4851a1d" />
    <TestEntry testId="59b2cada-0f2d-466d-0a40-710fcb54c49a" executionId="5d5fa473-1d83-4748-8b8d-1354389b6a8a" testListId="8c84fa94-04c1-424b-9868-57a2d4851a1d" />
    <TestEntry testId="2ad831eb-1891-618d-8e0f-f5e197ee7ddd" executionId="af74e9d9-b552-4849-ae72-a240f3a6d727" testListId="8c84fa94-04c1-424b-9868-57a2d4851a1d" />
    <TestEntry testId="699823e7-74be-bd9f-0e7a-b915c45c5b8d" executionId="9cbb041d-b62c-485f-8bde-d6898bb42e93" testListId="8c84fa94-04c1-424b-9868-57a2d4851a1d" />
    <TestEntry testId="bb8d7f1d-0bb4-3dea-c4fc-e0834e054d6f" executionId="2092c6ed-0b2a-4f1b-8db2-6120701ef12a" testListId="8c84fa94-04c1-424b-9868-57a2d4851a1d" />
    <TestEntry testId="fb70cdc3-1bf1-6e46-2aba-a1201f5edf64" executionId="24fc4991-6994-4f4a-b903-097499e34313" testListId="8c84fa94-04c1-424b-9868-57a2d4851a1d" />
    <TestEntry testId="d1df534e-bdd0-3f3b-6fb8-d0869c06e6d1" executionId="2c13cfda-8e5e-4382-8b88-21e75b854475" testListId="8c84fa94-04c1-424b-9868-57a2d4851a1d" />
    <TestEntry testId="a555e622-b970-4ded-325b-3f0c89ae34f6" executionId="aa234f57-3c59-4384-9bd3-63fbb83c1ed8" testListId="8c84fa94-04c1-424b-9868-57a2d4851a1d" />
    <TestEntry testId="bbc19fbb-4fd9-f2cb-1f28-6829bede514a" executionId="64f78038-b6e4-4140-8357-6d481f925d6c" testListId="8c84fa94-04c1-424b-9868-57a2d4851a1d" />
    <TestEntry testId="bc434b75-bdc7-4498-0cdc-a7a24b7bcef3" executionId="da488ed7-01f4-4f44-b221-11901b3826f2" testListId="8c84fa94-04c1-424b-9868-57a2d4851a1d" />
    <TestEntry testId="75503792-348c-52d7-8b2d-0e5e30e7737f" executionId="4df23e8a-9dfd-4bfe-b01b-3e93bbbc2f41" testListId="8c84fa94-04c1-424b-9868-57a2d4851a1d" />
    <TestEntry testId="b3b9ef4c-6313-6dea-33cf-2d0e819cad64" executionId="b2be3b85-a25d-497e-9c2e-e14234847f15" testListId="8c84fa94-04c1-424b-9868-57a2d4851a1d" />
    <TestEntry testId="db5d73e5-bd72-c41e-a69a-e342f27be70b" executionId="6013dee8-ad42-44c2-b731-fd826af59ce8" testListId="8c84fa94-04c1-424b-9868-57a2d4851a1d" />
    <TestEntry testId="e1f1b1be-faf7-e984-f9a4-c2a361ef2de8" executionId="5f241638-8864-4da5-b3a2-8f814eba43c1" testListId="8c84fa94-04c1-424b-9868-57a2d4851a1d" />
    <TestEntry testId="551e1906-8fe5-1e21-9db5-c258ea52673e" executionId="c229666a-d38d-4a65-a4de-71e453465109" testListId="8c84fa94-04c1-424b-9868-57a2d4851a1d" />
    <TestEntry testId="3a23b277-a9a6-16d5-edba-7bdc7179741c" executionId="0148133f-6724-4635-bccd-35459160c255" testListId="8c84fa94-04c1-424b-9868-57a2d4851a1d" />
    <TestEntry testId="08729d0d-aac1-00cc-61c8-d3a43baa982c" executionId="bafccb33-97b5-4bef-b029-62cc57882076" testListId="8c84fa94-04c1-424b-9868-57a2d4851a1d" />
    <TestEntry testId="9523222d-3297-4077-2b57-514061f60535" executionId="a2a561c9-0ecb-433a-8b31-805e3243c2eb" testListId="8c84fa94-04c1-424b-9868-57a2d4851a1d" />
    <TestEntry testId="b1d035f1-39f6-d499-287e-11a16120f663" executionId="166ecb14-5d8b-4a7d-955d-05c97fa00ccc" testListId="8c84fa94-04c1-424b-9868-57a2d4851a1d" />
    <TestEntry testId="74682615-ca5e-4298-50e2-769d654bd925" executionId="95ffae0b-9305-45e4-b7c5-2dbb04f61f60" testListId="8c84fa94-04c1-424b-9868-57a2d4851a1d" />
    <TestEntry testId="c90d3c3a-bda1-dab0-eefe-c90f9e85739f" executionId="12263921-a39d-4c7a-8047-06339248f11e" testListId="8c84fa94-04c1-424b-9868-57a2d4851a1d" />
    <TestEntry testId="5a0ae5e8-72bd-c20c-476c-fc5a9836655a" executionId="d6af17d9-da4a-491e-8dbf-34d7f7ea6417" testListId="8c84fa94-04c1-424b-9868-57a2d4851a1d" />
    <TestEntry testId="44068533-73ca-2e9c-89ae-ee196ec1d842" executionId="523b3fa7-0380-4a2b-9316-6c9c27f139e8" testListId="8c84fa94-04c1-424b-9868-57a2d4851a1d" />
    <TestEntry testId="0c081f03-f141-0619-9968-29fcf1784e6e" executionId="2123a6e1-6f1f-4ddb-92dd-a11a7ccd6649" testListId="8c84fa94-04c1-424b-9868-57a2d4851a1d" />
    <TestEntry testId="705ecbbc-4193-2770-884e-c1965e63c3ae" executionId="6a77c9c6-aa33-41f9-bc33-cbaf08c85350" testListId="8c84fa94-04c1-424b-9868-57a2d4851a1d" />
    <TestEntry testId="a396a734-e07f-ae5f-d645-a46a1b70118e" executionId="7052fb33-3e99-46fa-a6cb-891946d6b847" testListId="8c84fa94-04c1-424b-9868-57a2d4851a1d" />
    <TestEntry testId="2dbb1c6f-9d39-0279-091a-eaa8eea7d7ad" executionId="9578cf90-022f-4ec1-933c-10dce237aa0e" testListId="8c84fa94-04c1-424b-9868-57a2d4851a1d" />
    <TestEntry testId="2f55c955-9b87-2c77-c3ee-dc5f86f5b329" executionId="845e8cd3-c451-4245-966e-de45c4e2530b" testListId="8c84fa94-04c1-424b-9868-57a2d4851a1d" />
    <TestEntry testId="ed93864c-524d-6b65-67c9-c210db0904d0" executionId="e2456fba-4b58-46fa-9443-5fbcbe47cde4" testListId="8c84fa94-04c1-424b-9868-57a2d4851a1d" />
    <TestEntry testId="bc0f94a4-fa61-220d-0abf-7116eecf9e5e" executionId="72f7a815-abd0-4cff-aadd-786a6da10d71" testListId="8c84fa94-04c1-424b-9868-57a2d4851a1d" />
    <TestEntry testId="a2af3fa3-e3a8-4009-0999-eb6fed122f5b" executionId="cf63b579-507a-4886-97c2-080e0fae08d4" testListId="8c84fa94-04c1-424b-9868-57a2d4851a1d" />
    <TestEntry testId="dd44fca1-dd49-b0b2-8a87-a1e6c53fc967" executionId="4869da89-8d31-40a3-86cb-dc0d794500ae" testListId="8c84fa94-04c1-424b-9868-57a2d4851a1d" />
    <TestEntry testId="c87e7c49-a9bb-bbb6-248d-9575e1eed4b4" executionId="3dfedee9-c502-4f3b-9c1c-f6c463e33445" testListId="8c84fa94-04c1-424b-9868-57a2d4851a1d" />
    <TestEntry testId="d60b0409-1fde-d401-ab9b-af1d9d502f8d" executionId="379e45af-50f3-4692-82ad-e1d196dc44fb" testListId="8c84fa94-04c1-424b-9868-57a2d4851a1d" />
    <TestEntry testId="c8d77af0-8084-8474-2ecb-63693a6af3aa" executionId="881af56e-2c88-4265-acb4-69b1f46c34f6" testListId="8c84fa94-04c1-424b-9868-57a2d4851a1d" />
    <TestEntry testId="d343945e-2d81-5ae1-7083-4fdee04f6eb8" executionId="d908ee94-9b25-4f2f-9fad-82d484009bca" testListId="8c84fa94-04c1-424b-9868-57a2d4851a1d" />
    <TestEntry testId="99f446f3-a7b4-6b9c-7383-6521b7b5724d" executionId="2a6f0717-60f2-4ad4-81e8-d9caf0b55e5f" testListId="8c84fa94-04c1-424b-9868-57a2d4851a1d" />
    <TestEntry testId="828ebdfa-0128-aaf1-8748-bbedc7e269f8" executionId="bbeb67bb-6c72-4c7b-995e-ae01e5a5bf57" testListId="8c84fa94-04c1-424b-9868-57a2d4851a1d" />
    <TestEntry testId="ae081732-51d9-8f75-bc33-d945304db80b" executionId="4b68c391-cd7a-4d79-a84c-a321f4c1940f" testListId="8c84fa94-04c1-424b-9868-57a2d4851a1d" />
    <TestEntry testId="f83ad32d-dc7d-a157-ddfe-e571c1f7ccdc" executionId="32509be7-ddbc-4525-8b39-9566ad1ae434" testListId="8c84fa94-04c1-424b-9868-57a2d4851a1d" />
    <TestEntry testId="992bdcd4-f166-3c57-0b74-60a21be4306a" executionId="98f314a3-0bd1-4445-9f35-3eea5cdf9f72" testListId="8c84fa94-04c1-424b-9868-57a2d4851a1d" />
    <TestEntry testId="2965b165-6679-d60b-abea-0abf705caf0c" executionId="3a1e11d3-1c12-41e2-936c-0f982aa375a3" testListId="8c84fa94-04c1-424b-9868-57a2d4851a1d" />
    <TestEntry testId="74429bfd-ae1c-e417-c462-fb4e1989918c" executionId="f6f10de5-ae9f-4d70-aacd-9b7a97f57220" testListId="8c84fa94-04c1-424b-9868-57a2d4851a1d" />
    <TestEntry testId="6583a529-9a0d-8ac6-f31e-1a2e00b4ca32" executionId="2563236f-c8b9-4764-ab7b-1e50a1aa3648" testListId="8c84fa94-04c1-424b-9868-57a2d4851a1d" />
    <TestEntry testId="1de860b6-9b89-fb6b-c718-4f454ec9c197" executionId="c5b95de4-d53e-4aa4-a1c9-27f8b5210b16" testListId="8c84fa94-04c1-424b-9868-57a2d4851a1d" />
    <TestEntry testId="d0a02f38-518c-0632-7faf-1a71626098e2" executionId="5afe3dfc-dccc-4f91-9e19-fcccf4cfaf32" testListId="8c84fa94-04c1-424b-9868-57a2d4851a1d" />
    <TestEntry testId="b857bdd6-a10b-15bd-502f-d3e99d2d9689" executionId="451d256c-1dcd-4e3d-b1e1-ca326058adca" testListId="8c84fa94-04c1-424b-9868-57a2d4851a1d" />
    <TestEntry testId="7d7a9479-6bf7-df13-feb4-5692776fefbe" executionId="5e3957f9-c1a6-4530-b5e7-5860bd56c48e" testListId="8c84fa94-04c1-424b-9868-57a2d4851a1d" />
    <TestEntry testId="2bcfdb6b-0759-7a92-e549-10d463845162" executionId="d0f9e7bc-6796-43a1-b574-b3b8e95b122a" testListId="8c84fa94-04c1-424b-9868-57a2d4851a1d" />
    <TestEntry testId="ca801211-e81b-4246-8165-fc89719685cd" executionId="be37a202-b1f8-43a6-8990-924a018bc69c" testListId="8c84fa94-04c1-424b-9868-57a2d4851a1d" />
    <TestEntry testId="df96f889-695d-6b63-9f03-a599b338bed3" executionId="63694c3b-6901-4086-85aa-575a62c044d0" testListId="8c84fa94-04c1-424b-9868-57a2d4851a1d" />
    <TestEntry testId="0b94c3b1-6583-79b8-f011-5229f57a9249" executionId="35e7145c-52b5-40b1-8ab0-a930688dc7dc" testListId="8c84fa94-04c1-424b-9868-57a2d4851a1d" />
    <TestEntry testId="31ca9980-ed0e-08cd-c05b-6bcca4d5bc72" executionId="69f2e451-68d1-49df-93ad-4c50bd440203" testListId="8c84fa94-04c1-424b-9868-57a2d4851a1d" />
    <TestEntry testId="20911087-6fbe-2539-1eef-878f4fdeff66" executionId="b9224a4a-aeb5-488d-a3e9-e4f25542ef3b" testListId="8c84fa94-04c1-424b-9868-57a2d4851a1d" />
    <TestEntry testId="c85baa65-9c4c-9bde-b9a8-21453265b599" executionId="44af90fa-7356-4f36-905d-e90cd4cb2bba" testListId="8c84fa94-04c1-424b-9868-57a2d4851a1d" />
    <TestEntry testId="4ec95413-36ce-2f53-a5aa-0f2f9a590c47" executionId="faaa64df-63cb-4cd1-addd-f6d330da5543" testListId="8c84fa94-04c1-424b-9868-57a2d4851a1d" />
    <TestEntry testId="d819f6c8-5a54-63a6-7b21-12a0912e83c8" executionId="58f685f6-7e61-4d22-bbab-7c1c63c10274" testListId="8c84fa94-04c1-424b-9868-57a2d4851a1d" />
    <TestEntry testId="edfe0445-7d04-dc18-c1ba-a9d34b86d8ce" executionId="183a6bc1-d7bd-47c9-9477-3b3ae0ada2c4" testListId="8c84fa94-04c1-424b-9868-57a2d4851a1d" />
    <TestEntry testId="63002f6f-0517-2c24-717b-d2c1e2e53077" executionId="3c445b1a-2203-4879-95c9-45393772ab4a" testListId="8c84fa94-04c1-424b-9868-57a2d4851a1d" />
    <TestEntry testId="05e9a149-1ec4-5816-e59a-5ac25d0a3fd4" executionId="f22c0902-6578-48d0-9c66-ca37169a43d5" testListId="8c84fa94-04c1-424b-9868-57a2d4851a1d" />
    <TestEntry testId="efa28403-4b97-87b5-f2ab-991a214ef2a6" executionId="2f37376a-9303-45f6-bd68-7f9b29c39b90" testListId="8c84fa94-04c1-424b-9868-57a2d4851a1d" />
    <TestEntry testId="499e8ee6-89d5-0e97-25ec-3c14300ff7c3" executionId="e825376a-25ae-412e-b9c5-9493044265b6" testListId="8c84fa94-04c1-424b-9868-57a2d4851a1d" />
    <TestEntry testId="5efec4de-8ef4-157c-0742-6a313929d03a" executionId="62fc18dd-06db-4875-bad8-20c35e36b421" testListId="8c84fa94-04c1-424b-9868-57a2d4851a1d" />
    <TestEntry testId="9dcecbc0-db91-7dce-29a5-821593a72922" executionId="08535907-9fbc-4f8c-8ffe-b6c22d57c946" testListId="8c84fa94-04c1-424b-9868-57a2d4851a1d" />
    <TestEntry testId="01c73ab9-aad9-cc26-178c-27e0b35f9583" executionId="2ccf14fe-0d77-4849-b3ef-d8b574d05ae6" testListId="8c84fa94-04c1-424b-9868-57a2d4851a1d" />
    <TestEntry testId="2ce5a0ce-9e3f-00a6-801c-dc294a1bcdf2" executionId="6806fb1d-a38f-460c-bce1-d90b11cdc90c" testListId="8c84fa94-04c1-424b-9868-57a2d4851a1d" />
    <TestEntry testId="2c4117d2-d5f3-7465-dc4d-12aa228c094e" executionId="1feb63e9-d4b5-43f0-a072-5563d5504670" testListId="8c84fa94-04c1-424b-9868-57a2d4851a1d" />
    <TestEntry testId="ec173942-74cf-fb84-c8bf-7bb7f9f4c8c4" executionId="8609d215-c505-4936-9bb0-710ab2ee2340" testListId="8c84fa94-04c1-424b-9868-57a2d4851a1d" />
    <TestEntry testId="ce79d18c-5b2f-a858-0d20-17d538b54c49" executionId="67c4856e-9718-4b74-8282-4914ccd76b81" testListId="8c84fa94-04c1-424b-9868-57a2d4851a1d" />
    <TestEntry testId="a732ecdf-009d-4fc3-3846-806e90a131ab" executionId="c6e05311-735a-44df-8163-ff5b4ffd6e39" testListId="8c84fa94-04c1-424b-9868-57a2d4851a1d" />
    <TestEntry testId="e20cd443-fa33-bc28-26be-fffb5ab77d26" executionId="5b01f370-67f6-4873-8ffe-dcab34de72dd" testListId="8c84fa94-04c1-424b-9868-57a2d4851a1d" />
    <TestEntry testId="92d7240b-67dc-fa2a-1053-63a4cde5f1ef" executionId="748aa7f1-f8e7-4295-b30e-aedc8ff6ba65" testListId="8c84fa94-04c1-424b-9868-57a2d4851a1d" />
    <TestEntry testId="7f0db5cd-3789-6493-06f2-6838ac79a529" executionId="a3a8b1d5-4faa-4c69-a96f-29005739994f" testListId="8c84fa94-04c1-424b-9868-57a2d4851a1d" />
    <TestEntry testId="2367f857-59aa-58a4-330a-cf98fe9cbd82" executionId="d317cb21-7a5f-4243-9314-e0da9f335b7b" testListId="8c84fa94-04c1-424b-9868-57a2d4851a1d" />
    <TestEntry testId="249be2e9-9496-34f0-9c66-c56ec297a787" executionId="d2be8231-f769-4667-8920-7ef2580e36ec" testListId="8c84fa94-04c1-424b-9868-57a2d4851a1d" />
    <TestEntry testId="55f056e0-84d9-ff7c-3925-1fd61c09713f" executionId="5ef8eea6-7d92-4355-9894-fdbc01b309f5" testListId="8c84fa94-04c1-424b-9868-57a2d4851a1d" />
    <TestEntry testId="49e90383-ea67-98d1-9850-3c76b1e1c966" executionId="05d48dbc-21c8-4e47-b5eb-7ce215a4360e" testListId="8c84fa94-04c1-424b-9868-57a2d4851a1d" />
    <TestEntry testId="58ae3268-0514-bfd0-e929-cd5bbcd15459" executionId="5f48103f-791f-42eb-82f0-698a5143768e" testListId="8c84fa94-04c1-424b-9868-57a2d4851a1d" />
    <TestEntry testId="343ce4f5-70c5-16b3-2ac5-d8d01c366aab" executionId="724493fe-9944-4f05-b981-a3daab06ec05" testListId="8c84fa94-04c1-424b-9868-57a2d4851a1d" />
    <TestEntry testId="b88b04a9-2785-97aa-c842-3b008f5ab60a" executionId="f617a0b0-c8d4-4091-9151-c3c00684c9a4" testListId="8c84fa94-04c1-424b-9868-57a2d4851a1d" />
    <TestEntry testId="f9970401-1698-33f7-7510-879c47f69eb4" executionId="49a7a8b8-26fb-4f64-bbd8-396127617d92" testListId="8c84fa94-04c1-424b-9868-57a2d4851a1d" />
    <TestEntry testId="4c5efd82-b666-5ad5-6065-602cf6a7d241" executionId="2028ed0c-695d-4db0-990f-163c27d3bf19" testListId="8c84fa94-04c1-424b-9868-57a2d4851a1d" />
    <TestEntry testId="c4b29f92-16d2-98d3-cbb9-2e703b5f2766" executionId="5d026093-5455-4b39-95c4-6f0fe3629afc" testListId="8c84fa94-04c1-424b-9868-57a2d4851a1d" />
    <TestEntry testId="d4d49c29-9474-ecf3-0071-3ac279f9699d" executionId="fcbd3f1d-1615-4122-ac3c-0ca3d398a097" testListId="8c84fa94-04c1-424b-9868-57a2d4851a1d" />
    <TestEntry testId="47fffb6e-2cd3-bf3d-b66e-3e7091161523" executionId="851fe44f-1cc8-457b-8a33-5b167e1061e6" testListId="8c84fa94-04c1-424b-9868-57a2d4851a1d" />
    <TestEntry testId="a37dbed6-65ed-3366-4c41-404cbdef850a" executionId="46385bfd-be84-4ec1-9ba3-f2e48edd0ce0" testListId="8c84fa94-04c1-424b-9868-57a2d4851a1d" />
    <TestEntry testId="1dab659d-bd89-ec57-ccec-04868b38f679" executionId="1304837d-19c9-440b-a583-674404ed93b7" testListId="8c84fa94-04c1-424b-9868-57a2d4851a1d" />
    <TestEntry testId="5e6eaeac-789b-c31a-2d06-a6b7c6009b63" executionId="bc61f073-4eba-4c2e-bfd6-6a508f5d6e2c" testListId="8c84fa94-04c1-424b-9868-57a2d4851a1d" />
    <TestEntry testId="5d1cd7f9-34f0-feb0-45b5-6480e604717e" executionId="236925a5-d8a9-4f17-b039-727b9f12a207" testListId="8c84fa94-04c1-424b-9868-57a2d4851a1d" />
    <TestEntry testId="2d7f5b65-4d8c-deba-d465-b2441aaaa785" executionId="6dbfbeae-bacd-4fe3-9552-6f466d7cabe3" testListId="8c84fa94-04c1-424b-9868-57a2d4851a1d" />
    <TestEntry testId="93cfea10-487c-2fd1-30d8-938278bfacad" executionId="0a78324e-cd3e-4fd8-83a8-76e8d14584f7" testListId="8c84fa94-04c1-424b-9868-57a2d4851a1d" />
    <TestEntry testId="6c36e8fc-eb19-ac2b-e037-50e452248387" executionId="68bc821a-09da-4e8b-9c0b-233c83c05c6b" testListId="8c84fa94-04c1-424b-9868-57a2d4851a1d" />
    <TestEntry testId="014c01cc-82ce-1338-64c6-0f60bdc5f380" executionId="73b083fb-2265-463c-9c82-efdb2347b236" testListId="8c84fa94-04c1-424b-9868-57a2d4851a1d" />
    <TestEntry testId="8bd92cbc-b4a1-3cf0-6835-cad5eb18c15d" executionId="02576288-7df2-449a-8a47-c900b030dd81" testListId="8c84fa94-04c1-424b-9868-57a2d4851a1d" />
    <TestEntry testId="0dc123ac-2efb-3f2f-924d-27dae15c54d0" executionId="e89fb015-fe12-4c1a-839c-e58884530a3a" testListId="8c84fa94-04c1-424b-9868-57a2d4851a1d" />
    <TestEntry testId="bbf811fc-91c4-d67b-1ccb-4aee9c90b997" executionId="610357f4-24d4-4f52-af08-9ec07d4f7567" testListId="8c84fa94-04c1-424b-9868-57a2d4851a1d" />
    <TestEntry testId="4741d8ac-110a-06c6-3c46-7705a24bc861" executionId="cd8953e7-162c-403a-9abc-7b4e23f67ee5" testListId="8c84fa94-04c1-424b-9868-57a2d4851a1d" />
    <TestEntry testId="71c2c6e3-3e9a-c3a1-9360-c0c1796ab5f0" executionId="cf6b8795-10ae-4e55-b2a4-ed788462110a" testListId="8c84fa94-04c1-424b-9868-57a2d4851a1d" />
    <TestEntry testId="ff152fd0-403e-f4ec-a73e-1cd296d1d014" executionId="7136cf05-df67-48a5-8b7e-38bc2109bd94" testListId="8c84fa94-04c1-424b-9868-57a2d4851a1d" />
    <TestEntry testId="7e46dd07-4366-27a0-3009-4a77bc548fa9" executionId="5cfc1ff5-2973-41b0-a577-d0435df0e1ad" testListId="8c84fa94-04c1-424b-9868-57a2d4851a1d" />
    <TestEntry testId="f207e829-2666-5e0b-dea1-e7486da2e6a1" executionId="5cedc240-9d97-4140-9bab-6af1ef8b9701" testListId="8c84fa94-04c1-424b-9868-57a2d4851a1d" />
    <TestEntry testId="96f1738f-e2d9-406a-9b7b-fefb5ff95362" executionId="68a4c532-f1dd-4bbf-a863-828dc4e62de8" testListId="8c84fa94-04c1-424b-9868-57a2d4851a1d" />
    <TestEntry testId="c32c7fae-3b6b-0f87-7334-0ef6b44c9d25" executionId="2b1f0aef-8c1b-4f74-9031-9c7085175c23" testListId="8c84fa94-04c1-424b-9868-57a2d4851a1d" />
    <TestEntry testId="33a7f29f-3064-c7da-2697-0f90413b5ea8" executionId="97333118-fffd-4fe2-8097-9add7c9c2121" testListId="8c84fa94-04c1-424b-9868-57a2d4851a1d" />
    <TestEntry testId="ac40fa17-fca9-f194-2c44-acdc7dd54977" executionId="61d86834-133a-40da-b7c8-cbd9a8757267" testListId="8c84fa94-04c1-424b-9868-57a2d4851a1d" />
    <TestEntry testId="46e12d3a-8ba6-61ba-0ad5-33aaf363f745" executionId="be370e84-5032-4548-a4ea-ae381cb80865" testListId="8c84fa94-04c1-424b-9868-57a2d4851a1d" />
    <TestEntry testId="02bf4062-6173-4a68-0596-4bfd52dc36b2" executionId="08fa0eae-ae94-417d-b096-091fd27d089a" testListId="8c84fa94-04c1-424b-9868-57a2d4851a1d" />
    <TestEntry testId="2c800d9a-9994-7d52-e9ef-f570f34487f0" executionId="e1246c22-206b-48df-a33b-ab79d7991f3b" testListId="8c84fa94-04c1-424b-9868-57a2d4851a1d" />
    <TestEntry testId="8cdb7f81-87b1-9f11-bc65-382e5a57ef43" executionId="2ab6dcf7-0fc7-4de5-954d-7af4e81fd869" testListId="8c84fa94-04c1-424b-9868-57a2d4851a1d" />
    <TestEntry testId="c9e24a1f-1d61-40a9-0dab-cb17f134e032" executionId="a65eb002-b58e-46ce-843d-493ef92223c9" testListId="8c84fa94-04c1-424b-9868-57a2d4851a1d" />
    <TestEntry testId="4ba07ff2-86ed-f85e-fabc-04e7d2882c05" executionId="1c3df2ed-cfbe-4652-ac36-45fb695e0c70" testListId="8c84fa94-04c1-424b-9868-57a2d4851a1d" />
    <TestEntry testId="188e8d5a-d1ed-780a-65de-b236c8d92ecc" executionId="bb75af55-97a4-4b0a-9533-e31cf89437b0" testListId="8c84fa94-04c1-424b-9868-57a2d4851a1d" />
    <TestEntry testId="8f7ea0cb-e706-bc87-dc01-c9b8a5a8556e" executionId="d47714a0-a572-42d1-913a-eafb8012f294" testListId="8c84fa94-04c1-424b-9868-57a2d4851a1d" />
    <TestEntry testId="ced3317a-f4de-c56d-29ac-20cf03fa04ec" executionId="e8976397-9765-4098-8c88-4c02350a2b4b" testListId="8c84fa94-04c1-424b-9868-57a2d4851a1d" />
    <TestEntry testId="02db334a-6c5c-72ac-09b6-78c16163fb60" executionId="c8f097ee-6eb0-41bb-a8dc-76ebb32feeb9" testListId="8c84fa94-04c1-424b-9868-57a2d4851a1d" />
    <TestEntry testId="df273bdc-b799-b559-21e2-0d80141c0703" executionId="b5c46f2c-faf0-40a4-a604-a9b007164eb9" testListId="8c84fa94-04c1-424b-9868-57a2d4851a1d" />
    <TestEntry testId="c7ef02bf-2396-4de8-1185-78ff54ff8aab" executionId="26e3e2a7-25c4-4aaf-bdc3-51f6a7aeb57b" testListId="8c84fa94-04c1-424b-9868-57a2d4851a1d" />
    <TestEntry testId="8f22ce6f-4ac8-d4fe-e6d7-e45c0c472207" executionId="fa0cd7e3-0f5b-43c4-b6b2-bb8b193b57bd" testListId="8c84fa94-04c1-424b-9868-57a2d4851a1d" />
    <TestEntry testId="bed016bd-a122-31d3-dc01-e7d0fe017e6f" executionId="60319685-2963-4181-b1f6-addcb7cb6daa" testListId="8c84fa94-04c1-424b-9868-57a2d4851a1d" />
    <TestEntry testId="d85f5829-9dcd-6a4b-82f8-5c9a70353087" executionId="451ec722-a9fd-4510-9fd1-16b7d13a5fb1" testListId="8c84fa94-04c1-424b-9868-57a2d4851a1d" />
    <TestEntry testId="832db953-3174-9e47-9e79-c9e962a5dc9a" executionId="61373717-a42c-4ebf-bab3-fc7961d098f8" testListId="8c84fa94-04c1-424b-9868-57a2d4851a1d" />
    <TestEntry testId="d60e2fbc-d537-5dc4-b314-edebe3b20a8b" executionId="2e79b06f-1bf6-4a9f-9d70-dd518675cf60" testListId="8c84fa94-04c1-424b-9868-57a2d4851a1d" />
    <TestEntry testId="8891f4eb-c9b0-3e3f-c742-57b774363d63" executionId="dd5468c1-5511-4eb0-a1eb-50c8f661b05f" testListId="8c84fa94-04c1-424b-9868-57a2d4851a1d" />
    <TestEntry testId="14204546-6fef-c7d5-1d02-bd489a823e27" executionId="9aec56e0-45a3-451e-8c5f-ab875348d1f1" testListId="8c84fa94-04c1-424b-9868-57a2d4851a1d" />
    <TestEntry testId="d0ff1c73-209e-eeb1-2afd-642ead9760a6" executionId="09d53d0c-9744-4608-a7b2-ba8ccf82d1a3" testListId="8c84fa94-04c1-424b-9868-57a2d4851a1d" />
    <TestEntry testId="9b3a08e9-51f4-c581-11a3-b1f682c055d4" executionId="f2829d12-da55-4722-b633-8f50db099704" testListId="8c84fa94-04c1-424b-9868-57a2d4851a1d" />
    <TestEntry testId="cb90d0c6-55d4-34fc-4dfd-762592dcaa9d" executionId="2d322b44-bb92-4378-8cf9-222012bd434e" testListId="8c84fa94-04c1-424b-9868-57a2d4851a1d" />
    <TestEntry testId="75182c76-38a7-377f-7070-40caa7b382c0" executionId="5189a9ce-fd93-4d46-b813-1aa88ef44d26" testListId="8c84fa94-04c1-424b-9868-57a2d4851a1d" />
    <TestEntry testId="3a32c1dc-077f-4321-e968-780050a8a9d7" executionId="577d7bb9-e752-4b96-ade7-e21bfbbe09e0" testListId="8c84fa94-04c1-424b-9868-57a2d4851a1d" />
    <TestEntry testId="078ca2ce-f079-2c28-76dc-9a1936031e13" executionId="019cbbd8-d05d-4727-8f23-3f444b095554" testListId="8c84fa94-04c1-424b-9868-57a2d4851a1d" />
    <TestEntry testId="e57c6dc4-6a4c-181d-59f0-b2ffb8252047" executionId="8f55e527-a4e6-4165-a333-0be47980fefb" testListId="8c84fa94-04c1-424b-9868-57a2d4851a1d" />
    <TestEntry testId="db4a1ba0-50c4-f6cd-52e6-befecc6109d1" executionId="fd73175e-bd06-4263-9c76-e37f68cf56c0" testListId="8c84fa94-04c1-424b-9868-57a2d4851a1d" />
    <TestEntry testId="209cac5e-e8da-6f36-97c4-1242230c6ca0" executionId="e05f32ac-4af9-43c4-b6b9-db35fe1980bf" testListId="8c84fa94-04c1-424b-9868-57a2d4851a1d" />
    <TestEntry testId="c34e2d2d-a48b-ae91-c587-d47911a907d1" executionId="70257786-2a95-47e0-83df-0e16258a8a2e" testListId="8c84fa94-04c1-424b-9868-57a2d4851a1d" />
    <TestEntry testId="0f2cb4e4-d535-dd21-c366-616f0502fa7b" executionId="56b8ea10-13d0-4c16-8f48-881617542114" testListId="8c84fa94-04c1-424b-9868-57a2d4851a1d" />
    <TestEntry testId="b45faf43-dd79-04c9-5445-23da1be779f9" executionId="397c2b62-61cc-4a74-9dc9-c1f411c6922c" testListId="8c84fa94-04c1-424b-9868-57a2d4851a1d" />
    <TestEntry testId="4f92ecc3-fdbf-d569-57b7-f3dc0bc79390" executionId="5de1b65a-b2b4-402d-8feb-8e33e9007277" testListId="8c84fa94-04c1-424b-9868-57a2d4851a1d" />
    <TestEntry testId="df342db9-d835-84be-dabd-9832a44dda8d" executionId="dc8e9d9b-4954-438e-9380-1cb4fc4e5fac" testListId="8c84fa94-04c1-424b-9868-57a2d4851a1d" />
    <TestEntry testId="ba73bcf1-6486-473f-ebfb-50eecaf57a0c" executionId="d571ace3-143f-480d-bab6-879aed840a20" testListId="8c84fa94-04c1-424b-9868-57a2d4851a1d" />
    <TestEntry testId="c7cfa25b-5f84-b4eb-ca51-e666774f7b77" executionId="a272a60f-b23d-4058-9620-18058ccca086" testListId="8c84fa94-04c1-424b-9868-57a2d4851a1d" />
    <TestEntry testId="0d6b088a-4cbb-1e56-2603-e26c92fd9014" executionId="b0d93217-bdc4-4ef7-9968-4d16d731abd1" testListId="8c84fa94-04c1-424b-9868-57a2d4851a1d" />
    <TestEntry testId="efdeb973-f796-3bbb-78f9-ef2fef0bb698" executionId="689b03aa-b148-4032-9a7c-b149dcfbaaf1" testListId="8c84fa94-04c1-424b-9868-57a2d4851a1d" />
    <TestEntry testId="e201321c-6364-817c-50cc-555021426f7e" executionId="7d2560a1-34a9-4663-b7f7-03b0b2953f4f" testListId="8c84fa94-04c1-424b-9868-57a2d4851a1d" />
    <TestEntry testId="c2bf73e0-2b43-e613-8fe5-319705841f57" executionId="b9026724-71d7-407b-94b5-39ecc2706b37" testListId="8c84fa94-04c1-424b-9868-57a2d4851a1d" />
    <TestEntry testId="f98516d9-cd8e-bb0e-7f2e-fb9a3743aba5" executionId="7fd3dc52-f30f-43ec-816d-25da266667b3" testListId="8c84fa94-04c1-424b-9868-57a2d4851a1d" />
    <TestEntry testId="6e55e433-431e-430f-5946-55a9c6e99a57" executionId="889cbf3c-1891-4ac8-aa77-6ba3f2ea4896" testListId="8c84fa94-04c1-424b-9868-57a2d4851a1d" />
    <TestEntry testId="29839775-d400-0a7a-0eaf-63aa5f9e74a9" executionId="221f934b-c058-41d6-bd1b-332adbfd3a0d" testListId="8c84fa94-04c1-424b-9868-57a2d4851a1d" />
    <TestEntry testId="296230cb-2332-ed3e-7412-3dcdf1d43e62" executionId="01c08d44-4cea-4dba-ac9b-ff67b0ff5815" testListId="8c84fa94-04c1-424b-9868-57a2d4851a1d" />
    <TestEntry testId="a446a9ac-cd6d-4eef-b2f8-502eddef1fa4" executionId="c6e08f2c-9364-41a9-b19f-7531cd5842d8" testListId="8c84fa94-04c1-424b-9868-57a2d4851a1d" />
    <TestEntry testId="db5cf356-60bc-24eb-7ebd-eedff3a8292a" executionId="046816eb-1fcd-460d-9415-f3463568789b" testListId="8c84fa94-04c1-424b-9868-57a2d4851a1d" />
    <TestEntry testId="ea1ac2dd-01bc-e3fc-f016-90eb60861333" executionId="4e459285-1429-4f5c-8e75-818665888376" testListId="8c84fa94-04c1-424b-9868-57a2d4851a1d" />
    <TestEntry testId="ba29df95-bf9f-060b-dbbc-73646ae65176" executionId="c1a26bfa-a015-411c-bd18-87118d3362a8" testListId="8c84fa94-04c1-424b-9868-57a2d4851a1d" />
    <TestEntry testId="f1930371-f29c-139f-41a8-607d158f22b6" executionId="4c3dbf2d-d940-4320-8cef-12951935f383" testListId="8c84fa94-04c1-424b-9868-57a2d4851a1d" />
    <TestEntry testId="2e7f64e0-84e1-b572-6451-e5b58ad3f1b2" executionId="cba448c6-4937-4e64-9d94-99a091fd77fa" testListId="8c84fa94-04c1-424b-9868-57a2d4851a1d" />
    <TestEntry testId="1e89b684-e978-3894-3e18-fc74f760e637" executionId="059d0edf-0a0d-426b-b809-28b01596246c" testListId="8c84fa94-04c1-424b-9868-57a2d4851a1d" />
    <TestEntry testId="ccd5cfd0-32c3-c2b9-53ed-9209b5a556a0" executionId="275b5dab-1610-414b-9b47-6fe72f1ab351" testListId="8c84fa94-04c1-424b-9868-57a2d4851a1d" />
    <TestEntry testId="3d40653d-19a3-c289-4128-980e5c453274" executionId="275a3d50-671d-437d-bc68-d0c2a7542e1c" testListId="8c84fa94-04c1-424b-9868-57a2d4851a1d" />
    <TestEntry testId="b105cb98-11fd-dbe0-9cb5-6ee18e7fdb31" executionId="9dba1cd8-1656-4c71-b338-283873f73d8c" testListId="8c84fa94-04c1-424b-9868-57a2d4851a1d" />
    <TestEntry testId="f8a940f1-8634-0701-daf3-2dcd1e55555d" executionId="5562ae03-a88e-404a-a501-91e933f5aaaa" testListId="8c84fa94-04c1-424b-9868-57a2d4851a1d" />
    <TestEntry testId="0ca5a090-c010-2565-0f9a-9468b0513425" executionId="d4d5eb1d-be08-43b9-a5ad-f44769ba48d4" testListId="8c84fa94-04c1-424b-9868-57a2d4851a1d" />
    <TestEntry testId="a9d86561-53c8-590d-391e-2656f1b5903c" executionId="c7a41705-fc0d-4283-ae46-99314f326ce6" testListId="8c84fa94-04c1-424b-9868-57a2d4851a1d" />
    <TestEntry testId="20a5b366-61d2-1b17-1341-93fed7be4651" executionId="9997f6b1-1ed1-4a71-9831-77ab82569a9c" testListId="8c84fa94-04c1-424b-9868-57a2d4851a1d" />
    <TestEntry testId="69beb265-ebe6-f9da-2e10-2e50d1b0f6dd" executionId="f5fbe67e-e595-49e5-b033-e6b780be30fa" testListId="8c84fa94-04c1-424b-9868-57a2d4851a1d" />
    <TestEntry testId="18ed10e3-b3b1-05cb-0a5f-0cc844931b21" executionId="fd739fc1-729d-4fc0-ac7a-18ac377ff8f0" testListId="8c84fa94-04c1-424b-9868-57a2d4851a1d" />
    <TestEntry testId="c5101a70-e57e-8026-1c5c-7e3b4083afbc" executionId="1643a2bb-b50e-499a-a6a8-8d4ebb63c506" testListId="8c84fa94-04c1-424b-9868-57a2d4851a1d" />
    <TestEntry testId="596cb2c7-925f-827c-4a7a-18628a8a4cb0" executionId="21dd1659-1f3e-4462-bd41-111f2c9bd36e" testListId="8c84fa94-04c1-424b-9868-57a2d4851a1d" />
    <TestEntry testId="47c73d27-daf8-07a6-9992-33ab057f0562" executionId="775899e7-0d84-4665-8cc5-b27542bf8a6c" testListId="8c84fa94-04c1-424b-9868-57a2d4851a1d" />
    <TestEntry testId="09e23c6d-513f-3f21-c4c1-44bb3aa0bfe8" executionId="354d3b3f-9e2e-42fb-8e35-4ee7947883f6" testListId="8c84fa94-04c1-424b-9868-57a2d4851a1d" />
    <TestEntry testId="baa49532-b762-d0bf-3c21-bfb8f673b4c2" executionId="8f1c9f2f-bcb1-4a4e-b2d6-2cbd5872c35d" testListId="8c84fa94-04c1-424b-9868-57a2d4851a1d" />
    <TestEntry testId="c2a0058c-a5cc-3414-d3fc-5639c4dbe702" executionId="cb9ce247-23d7-42fe-bf7d-f590e43bb211" testListId="8c84fa94-04c1-424b-9868-57a2d4851a1d" />
    <TestEntry testId="66076f92-cd02-428b-c3aa-0dc5e5824793" executionId="7c26d7d6-fdb3-4791-a48c-b3c9326d1a77" testListId="8c84fa94-04c1-424b-9868-57a2d4851a1d" />
    <TestEntry testId="62e72051-f8d9-ba3b-e2f1-4642ab39c81a" executionId="da3c2d22-fe63-462e-af23-3598d85a01ab" testListId="8c84fa94-04c1-424b-9868-57a2d4851a1d" />
    <TestEntry testId="a93a1323-b9ff-8712-08d2-3c1f4cc58bb3" executionId="ebaa024b-3552-4374-b2eb-9163c7e2bc41" testListId="8c84fa94-04c1-424b-9868-57a2d4851a1d" />
    <TestEntry testId="8be0565a-807a-652b-b30e-db28277dd087" executionId="20af243e-faa0-4b12-8c7a-5314a30bd3fb" testListId="8c84fa94-04c1-424b-9868-57a2d4851a1d" />
    <TestEntry testId="dce3fcdf-7249-6248-dfe7-0e19495e103e" executionId="a92527fc-8f17-46bb-88b1-d7d1ba6cf89b" testListId="8c84fa94-04c1-424b-9868-57a2d4851a1d" />
    <TestEntry testId="45dd8e8e-d47d-d57f-7363-d2adb3b51e04" executionId="60665489-d1e1-43cc-a8cc-f0bc1d7f1b01" testListId="8c84fa94-04c1-424b-9868-57a2d4851a1d" />
    <TestEntry testId="e00fb5a4-e228-98dc-9550-b28f1789a059" executionId="86c42d3e-4620-4d85-9357-9b3b52a8404a" testListId="8c84fa94-04c1-424b-9868-57a2d4851a1d" />
    <TestEntry testId="ed5c2593-cfa6-d545-7875-1061dd65dead" executionId="5b5ebf71-12bd-40ad-acb7-e99b2e974635" testListId="8c84fa94-04c1-424b-9868-57a2d4851a1d" />
    <TestEntry testId="5b8d597d-a947-799b-c752-623cf741033b" executionId="7c7bcf70-0c70-4233-b91b-abc85c754e34" testListId="8c84fa94-04c1-424b-9868-57a2d4851a1d" />
    <TestEntry testId="a5e59568-9809-0546-2c2c-c87f9fc098c3" executionId="f9e0ac41-21d9-4690-9060-acdad7abde11" testListId="8c84fa94-04c1-424b-9868-57a2d4851a1d" />
    <TestEntry testId="fe4bb424-4fc7-dee4-ff2f-8ee1b89e7d7f" executionId="c6896a29-dbad-4a9b-81a8-a88cb59432b4" testListId="8c84fa94-04c1-424b-9868-57a2d4851a1d" />
    <TestEntry testId="14c31508-17e6-4880-b426-ed6fb60b31cf" executionId="fbef21f9-62ee-4254-abe7-a5926fcea385" testListId="8c84fa94-04c1-424b-9868-57a2d4851a1d" />
    <TestEntry testId="9e03bf6d-4e75-7d3d-979b-1b27fa078d7d" executionId="cd025b28-4a20-4457-87e5-c77d8b067407" testListId="8c84fa94-04c1-424b-9868-57a2d4851a1d" />
    <TestEntry testId="9085edc1-23da-0141-ff53-9bb481ec3c06" executionId="e96bb498-3173-4a30-a6b1-be02c69b85c1" testListId="8c84fa94-04c1-424b-9868-57a2d4851a1d" />
    <TestEntry testId="4052b285-ee8b-dda1-747f-8fb2d2b5853d" executionId="689dee07-2a2c-4e5c-8fb2-f66c7c6005e7" testListId="8c84fa94-04c1-424b-9868-57a2d4851a1d" />
    <TestEntry testId="4ff25461-925d-2b73-524e-d2fd332c1e39" executionId="de8691de-6751-45fc-a85d-a5662fe100f9" testListId="8c84fa94-04c1-424b-9868-57a2d4851a1d" />
    <TestEntry testId="52ffb89f-308d-1a56-611a-405901acb8cd" executionId="88ffd4d7-7d9e-4ff9-968e-17bb9ba2fc87" testListId="8c84fa94-04c1-424b-9868-57a2d4851a1d" />
    <TestEntry testId="f76203f6-f127-113c-5b07-212839a96b73" executionId="4886eb42-09f0-4a0c-9fe7-d047bb24c764" testListId="8c84fa94-04c1-424b-9868-57a2d4851a1d" />
    <TestEntry testId="bcb6a2c1-7c43-e2d1-68fb-4752e36bef88" executionId="106b1517-7129-406c-82f6-6b149354500d" testListId="8c84fa94-04c1-424b-9868-57a2d4851a1d" />
    <TestEntry testId="8b9c529a-f659-c89a-aa3e-a5fad6a9fea7" executionId="350cb7d4-d338-4e69-8e1f-d0ac1930dc0c" testListId="8c84fa94-04c1-424b-9868-57a2d4851a1d" />
    <TestEntry testId="d071d2b4-c4a7-1efa-7f89-25ed537b122f" executionId="605a6a4b-1aa7-40a0-bc87-58b9de46c7b1" testListId="8c84fa94-04c1-424b-9868-57a2d4851a1d" />
    <TestEntry testId="5c8cc938-335e-a98a-d80a-ce2a4192fa26" executionId="2a294147-fbcd-49eb-98f2-2727125c6f64" testListId="8c84fa94-04c1-424b-9868-57a2d4851a1d" />
    <TestEntry testId="9d26e53f-b338-80dd-562a-e1e68c02f67a" executionId="6e6ae1cd-249e-4384-a334-c59781c25038" testListId="8c84fa94-04c1-424b-9868-57a2d4851a1d" />
    <TestEntry testId="888b4819-f7ed-7fe6-9deb-65cd848ab917" executionId="81a446e2-17e8-4e2d-871d-6da7e9631282" testListId="8c84fa94-04c1-424b-9868-57a2d4851a1d" />
    <TestEntry testId="c7343c2c-78ed-5e3a-c3ed-259714840c06" executionId="e2b59486-ed3d-485f-9f71-a98b3623bb22" testListId="8c84fa94-04c1-424b-9868-57a2d4851a1d" />
    <TestEntry testId="0fe8d20e-348c-7d20-8e18-4ab370792fe0" executionId="1505ae6f-a15a-4b6c-ba3b-4a64550e0e69" testListId="8c84fa94-04c1-424b-9868-57a2d4851a1d" />
    <TestEntry testId="44d98ef8-930e-6c96-71e8-5749bf624437" executionId="756fe863-df95-421d-a917-848acae6d481" testListId="8c84fa94-04c1-424b-9868-57a2d4851a1d" />
    <TestEntry testId="bd85c34e-1e20-839d-feff-cc7eed9c2e75" executionId="2ee95539-471f-4c69-a5df-b8887c8f2619" testListId="8c84fa94-04c1-424b-9868-57a2d4851a1d" />
    <TestEntry testId="88f0c0b5-dc4a-4133-b95e-5ff2d41cf758" executionId="edf44148-e91f-4dbc-8e71-2fb8cbaa3a09" testListId="8c84fa94-04c1-424b-9868-57a2d4851a1d" />
    <TestEntry testId="08577c9c-2318-302e-4f69-67540b6ebc02" executionId="bbd91cca-3358-4d3e-b379-6e3780a23fea" testListId="8c84fa94-04c1-424b-9868-57a2d4851a1d" />
    <TestEntry testId="d49dd8a1-17d1-d140-9564-06903127a2e4" executionId="b06ceb6e-d429-4169-b865-579e72e328da" testListId="8c84fa94-04c1-424b-9868-57a2d4851a1d" />
    <TestEntry testId="c13a92d4-2ab4-786d-c78f-fbc74a9bc6bf" executionId="7ebf27e1-cd7e-480f-8ac7-9d948ab43d74" testListId="8c84fa94-04c1-424b-9868-57a2d4851a1d" />
    <TestEntry testId="1f64ab5a-faee-2124-0bd7-cb77b45af3ab" executionId="96e92c03-fe7e-479f-af6f-17e1eca0810f" testListId="8c84fa94-04c1-424b-9868-57a2d4851a1d" />
    <TestEntry testId="e9afcaf2-7818-aac4-97f5-27c1d6e7b6c2" executionId="24b39d33-e25f-4bc5-85ac-11df2f0e1ed4" testListId="8c84fa94-04c1-424b-9868-57a2d4851a1d" />
    <TestEntry testId="9d8d30df-7116-4e69-8b1e-8fe0e301647c" executionId="ce92399f-52cb-48f5-9dcb-9ad21bb1d693" testListId="8c84fa94-04c1-424b-9868-57a2d4851a1d" />
    <TestEntry testId="5eb1535c-6e9b-2066-e811-582a5b611112" executionId="9f116dd0-bdbf-42a9-b65c-bafaa1e70799" testListId="8c84fa94-04c1-424b-9868-57a2d4851a1d" />
    <TestEntry testId="411e38f1-ebfb-df19-3a3a-707f30f3c5be" executionId="d973ba31-42c8-4516-abe3-8a1b895a8502" testListId="8c84fa94-04c1-424b-9868-57a2d4851a1d" />
    <TestEntry testId="3c2827ec-3bc3-eb98-2459-4650631bf304" executionId="835ea908-af6e-4c32-a868-7cd39824d7fa" testListId="8c84fa94-04c1-424b-9868-57a2d4851a1d" />
    <TestEntry testId="01872485-4d81-c916-8cf1-c5a694b29846" executionId="827891f6-c339-4520-a3ab-d7b9b754cdc5" testListId="8c84fa94-04c1-424b-9868-57a2d4851a1d" />
    <TestEntry testId="311b6c3e-cccf-4b30-e7f9-449c9ecff942" executionId="af684dc2-8120-4b43-9c03-d9a67ee64efc" testListId="8c84fa94-04c1-424b-9868-57a2d4851a1d" />
    <TestEntry testId="84c6800a-f289-1899-3a73-99d4070467cb" executionId="f12c4e30-acc6-4605-a97b-d3d15639c789" testListId="8c84fa94-04c1-424b-9868-57a2d4851a1d" />
    <TestEntry testId="f91416c8-1703-e7ea-8c9a-a92b7bb1d688" executionId="8779f58c-be82-4efa-a080-2a7beafcba71" testListId="8c84fa94-04c1-424b-9868-57a2d4851a1d" />
    <TestEntry testId="dad72413-ce66-f7c6-62da-d1fb0f77778d" executionId="88da09de-b23f-418a-b77b-817c7aecdcf0" testListId="8c84fa94-04c1-424b-9868-57a2d4851a1d" />
    <TestEntry testId="940e757e-482b-7683-9fbd-545c899eab41" executionId="d03412dd-f0e3-4ce4-9920-e10902859be8" testListId="8c84fa94-04c1-424b-9868-57a2d4851a1d" />
    <TestEntry testId="65200420-42ce-b190-7ff7-7b164ff1ec76" executionId="a0a9e0db-0543-470c-ab24-8dd617ac6c2c" testListId="8c84fa94-04c1-424b-9868-57a2d4851a1d" />
    <TestEntry testId="64430dc0-d0ec-3630-f4dc-3035b3446fe0" executionId="1de65070-74e8-4ad3-bfa5-6be27e914e84" testListId="8c84fa94-04c1-424b-9868-57a2d4851a1d" />
    <TestEntry testId="12ea67ca-37c0-f0fd-c942-d620dd5f1649" executionId="cad3085a-dd36-46f3-99e9-5a0c2b5acba4" testListId="8c84fa94-04c1-424b-9868-57a2d4851a1d" />
    <TestEntry testId="6e767f96-9226-7d9c-988b-ea75a4b8e156" executionId="26dc62a2-ae27-4510-8584-ecd8114d3e5b" testListId="8c84fa94-04c1-424b-9868-57a2d4851a1d" />
    <TestEntry testId="08207ca9-c0ba-e0cc-e9e6-34d7f89fcf5e" executionId="40d661e1-4966-49cb-a58b-d27ffcf11b04" testListId="8c84fa94-04c1-424b-9868-57a2d4851a1d" />
    <TestEntry testId="c5027c1a-9b50-9f43-2228-adeb647f513f" executionId="847c500a-b06b-4b85-bfeb-e8417a110533" testListId="8c84fa94-04c1-424b-9868-57a2d4851a1d" />
    <TestEntry testId="4bf554c3-e002-54a1-f4f4-8a2759f993cd" executionId="b880db6d-896a-4ac9-b9fd-72f148f9f037" testListId="8c84fa94-04c1-424b-9868-57a2d4851a1d" />
    <TestEntry testId="7d15150a-7174-6f65-3843-6fe9d1970c7b" executionId="dc44ba72-a0bd-4ac3-a8f2-ed7c37b25018" testListId="8c84fa94-04c1-424b-9868-57a2d4851a1d" />
    <TestEntry testId="0f8b9216-b299-d332-8e1f-9a8feee5d1e9" executionId="35b58c9e-e03f-4cbe-b731-a613a3340982" testListId="8c84fa94-04c1-424b-9868-57a2d4851a1d" />
    <TestEntry testId="977cf24f-20f0-af04-f9fd-88296a80a191" executionId="e7e868c2-2bc0-410a-8928-6f90bad87171" testListId="8c84fa94-04c1-424b-9868-57a2d4851a1d" />
    <TestEntry testId="bbba8e22-1b20-62d6-6e69-7016b4e8e4bf" executionId="827a0d60-f79f-4ef5-b9ee-1b392753910b" testListId="8c84fa94-04c1-424b-9868-57a2d4851a1d" />
    <TestEntry testId="35211776-3f68-d78b-18e2-a21a4d369aed" executionId="1eaf6c5e-e8b0-41a3-9260-1509b0f008cb" testListId="8c84fa94-04c1-424b-9868-57a2d4851a1d" />
    <TestEntry testId="97a02c40-1c10-309c-a600-6c8bf81ccdfc" executionId="913f8535-bd9e-48d4-93e2-0e2ca5f6be12" testListId="8c84fa94-04c1-424b-9868-57a2d4851a1d" />
    <TestEntry testId="4f2fa6bb-6033-af38-3639-8e35b9d62e03" executionId="f3d075dc-b180-4406-99d7-7e5cb98f1073" testListId="8c84fa94-04c1-424b-9868-57a2d4851a1d" />
    <TestEntry testId="b974d079-f8c7-696e-01c3-ee20cd989857" executionId="ad134521-d98a-4ce0-a799-d30466b856c4" testListId="8c84fa94-04c1-424b-9868-57a2d4851a1d" />
    <TestEntry testId="aad140b3-4196-9d5b-27c9-77ac877f082f" executionId="af393ff1-cc56-40f3-8ae8-1bef2ffc85e1" testListId="8c84fa94-04c1-424b-9868-57a2d4851a1d" />
    <TestEntry testId="ec0ff6f3-40a0-61a0-1c02-ffe1c9cd8709" executionId="eefd0ab6-58b1-453d-a2cd-b8bd9358bc8d" testListId="8c84fa94-04c1-424b-9868-57a2d4851a1d" />
    <TestEntry testId="261108eb-e4aa-9aa8-08d4-1bd3d2b96ec0" executionId="5b06d89e-edb6-437c-97da-488c442bff6e" testListId="8c84fa94-04c1-424b-9868-57a2d4851a1d" />
    <TestEntry testId="93ee781d-99b9-9428-266d-0f5da9773e8c" executionId="024fdeb7-5ec9-45ac-953c-33518009f87e" testListId="8c84fa94-04c1-424b-9868-57a2d4851a1d" />
    <TestEntry testId="1f757bc5-86da-e122-1d55-9a03114706b1" executionId="675b6c64-489c-4089-8230-6c9775144392" testListId="8c84fa94-04c1-424b-9868-57a2d4851a1d" />
    <TestEntry testId="8e7216bb-69f8-c56d-3e84-3e82cfa64c5c" executionId="912ea51b-ad60-4e30-a9a2-b1a8e56552e8" testListId="8c84fa94-04c1-424b-9868-57a2d4851a1d" />
    <TestEntry testId="03db011c-36c3-8fa6-9017-436f1dd775bb" executionId="8a51879b-c29e-476c-b012-d059d0d03d90" testListId="8c84fa94-04c1-424b-9868-57a2d4851a1d" />
    <TestEntry testId="fd36a05d-aabc-c319-396e-483787345ed9" executionId="a4376e41-92f3-4638-aa32-3a49aa65072a" testListId="8c84fa94-04c1-424b-9868-57a2d4851a1d" />
    <TestEntry testId="199589cd-8acd-d74a-9888-9b069b3c3800" executionId="63f71555-1de3-404a-a6ec-3e82dbd5612d" testListId="8c84fa94-04c1-424b-9868-57a2d4851a1d" />
    <TestEntry testId="943dfe23-6c96-8207-4db4-abb06c481fe6" executionId="2ea18ada-3196-4e1b-a9b7-8bf2376eb640" testListId="8c84fa94-04c1-424b-9868-57a2d4851a1d" />
    <TestEntry testId="37563ea7-79b5-6e21-07e3-b7abecf35da5" executionId="57c5758c-3293-4636-a50a-5985715a7ca3" testListId="8c84fa94-04c1-424b-9868-57a2d4851a1d" />
    <TestEntry testId="2d819a75-1f3b-8e3f-72c3-7eac56a5cef5" executionId="33620615-65f9-4f5d-bd6a-3380049580ac" testListId="8c84fa94-04c1-424b-9868-57a2d4851a1d" />
    <TestEntry testId="06d35280-ada3-246c-c04a-58775402cb55" executionId="6dae10c6-4c89-4a6f-87f6-f0a916e3d68e" testListId="8c84fa94-04c1-424b-9868-57a2d4851a1d" />
    <TestEntry testId="27b117ff-b7dd-57b4-7de5-67615daa035c" executionId="47812579-c2ba-4b4e-a79b-19b1019fe3ae" testListId="8c84fa94-04c1-424b-9868-57a2d4851a1d" />
    <TestEntry testId="5ff238f1-95c7-893f-0944-9f7af0bf7443" executionId="3d69e639-e69d-4095-b2f6-bbdf731e93d9" testListId="8c84fa94-04c1-424b-9868-57a2d4851a1d" />
    <TestEntry testId="acae517f-099e-2cd1-8736-3ed091b5c626" executionId="9dd8a52a-ef3b-4471-bf3b-e531ac58b941" testListId="8c84fa94-04c1-424b-9868-57a2d4851a1d" />
    <TestEntry testId="2f0e8b4d-7cfc-b0f8-afb9-02de17c6b337" executionId="b6d59006-ac70-4139-adf2-ce47ba6b0fe0" testListId="8c84fa94-04c1-424b-9868-57a2d4851a1d" />
    <TestEntry testId="e39e9980-2b7c-af72-8ea9-548ab3dc3398" executionId="54c9fbe4-6c4a-47d3-b32a-ab2af52700e1" testListId="8c84fa94-04c1-424b-9868-57a2d4851a1d" />
    <TestEntry testId="7e7ded53-cbb8-545f-cbd5-7575b7f60d80" executionId="e4a6e6a4-0088-44e9-a5ee-5de77dfd6ed8" testListId="8c84fa94-04c1-424b-9868-57a2d4851a1d" />
    <TestEntry testId="ee9232ac-1b99-3b56-d749-59bfec2b6ae0" executionId="2975eaa0-0547-4206-9f49-275e4a03e31f" testListId="8c84fa94-04c1-424b-9868-57a2d4851a1d" />
    <TestEntry testId="e3bab16b-3c59-832e-1834-a442985b41e2" executionId="87e422e1-3079-44f0-9cec-e9342a9e326b" testListId="8c84fa94-04c1-424b-9868-57a2d4851a1d" />
    <TestEntry testId="a9c4348a-f7cc-abf4-413a-fc58753695f7" executionId="f83a7ce5-c4fe-4d79-87b7-b61c0abe7a4a" testListId="8c84fa94-04c1-424b-9868-57a2d4851a1d" />
    <TestEntry testId="4d4f77cf-2c12-609f-bf50-7abe8c10f4d6" executionId="4794a215-e8ab-49f6-ab72-2b3c27f274b2" testListId="8c84fa94-04c1-424b-9868-57a2d4851a1d" />
    <TestEntry testId="b54351a3-66ec-0964-2aea-e5e40f7e02d7" executionId="9fd0e230-5f82-4bb1-8b00-3b4426ebae43" testListId="8c84fa94-04c1-424b-9868-57a2d4851a1d" />
    <TestEntry testId="53713324-cc06-3054-5418-a2a3cf8996e1" executionId="9a0491ee-0822-4b08-a1a5-27b1e4778cec" testListId="8c84fa94-04c1-424b-9868-57a2d4851a1d" />
    <TestEntry testId="5fcc6bb5-5034-60d9-130d-fe126a4d45b8" executionId="5b2f4439-b39c-4a81-9634-55d94fff2545" testListId="8c84fa94-04c1-424b-9868-57a2d4851a1d" />
    <TestEntry testId="aa49e18c-4197-b3cc-aa70-ef1af862b8be" executionId="c55c889d-7505-4667-baf2-432f81be739e" testListId="8c84fa94-04c1-424b-9868-57a2d4851a1d" />
    <TestEntry testId="c15364fc-afb3-2719-c704-523601813bbb" executionId="a30ab2fd-10cf-4701-860c-4268fd648ac2" testListId="8c84fa94-04c1-424b-9868-57a2d4851a1d" />
    <TestEntry testId="5d60b22d-c612-47a3-e3f1-72a7b909f424" executionId="98d63188-81cd-41df-885b-f33e1c24d311" testListId="8c84fa94-04c1-424b-9868-57a2d4851a1d" />
    <TestEntry testId="73b22343-d27d-02ec-64f3-97c9276c247c" executionId="c3fc4d03-7f82-43f7-8efa-08fbe3a37c34" testListId="8c84fa94-04c1-424b-9868-57a2d4851a1d" />
    <TestEntry testId="1868671e-db4e-df1a-0576-e50eea4adffe" executionId="d1968c88-1cff-476a-9d0a-53884da2256c" testListId="8c84fa94-04c1-424b-9868-57a2d4851a1d" />
    <TestEntry testId="d38b1376-8e35-d896-b696-31aebb9da9b5" executionId="d6549fbc-dc29-4a07-9b7b-45daa017dd1a" testListId="8c84fa94-04c1-424b-9868-57a2d4851a1d" />
    <TestEntry testId="884780c4-efd7-4539-be97-7bddf6f0d325" executionId="23db36e5-9bb0-4b77-ac87-4f7d776806e4" testListId="8c84fa94-04c1-424b-9868-57a2d4851a1d" />
    <TestEntry testId="0becb87d-368a-ae3f-dadc-8f59c2dd4345" executionId="989cf0b7-f577-4ef4-81f0-f6957a69c0a8" testListId="8c84fa94-04c1-424b-9868-57a2d4851a1d" />
    <TestEntry testId="8e83e5d2-ca14-e987-68f7-ba664862f8f4" executionId="4a7b637b-1ff0-48a1-98bb-2f89a990a462" testListId="8c84fa94-04c1-424b-9868-57a2d4851a1d" />
    <TestEntry testId="21522ead-b433-4ed6-2bc6-7bc12d8649e5" executionId="796cdd80-74d0-46b2-8e9f-b712fda3f021" testListId="8c84fa94-04c1-424b-9868-57a2d4851a1d" />
    <TestEntry testId="3c6ac6c6-76bc-c0da-6388-565dd44e7fcd" executionId="42a6a609-5b5d-4c32-b89e-a762b1969644" testListId="8c84fa94-04c1-424b-9868-57a2d4851a1d" />
    <TestEntry testId="5804b4b4-4d14-d511-1065-baeb15ae9d58" executionId="1eb5d8a2-cdf6-419c-b35b-da3218f408bb" testListId="8c84fa94-04c1-424b-9868-57a2d4851a1d" />
    <TestEntry testId="9519802d-7595-b802-9b1d-28efaa0530ce" executionId="2ddf69db-861f-4e23-b6b4-bb79ca7ca2e1" testListId="8c84fa94-04c1-424b-9868-57a2d4851a1d" />
    <TestEntry testId="bd642842-e695-04ad-0f5e-7e2ce55f0969" executionId="3972e1b6-a416-49da-a088-9289db9c9c57" testListId="8c84fa94-04c1-424b-9868-57a2d4851a1d" />
    <TestEntry testId="006db6e7-371d-e718-b29e-3beaaaa8b1e6" executionId="eb7a49c7-37b5-4c03-9752-578fc3ae0656" testListId="8c84fa94-04c1-424b-9868-57a2d4851a1d" />
    <TestEntry testId="b0c0975d-c610-a767-c328-0155d7e3729c" executionId="2b71b8af-e461-4762-a553-8eaf21be5a3b" testListId="8c84fa94-04c1-424b-9868-57a2d4851a1d" />
    <TestEntry testId="8eb35749-f865-2bf9-dc8d-fbacac303a24" executionId="9d430c6f-798a-4df5-bbc3-04be6213271e" testListId="8c84fa94-04c1-424b-9868-57a2d4851a1d" />
    <TestEntry testId="b2e97849-9fd5-473a-c64e-60a1b38c0a1b" executionId="b5abd97f-c038-4d86-82ff-5814669aff25" testListId="8c84fa94-04c1-424b-9868-57a2d4851a1d" />
    <TestEntry testId="7e95e31b-5cbf-f4bc-6b58-5c4878828fa0" executionId="a73388e9-f2b1-43dc-9724-68b5be741068" testListId="8c84fa94-04c1-424b-9868-57a2d4851a1d" />
    <TestEntry testId="2e7c745d-8a62-07fa-75a5-000f8e56d414" executionId="00c83592-61b0-4771-bd9a-b40b6201f414" testListId="8c84fa94-04c1-424b-9868-57a2d4851a1d" />
    <TestEntry testId="d3300c9e-5da3-cf6d-3ac1-7219738332c6" executionId="38a361cd-dc57-4f63-98e6-75625af063ef" testListId="8c84fa94-04c1-424b-9868-57a2d4851a1d" />
    <TestEntry testId="3e9e891c-a70e-1cec-ed52-a1f055f94791" executionId="41e95ba1-4bd8-483b-89fc-4412b1951927" testListId="8c84fa94-04c1-424b-9868-57a2d4851a1d" />
    <TestEntry testId="49968c77-db79-7bef-f137-feb610539b3e" executionId="ad9ddb95-0633-44f5-9c4a-c10e93dbab64" testListId="8c84fa94-04c1-424b-9868-57a2d4851a1d" />
    <TestEntry testId="5f4a1235-e961-3153-b47b-89c12ab81383" executionId="75019667-bf21-4e0a-a1a6-2e13c1b2f7c5" testListId="8c84fa94-04c1-424b-9868-57a2d4851a1d" />
    <TestEntry testId="b628997a-57d1-098a-32a2-a9f49a796717" executionId="b7609544-79f8-4510-9cb3-244055262483" testListId="8c84fa94-04c1-424b-9868-57a2d4851a1d" />
    <TestEntry testId="3fc0a61d-0537-a068-dc4c-e9f48287e808" executionId="72912d39-7863-4d41-8d54-8f2e8ddc3f27" testListId="8c84fa94-04c1-424b-9868-57a2d4851a1d" />
    <TestEntry testId="22cdaf43-d8ea-278c-4cc0-7325a65fa6f1" executionId="0782795a-6e05-4588-8aa0-5b86ba3623f0" testListId="8c84fa94-04c1-424b-9868-57a2d4851a1d" />
    <TestEntry testId="ad1859a2-9b1d-fff4-e010-4df6fe4ee045" executionId="7bd14ad1-17b7-4f04-a87b-5260de0a29cd" testListId="8c84fa94-04c1-424b-9868-57a2d4851a1d" />
    <TestEntry testId="30d1482a-3681-2b78-041a-5c6ec797ad16" executionId="334e6edf-251c-4c88-aea2-75af67088dfc" testListId="8c84fa94-04c1-424b-9868-57a2d4851a1d" />
    <TestEntry testId="fd226736-c1a4-0f7f-960f-3551ec9d470c" executionId="3c49a2b6-18c3-4aef-a3f3-a16abe66a0ea" testListId="8c84fa94-04c1-424b-9868-57a2d4851a1d" />
    <TestEntry testId="8a469a40-7454-6880-9e8d-7953fae79af1" executionId="eec3d77a-1487-4e99-bd0e-4462649de8c4" testListId="8c84fa94-04c1-424b-9868-57a2d4851a1d" />
    <TestEntry testId="d360f263-f7ec-aadc-b7b2-c7765fbfba2e" executionId="93e0bf9f-3582-42d4-9723-f4b50512a478" testListId="8c84fa94-04c1-424b-9868-57a2d4851a1d" />
    <TestEntry testId="5ef343f7-cc0d-47aa-b43e-c9be70797afb" executionId="816c30b4-1e86-45e9-b5df-313733bbbdcf" testListId="8c84fa94-04c1-424b-9868-57a2d4851a1d" />
    <TestEntry testId="0722ba6b-76b6-1c47-d7d1-0b74ba7f6032" executionId="0dd1ba87-7ed3-4c1a-9be1-ccf6f6f812c2" testListId="8c84fa94-04c1-424b-9868-57a2d4851a1d" />
    <TestEntry testId="34988729-7075-661c-e9b3-1244d66c21c5" executionId="8453959d-d2a7-4b05-8ee4-7491618adcee" testListId="8c84fa94-04c1-424b-9868-57a2d4851a1d" />
    <TestEntry testId="2c4ab2a0-5b84-fdeb-332e-fc8fa28ff2a8" executionId="21aac425-3e1d-4b80-be90-143ea0ae4954" testListId="8c84fa94-04c1-424b-9868-57a2d4851a1d" />
    <TestEntry testId="ba805cf8-7a9e-a067-dba8-44d688ef5092" executionId="b2edb012-6fe8-43e4-82b2-fa6132db4ad3" testListId="8c84fa94-04c1-424b-9868-57a2d4851a1d" />
    <TestEntry testId="d9b0142c-6bc1-6f97-6ab7-2f168104e960" executionId="d89d994b-4f70-46a3-bd8c-eca38828339c" testListId="8c84fa94-04c1-424b-9868-57a2d4851a1d" />
    <TestEntry testId="e3ea7a3f-bc55-5685-d863-350fa30216ea" executionId="90d395fa-b791-4393-86d1-70f1c3116132" testListId="8c84fa94-04c1-424b-9868-57a2d4851a1d" />
    <TestEntry testId="6283c4be-1bf1-1121-ef21-2c078662a67b" executionId="3b40df96-dc29-4d0f-a5fb-c0e65bd0846a" testListId="8c84fa94-04c1-424b-9868-57a2d4851a1d" />
    <TestEntry testId="51b443bb-f015-cdb0-7b07-a9cab8e0e8a8" executionId="117eb4ad-6e35-494c-afbb-3e42f3228e0a" testListId="8c84fa94-04c1-424b-9868-57a2d4851a1d" />
    <TestEntry testId="64aa7254-7fbd-79c2-756e-71858d6d30f7" executionId="5eaa4761-b8d7-4498-8c65-951493d15890" testListId="8c84fa94-04c1-424b-9868-57a2d4851a1d" />
    <TestEntry testId="99ec6b99-38ab-d9d3-1265-68ce728117c4" executionId="663d77b5-8d90-4158-8709-7f59970dae08" testListId="8c84fa94-04c1-424b-9868-57a2d4851a1d" />
    <TestEntry testId="717abb16-22b3-f92b-b19b-53aac21bcea2" executionId="8402eb74-57c3-4bac-b388-b7fb6faf12bd" testListId="8c84fa94-04c1-424b-9868-57a2d4851a1d" />
    <TestEntry testId="f1ac5241-744a-004f-7a68-4b73cb2ee500" executionId="1b8ad230-a071-4acc-bf11-36fa2ffb8465" testListId="8c84fa94-04c1-424b-9868-57a2d4851a1d" />
    <TestEntry testId="10cd1f41-76ea-32a5-7fd7-44bf58e85a64" executionId="6c928b39-c44b-4ab8-b753-ffdea4ab89e9" testListId="8c84fa94-04c1-424b-9868-57a2d4851a1d" />
    <TestEntry testId="9fb27429-2e5b-c1a5-586b-a38199a8345b" executionId="b76a83a5-7575-4891-84f3-0c22d446851c" testListId="8c84fa94-04c1-424b-9868-57a2d4851a1d" />
    <TestEntry testId="45e2562c-fb2b-e12e-c99f-59a2b961f103" executionId="59b4d7d1-3e66-42ef-81a6-eaa72995dd47" testListId="8c84fa94-04c1-424b-9868-57a2d4851a1d" />
    <TestEntry testId="f42fe5a1-8c83-097f-d090-6df0e300c303" executionId="52fa8022-d251-4b75-aed4-f40d9791163f" testListId="8c84fa94-04c1-424b-9868-57a2d4851a1d" />
    <TestEntry testId="be592d9a-91e3-5d2d-c26c-4bf5df9e4597" executionId="447a6972-397b-4a44-b387-bb2b95329986" testListId="8c84fa94-04c1-424b-9868-57a2d4851a1d" />
    <TestEntry testId="cba045b0-e2c3-6ee4-807a-f0cc507f11e5" executionId="d00b57d5-ecb8-4308-a32c-4234455a3ca1" testListId="8c84fa94-04c1-424b-9868-57a2d4851a1d" />
    <TestEntry testId="663d5ff2-e7a3-93d3-3ad8-ed7a224ab1bf" executionId="35c10c5a-a499-4b62-81d0-b56783f9bced" testListId="8c84fa94-04c1-424b-9868-57a2d4851a1d" />
    <TestEntry testId="5a48316b-ec69-9349-5cec-20c5ea85e97a" executionId="1d30109e-7041-48d5-8d5c-c6618b60c679" testListId="8c84fa94-04c1-424b-9868-57a2d4851a1d" />
    <TestEntry testId="7ec712aa-0f40-61e7-c73d-a19584ac1f5b" executionId="12bb3d63-89de-4d98-8de2-62d808bf3966" testListId="8c84fa94-04c1-424b-9868-57a2d4851a1d" />
    <TestEntry testId="c214f264-6d82-7290-5fa6-35b6158af292" executionId="40cfee07-ba40-4b50-a5cd-b86471b405ca" testListId="8c84fa94-04c1-424b-9868-57a2d4851a1d" />
    <TestEntry testId="c1925661-95a2-08f0-c829-c8d0641fbb32" executionId="bf714083-1bac-4a0b-805c-f83ecdaa09ba" testListId="8c84fa94-04c1-424b-9868-57a2d4851a1d" />
    <TestEntry testId="10f03419-b447-74b1-44ec-afc62ff2ba1d" executionId="dd10d629-0c0f-4591-b473-ebdfce916d1e" testListId="8c84fa94-04c1-424b-9868-57a2d4851a1d" />
    <TestEntry testId="820cc941-cded-40f7-68fc-769610bce971" executionId="d6d704a1-25ae-4a51-8406-a692866dd134" testListId="8c84fa94-04c1-424b-9868-57a2d4851a1d" />
    <TestEntry testId="54e77df2-c5f9-e6f4-caca-1b64d3e7ca87" executionId="0b10c66f-bdea-46c0-b47c-e254dd487fe8" testListId="8c84fa94-04c1-424b-9868-57a2d4851a1d" />
    <TestEntry testId="fac5a5a6-3df3-1003-499e-8b36ce0df94d" executionId="8f2d04cc-88ac-4612-89b4-2af035823f21" testListId="8c84fa94-04c1-424b-9868-57a2d4851a1d" />
    <TestEntry testId="3f1ee4fc-a7d8-c760-390c-3e7b08ade2d5" executionId="2c350951-f2b0-4bb4-8790-04748aeb0f23" testListId="8c84fa94-04c1-424b-9868-57a2d4851a1d" />
    <TestEntry testId="342251bc-8c6a-107f-f40f-bd580bcab139" executionId="b9b52c4c-e928-4a85-81c3-f3b7be1b8183" testListId="8c84fa94-04c1-424b-9868-57a2d4851a1d" />
    <TestEntry testId="45cd799b-b041-7972-1933-31bb68393544" executionId="0c852af4-7bcf-4f1b-9a4d-d38db3b24f2e" testListId="8c84fa94-04c1-424b-9868-57a2d4851a1d" />
    <TestEntry testId="3c1351f2-b304-b994-7193-22c9e52a8782" executionId="c8372d0d-3d21-44fd-874b-d180f01d3718" testListId="8c84fa94-04c1-424b-9868-57a2d4851a1d" />
    <TestEntry testId="7c024d4b-1985-e15e-210c-918bbaab85d2" executionId="285bf8f1-78d9-4423-98c8-e4eecba97973" testListId="8c84fa94-04c1-424b-9868-57a2d4851a1d" />
    <TestEntry testId="5daf60bc-d3db-b08c-c8ea-5261b3f91cd1" executionId="fac1542b-85bc-4ed7-8e16-9eac65a6375a" testListId="8c84fa94-04c1-424b-9868-57a2d4851a1d" />
    <TestEntry testId="f0e672db-0cd5-af9b-9ddf-e55604adbaef" executionId="e765a065-0227-4215-97cc-1f03121c4852" testListId="8c84fa94-04c1-424b-9868-57a2d4851a1d" />
    <TestEntry testId="311e3e96-4cb5-66b7-514a-5e93dfad5e16" executionId="d7278ec0-93a3-4804-98d7-22e28769848f" testListId="8c84fa94-04c1-424b-9868-57a2d4851a1d" />
    <TestEntry testId="9b5dfb80-ce41-e436-1e7d-ce9b1aff93d9" executionId="b064a641-cd0e-4b39-b83e-da5d86a81f97" testListId="8c84fa94-04c1-424b-9868-57a2d4851a1d" />
    <TestEntry testId="7c24f30a-cdbb-9287-2f6f-be40b9f25947" executionId="31ec1c0d-54ac-456b-affe-efffc79a1705" testListId="8c84fa94-04c1-424b-9868-57a2d4851a1d" />
    <TestEntry testId="85fd8d0b-9fc0-1fbf-e3ac-fb7bd19ad960" executionId="7b0a9b4d-3273-4789-9c73-22539d37e3c0" testListId="8c84fa94-04c1-424b-9868-57a2d4851a1d" />
    <TestEntry testId="c9c36d3a-0a72-c16b-d9ef-e237a67deccf" executionId="8327a7bf-eee3-481d-a7ea-58ffbea65ee9" testListId="8c84fa94-04c1-424b-9868-57a2d4851a1d" />
    <TestEntry testId="a7cb801d-7f16-2aed-a9b9-27ada01410cb" executionId="65f6f468-e2c7-4a46-b310-a4c6b9767459" testListId="8c84fa94-04c1-424b-9868-57a2d4851a1d" />
    <TestEntry testId="7f21b0b4-e06a-6f12-ca83-6bc768cb16d0" executionId="37fc802a-03a3-4984-8cb4-98638e83569c" testListId="8c84fa94-04c1-424b-9868-57a2d4851a1d" />
    <TestEntry testId="556708dc-3ea7-4044-1a0d-7548df8b4302" executionId="bce3f804-070d-44a9-b1ce-9220c1709bcf" testListId="8c84fa94-04c1-424b-9868-57a2d4851a1d" />
    <TestEntry testId="f91e9575-30e1-e221-f699-3a11de9b388a" executionId="afd261de-6ac4-4a50-803d-734c976b07c5" testListId="8c84fa94-04c1-424b-9868-57a2d4851a1d" />
    <TestEntry testId="46807053-f966-a388-4d2d-7da9058b5203" executionId="184f354c-4e65-413d-bf54-4dde206121a2" testListId="8c84fa94-04c1-424b-9868-57a2d4851a1d" />
    <TestEntry testId="46310652-8cba-41d1-ad89-4a295ad73bfd" executionId="51300ad8-76cd-486b-a6a3-ee70f43ee4f3" testListId="8c84fa94-04c1-424b-9868-57a2d4851a1d" />
    <TestEntry testId="db2cb8c8-7d9d-eb1f-44ff-41d77481d91c" executionId="f3a2d164-b201-4a59-91df-61ca234fabac" testListId="8c84fa94-04c1-424b-9868-57a2d4851a1d" />
    <TestEntry testId="62b58bd7-3c1e-de08-a9e7-b42cffcdf323" executionId="0cb430d5-2f08-4dd2-a2fa-55d42486d889" testListId="8c84fa94-04c1-424b-9868-57a2d4851a1d" />
    <TestEntry testId="5c7b6bae-02f9-ce2e-b4df-a3f1c1127960" executionId="47d10cab-0731-4798-8385-fb1c03ab4853" testListId="8c84fa94-04c1-424b-9868-57a2d4851a1d" />
    <TestEntry testId="0a693c83-039e-37ea-ca71-d6cb11cb39f0" executionId="27286942-5954-40f0-8db6-2c7a00ac8797" testListId="8c84fa94-04c1-424b-9868-57a2d4851a1d" />
    <TestEntry testId="5afc63d3-e6c2-fa08-2064-5b3b85269a6c" executionId="a2746727-ca5d-47fd-8c0c-8f0dd2213d28" testListId="8c84fa94-04c1-424b-9868-57a2d4851a1d" />
    <TestEntry testId="d137c692-c33a-c29f-f0cd-43638d316a9f" executionId="b8987b6f-3fc4-4b49-99a2-dc5fb30b7bee" testListId="8c84fa94-04c1-424b-9868-57a2d4851a1d" />
    <TestEntry testId="e28c6785-47f9-bd94-84d3-18cec24659f3" executionId="206becc8-23d1-4f5c-8630-485333abeae6" testListId="8c84fa94-04c1-424b-9868-57a2d4851a1d" />
    <TestEntry testId="f4da7c87-8b32-63a0-c0c1-fe7726108d96" executionId="4b38fab4-0cdc-469e-a442-5f8aaabf2350" testListId="8c84fa94-04c1-424b-9868-57a2d4851a1d" />
    <TestEntry testId="8ef731a7-df62-2078-454e-b3c5ab5a52f3" executionId="6dfe38bf-b50f-4fe8-a374-c74b4614d11d" testListId="8c84fa94-04c1-424b-9868-57a2d4851a1d" />
    <TestEntry testId="6522bdf5-de38-3374-97b3-1ce8774e28b5" executionId="6c4a9867-9ab3-41dc-a8cf-3c1f1f2575fb" testListId="8c84fa94-04c1-424b-9868-57a2d4851a1d" />
    <TestEntry testId="a14789f8-25ec-bd3c-5129-2bb2c2d09985" executionId="5feaf55c-3ead-42ac-8035-27944a01283b" testListId="8c84fa94-04c1-424b-9868-57a2d4851a1d" />
    <TestEntry testId="d7f431fb-d8db-7127-72a4-c56f83d9c52c" executionId="ae1df132-9b3b-4e5b-a5fc-3e48e759ac12" testListId="8c84fa94-04c1-424b-9868-57a2d4851a1d" />
    <TestEntry testId="79aef7de-738f-b2d7-91f6-bab93a12a8cc" executionId="57150bad-9439-40be-bf21-5a2619b8616d" testListId="8c84fa94-04c1-424b-9868-57a2d4851a1d" />
    <TestEntry testId="976bb755-951a-abad-a6b2-b4df05914837" executionId="d253f568-20c6-4435-ad81-f98e378cf28f" testListId="8c84fa94-04c1-424b-9868-57a2d4851a1d" />
    <TestEntry testId="e6978d63-8432-1fb5-de7e-ad5cae526227" executionId="f2c5d9ea-eb7c-4353-b46b-dc4e19414048" testListId="8c84fa94-04c1-424b-9868-57a2d4851a1d" />
    <TestEntry testId="b0a57685-59f6-3924-f2f2-628ea43f6fa6" executionId="e2568915-b291-47f6-97a8-b0206be806d9" testListId="8c84fa94-04c1-424b-9868-57a2d4851a1d" />
    <TestEntry testId="2db04800-c35a-cd8d-8f75-a8a0a4dfddd7" executionId="dce68d8e-697b-44e5-978d-8a91a3fd1bfe" testListId="8c84fa94-04c1-424b-9868-57a2d4851a1d" />
    <TestEntry testId="4042cc53-0735-53f5-867b-1cf2a2aa85d5" executionId="e823f274-b8fb-423a-a2e4-201fc7f69e47" testListId="8c84fa94-04c1-424b-9868-57a2d4851a1d" />
    <TestEntry testId="92ceef80-e5b7-c89c-a796-a51df0e588f6" executionId="95cde3f3-61b0-4e91-8b3b-09170e198c03" testListId="8c84fa94-04c1-424b-9868-57a2d4851a1d" />
    <TestEntry testId="59112ff7-cfa4-07fc-48da-58e17ef69013" executionId="7491274d-ee0d-48d9-901b-411f17d1e486" testListId="8c84fa94-04c1-424b-9868-57a2d4851a1d" />
    <TestEntry testId="0f64322a-6465-7604-d056-7e866a62441d" executionId="490414fc-7f1e-48bc-8e61-d0a278eff2ab" testListId="8c84fa94-04c1-424b-9868-57a2d4851a1d" />
    <TestEntry testId="a9d44699-d2e2-8f94-e099-ceb0e0e2f5b7" executionId="ff196c9e-b102-42e7-9faa-77b3c9a89712" testListId="8c84fa94-04c1-424b-9868-57a2d4851a1d" />
    <TestEntry testId="d63e28b0-0e78-d9d5-3c31-ecad325cd7f3" executionId="30739f4a-625a-406e-a6d3-532baf85fe6e" testListId="8c84fa94-04c1-424b-9868-57a2d4851a1d" />
    <TestEntry testId="a010d328-b267-86d7-7517-2aa28b420b4b" executionId="e8e8a2b4-49a6-4da8-b6fd-de3c7f22dba2" testListId="8c84fa94-04c1-424b-9868-57a2d4851a1d" />
    <TestEntry testId="ae8bdbb0-e445-3041-c219-15ee192365d2" executionId="806c13ce-5b15-4ad2-b94d-3f52d6626a63" testListId="8c84fa94-04c1-424b-9868-57a2d4851a1d" />
    <TestEntry testId="1adb0645-47a1-38af-9691-a85a3f8ec72c" executionId="a513bacd-989b-48c6-950e-d720ba7cd1bb" testListId="8c84fa94-04c1-424b-9868-57a2d4851a1d" />
    <TestEntry testId="62230298-b8cb-65c6-11c5-47ce136a6111" executionId="d31fd09f-cae4-42d0-a8c8-e367b98b0713" testListId="8c84fa94-04c1-424b-9868-57a2d4851a1d" />
    <TestEntry testId="e9cb769c-b635-ee8b-10f7-3c2bfac37d63" executionId="54dc5f5f-8bd7-4d2f-b0fa-fa598c2f00e6" testListId="8c84fa94-04c1-424b-9868-57a2d4851a1d" />
    <TestEntry testId="1ee7f53c-e626-990a-6b17-a9a8097992ee" executionId="7a3562b6-bc99-4780-a43d-fd875e69d70e" testListId="8c84fa94-04c1-424b-9868-57a2d4851a1d" />
    <TestEntry testId="6f9b44ef-a4fb-2ef9-5064-11b31eaf6d4b" executionId="6d0aae3c-5371-4742-9030-d1338a8e957d" testListId="8c84fa94-04c1-424b-9868-57a2d4851a1d" />
    <TestEntry testId="1984c2a7-7175-dd20-85f7-f923a8979400" executionId="2a5635bf-6aa1-4990-8908-28dd26553093" testListId="8c84fa94-04c1-424b-9868-57a2d4851a1d" />
    <TestEntry testId="9deae48d-7055-3dbc-52b0-c16fc854726a" executionId="ccd82720-7835-4eda-bf22-1b72377e67ef" testListId="8c84fa94-04c1-424b-9868-57a2d4851a1d" />
    <TestEntry testId="5b87a404-d9e1-52c6-716c-3d6bfb3c059a" executionId="5622892c-e3a8-4b45-9713-93e4c698265b" testListId="8c84fa94-04c1-424b-9868-57a2d4851a1d" />
    <TestEntry testId="c574a1e3-8952-ce45-2c0e-dc14f4ee4afc" executionId="afb164ee-e583-460c-b0df-72d4880adba7" testListId="8c84fa94-04c1-424b-9868-57a2d4851a1d" />
    <TestEntry testId="f0903404-1a3b-41c9-12e3-9c19c9690b95" executionId="96d67eab-4061-4458-922f-919e4e56d3d6" testListId="8c84fa94-04c1-424b-9868-57a2d4851a1d" />
    <TestEntry testId="f2fedf4e-1784-514f-f108-e8785c00ded4" executionId="2f12e3dc-3d3a-4dcb-9090-3577e690b957" testListId="8c84fa94-04c1-424b-9868-57a2d4851a1d" />
    <TestEntry testId="de19ba09-da48-16a7-e578-ccf66f701e6a" executionId="60f89d7a-280d-4c03-8c47-808273037e8c" testListId="8c84fa94-04c1-424b-9868-57a2d4851a1d" />
    <TestEntry testId="56331dab-a3f7-2362-5979-39dd09b423f7" executionId="cf7d8e95-fde7-4d75-be16-b956d183b008" testListId="8c84fa94-04c1-424b-9868-57a2d4851a1d" />
    <TestEntry testId="234bc324-8553-c6e0-ddb6-1b51780458be" executionId="7590b3f5-87ce-47b9-9cf1-1992357d166c" testListId="8c84fa94-04c1-424b-9868-57a2d4851a1d" />
    <TestEntry testId="4eab4e72-83a1-9aa2-b249-0d3036fab2e0" executionId="60f3709f-f084-44db-841c-3ea5ebf3d789" testListId="8c84fa94-04c1-424b-9868-57a2d4851a1d" />
    <TestEntry testId="df5d6f80-47b6-1dba-6191-9a36b85a07e0" executionId="33dd28c6-b58d-4670-8640-eb83f2b7bfdc" testListId="8c84fa94-04c1-424b-9868-57a2d4851a1d" />
    <TestEntry testId="7a125942-0a04-b9bf-5e0a-a73b56af923d" executionId="09cbe2e0-a35a-4cd3-88a7-165cedd8f864" testListId="8c84fa94-04c1-424b-9868-57a2d4851a1d" />
    <TestEntry testId="d5e79021-8e56-47e1-e0da-836c7f362c97" executionId="06d93dc5-9497-45a1-b7f9-ad3caa91205a" testListId="8c84fa94-04c1-424b-9868-57a2d4851a1d" />
    <TestEntry testId="6873ac76-f3ab-c022-d36a-a314064542de" executionId="bc17974e-810d-4943-8702-cda005c6e0cb" testListId="8c84fa94-04c1-424b-9868-57a2d4851a1d" />
    <TestEntry testId="b5aba053-73cd-4540-b3bc-87ffee779e82" executionId="14501f2a-c195-438d-ac2d-a0da0ffed7d3" testListId="8c84fa94-04c1-424b-9868-57a2d4851a1d" />
    <TestEntry testId="aca7dc08-e077-6336-11fb-2489a226e225" executionId="78b02ad7-672e-431d-861d-56375d7626f9" testListId="8c84fa94-04c1-424b-9868-57a2d4851a1d" />
    <TestEntry testId="2b85e6a6-b085-3693-8351-fe312faa0712" executionId="378f8172-2d8e-4d00-959e-fa94b20f29f4" testListId="8c84fa94-04c1-424b-9868-57a2d4851a1d" />
    <TestEntry testId="6ee08595-df8b-8458-88c8-ea8a550f9a05" executionId="f05bfcba-c3ee-42b2-be77-5cba0efcbbf1" testListId="8c84fa94-04c1-424b-9868-57a2d4851a1d" />
    <TestEntry testId="161ea34e-b552-5b69-4cf9-93991b1d4888" executionId="afe521d6-470c-4aca-bb14-ffd4302215d5" testListId="8c84fa94-04c1-424b-9868-57a2d4851a1d" />
    <TestEntry testId="e09feaae-1604-975a-64d2-68f66143e466" executionId="e4b5e92b-2328-4a24-ac69-5a3ce05760e2" testListId="8c84fa94-04c1-424b-9868-57a2d4851a1d" />
    <TestEntry testId="209bbe6a-3950-779a-1771-ebf632291f50" executionId="4863d8ff-2585-463f-88fb-5139f1898c24" testListId="8c84fa94-04c1-424b-9868-57a2d4851a1d" />
    <TestEntry testId="c67d60d8-371a-f2d2-eb67-28408d2ba84d" executionId="686b3f9a-518f-4550-b97a-77c6f74475c7" testListId="8c84fa94-04c1-424b-9868-57a2d4851a1d" />
    <TestEntry testId="f2f678ee-a37b-8014-7202-81380186eb4d" executionId="3e96bbaa-db61-4789-8ad5-014d952915a0" testListId="8c84fa94-04c1-424b-9868-57a2d4851a1d" />
    <TestEntry testId="d102cefa-33e2-3c8d-7bd8-79d740844fb3" executionId="564bb7ea-4dac-4a09-a844-3b7a01f4aba9" testListId="8c84fa94-04c1-424b-9868-57a2d4851a1d" />
    <TestEntry testId="0f1196ec-94c1-8ad4-9d54-4d5a2629230e" executionId="e70c4241-e421-44a2-8741-cf5c74769ad8" testListId="8c84fa94-04c1-424b-9868-57a2d4851a1d" />
    <TestEntry testId="c958d145-1335-3f69-818e-4d1059fbb724" executionId="40a19ebb-a92c-4a9a-a5ca-2175d4c89dfe" testListId="8c84fa94-04c1-424b-9868-57a2d4851a1d" />
    <TestEntry testId="5db74618-4490-82d8-607c-508cd5058260" executionId="7c5c2ca9-e767-4b88-a3b8-14a7986b360c" testListId="8c84fa94-04c1-424b-9868-57a2d4851a1d" />
    <TestEntry testId="aab534c1-e47f-1e10-690a-e9fe2fb9e517" executionId="5cf7ce5b-e1e6-4611-898c-2333984d4026" testListId="8c84fa94-04c1-424b-9868-57a2d4851a1d" />
    <TestEntry testId="607d2682-fccb-b78d-2cc8-c3d7b014ca00" executionId="56951d10-8947-4de9-ac4f-0e1b5a42b29b" testListId="8c84fa94-04c1-424b-9868-57a2d4851a1d" />
    <TestEntry testId="a1d0a451-dd40-52d3-2e4e-86926b2f8d79" executionId="eb7c777a-1bf3-4342-82a1-2b79f59c455d" testListId="8c84fa94-04c1-424b-9868-57a2d4851a1d" />
    <TestEntry testId="278a89d0-8f21-1d66-b7b0-77ed01c69463" executionId="2def9227-919f-4521-8676-bec5f1c0613a" testListId="8c84fa94-04c1-424b-9868-57a2d4851a1d" />
    <TestEntry testId="f4bee914-5ce1-371a-8400-7e20f637c3a1" executionId="9f292c26-e4a7-4be5-a4df-62e25174c92a" testListId="8c84fa94-04c1-424b-9868-57a2d4851a1d" />
    <TestEntry testId="30c64cc6-6335-ca51-cb54-04f89cee0ed9" executionId="8176817a-b953-40e4-a816-f1253e955297" testListId="8c84fa94-04c1-424b-9868-57a2d4851a1d" />
    <TestEntry testId="d764fc82-375a-445d-1d29-326347c358b4" executionId="71bd450f-fdfe-48a5-aa4f-d3aa8cf669a7" testListId="8c84fa94-04c1-424b-9868-57a2d4851a1d" />
    <TestEntry testId="1d4a9ecb-b166-605d-08b1-b1a2e2f4e86b" executionId="a753f39e-b687-486f-94db-af76bb35d546" testListId="8c84fa94-04c1-424b-9868-57a2d4851a1d" />
    <TestEntry testId="685bf125-95a7-b042-d839-6110f006a2bb" executionId="5ba3c637-1584-40be-b23f-2927290cd35f" testListId="8c84fa94-04c1-424b-9868-57a2d4851a1d" />
    <TestEntry testId="629bd067-7ea5-d193-55b4-3e52534b91b0" executionId="4202d510-9381-48f0-9b97-d2bd1def274d" testListId="8c84fa94-04c1-424b-9868-57a2d4851a1d" />
    <TestEntry testId="5f864fdf-439e-2f82-1d4d-33966957f6d6" executionId="c0104fb1-7565-43be-843b-cea73076f5bc" testListId="8c84fa94-04c1-424b-9868-57a2d4851a1d" />
    <TestEntry testId="25b0e57c-5ba9-760a-cf42-a84a18ecc62c" executionId="0f0e5ae1-0aa9-4ab6-87ce-706d74473d4d" testListId="8c84fa94-04c1-424b-9868-57a2d4851a1d" />
    <TestEntry testId="924855e1-9194-3b57-9cd1-1c25809360b6" executionId="556bdef3-154d-4441-ad9c-508024212367" testListId="8c84fa94-04c1-424b-9868-57a2d4851a1d" />
    <TestEntry testId="6f633b18-8c5d-0bf5-db3d-b3c803d548db" executionId="16888d02-2aed-4736-9319-08f167552639" testListId="8c84fa94-04c1-424b-9868-57a2d4851a1d" />
    <TestEntry testId="7ace1753-df5a-6da6-da58-a5f38ddbdf97" executionId="c12cd591-185f-438c-862a-ab16a3858b1a" testListId="8c84fa94-04c1-424b-9868-57a2d4851a1d" />
    <TestEntry testId="a294ddd9-e673-4d43-752c-093ce0b8b705" executionId="55afe728-9f72-4f24-be72-a6e6c393cd46" testListId="8c84fa94-04c1-424b-9868-57a2d4851a1d" />
    <TestEntry testId="02d5ff30-44c9-145b-fe61-3027824575fb" executionId="007f5fac-b346-4ec4-923b-5aefcc050e19" testListId="8c84fa94-04c1-424b-9868-57a2d4851a1d" />
    <TestEntry testId="87fd6638-f969-be53-c22e-480a9a60d6be" executionId="64621e6a-4382-4581-85cc-98f20c055298" testListId="8c84fa94-04c1-424b-9868-57a2d4851a1d" />
    <TestEntry testId="05b76220-fd76-c7b5-cf44-0c20f6f56988" executionId="dae03c1e-ac21-444a-ba0d-cc1647012cec" testListId="8c84fa94-04c1-424b-9868-57a2d4851a1d" />
    <TestEntry testId="3c37108a-c70c-c832-75e8-68781bee0ca1" executionId="6a3134cd-6917-401b-8cb4-59e9bc456b67" testListId="8c84fa94-04c1-424b-9868-57a2d4851a1d" />
    <TestEntry testId="cedf9e10-17c3-638f-1fb4-b52f984508c8" executionId="ff0e739f-23c6-417a-9de2-36c52464ff43" testListId="8c84fa94-04c1-424b-9868-57a2d4851a1d" />
    <TestEntry testId="71cf5e6d-ba2a-c7c3-a763-2fcedf333a8b" executionId="0f282dc9-8cdf-4192-a2e8-be6cd3f393e2" testListId="8c84fa94-04c1-424b-9868-57a2d4851a1d" />
    <TestEntry testId="4628ea67-a850-c618-dd07-6b8c93867133" executionId="bafebcb0-e142-475d-bcaa-392a2a6a7d71" testListId="8c84fa94-04c1-424b-9868-57a2d4851a1d" />
    <TestEntry testId="d48b6f70-4c0f-8a1e-1ca8-45b3563283e1" executionId="65e391aa-9b60-491e-b9cd-bde513d420a7" testListId="8c84fa94-04c1-424b-9868-57a2d4851a1d" />
    <TestEntry testId="4d90ca4e-121b-6a9a-c432-778d267caf79" executionId="7b8cbeb4-12dd-49ee-be99-7cf1e3d98f2e" testListId="8c84fa94-04c1-424b-9868-57a2d4851a1d" />
    <TestEntry testId="78ec70f9-0461-4d69-fbae-7bfa68a35251" executionId="f131e19e-59b4-4755-a197-8c114000aeb1" testListId="8c84fa94-04c1-424b-9868-57a2d4851a1d" />
    <TestEntry testId="0f7e2ea7-7d90-6e7a-188c-ad60a1c650c6" executionId="d73aecaf-331c-43b6-b7cd-2510387c6ae4" testListId="8c84fa94-04c1-424b-9868-57a2d4851a1d" />
    <TestEntry testId="37832d2b-c8b9-799c-6d67-0c7addb766d8" executionId="e4321ea2-fb13-4e77-a0ac-1973a3324e59" testListId="8c84fa94-04c1-424b-9868-57a2d4851a1d" />
    <TestEntry testId="e4515f41-6dc8-4e41-80f2-0b8ebbc1419c" executionId="3513bab2-37e3-42fc-b010-e0aab8375870" testListId="8c84fa94-04c1-424b-9868-57a2d4851a1d" />
    <TestEntry testId="9dafdb86-c22a-88fc-6833-af4e374d365d" executionId="aa50d1ca-3105-4b23-a257-f8cefee34cd0" testListId="8c84fa94-04c1-424b-9868-57a2d4851a1d" />
    <TestEntry testId="f3efdaca-9c0c-cd13-72e4-329f615be42e" executionId="3d8d89a8-076a-471c-bad3-8670c7e0d9b7" testListId="8c84fa94-04c1-424b-9868-57a2d4851a1d" />
    <TestEntry testId="5e5950b2-b136-6c89-672e-7a590d826125" executionId="b43c4033-7842-4d76-8639-f4de0abc09e0" testListId="8c84fa94-04c1-424b-9868-57a2d4851a1d" />
    <TestEntry testId="c5c4387e-9b4e-b9c4-f648-e86e48f601ca" executionId="ce52c675-2c29-4e71-9365-b7921eb885d4" testListId="8c84fa94-04c1-424b-9868-57a2d4851a1d" />
    <TestEntry testId="c8415987-5e57-7934-283e-064f446065e3" executionId="0696832d-b7da-4be9-ad6a-e903c61c5226" testListId="8c84fa94-04c1-424b-9868-57a2d4851a1d" />
    <TestEntry testId="878aaa41-b943-c214-4d03-854fffe991ed" executionId="c29dbfb5-0542-44d7-ae3d-71f5d63f6135" testListId="8c84fa94-04c1-424b-9868-57a2d4851a1d" />
    <TestEntry testId="a5ad51b1-d46a-060d-76d3-1a3a6ebb810e" executionId="0450e055-37d6-4b95-8718-e3721960073f" testListId="8c84fa94-04c1-424b-9868-57a2d4851a1d" />
    <TestEntry testId="0c1a494a-a3e9-afb9-1da6-932fb28bceff" executionId="97752350-b9b3-48a8-aa7d-b8c665682127" testListId="8c84fa94-04c1-424b-9868-57a2d4851a1d" />
    <TestEntry testId="3fbb058d-9598-d297-cfc7-b0e227b60076" executionId="f3e2f96c-a747-4638-81e2-ecccc66659ff" testListId="8c84fa94-04c1-424b-9868-57a2d4851a1d" />
    <TestEntry testId="ac82514e-82f3-4065-a2b1-92de92c3b5d4" executionId="107f6cc8-05a6-413c-8698-6526506ba565" testListId="8c84fa94-04c1-424b-9868-57a2d4851a1d" />
    <TestEntry testId="92a7db28-441b-b8fe-c790-8f59b23e56ea" executionId="6f61e4a0-7231-456f-88fa-c711ddd7897d" testListId="8c84fa94-04c1-424b-9868-57a2d4851a1d" />
    <TestEntry testId="9f77d37b-5939-25ba-159c-c8d9e89e3cd4" executionId="b298e118-b697-40a4-b9a6-9bef5ffe6f2d" testListId="8c84fa94-04c1-424b-9868-57a2d4851a1d" />
    <TestEntry testId="4f5b8945-3c3c-e13e-9a1a-2aa7b5b7d7b2" executionId="4eb3f49d-017e-425c-9574-57b27b3529dc" testListId="8c84fa94-04c1-424b-9868-57a2d4851a1d" />
    <TestEntry testId="35b5ad29-9f82-13e3-add3-97b8e7b9d94c" executionId="7fab0a7c-a104-4510-bbbc-07859c0352ac" testListId="8c84fa94-04c1-424b-9868-57a2d4851a1d" />
    <TestEntry testId="4396ccba-9d89-e148-82bd-72965c7a7035" executionId="6bbe4b7d-a3d1-42f6-b338-ee81b7f520c3" testListId="8c84fa94-04c1-424b-9868-57a2d4851a1d" />
    <TestEntry testId="99ad070e-072d-3189-a75d-1aa7c7eeb04e" executionId="2c6a9674-3876-48ac-8e24-3487e7d8106a" testListId="8c84fa94-04c1-424b-9868-57a2d4851a1d" />
    <TestEntry testId="0d212d73-5048-5154-48c3-5b8a40dc9820" executionId="f30fa401-8dfe-40ec-a66d-b51fd835953b" testListId="8c84fa94-04c1-424b-9868-57a2d4851a1d" />
    <TestEntry testId="62ec9571-83d3-3d31-1779-4fe2cf2be8e0" executionId="fa9e4082-cf94-4c87-8857-49b2dcacc947" testListId="8c84fa94-04c1-424b-9868-57a2d4851a1d" />
    <TestEntry testId="6983a880-9157-394a-891c-2e7cb526bc4c" executionId="73382f6e-4725-4bba-b10d-13906fa99809" testListId="8c84fa94-04c1-424b-9868-57a2d4851a1d" />
    <TestEntry testId="98850bf1-e160-2acd-8a57-566bba37b11b" executionId="6fd16900-5e8a-4835-9ae3-d93c0c2dd106" testListId="8c84fa94-04c1-424b-9868-57a2d4851a1d" />
    <TestEntry testId="ac1ffaa9-ae14-8f71-b2ad-c1cdc3b66547" executionId="e6f35e25-6c8b-4f5f-a2e8-bf27da693a59" testListId="8c84fa94-04c1-424b-9868-57a2d4851a1d" />
    <TestEntry testId="8309389d-9c6a-c3cd-d6dd-b15a89fb2045" executionId="ecd03e08-9a69-47fd-9a90-8f896628709e" testListId="8c84fa94-04c1-424b-9868-57a2d4851a1d" />
    <TestEntry testId="9bc3a0c5-2fcf-8c19-b3cf-1cf301730bb6" executionId="5c8c02cd-00fb-4228-8e0f-001268f63ec6" testListId="8c84fa94-04c1-424b-9868-57a2d4851a1d" />
    <TestEntry testId="9a6a7a50-e76a-4ed6-f132-a9079fc9826f" executionId="b34e5f9f-d5d3-48c7-a48e-6233ecb5e213" testListId="8c84fa94-04c1-424b-9868-57a2d4851a1d" />
    <TestEntry testId="c13b6588-2a19-2c09-3895-58ee1bfe9fde" executionId="80ae5415-4747-4fa5-8eee-6c752e296d71" testListId="8c84fa94-04c1-424b-9868-57a2d4851a1d" />
    <TestEntry testId="7c1ef6a2-586b-711e-f03d-e05f7b31ffe1" executionId="8d805096-6f51-4a5d-9ed6-8f4b8042962a" testListId="8c84fa94-04c1-424b-9868-57a2d4851a1d" />
    <TestEntry testId="c87476d9-d6c4-b192-533c-f3fd92f25649" executionId="5cfbbaa6-9e07-48bc-b001-752626d968db" testListId="8c84fa94-04c1-424b-9868-57a2d4851a1d" />
    <TestEntry testId="0789453e-d5f1-17cb-3560-d081385bfb12" executionId="8a6eafaf-7f6d-44d2-b23e-1c8e55a8e1fb" testListId="8c84fa94-04c1-424b-9868-57a2d4851a1d" />
    <TestEntry testId="3bc1d4f1-f3cc-ed17-9443-3eb25acde6f0" executionId="a64e47ce-a02f-473b-b020-4ecfd5dc458e" testListId="8c84fa94-04c1-424b-9868-57a2d4851a1d" />
    <TestEntry testId="165652a5-8470-80de-f723-64799828bde9" executionId="843157fb-1863-417c-ab19-4334d17a64e4" testListId="8c84fa94-04c1-424b-9868-57a2d4851a1d" />
    <TestEntry testId="749bbee2-7b84-79fe-48ac-a4a2d51ee66d" executionId="e7870d05-f073-4d66-95ea-965b44b69b17" testListId="8c84fa94-04c1-424b-9868-57a2d4851a1d" />
    <TestEntry testId="ee9522e3-3347-1a86-68af-c4fa8cf496f8" executionId="4c03a2aa-7b4f-4965-ae42-e6095ce135c8" testListId="8c84fa94-04c1-424b-9868-57a2d4851a1d" />
    <TestEntry testId="52ca4f6f-9446-ce96-f00d-3177ac949b13" executionId="e30ee2cc-20f7-4dce-acd5-f970cbdc77b4" testListId="8c84fa94-04c1-424b-9868-57a2d4851a1d" />
    <TestEntry testId="08105b68-db60-bfeb-93e6-92f308ba13b0" executionId="ab99f543-62b7-4632-8fb4-b27a0006d2b7" testListId="8c84fa94-04c1-424b-9868-57a2d4851a1d" />
    <TestEntry testId="ebb85f49-d557-5a6a-c90c-63121ba0873d" executionId="d9f0f928-44ba-4869-b7ce-9668c740a7a1" testListId="8c84fa94-04c1-424b-9868-57a2d4851a1d" />
    <TestEntry testId="49bddafe-bc17-f349-326c-5d40a7970e79" executionId="e12031ea-ab3e-41d9-9919-a1d308e58d77" testListId="8c84fa94-04c1-424b-9868-57a2d4851a1d" />
    <TestEntry testId="3ebde54a-5d59-a2ef-9fd5-b8b44c97d1ad" executionId="35436e90-2104-4323-83fd-6b62fcd2e078" testListId="8c84fa94-04c1-424b-9868-57a2d4851a1d" />
    <TestEntry testId="532832f5-cae8-48c6-fe23-9e1a56903292" executionId="86887836-090e-40ae-8399-60d9f9c4dd4c" testListId="8c84fa94-04c1-424b-9868-57a2d4851a1d" />
    <TestEntry testId="84853a77-193c-be7b-a6c8-566bcbdc46e5" executionId="5068458a-b404-4867-9e75-9bd66d80531a" testListId="8c84fa94-04c1-424b-9868-57a2d4851a1d" />
    <TestEntry testId="90b509f3-eaa4-5292-2d86-2fb0253e9169" executionId="532df47d-8d1c-44f9-bec0-bf2fc9bed35b" testListId="8c84fa94-04c1-424b-9868-57a2d4851a1d" />
    <TestEntry testId="74d935d3-9bac-ca17-d821-b5657be316bf" executionId="1265e073-0b0b-4b83-ad59-0cdfd9faa365" testListId="8c84fa94-04c1-424b-9868-57a2d4851a1d" />
    <TestEntry testId="bc66e507-df82-f1e7-2faf-ccf42c118b92" executionId="32208e3d-550b-42a8-b8b5-5534e984f8dc" testListId="8c84fa94-04c1-424b-9868-57a2d4851a1d" />
    <TestEntry testId="2003d62f-56fa-bdbd-776e-cef4ed468d9f" executionId="52b92cac-df11-471d-8034-2d47f8a69f0a" testListId="8c84fa94-04c1-424b-9868-57a2d4851a1d" />
    <TestEntry testId="a6f92938-3cd6-0259-0038-c96207263ec9" executionId="cd9b7d49-2baf-4384-8d2e-dfedb26ceb0e" testListId="8c84fa94-04c1-424b-9868-57a2d4851a1d" />
    <TestEntry testId="6bdd3bbc-d7a5-24ee-4e32-c68e3928d318" executionId="c2acddf1-20d5-4aff-b9a8-71e0b866602c" testListId="8c84fa94-04c1-424b-9868-57a2d4851a1d" />
    <TestEntry testId="c3fca266-07d5-2c9c-f6ed-16da0ae11db3" executionId="44087814-d1cf-490d-b005-38d0159d9ac6" testListId="8c84fa94-04c1-424b-9868-57a2d4851a1d" />
    <TestEntry testId="95d48be6-afa8-e71d-dd78-cc9c789b5af7" executionId="a3feda57-012d-4f9e-b579-ef5f2fbca69d" testListId="8c84fa94-04c1-424b-9868-57a2d4851a1d" />
    <TestEntry testId="3422f96e-0a13-0cac-95ea-d6afecbcd569" executionId="c8bd281f-1ae0-4f92-8d42-0775de89dc57" testListId="8c84fa94-04c1-424b-9868-57a2d4851a1d" />
    <TestEntry testId="bb5bca1a-3a3d-1d7d-5495-30c05c394e48" executionId="57b8d6ce-4a8b-47ed-bc49-fe3557277481" testListId="8c84fa94-04c1-424b-9868-57a2d4851a1d" />
    <TestEntry testId="9e91e282-03c1-0cff-0470-97bfea9c776b" executionId="2fc9b364-1487-499f-91b9-b905f91d9c1e" testListId="8c84fa94-04c1-424b-9868-57a2d4851a1d" />
    <TestEntry testId="05a54838-2f8d-21c6-e86e-0f8ca9d7103d" executionId="8dc36cef-7e9e-4c4c-92fa-7335632ddbd1" testListId="8c84fa94-04c1-424b-9868-57a2d4851a1d" />
    <TestEntry testId="411a9c2f-81ff-4d70-023d-fdced9c6f4ac" executionId="9db71dca-14ae-41ad-8ebf-a9bcf10732e5" testListId="8c84fa94-04c1-424b-9868-57a2d4851a1d" />
    <TestEntry testId="8849bd85-5b3b-67b2-7599-9a1cb03570c4" executionId="8192c831-92d4-49d2-a902-27ba5919c29f" testListId="8c84fa94-04c1-424b-9868-57a2d4851a1d" />
    <TestEntry testId="9b27f918-c1f0-a33c-798d-abb63ee48b10" executionId="8b29c606-91a4-4054-bbfd-bea505879155" testListId="8c84fa94-04c1-424b-9868-57a2d4851a1d" />
    <TestEntry testId="99276385-6909-321c-1b95-b70e5933d41e" executionId="d3b0302d-d510-4387-a95c-4eae5ec62d1b" testListId="8c84fa94-04c1-424b-9868-57a2d4851a1d" />
    <TestEntry testId="a335cdf5-8bc7-ca99-6fe9-64ef25663cd0" executionId="f3b9feff-625e-4c62-9333-bac2a0373084" testListId="8c84fa94-04c1-424b-9868-57a2d4851a1d" />
    <TestEntry testId="6aef3be6-be58-6d70-5d16-8497e19d6e8e" executionId="3f9c8a4d-eb6c-4540-8fab-3bd3691bfb8e" testListId="8c84fa94-04c1-424b-9868-57a2d4851a1d" />
    <TestEntry testId="9ca104e0-d007-7a8a-297e-78d9692a5c9f" executionId="4ec35329-1ad5-4acc-a8a1-a28446eeaca8" testListId="8c84fa94-04c1-424b-9868-57a2d4851a1d" />
    <TestEntry testId="b705e379-67f8-359d-1a7d-742fcea32d3b" executionId="e7ab340c-f3f9-42e4-80e4-6883cc95db15" testListId="8c84fa94-04c1-424b-9868-57a2d4851a1d" />
    <TestEntry testId="cb7fb629-ff05-f9fd-40f3-26fe636dd5c1" executionId="a70bc30d-eca1-4ab4-b1e9-8eb26420b3da" testListId="8c84fa94-04c1-424b-9868-57a2d4851a1d" />
    <TestEntry testId="2c222361-1574-191b-79a2-c91c36668aba" executionId="9f2d1675-014f-4122-9197-639e3601a126" testListId="8c84fa94-04c1-424b-9868-57a2d4851a1d" />
  </TestEntries>
  <TestLists>
    <TestList name="Results Not in a List" id="8c84fa94-04c1-424b-9868-57a2d4851a1d" />
    <TestList name="All Loaded Results" id="19431567-8539-422a-85d7-44ee4e166bda" />
  </TestLists>
  <ResultSummary outcome="Completed">
    <Counters total="722" executed="722" passed="722" failed="0" error="0" timeout="0" aborted="0" inconclusive="0" passedButRunAborted="0" notRunnable="0" notExecuted="0" disconnected="0" warning="0" completed="0" inProgress="0" pending="0" />
    <Output>
      <StdOut>[xUnit.net 00:00:00.00] xUnit.net VSTest Adapter v3.1.4+50e68bbb8b (64-bit .NET 9.0.6)
[xUnit.net 00:00:00.07]   Discovering: ManagedCode.Communication.Tests
[xUnit.net 00:00:00.11]   Discovered:  ManagedCode.Communication.Tests
[xUnit.net 00:00:00.15]   Starting:    ManagedCode.Communication.Tests
Current value: 10
Value: 20
fail: ManagedCode.Communication.Tests.Extensions.ServiceCollectionExtensionsTests[5001]
      Unhandled exception in TestController.TestAction
      System.InvalidOperationException: Test exception
warn: ManagedCode.Communication.Tests.Extensions.ServiceCollectionExtensionsTests[3001]
      Model validation failed for TestAction
info: ManagedCode.Communication.Tests.Extensions.ServiceCollectionExtensionsTests[2001]
      Cleaned up 5 expired commands older than 01:00:00
info: Microsoft.AspNetCore.DataProtection.KeyManagement.XmlKeyManager[62]
      User profile is available. Using '/Users/ksemenenko/.aspnet/DataProtection-Keys' as key repository; keys will not be encrypted at rest.
info: Microsoft.AspNetCore.Hosting.Diagnostics[1]
      Request starting HTTP/1.1 GET http://localhost/test/collection-success - - -
info: Microsoft.AspNetCore.Routing.EndpointMiddleware[0]
      Executing endpoint 'ManagedCode.Communication.Tests.Common.TestApp.Controllers.TestController.GetCollectionSuccess (ManagedCode.Communication.Tests)'
info: Microsoft.AspNetCore.Mvc.Infrastructure.ControllerActionInvoker[102]
      Route matched with {action = "GetCollectionSuccess", controller = "Test"}. Executing controller action with signature ManagedCode.Communication.CollectionResultT.CollectionResult`1[ManagedCode.Communication.Tests.Common.TestApp.Controllers.TestModel] GetCollectionSuccess() on controller ManagedCode.Communication.Tests.Common.TestApp.Controllers.TestController (ManagedCode.Communication.Tests).
info: Microsoft.AspNetCore.Mvc.Infrastructure.ObjectResultExecutor[1]
      Executing ObjectResult, writing value of type 'ManagedCode.Communication.CollectionResultT.CollectionResult`1[[ManagedCode.Communication.Tests.Common.TestApp.Controllers.TestModel, ManagedCode.Communication.Tests, Version=9.6.2.0, Culture=neutral, PublicKeyToken=null]]'.
info: Microsoft.AspNetCore.Mvc.Infrastructure.ControllerActionInvoker[105]
      Executed action ManagedCode.Communication.Tests.Common.TestApp.Controllers.TestController.GetCollectionSuccess (ManagedCode.Communication.Tests) in 6.9449ms
info: Microsoft.AspNetCore.Routing.EndpointMiddleware[1]
      Executed endpoint 'ManagedCode.Communication.Tests.Common.TestApp.Controllers.TestController.GetCollectionSuccess (ManagedCode.Communication.Tests)'
info: Microsoft.AspNetCore.Hosting.Diagnostics[2]
      Request finished HTTP/1.1 GET http://localhost/test/collection-success - 200 - application/json;+charset=utf-8 23.7705ms
info: Microsoft.AspNetCore.Hosting.Diagnostics[1]
      Request starting HTTP/1.1 POST http://localhost/test/validate - application/json;+charset=utf-8 38
info: Microsoft.AspNetCore.Routing.EndpointMiddleware[0]
      Executing endpoint 'ManagedCode.Communication.Tests.Common.TestApp.Controllers.TestController.Validate (ManagedCode.Communication.Tests)'
info: Microsoft.AspNetCore.Mvc.Infrastructure.ControllerActionInvoker[102]
      Route matched with {action = "Validate", controller = "Test"}. Executing controller action with signature Microsoft.AspNetCore.Mvc.ActionResult`1[System.String] Validate(ManagedCode.Communication.Tests.Common.TestApp.Controllers.TestValidationModel) on controller ManagedCode.Communication.Tests.Common.TestApp.Controllers.TestController (ManagedCode.Communication.Tests).
warn: ManagedCode.Communication.AspNetCore.Filters.CommunicationModelValidationFilter[3001]
      Model validation failed for ManagedCode.Communication.Tests.Common.TestApp.Controllers.TestController.Validate (ManagedCode.Communication.Tests)
info: Microsoft.AspNetCore.Mvc.Infrastructure.ObjectResultExecutor[1]
      Executing BadRequestObjectResult, writing value of type 'ManagedCode.Communication.Result'.
info: Microsoft.AspNetCore.Mvc.Infrastructure.ControllerActionInvoker[105]
      Executed action ManagedCode.Communication.Tests.Common.TestApp.Controllers.TestController.Validate (ManagedCode.Communication.Tests) in 10.7489ms
info: Microsoft.AspNetCore.Routing.EndpointMiddleware[1]
      Executed endpoint 'ManagedCode.Communication.Tests.Common.TestApp.Controllers.TestController.Validate (ManagedCode.Communication.Tests)'
info: Microsoft.AspNetCore.Hosting.Diagnostics[2]
      Request finished HTTP/1.1 POST http://localhost/test/validate - 400 - application/json;+charset=utf-8 16.3904ms
info: Microsoft.AspNetCore.Hosting.Diagnostics[1]
      Request starting HTTP/1.1 GET http://localhost/test/custom-problem - - -
info: Microsoft.AspNetCore.Routing.EndpointMiddleware[0]
      Executing endpoint 'ManagedCode.Communication.Tests.Common.TestApp.Controllers.TestController.CustomProblem (ManagedCode.Communication.Tests)'
info: Microsoft.AspNetCore.Mvc.Infrastructure.ControllerActionInvoker[102]
      Route matched with {action = "CustomProblem", controller = "Test"}. Executing controller action with signature Microsoft.AspNetCore.Mvc.ActionResult CustomProblem() on controller ManagedCode.Communication.Tests.Common.TestApp.Controllers.TestController (ManagedCode.Communication.Tests).
info: Microsoft.AspNetCore.Mvc.Infrastructure.ObjectResultExecutor[1]
      Executing ObjectResult, writing value of type 'ManagedCode.Communication.Problem'.
info: Microsoft.AspNetCore.Mvc.Infrastructure.ControllerActionInvoker[105]
      Executed action ManagedCode.Communication.Tests.Common.TestApp.Controllers.TestController.CustomProblem (ManagedCode.Communication.Tests) in 1.1421ms
info: Microsoft.AspNetCore.Routing.EndpointMiddleware[1]
      Executed endpoint 'ManagedCode.Communication.Tests.Common.TestApp.Controllers.TestController.CustomProblem (ManagedCode.Communication.Tests)'
info: Microsoft.AspNetCore.Hosting.Diagnostics[2]
      Request finished HTTP/1.1 GET http://localhost/test/custom-problem - 409 - application/json;+charset=utf-8 2.0442ms
info: Microsoft.AspNetCore.Hosting.Diagnostics[1]
      Request starting HTTP/1.1 GET http://localhost/test/throw-exception - - -
info: Microsoft.AspNetCore.Routing.EndpointMiddleware[0]
      Executing endpoint 'ManagedCode.Communication.Tests.Common.TestApp.Controllers.TestController.ThrowException (ManagedCode.Communication.Tests)'
info: Microsoft.AspNetCore.Mvc.Infrastructure.ControllerActionInvoker[102]
      Route matched with {action = "ThrowException", controller = "Test"}. Executing controller action with signature System.String ThrowException() on controller ManagedCode.Communication.Tests.Common.TestApp.Controllers.TestController (ManagedCode.Communication.Tests).
fail: ManagedCode.Communication.AspNetCore.Filters.CommunicationExceptionFilter[5001]
      Unhandled exception in Test.ManagedCode.Communication.Tests.Common.TestApp.Controllers.TestController.ThrowException (ManagedCode.Communication.Tests)
      System.InvalidOperationException: This is a test exception for integration testing
         at ManagedCode.Communication.Tests.Common.TestApp.Controllers.TestController.ThrowException() in /Users/ksemenenko/Developer/Communication/ManagedCode.Communication.Tests/Common/TestApp/Controllers/TestController.cs:line 130
         at lambda_method121(Closure, Object, Object[])
         at Microsoft.AspNetCore.Mvc.Infrastructure.ActionMethodExecutor.SyncObjectResultExecutor.Execute(ActionContext actionContext, IActionResultTypeMapper mapper, ObjectMethodExecutor executor, Object controller, Object[] arguments)
         at Microsoft.AspNetCore.Mvc.Infrastructure.ControllerActionInvoker.InvokeActionMethodAsync()
         at Microsoft.AspNetCore.Mvc.Infrastructure.ControllerActionInvoker.Next(State&amp; next, Scope&amp; scope, Object&amp; state, Boolean&amp; isCompleted)
         at Microsoft.AspNetCore.Mvc.Infrastructure.ControllerActionInvoker.InvokeNextActionFilterAsync()
      --- End of stack trace from previous location ---
         at Microsoft.AspNetCore.Mvc.Infrastructure.ControllerActionInvoker.Rethrow(ActionExecutedContextSealed context)
         at Microsoft.AspNetCore.Mvc.Infrastructure.ControllerActionInvoker.Next(State&amp; next, Scope&amp; scope, Object&amp; state, Boolean&amp; isCompleted)
         at Microsoft.AspNetCore.Mvc.Infrastructure.ControllerActionInvoker.InvokeInnerFilterAsync()
      --- End of stack trace from previous location ---
         at Microsoft.AspNetCore.Mvc.Infrastructure.ResourceInvoker.&lt;InvokeNextExceptionFilterAsync&gt;g__Awaited|26_0(ResourceInvoker invoker, Task lastTask, State next, Scope scope, Object state, Boolean isCompleted)
info: ManagedCode.Communication.AspNetCore.Filters.CommunicationExceptionFilter[5002]
      Exception handled by CommunicationExceptionFilter for Test.ManagedCode.Communication.Tests.Common.TestApp.Controllers.TestController.ThrowException (ManagedCode.Communication.Tests)
info: Microsoft.AspNetCore.Mvc.Infrastructure.ObjectResultExecutor[1]
      Executing ObjectResult, writing value of type 'ManagedCode.Communication.Result'.
info: Microsoft.AspNetCore.Mvc.Infrastructure.ControllerActionInvoker[105]
      Executed action ManagedCode.Communication.Tests.Common.TestApp.Controllers.TestController.ThrowException (ManagedCode.Communication.Tests) in 2.3077ms
info: Microsoft.AspNetCore.Routing.EndpointMiddleware[1]
      Executed endpoint 'ManagedCode.Communication.Tests.Common.TestApp.Controllers.TestController.ThrowException (ManagedCode.Communication.Tests)'
info: Microsoft.AspNetCore.Hosting.Diagnostics[2]
      Request finished HTTP/1.1 GET http://localhost/test/throw-exception - 400 - application/json;+charset=utf-8 2.5989ms
info: Microsoft.AspNetCore.Hosting.Diagnostics[1]
      Request starting HTTP/1.1 GET http://localhost/test/collection-empty - - -
info: Microsoft.AspNetCore.Routing.EndpointMiddleware[0]
      Executing endpoint 'ManagedCode.Communication.Tests.Common.TestApp.Controllers.TestController.GetCollectionEmpty (ManagedCode.Communication.Tests)'
info: Microsoft.AspNetCore.Mvc.Infrastructure.ControllerActionInvoker[102]
      Route matched with {action = "GetCollectionEmpty", controller = "Test"}. Executing controller action with signature ManagedCode.Communication.CollectionResultT.CollectionResult`1[ManagedCode.Communication.Tests.Common.TestApp.Controllers.TestModel] GetCollectionEmpty() on controller ManagedCode.Communication.Tests.Common.TestApp.Controllers.TestController (ManagedCode.Communication.Tests).
info: Microsoft.AspNetCore.Mvc.Infrastructure.ObjectResultExecutor[1]
      Executing ObjectResult, writing value of type 'ManagedCode.Communication.CollectionResultT.CollectionResult`1[[ManagedCode.Communication.Tests.Common.TestApp.Controllers.TestModel, ManagedCode.Communication.Tests, Version=9.6.2.0, Culture=neutral, PublicKeyToken=null]]'.
info: Microsoft.AspNetCore.Mvc.Infrastructure.ControllerActionInvoker[105]
      Executed action ManagedCode.Communication.Tests.Common.TestApp.Controllers.TestController.GetCollectionEmpty (ManagedCode.Communication.Tests) in 0.1256ms
info: Microsoft.AspNetCore.Routing.EndpointMiddleware[1]
      Executed endpoint 'ManagedCode.Communication.Tests.Common.TestApp.Controllers.TestController.GetCollectionEmpty (ManagedCode.Communication.Tests)'
info: Microsoft.AspNetCore.Hosting.Diagnostics[2]
      Request finished HTTP/1.1 GET http://localhost/test/collection-empty - 200 - application/json;+charset=utf-8 0.3983ms
info: Microsoft.AspNetCore.Hosting.Diagnostics[1]
      Request starting HTTP/1.1 POST http://localhost/test/validate - application/json;+charset=utf-8 55
info: Microsoft.AspNetCore.Routing.EndpointMiddleware[0]
      Executing endpoint 'ManagedCode.Communication.Tests.Common.TestApp.Controllers.TestController.Validate (ManagedCode.Communication.Tests)'
info: Microsoft.AspNetCore.Mvc.Infrastructure.ControllerActionInvoker[102]
      Route matched with {action = "Validate", controller = "Test"}. Executing controller action with signature Microsoft.AspNetCore.Mvc.ActionResult`1[System.String] Validate(ManagedCode.Communication.Tests.Common.TestApp.Controllers.TestValidationModel) on controller ManagedCode.Communication.Tests.Common.TestApp.Controllers.TestController (ManagedCode.Communication.Tests).
info: Microsoft.AspNetCore.Mvc.Infrastructure.ObjectResultExecutor[1]
      Executing OkObjectResult, writing value of type 'System.String'.
info: Microsoft.AspNetCore.Mvc.Infrastructure.ControllerActionInvoker[105]
      Executed action ManagedCode.Communication.Tests.Common.TestApp.Controllers.TestController.Validate (ManagedCode.Communication.Tests) in 0.6429ms
info: Microsoft.AspNetCore.Routing.EndpointMiddleware[1]
      Executed endpoint 'ManagedCode.Communication.Tests.Common.TestApp.Controllers.TestController.Validate (ManagedCode.Communication.Tests)'
info: Microsoft.AspNetCore.Hosting.Diagnostics[2]
      Request finished HTTP/1.1 POST http://localhost/test/validate - 200 - text/plain;+charset=utf-8 0.7201ms
info: Microsoft.AspNetCore.Hosting.Diagnostics[1]
      Request starting HTTP/1.1 GET http://localhost/test/result-notfound - - -
info: Microsoft.AspNetCore.Routing.EndpointMiddleware[0]
      Executing endpoint 'ManagedCode.Communication.Tests.Common.TestApp.Controllers.TestController.GetResultNotFoundTest (ManagedCode.Communication.Tests)'
info: Microsoft.AspNetCore.Mvc.Infrastructure.ControllerActionInvoker[102]
      Route matched with {action = "GetResultNotFoundTest", controller = "Test"}. Executing controller action with signature ManagedCode.Communication.Result`1[System.String] GetResultNotFoundTest() on controller ManagedCode.Communication.Tests.Common.TestApp.Controllers.TestController (ManagedCode.Communication.Tests).
info: Microsoft.AspNetCore.Mvc.Infrastructure.ObjectResultExecutor[1]
      Executing ObjectResult, writing value of type 'ManagedCode.Communication.Result`1[[System.String, System.Private.CoreLib, Version=9.0.0.0, Culture=neutral, PublicKeyToken=7cec85d7bea7798e]]'.
info: Microsoft.AspNetCore.Mvc.Infrastructure.ControllerActionInvoker[105]
      Executed action ManagedCode.Communication.Tests.Common.TestApp.Controllers.TestController.GetResultNotFoundTest (ManagedCode.Communication.Tests) in 1.2824ms
info: Microsoft.AspNetCore.Routing.EndpointMiddleware[1]
      Executed endpoint 'ManagedCode.Communication.Tests.Common.TestApp.Controllers.TestController.GetResultNotFoundTest (ManagedCode.Communication.Tests)'
info: Microsoft.AspNetCore.Hosting.Diagnostics[2]
      Request finished HTTP/1.1 GET http://localhost/test/result-notfound - 404 - application/json;+charset=utf-8 1.5598ms
info: Microsoft.AspNetCore.Hosting.Diagnostics[1]
      Request starting HTTP/1.1 GET http://localhost/test/result-failure - - -
info: Microsoft.AspNetCore.Routing.EndpointMiddleware[0]
      Executing endpoint 'ManagedCode.Communication.Tests.Common.TestApp.Controllers.TestController.GetResultFailure (ManagedCode.Communication.Tests)'
info: Microsoft.AspNetCore.Mvc.Infrastructure.ControllerActionInvoker[102]
      Route matched with {action = "GetResultFailure", controller = "Test"}. Executing controller action with signature ManagedCode.Communication.Result`1[System.String] GetResultFailure() on controller ManagedCode.Communication.Tests.Common.TestApp.Controllers.TestController (ManagedCode.Communication.Tests).
info: Microsoft.AspNetCore.Mvc.Infrastructure.ObjectResultExecutor[1]
      Executing ObjectResult, writing value of type 'ManagedCode.Communication.Result`1[[System.String, System.Private.CoreLib, Version=9.0.0.0, Culture=neutral, PublicKeyToken=7cec85d7bea7798e]]'.
info: Microsoft.AspNetCore.Mvc.Infrastructure.ControllerActionInvoker[105]
      Executed action ManagedCode.Communication.Tests.Common.TestApp.Controllers.TestController.GetResultFailure (ManagedCode.Communication.Tests) in 0.1095ms
info: Microsoft.AspNetCore.Routing.EndpointMiddleware[1]
      Executed endpoint 'ManagedCode.Communication.Tests.Common.TestApp.Controllers.TestController.GetResultFailure (ManagedCode.Communication.Tests)'
info: Microsoft.AspNetCore.Hosting.Diagnostics[2]
      Request finished HTTP/1.1 GET http://localhost/test/result-failure - 400 - application/json;+charset=utf-8 0.3673ms
info: Microsoft.AspNetCore.Hosting.Diagnostics[1]
      Request starting HTTP/1.1 GET http://localhost/test/result-success - - -
info: Microsoft.AspNetCore.Routing.EndpointMiddleware[0]
      Executing endpoint 'ManagedCode.Communication.Tests.Common.TestApp.Controllers.TestController.GetResultSuccessWithValue (ManagedCode.Communication.Tests)'
info: Microsoft.AspNetCore.Mvc.Infrastructure.ControllerActionInvoker[102]
      Route matched with {action = "GetResultSuccessWithValue", controller = "Test"}. Executing controller action with signature ManagedCode.Communication.Result`1[ManagedCode.Communication.Tests.Common.TestApp.Controllers.TestModel] GetResultSuccessWithValue() on controller ManagedCode.Communication.Tests.Common.TestApp.Controllers.TestController (ManagedCode.Communication.Tests).
info: Microsoft.AspNetCore.Mvc.Infrastructure.ObjectResultExecutor[1]
      Executing ObjectResult, writing value of type 'ManagedCode.Communication.Result`1[[ManagedCode.Communication.Tests.Common.TestApp.Controllers.TestModel, ManagedCode.Communication.Tests, Version=9.6.2.0, Culture=neutral, PublicKeyToken=null]]'.
info: Microsoft.AspNetCore.Mvc.Infrastructure.ControllerActionInvoker[105]
      Executed action ManagedCode.Communication.Tests.Common.TestApp.Controllers.TestController.GetResultSuccessWithValue (ManagedCode.Communication.Tests) in 0.5789ms
info: Microsoft.AspNetCore.Routing.EndpointMiddleware[1]
      Executed endpoint 'ManagedCode.Communication.Tests.Common.TestApp.Controllers.TestController.GetResultSuccessWithValue (ManagedCode.Communication.Tests)'
info: Microsoft.AspNetCore.Hosting.Diagnostics[2]
      Request finished HTTP/1.1 GET http://localhost/test/result-success - 200 - application/json;+charset=utf-8 0.8309ms
info: Microsoft.AspNetCore.Hosting.Diagnostics[1]
      Request starting HTTP/1.1 GET http://localhost/test/enum-error - - -
info: Microsoft.AspNetCore.Routing.EndpointMiddleware[0]
      Executing endpoint 'ManagedCode.Communication.Tests.Common.TestApp.Controllers.TestController.GetEnumError (ManagedCode.Communication.Tests)'
info: Microsoft.AspNetCore.Mvc.Infrastructure.ControllerActionInvoker[102]
      Route matched with {action = "GetEnumError", controller = "Test"}. Executing controller action with signature ManagedCode.Communication.Result`1[System.String] GetEnumError() on controller ManagedCode.Communication.Tests.Common.TestApp.Controllers.TestController (ManagedCode.Communication.Tests).
info: Microsoft.AspNetCore.Mvc.Infrastructure.ObjectResultExecutor[1]
      Executing ObjectResult, writing value of type 'ManagedCode.Communication.Result`1[[System.String, System.Private.CoreLib, Version=9.0.0.0, Culture=neutral, PublicKeyToken=7cec85d7bea7798e]]'.
info: Microsoft.AspNetCore.Mvc.Infrastructure.ControllerActionInvoker[105]
      Executed action ManagedCode.Communication.Tests.Common.TestApp.Controllers.TestController.GetEnumError (ManagedCode.Communication.Tests) in 0.3437ms
info: Microsoft.AspNetCore.Routing.EndpointMiddleware[1]
      Executed endpoint 'ManagedCode.Communication.Tests.Common.TestApp.Controllers.TestController.GetEnumError (ManagedCode.Communication.Tests)'
info: Microsoft.AspNetCore.Hosting.Diagnostics[2]
      Request finished HTTP/1.1 GET http://localhost/test/enum-error - 400 - application/json;+charset=utf-8 0.5789ms
info: Microsoft.AspNetCore.Hosting.Diagnostics[1]
      Request starting HTTP/1.1 GET http://localhost/test/result-success - - -
info: Microsoft.AspNetCore.Routing.EndpointMiddleware[0]
      Executing endpoint 'ManagedCode.Communication.Tests.Common.TestApp.Controllers.TestController.GetResultSuccessWithValue (ManagedCode.Communication.Tests)'
info: Microsoft.AspNetCore.Mvc.Infrastructure.ControllerActionInvoker[102]
      Route matched with {action = "GetResultSuccessWithValue", controller = "Test"}. Executing controller action with signature ManagedCode.Communication.Result`1[ManagedCode.Communication.Tests.Common.TestApp.Controllers.TestModel] GetResultSuccessWithValue() on controller ManagedCode.Communication.Tests.Common.TestApp.Controllers.TestController (ManagedCode.Communication.Tests).
info: Microsoft.AspNetCore.Mvc.Infrastructure.ObjectResultExecutor[1]
      Executing ObjectResult, writing value of type 'ManagedCode.Communication.Result`1[[ManagedCode.Communication.Tests.Common.TestApp.Controllers.TestModel, ManagedCode.Communication.Tests, Version=9.6.2.0, Culture=neutral, PublicKeyToken=null]]'.
info: Microsoft.AspNetCore.Mvc.Infrastructure.ControllerActionInvoker[105]
      Executed action ManagedCode.Communication.Tests.Common.TestApp.Controllers.TestController.GetResultSuccessWithValue (ManagedCode.Communication.Tests) in 0.0946ms
info: Microsoft.AspNetCore.Routing.EndpointMiddleware[1]
      Executed endpoint 'ManagedCode.Communication.Tests.Common.TestApp.Controllers.TestController.GetResultSuccessWithValue (ManagedCode.Communication.Tests)'
info: Microsoft.AspNetCore.Hosting.Diagnostics[2]
      Request finished HTTP/1.1 GET http://localhost/test/result-success - 200 - application/json;+charset=utf-8 0.1622ms
info: Microsoft.AspNetCore.Hosting.Diagnostics[1]
      Request starting HTTP/1.1 GET http://localhost/test/test2 - - -
info: Microsoft.AspNetCore.Routing.EndpointMiddleware[0]
      Executing endpoint 'ManagedCode.Communication.Tests.Common.TestApp.Controllers.TestController.Test2 (ManagedCode.Communication.Tests)'
info: Microsoft.AspNetCore.Mvc.Infrastructure.ControllerActionInvoker[102]
      Route matched with {action = "Test2", controller = "Test"}. Executing controller action with signature Microsoft.AspNetCore.Mvc.ActionResult`1[System.String] Test2() on controller ManagedCode.Communication.Tests.Common.TestApp.Controllers.TestController (ManagedCode.Communication.Tests).
fail: ManagedCode.Communication.AspNetCore.Filters.CommunicationExceptionFilter[5001]
      Unhandled exception in Test.ManagedCode.Communication.Tests.Common.TestApp.Controllers.TestController.Test2 (ManagedCode.Communication.Tests)
      System.IO.InvalidDataException: InvalidDataException
         at ManagedCode.Communication.Tests.Common.TestApp.Controllers.TestController.Test2() in /Users/ksemenenko/Developer/Communication/ManagedCode.Communication.Tests/Common/TestApp/Controllers/TestController.cs:line 24
         at lambda_method133(Closure, Object, Object[])
         at Microsoft.AspNetCore.Mvc.Infrastructure.ActionMethodExecutor.SyncObjectResultExecutor.Execute(ActionContext actionContext, IActionResultTypeMapper mapper, ObjectMethodExecutor executor, Object controller, Object[] arguments)
         at Microsoft.AspNetCore.Mvc.Infrastructure.ControllerActionInvoker.InvokeActionMethodAsync()
         at Microsoft.AspNetCore.Mvc.Infrastructure.ControllerActionInvoker.Next(State&amp; next, Scope&amp; scope, Object&amp; state, Boolean&amp; isCompleted)
         at Microsoft.AspNetCore.Mvc.Infrastructure.ControllerActionInvoker.InvokeNextActionFilterAsync()
      --- End of stack trace from previous location ---
         at Microsoft.AspNetCore.Mvc.Infrastructure.ControllerActionInvoker.Rethrow(ActionExecutedContextSealed context)
         at Microsoft.AspNetCore.Mvc.Infrastructure.ControllerActionInvoker.Next(State&amp; next, Scope&amp; scope, Object&amp; state, Boolean&amp; isCompleted)
         at Microsoft.AspNetCore.Mvc.Infrastructure.ControllerActionInvoker.InvokeInnerFilterAsync()
      --- End of stack trace from previous location ---
         at Microsoft.AspNetCore.Mvc.Infrastructure.ResourceInvoker.&lt;InvokeNextExceptionFilterAsync&gt;g__Awaited|26_0(ResourceInvoker invoker, Task lastTask, State next, Scope scope, Object state, Boolean isCompleted)
info: ManagedCode.Communication.AspNetCore.Filters.CommunicationExceptionFilter[5002]
      Exception handled by CommunicationExceptionFilter for Test.ManagedCode.Communication.Tests.Common.TestApp.Controllers.TestController.Test2 (ManagedCode.Communication.Tests)
info: Microsoft.AspNetCore.Mvc.Infrastructure.ObjectResultExecutor[1]
      Executing ObjectResult, writing value of type 'ManagedCode.Communication.Result'.
info: Microsoft.AspNetCore.Mvc.Infrastructure.ControllerActionInvoker[105]
      Executed action ManagedCode.Communication.Tests.Common.TestApp.Controllers.TestController.Test2 (ManagedCode.Communication.Tests) in 0.2933ms
info: Microsoft.AspNetCore.Routing.EndpointMiddleware[1]
      Executed endpoint 'ManagedCode.Communication.Tests.Common.TestApp.Controllers.TestController.Test2 (ManagedCode.Communication.Tests)'
info: Microsoft.AspNetCore.Hosting.Diagnostics[2]
      Request finished HTTP/1.1 GET http://localhost/test/test2 - 409 - application/json;+charset=utf-8 0.5854ms
info: Microsoft.AspNetCore.Hosting.Diagnostics[1]
      Request starting HTTP/1.1 GET http://localhost/test/result-unauthorized - - -
info: Microsoft.AspNetCore.Routing.EndpointMiddleware[0]
      Executing endpoint 'ManagedCode.Communication.Tests.Common.TestApp.Controllers.TestController.GetResultUnauthorized (ManagedCode.Communication.Tests)'
info: Microsoft.AspNetCore.Mvc.Infrastructure.ControllerActionInvoker[102]
      Route matched with {action = "GetResultUnauthorized", controller = "Test"}. Executing controller action with signature ManagedCode.Communication.Result GetResultUnauthorized() on controller ManagedCode.Communication.Tests.Common.TestApp.Controllers.TestController (ManagedCode.Communication.Tests).
info: Microsoft.AspNetCore.Mvc.Infrastructure.ObjectResultExecutor[1]
      Executing ObjectResult, writing value of type 'ManagedCode.Communication.Result'.
info: Microsoft.AspNetCore.Mvc.Infrastructure.ControllerActionInvoker[105]
      Executed action ManagedCode.Communication.Tests.Common.TestApp.Controllers.TestController.GetResultUnauthorized (ManagedCode.Communication.Tests) in 0.105ms
info: Microsoft.AspNetCore.Routing.EndpointMiddleware[1]
      Executed endpoint 'ManagedCode.Communication.Tests.Common.TestApp.Controllers.TestController.GetResultUnauthorized (ManagedCode.Communication.Tests)'
info: Microsoft.AspNetCore.Hosting.Diagnostics[2]
      Request finished HTTP/1.1 GET http://localhost/test/result-unauthorized - 401 - application/json;+charset=utf-8 0.3669ms
info: Microsoft.AspNetCore.Hosting.Diagnostics[1]
      Request starting HTTP/2 POST http://localhost/TestHub/negotiate?negotiateVersion=1 - - -
info: Microsoft.AspNetCore.Routing.EndpointMiddleware[0]
      Executing endpoint 'TestHub/negotiate'
info: Microsoft.AspNetCore.Routing.EndpointMiddleware[1]
      Executed endpoint 'TestHub/negotiate'
info: Microsoft.AspNetCore.Hosting.Diagnostics[2]
      Request finished HTTP/2 POST http://localhost/TestHub/negotiate?negotiateVersion=1 - 200 316 application/json 3.4255ms
info: Microsoft.AspNetCore.Hosting.Diagnostics[1]
      Request starting HTTP/2 POST http://localhost/TestHub/negotiate?negotiateVersion=1 - - -
info: Microsoft.AspNetCore.Routing.EndpointMiddleware[0]
      Executing endpoint 'TestHub/negotiate'
info: Microsoft.AspNetCore.Routing.EndpointMiddleware[1]
      Executed endpoint 'TestHub/negotiate'
info: Microsoft.AspNetCore.Hosting.Diagnostics[2]
      Request finished HTTP/2 POST http://localhost/TestHub/negotiate?negotiateVersion=1 - 200 316 application/json 0.1488ms
info: Microsoft.AspNetCore.Hosting.Diagnostics[1]
      Request starting HTTP/2 GET http://localhost/TestHub?id=5HYJUEOFaXuB7_yI-v0zrw - - -
info: Microsoft.AspNetCore.Routing.EndpointMiddleware[0]
      Executing endpoint 'TestHub'
info: Microsoft.AspNetCore.Hosting.Diagnostics[1]
      Request starting HTTP/2 POST http://localhost/TestHub?id=5HYJUEOFaXuB7_yI-v0zrw - - 32
info: Microsoft.AspNetCore.Routing.EndpointMiddleware[0]
      Executing endpoint 'TestHub'
info: Microsoft.AspNetCore.Routing.EndpointMiddleware[1]
      Executed endpoint 'TestHub'
info: Microsoft.AspNetCore.Hosting.Diagnostics[2]
      Request finished HTTP/2 POST http://localhost/TestHub?id=5HYJUEOFaXuB7_yI-v0zrw - 200 - text/plain 0.4483ms
info: Microsoft.AspNetCore.Hosting.Diagnostics[1]
      Request starting HTTP/2 POST http://localhost/TestHub?id=5HYJUEOFaXuB7_yI-v0zrw - - 11
info: Microsoft.AspNetCore.Routing.EndpointMiddleware[0]
      Executing endpoint 'TestHub'
info: Microsoft.AspNetCore.Routing.EndpointMiddleware[1]
      Executed endpoint 'TestHub'
info: Microsoft.AspNetCore.Hosting.Diagnostics[2]
      Request finished HTTP/2 POST http://localhost/TestHub?id=5HYJUEOFaXuB7_yI-v0zrw - 200 - text/plain 0.1335ms
info: Microsoft.AspNetCore.Hosting.Diagnostics[1]
      Request starting HTTP/2 POST http://localhost/TestHub?id=5HYJUEOFaXuB7_yI-v0zrw - - 63
info: Microsoft.AspNetCore.Routing.EndpointMiddleware[0]
      Executing endpoint 'TestHub'
info: Microsoft.AspNetCore.Routing.EndpointMiddleware[1]
      Executed endpoint 'TestHub'
info: Microsoft.AspNetCore.Hosting.Diagnostics[2]
      Request finished HTTP/2 POST http://localhost/TestHub?id=5HYJUEOFaXuB7_yI-v0zrw - 200 - text/plain 0.0820ms
info: Microsoft.AspNetCore.Hosting.Diagnostics[1]
      Request starting HTTP/1.1 GET http://localhost/test/result-fail - - -
info: Microsoft.AspNetCore.Routing.EndpointMiddleware[0]
      Executing endpoint 'ManagedCode.Communication.Tests.Common.TestApp.Controllers.TestController.GetResultFail (ManagedCode.Communication.Tests)'
info: Microsoft.AspNetCore.Mvc.Infrastructure.ControllerActionInvoker[102]
      Route matched with {action = "GetResultFail", controller = "Test"}. Executing controller action with signature ManagedCode.Communication.Result GetResultFail() on controller ManagedCode.Communication.Tests.Common.TestApp.Controllers.TestController (ManagedCode.Communication.Tests).
info: Microsoft.AspNetCore.Mvc.Infrastructure.ObjectResultExecutor[1]
      Executing ObjectResult, writing value of type 'ManagedCode.Communication.Result'.
info: Microsoft.AspNetCore.Mvc.Infrastructure.ControllerActionInvoker[105]
      Executed action ManagedCode.Communication.Tests.Common.TestApp.Controllers.TestController.GetResultFail (ManagedCode.Communication.Tests) in 0.1793ms
info: Microsoft.AspNetCore.Routing.EndpointMiddleware[1]
      Executed endpoint 'ManagedCode.Communication.Tests.Common.TestApp.Controllers.TestController.GetResultFail (ManagedCode.Communication.Tests)'
info: Microsoft.AspNetCore.Hosting.Diagnostics[2]
      Request finished HTTP/1.1 GET http://localhost/test/result-fail - 400 - application/json;+charset=utf-8 0.5917ms
info: Microsoft.AspNetCore.Hosting.Diagnostics[1]
      Request starting HTTP/1.1 GET http://localhost/test/result-not-found - - -
info: Microsoft.AspNetCore.Routing.EndpointMiddleware[0]
      Executing endpoint 'ManagedCode.Communication.Tests.Common.TestApp.Controllers.TestController.GetResultNotFound (ManagedCode.Communication.Tests)'
info: Microsoft.AspNetCore.Mvc.Infrastructure.ControllerActionInvoker[102]
      Route matched with {action = "GetResultNotFound", controller = "Test"}. Executing controller action with signature ManagedCode.Communication.Result`1[System.String] GetResultNotFound() on controller ManagedCode.Communication.Tests.Common.TestApp.Controllers.TestController (ManagedCode.Communication.Tests).
info: Microsoft.AspNetCore.Mvc.Infrastructure.ObjectResultExecutor[1]
      Executing ObjectResult, writing value of type 'ManagedCode.Communication.Result`1[[System.String, System.Private.CoreLib, Version=9.0.0.0, Culture=neutral, PublicKeyToken=7cec85d7bea7798e]]'.
info: Microsoft.AspNetCore.Mvc.Infrastructure.ControllerActionInvoker[105]
      Executed action ManagedCode.Communication.Tests.Common.TestApp.Controllers.TestController.GetResultNotFound (ManagedCode.Communication.Tests) in 0.1497ms
info: Microsoft.AspNetCore.Routing.EndpointMiddleware[1]
      Executed endpoint 'ManagedCode.Communication.Tests.Common.TestApp.Controllers.TestController.GetResultNotFound (ManagedCode.Communication.Tests)'
info: Microsoft.AspNetCore.Hosting.Diagnostics[2]
      Request finished HTTP/1.1 GET http://localhost/test/result-not-found - 404 - application/json;+charset=utf-8 0.4278ms
info: Microsoft.AspNetCore.Hosting.Diagnostics[1]
      Request starting HTTP/1.1 GET http://localhost/test/test1 - - -
info: Microsoft.AspNetCore.Routing.EndpointMiddleware[0]
      Executing endpoint 'ManagedCode.Communication.Tests.Common.TestApp.Controllers.TestController.Test1 (ManagedCode.Communication.Tests)'
info: Microsoft.AspNetCore.Mvc.Infrastructure.ControllerActionInvoker[102]
      Route matched with {action = "Test1", controller = "Test"}. Executing controller action with signature Microsoft.AspNetCore.Mvc.ActionResult`1[System.String] Test1() on controller ManagedCode.Communication.Tests.Common.TestApp.Controllers.TestController (ManagedCode.Communication.Tests).
fail: ManagedCode.Communication.AspNetCore.Filters.CommunicationExceptionFilter[5001]
      Unhandled exception in Test.ManagedCode.Communication.Tests.Common.TestApp.Controllers.TestController.Test1 (ManagedCode.Communication.Tests)
      System.ComponentModel.DataAnnotations.ValidationException: ValidationException
         at ManagedCode.Communication.Tests.Common.TestApp.Controllers.TestController.Test1() in /Users/ksemenenko/Developer/Communication/ManagedCode.Communication.Tests/Common/TestApp/Controllers/TestController.cs:line 18
         at lambda_method142(Closure, Object, Object[])
         at Microsoft.AspNetCore.Mvc.Infrastructure.ActionMethodExecutor.SyncObjectResultExecutor.Execute(ActionContext actionContext, IActionResultTypeMapper mapper, ObjectMethodExecutor executor, Object controller, Object[] arguments)
         at Microsoft.AspNetCore.Mvc.Infrastructure.ControllerActionInvoker.InvokeActionMethodAsync()
         at Microsoft.AspNetCore.Mvc.Infrastructure.ControllerActionInvoker.Next(State&amp; next, Scope&amp; scope, Object&amp; state, Boolean&amp; isCompleted)
         at Microsoft.AspNetCore.Mvc.Infrastructure.ControllerActionInvoker.InvokeNextActionFilterAsync()
      --- End of stack trace from previous location ---
         at Microsoft.AspNetCore.Mvc.Infrastructure.ControllerActionInvoker.Rethrow(ActionExecutedContextSealed context)
         at Microsoft.AspNetCore.Mvc.Infrastructure.ControllerActionInvoker.Next(State&amp; next, Scope&amp; scope, Object&amp; state, Boolean&amp; isCompleted)
         at Microsoft.AspNetCore.Mvc.Infrastructure.ControllerActionInvoker.InvokeInnerFilterAsync()
      --- End of stack trace from previous location ---
         at Microsoft.AspNetCore.Mvc.Infrastructure.ResourceInvoker.&lt;InvokeNextExceptionFilterAsync&gt;g__Awaited|26_0(ResourceInvoker invoker, Task lastTask, State next, Scope scope, Object state, Boolean isCompleted)
info: ManagedCode.Communication.AspNetCore.Filters.CommunicationExceptionFilter[5002]
      Exception handled by CommunicationExceptionFilter for Test.ManagedCode.Communication.Tests.Common.TestApp.Controllers.TestController.Test1 (ManagedCode.Communication.Tests)
info: Microsoft.AspNetCore.Mvc.Infrastructure.ObjectResultExecutor[1]
      Executing ObjectResult, writing value of type 'ManagedCode.Communication.Result'.
info: Microsoft.AspNetCore.Mvc.Infrastructure.ControllerActionInvoker[105]
      Executed action ManagedCode.Communication.Tests.Common.TestApp.Controllers.TestController.Test1 (ManagedCode.Communication.Tests) in 0.3657ms
info: Microsoft.AspNetCore.Routing.EndpointMiddleware[1]
      Executed endpoint 'ManagedCode.Communication.Tests.Common.TestApp.Controllers.TestController.Test1 (ManagedCode.Communication.Tests)'
info: Microsoft.AspNetCore.Hosting.Diagnostics[2]
      Request finished HTTP/1.1 GET http://localhost/test/test1 - 500 - application/json;+charset=utf-8 0.6907ms
info: Microsoft.AspNetCore.Hosting.Diagnostics[1]
      Request starting HTTP/2 POST http://localhost/TestHub/negotiate?negotiateVersion=1 - - -
info: Microsoft.AspNetCore.Routing.EndpointMiddleware[0]
      Executing endpoint 'TestHub/negotiate'
info: Microsoft.AspNetCore.Routing.EndpointMiddleware[1]
      Executed endpoint 'TestHub/negotiate'
info: Microsoft.AspNetCore.Hosting.Diagnostics[2]
      Request finished HTTP/2 POST http://localhost/TestHub/negotiate?negotiateVersion=1 - 200 316 application/json 0.1367ms
info: Microsoft.AspNetCore.Hosting.Diagnostics[1]
      Request starting HTTP/2 POST http://localhost/TestHub/negotiate?negotiateVersion=1 - - -
info: Microsoft.AspNetCore.Routing.EndpointMiddleware[0]
      Executing endpoint 'TestHub/negotiate'
info: Microsoft.AspNetCore.Routing.EndpointMiddleware[1]
      Executed endpoint 'TestHub/negotiate'
info: Microsoft.AspNetCore.Hosting.Diagnostics[2]
      Request finished HTTP/2 POST http://localhost/TestHub/negotiate?negotiateVersion=1 - 200 316 application/json 0.0749ms
info: Microsoft.AspNetCore.Hosting.Diagnostics[1]
      Request starting HTTP/2 GET http://localhost/TestHub?id=qEZ5Jp9U-Avs0mcfOzXNSg - - -
info: Microsoft.AspNetCore.Routing.EndpointMiddleware[0]
      Executing endpoint 'TestHub'
info: Microsoft.AspNetCore.Hosting.Diagnostics[1]
      Request starting HTTP/2 POST http://localhost/TestHub?id=qEZ5Jp9U-Avs0mcfOzXNSg - - 32
info: Microsoft.AspNetCore.Routing.EndpointMiddleware[0]
      Executing endpoint 'TestHub'
info: Microsoft.AspNetCore.Routing.EndpointMiddleware[1]
      Executed endpoint 'TestHub'
info: Microsoft.AspNetCore.Hosting.Diagnostics[2]
      Request finished HTTP/2 POST http://localhost/TestHub?id=qEZ5Jp9U-Avs0mcfOzXNSg - 200 - text/plain 0.0615ms
info: Microsoft.AspNetCore.Hosting.Diagnostics[1]
      Request starting HTTP/2 POST http://localhost/TestHub?id=qEZ5Jp9U-Avs0mcfOzXNSg - - 11
info: Microsoft.AspNetCore.Routing.EndpointMiddleware[0]
      Executing endpoint 'TestHub'
info: Microsoft.AspNetCore.Routing.EndpointMiddleware[1]
      Executed endpoint 'TestHub'
info: Microsoft.AspNetCore.Hosting.Diagnostics[2]
      Request finished HTTP/2 POST http://localhost/TestHub?id=qEZ5Jp9U-Avs0mcfOzXNSg - 200 - text/plain 0.0527ms
info: Microsoft.AspNetCore.Hosting.Diagnostics[1]
      Request starting HTTP/2 POST http://localhost/TestHub?id=qEZ5Jp9U-Avs0mcfOzXNSg - - 62
info: Microsoft.AspNetCore.Routing.EndpointMiddleware[0]
      Executing endpoint 'TestHub'
info: Microsoft.AspNetCore.Routing.EndpointMiddleware[1]
      Executed endpoint 'TestHub'
info: Microsoft.AspNetCore.Hosting.Diagnostics[2]
      Request finished HTTP/2 POST http://localhost/TestHub?id=qEZ5Jp9U-Avs0mcfOzXNSg - 200 - text/plain 0.0535ms
fail: ManagedCode.Communication.AspNetCore.Filters.CommunicationHubExceptionFilter[4001]
      Unhandled exception in hub method TestHub.Throw
      System.IO.InvalidDataException: InvalidDataException
         at ManagedCode.Communication.Tests.Common.TestApp.Controllers.TestHub.Throw() in /Users/ksemenenko/Developer/Communication/ManagedCode.Communication.Tests/Common/TestApp/Controllers/TestHub.cs:line 17
         at lambda_method108(Closure, Object, Object[])
         at Microsoft.AspNetCore.SignalR.Internal.DefaultHubDispatcher`1.ExecuteMethod(ObjectMethodExecutor methodExecutor, Hub hub, Object[] arguments)
         at ManagedCode.Communication.AspNetCore.Filters.CommunicationHubExceptionFilter.InvokeMethodAsync(HubInvocationContext invocationContext, Func`2 next) in /Users/ksemenenko/Developer/Communication/ManagedCode.Communication.AspNetCore/SignalR/Filters/CommunicationHubExceptionFilter.cs:line 16
info: Microsoft.AspNetCore.Hosting.Diagnostics[1]
      Request starting HTTP/1.1 GET http://localhost/test/test3 - - -
info: Microsoft.AspNetCore.Authorization.DefaultAuthorizationService[2]
      Authorization failed. These requirements were not met:
      DenyAnonymousAuthorizationRequirement: Requires an authenticated user.
info: ManagedCode.Communication.Tests.Common.TestApp.TestAuthenticationHandler[12]
      AuthenticationScheme: Test was challenged.
info: Microsoft.AspNetCore.Hosting.Diagnostics[2]
      Request finished HTTP/1.1 GET http://localhost/test/test3 - 401 - - 1.5015ms
info: Microsoft.AspNetCore.Hosting.Diagnostics[1]
      Request starting HTTP/1.1 GET http://localhost/test/result-forbidden - - -
info: Microsoft.AspNetCore.Routing.EndpointMiddleware[0]
      Executing endpoint 'ManagedCode.Communication.Tests.Common.TestApp.Controllers.TestController.GetResultForbidden (ManagedCode.Communication.Tests)'
info: Microsoft.AspNetCore.Mvc.Infrastructure.ControllerActionInvoker[102]
      Route matched with {action = "GetResultForbidden", controller = "Test"}. Executing controller action with signature ManagedCode.Communication.Result GetResultForbidden() on controller ManagedCode.Communication.Tests.Common.TestApp.Controllers.TestController (ManagedCode.Communication.Tests).
info: Microsoft.AspNetCore.Mvc.Infrastructure.ObjectResultExecutor[1]
      Executing ObjectResult, writing value of type 'ManagedCode.Communication.Result'.
info: Microsoft.AspNetCore.Mvc.Infrastructure.ControllerActionInvoker[105]
      Executed action ManagedCode.Communication.Tests.Common.TestApp.Controllers.TestController.GetResultForbidden (ManagedCode.Communication.Tests) in 0.1684ms
info: Microsoft.AspNetCore.Routing.EndpointMiddleware[1]
      Executed endpoint 'ManagedCode.Communication.Tests.Common.TestApp.Controllers.TestController.GetResultForbidden (ManagedCode.Communication.Tests)'
info: Microsoft.AspNetCore.Hosting.Diagnostics[2]
      Request finished HTTP/1.1 GET http://localhost/test/result-forbidden - 403 - application/json;+charset=utf-8 0.6076ms
info: Microsoft.AspNetCore.Routing.EndpointMiddleware[1]
      Executed endpoint 'TestHub'
info: Microsoft.AspNetCore.Routing.EndpointMiddleware[1]
      Executed endpoint 'TestHub'
info: Microsoft.AspNetCore.Hosting.Diagnostics[2]
      Request finished HTTP/2 GET http://localhost/TestHub?id=5HYJUEOFaXuB7_yI-v0zrw - 200 - text/event-stream 72.5510ms
info: Microsoft.AspNetCore.Hosting.Diagnostics[2]
      Request finished HTTP/2 GET http://localhost/TestHub?id=qEZ5Jp9U-Avs0mcfOzXNSg - 200 - text/event-stream 37.5122ms
[xUnit.net 00:00:01.36]   Finished:    ManagedCode.Communication.Tests
</StdOut>
    </Output>
  </ResultSummary>
</TestRun>