<?xml version="1.0" encoding="utf-8"?>
<TestRun id="60cd3e4f-2e3f-4449-aed1-a855840acc20" name="@pkrvmqc4gcfdwos 2025-08-22 20:30:37" xmlns="http://microsoft.com/schemas/VisualStudio/TeamTest/2010">
  <Times creation="2025-08-22T20:30:37.8437378+00:00" queuing="2025-08-22T20:30:37.8437379+00:00" start="2025-08-22T20:30:37.0426437+00:00" finish="2025-08-22T20:30:41.0876341+00:00" />
  <TestSettings name="default" id="6871a7fb-54db-46a3-a074-f55f66c82a64">
    <Deployment runDeploymentRoot="_pkrvmqc4gcfdwos_2025-08-22_20_30_37" />
  </TestSettings>
  <Results>
    <UnitTestResult executionId="8b14299a-ff7c-4435-a6fc-b7e9d279c1ab" testId="e57c6dc4-6a4c-181d-59f0-b2ffb8252047" testName="ManagedCode.Communication.Tests.Extensions.HttpResponseExtensionTests.FromRequestToResult_VariousErrorCodes_ReturnsFailedResult(statusCode: BadRequest)" computerName="pkrvmqc4gcfdwos" duration="00:00:00.0000324" startTime="2025-08-22T20:30:40.5774303+00:00" endTime="2025-08-22T20:30:40.5775277+00:00" testType="13cdc9d9-ddb5-4fa4-a97d-d965ccfc6d4b" outcome="Passed" testListId="8c84fa94-04c1-424b-9868-57a2d4851a1d" relativeResultsDirectory="8b14299a-ff7c-4435-a6fc-b7e9d279c1ab" />
    <UnitTestResult executionId="675e475c-a03b-4edc-a173-933027598a65" testId="0f7e2ea7-7d90-6e7a-188c-ad60a1c650c6" testName="ManagedCode.Communication.Tests.Extensions.HttpResponseExtensionTests.FromRequestToResult_VariousSuccessCodes_ReturnsSuccessResult(statusCode: OK)" computerName="pkrvmqc4gcfdwos" duration="00:00:00.0000047" startTime="2025-08-22T20:30:40.7162383+00:00" endTime="2025-08-22T20:30:40.7163563+00:00" testType="13cdc9d9-ddb5-4fa4-a97d-d965ccfc6d4b" outcome="Passed" testListId="8c84fa94-04c1-424b-9868-57a2d4851a1d" relativeResultsDirectory="675e475c-a03b-4edc-a173-933027598a65" />
    <UnitTestResult executionId="ca32cd83-adb2-40e0-a410-9489ac526a42" testId="37832d2b-c8b9-799c-6d67-0c7addb766d8" testName="ManagedCode.Communication.Tests.CollectionResults.CollectionResultFailMethodsTests.Fail_WithVariousStatusCodes_ShouldSetCorrectStatusCode(statusCode: NotFound, expectedCode: 404)" computerName="pkrvmqc4gcfdwos" duration="00:00:00.0000154" startTime="2025-08-22T20:30:39.4541866+00:00" endTime="2025-08-22T20:30:39.4543138+00:00" testType="13cdc9d9-ddb5-4fa4-a97d-d965ccfc6d4b" outcome="Passed" testListId="8c84fa94-04c1-424b-9868-57a2d4851a1d" relativeResultsDirectory="ca32cd83-adb2-40e0-a410-9489ac526a42" />
    <UnitTestResult executionId="10b9c022-160a-4513-81ea-b8be996529a5" testId="4396ccba-9d89-e148-82bd-72965c7a7035" testName="ManagedCode.Communication.Tests.Extensions.ResultConversionExtensionsTests.AsResult_CanBeChainedWithRailwayMethods" computerName="pkrvmqc4gcfdwos" duration="00:00:00.0006480" startTime="2025-08-22T20:30:40.7342221+00:00" endTime="2025-08-22T20:30:40.7343239+00:00" testType="13cdc9d9-ddb5-4fa4-a97d-d965ccfc6d4b" outcome="Passed" testListId="8c84fa94-04c1-424b-9868-57a2d4851a1d" relativeResultsDirectory="10b9c022-160a-4513-81ea-b8be996529a5" />
    <UnitTestResult executionId="5f933007-021d-4d0e-8d93-f3073b567989" testId="1801938a-5d0f-36fb-a9bb-fea7ab8914fe" testName="ManagedCode.Communication.Tests.Results.ResultTests.FailUnauthorized_ShouldCreateUnauthorizedResult" computerName="pkrvmqc4gcfdwos" duration="00:00:00.0003032" startTime="2025-08-22T20:30:39.7660950+00:00" endTime="2025-08-22T20:30:39.7662006+00:00" testType="13cdc9d9-ddb5-4fa4-a97d-d965ccfc6d4b" outcome="Passed" testListId="8c84fa94-04c1-424b-9868-57a2d4851a1d" relativeResultsDirectory="5f933007-021d-4d0e-8d93-f3073b567989" />
    <UnitTestResult executionId="71ea41eb-31cd-4f03-8d36-63cf4ebe58ae" testId="34988729-7075-661c-e9b3-1244d66c21c5" testName="ManagedCode.Communication.Tests.ResultExtensionsTests.Map_WithSuccessResult_ShouldTransformValue" computerName="pkrvmqc4gcfdwos" duration="00:00:00.0002665" startTime="2025-08-22T20:30:40.5461584+00:00" endTime="2025-08-22T20:30:40.5462553+00:00" testType="13cdc9d9-ddb5-4fa4-a97d-d965ccfc6d4b" outcome="Passed" testListId="8c84fa94-04c1-424b-9868-57a2d4851a1d" relativeResultsDirectory="71ea41eb-31cd-4f03-8d36-63cf4ebe58ae" />
    <UnitTestResult executionId="4f8ff8b1-3b18-4170-b04f-d5e5543c2c4b" testId="b080e677-51aa-540a-58e8-a1686bb0bb64" testName="ManagedCode.Communication.Tests.Results.ResultFailMethodsTests.Result_Fail_WithProblem_ShouldCreateFailedResultWithProblem" computerName="pkrvmqc4gcfdwos" duration="00:00:00.0001944" startTime="2025-08-22T20:30:40.7445740+00:00" endTime="2025-08-22T20:30:40.7446493+00:00" testType="13cdc9d9-ddb5-4fa4-a97d-d965ccfc6d4b" outcome="Passed" testListId="8c84fa94-04c1-424b-9868-57a2d4851a1d" relativeResultsDirectory="4f8ff8b1-3b18-4170-b04f-d5e5543c2c4b" />
    <UnitTestResult executionId="1b41cd6a-c712-48b7-a030-68cd4086f90e" testId="a7a7bc99-5c81-4aae-8f5d-ed7089b3d4a6" testName="ManagedCode.Communication.Tests.Results.ProblemExceptionTests.Message_WithErrorCode_ShouldIncludeErrorCodeInBrackets" computerName="pkrvmqc4gcfdwos" duration="00:00:00.0003158" startTime="2025-08-22T20:30:37.8924149+00:00" endTime="2025-08-22T20:30:37.8925604+00:00" testType="13cdc9d9-ddb5-4fa4-a97d-d965ccfc6d4b" outcome="Passed" testListId="8c84fa94-04c1-424b-9868-57a2d4851a1d" relativeResultsDirectory="1b41cd6a-c712-48b7-a030-68cd4086f90e" />
    <UnitTestResult executionId="0541545a-b105-4065-9e01-7ec603e99e09" testId="d31f1619-d27f-d07c-9813-9d9c2f563878" testName="ManagedCode.Communication.Tests.Results.ResultTFailMethodsTests.ResultT_Fail_WithTitleDetailAndStatus_ShouldCreateFailedResultWithSpecifiedStatus" computerName="pkrvmqc4gcfdwos" duration="00:00:00.0001755" startTime="2025-08-22T20:30:39.8468254+00:00" endTime="2025-08-22T20:30:39.8469161+00:00" testType="13cdc9d9-ddb5-4fa4-a97d-d965ccfc6d4b" outcome="Passed" testListId="8c84fa94-04c1-424b-9868-57a2d4851a1d" relativeResultsDirectory="0541545a-b105-4065-9e01-7ec603e99e09" />
    <UnitTestResult executionId="826854d8-f5c6-4d36-a838-133c844d7ef3" testId="898c9cc8-bb35-e599-7c7d-53a4b1099340" testName="ManagedCode.Communication.Tests.Results.CollectionResultInvalidMethodsTests.CollectionResult_Invalid_WithEnumAndKeyValue_ShouldCreateValidationResultWithAll" computerName="pkrvmqc4gcfdwos" duration="00:00:00.0004966" startTime="2025-08-22T20:30:39.8771653+00:00" endTime="2025-08-22T20:30:39.8774353+00:00" testType="13cdc9d9-ddb5-4fa4-a97d-d965ccfc6d4b" outcome="Passed" testListId="8c84fa94-04c1-424b-9868-57a2d4851a1d" relativeResultsDirectory="826854d8-f5c6-4d36-a838-133c844d7ef3" />
    <UnitTestResult executionId="6de5602e-dbfe-418e-be36-44e4ead89988" testId="84c6800a-f289-1899-3a73-99d4070467cb" testName="ManagedCode.Communication.Tests.Results.ProblemCreationExtensionsTests.ToProblem_FromExceptionWithData_ShouldIncludeDataInExtensions" computerName="pkrvmqc4gcfdwos" duration="00:00:00.0004390" startTime="2025-08-22T20:30:38.4601514+00:00" endTime="2025-08-22T20:30:38.4602537+00:00" testType="13cdc9d9-ddb5-4fa4-a97d-d965ccfc6d4b" outcome="Passed" testListId="8c84fa94-04c1-424b-9868-57a2d4851a1d" relativeResultsDirectory="6de5602e-dbfe-418e-be36-44e4ead89988" />
    <UnitTestResult executionId="ad6515ea-2172-40b9-8c08-04c2eaed195c" testId="5d1cd7f9-34f0-feb0-45b5-6480e604717e" testName="ManagedCode.Communication.Tests.ResultExtensionsTests.BindToGeneric_WithSuccessResult_ShouldTransformToResultT" computerName="pkrvmqc4gcfdwos" duration="00:00:00.0003397" startTime="2025-08-22T20:30:40.5409911+00:00" endTime="2025-08-22T20:30:40.5411719+00:00" testType="13cdc9d9-ddb5-4fa4-a97d-d965ccfc6d4b" outcome="Passed" testListId="8c84fa94-04c1-424b-9868-57a2d4851a1d" relativeResultsDirectory="ad6515ea-2172-40b9-8c08-04c2eaed195c" />
    <UnitTestResult executionId="fe307e24-3787-44fc-b58e-b15775d72363" testId="5a48316b-ec69-9349-5cec-20c5ea85e97a" testName="ManagedCode.Communication.Tests.AspNetCore.Extensions.ServiceCollectionExtensionsTests.Communication_Should_Handle_Custom_Problems" computerName="pkrvmqc4gcfdwos" duration="00:00:00.0710388" startTime="2025-08-22T20:30:39.9744561+00:00" endTime="2025-08-22T20:30:40.0485741+00:00" testType="13cdc9d9-ddb5-4fa4-a97d-d965ccfc6d4b" outcome="Passed" testListId="8c84fa94-04c1-424b-9868-57a2d4851a1d" relativeResultsDirectory="fe307e24-3787-44fc-b58e-b15775d72363" />
    <UnitTestResult executionId="61d196bd-9ecc-4fb6-b955-5596c9ba503d" testId="d9c85683-d077-e39f-97ea-e7effcd11b0d" testName="ManagedCode.Communication.Tests.Results.ResultFailMethodsTests.Result_Fail_WithEnumDetailAndStatus_ShouldCreateFailedResultWithAllSpecified" computerName="pkrvmqc4gcfdwos" duration="00:00:00.0042927" startTime="2025-08-22T20:30:40.7519092+00:00" endTime="2025-08-22T20:30:40.7520461+00:00" testType="13cdc9d9-ddb5-4fa4-a97d-d965ccfc6d4b" outcome="Passed" testListId="8c84fa94-04c1-424b-9868-57a2d4851a1d" relativeResultsDirectory="61d196bd-9ecc-4fb6-b955-5596c9ba503d" />
    <UnitTestResult executionId="48b50161-7ae8-49fd-8feb-c6455117cd97" testId="75533a59-7aee-ba55-d67e-cbe9946ac332" testName="ManagedCode.Communication.Tests.OrleansTests.GrainClientTests.ValueTaskResultError" computerName="pkrvmqc4gcfdwos" duration="00:00:00.0037411" startTime="2025-08-22T20:30:40.8903976+00:00" endTime="2025-08-22T20:30:40.8942644+00:00" testType="13cdc9d9-ddb5-4fa4-a97d-d965ccfc6d4b" outcome="Passed" testListId="8c84fa94-04c1-424b-9868-57a2d4851a1d" relativeResultsDirectory="48b50161-7ae8-49fd-8feb-c6455117cd97" />
    <UnitTestResult executionId="a9b0236a-5755-4a45-bea3-e944be52b822" testId="58ae3268-0514-bfd0-e929-cd5bbcd15459" testName="ManagedCode.Communication.Tests.Extensions.HttpResponseExtensionTests.FromRequestToResult_VariousSuccessCodes_ReturnsSuccessResult(statusCode: NoContent)" computerName="pkrvmqc4gcfdwos" duration="00:00:00.0004966" startTime="2025-08-22T20:30:40.7141535+00:00" endTime="2025-08-22T20:30:40.7142499+00:00" testType="13cdc9d9-ddb5-4fa4-a97d-d965ccfc6d4b" outcome="Passed" testListId="8c84fa94-04c1-424b-9868-57a2d4851a1d" relativeResultsDirectory="a9b0236a-5755-4a45-bea3-e944be52b822" />
    <UnitTestResult executionId="fe857779-cc09-4565-8583-9c746b1c9c3e" testId="b974d079-f8c7-696e-01c3-ee20cd989857" testName="ManagedCode.Communication.Tests.Extensions.HttpResponseExtensionTests.FromRequestToResult_VariousErrorCodes_ReturnsFailedResult(statusCode: Unauthorized)" computerName="pkrvmqc4gcfdwos" duration="00:00:00.0000368" startTime="2025-08-22T20:30:40.5771537+00:00" endTime="2025-08-22T20:30:40.5772413+00:00" testType="13cdc9d9-ddb5-4fa4-a97d-d965ccfc6d4b" outcome="Passed" testListId="8c84fa94-04c1-424b-9868-57a2d4851a1d" relativeResultsDirectory="fe857779-cc09-4565-8583-9c746b1c9c3e" />
    <UnitTestResult executionId="d947c102-1a1a-4845-bb93-c45cdb0ef257" testId="16de12fb-db88-1b2b-4771-6a26db8c7eef" testName="ManagedCode.Communication.Tests.Extensions.RailwayExtensionsTests.Match_SideEffects_SuccessfulResult_CallsSuccessAction" computerName="pkrvmqc4gcfdwos" duration="00:00:00.0003273" startTime="2025-08-22T20:30:38.5405540+00:00" endTime="2025-08-22T20:30:38.5406674+00:00" testType="13cdc9d9-ddb5-4fa4-a97d-d965ccfc6d4b" outcome="Passed" testListId="8c84fa94-04c1-424b-9868-57a2d4851a1d" relativeResultsDirectory="d947c102-1a1a-4845-bb93-c45cdb0ef257" />
    <UnitTestResult executionId="85eb1ff2-07d3-4e1e-91f4-1d2ab7127b87" testId="2eb8f298-9b5e-9d71-3c50-8115dbbb5361" testName="ManagedCode.Communication.Tests.AspNetCore.Extensions.HubOptionsExtensionsTests.AddCommunicationHubFilter_ThrowsWhenFilterNotRegistered" computerName="pkrvmqc4gcfdwos" duration="00:00:00.0049856" startTime="2025-08-22T20:30:40.5006297+00:00" endTime="2025-08-22T20:30:40.5046795+00:00" testType="13cdc9d9-ddb5-4fa4-a97d-d965ccfc6d4b" outcome="Passed" testListId="8c84fa94-04c1-424b-9868-57a2d4851a1d" relativeResultsDirectory="85eb1ff2-07d3-4e1e-91f4-1d2ab7127b87" />
    <UnitTestResult executionId="d1e25b30-3aa5-4320-8457-8f3ed3e301ca" testId="a979666d-6188-9f7d-4a5c-a7572f2afca6" testName="ManagedCode.Communication.Tests.Results.ResultTFailMethodsTests.ResultT_FailValidation_WithMultipleErrors_ShouldCreateValidationFailedResultWithAllErrors" computerName="pkrvmqc4gcfdwos" duration="00:00:00.0003614" startTime="2025-08-22T20:30:39.8524953+00:00" endTime="2025-08-22T20:30:39.8525715+00:00" testType="13cdc9d9-ddb5-4fa4-a97d-d965ccfc6d4b" outcome="Passed" testListId="8c84fa94-04c1-424b-9868-57a2d4851a1d" relativeResultsDirectory="d1e25b30-3aa5-4320-8457-8f3ed3e301ca" />
    <UnitTestResult executionId="f0f5a585-784d-4216-a9a2-1cca6b00d34d" testId="8be0565a-807a-652b-b30e-db28277dd087" testName="ManagedCode.Communication.Tests.Extensions.HttpResponseExtensionTests.FromRequestToResult_ForbiddenStatusCode_ReturnsFailedResult" computerName="pkrvmqc4gcfdwos" duration="00:00:00.0005547" startTime="2025-08-22T20:30:40.7169655+00:00" endTime="2025-08-22T20:30:40.7170958+00:00" testType="13cdc9d9-ddb5-4fa4-a97d-d965ccfc6d4b" outcome="Passed" testListId="8c84fa94-04c1-424b-9868-57a2d4851a1d" relativeResultsDirectory="f0f5a585-784d-4216-a9a2-1cca6b00d34d" />
    <UnitTestResult executionId="ebc49963-91b3-4146-be5b-9ba9f298019a" testId="2ef4b8d6-5cce-708a-31e5-cb9e269c0acc" testName="ManagedCode.Communication.Tests.Results.ProblemToExceptionTests.ToException_FromProblemCreatedFromArgumentException_ShouldReconstructOriginalExceptionType" computerName="pkrvmqc4gcfdwos" duration="00:00:00.0001953" startTime="2025-08-22T20:30:40.4915042+00:00" endTime="2025-08-22T20:30:40.4916087+00:00" testType="13cdc9d9-ddb5-4fa4-a97d-d965ccfc6d4b" outcome="Passed" testListId="8c84fa94-04c1-424b-9868-57a2d4851a1d" relativeResultsDirectory="ebc49963-91b3-4146-be5b-9ba9f298019a" />
    <UnitTestResult executionId="18f2a132-2d1e-4905-8251-98d0abdd0eab" testId="5afc63d3-e6c2-fa08-2064-5b3b85269a6c" testName="ManagedCode.Communication.Tests.Extensions.RailwayExtensionsTests.Tap_FailedResult_DoesNotExecuteAction" computerName="pkrvmqc4gcfdwos" duration="00:00:00.0003761" startTime="2025-08-22T20:30:38.5448863+00:00" endTime="2025-08-22T20:30:38.5449636+00:00" testType="13cdc9d9-ddb5-4fa4-a97d-d965ccfc6d4b" outcome="Passed" testListId="8c84fa94-04c1-424b-9868-57a2d4851a1d" relativeResultsDirectory="18f2a132-2d1e-4905-8251-98d0abdd0eab" />
    <UnitTestResult executionId="b319e9f4-f304-4d22-bdd9-6936f25f3be4" testId="5c8cc938-335e-a98a-d80a-ce2a4192fa26" testName="ManagedCode.Communication.Tests.Orleans.Serialization.CommandSerializationTests.CommandT_WithComplexPayload_ShouldSerializeCorrectly" computerName="pkrvmqc4gcfdwos" duration="00:00:00.0304461" startTime="2025-08-22T20:30:40.4871304+00:00" endTime="2025-08-22T20:30:40.5167465+00:00" testType="13cdc9d9-ddb5-4fa4-a97d-d965ccfc6d4b" outcome="Passed" testListId="8c84fa94-04c1-424b-9868-57a2d4851a1d" relativeResultsDirectory="b319e9f4-f304-4d22-bdd9-6936f25f3be4" />
    <UnitTestResult executionId="d29b94f4-11db-4f8d-a6e7-5df913bddf89" testId="f2f678ee-a37b-8014-7202-81380186eb4d" testName="ManagedCode.Communication.Tests.Results.ResultStaticHelperMethodsTests.Result_FailNotFoundT_WithDetail_ShouldCreateNotFoundResultTWithCustomDetail" computerName="pkrvmqc4gcfdwos" duration="00:00:00.0004599" startTime="2025-08-22T20:30:38.4764297+00:00" endTime="2025-08-22T20:30:38.4765398+00:00" testType="13cdc9d9-ddb5-4fa4-a97d-d965ccfc6d4b" outcome="Passed" testListId="8c84fa94-04c1-424b-9868-57a2d4851a1d" relativeResultsDirectory="d29b94f4-11db-4f8d-a6e7-5df913bddf89" />
    <UnitTestResult executionId="173925f2-8332-45ef-b341-077e4846a66a" testId="45dd8e8e-d47d-d57f-7363-d2adb3b51e04" testName="ManagedCode.Communication.Tests.Results.ResultTests.FailForbidden_ShouldCreateForbiddenResult" computerName="pkrvmqc4gcfdwos" duration="00:00:00.0002355" startTime="2025-08-22T20:30:39.7821218+00:00" endTime="2025-08-22T20:30:39.7822352+00:00" testType="13cdc9d9-ddb5-4fa4-a97d-d965ccfc6d4b" outcome="Passed" testListId="8c84fa94-04c1-424b-9868-57a2d4851a1d" relativeResultsDirectory="173925f2-8332-45ef-b341-077e4846a66a" />
    <UnitTestResult executionId="4c9e2d22-10a7-4da1-81cd-5f73ec212675" testId="2d7f5b65-4d8c-deba-d465-b2441aaaa785" testName="ManagedCode.Communication.Tests.Orleans.Serialization.CommandSerializationTests.Command_WithMinimalFields_ShouldSerializeCorrectly" computerName="pkrvmqc4gcfdwos" duration="00:00:00.0115362" startTime="2025-08-22T20:30:40.4502527+00:00" endTime="2025-08-22T20:30:40.4591722+00:00" testType="13cdc9d9-ddb5-4fa4-a97d-d965ccfc6d4b" outcome="Passed" testListId="8c84fa94-04c1-424b-9868-57a2d4851a1d" relativeResultsDirectory="4c9e2d22-10a7-4da1-81cd-5f73ec212675" />
    <UnitTestResult executionId="be7a8da3-264f-4877-ab4b-70580490b572" testId="c7343c2c-78ed-5e3a-c3ed-259714840c06" testName="ManagedCode.Communication.Tests.Results.ResultTTests.FailValidation_ShouldCreateValidationResult" computerName="pkrvmqc4gcfdwos" duration="00:00:00.0004126" startTime="2025-08-22T20:30:39.3074438+00:00" endTime="2025-08-22T20:30:39.3075315+00:00" testType="13cdc9d9-ddb5-4fa4-a97d-d965ccfc6d4b" outcome="Passed" testListId="8c84fa94-04c1-424b-9868-57a2d4851a1d" relativeResultsDirectory="be7a8da3-264f-4877-ab4b-70580490b572" />
    <UnitTestResult executionId="8619e4e4-7794-4987-8ef7-2d11b147e207" testId="54738bb4-b334-dcd1-6ce6-da8fdb23ce1a" testName="ManagedCode.Communication.Tests.CollectionResults.CollectionResultFailMethodsTests.Fail_WithTitle_ShouldCreateFailedResultWithInternalServerError" computerName="pkrvmqc4gcfdwos" duration="00:00:00.0003263" startTime="2025-08-22T20:30:39.4729051+00:00" endTime="2025-08-22T20:30:39.4730487+00:00" testType="13cdc9d9-ddb5-4fa4-a97d-d965ccfc6d4b" outcome="Passed" testListId="8c84fa94-04c1-424b-9868-57a2d4851a1d" relativeResultsDirectory="8619e4e4-7794-4987-8ef7-2d11b147e207" />
    <UnitTestResult executionId="1bdb1720-8f1e-4216-bc91-cefe9aa17fc1" testId="db4a1ba0-50c4-f6cd-52e6-befecc6109d1" testName="ManagedCode.Communication.Tests.Results.ProblemCreationExtensionsTests.ToProblem_FromEnum_WithCustomStatusCode_ShouldUseProvidedStatusCode" computerName="pkrvmqc4gcfdwos" duration="00:00:00.0001685" startTime="2025-08-22T20:30:38.4608072+00:00" endTime="2025-08-22T20:30:38.4608955+00:00" testType="13cdc9d9-ddb5-4fa4-a97d-d965ccfc6d4b" outcome="Passed" testListId="8c84fa94-04c1-424b-9868-57a2d4851a1d" relativeResultsDirectory="1bdb1720-8f1e-4216-bc91-cefe9aa17fc1" />
    <UnitTestResult executionId="2d86288c-0ddc-455a-919b-6c8b35ba62a7" testId="7b410867-8a35-21b9-5a79-1e606c5e1d67" testName="ManagedCode.Communication.Tests.AspNetCore.Extensions.ServiceCollectionExtensionsTests.Communication_Should_Handle_Exceptions" computerName="pkrvmqc4gcfdwos" duration="00:00:00.0261569" startTime="2025-08-22T20:30:40.0488310+00:00" endTime="2025-08-22T20:30:40.0727489+00:00" testType="13cdc9d9-ddb5-4fa4-a97d-d965ccfc6d4b" outcome="Passed" testListId="8c84fa94-04c1-424b-9868-57a2d4851a1d" relativeResultsDirectory="2d86288c-0ddc-455a-919b-6c8b35ba62a7" />
    <UnitTestResult executionId="10df1f37-6f47-40d3-9ca7-76f6b469e931" testId="7ec712aa-0f40-61e7-c73d-a19584ac1f5b" testName="ManagedCode.Communication.Tests.ControllerTests.MiddlewareTests.SuccessResult" computerName="pkrvmqc4gcfdwos" duration="00:00:00.0641513" startTime="2025-08-22T20:30:40.1234940+00:00" endTime="2025-08-22T20:30:40.1911021+00:00" testType="13cdc9d9-ddb5-4fa4-a97d-d965ccfc6d4b" outcome="Passed" testListId="8c84fa94-04c1-424b-9868-57a2d4851a1d" relativeResultsDirectory="10df1f37-6f47-40d3-9ca7-76f6b469e931" />
    <UnitTestResult executionId="3e299bc6-ec81-40e3-95e2-e6b64f968f1c" testId="7808886e-5ad2-29ba-1f74-f44897640f75" testName="ManagedCode.Communication.Tests.Extensions.ResultConversionExtensionsTests.AsResult_WithCustomException_CreatesFailedResultWithCustomMessage" computerName="pkrvmqc4gcfdwos" duration="00:00:00.0003241" startTime="2025-08-22T20:30:40.7393648+00:00" endTime="2025-08-22T20:30:40.7394793+00:00" testType="13cdc9d9-ddb5-4fa4-a97d-d965ccfc6d4b" outcome="Passed" testListId="8c84fa94-04c1-424b-9868-57a2d4851a1d" relativeResultsDirectory="3e299bc6-ec81-40e3-95e2-e6b64f968f1c" />
    <UnitTestResult executionId="5840b445-fbec-4d2d-994c-6138f16525b0" testId="353ee2b3-8223-ee2f-da86-858af32e4ee1" testName="ManagedCode.Communication.Tests.AspNetCore.Extensions.ServiceCollectionExtensionsTests.Communication_Should_Reject_Invalid_Model" computerName="pkrvmqc4gcfdwos" duration="00:00:00.0608419" startTime="2025-08-22T20:30:39.9092902+00:00" endTime="2025-08-22T20:30:39.9741298+00:00" testType="13cdc9d9-ddb5-4fa4-a97d-d965ccfc6d4b" outcome="Passed" testListId="8c84fa94-04c1-424b-9868-57a2d4851a1d" relativeResultsDirectory="5840b445-fbec-4d2d-994c-6138f16525b0" />
    <UnitTestResult executionId="1ccbed4e-f86b-4522-8737-2debbc7ba3cf" testId="02d5ff30-44c9-145b-fe61-3027824575fb" testName="ManagedCode.Communication.Tests.Results.ResultTFailMethodsTests.ResultT_FailNotFound_NoParameters_ShouldCreateNotFoundResult" computerName="pkrvmqc4gcfdwos" duration="00:00:00.0001745" startTime="2025-08-22T20:30:39.8522229+00:00" endTime="2025-08-22T20:30:39.8523055+00:00" testType="13cdc9d9-ddb5-4fa4-a97d-d965ccfc6d4b" outcome="Passed" testListId="8c84fa94-04c1-424b-9868-57a2d4851a1d" relativeResultsDirectory="1ccbed4e-f86b-4522-8737-2debbc7ba3cf" />
    <UnitTestResult executionId="0aa8e50b-9b54-4e98-8740-1c05dcc6a4f4" testId="bc0f94a4-fa61-220d-0abf-7116eecf9e5e" testName="ManagedCode.Communication.Tests.CollectionResults.CollectionResultFromMethodsTests.From_RecursiveDataStructure_ShouldHandleCorrectly" computerName="pkrvmqc4gcfdwos" duration="00:00:00.0008485" startTime="2025-08-22T20:30:40.0484570+00:00" endTime="2025-08-22T20:30:40.0489367+00:00" testType="13cdc9d9-ddb5-4fa4-a97d-d965ccfc6d4b" outcome="Passed" testListId="8c84fa94-04c1-424b-9868-57a2d4851a1d" relativeResultsDirectory="0aa8e50b-9b54-4e98-8740-1c05dcc6a4f4" />
    <UnitTestResult executionId="dbb27904-8149-4564-851c-847e80d6f1b8" testId="64fe7f30-f5e7-1996-7e8e-17085fa9413f" testName="ManagedCode.Communication.Tests.Results.ResultTFailMethodsTests.ResultT_Fail_WithValue_ShouldCreateFailedResultWithValue" computerName="pkrvmqc4gcfdwos" duration="00:00:00.0002110" startTime="2025-08-22T20:30:39.7825355+00:00" endTime="2025-08-22T20:30:39.7826375+00:00" testType="13cdc9d9-ddb5-4fa4-a97d-d965ccfc6d4b" outcome="Passed" testListId="8c84fa94-04c1-424b-9868-57a2d4851a1d" relativeResultsDirectory="dbb27904-8149-4564-851c-847e80d6f1b8" />
    <UnitTestResult executionId="ca74d3a8-c8b7-4e39-ba84-0e6e86b735d2" testId="77cea8c3-be26-09fd-7933-7cd7b881eba7" testName="ManagedCode.Communication.Tests.Results.ResultStaticHelperMethodsTests.Result_StaticHelpers_WithComplexTypes_ShouldWorkCorrectly" computerName="pkrvmqc4gcfdwos" duration="00:00:00.0012823" startTime="2025-08-22T20:30:38.4736040+00:00" endTime="2025-08-22T20:30:38.4746934+00:00" testType="13cdc9d9-ddb5-4fa4-a97d-d965ccfc6d4b" outcome="Passed" testListId="8c84fa94-04c1-424b-9868-57a2d4851a1d" relativeResultsDirectory="ca74d3a8-c8b7-4e39-ba84-0e6e86b735d2" />
    <UnitTestResult executionId="bb35864b-54a0-4de8-89d1-97a70eed9ddf" testId="12ea67ca-37c0-f0fd-c942-d620dd5f1649" testName="ManagedCode.Communication.Tests.Results.ResultHelperMethodsTests.ResultT_Try_WithSuccessfulFunc_ShouldReturnSuccessWithValue" computerName="pkrvmqc4gcfdwos" duration="00:00:00.0002858" startTime="2025-08-22T20:30:37.9142950+00:00" endTime="2025-08-22T20:30:37.9143655+00:00" testType="13cdc9d9-ddb5-4fa4-a97d-d965ccfc6d4b" outcome="Passed" testListId="8c84fa94-04c1-424b-9868-57a2d4851a1d" relativeResultsDirectory="bb35864b-54a0-4de8-89d1-97a70eed9ddf" />
    <UnitTestResult executionId="b670dc3c-d085-44b1-ad43-82ec0b8256f1" testId="4d4fb53f-3023-b9b5-ddae-ca5ff94e1e21" testName="ManagedCode.Communication.Tests.ProblemTests.ProblemCreateMethodsTests.Problem_AddValidationError_MultipleFields_ShouldCreateSeparateLists" computerName="pkrvmqc4gcfdwos" duration="00:00:00.0005483" startTime="2025-08-22T20:30:39.3393979+00:00" endTime="2025-08-22T20:30:39.3395136+00:00" testType="13cdc9d9-ddb5-4fa4-a97d-d965ccfc6d4b" outcome="Passed" testListId="8c84fa94-04c1-424b-9868-57a2d4851a1d" relativeResultsDirectory="b670dc3c-d085-44b1-ad43-82ec0b8256f1" />
    <UnitTestResult executionId="d829c27f-ed3a-4c24-a077-8c413d880543" testId="f98516d9-cd8e-bb0e-7f2e-fb9a3743aba5" testName="ManagedCode.Communication.Tests.Results.ProblemCreationExtensionsTests.ToProblem_FromException_WithCustomStatusCode_ShouldUseProvidedStatusCode" computerName="pkrvmqc4gcfdwos" duration="00:00:00.0001529" startTime="2025-08-22T20:30:38.4629701+00:00" endTime="2025-08-22T20:30:38.4630919+00:00" testType="13cdc9d9-ddb5-4fa4-a97d-d965ccfc6d4b" outcome="Passed" testListId="8c84fa94-04c1-424b-9868-57a2d4851a1d" relativeResultsDirectory="d829c27f-ed3a-4c24-a077-8c413d880543" />
    <UnitTestResult executionId="ea215132-5c79-435e-b190-8d687fca41e1" testId="99ad070e-072d-3189-a75d-1aa7c7eeb04e" testName="ManagedCode.Communication.Tests.Extensions.HttpResponseExtensionTests.FromJsonToResult_NullContent_WithErrorStatus_ReturnsFailedResult" computerName="pkrvmqc4gcfdwos" duration="00:00:00.0004608" startTime="2025-08-22T20:30:40.7173554+00:00" endTime="2025-08-22T20:30:40.7174672+00:00" testType="13cdc9d9-ddb5-4fa4-a97d-d965ccfc6d4b" outcome="Passed" testListId="8c84fa94-04c1-424b-9868-57a2d4851a1d" relativeResultsDirectory="ea215132-5c79-435e-b190-8d687fca41e1" />
    <UnitTestResult executionId="47192417-79b9-4e54-9328-0f1e924e3240" testId="884780c4-efd7-4539-be97-7bddf6f0d325" testName="ManagedCode.Communication.Tests.ControllerTests.MiddlewareTests.ValidationException" computerName="pkrvmqc4gcfdwos" duration="00:00:00.0140715" startTime="2025-08-22T20:30:40.5457524+00:00" endTime="2025-08-22T20:30:40.5646233+00:00" testType="13cdc9d9-ddb5-4fa4-a97d-d965ccfc6d4b" outcome="Passed" testListId="8c84fa94-04c1-424b-9868-57a2d4851a1d" relativeResultsDirectory="47192417-79b9-4e54-9328-0f1e924e3240" />
    <UnitTestResult executionId="8ddff3ec-56d2-4fc2-bd8d-c86f8f98b61e" testId="dd44fca1-dd49-b0b2-8a87-a1e6c53fc967" testName="ManagedCode.Communication.Tests.ResultExtensionsTests.Else_WithFailedResult_ShouldReturnAlternative" computerName="pkrvmqc4gcfdwos" duration="00:00:00.0002174" startTime="2025-08-22T20:30:40.5406494+00:00" endTime="2025-08-22T20:30:40.5407578+00:00" testType="13cdc9d9-ddb5-4fa4-a97d-d965ccfc6d4b" outcome="Passed" testListId="8c84fa94-04c1-424b-9868-57a2d4851a1d" relativeResultsDirectory="8ddff3ec-56d2-4fc2-bd8d-c86f8f98b61e" />
    <UnitTestResult executionId="580ec3c6-d0ad-4538-8db8-dd7717c1d546" testId="20a5b366-61d2-1b17-1341-93fed7be4651" testName="ManagedCode.Communication.Tests.Results.RailwayOrientedProgrammingTests.Bind_ChainedOperations_ShouldWork" computerName="pkrvmqc4gcfdwos" duration="00:00:00.0006103" startTime="2025-08-22T20:30:37.7945544+00:00" endTime="2025-08-22T20:30:37.7946646+00:00" testType="13cdc9d9-ddb5-4fa4-a97d-d965ccfc6d4b" outcome="Passed" testListId="8c84fa94-04c1-424b-9868-57a2d4851a1d" relativeResultsDirectory="580ec3c6-d0ad-4538-8db8-dd7717c1d546" />
    <UnitTestResult executionId="eee1a7d9-12a4-4888-b48f-353ba3874b65" testId="b105cb98-11fd-dbe0-9cb5-6ee18e7fdb31" testName="ManagedCode.Communication.Tests.Results.ResultFailMethodsTests.Result_Fail_WithVariousStatusCodes_ShouldSetCorrectStatusCode(statusCode: BadRequest, expectedCode: 400)" computerName="pkrvmqc4gcfdwos" duration="00:00:00.0002581" startTime="2025-08-22T20:30:40.7450733+00:00" endTime="2025-08-22T20:30:40.7451503+00:00" testType="13cdc9d9-ddb5-4fa4-a97d-d965ccfc6d4b" outcome="Passed" testListId="8c84fa94-04c1-424b-9868-57a2d4851a1d" relativeResultsDirectory="eee1a7d9-12a4-4888-b48f-353ba3874b65" />
    <UnitTestResult executionId="0a483b99-55bd-47e6-beb3-39a60cde705b" testId="0fe4f40f-241c-ae23-d168-04e5e87dcc9b" testName="ManagedCode.Communication.Tests.ProblemTests.ProblemCreateMethodsTests.Problem_GetValidationErrors_WithNoErrors_ShouldReturnNull" computerName="pkrvmqc4gcfdwos" duration="00:00:00.0001368" startTime="2025-08-22T20:30:39.3445444+00:00" endTime="2025-08-22T20:30:39.3446570+00:00" testType="13cdc9d9-ddb5-4fa4-a97d-d965ccfc6d4b" outcome="Passed" testListId="8c84fa94-04c1-424b-9868-57a2d4851a1d" relativeResultsDirectory="0a483b99-55bd-47e6-beb3-39a60cde705b" />
    <UnitTestResult executionId="f96c1e2a-33a9-4f17-918a-620ecfdfcdb8" testId="b628997a-57d1-098a-32a2-a9f49a796717" testName="ManagedCode.Communication.Tests.Serialization.ProblemJsonConverterTests.Serialize_DifferentTypeValues_HandlesCorrectly(inputType: &quot;&quot;, expectedType: &quot;&quot;)" computerName="pkrvmqc4gcfdwos" duration="00:00:00.0493595" startTime="2025-08-22T20:30:37.7487448+00:00" endTime="2025-08-22T20:30:37.7978439+00:00" testType="13cdc9d9-ddb5-4fa4-a97d-d965ccfc6d4b" outcome="Passed" testListId="8c84fa94-04c1-424b-9868-57a2d4851a1d" relativeResultsDirectory="f96c1e2a-33a9-4f17-918a-620ecfdfcdb8" />
    <UnitTestResult executionId="0013edcd-e6e3-4dc5-af6c-05c7e4eaeba5" testId="014c01cc-82ce-1338-64c6-0f60bdc5f380" testName="ManagedCode.Communication.Tests.CollectionResults.CollectionResultFromMethodsTests.From_FuncThrowingException_ShouldCreateFailedResult" computerName="pkrvmqc4gcfdwos" duration="00:00:00.0038055" startTime="2025-08-22T20:30:40.3730639+00:00" endTime="2025-08-22T20:30:40.3774559+00:00" testType="13cdc9d9-ddb5-4fa4-a97d-d965ccfc6d4b" outcome="Passed" testListId="8c84fa94-04c1-424b-9868-57a2d4851a1d" relativeResultsDirectory="0013edcd-e6e3-4dc5-af6c-05c7e4eaeba5" />
    <UnitTestResult executionId="aa0787da-56ad-48da-adae-84768afa43f1" testId="0c081f03-f141-0619-9968-29fcf1784e6e" testName="ManagedCode.Communication.Tests.Extensions.RailwayExtensionsTests.BindAsync_FailedResult_DoesNotExecuteNext" computerName="pkrvmqc4gcfdwos" duration="00:00:00.0020026" startTime="2025-08-22T20:30:38.5345576+00:00" endTime="2025-08-22T20:30:38.5365093+00:00" testType="13cdc9d9-ddb5-4fa4-a97d-d965ccfc6d4b" outcome="Passed" testListId="8c84fa94-04c1-424b-9868-57a2d4851a1d" relativeResultsDirectory="aa0787da-56ad-48da-adae-84768afa43f1" />
    <UnitTestResult executionId="553cb8b1-f866-43bb-8f2d-6d497ca64d50" testId="c1925661-95a2-08f0-c829-c8d0641fbb32" testName="ManagedCode.Communication.Tests.Extensions.RailwayExtensionsTests.Else_SuccessfulResult_ReturnsOriginalResult" computerName="pkrvmqc4gcfdwos" duration="00:00:00.0002372" startTime="2025-08-22T20:30:38.5455446+00:00" endTime="2025-08-22T20:30:38.5456468+00:00" testType="13cdc9d9-ddb5-4fa4-a97d-d965ccfc6d4b" outcome="Passed" testListId="8c84fa94-04c1-424b-9868-57a2d4851a1d" relativeResultsDirectory="553cb8b1-f866-43bb-8f2d-6d497ca64d50" />
    <UnitTestResult executionId="a58db18a-646b-4c2d-8ed3-136ac2a69749" testId="f1930371-f29c-139f-41a8-607d158f22b6" testName="ManagedCode.Communication.Tests.Extensions.RailwayExtensionsTests.Finally_SuccessfulResult_ExecutesAction" computerName="pkrvmqc4gcfdwos" duration="00:00:00.0003676" startTime="2025-08-22T20:30:38.5431965+00:00" endTime="2025-08-22T20:30:38.5433011+00:00" testType="13cdc9d9-ddb5-4fa4-a97d-d965ccfc6d4b" outcome="Passed" testListId="8c84fa94-04c1-424b-9868-57a2d4851a1d" relativeResultsDirectory="a58db18a-646b-4c2d-8ed3-136ac2a69749" />
    <UnitTestResult executionId="2e32c748-1a27-4b49-8155-bae4cebbfe27" testId="93cfea10-487c-2fd1-30d8-938278bfacad" testName="ManagedCode.Communication.Tests.ProblemTests.ProblemCreateMethodsTests.Problem_Create_FromExceptionWithData_ShouldHandleValidKeysOnly" computerName="pkrvmqc4gcfdwos" duration="00:00:00.0015401" startTime="2025-08-22T20:30:39.3398018+00:00" endTime="2025-08-22T20:30:39.3412169+00:00" testType="13cdc9d9-ddb5-4fa4-a97d-d965ccfc6d4b" outcome="Passed" testListId="8c84fa94-04c1-424b-9868-57a2d4851a1d" relativeResultsDirectory="2e32c748-1a27-4b49-8155-bae4cebbfe27" />
    <UnitTestResult executionId="2a5e8c2c-fb8d-4725-a2e4-44ef771b66d9" testId="8309389d-9c6a-c3cd-d6dd-b15a89fb2045" testName="ManagedCode.Communication.Tests.Results.ProblemToExceptionTests.ToException_FromProblemCreatedFromNullReferenceException_ShouldReconstructOriginalExceptionType" computerName="pkrvmqc4gcfdwos" duration="00:00:00.0002774" startTime="2025-08-22T20:30:40.4969290+00:00" endTime="2025-08-22T20:30:40.4970288+00:00" testType="13cdc9d9-ddb5-4fa4-a97d-d965ccfc6d4b" outcome="Passed" testListId="8c84fa94-04c1-424b-9868-57a2d4851a1d" relativeResultsDirectory="2a5e8c2c-fb8d-4725-a2e4-44ef771b66d9" />
    <UnitTestResult executionId="9601fbe5-1756-4be2-857a-86fc8902897d" testId="db72ec5a-0a30-2e0e-8572-ca8eef70615c" testName="ManagedCode.Communication.Tests.ControllerTests.MiddlewareTests.ValidationExceptionSginalR" computerName="pkrvmqc4gcfdwos" duration="00:00:00.2997070" startTime="2025-08-22T20:30:40.2203024+00:00" endTime="2025-08-22T20:30:40.5223119+00:00" testType="13cdc9d9-ddb5-4fa4-a97d-d965ccfc6d4b" outcome="Passed" testListId="8c84fa94-04c1-424b-9868-57a2d4851a1d" relativeResultsDirectory="9601fbe5-1756-4be2-857a-86fc8902897d" />
    <UnitTestResult executionId="f67a839d-8383-426d-b8c8-97b5b01a9fc3" testId="52834aef-4100-31c8-7821-69756a7a275b" testName="ManagedCode.Communication.Tests.Results.ResultInvalidMethodsTests.Invalid_DifferentEnumTypes_ShouldWorkWithAnyEnum" computerName="pkrvmqc4gcfdwos" duration="00:00:00.0003332" startTime="2025-08-22T20:30:40.5813344+00:00" endTime="2025-08-22T20:30:40.5814390+00:00" testType="13cdc9d9-ddb5-4fa4-a97d-d965ccfc6d4b" outcome="Passed" testListId="8c84fa94-04c1-424b-9868-57a2d4851a1d" relativeResultsDirectory="f67a839d-8383-426d-b8c8-97b5b01a9fc3" />
    <UnitTestResult executionId="520baf9d-4673-4697-9858-664197764708" testId="aaf3638f-1207-9f2b-6354-805a113323d4" testName="ManagedCode.Communication.Tests.OrleansTests.GrainClientTests.IntResultError" computerName="pkrvmqc4gcfdwos" duration="00:00:00.0039318" startTime="2025-08-22T20:30:40.8861946+00:00" endTime="2025-08-22T20:30:40.8901822+00:00" testType="13cdc9d9-ddb5-4fa4-a97d-d965ccfc6d4b" outcome="Passed" testListId="8c84fa94-04c1-424b-9868-57a2d4851a1d" relativeResultsDirectory="520baf9d-4673-4697-9858-664197764708" />
    <UnitTestResult executionId="364dd0fc-c5e5-4342-8236-a52bba2fd8c8" testId="8c3fdcf7-4fc6-4fdc-74eb-b85a360cd133" testName="ManagedCode.Communication.Tests.Results.ResultInvalidMethodsTests.Result_Invalid_WithoutParameters_ShouldCreateValidationResult" computerName="pkrvmqc4gcfdwos" duration="00:00:00.0004792" startTime="2025-08-22T20:30:40.5669802+00:00" endTime="2025-08-22T20:30:40.5671128+00:00" testType="13cdc9d9-ddb5-4fa4-a97d-d965ccfc6d4b" outcome="Passed" testListId="8c84fa94-04c1-424b-9868-57a2d4851a1d" relativeResultsDirectory="364dd0fc-c5e5-4342-8236-a52bba2fd8c8" />
    <UnitTestResult executionId="11380d0b-8369-4912-85af-6308e0eb4c79" testId="f6e5cff2-2693-3b1e-77a2-42903b6a4613" testName="ManagedCode.Communication.Tests.CollectionResults.CollectionResultFailMethodsTests.Fail_WithExceptionAndStatus_ShouldCreateFailedResultWithSpecifiedStatus" computerName="pkrvmqc4gcfdwos" duration="00:00:00.0005096" startTime="2025-08-22T20:30:39.4628365+00:00" endTime="2025-08-22T20:30:39.4629521+00:00" testType="13cdc9d9-ddb5-4fa4-a97d-d965ccfc6d4b" outcome="Passed" testListId="8c84fa94-04c1-424b-9868-57a2d4851a1d" relativeResultsDirectory="11380d0b-8369-4912-85af-6308e0eb4c79" />
    <UnitTestResult executionId="d912f488-bb59-4c10-b3a4-1df5c32c22cf" testId="a93a1323-b9ff-8712-08d2-3c1f4cc58bb3" testName="ManagedCode.Communication.Tests.ResultExtensionsTests.Finally_ShouldAlwaysExecute" computerName="pkrvmqc4gcfdwos" duration="00:00:00.0003632" startTime="2025-08-22T20:30:40.5283229+00:00" endTime="2025-08-22T20:30:40.5284043+00:00" testType="13cdc9d9-ddb5-4fa4-a97d-d965ccfc6d4b" outcome="Passed" testListId="8c84fa94-04c1-424b-9868-57a2d4851a1d" relativeResultsDirectory="d912f488-bb59-4c10-b3a4-1df5c32c22cf" />
    <UnitTestResult executionId="20d9ca6e-7b42-496f-be6d-835b1396b7aa" testId="db5cf356-60bc-24eb-7ebd-eedff3a8292a" testName="ManagedCode.Communication.Tests.AspNetCore.Extensions.ControllerExtensionsTests.ToActionResult_WithFailedResult_ReturnsCorrectStatusCode" computerName="pkrvmqc4gcfdwos" duration="00:00:00.0003298" startTime="2025-08-22T20:30:40.7059851+00:00" endTime="2025-08-22T20:30:40.7061318+00:00" testType="13cdc9d9-ddb5-4fa4-a97d-d965ccfc6d4b" outcome="Passed" testListId="8c84fa94-04c1-424b-9868-57a2d4851a1d" relativeResultsDirectory="20d9ca6e-7b42-496f-be6d-835b1396b7aa" />
    <UnitTestResult executionId="82045e9a-9d0e-4714-8119-7078bb9c6497" testId="613d2d59-716c-8fa1-c98d-0c358ba9cdd1" testName="ManagedCode.Communication.Tests.Results.ResultTTests.TryGetProblem_WithSuccessfulResult_ShouldReturnFalse" computerName="pkrvmqc4gcfdwos" duration="00:00:00.0001398" startTime="2025-08-22T20:30:39.3298683+00:00" endTime="2025-08-22T20:30:39.3299897+00:00" testType="13cdc9d9-ddb5-4fa4-a97d-d965ccfc6d4b" outcome="Passed" testListId="8c84fa94-04c1-424b-9868-57a2d4851a1d" relativeResultsDirectory="82045e9a-9d0e-4714-8119-7078bb9c6497" />
    <UnitTestResult executionId="fba754f5-fb48-4b33-94ad-d8590e4f0b5e" testId="64430dc0-d0ec-3630-f4dc-3035b3446fe0" testName="ManagedCode.Communication.Tests.Serialization.SerializationTests.CommandT_WithValue_ShouldSerializeAndDeserialize" computerName="pkrvmqc4gcfdwos" duration="00:00:00.0058389" startTime="2025-08-22T20:30:40.4507833+00:00" endTime="2025-08-22T20:30:40.4569473+00:00" testType="13cdc9d9-ddb5-4fa4-a97d-d965ccfc6d4b" outcome="Passed" testListId="8c84fa94-04c1-424b-9868-57a2d4851a1d" relativeResultsDirectory="fba754f5-fb48-4b33-94ad-d8590e4f0b5e" />
    <UnitTestResult executionId="f06ad234-51f6-4c91-8492-6fb52288a218" testId="47c73d27-daf8-07a6-9992-33ab057f0562" testName="ManagedCode.Communication.Tests.Results.ResultStaticHelperMethodsTests.Result_FailUnauthorizedT_NoParameters_ShouldCreateUnauthorizedResultT" computerName="pkrvmqc4gcfdwos" duration="00:00:00.0004450" startTime="2025-08-22T20:30:38.4680319+00:00" endTime="2025-08-22T20:30:38.4682629+00:00" testType="13cdc9d9-ddb5-4fa4-a97d-d965ccfc6d4b" outcome="Passed" testListId="8c84fa94-04c1-424b-9868-57a2d4851a1d" relativeResultsDirectory="f06ad234-51f6-4c91-8492-6fb52288a218" />
    <UnitTestResult executionId="ef315cc0-78a2-4d7d-a4de-f851f6be2f78" testId="1a7b4271-e223-c8c6-e4e2-6edd35950571" testName="ManagedCode.Communication.Tests.Results.ResultTTests.Map_WithSuccessfulResult_ShouldTransformValue" computerName="pkrvmqc4gcfdwos" duration="00:00:00.0003102" startTime="2025-08-22T20:30:39.3320286+00:00" endTime="2025-08-22T20:30:39.3321244+00:00" testType="13cdc9d9-ddb5-4fa4-a97d-d965ccfc6d4b" outcome="Passed" testListId="8c84fa94-04c1-424b-9868-57a2d4851a1d" relativeResultsDirectory="ef315cc0-78a2-4d7d-a4de-f851f6be2f78" />
    <UnitTestResult executionId="2731fbad-197d-45d4-ae03-7aef70ac6b28" testId="0c334b17-b7c2-e42e-9924-9baf1b0e8e96" testName="ManagedCode.Communication.Tests.Results.ProblemToExceptionErrorTests.ToException_WithInnerException_ShouldPreserveInnerException" computerName="pkrvmqc4gcfdwos" duration="00:00:00.0003006" startTime="2025-08-22T20:30:39.4448792+00:00" endTime="2025-08-22T20:30:39.4449937+00:00" testType="13cdc9d9-ddb5-4fa4-a97d-d965ccfc6d4b" outcome="Passed" testListId="8c84fa94-04c1-424b-9868-57a2d4851a1d" relativeResultsDirectory="2731fbad-197d-45d4-ae03-7aef70ac6b28" />
    <UnitTestResult executionId="7c506139-f100-4919-b19e-266a6a5e4a52" testId="09a23f90-ebf0-0444-a58c-9c7e3ea1e9e8" testName="ManagedCode.Communication.Tests.AspNetCore.Extensions.ControllerExtensionsTests.ToHttpResult_WithSuccessResult_ReturnsOkResult" computerName="pkrvmqc4gcfdwos" duration="00:00:00.0011857" startTime="2025-08-22T20:30:40.7077819+00:00" endTime="2025-08-22T20:30:40.7078896+00:00" testType="13cdc9d9-ddb5-4fa4-a97d-d965ccfc6d4b" outcome="Passed" testListId="8c84fa94-04c1-424b-9868-57a2d4851a1d" relativeResultsDirectory="7c506139-f100-4919-b19e-266a6a5e4a52" />
    <UnitTestResult executionId="c051d9fc-414a-47f1-a3df-fdd9d6dcc63c" testId="940e757e-482b-7683-9fbd-545c899eab41" testName="ManagedCode.Communication.Tests.Results.ResultTFailMethodsTests.ResultT_Fail_WithNullValue_ShouldCreateFailedResultWithNull" computerName="pkrvmqc4gcfdwos" duration="00:00:00.0002501" startTime="2025-08-22T20:30:39.8530328+00:00" endTime="2025-08-22T20:30:39.8531092+00:00" testType="13cdc9d9-ddb5-4fa4-a97d-d965ccfc6d4b" outcome="Passed" testListId="8c84fa94-04c1-424b-9868-57a2d4851a1d" relativeResultsDirectory="c051d9fc-414a-47f1-a3df-fdd9d6dcc63c" />
    <UnitTestResult executionId="169d55d5-610a-4ad3-842e-4991fe89245c" testId="3a32c1dc-077f-4321-e968-780050a8a9d7" testName="ManagedCode.Communication.Tests.Extensions.HttpResponseExtensionTests.FromRequestToResult_VariousErrorCodes_ReturnsFailedResult(statusCode: Forbidden)" computerName="pkrvmqc4gcfdwos" duration="00:00:00.0000316" startTime="2025-08-22T20:30:40.5802082+00:00" endTime="2025-08-22T20:30:40.5803488+00:00" testType="13cdc9d9-ddb5-4fa4-a97d-d965ccfc6d4b" outcome="Passed" testListId="8c84fa94-04c1-424b-9868-57a2d4851a1d" relativeResultsDirectory="169d55d5-610a-4ad3-842e-4991fe89245c" />
    <UnitTestResult executionId="ab1f4515-a8ab-4cb2-b78a-4fc29b491027" testId="e201321c-6364-817c-50cc-555021426f7e" testName="ManagedCode.Communication.Tests.Extensions.AdvancedRailwayExtensionsTests.Compensate_WithSuccess_DoesNotExecuteRecovery" computerName="pkrvmqc4gcfdwos" duration="00:00:00.0004929" startTime="2025-08-22T20:30:39.3967784+00:00" endTime="2025-08-22T20:30:39.3969220+00:00" testType="13cdc9d9-ddb5-4fa4-a97d-d965ccfc6d4b" outcome="Passed" testListId="8c84fa94-04c1-424b-9868-57a2d4851a1d" relativeResultsDirectory="ab1f4515-a8ab-4cb2-b78a-4fc29b491027" />
    <UnitTestResult executionId="875593cc-0f27-44d3-b0f3-ad8ba80af138" testId="b6091ae6-e1ab-9599-acb3-418abc778fef" testName="ManagedCode.Communication.Tests.Results.RailwayOrientedProgrammingTests.Tap_WithFailure_ShouldNotExecuteSideEffect" computerName="pkrvmqc4gcfdwos" duration="00:00:00.0034969" startTime="2025-08-22T20:30:37.7490694+00:00" endTime="2025-08-22T20:30:37.7492115+00:00" testType="13cdc9d9-ddb5-4fa4-a97d-d965ccfc6d4b" outcome="Passed" testListId="8c84fa94-04c1-424b-9868-57a2d4851a1d" relativeResultsDirectory="875593cc-0f27-44d3-b0f3-ad8ba80af138" />
    <UnitTestResult executionId="c69e5772-3b8e-4f6b-8948-3d2767880a08" testId="d63e28b0-0e78-d9d5-3c31-ecad325cd7f3" testName="ManagedCode.Communication.Tests.Results.ProblemTests.HasErrorCode_WithDifferentEnumType_ShouldReturnFalse" computerName="pkrvmqc4gcfdwos" duration="00:00:00.0003034" startTime="2025-08-22T20:30:40.7223325+00:00" endTime="2025-08-22T20:30:40.7224135+00:00" testType="13cdc9d9-ddb5-4fa4-a97d-d965ccfc6d4b" outcome="Passed" testListId="8c84fa94-04c1-424b-9868-57a2d4851a1d" relativeResultsDirectory="c69e5772-3b8e-4f6b-8948-3d2767880a08" />
    <UnitTestResult executionId="f1df0eae-9846-4249-b45e-dbbbe3623117" testId="e6978d63-8432-1fb5-de7e-ad5cae526227" testName="ManagedCode.Communication.Tests.Results.CollectionResultTests.TryGetProblem_WithFailedResult_ShouldReturnTrueAndProblem" computerName="pkrvmqc4gcfdwos" duration="00:00:00.0001093" startTime="2025-08-22T20:30:39.8893516+00:00" endTime="2025-08-22T20:30:39.8894523+00:00" testType="13cdc9d9-ddb5-4fa4-a97d-d965ccfc6d4b" outcome="Passed" testListId="8c84fa94-04c1-424b-9868-57a2d4851a1d" relativeResultsDirectory="f1df0eae-9846-4249-b45e-dbbbe3623117" />
    <UnitTestResult executionId="75a514d2-c49b-45c5-807f-2faa3b304b3c" testId="49adad49-3c64-2145-0e11-a2cf215140e6" testName="ManagedCode.Communication.Tests.Results.ResultHelperMethodsTests.Result_Fail_WithHttpStatusCode_ShouldCreateFailedResult" computerName="pkrvmqc4gcfdwos" duration="00:00:00.0002571" startTime="2025-08-22T20:30:37.8702581+00:00" endTime="2025-08-22T20:30:37.8703759+00:00" testType="13cdc9d9-ddb5-4fa4-a97d-d965ccfc6d4b" outcome="Passed" testListId="8c84fa94-04c1-424b-9868-57a2d4851a1d" relativeResultsDirectory="75a514d2-c49b-45c5-807f-2faa3b304b3c" />
    <UnitTestResult executionId="976c15cf-4d1e-45e5-ad31-11ce522c7fa3" testId="6873ac76-f3ab-c022-d36a-a314064542de" testName="ManagedCode.Communication.Tests.Results.ResultStaticHelperMethodsTests.Result_FailT_WithProblem_ShouldCreateFailedResultTWithProblem" computerName="pkrvmqc4gcfdwos" duration="00:00:00.0002106" startTime="2025-08-22T20:30:38.4708010+00:00" endTime="2025-08-22T20:30:38.4709067+00:00" testType="13cdc9d9-ddb5-4fa4-a97d-d965ccfc6d4b" outcome="Passed" testListId="8c84fa94-04c1-424b-9868-57a2d4851a1d" relativeResultsDirectory="976c15cf-4d1e-45e5-ad31-11ce522c7fa3" />
    <UnitTestResult executionId="431cb148-d431-4d3a-a18a-cd67802fb30c" testId="63002f6f-0517-2c24-717b-d2c1e2e53077" testName="ManagedCode.Communication.Tests.Results.ProblemToExceptionErrorTests.ToException_PerformanceTest_ShouldNotTakeExcessiveTime" computerName="pkrvmqc4gcfdwos" duration="00:00:00.0014671" startTime="2025-08-22T20:30:39.4474485+00:00" endTime="2025-08-22T20:30:39.4497536+00:00" testType="13cdc9d9-ddb5-4fa4-a97d-d965ccfc6d4b" outcome="Passed" testListId="8c84fa94-04c1-424b-9868-57a2d4851a1d" relativeResultsDirectory="431cb148-d431-4d3a-a18a-cd67802fb30c" />
    <UnitTestResult executionId="7f9b5bb5-4443-43fa-8d2e-e1a49000f156" testId="924855e1-9194-3b57-9cd1-1c25809360b6" testName="ManagedCode.Communication.Tests.ResultExtensionsTests.TapGeneric_WithSuccessResult_ShouldExecuteActionWithValue" computerName="pkrvmqc4gcfdwos" duration="00:00:00.0002857" startTime="2025-08-22T20:30:40.5286230+00:00" endTime="2025-08-22T20:30:40.5287009+00:00" testType="13cdc9d9-ddb5-4fa4-a97d-d965ccfc6d4b" outcome="Passed" testListId="8c84fa94-04c1-424b-9868-57a2d4851a1d" relativeResultsDirectory="7f9b5bb5-4443-43fa-8d2e-e1a49000f156" />
    <UnitTestResult executionId="237a4070-6a15-4b34-8372-1cb5b08aacf2" testId="4d4f77cf-2c12-609f-bf50-7abe8c10f4d6" testName="ManagedCode.Communication.Tests.Results.ResultTFailMethodsTests.ResultT_FailNotFound_WithDetail_ShouldCreateNotFoundResultWithCustomDetail" computerName="pkrvmqc4gcfdwos" duration="00:00:00.0002215" startTime="2025-08-22T20:30:39.8461610+00:00" endTime="2025-08-22T20:30:39.8462403+00:00" testType="13cdc9d9-ddb5-4fa4-a97d-d965ccfc6d4b" outcome="Passed" testListId="8c84fa94-04c1-424b-9868-57a2d4851a1d" relativeResultsDirectory="237a4070-6a15-4b34-8372-1cb5b08aacf2" />
    <UnitTestResult executionId="fa5a9a84-da71-460b-8195-83509d21f304" testId="e9cb769c-b635-ee8b-10f7-3c2bfac37d63" testName="ManagedCode.Communication.Tests.Results.ResultFailMethodsTests.Result_FailValidation_WithMultipleErrors_ShouldCreateValidationFailedResultWithAllErrors" computerName="pkrvmqc4gcfdwos" duration="00:00:00.0003779" startTime="2025-08-22T20:30:40.7550941+00:00" endTime="2025-08-22T20:30:40.7551761+00:00" testType="13cdc9d9-ddb5-4fa4-a97d-d965ccfc6d4b" outcome="Passed" testListId="8c84fa94-04c1-424b-9868-57a2d4851a1d" relativeResultsDirectory="fa5a9a84-da71-460b-8195-83509d21f304" />
    <UnitTestResult executionId="68461b1f-64a5-45c0-9247-785161f10135" testId="249be2e9-9496-34f0-9c66-c56ec297a787" testName="ManagedCode.Communication.Tests.Results.ResultFailMethodsTests.Result_FailForbidden_WithDetail_ShouldCreateForbiddenResultWithCustomDetail" computerName="pkrvmqc4gcfdwos" duration="00:00:00.0001424" startTime="2025-08-22T20:30:40.7522927+00:00" endTime="2025-08-22T20:30:40.7524005+00:00" testType="13cdc9d9-ddb5-4fa4-a97d-d965ccfc6d4b" outcome="Passed" testListId="8c84fa94-04c1-424b-9868-57a2d4851a1d" relativeResultsDirectory="68461b1f-64a5-45c0-9247-785161f10135" />
    <UnitTestResult executionId="97a19d4f-64e9-47aa-9599-bb1e108bcb46" testId="c4bb9e96-a082-cea5-07e4-48489c91d51c" testName="ManagedCode.Communication.Tests.Orleans.Serialization.ProblemSerializationTests.Problem_MinimalFields_ShouldSerializeCorrectly" computerName="pkrvmqc4gcfdwos" duration="00:00:00.0049701" startTime="2025-08-22T20:30:40.2206756+00:00" endTime="2025-08-22T20:30:40.2257352+00:00" testType="13cdc9d9-ddb5-4fa4-a97d-d965ccfc6d4b" outcome="Passed" testListId="8c84fa94-04c1-424b-9868-57a2d4851a1d" relativeResultsDirectory="97a19d4f-64e9-47aa-9599-bb1e108bcb46" />
    <UnitTestResult executionId="3cf4a0ee-8ac6-485c-b0a1-01c83d1c68fc" testId="f83ad32d-dc7d-a157-ddfe-e571c1f7ccdc" testName="ManagedCode.Communication.Tests.ControllerTests.MiddlewareTests.InvalidDataException" computerName="pkrvmqc4gcfdwos" duration="00:00:00.0166690" startTime="2025-08-22T20:30:40.1916346+00:00" endTime="2025-08-22T20:30:40.2072581+00:00" testType="13cdc9d9-ddb5-4fa4-a97d-d965ccfc6d4b" outcome="Passed" testListId="8c84fa94-04c1-424b-9868-57a2d4851a1d" relativeResultsDirectory="3cf4a0ee-8ac6-485c-b0a1-01c83d1c68fc" />
    <UnitTestResult executionId="bda0f280-efa8-4683-a6b8-29e02cf47a46" testId="e1f1b1be-faf7-e984-f9a4-c2a361ef2de8" testName="ManagedCode.Communication.Tests.CollectionResults.CollectionResultFailMethodsTests.Fail_WithVariousStatusCodes_ShouldSetCorrectStatusCode(statusCode: Forbidden, expectedCode: 403)" computerName="pkrvmqc4gcfdwos" duration="00:00:00.0007923" startTime="2025-08-22T20:30:39.4511620+00:00" endTime="2025-08-22T20:30:39.4512682+00:00" testType="13cdc9d9-ddb5-4fa4-a97d-d965ccfc6d4b" outcome="Passed" testListId="8c84fa94-04c1-424b-9868-57a2d4851a1d" relativeResultsDirectory="bda0f280-efa8-4683-a6b8-29e02cf47a46" />
    <UnitTestResult executionId="ffd7e9e2-7430-4559-b68a-5d9b0424843a" testId="3422f96e-0a13-0cac-95ea-d6afecbcd569" testName="ManagedCode.Communication.Tests.Extensions.AdvancedRailwayExtensionsTests.MergeAll_WithMultipleFailures_CollectsAllErrors" computerName="pkrvmqc4gcfdwos" duration="00:00:00.0059707" startTime="2025-08-22T20:30:39.4290877+00:00" endTime="2025-08-22T20:30:39.4344995+00:00" testType="13cdc9d9-ddb5-4fa4-a97d-d965ccfc6d4b" outcome="Passed" testListId="8c84fa94-04c1-424b-9868-57a2d4851a1d" relativeResultsDirectory="ffd7e9e2-7430-4559-b68a-5d9b0424843a" />
    <UnitTestResult executionId="dd2608e1-9a8c-4423-9866-7e035f91cefd" testId="f91416c8-1703-e7ea-8c9a-a92b7bb1d688" testName="ManagedCode.Communication.Tests.Extensions.HttpResponseExtensionTests.FromJsonToResult_NotFoundStatusCode_ReturnsFailedResult" computerName="pkrvmqc4gcfdwos" duration="00:00:00.0006475" startTime="2025-08-22T20:30:40.6585441+00:00" endTime="2025-08-22T20:30:40.6586836+00:00" testType="13cdc9d9-ddb5-4fa4-a97d-d965ccfc6d4b" outcome="Passed" testListId="8c84fa94-04c1-424b-9868-57a2d4851a1d" relativeResultsDirectory="dd2608e1-9a8c-4423-9866-7e035f91cefd" />
    <UnitTestResult executionId="0e11e185-92a0-4393-8dab-961ff6d6e988" testId="ed93864c-524d-6b65-67c9-c210db0904d0" testName="ManagedCode.Communication.Tests.Results.ResultTFailMethodsTests.ResultT_Fail_WithException_ShouldCreateFailedResultWithInternalServerError" computerName="pkrvmqc4gcfdwos" duration="00:00:00.0001987" startTime="2025-08-22T20:30:39.8421317+00:00" endTime="2025-08-22T20:30:39.8422274+00:00" testType="13cdc9d9-ddb5-4fa4-a97d-d965ccfc6d4b" outcome="Passed" testListId="8c84fa94-04c1-424b-9868-57a2d4851a1d" relativeResultsDirectory="0e11e185-92a0-4393-8dab-961ff6d6e988" />
    <UnitTestResult executionId="dc6e9143-5e97-4653-9e0f-3f34e9cb3af9" testId="b705e379-67f8-359d-1a7d-742fcea32d3b" testName="ManagedCode.Communication.Tests.CollectionResults.CollectionResultFailMethodsTests.Fail_WithEmptyArray_ShouldCreateFailedResultWithEmptyCollection" computerName="pkrvmqc4gcfdwos" duration="00:00:00.0002293" startTime="2025-08-22T20:30:39.4720485+00:00" endTime="2025-08-22T20:30:39.4721681+00:00" testType="13cdc9d9-ddb5-4fa4-a97d-d965ccfc6d4b" outcome="Passed" testListId="8c84fa94-04c1-424b-9868-57a2d4851a1d" relativeResultsDirectory="dc6e9143-5e97-4653-9e0f-3f34e9cb3af9" />
    <UnitTestResult executionId="abcee6f7-d11b-4eea-a382-bbad17a571b6" testId="09e23c6d-513f-3f21-c4c1-44bb3aa0bfe8" testName="ManagedCode.Communication.Tests.Results.ResultInvalidMethodsTests.ResultT_Invalid_WithoutParameters_ShouldCreateValidationResult" computerName="pkrvmqc4gcfdwos" duration="00:00:00.0003860" startTime="2025-08-22T20:30:40.5551021+00:00" endTime="2025-08-22T20:30:40.5552130+00:00" testType="13cdc9d9-ddb5-4fa4-a97d-d965ccfc6d4b" outcome="Passed" testListId="8c84fa94-04c1-424b-9868-57a2d4851a1d" relativeResultsDirectory="abcee6f7-d11b-4eea-a382-bbad17a571b6" />
    <UnitTestResult executionId="7b4c62f3-6c8b-4fa4-ad34-dd79bc5a150a" testId="148b39b4-9949-c427-e52f-f445008acd77" testName="ManagedCode.Communication.Tests.AspNetCore.Extensions.ServiceCollectionExtensionsTests.Communication_Should_Handle_NotFound_Result" computerName="pkrvmqc4gcfdwos" duration="00:00:00.0151639" startTime="2025-08-22T20:30:40.0875081+00:00" endTime="2025-08-22T20:30:40.1028147+00:00" testType="13cdc9d9-ddb5-4fa4-a97d-d965ccfc6d4b" outcome="Passed" testListId="8c84fa94-04c1-424b-9868-57a2d4851a1d" relativeResultsDirectory="7b4c62f3-6c8b-4fa4-ad34-dd79bc5a150a" />
    <UnitTestResult executionId="09f0db06-4759-4be2-b7f9-e9b5dbdea548" testId="7e95e31b-5cbf-f4bc-6b58-5c4878828fa0" testName="ManagedCode.Communication.Tests.AspNetCore.Extensions.ControllerExtensionsTests.ToHttpResult_WithComplexFailure_PreservesProblemDetails" computerName="pkrvmqc4gcfdwos" duration="00:00:00.1159142" startTime="2025-08-22T20:30:40.7067122+00:00" endTime="2025-08-22T20:30:40.7068071+00:00" testType="13cdc9d9-ddb5-4fa4-a97d-d965ccfc6d4b" outcome="Passed" testListId="8c84fa94-04c1-424b-9868-57a2d4851a1d" relativeResultsDirectory="09f0db06-4759-4be2-b7f9-e9b5dbdea548" />
    <UnitTestResult executionId="3f4abaca-4eee-4b65-a9fb-64d5576be58f" testId="aab534c1-e47f-1e10-690a-e9fe2fb9e517" testName="ManagedCode.Communication.Tests.Results.ProblemTests.GetErrorCodeAs_WithMatchingEnum_ShouldReturnEnumValue" computerName="pkrvmqc4gcfdwos" duration="00:00:00.0013213" startTime="2025-08-22T20:30:40.7317227+00:00" endTime="2025-08-22T20:30:40.7318159+00:00" testType="13cdc9d9-ddb5-4fa4-a97d-d965ccfc6d4b" outcome="Passed" testListId="8c84fa94-04c1-424b-9868-57a2d4851a1d" relativeResultsDirectory="3f4abaca-4eee-4b65-a9fb-64d5576be58f" />
    <UnitTestResult executionId="c49bbb92-2e57-4dde-8756-22a4a83e51ec" testId="01c73ab9-aad9-cc26-178c-27e0b35f9583" testName="ManagedCode.Communication.Tests.Results.ProblemToExceptionErrorTests.ToException_WithNullDetail_ShouldUseTitle" computerName="pkrvmqc4gcfdwos" duration="00:00:00.0002244" startTime="2025-08-22T20:30:39.4505780+00:00" endTime="2025-08-22T20:30:39.4507168+00:00" testType="13cdc9d9-ddb5-4fa4-a97d-d965ccfc6d4b" outcome="Passed" testListId="8c84fa94-04c1-424b-9868-57a2d4851a1d" relativeResultsDirectory="c49bbb92-2e57-4dde-8756-22a4a83e51ec" />
    <UnitTestResult executionId="daf13e57-5c12-492f-b2f0-02255f404f93" testId="1285e3a0-be70-4f5b-8a49-53d83ee7816d" testName="ManagedCode.Communication.Tests.Results.ResultInvalidMethodsTests.Invalid_WithDictionaryContainingEmptyValues_ShouldHandleGracefully" computerName="pkrvmqc4gcfdwos" duration="00:00:00.0003356" startTime="2025-08-22T20:30:40.5749694+00:00" endTime="2025-08-22T20:30:40.5751127+00:00" testType="13cdc9d9-ddb5-4fa4-a97d-d965ccfc6d4b" outcome="Passed" testListId="8c84fa94-04c1-424b-9868-57a2d4851a1d" relativeResultsDirectory="daf13e57-5c12-492f-b2f0-02255f404f93" />
    <UnitTestResult executionId="09f769e7-2623-4e82-9bcc-40dfee40ce7a" testId="705ecbbc-4193-2770-884e-c1965e63c3ae" testName="ManagedCode.Communication.Tests.Results.ResultTFailMethodsTests.ResultT_Fail_WithVariousStatusCodes_ShouldSetCorrectStatusCode(statusCode: NotFound, expectedCode: 404)" computerName="pkrvmqc4gcfdwos" duration="00:00:00.0000104" startTime="2025-08-22T20:30:39.8439595+00:00" endTime="2025-08-22T20:30:39.8440366+00:00" testType="13cdc9d9-ddb5-4fa4-a97d-d965ccfc6d4b" outcome="Passed" testListId="8c84fa94-04c1-424b-9868-57a2d4851a1d" relativeResultsDirectory="09f769e7-2623-4e82-9bcc-40dfee40ce7a" />
    <UnitTestResult executionId="9b44b30b-9202-46f9-9c41-a26529a06b82" testId="fd226736-c1a4-0f7f-960f-3551ec9d470c" testName="ManagedCode.Communication.Tests.Results.ProblemToExceptionTests.ToException_FromProblemCreatedFromInvalidOperationException_ShouldReconstructOriginalExceptionType" computerName="pkrvmqc4gcfdwos" duration="00:00:00.0004767" startTime="2025-08-22T20:30:40.4976086+00:00" endTime="2025-08-22T20:30:40.4977176+00:00" testType="13cdc9d9-ddb5-4fa4-a97d-d965ccfc6d4b" outcome="Passed" testListId="8c84fa94-04c1-424b-9868-57a2d4851a1d" relativeResultsDirectory="9b44b30b-9202-46f9-9c41-a26529a06b82" />
    <UnitTestResult executionId="398337fb-1a66-4f71-9ae7-3515d34ad27e" testId="1dab659d-bd89-ec57-ccec-04868b38f679" testName="ManagedCode.Communication.Tests.CollectionResults.CollectionResultFailMethodsTests.FailValidation_WithMultipleErrors_ShouldCreateValidationFailedResultWithAllErrors" computerName="pkrvmqc4gcfdwos" duration="00:00:00.0012529" startTime="2025-08-22T20:30:39.4545986+00:00" endTime="2025-08-22T20:30:39.4547380+00:00" testType="13cdc9d9-ddb5-4fa4-a97d-d965ccfc6d4b" outcome="Passed" testListId="8c84fa94-04c1-424b-9868-57a2d4851a1d" relativeResultsDirectory="398337fb-1a66-4f71-9ae7-3515d34ad27e" />
    <UnitTestResult executionId="e3451e3c-792b-43c7-bcef-6360c85437ce" testId="d764fc82-375a-445d-1d29-326347c358b4" testName="ManagedCode.Communication.Tests.Results.ResultTests.ThrowIfFail_WithFailedResult_ShouldThrow" computerName="pkrvmqc4gcfdwos" duration="00:00:00.0005628" startTime="2025-08-22T20:30:39.7719087+00:00" endTime="2025-08-22T20:30:39.7730904+00:00" testType="13cdc9d9-ddb5-4fa4-a97d-d965ccfc6d4b" outcome="Passed" testListId="8c84fa94-04c1-424b-9868-57a2d4851a1d" relativeResultsDirectory="e3451e3c-792b-43c7-bcef-6360c85437ce" />
    <UnitTestResult executionId="a0820460-ce87-4400-ab8d-150018111945" testId="8f7ea0cb-e706-bc87-dc01-c9b8a5a8556e" testName="ManagedCode.Communication.Tests.Extensions.AdvancedRailwayExtensionsTests.OkIf_WithFalseCondition_FailsResult" computerName="pkrvmqc4gcfdwos" duration="00:00:00.0002817" startTime="2025-08-22T20:30:39.4056182+00:00" endTime="2025-08-22T20:30:39.4057389+00:00" testType="13cdc9d9-ddb5-4fa4-a97d-d965ccfc6d4b" outcome="Passed" testListId="8c84fa94-04c1-424b-9868-57a2d4851a1d" relativeResultsDirectory="a0820460-ce87-4400-ab8d-150018111945" />
    <UnitTestResult executionId="6171ca1e-8eca-45fc-9a53-79e5143b4252" testId="8ef731a7-df62-2078-454e-b3c5ab5a52f3" testName="ManagedCode.Communication.Tests.Results.ProblemTests.Create_ShouldCreateProblemWithAllProperties" computerName="pkrvmqc4gcfdwos" duration="00:00:00.0002242" startTime="2025-08-22T20:30:40.7259642+00:00" endTime="2025-08-22T20:30:40.7260890+00:00" testType="13cdc9d9-ddb5-4fa4-a97d-d965ccfc6d4b" outcome="Passed" testListId="8c84fa94-04c1-424b-9868-57a2d4851a1d" relativeResultsDirectory="6171ca1e-8eca-45fc-9a53-79e5143b4252" />
    <UnitTestResult executionId="97f623f5-bdd1-4e45-a6c4-de6a63ce0819" testId="ba73bcf1-6486-473f-ebfb-50eecaf57a0c" testName="ManagedCode.Communication.Tests.Results.RailwayOrientedProgrammingTests.Map_ChainedOperations_ShouldWork" computerName="pkrvmqc4gcfdwos" duration="00:00:00.0018058" startTime="2025-08-22T20:30:37.7503735+00:00" endTime="2025-08-22T20:30:37.7505154+00:00" testType="13cdc9d9-ddb5-4fa4-a97d-d965ccfc6d4b" outcome="Passed" testListId="8c84fa94-04c1-424b-9868-57a2d4851a1d" relativeResultsDirectory="97f623f5-bdd1-4e45-a6c4-de6a63ce0819" />
    <UnitTestResult executionId="2003c49f-2bd3-49f7-82c5-4b5efdbac625" testId="1d4a9ecb-b166-605d-08b1-b1a2e2f4e86b" testName="ManagedCode.Communication.Tests.Extensions.RailwayExtensionsTests.Match_SuccessfulResult_ExecutesOnSuccess" computerName="pkrvmqc4gcfdwos" duration="00:00:00.0001384" startTime="2025-08-22T20:30:38.5442918+00:00" endTime="2025-08-22T20:30:38.5443758+00:00" testType="13cdc9d9-ddb5-4fa4-a97d-d965ccfc6d4b" outcome="Passed" testListId="8c84fa94-04c1-424b-9868-57a2d4851a1d" relativeResultsDirectory="2003c49f-2bd3-49f7-82c5-4b5efdbac625" />
    <UnitTestResult executionId="d61b81b4-ee72-4607-b26d-d66eb7fb0281" testId="9b27f918-c1f0-a33c-798d-abb63ee48b10" testName="ManagedCode.Communication.Tests.Results.ProblemToExceptionErrorTests.ToException_WithMalformedOriginalExceptionType_ShouldFallbackToProblemException" computerName="pkrvmqc4gcfdwos" duration="00:00:00.0004421" startTime="2025-08-22T20:30:39.4501407+00:00" endTime="2025-08-22T20:30:39.4502754+00:00" testType="13cdc9d9-ddb5-4fa4-a97d-d965ccfc6d4b" outcome="Passed" testListId="8c84fa94-04c1-424b-9868-57a2d4851a1d" relativeResultsDirectory="d61b81b4-ee72-4607-b26d-d66eb7fb0281" />
    <UnitTestResult executionId="23cf087b-64b7-47ca-b397-dbb379187bc3" testId="5d60b22d-c612-47a3-e3f1-72a7b909f424" testName="ManagedCode.Communication.Tests.Extensions.ProblemExtensionsTests.FromProblemDetails_WithNullStatus_ShouldSetStatusCodeToZero" computerName="pkrvmqc4gcfdwos" duration="00:00:00.0001619" startTime="2025-08-22T20:30:39.4874477+00:00" endTime="2025-08-22T20:30:39.4875442+00:00" testType="13cdc9d9-ddb5-4fa4-a97d-d965ccfc6d4b" outcome="Passed" testListId="8c84fa94-04c1-424b-9868-57a2d4851a1d" relativeResultsDirectory="23cf087b-64b7-47ca-b397-dbb379187bc3" />
    <UnitTestResult executionId="14517192-932c-4d7a-90db-ae29f755f2cc" testId="8849bd85-5b3b-67b2-7599-9a1cb03570c4" testName="ManagedCode.Communication.Tests.Commands.CommandTests.FromIdValue" computerName="pkrvmqc4gcfdwos" duration="00:00:00.0158359" startTime="2025-08-22T20:30:37.7104271+00:00" endTime="2025-08-22T20:30:37.7322261+00:00" testType="13cdc9d9-ddb5-4fa4-a97d-d965ccfc6d4b" outcome="Passed" testListId="8c84fa94-04c1-424b-9868-57a2d4851a1d" relativeResultsDirectory="14517192-932c-4d7a-90db-ae29f755f2cc" />
    <UnitTestResult executionId="dd6cd051-b005-4e6f-a7e7-6fbad7ee0282" testId="a9049ec7-47e6-1452-0cab-fffe5164f084" testName="ManagedCode.Communication.Tests.Results.CollectionResultTests.InvalidField_WithValidationProblem_ShouldReturnCorrectResult" computerName="pkrvmqc4gcfdwos" duration="00:00:00.0002442" startTime="2025-08-22T20:30:39.8885013+00:00" endTime="2025-08-22T20:30:39.8891052+00:00" testType="13cdc9d9-ddb5-4fa4-a97d-d965ccfc6d4b" outcome="Passed" testListId="8c84fa94-04c1-424b-9868-57a2d4851a1d" relativeResultsDirectory="dd6cd051-b005-4e6f-a7e7-6fbad7ee0282" />
    <UnitTestResult executionId="acab89ba-0ea6-45bc-88d5-61d99e4f7ba5" testId="51b443bb-f015-cdb0-7b07-a9cab8e0e8a8" testName="ManagedCode.Communication.Tests.Extensions.ProblemExtensionsTests.RoundTrip_ProblemToProblemDetailsAndBack_ShouldPreserveAllData" computerName="pkrvmqc4gcfdwos" duration="00:00:00.0068193" startTime="2025-08-22T20:30:39.4939929+00:00" endTime="2025-08-22T20:30:39.4996629+00:00" testType="13cdc9d9-ddb5-4fa4-a97d-d965ccfc6d4b" outcome="Passed" testListId="8c84fa94-04c1-424b-9868-57a2d4851a1d" relativeResultsDirectory="acab89ba-0ea6-45bc-88d5-61d99e4f7ba5" />
    <UnitTestResult executionId="8fa434b5-acb2-4d4a-a140-870ebe938bcc" testId="161ea34e-b552-5b69-4cf9-93991b1d4888" testName="ManagedCode.Communication.Tests.Results.ResultTests.ThrowIfFail_WithSuccessfulResult_ShouldNotThrow" computerName="pkrvmqc4gcfdwos" duration="00:00:00.0001731" startTime="2025-08-22T20:30:39.7813471+00:00" endTime="2025-08-22T20:30:39.7814351+00:00" testType="13cdc9d9-ddb5-4fa4-a97d-d965ccfc6d4b" outcome="Passed" testListId="8c84fa94-04c1-424b-9868-57a2d4851a1d" relativeResultsDirectory="8fa434b5-acb2-4d4a-a140-870ebe938bcc" />
    <UnitTestResult executionId="6f6654a4-1e04-4684-8b49-eb88b1d865ac" testId="56331dab-a3f7-2362-5979-39dd09b423f7" testName="ManagedCode.Communication.Tests.Results.ResultStaticHelperMethodsTests.Result_FailT_WithEnumAndDetail_ShouldCreateFailedResultTWithErrorCodeAndDetail" computerName="pkrvmqc4gcfdwos" duration="00:00:00.0007290" startTime="2025-08-22T20:30:38.4653104+00:00" endTime="2025-08-22T20:30:38.4660957+00:00" testType="13cdc9d9-ddb5-4fa4-a97d-d965ccfc6d4b" outcome="Passed" testListId="8c84fa94-04c1-424b-9868-57a2d4851a1d" relativeResultsDirectory="6f6654a4-1e04-4684-8b49-eb88b1d865ac" />
    <UnitTestResult executionId="b63bb0fb-101b-4a1b-8b7b-bba86bf7d356" testId="92ceef80-e5b7-c89c-a796-a51df0e588f6" testName="ManagedCode.Communication.Tests.Results.ResultTTests.Fail_WithProblem_ShouldCreateFailedResult" computerName="pkrvmqc4gcfdwos" duration="00:00:00.0001952" startTime="2025-08-22T20:30:39.3054420+00:00" endTime="2025-08-22T20:30:39.3055506+00:00" testType="13cdc9d9-ddb5-4fa4-a97d-d965ccfc6d4b" outcome="Passed" testListId="8c84fa94-04c1-424b-9868-57a2d4851a1d" relativeResultsDirectory="b63bb0fb-101b-4a1b-8b7b-bba86bf7d356" />
    <UnitTestResult executionId="abf30159-5e52-43bf-a17b-d97bd1a8a760" testId="05a54838-2f8d-21c6-e86e-0f8ca9d7103d" testName="ManagedCode.Communication.Tests.Results.ProblemToExceptionTests.ToException_FromValidationProblem_ShouldReturnProblemException" computerName="pkrvmqc4gcfdwos" duration="00:00:00.0002271" startTime="2025-08-22T20:30:40.4972300+00:00" endTime="2025-08-22T20:30:40.4973343+00:00" testType="13cdc9d9-ddb5-4fa4-a97d-d965ccfc6d4b" outcome="Passed" testListId="8c84fa94-04c1-424b-9868-57a2d4851a1d" relativeResultsDirectory="abf30159-5e52-43bf-a17b-d97bd1a8a760" />
    <UnitTestResult executionId="6c4d46f5-33c2-479d-96e7-a49fc630948d" testId="565488d3-a79f-0bc7-7c73-b71ab1303e0e" testName="ManagedCode.Communication.Tests.Results.ResultTTests.Bind_WithSuccessfulResult_ShouldExecuteFunction" computerName="pkrvmqc4gcfdwos" duration="00:00:00.0007544" startTime="2025-08-22T20:30:39.3302797+00:00" endTime="2025-08-22T20:30:39.3303731+00:00" testType="13cdc9d9-ddb5-4fa4-a97d-d965ccfc6d4b" outcome="Passed" testListId="8c84fa94-04c1-424b-9868-57a2d4851a1d" relativeResultsDirectory="6c4d46f5-33c2-479d-96e7-a49fc630948d" />
    <UnitTestResult executionId="06877969-67e8-42c8-ade2-687a6cc437e4" testId="7a125942-0a04-b9bf-5e0a-a73b56af923d" testName="ManagedCode.Communication.Tests.Results.CollectionResultTests.InvalidFieldError_WithValidationProblem_ShouldReturnErrorMessage" computerName="pkrvmqc4gcfdwos" duration="00:00:00.0004835" startTime="2025-08-22T20:30:39.8896886+00:00" endTime="2025-08-22T20:30:39.8897810+00:00" testType="13cdc9d9-ddb5-4fa4-a97d-d965ccfc6d4b" outcome="Passed" testListId="8c84fa94-04c1-424b-9868-57a2d4851a1d" relativeResultsDirectory="06877969-67e8-42c8-ade2-687a6cc437e4" />
    <UnitTestResult executionId="5fb2adad-950b-40ce-947a-b5b531811ac4" testId="c87e7c49-a9bb-bbb6-248d-9575e1eed4b4" testName="ManagedCode.Communication.Tests.Serialization.ProblemJsonConverterTests.Deserialize_ProblemWithErrorCode_RestoresErrorCode" computerName="pkrvmqc4gcfdwos" duration="00:00:00.0027046" startTime="2025-08-22T20:30:37.8472638+00:00" endTime="2025-08-22T20:30:37.8491131+00:00" testType="13cdc9d9-ddb5-4fa4-a97d-d965ccfc6d4b" outcome="Passed" testListId="8c84fa94-04c1-424b-9868-57a2d4851a1d" relativeResultsDirectory="5fb2adad-950b-40ce-947a-b5b531811ac4" />
    <UnitTestResult executionId="dfefca0c-0ed2-492c-9e0e-eca3a06e3ac6" testId="d85f5829-9dcd-6a4b-82f8-5c9a70353087" testName="ManagedCode.Communication.Tests.CollectionResults.CollectionResultFromMethodsTests.From_FuncTaskCollectionResult_ShouldReturnResult" computerName="pkrvmqc4gcfdwos" duration="00:00:00.0191333" startTime="2025-08-22T20:30:40.2714116+00:00" endTime="2025-08-22T20:30:40.2874762+00:00" testType="13cdc9d9-ddb5-4fa4-a97d-d965ccfc6d4b" outcome="Passed" testListId="8c84fa94-04c1-424b-9868-57a2d4851a1d" relativeResultsDirectory="dfefca0c-0ed2-492c-9e0e-eca3a06e3ac6" />
    <UnitTestResult executionId="3cf47e22-e148-4d3d-b590-86d874a7c18a" testId="0becb87d-368a-ae3f-dadc-8f59c2dd4345" testName="ManagedCode.Communication.Tests.Extensions.AdvancedRailwayExtensionsTests.CombineAll_WithMixedResults_CollectsAllErrors" computerName="pkrvmqc4gcfdwos" duration="00:00:00.0067223" startTime="2025-08-22T20:30:39.3821104+00:00" endTime="2025-08-22T20:30:39.3880901+00:00" testType="13cdc9d9-ddb5-4fa4-a97d-d965ccfc6d4b" outcome="Passed" testListId="8c84fa94-04c1-424b-9868-57a2d4851a1d" relativeResultsDirectory="3cf47e22-e148-4d3d-b590-86d874a7c18a" />
    <UnitTestResult executionId="41eb1065-4de1-4b64-a500-fdc236cd7f97" testId="ffe8d566-a14b-2021-ecef-4e1da940c37f" testName="ManagedCode.Communication.Tests.Results.ResultFailMethodsTests.Result_Fail_WithVariousStatusCodes_ShouldSetCorrectStatusCode(statusCode: NotFound, expectedCode: 404)" computerName="pkrvmqc4gcfdwos" duration="00:00:00.0000901" startTime="2025-08-22T20:30:40.7448347+00:00" endTime="2025-08-22T20:30:40.7449150+00:00" testType="13cdc9d9-ddb5-4fa4-a97d-d965ccfc6d4b" outcome="Passed" testListId="8c84fa94-04c1-424b-9868-57a2d4851a1d" relativeResultsDirectory="41eb1065-4de1-4b64-a500-fdc236cd7f97" />
    <UnitTestResult executionId="1ca961d2-04e6-4af6-a41a-bcc016acf13f" testId="2ce5a0ce-9e3f-00a6-801c-dc294a1bcdf2" testName="ManagedCode.Communication.Tests.Results.ResultInvalidMethodsTests.Result_Invalid_WithEnumKeyValue_ShouldCreateValidationResultWithAll" computerName="pkrvmqc4gcfdwos" duration="00:00:00.0003483" startTime="2025-08-22T20:30:40.5611340+00:00" endTime="2025-08-22T20:30:40.5612532+00:00" testType="13cdc9d9-ddb5-4fa4-a97d-d965ccfc6d4b" outcome="Passed" testListId="8c84fa94-04c1-424b-9868-57a2d4851a1d" relativeResultsDirectory="1ca961d2-04e6-4af6-a41a-bcc016acf13f" />
    <UnitTestResult executionId="38e9a3f9-001c-4d50-a718-683548bde6b9" testId="45dc2808-38b8-8162-caa5-6792f81f1b1f" testName="ManagedCode.Communication.Tests.Results.CollectionResultInvalidMethodsTests.CollectionResult_Invalid_WithPagination_ShouldNotHaveData" computerName="pkrvmqc4gcfdwos" duration="00:00:00.0003192" startTime="2025-08-22T20:30:39.8784619+00:00" endTime="2025-08-22T20:30:39.8785603+00:00" testType="13cdc9d9-ddb5-4fa4-a97d-d965ccfc6d4b" outcome="Passed" testListId="8c84fa94-04c1-424b-9868-57a2d4851a1d" relativeResultsDirectory="38e9a3f9-001c-4d50-a718-683548bde6b9" />
    <UnitTestResult executionId="ac69d666-8676-41a0-8efc-71d43e0b4a72" testId="14204546-6fef-c7d5-1d02-bd489a823e27" testName="ManagedCode.Communication.Tests.Extensions.ProblemExtensionsTests.ToFailedResultT_FromProblem_ShouldCreateFailedResultT" computerName="pkrvmqc4gcfdwos" duration="00:00:00.0003832" startTime="2025-08-22T20:30:39.4902607+00:00" endTime="2025-08-22T20:30:39.4903710+00:00" testType="13cdc9d9-ddb5-4fa4-a97d-d965ccfc6d4b" outcome="Passed" testListId="8c84fa94-04c1-424b-9868-57a2d4851a1d" relativeResultsDirectory="ac69d666-8676-41a0-8efc-71d43e0b4a72" />
    <UnitTestResult executionId="a8c4bc23-3dd9-4a8a-b344-733ec24c81b5" testId="2654f83d-7e59-bc95-a132-84ce53376681" testName="ManagedCode.Communication.Tests.Results.ProblemTests.WithExtensions_ShouldCreateNewProblemWithAdditionalExtensions" computerName="pkrvmqc4gcfdwos" duration="00:00:00.0005413" startTime="2025-08-22T20:30:40.7327198+00:00" endTime="2025-08-22T20:30:40.7328107+00:00" testType="13cdc9d9-ddb5-4fa4-a97d-d965ccfc6d4b" outcome="Passed" testListId="8c84fa94-04c1-424b-9868-57a2d4851a1d" relativeResultsDirectory="a8c4bc23-3dd9-4a8a-b344-733ec24c81b5" />
    <UnitTestResult executionId="be885e4e-d79d-4fe9-b590-176451b7dd0c" testId="b2e97849-9fd5-473a-c64e-60a1b38c0a1b" testName="ManagedCode.Communication.Tests.AspNetCore.Extensions.ControllerExtensionsTests.ToActionResult_WithVariousStatusCodes_ReturnsCorrectStatusCode(statusCode: 500, title: &quot;Internal Server Error&quot;)" computerName="pkrvmqc4gcfdwos" duration="00:00:00.0000267" startTime="2025-08-22T20:30:40.5828306+00:00" endTime="2025-08-22T20:30:40.5829820+00:00" testType="13cdc9d9-ddb5-4fa4-a97d-d965ccfc6d4b" outcome="Passed" testListId="8c84fa94-04c1-424b-9868-57a2d4851a1d" relativeResultsDirectory="be885e4e-d79d-4fe9-b590-176451b7dd0c" />
    <UnitTestResult executionId="49556e39-d2c4-477f-98d3-d125aa1e7867" testId="8891f4eb-c9b0-3e3f-c742-57b774363d63" testName="ManagedCode.Communication.Tests.ControllerTests.MiddlewareTests.FailResult" computerName="pkrvmqc4gcfdwos" duration="00:00:00.0072823" startTime="2025-08-22T20:30:40.5225780+00:00" endTime="2025-08-22T20:30:40.5310897+00:00" testType="13cdc9d9-ddb5-4fa4-a97d-d965ccfc6d4b" outcome="Passed" testListId="8c84fa94-04c1-424b-9868-57a2d4851a1d" relativeResultsDirectory="49556e39-d2c4-477f-98d3-d125aa1e7867" />
    <UnitTestResult executionId="e09a17c0-5384-44a2-a1b5-dea0f61eb04f" testId="078ca2ce-f079-2c28-76dc-9a1936031e13" testName="ManagedCode.Communication.Tests.Results.ProblemExceptionTests.Constructor_WithValidationProblem_ShouldPopulateValidationErrors" computerName="pkrvmqc4gcfdwos" duration="00:00:00.0015391" startTime="2025-08-22T20:30:37.8863346+00:00" endTime="2025-08-22T20:30:37.8875805+00:00" testType="13cdc9d9-ddb5-4fa4-a97d-d965ccfc6d4b" outcome="Passed" testListId="8c84fa94-04c1-424b-9868-57a2d4851a1d" relativeResultsDirectory="e09a17c0-5384-44a2-a1b5-dea0f61eb04f" />
    <UnitTestResult executionId="8b55e447-3911-4634-9ea1-5cab6221f005" testId="0f8b9216-b299-d332-8e1f-9a8feee5d1e9" testName="ManagedCode.Communication.Tests.Extensions.ProblemExtensionsTests.ToFailedResultT_FromProblemDetails_ShouldCreateFailedResultT" computerName="pkrvmqc4gcfdwos" duration="00:00:00.0004704" startTime="2025-08-22T20:30:39.4936215+00:00" endTime="2025-08-22T20:30:39.4937292+00:00" testType="13cdc9d9-ddb5-4fa4-a97d-d965ccfc6d4b" outcome="Passed" testListId="8c84fa94-04c1-424b-9868-57a2d4851a1d" relativeResultsDirectory="8b55e447-3911-4634-9ea1-5cab6221f005" />
    <UnitTestResult executionId="62b76f2b-f0a9-4426-9a3d-aecb12293dbc" testId="99ec6b99-38ab-d9d3-1265-68ce728117c4" testName="ManagedCode.Communication.Tests.Results.ResultFailMethodsTests.Result_Fail_WithInnerException_ShouldPreserveExceptionInfo" computerName="pkrvmqc4gcfdwos" duration="00:00:00.0001401" startTime="2025-08-22T20:30:40.7567459+00:00" endTime="2025-08-22T20:30:40.7568262+00:00" testType="13cdc9d9-ddb5-4fa4-a97d-d965ccfc6d4b" outcome="Passed" testListId="8c84fa94-04c1-424b-9868-57a2d4851a1d" relativeResultsDirectory="62b76f2b-f0a9-4426-9a3d-aecb12293dbc" />
    <UnitTestResult executionId="23448e15-190a-42f0-999a-953500d0d8c6" testId="006db6e7-371d-e718-b29e-3beaaaa8b1e6" testName="ManagedCode.Communication.Tests.Results.ResultTFailMethodsTests.ResultT_FailForbidden_NoParameters_ShouldCreateForbiddenResult" computerName="pkrvmqc4gcfdwos" duration="00:00:00.0001514" startTime="2025-08-22T20:30:39.8489361+00:00" endTime="2025-08-22T20:30:39.8490473+00:00" testType="13cdc9d9-ddb5-4fa4-a97d-d965ccfc6d4b" outcome="Passed" testListId="8c84fa94-04c1-424b-9868-57a2d4851a1d" relativeResultsDirectory="23448e15-190a-42f0-999a-953500d0d8c6" />
    <UnitTestResult executionId="5acb4b23-bc66-47e1-9027-b382a734d837" testId="2c800d9a-9994-7d52-e9ef-f570f34487f0" testName="ManagedCode.Communication.Tests.CollectionResults.CollectionResultFromMethodsTests.From_FuncTaskWithCancellationToken_ShouldCreateSuccessResult" computerName="pkrvmqc4gcfdwos" duration="00:00:00.0256782" startTime="2025-08-22T20:30:40.3048386+00:00" endTime="2025-08-22T20:30:40.3334906+00:00" testType="13cdc9d9-ddb5-4fa4-a97d-d965ccfc6d4b" outcome="Passed" testListId="8c84fa94-04c1-424b-9868-57a2d4851a1d" relativeResultsDirectory="5acb4b23-bc66-47e1-9027-b382a734d837" />
    <UnitTestResult executionId="024e792e-8bbf-4728-9826-ca7c38a26855" testId="c3fca266-07d5-2c9c-f6ed-16da0ae11db3" testName="ManagedCode.Communication.Tests.Extensions.RailwayExtensionsTests.Map_SuccessfulResult_TransformsValue" computerName="pkrvmqc4gcfdwos" duration="00:00:00.0002222" startTime="2025-08-22T20:30:38.5507720+00:00" endTime="2025-08-22T20:30:38.5508761+00:00" testType="13cdc9d9-ddb5-4fa4-a97d-d965ccfc6d4b" outcome="Passed" testListId="8c84fa94-04c1-424b-9868-57a2d4851a1d" relativeResultsDirectory="024e792e-8bbf-4728-9826-ca7c38a26855" />
    <UnitTestResult executionId="8c530645-19ae-499c-bf76-7505ac3acf05" testId="ec0ff6f3-40a0-61a0-1c02-ffe1c9cd8709" testName="ManagedCode.Communication.Tests.Results.ResultStaticHelperMethodsTests.Result_FailNotFoundT_NoParameters_ShouldCreateNotFoundResultT" computerName="pkrvmqc4gcfdwos" duration="00:00:00.0004590" startTime="2025-08-22T20:30:38.4675118+00:00" endTime="2025-08-22T20:30:38.4677629+00:00" testType="13cdc9d9-ddb5-4fa4-a97d-d965ccfc6d4b" outcome="Passed" testListId="8c84fa94-04c1-424b-9868-57a2d4851a1d" relativeResultsDirectory="8c530645-19ae-499c-bf76-7505ac3acf05" />
    <UnitTestResult executionId="63dd9b10-10ec-4587-aff5-1a59141b8013" testId="26d4b90e-eb16-bcef-d101-fb0061a73f05" testName="ManagedCode.Communication.Tests.ControllerTests.MiddlewareTests.ForbiddenResult" computerName="pkrvmqc4gcfdwos" duration="00:00:00.0052477" startTime="2025-08-22T20:30:40.7736686+00:00" endTime="2025-08-22T20:30:40.7779466+00:00" testType="13cdc9d9-ddb5-4fa4-a97d-d965ccfc6d4b" outcome="Passed" testListId="8c84fa94-04c1-424b-9868-57a2d4851a1d" relativeResultsDirectory="63dd9b10-10ec-4587-aff5-1a59141b8013" />
    <UnitTestResult executionId="7f23a6b3-ccf1-489e-9ec5-9fbb8add6e64" testId="ce79d18c-5b2f-a858-0d20-17d538b54c49" testName="ManagedCode.Communication.Tests.Extensions.RailwayExtensionsTests.ComplexChain_SuccessPath_ExecutesAllSteps" computerName="pkrvmqc4gcfdwos" duration="00:00:00.0016551" startTime="2025-08-22T20:30:38.5477920+00:00" endTime="2025-08-22T20:30:38.5479339+00:00" testType="13cdc9d9-ddb5-4fa4-a97d-d965ccfc6d4b" outcome="Passed" testListId="8c84fa94-04c1-424b-9868-57a2d4851a1d" relativeResultsDirectory="7f23a6b3-ccf1-489e-9ec5-9fbb8add6e64" />
    <UnitTestResult executionId="65b2b2b2-680d-4e73-865b-34f0a07baf53" testId="c67d60d8-371a-f2d2-eb67-28408d2ba84d" testName="ManagedCode.Communication.Tests.OrleansTests.GrainClientTests.ValueTaskResultString" computerName="pkrvmqc4gcfdwos" duration="00:00:00.0041702" startTime="2025-08-22T20:30:40.8944767+00:00" endTime="2025-08-22T20:30:40.8987424+00:00" testType="13cdc9d9-ddb5-4fa4-a97d-d965ccfc6d4b" outcome="Passed" testListId="8c84fa94-04c1-424b-9868-57a2d4851a1d" relativeResultsDirectory="65b2b2b2-680d-4e73-865b-34f0a07baf53" />
    <UnitTestResult executionId="0d58c4eb-74ae-49a2-ba53-eb1428ce3d1e" testId="1a2bce7c-5d7c-740b-8a3b-5357d8d90197" testName="ManagedCode.Communication.Tests.CollectionResults.CollectionResultFailMethodsTests.Fail_WithTitleAndDetail_ShouldCreateFailedResultWithDefaultStatus" computerName="pkrvmqc4gcfdwos" duration="00:00:00.0002435" startTime="2025-08-22T20:30:39.4758189+00:00" endTime="2025-08-22T20:30:39.4791467+00:00" testType="13cdc9d9-ddb5-4fa4-a97d-d965ccfc6d4b" outcome="Passed" testListId="8c84fa94-04c1-424b-9868-57a2d4851a1d" relativeResultsDirectory="0d58c4eb-74ae-49a2-ba53-eb1428ce3d1e" />
    <UnitTestResult executionId="7e3bee50-6957-4e89-81c6-875a35b5f963" testId="fad8656f-3a30-7eb3-0345-621f29855f5d" testName="ManagedCode.Communication.Tests.Results.ResultInvalidMethodsTests.Result_InvalidT_WithEnum_ShouldCreateValidationResultWithErrorCode" computerName="pkrvmqc4gcfdwos" duration="00:00:00.0005009" startTime="2025-08-22T20:30:40.5809572+00:00" endTime="2025-08-22T20:30:40.5810854+00:00" testType="13cdc9d9-ddb5-4fa4-a97d-d965ccfc6d4b" outcome="Passed" testListId="8c84fa94-04c1-424b-9868-57a2d4851a1d" relativeResultsDirectory="7e3bee50-6957-4e89-81c6-875a35b5f963" />
    <UnitTestResult executionId="0d0e3a59-5b2f-4f91-a702-fdb77f933ed2" testId="bd642842-e695-04ad-0f5e-7e2ce55f0969" testName="ManagedCode.Communication.Tests.Results.ResultHelperMethodsTests.Result_Match_WithSuccess_ShouldCallOnSuccess" computerName="pkrvmqc4gcfdwos" duration="00:00:00.0004090" startTime="2025-08-22T20:30:37.9270662+00:00" endTime="2025-08-22T20:30:37.9271851+00:00" testType="13cdc9d9-ddb5-4fa4-a97d-d965ccfc6d4b" outcome="Passed" testListId="8c84fa94-04c1-424b-9868-57a2d4851a1d" relativeResultsDirectory="0d0e3a59-5b2f-4f91-a702-fdb77f933ed2" />
    <UnitTestResult executionId="13b4489f-49ce-4c70-872c-544322a6f01b" testId="d0a02f38-518c-0632-7faf-1a71626098e2" testName="ManagedCode.Communication.Tests.Extensions.AdvancedRailwayExtensionsTests.CompensateWith_WithFailure_ReturnsDefaultValue" computerName="pkrvmqc4gcfdwos" duration="00:00:00.0008195" startTime="2025-08-22T20:30:39.4033594+00:00" endTime="2025-08-22T20:30:39.4034933+00:00" testType="13cdc9d9-ddb5-4fa4-a97d-d965ccfc6d4b" outcome="Passed" testListId="8c84fa94-04c1-424b-9868-57a2d4851a1d" relativeResultsDirectory="13b4489f-49ce-4c70-872c-544322a6f01b" />
    <UnitTestResult executionId="b88319b4-b087-4069-b9c8-30141156fc58" testId="9b3a08e9-51f4-c581-11a3-b1f682c055d4" testName="ManagedCode.Communication.Tests.Extensions.HttpResponseExtensionTests.FromJsonToResult_ErrorStatusCode_ReturnsFailedResult" computerName="pkrvmqc4gcfdwos" duration="00:00:00.0006976" startTime="2025-08-22T20:30:40.5874610+00:00" endTime="2025-08-22T20:30:40.5876963+00:00" testType="13cdc9d9-ddb5-4fa4-a97d-d965ccfc6d4b" outcome="Passed" testListId="8c84fa94-04c1-424b-9868-57a2d4851a1d" relativeResultsDirectory="b88319b4-b087-4069-b9c8-30141156fc58" />
    <UnitTestResult executionId="cfcbe6e9-1e9f-46a2-87dc-e9c4a9cd9a20" testId="9bc3a0c5-2fcf-8c19-b3cf-1cf301730bb6" testName="ManagedCode.Communication.Tests.Results.ResultTTests.Tap_WithSuccessfulResult_ShouldExecuteAction" computerName="pkrvmqc4gcfdwos" duration="00:00:00.0006137" startTime="2025-08-22T20:30:39.3071329+00:00" endTime="2025-08-22T20:30:39.3072261+00:00" testType="13cdc9d9-ddb5-4fa4-a97d-d965ccfc6d4b" outcome="Passed" testListId="8c84fa94-04c1-424b-9868-57a2d4851a1d" relativeResultsDirectory="cfcbe6e9-1e9f-46a2-87dc-e9c4a9cd9a20" />
    <UnitTestResult executionId="15fcf46c-6612-4b82-9189-76e5c5f06baa" testId="6cf80ec4-adaa-7630-8518-7cc2f85912e5" testName="ManagedCode.Communication.Tests.Results.ResultTTests.ThrowIfFail_WithSuccessfulResult_ShouldNotThrow" computerName="pkrvmqc4gcfdwos" duration="00:00:00.0028738" startTime="2025-08-22T20:30:39.3334949+00:00" endTime="2025-08-22T20:30:39.3362083+00:00" testType="13cdc9d9-ddb5-4fa4-a97d-d965ccfc6d4b" outcome="Passed" testListId="8c84fa94-04c1-424b-9868-57a2d4851a1d" relativeResultsDirectory="15fcf46c-6612-4b82-9189-76e5c5f06baa" />
    <UnitTestResult executionId="d8f7b904-e3f6-417c-9124-cfac04ce2cad" testId="1f64ab5a-faee-2124-0bd7-cb77b45af3ab" testName="ManagedCode.Communication.Tests.Results.CollectionResultTests.TryGetProblem_WithSuccessfulResult_ShouldReturnFalse" computerName="pkrvmqc4gcfdwos" duration="00:00:00.0002581" startTime="2025-08-22T20:30:39.8922495+00:00" endTime="2025-08-22T20:30:39.8923475+00:00" testType="13cdc9d9-ddb5-4fa4-a97d-d965ccfc6d4b" outcome="Passed" testListId="8c84fa94-04c1-424b-9868-57a2d4851a1d" relativeResultsDirectory="d8f7b904-e3f6-417c-9124-cfac04ce2cad" />
    <UnitTestResult executionId="af39b89a-b6f8-461a-ac04-bbd18b31db3c" testId="5b87a404-d9e1-52c6-716c-3d6bfb3c059a" testName="ManagedCode.Communication.Tests.Orleans.Serialization.ProblemSerializationTests.Problem_WithErrorCode_ShouldSerializeCorrectly" computerName="pkrvmqc4gcfdwos" duration="00:00:00.0100208" startTime="2025-08-22T20:30:40.2101272+00:00" endTime="2025-08-22T20:30:40.2204060+00:00" testType="13cdc9d9-ddb5-4fa4-a97d-d965ccfc6d4b" outcome="Passed" testListId="8c84fa94-04c1-424b-9868-57a2d4851a1d" relativeResultsDirectory="af39b89a-b6f8-461a-ac04-bbd18b31db3c" />
    <UnitTestResult executionId="49d315b3-8664-4554-8cd3-df3201891d3c" testId="2460b2eb-c7c7-67db-b872-797238ca95cb" testName="ManagedCode.Communication.Tests.Extensions.RailwayExtensionsTests.Else_FailedResultT_ReturnsAlternativeValue" computerName="pkrvmqc4gcfdwos" duration="00:00:00.0005578" startTime="2025-08-22T20:30:38.5369637+00:00" endTime="2025-08-22T20:30:38.5374601+00:00" testType="13cdc9d9-ddb5-4fa4-a97d-d965ccfc6d4b" outcome="Passed" testListId="8c84fa94-04c1-424b-9868-57a2d4851a1d" relativeResultsDirectory="49d315b3-8664-4554-8cd3-df3201891d3c" />
    <UnitTestResult executionId="59098603-ccbb-4ed2-a17c-95f7d09bd8cb" testId="8bd92cbc-b4a1-3cf0-6835-cad5eb18c15d" testName="ManagedCode.Communication.Tests.AspNetCore.Extensions.ControllerExtensionsTests.ToActionResult_WithVariousStatusCodes_ReturnsCorrectStatusCode(statusCode: 422, title: &quot;Unprocessable Entity&quot;)" computerName="pkrvmqc4gcfdwos" duration="00:00:00.0002440" startTime="2025-08-22T20:30:40.5821724+00:00" endTime="2025-08-22T20:30:40.5822932+00:00" testType="13cdc9d9-ddb5-4fa4-a97d-d965ccfc6d4b" outcome="Passed" testListId="8c84fa94-04c1-424b-9868-57a2d4851a1d" relativeResultsDirectory="59098603-ccbb-4ed2-a17c-95f7d09bd8cb" />
    <UnitTestResult executionId="13f7e415-0204-4662-93d9-a1b8bf74924c" testId="29839775-d400-0a7a-0eaf-63aa5f9e74a9" testName="ManagedCode.Communication.Tests.CollectionResults.CollectionResultFailMethodsTests.FailValidation_WithSingleError_ShouldCreateValidationFailedResult" computerName="pkrvmqc4gcfdwos" duration="00:00:00.0005483" startTime="2025-08-22T20:30:39.4711952+00:00" endTime="2025-08-22T20:30:39.4713246+00:00" testType="13cdc9d9-ddb5-4fa4-a97d-d965ccfc6d4b" outcome="Passed" testListId="8c84fa94-04c1-424b-9868-57a2d4851a1d" relativeResultsDirectory="13f7e415-0204-4662-93d9-a1b8bf74924c" />
    <UnitTestResult executionId="a65edf7c-88b3-43a0-b2e6-331f10bd4879" testId="18ed10e3-b3b1-05cb-0a5f-0cc844931b21" testName="ManagedCode.Communication.Tests.Results.CollectionResultInvalidMethodsTests.CollectionResult_Invalid_WithKeyValue_ShouldCreateValidationResultWithKeyValue" computerName="pkrvmqc4gcfdwos" duration="00:00:00.0003247" startTime="2025-08-22T20:30:39.8787967+00:00" endTime="2025-08-22T20:30:39.8789669+00:00" testType="13cdc9d9-ddb5-4fa4-a97d-d965ccfc6d4b" outcome="Passed" testListId="8c84fa94-04c1-424b-9868-57a2d4851a1d" relativeResultsDirectory="a65edf7c-88b3-43a0-b2e6-331f10bd4879" />
    <UnitTestResult executionId="095a9766-93fc-4349-a6dd-d797fe106588" testId="95480a3b-f488-efa9-b27c-9ab5a18fdec4" testName="ManagedCode.Communication.Tests.ControllerTests.MiddlewareTests.UnauthorizedResult" computerName="pkrvmqc4gcfdwos" duration="00:00:00.0122504" startTime="2025-08-22T20:30:40.2075706+00:00" endTime="2025-08-22T20:30:40.2200256+00:00" testType="13cdc9d9-ddb5-4fa4-a97d-d965ccfc6d4b" outcome="Passed" testListId="8c84fa94-04c1-424b-9868-57a2d4851a1d" relativeResultsDirectory="095a9766-93fc-4349-a6dd-d797fe106588" />
    <UnitTestResult executionId="510c17ff-fd76-4426-a7a7-dc865f73f45e" testId="d137c692-c33a-c29f-f0cd-43638d316a9f" testName="ManagedCode.Communication.Tests.ProblemTests.ProblemCreateMethodsTests.Problem_GetValidationErrors_WithValidErrors_ShouldReturnDictionary" computerName="pkrvmqc4gcfdwos" duration="00:00:00.0002156" startTime="2025-08-22T20:30:39.3509199+00:00" endTime="2025-08-22T20:30:39.3510579+00:00" testType="13cdc9d9-ddb5-4fa4-a97d-d965ccfc6d4b" outcome="Passed" testListId="8c84fa94-04c1-424b-9868-57a2d4851a1d" relativeResultsDirectory="510c17ff-fd76-4426-a7a7-dc865f73f45e" />
    <UnitTestResult executionId="51a081fa-d567-4dab-9da2-33f6acaf47e9" testId="05e9a149-1ec4-5816-e59a-5ac25d0a3fd4" testName="ManagedCode.Communication.Tests.ControllerTests.MiddlewareTests.UnauthorizedAccess" computerName="pkrvmqc4gcfdwos" duration="00:00:00.0071395" startTime="2025-08-22T20:30:40.7650863+00:00" endTime="2025-08-22T20:30:40.7723086+00:00" testType="13cdc9d9-ddb5-4fa4-a97d-d965ccfc6d4b" outcome="Passed" testListId="8c84fa94-04c1-424b-9868-57a2d4851a1d" relativeResultsDirectory="51a081fa-d567-4dab-9da2-33f6acaf47e9" />
    <UnitTestResult executionId="97d44edf-98b0-4635-b1ae-a12d83a2a8f8" testId="08577c9c-2318-302e-4f69-67540b6ebc02" testName="ManagedCode.Communication.Tests.Extensions.ResultConversionExtensionsTests.AsResult_ExplicitTypeSpecification_WorksCorrectly" computerName="pkrvmqc4gcfdwos" duration="00:00:00.0058370" startTime="2025-08-22T20:30:40.7377675+00:00" endTime="2025-08-22T20:30:40.7378651+00:00" testType="13cdc9d9-ddb5-4fa4-a97d-d965ccfc6d4b" outcome="Passed" testListId="8c84fa94-04c1-424b-9868-57a2d4851a1d" relativeResultsDirectory="97d44edf-98b0-4635-b1ae-a12d83a2a8f8" />
    <UnitTestResult executionId="50ef2482-da70-4ed7-bb71-77c15db10e99" testId="113ecb12-1851-7d32-03e7-16f3ffbfb55a" testName="ManagedCode.Communication.Tests.Results.ResultTFailMethodsTests.ResultT_Fail_WithVariousStatusCodes_ShouldSetCorrectStatusCode(statusCode: Forbidden, expectedCode: 403)" computerName="pkrvmqc4gcfdwos" duration="00:00:00.0000129" startTime="2025-08-22T20:30:39.8437382+00:00" endTime="2025-08-22T20:30:39.8438509+00:00" testType="13cdc9d9-ddb5-4fa4-a97d-d965ccfc6d4b" outcome="Passed" testListId="8c84fa94-04c1-424b-9868-57a2d4851a1d" relativeResultsDirectory="50ef2482-da70-4ed7-bb71-77c15db10e99" />
    <UnitTestResult executionId="66d095c9-b7a2-4ea2-9c65-80320849b0cc" testId="46807053-f966-a388-4d2d-7da9058b5203" testName="ManagedCode.Communication.Tests.CollectionResults.CollectionResultFromMethodsTests.From_CanceledTask_ShouldReturnFailedResult" computerName="pkrvmqc4gcfdwos" duration="00:00:00.0006713" startTime="2025-08-22T20:30:40.0555711+00:00" endTime="2025-08-22T20:30:40.0556412+00:00" testType="13cdc9d9-ddb5-4fa4-a97d-d965ccfc6d4b" outcome="Passed" testListId="8c84fa94-04c1-424b-9868-57a2d4851a1d" relativeResultsDirectory="66d095c9-b7a2-4ea2-9c65-80320849b0cc" />
    <UnitTestResult executionId="f93ca87b-a0fc-4949-8358-48c88c522f0b" testId="2f55c955-9b87-2c77-c3ee-dc5f86f5b329" testName="ManagedCode.Communication.Tests.Extensions.HttpResponseExtensionTests.FromRequestToResult_SuccessStatusCode_ReturnsSuccessResult" computerName="pkrvmqc4gcfdwos" duration="00:00:00.0005001" startTime="2025-08-22T20:30:40.7209445+00:00" endTime="2025-08-22T20:30:40.7210584+00:00" testType="13cdc9d9-ddb5-4fa4-a97d-d965ccfc6d4b" outcome="Passed" testListId="8c84fa94-04c1-424b-9868-57a2d4851a1d" relativeResultsDirectory="f93ca87b-a0fc-4949-8358-48c88c522f0b" />
    <UnitTestResult executionId="db195d47-ed7d-4a9e-8871-7a92fdcb9728" testId="ce37d29c-9229-7c0c-b4e5-a6fef8dbd478" testName="ManagedCode.Communication.Tests.CollectionResults.CollectionResultFromMethodsTests.From_FuncReturningEmptyArray_ShouldCreateEmptySuccessResult" computerName="pkrvmqc4gcfdwos" duration="00:00:00.0004662" startTime="2025-08-22T20:30:39.9917103+00:00" endTime="2025-08-22T20:30:40.0422308+00:00" testType="13cdc9d9-ddb5-4fa4-a97d-d965ccfc6d4b" outcome="Passed" testListId="8c84fa94-04c1-424b-9868-57a2d4851a1d" relativeResultsDirectory="db195d47-ed7d-4a9e-8871-7a92fdcb9728" />
    <UnitTestResult executionId="5f2c87f6-d64d-452b-944c-b8d7503fe9b3" testId="31bbfad4-620c-0f60-3fd5-d9cbacc26d24" testName="ManagedCode.Communication.Tests.Extensions.AdvancedRailwayExtensionsTests.Check_WithException_ReturnsFailure" computerName="pkrvmqc4gcfdwos" duration="00:00:00.0003789" startTime="2025-08-22T20:30:39.3773765+00:00" endTime="2025-08-22T20:30:39.3775063+00:00" testType="13cdc9d9-ddb5-4fa4-a97d-d965ccfc6d4b" outcome="Passed" testListId="8c84fa94-04c1-424b-9868-57a2d4851a1d" relativeResultsDirectory="5f2c87f6-d64d-452b-944c-b8d7503fe9b3" />
    <UnitTestResult executionId="284d56f3-808c-4556-af7f-292c4809b491" testId="94ac24fa-c865-936b-315d-74d8ca292b0f" testName="ManagedCode.Communication.Tests.Results.ProblemExceptionTests.Constructor_WithProblemHavingNullProperties_ShouldHandleGracefully" computerName="pkrvmqc4gcfdwos" duration="00:00:00.0002641" startTime="2025-08-22T20:30:37.8951012+00:00" endTime="2025-08-22T20:30:37.8952318+00:00" testType="13cdc9d9-ddb5-4fa4-a97d-d965ccfc6d4b" outcome="Passed" testListId="8c84fa94-04c1-424b-9868-57a2d4851a1d" relativeResultsDirectory="284d56f3-808c-4556-af7f-292c4809b491" />
    <UnitTestResult executionId="2977755e-f51d-4487-a704-8572eaab0759" testId="9519802d-7595-b802-9b1d-28efaa0530ce" testName="ManagedCode.Communication.Tests.ResultExtensionsTests.ChainedOperations_ShouldShortCircuitOnFailure" computerName="pkrvmqc4gcfdwos" duration="00:00:00.0015025" startTime="2025-08-22T20:30:40.5069826+00:00" endTime="2025-08-22T20:30:40.5084722+00:00" testType="13cdc9d9-ddb5-4fa4-a97d-d965ccfc6d4b" outcome="Passed" testListId="8c84fa94-04c1-424b-9868-57a2d4851a1d" relativeResultsDirectory="2977755e-f51d-4487-a704-8572eaab0759" />
    <UnitTestResult executionId="83bbc318-58a7-4d2a-9dcf-6fc700b2eb07" testId="9d8d30df-7116-4e69-8b1e-8fe0e301647c" testName="ManagedCode.Communication.Tests.Results.ProblemToExceptionErrorTests.ToException_WithArgumentNullException_ShouldReconstructWithMessage" computerName="pkrvmqc4gcfdwos" duration="00:00:00.0002638" startTime="2025-08-22T20:30:39.4439706+00:00" endTime="2025-08-22T20:30:39.4441154+00:00" testType="13cdc9d9-ddb5-4fa4-a97d-d965ccfc6d4b" outcome="Passed" testListId="8c84fa94-04c1-424b-9868-57a2d4851a1d" relativeResultsDirectory="83bbc318-58a7-4d2a-9dcf-6fc700b2eb07" />
    <UnitTestResult executionId="cb6fa895-f2e3-4947-b9bc-97bbdbdfdc5e" testId="057eaabd-3e0f-9cb8-8caa-35b8258d8daa" testName="ManagedCode.Communication.Tests.CollectionResults.CollectionResultFailMethodsTests.Fail_WithVariousStatusCodes_ShouldSetCorrectStatusCode(statusCode: Unauthorized, expectedCode: 401)" computerName="pkrvmqc4gcfdwos" duration="00:00:00.0000316" startTime="2025-08-22T20:30:39.4518804+00:00" endTime="2025-08-22T20:30:39.4520600+00:00" testType="13cdc9d9-ddb5-4fa4-a97d-d965ccfc6d4b" outcome="Passed" testListId="8c84fa94-04c1-424b-9868-57a2d4851a1d" relativeResultsDirectory="cb6fa895-f2e3-4947-b9bc-97bbdbdfdc5e" />
    <UnitTestResult executionId="016efe9e-ac21-41cf-ad76-ac359b215094" testId="ff152fd0-403e-f4ec-a73e-1cd296d1d014" testName="ManagedCode.Communication.Tests.OrleansTests.GrainClientTests.Result" computerName="pkrvmqc4gcfdwos" duration="00:00:00.0036818" startTime="2025-08-22T20:30:40.9031284+00:00" endTime="2025-08-22T20:30:40.9068384+00:00" testType="13cdc9d9-ddb5-4fa4-a97d-d965ccfc6d4b" outcome="Passed" testListId="8c84fa94-04c1-424b-9868-57a2d4851a1d" relativeResultsDirectory="016efe9e-ac21-41cf-ad76-ac359b215094" />
    <UnitTestResult executionId="14675bb4-558c-4687-b001-a9e31189bde4" testId="52aa0a27-dd41-6786-2c85-98c2fe5a5a8d" testName="ManagedCode.Communication.Tests.Results.CollectionResultTests.Succeed_WithArrayOnly_ShouldCalculatePagingInfo" computerName="pkrvmqc4gcfdwos" duration="00:00:00.0003109" startTime="2025-08-22T20:30:39.9007903+00:00" endTime="2025-08-22T20:30:39.9008950+00:00" testType="13cdc9d9-ddb5-4fa4-a97d-d965ccfc6d4b" outcome="Passed" testListId="8c84fa94-04c1-424b-9868-57a2d4851a1d" relativeResultsDirectory="14675bb4-558c-4687-b001-a9e31189bde4" />
    <UnitTestResult executionId="3461150b-d541-46de-a9a0-81234ad7de30" testId="a294ddd9-e673-4d43-752c-093ce0b8b705" testName="ManagedCode.Communication.Tests.Serialization.SerializationTests.CollectionResult_Empty_ShouldSerializeAndDeserialize" computerName="pkrvmqc4gcfdwos" duration="00:00:00.0157874" startTime="2025-08-22T20:30:40.4574076+00:00" endTime="2025-08-22T20:30:40.4721098+00:00" testType="13cdc9d9-ddb5-4fa4-a97d-d965ccfc6d4b" outcome="Passed" testListId="8c84fa94-04c1-424b-9868-57a2d4851a1d" relativeResultsDirectory="3461150b-d541-46de-a9a0-81234ad7de30" />
    <UnitTestResult executionId="8d1e97a0-ea8c-402b-a76d-26e3cb48f24d" testId="8e83e5d2-ca14-e987-68f7-ba664862f8f4" testName="ManagedCode.Communication.Tests.Extensions.ResultConversionExtensionsTests.AsResult_WithException_CreatesFailedResultWithProblem" computerName="pkrvmqc4gcfdwos" duration="00:00:00.0002309" startTime="2025-08-22T20:30:40.7389689+00:00" endTime="2025-08-22T20:30:40.7391008+00:00" testType="13cdc9d9-ddb5-4fa4-a97d-d965ccfc6d4b" outcome="Passed" testListId="8c84fa94-04c1-424b-9868-57a2d4851a1d" relativeResultsDirectory="8d1e97a0-ea8c-402b-a76d-26e3cb48f24d" />
    <UnitTestResult executionId="a9b3bf89-c5ab-4266-9a16-145d7e4d3f0c" testId="62b58bd7-3c1e-de08-a9e7-b42cffcdf323" testName="ManagedCode.Communication.Tests.Results.CollectionResultTests.Succeed_WithEnumerable_ShouldCreateSuccessfulResult" computerName="pkrvmqc4gcfdwos" duration="00:00:00.0008192" startTime="2025-08-22T20:30:39.8962059+00:00" endTime="2025-08-22T20:30:39.8965800+00:00" testType="13cdc9d9-ddb5-4fa4-a97d-d965ccfc6d4b" outcome="Passed" testListId="8c84fa94-04c1-424b-9868-57a2d4851a1d" relativeResultsDirectory="a9b3bf89-c5ab-4266-9a16-145d7e4d3f0c" />
    <UnitTestResult executionId="10ce4b53-c6c8-4ba0-af3f-7ddc750ee3c1" testId="99276385-6909-321c-1b95-b70e5933d41e" testName="ManagedCode.Communication.Tests.Results.ResultInvalidMethodsTests.ResultT_Invalid_WithEnumAndMessage_ShouldCreateValidationResultWithBoth" computerName="pkrvmqc4gcfdwos" duration="00:00:00.0010358" startTime="2025-08-22T20:30:40.5571849+00:00" endTime="2025-08-22T20:30:40.5579963+00:00" testType="13cdc9d9-ddb5-4fa4-a97d-d965ccfc6d4b" outcome="Passed" testListId="8c84fa94-04c1-424b-9868-57a2d4851a1d" relativeResultsDirectory="10ce4b53-c6c8-4ba0-af3f-7ddc750ee3c1" />
    <UnitTestResult executionId="bb1522de-6119-40bc-aaa1-137baf6a4cdd" testId="acf696fa-e204-77f6-6bda-5cee35a844ca" testName="ManagedCode.Communication.Tests.Results.ResultHelperMethodsTests.ResultT_Fail_WithHttpStatusCode_ShouldCreateFailedResult" computerName="pkrvmqc4gcfdwos" duration="00:00:00.0002379" startTime="2025-08-22T20:30:37.9147395+00:00" endTime="2025-08-22T20:30:37.9147961+00:00" testType="13cdc9d9-ddb5-4fa4-a97d-d965ccfc6d4b" outcome="Passed" testListId="8c84fa94-04c1-424b-9868-57a2d4851a1d" relativeResultsDirectory="bb1522de-6119-40bc-aaa1-137baf6a4cdd" />
    <UnitTestResult executionId="9faebe42-75c5-4b85-b358-3c3edd501839" testId="aad140b3-4196-9d5b-27c9-77ac877f082f" testName="ManagedCode.Communication.Tests.Results.ResultTests.From_WithException_ShouldCreateFailedResult" computerName="pkrvmqc4gcfdwos" duration="00:00:00.0038775" startTime="2025-08-22T20:30:39.7647163+00:00" endTime="2025-08-22T20:30:39.7657922+00:00" testType="13cdc9d9-ddb5-4fa4-a97d-d965ccfc6d4b" outcome="Passed" testListId="8c84fa94-04c1-424b-9868-57a2d4851a1d" relativeResultsDirectory="9faebe42-75c5-4b85-b358-3c3edd501839" />
    <UnitTestResult executionId="4e8d6f63-b017-4a2d-b69a-f9f647d2a534" testId="9bb7a7e9-f04f-a8a6-8961-152ae79c986e" testName="ManagedCode.Communication.Tests.Results.ResultHelperMethodsTests.ResultT_Try_WithException_ShouldReturnFailure" computerName="pkrvmqc4gcfdwos" duration="00:00:00.0004579" startTime="2025-08-22T20:30:37.9026710+00:00" endTime="2025-08-22T20:30:37.9027527+00:00" testType="13cdc9d9-ddb5-4fa4-a97d-d965ccfc6d4b" outcome="Passed" testListId="8c84fa94-04c1-424b-9868-57a2d4851a1d" relativeResultsDirectory="4e8d6f63-b017-4a2d-b69a-f9f647d2a534" />
    <UnitTestResult executionId="6f0eb322-0207-47ea-bc21-3e04f5802c12" testId="c9e24a1f-1d61-40a9-0dab-cb17f134e032" testName="ManagedCode.Communication.Tests.Results.ResultFailMethodsTests.Result_Fail_WithVariousStatusCodes_ShouldSetCorrectStatusCode(statusCode: Forbidden, expectedCode: 403)" computerName="pkrvmqc4gcfdwos" duration="00:00:00.0000085" startTime="2025-08-22T20:30:40.7454865+00:00" endTime="2025-08-22T20:30:40.7455705+00:00" testType="13cdc9d9-ddb5-4fa4-a97d-d965ccfc6d4b" outcome="Passed" testListId="8c84fa94-04c1-424b-9868-57a2d4851a1d" relativeResultsDirectory="6f0eb322-0207-47ea-bc21-3e04f5802c12" />
    <UnitTestResult executionId="25951cdf-815b-4e79-a9ef-5c32d600a9bb" testId="0d212d73-5048-5154-48c3-5b8a40dc9820" testName="ManagedCode.Communication.Tests.Serialization.SerializationTests.Result_WithProblem_ShouldSerializeAndDeserialize" computerName="pkrvmqc4gcfdwos" duration="00:00:00.0023557" startTime="2025-08-22T20:30:40.3663560+00:00" endTime="2025-08-22T20:30:40.3664689+00:00" testType="13cdc9d9-ddb5-4fa4-a97d-d965ccfc6d4b" outcome="Passed" testListId="8c84fa94-04c1-424b-9868-57a2d4851a1d" relativeResultsDirectory="25951cdf-815b-4e79-a9ef-5c32d600a9bb" />
    <UnitTestResult executionId="6200d38e-88ef-419f-bbf9-09637280b8c8" testId="e4515f41-6dc8-4e41-80f2-0b8ebbc1419c" testName="ManagedCode.Communication.Tests.Results.CollectionResultTests.ThrowIfFail_WithSuccessfulResult_ShouldNotThrow" computerName="pkrvmqc4gcfdwos" duration="00:00:00.0002432" startTime="2025-08-22T20:30:39.8990612+00:00" endTime="2025-08-22T20:30:39.8991903+00:00" testType="13cdc9d9-ddb5-4fa4-a97d-d965ccfc6d4b" outcome="Passed" testListId="8c84fa94-04c1-424b-9868-57a2d4851a1d" relativeResultsDirectory="6200d38e-88ef-419f-bbf9-09637280b8c8" />
    <UnitTestResult executionId="37f16ef1-0390-4777-9a0d-f70a763cc4fe" testId="670aed6d-afc8-2205-1f3b-fa065414e4d4" testName="ManagedCode.Communication.Tests.CollectionResults.CollectionResultFailMethodsTests.Fail_WithSpecialCharacters_ShouldHandleCorrectly" computerName="pkrvmqc4gcfdwos" duration="00:00:00.0003530" startTime="2025-08-22T20:30:39.4660752+00:00" endTime="2025-08-22T20:30:39.4661973+00:00" testType="13cdc9d9-ddb5-4fa4-a97d-d965ccfc6d4b" outcome="Passed" testListId="8c84fa94-04c1-424b-9868-57a2d4851a1d" relativeResultsDirectory="37f16ef1-0390-4777-9a0d-f70a763cc4fe" />
    <UnitTestResult executionId="6233f9dc-2d46-4315-971f-9b28668e0cf6" testId="88f0c0b5-dc4a-4133-b95e-5ff2d41cf758" testName="ManagedCode.Communication.Tests.AspNetCore.Extensions.ControllerExtensionsTests.ToActionResult_WithVariousStatusCodes_ReturnsCorrectStatusCode(statusCode: 401, title: &quot;Unauthorized&quot;)" computerName="pkrvmqc4gcfdwos" duration="00:00:00.0000180" startTime="2025-08-22T20:30:40.7038605+00:00" endTime="2025-08-22T20:30:40.7039576+00:00" testType="13cdc9d9-ddb5-4fa4-a97d-d965ccfc6d4b" outcome="Passed" testListId="8c84fa94-04c1-424b-9868-57a2d4851a1d" relativeResultsDirectory="6233f9dc-2d46-4315-971f-9b28668e0cf6" />
    <UnitTestResult executionId="f5a78937-fb43-4466-825f-4f6e2088302e" testId="f42fe5a1-8c83-097f-d090-6df0e300c303" testName="ManagedCode.Communication.Tests.Extensions.AdvancedRailwayExtensionsTests.ToResult_WithNonNullValue_ReturnsSuccess" computerName="pkrvmqc4gcfdwos" duration="00:00:00.0004384" startTime="2025-08-22T20:30:39.3816751+00:00" endTime="2025-08-22T20:30:39.3817896+00:00" testType="13cdc9d9-ddb5-4fa4-a97d-d965ccfc6d4b" outcome="Passed" testListId="8c84fa94-04c1-424b-9868-57a2d4851a1d" relativeResultsDirectory="f5a78937-fb43-4466-825f-4f6e2088302e" />
    <UnitTestResult executionId="fbaede0d-8724-4b7b-987d-907f23ec3477" testId="a37dbed6-65ed-3366-4c41-404cbdef850a" testName="ManagedCode.Communication.Tests.Results.ResultHelperMethodsTests.ResultT_FailNotFound_ShouldCreateNotFoundResult" computerName="pkrvmqc4gcfdwos" duration="00:00:00.0003184" startTime="2025-08-22T20:30:37.9199529+00:00" endTime="2025-08-22T20:30:37.9200829+00:00" testType="13cdc9d9-ddb5-4fa4-a97d-d965ccfc6d4b" outcome="Passed" testListId="8c84fa94-04c1-424b-9868-57a2d4851a1d" relativeResultsDirectory="fbaede0d-8724-4b7b-987d-907f23ec3477" />
    <UnitTestResult executionId="b12b0be8-fefd-4094-b617-bee146327f6f" testId="08729d0d-aac1-00cc-61c8-d3a43baa982c" testName="ManagedCode.Communication.Tests.Orleans.Serialization.CollectionResultSerializationTests.CollectionResult_LargePagination_ShouldSerializeCorrectly" computerName="pkrvmqc4gcfdwos" duration="00:00:00.0205183" startTime="2025-08-22T20:30:39.4354696+00:00" endTime="2025-08-22T20:30:39.4580874+00:00" testType="13cdc9d9-ddb5-4fa4-a97d-d965ccfc6d4b" outcome="Passed" testListId="8c84fa94-04c1-424b-9868-57a2d4851a1d" relativeResultsDirectory="b12b0be8-fefd-4094-b617-bee146327f6f" />
    <UnitTestResult executionId="50f1cad3-3d90-46ed-9594-501f15fe8411" testId="613ce4af-0c46-036e-af9f-bb78fcd742a6" testName="ManagedCode.Communication.Tests.Results.ResultTFailMethodsTests.ResultT_Fail_WithComplexTypes_ShouldWorkCorrectly" computerName="pkrvmqc4gcfdwos" duration="00:00:00.0003570" startTime="2025-08-22T20:30:39.8510271+00:00" endTime="2025-08-22T20:30:39.8511029+00:00" testType="13cdc9d9-ddb5-4fa4-a97d-d965ccfc6d4b" outcome="Passed" testListId="8c84fa94-04c1-424b-9868-57a2d4851a1d" relativeResultsDirectory="50f1cad3-3d90-46ed-9594-501f15fe8411" />
    <UnitTestResult executionId="1736f958-52c7-473d-97a8-3fb53e286a94" testId="f207e829-2666-5e0b-dea1-e7486da2e6a1" testName="ManagedCode.Communication.Tests.Results.RailwayOrientedProgrammingTests.Try_WithFailingOperation_ShouldReturnFailure" computerName="pkrvmqc4gcfdwos" duration="00:00:00.0019016" startTime="2025-08-22T20:30:37.7949737+00:00" endTime="2025-08-22T20:30:37.7957435+00:00" testType="13cdc9d9-ddb5-4fa4-a97d-d965ccfc6d4b" outcome="Passed" testListId="8c84fa94-04c1-424b-9868-57a2d4851a1d" relativeResultsDirectory="1736f958-52c7-473d-97a8-3fb53e286a94" />
    <UnitTestResult executionId="1bc47de6-e78f-4258-8729-f026bbfd023a" testId="efdeb973-f796-3bbb-78f9-ef2fef0bb698" testName="ManagedCode.Communication.Tests.Extensions.RailwayExtensionsTests.Bind_ResultTToResult_SuccessfulChain" computerName="pkrvmqc4gcfdwos" duration="00:00:00.0004695" startTime="2025-08-22T20:30:38.5409160+00:00" endTime="2025-08-22T20:30:38.5411682+00:00" testType="13cdc9d9-ddb5-4fa4-a97d-d965ccfc6d4b" outcome="Passed" testListId="8c84fa94-04c1-424b-9868-57a2d4851a1d" relativeResultsDirectory="1bc47de6-e78f-4258-8729-f026bbfd023a" />
    <UnitTestResult executionId="0f36e175-d7a7-4893-a7a8-5e899bea5a8b" testId="b3b9ef4c-6313-6dea-33cf-2d0e819cad64" testName="ManagedCode.Communication.Tests.Results.ResultHelperMethodsTests.ResultT_From_WithSuccessResult_ShouldReturnSuccessWithValue" computerName="pkrvmqc4gcfdwos" duration="00:00:00.0003531" startTime="2025-08-22T20:30:37.9279430+00:00" endTime="2025-08-22T20:30:37.9280875+00:00" testType="13cdc9d9-ddb5-4fa4-a97d-d965ccfc6d4b" outcome="Passed" testListId="8c84fa94-04c1-424b-9868-57a2d4851a1d" relativeResultsDirectory="0f36e175-d7a7-4893-a7a8-5e899bea5a8b" />
    <UnitTestResult executionId="04a93ee7-b26c-4b18-833e-22035c1ae25a" testId="901cffbb-9bc0-db78-5288-2a4dc4c8cbb0" testName="ManagedCode.Communication.Tests.AspNetCore.Extensions.HubOptionsExtensionsTests.AddCommunicationHubFilter_CanBeCalledMultipleTimes" computerName="pkrvmqc4gcfdwos" duration="00:00:00.0005264" startTime="2025-08-22T20:30:40.5065281+00:00" endTime="2025-08-22T20:30:40.5066365+00:00" testType="13cdc9d9-ddb5-4fa4-a97d-d965ccfc6d4b" outcome="Passed" testListId="8c84fa94-04c1-424b-9868-57a2d4851a1d" relativeResultsDirectory="04a93ee7-b26c-4b18-833e-22035c1ae25a" />
    <UnitTestResult executionId="be70649f-b6d2-4ad1-8f00-60bb20f54594" testId="b88b04a9-2785-97aa-c842-3b008f5ab60a" testName="ManagedCode.Communication.Tests.Results.ProblemToExceptionErrorTests.ToException_WithExceptionDataContainingComplexTypes_ShouldPreserveSerializableData" computerName="pkrvmqc4gcfdwos" duration="00:00:00.0008989" startTime="2025-08-22T20:30:39.4471180+00:00" endTime="2025-08-22T20:30:39.4472209+00:00" testType="13cdc9d9-ddb5-4fa4-a97d-d965ccfc6d4b" outcome="Passed" testListId="8c84fa94-04c1-424b-9868-57a2d4851a1d" relativeResultsDirectory="be70649f-b6d2-4ad1-8f00-60bb20f54594" />
    <UnitTestResult executionId="af1a00db-7c9b-4f4b-b855-5cf4343316bb" testId="b33a03a8-55ac-77be-ca97-0bc786c289fc" testName="ManagedCode.Communication.Tests.Results.CollectionResultTests.Fail_WithProblem_ShouldCreateFailedResult" computerName="pkrvmqc4gcfdwos" duration="00:00:00.0002194" startTime="2025-08-22T20:30:39.8870830+00:00" endTime="2025-08-22T20:30:39.8874630+00:00" testType="13cdc9d9-ddb5-4fa4-a97d-d965ccfc6d4b" outcome="Passed" testListId="8c84fa94-04c1-424b-9868-57a2d4851a1d" relativeResultsDirectory="af1a00db-7c9b-4f4b-b855-5cf4343316bb" />
    <UnitTestResult executionId="98260c1e-596f-48c4-94f6-2cc5a31e8771" testId="01872485-4d81-c916-8cf1-c5a694b29846" testName="ManagedCode.Communication.Tests.Results.RailwayOrientedProgrammingTests.ResultTry_WithSuccessfulAction_ShouldReturnSuccess" computerName="pkrvmqc4gcfdwos" duration="00:00:00.0007826" startTime="2025-08-22T20:30:37.7969107+00:00" endTime="2025-08-22T20:30:37.7970754+00:00" testType="13cdc9d9-ddb5-4fa4-a97d-d965ccfc6d4b" outcome="Passed" testListId="8c84fa94-04c1-424b-9868-57a2d4851a1d" relativeResultsDirectory="98260c1e-596f-48c4-94f6-2cc5a31e8771" />
    <UnitTestResult executionId="88fac619-a2b7-4783-bb68-788d64f21a3e" testId="c8415987-5e57-7934-283e-064f446065e3" testName="ManagedCode.Communication.Tests.Results.CollectionResultInvalidMethodsTests.CollectionResult_Invalid_WithEnumAndMessage_ShouldCreateValidationResultWithBoth" computerName="pkrvmqc4gcfdwos" duration="00:00:00.0004960" startTime="2025-08-22T20:30:39.8719465+00:00" endTime="2025-08-22T20:30:39.8720869+00:00" testType="13cdc9d9-ddb5-4fa4-a97d-d965ccfc6d4b" outcome="Passed" testListId="8c84fa94-04c1-424b-9868-57a2d4851a1d" relativeResultsDirectory="88fac619-a2b7-4783-bb68-788d64f21a3e" />
    <UnitTestResult executionId="d02e241b-9dee-4796-ad61-e156936860f8" testId="d343945e-2d81-5ae1-7083-4fdee04f6eb8" testName="ManagedCode.Communication.Tests.Serialization.SerializationTests.Problem_ShouldSerializeAndDeserialize" computerName="pkrvmqc4gcfdwos" duration="00:00:00.0030936" startTime="2025-08-22T20:30:40.4505123+00:00" endTime="2025-08-22T20:30:40.4505858+00:00" testType="13cdc9d9-ddb5-4fa4-a97d-d965ccfc6d4b" outcome="Passed" testListId="8c84fa94-04c1-424b-9868-57a2d4851a1d" relativeResultsDirectory="d02e241b-9dee-4796-ad61-e156936860f8" />
    <UnitTestResult executionId="5bf4ae0a-9997-4f33-a5b1-2aa672635bbc" testId="1ee7f53c-e626-990a-6b17-a9a8097992ee" testName="ManagedCode.Communication.Tests.CollectionResults.CollectionResultFromMethodsTests.From_GenericSuccessCollectionResult_ShouldReturnSuccessResult" computerName="pkrvmqc4gcfdwos" duration="00:00:00.0003477" startTime="2025-08-22T20:30:40.2709089+00:00" endTime="2025-08-22T20:30:40.2710590+00:00" testType="13cdc9d9-ddb5-4fa4-a97d-d965ccfc6d4b" outcome="Passed" testListId="8c84fa94-04c1-424b-9868-57a2d4851a1d" relativeResultsDirectory="5bf4ae0a-9997-4f33-a5b1-2aa672635bbc" />
    <UnitTestResult executionId="c7f3f5df-3155-43e5-b3a2-cba9545f8413" testId="23ef8027-2a18-f92f-8f60-3a751b96bde2" testName="ManagedCode.Communication.Tests.Results.ResultTTests.From_WithExceptionThrowingFunc_ShouldCreateFailedResult" computerName="pkrvmqc4gcfdwos" duration="00:00:00.0004100" startTime="2025-08-22T20:30:39.3377546+00:00" endTime="2025-08-22T20:30:39.3379581+00:00" testType="13cdc9d9-ddb5-4fa4-a97d-d965ccfc6d4b" outcome="Passed" testListId="8c84fa94-04c1-424b-9868-57a2d4851a1d" relativeResultsDirectory="c7f3f5df-3155-43e5-b3a2-cba9545f8413" />
    <UnitTestResult executionId="308e1849-0c54-4fb5-ad98-a68048f7b9d2" testId="37563ea7-79b5-6e21-07e3-b7abecf35da5" testName="ManagedCode.Communication.Tests.Results.ResultInvalidMethodsTests.ResultT_Invalid_WithEnumAndDictionary_ShouldCreateValidationResultWithAllData" computerName="pkrvmqc4gcfdwos" duration="00:00:00.0033243" startTime="2025-08-22T20:30:40.5538746+00:00" endTime="2025-08-22T20:30:40.5547988+00:00" testType="13cdc9d9-ddb5-4fa4-a97d-d965ccfc6d4b" outcome="Passed" testListId="8c84fa94-04c1-424b-9868-57a2d4851a1d" relativeResultsDirectory="308e1849-0c54-4fb5-ad98-a68048f7b9d2" />
    <UnitTestResult executionId="192d4406-62aa-4cb4-8c29-701c1fcd933a" testId="08479d6a-c563-b460-df28-b4f67109fef8" testName="ManagedCode.Communication.Tests.Serialization.SerializationTests.ResultT_WithComplexValue_ShouldSerializeAndDeserialize" computerName="pkrvmqc4gcfdwos" duration="00:00:00.0006622" startTime="2025-08-22T20:30:40.4863696+00:00" endTime="2025-08-22T20:30:40.4864798+00:00" testType="13cdc9d9-ddb5-4fa4-a97d-d965ccfc6d4b" outcome="Passed" testListId="8c84fa94-04c1-424b-9868-57a2d4851a1d" relativeResultsDirectory="192d4406-62aa-4cb4-8c29-701c1fcd933a" />
    <UnitTestResult executionId="823df9d2-359b-46bd-b7f1-c9c16bc9eb2a" testId="8eb35749-f865-2bf9-dc8d-fbacac303a24" testName="ManagedCode.Communication.Tests.Results.ProblemTests.WithExtensions_ShouldOverwriteExistingExtensions" computerName="pkrvmqc4gcfdwos" duration="00:00:00.0001998" startTime="2025-08-22T20:30:40.7272240+00:00" endTime="2025-08-22T20:30:40.7273102+00:00" testType="13cdc9d9-ddb5-4fa4-a97d-d965ccfc6d4b" outcome="Passed" testListId="8c84fa94-04c1-424b-9868-57a2d4851a1d" relativeResultsDirectory="823df9d2-359b-46bd-b7f1-c9c16bc9eb2a" />
    <UnitTestResult executionId="66d205f7-2779-4145-8d92-dffbd840c504" testId="741c037d-bb74-63dd-9e38-d80561e143db" testName="ManagedCode.Communication.Tests.Extensions.RailwayExtensionsTests.Ensure_FailedResult_RemainsFailedWithOriginalProblem" computerName="pkrvmqc4gcfdwos" duration="00:00:00.0002138" startTime="2025-08-22T20:30:38.5493782+00:00" endTime="2025-08-22T20:30:38.5494854+00:00" testType="13cdc9d9-ddb5-4fa4-a97d-d965ccfc6d4b" outcome="Passed" testListId="8c84fa94-04c1-424b-9868-57a2d4851a1d" relativeResultsDirectory="66d205f7-2779-4145-8d92-dffbd840c504" />
    <UnitTestResult executionId="3567e085-6921-4790-9560-9c48a7b4b6d0" testId="bcb6a2c1-7c43-e2d1-68fb-4752e36bef88" testName="ManagedCode.Communication.Tests.AspNetCore.Extensions.ServiceCollectionExtensionsTests.Communication_Should_Handle_Successful_Result" computerName="pkrvmqc4gcfdwos" duration="00:00:00.0081260" startTime="2025-08-22T20:30:40.1106912+00:00" endTime="2025-08-22T20:30:40.1174341+00:00" testType="13cdc9d9-ddb5-4fa4-a97d-d965ccfc6d4b" outcome="Passed" testListId="8c84fa94-04c1-424b-9868-57a2d4851a1d" relativeResultsDirectory="3567e085-6921-4790-9560-9c48a7b4b6d0" />
    <UnitTestResult executionId="cfe861e0-265d-4395-8a7e-f4711ef88869" testId="3c6ac6c6-76bc-c0da-6388-565dd44e7fcd" testName="ManagedCode.Communication.Tests.Results.ResultTFailMethodsTests.ResultT_Fail_WithNullStrings_ShouldHandleGracefully" computerName="pkrvmqc4gcfdwos" duration="00:00:00.0001083" startTime="2025-08-22T20:30:39.8507598+00:00" endTime="2025-08-22T20:30:39.8508333+00:00" testType="13cdc9d9-ddb5-4fa4-a97d-d965ccfc6d4b" outcome="Passed" testListId="8c84fa94-04c1-424b-9868-57a2d4851a1d" relativeResultsDirectory="cfe861e0-265d-4395-8a7e-f4711ef88869" />
    <UnitTestResult executionId="dc0dbb4a-8e80-4e2a-af0d-d9965a106a0a" testId="d071d2b4-c4a7-1efa-7f89-25ed537b122f" testName="ManagedCode.Communication.Tests.Results.ResultInvalidMethodsTests.Result_InvalidT_WithEnumKeyValue_ShouldCreateValidationResultWithAll" computerName="pkrvmqc4gcfdwos" duration="00:00:00.0010910" startTime="2025-08-22T20:30:40.5582485+00:00" endTime="2025-08-22T20:30:40.5591594+00:00" testType="13cdc9d9-ddb5-4fa4-a97d-d965ccfc6d4b" outcome="Passed" testListId="8c84fa94-04c1-424b-9868-57a2d4851a1d" relativeResultsDirectory="dc0dbb4a-8e80-4e2a-af0d-d9965a106a0a" />
    <UnitTestResult executionId="8449a86e-8517-4cf8-9182-432aedd52adb" testId="e28c6785-47f9-bd94-84d3-18cec24659f3" testName="ManagedCode.Communication.Tests.Results.ProblemCreationExtensionsTests.ToProblem_FromEnum_WithCustomDetail_ShouldUseProvidedDetail" computerName="pkrvmqc4gcfdwos" duration="00:00:00.0001330" startTime="2025-08-22T20:30:38.4604911+00:00" endTime="2025-08-22T20:30:38.4605909+00:00" testType="13cdc9d9-ddb5-4fa4-a97d-d965ccfc6d4b" outcome="Passed" testListId="8c84fa94-04c1-424b-9868-57a2d4851a1d" relativeResultsDirectory="8449a86e-8517-4cf8-9182-432aedd52adb" />
    <UnitTestResult executionId="86b22679-39c6-49d0-8acc-287cb3983027" testId="6307d0a3-f8ba-d60c-8894-56921f5aa92a" testName="ManagedCode.Communication.Tests.Serialization.SerializationTests.CollectionResult_WithItems_ShouldSerializeAndDeserialize" computerName="pkrvmqc4gcfdwos" duration="00:00:00.0055468" startTime="2025-08-22T20:30:40.4456623+00:00" endTime="2025-08-22T20:30:40.4503296+00:00" testType="13cdc9d9-ddb5-4fa4-a97d-d965ccfc6d4b" outcome="Passed" testListId="8c84fa94-04c1-424b-9868-57a2d4851a1d" relativeResultsDirectory="86b22679-39c6-49d0-8acc-287cb3983027" />
    <UnitTestResult executionId="e44ee7af-7143-463e-bd48-b14e40ed18b0" testId="cb90d0c6-55d4-34fc-4dfd-762592dcaa9d" testName="ManagedCode.Communication.Tests.Results.ProblemToExceptionErrorTests.ToException_WithStackTrace_ShouldNotPreserveStackTrace" computerName="pkrvmqc4gcfdwos" duration="00:00:00.0004434" startTime="2025-08-22T20:30:39.4373910+00:00" endTime="2025-08-22T20:30:39.4385927+00:00" testType="13cdc9d9-ddb5-4fa4-a97d-d965ccfc6d4b" outcome="Passed" testListId="8c84fa94-04c1-424b-9868-57a2d4851a1d" relativeResultsDirectory="e44ee7af-7143-463e-bd48-b14e40ed18b0" />
    <UnitTestResult executionId="585cc0c2-0767-4322-8a4e-669d07f07df1" testId="aca7dc08-e077-6336-11fb-2489a226e225" testName="ManagedCode.Communication.Tests.AspNetCore.Extensions.ControllerExtensionsTests.ToActionResult_WithVariousStatusCodes_ReturnsCorrectStatusCode(statusCode: 403, title: &quot;Forbidden&quot;)" computerName="pkrvmqc4gcfdwos" duration="00:00:00.0000166" startTime="2025-08-22T20:30:40.7041607+00:00" endTime="2025-08-22T20:30:40.7042534+00:00" testType="13cdc9d9-ddb5-4fa4-a97d-d965ccfc6d4b" outcome="Passed" testListId="8c84fa94-04c1-424b-9868-57a2d4851a1d" relativeResultsDirectory="585cc0c2-0767-4322-8a4e-669d07f07df1" />
    <UnitTestResult executionId="0044d50a-c241-4432-8d22-28d97d2ecb3f" testId="9e03bf6d-4e75-7d3d-979b-1b27fa078d7d" testName="ManagedCode.Communication.Tests.ResultExtensionsTests.BindGeneric_WithSuccessResult_ShouldChainOperations" computerName="pkrvmqc4gcfdwos" duration="00:00:00.0002830" startTime="2025-08-22T20:30:40.5414262+00:00" endTime="2025-08-22T20:30:40.5415298+00:00" testType="13cdc9d9-ddb5-4fa4-a97d-d965ccfc6d4b" outcome="Passed" testListId="8c84fa94-04c1-424b-9868-57a2d4851a1d" relativeResultsDirectory="0044d50a-c241-4432-8d22-28d97d2ecb3f" />
    <UnitTestResult executionId="11334efa-a9b0-454d-bb85-1abc200e3fec" testId="e00fb5a4-e228-98dc-9550-b28f1789a059" testName="ManagedCode.Communication.Tests.CollectionResults.CollectionResultFromMethodsTests.From_GenericFailedCollectionResultWithoutProblem_ShouldReturnFailedResult" computerName="pkrvmqc4gcfdwos" duration="00:00:00.0004834" startTime="2025-08-22T20:30:40.3600292+00:00" endTime="2025-08-22T20:30:40.3607859+00:00" testType="13cdc9d9-ddb5-4fa4-a97d-d965ccfc6d4b" outcome="Passed" testListId="8c84fa94-04c1-424b-9868-57a2d4851a1d" relativeResultsDirectory="11334efa-a9b0-454d-bb85-1abc200e3fec" />
    <UnitTestResult executionId="258f6750-9bd0-4aa0-a1f8-4708bc855ea7" testId="7e5d92fe-9e3c-cf14-2708-b9c99887e277" testName="ManagedCode.Communication.Tests.Results.ResultInvalidMethodsTests.Result_Invalid_WithEnum_ShouldCreateValidationResultWithErrorCode" computerName="pkrvmqc4gcfdwos" duration="00:00:00.0005046" startTime="2025-08-22T20:30:40.5639718+00:00" endTime="2025-08-22T20:30:40.5648341+00:00" testType="13cdc9d9-ddb5-4fa4-a97d-d965ccfc6d4b" outcome="Passed" testListId="8c84fa94-04c1-424b-9868-57a2d4851a1d" relativeResultsDirectory="258f6750-9bd0-4aa0-a1f8-4708bc855ea7" />
    <UnitTestResult executionId="fbe15c15-c2c8-42e1-87f9-f387abadaf77" testId="c71b36f4-2b0a-4604-4f61-4b54cfbd9335" testName="ManagedCode.Communication.Tests.Extensions.AdvancedRailwayExtensionsTests.Verify_WithFalseCondition_ReturnsFailureWithContext" computerName="pkrvmqc4gcfdwos" duration="00:00:00.0008936" startTime="2025-08-22T20:30:39.3622272+00:00" endTime="2025-08-22T20:30:39.3628306+00:00" testType="13cdc9d9-ddb5-4fa4-a97d-d965ccfc6d4b" outcome="Passed" testListId="8c84fa94-04c1-424b-9868-57a2d4851a1d" relativeResultsDirectory="fbe15c15-c2c8-42e1-87f9-f387abadaf77" />
    <UnitTestResult executionId="ea19ba5c-536d-45d0-8054-8285cb709cef" testId="d38b1376-8e35-d896-b696-31aebb9da9b5" testName="ManagedCode.Communication.Tests.Extensions.ProblemExtensionsTests.AddInvalidMessage_ShouldAddValidationError" computerName="pkrvmqc4gcfdwos" duration="00:00:00.0004097" startTime="2025-08-22T20:30:39.4859158+00:00" endTime="2025-08-22T20:30:39.4860864+00:00" testType="13cdc9d9-ddb5-4fa4-a97d-d965ccfc6d4b" outcome="Passed" testListId="8c84fa94-04c1-424b-9868-57a2d4851a1d" relativeResultsDirectory="ea19ba5c-536d-45d0-8054-8285cb709cef" />
    <UnitTestResult executionId="ef4bc413-208c-4b0e-aa7e-2392129558cc" testId="4eab4e72-83a1-9aa2-b249-0d3036fab2e0" testName="ManagedCode.Communication.Tests.Extensions.ProblemExtensionsTests.AsProblemDetails_ShouldConvertProblemToProblemDetails" computerName="pkrvmqc4gcfdwos" duration="00:00:00.0007749" startTime="2025-08-22T20:30:39.4867098+00:00" endTime="2025-08-22T20:30:39.4868111+00:00" testType="13cdc9d9-ddb5-4fa4-a97d-d965ccfc6d4b" outcome="Passed" testListId="8c84fa94-04c1-424b-9868-57a2d4851a1d" relativeResultsDirectory="ef4bc413-208c-4b0e-aa7e-2392129558cc" />
    <UnitTestResult executionId="623341f5-d663-4d3f-b1ad-55a1e35cb20a" testId="baa49532-b762-d0bf-3c21-bfb8f673b4c2" testName="ManagedCode.Communication.Tests.ResultExtensionsTests.BindAsync_WithSuccessResult_ShouldExecuteNextAsync" computerName="pkrvmqc4gcfdwos" duration="00:00:00.0042442" startTime="2025-08-22T20:30:40.5417545+00:00" endTime="2025-08-22T20:30:40.5458592+00:00" testType="13cdc9d9-ddb5-4fa4-a97d-d965ccfc6d4b" outcome="Passed" testListId="8c84fa94-04c1-424b-9868-57a2d4851a1d" relativeResultsDirectory="623341f5-d663-4d3f-b1ad-55a1e35cb20a" />
    <UnitTestResult executionId="318c5e33-1aa7-4dd6-9744-29e4a6e283fa" testId="d0ff1c73-209e-eeb1-2afd-642ead9760a6" testName="ManagedCode.Communication.Tests.CollectionResults.CollectionResultFailMethodsTests.Fail_WithEnumAndDetail_ShouldCreateFailedResultWithErrorCodeAndDetail" computerName="pkrvmqc4gcfdwos" duration="00:00:00.0007485" startTime="2025-08-22T20:30:39.4733610+00:00" endTime="2025-08-22T20:30:39.4735029+00:00" testType="13cdc9d9-ddb5-4fa4-a97d-d965ccfc6d4b" outcome="Passed" testListId="8c84fa94-04c1-424b-9868-57a2d4851a1d" relativeResultsDirectory="318c5e33-1aa7-4dd6-9744-29e4a6e283fa" />
    <UnitTestResult executionId="c1874482-6e15-4a3a-a181-a599bdce49ee" testId="ea0a9cb2-9148-301e-e48c-1afead66e2be" testName="ManagedCode.Communication.Tests.Serialization.SerializationTests.Command_ShouldSerializeAndDeserialize" computerName="pkrvmqc4gcfdwos" duration="00:00:00.0256233" startTime="2025-08-22T20:30:40.4162021+00:00" endTime="2025-08-22T20:30:40.4453892+00:00" testType="13cdc9d9-ddb5-4fa4-a97d-d965ccfc6d4b" outcome="Passed" testListId="8c84fa94-04c1-424b-9868-57a2d4851a1d" relativeResultsDirectory="c1874482-6e15-4a3a-a181-a599bdce49ee" />
    <UnitTestResult executionId="bf029f95-b699-447b-85f7-f2050589cb29" testId="699823e7-74be-bd9f-0e7a-b915c45c5b8d" testName="ManagedCode.Communication.Tests.CollectionResults.CollectionResultFailMethodsTests.FailValidation_WithDuplicateFields_ShouldCombineErrors" computerName="pkrvmqc4gcfdwos" duration="00:00:00.0005744" startTime="2025-08-22T20:30:39.4813356+00:00" endTime="2025-08-22T20:30:39.4817106+00:00" testType="13cdc9d9-ddb5-4fa4-a97d-d965ccfc6d4b" outcome="Passed" testListId="8c84fa94-04c1-424b-9868-57a2d4851a1d" relativeResultsDirectory="bf029f95-b699-447b-85f7-f2050589cb29" />
    <UnitTestResult executionId="e2ca12ba-e320-44fe-a421-5a0265f195f6" testId="a616e2cd-e8f4-089c-9b8f-28529ea24abe" testName="ManagedCode.Communication.Tests.Results.ResultInvalidMethodsTests.Result_Invalid_WithEnumAndMessage_ShouldCreateValidationResultWithBoth" computerName="pkrvmqc4gcfdwos" duration="00:00:00.0004769" startTime="2025-08-22T20:30:40.5614913+00:00" endTime="2025-08-22T20:30:40.5615901+00:00" testType="13cdc9d9-ddb5-4fa4-a97d-d965ccfc6d4b" outcome="Passed" testListId="8c84fa94-04c1-424b-9868-57a2d4851a1d" relativeResultsDirectory="e2ca12ba-e320-44fe-a421-5a0265f195f6" />
    <UnitTestResult executionId="d50d18f5-4509-4191-b497-c4fad3fcecdf" testId="62e72051-f8d9-ba3b-e2f1-4642ab39c81a" testName="ManagedCode.Communication.Tests.Results.CollectionResultInvalidMethodsTests.CollectionResult_Invalid_WithEnum_ShouldCreateValidationResultWithErrorCode" computerName="pkrvmqc4gcfdwos" duration="00:00:00.0004207" startTime="2025-08-22T20:30:39.8792219+00:00" endTime="2025-08-22T20:30:39.8794444+00:00" testType="13cdc9d9-ddb5-4fa4-a97d-d965ccfc6d4b" outcome="Passed" testListId="8c84fa94-04c1-424b-9868-57a2d4851a1d" relativeResultsDirectory="d50d18f5-4509-4191-b497-c4fad3fcecdf" />
    <UnitTestResult executionId="1367e937-0d87-4315-84e0-9216046a67a0" testId="c7cfa25b-5f84-b4eb-ca51-e666774f7b77" testName="ManagedCode.Communication.Tests.Results.ResultTFailMethodsTests.ResultT_Fail_WithSpecialCharacters_ShouldHandleCorrectly" computerName="pkrvmqc4gcfdwos" duration="00:00:00.0001274" startTime="2025-08-22T20:30:39.8412398+00:00" endTime="2025-08-22T20:30:39.8414378+00:00" testType="13cdc9d9-ddb5-4fa4-a97d-d965ccfc6d4b" outcome="Passed" testListId="8c84fa94-04c1-424b-9868-57a2d4851a1d" relativeResultsDirectory="1367e937-0d87-4315-84e0-9216046a67a0" />
    <UnitTestResult executionId="4059b94b-0d47-4e27-b227-5c6c946d0721" testId="a9d44699-d2e2-8f94-e099-ceb0e0e2f5b7" testName="ManagedCode.Communication.Tests.Results.RailwayOrientedProgrammingTests.Tap_ShouldExecuteSideEffectWithoutChangingResult" computerName="pkrvmqc4gcfdwos" duration="00:00:00.0009970" startTime="2025-08-22T20:30:37.7522302+00:00" endTime="2025-08-22T20:30:37.7529714+00:00" testType="13cdc9d9-ddb5-4fa4-a97d-d965ccfc6d4b" outcome="Passed" testListId="8c84fa94-04c1-424b-9868-57a2d4851a1d" relativeResultsDirectory="4059b94b-0d47-4e27-b227-5c6c946d0721" />
    <UnitTestResult executionId="f6907bd0-b2d9-4cfb-83c4-70b82d0fc775" testId="261108eb-e4aa-9aa8-08d4-1bd3d2b96ec0" testName="ManagedCode.Communication.Tests.CollectionResults.CollectionResultFromMethodsTests.From_TaskReturningList_ShouldCreateSuccessResult" computerName="pkrvmqc4gcfdwos" duration="00:00:00.0021352" startTime="2025-08-22T20:30:39.9028060+00:00" endTime="2025-08-22T20:30:39.9028956+00:00" testType="13cdc9d9-ddb5-4fa4-a97d-d965ccfc6d4b" outcome="Passed" testListId="8c84fa94-04c1-424b-9868-57a2d4851a1d" relativeResultsDirectory="f6907bd0-b2d9-4cfb-83c4-70b82d0fc775" />
    <UnitTestResult executionId="efdfc861-d566-43ab-9884-91c69710de45" testId="ca91a9e0-6fc0-a317-fd3a-6f5ade651c3e" testName="ManagedCode.Communication.Tests.AspNetCore.Extensions.ControllerExtensionsTests.ToActionResult_WithSuccessResultNoValue_ReturnsNoContent" computerName="pkrvmqc4gcfdwos" duration="00:00:00.0004271" startTime="2025-08-22T20:30:40.7070612+00:00" endTime="2025-08-22T20:30:40.7071553+00:00" testType="13cdc9d9-ddb5-4fa4-a97d-d965ccfc6d4b" outcome="Passed" testListId="8c84fa94-04c1-424b-9868-57a2d4851a1d" relativeResultsDirectory="efdfc861-d566-43ab-9884-91c69710de45" />
    <UnitTestResult executionId="7c8683e8-72ba-460c-8c79-e748a2c9e6b0" testId="c3780753-5660-83a3-d765-176e98177e02" testName="ManagedCode.Communication.Tests.Results.ResultOperatorsTests.ResultT_From_WithFunc_ShouldExecuteAndWrapResult" computerName="pkrvmqc4gcfdwos" duration="00:00:00.0001823" startTime="2025-08-22T20:30:40.4453068+00:00" endTime="2025-08-22T20:30:40.4455821+00:00" testType="13cdc9d9-ddb5-4fa4-a97d-d965ccfc6d4b" outcome="Passed" testListId="8c84fa94-04c1-424b-9868-57a2d4851a1d" relativeResultsDirectory="7c8683e8-72ba-460c-8c79-e748a2c9e6b0" />
    <UnitTestResult executionId="c5505c74-7f1c-41bf-a052-c84f942b0183" testId="0f1196ec-94c1-8ad4-9d54-4d5a2629230e" testName="ManagedCode.Communication.Tests.Orleans.Serialization.CollectionResultSerializationTests.CollectionResult_EmptyCollection_ShouldSerializeCorrectly" computerName="pkrvmqc4gcfdwos" duration="00:00:00.0189120" startTime="2025-08-22T20:30:39.4584465+00:00" endTime="2025-08-22T20:30:39.4779732+00:00" testType="13cdc9d9-ddb5-4fa4-a97d-d965ccfc6d4b" outcome="Passed" testListId="8c84fa94-04c1-424b-9868-57a2d4851a1d" relativeResultsDirectory="c5505c74-7f1c-41bf-a052-c84f942b0183" />
    <UnitTestResult executionId="48cadff1-2d8a-43d9-85e5-2fd76184b3b0" testId="7618dd2b-5be7-dea8-df8a-a052ad263dcb" testName="ManagedCode.Communication.Tests.AspNetCore.Extensions.ControllerExtensionsTests.ToHttpResult_WithFailedResult_ReturnsProblemResult" computerName="pkrvmqc4gcfdwos" duration="00:00:00.0017803" startTime="2025-08-22T20:30:40.7044821+00:00" endTime="2025-08-22T20:30:40.7045700+00:00" testType="13cdc9d9-ddb5-4fa4-a97d-d965ccfc6d4b" outcome="Passed" testListId="8c84fa94-04c1-424b-9868-57a2d4851a1d" relativeResultsDirectory="48cadff1-2d8a-43d9-85e5-2fd76184b3b0" />
    <UnitTestResult executionId="64219d76-70f3-4ba1-ad01-1abb6cdbe8ac" testId="992bdcd4-f166-3c57-0b74-60a21be4306a" testName="ManagedCode.Communication.Tests.Extensions.AdvancedRailwayExtensionsTests.SwitchFirst_WithMatchingCondition_ExecutesCorrectCase" computerName="pkrvmqc4gcfdwos" duration="00:00:00.0012518" startTime="2025-08-22T20:30:39.3946842+00:00" endTime="2025-08-22T20:30:39.3964788+00:00" testType="13cdc9d9-ddb5-4fa4-a97d-d965ccfc6d4b" outcome="Passed" testListId="8c84fa94-04c1-424b-9868-57a2d4851a1d" relativeResultsDirectory="64219d76-70f3-4ba1-ad01-1abb6cdbe8ac" />
    <UnitTestResult executionId="7d569b20-69ab-43cc-addd-f1ffb9bc8d56" testId="9ca104e0-d007-7a8a-297e-78d9692a5c9f" testName="ManagedCode.Communication.Tests.Results.RailwayOrientedProgrammingTests.Try_WithSuccessfulOperation_ShouldReturnSuccess" computerName="pkrvmqc4gcfdwos" duration="00:00:00.0002228" startTime="2025-08-22T20:30:37.7973635+00:00" endTime="2025-08-22T20:30:37.7975098+00:00" testType="13cdc9d9-ddb5-4fa4-a97d-d965ccfc6d4b" outcome="Passed" testListId="8c84fa94-04c1-424b-9868-57a2d4851a1d" relativeResultsDirectory="7d569b20-69ab-43cc-addd-f1ffb9bc8d56" />
    <UnitTestResult executionId="264b21f9-05a0-43bd-8447-9d5d76332bec" testId="bed016bd-a122-31d3-dc01-e7d0fe017e6f" testName="ManagedCode.Communication.Tests.Results.ProblemToExceptionErrorTests.ToException_WithAggregateException_ShouldHandleCorrectly" computerName="pkrvmqc4gcfdwos" duration="00:00:00.0004246" startTime="2025-08-22T20:30:39.4444315+00:00" endTime="2025-08-22T20:30:39.4445556+00:00" testType="13cdc9d9-ddb5-4fa4-a97d-d965ccfc6d4b" outcome="Passed" testListId="8c84fa94-04c1-424b-9868-57a2d4851a1d" relativeResultsDirectory="264b21f9-05a0-43bd-8447-9d5d76332bec" />
    <UnitTestResult executionId="4584f667-47bd-4cd8-ab10-1c387b5e751e" testId="ad1859a2-9b1d-fff4-e010-4df6fe4ee045" testName="ManagedCode.Communication.Tests.Extensions.ResultConversionExtensionsTests.AsResult_WithArgumentException_CreatesFailedResultWithCorrectProblem" computerName="pkrvmqc4gcfdwos" duration="00:00:00.0003681" startTime="2025-08-22T20:30:40.7399904+00:00" endTime="2025-08-22T20:30:40.7401083+00:00" testType="13cdc9d9-ddb5-4fa4-a97d-d965ccfc6d4b" outcome="Passed" testListId="8c84fa94-04c1-424b-9868-57a2d4851a1d" relativeResultsDirectory="4584f667-47bd-4cd8-ab10-1c387b5e751e" />
    <UnitTestResult executionId="af22f99b-3ca9-476d-b253-c7d7000911b4" testId="1ab63018-a64d-cabf-0b10-e57cb940fb84" testName="ManagedCode.Communication.Tests.Results.ProblemExceptionTests.Constructor_WithProblemExtensions_ShouldPopulateData" computerName="pkrvmqc4gcfdwos" duration="00:00:00.0023570" startTime="2025-08-22T20:30:37.8814095+00:00" endTime="2025-08-22T20:30:37.8837394+00:00" testType="13cdc9d9-ddb5-4fa4-a97d-d965ccfc6d4b" outcome="Passed" testListId="8c84fa94-04c1-424b-9868-57a2d4851a1d" relativeResultsDirectory="af22f99b-3ca9-476d-b253-c7d7000911b4" />
    <UnitTestResult executionId="a5488ba0-c499-4d5e-b14d-6b9b7dbf8fd8" testId="84cba7e9-16d5-bd29-01c4-6b5bbd25da51" testName="ManagedCode.Communication.Tests.Results.ResultTests.TryGetProblem_WithFailedResult_ShouldReturnTrueAndProblem" computerName="pkrvmqc4gcfdwos" duration="00:00:00.0001961" startTime="2025-08-22T20:30:39.7735634+00:00" endTime="2025-08-22T20:30:39.7736396+00:00" testType="13cdc9d9-ddb5-4fa4-a97d-d965ccfc6d4b" outcome="Passed" testListId="8c84fa94-04c1-424b-9868-57a2d4851a1d" relativeResultsDirectory="a5488ba0-c499-4d5e-b14d-6b9b7dbf8fd8" />
    <UnitTestResult executionId="ca43e16e-5e3d-4cdc-bef1-a42533a2fd98" testId="f8a940f1-8634-0701-daf3-2dcd1e55555d" testName="ManagedCode.Communication.Tests.Results.ResultTTests.FailNotFound_ShouldCreateNotFoundResult" computerName="pkrvmqc4gcfdwos" duration="00:00:00.0002484" startTime="2025-08-22T20:30:39.3364908+00:00" endTime="2025-08-22T20:30:39.3365940+00:00" testType="13cdc9d9-ddb5-4fa4-a97d-d965ccfc6d4b" outcome="Passed" testListId="8c84fa94-04c1-424b-9868-57a2d4851a1d" relativeResultsDirectory="ca43e16e-5e3d-4cdc-bef1-a42533a2fd98" />
    <UnitTestResult executionId="6d90332f-c9f2-4387-a765-95d785f541e8" testId="794b71ec-85d9-cfea-3ecb-4593b036b3be" testName="ManagedCode.Communication.Tests.Results.ResultFailMethodsTests.Result_Fail_WithVariousStatusCodes_ShouldSetCorrectStatusCode(statusCode: Unauthorized, expectedCode: 401)" computerName="pkrvmqc4gcfdwos" duration="00:00:00.0000085" startTime="2025-08-22T20:30:40.7457075+00:00" endTime="2025-08-22T20:30:40.7457859+00:00" testType="13cdc9d9-ddb5-4fa4-a97d-d965ccfc6d4b" outcome="Passed" testListId="8c84fa94-04c1-424b-9868-57a2d4851a1d" relativeResultsDirectory="6d90332f-c9f2-4387-a765-95d785f541e8" />
    <UnitTestResult executionId="064b3c16-3b28-47cd-9244-c6a1436ec61b" testId="fac5a5a6-3df3-1003-499e-8b36ce0df94d" testName="ManagedCode.Communication.Tests.Extensions.HttpResponseExtensionTests.FromRequestToResult_VariousSuccessCodes_ReturnsSuccessResult(statusCode: Created)" computerName="pkrvmqc4gcfdwos" duration="00:00:00.0001693" startTime="2025-08-22T20:30:40.7144267+00:00" endTime="2025-08-22T20:30:40.7145230+00:00" testType="13cdc9d9-ddb5-4fa4-a97d-d965ccfc6d4b" outcome="Passed" testListId="8c84fa94-04c1-424b-9868-57a2d4851a1d" relativeResultsDirectory="064b3c16-3b28-47cd-9244-c6a1436ec61b" />
    <UnitTestResult executionId="57560103-5100-472b-adbf-88b4fe19f887" testId="49bddafe-bc17-f349-326c-5d40a7970e79" testName="ManagedCode.Communication.Tests.Results.ProblemToExceptionErrorTests.ToException_WithHttpRequestException_ShouldHandleSpecialCases" computerName="pkrvmqc4gcfdwos" duration="00:00:00.0062804" startTime="2025-08-22T20:30:39.4389012+00:00" endTime="2025-08-22T20:30:39.4431971+00:00" testType="13cdc9d9-ddb5-4fa4-a97d-d965ccfc6d4b" outcome="Passed" testListId="8c84fa94-04c1-424b-9868-57a2d4851a1d" relativeResultsDirectory="57560103-5100-472b-adbf-88b4fe19f887" />
    <UnitTestResult executionId="e7c46ec7-4f9e-490e-a428-093308eed7dd" testId="2db04800-c35a-cd8d-8f75-a8a0a4dfddd7" testName="ManagedCode.Communication.Tests.Results.ResultTFailMethodsTests.ResultT_Fail_NoParameters_ShouldCreateFailedResult" computerName="pkrvmqc4gcfdwos" duration="00:00:00.0001901" startTime="2025-08-22T20:30:39.8492374+00:00" endTime="2025-08-22T20:30:39.8493117+00:00" testType="13cdc9d9-ddb5-4fa4-a97d-d965ccfc6d4b" outcome="Passed" testListId="8c84fa94-04c1-424b-9868-57a2d4851a1d" relativeResultsDirectory="e7c46ec7-4f9e-490e-a428-093308eed7dd" />
    <UnitTestResult executionId="2c47d03c-7f99-4b26-9e5b-61615ae0dca5" testId="4ff25461-925d-2b73-524e-d2fd332c1e39" testName="ManagedCode.Communication.Tests.Results.ProblemTests.ErrorCode_PropertyShouldWorkCorrectly" computerName="pkrvmqc4gcfdwos" duration="00:00:00.0001468" startTime="2025-08-22T20:30:40.7275691+00:00" endTime="2025-08-22T20:30:40.7276715+00:00" testType="13cdc9d9-ddb5-4fa4-a97d-d965ccfc6d4b" outcome="Passed" testListId="8c84fa94-04c1-424b-9868-57a2d4851a1d" relativeResultsDirectory="2c47d03c-7f99-4b26-9e5b-61615ae0dca5" />
    <UnitTestResult executionId="4e10a706-c95f-4acc-b4e8-e6624d4ea712" testId="a5ad51b1-d46a-060d-76d3-1a3a6ebb810e" testName="ManagedCode.Communication.Tests.CollectionResults.CollectionResultFromMethodsTests.From_FaultedTask_ShouldReturnFailedResult" computerName="pkrvmqc4gcfdwos" duration="00:00:00.0008512" startTime="2025-08-22T20:30:40.1921339+00:00" endTime="2025-08-22T20:30:40.1922381+00:00" testType="13cdc9d9-ddb5-4fa4-a97d-d965ccfc6d4b" outcome="Passed" testListId="8c84fa94-04c1-424b-9868-57a2d4851a1d" relativeResultsDirectory="4e10a706-c95f-4acc-b4e8-e6624d4ea712" />
    <UnitTestResult executionId="e1963e27-ffc5-43ad-b4a3-97ea1a85e3b6" testId="7f739289-fb83-39f7-cc97-e031b49032de" testName="ManagedCode.Communication.Tests.AspNetCore.Extensions.ControllerExtensionsTests.ToActionResult_WithVariousStatusCodes_ReturnsCorrectStatusCode(statusCode: 404, title: &quot;Not Found&quot;)" computerName="pkrvmqc4gcfdwos" duration="00:00:00.0000213" startTime="2025-08-22T20:30:40.5865281+00:00" endTime="2025-08-22T20:30:40.5867099+00:00" testType="13cdc9d9-ddb5-4fa4-a97d-d965ccfc6d4b" outcome="Passed" testListId="8c84fa94-04c1-424b-9868-57a2d4851a1d" relativeResultsDirectory="e1963e27-ffc5-43ad-b4a3-97ea1a85e3b6" />
    <UnitTestResult executionId="722d7eb8-e74b-48a4-8ac4-4baf39852e00" testId="97a02c40-1c10-309c-a600-6c8bf81ccdfc" testName="ManagedCode.Communication.Tests.Extensions.ProblemExtensionsTests.ToFailedResult_FromProblemDetails_ShouldCreateFailedResult" computerName="pkrvmqc4gcfdwos" duration="00:00:00.0009432" startTime="2025-08-22T20:30:39.4906848+00:00" endTime="2025-08-22T20:30:39.4908242+00:00" testType="13cdc9d9-ddb5-4fa4-a97d-d965ccfc6d4b" outcome="Passed" testListId="8c84fa94-04c1-424b-9868-57a2d4851a1d" relativeResultsDirectory="722d7eb8-e74b-48a4-8ac4-4baf39852e00" />
    <UnitTestResult executionId="91792fd1-7fee-452f-8421-3d7090ef35dd" testId="976bb755-951a-abad-a6b2-b4df05914837" testName="ManagedCode.Communication.Tests.ProblemTests.ProblemCreateMethodsTests.Problem_Create_WithEnumDetailAndStatusCode_ShouldCreateProblemWithCustomDetail" computerName="pkrvmqc4gcfdwos" duration="00:00:00.0005727" startTime="2025-08-22T20:30:39.3459721+00:00" endTime="2025-08-22T20:30:39.3463249+00:00" testType="13cdc9d9-ddb5-4fa4-a97d-d965ccfc6d4b" outcome="Passed" testListId="8c84fa94-04c1-424b-9868-57a2d4851a1d" relativeResultsDirectory="91792fd1-7fee-452f-8421-3d7090ef35dd" />
    <UnitTestResult executionId="9f2071be-d8b6-4eba-a154-cd0f3c56cdde" testId="f3b583ac-90ff-1f56-69dc-aadf0d375497" testName="ManagedCode.Communication.Tests.Results.ResultHelperMethodsTests.Result_Try_WithCustomStatusCode_ShouldUseProvidedCode" computerName="pkrvmqc4gcfdwos" duration="00:00:00.0002404" startTime="2025-08-22T20:30:37.9251009+00:00" endTime="2025-08-22T20:30:37.9252294+00:00" testType="13cdc9d9-ddb5-4fa4-a97d-d965ccfc6d4b" outcome="Passed" testListId="8c84fa94-04c1-424b-9868-57a2d4851a1d" relativeResultsDirectory="9f2071be-d8b6-4eba-a154-cd0f3c56cdde" />
    <UnitTestResult executionId="ddf33d74-b818-4855-8a64-c9c430913729" testId="629bd067-7ea5-d193-55b4-3e52534b91b0" testName="ManagedCode.Communication.Tests.CollectionResults.CollectionResultFromMethodsTests.From_TaskReturningCollectionResult_ShouldReturnSameResult" computerName="pkrvmqc4gcfdwos" duration="00:00:00.0015632" startTime="2025-08-22T20:30:40.2661912+00:00" endTime="2025-08-22T20:30:40.2675810+00:00" testType="13cdc9d9-ddb5-4fa4-a97d-d965ccfc6d4b" outcome="Passed" testListId="8c84fa94-04c1-424b-9868-57a2d4851a1d" relativeResultsDirectory="ddf33d74-b818-4855-8a64-c9c430913729" />
    <UnitTestResult executionId="eeb9bb26-0074-4f6e-8d78-dd41a69d949a" testId="79aef7de-738f-b2d7-91f6-bab93a12a8cc" testName="ManagedCode.Communication.Tests.Extensions.AdvancedRailwayExtensionsTests.ParallelValidation_CollectsAllErrors" computerName="pkrvmqc4gcfdwos" duration="00:00:00.0005430" startTime="2025-08-22T20:30:39.4367880+00:00" endTime="2025-08-22T20:30:39.4369339+00:00" testType="13cdc9d9-ddb5-4fa4-a97d-d965ccfc6d4b" outcome="Passed" testListId="8c84fa94-04c1-424b-9868-57a2d4851a1d" relativeResultsDirectory="eeb9bb26-0074-4f6e-8d78-dd41a69d949a" />
    <UnitTestResult executionId="f055c8dc-faae-41fd-9163-0d8aa767bb27" testId="7c024d4b-1985-e15e-210c-918bbaab85d2" testName="ManagedCode.Communication.Tests.Results.ResultTFailMethodsTests.ResultT_FailValidation_WithSingleError_ShouldCreateValidationFailedResult" computerName="pkrvmqc4gcfdwos" duration="00:00:00.0003178" startTime="2025-08-22T20:30:39.8428094+00:00" endTime="2025-08-22T20:30:39.8429229+00:00" testType="13cdc9d9-ddb5-4fa4-a97d-d965ccfc6d4b" outcome="Passed" testListId="8c84fa94-04c1-424b-9868-57a2d4851a1d" relativeResultsDirectory="f055c8dc-faae-41fd-9163-0d8aa767bb27" />
    <UnitTestResult executionId="679d5a27-1437-4590-9e5f-3d13c8add06b" testId="66076f92-cd02-428b-c3aa-0dc5e5824793" testName="ManagedCode.Communication.Tests.Results.ResultHelperMethodsTests.ResultT_FailValidation_ShouldCreateValidationResult" computerName="pkrvmqc4gcfdwos" duration="00:00:00.0006874" startTime="2025-08-22T20:30:37.9189493+00:00" endTime="2025-08-22T20:30:37.9190799+00:00" testType="13cdc9d9-ddb5-4fa4-a97d-d965ccfc6d4b" outcome="Passed" testListId="8c84fa94-04c1-424b-9868-57a2d4851a1d" relativeResultsDirectory="679d5a27-1437-4590-9e5f-3d13c8add06b" />
    <UnitTestResult executionId="eb99c82d-294d-48dd-9860-c6f4af6db46e" testId="df5d6f80-47b6-1dba-6191-9a36b85a07e0" testName="ManagedCode.Communication.Tests.AspNetCore.Extensions.ControllerExtensionsTests.ToActionResult_WithComplexObject_ReturnsCorrectValue" computerName="pkrvmqc4gcfdwos" duration="00:00:00.0007156" startTime="2025-08-22T20:30:40.7074302+00:00" endTime="2025-08-22T20:30:40.7075377+00:00" testType="13cdc9d9-ddb5-4fa4-a97d-d965ccfc6d4b" outcome="Passed" testListId="8c84fa94-04c1-424b-9868-57a2d4851a1d" relativeResultsDirectory="eb99c82d-294d-48dd-9860-c6f4af6db46e" />
    <UnitTestResult executionId="0df7084f-92f3-4199-bae6-b72a5129a6c3" testId="a335cdf5-8bc7-ca99-6fe9-64ef25663cd0" testName="ManagedCode.Communication.Tests.Results.ResultOperatorsTests.CollectionResult_SucceedFromArray_ShouldCreateSuccessResult" computerName="pkrvmqc4gcfdwos" duration="00:00:00.0003765" startTime="2025-08-22T20:30:40.4414659+00:00" endTime="2025-08-22T20:30:40.4415756+00:00" testType="13cdc9d9-ddb5-4fa4-a97d-d965ccfc6d4b" outcome="Passed" testListId="8c84fa94-04c1-424b-9868-57a2d4851a1d" relativeResultsDirectory="0df7084f-92f3-4199-bae6-b72a5129a6c3" />
    <UnitTestResult executionId="ac530bbd-57c6-4252-9545-afe17a6b40b1" testId="7d7a9479-6bf7-df13-feb4-5692776fefbe" testName="ManagedCode.Communication.Tests.Orleans.Serialization.ResultSerializationTests.ResultT_WithComplexNestedObject_ShouldSerializeCorrectly" computerName="pkrvmqc4gcfdwos" duration="00:00:00.0093649" startTime="2025-08-22T20:30:39.5128330+00:00" endTime="2025-08-22T20:30:39.5231683+00:00" testType="13cdc9d9-ddb5-4fa4-a97d-d965ccfc6d4b" outcome="Passed" testListId="8c84fa94-04c1-424b-9868-57a2d4851a1d" relativeResultsDirectory="ac530bbd-57c6-4252-9545-afe17a6b40b1" />
    <UnitTestResult executionId="1fdc5c9b-f7a4-465d-8f6c-80cb8ce82eaa" testId="1de860b6-9b89-fb6b-c718-4f454ec9c197" testName="ManagedCode.Communication.Tests.Extensions.ResultConversionExtensionsTests.AsResult_WithNullValue_CreatesSuccessfulResultWithNull" computerName="pkrvmqc4gcfdwos" duration="00:00:00.0001789" startTime="2025-08-22T20:30:40.7374552+00:00" endTime="2025-08-22T20:30:40.7375439+00:00" testType="13cdc9d9-ddb5-4fa4-a97d-d965ccfc6d4b" outcome="Passed" testListId="8c84fa94-04c1-424b-9868-57a2d4851a1d" relativeResultsDirectory="1fdc5c9b-f7a4-465d-8f6c-80cb8ce82eaa" />
    <UnitTestResult executionId="d501c543-3f1c-44fe-9dc0-7979c3d71333" testId="9523222d-3297-4077-2b57-514061f60535" testName="ManagedCode.Communication.Tests.Extensions.ResultConversionExtensionsTests.AsResult_WithIntValue_CreatesSuccessfulResult" computerName="pkrvmqc4gcfdwos" duration="00:00:00.0001878" startTime="2025-08-22T20:30:40.7386265+00:00" endTime="2025-08-22T20:30:40.7387225+00:00" testType="13cdc9d9-ddb5-4fa4-a97d-d965ccfc6d4b" outcome="Passed" testListId="8c84fa94-04c1-424b-9868-57a2d4851a1d" relativeResultsDirectory="d501c543-3f1c-44fe-9dc0-7979c3d71333" />
    <UnitTestResult executionId="48eaf356-c327-4c80-9aa4-bdfdaa01489a" testId="6f633b18-8c5d-0bf5-db3d-b3c803d548db" testName="ManagedCode.Communication.Tests.CollectionResults.CollectionResultFromMethodsTests.From_FuncTaskWithCancellation_ShouldReturnFailedResult" computerName="pkrvmqc4gcfdwos" duration="00:00:00.0023903" startTime="2025-08-22T20:30:40.0655305+00:00" endTime="2025-08-22T20:30:40.0680789+00:00" testType="13cdc9d9-ddb5-4fa4-a97d-d965ccfc6d4b" outcome="Passed" testListId="8c84fa94-04c1-424b-9868-57a2d4851a1d" relativeResultsDirectory="48eaf356-c327-4c80-9aa4-bdfdaa01489a" />
    <UnitTestResult executionId="03b2e353-34ee-4043-ac04-6023c69595d7" testId="dad72413-ce66-f7c6-62da-d1fb0f77778d" testName="ManagedCode.Communication.Tests.Serialization.SerializationTests.CollectionResult_Failed_ShouldSerializeAndDeserialize" computerName="pkrvmqc4gcfdwos" duration="00:00:00.0129535" startTime="2025-08-22T20:30:40.2732104+00:00" endTime="2025-08-22T20:30:40.2861933+00:00" testType="13cdc9d9-ddb5-4fa4-a97d-d965ccfc6d4b" outcome="Passed" testListId="8c84fa94-04c1-424b-9868-57a2d4851a1d" relativeResultsDirectory="03b2e353-34ee-4043-ac04-6023c69595d7" />
    <UnitTestResult executionId="453c0c64-76df-4d75-b829-27a651fd6136" testId="39a6af94-85fa-6403-b818-97dddf42687e" testName="ManagedCode.Communication.Tests.ProblemTests.ProblemCreateMethodsTests.Problem_Create_FromExceptionWithData_ShouldIncludeExceptionData" computerName="pkrvmqc4gcfdwos" duration="00:00:00.0004616" startTime="2025-08-22T20:30:39.3414675+00:00" endTime="2025-08-22T20:30:39.3415691+00:00" testType="13cdc9d9-ddb5-4fa4-a97d-d965ccfc6d4b" outcome="Passed" testListId="8c84fa94-04c1-424b-9868-57a2d4851a1d" relativeResultsDirectory="453c0c64-76df-4d75-b829-27a651fd6136" />
    <UnitTestResult executionId="6ee278f3-2026-4e71-9da5-e33add6a4165" testId="ced3317a-f4de-c56d-29ac-20cf03fa04ec" testName="ManagedCode.Communication.Tests.Results.ProblemTests.FromEnum_ShouldCreateProblemFromEnum" computerName="pkrvmqc4gcfdwos" duration="00:00:00.0002406" startTime="2025-08-22T20:30:40.7330994+00:00" endTime="2025-08-22T20:30:40.7332089+00:00" testType="13cdc9d9-ddb5-4fa4-a97d-d965ccfc6d4b" outcome="Passed" testListId="8c84fa94-04c1-424b-9868-57a2d4851a1d" relativeResultsDirectory="6ee278f3-2026-4e71-9da5-e33add6a4165" />
    <UnitTestResult executionId="a30d8248-c174-4843-b85e-7beefb371d8f" testId="9aa28a55-43de-1f3f-a73d-5386fa240b7d" testName="ManagedCode.Communication.Tests.Results.ResultStaticHelperMethodsTests.Result_FailT_WithException_ShouldCreateFailedResultTWithException" computerName="pkrvmqc4gcfdwos" duration="00:00:00.0005474" startTime="2025-08-22T20:30:38.4668872+00:00" endTime="2025-08-22T20:30:38.4672489+00:00" testType="13cdc9d9-ddb5-4fa4-a97d-d965ccfc6d4b" outcome="Passed" testListId="8c84fa94-04c1-424b-9868-57a2d4851a1d" relativeResultsDirectory="a30d8248-c174-4843-b85e-7beefb371d8f" />
    <UnitTestResult executionId="3c33646f-ca79-45be-9fba-30ac5bcd7261" testId="55af12a1-8c60-19cc-8253-bcb814fd0918" testName="ManagedCode.Communication.Tests.CollectionResults.CollectionResultFailMethodsTests.Fail_WithArray_ShouldCreateFailedResultWithItems" computerName="pkrvmqc4gcfdwos" duration="00:00:00.0016892" startTime="2025-08-22T20:30:39.4684854+00:00" endTime="2025-08-22T20:30:39.4708668+00:00" testType="13cdc9d9-ddb5-4fa4-a97d-d965ccfc6d4b" outcome="Passed" testListId="8c84fa94-04c1-424b-9868-57a2d4851a1d" relativeResultsDirectory="3c33646f-ca79-45be-9fba-30ac5bcd7261" />
    <UnitTestResult executionId="98af12d7-f9fa-41a2-8c99-e75f09f1e248" testId="1f757bc5-86da-e122-1d55-9a03114706b1" testName="ManagedCode.Communication.Tests.Results.RailwayOrientedProgrammingTests.ComplexChain_WithFailure_ShouldShortCircuit" computerName="pkrvmqc4gcfdwos" duration="00:00:00.0006477" startTime="2025-08-22T20:30:37.7941033+00:00" endTime="2025-08-22T20:30:37.7942278+00:00" testType="13cdc9d9-ddb5-4fa4-a97d-d965ccfc6d4b" outcome="Passed" testListId="8c84fa94-04c1-424b-9868-57a2d4851a1d" relativeResultsDirectory="98af12d7-f9fa-41a2-8c99-e75f09f1e248" />
    <UnitTestResult executionId="1e6b86ac-f59f-4066-9bd7-fac424f4b4c6" testId="f8b2f5ca-2f69-2d8d-4212-5d32e0a23134" testName="ManagedCode.Communication.Tests.Results.ResultTFailMethodsTests.ResultT_Fail_WithVariousStatusCodes_ShouldSetCorrectStatusCode(statusCode: Unauthorized, expectedCode: 401)" computerName="pkrvmqc4gcfdwos" duration="00:00:00.0001799" startTime="2025-08-22T20:30:39.8432045+00:00" endTime="2025-08-22T20:30:39.8432995+00:00" testType="13cdc9d9-ddb5-4fa4-a97d-d965ccfc6d4b" outcome="Passed" testListId="8c84fa94-04c1-424b-9868-57a2d4851a1d" relativeResultsDirectory="1e6b86ac-f59f-4066-9bd7-fac424f4b4c6" />
    <UnitTestResult executionId="e7d3a1d0-ad2a-4584-92a4-44020f0f46ea" testId="1e89b684-e978-3894-3e18-fc74f760e637" testName="ManagedCode.Communication.Tests.ResultExtensionsTests.Map_WithFailedResult_ShouldPropagateFailure" computerName="pkrvmqc4gcfdwos" duration="00:00:00.0002128" startTime="2025-08-22T20:30:40.5399328+00:00" endTime="2025-08-22T20:30:40.5400532+00:00" testType="13cdc9d9-ddb5-4fa4-a97d-d965ccfc6d4b" outcome="Passed" testListId="8c84fa94-04c1-424b-9868-57a2d4851a1d" relativeResultsDirectory="e7d3a1d0-ad2a-4584-92a4-44020f0f46ea" />
    <UnitTestResult executionId="ff19fc34-aec2-4f6a-89bf-a943abef6cd1" testId="4d90ca4e-121b-6a9a-c432-778d267caf79" testName="ManagedCode.Communication.Tests.Extensions.RailwayExtensionsTests.Match_SuccessfulResultT_ExecutesOnSuccessWithValue" computerName="pkrvmqc4gcfdwos" duration="00:00:00.0004406" startTime="2025-08-22T20:30:38.5482361+00:00" endTime="2025-08-22T20:30:38.5483763+00:00" testType="13cdc9d9-ddb5-4fa4-a97d-d965ccfc6d4b" outcome="Passed" testListId="8c84fa94-04c1-424b-9868-57a2d4851a1d" relativeResultsDirectory="ff19fc34-aec2-4f6a-89bf-a943abef6cd1" />
    <UnitTestResult executionId="c55c3c73-b488-4164-81b8-6bcf4f9e02d0" testId="d9b0142c-6bc1-6f97-6ab7-2f168104e960" testName="ManagedCode.Communication.Tests.ProblemTests.ProblemCreateMethodsTests.Problem_AddValidationError_ToExistingField_ShouldAppendError" computerName="pkrvmqc4gcfdwos" duration="00:00:00.0002507" startTime="2025-08-22T20:30:39.3479027+00:00" endTime="2025-08-22T20:30:39.3480358+00:00" testType="13cdc9d9-ddb5-4fa4-a97d-d965ccfc6d4b" outcome="Passed" testListId="8c84fa94-04c1-424b-9868-57a2d4851a1d" relativeResultsDirectory="c55c3c73-b488-4164-81b8-6bcf4f9e02d0" />
    <UnitTestResult executionId="0a3ec812-780f-4abe-906c-a46ec8c745e2" testId="c12c22a4-61c9-8d54-02dc-fa4d09ff71de" testName="ManagedCode.Communication.Tests.Extensions.AdvancedRailwayExtensionsTests.Do_WithSuccess_ExecutesAction" computerName="pkrvmqc4gcfdwos" duration="00:00:00.0006682" startTime="2025-08-22T20:30:39.3883994+00:00" endTime="2025-08-22T20:30:39.3885519+00:00" testType="13cdc9d9-ddb5-4fa4-a97d-d965ccfc6d4b" outcome="Passed" testListId="8c84fa94-04c1-424b-9868-57a2d4851a1d" relativeResultsDirectory="0a3ec812-780f-4abe-906c-a46ec8c745e2" />
    <UnitTestResult executionId="bba8bb8a-2203-4f2b-8dcc-60346cc5ec66" testId="8a469a40-7454-6880-9e8d-7953fae79af1" testName="ManagedCode.Communication.Tests.AspNetCore.Extensions.ControllerExtensionsTests.ToActionResult_WithNoProblem_ReturnsDefaultError" computerName="pkrvmqc4gcfdwos" duration="00:00:00.0007114" startTime="2025-08-22T20:30:40.5817614+00:00" endTime="2025-08-22T20:30:40.5818567+00:00" testType="13cdc9d9-ddb5-4fa4-a97d-d965ccfc6d4b" outcome="Passed" testListId="8c84fa94-04c1-424b-9868-57a2d4851a1d" relativeResultsDirectory="bba8bb8a-2203-4f2b-8dcc-60346cc5ec66" />
    <UnitTestResult executionId="2939f382-537e-41fb-9ec0-f4d81bfa4f45" testId="792fafb6-8218-3fb7-1745-cee38069f92a" testName="ManagedCode.Communication.Tests.AspNetCore.Extensions.HubOptionsExtensionsTests.AddCommunicationHubFilter_WithNullServiceProvider_ThrowsArgumentNullException" computerName="pkrvmqc4gcfdwos" duration="00:00:00.0065202" startTime="2025-08-22T20:30:40.5003163+00:00" endTime="2025-08-22T20:30:40.5004163+00:00" testType="13cdc9d9-ddb5-4fa4-a97d-d965ccfc6d4b" outcome="Passed" testListId="8c84fa94-04c1-424b-9868-57a2d4851a1d" relativeResultsDirectory="2939f382-537e-41fb-9ec0-f4d81bfa4f45" />
    <UnitTestResult executionId="e1f4b9a5-9711-4d50-b3f9-6ba3c346fddf" testId="0b94c3b1-6583-79b8-f011-5229f57a9249" testName="ManagedCode.Communication.Tests.ResultExtensionsTests.Tap_WithSuccessResult_ShouldExecuteAction" computerName="pkrvmqc4gcfdwos" duration="00:00:00.0002881" startTime="2025-08-22T20:30:40.5087282+00:00" endTime="2025-08-22T20:30:40.5088314+00:00" testType="13cdc9d9-ddb5-4fa4-a97d-d965ccfc6d4b" outcome="Passed" testListId="8c84fa94-04c1-424b-9868-57a2d4851a1d" relativeResultsDirectory="e1f4b9a5-9711-4d50-b3f9-6ba3c346fddf" />
    <UnitTestResult executionId="b8c16033-cc97-4eca-8770-2739f08d3128" testId="e8ef69a7-69d2-7821-25ae-0ad9e98c19f5" testName="ManagedCode.Communication.Tests.Results.ResultOperatorsTests.CollectionResult_ImplicitOperator_FromProblem_ShouldCreateFailedResult" computerName="pkrvmqc4gcfdwos" duration="00:00:00.0003363" startTime="2025-08-22T20:30:40.4303131+00:00" endTime="2025-08-22T20:30:40.4304207+00:00" testType="13cdc9d9-ddb5-4fa4-a97d-d965ccfc6d4b" outcome="Passed" testListId="8c84fa94-04c1-424b-9868-57a2d4851a1d" relativeResultsDirectory="b8c16033-cc97-4eca-8770-2739f08d3128" />
    <UnitTestResult executionId="236ffbd1-14db-4fd8-96f8-42b50d292b46" testId="5804b4b4-4d14-d511-1065-baeb15ae9d58" testName="ManagedCode.Communication.Tests.CollectionResults.CollectionResultFailMethodsTests.Fail_WithInnerException_ShouldPreserveOuterExceptionInfo" computerName="pkrvmqc4gcfdwos" duration="00:00:00.0002270" startTime="2025-08-22T20:30:39.4737659+00:00" endTime="2025-08-22T20:30:39.4740228+00:00" testType="13cdc9d9-ddb5-4fa4-a97d-d965ccfc6d4b" outcome="Passed" testListId="8c84fa94-04c1-424b-9868-57a2d4851a1d" relativeResultsDirectory="236ffbd1-14db-4fd8-96f8-42b50d292b46" />
    <UnitTestResult executionId="981b29f9-c139-40a9-8710-f84c35aa6bb7" testId="2003d62f-56fa-bdbd-776e-cef4ed468d9f" testName="ManagedCode.Communication.Tests.Results.ResultStaticHelperMethodsTests.Result_FailForbiddenT_WithDetail_ShouldCreateForbiddenResultTWithCustomDetail" computerName="pkrvmqc4gcfdwos" duration="00:00:00.0007810" startTime="2025-08-22T20:30:38.4663701+00:00" endTime="2025-08-22T20:30:38.4666327+00:00" testType="13cdc9d9-ddb5-4fa4-a97d-d965ccfc6d4b" outcome="Passed" testListId="8c84fa94-04c1-424b-9868-57a2d4851a1d" relativeResultsDirectory="981b29f9-c139-40a9-8710-f84c35aa6bb7" />
    <UnitTestResult executionId="c2bccf5a-feb4-4bcc-b5d6-8e965a9cbc66" testId="4b36266e-a52e-ddb2-0c89-74a3ad238fe8" testName="ManagedCode.Communication.Tests.Serialization.SerializationTests.Result_Success_ShouldSerializeAndDeserialize" computerName="pkrvmqc4gcfdwos" duration="00:00:00.0001519" startTime="2025-08-22T20:30:40.4738235+00:00" endTime="2025-08-22T20:30:40.4739313+00:00" testType="13cdc9d9-ddb5-4fa4-a97d-d965ccfc6d4b" outcome="Passed" testListId="8c84fa94-04c1-424b-9868-57a2d4851a1d" relativeResultsDirectory="c2bccf5a-feb4-4bcc-b5d6-8e965a9cbc66" />
    <UnitTestResult executionId="407ac2fa-448f-411f-9a78-dc002c53a724" testId="c9b50cc0-af5c-379e-bcdc-156c0ff0245a" testName="ManagedCode.Communication.Tests.Results.ProblemCreationExtensionsTests.ToProblem_FromException_ShouldCreateProblemWithDefaultStatusCode" computerName="pkrvmqc4gcfdwos" duration="00:00:00.0002070" startTime="2025-08-22T20:30:38.4626306+00:00" endTime="2025-08-22T20:30:38.4627286+00:00" testType="13cdc9d9-ddb5-4fa4-a97d-d965ccfc6d4b" outcome="Passed" testListId="8c84fa94-04c1-424b-9868-57a2d4851a1d" relativeResultsDirectory="407ac2fa-448f-411f-9a78-dc002c53a724" />
    <UnitTestResult executionId="9349e0e1-e766-44f4-918b-cd7e080e6993" testId="5b8d597d-a947-799b-c752-623cf741033b" testName="ManagedCode.Communication.Tests.Extensions.AdvancedRailwayExtensionsTests.DoAsync_WithSuccess_ExecutesAsyncAction" computerName="pkrvmqc4gcfdwos" duration="00:00:00.0081688" startTime="2025-08-22T20:30:39.3557918+00:00" endTime="2025-08-22T20:30:39.3613165+00:00" testType="13cdc9d9-ddb5-4fa4-a97d-d965ccfc6d4b" outcome="Passed" testListId="8c84fa94-04c1-424b-9868-57a2d4851a1d" relativeResultsDirectory="9349e0e1-e766-44f4-918b-cd7e080e6993" />
    <UnitTestResult executionId="2611fb41-741d-424c-bdc8-4d6d7272f348" testId="ee9522e3-3347-1a86-68af-c4fa8cf496f8" testName="ManagedCode.Communication.Tests.Results.ResultFailMethodsTests.Result_Fail_WithEnum_ShouldCreateFailedResultWithErrorCode" computerName="pkrvmqc4gcfdwos" duration="00:00:00.0011400" startTime="2025-08-22T20:30:40.7533010+00:00" endTime="2025-08-22T20:30:40.7533864+00:00" testType="13cdc9d9-ddb5-4fa4-a97d-d965ccfc6d4b" outcome="Passed" testListId="8c84fa94-04c1-424b-9868-57a2d4851a1d" relativeResultsDirectory="2611fb41-741d-424c-bdc8-4d6d7272f348" />
    <UnitTestResult executionId="9fc16ae8-8e63-4333-9ff4-fd13492b9fe4" testId="d60e2fbc-d537-5dc4-b314-edebe3b20a8b" testName="ManagedCode.Communication.Tests.Results.ProblemToExceptionErrorTests.ToException_WithCustomExceptionWithoutDefaultConstructor_ShouldFallbackToProblemException" computerName="pkrvmqc4gcfdwos" duration="00:00:00.0004758" startTime="2025-08-22T20:30:39.4452518+00:00" endTime="2025-08-22T20:30:39.4453453+00:00" testType="13cdc9d9-ddb5-4fa4-a97d-d965ccfc6d4b" outcome="Passed" testListId="8c84fa94-04c1-424b-9868-57a2d4851a1d" relativeResultsDirectory="9fc16ae8-8e63-4333-9ff4-fd13492b9fe4" />
    <UnitTestResult executionId="18a690e5-4efb-4297-94b9-463af7acaa6b" testId="033615c8-912a-fb8e-83b7-5256a7e64b58" testName="ManagedCode.Communication.Tests.Serialization.SerializationTests.ResultT_Failed_ShouldSerializeAndDeserialize" computerName="pkrvmqc4gcfdwos" duration="00:00:00.0121486" startTime="2025-08-22T20:30:40.4742136+00:00" endTime="2025-08-22T20:30:40.4860900+00:00" testType="13cdc9d9-ddb5-4fa4-a97d-d965ccfc6d4b" outcome="Passed" testListId="8c84fa94-04c1-424b-9868-57a2d4851a1d" relativeResultsDirectory="18a690e5-4efb-4297-94b9-463af7acaa6b" />
    <UnitTestResult executionId="40feb616-bf14-4066-b23d-e4f1a5052ed6" testId="0fe8d20e-348c-7d20-8e18-4ab370792fe0" testName="ManagedCode.Communication.Tests.CollectionResults.CollectionResultFailMethodsTests.Fail_WithException_ShouldCreateFailedResultWithInternalServerError" computerName="pkrvmqc4gcfdwos" duration="00:00:00.0003914" startTime="2025-08-22T20:30:39.4854609+00:00" endTime="2025-08-22T20:30:39.4855593+00:00" testType="13cdc9d9-ddb5-4fa4-a97d-d965ccfc6d4b" outcome="Passed" testListId="8c84fa94-04c1-424b-9868-57a2d4851a1d" relativeResultsDirectory="40feb616-bf14-4066-b23d-e4f1a5052ed6" />
    <UnitTestResult executionId="8cac5a34-e270-46ae-92ae-c1e6f29c7aa9" testId="7adc2e63-29c5-a641-137d-0906b0776597" testName="ManagedCode.Communication.Tests.Results.ResultTests.ThrowIfFail_WithProblemException_ShouldPreserveProblemDetails" computerName="pkrvmqc4gcfdwos" duration="00:00:00.0032584" startTime="2025-08-22T20:30:39.7675175+00:00" endTime="2025-08-22T20:30:39.7712378+00:00" testType="13cdc9d9-ddb5-4fa4-a97d-d965ccfc6d4b" outcome="Passed" testListId="8c84fa94-04c1-424b-9868-57a2d4851a1d" relativeResultsDirectory="8cac5a34-e270-46ae-92ae-c1e6f29c7aa9" />
    <UnitTestResult executionId="face7d83-7858-4ada-a63e-a15ef8606388" testId="4329ce58-b589-cce3-e7e0-bf1e7069d301" testName="ManagedCode.Communication.Tests.OrleansTests.GrainClientTests.ValueTaskResultComplexObjectError" computerName="pkrvmqc4gcfdwos" duration="00:00:00.0081970" startTime="2025-08-22T20:30:40.8776851+00:00" endTime="2025-08-22T20:30:40.8859090+00:00" testType="13cdc9d9-ddb5-4fa4-a97d-d965ccfc6d4b" outcome="Passed" testListId="8c84fa94-04c1-424b-9868-57a2d4851a1d" relativeResultsDirectory="face7d83-7858-4ada-a63e-a15ef8606388" />
    <UnitTestResult executionId="c86815a5-cbe9-4e6f-8efd-fc337d243006" testId="3e2872b7-fb01-c386-1343-80b94b20e5b0" testName="ManagedCode.Communication.Tests.Results.RailwayOrientedProgrammingTests.Bind_WithFailure_ShouldShortCircuit" computerName="pkrvmqc4gcfdwos" duration="00:00:00.0003176" startTime="2025-08-22T20:30:37.7960693+00:00" endTime="2025-08-22T20:30:37.7961843+00:00" testType="13cdc9d9-ddb5-4fa4-a97d-d965ccfc6d4b" outcome="Passed" testListId="8c84fa94-04c1-424b-9868-57a2d4851a1d" relativeResultsDirectory="c86815a5-cbe9-4e6f-8efd-fc337d243006" />
    <UnitTestResult executionId="8b1c719b-7bbc-4b3a-b82b-0d9d37f9c61c" testId="8fb86198-a650-e4a9-cb59-495dfda2d14f" testName="ManagedCode.Communication.Tests.Results.ResultHelperMethodsTests.Result_ThrowIfFail_WithSuccess_ShouldReturnFalse" computerName="pkrvmqc4gcfdwos" duration="00:00:00.0001753" startTime="2025-08-22T20:30:37.9196425+00:00" endTime="2025-08-22T20:30:37.9197357+00:00" testType="13cdc9d9-ddb5-4fa4-a97d-d965ccfc6d4b" outcome="Passed" testListId="8c84fa94-04c1-424b-9868-57a2d4851a1d" relativeResultsDirectory="8b1c719b-7bbc-4b3a-b82b-0d9d37f9c61c" />
    <UnitTestResult executionId="1e605fc1-efe3-4c13-a14b-d8ba0f014768" testId="ba805cf8-7a9e-a067-dba8-44d688ef5092" testName="ManagedCode.Communication.Tests.Extensions.ResultConversionExtensionsTests.AsResult_WithStringValue_CreatesSuccessfulResult" computerName="pkrvmqc4gcfdwos" duration="00:00:00.0001747" startTime="2025-08-22T20:30:40.7371052+00:00" endTime="2025-08-22T20:30:40.7372240+00:00" testType="13cdc9d9-ddb5-4fa4-a97d-d965ccfc6d4b" outcome="Passed" testListId="8c84fa94-04c1-424b-9868-57a2d4851a1d" relativeResultsDirectory="1e605fc1-efe3-4c13-a14b-d8ba0f014768" />
    <UnitTestResult executionId="2e705ae6-b837-44e4-9410-d71c1c20311a" testId="9e91e282-03c1-0cff-0470-97bfea9c776b" testName="ManagedCode.Communication.Tests.Results.ResultTTests.TryGetProblem_WithFailedResult_ShouldReturnTrueAndProblem" computerName="pkrvmqc4gcfdwos" duration="00:00:00.0002046" startTime="2025-08-22T20:30:39.3306098+00:00" endTime="2025-08-22T20:30:39.3307156+00:00" testType="13cdc9d9-ddb5-4fa4-a97d-d965ccfc6d4b" outcome="Passed" testListId="8c84fa94-04c1-424b-9868-57a2d4851a1d" relativeResultsDirectory="2e705ae6-b837-44e4-9410-d71c1c20311a" />
    <UnitTestResult executionId="8b87db7b-d15e-4f4d-878b-dd751e6aa424" testId="ba9c39e8-72fd-56e5-9205-e49bf672c8c9" testName="ManagedCode.Communication.Tests.CollectionResults.CollectionResultFromMethodsTests.From_TaskReturningArray_ShouldCreateSuccessResult" computerName="pkrvmqc4gcfdwos" duration="00:00:00.0537727" startTime="2025-08-22T20:30:40.0437282+00:00" endTime="2025-08-22T20:30:40.0481575+00:00" testType="13cdc9d9-ddb5-4fa4-a97d-d965ccfc6d4b" outcome="Passed" testListId="8c84fa94-04c1-424b-9868-57a2d4851a1d" relativeResultsDirectory="8b87db7b-d15e-4f4d-878b-dd751e6aa424" />
    <UnitTestResult executionId="55454e90-3f88-4833-a56f-f23dfc5f9053" testId="ce3de199-36d5-8ba5-2e51-6302507f3d29" testName="ManagedCode.Communication.Tests.Results.ResultHelperMethodsTests.Result_From_WithAsyncTask_ShouldReturnSuccess" computerName="pkrvmqc4gcfdwos" duration="00:00:00.0089035" startTime="2025-08-22T20:30:38.4441230+00:00" endTime="2025-08-22T20:30:38.4488545+00:00" testType="13cdc9d9-ddb5-4fa4-a97d-d965ccfc6d4b" outcome="Passed" testListId="8c84fa94-04c1-424b-9868-57a2d4851a1d" relativeResultsDirectory="55454e90-3f88-4833-a56f-f23dfc5f9053" />
    <UnitTestResult executionId="828d8b30-68bf-4607-8155-d225efa24962" testId="e20cd443-fa33-bc28-26be-fffb5ab77d26" testName="ManagedCode.Communication.Tests.Results.ResultOperatorsTests.Result_ImplicitOperator_FromException_ShouldCreateFailedResult" computerName="pkrvmqc4gcfdwos" duration="00:00:00.0003244" startTime="2025-08-22T20:30:40.4421898+00:00" endTime="2025-08-22T20:30:40.4422817+00:00" testType="13cdc9d9-ddb5-4fa4-a97d-d965ccfc6d4b" outcome="Passed" testListId="8c84fa94-04c1-424b-9868-57a2d4851a1d" relativeResultsDirectory="828d8b30-68bf-4607-8155-d225efa24962" />
    <UnitTestResult executionId="36cbcf4f-6f90-4de3-9085-0f58a35d852f" testId="a14789f8-25ec-bd3c-5129-2bb2c2d09985" testName="ManagedCode.Communication.Tests.Extensions.RailwayExtensionsTests.Ensure_SuccessfulResultInvalidPredicate_BecomesFailed" computerName="pkrvmqc4gcfdwos" duration="00:00:00.0002406" startTime="2025-08-22T20:30:38.5523930+00:00" endTime="2025-08-22T20:30:38.5524949+00:00" testType="13cdc9d9-ddb5-4fa4-a97d-d965ccfc6d4b" outcome="Passed" testListId="8c84fa94-04c1-424b-9868-57a2d4851a1d" relativeResultsDirectory="36cbcf4f-6f90-4de3-9085-0f58a35d852f" />
    <UnitTestResult executionId="b3605cda-aad3-4d25-8d12-3856cf8c2ee0" testId="3c1351f2-b304-b994-7193-22c9e52a8782" testName="ManagedCode.Communication.Tests.Extensions.RailwayExtensionsTests.Finally_FailedResult_ExecutesAction" computerName="pkrvmqc4gcfdwos" duration="00:00:00.0003280" startTime="2025-08-22T20:30:38.5446167+00:00" endTime="2025-08-22T20:30:38.5446978+00:00" testType="13cdc9d9-ddb5-4fa4-a97d-d965ccfc6d4b" outcome="Passed" testListId="8c84fa94-04c1-424b-9868-57a2d4851a1d" relativeResultsDirectory="b3605cda-aad3-4d25-8d12-3856cf8c2ee0" />
    <UnitTestResult executionId="babe7e3b-e4a6-4e37-a844-bff0abea3ae5" testId="33a7f29f-3064-c7da-2697-0f90413b5ea8" testName="ManagedCode.Communication.Tests.CollectionResults.CollectionResultFromMethodsTests.From_TaskWithDelay_ShouldWaitAndReturnSuccessResult" computerName="pkrvmqc4gcfdwos" duration="00:00:00.0538270" startTime="2025-08-22T20:30:40.2139843+00:00" endTime="2025-08-22T20:30:40.2651437+00:00" testType="13cdc9d9-ddb5-4fa4-a97d-d965ccfc6d4b" outcome="Passed" testListId="8c84fa94-04c1-424b-9868-57a2d4851a1d" relativeResultsDirectory="babe7e3b-e4a6-4e37-a844-bff0abea3ae5" />
    <UnitTestResult executionId="9819a43c-9a0c-4d85-910c-3b91cd8ffc15" testId="fa3755de-e4bd-fecd-de44-2cb43605a4a6" testName="ManagedCode.Communication.Tests.Results.ResultOperatorsTests.ResultT_ImplicitOperator_FromValue_ShouldCreateSuccessResult" computerName="pkrvmqc4gcfdwos" duration="00:00:00.0001624" startTime="2025-08-22T20:30:40.4306655+00:00" endTime="2025-08-22T20:30:40.4307536+00:00" testType="13cdc9d9-ddb5-4fa4-a97d-d965ccfc6d4b" outcome="Passed" testListId="8c84fa94-04c1-424b-9868-57a2d4851a1d" relativeResultsDirectory="9819a43c-9a0c-4d85-910c-3b91cd8ffc15" />
    <UnitTestResult executionId="fbfe1203-246f-4d2b-ab62-d5a7b67f5bb8" testId="c4b29f92-16d2-98d3-cbb9-2e703b5f2766" testName="ManagedCode.Communication.Tests.Results.ResultOperatorsTests.Result_Fail_WithEnum_ShouldCreateFailedResultWithErrorCode" computerName="pkrvmqc4gcfdwos" duration="00:00:00.0002983" startTime="2025-08-22T20:30:40.4468356+00:00" endTime="2025-08-22T20:30:40.4469193+00:00" testType="13cdc9d9-ddb5-4fa4-a97d-d965ccfc6d4b" outcome="Passed" testListId="8c84fa94-04c1-424b-9868-57a2d4851a1d" relativeResultsDirectory="fbfe1203-246f-4d2b-ab62-d5a7b67f5bb8" />
    <UnitTestResult executionId="5ad26902-fd74-4655-952c-16ebfc70fde2" testId="71cf5e6d-ba2a-c7c3-a763-2fcedf333a8b" testName="ManagedCode.Communication.Tests.Results.ResultFailMethodsTests.Result_FailForbidden_NoParameters_ShouldCreateForbiddenResult" computerName="pkrvmqc4gcfdwos" duration="00:00:00.0001866" startTime="2025-08-22T20:30:40.7547337+00:00" endTime="2025-08-22T20:30:40.7548365+00:00" testType="13cdc9d9-ddb5-4fa4-a97d-d965ccfc6d4b" outcome="Passed" testListId="8c84fa94-04c1-424b-9868-57a2d4851a1d" relativeResultsDirectory="5ad26902-fd74-4655-952c-16ebfc70fde2" />
    <UnitTestResult executionId="81e9d875-a205-4fd5-ba2b-29191e682207" testId="bc434b75-bdc7-4498-0cdc-a7a24b7bcef3" testName="ManagedCode.Communication.Tests.Results.ResultFailMethodsTests.Result_Fail_WithTitleAndDetail_ShouldCreateFailedResultWithDefaultStatus" computerName="pkrvmqc4gcfdwos" duration="00:00:00.0001855" startTime="2025-08-22T20:30:40.7515586+00:00" endTime="2025-08-22T20:30:40.7516672+00:00" testType="13cdc9d9-ddb5-4fa4-a97d-d965ccfc6d4b" outcome="Passed" testListId="8c84fa94-04c1-424b-9868-57a2d4851a1d" relativeResultsDirectory="81e9d875-a205-4fd5-ba2b-29191e682207" />
    <UnitTestResult executionId="e987fed7-c21d-46b1-a87f-6201daa0617f" testId="2965b165-6679-d60b-abea-0abf705caf0c" testName="ManagedCode.Communication.Tests.Extensions.HttpResponseExtensionTests.FromJsonToResult_SuccessStatusCode_WithValidJson_ReturnsSuccessResult" computerName="pkrvmqc4gcfdwos" duration="00:00:00.1260002" startTime="2025-08-22T20:30:40.6589931+00:00" endTime="2025-08-22T20:30:40.7120750+00:00" testType="13cdc9d9-ddb5-4fa4-a97d-d965ccfc6d4b" outcome="Passed" testListId="8c84fa94-04c1-424b-9868-57a2d4851a1d" relativeResultsDirectory="e987fed7-c21d-46b1-a87f-6201daa0617f" />
    <UnitTestResult executionId="5c380092-bea7-4c21-a36b-cb87a741dc2c" testId="31cc8d58-51d6-fc21-a158-1f4f17545a53" testName="ManagedCode.Communication.Tests.Results.CollectionResultTests.ThrowIfFail_WithValidationFailure_ShouldThrowWithValidationDetails" computerName="pkrvmqc4gcfdwos" duration="00:00:00.0012342" startTime="2025-08-22T20:30:39.8900481+00:00" endTime="2025-08-22T20:30:39.8919517+00:00" testType="13cdc9d9-ddb5-4fa4-a97d-d965ccfc6d4b" outcome="Passed" testListId="8c84fa94-04c1-424b-9868-57a2d4851a1d" relativeResultsDirectory="5c380092-bea7-4c21-a36b-cb87a741dc2c" />
    <UnitTestResult executionId="7115f65c-fa35-47de-914f-e073ca19b62d" testId="6a5e75da-d4ce-a720-12fe-db0ec989bfda" testName="ManagedCode.Communication.Tests.Results.ProblemTests.GetErrorCodeAs_WithNonMatchingEnum_ShouldReturnNull" computerName="pkrvmqc4gcfdwos" duration="00:00:00.0015811" startTime="2025-08-22T20:30:40.7263297+00:00" endTime="2025-08-22T20:30:40.7264215+00:00" testType="13cdc9d9-ddb5-4fa4-a97d-d965ccfc6d4b" outcome="Passed" testListId="8c84fa94-04c1-424b-9868-57a2d4851a1d" relativeResultsDirectory="7115f65c-fa35-47de-914f-e073ca19b62d" />
    <UnitTestResult executionId="fc5dfd26-7d34-45de-be94-292f760fc925" testId="dce3fcdf-7249-6248-dfe7-0e19495e103e" testName="ManagedCode.Communication.Tests.Results.ProblemExceptionTests.Constructor_WithTitleOnly_ShouldUseDefaultStatusCodeAndDuplicateDetail" computerName="pkrvmqc4gcfdwos" duration="00:00:00.0002133" startTime="2025-08-22T20:30:37.8907779+00:00" endTime="2025-08-22T20:30:37.8911035+00:00" testType="13cdc9d9-ddb5-4fa4-a97d-d965ccfc6d4b" outcome="Passed" testListId="8c84fa94-04c1-424b-9868-57a2d4851a1d" relativeResultsDirectory="fc5dfd26-7d34-45de-be94-292f760fc925" />
    <UnitTestResult executionId="99d00d7d-58ae-4d41-94a8-8b2d40beb418" testId="de19ba09-da48-16a7-e578-ccf66f701e6a" testName="ManagedCode.Communication.Tests.CollectionResults.CollectionResultFromMethodsTests.From_FuncWithSideEffects_ShouldExecuteOnce" computerName="pkrvmqc4gcfdwos" duration="00:00:00.0005949" startTime="2025-08-22T20:30:40.0683065+00:00" endTime="2025-08-22T20:30:40.0683961+00:00" testType="13cdc9d9-ddb5-4fa4-a97d-d965ccfc6d4b" outcome="Passed" testListId="8c84fa94-04c1-424b-9868-57a2d4851a1d" relativeResultsDirectory="99d00d7d-58ae-4d41-94a8-8b2d40beb418" />
    <UnitTestResult executionId="f3c7505c-8dcb-4a86-9760-50d573b139c5" testId="a97143cb-6e59-8768-a70f-00f80b654e8d" testName="ManagedCode.Communication.Tests.Extensions.ResultConversionExtensionsTests.AsResult_WithComplexObject_CreatesSuccessfulResult" computerName="pkrvmqc4gcfdwos" duration="00:00:00.0005934" startTime="2025-08-22T20:30:40.7338471+00:00" endTime="2025-08-22T20:30:40.7339454+00:00" testType="13cdc9d9-ddb5-4fa4-a97d-d965ccfc6d4b" outcome="Passed" testListId="8c84fa94-04c1-424b-9868-57a2d4851a1d" relativeResultsDirectory="f3c7505c-8dcb-4a86-9760-50d573b139c5" />
    <UnitTestResult executionId="d50d42a2-3f50-48b2-9f0b-fcd5fca62e05" testId="ae081732-51d9-8f75-bc33-d945304db80b" testName="ManagedCode.Communication.Tests.Results.ResultTests.FailNotFound_ShouldCreateNotFoundResult" computerName="pkrvmqc4gcfdwos" duration="00:00:00.0001592" startTime="2025-08-22T20:30:39.7800775+00:00" endTime="2025-08-22T20:30:39.7802890+00:00" testType="13cdc9d9-ddb5-4fa4-a97d-d965ccfc6d4b" outcome="Passed" testListId="8c84fa94-04c1-424b-9868-57a2d4851a1d" relativeResultsDirectory="d50d42a2-3f50-48b2-9f0b-fcd5fca62e05" />
    <UnitTestResult executionId="5a666a5c-0bd3-4518-be56-d44b8704bced" testId="2d819a75-1f3b-8e3f-72c3-7eac56a5cef5" testName="ManagedCode.Communication.Tests.ProblemTests.ProblemCreateMethodsTests.Problem_AddValidationError_WithNonDictionaryExtension_ShouldReplaceWithDictionary" computerName="pkrvmqc4gcfdwos" duration="00:00:00.0001487" startTime="2025-08-22T20:30:39.3513223+00:00" endTime="2025-08-22T20:30:39.3514316+00:00" testType="13cdc9d9-ddb5-4fa4-a97d-d965ccfc6d4b" outcome="Passed" testListId="8c84fa94-04c1-424b-9868-57a2d4851a1d" relativeResultsDirectory="5a666a5c-0bd3-4518-be56-d44b8704bced" />
    <UnitTestResult executionId="18b6b15f-3e76-4f0d-94bc-ecb8f0bcbbe7" testId="b5aba053-73cd-4540-b3bc-87ffee779e82" testName="ManagedCode.Communication.Tests.Results.ResultTFailMethodsTests.ResultT_Fail_WithEnumDetailAndStatus_ShouldCreateFailedResultWithAllSpecified" computerName="pkrvmqc4gcfdwos" duration="00:00:00.0002601" startTime="2025-08-22T20:30:39.8497343+00:00" endTime="2025-08-22T20:30:39.8498066+00:00" testType="13cdc9d9-ddb5-4fa4-a97d-d965ccfc6d4b" outcome="Passed" testListId="8c84fa94-04c1-424b-9868-57a2d4851a1d" relativeResultsDirectory="18b6b15f-3e76-4f0d-94bc-ecb8f0bcbbe7" />
    <UnitTestResult executionId="65cbb94f-902c-450d-8df3-c81a6b9ee84d" testId="f76203f6-f127-113c-5b07-212839a96b73" testName="ManagedCode.Communication.Tests.AspNetCore.Extensions.ServiceCollectionExtensionsTests.Communication_Should_Handle_Valid_Model_Validation" computerName="pkrvmqc4gcfdwos" duration="00:00:00.0082066" startTime="2025-08-22T20:30:40.0793464+00:00" endTime="2025-08-22T20:30:40.0872629+00:00" testType="13cdc9d9-ddb5-4fa4-a97d-d965ccfc6d4b" outcome="Passed" testListId="8c84fa94-04c1-424b-9868-57a2d4851a1d" relativeResultsDirectory="65cbb94f-902c-450d-8df3-c81a6b9ee84d" />
    <UnitTestResult executionId="93ea8fed-508a-49ae-828e-b9146e776a08" testId="f033dff5-3005-c649-45d7-638d675d115a" testName="ManagedCode.Communication.Tests.Results.ProblemExceptionTests.Constructor_WithInnerException_ShouldCreateProblemFromException" computerName="pkrvmqc4gcfdwos" duration="00:00:00.0008466" startTime="2025-08-22T20:30:37.8851778+00:00" endTime="2025-08-22T20:30:37.8855917+00:00" testType="13cdc9d9-ddb5-4fa4-a97d-d965ccfc6d4b" outcome="Passed" testListId="8c84fa94-04c1-424b-9868-57a2d4851a1d" relativeResultsDirectory="93ea8fed-508a-49ae-828e-b9146e776a08" />
    <UnitTestResult executionId="37762cc0-4350-405d-8f9e-6bff10831140" testId="a9c4348a-f7cc-abf4-413a-fc58753695f7" testName="ManagedCode.Communication.Tests.AspNetCore.Extensions.ControllerExtensionsTests.ToHttpResult_WithSuccessResultNoValue_ReturnsNoContent" computerName="pkrvmqc4gcfdwos" duration="00:00:00.0007469" startTime="2025-08-22T20:30:40.7084974+00:00" endTime="2025-08-22T20:30:40.7085874+00:00" testType="13cdc9d9-ddb5-4fa4-a97d-d965ccfc6d4b" outcome="Passed" testListId="8c84fa94-04c1-424b-9868-57a2d4851a1d" relativeResultsDirectory="37762cc0-4350-405d-8f9e-6bff10831140" />
    <UnitTestResult executionId="9a97a04c-1ca6-473b-9f7b-455891476e0b" testId="cb55dff4-d7f6-2f2e-153f-1f8301bc11f9" testName="ManagedCode.Communication.Tests.Extensions.HttpResponseExtensionTests.FromRequestToResult_VariousErrorCodes_ReturnsFailedResult(statusCode: InternalServerError)" computerName="pkrvmqc4gcfdwos" duration="00:00:00.0027689" startTime="2025-08-22T20:30:40.5757115+00:00" endTime="2025-08-22T20:30:40.5765598+00:00" testType="13cdc9d9-ddb5-4fa4-a97d-d965ccfc6d4b" outcome="Passed" testListId="8c84fa94-04c1-424b-9868-57a2d4851a1d" relativeResultsDirectory="9a97a04c-1ca6-473b-9f7b-455891476e0b" />
    <UnitTestResult executionId="73190610-687f-485f-bc84-d55139f1b18a" testId="0d6b088a-4cbb-1e56-2603-e26c92fd9014" testName="ManagedCode.Communication.Tests.Results.CollectionResultInvalidMethodsTests.CollectionResult_Invalid_WithSpecialCharacters_ShouldHandleCorrectly" computerName="pkrvmqc4gcfdwos" duration="00:00:00.0002305" startTime="2025-08-22T20:30:39.8796778+00:00" endTime="2025-08-22T20:30:39.8797877+00:00" testType="13cdc9d9-ddb5-4fa4-a97d-d965ccfc6d4b" outcome="Passed" testListId="8c84fa94-04c1-424b-9868-57a2d4851a1d" relativeResultsDirectory="73190610-687f-485f-bc84-d55139f1b18a" />
    <UnitTestResult executionId="44c15f51-c6b2-4652-8b8d-bc648d934541" testId="6983a880-9157-394a-891c-2e7cb526bc4c" testName="ManagedCode.Communication.Tests.Serialization.SerializationTests.CommandMetadata_ShouldSerializeAndDeserialize" computerName="pkrvmqc4gcfdwos" duration="00:00:00.0011784" startTime="2025-08-22T20:30:40.4877696+00:00" endTime="2025-08-22T20:30:40.4887648+00:00" testType="13cdc9d9-ddb5-4fa4-a97d-d965ccfc6d4b" outcome="Passed" testListId="8c84fa94-04c1-424b-9868-57a2d4851a1d" relativeResultsDirectory="44c15f51-c6b2-4652-8b8d-bc648d934541" />
    <UnitTestResult executionId="18cf4b47-05d7-4086-bcb3-334824b7685b" testId="922f442b-abde-2646-f44f-3ba19dc6a53c" testName="ManagedCode.Communication.Tests.Extensions.RailwayExtensionsTests.TapAsync_SuccessfulResult_ExecutesAction" computerName="pkrvmqc4gcfdwos" duration="00:00:00.0020637" startTime="2025-08-22T20:30:38.5382408+00:00" endTime="2025-08-22T20:30:38.5402791+00:00" testType="13cdc9d9-ddb5-4fa4-a97d-d965ccfc6d4b" outcome="Passed" testListId="8c84fa94-04c1-424b-9868-57a2d4851a1d" relativeResultsDirectory="18cf4b47-05d7-4086-bcb3-334824b7685b" />
    <UnitTestResult executionId="73318a44-45a7-44a2-a899-a31606cded79" testId="7f0db5cd-3789-6493-06f2-6838ac79a529" testName="ManagedCode.Communication.Tests.Results.ResultFailMethodsTests.Result_FailNotFound_WithDetail_ShouldCreateNotFoundResultWithCustomDetail" computerName="pkrvmqc4gcfdwos" duration="00:00:00.0001412" startTime="2025-08-22T20:30:40.7443026+00:00" endTime="2025-08-22T20:30:40.7443827+00:00" testType="13cdc9d9-ddb5-4fa4-a97d-d965ccfc6d4b" outcome="Passed" testListId="8c84fa94-04c1-424b-9868-57a2d4851a1d" relativeResultsDirectory="73318a44-45a7-44a2-a899-a31606cded79" />
    <UnitTestResult executionId="fffba054-52c2-41cf-9276-7933d1178ef5" testId="75503792-348c-52d7-8b2d-0e5e30e7737f" testName="ManagedCode.Communication.Tests.Results.ProblemExceptionTests.Constructor_WithProblem_ShouldSetPropertiesCorrectly" computerName="pkrvmqc4gcfdwos" duration="00:00:00.0006230" startTime="2025-08-22T20:30:37.8840718+00:00" endTime="2025-08-22T20:30:37.8844281+00:00" testType="13cdc9d9-ddb5-4fa4-a97d-d965ccfc6d4b" outcome="Passed" testListId="8c84fa94-04c1-424b-9868-57a2d4851a1d" relativeResultsDirectory="fffba054-52c2-41cf-9276-7933d1178ef5" />
    <UnitTestResult executionId="24a6a6b3-a979-40a5-adf1-15332c556f3c" testId="c20609f4-6a70-6c55-75bb-083e12c37fc9" testName="ManagedCode.Communication.Tests.Extensions.RailwayExtensionsTests.Bind_SuccessfulResult_ExecutesNext" computerName="pkrvmqc4gcfdwos" duration="00:00:00.0002876" startTime="2025-08-22T20:30:38.5367110+00:00" endTime="2025-08-22T20:30:38.5368324+00:00" testType="13cdc9d9-ddb5-4fa4-a97d-d965ccfc6d4b" outcome="Passed" testListId="8c84fa94-04c1-424b-9868-57a2d4851a1d" relativeResultsDirectory="24a6a6b3-a979-40a5-adf1-15332c556f3c" />
    <UnitTestResult executionId="e8fec69a-ca69-4079-a74a-30ebd34e9e71" testId="3fbb058d-9598-d297-cfc7-b0e227b60076" testName="ManagedCode.Communication.Tests.ControllerTests.MiddlewareTests.NotFoundResult" computerName="pkrvmqc4gcfdwos" duration="00:00:00.0127894" startTime="2025-08-22T20:30:40.5345372+00:00" endTime="2025-08-22T20:30:40.5445135+00:00" testType="13cdc9d9-ddb5-4fa4-a97d-d965ccfc6d4b" outcome="Passed" testListId="8c84fa94-04c1-424b-9868-57a2d4851a1d" relativeResultsDirectory="e8fec69a-ca69-4079-a74a-30ebd34e9e71" />
    <UnitTestResult executionId="05da1b2a-ffe5-4b9a-9e8c-d01c00744e7a" testId="ed5c2593-cfa6-d545-7875-1061dd65dead" testName="ManagedCode.Communication.Tests.Serialization.SerializationTests.CommandT_WithCustomType_ShouldSerializeAndDeserialize" computerName="pkrvmqc4gcfdwos" duration="00:00:00.0722970" startTime="2025-08-22T20:30:40.2912919+00:00" endTime="2025-08-22T20:30:40.3660930+00:00" testType="13cdc9d9-ddb5-4fa4-a97d-d965ccfc6d4b" outcome="Passed" testListId="8c84fa94-04c1-424b-9868-57a2d4851a1d" relativeResultsDirectory="05da1b2a-ffe5-4b9a-9e8c-d01c00744e7a" />
    <UnitTestResult executionId="b53be3df-d425-41f0-886c-2891b1eae132" testId="a2af3fa3-e3a8-4009-0999-eb6fed122f5b" testName="ManagedCode.Communication.Tests.Results.ResultInvalidMethodsTests.ResultT_Invalid_WithEnumKeyValue_ShouldCreateValidationResultWithAll" computerName="pkrvmqc4gcfdwos" duration="00:00:00.0004033" startTime="2025-08-22T20:30:40.5567694+00:00" endTime="2025-08-22T20:30:40.5569262+00:00" testType="13cdc9d9-ddb5-4fa4-a97d-d965ccfc6d4b" outcome="Passed" testListId="8c84fa94-04c1-424b-9868-57a2d4851a1d" relativeResultsDirectory="b53be3df-d425-41f0-886c-2891b1eae132" />
    <UnitTestResult executionId="8b715f73-ded2-4ad4-9af5-f6702397b0b8" testId="44d98ef8-930e-6c96-71e8-5749bf624437" testName="ManagedCode.Communication.Tests.Results.ResultTests.TryGetProblem_WithValidationResult_ShouldReturnTrueAndValidationProblem" computerName="pkrvmqc4gcfdwos" duration="00:00:00.0003160" startTime="2025-08-22T20:30:39.7716788+00:00" endTime="2025-08-22T20:30:39.7717486+00:00" testType="13cdc9d9-ddb5-4fa4-a97d-d965ccfc6d4b" outcome="Passed" testListId="8c84fa94-04c1-424b-9868-57a2d4851a1d" relativeResultsDirectory="8b715f73-ded2-4ad4-9af5-f6702397b0b8" />
    <UnitTestResult executionId="cd07515e-92f4-4c3c-bc73-82fca793902f" testId="234bc324-8553-c6e0-ddb6-1b51780458be" testName="ManagedCode.Communication.Tests.Extensions.AdvancedRailwayExtensionsTests.Then_WithFailedResult_DoesNotExecuteNext" computerName="pkrvmqc4gcfdwos" duration="00:00:00.0003251" startTime="2025-08-22T20:30:39.3784153+00:00" endTime="2025-08-22T20:30:39.3785564+00:00" testType="13cdc9d9-ddb5-4fa4-a97d-d965ccfc6d4b" outcome="Passed" testListId="8c84fa94-04c1-424b-9868-57a2d4851a1d" relativeResultsDirectory="cd07515e-92f4-4c3c-bc73-82fca793902f" />
    <UnitTestResult executionId="5ad59da0-efb6-4395-ab7c-dfdf90b330d7" testId="a3a28d8a-51fe-9a33-f869-0770b45eb339" testName="ManagedCode.Communication.Tests.Extensions.RailwayExtensionsTests.Bind_FailedResult_DoesNotExecuteNext" computerName="pkrvmqc4gcfdwos" duration="00:00:00.0004629" startTime="2025-08-22T20:30:38.5486470+00:00" endTime="2025-08-22T20:30:38.5487538+00:00" testType="13cdc9d9-ddb5-4fa4-a97d-d965ccfc6d4b" outcome="Passed" testListId="8c84fa94-04c1-424b-9868-57a2d4851a1d" relativeResultsDirectory="5ad59da0-efb6-4395-ab7c-dfdf90b330d7" />
    <UnitTestResult executionId="fecfaf95-95c8-456d-b5f7-4255a73a77db" testId="9b1f8110-ea93-e02f-1655-61606e4aebd0" testName="ManagedCode.Communication.Tests.Results.CollectionResultInvalidMethodsTests.CollectionResult_Invalid_WithDictionary_ShouldCreateValidationResultWithAllErrors" computerName="pkrvmqc4gcfdwos" duration="00:00:00.0026869" startTime="2025-08-22T20:30:39.8593166+00:00" endTime="2025-08-22T20:30:39.8617626+00:00" testType="13cdc9d9-ddb5-4fa4-a97d-d965ccfc6d4b" outcome="Passed" testListId="8c84fa94-04c1-424b-9868-57a2d4851a1d" relativeResultsDirectory="fecfaf95-95c8-456d-b5f7-4255a73a77db" />
    <UnitTestResult executionId="a862ccca-33b7-47a3-8dda-dc3d2bd6577f" testId="03db011c-36c3-8fa6-9017-436f1dd775bb" testName="ManagedCode.Communication.Tests.Results.ProblemTests.Validation_ShouldCreateValidationProblem" computerName="pkrvmqc4gcfdwos" duration="00:00:00.0004523" startTime="2025-08-22T20:30:40.7310273+00:00" endTime="2025-08-22T20:30:40.7311406+00:00" testType="13cdc9d9-ddb5-4fa4-a97d-d965ccfc6d4b" outcome="Passed" testListId="8c84fa94-04c1-424b-9868-57a2d4851a1d" relativeResultsDirectory="a862ccca-33b7-47a3-8dda-dc3d2bd6577f" />
    <UnitTestResult executionId="fdf676f6-2f87-4981-9cc1-af33ec1dcbf4" testId="25b0e57c-5ba9-760a-cf42-a84a18ecc62c" testName="ManagedCode.Communication.Tests.Serialization.ProblemJsonConverterTests.Serialize_ProblemWithErrorCode_IncludesErrorCode" computerName="pkrvmqc4gcfdwos" duration="00:00:00.0005456" startTime="2025-08-22T20:30:37.8463838+00:00" endTime="2025-08-22T20:30:37.8465168+00:00" testType="13cdc9d9-ddb5-4fa4-a97d-d965ccfc6d4b" outcome="Passed" testListId="8c84fa94-04c1-424b-9868-57a2d4851a1d" relativeResultsDirectory="fdf676f6-2f87-4981-9cc1-af33ec1dcbf4" />
    <UnitTestResult executionId="6f7cd3e4-31dd-4b09-a10d-e0ec77330b41" testId="d6db3fca-97bb-20d9-cf3b-d05f44f87938" testName="ManagedCode.Communication.Tests.Results.ResultTFailMethodsTests.ResultT_Fail_WithEnumAndDetail_ShouldCreateFailedResultWithErrorCodeAndDetail" computerName="pkrvmqc4gcfdwos" duration="00:00:00.0004620" startTime="2025-08-22T20:30:39.8502470+00:00" endTime="2025-08-22T20:30:39.8503216+00:00" testType="13cdc9d9-ddb5-4fa4-a97d-d965ccfc6d4b" outcome="Passed" testListId="8c84fa94-04c1-424b-9868-57a2d4851a1d" relativeResultsDirectory="6f7cd3e4-31dd-4b09-a10d-e0ec77330b41" />
    <UnitTestResult executionId="739af790-b22e-4db1-8eec-b39de810f580" testId="cb6876f0-ec0c-d7e3-5334-20d6a5561189" testName="ManagedCode.Communication.Tests.CollectionResults.CollectionResultFailMethodsTests.Fail_WithTitleDetailAndStatus_ShouldCreateFailedResultWithSpecifiedStatus" computerName="pkrvmqc4gcfdwos" duration="00:00:00.0002575" startTime="2025-08-22T20:30:39.4575176+00:00" endTime="2025-08-22T20:30:39.4576323+00:00" testType="13cdc9d9-ddb5-4fa4-a97d-d965ccfc6d4b" outcome="Passed" testListId="8c84fa94-04c1-424b-9868-57a2d4851a1d" relativeResultsDirectory="739af790-b22e-4db1-8eec-b39de810f580" />
    <UnitTestResult executionId="0da03ee1-c901-4ea2-9ca5-663ad8768983" testId="cc5f0fa5-2624-4aa6-2ceb-955549536dc3" testName="ManagedCode.Communication.Tests.Orleans.Serialization.CommandSerializationTests.CommandMetadata_WithAllFields_ShouldSerializeCorrectly" computerName="pkrvmqc4gcfdwos" duration="00:00:00.0175602" startTime="2025-08-22T20:30:40.5170760+00:00" endTime="2025-08-22T20:30:40.5369200+00:00" testType="13cdc9d9-ddb5-4fa4-a97d-d965ccfc6d4b" outcome="Passed" testListId="8c84fa94-04c1-424b-9868-57a2d4851a1d" relativeResultsDirectory="0da03ee1-c901-4ea2-9ca5-663ad8768983" />
    <UnitTestResult executionId="24aa459e-a88d-4aad-8bc3-7f34eaf8a8b1" testId="8d46a340-0ed0-b99b-ffa5-9396c082f226" testName="ManagedCode.Communication.Tests.Results.CollectionResultTests.Succeed_WithEnumerableOnly_ShouldCalculatePagingInfo" computerName="pkrvmqc4gcfdwos" duration="00:00:00.0005418" startTime="2025-08-22T20:30:39.8986848+00:00" endTime="2025-08-22T20:30:39.8987887+00:00" testType="13cdc9d9-ddb5-4fa4-a97d-d965ccfc6d4b" outcome="Passed" testListId="8c84fa94-04c1-424b-9868-57a2d4851a1d" relativeResultsDirectory="24aa459e-a88d-4aad-8bc3-7f34eaf8a8b1" />
    <UnitTestResult executionId="43428869-c8b6-4900-b49c-7e96ef0b6e49" testId="77aaea21-e151-49fb-b25c-62821a330697" testName="ManagedCode.Communication.Tests.Orleans.OrleansSerializationTests.ErrorHandling_ValidationErrors_ShouldSerializeCorrectly" computerName="pkrvmqc4gcfdwos" duration="00:00:00.0042265" startTime="2025-08-22T20:30:40.9602910+00:00" endTime="2025-08-22T20:30:40.9645042+00:00" testType="13cdc9d9-ddb5-4fa4-a97d-d965ccfc6d4b" outcome="Passed" testListId="8c84fa94-04c1-424b-9868-57a2d4851a1d" relativeResultsDirectory="43428869-c8b6-4900-b49c-7e96ef0b6e49" />
    <UnitTestResult executionId="108a142f-6d87-4926-a407-63128748c04d" testId="54e77df2-c5f9-e6f4-caca-1b64d3e7ca87" testName="ManagedCode.Communication.Tests.Results.ResultHelperMethodsTests.Result_FailNotFound_ShouldCreateNotFoundResult" computerName="pkrvmqc4gcfdwos" duration="00:00:00.0032610" startTime="2025-08-22T20:30:37.9275067+00:00" endTime="2025-08-22T20:30:37.9276251+00:00" testType="13cdc9d9-ddb5-4fa4-a97d-d965ccfc6d4b" outcome="Passed" testListId="8c84fa94-04c1-424b-9868-57a2d4851a1d" relativeResultsDirectory="108a142f-6d87-4926-a407-63128748c04d" />
    <UnitTestResult executionId="758bf172-ef08-4188-8790-513c41dc190b" testId="02753c94-b31f-c479-f18b-db6bd8bba437" testName="ManagedCode.Communication.Tests.Results.ResultHelperMethodsTests.Result_TryGetProblem_WithSuccess_ShouldReturnFalse" computerName="pkrvmqc4gcfdwos" duration="00:00:00.0001776" startTime="2025-08-22T20:30:37.8931588+00:00" endTime="2025-08-22T20:30:37.8932834+00:00" testType="13cdc9d9-ddb5-4fa4-a97d-d965ccfc6d4b" outcome="Passed" testListId="8c84fa94-04c1-424b-9868-57a2d4851a1d" relativeResultsDirectory="758bf172-ef08-4188-8790-513c41dc190b" />
    <UnitTestResult executionId="1e3ca4ee-6354-4908-924b-210790fb00a1" testId="342251bc-8c6a-107f-f40f-bd580bcab139" testName="ManagedCode.Communication.Tests.ResultExtensionsTests.ComplexPipeline_ShouldProcessCorrectly" computerName="pkrvmqc4gcfdwos" duration="00:00:00.0074416" startTime="2025-08-22T20:30:40.5210909+00:00" endTime="2025-08-22T20:30:40.5265629+00:00" testType="13cdc9d9-ddb5-4fa4-a97d-d965ccfc6d4b" outcome="Passed" testListId="8c84fa94-04c1-424b-9868-57a2d4851a1d" relativeResultsDirectory="1e3ca4ee-6354-4908-924b-210790fb00a1" />
    <UnitTestResult executionId="f545ea0f-9ad2-4df9-ba1a-42e76a41d3a1" testId="c2a0058c-a5cc-3414-d3fc-5639c4dbe702" testName="ManagedCode.Communication.Tests.Results.ResultHelperMethodsTests.ResultT_Match_WithSuccess_ShouldCallOnSuccess" computerName="pkrvmqc4gcfdwos" duration="00:00:00.0003194" startTime="2025-08-22T20:30:37.9193282+00:00" endTime="2025-08-22T20:30:37.9194204+00:00" testType="13cdc9d9-ddb5-4fa4-a97d-d965ccfc6d4b" outcome="Passed" testListId="8c84fa94-04c1-424b-9868-57a2d4851a1d" relativeResultsDirectory="f545ea0f-9ad2-4df9-ba1a-42e76a41d3a1" />
    <UnitTestResult executionId="a6d850e4-4bdd-4ecc-9085-ea2399c82ac5" testId="ae8bdbb0-e445-3041-c219-15ee192365d2" testName="ManagedCode.Communication.Tests.AspNetCore.Extensions.ServiceCollectionExtensionsTests.Communication_Should_Handle_Empty_Collections" computerName="pkrvmqc4gcfdwos" duration="00:00:00.0054632" startTime="2025-08-22T20:30:40.0729806+00:00" endTime="2025-08-22T20:30:40.0790922+00:00" testType="13cdc9d9-ddb5-4fa4-a97d-d965ccfc6d4b" outcome="Passed" testListId="8c84fa94-04c1-424b-9868-57a2d4851a1d" relativeResultsDirectory="a6d850e4-4bdd-4ecc-9085-ea2399c82ac5" />
    <UnitTestResult executionId="b46534fc-89cc-4178-a92f-8743e8a32900" testId="010c27e2-8f1f-944a-38fc-aee10e8009f3" testName="ManagedCode.Communication.Tests.CollectionResults.CollectionResultFailMethodsTests.FailNotFound_WithDetail_ShouldCreateNotFoundResultWithCustomDetail" computerName="pkrvmqc4gcfdwos" duration="00:00:00.0002434" startTime="2025-08-22T20:30:39.4608516+00:00" endTime="2025-08-22T20:30:39.4609741+00:00" testType="13cdc9d9-ddb5-4fa4-a97d-d965ccfc6d4b" outcome="Passed" testListId="8c84fa94-04c1-424b-9868-57a2d4851a1d" relativeResultsDirectory="b46534fc-89cc-4178-a92f-8743e8a32900" />
    <UnitTestResult executionId="ea543179-706d-4dfe-b755-19692ce39d11" testId="3f8cf111-d901-cf6d-6700-aa95356160f6" testName="ManagedCode.Communication.Tests.Results.ProblemTests.HasErrorCode_WithMatchingEnum_ShouldReturnTrue" computerName="pkrvmqc4gcfdwos" duration="00:00:00.0002150" startTime="2025-08-22T20:30:40.7279149+00:00" endTime="2025-08-22T20:30:40.7280250+00:00" testType="13cdc9d9-ddb5-4fa4-a97d-d965ccfc6d4b" outcome="Passed" testListId="8c84fa94-04c1-424b-9868-57a2d4851a1d" relativeResultsDirectory="ea543179-706d-4dfe-b755-19692ce39d11" />
    <UnitTestResult executionId="e527ab62-a8b4-4fdf-ab93-7c9c7761f8da" testId="53713324-cc06-3054-5418-a2a3cf8996e1" testName="ManagedCode.Communication.Tests.Results.ResultInvalidMethodsTests.Result_InvalidT_WithDictionary_ShouldCreateValidationResultWithMultipleFields" computerName="pkrvmqc4gcfdwos" duration="00:00:00.0008985" startTime="2025-08-22T20:30:40.5702985+00:00" endTime="2025-08-22T20:30:40.5704137+00:00" testType="13cdc9d9-ddb5-4fa4-a97d-d965ccfc6d4b" outcome="Passed" testListId="8c84fa94-04c1-424b-9868-57a2d4851a1d" relativeResultsDirectory="e527ab62-a8b4-4fdf-ab93-7c9c7761f8da" />
    <UnitTestResult executionId="1ffae8b2-3293-40d1-8b7a-6361d23fc180" testId="bf056b60-1220-93fe-f132-4710dd020797" testName="ManagedCode.Communication.Tests.Results.ProblemCreationExtensionsTests.ToException_PreservesAllProblemDetails" computerName="pkrvmqc4gcfdwos" duration="00:00:00.0011830" startTime="2025-08-22T20:30:38.4568897+00:00" endTime="2025-08-22T20:30:38.4580300+00:00" testType="13cdc9d9-ddb5-4fa4-a97d-d965ccfc6d4b" outcome="Passed" testListId="8c84fa94-04c1-424b-9868-57a2d4851a1d" relativeResultsDirectory="1ffae8b2-3293-40d1-8b7a-6361d23fc180" />
    <UnitTestResult executionId="32dbc4ce-94bf-4888-b0cd-884da3ced778" testId="f2fedf4e-1784-514f-f108-e8785c00ded4" testName="ManagedCode.Communication.Tests.Extensions.ProblemExtensionsTests.AsProblem_ShouldConvertProblemDetailsToProblem" computerName="pkrvmqc4gcfdwos" duration="00:00:00.0002988" startTime="2025-08-22T20:30:39.4882758+00:00" endTime="2025-08-22T20:30:39.4884068+00:00" testType="13cdc9d9-ddb5-4fa4-a97d-d965ccfc6d4b" outcome="Passed" testListId="8c84fa94-04c1-424b-9868-57a2d4851a1d" relativeResultsDirectory="32dbc4ce-94bf-4888-b0cd-884da3ced778" />
    <UnitTestResult executionId="8231e4ff-dde7-45b4-8b64-681786b3e186" testId="b63a8c73-326f-00c0-2fb1-b6e3b569e065" testName="ManagedCode.Communication.Tests.Results.CollectionResultInvalidMethodsTests.CollectionResult_Invalid_NoParameters_ShouldCreateValidationResult" computerName="pkrvmqc4gcfdwos" duration="00:00:00.0002722" startTime="2025-08-22T20:30:39.8800341+00:00" endTime="2025-08-22T20:30:39.8801343+00:00" testType="13cdc9d9-ddb5-4fa4-a97d-d965ccfc6d4b" outcome="Passed" testListId="8c84fa94-04c1-424b-9868-57a2d4851a1d" relativeResultsDirectory="8231e4ff-dde7-45b4-8b64-681786b3e186" />
    <UnitTestResult executionId="fd2f5d2e-04b9-4640-99d7-59907bb9c206" testId="8cdb7f81-87b1-9f11-bc65-382e5a57ef43" testName="ManagedCode.Communication.Tests.Results.RailwayOrientedProgrammingTests.ResultTry_WithFailingAction_ShouldReturnFailure" computerName="pkrvmqc4gcfdwos" duration="00:00:00.0021480" startTime="2025-08-22T20:30:37.7498731+00:00" endTime="2025-08-22T20:30:37.7500620+00:00" testType="13cdc9d9-ddb5-4fa4-a97d-d965ccfc6d4b" outcome="Passed" testListId="8c84fa94-04c1-424b-9868-57a2d4851a1d" relativeResultsDirectory="fd2f5d2e-04b9-4640-99d7-59907bb9c206" />
    <UnitTestResult executionId="78b3cbd9-df9c-41a9-9ce9-cf16f24944f0" testId="59a8f339-f82c-db3a-3ce5-7a3aa210b60d" testName="ManagedCode.Communication.Tests.ResultExtensionsTests.BindAsyncGeneric_WithSuccessResult_ShouldChainAsyncOperations" computerName="pkrvmqc4gcfdwos" duration="00:00:00.0090508" startTime="2025-08-22T20:30:40.5295509+00:00" endTime="2025-08-22T20:30:40.5393255+00:00" testType="13cdc9d9-ddb5-4fa4-a97d-d965ccfc6d4b" outcome="Passed" testListId="8c84fa94-04c1-424b-9868-57a2d4851a1d" relativeResultsDirectory="78b3cbd9-df9c-41a9-9ce9-cf16f24944f0" />
    <UnitTestResult executionId="a2d951cf-8a61-4a98-8eaa-a5705a2bd6be" testId="9dafdb86-c22a-88fc-6833-af4e374d365d" testName="ManagedCode.Communication.Tests.CollectionResults.CollectionResultFromMethodsTests.From_LargeCollection_ShouldHandleEfficiently" computerName="pkrvmqc4gcfdwos" duration="00:00:00.0003561" startTime="2025-08-22T20:30:40.1976559+00:00" endTime="2025-08-22T20:30:40.1977591+00:00" testType="13cdc9d9-ddb5-4fa4-a97d-d965ccfc6d4b" outcome="Passed" testListId="8c84fa94-04c1-424b-9868-57a2d4851a1d" relativeResultsDirectory="a2d951cf-8a61-4a98-8eaa-a5705a2bd6be" />
    <UnitTestResult executionId="df58ac79-3b73-450b-8d1f-9896ec575dd7" testId="65200420-42ce-b190-7ff7-7b164ff1ec76" testName="ManagedCode.Communication.Tests.Results.ResultTests.TryGetProblem_WithSuccessfulResult_ShouldReturnFalse" computerName="pkrvmqc4gcfdwos" duration="00:00:00.0001095" startTime="2025-08-22T20:30:39.7805221+00:00" endTime="2025-08-22T20:30:39.7806154+00:00" testType="13cdc9d9-ddb5-4fa4-a97d-d965ccfc6d4b" outcome="Passed" testListId="8c84fa94-04c1-424b-9868-57a2d4851a1d" relativeResultsDirectory="df58ac79-3b73-450b-8d1f-9896ec575dd7" />
    <UnitTestResult executionId="579ca34c-5636-46a8-8022-71ef22f363f5" testId="bd85c34e-1e20-839d-feff-cc7eed9c2e75" testName="ManagedCode.Communication.Tests.Extensions.RailwayExtensionsTests.Bind_SuccessfulResultT_ExecutesBinder" computerName="pkrvmqc4gcfdwos" duration="00:00:00.0001895" startTime="2025-08-22T20:30:38.5428012+00:00" endTime="2025-08-22T20:30:38.5429081+00:00" testType="13cdc9d9-ddb5-4fa4-a97d-d965ccfc6d4b" outcome="Passed" testListId="8c84fa94-04c1-424b-9868-57a2d4851a1d" relativeResultsDirectory="579ca34c-5636-46a8-8022-71ef22f363f5" />
    <UnitTestResult executionId="eb5b6a8a-3841-4e8d-91e0-ce3417241d60" testId="b1d035f1-39f6-d499-287e-11a16120f663" testName="ManagedCode.Communication.Tests.Results.ProblemExceptionTests.IsValidationProblem_WithNonValidationProblem_ShouldReturnFalse" computerName="pkrvmqc4gcfdwos" duration="00:00:00.0001109" startTime="2025-08-22T20:30:37.8902380+00:00" endTime="2025-08-22T20:30:37.8903679+00:00" testType="13cdc9d9-ddb5-4fa4-a97d-d965ccfc6d4b" outcome="Passed" testListId="8c84fa94-04c1-424b-9868-57a2d4851a1d" relativeResultsDirectory="eb5b6a8a-3841-4e8d-91e0-ce3417241d60" />
    <UnitTestResult executionId="d0eba2da-991f-49c7-8316-951425ed2988" testId="02bf4062-6173-4a68-0596-4bfd52dc36b2" testName="ManagedCode.Communication.Tests.CollectionResults.CollectionResultFromMethodsTests.From_FuncTaskThrowingException_ShouldReturnFailedResult" computerName="pkrvmqc4gcfdwos" duration="00:00:00.0235825" startTime="2025-08-22T20:30:40.3977515+00:00" endTime="2025-08-22T20:30:40.4240837+00:00" testType="13cdc9d9-ddb5-4fa4-a97d-d965ccfc6d4b" outcome="Passed" testListId="8c84fa94-04c1-424b-9868-57a2d4851a1d" relativeResultsDirectory="d0eba2da-991f-49c7-8316-951425ed2988" />
    <UnitTestResult executionId="decee6d9-ec4e-4502-b97b-eb661e59843f" testId="6ae26cda-9ea5-f09e-3c41-fb491e5f7a36" testName="ManagedCode.Communication.Tests.Orleans.Serialization.ProblemSerializationTests.Problem_WithAllFields_ShouldSerializeCorrectly" computerName="pkrvmqc4gcfdwos" duration="00:00:00.0041690" startTime="2025-08-22T20:30:40.2260473+00:00" endTime="2025-08-22T20:30:40.2303102+00:00" testType="13cdc9d9-ddb5-4fa4-a97d-d965ccfc6d4b" outcome="Passed" testListId="8c84fa94-04c1-424b-9868-57a2d4851a1d" relativeResultsDirectory="decee6d9-ec4e-4502-b97b-eb661e59843f" />
    <UnitTestResult executionId="dda0c169-0e03-4027-8795-dc5f42eea736" testId="5db74618-4490-82d8-607c-508cd5058260" testName="ManagedCode.Communication.Tests.Results.ResultTFailMethodsTests.ResultT_Fail_WithTitleAndDetail_ShouldCreateFailedResultWithDefaultStatus" computerName="pkrvmqc4gcfdwos" duration="00:00:00.0001617" startTime="2025-08-22T20:30:39.8504887+00:00" endTime="2025-08-22T20:30:39.8505617+00:00" testType="13cdc9d9-ddb5-4fa4-a97d-d965ccfc6d4b" outcome="Passed" testListId="8c84fa94-04c1-424b-9868-57a2d4851a1d" relativeResultsDirectory="dda0c169-0e03-4027-8795-dc5f42eea736" />
    <UnitTestResult executionId="0d81e4b7-c2ff-4ec7-ab29-10276191522f" testId="6ad0df60-41b3-e199-2385-7ce9a635c0e2" testName="ManagedCode.Communication.Tests.Results.CollectionResultInvalidMethodsTests.CollectionResult_Invalid_WithEnumAndDictionary_ShouldCreateValidationResultWithErrorCodeAndErrors" computerName="pkrvmqc4gcfdwos" duration="00:00:00.0007280" startTime="2025-08-22T20:30:39.8776753+00:00" endTime="2025-08-22T20:30:39.8782241+00:00" testType="13cdc9d9-ddb5-4fa4-a97d-d965ccfc6d4b" outcome="Passed" testListId="8c84fa94-04c1-424b-9868-57a2d4851a1d" relativeResultsDirectory="0d81e4b7-c2ff-4ec7-ab29-10276191522f" />
    <UnitTestResult executionId="2681a490-b7af-4175-9e15-320cf6c60434" testId="0c29c5af-e3cf-7553-8d21-7aa06a61033d" testName="ManagedCode.Communication.Tests.CollectionResults.CollectionResultFailMethodsTests.Fail_WithComplexTypes_ShouldHandleCorrectly" computerName="pkrvmqc4gcfdwos" duration="00:00:00.0014677" startTime="2025-08-22T20:30:39.4798633+00:00" endTime="2025-08-22T20:30:39.4810854+00:00" testType="13cdc9d9-ddb5-4fa4-a97d-d965ccfc6d4b" outcome="Passed" testListId="8c84fa94-04c1-424b-9868-57a2d4851a1d" relativeResultsDirectory="2681a490-b7af-4175-9e15-320cf6c60434" />
    <UnitTestResult executionId="a555c2fa-13c1-49c1-9f13-baaf62739251" testId="94cb383a-2d02-5e8f-afee-a16f5b980b05" testName="ManagedCode.Communication.Tests.CollectionResults.CollectionResultFailMethodsTests.Fail_WithEnumDetailAndStatus_ShouldCreateFailedResultWithAllSpecified" computerName="pkrvmqc4gcfdwos" duration="00:00:00.0004742" startTime="2025-08-22T20:30:39.4557139+00:00" endTime="2025-08-22T20:30:39.4558595+00:00" testType="13cdc9d9-ddb5-4fa4-a97d-d965ccfc6d4b" outcome="Passed" testListId="8c84fa94-04c1-424b-9868-57a2d4851a1d" relativeResultsDirectory="a555c2fa-13c1-49c1-9f13-baaf62739251" />
    <UnitTestResult executionId="bf1e623a-7b00-4ff6-b0b8-f26c87b4a6f2" testId="9055a99e-808e-e43f-9f70-e1a7b9f0a551" testName="ManagedCode.Communication.Tests.Results.ResultFailMethodsTests.Result_Fail_WithEnumAndDetail_ShouldCreateFailedResultWithErrorCodeAndDetail" computerName="pkrvmqc4gcfdwos" duration="00:00:00.0007048" startTime="2025-08-22T20:30:40.7439786+00:00" endTime="2025-08-22T20:30:40.7440880+00:00" testType="13cdc9d9-ddb5-4fa4-a97d-d965ccfc6d4b" outcome="Passed" testListId="8c84fa94-04c1-424b-9868-57a2d4851a1d" relativeResultsDirectory="bf1e623a-7b00-4ff6-b0b8-f26c87b4a6f2" />
    <UnitTestResult executionId="e9096a97-08bf-499a-a33f-fc893718fa28" testId="bc66e507-df82-f1e7-2faf-ccf42c118b92" testName="ManagedCode.Communication.Tests.Results.ProblemTests.FromEnum_WithDefaultStatusCode_ShouldUse400" computerName="pkrvmqc4gcfdwos" duration="00:00:00.0001232" startTime="2025-08-22T20:30:40.7269113+00:00" endTime="2025-08-22T20:30:40.7269938+00:00" testType="13cdc9d9-ddb5-4fa4-a97d-d965ccfc6d4b" outcome="Passed" testListId="8c84fa94-04c1-424b-9868-57a2d4851a1d" relativeResultsDirectory="e9096a97-08bf-499a-a33f-fc893718fa28" />
    <UnitTestResult executionId="3ed6f975-a2ed-4a5d-bb47-308d2ce4d69a" testId="a555e622-b970-4ded-325b-3f0c89ae34f6" testName="ManagedCode.Communication.Tests.ProblemTests.ProblemCreateMethodsTests.Problem_AddValidationError_ToEmptyProblem_ShouldCreateErrorsDictionary" computerName="pkrvmqc4gcfdwos" duration="00:00:00.0002895" startTime="2025-08-22T20:30:39.3489806+00:00" endTime="2025-08-22T20:30:39.3491281+00:00" testType="13cdc9d9-ddb5-4fa4-a97d-d965ccfc6d4b" outcome="Passed" testListId="8c84fa94-04c1-424b-9868-57a2d4851a1d" relativeResultsDirectory="3ed6f975-a2ed-4a5d-bb47-308d2ce4d69a" />
    <UnitTestResult executionId="c1afc6f3-b0a4-4ea2-ab45-5d019d5a9318" testId="950f8757-e7b7-1138-1a4d-1e70b2dcf083" testName="ManagedCode.Communication.Tests.Results.ProblemExceptionTests.Constructor_WithProblemContainingMultipleValidationErrorsPerField_ShouldJoinWithSemicolon" computerName="pkrvmqc4gcfdwos" duration="00:00:00.0002040" startTime="2025-08-22T20:30:37.8847292+00:00" endTime="2025-08-22T20:30:37.8848425+00:00" testType="13cdc9d9-ddb5-4fa4-a97d-d965ccfc6d4b" outcome="Passed" testListId="8c84fa94-04c1-424b-9868-57a2d4851a1d" relativeResultsDirectory="c1afc6f3-b0a4-4ea2-ab45-5d019d5a9318" />
    <UnitTestResult executionId="d3190251-e1a8-44c4-825d-6865bfb898aa" testId="85fd8d0b-9fc0-1fbf-e3ac-fb7bd19ad960" testName="ManagedCode.Communication.Tests.ProblemTests.ProblemCreateMethodsTests.Problem_Create_WithEnumAndVariousStatusCodes_ShouldSetCorrectType(statusCode: 404, enumValue: &quot;NotFound&quot;)" computerName="pkrvmqc4gcfdwos" duration="00:00:00.0002871" startTime="2025-08-22T20:30:39.3437646+00:00" endTime="2025-08-22T20:30:39.3439255+00:00" testType="13cdc9d9-ddb5-4fa4-a97d-d965ccfc6d4b" outcome="Passed" testListId="8c84fa94-04c1-424b-9868-57a2d4851a1d" relativeResultsDirectory="d3190251-e1a8-44c4-825d-6865bfb898aa" />
    <UnitTestResult executionId="f4888fce-afc3-49bd-ae7b-567cfd035363" testId="46310652-8cba-41d1-ad89-4a295ad73bfd" testName="ManagedCode.Communication.Tests.Results.ResultStaticHelperMethodsTests.Result_FailT_NoParameters_ShouldCreateFailedResultT" computerName="pkrvmqc4gcfdwos" duration="00:00:00.0004451" startTime="2025-08-22T20:30:38.4711918+00:00" endTime="2025-08-22T20:30:38.4712929+00:00" testType="13cdc9d9-ddb5-4fa4-a97d-d965ccfc6d4b" outcome="Passed" testListId="8c84fa94-04c1-424b-9868-57a2d4851a1d" relativeResultsDirectory="f4888fce-afc3-49bd-ae7b-567cfd035363" />
    <UnitTestResult executionId="21490192-5281-42fd-a2b1-599230448e32" testId="d5e79021-8e56-47e1-e0da-836c7f362c97" testName="ManagedCode.Communication.Tests.CollectionResults.CollectionResultFailMethodsTests.FailForbidden_WithDetail_ShouldCreateForbiddenResultWithCustomDetail" computerName="pkrvmqc4gcfdwos" duration="00:00:00.0002313" startTime="2025-08-22T20:30:39.4724672+00:00" endTime="2025-08-22T20:30:39.4725886+00:00" testType="13cdc9d9-ddb5-4fa4-a97d-d965ccfc6d4b" outcome="Passed" testListId="8c84fa94-04c1-424b-9868-57a2d4851a1d" relativeResultsDirectory="21490192-5281-42fd-a2b1-599230448e32" />
    <UnitTestResult executionId="d10629da-41ee-46c3-b47f-c3bc197cec0d" testId="4628ea67-a850-c618-dd07-6b8c93867133" testName="ManagedCode.Communication.Tests.AspNetCore.Extensions.ServiceCollectionExtensionsTests.Communication_Should_Handle_Collection_Results" computerName="pkrvmqc4gcfdwos" duration="00:00:00.6042471" startTime="2025-08-22T20:30:39.3047907+00:00" endTime="2025-08-22T20:30:39.9089773+00:00" testType="13cdc9d9-ddb5-4fa4-a97d-d965ccfc6d4b" outcome="Passed" testListId="8c84fa94-04c1-424b-9868-57a2d4851a1d" relativeResultsDirectory="d10629da-41ee-46c3-b47f-c3bc197cec0d" />
    <UnitTestResult executionId="db9f6e51-de80-4db7-8cbd-a3f2aacd2851" testId="5ef343f7-cc0d-47aa-b43e-c9be70797afb" testName="ManagedCode.Communication.Tests.OrleansTests.GrainClientTests.ValueTaskResultComplexObject" computerName="pkrvmqc4gcfdwos" duration="00:00:00.0679620" startTime="2025-08-22T20:30:40.7998938+00:00" endTime="2025-08-22T20:30:40.8680727+00:00" testType="13cdc9d9-ddb5-4fa4-a97d-d965ccfc6d4b" outcome="Passed" testListId="8c84fa94-04c1-424b-9868-57a2d4851a1d" relativeResultsDirectory="db9f6e51-de80-4db7-8cbd-a3f2aacd2851" />
    <UnitTestResult executionId="21fe52ef-8e4b-45b8-8093-88efbfb5747d" testId="92a7db28-441b-b8fe-c790-8f59b23e56ea" testName="ManagedCode.Communication.Tests.Results.ResultInvalidMethodsTests.Result_Invalid_WithDictionary_ShouldCreateValidationResultWithMultipleFields" computerName="pkrvmqc4gcfdwos" duration="00:00:00.0025046" startTime="2025-08-22T20:30:40.5761527+00:00" endTime="2025-08-22T20:30:40.5807043+00:00" testType="13cdc9d9-ddb5-4fa4-a97d-d965ccfc6d4b" outcome="Passed" testListId="8c84fa94-04c1-424b-9868-57a2d4851a1d" relativeResultsDirectory="21fe52ef-8e4b-45b8-8093-88efbfb5747d" />
    <UnitTestResult executionId="7a0412d9-7f9c-44c4-933c-76613c5b23be" testId="f8292c99-1fa2-ca17-1340-240e96354ffd" testName="ManagedCode.Communication.Tests.CollectionResults.CollectionResultFailMethodsTests.Fail_WithVariousStatusCodes_ShouldSetCorrectStatusCode(statusCode: ServiceUnavailable, expectedCode: 503)" computerName="pkrvmqc4gcfdwos" duration="00:00:00.0000126" startTime="2025-08-22T20:30:39.4522511+00:00" endTime="2025-08-22T20:30:39.4523544+00:00" testType="13cdc9d9-ddb5-4fa4-a97d-d965ccfc6d4b" outcome="Passed" testListId="8c84fa94-04c1-424b-9868-57a2d4851a1d" relativeResultsDirectory="7a0412d9-7f9c-44c4-933c-76613c5b23be" />
    <UnitTestResult executionId="77ac96a2-dd0a-4183-9eb8-f35ec0719026" testId="eb6df723-a29f-9a70-5f7b-4a692189e22f" testName="ManagedCode.Communication.Tests.Results.ResultTFailMethodsTests.ResultT_Fail_WithVeryLongStrings_ShouldHandleCorrectly" computerName="pkrvmqc4gcfdwos" duration="00:00:00.0005229" startTime="2025-08-22T20:30:39.8527495+00:00" endTime="2025-08-22T20:30:39.8528301+00:00" testType="13cdc9d9-ddb5-4fa4-a97d-d965ccfc6d4b" outcome="Passed" testListId="8c84fa94-04c1-424b-9868-57a2d4851a1d" relativeResultsDirectory="77ac96a2-dd0a-4183-9eb8-f35ec0719026" />
    <UnitTestResult executionId="aaf3ce11-8f2d-4f4d-be22-3518aba303f2" testId="be1da5de-e0fe-47f3-2a89-4f7466ca0a66" testName="ManagedCode.Communication.Tests.CollectionResults.CollectionResultFailMethodsTests.Fail_WithProblem_ShouldCreateFailedResultWithProblem" computerName="pkrvmqc4gcfdwos" duration="00:00:00.0014953" startTime="2025-08-22T20:30:39.4632934+00:00" endTime="2025-08-22T20:30:39.4643097+00:00" testType="13cdc9d9-ddb5-4fa4-a97d-d965ccfc6d4b" outcome="Passed" testListId="8c84fa94-04c1-424b-9868-57a2d4851a1d" relativeResultsDirectory="aaf3ce11-8f2d-4f4d-be22-3518aba303f2" />
    <UnitTestResult executionId="b54c33c4-8315-4128-b664-dfc43f4817ae" testId="d102cefa-33e2-3c8d-7bd8-79d740844fb3" testName="ManagedCode.Communication.Tests.CollectionResults.CollectionResultFromMethodsTests.From_FuncThrowingExceptionForCollectionResult_ShouldReturnFailedResult" computerName="pkrvmqc4gcfdwos" duration="00:00:00.0002864" startTime="2025-08-22T20:30:40.3777236+00:00" endTime="2025-08-22T20:30:40.3778326+00:00" testType="13cdc9d9-ddb5-4fa4-a97d-d965ccfc6d4b" outcome="Passed" testListId="8c84fa94-04c1-424b-9868-57a2d4851a1d" relativeResultsDirectory="b54c33c4-8315-4128-b664-dfc43f4817ae" />
    <UnitTestResult executionId="511cb174-49c1-4124-8271-3d5f1f8f1472" testId="4ec95413-36ce-2f53-a5aa-0f2f9a590c47" testName="ManagedCode.Communication.Tests.Extensions.HttpResponseExtensionTests.FromRequestToResult_NoContentStatusCode_ReturnsSuccessResult" computerName="pkrvmqc4gcfdwos" duration="00:00:00.0004709" startTime="2025-08-22T20:30:40.7215953+00:00" endTime="2025-08-22T20:30:40.7216765+00:00" testType="13cdc9d9-ddb5-4fa4-a97d-d965ccfc6d4b" outcome="Passed" testListId="8c84fa94-04c1-424b-9868-57a2d4851a1d" relativeResultsDirectory="511cb174-49c1-4124-8271-3d5f1f8f1472" />
    <UnitTestResult executionId="31c00b48-1f01-4de6-aab1-c1e67a341358" testId="c87476d9-d6c4-b192-533c-f3fd92f25649" testName="ManagedCode.Communication.Tests.OrleansTests.GrainClientTests.ValueTaskResultStringError" computerName="pkrvmqc4gcfdwos" duration="00:00:00.0088063" startTime="2025-08-22T20:30:40.8683896+00:00" endTime="2025-08-22T20:30:40.8773737+00:00" testType="13cdc9d9-ddb5-4fa4-a97d-d965ccfc6d4b" outcome="Passed" testListId="8c84fa94-04c1-424b-9868-57a2d4851a1d" relativeResultsDirectory="31c00b48-1f01-4de6-aab1-c1e67a341358" />
    <UnitTestResult executionId="dd6a1c82-e1e9-401f-ba8f-d31629e65c94" testId="aa49e18c-4197-b3cc-aa70-ef1af862b8be" testName="ManagedCode.Communication.Tests.Results.ProblemTests.Constructor_ShouldInitializeExtensions" computerName="pkrvmqc4gcfdwos" duration="00:00:00.0002153" startTime="2025-08-22T20:30:40.7226094+00:00" endTime="2025-08-22T20:30:40.7226900+00:00" testType="13cdc9d9-ddb5-4fa4-a97d-d965ccfc6d4b" outcome="Passed" testListId="8c84fa94-04c1-424b-9868-57a2d4851a1d" relativeResultsDirectory="dd6a1c82-e1e9-401f-ba8f-d31629e65c94" />
    <UnitTestResult executionId="44496506-4747-4235-a9c5-e116f9c62ff9" testId="6aef3be6-be58-6d70-5d16-8497e19d6e8e" testName="ManagedCode.Communication.Tests.Extensions.AdvancedRailwayExtensionsTests.ToResult_WithNullValue_ReturnsNotFound" computerName="pkrvmqc4gcfdwos" duration="00:00:00.0007824" startTime="2025-08-22T20:30:39.4348006+00:00" endTime="2025-08-22T20:30:39.4355064+00:00" testType="13cdc9d9-ddb5-4fa4-a97d-d965ccfc6d4b" outcome="Passed" testListId="8c84fa94-04c1-424b-9868-57a2d4851a1d" relativeResultsDirectory="44496506-4747-4235-a9c5-e116f9c62ff9" />
    <UnitTestResult executionId="784b3e2b-ca52-4d66-bd95-221896c75ceb" testId="b530df44-9215-c330-3e2e-fee288d86fdb" testName="ManagedCode.Communication.Tests.Results.ProblemToExceptionTests.ToException_FromProblemWithoutOriginalType_ShouldReturnProblemException" computerName="pkrvmqc4gcfdwos" duration="00:00:00.0003649" startTime="2025-08-22T20:30:40.4900691+00:00" endTime="2025-08-22T20:30:40.4901786+00:00" testType="13cdc9d9-ddb5-4fa4-a97d-d965ccfc6d4b" outcome="Passed" testListId="8c84fa94-04c1-424b-9868-57a2d4851a1d" relativeResultsDirectory="784b3e2b-ca52-4d66-bd95-221896c75ceb" />
    <UnitTestResult executionId="437a38d5-08fd-4bc9-a88f-8057bcfa96a4" testId="d1f027cb-91cb-a032-394a-24ef43e517de" testName="ManagedCode.Communication.Tests.Commands.CommandTests.FromValue" computerName="pkrvmqc4gcfdwos" duration="00:00:00.0005245" startTime="2025-08-22T20:30:37.7458965+00:00" endTime="2025-08-22T20:30:37.7461148+00:00" testType="13cdc9d9-ddb5-4fa4-a97d-d965ccfc6d4b" outcome="Passed" testListId="8c84fa94-04c1-424b-9868-57a2d4851a1d" relativeResultsDirectory="437a38d5-08fd-4bc9-a88f-8057bcfa96a4" />
    <UnitTestResult executionId="1df08288-c703-4cf2-8060-c1c8c53acc02" testId="c9b0bf8f-b32e-afc0-1ba5-d7dd67234a1b" testName="ManagedCode.Communication.Tests.CollectionResults.CollectionResultFromMethodsTests.From_FuncValueTaskThrowingException_ShouldReturnFailedResult" computerName="pkrvmqc4gcfdwos" duration="00:00:00.0043214" startTime="2025-08-22T20:30:40.4243666+00:00" endTime="2025-08-22T20:30:40.4264784+00:00" testType="13cdc9d9-ddb5-4fa4-a97d-d965ccfc6d4b" outcome="Passed" testListId="8c84fa94-04c1-424b-9868-57a2d4851a1d" relativeResultsDirectory="1df08288-c703-4cf2-8060-c1c8c53acc02" />
    <UnitTestResult executionId="23da7677-9f36-49dc-9f52-f755b5cc6138" testId="d48b6f70-4c0f-8a1e-1ca8-45b3563283e1" testName="ManagedCode.Communication.Tests.Extensions.HttpResponseExtensionTests.FromJsonToResult_EmptyContent_WithErrorStatus_ReturnsFailedResult" computerName="pkrvmqc4gcfdwos" duration="00:00:00.0049787" startTime="2025-08-22T20:30:40.5806105+00:00" endTime="2025-08-22T20:30:40.5870439+00:00" testType="13cdc9d9-ddb5-4fa4-a97d-d965ccfc6d4b" outcome="Passed" testListId="8c84fa94-04c1-424b-9868-57a2d4851a1d" relativeResultsDirectory="23da7677-9f36-49dc-9f52-f755b5cc6138" />
    <UnitTestResult executionId="79accd2c-21f4-4407-aeb0-147031148fae" testId="21522ead-b433-4ed6-2bc6-7bc12d8649e5" testName="ManagedCode.Communication.Tests.Orleans.Serialization.CommandSerializationTests.Command_WithAllFields_ShouldSerializeCorrectly" computerName="pkrvmqc4gcfdwos" duration="00:00:00.0571056" startTime="2025-08-22T20:30:40.3862153+00:00" endTime="2025-08-22T20:30:40.4500565+00:00" testType="13cdc9d9-ddb5-4fa4-a97d-d965ccfc6d4b" outcome="Passed" testListId="8c84fa94-04c1-424b-9868-57a2d4851a1d" relativeResultsDirectory="79accd2c-21f4-4407-aeb0-147031148fae" />
    <UnitTestResult executionId="872a0548-6425-4251-a7e2-8c0f1cca479a" testId="efa28403-4b97-87b5-f2ab-991a214ef2a6" testName="ManagedCode.Communication.Tests.ControllerTests.MiddlewareTests.InvalidDataExceptionSignalR" computerName="pkrvmqc4gcfdwos" duration="00:00:00.2020911" startTime="2025-08-22T20:30:40.5651474+00:00" endTime="2025-08-22T20:30:40.7647690+00:00" testType="13cdc9d9-ddb5-4fa4-a97d-d965ccfc6d4b" outcome="Passed" testListId="8c84fa94-04c1-424b-9868-57a2d4851a1d" relativeResultsDirectory="872a0548-6425-4251-a7e2-8c0f1cca479a" />
    <UnitTestResult executionId="21f6cd5c-c05f-4f76-8aee-24f16ffd5fc3" testId="a7cb801d-7f16-2aed-a9b9-27ada01410cb" testName="ManagedCode.Communication.Tests.Results.ResultHelperMethodsTests.Result_TryGetProblem_WithFailure_ShouldReturnTrueAndProblem" computerName="pkrvmqc4gcfdwos" duration="00:00:00.0002197" startTime="2025-08-22T20:30:37.8706294+00:00" endTime="2025-08-22T20:30:37.8707624+00:00" testType="13cdc9d9-ddb5-4fa4-a97d-d965ccfc6d4b" outcome="Passed" testListId="8c84fa94-04c1-424b-9868-57a2d4851a1d" relativeResultsDirectory="21f6cd5c-c05f-4f76-8aee-24f16ffd5fc3" />
    <UnitTestResult executionId="7eb297eb-1615-4dc6-833f-d18257b20aaa" testId="912f6c7e-3dd3-46db-c9bf-50f8bac8d60b" testName="ManagedCode.Communication.Tests.Results.ProblemExceptionTests.ValidationErrors_WithNonValidationProblem_ShouldReturnNull" computerName="pkrvmqc4gcfdwos" duration="00:00:00.0004311" startTime="2025-08-22T20:30:37.8891294+00:00" endTime="2025-08-22T20:30:37.8899388+00:00" testType="13cdc9d9-ddb5-4fa4-a97d-d965ccfc6d4b" outcome="Passed" testListId="8c84fa94-04c1-424b-9868-57a2d4851a1d" relativeResultsDirectory="7eb297eb-1615-4dc6-833f-d18257b20aaa" />
    <UnitTestResult executionId="ebc5422c-e114-46cd-8304-7ce87931d431" testId="c13b6588-2a19-2c09-3895-58ee1bfe9fde" testName="ManagedCode.Communication.Tests.Results.ResultHelperMethodsTests.Result_TryAsync_WithSuccessfulTask_ShouldReturnSuccess" computerName="pkrvmqc4gcfdwos" duration="00:00:00.0151238" startTime="2025-08-22T20:30:37.8710585+00:00" endTime="2025-08-22T20:30:37.8906631+00:00" testType="13cdc9d9-ddb5-4fa4-a97d-d965ccfc6d4b" outcome="Passed" testListId="8c84fa94-04c1-424b-9868-57a2d4851a1d" relativeResultsDirectory="ebc5422c-e114-46cd-8304-7ce87931d431" />
    <UnitTestResult executionId="bbc79ddb-bc46-4eb7-9df9-9390869bcba8" testId="db2cb8c8-7d9d-eb1f-44ff-41d77481d91c" testName="ManagedCode.Communication.Tests.Extensions.RailwayExtensionsTests.Bind_FailedResultT_DoesNotExecuteBinder" computerName="pkrvmqc4gcfdwos" duration="00:00:00.0001581" startTime="2025-08-22T20:30:38.5439081+00:00" endTime="2025-08-22T20:30:38.5440472+00:00" testType="13cdc9d9-ddb5-4fa4-a97d-d965ccfc6d4b" outcome="Passed" testListId="8c84fa94-04c1-424b-9868-57a2d4851a1d" relativeResultsDirectory="bbc79ddb-bc46-4eb7-9df9-9390869bcba8" />
    <UnitTestResult executionId="3f5e71a8-0bb1-4b2d-a439-782edbb05bd0" testId="fd36a05d-aabc-c319-396e-483787345ed9" testName="ManagedCode.Communication.Tests.Results.ResultHelperMethodsTests.Result_Try_WithSuccessfulAction_ShouldReturnSuccess" computerName="pkrvmqc4gcfdwos" duration="00:00:00.0002170" startTime="2025-08-22T20:30:37.9145105+00:00" endTime="2025-08-22T20:30:37.9145787+00:00" testType="13cdc9d9-ddb5-4fa4-a97d-d965ccfc6d4b" outcome="Passed" testListId="8c84fa94-04c1-424b-9868-57a2d4851a1d" relativeResultsDirectory="3f5e71a8-0bb1-4b2d-a439-782edbb05bd0" />
    <UnitTestResult executionId="575f1ada-4421-467a-bf88-c68cbd833468" testId="7e46dd07-4366-27a0-3009-4a77bc548fa9" testName="ManagedCode.Communication.Tests.CollectionResults.CollectionResultFromMethodsTests.From_ValueTaskReturningCollectionResult_ShouldReturnSameResult" computerName="pkrvmqc4gcfdwos" duration="00:00:00.0135547" startTime="2025-08-22T20:30:40.3493900+00:00" endTime="2025-08-22T20:30:40.3593914+00:00" testType="13cdc9d9-ddb5-4fa4-a97d-d965ccfc6d4b" outcome="Passed" testListId="8c84fa94-04c1-424b-9868-57a2d4851a1d" relativeResultsDirectory="575f1ada-4421-467a-bf88-c68cbd833468" />
    <UnitTestResult executionId="5c5b5a13-768d-4893-b476-6185a4673aad" testId="5f864fdf-439e-2f82-1d4d-33966957f6d6" testName="ManagedCode.Communication.Tests.CollectionResults.CollectionResultFromMethodsTests.From_TaskReturningEnumerable_ShouldCreateSuccessResult" computerName="pkrvmqc4gcfdwos" duration="00:00:00.0086531" startTime="2025-08-22T20:30:40.2897481+00:00" endTime="2025-08-22T20:30:40.2986240+00:00" testType="13cdc9d9-ddb5-4fa4-a97d-d965ccfc6d4b" outcome="Passed" testListId="8c84fa94-04c1-424b-9868-57a2d4851a1d" relativeResultsDirectory="5c5b5a13-768d-4893-b476-6185a4673aad" />
    <UnitTestResult executionId="9ffe456d-6e94-4a26-9ca9-41b00ede6154" testId="d360f263-f7ec-aadc-b7b2-c7765fbfba2e" testName="ManagedCode.Communication.Tests.Results.RailwayOrientedProgrammingTests.ComplexChain_ShouldWorkCorrectly" computerName="pkrvmqc4gcfdwos" duration="00:00:00.0117705" startTime="2025-08-22T20:30:37.7933883+00:00" endTime="2025-08-22T20:30:37.7935540+00:00" testType="13cdc9d9-ddb5-4fa4-a97d-d965ccfc6d4b" outcome="Passed" testListId="8c84fa94-04c1-424b-9868-57a2d4851a1d" relativeResultsDirectory="9ffe456d-6e94-4a26-9ca9-41b00ede6154" />
    <UnitTestResult executionId="f3e08f76-f673-4915-bfc7-697c14e2af43" testId="c32c7fae-3b6b-0f87-7334-0ef6b44c9d25" testName="ManagedCode.Communication.Tests.Extensions.AdvancedRailwayExtensionsTests.Compensate_WithFailure_ExecutesRecovery" computerName="pkrvmqc4gcfdwos" duration="00:00:00.0002878" startTime="2025-08-22T20:30:39.4075592+00:00" endTime="2025-08-22T20:30:39.4076954+00:00" testType="13cdc9d9-ddb5-4fa4-a97d-d965ccfc6d4b" outcome="Passed" testListId="8c84fa94-04c1-424b-9868-57a2d4851a1d" relativeResultsDirectory="f3e08f76-f673-4915-bfc7-697c14e2af43" />
    <UnitTestResult executionId="b2e00495-c40a-4380-8904-f943449e492c" testId="311b6c3e-cccf-4b30-e7f9-449c9ecff942" testName="ManagedCode.Communication.Tests.ResultExtensionsTests.TapAsync_WithSuccessResult_ShouldExecuteAsyncAction" computerName="pkrvmqc4gcfdwos" duration="00:00:00.0097760" startTime="2025-08-22T20:30:40.5090841+00:00" endTime="2025-08-22T20:30:40.5198783+00:00" testType="13cdc9d9-ddb5-4fa4-a97d-d965ccfc6d4b" outcome="Passed" testListId="8c84fa94-04c1-424b-9868-57a2d4851a1d" relativeResultsDirectory="b2e00495-c40a-4380-8904-f943449e492c" />
    <UnitTestResult executionId="a7b28ab1-c61d-4d8d-b8be-eb85df017144" testId="c9d9ed72-c67b-02b9-941b-eca4dbf8c071" testName="ManagedCode.Communication.Tests.Results.ResultOperatorsTests.CollectionResult_ImplicitOperator_ToBool_ShouldReturnIsSuccess" computerName="pkrvmqc4gcfdwos" duration="00:00:00.0001815" startTime="2025-08-22T20:30:40.4465301+00:00" endTime="2025-08-22T20:30:40.4466106+00:00" testType="13cdc9d9-ddb5-4fa4-a97d-d965ccfc6d4b" outcome="Passed" testListId="8c84fa94-04c1-424b-9868-57a2d4851a1d" relativeResultsDirectory="a7b28ab1-c61d-4d8d-b8be-eb85df017144" />
    <UnitTestResult executionId="be4106cf-680c-4003-84dc-9a7070d27eb6" testId="4659e2ae-6baf-fd7c-3743-b3031d89bf4f" testName="ManagedCode.Communication.Tests.ProblemTests.ProblemCreateMethodsTests.Problem_Create_WithEnumAndVariousStatusCodes_ShouldSetCorrectType(statusCode: 400, enumValue: &quot;BadRequest&quot;)" computerName="pkrvmqc4gcfdwos" duration="00:00:00.0000237" startTime="2025-08-22T20:30:39.3441577+00:00" endTime="2025-08-22T20:30:39.3442673+00:00" testType="13cdc9d9-ddb5-4fa4-a97d-d965ccfc6d4b" outcome="Passed" testListId="8c84fa94-04c1-424b-9868-57a2d4851a1d" relativeResultsDirectory="be4106cf-680c-4003-84dc-9a7070d27eb6" />
    <UnitTestResult executionId="c813f4c1-5bae-41af-86bc-f6d63a26c8b5" testId="832db953-3174-9e47-9e79-c9e962a5dc9a" testName="ManagedCode.Communication.Tests.Results.ResultTests.ImplicitOperator_FromBool_True_ShouldCreateSuccessfulResult" computerName="pkrvmqc4gcfdwos" duration="00:00:00.0001572" startTime="2025-08-22T20:30:39.7782289+00:00" endTime="2025-08-22T20:30:39.7783378+00:00" testType="13cdc9d9-ddb5-4fa4-a97d-d965ccfc6d4b" outcome="Passed" testListId="8c84fa94-04c1-424b-9868-57a2d4851a1d" relativeResultsDirectory="c813f4c1-5bae-41af-86bc-f6d63a26c8b5" />
    <UnitTestResult executionId="2c422985-11a5-4a3e-ae0c-221e2427c492" testId="685bf125-95a7-b042-d839-6110f006a2bb" testName="ManagedCode.Communication.Tests.Results.CollectionResultTests.ThrowIfFail_WithFailedResult_ShouldThrow" computerName="pkrvmqc4gcfdwos" duration="00:00:00.0006016" startTime="2025-08-22T20:30:39.8982273+00:00" endTime="2025-08-22T20:30:39.8983649+00:00" testType="13cdc9d9-ddb5-4fa4-a97d-d965ccfc6d4b" outcome="Passed" testListId="8c84fa94-04c1-424b-9868-57a2d4851a1d" relativeResultsDirectory="2c422985-11a5-4a3e-ae0c-221e2427c492" />
    <UnitTestResult executionId="308d01a0-ff30-452e-8449-0dc296216a39" testId="c574a1e3-8952-ce45-2c0e-dc14f4ee4afc" testName="ManagedCode.Communication.Tests.Results.ResultInvalidMethodsTests.Invalid_WithEmptyDictionary_ShouldCreateValidationResultWithoutErrors" computerName="pkrvmqc4gcfdwos" duration="00:00:00.0006047" startTime="2025-08-22T20:30:40.5618305+00:00" endTime="2025-08-22T20:30:40.5619233+00:00" testType="13cdc9d9-ddb5-4fa4-a97d-d965ccfc6d4b" outcome="Passed" testListId="8c84fa94-04c1-424b-9868-57a2d4851a1d" relativeResultsDirectory="308d01a0-ff30-452e-8449-0dc296216a39" />
    <UnitTestResult executionId="38a4079e-a09e-4397-9812-806febda0a93" testId="8b9c529a-f659-c89a-aa3e-a5fad6a9fea7" testName="ManagedCode.Communication.Tests.Results.ResultStaticHelperMethodsTests.Result_FailValidationT_WithSingleError_ShouldCreateValidationFailedResultT" computerName="pkrvmqc4gcfdwos" duration="00:00:00.0002926" startTime="2025-08-22T20:30:38.4715239+00:00" endTime="2025-08-22T20:30:38.4716231+00:00" testType="13cdc9d9-ddb5-4fa4-a97d-d965ccfc6d4b" outcome="Passed" testListId="8c84fa94-04c1-424b-9868-57a2d4851a1d" relativeResultsDirectory="38a4079e-a09e-4397-9812-806febda0a93" />
    <UnitTestResult executionId="6dd35243-ff30-4afa-9dc3-6d5232205627" testId="a6f92938-3cd6-0259-0038-c96207263ec9" testName="ManagedCode.Communication.Tests.CollectionResults.CollectionResultFailMethodsTests.Fail_WithEnum_ShouldCreateFailedResultWithErrorCode" computerName="pkrvmqc4gcfdwos" duration="00:00:00.0013753" startTime="2025-08-22T20:30:39.4646104+00:00" endTime="2025-08-22T20:30:39.4657384+00:00" testType="13cdc9d9-ddb5-4fa4-a97d-d965ccfc6d4b" outcome="Passed" testListId="8c84fa94-04c1-424b-9868-57a2d4851a1d" relativeResultsDirectory="6dd35243-ff30-4afa-9dc3-6d5232205627" />
    <UnitTestResult executionId="f95d0181-a852-402d-93af-8ee2eddeb25c" testId="bb5bca1a-3a3d-1d7d-5495-30c05c394e48" testName="ManagedCode.Communication.Tests.Results.ResultStaticHelperMethodsTests.Result_FailT_WithMessage_ShouldCreateFailedResultTWithProblem" computerName="pkrvmqc4gcfdwos" duration="00:00:00.0028431" startTime="2025-08-22T20:30:38.4634168+00:00" endTime="2025-08-22T20:30:38.4650380+00:00" testType="13cdc9d9-ddb5-4fa4-a97d-d965ccfc6d4b" outcome="Passed" testListId="8c84fa94-04c1-424b-9868-57a2d4851a1d" relativeResultsDirectory="f95d0181-a852-402d-93af-8ee2eddeb25c" />
    <UnitTestResult executionId="45a20791-24b6-4fe8-8483-92d9663f243d" testId="c4d29875-feb5-a7dc-a76f-80d1469f6e29" testName="ManagedCode.Communication.Tests.Results.ResultTFailMethodsTests.ResultT_FailUnauthorized_NoParameters_ShouldCreateUnauthorizedResult" computerName="pkrvmqc4gcfdwos" duration="00:00:00.0002687" startTime="2025-08-22T20:30:39.8424659+00:00" endTime="2025-08-22T20:30:39.8425584+00:00" testType="13cdc9d9-ddb5-4fa4-a97d-d965ccfc6d4b" outcome="Passed" testListId="8c84fa94-04c1-424b-9868-57a2d4851a1d" relativeResultsDirectory="45a20791-24b6-4fe8-8483-92d9663f243d" />
    <UnitTestResult executionId="cdfcc37d-cecb-482c-9ec8-8c195dff00ad" testId="551e1906-8fe5-1e21-9db5-c258ea52673e" testName="ManagedCode.Communication.Tests.Results.ResultInvalidMethodsTests.ResultT_Invalid_WithKeyValue_ShouldCreateValidationResultWithCustomField" computerName="pkrvmqc4gcfdwos" duration="00:00:00.0003438" startTime="2025-08-22T20:30:40.5666447+00:00" endTime="2025-08-22T20:30:40.5667466+00:00" testType="13cdc9d9-ddb5-4fa4-a97d-d965ccfc6d4b" outcome="Passed" testListId="8c84fa94-04c1-424b-9868-57a2d4851a1d" relativeResultsDirectory="cdfcc37d-cecb-482c-9ec8-8c195dff00ad" />
    <UnitTestResult executionId="b96dacef-3389-4a54-b55a-3a0ab61b68af" testId="a446a9ac-cd6d-4eef-b2f8-502eddef1fa4" testName="ManagedCode.Communication.Tests.Orleans.Serialization.ResultSerializationTests.ResultT_WithNullValue_ShouldSerializeCorrectly" computerName="pkrvmqc4gcfdwos" duration="00:00:00.1291619" startTime="2025-08-22T20:30:39.3050541+00:00" endTime="2025-08-22T20:30:39.4349800+00:00" testType="13cdc9d9-ddb5-4fa4-a97d-d965ccfc6d4b" outcome="Passed" testListId="8c84fa94-04c1-424b-9868-57a2d4851a1d" relativeResultsDirectory="b96dacef-3389-4a54-b55a-3a0ab61b68af" />
    <UnitTestResult executionId="7296514e-7b43-4e00-9cfb-1c844163573d" testId="165652a5-8470-80de-f723-64799828bde9" testName="ManagedCode.Communication.Tests.Results.ResultTests.Try_WithExceptionThrowingAction_ShouldCreateFailedResult" computerName="pkrvmqc4gcfdwos" duration="00:00:00.0002674" startTime="2025-08-22T20:30:39.7732990+00:00" endTime="2025-08-22T20:30:39.7733788+00:00" testType="13cdc9d9-ddb5-4fa4-a97d-d965ccfc6d4b" outcome="Passed" testListId="8c84fa94-04c1-424b-9868-57a2d4851a1d" relativeResultsDirectory="7296514e-7b43-4e00-9cfb-1c844163573d" />
    <UnitTestResult executionId="af9e4b77-699e-461e-9c81-e011a29ab984" testId="c5101a70-e57e-8026-1c5c-7e3b4083afbc" testName="ManagedCode.Communication.Tests.ProblemTests.ProblemCreateMethodsTests.Problem_Create_WithFlagsEnum_ShouldHandleCorrectly" computerName="pkrvmqc4gcfdwos" duration="00:00:00.0014622" startTime="2025-08-22T20:30:39.3449113+00:00" endTime="2025-08-22T20:30:39.3457037+00:00" testType="13cdc9d9-ddb5-4fa4-a97d-d965ccfc6d4b" outcome="Passed" testListId="8c84fa94-04c1-424b-9868-57a2d4851a1d" relativeResultsDirectory="af9e4b77-699e-461e-9c81-e011a29ab984" />
    <UnitTestResult executionId="09bd4344-0166-4157-bfb3-dcce751162f6" testId="35b5ad29-9f82-13e3-add3-97b8e7b9d94c" testName="ManagedCode.Communication.Tests.Results.ResultOperatorsTests.Result_TryAsync_WithExceptionThrowingAction_ShouldReturnFailedResult" computerName="pkrvmqc4gcfdwos" duration="00:00:00.0070973" startTime="2025-08-22T20:30:40.4309901+00:00" endTime="2025-08-22T20:30:40.4411979+00:00" testType="13cdc9d9-ddb5-4fa4-a97d-d965ccfc6d4b" outcome="Passed" testListId="8c84fa94-04c1-424b-9868-57a2d4851a1d" relativeResultsDirectory="09bd4344-0166-4157-bfb3-dcce751162f6" />
    <UnitTestResult executionId="4f5d3f11-cfac-49d4-abaf-0412814dd544" testId="6ee08595-df8b-8458-88c8-ea8a550f9a05" testName="ManagedCode.Communication.Tests.Extensions.AdvancedRailwayExtensionsTests.FailIf_WithFalseCondition_KeepsSuccess" computerName="pkrvmqc4gcfdwos" duration="00:00:00.0002456" startTime="2025-08-22T20:30:39.4015560+00:00" endTime="2025-08-22T20:30:39.4016844+00:00" testType="13cdc9d9-ddb5-4fa4-a97d-d965ccfc6d4b" outcome="Passed" testListId="8c84fa94-04c1-424b-9868-57a2d4851a1d" relativeResultsDirectory="4f5d3f11-cfac-49d4-abaf-0412814dd544" />
    <UnitTestResult executionId="b43392b1-d1ef-494d-b78d-6d99494ea42f" testId="30d1482a-3681-2b78-041a-5c6ec797ad16" testName="ManagedCode.Communication.Tests.Results.ResultOperatorsTests.CollectionResult_ImplicitOperator_FromException_ShouldCreateFailedResult" computerName="pkrvmqc4gcfdwos" duration="00:00:00.0003399" startTime="2025-08-22T20:30:40.4418220+00:00" endTime="2025-08-22T20:30:40.4419160+00:00" testType="13cdc9d9-ddb5-4fa4-a97d-d965ccfc6d4b" outcome="Passed" testListId="8c84fa94-04c1-424b-9868-57a2d4851a1d" relativeResultsDirectory="b43392b1-d1ef-494d-b78d-6d99494ea42f" />
    <UnitTestResult executionId="90a49ba6-752f-48d6-a381-df9314745873" testId="bfa6a2fe-1dd5-18fe-deaf-f94c809d7864" testName="ManagedCode.Communication.Tests.Results.ProblemTests.FromException_ShouldCreateProblemFromException" computerName="pkrvmqc4gcfdwos" duration="00:00:00.0003086" startTime="2025-08-22T20:30:40.7266251+00:00" endTime="2025-08-22T20:30:40.7267090+00:00" testType="13cdc9d9-ddb5-4fa4-a97d-d965ccfc6d4b" outcome="Passed" testListId="8c84fa94-04c1-424b-9868-57a2d4851a1d" relativeResultsDirectory="90a49ba6-752f-48d6-a381-df9314745873" />
    <UnitTestResult executionId="c8bf1a36-795e-4359-8d0c-7f5a82065016" testId="bbf811fc-91c4-d67b-1ccb-4aee9c90b997" testName="ManagedCode.Communication.Tests.Results.ResultInvalidMethodsTests.Result_InvalidT_WithMessage_ShouldCreateValidationResultWithMessage" computerName="pkrvmqc4gcfdwos" duration="00:00:00.0004412" startTime="2025-08-22T20:30:40.5594028+00:00" endTime="2025-08-22T20:30:40.5600812+00:00" testType="13cdc9d9-ddb5-4fa4-a97d-d965ccfc6d4b" outcome="Passed" testListId="8c84fa94-04c1-424b-9868-57a2d4851a1d" relativeResultsDirectory="c8bf1a36-795e-4359-8d0c-7f5a82065016" />
    <UnitTestResult executionId="f0c6ab6f-0715-43dd-bccd-923cedb67aed" testId="69beb265-ebe6-f9da-2e10-2e50d1b0f6dd" testName="ManagedCode.Communication.Tests.Results.RailwayOrientedProgrammingTests.Match_WithFailure_ShouldExecuteFailureFunction" computerName="pkrvmqc4gcfdwos" duration="00:00:00.0006920" startTime="2025-08-22T20:30:37.7508219+00:00" endTime="2025-08-22T20:30:37.7512996+00:00" testType="13cdc9d9-ddb5-4fa4-a97d-d965ccfc6d4b" outcome="Passed" testListId="8c84fa94-04c1-424b-9868-57a2d4851a1d" relativeResultsDirectory="f0c6ab6f-0715-43dd-bccd-923cedb67aed" />
    <UnitTestResult executionId="df0f42ac-8250-44bb-a56d-6b4c7fa05eea" testId="af0b0176-41dc-ac96-c773-4c806eea0dff" testName="ManagedCode.Communication.Tests.Serialization.SerializationTests.ComplexNestedStructure_ShouldSerializeAndDeserialize" computerName="pkrvmqc4gcfdwos" duration="00:00:00.0398709" startTime="2025-08-22T20:30:40.3667211+00:00" endTime="2025-08-22T20:30:40.4071910+00:00" testType="13cdc9d9-ddb5-4fa4-a97d-d965ccfc6d4b" outcome="Passed" testListId="8c84fa94-04c1-424b-9868-57a2d4851a1d" relativeResultsDirectory="df0f42ac-8250-44bb-a56d-6b4c7fa05eea" />
    <UnitTestResult executionId="7c357780-4880-4061-869b-96062ffb176e" testId="6583a529-9a0d-8ac6-f31e-1a2e00b4ca32" testName="ManagedCode.Communication.Tests.Orleans.Serialization.ResultSerializationTests.Result_Success_ShouldSerializeCorrectly" computerName="pkrvmqc4gcfdwos" duration="00:00:00.0041498" startTime="2025-08-22T20:30:39.5234684+00:00" endTime="2025-08-22T20:30:39.5273524+00:00" testType="13cdc9d9-ddb5-4fa4-a97d-d965ccfc6d4b" outcome="Passed" testListId="8c84fa94-04c1-424b-9868-57a2d4851a1d" relativeResultsDirectory="7c357780-4880-4061-869b-96062ffb176e" />
    <UnitTestResult executionId="bfff2be0-98f7-44e2-89dc-f5be599d444e" testId="71308719-ce88-4981-95a1-907da9a59986" testName="ManagedCode.Communication.Tests.Results.ResultHelperMethodsTests.ResultT_TryGetProblem_WithSuccess_ShouldReturnFalse" computerName="pkrvmqc4gcfdwos" duration="00:00:00.0001273" startTime="2025-08-22T20:30:37.9182253+00:00" endTime="2025-08-22T20:30:37.9183386+00:00" testType="13cdc9d9-ddb5-4fa4-a97d-d965ccfc6d4b" outcome="Passed" testListId="8c84fa94-04c1-424b-9868-57a2d4851a1d" relativeResultsDirectory="bfff2be0-98f7-44e2-89dc-f5be599d444e" />
    <UnitTestResult executionId="a7f063aa-a417-4cb1-88a5-b4056ff242b8" testId="a5e59568-9809-0546-2c2c-c87f9fc098c3" testName="ManagedCode.Communication.Tests.Results.ResultInvalidMethodsTests.ResultT_Invalid_WithEnum_ShouldCreateValidationResultWithErrorCode" computerName="pkrvmqc4gcfdwos" duration="00:00:00.0004047" startTime="2025-08-22T20:30:40.5621980+00:00" endTime="2025-08-22T20:30:40.5622963+00:00" testType="13cdc9d9-ddb5-4fa4-a97d-d965ccfc6d4b" outcome="Passed" testListId="8c84fa94-04c1-424b-9868-57a2d4851a1d" relativeResultsDirectory="a7f063aa-a417-4cb1-88a5-b4056ff242b8" />
    <UnitTestResult executionId="6143a8d1-ced9-4054-91c0-2f0ff531096c" testId="8e29e473-880f-e0c6-1aef-64cf243a141f" testName="ManagedCode.Communication.Tests.Results.ProblemToExceptionTests.ToException_FromProblemCreatedManually_ShouldReturnProblemException" computerName="pkrvmqc4gcfdwos" duration="00:00:00.0003128" startTime="2025-08-22T20:30:40.4959822+00:00" endTime="2025-08-22T20:30:40.4960926+00:00" testType="13cdc9d9-ddb5-4fa4-a97d-d965ccfc6d4b" outcome="Passed" testListId="8c84fa94-04c1-424b-9868-57a2d4851a1d" relativeResultsDirectory="6143a8d1-ced9-4054-91c0-2f0ff531096c" />
    <UnitTestResult executionId="07a340c4-f2d6-4ee2-b9f0-db6946cc5870" testId="4052b285-ee8b-dda1-747f-8fb2d2b5853d" testName="ManagedCode.Communication.Tests.Results.ResultTests.ImplicitOperator_ToBool_ShouldReturnIsSuccess" computerName="pkrvmqc4gcfdwos" duration="00:00:00.0002758" startTime="2025-08-22T20:30:39.7816753+00:00" endTime="2025-08-22T20:30:39.7817573+00:00" testType="13cdc9d9-ddb5-4fa4-a97d-d965ccfc6d4b" outcome="Passed" testListId="8c84fa94-04c1-424b-9868-57a2d4851a1d" relativeResultsDirectory="07a340c4-f2d6-4ee2-b9f0-db6946cc5870" />
    <UnitTestResult executionId="acddb7a7-a01d-4c3f-a8d5-af6eb2f1c1b7" testId="99f446f3-a7b4-6b9c-7383-6521b7b5724d" testName="ManagedCode.Communication.Tests.Results.CollectionResultTests.TotalPages_ShouldCalculateCorrectly" computerName="pkrvmqc4gcfdwos" duration="00:00:00.0002289" startTime="2025-08-22T20:30:39.8994287+00:00" endTime="2025-08-22T20:30:39.8995307+00:00" testType="13cdc9d9-ddb5-4fa4-a97d-d965ccfc6d4b" outcome="Passed" testListId="8c84fa94-04c1-424b-9868-57a2d4851a1d" relativeResultsDirectory="acddb7a7-a01d-4c3f-a8d5-af6eb2f1c1b7" />
    <UnitTestResult executionId="7185c8ad-241f-4b75-8763-662b3bed2649" testId="14c31508-17e6-4880-b426-ed6fb60b31cf" testName="ManagedCode.Communication.Tests.Results.ResultHelperMethodsTests.Result_From_WithSuccessResult_ShouldReturnSuccess" computerName="pkrvmqc4gcfdwos" duration="00:00:00.0004161" startTime="2025-08-22T20:30:37.8948676+00:00" endTime="2025-08-22T20:30:37.8955255+00:00" testType="13cdc9d9-ddb5-4fa4-a97d-d965ccfc6d4b" outcome="Passed" testListId="8c84fa94-04c1-424b-9868-57a2d4851a1d" relativeResultsDirectory="7185c8ad-241f-4b75-8763-662b3bed2649" />
    <UnitTestResult executionId="d498a312-db5d-4241-a996-71a371be8de6" testId="9f77d37b-5939-25ba-159c-c8d9e89e3cd4" testName="ManagedCode.Communication.Tests.Extensions.AdvancedRailwayExtensionsTests.Where_WithNonMatchingPredicate_ReturnsFailure" computerName="pkrvmqc4gcfdwos" duration="00:00:00.0005692" startTime="2025-08-22T20:30:39.3778006+00:00" endTime="2025-08-22T20:30:39.3781213+00:00" testType="13cdc9d9-ddb5-4fa4-a97d-d965ccfc6d4b" outcome="Passed" testListId="8c84fa94-04c1-424b-9868-57a2d4851a1d" relativeResultsDirectory="d498a312-db5d-4241-a996-71a371be8de6" />
    <UnitTestResult executionId="91dba332-29b9-4cd1-b3f7-300552b44346" testId="ac82514e-82f3-4065-a2b1-92de92c3b5d4" testName="ManagedCode.Communication.Tests.CollectionResults.CollectionResultFailMethodsTests.FailForbidden_NoParameters_ShouldCreateForbiddenResult" computerName="pkrvmqc4gcfdwos" duration="00:00:00.0002913" startTime="2025-08-22T20:30:39.4753834+00:00" endTime="2025-08-22T20:30:39.4754992+00:00" testType="13cdc9d9-ddb5-4fa4-a97d-d965ccfc6d4b" outcome="Passed" testListId="8c84fa94-04c1-424b-9868-57a2d4851a1d" relativeResultsDirectory="91dba332-29b9-4cd1-b3f7-300552b44346" />
    <UnitTestResult executionId="693ca9c7-8c2a-4bdb-bb0e-29685ade9ebd" testId="7c24f30a-cdbb-9287-2f6f-be40b9f25947" testName="ManagedCode.Communication.Tests.Results.ProblemExceptionTests.Constructor_WithBasicDetails_ShouldCreateProblemAndSetProperties" computerName="pkrvmqc4gcfdwos" duration="00:00:00.0003284" startTime="2025-08-22T20:30:37.8858896+00:00" endTime="2025-08-22T20:30:37.8860397+00:00" testType="13cdc9d9-ddb5-4fa4-a97d-d965ccfc6d4b" outcome="Passed" testListId="8c84fa94-04c1-424b-9868-57a2d4851a1d" relativeResultsDirectory="693ca9c7-8c2a-4bdb-bb0e-29685ade9ebd" />
    <UnitTestResult executionId="381af369-7ab0-49db-acf2-c82ed4fc5589" testId="1984c2a7-7175-dd20-85f7-f923a8979400" testName="ManagedCode.Communication.Tests.Results.ResultTests.ImplicitOperator_FromBool_False_ShouldCreateFailedResult" computerName="pkrvmqc4gcfdwos" duration="00:00:00.0001296" startTime="2025-08-22T20:30:39.7797348+00:00" endTime="2025-08-22T20:30:39.7798260+00:00" testType="13cdc9d9-ddb5-4fa4-a97d-d965ccfc6d4b" outcome="Passed" testListId="8c84fa94-04c1-424b-9868-57a2d4851a1d" relativeResultsDirectory="381af369-7ab0-49db-acf2-c82ed4fc5589" />
    <UnitTestResult executionId="b9209366-702d-4ee9-b5c0-1fdbfe9ff0db" testId="a52cb0c6-bb59-1170-7a7a-076e1cd628c6" testName="ManagedCode.Communication.Tests.Serialization.SerializationTests.RoundTrip_PreservesAllData" computerName="pkrvmqc4gcfdwos" duration="00:00:00.0091132" startTime="2025-08-22T20:30:40.4074590+00:00" endTime="2025-08-22T20:30:40.4148789+00:00" testType="13cdc9d9-ddb5-4fa4-a97d-d965ccfc6d4b" outcome="Passed" testListId="8c84fa94-04c1-424b-9868-57a2d4851a1d" relativeResultsDirectory="b9209366-702d-4ee9-b5c0-1fdbfe9ff0db" />
    <UnitTestResult executionId="0a9ee7c3-4a70-4424-9387-4b1deae8c0e0" testId="9ad9e2f6-715d-ede9-5172-b09d4e9b5fa2" testName="ManagedCode.Communication.Tests.Serialization.SerializationTests.ResultT_WithValue_ShouldSerializeAndDeserialize" computerName="pkrvmqc4gcfdwos" duration="00:00:00.0047421" startTime="2025-08-22T20:30:40.2865042+00:00" endTime="2025-08-22T20:30:40.2910194+00:00" testType="13cdc9d9-ddb5-4fa4-a97d-d965ccfc6d4b" outcome="Passed" testListId="8c84fa94-04c1-424b-9868-57a2d4851a1d" relativeResultsDirectory="0a9ee7c3-4a70-4424-9387-4b1deae8c0e0" />
    <UnitTestResult executionId="8da9c55a-9090-4d47-9d4b-22a7a25fba9d" testId="01712ad9-1f0a-7bad-d728-5d046cd9246c" testName="ManagedCode.Communication.Tests.Orleans.Serialization.CollectionResultSerializationTests.CollectionResult_WithComplexObjects_ShouldSerializeCorrectly" computerName="pkrvmqc4gcfdwos" duration="00:00:00.0276597" startTime="2025-08-22T20:30:39.4962102+00:00" endTime="2025-08-22T20:30:39.5229243+00:00" testType="13cdc9d9-ddb5-4fa4-a97d-d965ccfc6d4b" outcome="Passed" testListId="8c84fa94-04c1-424b-9868-57a2d4851a1d" relativeResultsDirectory="8da9c55a-9090-4d47-9d4b-22a7a25fba9d" />
    <UnitTestResult executionId="43faaa41-1b7a-49ae-9f29-66d680269879" testId="6283c4be-1bf1-1121-ef21-2c078662a67b" testName="ManagedCode.Communication.Tests.ProblemTests.ProblemCreateMethodsTests.Problem_Create_FromException_ShouldCreateProblemWithExceptionDetails" computerName="pkrvmqc4gcfdwos" duration="00:00:00.0003733" startTime="2025-08-22T20:30:39.3475345+00:00" endTime="2025-08-22T20:30:39.3476453+00:00" testType="13cdc9d9-ddb5-4fa4-a97d-d965ccfc6d4b" outcome="Passed" testListId="8c84fa94-04c1-424b-9868-57a2d4851a1d" relativeResultsDirectory="43faaa41-1b7a-49ae-9f29-66d680269879" />
    <UnitTestResult executionId="9a3f750f-671f-409e-9b86-51d1f545d693" testId="d7f431fb-d8db-7127-72a4-c56f83d9c52c" testName="ManagedCode.Communication.Tests.Orleans.Serialization.CommandSerializationTests.CommandT_WithNullPayload_ShouldSerializeCorrectly" computerName="pkrvmqc4gcfdwos" duration="00:00:00.0617321" startTime="2025-08-22T20:30:40.3232457+00:00" endTime="2025-08-22T20:30:40.3858989+00:00" testType="13cdc9d9-ddb5-4fa4-a97d-d965ccfc6d4b" outcome="Passed" testListId="8c84fa94-04c1-424b-9868-57a2d4851a1d" relativeResultsDirectory="9a3f750f-671f-409e-9b86-51d1f545d693" />
    <UnitTestResult executionId="75dfe8a3-d297-4235-ae44-f4985bb3bd31" testId="10731ee9-0f6c-2f00-a7f4-089825b67c70" testName="ManagedCode.Communication.Tests.Results.CollectionResultInvalidMethodsTests.CollectionResult_Invalid_WithNullValues_ShouldHandleGracefully" computerName="pkrvmqc4gcfdwos" duration="00:00:00.0063799" startTime="2025-08-22T20:30:39.8813254+00:00" endTime="2025-08-22T20:30:39.8864893+00:00" testType="13cdc9d9-ddb5-4fa4-a97d-d965ccfc6d4b" outcome="Passed" testListId="8c84fa94-04c1-424b-9868-57a2d4851a1d" relativeResultsDirectory="75dfe8a3-d297-4235-ae44-f4985bb3bd31" />
    <UnitTestResult executionId="f8e50979-bbd7-44b9-9991-d7b78f97bd33" testId="4ca8e0f8-7886-5585-ed9e-dd4413882552" testName="ManagedCode.Communication.Tests.Extensions.ProblemExtensionsTests.ToFailedResult_FromProblem_ShouldCreateFailedResult" computerName="pkrvmqc4gcfdwos" duration="00:00:00.0004262" startTime="2025-08-22T20:30:39.4932140+00:00" endTime="2025-08-22T20:30:39.4933438+00:00" testType="13cdc9d9-ddb5-4fa4-a97d-d965ccfc6d4b" outcome="Passed" testListId="8c84fa94-04c1-424b-9868-57a2d4851a1d" relativeResultsDirectory="f8e50979-bbd7-44b9-9991-d7b78f97bd33" />
    <UnitTestResult executionId="5d93538f-90b3-4130-8d81-926f46c799b1" testId="bb8d7f1d-0bb4-3dea-c4fc-e0834e054d6f" testName="ManagedCode.Communication.Tests.Serialization.ProblemJsonConverterTests.Serialize_DifferentTypeValues_HandlesCorrectly(inputType: null, expectedType: &quot;about:blank&quot;)" computerName="pkrvmqc4gcfdwos" duration="00:00:00.0014570" startTime="2025-08-22T20:30:37.8027239+00:00" endTime="2025-08-22T20:30:37.8028681+00:00" testType="13cdc9d9-ddb5-4fa4-a97d-d965ccfc6d4b" outcome="Passed" testListId="8c84fa94-04c1-424b-9868-57a2d4851a1d" relativeResultsDirectory="5d93538f-90b3-4130-8d81-926f46c799b1" />
    <UnitTestResult executionId="809a046f-1c44-4bc9-8b98-7f6d1770f3d2" testId="08105b68-db60-bfeb-93e6-92f308ba13b0" testName="ManagedCode.Communication.Tests.Results.CollectionResultTests.ImplicitOperator_ToBool_ShouldReturnIsSuccess" computerName="pkrvmqc4gcfdwos" duration="00:00:00.0002170" startTime="2025-08-22T20:30:39.9004339+00:00" endTime="2025-08-22T20:30:39.9005387+00:00" testType="13cdc9d9-ddb5-4fa4-a97d-d965ccfc6d4b" outcome="Passed" testListId="8c84fa94-04c1-424b-9868-57a2d4851a1d" relativeResultsDirectory="809a046f-1c44-4bc9-8b98-7f6d1770f3d2" />
    <UnitTestResult executionId="3122cd31-0924-4ee5-86e1-e85904393af6" testId="b857bdd6-a10b-15bd-502f-d3e99d2d9689" testName="ManagedCode.Communication.Tests.Results.ResultTTests.Map_WithFailedResult_ShouldReturnFailedResult" computerName="pkrvmqc4gcfdwos" duration="00:00:00.0001901" startTime="2025-08-22T20:30:39.3058023+00:00" endTime="2025-08-22T20:30:39.3059107+00:00" testType="13cdc9d9-ddb5-4fa4-a97d-d965ccfc6d4b" outcome="Passed" testListId="8c84fa94-04c1-424b-9868-57a2d4851a1d" relativeResultsDirectory="3122cd31-0924-4ee5-86e1-e85904393af6" />
    <UnitTestResult executionId="c7b17536-4dc2-42f9-840e-a0d76ffdc0e6" testId="e3bab16b-3c59-832e-1834-a442985b41e2" testName="ManagedCode.Communication.Tests.Results.ProblemToExceptionTests.ToException_WithCustomExceptionType_ShouldHandleGracefully" computerName="pkrvmqc4gcfdwos" duration="00:00:00.0005139" startTime="2025-08-22T20:30:40.4966260+00:00" endTime="2025-08-22T20:30:40.4967149+00:00" testType="13cdc9d9-ddb5-4fa4-a97d-d965ccfc6d4b" outcome="Passed" testListId="8c84fa94-04c1-424b-9868-57a2d4851a1d" relativeResultsDirectory="c7b17536-4dc2-42f9-840e-a0d76ffdc0e6" />
    <UnitTestResult executionId="53d0422a-cdce-4eb8-89af-c11e43d129d2" testId="b019aed6-f3db-c6f2-5353-b095630ac4f5" testName="ManagedCode.Communication.Tests.Orleans.Serialization.CommandSerializationTests.CommandT_WithEnumType_ShouldSerializeCorrectly" computerName="pkrvmqc4gcfdwos" duration="00:00:00.0262348" startTime="2025-08-22T20:30:40.4602217+00:00" endTime="2025-08-22T20:30:40.4868419+00:00" testType="13cdc9d9-ddb5-4fa4-a97d-d965ccfc6d4b" outcome="Passed" testListId="8c84fa94-04c1-424b-9868-57a2d4851a1d" relativeResultsDirectory="53d0422a-cdce-4eb8-89af-c11e43d129d2" />
    <UnitTestResult executionId="382c9612-faaf-400f-a2a1-4e62630dc83f" testId="ec173942-74cf-fb84-c8bf-7bb7f9f4c8c4" testName="ManagedCode.Communication.Tests.Results.ResultHelperMethodsTests.ResultT_ThrowIfFail_WithSuccess_ShouldReturnFalse" computerName="pkrvmqc4gcfdwos" duration="00:00:00.0000941" startTime="2025-08-22T20:30:37.9203193+00:00" endTime="2025-08-22T20:30:37.9204189+00:00" testType="13cdc9d9-ddb5-4fa4-a97d-d965ccfc6d4b" outcome="Passed" testListId="8c84fa94-04c1-424b-9868-57a2d4851a1d" relativeResultsDirectory="382c9612-faaf-400f-a2a1-4e62630dc83f" />
    <UnitTestResult executionId="05344d38-c892-43ef-a2b3-75afd39bdf2a" testId="e39e9980-2b7c-af72-8ea9-548ab3dc3398" testName="ManagedCode.Communication.Tests.CollectionResults.CollectionResultFromMethodsTests.From_FuncReturningArray_ShouldCreateSuccessResult" computerName="pkrvmqc4gcfdwos" duration="00:00:00.0007756" startTime="2025-08-22T20:30:40.1915901+00:00" endTime="2025-08-22T20:30:40.1918076+00:00" testType="13cdc9d9-ddb5-4fa4-a97d-d965ccfc6d4b" outcome="Passed" testListId="8c84fa94-04c1-424b-9868-57a2d4851a1d" relativeResultsDirectory="05344d38-c892-43ef-a2b3-75afd39bdf2a" />
    <UnitTestResult executionId="814dc6be-e891-4e39-839b-ae1bd249ff14" testId="5e6eaeac-789b-c31a-2d06-a6b7c6009b63" testName="ManagedCode.Communication.Tests.Extensions.AdvancedRailwayExtensionsTests.Where_WithMatchingPredicate_ReturnsSuccess" computerName="pkrvmqc4gcfdwos" duration="00:00:00.0002511" startTime="2025-08-22T20:30:39.3805243+00:00" endTime="2025-08-22T20:30:39.3813422+00:00" testType="13cdc9d9-ddb5-4fa4-a97d-d965ccfc6d4b" outcome="Passed" testListId="8c84fa94-04c1-424b-9868-57a2d4851a1d" relativeResultsDirectory="814dc6be-e891-4e39-839b-ae1bd249ff14" />
    <UnitTestResult executionId="c3ba5f70-306d-4dd7-b7f4-b1eb37383a00" testId="f91e9575-30e1-e221-f699-3a11de9b388a" testName="ManagedCode.Communication.Tests.Results.ResultInvalidMethodsTests.ResultT_Invalid_WithMessage_ShouldCreateValidationResultWithMessage" computerName="pkrvmqc4gcfdwos" duration="00:00:00.0004868" startTime="2025-08-22T20:30:40.5533225+00:00" endTime="2025-08-22T20:30:40.5534188+00:00" testType="13cdc9d9-ddb5-4fa4-a97d-d965ccfc6d4b" outcome="Passed" testListId="8c84fa94-04c1-424b-9868-57a2d4851a1d" relativeResultsDirectory="c3ba5f70-306d-4dd7-b7f4-b1eb37383a00" />
    <UnitTestResult executionId="37ca45a0-7dfb-41a3-8547-ec6613cc62d7" testId="3a23b277-a9a6-16d5-edba-7bdc7179741c" testName="ManagedCode.Communication.Tests.Results.ResultOperatorsTests.ResultT_From_WithExceptionThrowingFunc_ShouldReturnFailedResult" computerName="pkrvmqc4gcfdwos" duration="00:00:00.0003398" startTime="2025-08-22T20:30:40.4459578+00:00" endTime="2025-08-22T20:30:40.4460542+00:00" testType="13cdc9d9-ddb5-4fa4-a97d-d965ccfc6d4b" outcome="Passed" testListId="8c84fa94-04c1-424b-9868-57a2d4851a1d" relativeResultsDirectory="37ca45a0-7dfb-41a3-8547-ec6613cc62d7" />
    <UnitTestResult executionId="d930a4ab-8de6-4c2b-9352-9bc9c3277c6e" testId="cf228890-f5ab-17dc-6ff0-7693334748e8" testName="ManagedCode.Communication.Tests.CollectionResults.CollectionResultFailMethodsTests.FailUnauthorized_WithDetail_ShouldCreateUnauthorizedResultWithCustomDetail" computerName="pkrvmqc4gcfdwos" duration="00:00:00.0003620" startTime="2025-08-22T20:30:39.4551181+00:00" endTime="2025-08-22T20:30:39.4552736+00:00" testType="13cdc9d9-ddb5-4fa4-a97d-d965ccfc6d4b" outcome="Passed" testListId="8c84fa94-04c1-424b-9868-57a2d4851a1d" relativeResultsDirectory="d930a4ab-8de6-4c2b-9352-9bc9c3277c6e" />
    <UnitTestResult executionId="3f18d0fc-4810-49fb-b7de-6fdb0c6d02a7" testId="cedf9e10-17c3-638f-1fb4-b52f984508c8" testName="ManagedCode.Communication.Tests.Results.ResultTTests.ImplicitOperator_ToBool_ShouldReturnIsSuccess" computerName="pkrvmqc4gcfdwos" duration="00:00:00.0003048" startTime="2025-08-22T20:30:39.3323808+00:00" endTime="2025-08-22T20:30:39.3324889+00:00" testType="13cdc9d9-ddb5-4fa4-a97d-d965ccfc6d4b" outcome="Passed" testListId="8c84fa94-04c1-424b-9868-57a2d4851a1d" relativeResultsDirectory="3f18d0fc-4810-49fb-b7de-6fdb0c6d02a7" />
    <UnitTestResult executionId="345c5fc0-15ef-49c4-bd86-0f2320e83f73" testId="9dcecbc0-db91-7dce-29a5-821593a72922" testName="ManagedCode.Communication.Tests.Extensions.HttpResponseExtensionTests.FromRequestToResult_NullContent_WithErrorStatus_ReturnsFailedResult" computerName="pkrvmqc4gcfdwos" duration="00:00:00.0005279" startTime="2025-08-22T20:30:40.7165941+00:00" endTime="2025-08-22T20:30:40.7166922+00:00" testType="13cdc9d9-ddb5-4fa4-a97d-d965ccfc6d4b" outcome="Passed" testListId="8c84fa94-04c1-424b-9868-57a2d4851a1d" relativeResultsDirectory="345c5fc0-15ef-49c4-bd86-0f2320e83f73" />
    <UnitTestResult executionId="47dd57ff-0e6b-4ac1-94cd-bd8fb6d90008" testId="df4e7918-47c1-9f81-c5c6-ccb3731090e4" testName="ManagedCode.Communication.Tests.AspNetCore.Extensions.HubOptionsExtensionsTests.AddCommunicationHubFilter_AddsFilterFromServiceProvider" computerName="pkrvmqc4gcfdwos" duration="00:00:00.0008155" startTime="2025-08-22T20:30:40.5049377+00:00" endTime="2025-08-22T20:30:40.5062602+00:00" testType="13cdc9d9-ddb5-4fa4-a97d-d965ccfc6d4b" outcome="Passed" testListId="8c84fa94-04c1-424b-9868-57a2d4851a1d" relativeResultsDirectory="47dd57ff-0e6b-4ac1-94cd-bd8fb6d90008" />
    <UnitTestResult executionId="a94f549e-9c0c-44ed-bb15-0fc5518d1d8a" testId="86187f3d-b602-5f85-7bbd-67f366b856b9" testName="ManagedCode.Communication.Tests.Results.ResultOperatorsTests.Result_From_WithSuccessfulFunc_ShouldReturnSuccessResult" computerName="pkrvmqc4gcfdwos" duration="00:00:00.0002121" startTime="2025-08-22T20:30:40.4446176+00:00" endTime="2025-08-22T20:30:40.4447262+00:00" testType="13cdc9d9-ddb5-4fa4-a97d-d965ccfc6d4b" outcome="Passed" testListId="8c84fa94-04c1-424b-9868-57a2d4851a1d" relativeResultsDirectory="a94f549e-9c0c-44ed-bb15-0fc5518d1d8a" />
    <UnitTestResult executionId="07636266-fd9e-4145-9af1-230d947bd167" testId="749bbee2-7b84-79fe-48ac-a4a2d51ee66d" testName="ManagedCode.Communication.Tests.Results.ResultTFailMethodsTests.ResultT_FailUnauthorized_WithDetail_ShouldCreateUnauthorizedResultWithCustomDetail" computerName="pkrvmqc4gcfdwos" duration="00:00:00.0004739" startTime="2025-08-22T20:30:39.8494853+00:00" endTime="2025-08-22T20:30:39.8495597+00:00" testType="13cdc9d9-ddb5-4fa4-a97d-d965ccfc6d4b" outcome="Passed" testListId="8c84fa94-04c1-424b-9868-57a2d4851a1d" relativeResultsDirectory="07636266-fd9e-4145-9af1-230d947bd167" />
    <UnitTestResult executionId="6d98396d-9b03-42ca-9427-e92fe9940ea4" testId="f080a087-472a-f802-200b-4ae8e884e5bc" testName="ManagedCode.Communication.Tests.ProblemTests.ProblemCreateMethodsTests.Problem_Create_WithEnumAndVariousStatusCodes_ShouldSetCorrectType(statusCode: 500, enumValue: &quot;InternalServerError&quot;)" computerName="pkrvmqc4gcfdwos" duration="00:00:00.0026136" startTime="2025-08-22T20:30:39.3418264+00:00" endTime="2025-08-22T20:30:39.3435767+00:00" testType="13cdc9d9-ddb5-4fa4-a97d-d965ccfc6d4b" outcome="Passed" testListId="8c84fa94-04c1-424b-9868-57a2d4851a1d" relativeResultsDirectory="6d98396d-9b03-42ca-9427-e92fe9940ea4" />
    <UnitTestResult executionId="c7c9cca3-2760-4879-9c34-9ed162270c1e" testId="90b509f3-eaa4-5292-2d86-2fb0253e9169" testName="ManagedCode.Communication.Tests.ProblemTests.ProblemCreateMethodsTests.Problem_Create_FromInnerException_ShouldUseOuterException" computerName="pkrvmqc4gcfdwos" duration="00:00:00.0001965" startTime="2025-08-22T20:30:39.3493872+00:00" endTime="2025-08-22T20:30:39.3494932+00:00" testType="13cdc9d9-ddb5-4fa4-a97d-d965ccfc6d4b" outcome="Passed" testListId="8c84fa94-04c1-424b-9868-57a2d4851a1d" relativeResultsDirectory="c7c9cca3-2760-4879-9c34-9ed162270c1e" />
    <UnitTestResult executionId="6b6a0a2c-647a-4293-acc6-d26022fc278b" testId="e54d77da-6a95-0aa2-239e-14e9fe7b27b9" testName="ManagedCode.Communication.Tests.Results.ResultFailMethodsTests.Result_Fail_WithExceptionAndStatus_ShouldCreateFailedResultWithSpecifiedStatus" computerName="pkrvmqc4gcfdwos" duration="00:00:00.0001703" startTime="2025-08-22T20:30:40.7560940+00:00" endTime="2025-08-22T20:30:40.7561925+00:00" testType="13cdc9d9-ddb5-4fa4-a97d-d965ccfc6d4b" outcome="Passed" testListId="8c84fa94-04c1-424b-9868-57a2d4851a1d" relativeResultsDirectory="6b6a0a2c-647a-4293-acc6-d26022fc278b" />
    <UnitTestResult executionId="5bdeda60-65e5-4689-92d8-1fa86017ce0c" testId="a1d0a451-dd40-52d3-2e4e-86926b2f8d79" testName="ManagedCode.Communication.Tests.Results.ResultFailMethodsTests.Result_FailValidation_WithSingleError_ShouldCreateValidationFailedResult" computerName="pkrvmqc4gcfdwos" duration="00:00:00.0003946" startTime="2025-08-22T20:30:40.7529331+00:00" endTime="2025-08-22T20:30:40.7530591+00:00" testType="13cdc9d9-ddb5-4fa4-a97d-d965ccfc6d4b" outcome="Passed" testListId="8c84fa94-04c1-424b-9868-57a2d4851a1d" relativeResultsDirectory="5bdeda60-65e5-4689-92d8-1fa86017ce0c" />
    <UnitTestResult executionId="638e8e9f-8bac-4c24-bdc7-c530daa262f7" testId="4ba07ff2-86ed-f85e-fabc-04e7d2882c05" testName="ManagedCode.Communication.Tests.Extensions.RailwayExtensionsTests.Map_FailedResult_DoesNotTransform" computerName="pkrvmqc4gcfdwos" duration="00:00:00.0001968" startTime="2025-08-22T20:30:38.5527194+00:00" endTime="2025-08-22T20:30:38.5528179+00:00" testType="13cdc9d9-ddb5-4fa4-a97d-d965ccfc6d4b" outcome="Passed" testListId="8c84fa94-04c1-424b-9868-57a2d4851a1d" relativeResultsDirectory="638e8e9f-8bac-4c24-bdc7-c530daa262f7" />
    <UnitTestResult executionId="17f8922a-0209-4fc0-a256-eec952827168" testId="30c64cc6-6335-ca51-cb54-04f89cee0ed9" testName="ManagedCode.Communication.Tests.CollectionResults.CollectionResultFailMethodsTests.Fail_WithEnumAndStatus_ShouldCreateFailedResultWithErrorCodeAndStatus" computerName="pkrvmqc4gcfdwos" duration="00:00:00.0003258" startTime="2025-08-22T20:30:39.4599639+00:00" endTime="2025-08-22T20:30:39.4601182+00:00" testType="13cdc9d9-ddb5-4fa4-a97d-d965ccfc6d4b" outcome="Passed" testListId="8c84fa94-04c1-424b-9868-57a2d4851a1d" relativeResultsDirectory="17f8922a-0209-4fc0-a256-eec952827168" />
    <UnitTestResult executionId="bbdee542-5f45-4b73-9fbb-6d75a0e3316f" testId="4c5efd82-b666-5ad5-6065-602cf6a7d241" testName="ManagedCode.Communication.Tests.Results.ResultTFailMethodsTests.ResultT_Fail_ChainedOperations_ShouldMaintainFailureState" computerName="pkrvmqc4gcfdwos" duration="00:00:00.0002218" startTime="2025-08-22T20:30:39.7829711+00:00" endTime="2025-08-22T20:30:39.7831002+00:00" testType="13cdc9d9-ddb5-4fa4-a97d-d965ccfc6d4b" outcome="Passed" testListId="8c84fa94-04c1-424b-9868-57a2d4851a1d" relativeResultsDirectory="bbdee542-5f45-4b73-9fbb-6d75a0e3316f" />
    <UnitTestResult executionId="ce30646a-04c4-4110-8212-aaff767559c8" testId="fb70cdc3-1bf1-6e46-2aba-a1201f5edf64" testName="ManagedCode.Communication.Tests.Extensions.AdvancedRailwayExtensionsTests.ToResult_WithNullableStruct_HandlesCorrectly" computerName="pkrvmqc4gcfdwos" duration="00:00:00.0008015" startTime="2025-08-22T20:30:39.3544121+00:00" endTime="2025-08-22T20:30:39.3547951+00:00" testType="13cdc9d9-ddb5-4fa4-a97d-d965ccfc6d4b" outcome="Passed" testListId="8c84fa94-04c1-424b-9868-57a2d4851a1d" relativeResultsDirectory="ce30646a-04c4-4110-8212-aaff767559c8" />
    <UnitTestResult executionId="8db8b04c-0cf4-4593-87ed-9aff9ec97346" testId="5a0ae5e8-72bd-c20c-476c-fc5a9836655a" testName="ManagedCode.Communication.Tests.Results.ProblemTests.ImplicitOperator_ToProblemException_ShouldCreateException" computerName="pkrvmqc4gcfdwos" duration="00:00:00.0002074" startTime="2025-08-22T20:30:40.7228885+00:00" endTime="2025-08-22T20:30:40.7229713+00:00" testType="13cdc9d9-ddb5-4fa4-a97d-d965ccfc6d4b" outcome="Passed" testListId="8c84fa94-04c1-424b-9868-57a2d4851a1d" relativeResultsDirectory="8db8b04c-0cf4-4593-87ed-9aff9ec97346" />
    <UnitTestResult executionId="4abc81ee-0262-4c07-bb00-aea7074006f5" testId="76eed23b-8a55-d326-92d7-3df3c6478d17" testName="ManagedCode.Communication.Tests.Extensions.RailwayExtensionsTests.Else_FailedResult_ReturnsAlternative" computerName="pkrvmqc4gcfdwos" duration="00:00:00.0002916" startTime="2025-08-22T20:30:38.5452134+00:00" endTime="2025-08-22T20:30:38.5453098+00:00" testType="13cdc9d9-ddb5-4fa4-a97d-d965ccfc6d4b" outcome="Passed" testListId="8c84fa94-04c1-424b-9868-57a2d4851a1d" relativeResultsDirectory="4abc81ee-0262-4c07-bb00-aea7074006f5" />
    <UnitTestResult executionId="b0535755-4040-4451-a6c5-938b6be0e6ac" testId="f0903404-1a3b-41c9-12e3-9c19c9690b95" testName="ManagedCode.Communication.Tests.CollectionResults.CollectionResultFailMethodsTests.Fail_WithVariousStatusCodes_ShouldSetCorrectStatusCode(statusCode: BadRequest, expectedCode: 400)" computerName="pkrvmqc4gcfdwos" duration="00:00:00.0002938" startTime="2025-08-22T20:30:39.4515167+00:00" endTime="2025-08-22T20:30:39.4516387+00:00" testType="13cdc9d9-ddb5-4fa4-a97d-d965ccfc6d4b" outcome="Passed" testListId="8c84fa94-04c1-424b-9868-57a2d4851a1d" relativeResultsDirectory="b0535755-4040-4451-a6c5-938b6be0e6ac" />
    <UnitTestResult executionId="52974093-e12f-4f5e-b5d9-4b9752d4f76c" testId="a732ecdf-009d-4fc3-3846-806e90a131ab" testName="ManagedCode.Communication.Tests.CollectionResults.CollectionResultFailMethodsTests.FailNotFound_NoParameters_ShouldCreateNotFoundResult" computerName="pkrvmqc4gcfdwos" duration="00:00:00.0007088" startTime="2025-08-22T20:30:39.4716171+00:00" endTime="2025-08-22T20:30:39.4717358+00:00" testType="13cdc9d9-ddb5-4fa4-a97d-d965ccfc6d4b" outcome="Passed" testListId="8c84fa94-04c1-424b-9868-57a2d4851a1d" relativeResultsDirectory="52974093-e12f-4f5e-b5d9-4b9752d4f76c" />
    <UnitTestResult executionId="cc4089d6-4406-48f1-8fb2-8f189b07ab1a" testId="977cf24f-20f0-af04-f9fd-88296a80a191" testName="ManagedCode.Communication.Tests.Results.CollectionResultTests.Empty_ShouldCreateEmptyResult" computerName="pkrvmqc4gcfdwos" duration="00:00:00.0003427" startTime="2025-08-22T20:30:39.8877413+00:00" endTime="2025-08-22T20:30:39.8882263+00:00" testType="13cdc9d9-ddb5-4fa4-a97d-d965ccfc6d4b" outcome="Passed" testListId="8c84fa94-04c1-424b-9868-57a2d4851a1d" relativeResultsDirectory="cc4089d6-4406-48f1-8fb2-8f189b07ab1a" />
    <UnitTestResult executionId="61d799c9-fca2-4b29-85cc-bf9e6b7a0ada" testId="820cc941-cded-40f7-68fc-769610bce971" testName="ManagedCode.Communication.Tests.Results.ResultHelperMethodsTests.Result_TryAsync_WithException_ShouldReturnFailure" computerName="pkrvmqc4gcfdwos" duration="00:00:00.0067861" startTime="2025-08-22T20:30:38.4491477+00:00" endTime="2025-08-22T20:30:38.4558582+00:00" testType="13cdc9d9-ddb5-4fa4-a97d-d965ccfc6d4b" outcome="Passed" testListId="8c84fa94-04c1-424b-9868-57a2d4851a1d" relativeResultsDirectory="61d799c9-fca2-4b29-85cc-bf9e6b7a0ada" />
    <UnitTestResult executionId="ec3f921f-c53e-4a94-aab6-62a82b4571ad" testId="dfd55305-89b6-7032-e718-91fc3fa77a9e" testName="ManagedCode.Communication.Tests.Extensions.HttpResponseExtensionTests.FromJsonToResult_SuccessStatusCode_WithFailedResultJson_ReturnsFailedResult" computerName="pkrvmqc4gcfdwos" duration="00:00:00.0008978" startTime="2025-08-22T20:30:40.7206070+00:00" endTime="2025-08-22T20:30:40.7207061+00:00" testType="13cdc9d9-ddb5-4fa4-a97d-d965ccfc6d4b" outcome="Passed" testListId="8c84fa94-04c1-424b-9868-57a2d4851a1d" relativeResultsDirectory="ec3f921f-c53e-4a94-aab6-62a82b4571ad" />
    <UnitTestResult executionId="df29be38-1f64-4e5e-a211-e2cab83d8cd3" testId="f078f557-ee0d-8e18-56e1-39597d1f6c31" testName="ManagedCode.Communication.Tests.Results.ResultOperatorsTests.Result_ImplicitOperator_FromProblem_ShouldCreateFailedResult" computerName="pkrvmqc4gcfdwos" duration="00:00:00.0002283" startTime="2025-08-22T20:30:40.4588066+00:00" endTime="2025-08-22T20:30:40.4589117+00:00" testType="13cdc9d9-ddb5-4fa4-a97d-d965ccfc6d4b" outcome="Passed" testListId="8c84fa94-04c1-424b-9868-57a2d4851a1d" relativeResultsDirectory="df29be38-1f64-4e5e-a211-e2cab83d8cd3" />
    <UnitTestResult executionId="d1c43269-e368-4754-92cd-2bcbe0071dbc" testId="3c37108a-c70c-c832-75e8-68781bee0ca1" testName="ManagedCode.Communication.Tests.Results.RailwayOrientedProgrammingTests.Match_WithSuccess_ShouldExecuteSuccessFunction" computerName="pkrvmqc4gcfdwos" duration="00:00:00.0003259" startTime="2025-08-22T20:30:37.7964840+00:00" endTime="2025-08-22T20:30:37.7966251+00:00" testType="13cdc9d9-ddb5-4fa4-a97d-d965ccfc6d4b" outcome="Passed" testListId="8c84fa94-04c1-424b-9868-57a2d4851a1d" relativeResultsDirectory="d1c43269-e368-4754-92cd-2bcbe0071dbc" />
    <UnitTestResult executionId="344adb8a-17c6-4f7b-a651-c1f9306d0eaa" testId="6f9b44ef-a4fb-2ef9-5064-11b31eaf6d4b" testName="ManagedCode.Communication.Tests.Extensions.ProblemExtensionsTests.RoundTrip_ProblemDetailsWithNullValues_ShouldHandleGracefully" computerName="pkrvmqc4gcfdwos" duration="00:00:00.0013753" startTime="2025-08-22T20:30:39.4863557+00:00" endTime="2025-08-22T20:30:39.4864591+00:00" testType="13cdc9d9-ddb5-4fa4-a97d-d965ccfc6d4b" outcome="Passed" testListId="8c84fa94-04c1-424b-9868-57a2d4851a1d" relativeResultsDirectory="344adb8a-17c6-4f7b-a651-c1f9306d0eaa" />
    <UnitTestResult executionId="909a2103-acbe-4c7c-ae41-f8cdef2d1fd0" testId="e9afcaf2-7818-aac4-97f5-27c1d6e7b6c2" testName="ManagedCode.Communication.Tests.CollectionResults.CollectionResultFailMethodsTests.Fail_WithLargeCollection_ShouldPreserveAllItems" computerName="pkrvmqc4gcfdwos" duration="00:00:00.0015949" startTime="2025-08-22T20:30:39.4579256+00:00" endTime="2025-08-22T20:30:39.4585776+00:00" testType="13cdc9d9-ddb5-4fa4-a97d-d965ccfc6d4b" outcome="Passed" testListId="8c84fa94-04c1-424b-9868-57a2d4851a1d" relativeResultsDirectory="909a2103-acbe-4c7c-ae41-f8cdef2d1fd0" />
    <UnitTestResult executionId="abbcd1a6-8bd2-4e0f-bcf1-9b179ad7aae6" testId="b0a57685-59f6-3924-f2f2-628ea43f6fa6" testName="ManagedCode.Communication.Tests.Extensions.HttpResponseExtensionTests.FromJsonToResult_BadRequestStatusCode_ReturnsFailedResultWithCorrectStatus" computerName="pkrvmqc4gcfdwos" duration="00:00:00.0008291" startTime="2025-08-22T20:30:40.7134609+00:00" endTime="2025-08-22T20:30:40.7135617+00:00" testType="13cdc9d9-ddb5-4fa4-a97d-d965ccfc6d4b" outcome="Passed" testListId="8c84fa94-04c1-424b-9868-57a2d4851a1d" relativeResultsDirectory="abbcd1a6-8bd2-4e0f-bcf1-9b179ad7aae6" />
    <UnitTestResult executionId="e7ee2b6c-4a3a-4541-9cc2-25b8183a4aba" testId="f990a213-1cf7-9a2d-bb25-79a3d8a56028" testName="ManagedCode.Communication.Tests.Results.ResultOperatorsTests.ResultT_ImplicitOperator_FromException_ShouldCreateFailedResult" computerName="pkrvmqc4gcfdwos" duration="00:00:00.0004090" startTime="2025-08-22T20:30:40.4299436+00:00" endTime="2025-08-22T20:30:40.4300754+00:00" testType="13cdc9d9-ddb5-4fa4-a97d-d965ccfc6d4b" outcome="Passed" testListId="8c84fa94-04c1-424b-9868-57a2d4851a1d" relativeResultsDirectory="e7ee2b6c-4a3a-4541-9cc2-25b8183a4aba" />
    <UnitTestResult executionId="6c263b50-36fe-4131-b4b8-8be7d2acb5b2" testId="4042cc53-0735-53f5-867b-1cf2a2aa85d5" testName="ManagedCode.Communication.Tests.Results.ResultHelperMethodsTests.Result_Try_WithException_ShouldReturnFailure" computerName="pkrvmqc4gcfdwos" duration="00:00:00.0002769" startTime="2025-08-22T20:30:37.9206308+00:00" endTime="2025-08-22T20:30:37.9207180+00:00" testType="13cdc9d9-ddb5-4fa4-a97d-d965ccfc6d4b" outcome="Passed" testListId="8c84fa94-04c1-424b-9868-57a2d4851a1d" relativeResultsDirectory="6c263b50-36fe-4131-b4b8-8be7d2acb5b2" />
    <UnitTestResult executionId="bf5d44a8-3c1d-4638-949d-dfa2e7b5a5a4" testId="0789453e-d5f1-17cb-3560-d081385bfb12" testName="ManagedCode.Communication.Tests.Extensions.ProblemExtensionsTests.ToFailedResult_WithComplexExtensions_ShouldPreserveAllData" computerName="pkrvmqc4gcfdwos" duration="00:00:00.0024949" startTime="2025-08-22T20:30:39.4915914+00:00" endTime="2025-08-22T20:30:39.4928658+00:00" testType="13cdc9d9-ddb5-4fa4-a97d-d965ccfc6d4b" outcome="Passed" testListId="8c84fa94-04c1-424b-9868-57a2d4851a1d" relativeResultsDirectory="bf5d44a8-3c1d-4638-949d-dfa2e7b5a5a4" />
    <UnitTestResult executionId="0f9d1349-d448-43eb-bce1-e4a5711dfba8" testId="05b76220-fd76-c7b5-cf44-0c20f6f56988" testName="ManagedCode.Communication.Tests.Results.ResultFailMethodsTests.Result_FailUnauthorized_WithDetail_ShouldCreateUnauthorizedResultWithCustomDetail" computerName="pkrvmqc4gcfdwos" duration="00:00:00.0001316" startTime="2025-08-22T20:30:40.7564277+00:00" endTime="2025-08-22T20:30:40.7565367+00:00" testType="13cdc9d9-ddb5-4fa4-a97d-d965ccfc6d4b" outcome="Passed" testListId="8c84fa94-04c1-424b-9868-57a2d4851a1d" relativeResultsDirectory="0f9d1349-d448-43eb-bce1-e4a5711dfba8" />
    <UnitTestResult executionId="7d63c2e9-6452-4445-9cb9-6010d0169b78" testId="9f2f9acf-342d-ecbf-b67b-31f17d6aa429" testName="ManagedCode.Communication.Tests.Extensions.HttpResponseExtensionTests.FromRequestToResult_VariousErrorCodes_ReturnsFailedResult(statusCode: BadGateway)" computerName="pkrvmqc4gcfdwos" duration="00:00:00.0002435" startTime="2025-08-22T20:30:40.5767841+00:00" endTime="2025-08-22T20:30:40.5769157+00:00" testType="13cdc9d9-ddb5-4fa4-a97d-d965ccfc6d4b" outcome="Passed" testListId="8c84fa94-04c1-424b-9868-57a2d4851a1d" relativeResultsDirectory="7d63c2e9-6452-4445-9cb9-6010d0169b78" />
    <UnitTestResult executionId="0f49bfc9-866a-429a-8630-6c2212d96ca5" testId="498b934f-374c-1dc8-3085-bd3a70ce9a92" testName="ManagedCode.Communication.Tests.Extensions.AdvancedRailwayExtensionsTests.Switch_WithSuccess_ExecutesSuccessAction" computerName="pkrvmqc4gcfdwos" duration="00:00:00.0008223" startTime="2025-08-22T20:30:39.3527825+00:00" endTime="2025-08-22T20:30:39.3528896+00:00" testType="13cdc9d9-ddb5-4fa4-a97d-d965ccfc6d4b" outcome="Passed" testListId="8c84fa94-04c1-424b-9868-57a2d4851a1d" relativeResultsDirectory="0f49bfc9-866a-429a-8630-6c2212d96ca5" />
    <UnitTestResult executionId="945fc28a-0f08-4fa7-8d36-4ccb5fefbec7" testId="d3300c9e-5da3-cf6d-3ac1-7219738332c6" testName="ManagedCode.Communication.Tests.Serialization.ProblemJsonConverterTests.Serialize_ValidationProblem_IncludesValidationErrors" computerName="pkrvmqc4gcfdwos" duration="00:00:00.0165360" startTime="2025-08-22T20:30:37.8494109+00:00" endTime="2025-08-22T20:30:37.8651036+00:00" testType="13cdc9d9-ddb5-4fa4-a97d-d965ccfc6d4b" outcome="Passed" testListId="8c84fa94-04c1-424b-9868-57a2d4851a1d" relativeResultsDirectory="945fc28a-0f08-4fa7-8d36-4ccb5fefbec7" />
    <UnitTestResult executionId="fcf60480-c1d6-4450-81fa-bf13acf351b7" testId="ebdedf64-5984-f3fa-314b-abb5908d2640" testName="ManagedCode.Communication.Tests.Serialization.SerializationTests.Problem_FromException_ShouldSerializeAndDeserialize" computerName="pkrvmqc4gcfdwos" duration="00:00:00.0003115" startTime="2025-08-22T20:30:40.4734653+00:00" endTime="2025-08-22T20:30:40.4735743+00:00" testType="13cdc9d9-ddb5-4fa4-a97d-d965ccfc6d4b" outcome="Passed" testListId="8c84fa94-04c1-424b-9868-57a2d4851a1d" relativeResultsDirectory="fcf60480-c1d6-4450-81fa-bf13acf351b7" />
    <UnitTestResult executionId="6f505ec0-e8e8-425c-9d59-92901d822d28" testId="4a081906-f0c0-7f45-b4ec-9402f752201c" testName="ManagedCode.Communication.Tests.Serialization.ProblemJsonConverterTests.SerializeDeserialize_RoundTrip_PreservesBasicProperties" computerName="pkrvmqc4gcfdwos" duration="00:00:00.0029984" startTime="2025-08-22T20:30:37.8653283+00:00" endTime="2025-08-22T20:30:37.8681671+00:00" testType="13cdc9d9-ddb5-4fa4-a97d-d965ccfc6d4b" outcome="Passed" testListId="8c84fa94-04c1-424b-9868-57a2d4851a1d" relativeResultsDirectory="6f505ec0-e8e8-425c-9d59-92901d822d28" />
    <UnitTestResult executionId="f828a256-fc68-4271-8760-23fa40cbca84" testId="df96f889-695d-6b63-9f03-a599b338bed3" testName="ManagedCode.Communication.Tests.Results.ResultStaticHelperMethodsTests.Result_StaticHelpers_ChainedCalls_ShouldMaintainFailureState" computerName="pkrvmqc4gcfdwos" duration="00:00:00.0008227" startTime="2025-08-22T20:30:38.4694619+00:00" endTime="2025-08-22T20:30:38.4695639+00:00" testType="13cdc9d9-ddb5-4fa4-a97d-d965ccfc6d4b" outcome="Passed" testListId="8c84fa94-04c1-424b-9868-57a2d4851a1d" relativeResultsDirectory="f828a256-fc68-4271-8760-23fa40cbca84" />
    <UnitTestResult executionId="c45c083b-f672-4a9c-b7b7-2ab97a9d3d7f" testId="7166e05f-60b9-3728-f3a5-1af83e5aad4c" testName="ManagedCode.Communication.Tests.ResultExtensionsTests.Ensure_WithFailingPredicate_ShouldFail" computerName="pkrvmqc4gcfdwos" duration="00:00:00.0002535" startTime="2025-08-22T20:30:40.5288895+00:00" endTime="2025-08-22T20:30:40.5289684+00:00" testType="13cdc9d9-ddb5-4fa4-a97d-d965ccfc6d4b" outcome="Passed" testListId="8c84fa94-04c1-424b-9868-57a2d4851a1d" relativeResultsDirectory="c45c083b-f672-4a9c-b7b7-2ab97a9d3d7f" />
    <UnitTestResult executionId="957a50b4-647c-4338-bf47-85d63182c249" testId="c5027c1a-9b50-9f43-2228-adeb647f513f" testName="ManagedCode.Communication.Tests.Results.ProblemCreationExtensionsTests.ToProblem_FromEnum_WithHttpStatusCode_ShouldUseProvidedStatusCode" computerName="pkrvmqc4gcfdwos" duration="00:00:00.0001890" startTime="2025-08-22T20:30:38.4597953+00:00" endTime="2025-08-22T20:30:38.4599024+00:00" testType="13cdc9d9-ddb5-4fa4-a97d-d965ccfc6d4b" outcome="Passed" testListId="8c84fa94-04c1-424b-9868-57a2d4851a1d" relativeResultsDirectory="957a50b4-647c-4338-bf47-85d63182c249" />
    <UnitTestResult executionId="9c2f9510-a285-4763-ba2a-789cedb80545" testId="5e5950b2-b136-6c89-672e-7a590d826125" testName="ManagedCode.Communication.Tests.Results.ProblemToExceptionErrorTests.ToException_WithExceptionDataKeyConflicts_ShouldHandleGracefully" computerName="pkrvmqc4gcfdwos" duration="00:00:00.0005706" startTime="2025-08-22T20:30:39.4455573+00:00" endTime="2025-08-22T20:30:39.4459494+00:00" testType="13cdc9d9-ddb5-4fa4-a97d-d965ccfc6d4b" outcome="Passed" testListId="8c84fa94-04c1-424b-9868-57a2d4851a1d" relativeResultsDirectory="9c2f9510-a285-4763-ba2a-789cedb80545" />
    <UnitTestResult executionId="8e143e03-3c9e-45cd-9d96-aab8feb38794" testId="cb7fb629-ff05-f9fd-40f3-26fe636dd5c1" testName="ManagedCode.Communication.Tests.Extensions.RailwayExtensionsTests.Tap_SuccessfulResultT_ExecutesActionWithValue" computerName="pkrvmqc4gcfdwos" duration="00:00:00.0001727" startTime="2025-08-22T20:30:38.5414127+00:00" endTime="2025-08-22T20:30:38.5415099+00:00" testType="13cdc9d9-ddb5-4fa4-a97d-d965ccfc6d4b" outcome="Passed" testListId="8c84fa94-04c1-424b-9868-57a2d4851a1d" relativeResultsDirectory="8e143e03-3c9e-45cd-9d96-aab8feb38794" />
    <UnitTestResult executionId="1c4f53a2-727a-4786-b6fa-dc35829cdcf8" testId="bbba8e22-1b20-62d6-6e69-7016b4e8e4bf" testName="ManagedCode.Communication.Tests.Extensions.RailwayExtensionsTests.Match_FailedResult_ExecutesOnFailure" computerName="pkrvmqc4gcfdwos" duration="00:00:00.0002583" startTime="2025-08-22T20:30:38.5435388+00:00" endTime="2025-08-22T20:30:38.5436364+00:00" testType="13cdc9d9-ddb5-4fa4-a97d-d965ccfc6d4b" outcome="Passed" testListId="8c84fa94-04c1-424b-9868-57a2d4851a1d" relativeResultsDirectory="1c4f53a2-727a-4786-b6fa-dc35829cdcf8" />
    <UnitTestResult executionId="525e547b-8f7c-4e34-8397-973a50cae5d3" testId="92d7240b-67dc-fa2a-1053-63a4cde5f1ef" testName="ManagedCode.Communication.Tests.Results.ProblemTests.FromStatusCode_ShouldCreateProblemFromHttpStatusCode" computerName="pkrvmqc4gcfdwos" duration="00:00:00.0002530" startTime="2025-08-22T20:30:40.7285313+00:00" endTime="2025-08-22T20:30:40.7286224+00:00" testType="13cdc9d9-ddb5-4fa4-a97d-d965ccfc6d4b" outcome="Passed" testListId="8c84fa94-04c1-424b-9868-57a2d4851a1d" relativeResultsDirectory="525e547b-8f7c-4e34-8397-973a50cae5d3" />
    <UnitTestResult executionId="0ed0be7d-baa2-42c6-b8a1-0ff861e369ae" testId="f7ed2bd9-0dc3-2bb8-cc6b-16f79bea320a" testName="ManagedCode.Communication.Tests.OrleansTests.GrainClientTests.ResultError" computerName="pkrvmqc4gcfdwos" duration="00:00:00.0037446" startTime="2025-08-22T20:30:40.8999122+00:00" endTime="2025-08-22T20:30:40.9028154+00:00" testType="13cdc9d9-ddb5-4fa4-a97d-d965ccfc6d4b" outcome="Passed" testListId="8c84fa94-04c1-424b-9868-57a2d4851a1d" relativeResultsDirectory="0ed0be7d-baa2-42c6-b8a1-0ff861e369ae" />
    <UnitTestResult executionId="33397afc-5807-4848-8eae-d0e6faf01f0a" testId="0a693c83-039e-37ea-ca71-d6cb11cb39f0" testName="ManagedCode.Communication.Tests.Results.ResultTTests.Succeed_WithValue_ShouldCreateSuccessfulResult" computerName="pkrvmqc4gcfdwos" duration="00:00:00.0001836" startTime="2025-08-22T20:30:39.3084229+00:00" endTime="2025-08-22T20:30:39.3085168+00:00" testType="13cdc9d9-ddb5-4fa4-a97d-d965ccfc6d4b" outcome="Passed" testListId="8c84fa94-04c1-424b-9868-57a2d4851a1d" relativeResultsDirectory="33397afc-5807-4848-8eae-d0e6faf01f0a" />
    <UnitTestResult executionId="4c06c50b-a25f-47a9-ab3c-68701b01ac15" testId="5daf60bc-d3db-b08c-c8ea-5261b3f91cd1" testName="ManagedCode.Communication.Tests.CollectionResults.CollectionResultFailMethodsTests.Fail_ChainedOperations_ShouldMaintainFailureState" computerName="pkrvmqc4gcfdwos" duration="00:00:00.0011577" startTime="2025-08-22T20:30:39.4681116+00:00" endTime="2025-08-22T20:30:39.4682173+00:00" testType="13cdc9d9-ddb5-4fa4-a97d-d965ccfc6d4b" outcome="Passed" testListId="8c84fa94-04c1-424b-9868-57a2d4851a1d" relativeResultsDirectory="4c06c50b-a25f-47a9-ab3c-68701b01ac15" />
    <UnitTestResult executionId="456a525e-3f74-4efa-ac61-1db2dd0a866d" testId="ca801211-e81b-4246-8165-fc89719685cd" testName="ManagedCode.Communication.Tests.Results.ProblemTests.ErrorCode_SetToNull_ShouldRemoveFromExtensions" computerName="pkrvmqc4gcfdwos" duration="00:00:00.0003445" startTime="2025-08-22T20:30:40.7282368+00:00" endTime="2025-08-22T20:30:40.7283260+00:00" testType="13cdc9d9-ddb5-4fa4-a97d-d965ccfc6d4b" outcome="Passed" testListId="8c84fa94-04c1-424b-9868-57a2d4851a1d" relativeResultsDirectory="456a525e-3f74-4efa-ac61-1db2dd0a866d" />
    <UnitTestResult executionId="fabf941a-d83d-47df-bb57-58f33ea22b86" testId="d630ef1a-2910-8a07-c058-c24f7291ec13" testName="ManagedCode.Communication.Tests.Results.ResultInvalidMethodsTests.ResultT_Invalid_WithDictionary_ShouldCreateValidationResultWithMultipleFields" computerName="pkrvmqc4gcfdwos" duration="00:00:00.0007976" startTime="2025-08-22T20:30:40.5536252+00:00" endTime="2025-08-22T20:30:40.5537005+00:00" testType="13cdc9d9-ddb5-4fa4-a97d-d965ccfc6d4b" outcome="Passed" testListId="8c84fa94-04c1-424b-9868-57a2d4851a1d" relativeResultsDirectory="fabf941a-d83d-47df-bb57-58f33ea22b86" />
    <UnitTestResult executionId="fd5d5afe-8222-457d-a8b6-2c513495a7b6" testId="717abb16-22b3-f92b-b19b-53aac21bcea2" testName="ManagedCode.Communication.Tests.Results.ResultHelperMethodsTests.Result_From_WithFailedResult_ShouldReturnFailure" computerName="pkrvmqc4gcfdwos" duration="00:00:00.0002609" startTime="2025-08-22T20:30:37.9161539+00:00" endTime="2025-08-22T20:30:37.9163050+00:00" testType="13cdc9d9-ddb5-4fa4-a97d-d965ccfc6d4b" outcome="Passed" testListId="8c84fa94-04c1-424b-9868-57a2d4851a1d" relativeResultsDirectory="fd5d5afe-8222-457d-a8b6-2c513495a7b6" />
    <UnitTestResult executionId="dbd85360-ecd4-4217-b941-f073a8e1d625" testId="2e2fba21-e57a-bf8c-9794-7565ebcbea78" testName="ManagedCode.Communication.Tests.Extensions.ResultConversionExtensionsTests.AsResult_InfersTypeFromValue" computerName="pkrvmqc4gcfdwos" duration="00:00:00.0017121" startTime="2025-08-22T20:30:40.7383019+00:00" endTime="2025-08-22T20:30:40.7384000+00:00" testType="13cdc9d9-ddb5-4fa4-a97d-d965ccfc6d4b" outcome="Passed" testListId="8c84fa94-04c1-424b-9868-57a2d4851a1d" relativeResultsDirectory="dbd85360-ecd4-4217-b941-f073a8e1d625" />
    <UnitTestResult executionId="0ceb90e9-4cd2-491c-9719-2a579f9e5dff" testId="278a89d0-8f21-1d66-b7b0-77ed01c69463" testName="ManagedCode.Communication.Tests.Results.ResultInvalidMethodsTests.Invalid_WithDuplicateKeysInDictionary_ShouldOverwritePreviousValue" computerName="pkrvmqc4gcfdwos" duration="00:00:00.0029188" startTime="2025-08-22T20:30:40.5754035+00:00" endTime="2025-08-22T20:30:40.5758284+00:00" testType="13cdc9d9-ddb5-4fa4-a97d-d965ccfc6d4b" outcome="Passed" testListId="8c84fa94-04c1-424b-9868-57a2d4851a1d" relativeResultsDirectory="0ceb90e9-4cd2-491c-9719-2a579f9e5dff" />
    <UnitTestResult executionId="041ee784-5135-4249-b8ca-1e87691c8b64" testId="ebb85f49-d557-5a6a-c90c-63121ba0873d" testName="ManagedCode.Communication.Tests.Orleans.Serialization.CollectionResultSerializationTests.CollectionResult_WithProblem_ShouldSerializeCorrectly" computerName="pkrvmqc4gcfdwos" duration="00:00:00.0157459" startTime="2025-08-22T20:30:39.4782743+00:00" endTime="2025-08-22T20:30:39.4941209+00:00" testType="13cdc9d9-ddb5-4fa4-a97d-d965ccfc6d4b" outcome="Passed" testListId="8c84fa94-04c1-424b-9868-57a2d4851a1d" relativeResultsDirectory="041ee784-5135-4249-b8ca-1e87691c8b64" />
    <UnitTestResult executionId="431c3b62-de7c-48fd-918e-c18ca35dadc8" testId="27b117ff-b7dd-57b4-7de5-67615daa035c" testName="ManagedCode.Communication.Tests.Results.ResultFailMethodsTests.Result_Fail_WithVariousStatusCodes_ShouldSetCorrectStatusCode(statusCode: InternalServerError, expectedCode: 500)" computerName="pkrvmqc4gcfdwos" duration="00:00:00.0000150" startTime="2025-08-22T20:30:40.7452823+00:00" endTime="2025-08-22T20:30:40.7453583+00:00" testType="13cdc9d9-ddb5-4fa4-a97d-d965ccfc6d4b" outcome="Passed" testListId="8c84fa94-04c1-424b-9868-57a2d4851a1d" relativeResultsDirectory="431c3b62-de7c-48fd-918e-c18ca35dadc8" />
    <UnitTestResult executionId="29c9a10a-1db9-409a-be03-644b2a6e9221" testId="72cc59dc-cbb4-fcaa-43ae-593609766cef" testName="ManagedCode.Communication.Tests.Results.CollectionResultTests.TryGetProblem_WithEmptyCollection_ButSuccessful_ShouldReturnFalse" computerName="pkrvmqc4gcfdwos" duration="00:00:00.0001743" startTime="2025-08-22T20:30:39.9019887+00:00" endTime="2025-08-22T20:30:39.9021219+00:00" testType="13cdc9d9-ddb5-4fa4-a97d-d965ccfc6d4b" outcome="Passed" testListId="8c84fa94-04c1-424b-9868-57a2d4851a1d" relativeResultsDirectory="29c9a10a-1db9-409a-be03-644b2a6e9221" />
    <UnitTestResult executionId="bd11db02-7546-4ce0-aae8-3872240d15fa" testId="a396a734-e07f-ae5f-d645-a46a1b70118e" testName="ManagedCode.Communication.Tests.Extensions.AdvancedRailwayExtensionsTests.FailIf_WithEnum_FailsWithErrorCode" computerName="pkrvmqc4gcfdwos" duration="00:00:00.0017970" startTime="2025-08-22T20:30:39.3800947+00:00" endTime="2025-08-22T20:30:39.3802299+00:00" testType="13cdc9d9-ddb5-4fa4-a97d-d965ccfc6d4b" outcome="Passed" testListId="8c84fa94-04c1-424b-9868-57a2d4851a1d" relativeResultsDirectory="bd11db02-7546-4ce0-aae8-3872240d15fa" />
    <UnitTestResult executionId="be1d00ea-0c87-4a80-92b9-e5926b1cb476" testId="fd0cdcec-1fac-f49f-a746-4772ac5928f9" testName="ManagedCode.Communication.Tests.Orleans.Serialization.ProblemSerializationTests.Problem_StandardTypes_ShouldSerializeCorrectly" computerName="pkrvmqc4gcfdwos" duration="00:00:00.0709261" startTime="2025-08-22T20:30:40.1244678+00:00" endTime="2025-08-22T20:30:40.1970926+00:00" testType="13cdc9d9-ddb5-4fa4-a97d-d965ccfc6d4b" outcome="Passed" testListId="8c84fa94-04c1-424b-9868-57a2d4851a1d" relativeResultsDirectory="be1d00ea-0c87-4a80-92b9-e5926b1cb476" />
    <UnitTestResult executionId="0b00b2db-14cb-4488-8ff9-0e933ffe5d06" testId="c9358ee1-e8d6-bb75-63be-5bcf05b8756e" testName="ManagedCode.Communication.Tests.Extensions.AdvancedRailwayExtensionsTests.FailIf_WithTrueCondition_FailsResult" computerName="pkrvmqc4gcfdwos" duration="00:00:00.0002382" startTime="2025-08-22T20:30:39.4060764+00:00" endTime="2025-08-22T20:30:39.4062130+00:00" testType="13cdc9d9-ddb5-4fa4-a97d-d965ccfc6d4b" outcome="Passed" testListId="8c84fa94-04c1-424b-9868-57a2d4851a1d" relativeResultsDirectory="0b00b2db-14cb-4488-8ff9-0e933ffe5d06" />
    <UnitTestResult executionId="6c9f104d-f405-47b5-a211-27587a5ca330" testId="c85baa65-9c4c-9bde-b9a8-21453265b599" testName="ManagedCode.Communication.Tests.Extensions.HttpResponseExtensionTests.FromRequestToResult_VariousSuccessCodes_ReturnsSuccessResult(statusCode: Accepted)" computerName="pkrvmqc4gcfdwos" duration="00:00:00.0000179" startTime="2025-08-22T20:30:40.7147073+00:00" endTime="2025-08-22T20:30:40.7148103+00:00" testType="13cdc9d9-ddb5-4fa4-a97d-d965ccfc6d4b" outcome="Passed" testListId="8c84fa94-04c1-424b-9868-57a2d4851a1d" relativeResultsDirectory="6c9f104d-f405-47b5-a211-27587a5ca330" />
    <UnitTestResult executionId="97e88a0d-5f99-4954-bfd4-e2c2766b209e" testId="c958d145-1335-3f69-818e-4d1059fbb724" testName="ManagedCode.Communication.Tests.Results.CollectionResultTests.ThrowIfFail_WithProblemException_ShouldPreserveProblemDetails" computerName="pkrvmqc4gcfdwos" duration="00:00:00.0007960" startTime="2025-08-22T20:30:39.8976852+00:00" endTime="2025-08-22T20:30:39.8978544+00:00" testType="13cdc9d9-ddb5-4fa4-a97d-d965ccfc6d4b" outcome="Passed" testListId="8c84fa94-04c1-424b-9868-57a2d4851a1d" relativeResultsDirectory="97e88a0d-5f99-4954-bfd4-e2c2766b209e" />
    <UnitTestResult executionId="20662a75-7e8a-46e7-a6c1-ece320f8ddaf" testId="0dc123ac-2efb-3f2f-924d-27dae15c54d0" testName="ManagedCode.Communication.Tests.Results.ResultTTests.ThrowIfFail_WithFailedResult_ShouldThrowProblemException" computerName="pkrvmqc4gcfdwos" duration="00:00:00.0217992" startTime="2025-08-22T20:30:39.3087560+00:00" endTime="2025-08-22T20:30:39.3295091+00:00" testType="13cdc9d9-ddb5-4fa4-a97d-d965ccfc6d4b" outcome="Passed" testListId="8c84fa94-04c1-424b-9868-57a2d4851a1d" relativeResultsDirectory="20662a75-7e8a-46e7-a6c1-ece320f8ddaf" />
    <UnitTestResult executionId="ee4bd034-cd11-4358-b5cd-04c9a43d6978" testId="5bc0f3f5-2ef6-71a7-b380-e960810bb877" testName="ManagedCode.Communication.Tests.Extensions.RailwayExtensionsTests.MapAsync_SuccessfulResult_TransformsValue" computerName="pkrvmqc4gcfdwos" duration="00:00:00.0027179" startTime="2025-08-22T20:30:38.5520386+00:00" endTime="2025-08-22T20:30:38.5521489+00:00" testType="13cdc9d9-ddb5-4fa4-a97d-d965ccfc6d4b" outcome="Passed" testListId="8c84fa94-04c1-424b-9868-57a2d4851a1d" relativeResultsDirectory="ee4bd034-cd11-4358-b5cd-04c9a43d6978" />
    <UnitTestResult executionId="e8a8b616-eaa9-45c8-a01b-530bd82f584c" testId="411a9c2f-81ff-4d70-023d-fdced9c6f4ac" testName="ManagedCode.Communication.Tests.Results.ResultOperatorsTests.ResultT_Fail_WithEnum_ShouldCreateFailedResultWithErrorCode" computerName="pkrvmqc4gcfdwos" duration="00:00:00.0003686" startTime="2025-08-22T20:30:40.4449977+00:00" endTime="2025-08-22T20:30:40.4451075+00:00" testType="13cdc9d9-ddb5-4fa4-a97d-d965ccfc6d4b" outcome="Passed" testListId="8c84fa94-04c1-424b-9868-57a2d4851a1d" relativeResultsDirectory="e8a8b616-eaa9-45c8-a01b-530bd82f584c" />
    <UnitTestResult executionId="d1feec0b-a854-420e-8e3e-46c6e8a18c5c" testId="9deae48d-7055-3dbc-52b0-c16fc854726a" testName="ManagedCode.Communication.Tests.Results.ResultTTests.From_WithFunc_ShouldExecuteAndWrapResult" computerName="pkrvmqc4gcfdwos" duration="00:00:00.0004106" startTime="2025-08-22T20:30:39.3080921+00:00" endTime="2025-08-22T20:30:39.3081869+00:00" testType="13cdc9d9-ddb5-4fa4-a97d-d965ccfc6d4b" outcome="Passed" testListId="8c84fa94-04c1-424b-9868-57a2d4851a1d" relativeResultsDirectory="d1feec0b-a854-420e-8e3e-46c6e8a18c5c" />
    <UnitTestResult executionId="8169fe2d-4415-4736-a653-c279f6678dc4" testId="edfe0445-7d04-dc18-c1ba-a9d34b86d8ce" testName="ManagedCode.Communication.Tests.Results.ResultStaticHelperMethodsTests.Result_FailT_WithEnum_ShouldCreateFailedResultTWithErrorCode" computerName="pkrvmqc4gcfdwos" duration="00:00:00.0011188" startTime="2025-08-22T20:30:38.4718637+00:00" endTime="2025-08-22T20:30:38.4728300+00:00" testType="13cdc9d9-ddb5-4fa4-a97d-d965ccfc6d4b" outcome="Passed" testListId="8c84fa94-04c1-424b-9868-57a2d4851a1d" relativeResultsDirectory="8169fe2d-4415-4736-a653-c279f6678dc4" />
    <UnitTestResult executionId="89d451f1-6a30-4ca6-8af5-aba0fd2a0c3e" testId="75182c76-38a7-377f-7070-40caa7b382c0" testName="ManagedCode.Communication.Tests.Results.ResultTTests.ImplicitOperator_FromValue_ShouldCreateSuccessfulResult" computerName="pkrvmqc4gcfdwos" duration="00:00:00.0001631" startTime="2025-08-22T20:30:39.3077561+00:00" endTime="2025-08-22T20:30:39.3078469+00:00" testType="13cdc9d9-ddb5-4fa4-a97d-d965ccfc6d4b" outcome="Passed" testListId="8c84fa94-04c1-424b-9868-57a2d4851a1d" relativeResultsDirectory="89d451f1-6a30-4ca6-8af5-aba0fd2a0c3e" />
    <UnitTestResult executionId="aa80a23c-20dd-4fcd-bd2d-967c7a3c4964" testId="d331ef3f-7107-54ae-0c84-b5478edee8fe" testName="ManagedCode.Communication.Tests.Extensions.AdvancedRailwayExtensionsTests.CompensateAsync_WithFailure_ExecutesAsyncRecovery" computerName="pkrvmqc4gcfdwos" duration="00:00:00.0047819" startTime="2025-08-22T20:30:39.3888052+00:00" endTime="2025-08-22T20:30:39.3937812+00:00" testType="13cdc9d9-ddb5-4fa4-a97d-d965ccfc6d4b" outcome="Passed" testListId="8c84fa94-04c1-424b-9868-57a2d4851a1d" relativeResultsDirectory="aa80a23c-20dd-4fcd-bd2d-967c7a3c4964" />
    <UnitTestResult executionId="f4eb0ca4-591a-4e39-b780-f02c63db7c9c" testId="b45faf43-dd79-04c9-5445-23da1be779f9" testName="ManagedCode.Communication.Tests.Results.ResultHelperMethodsTests.Result_ThrowIfFail_WithFailure_ShouldThrowProblemException" computerName="pkrvmqc4gcfdwos" duration="00:00:00.0014923" startTime="2025-08-22T20:30:37.9283858+00:00" endTime="2025-08-22T20:30:37.9285320+00:00" testType="13cdc9d9-ddb5-4fa4-a97d-d965ccfc6d4b" outcome="Passed" testListId="8c84fa94-04c1-424b-9868-57a2d4851a1d" relativeResultsDirectory="f4eb0ca4-591a-4e39-b780-f02c63db7c9c" />
    <UnitTestResult executionId="16137804-399d-4b10-96d6-da1b2b8feab0" testId="6e767f96-9226-7d9c-988b-ea75a4b8e156" testName="ManagedCode.Communication.Tests.Results.ResultFailMethodsTests.Result_Fail_WithEnumAndStatus_ShouldCreateFailedResultWithErrorCodeAndStatus" computerName="pkrvmqc4gcfdwos" duration="00:00:00.0002771" startTime="2025-08-22T20:30:40.7554142+00:00" endTime="2025-08-22T20:30:40.7555076+00:00" testType="13cdc9d9-ddb5-4fa4-a97d-d965ccfc6d4b" outcome="Passed" testListId="8c84fa94-04c1-424b-9868-57a2d4851a1d" relativeResultsDirectory="16137804-399d-4b10-96d6-da1b2b8feab0" />
    <UnitTestResult executionId="34a2303d-b64d-4afc-b739-9a71a3b552ed" testId="e3ea7a3f-bc55-5685-d863-350fa30216ea" testName="ManagedCode.Communication.Tests.Results.ResultHelperMethodsTests.ResultT_Match_WithFailure_ShouldCallOnFailure" computerName="pkrvmqc4gcfdwos" duration="00:00:00.0005374" startTime="2025-08-22T20:30:37.9185870+00:00" endTime="2025-08-22T20:30:37.9187049+00:00" testType="13cdc9d9-ddb5-4fa4-a97d-d965ccfc6d4b" outcome="Passed" testListId="8c84fa94-04c1-424b-9868-57a2d4851a1d" relativeResultsDirectory="34a2303d-b64d-4afc-b739-9a71a3b552ed" />
    <UnitTestResult executionId="6f86046f-97d6-43fd-8e59-42cf745db9b3" testId="acae517f-099e-2cd1-8736-3ed091b5c626" testName="ManagedCode.Communication.Tests.Results.ResultHelperMethodsTests.Result_FailValidation_ShouldCreateValidationResult" computerName="pkrvmqc4gcfdwos" duration="00:00:00.0004217" startTime="2025-08-22T20:30:37.9240797+00:00" endTime="2025-08-22T20:30:37.9247518+00:00" testType="13cdc9d9-ddb5-4fa4-a97d-d965ccfc6d4b" outcome="Passed" testListId="8c84fa94-04c1-424b-9868-57a2d4851a1d" relativeResultsDirectory="6f86046f-97d6-43fd-8e59-42cf745db9b3" />
    <UnitTestResult executionId="9f2d5ad1-4dea-40ac-94f4-bf0c3ab58f29" testId="18415b52-0d3b-632d-e54d-5820f161e676" testName="ManagedCode.Communication.Tests.Results.ResultOperatorsTests.Result_TryAsync_WithSuccessfulAction_ShouldReturnSuccessResult" computerName="pkrvmqc4gcfdwos" duration="00:00:00.0152288" startTime="2025-08-22T20:30:40.4499451+00:00" endTime="2025-08-22T20:30:40.4585347+00:00" testType="13cdc9d9-ddb5-4fa4-a97d-d965ccfc6d4b" outcome="Passed" testListId="8c84fa94-04c1-424b-9868-57a2d4851a1d" relativeResultsDirectory="9f2d5ad1-4dea-40ac-94f4-bf0c3ab58f29" />
    <UnitTestResult executionId="debbbb2c-bd8e-4c02-9597-9b4bd7d424cf" testId="7ace1753-df5a-6da6-da58-a5f38ddbdf97" testName="ManagedCode.Communication.Tests.Orleans.Serialization.ProblemSerializationTests.Problem_WithCustomExtensions_ShouldSerializeCorrectly" computerName="pkrvmqc4gcfdwos" duration="00:00:00.0126731" startTime="2025-08-22T20:30:40.1973176+00:00" endTime="2025-08-22T20:30:40.2098274+00:00" testType="13cdc9d9-ddb5-4fa4-a97d-d965ccfc6d4b" outcome="Passed" testListId="8c84fa94-04c1-424b-9868-57a2d4851a1d" relativeResultsDirectory="debbbb2c-bd8e-4c02-9597-9b4bd7d424cf" />
    <UnitTestResult executionId="c9ae0d3f-e6ec-4a61-83a0-665d9af27094" testId="06d35280-ada3-246c-c04a-58775402cb55" testName="ManagedCode.Communication.Tests.Results.ResultTFailMethodsTests.ResultT_Fail_WithEnum_ShouldCreateFailedResultWithErrorCode" computerName="pkrvmqc4gcfdwos" duration="00:00:00.0021825" startTime="2025-08-22T20:30:39.8458149+00:00" endTime="2025-08-22T20:30:39.8459046+00:00" testType="13cdc9d9-ddb5-4fa4-a97d-d965ccfc6d4b" outcome="Passed" testListId="8c84fa94-04c1-424b-9868-57a2d4851a1d" relativeResultsDirectory="c9ae0d3f-e6ec-4a61-83a0-665d9af27094" />
    <UnitTestResult executionId="0a8c16aa-6179-462f-ae91-c682b8aeba37" testId="7c1ef6a2-586b-711e-f03d-e05f7b31ffe1" testName="ManagedCode.Communication.Tests.Results.ResultTFailMethodsTests.ResultT_Fail_WithTitle_ShouldCreateFailedResultWithInternalServerError" computerName="pkrvmqc4gcfdwos" duration="00:00:00.0001828" startTime="2025-08-22T20:30:39.8465065+00:00" endTime="2025-08-22T20:30:39.8466014+00:00" testType="13cdc9d9-ddb5-4fa4-a97d-d965ccfc6d4b" outcome="Passed" testListId="8c84fa94-04c1-424b-9868-57a2d4851a1d" relativeResultsDirectory="0a8c16aa-6179-462f-ae91-c682b8aeba37" />
    <UnitTestResult executionId="cfbae62c-33fc-4c34-bed1-98c0ec3dbfae" testId="02db334a-6c5c-72ac-09b6-78c16163fb60" testName="ManagedCode.Communication.Tests.Results.ResultInvalidMethodsTests.Result_InvalidT_WithEnumAndMessage_ShouldCreateValidationResultWithBoth" computerName="pkrvmqc4gcfdwos" duration="00:00:00.0023054" startTime="2025-08-22T20:30:40.5742367+00:00" endTime="2025-08-22T20:30:40.5743826+00:00" testType="13cdc9d9-ddb5-4fa4-a97d-d965ccfc6d4b" outcome="Passed" testListId="8c84fa94-04c1-424b-9868-57a2d4851a1d" relativeResultsDirectory="cfbae62c-33fc-4c34-bed1-98c0ec3dbfae" />
    <UnitTestResult executionId="937845c5-ddbf-4b7b-b8de-878c2bca6276" testId="db6ef193-8df4-e9b2-14b2-67527051d37c" testName="ManagedCode.Communication.Tests.Serialization.SerializationTests.Problem_WithValidationErrors_ShouldSerializeAndDeserialize" computerName="pkrvmqc4gcfdwos" duration="00:00:00.0025774" startTime="2025-08-22T20:30:40.4867350+00:00" endTime="2025-08-22T20:30:40.4875142+00:00" testType="13cdc9d9-ddb5-4fa4-a97d-d965ccfc6d4b" outcome="Passed" testListId="8c84fa94-04c1-424b-9868-57a2d4851a1d" relativeResultsDirectory="937845c5-ddbf-4b7b-b8de-878c2bca6276" />
    <UnitTestResult executionId="923af86c-ec1e-42d7-986b-e1e9e155cbf2" testId="7d15150a-7174-6f65-3843-6fe9d1970c7b" testName="ManagedCode.Communication.Tests.Results.ResultFailMethodsTests.Result_Fail_WithTitle_ShouldCreateFailedResultWithInternalServerError" computerName="pkrvmqc4gcfdwos" duration="00:00:00.0001484" startTime="2025-08-22T20:30:40.7526305+00:00" endTime="2025-08-22T20:30:40.7527223+00:00" testType="13cdc9d9-ddb5-4fa4-a97d-d965ccfc6d4b" outcome="Passed" testListId="8c84fa94-04c1-424b-9868-57a2d4851a1d" relativeResultsDirectory="923af86c-ec1e-42d7-986b-e1e9e155cbf2" />
    <UnitTestResult executionId="708ca62f-abae-4baa-94c3-27160950c24a" testId="2b85e6a6-b085-3693-8351-fe312faa0712" testName="ManagedCode.Communication.Tests.CollectionResults.CollectionResultFailMethodsTests.Fail_NoParameters_ShouldCreateFailedResult" computerName="pkrvmqc4gcfdwos" duration="00:00:00.0031993" startTime="2025-08-22T20:30:39.4569730+00:00" endTime="2025-08-22T20:30:39.4572248+00:00" testType="13cdc9d9-ddb5-4fa4-a97d-d965ccfc6d4b" outcome="Passed" testListId="8c84fa94-04c1-424b-9868-57a2d4851a1d" relativeResultsDirectory="708ca62f-abae-4baa-94c3-27160950c24a" />
    <UnitTestResult executionId="a9c6d707-4062-46b6-9f0b-6de95a3a3ee8" testId="da316600-cb2e-9486-6dab-86d50d3c1c5c" testName="ManagedCode.Communication.Tests.Results.ResultTFailMethodsTests.ResultT_FailForbidden_WithDetail_ShouldCreateForbiddenResultWithCustomDetail" computerName="pkrvmqc4gcfdwos" duration="00:00:00.0001452" startTime="2025-08-22T20:30:39.8499765+00:00" endTime="2025-08-22T20:30:39.8500718+00:00" testType="13cdc9d9-ddb5-4fa4-a97d-d965ccfc6d4b" outcome="Passed" testListId="8c84fa94-04c1-424b-9868-57a2d4851a1d" relativeResultsDirectory="a9c6d707-4062-46b6-9f0b-6de95a3a3ee8" />
    <UnitTestResult executionId="506d0ed1-b52b-4fe0-bb23-9b553789eb6d" testId="04b4d7eb-6ae2-be4f-929b-1cc4d1077821" testName="ManagedCode.Communication.Tests.OrleansTests.GrainClientTests.ValueTaskResult" computerName="pkrvmqc4gcfdwos" duration="00:00:00.0066918" startTime="2025-08-22T20:30:40.7929178+00:00" endTime="2025-08-22T20:30:40.7996097+00:00" testType="13cdc9d9-ddb5-4fa4-a97d-d965ccfc6d4b" outcome="Passed" testListId="8c84fa94-04c1-424b-9868-57a2d4851a1d" relativeResultsDirectory="506d0ed1-b52b-4fe0-bb23-9b553789eb6d" />
    <UnitTestResult executionId="f36c6d96-c743-4250-b278-cd1e90e98d93" testId="d4d49c29-9474-ecf3-0071-3ac279f9699d" testName="ManagedCode.Communication.Tests.Serialization.ProblemJsonConverterTests.Serialize_BasicProblem_ProducesCorrectJson" computerName="pkrvmqc4gcfdwos" duration="00:00:00.0002821" startTime="2025-08-22T20:30:37.8468141+00:00" endTime="2025-08-22T20:30:37.8469541+00:00" testType="13cdc9d9-ddb5-4fa4-a97d-d965ccfc6d4b" outcome="Passed" testListId="8c84fa94-04c1-424b-9868-57a2d4851a1d" relativeResultsDirectory="f36c6d96-c743-4250-b278-cd1e90e98d93" />
    <UnitTestResult executionId="9b4cb284-f962-4c7b-881c-f49fabe470e0" testId="6c36e8fc-eb19-ac2b-e037-50e452248387" testName="ManagedCode.Communication.Tests.CollectionResults.CollectionResultFailMethodsTests.Fail_WithVariousStatusCodes_ShouldSetCorrectStatusCode(statusCode: InternalServerError, expectedCode: 500)" computerName="pkrvmqc4gcfdwos" duration="00:00:00.0000138" startTime="2025-08-22T20:30:39.4526999+00:00" endTime="2025-08-22T20:30:39.4528232+00:00" testType="13cdc9d9-ddb5-4fa4-a97d-d965ccfc6d4b" outcome="Passed" testListId="8c84fa94-04c1-424b-9868-57a2d4851a1d" relativeResultsDirectory="9b4cb284-f962-4c7b-881c-f49fabe470e0" />
    <UnitTestResult executionId="09a0785b-ab8f-4f1f-a614-f4a886303020" testId="d8f98bda-9edd-5f69-b3df-8d5cd152c533" testName="ManagedCode.Communication.Tests.Results.ProblemTests.GetValidationErrors_WithValidationProblem_ShouldReturnErrors" computerName="pkrvmqc4gcfdwos" duration="00:00:00.0002777" startTime="2025-08-22T20:30:40.7313806+00:00" endTime="2025-08-22T20:30:40.7314746+00:00" testType="13cdc9d9-ddb5-4fa4-a97d-d965ccfc6d4b" outcome="Passed" testListId="8c84fa94-04c1-424b-9868-57a2d4851a1d" relativeResultsDirectory="09a0785b-ab8f-4f1f-a614-f4a886303020" />
    <UnitTestResult executionId="a68782d5-1acd-4ef9-a555-3cc3ad8bfa29" testId="44068533-73ca-2e9c-89ae-ee196ec1d842" testName="ManagedCode.Communication.Tests.CollectionResults.CollectionResultFailMethodsTests.FailUnauthorized_NoParameters_ShouldCreateUnauthorizedResult" computerName="pkrvmqc4gcfdwos" duration="00:00:00.0003044" startTime="2025-08-22T20:30:39.4850699+00:00" endTime="2025-08-22T20:30:39.4851861+00:00" testType="13cdc9d9-ddb5-4fa4-a97d-d965ccfc6d4b" outcome="Passed" testListId="8c84fa94-04c1-424b-9868-57a2d4851a1d" relativeResultsDirectory="a68782d5-1acd-4ef9-a555-3cc3ad8bfa29" />
    <UnitTestResult executionId="d08b62d3-d86c-4f10-9097-fa8b95bd09bf" testId="74d935d3-9bac-ca17-d821-b5657be316bf" testName="ManagedCode.Communication.Tests.Results.ResultTTests.Fail_WithMessage_ShouldCreateFailedResult" computerName="pkrvmqc4gcfdwos" duration="00:00:00.0013328" startTime="2025-08-22T20:30:39.3327447+00:00" endTime="2025-08-22T20:30:39.3328397+00:00" testType="13cdc9d9-ddb5-4fa4-a97d-d965ccfc6d4b" outcome="Passed" testListId="8c84fa94-04c1-424b-9868-57a2d4851a1d" relativeResultsDirectory="d08b62d3-d86c-4f10-9097-fa8b95bd09bf" />
    <UnitTestResult executionId="5f0e0c1c-f1ef-4c00-bc0a-bca151e4b8df" testId="f435fded-0773-20b6-5c22-8fc126f24cdf" testName="ManagedCode.Communication.Tests.CollectionResults.CollectionResultFailMethodsTests.Fail_WithHttpStatusEnum_ShouldUseEnumValueAsStatusCode" computerName="pkrvmqc4gcfdwos" duration="00:00:00.0013281" startTime="2025-08-22T20:30:39.4613000+00:00" endTime="2025-08-22T20:30:39.4625231+00:00" testType="13cdc9d9-ddb5-4fa4-a97d-d965ccfc6d4b" outcome="Passed" testListId="8c84fa94-04c1-424b-9868-57a2d4851a1d" relativeResultsDirectory="5f0e0c1c-f1ef-4c00-bc0a-bca151e4b8df" />
    <UnitTestResult executionId="98e6763f-d26b-42ae-94cb-c560a7a875d6" testId="cba045b0-e2c3-6ee4-807a-f0cc507f11e5" testName="ManagedCode.Communication.Tests.CollectionResults.CollectionResultFromMethodsTests.From_ValueTaskWithException_ShouldReturnFailedResult" computerName="pkrvmqc4gcfdwos" duration="00:00:00.0053608" startTime="2025-08-22T20:30:40.0495879+00:00" endTime="2025-08-22T20:30:40.0548368+00:00" testType="13cdc9d9-ddb5-4fa4-a97d-d965ccfc6d4b" outcome="Passed" testListId="8c84fa94-04c1-424b-9868-57a2d4851a1d" relativeResultsDirectory="98e6763f-d26b-42ae-94cb-c560a7a875d6" />
    <UnitTestResult executionId="cf04365a-d8a3-4c5a-ac51-d39b134d0c93" testId="cab07736-a7f9-5cae-27f4-2374346d547f" testName="ManagedCode.Communication.Tests.Results.ResultInvalidMethodsTests.Result_InvalidT_WithEnumAndDictionary_ShouldCreateValidationResultWithAllData" computerName="pkrvmqc4gcfdwos" duration="00:00:00.0011743" startTime="2025-08-22T20:30:40.5564721+00:00" endTime="2025-08-22T20:30:40.5565675+00:00" testType="13cdc9d9-ddb5-4fa4-a97d-d965ccfc6d4b" outcome="Passed" testListId="8c84fa94-04c1-424b-9868-57a2d4851a1d" relativeResultsDirectory="cf04365a-d8a3-4c5a-ac51-d39b134d0c93" />
    <UnitTestResult executionId="f9073eb1-a099-4366-9870-48da4055dade" testId="4bf554c3-e002-54a1-f4f4-8a2759f993cd" testName="ManagedCode.Communication.Tests.Results.ResultTTests.ThrowIfFail_WithValidationFailure_ShouldThrowWithValidationDetails" computerName="pkrvmqc4gcfdwos" duration="00:00:00.0009221" startTime="2025-08-22T20:30:39.3372226+00:00" endTime="2025-08-22T20:30:39.3374891+00:00" testType="13cdc9d9-ddb5-4fa4-a97d-d965ccfc6d4b" outcome="Passed" testListId="8c84fa94-04c1-424b-9868-57a2d4851a1d" relativeResultsDirectory="f9073eb1-a099-4366-9870-48da4055dade" />
    <UnitTestResult executionId="6d043012-d061-482c-a948-28494c40fca7" testId="78ec70f9-0461-4d69-fbae-7bfa68a35251" testName="ManagedCode.Communication.Tests.Results.ResultTFailMethodsTests.ResultT_Fail_WithProblem_ShouldCreateFailedResultWithProblem" computerName="pkrvmqc4gcfdwos" duration="00:00:00.0003007" startTime="2025-08-22T20:30:39.8454943+00:00" endTime="2025-08-22T20:30:39.8455862+00:00" testType="13cdc9d9-ddb5-4fa4-a97d-d965ccfc6d4b" outcome="Passed" testListId="8c84fa94-04c1-424b-9868-57a2d4851a1d" relativeResultsDirectory="6d043012-d061-482c-a948-28494c40fca7" />
    <UnitTestResult executionId="68edf28a-4329-4b0e-8a4f-34ee94cb343d" testId="343ce4f5-70c5-16b3-2ac5-d8d01c366aab" testName="ManagedCode.Communication.Tests.Results.ResultTests.Try_WithSuccessfulAction_ShouldCreateSuccessfulResult" computerName="pkrvmqc4gcfdwos" duration="00:00:00.0003066" startTime="2025-08-22T20:30:39.7642645+00:00" endTime="2025-08-22T20:30:39.7644372+00:00" testType="13cdc9d9-ddb5-4fa4-a97d-d965ccfc6d4b" outcome="Passed" testListId="8c84fa94-04c1-424b-9868-57a2d4851a1d" relativeResultsDirectory="68edf28a-4329-4b0e-8a4f-34ee94cb343d" />
    <UnitTestResult executionId="2b5baa4f-18e8-4bf7-8658-6136e6d4e7f6" testId="5fcc6bb5-5034-60d9-130d-fe126a4d45b8" testName="ManagedCode.Communication.Tests.CollectionResults.CollectionResultFailMethodsTests.Fail_WithEnumerable_ShouldCreateFailedResultWithItems" computerName="pkrvmqc4gcfdwos" duration="00:00:00.0016393" startTime="2025-08-22T20:30:39.4604103+00:00" endTime="2025-08-22T20:30:39.4605331+00:00" testType="13cdc9d9-ddb5-4fa4-a97d-d965ccfc6d4b" outcome="Passed" testListId="8c84fa94-04c1-424b-9868-57a2d4851a1d" relativeResultsDirectory="2b5baa4f-18e8-4bf7-8658-6136e6d4e7f6" />
    <UnitTestResult executionId="70d4622f-875b-4797-b9d7-2186f089a8e4" testId="9b5dfb80-ce41-e436-1e7d-ce9b1aff93d9" testName="ManagedCode.Communication.Tests.Results.ResultStaticHelperMethodsTests.Result_FailForbiddenT_NoParameters_ShouldCreateForbiddenResultT" computerName="pkrvmqc4gcfdwos" duration="00:00:00.0004656" startTime="2025-08-22T20:30:38.4731054+00:00" endTime="2025-08-22T20:30:38.4733480+00:00" testType="13cdc9d9-ddb5-4fa4-a97d-d965ccfc6d4b" outcome="Passed" testListId="8c84fa94-04c1-424b-9868-57a2d4851a1d" relativeResultsDirectory="70d4622f-875b-4797-b9d7-2186f089a8e4" />
    <UnitTestResult executionId="a7bf38af-fb0b-4342-bd65-549062c6e039" testId="9085edc1-23da-0141-ff53-9bb481ec3c06" testName="ManagedCode.Communication.Tests.Results.ResultOperatorsTests.CollectionResult_Fail_WithEnum_ShouldCreateFailedResultWithErrorCode" computerName="pkrvmqc4gcfdwos" duration="00:00:00.0003334" startTime="2025-08-22T20:30:40.4462572+00:00" endTime="2025-08-22T20:30:40.4463374+00:00" testType="13cdc9d9-ddb5-4fa4-a97d-d965ccfc6d4b" outcome="Passed" testListId="8c84fa94-04c1-424b-9868-57a2d4851a1d" relativeResultsDirectory="a7bf38af-fb0b-4342-bd65-549062c6e039" />
    <UnitTestResult executionId="70a3e6fe-330c-4521-93c2-6aac823d207e" testId="9d26e53f-b338-80dd-562a-e1e68c02f67a" testName="ManagedCode.Communication.Tests.Orleans.Serialization.ResultSerializationTests.Result_WithValidationProblem_ShouldSerializeCorrectly" computerName="pkrvmqc4gcfdwos" duration="00:00:00.0384305" startTime="2025-08-22T20:30:39.4352408+00:00" endTime="2025-08-22T20:30:39.4759214+00:00" testType="13cdc9d9-ddb5-4fa4-a97d-d965ccfc6d4b" outcome="Passed" testListId="8c84fa94-04c1-424b-9868-57a2d4851a1d" relativeResultsDirectory="70a3e6fe-330c-4521-93c2-6aac823d207e" />
    <UnitTestResult executionId="153cce95-f747-4393-a916-4db2b8b57875" testId="b2b9573d-e985-c983-e346-e985217d8d09" testName="ManagedCode.Communication.Tests.ResultExtensionsTests.MapAsync_WithSuccessResult_ShouldTransformValueAsync" computerName="pkrvmqc4gcfdwos" duration="00:00:00.0033492" startTime="2025-08-22T20:30:40.5464949+00:00" endTime="2025-08-22T20:30:40.5493639+00:00" testType="13cdc9d9-ddb5-4fa4-a97d-d965ccfc6d4b" outcome="Passed" testListId="8c84fa94-04c1-424b-9868-57a2d4851a1d" relativeResultsDirectory="153cce95-f747-4393-a916-4db2b8b57875" />
    <UnitTestResult executionId="26ea8db8-2c96-4fc3-8394-0a7e9d8dc815" testId="0376fa9b-7287-a731-419b-9fc297e855af" testName="ManagedCode.Communication.Tests.Orleans.Serialization.ResultSerializationTests.ResultT_WithDifferentProblemTypes_ShouldSerializeCorrectly" computerName="pkrvmqc4gcfdwos" duration="00:00:00.0170629" startTime="2025-08-22T20:30:39.4966308+00:00" endTime="2025-08-22T20:30:39.5124290+00:00" testType="13cdc9d9-ddb5-4fa4-a97d-d965ccfc6d4b" outcome="Passed" testListId="8c84fa94-04c1-424b-9868-57a2d4851a1d" relativeResultsDirectory="26ea8db8-2c96-4fc3-8394-0a7e9d8dc815" />
    <UnitTestResult executionId="fdacc4f9-5d59-4a5c-b37c-a2cc5dbbc153" testId="8f22ce6f-4ac8-d4fe-e6d7-e45c0c472207" testName="ManagedCode.Communication.Tests.Results.ProblemToExceptionTests.ToException_PreservesAllExceptionData" computerName="pkrvmqc4gcfdwos" duration="00:00:00.0004255" startTime="2025-08-22T20:30:40.4918606+00:00" endTime="2025-08-22T20:30:40.4919655+00:00" testType="13cdc9d9-ddb5-4fa4-a97d-d965ccfc6d4b" outcome="Passed" testListId="8c84fa94-04c1-424b-9868-57a2d4851a1d" relativeResultsDirectory="fdacc4f9-5d59-4a5c-b37c-a2cc5dbbc153" />
    <UnitTestResult executionId="0f9d4737-9db4-4850-b21b-c9ed8bde5707" testId="25af1c0f-9922-9a6a-e81e-c2ad6e330e49" testName="ManagedCode.Communication.Tests.Extensions.RailwayExtensionsTests.Bind_ResultToResultT_SuccessfulChain" computerName="pkrvmqc4gcfdwos" duration="00:00:00.0005539" startTime="2025-08-22T20:30:38.5497269+00:00" endTime="2025-08-22T20:30:38.5498168+00:00" testType="13cdc9d9-ddb5-4fa4-a97d-d965ccfc6d4b" outcome="Passed" testListId="8c84fa94-04c1-424b-9868-57a2d4851a1d" relativeResultsDirectory="0f9d4737-9db4-4850-b21b-c9ed8bde5707" />
    <UnitTestResult executionId="b6d1c937-608f-4e6a-9f42-04d977fd5c3f" testId="99f21baf-cf67-7cbd-a714-a2085e10f456" testName="ManagedCode.Communication.Tests.ResultExtensionsTests.Bind_WithFailedResult_ShouldNotExecuteNext" computerName="pkrvmqc4gcfdwos" duration="00:00:00.0002961" startTime="2025-08-22T20:30:40.5403062+00:00" endTime="2025-08-22T20:30:40.5404115+00:00" testType="13cdc9d9-ddb5-4fa4-a97d-d965ccfc6d4b" outcome="Passed" testListId="8c84fa94-04c1-424b-9868-57a2d4851a1d" relativeResultsDirectory="b6d1c937-608f-4e6a-9f42-04d977fd5c3f" />
    <UnitTestResult executionId="22310356-4b23-46d2-a49a-c4c0b2038ff1" testId="31013b84-c240-3047-b7e6-518c431f1e71" testName="ManagedCode.Communication.Tests.Results.ProblemExceptionTests.Constructor_AllDataFieldsShouldUseNameof" computerName="pkrvmqc4gcfdwos" duration="00:00:00.0003206" startTime="2025-08-22T20:30:37.8928933+00:00" endTime="2025-08-22T20:30:37.8934867+00:00" testType="13cdc9d9-ddb5-4fa4-a97d-d965ccfc6d4b" outcome="Passed" testListId="8c84fa94-04c1-424b-9868-57a2d4851a1d" relativeResultsDirectory="22310356-4b23-46d2-a49a-c4c0b2038ff1" />
    <UnitTestResult executionId="615b79d0-42e3-4fdf-b9ae-5afc4a37a8c0" testId="663d5ff2-e7a3-93d3-3ad8-ed7a224ab1bf" testName="ManagedCode.Communication.Tests.ProblemTests.ProblemCreateMethodsTests.Problem_Create_WithNumericEnum_ShouldUseEnumName" computerName="pkrvmqc4gcfdwos" duration="00:00:00.0010131" startTime="2025-08-22T20:30:39.3482830+00:00" endTime="2025-08-22T20:30:39.3483918+00:00" testType="13cdc9d9-ddb5-4fa4-a97d-d965ccfc6d4b" outcome="Passed" testListId="8c84fa94-04c1-424b-9868-57a2d4851a1d" relativeResultsDirectory="615b79d0-42e3-4fdf-b9ae-5afc4a37a8c0" />
    <UnitTestResult executionId="b670157f-e683-4b97-b298-41a1ddc92a59" testId="ea1ac2dd-01bc-e3fc-f016-90eb60861333" testName="ManagedCode.Communication.Tests.OrleansTests.GrainClientTests.IntResult" computerName="pkrvmqc4gcfdwos" duration="00:00:00.0140819" startTime="2025-08-22T20:30:40.7782518+00:00" endTime="2025-08-22T20:30:40.7925814+00:00" testType="13cdc9d9-ddb5-4fa4-a97d-d965ccfc6d4b" outcome="Passed" testListId="8c84fa94-04c1-424b-9868-57a2d4851a1d" relativeResultsDirectory="b670157f-e683-4b97-b298-41a1ddc92a59" />
    <UnitTestResult executionId="f08d2604-383b-4571-a92a-e02897bca7e1" testId="62ec9571-83d3-3d31-1779-4fe2cf2be8e0" testName="ManagedCode.Communication.Tests.Results.CollectionResultTests.Fail_WithMessage_ShouldCreateFailedResult" computerName="pkrvmqc4gcfdwos" duration="00:00:00.0003071" startTime="2025-08-22T20:30:39.8946421+00:00" endTime="2025-08-22T20:30:39.8951507+00:00" testType="13cdc9d9-ddb5-4fa4-a97d-d965ccfc6d4b" outcome="Passed" testListId="8c84fa94-04c1-424b-9868-57a2d4851a1d" relativeResultsDirectory="f08d2604-383b-4571-a92a-e02897bca7e1" />
    <UnitTestResult executionId="16a2d7c9-829a-45e3-b5e6-120f74a65239" testId="f4bee914-5ce1-371a-8400-7e20f637c3a1" testName="ManagedCode.Communication.Tests.Extensions.RailwayExtensionsTests.Ensure_SuccessfulResultValidPredicate_RemainsSuccessful" computerName="pkrvmqc4gcfdwos" duration="00:00:00.0002320" startTime="2025-08-22T20:30:38.5500915+00:00" endTime="2025-08-22T20:30:38.5501947+00:00" testType="13cdc9d9-ddb5-4fa4-a97d-d965ccfc6d4b" outcome="Passed" testListId="8c84fa94-04c1-424b-9868-57a2d4851a1d" relativeResultsDirectory="16a2d7c9-829a-45e3-b5e6-120f74a65239" />
    <UnitTestResult executionId="77b3ec48-e3d8-40a5-83e8-c68e4828743b" testId="9fb27429-2e5b-c1a5-586b-a38199a8345b" testName="ManagedCode.Communication.Tests.AspNetCore.Extensions.ControllerExtensionsTests.ToHttpResult_WithNullValue_HandlesGracefully" computerName="pkrvmqc4gcfdwos" duration="00:00:00.0001648" startTime="2025-08-22T20:30:40.7088567+00:00" endTime="2025-08-22T20:30:40.7089488+00:00" testType="13cdc9d9-ddb5-4fa4-a97d-d965ccfc6d4b" outcome="Passed" testListId="8c84fa94-04c1-424b-9868-57a2d4851a1d" relativeResultsDirectory="77b3ec48-e3d8-40a5-83e8-c68e4828743b" />
    <UnitTestResult executionId="e1492b07-00a9-4615-adcd-4d02352a29f8" testId="db5d73e5-bd72-c41e-a69a-e342f27be70b" testName="ManagedCode.Communication.Tests.ResultExtensionsTests.Match_WithResultT_ShouldReturnCorrectBranch" computerName="pkrvmqc4gcfdwos" duration="00:00:00.0017056" startTime="2025-08-22T20:30:40.5268013+00:00" endTime="2025-08-22T20:30:40.5280642+00:00" testType="13cdc9d9-ddb5-4fa4-a97d-d965ccfc6d4b" outcome="Passed" testListId="8c84fa94-04c1-424b-9868-57a2d4851a1d" relativeResultsDirectory="e1492b07-00a9-4615-adcd-4d02352a29f8" />
    <UnitTestResult executionId="cbf3f13f-f2b2-4077-b0e9-20df2b52d410" testId="8c079e0a-8bc0-4af0-dcf8-3d60635328e5" testName="ManagedCode.Communication.Tests.Results.ResultTests.Fail_WithMessage_ShouldCreateFailedResult" computerName="pkrvmqc4gcfdwos" duration="00:00:00.0002205" startTime="2025-08-22T20:30:39.7738211+00:00" endTime="2025-08-22T20:30:39.7738969+00:00" testType="13cdc9d9-ddb5-4fa4-a97d-d965ccfc6d4b" outcome="Passed" testListId="8c84fa94-04c1-424b-9868-57a2d4851a1d" relativeResultsDirectory="cbf3f13f-f2b2-4077-b0e9-20df2b52d410" />
    <UnitTestResult executionId="92229df5-e3ae-4ee2-9115-7dff1d9cc161" testId="c31f1374-aadb-6c82-3feb-88f26c5a10d3" testName="ManagedCode.Communication.Tests.Extensions.AdvancedRailwayExtensionsTests.OkIf_WithTrueCondition_KeepsSuccess" computerName="pkrvmqc4gcfdwos" duration="00:00:00.0005702" startTime="2025-08-22T20:30:39.3941610+00:00" endTime="2025-08-22T20:30:39.3943768+00:00" testType="13cdc9d9-ddb5-4fa4-a97d-d965ccfc6d4b" outcome="Passed" testListId="8c84fa94-04c1-424b-9868-57a2d4851a1d" relativeResultsDirectory="92229df5-e3ae-4ee2-9115-7dff1d9cc161" />
    <UnitTestResult executionId="7c1ee686-90de-4fa5-a51d-793f9f7226ad" testId="7e7ded53-cbb8-545f-cbd5-7575b7f60d80" testName="ManagedCode.Communication.Tests.Results.ResultTTests.Match_ShouldExecuteCorrectFunction" computerName="pkrvmqc4gcfdwos" duration="00:00:00.0006362" startTime="2025-08-22T20:30:39.3043923+00:00" endTime="2025-08-22T20:30:39.3051589+00:00" testType="13cdc9d9-ddb5-4fa4-a97d-d965ccfc6d4b" outcome="Passed" testListId="8c84fa94-04c1-424b-9868-57a2d4851a1d" relativeResultsDirectory="7c1ee686-90de-4fa5-a51d-793f9f7226ad" />
    <UnitTestResult executionId="06311f73-5a75-4dd6-b59b-270e9450d744" testId="c500524b-7f50-6acc-4109-a9567b61a4b1" testName="ManagedCode.Communication.Tests.Results.ProblemTests.GetValidationErrors_WithNonValidationProblem_ShouldReturnNull" computerName="pkrvmqc4gcfdwos" duration="00:00:00.0000980" startTime="2025-08-22T20:30:40.7334612+00:00" endTime="2025-08-22T20:30:40.7335505+00:00" testType="13cdc9d9-ddb5-4fa4-a97d-d965ccfc6d4b" outcome="Passed" testListId="8c84fa94-04c1-424b-9868-57a2d4851a1d" relativeResultsDirectory="06311f73-5a75-4dd6-b59b-270e9450d744" />
    <UnitTestResult executionId="e18cd277-d473-4f95-b2db-18f7c76dbfcb" testId="dcd4e476-30fd-aff0-3302-390a2e842b9d" testName="ManagedCode.Communication.Tests.Results.ProblemCreationExtensionsTests.ToException_FromProblem_ShouldCreateProblemException" computerName="pkrvmqc4gcfdwos" duration="00:00:00.0010889" startTime="2025-08-22T20:30:38.4586752+00:00" endTime="2025-08-22T20:30:38.4595599+00:00" testType="13cdc9d9-ddb5-4fa4-a97d-d965ccfc6d4b" outcome="Passed" testListId="8c84fa94-04c1-424b-9868-57a2d4851a1d" relativeResultsDirectory="e18cd277-d473-4f95-b2db-18f7c76dbfcb" />
    <UnitTestResult executionId="99165578-f046-471f-9e8b-3f6ebe626aad" testId="b0c0975d-c610-a767-c328-0155d7e3729c" testName="ManagedCode.Communication.Tests.Results.ResultHelperMethodsTests.Result_Match_WithFailure_ShouldCallOnFailure" computerName="pkrvmqc4gcfdwos" duration="00:00:00.0002900" startTime="2025-08-22T20:30:37.9288644+00:00" endTime="2025-08-22T20:30:37.9289776+00:00" testType="13cdc9d9-ddb5-4fa4-a97d-d965ccfc6d4b" outcome="Passed" testListId="8c84fa94-04c1-424b-9868-57a2d4851a1d" relativeResultsDirectory="99165578-f046-471f-9e8b-3f6ebe626aad" />
    <UnitTestResult executionId="1ba23d10-936b-4366-a882-df9cf954412e" testId="96f1738f-e2d9-406a-9b7b-fefb5ff95362" testName="ManagedCode.Communication.Tests.Results.ResultTests.Fail_WithProblem_ShouldCreateFailedResult" computerName="pkrvmqc4gcfdwos" duration="00:00:00.0001759" startTime="2025-08-22T20:30:39.7714389+00:00" endTime="2025-08-22T20:30:39.7715119+00:00" testType="13cdc9d9-ddb5-4fa4-a97d-d965ccfc6d4b" outcome="Passed" testListId="8c84fa94-04c1-424b-9868-57a2d4851a1d" relativeResultsDirectory="1ba23d10-936b-4366-a882-df9cf954412e" />
    <UnitTestResult executionId="3aec63da-bc72-447f-9884-51cfd94e86d9" testId="a5d3088b-70e8-8d65-c2ea-01e93fca7cdd" testName="ManagedCode.Communication.Tests.Extensions.AdvancedRailwayExtensionsTests.Then_WithSuccessfulResult_ExecutesNext" computerName="pkrvmqc4gcfdwos" duration="00:00:00.0013279" startTime="2025-08-22T20:30:39.4024203+00:00" endTime="2025-08-22T20:30:39.4025673+00:00" testType="13cdc9d9-ddb5-4fa4-a97d-d965ccfc6d4b" outcome="Passed" testListId="8c84fa94-04c1-424b-9868-57a2d4851a1d" relativeResultsDirectory="3aec63da-bc72-447f-9884-51cfd94e86d9" />
    <UnitTestResult executionId="3f1ca339-7f09-403e-bafe-dd7ea370375c" testId="f0e672db-0cd5-af9b-9ddf-e55604adbaef" testName="ManagedCode.Communication.Tests.Results.CollectionResultInvalidMethodsTests.CollectionResult_Invalid_WithEmptyDictionary_ShouldCreateValidationResultWithNoErrors" computerName="pkrvmqc4gcfdwos" duration="00:00:00.0027102" startTime="2025-08-22T20:30:39.8620258+00:00" endTime="2025-08-22T20:30:39.8645324+00:00" testType="13cdc9d9-ddb5-4fa4-a97d-d965ccfc6d4b" outcome="Passed" testListId="8c84fa94-04c1-424b-9868-57a2d4851a1d" relativeResultsDirectory="3f1ca339-7f09-403e-bafe-dd7ea370375c" />
    <UnitTestResult executionId="19d0086f-1928-4f57-b60e-f91413fc2f84" testId="a9d86561-53c8-590d-391e-2656f1b5903c" testName="ManagedCode.Communication.Tests.ResultExtensionsTests.Bind_WithSuccessResult_ShouldExecuteNext" computerName="pkrvmqc4gcfdwos" duration="00:00:00.0002681" startTime="2025-08-22T20:30:40.5292335+00:00" endTime="2025-08-22T20:30:40.5293233+00:00" testType="13cdc9d9-ddb5-4fa4-a97d-d965ccfc6d4b" outcome="Passed" testListId="8c84fa94-04c1-424b-9868-57a2d4851a1d" relativeResultsDirectory="19d0086f-1928-4f57-b60e-f91413fc2f84" />
    <UnitTestResult executionId="0eb3cd8e-75b5-407b-9772-7a40ab07b4a0" testId="e3201c67-d417-c3b4-88e0-58c89ff57ebe" testName="ManagedCode.Communication.Tests.Orleans.Serialization.ProblemSerializationTests.Problem_ValidationErrors_ShouldSerializeCorrectly" computerName="pkrvmqc4gcfdwos" duration="00:00:00.0024491" startTime="2025-08-22T20:30:40.2305541+00:00" endTime="2025-08-22T20:30:40.2331579+00:00" testType="13cdc9d9-ddb5-4fa4-a97d-d965ccfc6d4b" outcome="Passed" testListId="8c84fa94-04c1-424b-9868-57a2d4851a1d" relativeResultsDirectory="0eb3cd8e-75b5-407b-9772-7a40ab07b4a0" />
    <UnitTestResult executionId="32c3b494-3f9f-4bbc-91f6-8b978f221855" testId="c7ef02bf-2396-4de8-1185-78ff54ff8aab" testName="ManagedCode.Communication.Tests.AspNetCore.Extensions.ServiceCollectionExtensionsTests.Communication_Should_Handle_Failed_Result" computerName="pkrvmqc4gcfdwos" duration="00:00:00.0056955" startTime="2025-08-22T20:30:40.1031189+00:00" endTime="2025-08-22T20:30:40.1088895+00:00" testType="13cdc9d9-ddb5-4fa4-a97d-d965ccfc6d4b" outcome="Passed" testListId="8c84fa94-04c1-424b-9868-57a2d4851a1d" relativeResultsDirectory="32c3b494-3f9f-4bbc-91f6-8b978f221855" />
    <UnitTestResult executionId="dfc0fa9d-1e1c-4211-b8bc-0537efa54ef9" testId="80b773b9-f50d-d39a-b57c-a8373446bf0a" testName="ManagedCode.Communication.Tests.Extensions.RailwayExtensionsTests.Tap_SuccessfulResult_ExecutesAction" computerName="pkrvmqc4gcfdwos" duration="00:00:00.0002259" startTime="2025-08-22T20:30:38.5504318+00:00" endTime="2025-08-22T20:30:38.5505320+00:00" testType="13cdc9d9-ddb5-4fa4-a97d-d965ccfc6d4b" outcome="Passed" testListId="8c84fa94-04c1-424b-9868-57a2d4851a1d" relativeResultsDirectory="dfc0fa9d-1e1c-4211-b8bc-0537efa54ef9" />
    <UnitTestResult executionId="0f6942db-1ced-4d3f-85fb-1916ed68abb6" testId="c5c4387e-9b4e-b9c4-f648-e86e48f601ca" testName="ManagedCode.Communication.Tests.Results.ResultTests.Succeed_ShouldCreateSuccessfulResult" computerName="pkrvmqc4gcfdwos" duration="00:00:00.0012930" startTime="2025-08-22T20:30:39.7740969+00:00" endTime="2025-08-22T20:30:39.7779373+00:00" testType="13cdc9d9-ddb5-4fa4-a97d-d965ccfc6d4b" outcome="Passed" testListId="8c84fa94-04c1-424b-9868-57a2d4851a1d" relativeResultsDirectory="0f6942db-1ced-4d3f-85fb-1916ed68abb6" />
    <UnitTestResult executionId="99c7f912-af3f-4bfd-97d4-065e4e7b7c69" testId="3bc1d4f1-f3cc-ed17-9443-3eb25acde6f0" testName="ManagedCode.Communication.Tests.Extensions.AdvancedRailwayExtensionsTests.ThenAsync_WithSuccessfulResult_ExecutesNext" computerName="pkrvmqc4gcfdwos" duration="00:00:00.0040338" startTime="2025-08-22T20:30:39.4038034+00:00" endTime="2025-08-22T20:30:39.4052868+00:00" testType="13cdc9d9-ddb5-4fa4-a97d-d965ccfc6d4b" outcome="Passed" testListId="8c84fa94-04c1-424b-9868-57a2d4851a1d" relativeResultsDirectory="99c7f912-af3f-4bfd-97d4-065e4e7b7c69" />
    <UnitTestResult executionId="aa10ed49-8d87-4819-892b-c68781ca9f35" testId="b7d0d978-6fd2-9721-9776-d435fa619ea2" testName="ManagedCode.Communication.Tests.Results.ResultStaticHelperMethodsTests.Result_FailUnauthorizedT_WithDetail_ShouldCreateUnauthorizedResultTWithCustomDetail" computerName="pkrvmqc4gcfdwos" duration="00:00:00.0004674" startTime="2025-08-22T20:30:38.4703097+00:00" endTime="2025-08-22T20:30:38.4705470+00:00" testType="13cdc9d9-ddb5-4fa4-a97d-d965ccfc6d4b" outcome="Passed" testListId="8c84fa94-04c1-424b-9868-57a2d4851a1d" relativeResultsDirectory="aa10ed49-8d87-4819-892b-c68781ca9f35" />
    <UnitTestResult executionId="caba48bc-e831-4a93-8561-e47c7c6f029a" testId="95d48be6-afa8-e71d-dd78-cc9c789b5af7" testName="ManagedCode.Communication.Tests.Results.ProblemExceptionTests.Constructor_WithProblemContainingErrorCode_ShouldPopulateData" computerName="pkrvmqc4gcfdwos" duration="00:00:00.0006966" startTime="2025-08-22T20:30:37.8914295+00:00" endTime="2025-08-22T20:30:37.8915832+00:00" testType="13cdc9d9-ddb5-4fa4-a97d-d965ccfc6d4b" outcome="Passed" testListId="8c84fa94-04c1-424b-9868-57a2d4851a1d" relativeResultsDirectory="caba48bc-e831-4a93-8561-e47c7c6f029a" />
    <UnitTestResult executionId="384546cb-9c0a-4ffc-97e3-b339c9b54ba1" testId="a07351d2-1bc5-ccaf-4731-3787d4a2a4e5" testName="ManagedCode.Communication.Tests.Extensions.ResultConversionExtensionsTests.AsResult_ExceptionCanBeUsedInRailwayChain" computerName="pkrvmqc4gcfdwos" duration="00:00:00.0004395" startTime="2025-08-22T20:30:40.7366933+00:00" endTime="2025-08-22T20:30:40.7368106+00:00" testType="13cdc9d9-ddb5-4fa4-a97d-d965ccfc6d4b" outcome="Passed" testListId="8c84fa94-04c1-424b-9868-57a2d4851a1d" relativeResultsDirectory="384546cb-9c0a-4ffc-97e3-b339c9b54ba1" />
    <UnitTestResult executionId="e1f73563-f093-45ac-909a-b27745950d52" testId="cd465a48-4f16-0fe6-3ad4-0670fd7de72e" testName="ManagedCode.Communication.Tests.Results.ResultTTests.ImplicitOperator_FromProblem_ShouldCreateFailedResult" computerName="pkrvmqc4gcfdwos" duration="00:00:00.0002189" startTime="2025-08-22T20:30:39.3368464+00:00" endTime="2025-08-22T20:30:39.3369474+00:00" testType="13cdc9d9-ddb5-4fa4-a97d-d965ccfc6d4b" outcome="Passed" testListId="8c84fa94-04c1-424b-9868-57a2d4851a1d" relativeResultsDirectory="e1f73563-f093-45ac-909a-b27745950d52" />
    <UnitTestResult executionId="0b63258a-ca89-40a7-a137-5da43aaef485" testId="8ddf6ba2-aa71-6918-24f4-fd6fd790ee42" testName="ManagedCode.Communication.Tests.Extensions.HttpResponseExtensionTests.FromRequestToResult_ConflictStatusCode_ReturnsFailedResult" computerName="pkrvmqc4gcfdwos" duration="00:00:00.0005770" startTime="2025-08-22T20:30:40.7212940+00:00" endTime="2025-08-22T20:30:40.7213912+00:00" testType="13cdc9d9-ddb5-4fa4-a97d-d965ccfc6d4b" outcome="Passed" testListId="8c84fa94-04c1-424b-9868-57a2d4851a1d" relativeResultsDirectory="0b63258a-ca89-40a7-a137-5da43aaef485" />
    <UnitTestResult executionId="261d8825-5a7b-40f3-9c2c-c7182b1a0ac5" testId="df342db9-d835-84be-dabd-9832a44dda8d" testName="ManagedCode.Communication.Tests.Results.ProblemTests.GetErrorCodeAs_WithNoErrorCode_ShouldReturnNull" computerName="pkrvmqc4gcfdwos" duration="00:00:00.0002969" startTime="2025-08-22T20:30:40.7323644+00:00" endTime="2025-08-22T20:30:40.7324673+00:00" testType="13cdc9d9-ddb5-4fa4-a97d-d965ccfc6d4b" outcome="Passed" testListId="8c84fa94-04c1-424b-9868-57a2d4851a1d" relativeResultsDirectory="261d8825-5a7b-40f3-9c2c-c7182b1a0ac5" />
    <UnitTestResult executionId="2af73a11-75fd-4c45-8736-6a8e825ef291" testId="5874f3ff-508a-2af1-27a9-3900f428d369" testName="ManagedCode.Communication.Tests.Orleans.OrleansSerializationTests.ComplexNestedSerialization_ShouldPreserveAllData" computerName="pkrvmqc4gcfdwos" duration="00:00:00.0093668" startTime="2025-08-22T20:30:40.9502647+00:00" endTime="2025-08-22T20:30:40.9599475+00:00" testType="13cdc9d9-ddb5-4fa4-a97d-d965ccfc6d4b" outcome="Passed" testListId="8c84fa94-04c1-424b-9868-57a2d4851a1d" relativeResultsDirectory="2af73a11-75fd-4c45-8736-6a8e825ef291" />
    <UnitTestResult executionId="16398960-c657-4927-a8a8-6c931b3efce0" testId="9c7edae4-dba8-a18a-c5ee-0aa71baa7577" testName="ManagedCode.Communication.Tests.CollectionResults.CollectionResultFromMethodsTests.From_GenericFailedCollectionResultWithProblem_ShouldReturnFailedResult" computerName="pkrvmqc4gcfdwos" duration="00:00:00.0004667" startTime="2025-08-22T20:30:39.9035911+00:00" endTime="2025-08-22T20:30:39.9036859+00:00" testType="13cdc9d9-ddb5-4fa4-a97d-d965ccfc6d4b" outcome="Passed" testListId="8c84fa94-04c1-424b-9868-57a2d4851a1d" relativeResultsDirectory="16398960-c657-4927-a8a8-6c931b3efce0" />
    <UnitTestResult executionId="e6ea0c46-5b96-4410-a546-a8efc979359b" testId="6e55e433-431e-430f-5946-55a9c6e99a57" testName="ManagedCode.Communication.Tests.Extensions.RailwayExtensionsTests.BindAsync_SuccessfulResult_ExecutesNext" computerName="pkrvmqc4gcfdwos" duration="00:00:00.0006032" startTime="2025-08-22T20:30:38.5376116+00:00" endTime="2025-08-22T20:30:38.5381160+00:00" testType="13cdc9d9-ddb5-4fa4-a97d-d965ccfc6d4b" outcome="Passed" testListId="8c84fa94-04c1-424b-9868-57a2d4851a1d" relativeResultsDirectory="e6ea0c46-5b96-4410-a546-a8efc979359b" />
    <UnitTestResult executionId="5536ef28-8ec2-4e96-ab29-9bc8cd4d875d" testId="2c4117d2-d5f3-7465-dc4d-12aa228c094e" testName="ManagedCode.Communication.Tests.Extensions.AdvancedRailwayExtensionsTests.Merge_WithAllSuccessful_ReturnsSuccess" computerName="pkrvmqc4gcfdwos" duration="00:00:00.0002991" startTime="2025-08-22T20:30:39.4028756+00:00" endTime="2025-08-22T20:30:39.4030241+00:00" testType="13cdc9d9-ddb5-4fa4-a97d-d965ccfc6d4b" outcome="Passed" testListId="8c84fa94-04c1-424b-9868-57a2d4851a1d" relativeResultsDirectory="5536ef28-8ec2-4e96-ab29-9bc8cd4d875d" />
    <UnitTestResult executionId="954cd3c5-c5da-4efd-8927-1d4d58e69fce" testId="5efec4de-8ef4-157c-0742-6a313929d03a" testName="ManagedCode.Communication.Tests.Results.ResultInvalidMethodsTests.Result_InvalidT_WithoutParameters_ShouldCreateValidationResult" computerName="pkrvmqc4gcfdwos" duration="00:00:00.0024367" startTime="2025-08-22T20:30:40.5662583+00:00" endTime="2025-08-22T20:30:40.5663527+00:00" testType="13cdc9d9-ddb5-4fa4-a97d-d965ccfc6d4b" outcome="Passed" testListId="8c84fa94-04c1-424b-9868-57a2d4851a1d" relativeResultsDirectory="954cd3c5-c5da-4efd-8927-1d4d58e69fce" />
    <UnitTestResult executionId="1b91f0be-9b2f-4c78-800c-7da2b605bc5c" testId="b54351a3-66ec-0964-2aea-e5e40f7e02d7" testName="ManagedCode.Communication.Tests.CollectionResults.CollectionResultFromMethodsTests.From_FuncReturningNull_ShouldCreateFailedResultDueToNullReference" computerName="pkrvmqc4gcfdwos" duration="00:00:00.0006465" startTime="2025-08-22T20:30:40.0550893+00:00" endTime="2025-08-22T20:30:40.0551671+00:00" testType="13cdc9d9-ddb5-4fa4-a97d-d965ccfc6d4b" outcome="Passed" testListId="8c84fa94-04c1-424b-9868-57a2d4851a1d" relativeResultsDirectory="1b91f0be-9b2f-4c78-800c-7da2b605bc5c" />
    <UnitTestResult executionId="d0ae4e4c-52aa-49fe-acb7-0cc4e65e8a5c" testId="6522bdf5-de38-3374-97b3-1ce8774e28b5" testName="ManagedCode.Communication.Tests.Orleans.OrleansSerializationTests.CompleteWorkflow_AllTypes_ShouldSerializeCorrectly" computerName="pkrvmqc4gcfdwos" duration="00:00:00.0129190" startTime="2025-08-22T20:30:40.9648040+00:00" endTime="2025-08-22T20:30:40.9778063+00:00" testType="13cdc9d9-ddb5-4fa4-a97d-d965ccfc6d4b" outcome="Passed" testListId="8c84fa94-04c1-424b-9868-57a2d4851a1d" relativeResultsDirectory="d0ae4e4c-52aa-49fe-acb7-0cc4e65e8a5c" />
    <UnitTestResult executionId="317e57f2-081a-4f10-b8cb-2fa415a41251" testId="2367f857-59aa-58a4-330a-cf98fe9cbd82" testName="ManagedCode.Communication.Tests.Results.ProblemToExceptionTests.ToException_WithNonExceptionType_ShouldFallbackToProblemException" computerName="pkrvmqc4gcfdwos" duration="00:00:00.0001597" startTime="2025-08-22T20:30:40.4963149+00:00" endTime="2025-08-22T20:30:40.4964070+00:00" testType="13cdc9d9-ddb5-4fa4-a97d-d965ccfc6d4b" outcome="Passed" testListId="8c84fa94-04c1-424b-9868-57a2d4851a1d" relativeResultsDirectory="317e57f2-081a-4f10-b8cb-2fa415a41251" />
    <UnitTestResult executionId="fd9ea115-d3ce-44b5-a47d-30d55c4f2905" testId="ecd658bb-d82c-2e31-7762-ce43abc7546e" testName="ManagedCode.Communication.Tests.Extensions.ProblemExtensionsTests.ToProblemDetails_WithZeroStatusCode_ShouldSetStatusToNull" computerName="pkrvmqc4gcfdwos" duration="00:00:00.0003273" startTime="2025-08-22T20:30:39.4878083+00:00" endTime="2025-08-22T20:30:39.4879302+00:00" testType="13cdc9d9-ddb5-4fa4-a97d-d965ccfc6d4b" outcome="Passed" testListId="8c84fa94-04c1-424b-9868-57a2d4851a1d" relativeResultsDirectory="fd9ea115-d3ce-44b5-a47d-30d55c4f2905" />
    <UnitTestResult executionId="c6332186-9c37-4568-9b10-65f258b6c64d" testId="888b4819-f7ed-7fe6-9deb-65cd848ab917" testName="ManagedCode.Communication.Tests.Results.ResultTFailMethodsTests.ResultT_Fail_WithHttpStatusEnum_ShouldUseEnumValueAsStatusCode" computerName="pkrvmqc4gcfdwos" duration="00:00:00.0624853" startTime="2025-08-22T20:30:39.8451830+00:00" endTime="2025-08-22T20:30:39.8452748+00:00" testType="13cdc9d9-ddb5-4fa4-a97d-d965ccfc6d4b" outcome="Passed" testListId="8c84fa94-04c1-424b-9868-57a2d4851a1d" relativeResultsDirectory="c6332186-9c37-4568-9b10-65f258b6c64d" />
    <UnitTestResult executionId="1af44630-f380-4c60-b6ef-c31d7b29a10e" testId="392de4af-d461-7c5b-310a-021cf63d1384" testName="ManagedCode.Communication.Tests.CollectionResults.CollectionResultFromMethodsTests.From_FuncValueTaskEnumerable_ShouldCreateSuccessResult" computerName="pkrvmqc4gcfdwos" duration="00:00:00.0182721" startTime="2025-08-22T20:30:40.3785678+00:00" endTime="2025-08-22T20:30:40.3974635+00:00" testType="13cdc9d9-ddb5-4fa4-a97d-d965ccfc6d4b" outcome="Passed" testListId="8c84fa94-04c1-424b-9868-57a2d4851a1d" relativeResultsDirectory="1af44630-f380-4c60-b6ef-c31d7b29a10e" />
    <UnitTestResult executionId="47ab2e72-108f-4629-ab0f-0fd1bc667ec1" testId="2aa15638-d059-56c3-1ae6-4f20daa0efd6" testName="ManagedCode.Communication.Tests.Serialization.ProblemJsonConverterTests.Deserialize_BasicProblem_RestoresCorrectObject" computerName="pkrvmqc4gcfdwos" duration="00:00:00.0002031" startTime="2025-08-22T20:30:37.8684687+00:00" endTime="2025-08-22T20:30:37.8685876+00:00" testType="13cdc9d9-ddb5-4fa4-a97d-d965ccfc6d4b" outcome="Passed" testListId="8c84fa94-04c1-424b-9868-57a2d4851a1d" relativeResultsDirectory="47ab2e72-108f-4629-ab0f-0fd1bc667ec1" />
    <UnitTestResult executionId="636a93cd-86a6-4231-9026-a8a0d46dccc5" testId="c214f264-6d82-7290-5fa6-35b6158af292" testName="ManagedCode.Communication.Tests.Extensions.ProblemExtensionsTests.ToProblemDetails_ShouldConvertProblemToProblemDetails" computerName="pkrvmqc4gcfdwos" duration="00:00:00.0005055" startTime="2025-08-22T20:30:39.4871019+00:00" endTime="2025-08-22T20:30:39.4872045+00:00" testType="13cdc9d9-ddb5-4fa4-a97d-d965ccfc6d4b" outcome="Passed" testListId="8c84fa94-04c1-424b-9868-57a2d4851a1d" relativeResultsDirectory="636a93cd-86a6-4231-9026-a8a0d46dccc5" />
    <UnitTestResult executionId="d6d90d9b-0116-4a2c-a0e6-5b398d9b4544" testId="45cd799b-b041-7972-1933-31bb68393544" testName="ManagedCode.Communication.Tests.CollectionResults.CollectionResultFailMethodsTests.Fail_WithVeryLongStrings_ShouldHandleCorrectly" computerName="pkrvmqc4gcfdwos" duration="00:00:00.0003264" startTime="2025-08-22T20:30:39.4793917+00:00" endTime="2025-08-22T20:30:39.4796086+00:00" testType="13cdc9d9-ddb5-4fa4-a97d-d965ccfc6d4b" outcome="Passed" testListId="8c84fa94-04c1-424b-9868-57a2d4851a1d" relativeResultsDirectory="d6d90d9b-0116-4a2c-a0e6-5b398d9b4544" />
    <UnitTestResult executionId="a757757f-22be-4029-93bc-6e9c02afefb5" testId="556708dc-3ea7-4044-1a0d-7548df8b4302" testName="ManagedCode.Communication.Tests.Serialization.ProblemJsonConverterTests.Serialize_DifferentTypeValues_HandlesCorrectly(inputType: &quot;custom-type&quot;, expectedType: &quot;custom-type&quot;)" computerName="pkrvmqc4gcfdwos" duration="00:00:00.0000471" startTime="2025-08-22T20:30:37.8031475+00:00" endTime="2025-08-22T20:30:37.8032704+00:00" testType="13cdc9d9-ddb5-4fa4-a97d-d965ccfc6d4b" outcome="Passed" testListId="8c84fa94-04c1-424b-9868-57a2d4851a1d" relativeResultsDirectory="a757757f-22be-4029-93bc-6e9c02afefb5" />
    <UnitTestResult executionId="bf0ebef0-3347-4039-96e6-9a9093ba0a63" testId="ccd5cfd0-32c3-c2b9-53ed-9209b5a556a0" testName="ManagedCode.Communication.Tests.Extensions.HttpResponseExtensionTests.FromRequestToResult_VariousErrorCodes_ReturnsFailedResult(statusCode: NotFound)" computerName="pkrvmqc4gcfdwos" duration="00:00:00.0000308" startTime="2025-08-22T20:30:40.5776951+00:00" endTime="2025-08-22T20:30:40.5777917+00:00" testType="13cdc9d9-ddb5-4fa4-a97d-d965ccfc6d4b" outcome="Passed" testListId="8c84fa94-04c1-424b-9868-57a2d4851a1d" relativeResultsDirectory="bf0ebef0-3347-4039-96e6-9a9093ba0a63" />
    <UnitTestResult executionId="67df397e-2ea2-43fa-acbf-9b5f813565a2" testId="b152476b-0692-165d-e590-b423100fc237" testName="ManagedCode.Communication.Tests.Extensions.AdvancedRailwayExtensionsTests.ComplexRailwayChain_DemonstratesFullCapabilities" computerName="pkrvmqc4gcfdwos" duration="00:00:00.0137077" startTime="2025-08-22T20:30:39.3631890+00:00" endTime="2025-08-22T20:30:39.3769764+00:00" testType="13cdc9d9-ddb5-4fa4-a97d-d965ccfc6d4b" outcome="Passed" testListId="8c84fa94-04c1-424b-9868-57a2d4851a1d" relativeResultsDirectory="67df397e-2ea2-43fa-acbf-9b5f813565a2" />
    <UnitTestResult executionId="9e387d6e-3af1-4828-9948-4fb4f01fdc6f" testId="f78bdf4b-5aed-2880-5937-4759bd7976c9" testName="ManagedCode.Communication.Tests.Results.ResultInvalidMethodsTests.Result_Invalid_WithKeyValue_ShouldCreateValidationResultWithCustomField" computerName="pkrvmqc4gcfdwos" duration="00:00:00.0004136" startTime="2025-08-22T20:30:40.5496804+00:00" endTime="2025-08-22T20:30:40.5530715+00:00" testType="13cdc9d9-ddb5-4fa4-a97d-d965ccfc6d4b" outcome="Passed" testListId="8c84fa94-04c1-424b-9868-57a2d4851a1d" relativeResultsDirectory="9e387d6e-3af1-4828-9948-4fb4f01fdc6f" />
    <UnitTestResult executionId="281d7d38-abfc-463c-b1c4-d3028223bb6e" testId="f1ac5241-744a-004f-7a68-4b73cb2ee500" testName="ManagedCode.Communication.Tests.AspNetCore.Extensions.ServiceCollectionExtensionsTests.Communication_Should_Handle_Enum_Errors" computerName="pkrvmqc4gcfdwos" duration="00:00:00.0052449" startTime="2025-08-22T20:30:40.1177307+00:00" endTime="2025-08-22T20:30:40.1231730+00:00" testType="13cdc9d9-ddb5-4fa4-a97d-d965ccfc6d4b" outcome="Passed" testListId="8c84fa94-04c1-424b-9868-57a2d4851a1d" relativeResultsDirectory="281d7d38-abfc-463c-b1c4-d3028223bb6e" />
    <UnitTestResult executionId="3b3f7220-0402-439a-b8d8-d9e32d0bfc70" testId="22cdaf43-d8ea-278c-4cc0-7325a65fa6f1" testName="ManagedCode.Communication.Tests.Results.ResultTFailMethodsTests.ResultT_Fail_WithVariousStatusCodes_ShouldSetCorrectStatusCode(statusCode: InternalServerError, expectedCode: 500)" computerName="pkrvmqc4gcfdwos" duration="00:00:00.0000110" startTime="2025-08-22T20:30:39.8448665+00:00" endTime="2025-08-22T20:30:39.8449547+00:00" testType="13cdc9d9-ddb5-4fa4-a97d-d965ccfc6d4b" outcome="Passed" testListId="8c84fa94-04c1-424b-9868-57a2d4851a1d" relativeResultsDirectory="3b3f7220-0402-439a-b8d8-d9e32d0bfc70" />
    <UnitTestResult executionId="b53ae672-446a-44df-8b53-04bee9232025" testId="980d4706-ea6d-d2a9-e6c6-8e6ce35d91ac" testName="ManagedCode.Communication.Tests.Results.CollectionResultInvalidMethodsTests.CollectionResult_Invalid_ComparedToFailValidation_ShouldBeEquivalent" computerName="pkrvmqc4gcfdwos" duration="00:00:00.0047859" startTime="2025-08-22T20:30:39.8647818+00:00" endTime="2025-08-22T20:30:39.8693786+00:00" testType="13cdc9d9-ddb5-4fa4-a97d-d965ccfc6d4b" outcome="Passed" testListId="8c84fa94-04c1-424b-9868-57a2d4851a1d" relativeResultsDirectory="b53ae672-446a-44df-8b53-04bee9232025" />
    <UnitTestResult executionId="d998bf33-b56f-4249-b8aa-c756fb11bd7b" testId="b2105290-3d86-82f5-7333-a618d72f153d" testName="ManagedCode.Communication.Tests.Extensions.AdvancedRailwayExtensionsTests.Check_WithSuccessAndNoException_ReturnsSuccess" computerName="pkrvmqc4gcfdwos" duration="00:00:00.0005271" startTime="2025-08-22T20:30:39.3616543+00:00" endTime="2025-08-22T20:30:39.3618850+00:00" testType="13cdc9d9-ddb5-4fa4-a97d-d965ccfc6d4b" outcome="Passed" testListId="8c84fa94-04c1-424b-9868-57a2d4851a1d" relativeResultsDirectory="d998bf33-b56f-4249-b8aa-c756fb11bd7b" />
    <UnitTestResult executionId="c981ae0c-b896-408c-b481-71fefa6bf16b" testId="2e7f64e0-84e1-b572-6451-e5b58ad3f1b2" testName="ManagedCode.Communication.Tests.Results.ResultFailMethodsTests.Result_Fail_NoParameters_ShouldCreateFailedResult" computerName="pkrvmqc4gcfdwos" duration="00:00:00.0001299" startTime="2025-08-22T20:30:40.7538601+00:00" endTime="2025-08-22T20:30:40.7539295+00:00" testType="13cdc9d9-ddb5-4fa4-a97d-d965ccfc6d4b" outcome="Passed" testListId="8c84fa94-04c1-424b-9868-57a2d4851a1d" relativeResultsDirectory="c981ae0c-b896-408c-b481-71fefa6bf16b" />
    <UnitTestResult executionId="f13d332c-acde-4091-be61-5290d74e3030" testId="be592d9a-91e3-5d2d-c26c-4bf5df9e4597" testName="ManagedCode.Communication.Tests.Results.ResultHelperMethodsTests.ResultT_TryAsync_WithException_ShouldReturnFailure" computerName="pkrvmqc4gcfdwos" duration="00:00:00.0098989" startTime="2025-08-22T20:30:37.9029608+00:00" endTime="2025-08-22T20:30:37.9140741+00:00" testType="13cdc9d9-ddb5-4fa4-a97d-d965ccfc6d4b" outcome="Passed" testListId="8c84fa94-04c1-424b-9868-57a2d4851a1d" relativeResultsDirectory="f13d332c-acde-4091-be61-5290d74e3030" />
    <UnitTestResult executionId="0f9fb3dc-2ec0-497e-8a3a-114ccf4519c8" testId="d1df534e-bdd0-3f3b-6fb8-d0869c06e6d1" testName="ManagedCode.Communication.Tests.Extensions.RailwayExtensionsTests.ComplexChain_FailurePath_StopsAtFirstFailure" computerName="pkrvmqc4gcfdwos" duration="00:00:00.0006103" startTime="2025-08-22T20:30:38.5490236+00:00" endTime="2025-08-22T20:30:38.5491311+00:00" testType="13cdc9d9-ddb5-4fa4-a97d-d965ccfc6d4b" outcome="Passed" testListId="8c84fa94-04c1-424b-9868-57a2d4851a1d" relativeResultsDirectory="0f9fb3dc-2ec0-497e-8a3a-114ccf4519c8" />
    <UnitTestResult executionId="8f9ede6f-6d26-469f-abe2-d376ffc4873d" testId="7d8cc7d8-a7af-3857-ec1c-988b6d4cd6cb" testName="ManagedCode.Communication.Tests.CollectionResults.CollectionResultFromMethodsTests.From_TupleTypes_ShouldHandleCorrectly" computerName="pkrvmqc4gcfdwos" duration="00:00:00.0102060" startTime="2025-08-22T20:30:40.3613148+00:00" endTime="2025-08-22T20:30:40.3717757+00:00" testType="13cdc9d9-ddb5-4fa4-a97d-d965ccfc6d4b" outcome="Passed" testListId="8c84fa94-04c1-424b-9868-57a2d4851a1d" relativeResultsDirectory="8f9ede6f-6d26-469f-abe2-d376ffc4873d" />
    <UnitTestResult executionId="c8f910f7-7012-4614-97b8-0babf24885d9" testId="08587cdb-9504-186b-dbc3-8b9a87b10c10" testName="ManagedCode.Communication.Tests.Results.ResultTFailMethodsTests.ResultT_FailValidation_WithDuplicateFields_ShouldCombineErrors" computerName="pkrvmqc4gcfdwos" duration="00:00:00.0005672" startTime="2025-08-22T20:30:39.8532852+00:00" endTime="2025-08-22T20:30:39.8533658+00:00" testType="13cdc9d9-ddb5-4fa4-a97d-d965ccfc6d4b" outcome="Passed" testListId="8c84fa94-04c1-424b-9868-57a2d4851a1d" relativeResultsDirectory="c8f910f7-7012-4614-97b8-0babf24885d9" />
    <UnitTestResult executionId="e4cc6570-e24d-4d84-b348-16211c578b44" testId="2863e3f9-7f1d-bf75-8848-3b8f86ca80ef" testName="ManagedCode.Communication.Tests.Results.RailwayOrientedProgrammingTests.Map_WithFailure_ShouldShortCircuit" computerName="pkrvmqc4gcfdwos" duration="00:00:00.0005255" startTime="2025-08-22T20:30:37.7515928+00:00" endTime="2025-08-22T20:30:37.7518967+00:00" testType="13cdc9d9-ddb5-4fa4-a97d-d965ccfc6d4b" outcome="Passed" testListId="8c84fa94-04c1-424b-9868-57a2d4851a1d" relativeResultsDirectory="e4cc6570-e24d-4d84-b348-16211c578b44" />
    <UnitTestResult executionId="e5eccb18-fce8-4cf5-9f2c-522d94d4e46d" testId="06774c33-6f96-c2da-2540-1bcc829f9f7d" testName="ManagedCode.Communication.Tests.Serialization.ProblemJsonConverterTests.SerializeDeserialize_WithExtensions_PreservesData" computerName="pkrvmqc4gcfdwos" duration="00:00:00.0571104" startTime="2025-08-22T20:30:37.8035647+00:00" endTime="2025-08-22T20:30:37.8459773+00:00" testType="13cdc9d9-ddb5-4fa4-a97d-d965ccfc6d4b" outcome="Passed" testListId="8c84fa94-04c1-424b-9868-57a2d4851a1d" relativeResultsDirectory="e5eccb18-fce8-4cf5-9f2c-522d94d4e46d" />
    <UnitTestResult executionId="433da92d-5ae2-435c-b874-1dab4f28c1f9" testId="bbc19fbb-4fd9-f2cb-1f28-6829bede514a" testName="ManagedCode.Communication.Tests.Results.CollectionResultInvalidMethodsTests.CollectionResult_Invalid_WithMessage_ShouldCreateValidationResultWithMessage" computerName="pkrvmqc4gcfdwos" duration="00:00:00.0004816" startTime="2025-08-22T20:30:39.8589274+00:00" endTime="2025-08-22T20:30:39.8590552+00:00" testType="13cdc9d9-ddb5-4fa4-a97d-d965ccfc6d4b" outcome="Passed" testListId="8c84fa94-04c1-424b-9868-57a2d4851a1d" relativeResultsDirectory="433da92d-5ae2-435c-b874-1dab4f28c1f9" />
    <UnitTestResult executionId="978a2aa8-dd03-4327-9d97-b753a5873e49" testId="df273bdc-b799-b559-21e2-0d80141c0703" testName="ManagedCode.Communication.Tests.Results.ResultInvalidMethodsTests.Result_Invalid_WithMessage_ShouldCreateValidationResultWithMessage" computerName="pkrvmqc4gcfdwos" duration="00:00:00.0003396" startTime="2025-08-22T20:30:40.5658726+00:00" endTime="2025-08-22T20:30:40.5659855+00:00" testType="13cdc9d9-ddb5-4fa4-a97d-d965ccfc6d4b" outcome="Passed" testListId="8c84fa94-04c1-424b-9868-57a2d4851a1d" relativeResultsDirectory="978a2aa8-dd03-4327-9d97-b753a5873e49" />
    <UnitTestResult executionId="44f64188-94e9-4ba9-b4de-250d6d29233f" testId="35211776-3f68-d78b-18e2-a21a4d369aed" testName="ManagedCode.Communication.Tests.Extensions.AdvancedRailwayExtensionsTests.FailIf_WithValidationErrors_FailsWithMultipleErrors" computerName="pkrvmqc4gcfdwos" duration="00:00:00.0009068" startTime="2025-08-22T20:30:39.4019753+00:00" endTime="2025-08-22T20:30:39.4021336+00:00" testType="13cdc9d9-ddb5-4fa4-a97d-d965ccfc6d4b" outcome="Passed" testListId="8c84fa94-04c1-424b-9868-57a2d4851a1d" relativeResultsDirectory="44f64188-94e9-4ba9-b4de-250d6d29233f" />
    <UnitTestResult executionId="501066ca-c57b-44fe-a83a-3f94b7b5f9db" testId="5b102866-ff04-b892-509a-5334bf755397" testName="ManagedCode.Communication.Tests.AspNetCore.Extensions.ControllerExtensionsTests.ToActionResult_WithVariousStatusCodes_ReturnsCorrectStatusCode(statusCode: 400, title: &quot;Bad Request&quot;)" computerName="pkrvmqc4gcfdwos" duration="00:00:00.0000475" startTime="2025-08-22T20:30:40.5869651+00:00" endTime="2025-08-22T20:30:40.7035412+00:00" testType="13cdc9d9-ddb5-4fa4-a97d-d965ccfc6d4b" outcome="Passed" testListId="8c84fa94-04c1-424b-9868-57a2d4851a1d" relativeResultsDirectory="501066ca-c57b-44fe-a83a-3f94b7b5f9db" />
    <UnitTestResult executionId="ee3492ab-23ae-4b0f-8a27-19b584add675" testId="4f92ecc3-fdbf-d569-57b7-f3dc0bc79390" testName="ManagedCode.Communication.Tests.Results.ResultTFailMethodsTests.ResultT_Fail_WithInnerException_ShouldPreserveExceptionInfo" computerName="pkrvmqc4gcfdwos" duration="00:00:00.0001700" startTime="2025-08-22T20:30:39.8417595+00:00" endTime="2025-08-22T20:30:39.8418567+00:00" testType="13cdc9d9-ddb5-4fa4-a97d-d965ccfc6d4b" outcome="Passed" testListId="8c84fa94-04c1-424b-9868-57a2d4851a1d" relativeResultsDirectory="ee3492ab-23ae-4b0f-8a27-19b584add675" />
    <UnitTestResult executionId="15237734-bf91-410b-a9f2-429ca75bf082" testId="84853a77-193c-be7b-a6c8-566bcbdc46e5" testName="ManagedCode.Communication.Tests.AspNetCore.Extensions.ControllerExtensionsTests.ToActionResult_WithVariousStatusCodes_ReturnsCorrectStatusCode(statusCode: 409, title: &quot;Conflict&quot;)" computerName="pkrvmqc4gcfdwos" duration="00:00:00.0001941" startTime="2025-08-22T20:30:40.5825170+00:00" endTime="2025-08-22T20:30:40.5826263+00:00" testType="13cdc9d9-ddb5-4fa4-a97d-d965ccfc6d4b" outcome="Passed" testListId="8c84fa94-04c1-424b-9868-57a2d4851a1d" relativeResultsDirectory="15237734-bf91-410b-a9f2-429ca75bf082" />
    <UnitTestResult executionId="8a502275-a77e-425b-b12d-5dd5bec33363" testId="5c7b6bae-02f9-ce2e-b4df-a3f1c1127960" testName="ManagedCode.Communication.Tests.CollectionResults.CollectionResultFromMethodsTests.From_ValueTaskReturningArray_ShouldCreateSuccessResult" computerName="pkrvmqc4gcfdwos" duration="00:00:00.0024646" startTime="2025-08-22T20:30:40.2989137+00:00" endTime="2025-08-22T20:30:40.3007169+00:00" testType="13cdc9d9-ddb5-4fa4-a97d-d965ccfc6d4b" outcome="Passed" testListId="8c84fa94-04c1-424b-9868-57a2d4851a1d" relativeResultsDirectory="8a502275-a77e-425b-b12d-5dd5bec33363" />
    <UnitTestResult executionId="7cc739c6-d6e2-4ba8-a63a-08cf66f1c967" testId="c9c36d3a-0a72-c16b-d9ef-e237a67deccf" testName="ManagedCode.Communication.Tests.Orleans.Serialization.ResultSerializationTests.ResultT_WithComplexValue_ShouldSerializeCorrectly" computerName="pkrvmqc4gcfdwos" duration="00:00:00.0186795" startTime="2025-08-22T20:30:39.4762237+00:00" endTime="2025-08-22T20:30:39.4963424+00:00" testType="13cdc9d9-ddb5-4fa4-a97d-d965ccfc6d4b" outcome="Passed" testListId="8c84fa94-04c1-424b-9868-57a2d4851a1d" relativeResultsDirectory="7cc739c6-d6e2-4ba8-a63a-08cf66f1c967" />
    <UnitTestResult executionId="c8ac53fc-c127-4752-b766-3536c7a02801" testId="55f056e0-84d9-ff7c-3925-1fd61c09713f" testName="ManagedCode.Communication.Tests.Results.CollectionResultInvalidMethodsTests.CollectionResult_Invalid_ChainedValidations_ShouldWorkCorrectly" computerName="pkrvmqc4gcfdwos" duration="00:00:00.0069029" startTime="2025-08-22T20:30:39.8723452+00:00" endTime="2025-08-22T20:30:39.8768827+00:00" testType="13cdc9d9-ddb5-4fa4-a97d-d965ccfc6d4b" outcome="Passed" testListId="8c84fa94-04c1-424b-9868-57a2d4851a1d" relativeResultsDirectory="c8ac53fc-c127-4752-b766-3536c7a02801" />
    <UnitTestResult executionId="692bf9f9-9ae5-4034-972d-eed451dee6df" testId="296230cb-2332-ed3e-7412-3dcdf1d43e62" testName="ManagedCode.Communication.Tests.CollectionResults.CollectionResultFromMethodsTests.From_ComplexTypes_ShouldHandleCorrectly" computerName="pkrvmqc4gcfdwos" duration="00:00:00.0019452" startTime="2025-08-22T20:30:40.2877295+00:00" endTime="2025-08-22T20:30:40.2894735+00:00" testType="13cdc9d9-ddb5-4fa4-a97d-d965ccfc6d4b" outcome="Passed" testListId="8c84fa94-04c1-424b-9868-57a2d4851a1d" relativeResultsDirectory="692bf9f9-9ae5-4034-972d-eed451dee6df" />
    <UnitTestResult executionId="9c64a36a-bd38-467c-b854-c92775a4f53e" testId="bc225918-98fd-4d8f-87ce-a283504ff818" testName="ManagedCode.Communication.Tests.CollectionResults.CollectionResultFromMethodsTests.From_FuncValueTaskArray_ShouldCreateSuccessResult" computerName="pkrvmqc4gcfdwos" duration="00:00:00.0101659" startTime="2025-08-22T20:30:40.0566840+00:00" endTime="2025-08-22T20:30:40.0652704+00:00" testType="13cdc9d9-ddb5-4fa4-a97d-d965ccfc6d4b" outcome="Passed" testListId="8c84fa94-04c1-424b-9868-57a2d4851a1d" relativeResultsDirectory="9c64a36a-bd38-467c-b854-c92775a4f53e" />
    <UnitTestResult executionId="de2eb64c-c7ce-46e6-a81f-33171daa6e2f" testId="08207ca9-c0ba-e0cc-e9e6-34d7f89fcf5e" testName="ManagedCode.Communication.Tests.Extensions.ProblemExtensionsTests.AddInvalidMessage_WithGeneralMessage_ShouldAddToGeneralErrors" computerName="pkrvmqc4gcfdwos" duration="00:00:00.0002094" startTime="2025-08-22T20:30:39.4911521+00:00" endTime="2025-08-22T20:30:39.4912728+00:00" testType="13cdc9d9-ddb5-4fa4-a97d-d965ccfc6d4b" outcome="Passed" testListId="8c84fa94-04c1-424b-9868-57a2d4851a1d" relativeResultsDirectory="de2eb64c-c7ce-46e6-a81f-33171daa6e2f" />
    <UnitTestResult executionId="e1a07bb0-7124-47da-a407-a93fe0b5e4c5" testId="c13a92d4-2ab4-786d-c78f-fbc74a9bc6bf" testName="ManagedCode.Communication.Tests.CollectionResults.CollectionResultFromMethodsTests.From_FuncReturningLinqQuery_ShouldCreateSuccessResult" computerName="pkrvmqc4gcfdwos" duration="00:00:00.0016958" startTime="2025-08-22T20:30:40.1969683+00:00" endTime="2025-08-22T20:30:40.1974109+00:00" testType="13cdc9d9-ddb5-4fa4-a97d-d965ccfc6d4b" outcome="Passed" testListId="8c84fa94-04c1-424b-9868-57a2d4851a1d" relativeResultsDirectory="e1a07bb0-7124-47da-a407-a93fe0b5e4c5" />
    <UnitTestResult executionId="c1d867c6-dabc-4fbb-8a4a-54a4973587ed" testId="532832f5-cae8-48c6-fe23-9e1a56903292" testName="ManagedCode.Communication.Tests.Results.ResultFailMethodsTests.Result_FailUnauthorized_NoParameters_ShouldCreateUnauthorizedResult" computerName="pkrvmqc4gcfdwos" duration="00:00:00.0002143" startTime="2025-08-22T20:30:40.7459691+00:00" endTime="2025-08-22T20:30:40.7488905+00:00" testType="13cdc9d9-ddb5-4fa4-a97d-d965ccfc6d4b" outcome="Passed" testListId="8c84fa94-04c1-424b-9868-57a2d4851a1d" relativeResultsDirectory="c1d867c6-dabc-4fbb-8a4a-54a4973587ed" />
    <UnitTestResult executionId="ef11e20b-bbcb-497c-ba8c-a0dfbef5e542" testId="1868671e-db4e-df1a-0576-e50eea4adffe" testName="ManagedCode.Communication.Tests.Results.ResultInvalidMethodsTests.Result_InvalidT_WithKeyValue_ShouldCreateValidationResultWithCustomField" computerName="pkrvmqc4gcfdwos" duration="00:00:00.0004447" startTime="2025-08-22T20:30:40.5698675+00:00" endTime="2025-08-22T20:30:40.5699818+00:00" testType="13cdc9d9-ddb5-4fa4-a97d-d965ccfc6d4b" outcome="Passed" testListId="8c84fa94-04c1-424b-9868-57a2d4851a1d" relativeResultsDirectory="ef11e20b-bbcb-497c-ba8c-a0dfbef5e542" />
    <UnitTestResult executionId="b4068c9d-ca8a-40ab-96f2-bcdfb1213b72" testId="3fee61e5-7e3b-84b7-2cfd-6b24b1b5dcda" testName="ManagedCode.Communication.Tests.Results.ProblemCreationExtensionsTests.ToProblem_FromException_WithHttpStatusCode_ShouldUseProvidedStatusCode" computerName="pkrvmqc4gcfdwos" duration="00:00:00.0003353" startTime="2025-08-22T20:30:38.4583194+00:00" endTime="2025-08-22T20:30:38.4584309+00:00" testType="13cdc9d9-ddb5-4fa4-a97d-d965ccfc6d4b" outcome="Passed" testListId="8c84fa94-04c1-424b-9868-57a2d4851a1d" relativeResultsDirectory="b4068c9d-ca8a-40ab-96f2-bcdfb1213b72" />
    <UnitTestResult executionId="09a807b4-57a1-4457-a8c7-3e606ea67be1" testId="89f1e695-1be3-dd88-4f12-d20091883b21" testName="ManagedCode.Communication.Tests.Results.ProblemTests.Constructor_WithParameters_ShouldSetProperties" computerName="pkrvmqc4gcfdwos" duration="00:00:00.0007062" startTime="2025-08-22T20:30:40.7220003+00:00" endTime="2025-08-22T20:30:40.7221100+00:00" testType="13cdc9d9-ddb5-4fa4-a97d-d965ccfc6d4b" outcome="Passed" testListId="8c84fa94-04c1-424b-9868-57a2d4851a1d" relativeResultsDirectory="09a807b4-57a1-4457-a8c7-3e606ea67be1" />
    <UnitTestResult executionId="e4cbacce-e75b-4450-b9d0-894833ece0e3" testId="49c46075-0a42-052a-7a74-65c78fd3a54b" testName="ManagedCode.Communication.Tests.Results.ResultHelperMethodsTests.ResultT_TryAsync_WithSuccessfulTask_ShouldReturnSuccessWithValue" computerName="pkrvmqc4gcfdwos" duration="00:00:00.5147262" startTime="2025-08-22T20:30:37.9297010+00:00" endTime="2025-08-22T20:30:38.4421891+00:00" testType="13cdc9d9-ddb5-4fa4-a97d-d965ccfc6d4b" outcome="Passed" testListId="8c84fa94-04c1-424b-9868-57a2d4851a1d" relativeResultsDirectory="e4cbacce-e75b-4450-b9d0-894833ece0e3" />
    <UnitTestResult executionId="75a781c3-3cd3-46c6-b9cf-a36d8059a983" testId="2e7c745d-8a62-07fa-75a5-000f8e56d414" testName="ManagedCode.Communication.Tests.CollectionResults.CollectionResultFromMethodsTests.From_FailedCollectionResultWithProblem_ShouldReturnFailedResult" computerName="pkrvmqc4gcfdwos" duration="00:00:00.0002546" startTime="2025-08-22T20:30:40.0553366+00:00" endTime="2025-08-22T20:30:40.0554073+00:00" testType="13cdc9d9-ddb5-4fa4-a97d-d965ccfc6d4b" outcome="Passed" testListId="8c84fa94-04c1-424b-9868-57a2d4851a1d" relativeResultsDirectory="75a781c3-3cd3-46c6-b9cf-a36d8059a983" />
    <UnitTestResult executionId="91038ce1-d002-407a-8e0e-3cb6503b10ed" testId="ce3fa9f3-48b0-1831-219b-9a887cfec004" testName="ManagedCode.Communication.Tests.CollectionResults.CollectionResultFromMethodsTests.From_FuncReturningHashSet_ShouldCreateSuccessResult" computerName="pkrvmqc4gcfdwos" duration="00:00:00.0008076" startTime="2025-08-22T20:30:39.9024645+00:00" endTime="2025-08-22T20:30:39.9025624+00:00" testType="13cdc9d9-ddb5-4fa4-a97d-d965ccfc6d4b" outcome="Passed" testListId="8c84fa94-04c1-424b-9868-57a2d4851a1d" relativeResultsDirectory="91038ce1-d002-407a-8e0e-3cb6503b10ed" />
    <UnitTestResult executionId="1d967afa-8cbd-4689-bd07-cc8fac34987b" testId="4d38db8c-d739-e015-e09d-cd6fc5dff5ab" testName="ManagedCode.Communication.Tests.CollectionResults.CollectionResultFailMethodsTests.Fail_WithEmptyEnumerable_ShouldCreateFailedResultWithEmptyCollection" computerName="pkrvmqc4gcfdwos" duration="00:00:00.0005436" startTime="2025-08-22T20:30:39.4664977+00:00" endTime="2025-08-22T20:30:39.4667862+00:00" testType="13cdc9d9-ddb5-4fa4-a97d-d965ccfc6d4b" outcome="Passed" testListId="8c84fa94-04c1-424b-9868-57a2d4851a1d" relativeResultsDirectory="1d967afa-8cbd-4689-bd07-cc8fac34987b" />
    <UnitTestResult executionId="18e98714-b00b-4d95-afe0-dd3d87c924d7" testId="d49dd8a1-17d1-d140-9564-06903127a2e4" testName="ManagedCode.Communication.Tests.Extensions.AdvancedRailwayExtensionsTests.Merge_WithOneFailure_ReturnsFirstFailure" computerName="pkrvmqc4gcfdwos" duration="00:00:00.0002090" startTime="2025-08-22T20:30:39.4286150+00:00" endTime="2025-08-22T20:30:39.4287565+00:00" testType="13cdc9d9-ddb5-4fa4-a97d-d965ccfc6d4b" outcome="Passed" testListId="8c84fa94-04c1-424b-9868-57a2d4851a1d" relativeResultsDirectory="18e98714-b00b-4d95-afe0-dd3d87c924d7" />
    <UnitTestResult executionId="9e8654f6-f0df-4d92-b0fb-f3f1a3faca91" testId="3d40653d-19a3-c289-4128-980e5c453274" testName="ManagedCode.Communication.Tests.CollectionResults.CollectionResultFromMethodsTests.From_FuncValueTaskCollectionResult_ShouldReturnResult" computerName="pkrvmqc4gcfdwos" duration="00:00:00.0046618" startTime="2025-08-22T20:30:40.1924920+00:00" endTime="2025-08-22T20:30:40.1956405+00:00" testType="13cdc9d9-ddb5-4fa4-a97d-d965ccfc6d4b" outcome="Passed" testListId="8c84fa94-04c1-424b-9868-57a2d4851a1d" relativeResultsDirectory="9e8654f6-f0df-4d92-b0fb-f3f1a3faca91" />
    <UnitTestResult executionId="45f590ed-3a0c-42b7-b10c-6eb0002cd53e" testId="2c4ab2a0-5b84-fdeb-332e-fc8fa28ff2a8" testName="ManagedCode.Communication.Tests.Results.ResultTFailMethodsTests.ResultT_Fail_WithExceptionAndStatus_ShouldCreateFailedResultWithSpecifiedStatus" computerName="pkrvmqc4gcfdwos" duration="00:00:00.0001997" startTime="2025-08-22T20:30:39.8475095+00:00" endTime="2025-08-22T20:30:39.8476104+00:00" testType="13cdc9d9-ddb5-4fa4-a97d-d965ccfc6d4b" outcome="Passed" testListId="8c84fa94-04c1-424b-9868-57a2d4851a1d" relativeResultsDirectory="45f590ed-3a0c-42b7-b10c-6eb0002cd53e" />
    <UnitTestResult executionId="da33b3d2-5e0c-4fd3-9ea6-da8eb19639a5" testId="61d001b5-5efe-ed15-672d-6cba81d74c34" testName="ManagedCode.Communication.Tests.Results.ProblemCreationExtensionsTests.ToProblem_FromEnum_WithDefaultParameters_ShouldCreateProblem" computerName="pkrvmqc4gcfdwos" duration="00:00:00.0008570" startTime="2025-08-22T20:30:38.4622675+00:00" endTime="2025-08-22T20:30:38.4623686+00:00" testType="13cdc9d9-ddb5-4fa4-a97d-d965ccfc6d4b" outcome="Passed" testListId="8c84fa94-04c1-424b-9868-57a2d4851a1d" relativeResultsDirectory="da33b3d2-5e0c-4fd3-9ea6-da8eb19639a5" />
    <UnitTestResult executionId="675a6846-7453-4f2c-a997-0fc114e87c6d" testId="5ff238f1-95c7-893f-0944-9f7af0bf7443" testName="ManagedCode.Communication.Tests.CollectionResults.CollectionResultFromMethodsTests.From_TaskReturningFailedCollectionResult_ShouldReturnFailedResult" computerName="pkrvmqc4gcfdwos" duration="00:00:00.0022464" startTime="2025-08-22T20:30:40.3780791+00:00" endTime="2025-08-22T20:30:40.3783107+00:00" testType="13cdc9d9-ddb5-4fa4-a97d-d965ccfc6d4b" outcome="Passed" testListId="8c84fa94-04c1-424b-9868-57a2d4851a1d" relativeResultsDirectory="675a6846-7453-4f2c-a997-0fc114e87c6d" />
    <UnitTestResult executionId="3c45fade-8b2f-497a-a68a-a5596cbc33fe" testId="c8d77af0-8084-8474-2ecb-63693a6af3aa" testName="ManagedCode.Communication.Tests.Results.ResultStaticHelperMethodsTests.Result_FailValidationT_WithMultipleErrors_ShouldCreateValidationFailedResultTWithAllErrors" computerName="pkrvmqc4gcfdwos" duration="00:00:00.0008166" startTime="2025-08-22T20:30:38.4698175+00:00" endTime="2025-08-22T20:30:38.4700540+00:00" testType="13cdc9d9-ddb5-4fa4-a97d-d965ccfc6d4b" outcome="Passed" testListId="8c84fa94-04c1-424b-9868-57a2d4851a1d" relativeResultsDirectory="3c45fade-8b2f-497a-a68a-a5596cbc33fe" />
    <UnitTestResult executionId="e51a491e-58cc-4a35-ab08-b2f6bf59d9c0" testId="9a6a7a50-e76a-4ed6-f132-a9079fc9826f" testName="ManagedCode.Communication.Tests.Results.ProblemExceptionTests.FromProblem_ShouldCreateProblemException" computerName="pkrvmqc4gcfdwos" duration="00:00:00.0003053" startTime="2025-08-22T20:30:37.8919149+00:00" endTime="2025-08-22T20:30:37.8920645+00:00" testType="13cdc9d9-ddb5-4fa4-a97d-d965ccfc6d4b" outcome="Passed" testListId="8c84fa94-04c1-424b-9868-57a2d4851a1d" relativeResultsDirectory="e51a491e-58cc-4a35-ab08-b2f6bf59d9c0" />
    <UnitTestResult executionId="67c56b3c-a7b0-4a72-8cf0-be92ef9eb938" testId="49e90383-ea67-98d1-9850-3c76b1e1c966" testName="ManagedCode.Communication.Tests.Results.ResultTFailMethodsTests.ResultT_Fail_WithVariousStatusCodes_ShouldSetCorrectStatusCode(statusCode: BadRequest, expectedCode: 400)" computerName="pkrvmqc4gcfdwos" duration="00:00:00.0002449" startTime="2025-08-22T20:30:39.8434795+00:00" endTime="2025-08-22T20:30:39.8435738+00:00" testType="13cdc9d9-ddb5-4fa4-a97d-d965ccfc6d4b" outcome="Passed" testListId="8c84fa94-04c1-424b-9868-57a2d4851a1d" relativeResultsDirectory="67c56b3c-a7b0-4a72-8cf0-be92ef9eb938" />
    <UnitTestResult executionId="f287a7d2-b442-42ec-9ca2-9f401da1c198" testId="6bdd3bbc-d7a5-24ee-4e32-c68e3928d318" testName="ManagedCode.Communication.Tests.CollectionResults.CollectionResultFromMethodsTests.From_SuccessCollectionResult_ShouldReturnSameResult" computerName="pkrvmqc4gcfdwos" duration="00:00:00.0011415" startTime="2025-08-22T20:30:40.1993392+00:00" endTime="2025-08-22T20:30:40.1994356+00:00" testType="13cdc9d9-ddb5-4fa4-a97d-d965ccfc6d4b" outcome="Passed" testListId="8c84fa94-04c1-424b-9868-57a2d4851a1d" relativeResultsDirectory="f287a7d2-b442-42ec-9ca2-9f401da1c198" />
    <UnitTestResult executionId="13061b26-4402-4bb1-8ccd-883f09a4dd25" testId="c2bf73e0-2b43-e613-8fe5-319705841f57" testName="ManagedCode.Communication.Tests.Results.ResultTests.FailValidation_ShouldCreateValidationResult" computerName="pkrvmqc4gcfdwos" duration="00:00:00.0003207" startTime="2025-08-22T20:30:39.7808865+00:00" endTime="2025-08-22T20:30:39.7809861+00:00" testType="13cdc9d9-ddb5-4fa4-a97d-d965ccfc6d4b" outcome="Passed" testListId="8c84fa94-04c1-424b-9868-57a2d4851a1d" relativeResultsDirectory="13061b26-4402-4bb1-8ccd-883f09a4dd25" />
    <UnitTestResult executionId="a3a6d742-e3e9-4aeb-9255-36ec7416075c" testId="0dba5786-625f-2c43-9e0c-752956fd421c" testName="ManagedCode.Communication.Tests.Results.ResultFailMethodsTests.Result_FailNotFound_NoParameters_ShouldCreateNotFoundResult" computerName="pkrvmqc4gcfdwos" duration="00:00:00.0002176" startTime="2025-08-22T20:30:40.7536164+00:00" endTime="2025-08-22T20:30:40.7537001+00:00" testType="13cdc9d9-ddb5-4fa4-a97d-d965ccfc6d4b" outcome="Passed" testListId="8c84fa94-04c1-424b-9868-57a2d4851a1d" relativeResultsDirectory="a3a6d742-e3e9-4aeb-9255-36ec7416075c" />
    <UnitTestResult executionId="e6da1e4a-8d32-46d7-ad08-c0f497a83c61" testId="420227c9-e6b9-b50e-d05f-d761ad3cd58e" testName="ManagedCode.Communication.Tests.Results.ResultTTests.Bind_WithFailedResult_ShouldReturnFailedResult" computerName="pkrvmqc4gcfdwos" duration="00:00:00.0002065" startTime="2025-08-22T20:30:39.3331159+00:00" endTime="2025-08-22T20:30:39.3332184+00:00" testType="13cdc9d9-ddb5-4fa4-a97d-d965ccfc6d4b" outcome="Passed" testListId="8c84fa94-04c1-424b-9868-57a2d4851a1d" relativeResultsDirectory="e6da1e4a-8d32-46d7-ad08-c0f497a83c61" />
    <UnitTestResult executionId="bb44bb5e-00c9-4686-b3df-291442dbdf91" testId="0722ba6b-76b6-1c47-d7d1-0b74ba7f6032" testName="ManagedCode.Communication.Tests.Results.CollectionResultTests.Succeed_WithArray_ShouldCreateSuccessfulResult" computerName="pkrvmqc4gcfdwos" duration="00:00:00.0004104" startTime="2025-08-22T20:30:39.8925757+00:00" endTime="2025-08-22T20:30:39.8926740+00:00" testType="13cdc9d9-ddb5-4fa4-a97d-d965ccfc6d4b" outcome="Passed" testListId="8c84fa94-04c1-424b-9868-57a2d4851a1d" relativeResultsDirectory="bb44bb5e-00c9-4686-b3df-291442dbdf91" />
    <UnitTestResult executionId="1461f897-aff1-4311-9a74-e4237f949794" testId="209cac5e-e8da-6f36-97c4-1242230c6ca0" testName="ManagedCode.Communication.Tests.Results.ResultHelperMethodsTests.Result_From_WithException_ShouldReturnFailure" computerName="pkrvmqc4gcfdwos" duration="00:00:00.0002335" startTime="2025-08-22T20:30:37.9023506+00:00" endTime="2025-08-22T20:30:37.9024704+00:00" testType="13cdc9d9-ddb5-4fa4-a97d-d965ccfc6d4b" outcome="Passed" testListId="8c84fa94-04c1-424b-9868-57a2d4851a1d" relativeResultsDirectory="1461f897-aff1-4311-9a74-e4237f949794" />
    <UnitTestResult executionId="bcb22123-2eb7-4a69-ab2f-afd3e26a3d7b" testId="f3efdaca-9c0c-cd13-72e4-329f615be42e" testName="ManagedCode.Communication.Tests.Results.ResultHelperMethodsTests.ResultT_TryGetProblem_WithFailure_ShouldReturnTrueAndProblem" computerName="pkrvmqc4gcfdwos" duration="00:00:00.0001462" startTime="2025-08-22T20:30:37.9292752+00:00" endTime="2025-08-22T20:30:37.9294183+00:00" testType="13cdc9d9-ddb5-4fa4-a97d-d965ccfc6d4b" outcome="Passed" testListId="8c84fa94-04c1-424b-9868-57a2d4851a1d" relativeResultsDirectory="bcb22123-2eb7-4a69-ab2f-afd3e26a3d7b" />
    <UnitTestResult executionId="f1aaa88c-a23b-4672-a798-f3243b26acb8" testId="3ebde54a-5d59-a2ef-9fd5-b8b44c97d1ad" testName="ManagedCode.Communication.Tests.CollectionResults.CollectionResultFromMethodsTests.From_SlowAsyncOperation_ShouldComplete" computerName="pkrvmqc4gcfdwos" duration="00:00:00.1184188" startTime="2025-08-22T20:30:40.0686149+00:00" endTime="2025-08-22T20:30:40.1909792+00:00" testType="13cdc9d9-ddb5-4fa4-a97d-d965ccfc6d4b" outcome="Passed" testListId="8c84fa94-04c1-424b-9868-57a2d4851a1d" relativeResultsDirectory="f1aaa88c-a23b-4672-a798-f3243b26acb8" />
    <UnitTestResult executionId="d2b4efac-8eaf-40dc-abd8-d5479d9b5dac" testId="3e9e891c-a70e-1cec-ed52-a1f055f94791" testName="ManagedCode.Communication.Tests.Results.ProblemToExceptionErrorTests.ToException_WithNullDetailAndTitle_ShouldUseDefaultMessage" computerName="pkrvmqc4gcfdwos" duration="00:00:00.0003791" startTime="2025-08-22T20:30:39.4434820+00:00" endTime="2025-08-22T20:30:39.4436385+00:00" testType="13cdc9d9-ddb5-4fa4-a97d-d965ccfc6d4b" outcome="Passed" testListId="8c84fa94-04c1-424b-9868-57a2d4851a1d" relativeResultsDirectory="d2b4efac-8eaf-40dc-abd8-d5479d9b5dac" />
    <UnitTestResult executionId="6d456bea-34d3-45b8-9b23-7bcd4362874e" testId="4b7c578e-2c8b-fbf4-edf0-1e833a94cb00" testName="ManagedCode.Communication.Tests.Extensions.HttpResponseExtensionTests.FromRequestToResult_ErrorStatusCode_ReturnsFailedResult" computerName="pkrvmqc4gcfdwos" duration="00:00:00.0007683" startTime="2025-08-22T20:30:40.7138189+00:00" endTime="2025-08-22T20:30:40.7139104+00:00" testType="13cdc9d9-ddb5-4fa4-a97d-d965ccfc6d4b" outcome="Passed" testListId="8c84fa94-04c1-424b-9868-57a2d4851a1d" relativeResultsDirectory="6d456bea-34d3-45b8-9b23-7bcd4362874e" />
    <UnitTestResult executionId="4d63cde1-3a19-4f18-b66c-ee4855e47a48" testId="71c2c6e3-3e9a-c3a1-9360-c0c1796ab5f0" testName="ManagedCode.Communication.Tests.Results.ResultHelperMethodsTests.ResultT_ThrowIfFail_WithFailure_ShouldThrowProblemException" computerName="pkrvmqc4gcfdwos" duration="00:00:00.0104346" startTime="2025-08-22T20:30:37.8958190+00:00" endTime="2025-08-22T20:30:37.9020852+00:00" testType="13cdc9d9-ddb5-4fa4-a97d-d965ccfc6d4b" outcome="Passed" testListId="8c84fa94-04c1-424b-9868-57a2d4851a1d" relativeResultsDirectory="4d63cde1-3a19-4f18-b66c-ee4855e47a48" />
    <UnitTestResult executionId="b8c4c97e-7f32-444b-b77d-1861da2344d1" testId="52ca4f6f-9446-ce96-f00d-3177ac949b13" testName="ManagedCode.Communication.Tests.CollectionResults.CollectionResultFromMethodsTests.From_FailedCollectionResultWithoutProblem_ShouldReturnFailedResult" computerName="pkrvmqc4gcfdwos" duration="00:00:00.0002869" startTime="2025-08-22T20:30:40.0492219+00:00" endTime="2025-08-22T20:30:40.0493235+00:00" testType="13cdc9d9-ddb5-4fa4-a97d-d965ccfc6d4b" outcome="Passed" testListId="8c84fa94-04c1-424b-9868-57a2d4851a1d" relativeResultsDirectory="b8c4c97e-7f32-444b-b77d-1861da2344d1" />
    <UnitTestResult executionId="613c7006-cf61-4510-9339-4dfbc6d62284" testId="3fc0a61d-0537-a068-dc4c-e9f48287e808" testName="ManagedCode.Communication.Tests.AspNetCore.Extensions.ControllerExtensionsTests.ToActionResult_WithValidationError_Returns400WithProblemDetails" computerName="pkrvmqc4gcfdwos" duration="00:00:00.0002646" startTime="2025-08-22T20:30:40.7064002+00:00" endTime="2025-08-22T20:30:40.7064934+00:00" testType="13cdc9d9-ddb5-4fa4-a97d-d965ccfc6d4b" outcome="Passed" testListId="8c84fa94-04c1-424b-9868-57a2d4851a1d" relativeResultsDirectory="613c7006-cf61-4510-9339-4dfbc6d62284" />
    <UnitTestResult executionId="94f91822-fe8c-4fb5-8798-de574d8be8b9" testId="ee9232ac-1b99-3b56-d749-59bfec2b6ae0" testName="ManagedCode.Communication.Tests.CollectionResults.CollectionResultFromMethodsTests.From_FuncReturningCollectionResult_ShouldReturnSameResult" computerName="pkrvmqc4gcfdwos" duration="00:00:00.0011178" startTime="2025-08-22T20:30:40.2654498+00:00" endTime="2025-08-22T20:30:40.2659490+00:00" testType="13cdc9d9-ddb5-4fa4-a97d-d965ccfc6d4b" outcome="Passed" testListId="8c84fa94-04c1-424b-9868-57a2d4851a1d" relativeResultsDirectory="94f91822-fe8c-4fb5-8798-de574d8be8b9" />
    <UnitTestResult executionId="7379cd2e-22b9-4bd7-8783-554807b88665" testId="0c01bfd0-4d6b-46f6-eaab-f63c83d8702f" testName="ManagedCode.Communication.Tests.Results.ResultFailMethodsTests.Result_Fail_WithException_ShouldCreateFailedResultWithInternalServerError" computerName="pkrvmqc4gcfdwos" duration="00:00:00.0002113" startTime="2025-08-22T20:30:40.7557413+00:00" endTime="2025-08-22T20:30:40.7558344+00:00" testType="13cdc9d9-ddb5-4fa4-a97d-d965ccfc6d4b" outcome="Passed" testListId="8c84fa94-04c1-424b-9868-57a2d4851a1d" relativeResultsDirectory="7379cd2e-22b9-4bd7-8783-554807b88665" />
    <UnitTestResult executionId="185a0277-0a64-4910-b289-02f13ccd1f62" testId="3d9f20f0-96d2-34ea-57ab-5c0f35cc018c" testName="ManagedCode.Communication.Tests.CollectionResults.CollectionResultFromMethodsTests.From_FuncTaskEnumerable_ShouldCreateSuccessResult" computerName="pkrvmqc4gcfdwos" duration="00:00:00.0897489" startTime="2025-08-22T20:30:39.9039118+00:00" endTime="2025-08-22T20:30:39.9913905+00:00" testType="13cdc9d9-ddb5-4fa4-a97d-d965ccfc6d4b" outcome="Passed" testListId="8c84fa94-04c1-424b-9868-57a2d4851a1d" relativeResultsDirectory="185a0277-0a64-4910-b289-02f13ccd1f62" />
    <UnitTestResult executionId="de69efd8-acd9-49df-be5f-ff8dd0d12434" testId="c22fbcae-e56f-74cd-4c5d-3486d7aca0e3" testName="ManagedCode.Communication.Tests.ResultExtensionsTests.MatchAction_ShouldExecuteCorrectBranch" computerName="pkrvmqc4gcfdwos" duration="00:00:00.0004418" startTime="2025-08-22T20:30:40.5395807+00:00" endTime="2025-08-22T20:30:40.5396727+00:00" testType="13cdc9d9-ddb5-4fa4-a97d-d965ccfc6d4b" outcome="Passed" testListId="8c84fa94-04c1-424b-9868-57a2d4851a1d" relativeResultsDirectory="de69efd8-acd9-49df-be5f-ff8dd0d12434" />
    <UnitTestResult executionId="6bfa469e-ee03-4a07-a41e-2523f3afcc11" testId="74429bfd-ae1c-e417-c462-fb4e1989918c" testName="ManagedCode.Communication.Tests.CollectionResults.CollectionResultFromMethodsTests.From_ValueTaskReturningEnumerable_ShouldCreateSuccessResult" computerName="pkrvmqc4gcfdwos" duration="00:00:00.0113959" startTime="2025-08-22T20:30:40.1996325+00:00" endTime="2025-08-22T20:30:40.2112049+00:00" testType="13cdc9d9-ddb5-4fa4-a97d-d965ccfc6d4b" outcome="Passed" testListId="8c84fa94-04c1-424b-9868-57a2d4851a1d" relativeResultsDirectory="6bfa469e-ee03-4a07-a41e-2523f3afcc11" />
    <UnitTestResult executionId="79da7fa1-77d6-4f45-a4a0-24a4c7c77cb2" testId="03803b69-013e-45b2-64bc-f738fc9a09c2" testName="ManagedCode.Communication.Tests.AspNetCore.Extensions.ControllerExtensionsTests.ToActionResult_WithSuccessResult_ReturnsOkObjectResult" computerName="pkrvmqc4gcfdwos" duration="00:00:00.0002526" startTime="2025-08-22T20:30:40.7081792+00:00" endTime="2025-08-22T20:30:40.7082732+00:00" testType="13cdc9d9-ddb5-4fa4-a97d-d965ccfc6d4b" outcome="Passed" testListId="8c84fa94-04c1-424b-9868-57a2d4851a1d" relativeResultsDirectory="79da7fa1-77d6-4f45-a4a0-24a4c7c77cb2" />
    <UnitTestResult executionId="d9b9388b-54e4-413d-9dee-62877e39b229" testId="01b8812e-ccae-4916-6877-6357d55b1d4d" testName="ManagedCode.Communication.Tests.CollectionResults.CollectionResultFromMethodsTests.From_FuncReturningEnumerable_ShouldCreateSuccessResult" computerName="pkrvmqc4gcfdwos" duration="00:00:00.0006563" startTime="2025-08-22T20:30:40.3009855+00:00" endTime="2025-08-22T20:30:40.3035692+00:00" testType="13cdc9d9-ddb5-4fa4-a97d-d965ccfc6d4b" outcome="Passed" testListId="8c84fa94-04c1-424b-9868-57a2d4851a1d" relativeResultsDirectory="d9b9388b-54e4-413d-9dee-62877e39b229" />
    <UnitTestResult executionId="9cd1657f-277f-4ee8-8706-40639048c09d" testId="10f03419-b447-74b1-44ec-afc62ff2ba1d" testName="ManagedCode.Communication.Tests.CollectionResults.CollectionResultFromMethodsTests.From_FuncReturningFailedCollectionResult_ShouldReturnFailedResult" computerName="pkrvmqc4gcfdwos" duration="00:00:00.0121026" startTime="2025-08-22T20:30:40.3337591+00:00" endTime="2025-08-22T20:30:40.3491155+00:00" testType="13cdc9d9-ddb5-4fa4-a97d-d965ccfc6d4b" outcome="Passed" testListId="8c84fa94-04c1-424b-9868-57a2d4851a1d" relativeResultsDirectory="9cd1657f-277f-4ee8-8706-40639048c09d" />
    <UnitTestResult executionId="9e27bfea-8644-472e-9d26-c9acc4433cca" testId="cc50bf60-6b4c-9573-310d-397b2e7909f2" testName="ManagedCode.Communication.Tests.Extensions.AdvancedRailwayExtensionsTests.Combine_WithAllSuccessful_ReturnsAllValues" computerName="pkrvmqc4gcfdwos" duration="00:00:00.0217742" startTime="2025-08-22T20:30:39.4080188+00:00" endTime="2025-08-22T20:30:39.4282326+00:00" testType="13cdc9d9-ddb5-4fa4-a97d-d965ccfc6d4b" outcome="Passed" testListId="8c84fa94-04c1-424b-9868-57a2d4851a1d" relativeResultsDirectory="9e27bfea-8644-472e-9d26-c9acc4433cca" />
    <UnitTestResult executionId="562a6cfa-3c32-4591-8b01-04e34043e293" testId="4b8b8707-1465-df20-286b-3f7c61a84edd" testName="ManagedCode.Communication.Tests.Extensions.ProblemExtensionsTests.FromProblemDetails_ShouldConvertProblemDetailsToProblem" computerName="pkrvmqc4gcfdwos" duration="00:00:00.0005174" startTime="2025-08-22T20:30:39.4898192+00:00" endTime="2025-08-22T20:30:39.4899548+00:00" testType="13cdc9d9-ddb5-4fa4-a97d-d965ccfc6d4b" outcome="Passed" testListId="8c84fa94-04c1-424b-9868-57a2d4851a1d" relativeResultsDirectory="562a6cfa-3c32-4591-8b01-04e34043e293" />
    <UnitTestResult executionId="c4d0d8ae-c432-4668-96e3-94f4dd30ff5d" testId="64aa7254-7fbd-79c2-756e-71858d6d30f7" testName="ManagedCode.Communication.Tests.Results.ProblemToExceptionTests.ToException_WithInvalidOriginalType_ShouldFallbackToProblemException" computerName="pkrvmqc4gcfdwos" duration="00:00:00.0005138" startTime="2025-08-22T20:30:40.4979577+00:00" endTime="2025-08-22T20:30:40.4981105+00:00" testType="13cdc9d9-ddb5-4fa4-a97d-d965ccfc6d4b" outcome="Passed" testListId="8c84fa94-04c1-424b-9868-57a2d4851a1d" relativeResultsDirectory="c4d0d8ae-c432-4668-96e3-94f4dd30ff5d" />
    <UnitTestResult executionId="8ad53945-1c8b-48b4-acf1-bdafabbda285" testId="d819f6c8-5a54-63a6-7b21-12a0912e83c8" testName="ManagedCode.Communication.Tests.Results.ResultFailMethodsTests.Result_Fail_WithTitleDetailAndStatus_ShouldCreateFailedResultWithSpecifiedStatus" computerName="pkrvmqc4gcfdwos" duration="00:00:00.0001461" startTime="2025-08-22T20:30:40.7512314+00:00" endTime="2025-08-22T20:30:40.7513263+00:00" testType="13cdc9d9-ddb5-4fa4-a97d-d965ccfc6d4b" outcome="Passed" testListId="8c84fa94-04c1-424b-9868-57a2d4851a1d" relativeResultsDirectory="8ad53945-1c8b-48b4-acf1-bdafabbda285" />
    <UnitTestResult executionId="0353244a-38a3-44c0-90fd-046218c19b21" testId="8f4f549d-e712-d8ad-23b3-779d33c6660a" testName="ManagedCode.Communication.Tests.Orleans.Serialization.CollectionResultSerializationTests.CollectionResult_WithPagination_ShouldSerializeCorrectly" computerName="pkrvmqc4gcfdwos" duration="00:00:00.1297412" startTime="2025-08-22T20:30:39.3047060+00:00" endTime="2025-08-22T20:30:39.4353200+00:00" testType="13cdc9d9-ddb5-4fa4-a97d-d965ccfc6d4b" outcome="Passed" testListId="8c84fa94-04c1-424b-9868-57a2d4851a1d" relativeResultsDirectory="0353244a-38a3-44c0-90fd-046218c19b21" />
    <UnitTestResult executionId="f5194dd7-2252-4bdd-a8b3-bc07257be1d7" testId="5f4a1235-e961-3153-b47b-89c12ab81383" testName="ManagedCode.Communication.Tests.Extensions.HttpResponseExtensionTests.FromRequestToResult_CreatedStatusCode_ReturnsSuccessResult" computerName="pkrvmqc4gcfdwos" duration="00:00:00.0004290" startTime="2025-08-22T20:30:40.7198400+00:00" endTime="2025-08-22T20:30:40.7199496+00:00" testType="13cdc9d9-ddb5-4fa4-a97d-d965ccfc6d4b" outcome="Passed" testListId="8c84fa94-04c1-424b-9868-57a2d4851a1d" relativeResultsDirectory="f5194dd7-2252-4bdd-a8b3-bc07257be1d7" />
    <UnitTestResult executionId="8ea36f24-fa5d-4038-a031-3d0a8b7c5bd7" testId="10cd1f41-76ea-32a5-7fd7-44bf58e85a64" testName="ManagedCode.Communication.Tests.ProblemTests.ProblemCreateMethodsTests.Problem_GetValidationErrors_WithInvalidType_ShouldReturnNull" computerName="pkrvmqc4gcfdwos" duration="00:00:00.0001329" startTime="2025-08-22T20:30:39.3486336+00:00" endTime="2025-08-22T20:30:39.3487397+00:00" testType="13cdc9d9-ddb5-4fa4-a97d-d965ccfc6d4b" outcome="Passed" testListId="8c84fa94-04c1-424b-9868-57a2d4851a1d" relativeResultsDirectory="8ea36f24-fa5d-4038-a031-3d0a8b7c5bd7" />
    <UnitTestResult executionId="1294b6ee-4973-49af-a049-4a9cdf7c53f4" testId="e09feaae-1604-975a-64d2-68f66143e466" testName="ManagedCode.Communication.Tests.Extensions.AdvancedRailwayExtensionsTests.Verify_WithTrueCondition_ReturnsSuccess" computerName="pkrvmqc4gcfdwos" duration="00:00:00.0004829" startTime="2025-08-22T20:30:39.4005357+00:00" endTime="2025-08-22T20:30:39.4012051+00:00" testType="13cdc9d9-ddb5-4fa4-a97d-d965ccfc6d4b" outcome="Passed" testListId="8c84fa94-04c1-424b-9868-57a2d4851a1d" relativeResultsDirectory="1294b6ee-4973-49af-a049-4a9cdf7c53f4" />
    <UnitTestResult executionId="8f91ab19-610e-4d42-b874-f5014223bc12" testId="20911087-6fbe-2539-1eef-878f4fdeff66" testName="ManagedCode.Communication.Tests.ProblemTests.ProblemCreateMethodsTests.Problem_Create_WithEnumAndStatusCode_ShouldCreateProblemWithErrorCode" computerName="pkrvmqc4gcfdwos" duration="00:00:00.0012489" startTime="2025-08-22T20:30:39.3497538+00:00" endTime="2025-08-22T20:30:39.3506466+00:00" testType="13cdc9d9-ddb5-4fa4-a97d-d965ccfc6d4b" outcome="Passed" testListId="8c84fa94-04c1-424b-9868-57a2d4851a1d" relativeResultsDirectory="8f91ab19-610e-4d42-b874-f5014223bc12" />
    <UnitTestResult executionId="9dce4888-b6b7-48d5-ae4b-df77bc7a43a7" testId="ac1ffaa9-ae14-8f71-b2ad-c1cdc3b66547" testName="ManagedCode.Communication.Tests.Results.ResultTFailMethodsTests.ResultT_Fail_WithEnumAndStatus_ShouldCreateFailedResultWithErrorCodeAndStatus" computerName="pkrvmqc4gcfdwos" duration="00:00:00.0004356" startTime="2025-08-22T20:30:39.8471746+00:00" endTime="2025-08-22T20:30:39.8472665+00:00" testType="13cdc9d9-ddb5-4fa4-a97d-d965ccfc6d4b" outcome="Passed" testListId="8c84fa94-04c1-424b-9868-57a2d4851a1d" relativeResultsDirectory="9dce4888-b6b7-48d5-ae4b-df77bc7a43a7" />
  </Results>
  <TestDefinitions>
    <UnitTest name="ManagedCode.Communication.Tests.CollectionResults.CollectionResultFailMethodsTests.Fail_WithVariousStatusCodes_ShouldSetCorrectStatusCode(statusCode: BadRequest, expectedCode: 400)" storage="/home/runner/work/communication/communication/managedcode.communication.tests/bin/release/net9.0/managedcode.communication.tests.dll" id="f0903404-1a3b-41c9-12e3-9c19c9690b95">
      <Execution id="b0535755-4040-4451-a6c5-938b6be0e6ac" />
      <TestMethod codeBase="/home/runner/work/Communication/Communication/ManagedCode.Communication.Tests/bin/Release/net9.0/ManagedCode.Communication.Tests.dll" adapterTypeName="executor://xunit/VsTestRunner3/netcore/" className="ManagedCode.Communication.Tests.CollectionResults.CollectionResultFailMethodsTests" name="Fail_WithVariousStatusCodes_ShouldSetCorrectStatusCode" />
    </UnitTest>
    <UnitTest name="ManagedCode.Communication.Tests.Extensions.AdvancedRailwayExtensionsTests.FailIf_WithValidationErrors_FailsWithMultipleErrors" storage="/home/runner/work/communication/communication/managedcode.communication.tests/bin/release/net9.0/managedcode.communication.tests.dll" id="35211776-3f68-d78b-18e2-a21a4d369aed">
      <Execution id="44f64188-94e9-4ba9-b4de-250d6d29233f" />
      <TestMethod codeBase="/home/runner/work/Communication/Communication/ManagedCode.Communication.Tests/bin/Release/net9.0/ManagedCode.Communication.Tests.dll" adapterTypeName="executor://xunit/VsTestRunner3/netcore/" className="ManagedCode.Communication.Tests.Extensions.AdvancedRailwayExtensionsTests" name="FailIf_WithValidationErrors_FailsWithMultipleErrors" />
    </UnitTest>
    <UnitTest name="ManagedCode.Communication.Tests.Results.ResultHelperMethodsTests.ResultT_Match_WithFailure_ShouldCallOnFailure" storage="/home/runner/work/communication/communication/managedcode.communication.tests/bin/release/net9.0/managedcode.communication.tests.dll" id="e3ea7a3f-bc55-5685-d863-350fa30216ea">
      <Execution id="34a2303d-b64d-4afc-b739-9a71a3b552ed" />
      <TestMethod codeBase="/home/runner/work/Communication/Communication/ManagedCode.Communication.Tests/bin/Release/net9.0/ManagedCode.Communication.Tests.dll" adapterTypeName="executor://xunit/VsTestRunner3/netcore/" className="ManagedCode.Communication.Tests.Results.ResultHelperMethodsTests" name="ResultT_Match_WithFailure_ShouldCallOnFailure" />
    </UnitTest>
    <UnitTest name="ManagedCode.Communication.Tests.Results.ResultTFailMethodsTests.ResultT_Fail_WithVariousStatusCodes_ShouldSetCorrectStatusCode(statusCode: BadRequest, expectedCode: 400)" storage="/home/runner/work/communication/communication/managedcode.communication.tests/bin/release/net9.0/managedcode.communication.tests.dll" id="49e90383-ea67-98d1-9850-3c76b1e1c966">
      <Execution id="67c56b3c-a7b0-4a72-8cf0-be92ef9eb938" />
      <TestMethod codeBase="/home/runner/work/Communication/Communication/ManagedCode.Communication.Tests/bin/Release/net9.0/ManagedCode.Communication.Tests.dll" adapterTypeName="executor://xunit/VsTestRunner3/netcore/" className="ManagedCode.Communication.Tests.Results.ResultTFailMethodsTests" name="ResultT_Fail_WithVariousStatusCodes_ShouldSetCorrectStatusCode" />
    </UnitTest>
    <UnitTest name="ManagedCode.Communication.Tests.Extensions.AdvancedRailwayExtensionsTests.DoAsync_WithSuccess_ExecutesAsyncAction" storage="/home/runner/work/communication/communication/managedcode.communication.tests/bin/release/net9.0/managedcode.communication.tests.dll" id="5b8d597d-a947-799b-c752-623cf741033b">
      <Execution id="9349e0e1-e766-44f4-918b-cd7e080e6993" />
      <TestMethod codeBase="/home/runner/work/Communication/Communication/ManagedCode.Communication.Tests/bin/Release/net9.0/ManagedCode.Communication.Tests.dll" adapterTypeName="executor://xunit/VsTestRunner3/netcore/" className="ManagedCode.Communication.Tests.Extensions.AdvancedRailwayExtensionsTests" name="DoAsync_WithSuccess_ExecutesAsyncAction" />
    </UnitTest>
    <UnitTest name="ManagedCode.Communication.Tests.Results.RailwayOrientedProgrammingTests.ResultTry_WithFailingAction_ShouldReturnFailure" storage="/home/runner/work/communication/communication/managedcode.communication.tests/bin/release/net9.0/managedcode.communication.tests.dll" id="8cdb7f81-87b1-9f11-bc65-382e5a57ef43">
      <Execution id="fd2f5d2e-04b9-4640-99d7-59907bb9c206" />
      <TestMethod codeBase="/home/runner/work/Communication/Communication/ManagedCode.Communication.Tests/bin/Release/net9.0/ManagedCode.Communication.Tests.dll" adapterTypeName="executor://xunit/VsTestRunner3/netcore/" className="ManagedCode.Communication.Tests.Results.RailwayOrientedProgrammingTests" name="ResultTry_WithFailingAction_ShouldReturnFailure" />
    </UnitTest>
    <UnitTest name="ManagedCode.Communication.Tests.Results.ProblemExceptionTests.ValidationErrors_WithNonValidationProblem_ShouldReturnNull" storage="/home/runner/work/communication/communication/managedcode.communication.tests/bin/release/net9.0/managedcode.communication.tests.dll" id="912f6c7e-3dd3-46db-c9bf-50f8bac8d60b">
      <Execution id="7eb297eb-1615-4dc6-833f-d18257b20aaa" />
      <TestMethod codeBase="/home/runner/work/Communication/Communication/ManagedCode.Communication.Tests/bin/Release/net9.0/ManagedCode.Communication.Tests.dll" adapterTypeName="executor://xunit/VsTestRunner3/netcore/" className="ManagedCode.Communication.Tests.Results.ProblemExceptionTests" name="ValidationErrors_WithNonValidationProblem_ShouldReturnNull" />
    </UnitTest>
    <UnitTest name="ManagedCode.Communication.Tests.Extensions.AdvancedRailwayExtensionsTests.ParallelValidation_CollectsAllErrors" storage="/home/runner/work/communication/communication/managedcode.communication.tests/bin/release/net9.0/managedcode.communication.tests.dll" id="79aef7de-738f-b2d7-91f6-bab93a12a8cc">
      <Execution id="eeb9bb26-0074-4f6e-8d78-dd41a69d949a" />
      <TestMethod codeBase="/home/runner/work/Communication/Communication/ManagedCode.Communication.Tests/bin/Release/net9.0/ManagedCode.Communication.Tests.dll" adapterTypeName="executor://xunit/VsTestRunner3/netcore/" className="ManagedCode.Communication.Tests.Extensions.AdvancedRailwayExtensionsTests" name="ParallelValidation_CollectsAllErrors" />
    </UnitTest>
    <UnitTest name="ManagedCode.Communication.Tests.Results.ResultStaticHelperMethodsTests.Result_FailT_WithProblem_ShouldCreateFailedResultTWithProblem" storage="/home/runner/work/communication/communication/managedcode.communication.tests/bin/release/net9.0/managedcode.communication.tests.dll" id="6873ac76-f3ab-c022-d36a-a314064542de">
      <Execution id="976c15cf-4d1e-45e5-ad31-11ce522c7fa3" />
      <TestMethod codeBase="/home/runner/work/Communication/Communication/ManagedCode.Communication.Tests/bin/Release/net9.0/ManagedCode.Communication.Tests.dll" adapterTypeName="executor://xunit/VsTestRunner3/netcore/" className="ManagedCode.Communication.Tests.Results.ResultStaticHelperMethodsTests" name="Result_FailT_WithProblem_ShouldCreateFailedResultTWithProblem" />
    </UnitTest>
    <UnitTest name="ManagedCode.Communication.Tests.Serialization.SerializationTests.CommandT_WithCustomType_ShouldSerializeAndDeserialize" storage="/home/runner/work/communication/communication/managedcode.communication.tests/bin/release/net9.0/managedcode.communication.tests.dll" id="ed5c2593-cfa6-d545-7875-1061dd65dead">
      <Execution id="05da1b2a-ffe5-4b9a-9e8c-d01c00744e7a" />
      <TestMethod codeBase="/home/runner/work/Communication/Communication/ManagedCode.Communication.Tests/bin/Release/net9.0/ManagedCode.Communication.Tests.dll" adapterTypeName="executor://xunit/VsTestRunner3/netcore/" className="ManagedCode.Communication.Tests.Serialization.SerializationTests" name="CommandT_WithCustomType_ShouldSerializeAndDeserialize" />
    </UnitTest>
    <UnitTest name="ManagedCode.Communication.Tests.Results.ResultFailMethodsTests.Result_Fail_WithException_ShouldCreateFailedResultWithInternalServerError" storage="/home/runner/work/communication/communication/managedcode.communication.tests/bin/release/net9.0/managedcode.communication.tests.dll" id="0c01bfd0-4d6b-46f6-eaab-f63c83d8702f">
      <Execution id="7379cd2e-22b9-4bd7-8783-554807b88665" />
      <TestMethod codeBase="/home/runner/work/Communication/Communication/ManagedCode.Communication.Tests/bin/Release/net9.0/ManagedCode.Communication.Tests.dll" adapterTypeName="executor://xunit/VsTestRunner3/netcore/" className="ManagedCode.Communication.Tests.Results.ResultFailMethodsTests" name="Result_Fail_WithException_ShouldCreateFailedResultWithInternalServerError" />
    </UnitTest>
    <UnitTest name="ManagedCode.Communication.Tests.Results.ResultOperatorsTests.Result_ImplicitOperator_FromProblem_ShouldCreateFailedResult" storage="/home/runner/work/communication/communication/managedcode.communication.tests/bin/release/net9.0/managedcode.communication.tests.dll" id="f078f557-ee0d-8e18-56e1-39597d1f6c31">
      <Execution id="df29be38-1f64-4e5e-a211-e2cab83d8cd3" />
      <TestMethod codeBase="/home/runner/work/Communication/Communication/ManagedCode.Communication.Tests/bin/Release/net9.0/ManagedCode.Communication.Tests.dll" adapterTypeName="executor://xunit/VsTestRunner3/netcore/" className="ManagedCode.Communication.Tests.Results.ResultOperatorsTests" name="Result_ImplicitOperator_FromProblem_ShouldCreateFailedResult" />
    </UnitTest>
    <UnitTest name="ManagedCode.Communication.Tests.Results.ResultTFailMethodsTests.ResultT_Fail_WithVariousStatusCodes_ShouldSetCorrectStatusCode(statusCode: Forbidden, expectedCode: 403)" storage="/home/runner/work/communication/communication/managedcode.communication.tests/bin/release/net9.0/managedcode.communication.tests.dll" id="113ecb12-1851-7d32-03e7-16f3ffbfb55a">
      <Execution id="50ef2482-da70-4ed7-bb71-77c15db10e99" />
      <TestMethod codeBase="/home/runner/work/Communication/Communication/ManagedCode.Communication.Tests/bin/Release/net9.0/ManagedCode.Communication.Tests.dll" adapterTypeName="executor://xunit/VsTestRunner3/netcore/" className="ManagedCode.Communication.Tests.Results.ResultTFailMethodsTests" name="ResultT_Fail_WithVariousStatusCodes_ShouldSetCorrectStatusCode" />
    </UnitTest>
    <UnitTest name="ManagedCode.Communication.Tests.Extensions.RailwayExtensionsTests.Else_FailedResultT_ReturnsAlternativeValue" storage="/home/runner/work/communication/communication/managedcode.communication.tests/bin/release/net9.0/managedcode.communication.tests.dll" id="2460b2eb-c7c7-67db-b872-797238ca95cb">
      <Execution id="49d315b3-8664-4554-8cd3-df3201891d3c" />
      <TestMethod codeBase="/home/runner/work/Communication/Communication/ManagedCode.Communication.Tests/bin/Release/net9.0/ManagedCode.Communication.Tests.dll" adapterTypeName="executor://xunit/VsTestRunner3/netcore/" className="ManagedCode.Communication.Tests.Extensions.RailwayExtensionsTests" name="Else_FailedResultT_ReturnsAlternativeValue" />
    </UnitTest>
    <UnitTest name="ManagedCode.Communication.Tests.Results.ProblemExceptionTests.Constructor_WithProblemHavingNullProperties_ShouldHandleGracefully" storage="/home/runner/work/communication/communication/managedcode.communication.tests/bin/release/net9.0/managedcode.communication.tests.dll" id="94ac24fa-c865-936b-315d-74d8ca292b0f">
      <Execution id="284d56f3-808c-4556-af7f-292c4809b491" />
      <TestMethod codeBase="/home/runner/work/Communication/Communication/ManagedCode.Communication.Tests/bin/Release/net9.0/ManagedCode.Communication.Tests.dll" adapterTypeName="executor://xunit/VsTestRunner3/netcore/" className="ManagedCode.Communication.Tests.Results.ProblemExceptionTests" name="Constructor_WithProblemHavingNullProperties_ShouldHandleGracefully" />
    </UnitTest>
    <UnitTest name="ManagedCode.Communication.Tests.Results.CollectionResultInvalidMethodsTests.CollectionResult_Invalid_WithSpecialCharacters_ShouldHandleCorrectly" storage="/home/runner/work/communication/communication/managedcode.communication.tests/bin/release/net9.0/managedcode.communication.tests.dll" id="0d6b088a-4cbb-1e56-2603-e26c92fd9014">
      <Execution id="73190610-687f-485f-bc84-d55139f1b18a" />
      <TestMethod codeBase="/home/runner/work/Communication/Communication/ManagedCode.Communication.Tests/bin/Release/net9.0/ManagedCode.Communication.Tests.dll" adapterTypeName="executor://xunit/VsTestRunner3/netcore/" className="ManagedCode.Communication.Tests.Results.CollectionResultInvalidMethodsTests" name="CollectionResult_Invalid_WithSpecialCharacters_ShouldHandleCorrectly" />
    </UnitTest>
    <UnitTest name="ManagedCode.Communication.Tests.Results.ProblemTests.GetValidationErrors_WithNonValidationProblem_ShouldReturnNull" storage="/home/runner/work/communication/communication/managedcode.communication.tests/bin/release/net9.0/managedcode.communication.tests.dll" id="c500524b-7f50-6acc-4109-a9567b61a4b1">
      <Execution id="06311f73-5a75-4dd6-b59b-270e9450d744" />
      <TestMethod codeBase="/home/runner/work/Communication/Communication/ManagedCode.Communication.Tests/bin/Release/net9.0/ManagedCode.Communication.Tests.dll" adapterTypeName="executor://xunit/VsTestRunner3/netcore/" className="ManagedCode.Communication.Tests.Results.ProblemTests" name="GetValidationErrors_WithNonValidationProblem_ShouldReturnNull" />
    </UnitTest>
    <UnitTest name="ManagedCode.Communication.Tests.CollectionResults.CollectionResultFromMethodsTests.From_SlowAsyncOperation_ShouldComplete" storage="/home/runner/work/communication/communication/managedcode.communication.tests/bin/release/net9.0/managedcode.communication.tests.dll" id="3ebde54a-5d59-a2ef-9fd5-b8b44c97d1ad">
      <Execution id="f1aaa88c-a23b-4672-a798-f3243b26acb8" />
      <TestMethod codeBase="/home/runner/work/Communication/Communication/ManagedCode.Communication.Tests/bin/Release/net9.0/ManagedCode.Communication.Tests.dll" adapterTypeName="executor://xunit/VsTestRunner3/netcore/" className="ManagedCode.Communication.Tests.CollectionResults.CollectionResultFromMethodsTests" name="From_SlowAsyncOperation_ShouldComplete" />
    </UnitTest>
    <UnitTest name="ManagedCode.Communication.Tests.CollectionResults.CollectionResultFromMethodsTests.From_FuncReturningCollectionResult_ShouldReturnSameResult" storage="/home/runner/work/communication/communication/managedcode.communication.tests/bin/release/net9.0/managedcode.communication.tests.dll" id="ee9232ac-1b99-3b56-d749-59bfec2b6ae0">
      <Execution id="94f91822-fe8c-4fb5-8798-de574d8be8b9" />
      <TestMethod codeBase="/home/runner/work/Communication/Communication/ManagedCode.Communication.Tests/bin/Release/net9.0/ManagedCode.Communication.Tests.dll" adapterTypeName="executor://xunit/VsTestRunner3/netcore/" className="ManagedCode.Communication.Tests.CollectionResults.CollectionResultFromMethodsTests" name="From_FuncReturningCollectionResult_ShouldReturnSameResult" />
    </UnitTest>
    <UnitTest name="ManagedCode.Communication.Tests.OrleansTests.GrainClientTests.ValueTaskResultComplexObject" storage="/home/runner/work/communication/communication/managedcode.communication.tests/bin/release/net9.0/managedcode.communication.tests.dll" id="5ef343f7-cc0d-47aa-b43e-c9be70797afb">
      <Execution id="db9f6e51-de80-4db7-8cbd-a3f2aacd2851" />
      <TestMethod codeBase="/home/runner/work/Communication/Communication/ManagedCode.Communication.Tests/bin/Release/net9.0/ManagedCode.Communication.Tests.dll" adapterTypeName="executor://xunit/VsTestRunner3/netcore/" className="ManagedCode.Communication.Tests.OrleansTests.GrainClientTests" name="ValueTaskResultComplexObject" />
    </UnitTest>
    <UnitTest name="ManagedCode.Communication.Tests.AspNetCore.Extensions.HubOptionsExtensionsTests.AddCommunicationHubFilter_AddsFilterFromServiceProvider" storage="/home/runner/work/communication/communication/managedcode.communication.tests/bin/release/net9.0/managedcode.communication.tests.dll" id="df4e7918-47c1-9f81-c5c6-ccb3731090e4">
      <Execution id="47dd57ff-0e6b-4ac1-94cd-bd8fb6d90008" />
      <TestMethod codeBase="/home/runner/work/Communication/Communication/ManagedCode.Communication.Tests/bin/Release/net9.0/ManagedCode.Communication.Tests.dll" adapterTypeName="executor://xunit/VsTestRunner3/netcore/" className="ManagedCode.Communication.Tests.AspNetCore.Extensions.HubOptionsExtensionsTests" name="AddCommunicationHubFilter_AddsFilterFromServiceProvider" />
    </UnitTest>
    <UnitTest name="ManagedCode.Communication.Tests.Extensions.ProblemExtensionsTests.ToFailedResult_WithComplexExtensions_ShouldPreserveAllData" storage="/home/runner/work/communication/communication/managedcode.communication.tests/bin/release/net9.0/managedcode.communication.tests.dll" id="0789453e-d5f1-17cb-3560-d081385bfb12">
      <Execution id="bf5d44a8-3c1d-4638-949d-dfa2e7b5a5a4" />
      <TestMethod codeBase="/home/runner/work/Communication/Communication/ManagedCode.Communication.Tests/bin/Release/net9.0/ManagedCode.Communication.Tests.dll" adapterTypeName="executor://xunit/VsTestRunner3/netcore/" className="ManagedCode.Communication.Tests.Extensions.ProblemExtensionsTests" name="ToFailedResult_WithComplexExtensions_ShouldPreserveAllData" />
    </UnitTest>
    <UnitTest name="ManagedCode.Communication.Tests.OrleansTests.GrainClientTests.ResultError" storage="/home/runner/work/communication/communication/managedcode.communication.tests/bin/release/net9.0/managedcode.communication.tests.dll" id="f7ed2bd9-0dc3-2bb8-cc6b-16f79bea320a">
      <Execution id="0ed0be7d-baa2-42c6-b8a1-0ff861e369ae" />
      <TestMethod codeBase="/home/runner/work/Communication/Communication/ManagedCode.Communication.Tests/bin/Release/net9.0/ManagedCode.Communication.Tests.dll" adapterTypeName="executor://xunit/VsTestRunner3/netcore/" className="ManagedCode.Communication.Tests.OrleansTests.GrainClientTests" name="ResultError" />
    </UnitTest>
    <UnitTest name="ManagedCode.Communication.Tests.CollectionResults.CollectionResultFromMethodsTests.From_GenericFailedCollectionResultWithoutProblem_ShouldReturnFailedResult" storage="/home/runner/work/communication/communication/managedcode.communication.tests/bin/release/net9.0/managedcode.communication.tests.dll" id="e00fb5a4-e228-98dc-9550-b28f1789a059">
      <Execution id="11334efa-a9b0-454d-bb85-1abc200e3fec" />
      <TestMethod codeBase="/home/runner/work/Communication/Communication/ManagedCode.Communication.Tests/bin/Release/net9.0/ManagedCode.Communication.Tests.dll" adapterTypeName="executor://xunit/VsTestRunner3/netcore/" className="ManagedCode.Communication.Tests.CollectionResults.CollectionResultFromMethodsTests" name="From_GenericFailedCollectionResultWithoutProblem_ShouldReturnFailedResult" />
    </UnitTest>
    <UnitTest name="ManagedCode.Communication.Tests.Results.ResultFailMethodsTests.Result_Fail_WithTitleDetailAndStatus_ShouldCreateFailedResultWithSpecifiedStatus" storage="/home/runner/work/communication/communication/managedcode.communication.tests/bin/release/net9.0/managedcode.communication.tests.dll" id="d819f6c8-5a54-63a6-7b21-12a0912e83c8">
      <Execution id="8ad53945-1c8b-48b4-acf1-bdafabbda285" />
      <TestMethod codeBase="/home/runner/work/Communication/Communication/ManagedCode.Communication.Tests/bin/Release/net9.0/ManagedCode.Communication.Tests.dll" adapterTypeName="executor://xunit/VsTestRunner3/netcore/" className="ManagedCode.Communication.Tests.Results.ResultFailMethodsTests" name="Result_Fail_WithTitleDetailAndStatus_ShouldCreateFailedResultWithSpecifiedStatus" />
    </UnitTest>
    <UnitTest name="ManagedCode.Communication.Tests.AspNetCore.Extensions.ServiceCollectionExtensionsTests.Communication_Should_Handle_Empty_Collections" storage="/home/runner/work/communication/communication/managedcode.communication.tests/bin/release/net9.0/managedcode.communication.tests.dll" id="ae8bdbb0-e445-3041-c219-15ee192365d2">
      <Execution id="a6d850e4-4bdd-4ecc-9085-ea2399c82ac5" />
      <TestMethod codeBase="/home/runner/work/Communication/Communication/ManagedCode.Communication.Tests/bin/Release/net9.0/ManagedCode.Communication.Tests.dll" adapterTypeName="executor://xunit/VsTestRunner3/netcore/" className="ManagedCode.Communication.Tests.AspNetCore.Extensions.ServiceCollectionExtensionsTests" name="Communication_Should_Handle_Empty_Collections" />
    </UnitTest>
    <UnitTest name="ManagedCode.Communication.Tests.Results.ResultInvalidMethodsTests.Result_InvalidT_WithEnumKeyValue_ShouldCreateValidationResultWithAll" storage="/home/runner/work/communication/communication/managedcode.communication.tests/bin/release/net9.0/managedcode.communication.tests.dll" id="d071d2b4-c4a7-1efa-7f89-25ed537b122f">
      <Execution id="dc0dbb4a-8e80-4e2a-af0d-d9965a106a0a" />
      <TestMethod codeBase="/home/runner/work/Communication/Communication/ManagedCode.Communication.Tests/bin/Release/net9.0/ManagedCode.Communication.Tests.dll" adapterTypeName="executor://xunit/VsTestRunner3/netcore/" className="ManagedCode.Communication.Tests.Results.ResultInvalidMethodsTests" name="Result_InvalidT_WithEnumKeyValue_ShouldCreateValidationResultWithAll" />
    </UnitTest>
    <UnitTest name="ManagedCode.Communication.Tests.CollectionResults.CollectionResultFromMethodsTests.From_FuncTaskWithCancellationToken_ShouldCreateSuccessResult" storage="/home/runner/work/communication/communication/managedcode.communication.tests/bin/release/net9.0/managedcode.communication.tests.dll" id="2c800d9a-9994-7d52-e9ef-f570f34487f0">
      <Execution id="5acb4b23-bc66-47e1-9027-b382a734d837" />
      <TestMethod codeBase="/home/runner/work/Communication/Communication/ManagedCode.Communication.Tests/bin/Release/net9.0/ManagedCode.Communication.Tests.dll" adapterTypeName="executor://xunit/VsTestRunner3/netcore/" className="ManagedCode.Communication.Tests.CollectionResults.CollectionResultFromMethodsTests" name="From_FuncTaskWithCancellationToken_ShouldCreateSuccessResult" />
    </UnitTest>
    <UnitTest name="ManagedCode.Communication.Tests.Results.ProblemToExceptionErrorTests.ToException_WithAggregateException_ShouldHandleCorrectly" storage="/home/runner/work/communication/communication/managedcode.communication.tests/bin/release/net9.0/managedcode.communication.tests.dll" id="bed016bd-a122-31d3-dc01-e7d0fe017e6f">
      <Execution id="264b21f9-05a0-43bd-8447-9d5d76332bec" />
      <TestMethod codeBase="/home/runner/work/Communication/Communication/ManagedCode.Communication.Tests/bin/Release/net9.0/ManagedCode.Communication.Tests.dll" adapterTypeName="executor://xunit/VsTestRunner3/netcore/" className="ManagedCode.Communication.Tests.Results.ProblemToExceptionErrorTests" name="ToException_WithAggregateException_ShouldHandleCorrectly" />
    </UnitTest>
    <UnitTest name="ManagedCode.Communication.Tests.Serialization.ProblemJsonConverterTests.Serialize_ProblemWithErrorCode_IncludesErrorCode" storage="/home/runner/work/communication/communication/managedcode.communication.tests/bin/release/net9.0/managedcode.communication.tests.dll" id="25b0e57c-5ba9-760a-cf42-a84a18ecc62c">
      <Execution id="fdf676f6-2f87-4981-9cc1-af33ec1dcbf4" />
      <TestMethod codeBase="/home/runner/work/Communication/Communication/ManagedCode.Communication.Tests/bin/Release/net9.0/ManagedCode.Communication.Tests.dll" adapterTypeName="executor://xunit/VsTestRunner3/netcore/" className="ManagedCode.Communication.Tests.Serialization.ProblemJsonConverterTests" name="Serialize_ProblemWithErrorCode_IncludesErrorCode" />
    </UnitTest>
    <UnitTest name="ManagedCode.Communication.Tests.CollectionResults.CollectionResultFailMethodsTests.Fail_WithTitleAndDetail_ShouldCreateFailedResultWithDefaultStatus" storage="/home/runner/work/communication/communication/managedcode.communication.tests/bin/release/net9.0/managedcode.communication.tests.dll" id="1a2bce7c-5d7c-740b-8a3b-5357d8d90197">
      <Execution id="0d58c4eb-74ae-49a2-ba53-eb1428ce3d1e" />
      <TestMethod codeBase="/home/runner/work/Communication/Communication/ManagedCode.Communication.Tests/bin/Release/net9.0/ManagedCode.Communication.Tests.dll" adapterTypeName="executor://xunit/VsTestRunner3/netcore/" className="ManagedCode.Communication.Tests.CollectionResults.CollectionResultFailMethodsTests" name="Fail_WithTitleAndDetail_ShouldCreateFailedResultWithDefaultStatus" />
    </UnitTest>
    <UnitTest name="ManagedCode.Communication.Tests.Extensions.ProblemExtensionsTests.AsProblemDetails_ShouldConvertProblemToProblemDetails" storage="/home/runner/work/communication/communication/managedcode.communication.tests/bin/release/net9.0/managedcode.communication.tests.dll" id="4eab4e72-83a1-9aa2-b249-0d3036fab2e0">
      <Execution id="ef4bc413-208c-4b0e-aa7e-2392129558cc" />
      <TestMethod codeBase="/home/runner/work/Communication/Communication/ManagedCode.Communication.Tests/bin/Release/net9.0/ManagedCode.Communication.Tests.dll" adapterTypeName="executor://xunit/VsTestRunner3/netcore/" className="ManagedCode.Communication.Tests.Extensions.ProblemExtensionsTests" name="AsProblemDetails_ShouldConvertProblemToProblemDetails" />
    </UnitTest>
    <UnitTest name="ManagedCode.Communication.Tests.Extensions.HttpResponseExtensionTests.FromJsonToResult_NotFoundStatusCode_ReturnsFailedResult" storage="/home/runner/work/communication/communication/managedcode.communication.tests/bin/release/net9.0/managedcode.communication.tests.dll" id="f91416c8-1703-e7ea-8c9a-a92b7bb1d688">
      <Execution id="dd2608e1-9a8c-4423-9866-7e035f91cefd" />
      <TestMethod codeBase="/home/runner/work/Communication/Communication/ManagedCode.Communication.Tests/bin/Release/net9.0/ManagedCode.Communication.Tests.dll" adapterTypeName="executor://xunit/VsTestRunner3/netcore/" className="ManagedCode.Communication.Tests.Extensions.HttpResponseExtensionTests" name="FromJsonToResult_NotFoundStatusCode_ReturnsFailedResult" />
    </UnitTest>
    <UnitTest name="ManagedCode.Communication.Tests.Extensions.ResultConversionExtensionsTests.AsResult_ExplicitTypeSpecification_WorksCorrectly" storage="/home/runner/work/communication/communication/managedcode.communication.tests/bin/release/net9.0/managedcode.communication.tests.dll" id="08577c9c-2318-302e-4f69-67540b6ebc02">
      <Execution id="97d44edf-98b0-4635-b1ae-a12d83a2a8f8" />
      <TestMethod codeBase="/home/runner/work/Communication/Communication/ManagedCode.Communication.Tests/bin/Release/net9.0/ManagedCode.Communication.Tests.dll" adapterTypeName="executor://xunit/VsTestRunner3/netcore/" className="ManagedCode.Communication.Tests.Extensions.ResultConversionExtensionsTests" name="AsResult_ExplicitTypeSpecification_WorksCorrectly" />
    </UnitTest>
    <UnitTest name="ManagedCode.Communication.Tests.CollectionResults.CollectionResultFromMethodsTests.From_CanceledTask_ShouldReturnFailedResult" storage="/home/runner/work/communication/communication/managedcode.communication.tests/bin/release/net9.0/managedcode.communication.tests.dll" id="46807053-f966-a388-4d2d-7da9058b5203">
      <Execution id="66d095c9-b7a2-4ea2-9c65-80320849b0cc" />
      <TestMethod codeBase="/home/runner/work/Communication/Communication/ManagedCode.Communication.Tests/bin/Release/net9.0/ManagedCode.Communication.Tests.dll" adapterTypeName="executor://xunit/VsTestRunner3/netcore/" className="ManagedCode.Communication.Tests.CollectionResults.CollectionResultFromMethodsTests" name="From_CanceledTask_ShouldReturnFailedResult" />
    </UnitTest>
    <UnitTest name="ManagedCode.Communication.Tests.Results.ProblemToExceptionTests.ToException_WithNonExceptionType_ShouldFallbackToProblemException" storage="/home/runner/work/communication/communication/managedcode.communication.tests/bin/release/net9.0/managedcode.communication.tests.dll" id="2367f857-59aa-58a4-330a-cf98fe9cbd82">
      <Execution id="317e57f2-081a-4f10-b8cb-2fa415a41251" />
      <TestMethod codeBase="/home/runner/work/Communication/Communication/ManagedCode.Communication.Tests/bin/Release/net9.0/ManagedCode.Communication.Tests.dll" adapterTypeName="executor://xunit/VsTestRunner3/netcore/" className="ManagedCode.Communication.Tests.Results.ProblemToExceptionTests" name="ToException_WithNonExceptionType_ShouldFallbackToProblemException" />
    </UnitTest>
    <UnitTest name="ManagedCode.Communication.Tests.Results.ProblemTests.GetErrorCodeAs_WithMatchingEnum_ShouldReturnEnumValue" storage="/home/runner/work/communication/communication/managedcode.communication.tests/bin/release/net9.0/managedcode.communication.tests.dll" id="aab534c1-e47f-1e10-690a-e9fe2fb9e517">
      <Execution id="3f4abaca-4eee-4b65-a9fb-64d5576be58f" />
      <TestMethod codeBase="/home/runner/work/Communication/Communication/ManagedCode.Communication.Tests/bin/Release/net9.0/ManagedCode.Communication.Tests.dll" adapterTypeName="executor://xunit/VsTestRunner3/netcore/" className="ManagedCode.Communication.Tests.Results.ProblemTests" name="GetErrorCodeAs_WithMatchingEnum_ShouldReturnEnumValue" />
    </UnitTest>
    <UnitTest name="ManagedCode.Communication.Tests.Serialization.SerializationTests.CollectionResult_Empty_ShouldSerializeAndDeserialize" storage="/home/runner/work/communication/communication/managedcode.communication.tests/bin/release/net9.0/managedcode.communication.tests.dll" id="a294ddd9-e673-4d43-752c-093ce0b8b705">
      <Execution id="3461150b-d541-46de-a9a0-81234ad7de30" />
      <TestMethod codeBase="/home/runner/work/Communication/Communication/ManagedCode.Communication.Tests/bin/Release/net9.0/ManagedCode.Communication.Tests.dll" adapterTypeName="executor://xunit/VsTestRunner3/netcore/" className="ManagedCode.Communication.Tests.Serialization.SerializationTests" name="CollectionResult_Empty_ShouldSerializeAndDeserialize" />
    </UnitTest>
    <UnitTest name="ManagedCode.Communication.Tests.Results.CollectionResultTests.ThrowIfFail_WithProblemException_ShouldPreserveProblemDetails" storage="/home/runner/work/communication/communication/managedcode.communication.tests/bin/release/net9.0/managedcode.communication.tests.dll" id="c958d145-1335-3f69-818e-4d1059fbb724">
      <Execution id="97e88a0d-5f99-4954-bfd4-e2c2766b209e" />
      <TestMethod codeBase="/home/runner/work/Communication/Communication/ManagedCode.Communication.Tests/bin/Release/net9.0/ManagedCode.Communication.Tests.dll" adapterTypeName="executor://xunit/VsTestRunner3/netcore/" className="ManagedCode.Communication.Tests.Results.CollectionResultTests" name="ThrowIfFail_WithProblemException_ShouldPreserveProblemDetails" />
    </UnitTest>
    <UnitTest name="ManagedCode.Communication.Tests.Results.ResultInvalidMethodsTests.ResultT_Invalid_WithEnum_ShouldCreateValidationResultWithErrorCode" storage="/home/runner/work/communication/communication/managedcode.communication.tests/bin/release/net9.0/managedcode.communication.tests.dll" id="a5e59568-9809-0546-2c2c-c87f9fc098c3">
      <Execution id="a7f063aa-a417-4cb1-88a5-b4056ff242b8" />
      <TestMethod codeBase="/home/runner/work/Communication/Communication/ManagedCode.Communication.Tests/bin/Release/net9.0/ManagedCode.Communication.Tests.dll" adapterTypeName="executor://xunit/VsTestRunner3/netcore/" className="ManagedCode.Communication.Tests.Results.ResultInvalidMethodsTests" name="ResultT_Invalid_WithEnum_ShouldCreateValidationResultWithErrorCode" />
    </UnitTest>
    <UnitTest name="ManagedCode.Communication.Tests.Extensions.AdvancedRailwayExtensionsTests.OkIf_WithFalseCondition_FailsResult" storage="/home/runner/work/communication/communication/managedcode.communication.tests/bin/release/net9.0/managedcode.communication.tests.dll" id="8f7ea0cb-e706-bc87-dc01-c9b8a5a8556e">
      <Execution id="a0820460-ce87-4400-ab8d-150018111945" />
      <TestMethod codeBase="/home/runner/work/Communication/Communication/ManagedCode.Communication.Tests/bin/Release/net9.0/ManagedCode.Communication.Tests.dll" adapterTypeName="executor://xunit/VsTestRunner3/netcore/" className="ManagedCode.Communication.Tests.Extensions.AdvancedRailwayExtensionsTests" name="OkIf_WithFalseCondition_FailsResult" />
    </UnitTest>
    <UnitTest name="ManagedCode.Communication.Tests.Results.ResultInvalidMethodsTests.ResultT_Invalid_WithEnumAndDictionary_ShouldCreateValidationResultWithAllData" storage="/home/runner/work/communication/communication/managedcode.communication.tests/bin/release/net9.0/managedcode.communication.tests.dll" id="37563ea7-79b5-6e21-07e3-b7abecf35da5">
      <Execution id="308e1849-0c54-4fb5-ad98-a68048f7b9d2" />
      <TestMethod codeBase="/home/runner/work/Communication/Communication/ManagedCode.Communication.Tests/bin/Release/net9.0/ManagedCode.Communication.Tests.dll" adapterTypeName="executor://xunit/VsTestRunner3/netcore/" className="ManagedCode.Communication.Tests.Results.ResultInvalidMethodsTests" name="ResultT_Invalid_WithEnumAndDictionary_ShouldCreateValidationResultWithAllData" />
    </UnitTest>
    <UnitTest name="ManagedCode.Communication.Tests.Results.ResultTests.TryGetProblem_WithValidationResult_ShouldReturnTrueAndValidationProblem" storage="/home/runner/work/communication/communication/managedcode.communication.tests/bin/release/net9.0/managedcode.communication.tests.dll" id="44d98ef8-930e-6c96-71e8-5749bf624437">
      <Execution id="8b715f73-ded2-4ad4-9af5-f6702397b0b8" />
      <TestMethod codeBase="/home/runner/work/Communication/Communication/ManagedCode.Communication.Tests/bin/Release/net9.0/ManagedCode.Communication.Tests.dll" adapterTypeName="executor://xunit/VsTestRunner3/netcore/" className="ManagedCode.Communication.Tests.Results.ResultTests" name="TryGetProblem_WithValidationResult_ShouldReturnTrueAndValidationProblem" />
    </UnitTest>
    <UnitTest name="ManagedCode.Communication.Tests.CollectionResults.CollectionResultFromMethodsTests.From_TaskReturningList_ShouldCreateSuccessResult" storage="/home/runner/work/communication/communication/managedcode.communication.tests/bin/release/net9.0/managedcode.communication.tests.dll" id="261108eb-e4aa-9aa8-08d4-1bd3d2b96ec0">
      <Execution id="f6907bd0-b2d9-4cfb-83c4-70b82d0fc775" />
      <TestMethod codeBase="/home/runner/work/Communication/Communication/ManagedCode.Communication.Tests/bin/Release/net9.0/ManagedCode.Communication.Tests.dll" adapterTypeName="executor://xunit/VsTestRunner3/netcore/" className="ManagedCode.Communication.Tests.CollectionResults.CollectionResultFromMethodsTests" name="From_TaskReturningList_ShouldCreateSuccessResult" />
    </UnitTest>
    <UnitTest name="ManagedCode.Communication.Tests.Results.ProblemToExceptionTests.ToException_FromValidationProblem_ShouldReturnProblemException" storage="/home/runner/work/communication/communication/managedcode.communication.tests/bin/release/net9.0/managedcode.communication.tests.dll" id="05a54838-2f8d-21c6-e86e-0f8ca9d7103d">
      <Execution id="abf30159-5e52-43bf-a17b-d97bd1a8a760" />
      <TestMethod codeBase="/home/runner/work/Communication/Communication/ManagedCode.Communication.Tests/bin/Release/net9.0/ManagedCode.Communication.Tests.dll" adapterTypeName="executor://xunit/VsTestRunner3/netcore/" className="ManagedCode.Communication.Tests.Results.ProblemToExceptionTests" name="ToException_FromValidationProblem_ShouldReturnProblemException" />
    </UnitTest>
    <UnitTest name="ManagedCode.Communication.Tests.Extensions.HttpResponseExtensionTests.FromRequestToResult_VariousSuccessCodes_ReturnsSuccessResult(statusCode: OK)" storage="/home/runner/work/communication/communication/managedcode.communication.tests/bin/release/net9.0/managedcode.communication.tests.dll" id="0f7e2ea7-7d90-6e7a-188c-ad60a1c650c6">
      <Execution id="675e475c-a03b-4edc-a173-933027598a65" />
      <TestMethod codeBase="/home/runner/work/Communication/Communication/ManagedCode.Communication.Tests/bin/Release/net9.0/ManagedCode.Communication.Tests.dll" adapterTypeName="executor://xunit/VsTestRunner3/netcore/" className="ManagedCode.Communication.Tests.Extensions.HttpResponseExtensionTests" name="FromRequestToResult_VariousSuccessCodes_ReturnsSuccessResult" />
    </UnitTest>
    <UnitTest name="ManagedCode.Communication.Tests.Results.ResultTTests.TryGetProblem_WithFailedResult_ShouldReturnTrueAndProblem" storage="/home/runner/work/communication/communication/managedcode.communication.tests/bin/release/net9.0/managedcode.communication.tests.dll" id="9e91e282-03c1-0cff-0470-97bfea9c776b">
      <Execution id="2e705ae6-b837-44e4-9410-d71c1c20311a" />
      <TestMethod codeBase="/home/runner/work/Communication/Communication/ManagedCode.Communication.Tests/bin/Release/net9.0/ManagedCode.Communication.Tests.dll" adapterTypeName="executor://xunit/VsTestRunner3/netcore/" className="ManagedCode.Communication.Tests.Results.ResultTTests" name="TryGetProblem_WithFailedResult_ShouldReturnTrueAndProblem" />
    </UnitTest>
    <UnitTest name="ManagedCode.Communication.Tests.Results.ResultTTests.ImplicitOperator_FromValue_ShouldCreateSuccessfulResult" storage="/home/runner/work/communication/communication/managedcode.communication.tests/bin/release/net9.0/managedcode.communication.tests.dll" id="75182c76-38a7-377f-7070-40caa7b382c0">
      <Execution id="89d451f1-6a30-4ca6-8af5-aba0fd2a0c3e" />
      <TestMethod codeBase="/home/runner/work/Communication/Communication/ManagedCode.Communication.Tests/bin/Release/net9.0/ManagedCode.Communication.Tests.dll" adapterTypeName="executor://xunit/VsTestRunner3/netcore/" className="ManagedCode.Communication.Tests.Results.ResultTTests" name="ImplicitOperator_FromValue_ShouldCreateSuccessfulResult" />
    </UnitTest>
    <UnitTest name="ManagedCode.Communication.Tests.Results.RailwayOrientedProgrammingTests.ComplexChain_ShouldWorkCorrectly" storage="/home/runner/work/communication/communication/managedcode.communication.tests/bin/release/net9.0/managedcode.communication.tests.dll" id="d360f263-f7ec-aadc-b7b2-c7765fbfba2e">
      <Execution id="9ffe456d-6e94-4a26-9ca9-41b00ede6154" />
      <TestMethod codeBase="/home/runner/work/Communication/Communication/ManagedCode.Communication.Tests/bin/Release/net9.0/ManagedCode.Communication.Tests.dll" adapterTypeName="executor://xunit/VsTestRunner3/netcore/" className="ManagedCode.Communication.Tests.Results.RailwayOrientedProgrammingTests" name="ComplexChain_ShouldWorkCorrectly" />
    </UnitTest>
    <UnitTest name="ManagedCode.Communication.Tests.Results.CollectionResultTests.Succeed_WithArrayOnly_ShouldCalculatePagingInfo" storage="/home/runner/work/communication/communication/managedcode.communication.tests/bin/release/net9.0/managedcode.communication.tests.dll" id="52aa0a27-dd41-6786-2c85-98c2fe5a5a8d">
      <Execution id="14675bb4-558c-4687-b001-a9e31189bde4" />
      <TestMethod codeBase="/home/runner/work/Communication/Communication/ManagedCode.Communication.Tests/bin/Release/net9.0/ManagedCode.Communication.Tests.dll" adapterTypeName="executor://xunit/VsTestRunner3/netcore/" className="ManagedCode.Communication.Tests.Results.CollectionResultTests" name="Succeed_WithArrayOnly_ShouldCalculatePagingInfo" />
    </UnitTest>
    <UnitTest name="ManagedCode.Communication.Tests.Results.ResultFailMethodsTests.Result_FailForbidden_WithDetail_ShouldCreateForbiddenResultWithCustomDetail" storage="/home/runner/work/communication/communication/managedcode.communication.tests/bin/release/net9.0/managedcode.communication.tests.dll" id="249be2e9-9496-34f0-9c66-c56ec297a787">
      <Execution id="68461b1f-64a5-45c0-9247-785161f10135" />
      <TestMethod codeBase="/home/runner/work/Communication/Communication/ManagedCode.Communication.Tests/bin/Release/net9.0/ManagedCode.Communication.Tests.dll" adapterTypeName="executor://xunit/VsTestRunner3/netcore/" className="ManagedCode.Communication.Tests.Results.ResultFailMethodsTests" name="Result_FailForbidden_WithDetail_ShouldCreateForbiddenResultWithCustomDetail" />
    </UnitTest>
    <UnitTest name="ManagedCode.Communication.Tests.Results.ResultOperatorsTests.CollectionResult_ImplicitOperator_FromProblem_ShouldCreateFailedResult" storage="/home/runner/work/communication/communication/managedcode.communication.tests/bin/release/net9.0/managedcode.communication.tests.dll" id="e8ef69a7-69d2-7821-25ae-0ad9e98c19f5">
      <Execution id="b8c16033-cc97-4eca-8770-2739f08d3128" />
      <TestMethod codeBase="/home/runner/work/Communication/Communication/ManagedCode.Communication.Tests/bin/Release/net9.0/ManagedCode.Communication.Tests.dll" adapterTypeName="executor://xunit/VsTestRunner3/netcore/" className="ManagedCode.Communication.Tests.Results.ResultOperatorsTests" name="CollectionResult_ImplicitOperator_FromProblem_ShouldCreateFailedResult" />
    </UnitTest>
    <UnitTest name="ManagedCode.Communication.Tests.Results.ResultTTests.ThrowIfFail_WithFailedResult_ShouldThrowProblemException" storage="/home/runner/work/communication/communication/managedcode.communication.tests/bin/release/net9.0/managedcode.communication.tests.dll" id="0dc123ac-2efb-3f2f-924d-27dae15c54d0">
      <Execution id="20662a75-7e8a-46e7-a6c1-ece320f8ddaf" />
      <TestMethod codeBase="/home/runner/work/Communication/Communication/ManagedCode.Communication.Tests/bin/Release/net9.0/ManagedCode.Communication.Tests.dll" adapterTypeName="executor://xunit/VsTestRunner3/netcore/" className="ManagedCode.Communication.Tests.Results.ResultTTests" name="ThrowIfFail_WithFailedResult_ShouldThrowProblemException" />
    </UnitTest>
    <UnitTest name="ManagedCode.Communication.Tests.CollectionResults.CollectionResultFromMethodsTests.From_ValueTaskReturningArray_ShouldCreateSuccessResult" storage="/home/runner/work/communication/communication/managedcode.communication.tests/bin/release/net9.0/managedcode.communication.tests.dll" id="5c7b6bae-02f9-ce2e-b4df-a3f1c1127960">
      <Execution id="8a502275-a77e-425b-b12d-5dd5bec33363" />
      <TestMethod codeBase="/home/runner/work/Communication/Communication/ManagedCode.Communication.Tests/bin/Release/net9.0/ManagedCode.Communication.Tests.dll" adapterTypeName="executor://xunit/VsTestRunner3/netcore/" className="ManagedCode.Communication.Tests.CollectionResults.CollectionResultFromMethodsTests" name="From_ValueTaskReturningArray_ShouldCreateSuccessResult" />
    </UnitTest>
    <UnitTest name="ManagedCode.Communication.Tests.CollectionResults.CollectionResultFromMethodsTests.From_FuncTaskCollectionResult_ShouldReturnResult" storage="/home/runner/work/communication/communication/managedcode.communication.tests/bin/release/net9.0/managedcode.communication.tests.dll" id="d85f5829-9dcd-6a4b-82f8-5c9a70353087">
      <Execution id="dfefca0c-0ed2-492c-9e0e-eca3a06e3ac6" />
      <TestMethod codeBase="/home/runner/work/Communication/Communication/ManagedCode.Communication.Tests/bin/Release/net9.0/ManagedCode.Communication.Tests.dll" adapterTypeName="executor://xunit/VsTestRunner3/netcore/" className="ManagedCode.Communication.Tests.CollectionResults.CollectionResultFromMethodsTests" name="From_FuncTaskCollectionResult_ShouldReturnResult" />
    </UnitTest>
    <UnitTest name="ManagedCode.Communication.Tests.Results.ProblemTests.ErrorCode_PropertyShouldWorkCorrectly" storage="/home/runner/work/communication/communication/managedcode.communication.tests/bin/release/net9.0/managedcode.communication.tests.dll" id="4ff25461-925d-2b73-524e-d2fd332c1e39">
      <Execution id="2c47d03c-7f99-4b26-9e5b-61615ae0dca5" />
      <TestMethod codeBase="/home/runner/work/Communication/Communication/ManagedCode.Communication.Tests/bin/Release/net9.0/ManagedCode.Communication.Tests.dll" adapterTypeName="executor://xunit/VsTestRunner3/netcore/" className="ManagedCode.Communication.Tests.Results.ProblemTests" name="ErrorCode_PropertyShouldWorkCorrectly" />
    </UnitTest>
    <UnitTest name="ManagedCode.Communication.Tests.AspNetCore.Extensions.ServiceCollectionExtensionsTests.Communication_Should_Handle_NotFound_Result" storage="/home/runner/work/communication/communication/managedcode.communication.tests/bin/release/net9.0/managedcode.communication.tests.dll" id="148b39b4-9949-c427-e52f-f445008acd77">
      <Execution id="7b4c62f3-6c8b-4fa4-ad34-dd79bc5a150a" />
      <TestMethod codeBase="/home/runner/work/Communication/Communication/ManagedCode.Communication.Tests/bin/Release/net9.0/ManagedCode.Communication.Tests.dll" adapterTypeName="executor://xunit/VsTestRunner3/netcore/" className="ManagedCode.Communication.Tests.AspNetCore.Extensions.ServiceCollectionExtensionsTests" name="Communication_Should_Handle_NotFound_Result" />
    </UnitTest>
    <UnitTest name="ManagedCode.Communication.Tests.Results.RailwayOrientedProgrammingTests.Try_WithFailingOperation_ShouldReturnFailure" storage="/home/runner/work/communication/communication/managedcode.communication.tests/bin/release/net9.0/managedcode.communication.tests.dll" id="f207e829-2666-5e0b-dea1-e7486da2e6a1">
      <Execution id="1736f958-52c7-473d-97a8-3fb53e286a94" />
      <TestMethod codeBase="/home/runner/work/Communication/Communication/ManagedCode.Communication.Tests/bin/Release/net9.0/ManagedCode.Communication.Tests.dll" adapterTypeName="executor://xunit/VsTestRunner3/netcore/" className="ManagedCode.Communication.Tests.Results.RailwayOrientedProgrammingTests" name="Try_WithFailingOperation_ShouldReturnFailure" />
    </UnitTest>
    <UnitTest name="ManagedCode.Communication.Tests.Results.ResultInvalidMethodsTests.Result_Invalid_WithMessage_ShouldCreateValidationResultWithMessage" storage="/home/runner/work/communication/communication/managedcode.communication.tests/bin/release/net9.0/managedcode.communication.tests.dll" id="df273bdc-b799-b559-21e2-0d80141c0703">
      <Execution id="978a2aa8-dd03-4327-9d97-b753a5873e49" />
      <TestMethod codeBase="/home/runner/work/Communication/Communication/ManagedCode.Communication.Tests/bin/Release/net9.0/ManagedCode.Communication.Tests.dll" adapterTypeName="executor://xunit/VsTestRunner3/netcore/" className="ManagedCode.Communication.Tests.Results.ResultInvalidMethodsTests" name="Result_Invalid_WithMessage_ShouldCreateValidationResultWithMessage" />
    </UnitTest>
    <UnitTest name="ManagedCode.Communication.Tests.AspNetCore.Extensions.ControllerExtensionsTests.ToActionResult_WithNoProblem_ReturnsDefaultError" storage="/home/runner/work/communication/communication/managedcode.communication.tests/bin/release/net9.0/managedcode.communication.tests.dll" id="8a469a40-7454-6880-9e8d-7953fae79af1">
      <Execution id="bba8bb8a-2203-4f2b-8dcc-60346cc5ec66" />
      <TestMethod codeBase="/home/runner/work/Communication/Communication/ManagedCode.Communication.Tests/bin/Release/net9.0/ManagedCode.Communication.Tests.dll" adapterTypeName="executor://xunit/VsTestRunner3/netcore/" className="ManagedCode.Communication.Tests.AspNetCore.Extensions.ControllerExtensionsTests" name="ToActionResult_WithNoProblem_ReturnsDefaultError" />
    </UnitTest>
    <UnitTest name="ManagedCode.Communication.Tests.OrleansTests.GrainClientTests.ValueTaskResultString" storage="/home/runner/work/communication/communication/managedcode.communication.tests/bin/release/net9.0/managedcode.communication.tests.dll" id="c67d60d8-371a-f2d2-eb67-28408d2ba84d">
      <Execution id="65b2b2b2-680d-4e73-865b-34f0a07baf53" />
      <TestMethod codeBase="/home/runner/work/Communication/Communication/ManagedCode.Communication.Tests/bin/Release/net9.0/ManagedCode.Communication.Tests.dll" adapterTypeName="executor://xunit/VsTestRunner3/netcore/" className="ManagedCode.Communication.Tests.OrleansTests.GrainClientTests" name="ValueTaskResultString" />
    </UnitTest>
    <UnitTest name="ManagedCode.Communication.Tests.Results.ResultInvalidMethodsTests.Invalid_WithDuplicateKeysInDictionary_ShouldOverwritePreviousValue" storage="/home/runner/work/communication/communication/managedcode.communication.tests/bin/release/net9.0/managedcode.communication.tests.dll" id="278a89d0-8f21-1d66-b7b0-77ed01c69463">
      <Execution id="0ceb90e9-4cd2-491c-9719-2a579f9e5dff" />
      <TestMethod codeBase="/home/runner/work/Communication/Communication/ManagedCode.Communication.Tests/bin/Release/net9.0/ManagedCode.Communication.Tests.dll" adapterTypeName="executor://xunit/VsTestRunner3/netcore/" className="ManagedCode.Communication.Tests.Results.ResultInvalidMethodsTests" name="Invalid_WithDuplicateKeysInDictionary_ShouldOverwritePreviousValue" />
    </UnitTest>
    <UnitTest name="ManagedCode.Communication.Tests.Extensions.RailwayExtensionsTests.Match_SideEffects_SuccessfulResult_CallsSuccessAction" storage="/home/runner/work/communication/communication/managedcode.communication.tests/bin/release/net9.0/managedcode.communication.tests.dll" id="16de12fb-db88-1b2b-4771-6a26db8c7eef">
      <Execution id="d947c102-1a1a-4845-bb93-c45cdb0ef257" />
      <TestMethod codeBase="/home/runner/work/Communication/Communication/ManagedCode.Communication.Tests/bin/Release/net9.0/ManagedCode.Communication.Tests.dll" adapterTypeName="executor://xunit/VsTestRunner3/netcore/" className="ManagedCode.Communication.Tests.Extensions.RailwayExtensionsTests" name="Match_SideEffects_SuccessfulResult_CallsSuccessAction" />
    </UnitTest>
    <UnitTest name="ManagedCode.Communication.Tests.Extensions.AdvancedRailwayExtensionsTests.CombineAll_WithMixedResults_CollectsAllErrors" storage="/home/runner/work/communication/communication/managedcode.communication.tests/bin/release/net9.0/managedcode.communication.tests.dll" id="0becb87d-368a-ae3f-dadc-8f59c2dd4345">
      <Execution id="3cf47e22-e148-4d3d-b590-86d874a7c18a" />
      <TestMethod codeBase="/home/runner/work/Communication/Communication/ManagedCode.Communication.Tests/bin/Release/net9.0/ManagedCode.Communication.Tests.dll" adapterTypeName="executor://xunit/VsTestRunner3/netcore/" className="ManagedCode.Communication.Tests.Extensions.AdvancedRailwayExtensionsTests" name="CombineAll_WithMixedResults_CollectsAllErrors" />
    </UnitTest>
    <UnitTest name="ManagedCode.Communication.Tests.Extensions.RailwayExtensionsTests.Ensure_FailedResult_RemainsFailedWithOriginalProblem" storage="/home/runner/work/communication/communication/managedcode.communication.tests/bin/release/net9.0/managedcode.communication.tests.dll" id="741c037d-bb74-63dd-9e38-d80561e143db">
      <Execution id="66d205f7-2779-4145-8d92-dffbd840c504" />
      <TestMethod codeBase="/home/runner/work/Communication/Communication/ManagedCode.Communication.Tests/bin/Release/net9.0/ManagedCode.Communication.Tests.dll" adapterTypeName="executor://xunit/VsTestRunner3/netcore/" className="ManagedCode.Communication.Tests.Extensions.RailwayExtensionsTests" name="Ensure_FailedResult_RemainsFailedWithOriginalProblem" />
    </UnitTest>
    <UnitTest name="ManagedCode.Communication.Tests.Results.ProblemToExceptionTests.ToException_PreservesAllExceptionData" storage="/home/runner/work/communication/communication/managedcode.communication.tests/bin/release/net9.0/managedcode.communication.tests.dll" id="8f22ce6f-4ac8-d4fe-e6d7-e45c0c472207">
      <Execution id="fdacc4f9-5d59-4a5c-b37c-a2cc5dbbc153" />
      <TestMethod codeBase="/home/runner/work/Communication/Communication/ManagedCode.Communication.Tests/bin/Release/net9.0/ManagedCode.Communication.Tests.dll" adapterTypeName="executor://xunit/VsTestRunner3/netcore/" className="ManagedCode.Communication.Tests.Results.ProblemToExceptionTests" name="ToException_PreservesAllExceptionData" />
    </UnitTest>
    <UnitTest name="ManagedCode.Communication.Tests.Results.CollectionResultTests.TotalPages_ShouldCalculateCorrectly" storage="/home/runner/work/communication/communication/managedcode.communication.tests/bin/release/net9.0/managedcode.communication.tests.dll" id="99f446f3-a7b4-6b9c-7383-6521b7b5724d">
      <Execution id="acddb7a7-a01d-4c3f-a8d5-af6eb2f1c1b7" />
      <TestMethod codeBase="/home/runner/work/Communication/Communication/ManagedCode.Communication.Tests/bin/Release/net9.0/ManagedCode.Communication.Tests.dll" adapterTypeName="executor://xunit/VsTestRunner3/netcore/" className="ManagedCode.Communication.Tests.Results.CollectionResultTests" name="TotalPages_ShouldCalculateCorrectly" />
    </UnitTest>
    <UnitTest name="ManagedCode.Communication.Tests.Results.ResultInvalidMethodsTests.ResultT_Invalid_WithMessage_ShouldCreateValidationResultWithMessage" storage="/home/runner/work/communication/communication/managedcode.communication.tests/bin/release/net9.0/managedcode.communication.tests.dll" id="f91e9575-30e1-e221-f699-3a11de9b388a">
      <Execution id="c3ba5f70-306d-4dd7-b7f4-b1eb37383a00" />
      <TestMethod codeBase="/home/runner/work/Communication/Communication/ManagedCode.Communication.Tests/bin/Release/net9.0/ManagedCode.Communication.Tests.dll" adapterTypeName="executor://xunit/VsTestRunner3/netcore/" className="ManagedCode.Communication.Tests.Results.ResultInvalidMethodsTests" name="ResultT_Invalid_WithMessage_ShouldCreateValidationResultWithMessage" />
    </UnitTest>
    <UnitTest name="ManagedCode.Communication.Tests.Orleans.Serialization.ProblemSerializationTests.Problem_ValidationErrors_ShouldSerializeCorrectly" storage="/home/runner/work/communication/communication/managedcode.communication.tests/bin/release/net9.0/managedcode.communication.tests.dll" id="e3201c67-d417-c3b4-88e0-58c89ff57ebe">
      <Execution id="0eb3cd8e-75b5-407b-9772-7a40ab07b4a0" />
      <TestMethod codeBase="/home/runner/work/Communication/Communication/ManagedCode.Communication.Tests/bin/Release/net9.0/ManagedCode.Communication.Tests.dll" adapterTypeName="executor://xunit/VsTestRunner3/netcore/" className="ManagedCode.Communication.Tests.Orleans.Serialization.ProblemSerializationTests" name="Problem_ValidationErrors_ShouldSerializeCorrectly" />
    </UnitTest>
    <UnitTest name="ManagedCode.Communication.Tests.Extensions.RailwayExtensionsTests.TapAsync_SuccessfulResult_ExecutesAction" storage="/home/runner/work/communication/communication/managedcode.communication.tests/bin/release/net9.0/managedcode.communication.tests.dll" id="922f442b-abde-2646-f44f-3ba19dc6a53c">
      <Execution id="18cf4b47-05d7-4086-bcb3-334824b7685b" />
      <TestMethod codeBase="/home/runner/work/Communication/Communication/ManagedCode.Communication.Tests/bin/Release/net9.0/ManagedCode.Communication.Tests.dll" adapterTypeName="executor://xunit/VsTestRunner3/netcore/" className="ManagedCode.Communication.Tests.Extensions.RailwayExtensionsTests" name="TapAsync_SuccessfulResult_ExecutesAction" />
    </UnitTest>
    <UnitTest name="ManagedCode.Communication.Tests.Orleans.Serialization.ProblemSerializationTests.Problem_StandardTypes_ShouldSerializeCorrectly" storage="/home/runner/work/communication/communication/managedcode.communication.tests/bin/release/net9.0/managedcode.communication.tests.dll" id="fd0cdcec-1fac-f49f-a746-4772ac5928f9">
      <Execution id="be1d00ea-0c87-4a80-92b9-e5926b1cb476" />
      <TestMethod codeBase="/home/runner/work/Communication/Communication/ManagedCode.Communication.Tests/bin/Release/net9.0/ManagedCode.Communication.Tests.dll" adapterTypeName="executor://xunit/VsTestRunner3/netcore/" className="ManagedCode.Communication.Tests.Orleans.Serialization.ProblemSerializationTests" name="Problem_StandardTypes_ShouldSerializeCorrectly" />
    </UnitTest>
    <UnitTest name="ManagedCode.Communication.Tests.AspNetCore.Extensions.ControllerExtensionsTests.ToHttpResult_WithComplexFailure_PreservesProblemDetails" storage="/home/runner/work/communication/communication/managedcode.communication.tests/bin/release/net9.0/managedcode.communication.tests.dll" id="7e95e31b-5cbf-f4bc-6b58-5c4878828fa0">
      <Execution id="09f0db06-4759-4be2-b7f9-e9b5dbdea548" />
      <TestMethod codeBase="/home/runner/work/Communication/Communication/ManagedCode.Communication.Tests/bin/Release/net9.0/ManagedCode.Communication.Tests.dll" adapterTypeName="executor://xunit/VsTestRunner3/netcore/" className="ManagedCode.Communication.Tests.AspNetCore.Extensions.ControllerExtensionsTests" name="ToHttpResult_WithComplexFailure_PreservesProblemDetails" />
    </UnitTest>
    <UnitTest name="ManagedCode.Communication.Tests.Results.ProblemExceptionTests.Constructor_WithProblemContainingMultipleValidationErrorsPerField_ShouldJoinWithSemicolon" storage="/home/runner/work/communication/communication/managedcode.communication.tests/bin/release/net9.0/managedcode.communication.tests.dll" id="950f8757-e7b7-1138-1a4d-1e70b2dcf083">
      <Execution id="c1afc6f3-b0a4-4ea2-ab45-5d019d5a9318" />
      <TestMethod codeBase="/home/runner/work/Communication/Communication/ManagedCode.Communication.Tests/bin/Release/net9.0/ManagedCode.Communication.Tests.dll" adapterTypeName="executor://xunit/VsTestRunner3/netcore/" className="ManagedCode.Communication.Tests.Results.ProblemExceptionTests" name="Constructor_WithProblemContainingMultipleValidationErrorsPerField_ShouldJoinWithSemicolon" />
    </UnitTest>
    <UnitTest name="ManagedCode.Communication.Tests.Results.ResultTests.ImplicitOperator_FromBool_False_ShouldCreateFailedResult" storage="/home/runner/work/communication/communication/managedcode.communication.tests/bin/release/net9.0/managedcode.communication.tests.dll" id="1984c2a7-7175-dd20-85f7-f923a8979400">
      <Execution id="381af369-7ab0-49db-acf2-c82ed4fc5589" />
      <TestMethod codeBase="/home/runner/work/Communication/Communication/ManagedCode.Communication.Tests/bin/Release/net9.0/ManagedCode.Communication.Tests.dll" adapterTypeName="executor://xunit/VsTestRunner3/netcore/" className="ManagedCode.Communication.Tests.Results.ResultTests" name="ImplicitOperator_FromBool_False_ShouldCreateFailedResult" />
    </UnitTest>
    <UnitTest name="ManagedCode.Communication.Tests.Results.ResultTFailMethodsTests.ResultT_Fail_WithVariousStatusCodes_ShouldSetCorrectStatusCode(statusCode: NotFound, expectedCode: 404)" storage="/home/runner/work/communication/communication/managedcode.communication.tests/bin/release/net9.0/managedcode.communication.tests.dll" id="705ecbbc-4193-2770-884e-c1965e63c3ae">
      <Execution id="09f769e7-2623-4e82-9bcc-40dfee40ce7a" />
      <TestMethod codeBase="/home/runner/work/Communication/Communication/ManagedCode.Communication.Tests/bin/Release/net9.0/ManagedCode.Communication.Tests.dll" adapterTypeName="executor://xunit/VsTestRunner3/netcore/" className="ManagedCode.Communication.Tests.Results.ResultTFailMethodsTests" name="ResultT_Fail_WithVariousStatusCodes_ShouldSetCorrectStatusCode" />
    </UnitTest>
    <UnitTest name="ManagedCode.Communication.Tests.Results.ResultHelperMethodsTests.Result_From_WithAsyncTask_ShouldReturnSuccess" storage="/home/runner/work/communication/communication/managedcode.communication.tests/bin/release/net9.0/managedcode.communication.tests.dll" id="ce3de199-36d5-8ba5-2e51-6302507f3d29">
      <Execution id="55454e90-3f88-4833-a56f-f23dfc5f9053" />
      <TestMethod codeBase="/home/runner/work/Communication/Communication/ManagedCode.Communication.Tests/bin/Release/net9.0/ManagedCode.Communication.Tests.dll" adapterTypeName="executor://xunit/VsTestRunner3/netcore/" className="ManagedCode.Communication.Tests.Results.ResultHelperMethodsTests" name="Result_From_WithAsyncTask_ShouldReturnSuccess" />
    </UnitTest>
    <UnitTest name="ManagedCode.Communication.Tests.CollectionResults.CollectionResultFailMethodsTests.Fail_WithProblem_ShouldCreateFailedResultWithProblem" storage="/home/runner/work/communication/communication/managedcode.communication.tests/bin/release/net9.0/managedcode.communication.tests.dll" id="be1da5de-e0fe-47f3-2a89-4f7466ca0a66">
      <Execution id="aaf3ce11-8f2d-4f4d-be22-3518aba303f2" />
      <TestMethod codeBase="/home/runner/work/Communication/Communication/ManagedCode.Communication.Tests/bin/Release/net9.0/ManagedCode.Communication.Tests.dll" adapterTypeName="executor://xunit/VsTestRunner3/netcore/" className="ManagedCode.Communication.Tests.CollectionResults.CollectionResultFailMethodsTests" name="Fail_WithProblem_ShouldCreateFailedResultWithProblem" />
    </UnitTest>
    <UnitTest name="ManagedCode.Communication.Tests.ProblemTests.ProblemCreateMethodsTests.Problem_AddValidationError_ToEmptyProblem_ShouldCreateErrorsDictionary" storage="/home/runner/work/communication/communication/managedcode.communication.tests/bin/release/net9.0/managedcode.communication.tests.dll" id="a555e622-b970-4ded-325b-3f0c89ae34f6">
      <Execution id="3ed6f975-a2ed-4a5d-bb47-308d2ce4d69a" />
      <TestMethod codeBase="/home/runner/work/Communication/Communication/ManagedCode.Communication.Tests/bin/Release/net9.0/ManagedCode.Communication.Tests.dll" adapterTypeName="executor://xunit/VsTestRunner3/netcore/" className="ManagedCode.Communication.Tests.ProblemTests.ProblemCreateMethodsTests" name="Problem_AddValidationError_ToEmptyProblem_ShouldCreateErrorsDictionary" />
    </UnitTest>
    <UnitTest name="ManagedCode.Communication.Tests.Serialization.ProblemJsonConverterTests.Serialize_DifferentTypeValues_HandlesCorrectly(inputType: null, expectedType: &quot;about:blank&quot;)" storage="/home/runner/work/communication/communication/managedcode.communication.tests/bin/release/net9.0/managedcode.communication.tests.dll" id="bb8d7f1d-0bb4-3dea-c4fc-e0834e054d6f">
      <Execution id="5d93538f-90b3-4130-8d81-926f46c799b1" />
      <TestMethod codeBase="/home/runner/work/Communication/Communication/ManagedCode.Communication.Tests/bin/Release/net9.0/ManagedCode.Communication.Tests.dll" adapterTypeName="executor://xunit/VsTestRunner3/netcore/" className="ManagedCode.Communication.Tests.Serialization.ProblemJsonConverterTests" name="Serialize_DifferentTypeValues_HandlesCorrectly" />
    </UnitTest>
    <UnitTest name="ManagedCode.Communication.Tests.Extensions.HttpResponseExtensionTests.FromJsonToResult_ErrorStatusCode_ReturnsFailedResult" storage="/home/runner/work/communication/communication/managedcode.communication.tests/bin/release/net9.0/managedcode.communication.tests.dll" id="9b3a08e9-51f4-c581-11a3-b1f682c055d4">
      <Execution id="b88319b4-b087-4069-b9c8-30141156fc58" />
      <TestMethod codeBase="/home/runner/work/Communication/Communication/ManagedCode.Communication.Tests/bin/Release/net9.0/ManagedCode.Communication.Tests.dll" adapterTypeName="executor://xunit/VsTestRunner3/netcore/" className="ManagedCode.Communication.Tests.Extensions.HttpResponseExtensionTests" name="FromJsonToResult_ErrorStatusCode_ReturnsFailedResult" />
    </UnitTest>
    <UnitTest name="ManagedCode.Communication.Tests.Results.ResultOperatorsTests.Result_TryAsync_WithExceptionThrowingAction_ShouldReturnFailedResult" storage="/home/runner/work/communication/communication/managedcode.communication.tests/bin/release/net9.0/managedcode.communication.tests.dll" id="35b5ad29-9f82-13e3-add3-97b8e7b9d94c">
      <Execution id="09bd4344-0166-4157-bfb3-dcce751162f6" />
      <TestMethod codeBase="/home/runner/work/Communication/Communication/ManagedCode.Communication.Tests/bin/Release/net9.0/ManagedCode.Communication.Tests.dll" adapterTypeName="executor://xunit/VsTestRunner3/netcore/" className="ManagedCode.Communication.Tests.Results.ResultOperatorsTests" name="Result_TryAsync_WithExceptionThrowingAction_ShouldReturnFailedResult" />
    </UnitTest>
    <UnitTest name="ManagedCode.Communication.Tests.Orleans.Serialization.CollectionResultSerializationTests.CollectionResult_WithProblem_ShouldSerializeCorrectly" storage="/home/runner/work/communication/communication/managedcode.communication.tests/bin/release/net9.0/managedcode.communication.tests.dll" id="ebb85f49-d557-5a6a-c90c-63121ba0873d">
      <Execution id="041ee784-5135-4249-b8ca-1e87691c8b64" />
      <TestMethod codeBase="/home/runner/work/Communication/Communication/ManagedCode.Communication.Tests/bin/Release/net9.0/ManagedCode.Communication.Tests.dll" adapterTypeName="executor://xunit/VsTestRunner3/netcore/" className="ManagedCode.Communication.Tests.Orleans.Serialization.CollectionResultSerializationTests" name="CollectionResult_WithProblem_ShouldSerializeCorrectly" />
    </UnitTest>
    <UnitTest name="ManagedCode.Communication.Tests.CollectionResults.CollectionResultFromMethodsTests.From_FailedCollectionResultWithoutProblem_ShouldReturnFailedResult" storage="/home/runner/work/communication/communication/managedcode.communication.tests/bin/release/net9.0/managedcode.communication.tests.dll" id="52ca4f6f-9446-ce96-f00d-3177ac949b13">
      <Execution id="b8c4c97e-7f32-444b-b77d-1861da2344d1" />
      <TestMethod codeBase="/home/runner/work/Communication/Communication/ManagedCode.Communication.Tests/bin/Release/net9.0/ManagedCode.Communication.Tests.dll" adapterTypeName="executor://xunit/VsTestRunner3/netcore/" className="ManagedCode.Communication.Tests.CollectionResults.CollectionResultFromMethodsTests" name="From_FailedCollectionResultWithoutProblem_ShouldReturnFailedResult" />
    </UnitTest>
    <UnitTest name="ManagedCode.Communication.Tests.CollectionResults.CollectionResultFailMethodsTests.FailValidation_WithDuplicateFields_ShouldCombineErrors" storage="/home/runner/work/communication/communication/managedcode.communication.tests/bin/release/net9.0/managedcode.communication.tests.dll" id="699823e7-74be-bd9f-0e7a-b915c45c5b8d">
      <Execution id="bf029f95-b699-447b-85f7-f2050589cb29" />
      <TestMethod codeBase="/home/runner/work/Communication/Communication/ManagedCode.Communication.Tests/bin/Release/net9.0/ManagedCode.Communication.Tests.dll" adapterTypeName="executor://xunit/VsTestRunner3/netcore/" className="ManagedCode.Communication.Tests.CollectionResults.CollectionResultFailMethodsTests" name="FailValidation_WithDuplicateFields_ShouldCombineErrors" />
    </UnitTest>
    <UnitTest name="ManagedCode.Communication.Tests.Results.ProblemTests.Constructor_ShouldInitializeExtensions" storage="/home/runner/work/communication/communication/managedcode.communication.tests/bin/release/net9.0/managedcode.communication.tests.dll" id="aa49e18c-4197-b3cc-aa70-ef1af862b8be">
      <Execution id="dd6a1c82-e1e9-401f-ba8f-d31629e65c94" />
      <TestMethod codeBase="/home/runner/work/Communication/Communication/ManagedCode.Communication.Tests/bin/Release/net9.0/ManagedCode.Communication.Tests.dll" adapterTypeName="executor://xunit/VsTestRunner3/netcore/" className="ManagedCode.Communication.Tests.Results.ProblemTests" name="Constructor_ShouldInitializeExtensions" />
    </UnitTest>
    <UnitTest name="ManagedCode.Communication.Tests.Results.ResultTFailMethodsTests.ResultT_FailValidation_WithMultipleErrors_ShouldCreateValidationFailedResultWithAllErrors" storage="/home/runner/work/communication/communication/managedcode.communication.tests/bin/release/net9.0/managedcode.communication.tests.dll" id="a979666d-6188-9f7d-4a5c-a7572f2afca6">
      <Execution id="d1e25b30-3aa5-4320-8457-8f3ed3e301ca" />
      <TestMethod codeBase="/home/runner/work/Communication/Communication/ManagedCode.Communication.Tests/bin/Release/net9.0/ManagedCode.Communication.Tests.dll" adapterTypeName="executor://xunit/VsTestRunner3/netcore/" className="ManagedCode.Communication.Tests.Results.ResultTFailMethodsTests" name="ResultT_FailValidation_WithMultipleErrors_ShouldCreateValidationFailedResultWithAllErrors" />
    </UnitTest>
    <UnitTest name="ManagedCode.Communication.Tests.Results.RailwayOrientedProgrammingTests.Try_WithSuccessfulOperation_ShouldReturnSuccess" storage="/home/runner/work/communication/communication/managedcode.communication.tests/bin/release/net9.0/managedcode.communication.tests.dll" id="9ca104e0-d007-7a8a-297e-78d9692a5c9f">
      <Execution id="7d569b20-69ab-43cc-addd-f1ffb9bc8d56" />
      <TestMethod codeBase="/home/runner/work/Communication/Communication/ManagedCode.Communication.Tests/bin/Release/net9.0/ManagedCode.Communication.Tests.dll" adapterTypeName="executor://xunit/VsTestRunner3/netcore/" className="ManagedCode.Communication.Tests.Results.RailwayOrientedProgrammingTests" name="Try_WithSuccessfulOperation_ShouldReturnSuccess" />
    </UnitTest>
    <UnitTest name="ManagedCode.Communication.Tests.CollectionResults.CollectionResultFailMethodsTests.Fail_WithException_ShouldCreateFailedResultWithInternalServerError" storage="/home/runner/work/communication/communication/managedcode.communication.tests/bin/release/net9.0/managedcode.communication.tests.dll" id="0fe8d20e-348c-7d20-8e18-4ab370792fe0">
      <Execution id="40feb616-bf14-4066-b23d-e4f1a5052ed6" />
      <TestMethod codeBase="/home/runner/work/Communication/Communication/ManagedCode.Communication.Tests/bin/Release/net9.0/ManagedCode.Communication.Tests.dll" adapterTypeName="executor://xunit/VsTestRunner3/netcore/" className="ManagedCode.Communication.Tests.CollectionResults.CollectionResultFailMethodsTests" name="Fail_WithException_ShouldCreateFailedResultWithInternalServerError" />
    </UnitTest>
    <UnitTest name="ManagedCode.Communication.Tests.Serialization.SerializationTests.ResultT_Failed_ShouldSerializeAndDeserialize" storage="/home/runner/work/communication/communication/managedcode.communication.tests/bin/release/net9.0/managedcode.communication.tests.dll" id="033615c8-912a-fb8e-83b7-5256a7e64b58">
      <Execution id="18a690e5-4efb-4297-94b9-463af7acaa6b" />
      <TestMethod codeBase="/home/runner/work/Communication/Communication/ManagedCode.Communication.Tests/bin/Release/net9.0/ManagedCode.Communication.Tests.dll" adapterTypeName="executor://xunit/VsTestRunner3/netcore/" className="ManagedCode.Communication.Tests.Serialization.SerializationTests" name="ResultT_Failed_ShouldSerializeAndDeserialize" />
    </UnitTest>
    <UnitTest name="ManagedCode.Communication.Tests.OrleansTests.GrainClientTests.IntResultError" storage="/home/runner/work/communication/communication/managedcode.communication.tests/bin/release/net9.0/managedcode.communication.tests.dll" id="aaf3638f-1207-9f2b-6354-805a113323d4">
      <Execution id="520baf9d-4673-4697-9858-664197764708" />
      <TestMethod codeBase="/home/runner/work/Communication/Communication/ManagedCode.Communication.Tests/bin/Release/net9.0/ManagedCode.Communication.Tests.dll" adapterTypeName="executor://xunit/VsTestRunner3/netcore/" className="ManagedCode.Communication.Tests.OrleansTests.GrainClientTests" name="IntResultError" />
    </UnitTest>
    <UnitTest name="ManagedCode.Communication.Tests.Results.ResultInvalidMethodsTests.ResultT_Invalid_WithEnumAndMessage_ShouldCreateValidationResultWithBoth" storage="/home/runner/work/communication/communication/managedcode.communication.tests/bin/release/net9.0/managedcode.communication.tests.dll" id="99276385-6909-321c-1b95-b70e5933d41e">
      <Execution id="10ce4b53-c6c8-4ba0-af3f-7ddc750ee3c1" />
      <TestMethod codeBase="/home/runner/work/Communication/Communication/ManagedCode.Communication.Tests/bin/Release/net9.0/ManagedCode.Communication.Tests.dll" adapterTypeName="executor://xunit/VsTestRunner3/netcore/" className="ManagedCode.Communication.Tests.Results.ResultInvalidMethodsTests" name="ResultT_Invalid_WithEnumAndMessage_ShouldCreateValidationResultWithBoth" />
    </UnitTest>
    <UnitTest name="ManagedCode.Communication.Tests.ResultExtensionsTests.BindGeneric_WithSuccessResult_ShouldChainOperations" storage="/home/runner/work/communication/communication/managedcode.communication.tests/bin/release/net9.0/managedcode.communication.tests.dll" id="9e03bf6d-4e75-7d3d-979b-1b27fa078d7d">
      <Execution id="0044d50a-c241-4432-8d22-28d97d2ecb3f" />
      <TestMethod codeBase="/home/runner/work/Communication/Communication/ManagedCode.Communication.Tests/bin/Release/net9.0/ManagedCode.Communication.Tests.dll" adapterTypeName="executor://xunit/VsTestRunner3/netcore/" className="ManagedCode.Communication.Tests.ResultExtensionsTests" name="BindGeneric_WithSuccessResult_ShouldChainOperations" />
    </UnitTest>
    <UnitTest name="ManagedCode.Communication.Tests.Results.ResultTFailMethodsTests.ResultT_Fail_WithVariousStatusCodes_ShouldSetCorrectStatusCode(statusCode: Unauthorized, expectedCode: 401)" storage="/home/runner/work/communication/communication/managedcode.communication.tests/bin/release/net9.0/managedcode.communication.tests.dll" id="f8b2f5ca-2f69-2d8d-4212-5d32e0a23134">
      <Execution id="1e6b86ac-f59f-4066-9bd7-fac424f4b4c6" />
      <TestMethod codeBase="/home/runner/work/Communication/Communication/ManagedCode.Communication.Tests/bin/Release/net9.0/ManagedCode.Communication.Tests.dll" adapterTypeName="executor://xunit/VsTestRunner3/netcore/" className="ManagedCode.Communication.Tests.Results.ResultTFailMethodsTests" name="ResultT_Fail_WithVariousStatusCodes_ShouldSetCorrectStatusCode" />
    </UnitTest>
    <UnitTest name="ManagedCode.Communication.Tests.Extensions.AdvancedRailwayExtensionsTests.CompensateWith_WithFailure_ReturnsDefaultValue" storage="/home/runner/work/communication/communication/managedcode.communication.tests/bin/release/net9.0/managedcode.communication.tests.dll" id="d0a02f38-518c-0632-7faf-1a71626098e2">
      <Execution id="13b4489f-49ce-4c70-872c-544322a6f01b" />
      <TestMethod codeBase="/home/runner/work/Communication/Communication/ManagedCode.Communication.Tests/bin/Release/net9.0/ManagedCode.Communication.Tests.dll" adapterTypeName="executor://xunit/VsTestRunner3/netcore/" className="ManagedCode.Communication.Tests.Extensions.AdvancedRailwayExtensionsTests" name="CompensateWith_WithFailure_ReturnsDefaultValue" />
    </UnitTest>
    <UnitTest name="ManagedCode.Communication.Tests.Serialization.SerializationTests.CommandMetadata_ShouldSerializeAndDeserialize" storage="/home/runner/work/communication/communication/managedcode.communication.tests/bin/release/net9.0/managedcode.communication.tests.dll" id="6983a880-9157-394a-891c-2e7cb526bc4c">
      <Execution id="44c15f51-c6b2-4652-8b8d-bc648d934541" />
      <TestMethod codeBase="/home/runner/work/Communication/Communication/ManagedCode.Communication.Tests/bin/Release/net9.0/ManagedCode.Communication.Tests.dll" adapterTypeName="executor://xunit/VsTestRunner3/netcore/" className="ManagedCode.Communication.Tests.Serialization.SerializationTests" name="CommandMetadata_ShouldSerializeAndDeserialize" />
    </UnitTest>
    <UnitTest name="ManagedCode.Communication.Tests.Serialization.SerializationTests.Command_ShouldSerializeAndDeserialize" storage="/home/runner/work/communication/communication/managedcode.communication.tests/bin/release/net9.0/managedcode.communication.tests.dll" id="ea0a9cb2-9148-301e-e48c-1afead66e2be">
      <Execution id="c1874482-6e15-4a3a-a181-a599bdce49ee" />
      <TestMethod codeBase="/home/runner/work/Communication/Communication/ManagedCode.Communication.Tests/bin/Release/net9.0/ManagedCode.Communication.Tests.dll" adapterTypeName="executor://xunit/VsTestRunner3/netcore/" className="ManagedCode.Communication.Tests.Serialization.SerializationTests" name="Command_ShouldSerializeAndDeserialize" />
    </UnitTest>
    <UnitTest name="ManagedCode.Communication.Tests.Results.ResultOperatorsTests.CollectionResult_ImplicitOperator_FromException_ShouldCreateFailedResult" storage="/home/runner/work/communication/communication/managedcode.communication.tests/bin/release/net9.0/managedcode.communication.tests.dll" id="30d1482a-3681-2b78-041a-5c6ec797ad16">
      <Execution id="b43392b1-d1ef-494d-b78d-6d99494ea42f" />
      <TestMethod codeBase="/home/runner/work/Communication/Communication/ManagedCode.Communication.Tests/bin/Release/net9.0/ManagedCode.Communication.Tests.dll" adapterTypeName="executor://xunit/VsTestRunner3/netcore/" className="ManagedCode.Communication.Tests.Results.ResultOperatorsTests" name="CollectionResult_ImplicitOperator_FromException_ShouldCreateFailedResult" />
    </UnitTest>
    <UnitTest name="ManagedCode.Communication.Tests.CollectionResults.CollectionResultFromMethodsTests.From_TupleTypes_ShouldHandleCorrectly" storage="/home/runner/work/communication/communication/managedcode.communication.tests/bin/release/net9.0/managedcode.communication.tests.dll" id="7d8cc7d8-a7af-3857-ec1c-988b6d4cd6cb">
      <Execution id="8f9ede6f-6d26-469f-abe2-d376ffc4873d" />
      <TestMethod codeBase="/home/runner/work/Communication/Communication/ManagedCode.Communication.Tests/bin/Release/net9.0/ManagedCode.Communication.Tests.dll" adapterTypeName="executor://xunit/VsTestRunner3/netcore/" className="ManagedCode.Communication.Tests.CollectionResults.CollectionResultFromMethodsTests" name="From_TupleTypes_ShouldHandleCorrectly" />
    </UnitTest>
    <UnitTest name="ManagedCode.Communication.Tests.Results.ResultTTests.ThrowIfFail_WithValidationFailure_ShouldThrowWithValidationDetails" storage="/home/runner/work/communication/communication/managedcode.communication.tests/bin/release/net9.0/managedcode.communication.tests.dll" id="4bf554c3-e002-54a1-f4f4-8a2759f993cd">
      <Execution id="f9073eb1-a099-4366-9870-48da4055dade" />
      <TestMethod codeBase="/home/runner/work/Communication/Communication/ManagedCode.Communication.Tests/bin/Release/net9.0/ManagedCode.Communication.Tests.dll" adapterTypeName="executor://xunit/VsTestRunner3/netcore/" className="ManagedCode.Communication.Tests.Results.ResultTTests" name="ThrowIfFail_WithValidationFailure_ShouldThrowWithValidationDetails" />
    </UnitTest>
    <UnitTest name="ManagedCode.Communication.Tests.Results.ResultFailMethodsTests.Result_Fail_NoParameters_ShouldCreateFailedResult" storage="/home/runner/work/communication/communication/managedcode.communication.tests/bin/release/net9.0/managedcode.communication.tests.dll" id="2e7f64e0-84e1-b572-6451-e5b58ad3f1b2">
      <Execution id="c981ae0c-b896-408c-b481-71fefa6bf16b" />
      <TestMethod codeBase="/home/runner/work/Communication/Communication/ManagedCode.Communication.Tests/bin/Release/net9.0/ManagedCode.Communication.Tests.dll" adapterTypeName="executor://xunit/VsTestRunner3/netcore/" className="ManagedCode.Communication.Tests.Results.ResultFailMethodsTests" name="Result_Fail_NoParameters_ShouldCreateFailedResult" />
    </UnitTest>
    <UnitTest name="ManagedCode.Communication.Tests.Results.ResultTests.ImplicitOperator_ToBool_ShouldReturnIsSuccess" storage="/home/runner/work/communication/communication/managedcode.communication.tests/bin/release/net9.0/managedcode.communication.tests.dll" id="4052b285-ee8b-dda1-747f-8fb2d2b5853d">
      <Execution id="07a340c4-f2d6-4ee2-b9f0-db6946cc5870" />
      <TestMethod codeBase="/home/runner/work/Communication/Communication/ManagedCode.Communication.Tests/bin/Release/net9.0/ManagedCode.Communication.Tests.dll" adapterTypeName="executor://xunit/VsTestRunner3/netcore/" className="ManagedCode.Communication.Tests.Results.ResultTests" name="ImplicitOperator_ToBool_ShouldReturnIsSuccess" />
    </UnitTest>
    <UnitTest name="ManagedCode.Communication.Tests.CollectionResults.CollectionResultFromMethodsTests.From_GenericFailedCollectionResultWithProblem_ShouldReturnFailedResult" storage="/home/runner/work/communication/communication/managedcode.communication.tests/bin/release/net9.0/managedcode.communication.tests.dll" id="9c7edae4-dba8-a18a-c5ee-0aa71baa7577">
      <Execution id="16398960-c657-4927-a8a8-6c931b3efce0" />
      <TestMethod codeBase="/home/runner/work/Communication/Communication/ManagedCode.Communication.Tests/bin/Release/net9.0/ManagedCode.Communication.Tests.dll" adapterTypeName="executor://xunit/VsTestRunner3/netcore/" className="ManagedCode.Communication.Tests.CollectionResults.CollectionResultFromMethodsTests" name="From_GenericFailedCollectionResultWithProblem_ShouldReturnFailedResult" />
    </UnitTest>
    <UnitTest name="ManagedCode.Communication.Tests.Results.ProblemTests.FromStatusCode_ShouldCreateProblemFromHttpStatusCode" storage="/home/runner/work/communication/communication/managedcode.communication.tests/bin/release/net9.0/managedcode.communication.tests.dll" id="92d7240b-67dc-fa2a-1053-63a4cde5f1ef">
      <Execution id="525e547b-8f7c-4e34-8397-973a50cae5d3" />
      <TestMethod codeBase="/home/runner/work/Communication/Communication/ManagedCode.Communication.Tests/bin/Release/net9.0/ManagedCode.Communication.Tests.dll" adapterTypeName="executor://xunit/VsTestRunner3/netcore/" className="ManagedCode.Communication.Tests.Results.ProblemTests" name="FromStatusCode_ShouldCreateProblemFromHttpStatusCode" />
    </UnitTest>
    <UnitTest name="ManagedCode.Communication.Tests.Results.ResultTests.FailForbidden_ShouldCreateForbiddenResult" storage="/home/runner/work/communication/communication/managedcode.communication.tests/bin/release/net9.0/managedcode.communication.tests.dll" id="45dd8e8e-d47d-d57f-7363-d2adb3b51e04">
      <Execution id="173925f2-8332-45ef-b341-077e4846a66a" />
      <TestMethod codeBase="/home/runner/work/Communication/Communication/ManagedCode.Communication.Tests/bin/Release/net9.0/ManagedCode.Communication.Tests.dll" adapterTypeName="executor://xunit/VsTestRunner3/netcore/" className="ManagedCode.Communication.Tests.Results.ResultTests" name="FailForbidden_ShouldCreateForbiddenResult" />
    </UnitTest>
    <UnitTest name="ManagedCode.Communication.Tests.Results.ProblemExceptionTests.Constructor_WithInnerException_ShouldCreateProblemFromException" storage="/home/runner/work/communication/communication/managedcode.communication.tests/bin/release/net9.0/managedcode.communication.tests.dll" id="f033dff5-3005-c649-45d7-638d675d115a">
      <Execution id="93ea8fed-508a-49ae-828e-b9146e776a08" />
      <TestMethod codeBase="/home/runner/work/Communication/Communication/ManagedCode.Communication.Tests/bin/Release/net9.0/ManagedCode.Communication.Tests.dll" adapterTypeName="executor://xunit/VsTestRunner3/netcore/" className="ManagedCode.Communication.Tests.Results.ProblemExceptionTests" name="Constructor_WithInnerException_ShouldCreateProblemFromException" />
    </UnitTest>
    <UnitTest name="ManagedCode.Communication.Tests.CollectionResults.CollectionResultFailMethodsTests.FailUnauthorized_WithDetail_ShouldCreateUnauthorizedResultWithCustomDetail" storage="/home/runner/work/communication/communication/managedcode.communication.tests/bin/release/net9.0/managedcode.communication.tests.dll" id="cf228890-f5ab-17dc-6ff0-7693334748e8">
      <Execution id="d930a4ab-8de6-4c2b-9352-9bc9c3277c6e" />
      <TestMethod codeBase="/home/runner/work/Communication/Communication/ManagedCode.Communication.Tests/bin/Release/net9.0/ManagedCode.Communication.Tests.dll" adapterTypeName="executor://xunit/VsTestRunner3/netcore/" className="ManagedCode.Communication.Tests.CollectionResults.CollectionResultFailMethodsTests" name="FailUnauthorized_WithDetail_ShouldCreateUnauthorizedResultWithCustomDetail" />
    </UnitTest>
    <UnitTest name="ManagedCode.Communication.Tests.Results.ResultTTests.Bind_WithFailedResult_ShouldReturnFailedResult" storage="/home/runner/work/communication/communication/managedcode.communication.tests/bin/release/net9.0/managedcode.communication.tests.dll" id="420227c9-e6b9-b50e-d05f-d761ad3cd58e">
      <Execution id="e6da1e4a-8d32-46d7-ad08-c0f497a83c61" />
      <TestMethod codeBase="/home/runner/work/Communication/Communication/ManagedCode.Communication.Tests/bin/Release/net9.0/ManagedCode.Communication.Tests.dll" adapterTypeName="executor://xunit/VsTestRunner3/netcore/" className="ManagedCode.Communication.Tests.Results.ResultTTests" name="Bind_WithFailedResult_ShouldReturnFailedResult" />
    </UnitTest>
    <UnitTest name="ManagedCode.Communication.Tests.Results.CollectionResultInvalidMethodsTests.CollectionResult_Invalid_WithNullValues_ShouldHandleGracefully" storage="/home/runner/work/communication/communication/managedcode.communication.tests/bin/release/net9.0/managedcode.communication.tests.dll" id="10731ee9-0f6c-2f00-a7f4-089825b67c70">
      <Execution id="75dfe8a3-d297-4235-ae44-f4985bb3bd31" />
      <TestMethod codeBase="/home/runner/work/Communication/Communication/ManagedCode.Communication.Tests/bin/Release/net9.0/ManagedCode.Communication.Tests.dll" adapterTypeName="executor://xunit/VsTestRunner3/netcore/" className="ManagedCode.Communication.Tests.Results.CollectionResultInvalidMethodsTests" name="CollectionResult_Invalid_WithNullValues_ShouldHandleGracefully" />
    </UnitTest>
    <UnitTest name="ManagedCode.Communication.Tests.Results.CollectionResultInvalidMethodsTests.CollectionResult_Invalid_NoParameters_ShouldCreateValidationResult" storage="/home/runner/work/communication/communication/managedcode.communication.tests/bin/release/net9.0/managedcode.communication.tests.dll" id="b63a8c73-326f-00c0-2fb1-b6e3b569e065">
      <Execution id="8231e4ff-dde7-45b4-8b64-681786b3e186" />
      <TestMethod codeBase="/home/runner/work/Communication/Communication/ManagedCode.Communication.Tests/bin/Release/net9.0/ManagedCode.Communication.Tests.dll" adapterTypeName="executor://xunit/VsTestRunner3/netcore/" className="ManagedCode.Communication.Tests.Results.CollectionResultInvalidMethodsTests" name="CollectionResult_Invalid_NoParameters_ShouldCreateValidationResult" />
    </UnitTest>
    <UnitTest name="ManagedCode.Communication.Tests.CollectionResults.CollectionResultFromMethodsTests.From_FuncValueTaskArray_ShouldCreateSuccessResult" storage="/home/runner/work/communication/communication/managedcode.communication.tests/bin/release/net9.0/managedcode.communication.tests.dll" id="bc225918-98fd-4d8f-87ce-a283504ff818">
      <Execution id="9c64a36a-bd38-467c-b854-c92775a4f53e" />
      <TestMethod codeBase="/home/runner/work/Communication/Communication/ManagedCode.Communication.Tests/bin/Release/net9.0/ManagedCode.Communication.Tests.dll" adapterTypeName="executor://xunit/VsTestRunner3/netcore/" className="ManagedCode.Communication.Tests.CollectionResults.CollectionResultFromMethodsTests" name="From_FuncValueTaskArray_ShouldCreateSuccessResult" />
    </UnitTest>
    <UnitTest name="ManagedCode.Communication.Tests.Extensions.AdvancedRailwayExtensionsTests.Combine_WithAllSuccessful_ReturnsAllValues" storage="/home/runner/work/communication/communication/managedcode.communication.tests/bin/release/net9.0/managedcode.communication.tests.dll" id="cc50bf60-6b4c-9573-310d-397b2e7909f2">
      <Execution id="9e27bfea-8644-472e-9d26-c9acc4433cca" />
      <TestMethod codeBase="/home/runner/work/Communication/Communication/ManagedCode.Communication.Tests/bin/Release/net9.0/ManagedCode.Communication.Tests.dll" adapterTypeName="executor://xunit/VsTestRunner3/netcore/" className="ManagedCode.Communication.Tests.Extensions.AdvancedRailwayExtensionsTests" name="Combine_WithAllSuccessful_ReturnsAllValues" />
    </UnitTest>
    <UnitTest name="ManagedCode.Communication.Tests.Extensions.ProblemExtensionsTests.FromProblemDetails_ShouldConvertProblemDetailsToProblem" storage="/home/runner/work/communication/communication/managedcode.communication.tests/bin/release/net9.0/managedcode.communication.tests.dll" id="4b8b8707-1465-df20-286b-3f7c61a84edd">
      <Execution id="562a6cfa-3c32-4591-8b01-04e34043e293" />
      <TestMethod codeBase="/home/runner/work/Communication/Communication/ManagedCode.Communication.Tests/bin/Release/net9.0/ManagedCode.Communication.Tests.dll" adapterTypeName="executor://xunit/VsTestRunner3/netcore/" className="ManagedCode.Communication.Tests.Extensions.ProblemExtensionsTests" name="FromProblemDetails_ShouldConvertProblemDetailsToProblem" />
    </UnitTest>
    <UnitTest name="ManagedCode.Communication.Tests.Results.ResultFailMethodsTests.Result_Fail_WithVariousStatusCodes_ShouldSetCorrectStatusCode(statusCode: InternalServerError, expectedCode: 500)" storage="/home/runner/work/communication/communication/managedcode.communication.tests/bin/release/net9.0/managedcode.communication.tests.dll" id="27b117ff-b7dd-57b4-7de5-67615daa035c">
      <Execution id="431c3b62-de7c-48fd-918e-c18ca35dadc8" />
      <TestMethod codeBase="/home/runner/work/Communication/Communication/ManagedCode.Communication.Tests/bin/Release/net9.0/ManagedCode.Communication.Tests.dll" adapterTypeName="executor://xunit/VsTestRunner3/netcore/" className="ManagedCode.Communication.Tests.Results.ResultFailMethodsTests" name="Result_Fail_WithVariousStatusCodes_ShouldSetCorrectStatusCode" />
    </UnitTest>
    <UnitTest name="ManagedCode.Communication.Tests.Results.ResultInvalidMethodsTests.Invalid_WithDictionaryContainingEmptyValues_ShouldHandleGracefully" storage="/home/runner/work/communication/communication/managedcode.communication.tests/bin/release/net9.0/managedcode.communication.tests.dll" id="1285e3a0-be70-4f5b-8a49-53d83ee7816d">
      <Execution id="daf13e57-5c12-492f-b2f0-02255f404f93" />
      <TestMethod codeBase="/home/runner/work/Communication/Communication/ManagedCode.Communication.Tests/bin/Release/net9.0/ManagedCode.Communication.Tests.dll" adapterTypeName="executor://xunit/VsTestRunner3/netcore/" className="ManagedCode.Communication.Tests.Results.ResultInvalidMethodsTests" name="Invalid_WithDictionaryContainingEmptyValues_ShouldHandleGracefully" />
    </UnitTest>
    <UnitTest name="ManagedCode.Communication.Tests.Results.ProblemTests.HasErrorCode_WithDifferentEnumType_ShouldReturnFalse" storage="/home/runner/work/communication/communication/managedcode.communication.tests/bin/release/net9.0/managedcode.communication.tests.dll" id="d63e28b0-0e78-d9d5-3c31-ecad325cd7f3">
      <Execution id="c69e5772-3b8e-4f6b-8948-3d2767880a08" />
      <TestMethod codeBase="/home/runner/work/Communication/Communication/ManagedCode.Communication.Tests/bin/Release/net9.0/ManagedCode.Communication.Tests.dll" adapterTypeName="executor://xunit/VsTestRunner3/netcore/" className="ManagedCode.Communication.Tests.Results.ProblemTests" name="HasErrorCode_WithDifferentEnumType_ShouldReturnFalse" />
    </UnitTest>
    <UnitTest name="ManagedCode.Communication.Tests.Results.ProblemTests.WithExtensions_ShouldCreateNewProblemWithAdditionalExtensions" storage="/home/runner/work/communication/communication/managedcode.communication.tests/bin/release/net9.0/managedcode.communication.tests.dll" id="2654f83d-7e59-bc95-a132-84ce53376681">
      <Execution id="a8c4bc23-3dd9-4a8a-b344-733ec24c81b5" />
      <TestMethod codeBase="/home/runner/work/Communication/Communication/ManagedCode.Communication.Tests/bin/Release/net9.0/ManagedCode.Communication.Tests.dll" adapterTypeName="executor://xunit/VsTestRunner3/netcore/" className="ManagedCode.Communication.Tests.Results.ProblemTests" name="WithExtensions_ShouldCreateNewProblemWithAdditionalExtensions" />
    </UnitTest>
    <UnitTest name="ManagedCode.Communication.Tests.Results.ResultHelperMethodsTests.Result_TryAsync_WithException_ShouldReturnFailure" storage="/home/runner/work/communication/communication/managedcode.communication.tests/bin/release/net9.0/managedcode.communication.tests.dll" id="820cc941-cded-40f7-68fc-769610bce971">
      <Execution id="61d799c9-fca2-4b29-85cc-bf9e6b7a0ada" />
      <TestMethod codeBase="/home/runner/work/Communication/Communication/ManagedCode.Communication.Tests/bin/Release/net9.0/ManagedCode.Communication.Tests.dll" adapterTypeName="executor://xunit/VsTestRunner3/netcore/" className="ManagedCode.Communication.Tests.Results.ResultHelperMethodsTests" name="Result_TryAsync_WithException_ShouldReturnFailure" />
    </UnitTest>
    <UnitTest name="ManagedCode.Communication.Tests.Extensions.HttpResponseExtensionTests.FromRequestToResult_NoContentStatusCode_ReturnsSuccessResult" storage="/home/runner/work/communication/communication/managedcode.communication.tests/bin/release/net9.0/managedcode.communication.tests.dll" id="4ec95413-36ce-2f53-a5aa-0f2f9a590c47">
      <Execution id="511cb174-49c1-4124-8271-3d5f1f8f1472" />
      <TestMethod codeBase="/home/runner/work/Communication/Communication/ManagedCode.Communication.Tests/bin/Release/net9.0/ManagedCode.Communication.Tests.dll" adapterTypeName="executor://xunit/VsTestRunner3/netcore/" className="ManagedCode.Communication.Tests.Extensions.HttpResponseExtensionTests" name="FromRequestToResult_NoContentStatusCode_ReturnsSuccessResult" />
    </UnitTest>
    <UnitTest name="ManagedCode.Communication.Tests.Results.ProblemToExceptionTests.ToException_FromProblemWithoutOriginalType_ShouldReturnProblemException" storage="/home/runner/work/communication/communication/managedcode.communication.tests/bin/release/net9.0/managedcode.communication.tests.dll" id="b530df44-9215-c330-3e2e-fee288d86fdb">
      <Execution id="784b3e2b-ca52-4d66-bd95-221896c75ceb" />
      <TestMethod codeBase="/home/runner/work/Communication/Communication/ManagedCode.Communication.Tests/bin/Release/net9.0/ManagedCode.Communication.Tests.dll" adapterTypeName="executor://xunit/VsTestRunner3/netcore/" className="ManagedCode.Communication.Tests.Results.ProblemToExceptionTests" name="ToException_FromProblemWithoutOriginalType_ShouldReturnProblemException" />
    </UnitTest>
    <UnitTest name="ManagedCode.Communication.Tests.Results.ResultHelperMethodsTests.Result_Try_WithException_ShouldReturnFailure" storage="/home/runner/work/communication/communication/managedcode.communication.tests/bin/release/net9.0/managedcode.communication.tests.dll" id="4042cc53-0735-53f5-867b-1cf2a2aa85d5">
      <Execution id="6c263b50-36fe-4131-b4b8-8be7d2acb5b2" />
      <TestMethod codeBase="/home/runner/work/Communication/Communication/ManagedCode.Communication.Tests/bin/Release/net9.0/ManagedCode.Communication.Tests.dll" adapterTypeName="executor://xunit/VsTestRunner3/netcore/" className="ManagedCode.Communication.Tests.Results.ResultHelperMethodsTests" name="Result_Try_WithException_ShouldReturnFailure" />
    </UnitTest>
    <UnitTest name="ManagedCode.Communication.Tests.ResultExtensionsTests.Tap_WithSuccessResult_ShouldExecuteAction" storage="/home/runner/work/communication/communication/managedcode.communication.tests/bin/release/net9.0/managedcode.communication.tests.dll" id="0b94c3b1-6583-79b8-f011-5229f57a9249">
      <Execution id="e1f4b9a5-9711-4d50-b3f9-6ba3c346fddf" />
      <TestMethod codeBase="/home/runner/work/Communication/Communication/ManagedCode.Communication.Tests/bin/Release/net9.0/ManagedCode.Communication.Tests.dll" adapterTypeName="executor://xunit/VsTestRunner3/netcore/" className="ManagedCode.Communication.Tests.ResultExtensionsTests" name="Tap_WithSuccessResult_ShouldExecuteAction" />
    </UnitTest>
    <UnitTest name="ManagedCode.Communication.Tests.Results.ResultFailMethodsTests.Result_Fail_WithVariousStatusCodes_ShouldSetCorrectStatusCode(statusCode: Unauthorized, expectedCode: 401)" storage="/home/runner/work/communication/communication/managedcode.communication.tests/bin/release/net9.0/managedcode.communication.tests.dll" id="794b71ec-85d9-cfea-3ecb-4593b036b3be">
      <Execution id="6d90332f-c9f2-4387-a765-95d785f541e8" />
      <TestMethod codeBase="/home/runner/work/Communication/Communication/ManagedCode.Communication.Tests/bin/Release/net9.0/ManagedCode.Communication.Tests.dll" adapterTypeName="executor://xunit/VsTestRunner3/netcore/" className="ManagedCode.Communication.Tests.Results.ResultFailMethodsTests" name="Result_Fail_WithVariousStatusCodes_ShouldSetCorrectStatusCode" />
    </UnitTest>
    <UnitTest name="ManagedCode.Communication.Tests.Extensions.HttpResponseExtensionTests.FromRequestToResult_CreatedStatusCode_ReturnsSuccessResult" storage="/home/runner/work/communication/communication/managedcode.communication.tests/bin/release/net9.0/managedcode.communication.tests.dll" id="5f4a1235-e961-3153-b47b-89c12ab81383">
      <Execution id="f5194dd7-2252-4bdd-a8b3-bc07257be1d7" />
      <TestMethod codeBase="/home/runner/work/Communication/Communication/ManagedCode.Communication.Tests/bin/Release/net9.0/ManagedCode.Communication.Tests.dll" adapterTypeName="executor://xunit/VsTestRunner3/netcore/" className="ManagedCode.Communication.Tests.Extensions.HttpResponseExtensionTests" name="FromRequestToResult_CreatedStatusCode_ReturnsSuccessResult" />
    </UnitTest>
    <UnitTest name="ManagedCode.Communication.Tests.Results.ResultFailMethodsTests.Result_Fail_WithTitleAndDetail_ShouldCreateFailedResultWithDefaultStatus" storage="/home/runner/work/communication/communication/managedcode.communication.tests/bin/release/net9.0/managedcode.communication.tests.dll" id="bc434b75-bdc7-4498-0cdc-a7a24b7bcef3">
      <Execution id="81e9d875-a205-4fd5-ba2b-29191e682207" />
      <TestMethod codeBase="/home/runner/work/Communication/Communication/ManagedCode.Communication.Tests/bin/Release/net9.0/ManagedCode.Communication.Tests.dll" adapterTypeName="executor://xunit/VsTestRunner3/netcore/" className="ManagedCode.Communication.Tests.Results.ResultFailMethodsTests" name="Result_Fail_WithTitleAndDetail_ShouldCreateFailedResultWithDefaultStatus" />
    </UnitTest>
    <UnitTest name="ManagedCode.Communication.Tests.Serialization.ProblemJsonConverterTests.Deserialize_ProblemWithErrorCode_RestoresErrorCode" storage="/home/runner/work/communication/communication/managedcode.communication.tests/bin/release/net9.0/managedcode.communication.tests.dll" id="c87e7c49-a9bb-bbb6-248d-9575e1eed4b4">
      <Execution id="5fb2adad-950b-40ce-947a-b5b531811ac4" />
      <TestMethod codeBase="/home/runner/work/Communication/Communication/ManagedCode.Communication.Tests/bin/Release/net9.0/ManagedCode.Communication.Tests.dll" adapterTypeName="executor://xunit/VsTestRunner3/netcore/" className="ManagedCode.Communication.Tests.Serialization.ProblemJsonConverterTests" name="Deserialize_ProblemWithErrorCode_RestoresErrorCode" />
    </UnitTest>
    <UnitTest name="ManagedCode.Communication.Tests.Extensions.HttpResponseExtensionTests.FromRequestToResult_VariousErrorCodes_ReturnsFailedResult(statusCode: Unauthorized)" storage="/home/runner/work/communication/communication/managedcode.communication.tests/bin/release/net9.0/managedcode.communication.tests.dll" id="b974d079-f8c7-696e-01c3-ee20cd989857">
      <Execution id="fe857779-cc09-4565-8583-9c746b1c9c3e" />
      <TestMethod codeBase="/home/runner/work/Communication/Communication/ManagedCode.Communication.Tests/bin/Release/net9.0/ManagedCode.Communication.Tests.dll" adapterTypeName="executor://xunit/VsTestRunner3/netcore/" className="ManagedCode.Communication.Tests.Extensions.HttpResponseExtensionTests" name="FromRequestToResult_VariousErrorCodes_ReturnsFailedResult" />
    </UnitTest>
    <UnitTest name="ManagedCode.Communication.Tests.Extensions.RailwayExtensionsTests.Bind_SuccessfulResult_ExecutesNext" storage="/home/runner/work/communication/communication/managedcode.communication.tests/bin/release/net9.0/managedcode.communication.tests.dll" id="c20609f4-6a70-6c55-75bb-083e12c37fc9">
      <Execution id="24a6a6b3-a979-40a5-adf1-15332c556f3c" />
      <TestMethod codeBase="/home/runner/work/Communication/Communication/ManagedCode.Communication.Tests/bin/Release/net9.0/ManagedCode.Communication.Tests.dll" adapterTypeName="executor://xunit/VsTestRunner3/netcore/" className="ManagedCode.Communication.Tests.Extensions.RailwayExtensionsTests" name="Bind_SuccessfulResult_ExecutesNext" />
    </UnitTest>
    <UnitTest name="ManagedCode.Communication.Tests.CollectionResults.CollectionResultFromMethodsTests.From_FuncReturningLinqQuery_ShouldCreateSuccessResult" storage="/home/runner/work/communication/communication/managedcode.communication.tests/bin/release/net9.0/managedcode.communication.tests.dll" id="c13a92d4-2ab4-786d-c78f-fbc74a9bc6bf">
      <Execution id="e1a07bb0-7124-47da-a407-a93fe0b5e4c5" />
      <TestMethod codeBase="/home/runner/work/Communication/Communication/ManagedCode.Communication.Tests/bin/Release/net9.0/ManagedCode.Communication.Tests.dll" adapterTypeName="executor://xunit/VsTestRunner3/netcore/" className="ManagedCode.Communication.Tests.CollectionResults.CollectionResultFromMethodsTests" name="From_FuncReturningLinqQuery_ShouldCreateSuccessResult" />
    </UnitTest>
    <UnitTest name="ManagedCode.Communication.Tests.Results.ResultTFailMethodsTests.ResultT_Fail_WithVariousStatusCodes_ShouldSetCorrectStatusCode(statusCode: InternalServerError, expectedCode: 500)" storage="/home/runner/work/communication/communication/managedcode.communication.tests/bin/release/net9.0/managedcode.communication.tests.dll" id="22cdaf43-d8ea-278c-4cc0-7325a65fa6f1">
      <Execution id="3b3f7220-0402-439a-b8d8-d9e32d0bfc70" />
      <TestMethod codeBase="/home/runner/work/Communication/Communication/ManagedCode.Communication.Tests/bin/Release/net9.0/ManagedCode.Communication.Tests.dll" adapterTypeName="executor://xunit/VsTestRunner3/netcore/" className="ManagedCode.Communication.Tests.Results.ResultTFailMethodsTests" name="ResultT_Fail_WithVariousStatusCodes_ShouldSetCorrectStatusCode" />
    </UnitTest>
    <UnitTest name="ManagedCode.Communication.Tests.Results.ProblemExceptionTests.Constructor_WithProblemExtensions_ShouldPopulateData" storage="/home/runner/work/communication/communication/managedcode.communication.tests/bin/release/net9.0/managedcode.communication.tests.dll" id="1ab63018-a64d-cabf-0b10-e57cb940fb84">
      <Execution id="af22f99b-3ca9-476d-b253-c7d7000911b4" />
      <TestMethod codeBase="/home/runner/work/Communication/Communication/ManagedCode.Communication.Tests/bin/Release/net9.0/ManagedCode.Communication.Tests.dll" adapterTypeName="executor://xunit/VsTestRunner3/netcore/" className="ManagedCode.Communication.Tests.Results.ProblemExceptionTests" name="Constructor_WithProblemExtensions_ShouldPopulateData" />
    </UnitTest>
    <UnitTest name="ManagedCode.Communication.Tests.Serialization.SerializationTests.RoundTrip_PreservesAllData" storage="/home/runner/work/communication/communication/managedcode.communication.tests/bin/release/net9.0/managedcode.communication.tests.dll" id="a52cb0c6-bb59-1170-7a7a-076e1cd628c6">
      <Execution id="b9209366-702d-4ee9-b5c0-1fdbfe9ff0db" />
      <TestMethod codeBase="/home/runner/work/Communication/Communication/ManagedCode.Communication.Tests/bin/Release/net9.0/ManagedCode.Communication.Tests.dll" adapterTypeName="executor://xunit/VsTestRunner3/netcore/" className="ManagedCode.Communication.Tests.Serialization.SerializationTests" name="RoundTrip_PreservesAllData" />
    </UnitTest>
    <UnitTest name="ManagedCode.Communication.Tests.Extensions.ProblemExtensionsTests.ToFailedResult_FromProblem_ShouldCreateFailedResult" storage="/home/runner/work/communication/communication/managedcode.communication.tests/bin/release/net9.0/managedcode.communication.tests.dll" id="4ca8e0f8-7886-5585-ed9e-dd4413882552">
      <Execution id="f8e50979-bbd7-44b9-9991-d7b78f97bd33" />
      <TestMethod codeBase="/home/runner/work/Communication/Communication/ManagedCode.Communication.Tests/bin/Release/net9.0/ManagedCode.Communication.Tests.dll" adapterTypeName="executor://xunit/VsTestRunner3/netcore/" className="ManagedCode.Communication.Tests.Extensions.ProblemExtensionsTests" name="ToFailedResult_FromProblem_ShouldCreateFailedResult" />
    </UnitTest>
    <UnitTest name="ManagedCode.Communication.Tests.Results.ResultStaticHelperMethodsTests.Result_FailUnauthorizedT_WithDetail_ShouldCreateUnauthorizedResultTWithCustomDetail" storage="/home/runner/work/communication/communication/managedcode.communication.tests/bin/release/net9.0/managedcode.communication.tests.dll" id="b7d0d978-6fd2-9721-9776-d435fa619ea2">
      <Execution id="aa10ed49-8d87-4819-892b-c68781ca9f35" />
      <TestMethod codeBase="/home/runner/work/Communication/Communication/ManagedCode.Communication.Tests/bin/Release/net9.0/ManagedCode.Communication.Tests.dll" adapterTypeName="executor://xunit/VsTestRunner3/netcore/" className="ManagedCode.Communication.Tests.Results.ResultStaticHelperMethodsTests" name="Result_FailUnauthorizedT_WithDetail_ShouldCreateUnauthorizedResultTWithCustomDetail" />
    </UnitTest>
    <UnitTest name="ManagedCode.Communication.Tests.CollectionResults.CollectionResultFromMethodsTests.From_FuncWithSideEffects_ShouldExecuteOnce" storage="/home/runner/work/communication/communication/managedcode.communication.tests/bin/release/net9.0/managedcode.communication.tests.dll" id="de19ba09-da48-16a7-e578-ccf66f701e6a">
      <Execution id="99d00d7d-58ae-4d41-94a8-8b2d40beb418" />
      <TestMethod codeBase="/home/runner/work/Communication/Communication/ManagedCode.Communication.Tests/bin/Release/net9.0/ManagedCode.Communication.Tests.dll" adapterTypeName="executor://xunit/VsTestRunner3/netcore/" className="ManagedCode.Communication.Tests.CollectionResults.CollectionResultFromMethodsTests" name="From_FuncWithSideEffects_ShouldExecuteOnce" />
    </UnitTest>
    <UnitTest name="ManagedCode.Communication.Tests.ResultExtensionsTests.TapAsync_WithSuccessResult_ShouldExecuteAsyncAction" storage="/home/runner/work/communication/communication/managedcode.communication.tests/bin/release/net9.0/managedcode.communication.tests.dll" id="311b6c3e-cccf-4b30-e7f9-449c9ecff942">
      <Execution id="b2e00495-c40a-4380-8904-f943449e492c" />
      <TestMethod codeBase="/home/runner/work/Communication/Communication/ManagedCode.Communication.Tests/bin/Release/net9.0/ManagedCode.Communication.Tests.dll" adapterTypeName="executor://xunit/VsTestRunner3/netcore/" className="ManagedCode.Communication.Tests.ResultExtensionsTests" name="TapAsync_WithSuccessResult_ShouldExecuteAsyncAction" />
    </UnitTest>
    <UnitTest name="ManagedCode.Communication.Tests.Results.ResultInvalidMethodsTests.Result_Invalid_WithDictionary_ShouldCreateValidationResultWithMultipleFields" storage="/home/runner/work/communication/communication/managedcode.communication.tests/bin/release/net9.0/managedcode.communication.tests.dll" id="92a7db28-441b-b8fe-c790-8f59b23e56ea">
      <Execution id="21fe52ef-8e4b-45b8-8093-88efbfb5747d" />
      <TestMethod codeBase="/home/runner/work/Communication/Communication/ManagedCode.Communication.Tests/bin/Release/net9.0/ManagedCode.Communication.Tests.dll" adapterTypeName="executor://xunit/VsTestRunner3/netcore/" className="ManagedCode.Communication.Tests.Results.ResultInvalidMethodsTests" name="Result_Invalid_WithDictionary_ShouldCreateValidationResultWithMultipleFields" />
    </UnitTest>
    <UnitTest name="ManagedCode.Communication.Tests.Extensions.AdvancedRailwayExtensionsTests.FailIf_WithTrueCondition_FailsResult" storage="/home/runner/work/communication/communication/managedcode.communication.tests/bin/release/net9.0/managedcode.communication.tests.dll" id="c9358ee1-e8d6-bb75-63be-5bcf05b8756e">
      <Execution id="0b00b2db-14cb-4488-8ff9-0e933ffe5d06" />
      <TestMethod codeBase="/home/runner/work/Communication/Communication/ManagedCode.Communication.Tests/bin/Release/net9.0/ManagedCode.Communication.Tests.dll" adapterTypeName="executor://xunit/VsTestRunner3/netcore/" className="ManagedCode.Communication.Tests.Extensions.AdvancedRailwayExtensionsTests" name="FailIf_WithTrueCondition_FailsResult" />
    </UnitTest>
    <UnitTest name="ManagedCode.Communication.Tests.Extensions.RailwayExtensionsTests.BindAsync_SuccessfulResult_ExecutesNext" storage="/home/runner/work/communication/communication/managedcode.communication.tests/bin/release/net9.0/managedcode.communication.tests.dll" id="6e55e433-431e-430f-5946-55a9c6e99a57">
      <Execution id="e6ea0c46-5b96-4410-a546-a8efc979359b" />
      <TestMethod codeBase="/home/runner/work/Communication/Communication/ManagedCode.Communication.Tests/bin/Release/net9.0/ManagedCode.Communication.Tests.dll" adapterTypeName="executor://xunit/VsTestRunner3/netcore/" className="ManagedCode.Communication.Tests.Extensions.RailwayExtensionsTests" name="BindAsync_SuccessfulResult_ExecutesNext" />
    </UnitTest>
    <UnitTest name="ManagedCode.Communication.Tests.Results.RailwayOrientedProgrammingTests.Map_ChainedOperations_ShouldWork" storage="/home/runner/work/communication/communication/managedcode.communication.tests/bin/release/net9.0/managedcode.communication.tests.dll" id="ba73bcf1-6486-473f-ebfb-50eecaf57a0c">
      <Execution id="97f623f5-bdd1-4e45-a6c4-de6a63ce0819" />
      <TestMethod codeBase="/home/runner/work/Communication/Communication/ManagedCode.Communication.Tests/bin/Release/net9.0/ManagedCode.Communication.Tests.dll" adapterTypeName="executor://xunit/VsTestRunner3/netcore/" className="ManagedCode.Communication.Tests.Results.RailwayOrientedProgrammingTests" name="Map_ChainedOperations_ShouldWork" />
    </UnitTest>
    <UnitTest name="ManagedCode.Communication.Tests.Extensions.HttpResponseExtensionTests.FromRequestToResult_VariousSuccessCodes_ReturnsSuccessResult(statusCode: Created)" storage="/home/runner/work/communication/communication/managedcode.communication.tests/bin/release/net9.0/managedcode.communication.tests.dll" id="fac5a5a6-3df3-1003-499e-8b36ce0df94d">
      <Execution id="064b3c16-3b28-47cd-9244-c6a1436ec61b" />
      <TestMethod codeBase="/home/runner/work/Communication/Communication/ManagedCode.Communication.Tests/bin/Release/net9.0/ManagedCode.Communication.Tests.dll" adapterTypeName="executor://xunit/VsTestRunner3/netcore/" className="ManagedCode.Communication.Tests.Extensions.HttpResponseExtensionTests" name="FromRequestToResult_VariousSuccessCodes_ReturnsSuccessResult" />
    </UnitTest>
    <UnitTest name="ManagedCode.Communication.Tests.Results.ProblemCreationExtensionsTests.ToException_PreservesAllProblemDetails" storage="/home/runner/work/communication/communication/managedcode.communication.tests/bin/release/net9.0/managedcode.communication.tests.dll" id="bf056b60-1220-93fe-f132-4710dd020797">
      <Execution id="1ffae8b2-3293-40d1-8b7a-6361d23fc180" />
      <TestMethod codeBase="/home/runner/work/Communication/Communication/ManagedCode.Communication.Tests/bin/Release/net9.0/ManagedCode.Communication.Tests.dll" adapterTypeName="executor://xunit/VsTestRunner3/netcore/" className="ManagedCode.Communication.Tests.Results.ProblemCreationExtensionsTests" name="ToException_PreservesAllProblemDetails" />
    </UnitTest>
    <UnitTest name="ManagedCode.Communication.Tests.Results.ResultStaticHelperMethodsTests.Result_FailT_WithMessage_ShouldCreateFailedResultTWithProblem" storage="/home/runner/work/communication/communication/managedcode.communication.tests/bin/release/net9.0/managedcode.communication.tests.dll" id="bb5bca1a-3a3d-1d7d-5495-30c05c394e48">
      <Execution id="f95d0181-a852-402d-93af-8ee2eddeb25c" />
      <TestMethod codeBase="/home/runner/work/Communication/Communication/ManagedCode.Communication.Tests/bin/Release/net9.0/ManagedCode.Communication.Tests.dll" adapterTypeName="executor://xunit/VsTestRunner3/netcore/" className="ManagedCode.Communication.Tests.Results.ResultStaticHelperMethodsTests" name="Result_FailT_WithMessage_ShouldCreateFailedResultTWithProblem" />
    </UnitTest>
    <UnitTest name="ManagedCode.Communication.Tests.Extensions.RailwayExtensionsTests.Bind_ResultToResultT_SuccessfulChain" storage="/home/runner/work/communication/communication/managedcode.communication.tests/bin/release/net9.0/managedcode.communication.tests.dll" id="25af1c0f-9922-9a6a-e81e-c2ad6e330e49">
      <Execution id="0f9d4737-9db4-4850-b21b-c9ed8bde5707" />
      <TestMethod codeBase="/home/runner/work/Communication/Communication/ManagedCode.Communication.Tests/bin/Release/net9.0/ManagedCode.Communication.Tests.dll" adapterTypeName="executor://xunit/VsTestRunner3/netcore/" className="ManagedCode.Communication.Tests.Extensions.RailwayExtensionsTests" name="Bind_ResultToResultT_SuccessfulChain" />
    </UnitTest>
    <UnitTest name="ManagedCode.Communication.Tests.Extensions.ResultConversionExtensionsTests.AsResult_InfersTypeFromValue" storage="/home/runner/work/communication/communication/managedcode.communication.tests/bin/release/net9.0/managedcode.communication.tests.dll" id="2e2fba21-e57a-bf8c-9794-7565ebcbea78">
      <Execution id="dbd85360-ecd4-4217-b941-f073a8e1d625" />
      <TestMethod codeBase="/home/runner/work/Communication/Communication/ManagedCode.Communication.Tests/bin/Release/net9.0/ManagedCode.Communication.Tests.dll" adapterTypeName="executor://xunit/VsTestRunner3/netcore/" className="ManagedCode.Communication.Tests.Extensions.ResultConversionExtensionsTests" name="AsResult_InfersTypeFromValue" />
    </UnitTest>
    <UnitTest name="ManagedCode.Communication.Tests.Extensions.RailwayExtensionsTests.Tap_SuccessfulResultT_ExecutesActionWithValue" storage="/home/runner/work/communication/communication/managedcode.communication.tests/bin/release/net9.0/managedcode.communication.tests.dll" id="cb7fb629-ff05-f9fd-40f3-26fe636dd5c1">
      <Execution id="8e143e03-3c9e-45cd-9d96-aab8feb38794" />
      <TestMethod codeBase="/home/runner/work/Communication/Communication/ManagedCode.Communication.Tests/bin/Release/net9.0/ManagedCode.Communication.Tests.dll" adapterTypeName="executor://xunit/VsTestRunner3/netcore/" className="ManagedCode.Communication.Tests.Extensions.RailwayExtensionsTests" name="Tap_SuccessfulResultT_ExecutesActionWithValue" />
    </UnitTest>
    <UnitTest name="ManagedCode.Communication.Tests.Extensions.AdvancedRailwayExtensionsTests.Where_WithMatchingPredicate_ReturnsSuccess" storage="/home/runner/work/communication/communication/managedcode.communication.tests/bin/release/net9.0/managedcode.communication.tests.dll" id="5e6eaeac-789b-c31a-2d06-a6b7c6009b63">
      <Execution id="814dc6be-e891-4e39-839b-ae1bd249ff14" />
      <TestMethod codeBase="/home/runner/work/Communication/Communication/ManagedCode.Communication.Tests/bin/Release/net9.0/ManagedCode.Communication.Tests.dll" adapterTypeName="executor://xunit/VsTestRunner3/netcore/" className="ManagedCode.Communication.Tests.Extensions.AdvancedRailwayExtensionsTests" name="Where_WithMatchingPredicate_ReturnsSuccess" />
    </UnitTest>
    <UnitTest name="ManagedCode.Communication.Tests.Extensions.RailwayExtensionsTests.Tap_FailedResult_DoesNotExecuteAction" storage="/home/runner/work/communication/communication/managedcode.communication.tests/bin/release/net9.0/managedcode.communication.tests.dll" id="5afc63d3-e6c2-fa08-2064-5b3b85269a6c">
      <Execution id="18f2a132-2d1e-4905-8251-98d0abdd0eab" />
      <TestMethod codeBase="/home/runner/work/Communication/Communication/ManagedCode.Communication.Tests/bin/Release/net9.0/ManagedCode.Communication.Tests.dll" adapterTypeName="executor://xunit/VsTestRunner3/netcore/" className="ManagedCode.Communication.Tests.Extensions.RailwayExtensionsTests" name="Tap_FailedResult_DoesNotExecuteAction" />
    </UnitTest>
    <UnitTest name="ManagedCode.Communication.Tests.Results.ResultInvalidMethodsTests.Invalid_WithEmptyDictionary_ShouldCreateValidationResultWithoutErrors" storage="/home/runner/work/communication/communication/managedcode.communication.tests/bin/release/net9.0/managedcode.communication.tests.dll" id="c574a1e3-8952-ce45-2c0e-dc14f4ee4afc">
      <Execution id="308d01a0-ff30-452e-8449-0dc296216a39" />
      <TestMethod codeBase="/home/runner/work/Communication/Communication/ManagedCode.Communication.Tests/bin/Release/net9.0/ManagedCode.Communication.Tests.dll" adapterTypeName="executor://xunit/VsTestRunner3/netcore/" className="ManagedCode.Communication.Tests.Results.ResultInvalidMethodsTests" name="Invalid_WithEmptyDictionary_ShouldCreateValidationResultWithoutErrors" />
    </UnitTest>
    <UnitTest name="ManagedCode.Communication.Tests.Results.ResultInvalidMethodsTests.ResultT_Invalid_WithoutParameters_ShouldCreateValidationResult" storage="/home/runner/work/communication/communication/managedcode.communication.tests/bin/release/net9.0/managedcode.communication.tests.dll" id="09e23c6d-513f-3f21-c4c1-44bb3aa0bfe8">
      <Execution id="abcee6f7-d11b-4eea-a382-bbad17a571b6" />
      <TestMethod codeBase="/home/runner/work/Communication/Communication/ManagedCode.Communication.Tests/bin/Release/net9.0/ManagedCode.Communication.Tests.dll" adapterTypeName="executor://xunit/VsTestRunner3/netcore/" className="ManagedCode.Communication.Tests.Results.ResultInvalidMethodsTests" name="ResultT_Invalid_WithoutParameters_ShouldCreateValidationResult" />
    </UnitTest>
    <UnitTest name="ManagedCode.Communication.Tests.ProblemTests.ProblemCreateMethodsTests.Problem_Create_WithEnumDetailAndStatusCode_ShouldCreateProblemWithCustomDetail" storage="/home/runner/work/communication/communication/managedcode.communication.tests/bin/release/net9.0/managedcode.communication.tests.dll" id="976bb755-951a-abad-a6b2-b4df05914837">
      <Execution id="91792fd1-7fee-452f-8421-3d7090ef35dd" />
      <TestMethod codeBase="/home/runner/work/Communication/Communication/ManagedCode.Communication.Tests/bin/Release/net9.0/ManagedCode.Communication.Tests.dll" adapterTypeName="executor://xunit/VsTestRunner3/netcore/" className="ManagedCode.Communication.Tests.ProblemTests.ProblemCreateMethodsTests" name="Problem_Create_WithEnumDetailAndStatusCode_ShouldCreateProblemWithCustomDetail" />
    </UnitTest>
    <UnitTest name="ManagedCode.Communication.Tests.AspNetCore.Extensions.ServiceCollectionExtensionsTests.Communication_Should_Handle_Failed_Result" storage="/home/runner/work/communication/communication/managedcode.communication.tests/bin/release/net9.0/managedcode.communication.tests.dll" id="c7ef02bf-2396-4de8-1185-78ff54ff8aab">
      <Execution id="32c3b494-3f9f-4bbc-91f6-8b978f221855" />
      <TestMethod codeBase="/home/runner/work/Communication/Communication/ManagedCode.Communication.Tests/bin/Release/net9.0/ManagedCode.Communication.Tests.dll" adapterTypeName="executor://xunit/VsTestRunner3/netcore/" className="ManagedCode.Communication.Tests.AspNetCore.Extensions.ServiceCollectionExtensionsTests" name="Communication_Should_Handle_Failed_Result" />
    </UnitTest>
    <UnitTest name="ManagedCode.Communication.Tests.Extensions.HttpResponseExtensionTests.FromJsonToResult_NullContent_WithErrorStatus_ReturnsFailedResult" storage="/home/runner/work/communication/communication/managedcode.communication.tests/bin/release/net9.0/managedcode.communication.tests.dll" id="99ad070e-072d-3189-a75d-1aa7c7eeb04e">
      <Execution id="ea215132-5c79-435e-b190-8d687fca41e1" />
      <TestMethod codeBase="/home/runner/work/Communication/Communication/ManagedCode.Communication.Tests/bin/Release/net9.0/ManagedCode.Communication.Tests.dll" adapterTypeName="executor://xunit/VsTestRunner3/netcore/" className="ManagedCode.Communication.Tests.Extensions.HttpResponseExtensionTests" name="FromJsonToResult_NullContent_WithErrorStatus_ReturnsFailedResult" />
    </UnitTest>
    <UnitTest name="ManagedCode.Communication.Tests.CollectionResults.CollectionResultFailMethodsTests.FailUnauthorized_NoParameters_ShouldCreateUnauthorizedResult" storage="/home/runner/work/communication/communication/managedcode.communication.tests/bin/release/net9.0/managedcode.communication.tests.dll" id="44068533-73ca-2e9c-89ae-ee196ec1d842">
      <Execution id="a68782d5-1acd-4ef9-a555-3cc3ad8bfa29" />
      <TestMethod codeBase="/home/runner/work/Communication/Communication/ManagedCode.Communication.Tests/bin/Release/net9.0/ManagedCode.Communication.Tests.dll" adapterTypeName="executor://xunit/VsTestRunner3/netcore/" className="ManagedCode.Communication.Tests.CollectionResults.CollectionResultFailMethodsTests" name="FailUnauthorized_NoParameters_ShouldCreateUnauthorizedResult" />
    </UnitTest>
    <UnitTest name="ManagedCode.Communication.Tests.Results.ResultHelperMethodsTests.Result_TryGetProblem_WithSuccess_ShouldReturnFalse" storage="/home/runner/work/communication/communication/managedcode.communication.tests/bin/release/net9.0/managedcode.communication.tests.dll" id="02753c94-b31f-c479-f18b-db6bd8bba437">
      <Execution id="758bf172-ef08-4188-8790-513c41dc190b" />
      <TestMethod codeBase="/home/runner/work/Communication/Communication/ManagedCode.Communication.Tests/bin/Release/net9.0/ManagedCode.Communication.Tests.dll" adapterTypeName="executor://xunit/VsTestRunner3/netcore/" className="ManagedCode.Communication.Tests.Results.ResultHelperMethodsTests" name="Result_TryGetProblem_WithSuccess_ShouldReturnFalse" />
    </UnitTest>
    <UnitTest name="ManagedCode.Communication.Tests.CollectionResults.CollectionResultFromMethodsTests.From_TaskReturningEnumerable_ShouldCreateSuccessResult" storage="/home/runner/work/communication/communication/managedcode.communication.tests/bin/release/net9.0/managedcode.communication.tests.dll" id="5f864fdf-439e-2f82-1d4d-33966957f6d6">
      <Execution id="5c5b5a13-768d-4893-b476-6185a4673aad" />
      <TestMethod codeBase="/home/runner/work/Communication/Communication/ManagedCode.Communication.Tests/bin/Release/net9.0/ManagedCode.Communication.Tests.dll" adapterTypeName="executor://xunit/VsTestRunner3/netcore/" className="ManagedCode.Communication.Tests.CollectionResults.CollectionResultFromMethodsTests" name="From_TaskReturningEnumerable_ShouldCreateSuccessResult" />
    </UnitTest>
    <UnitTest name="ManagedCode.Communication.Tests.Results.ResultHelperMethodsTests.Result_Fail_WithHttpStatusCode_ShouldCreateFailedResult" storage="/home/runner/work/communication/communication/managedcode.communication.tests/bin/release/net9.0/managedcode.communication.tests.dll" id="49adad49-3c64-2145-0e11-a2cf215140e6">
      <Execution id="75a514d2-c49b-45c5-807f-2faa3b304b3c" />
      <TestMethod codeBase="/home/runner/work/Communication/Communication/ManagedCode.Communication.Tests/bin/Release/net9.0/ManagedCode.Communication.Tests.dll" adapterTypeName="executor://xunit/VsTestRunner3/netcore/" className="ManagedCode.Communication.Tests.Results.ResultHelperMethodsTests" name="Result_Fail_WithHttpStatusCode_ShouldCreateFailedResult" />
    </UnitTest>
    <UnitTest name="ManagedCode.Communication.Tests.Results.ProblemExceptionTests.Constructor_AllDataFieldsShouldUseNameof" storage="/home/runner/work/communication/communication/managedcode.communication.tests/bin/release/net9.0/managedcode.communication.tests.dll" id="31013b84-c240-3047-b7e6-518c431f1e71">
      <Execution id="22310356-4b23-46d2-a49a-c4c0b2038ff1" />
      <TestMethod codeBase="/home/runner/work/Communication/Communication/ManagedCode.Communication.Tests/bin/Release/net9.0/ManagedCode.Communication.Tests.dll" adapterTypeName="executor://xunit/VsTestRunner3/netcore/" className="ManagedCode.Communication.Tests.Results.ProblemExceptionTests" name="Constructor_AllDataFieldsShouldUseNameof" />
    </UnitTest>
    <UnitTest name="ManagedCode.Communication.Tests.Results.ResultInvalidMethodsTests.Result_InvalidT_WithKeyValue_ShouldCreateValidationResultWithCustomField" storage="/home/runner/work/communication/communication/managedcode.communication.tests/bin/release/net9.0/managedcode.communication.tests.dll" id="1868671e-db4e-df1a-0576-e50eea4adffe">
      <Execution id="ef11e20b-bbcb-497c-ba8c-a0dfbef5e542" />
      <TestMethod codeBase="/home/runner/work/Communication/Communication/ManagedCode.Communication.Tests/bin/Release/net9.0/ManagedCode.Communication.Tests.dll" adapterTypeName="executor://xunit/VsTestRunner3/netcore/" className="ManagedCode.Communication.Tests.Results.ResultInvalidMethodsTests" name="Result_InvalidT_WithKeyValue_ShouldCreateValidationResultWithCustomField" />
    </UnitTest>
    <UnitTest name="ManagedCode.Communication.Tests.Results.ResultHelperMethodsTests.ResultT_Fail_WithHttpStatusCode_ShouldCreateFailedResult" storage="/home/runner/work/communication/communication/managedcode.communication.tests/bin/release/net9.0/managedcode.communication.tests.dll" id="acf696fa-e204-77f6-6bda-5cee35a844ca">
      <Execution id="bb1522de-6119-40bc-aaa1-137baf6a4cdd" />
      <TestMethod codeBase="/home/runner/work/Communication/Communication/ManagedCode.Communication.Tests/bin/Release/net9.0/ManagedCode.Communication.Tests.dll" adapterTypeName="executor://xunit/VsTestRunner3/netcore/" className="ManagedCode.Communication.Tests.Results.ResultHelperMethodsTests" name="ResultT_Fail_WithHttpStatusCode_ShouldCreateFailedResult" />
    </UnitTest>
    <UnitTest name="ManagedCode.Communication.Tests.Results.ResultHelperMethodsTests.Result_From_WithException_ShouldReturnFailure" storage="/home/runner/work/communication/communication/managedcode.communication.tests/bin/release/net9.0/managedcode.communication.tests.dll" id="209cac5e-e8da-6f36-97c4-1242230c6ca0">
      <Execution id="1461f897-aff1-4311-9a74-e4237f949794" />
      <TestMethod codeBase="/home/runner/work/Communication/Communication/ManagedCode.Communication.Tests/bin/Release/net9.0/ManagedCode.Communication.Tests.dll" adapterTypeName="executor://xunit/VsTestRunner3/netcore/" className="ManagedCode.Communication.Tests.Results.ResultHelperMethodsTests" name="Result_From_WithException_ShouldReturnFailure" />
    </UnitTest>
    <UnitTest name="ManagedCode.Communication.Tests.Extensions.HttpResponseExtensionTests.FromRequestToResult_VariousSuccessCodes_ReturnsSuccessResult(statusCode: Accepted)" storage="/home/runner/work/communication/communication/managedcode.communication.tests/bin/release/net9.0/managedcode.communication.tests.dll" id="c85baa65-9c4c-9bde-b9a8-21453265b599">
      <Execution id="6c9f104d-f405-47b5-a211-27587a5ca330" />
      <TestMethod codeBase="/home/runner/work/Communication/Communication/ManagedCode.Communication.Tests/bin/Release/net9.0/ManagedCode.Communication.Tests.dll" adapterTypeName="executor://xunit/VsTestRunner3/netcore/" className="ManagedCode.Communication.Tests.Extensions.HttpResponseExtensionTests" name="FromRequestToResult_VariousSuccessCodes_ReturnsSuccessResult" />
    </UnitTest>
    <UnitTest name="ManagedCode.Communication.Tests.Results.ResultFailMethodsTests.Result_Fail_WithVariousStatusCodes_ShouldSetCorrectStatusCode(statusCode: NotFound, expectedCode: 404)" storage="/home/runner/work/communication/communication/managedcode.communication.tests/bin/release/net9.0/managedcode.communication.tests.dll" id="ffe8d566-a14b-2021-ecef-4e1da940c37f">
      <Execution id="41eb1065-4de1-4b64-a500-fdc236cd7f97" />
      <TestMethod codeBase="/home/runner/work/Communication/Communication/ManagedCode.Communication.Tests/bin/Release/net9.0/ManagedCode.Communication.Tests.dll" adapterTypeName="executor://xunit/VsTestRunner3/netcore/" className="ManagedCode.Communication.Tests.Results.ResultFailMethodsTests" name="Result_Fail_WithVariousStatusCodes_ShouldSetCorrectStatusCode" />
    </UnitTest>
    <UnitTest name="ManagedCode.Communication.Tests.AspNetCore.Extensions.ControllerExtensionsTests.ToActionResult_WithVariousStatusCodes_ReturnsCorrectStatusCode(statusCode: 401, title: &quot;Unauthorized&quot;)" storage="/home/runner/work/communication/communication/managedcode.communication.tests/bin/release/net9.0/managedcode.communication.tests.dll" id="88f0c0b5-dc4a-4133-b95e-5ff2d41cf758">
      <Execution id="6233f9dc-2d46-4315-971f-9b28668e0cf6" />
      <TestMethod codeBase="/home/runner/work/Communication/Communication/ManagedCode.Communication.Tests/bin/Release/net9.0/ManagedCode.Communication.Tests.dll" adapterTypeName="executor://xunit/VsTestRunner3/netcore/" className="ManagedCode.Communication.Tests.AspNetCore.Extensions.ControllerExtensionsTests" name="ToActionResult_WithVariousStatusCodes_ReturnsCorrectStatusCode" />
    </UnitTest>
    <UnitTest name="ManagedCode.Communication.Tests.CollectionResults.CollectionResultFailMethodsTests.Fail_WithEnumAndStatus_ShouldCreateFailedResultWithErrorCodeAndStatus" storage="/home/runner/work/communication/communication/managedcode.communication.tests/bin/release/net9.0/managedcode.communication.tests.dll" id="30c64cc6-6335-ca51-cb54-04f89cee0ed9">
      <Execution id="17f8922a-0209-4fc0-a256-eec952827168" />
      <TestMethod codeBase="/home/runner/work/Communication/Communication/ManagedCode.Communication.Tests/bin/Release/net9.0/ManagedCode.Communication.Tests.dll" adapterTypeName="executor://xunit/VsTestRunner3/netcore/" className="ManagedCode.Communication.Tests.CollectionResults.CollectionResultFailMethodsTests" name="Fail_WithEnumAndStatus_ShouldCreateFailedResultWithErrorCodeAndStatus" />
    </UnitTest>
    <UnitTest name="ManagedCode.Communication.Tests.Extensions.ProblemExtensionsTests.AddInvalidMessage_WithGeneralMessage_ShouldAddToGeneralErrors" storage="/home/runner/work/communication/communication/managedcode.communication.tests/bin/release/net9.0/managedcode.communication.tests.dll" id="08207ca9-c0ba-e0cc-e9e6-34d7f89fcf5e">
      <Execution id="de2eb64c-c7ce-46e6-a81f-33171daa6e2f" />
      <TestMethod codeBase="/home/runner/work/Communication/Communication/ManagedCode.Communication.Tests/bin/Release/net9.0/ManagedCode.Communication.Tests.dll" adapterTypeName="executor://xunit/VsTestRunner3/netcore/" className="ManagedCode.Communication.Tests.Extensions.ProblemExtensionsTests" name="AddInvalidMessage_WithGeneralMessage_ShouldAddToGeneralErrors" />
    </UnitTest>
    <UnitTest name="ManagedCode.Communication.Tests.Results.ResultTTests.Succeed_WithValue_ShouldCreateSuccessfulResult" storage="/home/runner/work/communication/communication/managedcode.communication.tests/bin/release/net9.0/managedcode.communication.tests.dll" id="0a693c83-039e-37ea-ca71-d6cb11cb39f0">
      <Execution id="33397afc-5807-4848-8eae-d0e6faf01f0a" />
      <TestMethod codeBase="/home/runner/work/Communication/Communication/ManagedCode.Communication.Tests/bin/Release/net9.0/ManagedCode.Communication.Tests.dll" adapterTypeName="executor://xunit/VsTestRunner3/netcore/" className="ManagedCode.Communication.Tests.Results.ResultTTests" name="Succeed_WithValue_ShouldCreateSuccessfulResult" />
    </UnitTest>
    <UnitTest name="ManagedCode.Communication.Tests.Results.ResultHelperMethodsTests.Result_Try_WithSuccessfulAction_ShouldReturnSuccess" storage="/home/runner/work/communication/communication/managedcode.communication.tests/bin/release/net9.0/managedcode.communication.tests.dll" id="fd36a05d-aabc-c319-396e-483787345ed9">
      <Execution id="3f5e71a8-0bb1-4b2d-a439-782edbb05bd0" />
      <TestMethod codeBase="/home/runner/work/Communication/Communication/ManagedCode.Communication.Tests/bin/Release/net9.0/ManagedCode.Communication.Tests.dll" adapterTypeName="executor://xunit/VsTestRunner3/netcore/" className="ManagedCode.Communication.Tests.Results.ResultHelperMethodsTests" name="Result_Try_WithSuccessfulAction_ShouldReturnSuccess" />
    </UnitTest>
    <UnitTest name="ManagedCode.Communication.Tests.OrleansTests.GrainClientTests.ValueTaskResultComplexObjectError" storage="/home/runner/work/communication/communication/managedcode.communication.tests/bin/release/net9.0/managedcode.communication.tests.dll" id="4329ce58-b589-cce3-e7e0-bf1e7069d301">
      <Execution id="face7d83-7858-4ada-a63e-a15ef8606388" />
      <TestMethod codeBase="/home/runner/work/Communication/Communication/ManagedCode.Communication.Tests/bin/Release/net9.0/ManagedCode.Communication.Tests.dll" adapterTypeName="executor://xunit/VsTestRunner3/netcore/" className="ManagedCode.Communication.Tests.OrleansTests.GrainClientTests" name="ValueTaskResultComplexObjectError" />
    </UnitTest>
    <UnitTest name="ManagedCode.Communication.Tests.Results.CollectionResultTests.ThrowIfFail_WithSuccessfulResult_ShouldNotThrow" storage="/home/runner/work/communication/communication/managedcode.communication.tests/bin/release/net9.0/managedcode.communication.tests.dll" id="e4515f41-6dc8-4e41-80f2-0b8ebbc1419c">
      <Execution id="6200d38e-88ef-419f-bbf9-09637280b8c8" />
      <TestMethod codeBase="/home/runner/work/Communication/Communication/ManagedCode.Communication.Tests/bin/Release/net9.0/ManagedCode.Communication.Tests.dll" adapterTypeName="executor://xunit/VsTestRunner3/netcore/" className="ManagedCode.Communication.Tests.Results.CollectionResultTests" name="ThrowIfFail_WithSuccessfulResult_ShouldNotThrow" />
    </UnitTest>
    <UnitTest name="ManagedCode.Communication.Tests.Serialization.ProblemJsonConverterTests.Serialize_ValidationProblem_IncludesValidationErrors" storage="/home/runner/work/communication/communication/managedcode.communication.tests/bin/release/net9.0/managedcode.communication.tests.dll" id="d3300c9e-5da3-cf6d-3ac1-7219738332c6">
      <Execution id="945fc28a-0f08-4fa7-8d36-4ccb5fefbec7" />
      <TestMethod codeBase="/home/runner/work/Communication/Communication/ManagedCode.Communication.Tests/bin/Release/net9.0/ManagedCode.Communication.Tests.dll" adapterTypeName="executor://xunit/VsTestRunner3/netcore/" className="ManagedCode.Communication.Tests.Serialization.ProblemJsonConverterTests" name="Serialize_ValidationProblem_IncludesValidationErrors" />
    </UnitTest>
    <UnitTest name="ManagedCode.Communication.Tests.ResultExtensionsTests.MatchAction_ShouldExecuteCorrectBranch" storage="/home/runner/work/communication/communication/managedcode.communication.tests/bin/release/net9.0/managedcode.communication.tests.dll" id="c22fbcae-e56f-74cd-4c5d-3486d7aca0e3">
      <Execution id="de69efd8-acd9-49df-be5f-ff8dd0d12434" />
      <TestMethod codeBase="/home/runner/work/Communication/Communication/ManagedCode.Communication.Tests/bin/Release/net9.0/ManagedCode.Communication.Tests.dll" adapterTypeName="executor://xunit/VsTestRunner3/netcore/" className="ManagedCode.Communication.Tests.ResultExtensionsTests" name="MatchAction_ShouldExecuteCorrectBranch" />
    </UnitTest>
    <UnitTest name="ManagedCode.Communication.Tests.CollectionResults.CollectionResultFailMethodsTests.FailForbidden_WithDetail_ShouldCreateForbiddenResultWithCustomDetail" storage="/home/runner/work/communication/communication/managedcode.communication.tests/bin/release/net9.0/managedcode.communication.tests.dll" id="d5e79021-8e56-47e1-e0da-836c7f362c97">
      <Execution id="21490192-5281-42fd-a2b1-599230448e32" />
      <TestMethod codeBase="/home/runner/work/Communication/Communication/ManagedCode.Communication.Tests/bin/Release/net9.0/ManagedCode.Communication.Tests.dll" adapterTypeName="executor://xunit/VsTestRunner3/netcore/" className="ManagedCode.Communication.Tests.CollectionResults.CollectionResultFailMethodsTests" name="FailForbidden_WithDetail_ShouldCreateForbiddenResultWithCustomDetail" />
    </UnitTest>
    <UnitTest name="ManagedCode.Communication.Tests.Serialization.SerializationTests.CollectionResult_WithItems_ShouldSerializeAndDeserialize" storage="/home/runner/work/communication/communication/managedcode.communication.tests/bin/release/net9.0/managedcode.communication.tests.dll" id="6307d0a3-f8ba-d60c-8894-56921f5aa92a">
      <Execution id="86b22679-39c6-49d0-8acc-287cb3983027" />
      <TestMethod codeBase="/home/runner/work/Communication/Communication/ManagedCode.Communication.Tests/bin/Release/net9.0/ManagedCode.Communication.Tests.dll" adapterTypeName="executor://xunit/VsTestRunner3/netcore/" className="ManagedCode.Communication.Tests.Serialization.SerializationTests" name="CollectionResult_WithItems_ShouldSerializeAndDeserialize" />
    </UnitTest>
    <UnitTest name="ManagedCode.Communication.Tests.Results.ResultFailMethodsTests.Result_FailValidation_WithSingleError_ShouldCreateValidationFailedResult" storage="/home/runner/work/communication/communication/managedcode.communication.tests/bin/release/net9.0/managedcode.communication.tests.dll" id="a1d0a451-dd40-52d3-2e4e-86926b2f8d79">
      <Execution id="5bdeda60-65e5-4689-92d8-1fa86017ce0c" />
      <TestMethod codeBase="/home/runner/work/Communication/Communication/ManagedCode.Communication.Tests/bin/Release/net9.0/ManagedCode.Communication.Tests.dll" adapterTypeName="executor://xunit/VsTestRunner3/netcore/" className="ManagedCode.Communication.Tests.Results.ResultFailMethodsTests" name="Result_FailValidation_WithSingleError_ShouldCreateValidationFailedResult" />
    </UnitTest>
    <UnitTest name="ManagedCode.Communication.Tests.Extensions.AdvancedRailwayExtensionsTests.SwitchFirst_WithMatchingCondition_ExecutesCorrectCase" storage="/home/runner/work/communication/communication/managedcode.communication.tests/bin/release/net9.0/managedcode.communication.tests.dll" id="992bdcd4-f166-3c57-0b74-60a21be4306a">
      <Execution id="64219d76-70f3-4ba1-ad01-1abb6cdbe8ac" />
      <TestMethod codeBase="/home/runner/work/Communication/Communication/ManagedCode.Communication.Tests/bin/Release/net9.0/ManagedCode.Communication.Tests.dll" adapterTypeName="executor://xunit/VsTestRunner3/netcore/" className="ManagedCode.Communication.Tests.Extensions.AdvancedRailwayExtensionsTests" name="SwitchFirst_WithMatchingCondition_ExecutesCorrectCase" />
    </UnitTest>
    <UnitTest name="ManagedCode.Communication.Tests.Results.ProblemToExceptionErrorTests.ToException_WithCustomExceptionWithoutDefaultConstructor_ShouldFallbackToProblemException" storage="/home/runner/work/communication/communication/managedcode.communication.tests/bin/release/net9.0/managedcode.communication.tests.dll" id="d60e2fbc-d537-5dc4-b314-edebe3b20a8b">
      <Execution id="9fc16ae8-8e63-4333-9ff4-fd13492b9fe4" />
      <TestMethod codeBase="/home/runner/work/Communication/Communication/ManagedCode.Communication.Tests/bin/Release/net9.0/ManagedCode.Communication.Tests.dll" adapterTypeName="executor://xunit/VsTestRunner3/netcore/" className="ManagedCode.Communication.Tests.Results.ProblemToExceptionErrorTests" name="ToException_WithCustomExceptionWithoutDefaultConstructor_ShouldFallbackToProblemException" />
    </UnitTest>
    <UnitTest name="ManagedCode.Communication.Tests.ProblemTests.ProblemCreateMethodsTests.Problem_Create_WithFlagsEnum_ShouldHandleCorrectly" storage="/home/runner/work/communication/communication/managedcode.communication.tests/bin/release/net9.0/managedcode.communication.tests.dll" id="c5101a70-e57e-8026-1c5c-7e3b4083afbc">
      <Execution id="af9e4b77-699e-461e-9c81-e011a29ab984" />
      <TestMethod codeBase="/home/runner/work/Communication/Communication/ManagedCode.Communication.Tests/bin/Release/net9.0/ManagedCode.Communication.Tests.dll" adapterTypeName="executor://xunit/VsTestRunner3/netcore/" className="ManagedCode.Communication.Tests.ProblemTests.ProblemCreateMethodsTests" name="Problem_Create_WithFlagsEnum_ShouldHandleCorrectly" />
    </UnitTest>
    <UnitTest name="ManagedCode.Communication.Tests.Extensions.RailwayExtensionsTests.Ensure_SuccessfulResultValidPredicate_RemainsSuccessful" storage="/home/runner/work/communication/communication/managedcode.communication.tests/bin/release/net9.0/managedcode.communication.tests.dll" id="f4bee914-5ce1-371a-8400-7e20f637c3a1">
      <Execution id="16a2d7c9-829a-45e3-b5e6-120f74a65239" />
      <TestMethod codeBase="/home/runner/work/Communication/Communication/ManagedCode.Communication.Tests/bin/Release/net9.0/ManagedCode.Communication.Tests.dll" adapterTypeName="executor://xunit/VsTestRunner3/netcore/" className="ManagedCode.Communication.Tests.Extensions.RailwayExtensionsTests" name="Ensure_SuccessfulResultValidPredicate_RemainsSuccessful" />
    </UnitTest>
    <UnitTest name="ManagedCode.Communication.Tests.Serialization.SerializationTests.ResultT_WithValue_ShouldSerializeAndDeserialize" storage="/home/runner/work/communication/communication/managedcode.communication.tests/bin/release/net9.0/managedcode.communication.tests.dll" id="9ad9e2f6-715d-ede9-5172-b09d4e9b5fa2">
      <Execution id="0a9ee7c3-4a70-4424-9387-4b1deae8c0e0" />
      <TestMethod codeBase="/home/runner/work/Communication/Communication/ManagedCode.Communication.Tests/bin/Release/net9.0/ManagedCode.Communication.Tests.dll" adapterTypeName="executor://xunit/VsTestRunner3/netcore/" className="ManagedCode.Communication.Tests.Serialization.SerializationTests" name="ResultT_WithValue_ShouldSerializeAndDeserialize" />
    </UnitTest>
    <UnitTest name="ManagedCode.Communication.Tests.Results.ResultHelperMethodsTests.ResultT_FailNotFound_ShouldCreateNotFoundResult" storage="/home/runner/work/communication/communication/managedcode.communication.tests/bin/release/net9.0/managedcode.communication.tests.dll" id="a37dbed6-65ed-3366-4c41-404cbdef850a">
      <Execution id="fbaede0d-8724-4b7b-987d-907f23ec3477" />
      <TestMethod codeBase="/home/runner/work/Communication/Communication/ManagedCode.Communication.Tests/bin/Release/net9.0/ManagedCode.Communication.Tests.dll" adapterTypeName="executor://xunit/VsTestRunner3/netcore/" className="ManagedCode.Communication.Tests.Results.ResultHelperMethodsTests" name="ResultT_FailNotFound_ShouldCreateNotFoundResult" />
    </UnitTest>
    <UnitTest name="ManagedCode.Communication.Tests.Results.ProblemCreationExtensionsTests.ToProblem_FromException_WithCustomStatusCode_ShouldUseProvidedStatusCode" storage="/home/runner/work/communication/communication/managedcode.communication.tests/bin/release/net9.0/managedcode.communication.tests.dll" id="f98516d9-cd8e-bb0e-7f2e-fb9a3743aba5">
      <Execution id="d829c27f-ed3a-4c24-a077-8c413d880543" />
      <TestMethod codeBase="/home/runner/work/Communication/Communication/ManagedCode.Communication.Tests/bin/Release/net9.0/ManagedCode.Communication.Tests.dll" adapterTypeName="executor://xunit/VsTestRunner3/netcore/" className="ManagedCode.Communication.Tests.Results.ProblemCreationExtensionsTests" name="ToProblem_FromException_WithCustomStatusCode_ShouldUseProvidedStatusCode" />
    </UnitTest>
    <UnitTest name="ManagedCode.Communication.Tests.Extensions.AdvancedRailwayExtensionsTests.Verify_WithFalseCondition_ReturnsFailureWithContext" storage="/home/runner/work/communication/communication/managedcode.communication.tests/bin/release/net9.0/managedcode.communication.tests.dll" id="c71b36f4-2b0a-4604-4f61-4b54cfbd9335">
      <Execution id="fbe15c15-c2c8-42e1-87f9-f387abadaf77" />
      <TestMethod codeBase="/home/runner/work/Communication/Communication/ManagedCode.Communication.Tests/bin/Release/net9.0/ManagedCode.Communication.Tests.dll" adapterTypeName="executor://xunit/VsTestRunner3/netcore/" className="ManagedCode.Communication.Tests.Extensions.AdvancedRailwayExtensionsTests" name="Verify_WithFalseCondition_ReturnsFailureWithContext" />
    </UnitTest>
    <UnitTest name="ManagedCode.Communication.Tests.Extensions.RailwayExtensionsTests.Finally_SuccessfulResult_ExecutesAction" storage="/home/runner/work/communication/communication/managedcode.communication.tests/bin/release/net9.0/managedcode.communication.tests.dll" id="f1930371-f29c-139f-41a8-607d158f22b6">
      <Execution id="a58db18a-646b-4c2d-8ed3-136ac2a69749" />
      <TestMethod codeBase="/home/runner/work/Communication/Communication/ManagedCode.Communication.Tests/bin/Release/net9.0/ManagedCode.Communication.Tests.dll" adapterTypeName="executor://xunit/VsTestRunner3/netcore/" className="ManagedCode.Communication.Tests.Extensions.RailwayExtensionsTests" name="Finally_SuccessfulResult_ExecutesAction" />
    </UnitTest>
    <UnitTest name="ManagedCode.Communication.Tests.Results.ResultTests.Fail_WithMessage_ShouldCreateFailedResult" storage="/home/runner/work/communication/communication/managedcode.communication.tests/bin/release/net9.0/managedcode.communication.tests.dll" id="8c079e0a-8bc0-4af0-dcf8-3d60635328e5">
      <Execution id="cbf3f13f-f2b2-4077-b0e9-20df2b52d410" />
      <TestMethod codeBase="/home/runner/work/Communication/Communication/ManagedCode.Communication.Tests/bin/Release/net9.0/ManagedCode.Communication.Tests.dll" adapterTypeName="executor://xunit/VsTestRunner3/netcore/" className="ManagedCode.Communication.Tests.Results.ResultTests" name="Fail_WithMessage_ShouldCreateFailedResult" />
    </UnitTest>
    <UnitTest name="ManagedCode.Communication.Tests.Results.ResultInvalidMethodsTests.Result_InvalidT_WithEnumAndDictionary_ShouldCreateValidationResultWithAllData" storage="/home/runner/work/communication/communication/managedcode.communication.tests/bin/release/net9.0/managedcode.communication.tests.dll" id="cab07736-a7f9-5cae-27f4-2374346d547f">
      <Execution id="cf04365a-d8a3-4c5a-ac51-d39b134d0c93" />
      <TestMethod codeBase="/home/runner/work/Communication/Communication/ManagedCode.Communication.Tests/bin/Release/net9.0/ManagedCode.Communication.Tests.dll" adapterTypeName="executor://xunit/VsTestRunner3/netcore/" className="ManagedCode.Communication.Tests.Results.ResultInvalidMethodsTests" name="Result_InvalidT_WithEnumAndDictionary_ShouldCreateValidationResultWithAllData" />
    </UnitTest>
    <UnitTest name="ManagedCode.Communication.Tests.Results.ResultTests.FailNotFound_ShouldCreateNotFoundResult" storage="/home/runner/work/communication/communication/managedcode.communication.tests/bin/release/net9.0/managedcode.communication.tests.dll" id="ae081732-51d9-8f75-bc33-d945304db80b">
      <Execution id="d50d42a2-3f50-48b2-9f0b-fcd5fca62e05" />
      <TestMethod codeBase="/home/runner/work/Communication/Communication/ManagedCode.Communication.Tests/bin/Release/net9.0/ManagedCode.Communication.Tests.dll" adapterTypeName="executor://xunit/VsTestRunner3/netcore/" className="ManagedCode.Communication.Tests.Results.ResultTests" name="FailNotFound_ShouldCreateNotFoundResult" />
    </UnitTest>
    <UnitTest name="ManagedCode.Communication.Tests.Extensions.AdvancedRailwayExtensionsTests.CompensateAsync_WithFailure_ExecutesAsyncRecovery" storage="/home/runner/work/communication/communication/managedcode.communication.tests/bin/release/net9.0/managedcode.communication.tests.dll" id="d331ef3f-7107-54ae-0c84-b5478edee8fe">
      <Execution id="aa80a23c-20dd-4fcd-bd2d-967c7a3c4964" />
      <TestMethod codeBase="/home/runner/work/Communication/Communication/ManagedCode.Communication.Tests/bin/Release/net9.0/ManagedCode.Communication.Tests.dll" adapterTypeName="executor://xunit/VsTestRunner3/netcore/" className="ManagedCode.Communication.Tests.Extensions.AdvancedRailwayExtensionsTests" name="CompensateAsync_WithFailure_ExecutesAsyncRecovery" />
    </UnitTest>
    <UnitTest name="ManagedCode.Communication.Tests.Extensions.AdvancedRailwayExtensionsTests.Then_WithSuccessfulResult_ExecutesNext" storage="/home/runner/work/communication/communication/managedcode.communication.tests/bin/release/net9.0/managedcode.communication.tests.dll" id="a5d3088b-70e8-8d65-c2ea-01e93fca7cdd">
      <Execution id="3aec63da-bc72-447f-9884-51cfd94e86d9" />
      <TestMethod codeBase="/home/runner/work/Communication/Communication/ManagedCode.Communication.Tests/bin/Release/net9.0/ManagedCode.Communication.Tests.dll" adapterTypeName="executor://xunit/VsTestRunner3/netcore/" className="ManagedCode.Communication.Tests.Extensions.AdvancedRailwayExtensionsTests" name="Then_WithSuccessfulResult_ExecutesNext" />
    </UnitTest>
    <UnitTest name="ManagedCode.Communication.Tests.CollectionResults.CollectionResultFromMethodsTests.From_GenericSuccessCollectionResult_ShouldReturnSuccessResult" storage="/home/runner/work/communication/communication/managedcode.communication.tests/bin/release/net9.0/managedcode.communication.tests.dll" id="1ee7f53c-e626-990a-6b17-a9a8097992ee">
      <Execution id="5bf4ae0a-9997-4f33-a5b1-2aa672635bbc" />
      <TestMethod codeBase="/home/runner/work/Communication/Communication/ManagedCode.Communication.Tests/bin/Release/net9.0/ManagedCode.Communication.Tests.dll" adapterTypeName="executor://xunit/VsTestRunner3/netcore/" className="ManagedCode.Communication.Tests.CollectionResults.CollectionResultFromMethodsTests" name="From_GenericSuccessCollectionResult_ShouldReturnSuccessResult" />
    </UnitTest>
    <UnitTest name="ManagedCode.Communication.Tests.Results.ProblemExceptionTests.FromProblem_ShouldCreateProblemException" storage="/home/runner/work/communication/communication/managedcode.communication.tests/bin/release/net9.0/managedcode.communication.tests.dll" id="9a6a7a50-e76a-4ed6-f132-a9079fc9826f">
      <Execution id="e51a491e-58cc-4a35-ab08-b2f6bf59d9c0" />
      <TestMethod codeBase="/home/runner/work/Communication/Communication/ManagedCode.Communication.Tests/bin/Release/net9.0/ManagedCode.Communication.Tests.dll" adapterTypeName="executor://xunit/VsTestRunner3/netcore/" className="ManagedCode.Communication.Tests.Results.ProblemExceptionTests" name="FromProblem_ShouldCreateProblemException" />
    </UnitTest>
    <UnitTest name="ManagedCode.Communication.Tests.Extensions.RailwayExtensionsTests.Match_SuccessfulResultT_ExecutesOnSuccessWithValue" storage="/home/runner/work/communication/communication/managedcode.communication.tests/bin/release/net9.0/managedcode.communication.tests.dll" id="4d90ca4e-121b-6a9a-c432-778d267caf79">
      <Execution id="ff19fc34-aec2-4f6a-89bf-a943abef6cd1" />
      <TestMethod codeBase="/home/runner/work/Communication/Communication/ManagedCode.Communication.Tests/bin/Release/net9.0/ManagedCode.Communication.Tests.dll" adapterTypeName="executor://xunit/VsTestRunner3/netcore/" className="ManagedCode.Communication.Tests.Extensions.RailwayExtensionsTests" name="Match_SuccessfulResultT_ExecutesOnSuccessWithValue" />
    </UnitTest>
    <UnitTest name="ManagedCode.Communication.Tests.CollectionResults.CollectionResultFromMethodsTests.From_FuncTaskThrowingException_ShouldReturnFailedResult" storage="/home/runner/work/communication/communication/managedcode.communication.tests/bin/release/net9.0/managedcode.communication.tests.dll" id="02bf4062-6173-4a68-0596-4bfd52dc36b2">
      <Execution id="d0eba2da-991f-49c7-8316-951425ed2988" />
      <TestMethod codeBase="/home/runner/work/Communication/Communication/ManagedCode.Communication.Tests/bin/Release/net9.0/ManagedCode.Communication.Tests.dll" adapterTypeName="executor://xunit/VsTestRunner3/netcore/" className="ManagedCode.Communication.Tests.CollectionResults.CollectionResultFromMethodsTests" name="From_FuncTaskThrowingException_ShouldReturnFailedResult" />
    </UnitTest>
    <UnitTest name="ManagedCode.Communication.Tests.Results.ResultTTests.Map_WithFailedResult_ShouldReturnFailedResult" storage="/home/runner/work/communication/communication/managedcode.communication.tests/bin/release/net9.0/managedcode.communication.tests.dll" id="b857bdd6-a10b-15bd-502f-d3e99d2d9689">
      <Execution id="3122cd31-0924-4ee5-86e1-e85904393af6" />
      <TestMethod codeBase="/home/runner/work/Communication/Communication/ManagedCode.Communication.Tests/bin/Release/net9.0/ManagedCode.Communication.Tests.dll" adapterTypeName="executor://xunit/VsTestRunner3/netcore/" className="ManagedCode.Communication.Tests.Results.ResultTTests" name="Map_WithFailedResult_ShouldReturnFailedResult" />
    </UnitTest>
    <UnitTest name="ManagedCode.Communication.Tests.Extensions.ProblemExtensionsTests.ToFailedResultT_FromProblem_ShouldCreateFailedResultT" storage="/home/runner/work/communication/communication/managedcode.communication.tests/bin/release/net9.0/managedcode.communication.tests.dll" id="14204546-6fef-c7d5-1d02-bd489a823e27">
      <Execution id="ac69d666-8676-41a0-8efc-71d43e0b4a72" />
      <TestMethod codeBase="/home/runner/work/Communication/Communication/ManagedCode.Communication.Tests/bin/Release/net9.0/ManagedCode.Communication.Tests.dll" adapterTypeName="executor://xunit/VsTestRunner3/netcore/" className="ManagedCode.Communication.Tests.Extensions.ProblemExtensionsTests" name="ToFailedResultT_FromProblem_ShouldCreateFailedResultT" />
    </UnitTest>
    <UnitTest name="ManagedCode.Communication.Tests.Results.ProblemTests.ErrorCode_SetToNull_ShouldRemoveFromExtensions" storage="/home/runner/work/communication/communication/managedcode.communication.tests/bin/release/net9.0/managedcode.communication.tests.dll" id="ca801211-e81b-4246-8165-fc89719685cd">
      <Execution id="456a525e-3f74-4efa-ac61-1db2dd0a866d" />
      <TestMethod codeBase="/home/runner/work/Communication/Communication/ManagedCode.Communication.Tests/bin/Release/net9.0/ManagedCode.Communication.Tests.dll" adapterTypeName="executor://xunit/VsTestRunner3/netcore/" className="ManagedCode.Communication.Tests.Results.ProblemTests" name="ErrorCode_SetToNull_ShouldRemoveFromExtensions" />
    </UnitTest>
    <UnitTest name="ManagedCode.Communication.Tests.CollectionResults.CollectionResultFailMethodsTests.Fail_WithSpecialCharacters_ShouldHandleCorrectly" storage="/home/runner/work/communication/communication/managedcode.communication.tests/bin/release/net9.0/managedcode.communication.tests.dll" id="670aed6d-afc8-2205-1f3b-fa065414e4d4">
      <Execution id="37f16ef1-0390-4777-9a0d-f70a763cc4fe" />
      <TestMethod codeBase="/home/runner/work/Communication/Communication/ManagedCode.Communication.Tests/bin/Release/net9.0/ManagedCode.Communication.Tests.dll" adapterTypeName="executor://xunit/VsTestRunner3/netcore/" className="ManagedCode.Communication.Tests.CollectionResults.CollectionResultFailMethodsTests" name="Fail_WithSpecialCharacters_ShouldHandleCorrectly" />
    </UnitTest>
    <UnitTest name="ManagedCode.Communication.Tests.AspNetCore.Extensions.ControllerExtensionsTests.ToActionResult_WithSuccessResult_ReturnsOkObjectResult" storage="/home/runner/work/communication/communication/managedcode.communication.tests/bin/release/net9.0/managedcode.communication.tests.dll" id="03803b69-013e-45b2-64bc-f738fc9a09c2">
      <Execution id="79da7fa1-77d6-4f45-a4a0-24a4c7c77cb2" />
      <TestMethod codeBase="/home/runner/work/Communication/Communication/ManagedCode.Communication.Tests/bin/Release/net9.0/ManagedCode.Communication.Tests.dll" adapterTypeName="executor://xunit/VsTestRunner3/netcore/" className="ManagedCode.Communication.Tests.AspNetCore.Extensions.ControllerExtensionsTests" name="ToActionResult_WithSuccessResult_ReturnsOkObjectResult" />
    </UnitTest>
    <UnitTest name="ManagedCode.Communication.Tests.Orleans.Serialization.ResultSerializationTests.Result_Success_ShouldSerializeCorrectly" storage="/home/runner/work/communication/communication/managedcode.communication.tests/bin/release/net9.0/managedcode.communication.tests.dll" id="6583a529-9a0d-8ac6-f31e-1a2e00b4ca32">
      <Execution id="7c357780-4880-4061-869b-96062ffb176e" />
      <TestMethod codeBase="/home/runner/work/Communication/Communication/ManagedCode.Communication.Tests/bin/Release/net9.0/ManagedCode.Communication.Tests.dll" adapterTypeName="executor://xunit/VsTestRunner3/netcore/" className="ManagedCode.Communication.Tests.Orleans.Serialization.ResultSerializationTests" name="Result_Success_ShouldSerializeCorrectly" />
    </UnitTest>
    <UnitTest name="ManagedCode.Communication.Tests.CollectionResults.CollectionResultFromMethodsTests.From_TaskReturningFailedCollectionResult_ShouldReturnFailedResult" storage="/home/runner/work/communication/communication/managedcode.communication.tests/bin/release/net9.0/managedcode.communication.tests.dll" id="5ff238f1-95c7-893f-0944-9f7af0bf7443">
      <Execution id="675a6846-7453-4f2c-a997-0fc114e87c6d" />
      <TestMethod codeBase="/home/runner/work/Communication/Communication/ManagedCode.Communication.Tests/bin/Release/net9.0/ManagedCode.Communication.Tests.dll" adapterTypeName="executor://xunit/VsTestRunner3/netcore/" className="ManagedCode.Communication.Tests.CollectionResults.CollectionResultFromMethodsTests" name="From_TaskReturningFailedCollectionResult_ShouldReturnFailedResult" />
    </UnitTest>
    <UnitTest name="ManagedCode.Communication.Tests.Results.ProblemToExceptionErrorTests.ToException_WithHttpRequestException_ShouldHandleSpecialCases" storage="/home/runner/work/communication/communication/managedcode.communication.tests/bin/release/net9.0/managedcode.communication.tests.dll" id="49bddafe-bc17-f349-326c-5d40a7970e79">
      <Execution id="57560103-5100-472b-adbf-88b4fe19f887" />
      <TestMethod codeBase="/home/runner/work/Communication/Communication/ManagedCode.Communication.Tests/bin/Release/net9.0/ManagedCode.Communication.Tests.dll" adapterTypeName="executor://xunit/VsTestRunner3/netcore/" className="ManagedCode.Communication.Tests.Results.ProblemToExceptionErrorTests" name="ToException_WithHttpRequestException_ShouldHandleSpecialCases" />
    </UnitTest>
    <UnitTest name="ManagedCode.Communication.Tests.ResultExtensionsTests.Map_WithSuccessResult_ShouldTransformValue" storage="/home/runner/work/communication/communication/managedcode.communication.tests/bin/release/net9.0/managedcode.communication.tests.dll" id="34988729-7075-661c-e9b3-1244d66c21c5">
      <Execution id="71ea41eb-31cd-4f03-8d36-63cf4ebe58ae" />
      <TestMethod codeBase="/home/runner/work/Communication/Communication/ManagedCode.Communication.Tests/bin/Release/net9.0/ManagedCode.Communication.Tests.dll" adapterTypeName="executor://xunit/VsTestRunner3/netcore/" className="ManagedCode.Communication.Tests.ResultExtensionsTests" name="Map_WithSuccessResult_ShouldTransformValue" />
    </UnitTest>
    <UnitTest name="ManagedCode.Communication.Tests.Results.ResultTests.TryGetProblem_WithSuccessfulResult_ShouldReturnFalse" storage="/home/runner/work/communication/communication/managedcode.communication.tests/bin/release/net9.0/managedcode.communication.tests.dll" id="65200420-42ce-b190-7ff7-7b164ff1ec76">
      <Execution id="df58ac79-3b73-450b-8d1f-9896ec575dd7" />
      <TestMethod codeBase="/home/runner/work/Communication/Communication/ManagedCode.Communication.Tests/bin/Release/net9.0/ManagedCode.Communication.Tests.dll" adapterTypeName="executor://xunit/VsTestRunner3/netcore/" className="ManagedCode.Communication.Tests.Results.ResultTests" name="TryGetProblem_WithSuccessfulResult_ShouldReturnFalse" />
    </UnitTest>
    <UnitTest name="ManagedCode.Communication.Tests.Extensions.ProblemExtensionsTests.ToFailedResult_FromProblemDetails_ShouldCreateFailedResult" storage="/home/runner/work/communication/communication/managedcode.communication.tests/bin/release/net9.0/managedcode.communication.tests.dll" id="97a02c40-1c10-309c-a600-6c8bf81ccdfc">
      <Execution id="722d7eb8-e74b-48a4-8ac4-4baf39852e00" />
      <TestMethod codeBase="/home/runner/work/Communication/Communication/ManagedCode.Communication.Tests/bin/Release/net9.0/ManagedCode.Communication.Tests.dll" adapterTypeName="executor://xunit/VsTestRunner3/netcore/" className="ManagedCode.Communication.Tests.Extensions.ProblemExtensionsTests" name="ToFailedResult_FromProblemDetails_ShouldCreateFailedResult" />
    </UnitTest>
    <UnitTest name="ManagedCode.Communication.Tests.AspNetCore.Extensions.ControllerExtensionsTests.ToActionResult_WithVariousStatusCodes_ReturnsCorrectStatusCode(statusCode: 400, title: &quot;Bad Request&quot;)" storage="/home/runner/work/communication/communication/managedcode.communication.tests/bin/release/net9.0/managedcode.communication.tests.dll" id="5b102866-ff04-b892-509a-5334bf755397">
      <Execution id="501066ca-c57b-44fe-a83a-3f94b7b5f9db" />
      <TestMethod codeBase="/home/runner/work/Communication/Communication/ManagedCode.Communication.Tests/bin/Release/net9.0/ManagedCode.Communication.Tests.dll" adapterTypeName="executor://xunit/VsTestRunner3/netcore/" className="ManagedCode.Communication.Tests.AspNetCore.Extensions.ControllerExtensionsTests" name="ToActionResult_WithVariousStatusCodes_ReturnsCorrectStatusCode" />
    </UnitTest>
    <UnitTest name="ManagedCode.Communication.Tests.Extensions.HttpResponseExtensionTests.FromRequestToResult_VariousErrorCodes_ReturnsFailedResult(statusCode: NotFound)" storage="/home/runner/work/communication/communication/managedcode.communication.tests/bin/release/net9.0/managedcode.communication.tests.dll" id="ccd5cfd0-32c3-c2b9-53ed-9209b5a556a0">
      <Execution id="bf0ebef0-3347-4039-96e6-9a9093ba0a63" />
      <TestMethod codeBase="/home/runner/work/Communication/Communication/ManagedCode.Communication.Tests/bin/Release/net9.0/ManagedCode.Communication.Tests.dll" adapterTypeName="executor://xunit/VsTestRunner3/netcore/" className="ManagedCode.Communication.Tests.Extensions.HttpResponseExtensionTests" name="FromRequestToResult_VariousErrorCodes_ReturnsFailedResult" />
    </UnitTest>
    <UnitTest name="ManagedCode.Communication.Tests.Orleans.Serialization.ResultSerializationTests.Result_WithValidationProblem_ShouldSerializeCorrectly" storage="/home/runner/work/communication/communication/managedcode.communication.tests/bin/release/net9.0/managedcode.communication.tests.dll" id="9d26e53f-b338-80dd-562a-e1e68c02f67a">
      <Execution id="70a3e6fe-330c-4521-93c2-6aac823d207e" />
      <TestMethod codeBase="/home/runner/work/Communication/Communication/ManagedCode.Communication.Tests/bin/Release/net9.0/ManagedCode.Communication.Tests.dll" adapterTypeName="executor://xunit/VsTestRunner3/netcore/" className="ManagedCode.Communication.Tests.Orleans.Serialization.ResultSerializationTests" name="Result_WithValidationProblem_ShouldSerializeCorrectly" />
    </UnitTest>
    <UnitTest name="ManagedCode.Communication.Tests.CollectionResults.CollectionResultFromMethodsTests.From_ValueTaskWithException_ShouldReturnFailedResult" storage="/home/runner/work/communication/communication/managedcode.communication.tests/bin/release/net9.0/managedcode.communication.tests.dll" id="cba045b0-e2c3-6ee4-807a-f0cc507f11e5">
      <Execution id="98e6763f-d26b-42ae-94cb-c560a7a875d6" />
      <TestMethod codeBase="/home/runner/work/Communication/Communication/ManagedCode.Communication.Tests/bin/Release/net9.0/ManagedCode.Communication.Tests.dll" adapterTypeName="executor://xunit/VsTestRunner3/netcore/" className="ManagedCode.Communication.Tests.CollectionResults.CollectionResultFromMethodsTests" name="From_ValueTaskWithException_ShouldReturnFailedResult" />
    </UnitTest>
    <UnitTest name="ManagedCode.Communication.Tests.Results.CollectionResultTests.TryGetProblem_WithSuccessfulResult_ShouldReturnFalse" storage="/home/runner/work/communication/communication/managedcode.communication.tests/bin/release/net9.0/managedcode.communication.tests.dll" id="1f64ab5a-faee-2124-0bd7-cb77b45af3ab">
      <Execution id="d8f7b904-e3f6-417c-9124-cfac04ce2cad" />
      <TestMethod codeBase="/home/runner/work/Communication/Communication/ManagedCode.Communication.Tests/bin/Release/net9.0/ManagedCode.Communication.Tests.dll" adapterTypeName="executor://xunit/VsTestRunner3/netcore/" className="ManagedCode.Communication.Tests.Results.CollectionResultTests" name="TryGetProblem_WithSuccessfulResult_ShouldReturnFalse" />
    </UnitTest>
    <UnitTest name="ManagedCode.Communication.Tests.Results.CollectionResultTests.Succeed_WithArray_ShouldCreateSuccessfulResult" storage="/home/runner/work/communication/communication/managedcode.communication.tests/bin/release/net9.0/managedcode.communication.tests.dll" id="0722ba6b-76b6-1c47-d7d1-0b74ba7f6032">
      <Execution id="bb44bb5e-00c9-4686-b3df-291442dbdf91" />
      <TestMethod codeBase="/home/runner/work/Communication/Communication/ManagedCode.Communication.Tests/bin/Release/net9.0/ManagedCode.Communication.Tests.dll" adapterTypeName="executor://xunit/VsTestRunner3/netcore/" className="ManagedCode.Communication.Tests.Results.CollectionResultTests" name="Succeed_WithArray_ShouldCreateSuccessfulResult" />
    </UnitTest>
    <UnitTest name="ManagedCode.Communication.Tests.ProblemTests.ProblemCreateMethodsTests.Problem_AddValidationError_WithNonDictionaryExtension_ShouldReplaceWithDictionary" storage="/home/runner/work/communication/communication/managedcode.communication.tests/bin/release/net9.0/managedcode.communication.tests.dll" id="2d819a75-1f3b-8e3f-72c3-7eac56a5cef5">
      <Execution id="5a666a5c-0bd3-4518-be56-d44b8704bced" />
      <TestMethod codeBase="/home/runner/work/Communication/Communication/ManagedCode.Communication.Tests/bin/Release/net9.0/ManagedCode.Communication.Tests.dll" adapterTypeName="executor://xunit/VsTestRunner3/netcore/" className="ManagedCode.Communication.Tests.ProblemTests.ProblemCreateMethodsTests" name="Problem_AddValidationError_WithNonDictionaryExtension_ShouldReplaceWithDictionary" />
    </UnitTest>
    <UnitTest name="ManagedCode.Communication.Tests.Results.RailwayOrientedProgrammingTests.ResultTry_WithSuccessfulAction_ShouldReturnSuccess" storage="/home/runner/work/communication/communication/managedcode.communication.tests/bin/release/net9.0/managedcode.communication.tests.dll" id="01872485-4d81-c916-8cf1-c5a694b29846">
      <Execution id="98260c1e-596f-48c4-94f6-2cc5a31e8771" />
      <TestMethod codeBase="/home/runner/work/Communication/Communication/ManagedCode.Communication.Tests/bin/Release/net9.0/ManagedCode.Communication.Tests.dll" adapterTypeName="executor://xunit/VsTestRunner3/netcore/" className="ManagedCode.Communication.Tests.Results.RailwayOrientedProgrammingTests" name="ResultTry_WithSuccessfulAction_ShouldReturnSuccess" />
    </UnitTest>
    <UnitTest name="ManagedCode.Communication.Tests.Results.RailwayOrientedProgrammingTests.ComplexChain_WithFailure_ShouldShortCircuit" storage="/home/runner/work/communication/communication/managedcode.communication.tests/bin/release/net9.0/managedcode.communication.tests.dll" id="1f757bc5-86da-e122-1d55-9a03114706b1">
      <Execution id="98af12d7-f9fa-41a2-8c99-e75f09f1e248" />
      <TestMethod codeBase="/home/runner/work/Communication/Communication/ManagedCode.Communication.Tests/bin/Release/net9.0/ManagedCode.Communication.Tests.dll" adapterTypeName="executor://xunit/VsTestRunner3/netcore/" className="ManagedCode.Communication.Tests.Results.RailwayOrientedProgrammingTests" name="ComplexChain_WithFailure_ShouldShortCircuit" />
    </UnitTest>
    <UnitTest name="ManagedCode.Communication.Tests.Orleans.Serialization.CollectionResultSerializationTests.CollectionResult_WithComplexObjects_ShouldSerializeCorrectly" storage="/home/runner/work/communication/communication/managedcode.communication.tests/bin/release/net9.0/managedcode.communication.tests.dll" id="01712ad9-1f0a-7bad-d728-5d046cd9246c">
      <Execution id="8da9c55a-9090-4d47-9d4b-22a7a25fba9d" />
      <TestMethod codeBase="/home/runner/work/Communication/Communication/ManagedCode.Communication.Tests/bin/Release/net9.0/ManagedCode.Communication.Tests.dll" adapterTypeName="executor://xunit/VsTestRunner3/netcore/" className="ManagedCode.Communication.Tests.Orleans.Serialization.CollectionResultSerializationTests" name="CollectionResult_WithComplexObjects_ShouldSerializeCorrectly" />
    </UnitTest>
    <UnitTest name="ManagedCode.Communication.Tests.Extensions.RailwayExtensionsTests.Else_FailedResult_ReturnsAlternative" storage="/home/runner/work/communication/communication/managedcode.communication.tests/bin/release/net9.0/managedcode.communication.tests.dll" id="76eed23b-8a55-d326-92d7-3df3c6478d17">
      <Execution id="4abc81ee-0262-4c07-bb00-aea7074006f5" />
      <TestMethod codeBase="/home/runner/work/Communication/Communication/ManagedCode.Communication.Tests/bin/Release/net9.0/ManagedCode.Communication.Tests.dll" adapterTypeName="executor://xunit/VsTestRunner3/netcore/" className="ManagedCode.Communication.Tests.Extensions.RailwayExtensionsTests" name="Else_FailedResult_ReturnsAlternative" />
    </UnitTest>
    <UnitTest name="ManagedCode.Communication.Tests.AspNetCore.Extensions.ControllerExtensionsTests.ToHttpResult_WithFailedResult_ReturnsProblemResult" storage="/home/runner/work/communication/communication/managedcode.communication.tests/bin/release/net9.0/managedcode.communication.tests.dll" id="7618dd2b-5be7-dea8-df8a-a052ad263dcb">
      <Execution id="48cadff1-2d8a-43d9-85e5-2fd76184b3b0" />
      <TestMethod codeBase="/home/runner/work/Communication/Communication/ManagedCode.Communication.Tests/bin/Release/net9.0/ManagedCode.Communication.Tests.dll" adapterTypeName="executor://xunit/VsTestRunner3/netcore/" className="ManagedCode.Communication.Tests.AspNetCore.Extensions.ControllerExtensionsTests" name="ToHttpResult_WithFailedResult_ReturnsProblemResult" />
    </UnitTest>
    <UnitTest name="ManagedCode.Communication.Tests.Extensions.RailwayExtensionsTests.Ensure_SuccessfulResultInvalidPredicate_BecomesFailed" storage="/home/runner/work/communication/communication/managedcode.communication.tests/bin/release/net9.0/managedcode.communication.tests.dll" id="a14789f8-25ec-bd3c-5129-2bb2c2d09985">
      <Execution id="36cbcf4f-6f90-4de3-9085-0f58a35d852f" />
      <TestMethod codeBase="/home/runner/work/Communication/Communication/ManagedCode.Communication.Tests/bin/Release/net9.0/ManagedCode.Communication.Tests.dll" adapterTypeName="executor://xunit/VsTestRunner3/netcore/" className="ManagedCode.Communication.Tests.Extensions.RailwayExtensionsTests" name="Ensure_SuccessfulResultInvalidPredicate_BecomesFailed" />
    </UnitTest>
    <UnitTest name="ManagedCode.Communication.Tests.Results.ResultFailMethodsTests.Result_FailUnauthorized_NoParameters_ShouldCreateUnauthorizedResult" storage="/home/runner/work/communication/communication/managedcode.communication.tests/bin/release/net9.0/managedcode.communication.tests.dll" id="532832f5-cae8-48c6-fe23-9e1a56903292">
      <Execution id="c1d867c6-dabc-4fbb-8a4a-54a4973587ed" />
      <TestMethod codeBase="/home/runner/work/Communication/Communication/ManagedCode.Communication.Tests/bin/Release/net9.0/ManagedCode.Communication.Tests.dll" adapterTypeName="executor://xunit/VsTestRunner3/netcore/" className="ManagedCode.Communication.Tests.Results.ResultFailMethodsTests" name="Result_FailUnauthorized_NoParameters_ShouldCreateUnauthorizedResult" />
    </UnitTest>
    <UnitTest name="ManagedCode.Communication.Tests.CollectionResults.CollectionResultFromMethodsTests.From_FuncValueTaskEnumerable_ShouldCreateSuccessResult" storage="/home/runner/work/communication/communication/managedcode.communication.tests/bin/release/net9.0/managedcode.communication.tests.dll" id="392de4af-d461-7c5b-310a-021cf63d1384">
      <Execution id="1af44630-f380-4c60-b6ef-c31d7b29a10e" />
      <TestMethod codeBase="/home/runner/work/Communication/Communication/ManagedCode.Communication.Tests/bin/Release/net9.0/ManagedCode.Communication.Tests.dll" adapterTypeName="executor://xunit/VsTestRunner3/netcore/" className="ManagedCode.Communication.Tests.CollectionResults.CollectionResultFromMethodsTests" name="From_FuncValueTaskEnumerable_ShouldCreateSuccessResult" />
    </UnitTest>
    <UnitTest name="ManagedCode.Communication.Tests.Orleans.Serialization.ResultSerializationTests.ResultT_WithDifferentProblemTypes_ShouldSerializeCorrectly" storage="/home/runner/work/communication/communication/managedcode.communication.tests/bin/release/net9.0/managedcode.communication.tests.dll" id="0376fa9b-7287-a731-419b-9fc297e855af">
      <Execution id="26ea8db8-2c96-4fc3-8394-0a7e9d8dc815" />
      <TestMethod codeBase="/home/runner/work/Communication/Communication/ManagedCode.Communication.Tests/bin/Release/net9.0/ManagedCode.Communication.Tests.dll" adapterTypeName="executor://xunit/VsTestRunner3/netcore/" className="ManagedCode.Communication.Tests.Orleans.Serialization.ResultSerializationTests" name="ResultT_WithDifferentProblemTypes_ShouldSerializeCorrectly" />
    </UnitTest>
    <UnitTest name="ManagedCode.Communication.Tests.Results.ResultTTests.From_WithExceptionThrowingFunc_ShouldCreateFailedResult" storage="/home/runner/work/communication/communication/managedcode.communication.tests/bin/release/net9.0/managedcode.communication.tests.dll" id="23ef8027-2a18-f92f-8f60-3a751b96bde2">
      <Execution id="c7f3f5df-3155-43e5-b3a2-cba9545f8413" />
      <TestMethod codeBase="/home/runner/work/Communication/Communication/ManagedCode.Communication.Tests/bin/Release/net9.0/ManagedCode.Communication.Tests.dll" adapterTypeName="executor://xunit/VsTestRunner3/netcore/" className="ManagedCode.Communication.Tests.Results.ResultTTests" name="From_WithExceptionThrowingFunc_ShouldCreateFailedResult" />
    </UnitTest>
    <UnitTest name="ManagedCode.Communication.Tests.AspNetCore.Extensions.ControllerExtensionsTests.ToHttpResult_WithSuccessResult_ReturnsOkResult" storage="/home/runner/work/communication/communication/managedcode.communication.tests/bin/release/net9.0/managedcode.communication.tests.dll" id="09a23f90-ebf0-0444-a58c-9c7e3ea1e9e8">
      <Execution id="7c506139-f100-4919-b19e-266a6a5e4a52" />
      <TestMethod codeBase="/home/runner/work/Communication/Communication/ManagedCode.Communication.Tests/bin/Release/net9.0/ManagedCode.Communication.Tests.dll" adapterTypeName="executor://xunit/VsTestRunner3/netcore/" className="ManagedCode.Communication.Tests.AspNetCore.Extensions.ControllerExtensionsTests" name="ToHttpResult_WithSuccessResult_ReturnsOkResult" />
    </UnitTest>
    <UnitTest name="ManagedCode.Communication.Tests.Results.ProblemCreationExtensionsTests.ToProblem_FromEnum_WithHttpStatusCode_ShouldUseProvidedStatusCode" storage="/home/runner/work/communication/communication/managedcode.communication.tests/bin/release/net9.0/managedcode.communication.tests.dll" id="c5027c1a-9b50-9f43-2228-adeb647f513f">
      <Execution id="957a50b4-647c-4338-bf47-85d63182c249" />
      <TestMethod codeBase="/home/runner/work/Communication/Communication/ManagedCode.Communication.Tests/bin/Release/net9.0/ManagedCode.Communication.Tests.dll" adapterTypeName="executor://xunit/VsTestRunner3/netcore/" className="ManagedCode.Communication.Tests.Results.ProblemCreationExtensionsTests" name="ToProblem_FromEnum_WithHttpStatusCode_ShouldUseProvidedStatusCode" />
    </UnitTest>
    <UnitTest name="ManagedCode.Communication.Tests.ProblemTests.ProblemCreateMethodsTests.Problem_Create_FromInnerException_ShouldUseOuterException" storage="/home/runner/work/communication/communication/managedcode.communication.tests/bin/release/net9.0/managedcode.communication.tests.dll" id="90b509f3-eaa4-5292-2d86-2fb0253e9169">
      <Execution id="c7c9cca3-2760-4879-9c34-9ed162270c1e" />
      <TestMethod codeBase="/home/runner/work/Communication/Communication/ManagedCode.Communication.Tests/bin/Release/net9.0/ManagedCode.Communication.Tests.dll" adapterTypeName="executor://xunit/VsTestRunner3/netcore/" className="ManagedCode.Communication.Tests.ProblemTests.ProblemCreateMethodsTests" name="Problem_Create_FromInnerException_ShouldUseOuterException" />
    </UnitTest>
    <UnitTest name="ManagedCode.Communication.Tests.Extensions.AdvancedRailwayExtensionsTests.Verify_WithTrueCondition_ReturnsSuccess" storage="/home/runner/work/communication/communication/managedcode.communication.tests/bin/release/net9.0/managedcode.communication.tests.dll" id="e09feaae-1604-975a-64d2-68f66143e466">
      <Execution id="1294b6ee-4973-49af-a049-4a9cdf7c53f4" />
      <TestMethod codeBase="/home/runner/work/Communication/Communication/ManagedCode.Communication.Tests/bin/Release/net9.0/ManagedCode.Communication.Tests.dll" adapterTypeName="executor://xunit/VsTestRunner3/netcore/" className="ManagedCode.Communication.Tests.Extensions.AdvancedRailwayExtensionsTests" name="Verify_WithTrueCondition_ReturnsSuccess" />
    </UnitTest>
    <UnitTest name="ManagedCode.Communication.Tests.Extensions.AdvancedRailwayExtensionsTests.Do_WithSuccess_ExecutesAction" storage="/home/runner/work/communication/communication/managedcode.communication.tests/bin/release/net9.0/managedcode.communication.tests.dll" id="c12c22a4-61c9-8d54-02dc-fa4d09ff71de">
      <Execution id="0a3ec812-780f-4abe-906c-a46ec8c745e2" />
      <TestMethod codeBase="/home/runner/work/Communication/Communication/ManagedCode.Communication.Tests/bin/Release/net9.0/ManagedCode.Communication.Tests.dll" adapterTypeName="executor://xunit/VsTestRunner3/netcore/" className="ManagedCode.Communication.Tests.Extensions.AdvancedRailwayExtensionsTests" name="Do_WithSuccess_ExecutesAction" />
    </UnitTest>
    <UnitTest name="ManagedCode.Communication.Tests.Results.ResultTTests.Map_WithSuccessfulResult_ShouldTransformValue" storage="/home/runner/work/communication/communication/managedcode.communication.tests/bin/release/net9.0/managedcode.communication.tests.dll" id="1a7b4271-e223-c8c6-e4e2-6edd35950571">
      <Execution id="ef315cc0-78a2-4d7d-a4de-f851f6be2f78" />
      <TestMethod codeBase="/home/runner/work/Communication/Communication/ManagedCode.Communication.Tests/bin/Release/net9.0/ManagedCode.Communication.Tests.dll" adapterTypeName="executor://xunit/VsTestRunner3/netcore/" className="ManagedCode.Communication.Tests.Results.ResultTTests" name="Map_WithSuccessfulResult_ShouldTransformValue" />
    </UnitTest>
    <UnitTest name="ManagedCode.Communication.Tests.CollectionResults.CollectionResultFailMethodsTests.Fail_WithTitleDetailAndStatus_ShouldCreateFailedResultWithSpecifiedStatus" storage="/home/runner/work/communication/communication/managedcode.communication.tests/bin/release/net9.0/managedcode.communication.tests.dll" id="cb6876f0-ec0c-d7e3-5334-20d6a5561189">
      <Execution id="739af790-b22e-4db1-8eec-b39de810f580" />
      <TestMethod codeBase="/home/runner/work/Communication/Communication/ManagedCode.Communication.Tests/bin/Release/net9.0/ManagedCode.Communication.Tests.dll" adapterTypeName="executor://xunit/VsTestRunner3/netcore/" className="ManagedCode.Communication.Tests.CollectionResults.CollectionResultFailMethodsTests" name="Fail_WithTitleDetailAndStatus_ShouldCreateFailedResultWithSpecifiedStatus" />
    </UnitTest>
    <UnitTest name="ManagedCode.Communication.Tests.Results.ResultTests.ThrowIfFail_WithSuccessfulResult_ShouldNotThrow" storage="/home/runner/work/communication/communication/managedcode.communication.tests/bin/release/net9.0/managedcode.communication.tests.dll" id="161ea34e-b552-5b69-4cf9-93991b1d4888">
      <Execution id="8fa434b5-acb2-4d4a-a140-870ebe938bcc" />
      <TestMethod codeBase="/home/runner/work/Communication/Communication/ManagedCode.Communication.Tests/bin/Release/net9.0/ManagedCode.Communication.Tests.dll" adapterTypeName="executor://xunit/VsTestRunner3/netcore/" className="ManagedCode.Communication.Tests.Results.ResultTests" name="ThrowIfFail_WithSuccessfulResult_ShouldNotThrow" />
    </UnitTest>
    <UnitTest name="ManagedCode.Communication.Tests.Results.ProblemToExceptionErrorTests.ToException_WithStackTrace_ShouldNotPreserveStackTrace" storage="/home/runner/work/communication/communication/managedcode.communication.tests/bin/release/net9.0/managedcode.communication.tests.dll" id="cb90d0c6-55d4-34fc-4dfd-762592dcaa9d">
      <Execution id="e44ee7af-7143-463e-bd48-b14e40ed18b0" />
      <TestMethod codeBase="/home/runner/work/Communication/Communication/ManagedCode.Communication.Tests/bin/Release/net9.0/ManagedCode.Communication.Tests.dll" adapterTypeName="executor://xunit/VsTestRunner3/netcore/" className="ManagedCode.Communication.Tests.Results.ProblemToExceptionErrorTests" name="ToException_WithStackTrace_ShouldNotPreserveStackTrace" />
    </UnitTest>
    <UnitTest name="ManagedCode.Communication.Tests.ProblemTests.ProblemCreateMethodsTests.Problem_GetValidationErrors_WithValidErrors_ShouldReturnDictionary" storage="/home/runner/work/communication/communication/managedcode.communication.tests/bin/release/net9.0/managedcode.communication.tests.dll" id="d137c692-c33a-c29f-f0cd-43638d316a9f">
      <Execution id="510c17ff-fd76-4426-a7a7-dc865f73f45e" />
      <TestMethod codeBase="/home/runner/work/Communication/Communication/ManagedCode.Communication.Tests/bin/Release/net9.0/ManagedCode.Communication.Tests.dll" adapterTypeName="executor://xunit/VsTestRunner3/netcore/" className="ManagedCode.Communication.Tests.ProblemTests.ProblemCreateMethodsTests" name="Problem_GetValidationErrors_WithValidErrors_ShouldReturnDictionary" />
    </UnitTest>
    <UnitTest name="ManagedCode.Communication.Tests.Results.ProblemToExceptionErrorTests.ToException_WithInnerException_ShouldPreserveInnerException" storage="/home/runner/work/communication/communication/managedcode.communication.tests/bin/release/net9.0/managedcode.communication.tests.dll" id="0c334b17-b7c2-e42e-9924-9baf1b0e8e96">
      <Execution id="2731fbad-197d-45d4-ae03-7aef70ac6b28" />
      <TestMethod codeBase="/home/runner/work/Communication/Communication/ManagedCode.Communication.Tests/bin/Release/net9.0/ManagedCode.Communication.Tests.dll" adapterTypeName="executor://xunit/VsTestRunner3/netcore/" className="ManagedCode.Communication.Tests.Results.ProblemToExceptionErrorTests" name="ToException_WithInnerException_ShouldPreserveInnerException" />
    </UnitTest>
    <UnitTest name="ManagedCode.Communication.Tests.Results.ResultTFailMethodsTests.ResultT_Fail_WithTitle_ShouldCreateFailedResultWithInternalServerError" storage="/home/runner/work/communication/communication/managedcode.communication.tests/bin/release/net9.0/managedcode.communication.tests.dll" id="7c1ef6a2-586b-711e-f03d-e05f7b31ffe1">
      <Execution id="0a8c16aa-6179-462f-ae91-c682b8aeba37" />
      <TestMethod codeBase="/home/runner/work/Communication/Communication/ManagedCode.Communication.Tests/bin/Release/net9.0/ManagedCode.Communication.Tests.dll" adapterTypeName="executor://xunit/VsTestRunner3/netcore/" className="ManagedCode.Communication.Tests.Results.ResultTFailMethodsTests" name="ResultT_Fail_WithTitle_ShouldCreateFailedResultWithInternalServerError" />
    </UnitTest>
    <UnitTest name="ManagedCode.Communication.Tests.Extensions.HttpResponseExtensionTests.FromRequestToResult_ForbiddenStatusCode_ReturnsFailedResult" storage="/home/runner/work/communication/communication/managedcode.communication.tests/bin/release/net9.0/managedcode.communication.tests.dll" id="8be0565a-807a-652b-b30e-db28277dd087">
      <Execution id="f0f5a585-784d-4216-a9a2-1cca6b00d34d" />
      <TestMethod codeBase="/home/runner/work/Communication/Communication/ManagedCode.Communication.Tests/bin/Release/net9.0/ManagedCode.Communication.Tests.dll" adapterTypeName="executor://xunit/VsTestRunner3/netcore/" className="ManagedCode.Communication.Tests.Extensions.HttpResponseExtensionTests" name="FromRequestToResult_ForbiddenStatusCode_ReturnsFailedResult" />
    </UnitTest>
    <UnitTest name="ManagedCode.Communication.Tests.Results.ResultTTests.Fail_WithProblem_ShouldCreateFailedResult" storage="/home/runner/work/communication/communication/managedcode.communication.tests/bin/release/net9.0/managedcode.communication.tests.dll" id="92ceef80-e5b7-c89c-a796-a51df0e588f6">
      <Execution id="b63bb0fb-101b-4a1b-8b7b-bba86bf7d356" />
      <TestMethod codeBase="/home/runner/work/Communication/Communication/ManagedCode.Communication.Tests/bin/Release/net9.0/ManagedCode.Communication.Tests.dll" adapterTypeName="executor://xunit/VsTestRunner3/netcore/" className="ManagedCode.Communication.Tests.Results.ResultTTests" name="Fail_WithProblem_ShouldCreateFailedResult" />
    </UnitTest>
    <UnitTest name="ManagedCode.Communication.Tests.Extensions.AdvancedRailwayExtensionsTests.Switch_WithSuccess_ExecutesSuccessAction" storage="/home/runner/work/communication/communication/managedcode.communication.tests/bin/release/net9.0/managedcode.communication.tests.dll" id="498b934f-374c-1dc8-3085-bd3a70ce9a92">
      <Execution id="0f49bfc9-866a-429a-8630-6c2212d96ca5" />
      <TestMethod codeBase="/home/runner/work/Communication/Communication/ManagedCode.Communication.Tests/bin/Release/net9.0/ManagedCode.Communication.Tests.dll" adapterTypeName="executor://xunit/VsTestRunner3/netcore/" className="ManagedCode.Communication.Tests.Extensions.AdvancedRailwayExtensionsTests" name="Switch_WithSuccess_ExecutesSuccessAction" />
    </UnitTest>
    <UnitTest name="ManagedCode.Communication.Tests.Extensions.ResultConversionExtensionsTests.AsResult_WithNullValue_CreatesSuccessfulResultWithNull" storage="/home/runner/work/communication/communication/managedcode.communication.tests/bin/release/net9.0/managedcode.communication.tests.dll" id="1de860b6-9b89-fb6b-c718-4f454ec9c197">
      <Execution id="1fdc5c9b-f7a4-465d-8f6c-80cb8ce82eaa" />
      <TestMethod codeBase="/home/runner/work/Communication/Communication/ManagedCode.Communication.Tests/bin/Release/net9.0/ManagedCode.Communication.Tests.dll" adapterTypeName="executor://xunit/VsTestRunner3/netcore/" className="ManagedCode.Communication.Tests.Extensions.ResultConversionExtensionsTests" name="AsResult_WithNullValue_CreatesSuccessfulResultWithNull" />
    </UnitTest>
    <UnitTest name="ManagedCode.Communication.Tests.Results.CollectionResultTests.Succeed_WithEnumerable_ShouldCreateSuccessfulResult" storage="/home/runner/work/communication/communication/managedcode.communication.tests/bin/release/net9.0/managedcode.communication.tests.dll" id="62b58bd7-3c1e-de08-a9e7-b42cffcdf323">
      <Execution id="a9b3bf89-c5ab-4266-9a16-145d7e4d3f0c" />
      <TestMethod codeBase="/home/runner/work/Communication/Communication/ManagedCode.Communication.Tests/bin/Release/net9.0/ManagedCode.Communication.Tests.dll" adapterTypeName="executor://xunit/VsTestRunner3/netcore/" className="ManagedCode.Communication.Tests.Results.CollectionResultTests" name="Succeed_WithEnumerable_ShouldCreateSuccessfulResult" />
    </UnitTest>
    <UnitTest name="ManagedCode.Communication.Tests.Extensions.AdvancedRailwayExtensionsTests.ToResult_WithNullValue_ReturnsNotFound" storage="/home/runner/work/communication/communication/managedcode.communication.tests/bin/release/net9.0/managedcode.communication.tests.dll" id="6aef3be6-be58-6d70-5d16-8497e19d6e8e">
      <Execution id="44496506-4747-4235-a9c5-e116f9c62ff9" />
      <TestMethod codeBase="/home/runner/work/Communication/Communication/ManagedCode.Communication.Tests/bin/Release/net9.0/ManagedCode.Communication.Tests.dll" adapterTypeName="executor://xunit/VsTestRunner3/netcore/" className="ManagedCode.Communication.Tests.Extensions.AdvancedRailwayExtensionsTests" name="ToResult_WithNullValue_ReturnsNotFound" />
    </UnitTest>
    <UnitTest name="ManagedCode.Communication.Tests.CollectionResults.CollectionResultFromMethodsTests.From_FuncReturningEnumerable_ShouldCreateSuccessResult" storage="/home/runner/work/communication/communication/managedcode.communication.tests/bin/release/net9.0/managedcode.communication.tests.dll" id="01b8812e-ccae-4916-6877-6357d55b1d4d">
      <Execution id="d9b9388b-54e4-413d-9dee-62877e39b229" />
      <TestMethod codeBase="/home/runner/work/Communication/Communication/ManagedCode.Communication.Tests/bin/Release/net9.0/ManagedCode.Communication.Tests.dll" adapterTypeName="executor://xunit/VsTestRunner3/netcore/" className="ManagedCode.Communication.Tests.CollectionResults.CollectionResultFromMethodsTests" name="From_FuncReturningEnumerable_ShouldCreateSuccessResult" />
    </UnitTest>
    <UnitTest name="ManagedCode.Communication.Tests.Results.ResultInvalidMethodsTests.Result_InvalidT_WithDictionary_ShouldCreateValidationResultWithMultipleFields" storage="/home/runner/work/communication/communication/managedcode.communication.tests/bin/release/net9.0/managedcode.communication.tests.dll" id="53713324-cc06-3054-5418-a2a3cf8996e1">
      <Execution id="e527ab62-a8b4-4fdf-ab93-7c9c7761f8da" />
      <TestMethod codeBase="/home/runner/work/Communication/Communication/ManagedCode.Communication.Tests/bin/Release/net9.0/ManagedCode.Communication.Tests.dll" adapterTypeName="executor://xunit/VsTestRunner3/netcore/" className="ManagedCode.Communication.Tests.Results.ResultInvalidMethodsTests" name="Result_InvalidT_WithDictionary_ShouldCreateValidationResultWithMultipleFields" />
    </UnitTest>
    <UnitTest name="ManagedCode.Communication.Tests.Results.ResultTTests.Fail_WithMessage_ShouldCreateFailedResult" storage="/home/runner/work/communication/communication/managedcode.communication.tests/bin/release/net9.0/managedcode.communication.tests.dll" id="74d935d3-9bac-ca17-d821-b5657be316bf">
      <Execution id="d08b62d3-d86c-4f10-9097-fa8b95bd09bf" />
      <TestMethod codeBase="/home/runner/work/Communication/Communication/ManagedCode.Communication.Tests/bin/Release/net9.0/ManagedCode.Communication.Tests.dll" adapterTypeName="executor://xunit/VsTestRunner3/netcore/" className="ManagedCode.Communication.Tests.Results.ResultTTests" name="Fail_WithMessage_ShouldCreateFailedResult" />
    </UnitTest>
    <UnitTest name="ManagedCode.Communication.Tests.Results.ProblemTests.FromEnum_ShouldCreateProblemFromEnum" storage="/home/runner/work/communication/communication/managedcode.communication.tests/bin/release/net9.0/managedcode.communication.tests.dll" id="ced3317a-f4de-c56d-29ac-20cf03fa04ec">
      <Execution id="6ee278f3-2026-4e71-9da5-e33add6a4165" />
      <TestMethod codeBase="/home/runner/work/Communication/Communication/ManagedCode.Communication.Tests/bin/Release/net9.0/ManagedCode.Communication.Tests.dll" adapterTypeName="executor://xunit/VsTestRunner3/netcore/" className="ManagedCode.Communication.Tests.Results.ProblemTests" name="FromEnum_ShouldCreateProblemFromEnum" />
    </UnitTest>
    <UnitTest name="ManagedCode.Communication.Tests.ProblemTests.ProblemCreateMethodsTests.Problem_Create_WithEnumAndVariousStatusCodes_ShouldSetCorrectType(statusCode: 400, enumValue: &quot;BadRequest&quot;)" storage="/home/runner/work/communication/communication/managedcode.communication.tests/bin/release/net9.0/managedcode.communication.tests.dll" id="4659e2ae-6baf-fd7c-3743-b3031d89bf4f">
      <Execution id="be4106cf-680c-4003-84dc-9a7070d27eb6" />
      <TestMethod codeBase="/home/runner/work/Communication/Communication/ManagedCode.Communication.Tests/bin/Release/net9.0/ManagedCode.Communication.Tests.dll" adapterTypeName="executor://xunit/VsTestRunner3/netcore/" className="ManagedCode.Communication.Tests.ProblemTests.ProblemCreateMethodsTests" name="Problem_Create_WithEnumAndVariousStatusCodes_ShouldSetCorrectType" />
    </UnitTest>
    <UnitTest name="ManagedCode.Communication.Tests.Extensions.AdvancedRailwayExtensionsTests.ThenAsync_WithSuccessfulResult_ExecutesNext" storage="/home/runner/work/communication/communication/managedcode.communication.tests/bin/release/net9.0/managedcode.communication.tests.dll" id="3bc1d4f1-f3cc-ed17-9443-3eb25acde6f0">
      <Execution id="99c7f912-af3f-4bfd-97d4-065e4e7b7c69" />
      <TestMethod codeBase="/home/runner/work/Communication/Communication/ManagedCode.Communication.Tests/bin/Release/net9.0/ManagedCode.Communication.Tests.dll" adapterTypeName="executor://xunit/VsTestRunner3/netcore/" className="ManagedCode.Communication.Tests.Extensions.AdvancedRailwayExtensionsTests" name="ThenAsync_WithSuccessfulResult_ExecutesNext" />
    </UnitTest>
    <UnitTest name="ManagedCode.Communication.Tests.AspNetCore.Extensions.ServiceCollectionExtensionsTests.Communication_Should_Handle_Valid_Model_Validation" storage="/home/runner/work/communication/communication/managedcode.communication.tests/bin/release/net9.0/managedcode.communication.tests.dll" id="f76203f6-f127-113c-5b07-212839a96b73">
      <Execution id="65cbb94f-902c-450d-8df3-c81a6b9ee84d" />
      <TestMethod codeBase="/home/runner/work/Communication/Communication/ManagedCode.Communication.Tests/bin/Release/net9.0/ManagedCode.Communication.Tests.dll" adapterTypeName="executor://xunit/VsTestRunner3/netcore/" className="ManagedCode.Communication.Tests.AspNetCore.Extensions.ServiceCollectionExtensionsTests" name="Communication_Should_Handle_Valid_Model_Validation" />
    </UnitTest>
    <UnitTest name="ManagedCode.Communication.Tests.Results.ResultInvalidMethodsTests.Result_InvalidT_WithMessage_ShouldCreateValidationResultWithMessage" storage="/home/runner/work/communication/communication/managedcode.communication.tests/bin/release/net9.0/managedcode.communication.tests.dll" id="bbf811fc-91c4-d67b-1ccb-4aee9c90b997">
      <Execution id="c8bf1a36-795e-4359-8d0c-7f5a82065016" />
      <TestMethod codeBase="/home/runner/work/Communication/Communication/ManagedCode.Communication.Tests/bin/Release/net9.0/ManagedCode.Communication.Tests.dll" adapterTypeName="executor://xunit/VsTestRunner3/netcore/" className="ManagedCode.Communication.Tests.Results.ResultInvalidMethodsTests" name="Result_InvalidT_WithMessage_ShouldCreateValidationResultWithMessage" />
    </UnitTest>
    <UnitTest name="ManagedCode.Communication.Tests.CollectionResults.CollectionResultFromMethodsTests.From_FuncTaskWithCancellation_ShouldReturnFailedResult" storage="/home/runner/work/communication/communication/managedcode.communication.tests/bin/release/net9.0/managedcode.communication.tests.dll" id="6f633b18-8c5d-0bf5-db3d-b3c803d548db">
      <Execution id="48eaf356-c327-4c80-9aa4-bdfdaa01489a" />
      <TestMethod codeBase="/home/runner/work/Communication/Communication/ManagedCode.Communication.Tests/bin/Release/net9.0/ManagedCode.Communication.Tests.dll" adapterTypeName="executor://xunit/VsTestRunner3/netcore/" className="ManagedCode.Communication.Tests.CollectionResults.CollectionResultFromMethodsTests" name="From_FuncTaskWithCancellation_ShouldReturnFailedResult" />
    </UnitTest>
    <UnitTest name="ManagedCode.Communication.Tests.Results.ResultTFailMethodsTests.ResultT_Fail_WithTitleDetailAndStatus_ShouldCreateFailedResultWithSpecifiedStatus" storage="/home/runner/work/communication/communication/managedcode.communication.tests/bin/release/net9.0/managedcode.communication.tests.dll" id="d31f1619-d27f-d07c-9813-9d9c2f563878">
      <Execution id="0541545a-b105-4065-9e01-7ec603e99e09" />
      <TestMethod codeBase="/home/runner/work/Communication/Communication/ManagedCode.Communication.Tests/bin/Release/net9.0/ManagedCode.Communication.Tests.dll" adapterTypeName="executor://xunit/VsTestRunner3/netcore/" className="ManagedCode.Communication.Tests.Results.ResultTFailMethodsTests" name="ResultT_Fail_WithTitleDetailAndStatus_ShouldCreateFailedResultWithSpecifiedStatus" />
    </UnitTest>
    <UnitTest name="ManagedCode.Communication.Tests.CollectionResults.CollectionResultFailMethodsTests.Fail_WithArray_ShouldCreateFailedResultWithItems" storage="/home/runner/work/communication/communication/managedcode.communication.tests/bin/release/net9.0/managedcode.communication.tests.dll" id="55af12a1-8c60-19cc-8253-bcb814fd0918">
      <Execution id="3c33646f-ca79-45be-9fba-30ac5bcd7261" />
      <TestMethod codeBase="/home/runner/work/Communication/Communication/ManagedCode.Communication.Tests/bin/Release/net9.0/ManagedCode.Communication.Tests.dll" adapterTypeName="executor://xunit/VsTestRunner3/netcore/" className="ManagedCode.Communication.Tests.CollectionResults.CollectionResultFailMethodsTests" name="Fail_WithArray_ShouldCreateFailedResultWithItems" />
    </UnitTest>
    <UnitTest name="ManagedCode.Communication.Tests.AspNetCore.Extensions.HubOptionsExtensionsTests.AddCommunicationHubFilter_WithNullServiceProvider_ThrowsArgumentNullException" storage="/home/runner/work/communication/communication/managedcode.communication.tests/bin/release/net9.0/managedcode.communication.tests.dll" id="792fafb6-8218-3fb7-1745-cee38069f92a">
      <Execution id="2939f382-537e-41fb-9ec0-f4d81bfa4f45" />
      <TestMethod codeBase="/home/runner/work/Communication/Communication/ManagedCode.Communication.Tests/bin/Release/net9.0/ManagedCode.Communication.Tests.dll" adapterTypeName="executor://xunit/VsTestRunner3/netcore/" className="ManagedCode.Communication.Tests.AspNetCore.Extensions.HubOptionsExtensionsTests" name="AddCommunicationHubFilter_WithNullServiceProvider_ThrowsArgumentNullException" />
    </UnitTest>
    <UnitTest name="ManagedCode.Communication.Tests.OrleansTests.GrainClientTests.IntResult" storage="/home/runner/work/communication/communication/managedcode.communication.tests/bin/release/net9.0/managedcode.communication.tests.dll" id="ea1ac2dd-01bc-e3fc-f016-90eb60861333">
      <Execution id="b670157f-e683-4b97-b298-41a1ddc92a59" />
      <TestMethod codeBase="/home/runner/work/Communication/Communication/ManagedCode.Communication.Tests/bin/Release/net9.0/ManagedCode.Communication.Tests.dll" adapterTypeName="executor://xunit/VsTestRunner3/netcore/" className="ManagedCode.Communication.Tests.OrleansTests.GrainClientTests" name="IntResult" />
    </UnitTest>
    <UnitTest name="ManagedCode.Communication.Tests.Results.ResultHelperMethodsTests.Result_From_WithSuccessResult_ShouldReturnSuccess" storage="/home/runner/work/communication/communication/managedcode.communication.tests/bin/release/net9.0/managedcode.communication.tests.dll" id="14c31508-17e6-4880-b426-ed6fb60b31cf">
      <Execution id="7185c8ad-241f-4b75-8763-662b3bed2649" />
      <TestMethod codeBase="/home/runner/work/Communication/Communication/ManagedCode.Communication.Tests/bin/Release/net9.0/ManagedCode.Communication.Tests.dll" adapterTypeName="executor://xunit/VsTestRunner3/netcore/" className="ManagedCode.Communication.Tests.Results.ResultHelperMethodsTests" name="Result_From_WithSuccessResult_ShouldReturnSuccess" />
    </UnitTest>
    <UnitTest name="ManagedCode.Communication.Tests.Results.ProblemToExceptionTests.ToException_FromProblemCreatedFromArgumentException_ShouldReconstructOriginalExceptionType" storage="/home/runner/work/communication/communication/managedcode.communication.tests/bin/release/net9.0/managedcode.communication.tests.dll" id="2ef4b8d6-5cce-708a-31e5-cb9e269c0acc">
      <Execution id="ebc49963-91b3-4146-be5b-9ba9f298019a" />
      <TestMethod codeBase="/home/runner/work/Communication/Communication/ManagedCode.Communication.Tests/bin/Release/net9.0/ManagedCode.Communication.Tests.dll" adapterTypeName="executor://xunit/VsTestRunner3/netcore/" className="ManagedCode.Communication.Tests.Results.ProblemToExceptionTests" name="ToException_FromProblemCreatedFromArgumentException_ShouldReconstructOriginalExceptionType" />
    </UnitTest>
    <UnitTest name="ManagedCode.Communication.Tests.Orleans.Serialization.CommandSerializationTests.CommandT_WithNullPayload_ShouldSerializeCorrectly" storage="/home/runner/work/communication/communication/managedcode.communication.tests/bin/release/net9.0/managedcode.communication.tests.dll" id="d7f431fb-d8db-7127-72a4-c56f83d9c52c">
      <Execution id="9a3f750f-671f-409e-9b86-51d1f545d693" />
      <TestMethod codeBase="/home/runner/work/Communication/Communication/ManagedCode.Communication.Tests/bin/Release/net9.0/ManagedCode.Communication.Tests.dll" adapterTypeName="executor://xunit/VsTestRunner3/netcore/" className="ManagedCode.Communication.Tests.Orleans.Serialization.CommandSerializationTests" name="CommandT_WithNullPayload_ShouldSerializeCorrectly" />
    </UnitTest>
    <UnitTest name="ManagedCode.Communication.Tests.Orleans.OrleansSerializationTests.ComplexNestedSerialization_ShouldPreserveAllData" storage="/home/runner/work/communication/communication/managedcode.communication.tests/bin/release/net9.0/managedcode.communication.tests.dll" id="5874f3ff-508a-2af1-27a9-3900f428d369">
      <Execution id="2af73a11-75fd-4c45-8736-6a8e825ef291" />
      <TestMethod codeBase="/home/runner/work/Communication/Communication/ManagedCode.Communication.Tests/bin/Release/net9.0/ManagedCode.Communication.Tests.dll" adapterTypeName="executor://xunit/VsTestRunner3/netcore/" className="ManagedCode.Communication.Tests.Orleans.OrleansSerializationTests" name="ComplexNestedSerialization_ShouldPreserveAllData" />
    </UnitTest>
    <UnitTest name="ManagedCode.Communication.Tests.Results.ResultInvalidMethodsTests.Result_InvalidT_WithEnum_ShouldCreateValidationResultWithErrorCode" storage="/home/runner/work/communication/communication/managedcode.communication.tests/bin/release/net9.0/managedcode.communication.tests.dll" id="fad8656f-3a30-7eb3-0345-621f29855f5d">
      <Execution id="7e3bee50-6957-4e89-81c6-875a35b5f963" />
      <TestMethod codeBase="/home/runner/work/Communication/Communication/ManagedCode.Communication.Tests/bin/Release/net9.0/ManagedCode.Communication.Tests.dll" adapterTypeName="executor://xunit/VsTestRunner3/netcore/" className="ManagedCode.Communication.Tests.Results.ResultInvalidMethodsTests" name="Result_InvalidT_WithEnum_ShouldCreateValidationResultWithErrorCode" />
    </UnitTest>
    <UnitTest name="ManagedCode.Communication.Tests.Commands.CommandTests.FromIdValue" storage="/home/runner/work/communication/communication/managedcode.communication.tests/bin/release/net9.0/managedcode.communication.tests.dll" id="8849bd85-5b3b-67b2-7599-9a1cb03570c4">
      <Execution id="14517192-932c-4d7a-90db-ae29f755f2cc" />
      <TestMethod codeBase="/home/runner/work/Communication/Communication/ManagedCode.Communication.Tests/bin/Release/net9.0/ManagedCode.Communication.Tests.dll" adapterTypeName="executor://xunit/VsTestRunner3/netcore/" className="ManagedCode.Communication.Tests.Commands.CommandTests" name="FromIdValue" />
    </UnitTest>
    <UnitTest name="ManagedCode.Communication.Tests.Results.ResultTests.ThrowIfFail_WithProblemException_ShouldPreserveProblemDetails" storage="/home/runner/work/communication/communication/managedcode.communication.tests/bin/release/net9.0/managedcode.communication.tests.dll" id="7adc2e63-29c5-a641-137d-0906b0776597">
      <Execution id="8cac5a34-e270-46ae-92ae-c1e6f29c7aa9" />
      <TestMethod codeBase="/home/runner/work/Communication/Communication/ManagedCode.Communication.Tests/bin/Release/net9.0/ManagedCode.Communication.Tests.dll" adapterTypeName="executor://xunit/VsTestRunner3/netcore/" className="ManagedCode.Communication.Tests.Results.ResultTests" name="ThrowIfFail_WithProblemException_ShouldPreserveProblemDetails" />
    </UnitTest>
    <UnitTest name="ManagedCode.Communication.Tests.Extensions.RailwayExtensionsTests.Finally_FailedResult_ExecutesAction" storage="/home/runner/work/communication/communication/managedcode.communication.tests/bin/release/net9.0/managedcode.communication.tests.dll" id="3c1351f2-b304-b994-7193-22c9e52a8782">
      <Execution id="b3605cda-aad3-4d25-8d12-3856cf8c2ee0" />
      <TestMethod codeBase="/home/runner/work/Communication/Communication/ManagedCode.Communication.Tests/bin/Release/net9.0/ManagedCode.Communication.Tests.dll" adapterTypeName="executor://xunit/VsTestRunner3/netcore/" className="ManagedCode.Communication.Tests.Extensions.RailwayExtensionsTests" name="Finally_FailedResult_ExecutesAction" />
    </UnitTest>
    <UnitTest name="ManagedCode.Communication.Tests.ResultExtensionsTests.TapGeneric_WithSuccessResult_ShouldExecuteActionWithValue" storage="/home/runner/work/communication/communication/managedcode.communication.tests/bin/release/net9.0/managedcode.communication.tests.dll" id="924855e1-9194-3b57-9cd1-1c25809360b6">
      <Execution id="7f9b5bb5-4443-43fa-8d2e-e1a49000f156" />
      <TestMethod codeBase="/home/runner/work/Communication/Communication/ManagedCode.Communication.Tests/bin/Release/net9.0/ManagedCode.Communication.Tests.dll" adapterTypeName="executor://xunit/VsTestRunner3/netcore/" className="ManagedCode.Communication.Tests.ResultExtensionsTests" name="TapGeneric_WithSuccessResult_ShouldExecuteActionWithValue" />
    </UnitTest>
    <UnitTest name="ManagedCode.Communication.Tests.AspNetCore.Extensions.ServiceCollectionExtensionsTests.Communication_Should_Handle_Enum_Errors" storage="/home/runner/work/communication/communication/managedcode.communication.tests/bin/release/net9.0/managedcode.communication.tests.dll" id="f1ac5241-744a-004f-7a68-4b73cb2ee500">
      <Execution id="281d7d38-abfc-463c-b1c4-d3028223bb6e" />
      <TestMethod codeBase="/home/runner/work/Communication/Communication/ManagedCode.Communication.Tests/bin/Release/net9.0/ManagedCode.Communication.Tests.dll" adapterTypeName="executor://xunit/VsTestRunner3/netcore/" className="ManagedCode.Communication.Tests.AspNetCore.Extensions.ServiceCollectionExtensionsTests" name="Communication_Should_Handle_Enum_Errors" />
    </UnitTest>
    <UnitTest name="ManagedCode.Communication.Tests.Results.ResultStaticHelperMethodsTests.Result_FailT_NoParameters_ShouldCreateFailedResultT" storage="/home/runner/work/communication/communication/managedcode.communication.tests/bin/release/net9.0/managedcode.communication.tests.dll" id="46310652-8cba-41d1-ad89-4a295ad73bfd">
      <Execution id="f4888fce-afc3-49bd-ae7b-567cfd035363" />
      <TestMethod codeBase="/home/runner/work/Communication/Communication/ManagedCode.Communication.Tests/bin/Release/net9.0/ManagedCode.Communication.Tests.dll" adapterTypeName="executor://xunit/VsTestRunner3/netcore/" className="ManagedCode.Communication.Tests.Results.ResultStaticHelperMethodsTests" name="Result_FailT_NoParameters_ShouldCreateFailedResultT" />
    </UnitTest>
    <UnitTest name="ManagedCode.Communication.Tests.Results.ResultOperatorsTests.Result_TryAsync_WithSuccessfulAction_ShouldReturnSuccessResult" storage="/home/runner/work/communication/communication/managedcode.communication.tests/bin/release/net9.0/managedcode.communication.tests.dll" id="18415b52-0d3b-632d-e54d-5820f161e676">
      <Execution id="9f2d5ad1-4dea-40ac-94f4-bf0c3ab58f29" />
      <TestMethod codeBase="/home/runner/work/Communication/Communication/ManagedCode.Communication.Tests/bin/Release/net9.0/ManagedCode.Communication.Tests.dll" adapterTypeName="executor://xunit/VsTestRunner3/netcore/" className="ManagedCode.Communication.Tests.Results.ResultOperatorsTests" name="Result_TryAsync_WithSuccessfulAction_ShouldReturnSuccessResult" />
    </UnitTest>
    <UnitTest name="ManagedCode.Communication.Tests.Results.ResultOperatorsTests.CollectionResult_SucceedFromArray_ShouldCreateSuccessResult" storage="/home/runner/work/communication/communication/managedcode.communication.tests/bin/release/net9.0/managedcode.communication.tests.dll" id="a335cdf5-8bc7-ca99-6fe9-64ef25663cd0">
      <Execution id="0df7084f-92f3-4199-bae6-b72a5129a6c3" />
      <TestMethod codeBase="/home/runner/work/Communication/Communication/ManagedCode.Communication.Tests/bin/Release/net9.0/ManagedCode.Communication.Tests.dll" adapterTypeName="executor://xunit/VsTestRunner3/netcore/" className="ManagedCode.Communication.Tests.Results.ResultOperatorsTests" name="CollectionResult_SucceedFromArray_ShouldCreateSuccessResult" />
    </UnitTest>
    <UnitTest name="ManagedCode.Communication.Tests.Results.ResultTFailMethodsTests.ResultT_FailUnauthorized_NoParameters_ShouldCreateUnauthorizedResult" storage="/home/runner/work/communication/communication/managedcode.communication.tests/bin/release/net9.0/managedcode.communication.tests.dll" id="c4d29875-feb5-a7dc-a76f-80d1469f6e29">
      <Execution id="45a20791-24b6-4fe8-8483-92d9663f243d" />
      <TestMethod codeBase="/home/runner/work/Communication/Communication/ManagedCode.Communication.Tests/bin/Release/net9.0/ManagedCode.Communication.Tests.dll" adapterTypeName="executor://xunit/VsTestRunner3/netcore/" className="ManagedCode.Communication.Tests.Results.ResultTFailMethodsTests" name="ResultT_FailUnauthorized_NoParameters_ShouldCreateUnauthorizedResult" />
    </UnitTest>
    <UnitTest name="ManagedCode.Communication.Tests.Results.ResultTests.Fail_WithProblem_ShouldCreateFailedResult" storage="/home/runner/work/communication/communication/managedcode.communication.tests/bin/release/net9.0/managedcode.communication.tests.dll" id="96f1738f-e2d9-406a-9b7b-fefb5ff95362">
      <Execution id="1ba23d10-936b-4366-a882-df9cf954412e" />
      <TestMethod codeBase="/home/runner/work/Communication/Communication/ManagedCode.Communication.Tests/bin/Release/net9.0/ManagedCode.Communication.Tests.dll" adapterTypeName="executor://xunit/VsTestRunner3/netcore/" className="ManagedCode.Communication.Tests.Results.ResultTests" name="Fail_WithProblem_ShouldCreateFailedResult" />
    </UnitTest>
    <UnitTest name="ManagedCode.Communication.Tests.Results.ProblemTests.FromException_ShouldCreateProblemFromException" storage="/home/runner/work/communication/communication/managedcode.communication.tests/bin/release/net9.0/managedcode.communication.tests.dll" id="bfa6a2fe-1dd5-18fe-deaf-f94c809d7864">
      <Execution id="90a49ba6-752f-48d6-a381-df9314745873" />
      <TestMethod codeBase="/home/runner/work/Communication/Communication/ManagedCode.Communication.Tests/bin/Release/net9.0/ManagedCode.Communication.Tests.dll" adapterTypeName="executor://xunit/VsTestRunner3/netcore/" className="ManagedCode.Communication.Tests.Results.ProblemTests" name="FromException_ShouldCreateProblemFromException" />
    </UnitTest>
    <UnitTest name="ManagedCode.Communication.Tests.Results.CollectionResultTests.InvalidField_WithValidationProblem_ShouldReturnCorrectResult" storage="/home/runner/work/communication/communication/managedcode.communication.tests/bin/release/net9.0/managedcode.communication.tests.dll" id="a9049ec7-47e6-1452-0cab-fffe5164f084">
      <Execution id="dd6cd051-b005-4e6f-a7e7-6fbad7ee0282" />
      <TestMethod codeBase="/home/runner/work/Communication/Communication/ManagedCode.Communication.Tests/bin/Release/net9.0/ManagedCode.Communication.Tests.dll" adapterTypeName="executor://xunit/VsTestRunner3/netcore/" className="ManagedCode.Communication.Tests.Results.CollectionResultTests" name="InvalidField_WithValidationProblem_ShouldReturnCorrectResult" />
    </UnitTest>
    <UnitTest name="ManagedCode.Communication.Tests.Results.ResultTTests.FailValidation_ShouldCreateValidationResult" storage="/home/runner/work/communication/communication/managedcode.communication.tests/bin/release/net9.0/managedcode.communication.tests.dll" id="c7343c2c-78ed-5e3a-c3ed-259714840c06">
      <Execution id="be7a8da3-264f-4877-ab4b-70580490b572" />
      <TestMethod codeBase="/home/runner/work/Communication/Communication/ManagedCode.Communication.Tests/bin/Release/net9.0/ManagedCode.Communication.Tests.dll" adapterTypeName="executor://xunit/VsTestRunner3/netcore/" className="ManagedCode.Communication.Tests.Results.ResultTTests" name="FailValidation_ShouldCreateValidationResult" />
    </UnitTest>
    <UnitTest name="ManagedCode.Communication.Tests.AspNetCore.Extensions.ControllerExtensionsTests.ToActionResult_WithVariousStatusCodes_ReturnsCorrectStatusCode(statusCode: 422, title: &quot;Unprocessable Entity&quot;)" storage="/home/runner/work/communication/communication/managedcode.communication.tests/bin/release/net9.0/managedcode.communication.tests.dll" id="8bd92cbc-b4a1-3cf0-6835-cad5eb18c15d">
      <Execution id="59098603-ccbb-4ed2-a17c-95f7d09bd8cb" />
      <TestMethod codeBase="/home/runner/work/Communication/Communication/ManagedCode.Communication.Tests/bin/Release/net9.0/ManagedCode.Communication.Tests.dll" adapterTypeName="executor://xunit/VsTestRunner3/netcore/" className="ManagedCode.Communication.Tests.AspNetCore.Extensions.ControllerExtensionsTests" name="ToActionResult_WithVariousStatusCodes_ReturnsCorrectStatusCode" />
    </UnitTest>
    <UnitTest name="ManagedCode.Communication.Tests.Results.ResultTFailMethodsTests.ResultT_Fail_WithEnumAndStatus_ShouldCreateFailedResultWithErrorCodeAndStatus" storage="/home/runner/work/communication/communication/managedcode.communication.tests/bin/release/net9.0/managedcode.communication.tests.dll" id="ac1ffaa9-ae14-8f71-b2ad-c1cdc3b66547">
      <Execution id="9dce4888-b6b7-48d5-ae4b-df77bc7a43a7" />
      <TestMethod codeBase="/home/runner/work/Communication/Communication/ManagedCode.Communication.Tests/bin/Release/net9.0/ManagedCode.Communication.Tests.dll" adapterTypeName="executor://xunit/VsTestRunner3/netcore/" className="ManagedCode.Communication.Tests.Results.ResultTFailMethodsTests" name="ResultT_Fail_WithEnumAndStatus_ShouldCreateFailedResultWithErrorCodeAndStatus" />
    </UnitTest>
    <UnitTest name="ManagedCode.Communication.Tests.CollectionResults.CollectionResultFromMethodsTests.From_FuncReturningHashSet_ShouldCreateSuccessResult" storage="/home/runner/work/communication/communication/managedcode.communication.tests/bin/release/net9.0/managedcode.communication.tests.dll" id="ce3fa9f3-48b0-1831-219b-9a887cfec004">
      <Execution id="91038ce1-d002-407a-8e0e-3cb6503b10ed" />
      <TestMethod codeBase="/home/runner/work/Communication/Communication/ManagedCode.Communication.Tests/bin/Release/net9.0/ManagedCode.Communication.Tests.dll" adapterTypeName="executor://xunit/VsTestRunner3/netcore/" className="ManagedCode.Communication.Tests.CollectionResults.CollectionResultFromMethodsTests" name="From_FuncReturningHashSet_ShouldCreateSuccessResult" />
    </UnitTest>
    <UnitTest name="ManagedCode.Communication.Tests.Orleans.OrleansSerializationTests.ErrorHandling_ValidationErrors_ShouldSerializeCorrectly" storage="/home/runner/work/communication/communication/managedcode.communication.tests/bin/release/net9.0/managedcode.communication.tests.dll" id="77aaea21-e151-49fb-b25c-62821a330697">
      <Execution id="43428869-c8b6-4900-b49c-7e96ef0b6e49" />
      <TestMethod codeBase="/home/runner/work/Communication/Communication/ManagedCode.Communication.Tests/bin/Release/net9.0/ManagedCode.Communication.Tests.dll" adapterTypeName="executor://xunit/VsTestRunner3/netcore/" className="ManagedCode.Communication.Tests.Orleans.OrleansSerializationTests" name="ErrorHandling_ValidationErrors_ShouldSerializeCorrectly" />
    </UnitTest>
    <UnitTest name="ManagedCode.Communication.Tests.Commands.CommandTests.FromValue" storage="/home/runner/work/communication/communication/managedcode.communication.tests/bin/release/net9.0/managedcode.communication.tests.dll" id="d1f027cb-91cb-a032-394a-24ef43e517de">
      <Execution id="437a38d5-08fd-4bc9-a88f-8057bcfa96a4" />
      <TestMethod codeBase="/home/runner/work/Communication/Communication/ManagedCode.Communication.Tests/bin/Release/net9.0/ManagedCode.Communication.Tests.dll" adapterTypeName="executor://xunit/VsTestRunner3/netcore/" className="ManagedCode.Communication.Tests.Commands.CommandTests" name="FromValue" />
    </UnitTest>
    <UnitTest name="ManagedCode.Communication.Tests.Results.ResultOperatorsTests.CollectionResult_Fail_WithEnum_ShouldCreateFailedResultWithErrorCode" storage="/home/runner/work/communication/communication/managedcode.communication.tests/bin/release/net9.0/managedcode.communication.tests.dll" id="9085edc1-23da-0141-ff53-9bb481ec3c06">
      <Execution id="a7bf38af-fb0b-4342-bd65-549062c6e039" />
      <TestMethod codeBase="/home/runner/work/Communication/Communication/ManagedCode.Communication.Tests/bin/Release/net9.0/ManagedCode.Communication.Tests.dll" adapterTypeName="executor://xunit/VsTestRunner3/netcore/" className="ManagedCode.Communication.Tests.Results.ResultOperatorsTests" name="CollectionResult_Fail_WithEnum_ShouldCreateFailedResultWithErrorCode" />
    </UnitTest>
    <UnitTest name="ManagedCode.Communication.Tests.Extensions.RailwayExtensionsTests.Match_SuccessfulResult_ExecutesOnSuccess" storage="/home/runner/work/communication/communication/managedcode.communication.tests/bin/release/net9.0/managedcode.communication.tests.dll" id="1d4a9ecb-b166-605d-08b1-b1a2e2f4e86b">
      <Execution id="2003c49f-2bd3-49f7-82c5-4b5efdbac625" />
      <TestMethod codeBase="/home/runner/work/Communication/Communication/ManagedCode.Communication.Tests/bin/Release/net9.0/ManagedCode.Communication.Tests.dll" adapterTypeName="executor://xunit/VsTestRunner3/netcore/" className="ManagedCode.Communication.Tests.Extensions.RailwayExtensionsTests" name="Match_SuccessfulResult_ExecutesOnSuccess" />
    </UnitTest>
    <UnitTest name="ManagedCode.Communication.Tests.Extensions.ProblemExtensionsTests.ToProblemDetails_ShouldConvertProblemToProblemDetails" storage="/home/runner/work/communication/communication/managedcode.communication.tests/bin/release/net9.0/managedcode.communication.tests.dll" id="c214f264-6d82-7290-5fa6-35b6158af292">
      <Execution id="636a93cd-86a6-4231-9026-a8a0d46dccc5" />
      <TestMethod codeBase="/home/runner/work/Communication/Communication/ManagedCode.Communication.Tests/bin/Release/net9.0/ManagedCode.Communication.Tests.dll" adapterTypeName="executor://xunit/VsTestRunner3/netcore/" className="ManagedCode.Communication.Tests.Extensions.ProblemExtensionsTests" name="ToProblemDetails_ShouldConvertProblemToProblemDetails" />
    </UnitTest>
    <UnitTest name="ManagedCode.Communication.Tests.ControllerTests.MiddlewareTests.SuccessResult" storage="/home/runner/work/communication/communication/managedcode.communication.tests/bin/release/net9.0/managedcode.communication.tests.dll" id="7ec712aa-0f40-61e7-c73d-a19584ac1f5b">
      <Execution id="10df1f37-6f47-40d3-9ca7-76f6b469e931" />
      <TestMethod codeBase="/home/runner/work/Communication/Communication/ManagedCode.Communication.Tests/bin/Release/net9.0/ManagedCode.Communication.Tests.dll" adapterTypeName="executor://xunit/VsTestRunner3/netcore/" className="ManagedCode.Communication.Tests.ControllerTests.MiddlewareTests" name="SuccessResult" />
    </UnitTest>
    <UnitTest name="ManagedCode.Communication.Tests.Results.ProblemTests.HasErrorCode_WithMatchingEnum_ShouldReturnTrue" storage="/home/runner/work/communication/communication/managedcode.communication.tests/bin/release/net9.0/managedcode.communication.tests.dll" id="3f8cf111-d901-cf6d-6700-aa95356160f6">
      <Execution id="ea543179-706d-4dfe-b755-19692ce39d11" />
      <TestMethod codeBase="/home/runner/work/Communication/Communication/ManagedCode.Communication.Tests/bin/Release/net9.0/ManagedCode.Communication.Tests.dll" adapterTypeName="executor://xunit/VsTestRunner3/netcore/" className="ManagedCode.Communication.Tests.Results.ProblemTests" name="HasErrorCode_WithMatchingEnum_ShouldReturnTrue" />
    </UnitTest>
    <UnitTest name="ManagedCode.Communication.Tests.Extensions.ProblemExtensionsTests.ToProblemDetails_WithZeroStatusCode_ShouldSetStatusToNull" storage="/home/runner/work/communication/communication/managedcode.communication.tests/bin/release/net9.0/managedcode.communication.tests.dll" id="ecd658bb-d82c-2e31-7762-ce43abc7546e">
      <Execution id="fd9ea115-d3ce-44b5-a47d-30d55c4f2905" />
      <TestMethod codeBase="/home/runner/work/Communication/Communication/ManagedCode.Communication.Tests/bin/Release/net9.0/ManagedCode.Communication.Tests.dll" adapterTypeName="executor://xunit/VsTestRunner3/netcore/" className="ManagedCode.Communication.Tests.Extensions.ProblemExtensionsTests" name="ToProblemDetails_WithZeroStatusCode_ShouldSetStatusToNull" />
    </UnitTest>
    <UnitTest name="ManagedCode.Communication.Tests.Results.RailwayOrientedProgrammingTests.Bind_ChainedOperations_ShouldWork" storage="/home/runner/work/communication/communication/managedcode.communication.tests/bin/release/net9.0/managedcode.communication.tests.dll" id="20a5b366-61d2-1b17-1341-93fed7be4651">
      <Execution id="580ec3c6-d0ad-4538-8db8-dd7717c1d546" />
      <TestMethod codeBase="/home/runner/work/Communication/Communication/ManagedCode.Communication.Tests/bin/Release/net9.0/ManagedCode.Communication.Tests.dll" adapterTypeName="executor://xunit/VsTestRunner3/netcore/" className="ManagedCode.Communication.Tests.Results.RailwayOrientedProgrammingTests" name="Bind_ChainedOperations_ShouldWork" />
    </UnitTest>
    <UnitTest name="ManagedCode.Communication.Tests.CollectionResults.CollectionResultFromMethodsTests.From_FuncTaskEnumerable_ShouldCreateSuccessResult" storage="/home/runner/work/communication/communication/managedcode.communication.tests/bin/release/net9.0/managedcode.communication.tests.dll" id="3d9f20f0-96d2-34ea-57ab-5c0f35cc018c">
      <Execution id="185a0277-0a64-4910-b289-02f13ccd1f62" />
      <TestMethod codeBase="/home/runner/work/Communication/Communication/ManagedCode.Communication.Tests/bin/Release/net9.0/ManagedCode.Communication.Tests.dll" adapterTypeName="executor://xunit/VsTestRunner3/netcore/" className="ManagedCode.Communication.Tests.CollectionResults.CollectionResultFromMethodsTests" name="From_FuncTaskEnumerable_ShouldCreateSuccessResult" />
    </UnitTest>
    <UnitTest name="ManagedCode.Communication.Tests.Orleans.Serialization.ProblemSerializationTests.Problem_WithAllFields_ShouldSerializeCorrectly" storage="/home/runner/work/communication/communication/managedcode.communication.tests/bin/release/net9.0/managedcode.communication.tests.dll" id="6ae26cda-9ea5-f09e-3c41-fb491e5f7a36">
      <Execution id="decee6d9-ec4e-4502-b97b-eb661e59843f" />
      <TestMethod codeBase="/home/runner/work/Communication/Communication/ManagedCode.Communication.Tests/bin/Release/net9.0/ManagedCode.Communication.Tests.dll" adapterTypeName="executor://xunit/VsTestRunner3/netcore/" className="ManagedCode.Communication.Tests.Orleans.Serialization.ProblemSerializationTests" name="Problem_WithAllFields_ShouldSerializeCorrectly" />
    </UnitTest>
    <UnitTest name="ManagedCode.Communication.Tests.Results.CollectionResultInvalidMethodsTests.CollectionResult_Invalid_WithEnumAndKeyValue_ShouldCreateValidationResultWithAll" storage="/home/runner/work/communication/communication/managedcode.communication.tests/bin/release/net9.0/managedcode.communication.tests.dll" id="898c9cc8-bb35-e599-7c7d-53a4b1099340">
      <Execution id="826854d8-f5c6-4d36-a838-133c844d7ef3" />
      <TestMethod codeBase="/home/runner/work/Communication/Communication/ManagedCode.Communication.Tests/bin/Release/net9.0/ManagedCode.Communication.Tests.dll" adapterTypeName="executor://xunit/VsTestRunner3/netcore/" className="ManagedCode.Communication.Tests.Results.CollectionResultInvalidMethodsTests" name="CollectionResult_Invalid_WithEnumAndKeyValue_ShouldCreateValidationResultWithAll" />
    </UnitTest>
    <UnitTest name="ManagedCode.Communication.Tests.Results.ResultFailMethodsTests.Result_FailValidation_WithMultipleErrors_ShouldCreateValidationFailedResultWithAllErrors" storage="/home/runner/work/communication/communication/managedcode.communication.tests/bin/release/net9.0/managedcode.communication.tests.dll" id="e9cb769c-b635-ee8b-10f7-3c2bfac37d63">
      <Execution id="fa5a9a84-da71-460b-8195-83509d21f304" />
      <TestMethod codeBase="/home/runner/work/Communication/Communication/ManagedCode.Communication.Tests/bin/Release/net9.0/ManagedCode.Communication.Tests.dll" adapterTypeName="executor://xunit/VsTestRunner3/netcore/" className="ManagedCode.Communication.Tests.Results.ResultFailMethodsTests" name="Result_FailValidation_WithMultipleErrors_ShouldCreateValidationFailedResultWithAllErrors" />
    </UnitTest>
    <UnitTest name="ManagedCode.Communication.Tests.Results.CollectionResultInvalidMethodsTests.CollectionResult_Invalid_WithDictionary_ShouldCreateValidationResultWithAllErrors" storage="/home/runner/work/communication/communication/managedcode.communication.tests/bin/release/net9.0/managedcode.communication.tests.dll" id="9b1f8110-ea93-e02f-1655-61606e4aebd0">
      <Execution id="fecfaf95-95c8-456d-b5f7-4255a73a77db" />
      <TestMethod codeBase="/home/runner/work/Communication/Communication/ManagedCode.Communication.Tests/bin/Release/net9.0/ManagedCode.Communication.Tests.dll" adapterTypeName="executor://xunit/VsTestRunner3/netcore/" className="ManagedCode.Communication.Tests.Results.CollectionResultInvalidMethodsTests" name="CollectionResult_Invalid_WithDictionary_ShouldCreateValidationResultWithAllErrors" />
    </UnitTest>
    <UnitTest name="ManagedCode.Communication.Tests.Extensions.ProblemExtensionsTests.RoundTrip_ProblemToProblemDetailsAndBack_ShouldPreserveAllData" storage="/home/runner/work/communication/communication/managedcode.communication.tests/bin/release/net9.0/managedcode.communication.tests.dll" id="51b443bb-f015-cdb0-7b07-a9cab8e0e8a8">
      <Execution id="acab89ba-0ea6-45bc-88d5-61d99e4f7ba5" />
      <TestMethod codeBase="/home/runner/work/Communication/Communication/ManagedCode.Communication.Tests/bin/Release/net9.0/ManagedCode.Communication.Tests.dll" adapterTypeName="executor://xunit/VsTestRunner3/netcore/" className="ManagedCode.Communication.Tests.Extensions.ProblemExtensionsTests" name="RoundTrip_ProblemToProblemDetailsAndBack_ShouldPreserveAllData" />
    </UnitTest>
    <UnitTest name="ManagedCode.Communication.Tests.Extensions.AdvancedRailwayExtensionsTests.OkIf_WithTrueCondition_KeepsSuccess" storage="/home/runner/work/communication/communication/managedcode.communication.tests/bin/release/net9.0/managedcode.communication.tests.dll" id="c31f1374-aadb-6c82-3feb-88f26c5a10d3">
      <Execution id="92229df5-e3ae-4ee2-9115-7dff1d9cc161" />
      <TestMethod codeBase="/home/runner/work/Communication/Communication/ManagedCode.Communication.Tests/bin/Release/net9.0/ManagedCode.Communication.Tests.dll" adapterTypeName="executor://xunit/VsTestRunner3/netcore/" className="ManagedCode.Communication.Tests.Extensions.AdvancedRailwayExtensionsTests" name="OkIf_WithTrueCondition_KeepsSuccess" />
    </UnitTest>
    <UnitTest name="ManagedCode.Communication.Tests.CollectionResults.CollectionResultFromMethodsTests.From_FuncReturningArray_ShouldCreateSuccessResult" storage="/home/runner/work/communication/communication/managedcode.communication.tests/bin/release/net9.0/managedcode.communication.tests.dll" id="e39e9980-2b7c-af72-8ea9-548ab3dc3398">
      <Execution id="05344d38-c892-43ef-a2b3-75afd39bdf2a" />
      <TestMethod codeBase="/home/runner/work/Communication/Communication/ManagedCode.Communication.Tests/bin/Release/net9.0/ManagedCode.Communication.Tests.dll" adapterTypeName="executor://xunit/VsTestRunner3/netcore/" className="ManagedCode.Communication.Tests.CollectionResults.CollectionResultFromMethodsTests" name="From_FuncReturningArray_ShouldCreateSuccessResult" />
    </UnitTest>
    <UnitTest name="ManagedCode.Communication.Tests.Orleans.Serialization.ResultSerializationTests.ResultT_WithNullValue_ShouldSerializeCorrectly" storage="/home/runner/work/communication/communication/managedcode.communication.tests/bin/release/net9.0/managedcode.communication.tests.dll" id="a446a9ac-cd6d-4eef-b2f8-502eddef1fa4">
      <Execution id="b96dacef-3389-4a54-b55a-3a0ab61b68af" />
      <TestMethod codeBase="/home/runner/work/Communication/Communication/ManagedCode.Communication.Tests/bin/Release/net9.0/ManagedCode.Communication.Tests.dll" adapterTypeName="executor://xunit/VsTestRunner3/netcore/" className="ManagedCode.Communication.Tests.Orleans.Serialization.ResultSerializationTests" name="ResultT_WithNullValue_ShouldSerializeCorrectly" />
    </UnitTest>
    <UnitTest name="ManagedCode.Communication.Tests.Extensions.AdvancedRailwayExtensionsTests.ToResult_WithNonNullValue_ReturnsSuccess" storage="/home/runner/work/communication/communication/managedcode.communication.tests/bin/release/net9.0/managedcode.communication.tests.dll" id="f42fe5a1-8c83-097f-d090-6df0e300c303">
      <Execution id="f5a78937-fb43-4466-825f-4f6e2088302e" />
      <TestMethod codeBase="/home/runner/work/Communication/Communication/ManagedCode.Communication.Tests/bin/Release/net9.0/ManagedCode.Communication.Tests.dll" adapterTypeName="executor://xunit/VsTestRunner3/netcore/" className="ManagedCode.Communication.Tests.Extensions.AdvancedRailwayExtensionsTests" name="ToResult_WithNonNullValue_ReturnsSuccess" />
    </UnitTest>
    <UnitTest name="ManagedCode.Communication.Tests.Results.ResultTFailMethodsTests.ResultT_FailValidation_WithDuplicateFields_ShouldCombineErrors" storage="/home/runner/work/communication/communication/managedcode.communication.tests/bin/release/net9.0/managedcode.communication.tests.dll" id="08587cdb-9504-186b-dbc3-8b9a87b10c10">
      <Execution id="c8f910f7-7012-4614-97b8-0babf24885d9" />
      <TestMethod codeBase="/home/runner/work/Communication/Communication/ManagedCode.Communication.Tests/bin/Release/net9.0/ManagedCode.Communication.Tests.dll" adapterTypeName="executor://xunit/VsTestRunner3/netcore/" className="ManagedCode.Communication.Tests.Results.ResultTFailMethodsTests" name="ResultT_FailValidation_WithDuplicateFields_ShouldCombineErrors" />
    </UnitTest>
    <UnitTest name="ManagedCode.Communication.Tests.Results.ResultHelperMethodsTests.ResultT_ThrowIfFail_WithFailure_ShouldThrowProblemException" storage="/home/runner/work/communication/communication/managedcode.communication.tests/bin/release/net9.0/managedcode.communication.tests.dll" id="71c2c6e3-3e9a-c3a1-9360-c0c1796ab5f0">
      <Execution id="4d63cde1-3a19-4f18-b66c-ee4855e47a48" />
      <TestMethod codeBase="/home/runner/work/Communication/Communication/ManagedCode.Communication.Tests/bin/Release/net9.0/ManagedCode.Communication.Tests.dll" adapterTypeName="executor://xunit/VsTestRunner3/netcore/" className="ManagedCode.Communication.Tests.Results.ResultHelperMethodsTests" name="ResultT_ThrowIfFail_WithFailure_ShouldThrowProblemException" />
    </UnitTest>
    <UnitTest name="ManagedCode.Communication.Tests.ResultExtensionsTests.BindAsyncGeneric_WithSuccessResult_ShouldChainAsyncOperations" storage="/home/runner/work/communication/communication/managedcode.communication.tests/bin/release/net9.0/managedcode.communication.tests.dll" id="59a8f339-f82c-db3a-3ce5-7a3aa210b60d">
      <Execution id="78b3cbd9-df9c-41a9-9ce9-cf16f24944f0" />
      <TestMethod codeBase="/home/runner/work/Communication/Communication/ManagedCode.Communication.Tests/bin/Release/net9.0/ManagedCode.Communication.Tests.dll" adapterTypeName="executor://xunit/VsTestRunner3/netcore/" className="ManagedCode.Communication.Tests.ResultExtensionsTests" name="BindAsyncGeneric_WithSuccessResult_ShouldChainAsyncOperations" />
    </UnitTest>
    <UnitTest name="ManagedCode.Communication.Tests.Results.ProblemExceptionTests.Constructor_WithBasicDetails_ShouldCreateProblemAndSetProperties" storage="/home/runner/work/communication/communication/managedcode.communication.tests/bin/release/net9.0/managedcode.communication.tests.dll" id="7c24f30a-cdbb-9287-2f6f-be40b9f25947">
      <Execution id="693ca9c7-8c2a-4bdb-bb0e-29685ade9ebd" />
      <TestMethod codeBase="/home/runner/work/Communication/Communication/ManagedCode.Communication.Tests/bin/Release/net9.0/ManagedCode.Communication.Tests.dll" adapterTypeName="executor://xunit/VsTestRunner3/netcore/" className="ManagedCode.Communication.Tests.Results.ProblemExceptionTests" name="Constructor_WithBasicDetails_ShouldCreateProblemAndSetProperties" />
    </UnitTest>
    <UnitTest name="ManagedCode.Communication.Tests.Results.ResultTests.From_WithException_ShouldCreateFailedResult" storage="/home/runner/work/communication/communication/managedcode.communication.tests/bin/release/net9.0/managedcode.communication.tests.dll" id="aad140b3-4196-9d5b-27c9-77ac877f082f">
      <Execution id="9faebe42-75c5-4b85-b358-3c3edd501839" />
      <TestMethod codeBase="/home/runner/work/Communication/Communication/ManagedCode.Communication.Tests/bin/Release/net9.0/ManagedCode.Communication.Tests.dll" adapterTypeName="executor://xunit/VsTestRunner3/netcore/" className="ManagedCode.Communication.Tests.Results.ResultTests" name="From_WithException_ShouldCreateFailedResult" />
    </UnitTest>
    <UnitTest name="ManagedCode.Communication.Tests.Results.ProblemToExceptionTests.ToException_FromProblemCreatedFromInvalidOperationException_ShouldReconstructOriginalExceptionType" storage="/home/runner/work/communication/communication/managedcode.communication.tests/bin/release/net9.0/managedcode.communication.tests.dll" id="fd226736-c1a4-0f7f-960f-3551ec9d470c">
      <Execution id="9b44b30b-9202-46f9-9c41-a26529a06b82" />
      <TestMethod codeBase="/home/runner/work/Communication/Communication/ManagedCode.Communication.Tests/bin/Release/net9.0/ManagedCode.Communication.Tests.dll" adapterTypeName="executor://xunit/VsTestRunner3/netcore/" className="ManagedCode.Communication.Tests.Results.ProblemToExceptionTests" name="ToException_FromProblemCreatedFromInvalidOperationException_ShouldReconstructOriginalExceptionType" />
    </UnitTest>
    <UnitTest name="ManagedCode.Communication.Tests.ProblemTests.ProblemCreateMethodsTests.Problem_Create_FromExceptionWithData_ShouldHandleValidKeysOnly" storage="/home/runner/work/communication/communication/managedcode.communication.tests/bin/release/net9.0/managedcode.communication.tests.dll" id="93cfea10-487c-2fd1-30d8-938278bfacad">
      <Execution id="2e32c748-1a27-4b49-8155-bae4cebbfe27" />
      <TestMethod codeBase="/home/runner/work/Communication/Communication/ManagedCode.Communication.Tests/bin/Release/net9.0/ManagedCode.Communication.Tests.dll" adapterTypeName="executor://xunit/VsTestRunner3/netcore/" className="ManagedCode.Communication.Tests.ProblemTests.ProblemCreateMethodsTests" name="Problem_Create_FromExceptionWithData_ShouldHandleValidKeysOnly" />
    </UnitTest>
    <UnitTest name="ManagedCode.Communication.Tests.CollectionResults.CollectionResultFailMethodsTests.Fail_NoParameters_ShouldCreateFailedResult" storage="/home/runner/work/communication/communication/managedcode.communication.tests/bin/release/net9.0/managedcode.communication.tests.dll" id="2b85e6a6-b085-3693-8351-fe312faa0712">
      <Execution id="708ca62f-abae-4baa-94c3-27160950c24a" />
      <TestMethod codeBase="/home/runner/work/Communication/Communication/ManagedCode.Communication.Tests/bin/Release/net9.0/ManagedCode.Communication.Tests.dll" adapterTypeName="executor://xunit/VsTestRunner3/netcore/" className="ManagedCode.Communication.Tests.CollectionResults.CollectionResultFailMethodsTests" name="Fail_NoParameters_ShouldCreateFailedResult" />
    </UnitTest>
    <UnitTest name="ManagedCode.Communication.Tests.CollectionResults.CollectionResultFromMethodsTests.From_TaskReturningCollectionResult_ShouldReturnSameResult" storage="/home/runner/work/communication/communication/managedcode.communication.tests/bin/release/net9.0/managedcode.communication.tests.dll" id="629bd067-7ea5-d193-55b4-3e52534b91b0">
      <Execution id="ddf33d74-b818-4855-8a64-c9c430913729" />
      <TestMethod codeBase="/home/runner/work/Communication/Communication/ManagedCode.Communication.Tests/bin/Release/net9.0/ManagedCode.Communication.Tests.dll" adapterTypeName="executor://xunit/VsTestRunner3/netcore/" className="ManagedCode.Communication.Tests.CollectionResults.CollectionResultFromMethodsTests" name="From_TaskReturningCollectionResult_ShouldReturnSameResult" />
    </UnitTest>
    <UnitTest name="ManagedCode.Communication.Tests.Extensions.ProblemExtensionsTests.AddInvalidMessage_ShouldAddValidationError" storage="/home/runner/work/communication/communication/managedcode.communication.tests/bin/release/net9.0/managedcode.communication.tests.dll" id="d38b1376-8e35-d896-b696-31aebb9da9b5">
      <Execution id="ea19ba5c-536d-45d0-8054-8285cb709cef" />
      <TestMethod codeBase="/home/runner/work/Communication/Communication/ManagedCode.Communication.Tests/bin/Release/net9.0/ManagedCode.Communication.Tests.dll" adapterTypeName="executor://xunit/VsTestRunner3/netcore/" className="ManagedCode.Communication.Tests.Extensions.ProblemExtensionsTests" name="AddInvalidMessage_ShouldAddValidationError" />
    </UnitTest>
    <UnitTest name="ManagedCode.Communication.Tests.Results.ResultStaticHelperMethodsTests.Result_FailForbiddenT_WithDetail_ShouldCreateForbiddenResultTWithCustomDetail" storage="/home/runner/work/communication/communication/managedcode.communication.tests/bin/release/net9.0/managedcode.communication.tests.dll" id="2003d62f-56fa-bdbd-776e-cef4ed468d9f">
      <Execution id="981b29f9-c139-40a9-8710-f84c35aa6bb7" />
      <TestMethod codeBase="/home/runner/work/Communication/Communication/ManagedCode.Communication.Tests/bin/Release/net9.0/ManagedCode.Communication.Tests.dll" adapterTypeName="executor://xunit/VsTestRunner3/netcore/" className="ManagedCode.Communication.Tests.Results.ResultStaticHelperMethodsTests" name="Result_FailForbiddenT_WithDetail_ShouldCreateForbiddenResultTWithCustomDetail" />
    </UnitTest>
    <UnitTest name="ManagedCode.Communication.Tests.ControllerTests.MiddlewareTests.ForbiddenResult" storage="/home/runner/work/communication/communication/managedcode.communication.tests/bin/release/net9.0/managedcode.communication.tests.dll" id="26d4b90e-eb16-bcef-d101-fb0061a73f05">
      <Execution id="63dd9b10-10ec-4587-aff5-1a59141b8013" />
      <TestMethod codeBase="/home/runner/work/Communication/Communication/ManagedCode.Communication.Tests/bin/Release/net9.0/ManagedCode.Communication.Tests.dll" adapterTypeName="executor://xunit/VsTestRunner3/netcore/" className="ManagedCode.Communication.Tests.ControllerTests.MiddlewareTests" name="ForbiddenResult" />
    </UnitTest>
    <UnitTest name="ManagedCode.Communication.Tests.Orleans.Serialization.ProblemSerializationTests.Problem_MinimalFields_ShouldSerializeCorrectly" storage="/home/runner/work/communication/communication/managedcode.communication.tests/bin/release/net9.0/managedcode.communication.tests.dll" id="c4bb9e96-a082-cea5-07e4-48489c91d51c">
      <Execution id="97a19d4f-64e9-47aa-9599-bb1e108bcb46" />
      <TestMethod codeBase="/home/runner/work/Communication/Communication/ManagedCode.Communication.Tests/bin/Release/net9.0/ManagedCode.Communication.Tests.dll" adapterTypeName="executor://xunit/VsTestRunner3/netcore/" className="ManagedCode.Communication.Tests.Orleans.Serialization.ProblemSerializationTests" name="Problem_MinimalFields_ShouldSerializeCorrectly" />
    </UnitTest>
    <UnitTest name="ManagedCode.Communication.Tests.AspNetCore.Extensions.HubOptionsExtensionsTests.AddCommunicationHubFilter_ThrowsWhenFilterNotRegistered" storage="/home/runner/work/communication/communication/managedcode.communication.tests/bin/release/net9.0/managedcode.communication.tests.dll" id="2eb8f298-9b5e-9d71-3c50-8115dbbb5361">
      <Execution id="85eb1ff2-07d3-4e1e-91f4-1d2ab7127b87" />
      <TestMethod codeBase="/home/runner/work/Communication/Communication/ManagedCode.Communication.Tests/bin/Release/net9.0/ManagedCode.Communication.Tests.dll" adapterTypeName="executor://xunit/VsTestRunner3/netcore/" className="ManagedCode.Communication.Tests.AspNetCore.Extensions.HubOptionsExtensionsTests" name="AddCommunicationHubFilter_ThrowsWhenFilterNotRegistered" />
    </UnitTest>
    <UnitTest name="ManagedCode.Communication.Tests.Results.ResultOperatorsTests.ResultT_From_WithFunc_ShouldExecuteAndWrapResult" storage="/home/runner/work/communication/communication/managedcode.communication.tests/bin/release/net9.0/managedcode.communication.tests.dll" id="c3780753-5660-83a3-d765-176e98177e02">
      <Execution id="7c8683e8-72ba-460c-8c79-e748a2c9e6b0" />
      <TestMethod codeBase="/home/runner/work/Communication/Communication/ManagedCode.Communication.Tests/bin/Release/net9.0/ManagedCode.Communication.Tests.dll" adapterTypeName="executor://xunit/VsTestRunner3/netcore/" className="ManagedCode.Communication.Tests.Results.ResultOperatorsTests" name="ResultT_From_WithFunc_ShouldExecuteAndWrapResult" />
    </UnitTest>
    <UnitTest name="ManagedCode.Communication.Tests.Results.ProblemCreationExtensionsTests.ToProblem_FromEnum_WithCustomDetail_ShouldUseProvidedDetail" storage="/home/runner/work/communication/communication/managedcode.communication.tests/bin/release/net9.0/managedcode.communication.tests.dll" id="e28c6785-47f9-bd94-84d3-18cec24659f3">
      <Execution id="8449a86e-8517-4cf8-9182-432aedd52adb" />
      <TestMethod codeBase="/home/runner/work/Communication/Communication/ManagedCode.Communication.Tests/bin/Release/net9.0/ManagedCode.Communication.Tests.dll" adapterTypeName="executor://xunit/VsTestRunner3/netcore/" className="ManagedCode.Communication.Tests.Results.ProblemCreationExtensionsTests" name="ToProblem_FromEnum_WithCustomDetail_ShouldUseProvidedDetail" />
    </UnitTest>
    <UnitTest name="ManagedCode.Communication.Tests.Results.ResultHelperMethodsTests.ResultT_TryGetProblem_WithFailure_ShouldReturnTrueAndProblem" storage="/home/runner/work/communication/communication/managedcode.communication.tests/bin/release/net9.0/managedcode.communication.tests.dll" id="f3efdaca-9c0c-cd13-72e4-329f615be42e">
      <Execution id="bcb22123-2eb7-4a69-ab2f-afd3e26a3d7b" />
      <TestMethod codeBase="/home/runner/work/Communication/Communication/ManagedCode.Communication.Tests/bin/Release/net9.0/ManagedCode.Communication.Tests.dll" adapterTypeName="executor://xunit/VsTestRunner3/netcore/" className="ManagedCode.Communication.Tests.Results.ResultHelperMethodsTests" name="ResultT_TryGetProblem_WithFailure_ShouldReturnTrueAndProblem" />
    </UnitTest>
    <UnitTest name="ManagedCode.Communication.Tests.Serialization.SerializationTests.ComplexNestedStructure_ShouldSerializeAndDeserialize" storage="/home/runner/work/communication/communication/managedcode.communication.tests/bin/release/net9.0/managedcode.communication.tests.dll" id="af0b0176-41dc-ac96-c773-4c806eea0dff">
      <Execution id="df0f42ac-8250-44bb-a56d-6b4c7fa05eea" />
      <TestMethod codeBase="/home/runner/work/Communication/Communication/ManagedCode.Communication.Tests/bin/Release/net9.0/ManagedCode.Communication.Tests.dll" adapterTypeName="executor://xunit/VsTestRunner3/netcore/" className="ManagedCode.Communication.Tests.Serialization.SerializationTests" name="ComplexNestedStructure_ShouldSerializeAndDeserialize" />
    </UnitTest>
    <UnitTest name="ManagedCode.Communication.Tests.Extensions.ProblemExtensionsTests.ToFailedResultT_FromProblemDetails_ShouldCreateFailedResultT" storage="/home/runner/work/communication/communication/managedcode.communication.tests/bin/release/net9.0/managedcode.communication.tests.dll" id="0f8b9216-b299-d332-8e1f-9a8feee5d1e9">
      <Execution id="8b55e447-3911-4634-9ea1-5cab6221f005" />
      <TestMethod codeBase="/home/runner/work/Communication/Communication/ManagedCode.Communication.Tests/bin/Release/net9.0/ManagedCode.Communication.Tests.dll" adapterTypeName="executor://xunit/VsTestRunner3/netcore/" className="ManagedCode.Communication.Tests.Extensions.ProblemExtensionsTests" name="ToFailedResultT_FromProblemDetails_ShouldCreateFailedResultT" />
    </UnitTest>
    <UnitTest name="ManagedCode.Communication.Tests.Results.ResultHelperMethodsTests.ResultT_Try_WithException_ShouldReturnFailure" storage="/home/runner/work/communication/communication/managedcode.communication.tests/bin/release/net9.0/managedcode.communication.tests.dll" id="9bb7a7e9-f04f-a8a6-8961-152ae79c986e">
      <Execution id="4e8d6f63-b017-4a2d-b69a-f9f647d2a534" />
      <TestMethod codeBase="/home/runner/work/Communication/Communication/ManagedCode.Communication.Tests/bin/Release/net9.0/ManagedCode.Communication.Tests.dll" adapterTypeName="executor://xunit/VsTestRunner3/netcore/" className="ManagedCode.Communication.Tests.Results.ResultHelperMethodsTests" name="ResultT_Try_WithException_ShouldReturnFailure" />
    </UnitTest>
    <UnitTest name="ManagedCode.Communication.Tests.Extensions.RailwayExtensionsTests.Match_FailedResult_ExecutesOnFailure" storage="/home/runner/work/communication/communication/managedcode.communication.tests/bin/release/net9.0/managedcode.communication.tests.dll" id="bbba8e22-1b20-62d6-6e69-7016b4e8e4bf">
      <Execution id="1c4f53a2-727a-4786-b6fa-dc35829cdcf8" />
      <TestMethod codeBase="/home/runner/work/Communication/Communication/ManagedCode.Communication.Tests/bin/Release/net9.0/ManagedCode.Communication.Tests.dll" adapterTypeName="executor://xunit/VsTestRunner3/netcore/" className="ManagedCode.Communication.Tests.Extensions.RailwayExtensionsTests" name="Match_FailedResult_ExecutesOnFailure" />
    </UnitTest>
    <UnitTest name="ManagedCode.Communication.Tests.CollectionResults.CollectionResultFromMethodsTests.From_TaskReturningArray_ShouldCreateSuccessResult" storage="/home/runner/work/communication/communication/managedcode.communication.tests/bin/release/net9.0/managedcode.communication.tests.dll" id="ba9c39e8-72fd-56e5-9205-e49bf672c8c9">
      <Execution id="8b87db7b-d15e-4f4d-878b-dd751e6aa424" />
      <TestMethod codeBase="/home/runner/work/Communication/Communication/ManagedCode.Communication.Tests/bin/Release/net9.0/ManagedCode.Communication.Tests.dll" adapterTypeName="executor://xunit/VsTestRunner3/netcore/" className="ManagedCode.Communication.Tests.CollectionResults.CollectionResultFromMethodsTests" name="From_TaskReturningArray_ShouldCreateSuccessResult" />
    </UnitTest>
    <UnitTest name="ManagedCode.Communication.Tests.Results.ResultStaticHelperMethodsTests.Result_FailT_WithEnumAndDetail_ShouldCreateFailedResultTWithErrorCodeAndDetail" storage="/home/runner/work/communication/communication/managedcode.communication.tests/bin/release/net9.0/managedcode.communication.tests.dll" id="56331dab-a3f7-2362-5979-39dd09b423f7">
      <Execution id="6f6654a4-1e04-4684-8b49-eb88b1d865ac" />
      <TestMethod codeBase="/home/runner/work/Communication/Communication/ManagedCode.Communication.Tests/bin/Release/net9.0/ManagedCode.Communication.Tests.dll" adapterTypeName="executor://xunit/VsTestRunner3/netcore/" className="ManagedCode.Communication.Tests.Results.ResultStaticHelperMethodsTests" name="Result_FailT_WithEnumAndDetail_ShouldCreateFailedResultTWithErrorCodeAndDetail" />
    </UnitTest>
    <UnitTest name="ManagedCode.Communication.Tests.Results.ProblemToExceptionErrorTests.ToException_WithMalformedOriginalExceptionType_ShouldFallbackToProblemException" storage="/home/runner/work/communication/communication/managedcode.communication.tests/bin/release/net9.0/managedcode.communication.tests.dll" id="9b27f918-c1f0-a33c-798d-abb63ee48b10">
      <Execution id="d61b81b4-ee72-4607-b26d-d66eb7fb0281" />
      <TestMethod codeBase="/home/runner/work/Communication/Communication/ManagedCode.Communication.Tests/bin/Release/net9.0/ManagedCode.Communication.Tests.dll" adapterTypeName="executor://xunit/VsTestRunner3/netcore/" className="ManagedCode.Communication.Tests.Results.ProblemToExceptionErrorTests" name="ToException_WithMalformedOriginalExceptionType_ShouldFallbackToProblemException" />
    </UnitTest>
    <UnitTest name="ManagedCode.Communication.Tests.Results.ResultFailMethodsTests.Result_Fail_WithEnum_ShouldCreateFailedResultWithErrorCode" storage="/home/runner/work/communication/communication/managedcode.communication.tests/bin/release/net9.0/managedcode.communication.tests.dll" id="ee9522e3-3347-1a86-68af-c4fa8cf496f8">
      <Execution id="2611fb41-741d-424c-bdc8-4d6d7272f348" />
      <TestMethod codeBase="/home/runner/work/Communication/Communication/ManagedCode.Communication.Tests/bin/Release/net9.0/ManagedCode.Communication.Tests.dll" adapterTypeName="executor://xunit/VsTestRunner3/netcore/" className="ManagedCode.Communication.Tests.Results.ResultFailMethodsTests" name="Result_Fail_WithEnum_ShouldCreateFailedResultWithErrorCode" />
    </UnitTest>
    <UnitTest name="ManagedCode.Communication.Tests.Results.ResultTFailMethodsTests.ResultT_FailForbidden_NoParameters_ShouldCreateForbiddenResult" storage="/home/runner/work/communication/communication/managedcode.communication.tests/bin/release/net9.0/managedcode.communication.tests.dll" id="006db6e7-371d-e718-b29e-3beaaaa8b1e6">
      <Execution id="23448e15-190a-42f0-999a-953500d0d8c6" />
      <TestMethod codeBase="/home/runner/work/Communication/Communication/ManagedCode.Communication.Tests/bin/Release/net9.0/ManagedCode.Communication.Tests.dll" adapterTypeName="executor://xunit/VsTestRunner3/netcore/" className="ManagedCode.Communication.Tests.Results.ResultTFailMethodsTests" name="ResultT_FailForbidden_NoParameters_ShouldCreateForbiddenResult" />
    </UnitTest>
    <UnitTest name="ManagedCode.Communication.Tests.Results.ResultTFailMethodsTests.ResultT_Fail_WithEnumAndDetail_ShouldCreateFailedResultWithErrorCodeAndDetail" storage="/home/runner/work/communication/communication/managedcode.communication.tests/bin/release/net9.0/managedcode.communication.tests.dll" id="d6db3fca-97bb-20d9-cf3b-d05f44f87938">
      <Execution id="6f7cd3e4-31dd-4b09-a10d-e0ec77330b41" />
      <TestMethod codeBase="/home/runner/work/Communication/Communication/ManagedCode.Communication.Tests/bin/Release/net9.0/ManagedCode.Communication.Tests.dll" adapterTypeName="executor://xunit/VsTestRunner3/netcore/" className="ManagedCode.Communication.Tests.Results.ResultTFailMethodsTests" name="ResultT_Fail_WithEnumAndDetail_ShouldCreateFailedResultWithErrorCodeAndDetail" />
    </UnitTest>
    <UnitTest name="ManagedCode.Communication.Tests.Extensions.ResultConversionExtensionsTests.AsResult_WithStringValue_CreatesSuccessfulResult" storage="/home/runner/work/communication/communication/managedcode.communication.tests/bin/release/net9.0/managedcode.communication.tests.dll" id="ba805cf8-7a9e-a067-dba8-44d688ef5092">
      <Execution id="1e605fc1-efe3-4c13-a14b-d8ba0f014768" />
      <TestMethod codeBase="/home/runner/work/Communication/Communication/ManagedCode.Communication.Tests/bin/Release/net9.0/ManagedCode.Communication.Tests.dll" adapterTypeName="executor://xunit/VsTestRunner3/netcore/" className="ManagedCode.Communication.Tests.Extensions.ResultConversionExtensionsTests" name="AsResult_WithStringValue_CreatesSuccessfulResult" />
    </UnitTest>
    <UnitTest name="ManagedCode.Communication.Tests.Results.ResultFailMethodsTests.Result_FailNotFound_NoParameters_ShouldCreateNotFoundResult" storage="/home/runner/work/communication/communication/managedcode.communication.tests/bin/release/net9.0/managedcode.communication.tests.dll" id="0dba5786-625f-2c43-9e0c-752956fd421c">
      <Execution id="a3a6d742-e3e9-4aeb-9255-36ec7416075c" />
      <TestMethod codeBase="/home/runner/work/Communication/Communication/ManagedCode.Communication.Tests/bin/Release/net9.0/ManagedCode.Communication.Tests.dll" adapterTypeName="executor://xunit/VsTestRunner3/netcore/" className="ManagedCode.Communication.Tests.Results.ResultFailMethodsTests" name="Result_FailNotFound_NoParameters_ShouldCreateNotFoundResult" />
    </UnitTest>
    <UnitTest name="ManagedCode.Communication.Tests.Results.ResultHelperMethodsTests.ResultT_TryGetProblem_WithSuccess_ShouldReturnFalse" storage="/home/runner/work/communication/communication/managedcode.communication.tests/bin/release/net9.0/managedcode.communication.tests.dll" id="71308719-ce88-4981-95a1-907da9a59986">
      <Execution id="bfff2be0-98f7-44e2-89dc-f5be599d444e" />
      <TestMethod codeBase="/home/runner/work/Communication/Communication/ManagedCode.Communication.Tests/bin/Release/net9.0/ManagedCode.Communication.Tests.dll" adapterTypeName="executor://xunit/VsTestRunner3/netcore/" className="ManagedCode.Communication.Tests.Results.ResultHelperMethodsTests" name="ResultT_TryGetProblem_WithSuccess_ShouldReturnFalse" />
    </UnitTest>
    <UnitTest name="ManagedCode.Communication.Tests.Results.RailwayOrientedProgrammingTests.Map_WithFailure_ShouldShortCircuit" storage="/home/runner/work/communication/communication/managedcode.communication.tests/bin/release/net9.0/managedcode.communication.tests.dll" id="2863e3f9-7f1d-bf75-8848-3b8f86ca80ef">
      <Execution id="e4cc6570-e24d-4d84-b348-16211c578b44" />
      <TestMethod codeBase="/home/runner/work/Communication/Communication/ManagedCode.Communication.Tests/bin/Release/net9.0/ManagedCode.Communication.Tests.dll" adapterTypeName="executor://xunit/VsTestRunner3/netcore/" className="ManagedCode.Communication.Tests.Results.RailwayOrientedProgrammingTests" name="Map_WithFailure_ShouldShortCircuit" />
    </UnitTest>
    <UnitTest name="ManagedCode.Communication.Tests.Serialization.SerializationTests.Result_Success_ShouldSerializeAndDeserialize" storage="/home/runner/work/communication/communication/managedcode.communication.tests/bin/release/net9.0/managedcode.communication.tests.dll" id="4b36266e-a52e-ddb2-0c89-74a3ad238fe8">
      <Execution id="c2bccf5a-feb4-4bcc-b5d6-8e965a9cbc66" />
      <TestMethod codeBase="/home/runner/work/Communication/Communication/ManagedCode.Communication.Tests/bin/Release/net9.0/ManagedCode.Communication.Tests.dll" adapterTypeName="executor://xunit/VsTestRunner3/netcore/" className="ManagedCode.Communication.Tests.Serialization.SerializationTests" name="Result_Success_ShouldSerializeAndDeserialize" />
    </UnitTest>
    <UnitTest name="ManagedCode.Communication.Tests.OrleansTests.GrainClientTests.ValueTaskResultError" storage="/home/runner/work/communication/communication/managedcode.communication.tests/bin/release/net9.0/managedcode.communication.tests.dll" id="75533a59-7aee-ba55-d67e-cbe9946ac332">
      <Execution id="48b50161-7ae8-49fd-8feb-c6455117cd97" />
      <TestMethod codeBase="/home/runner/work/Communication/Communication/ManagedCode.Communication.Tests/bin/Release/net9.0/ManagedCode.Communication.Tests.dll" adapterTypeName="executor://xunit/VsTestRunner3/netcore/" className="ManagedCode.Communication.Tests.OrleansTests.GrainClientTests" name="ValueTaskResultError" />
    </UnitTest>
    <UnitTest name="ManagedCode.Communication.Tests.AspNetCore.Extensions.ControllerExtensionsTests.ToActionResult_WithFailedResult_ReturnsCorrectStatusCode" storage="/home/runner/work/communication/communication/managedcode.communication.tests/bin/release/net9.0/managedcode.communication.tests.dll" id="db5cf356-60bc-24eb-7ebd-eedff3a8292a">
      <Execution id="20d9ca6e-7b42-496f-be6d-835b1396b7aa" />
      <TestMethod codeBase="/home/runner/work/Communication/Communication/ManagedCode.Communication.Tests/bin/Release/net9.0/ManagedCode.Communication.Tests.dll" adapterTypeName="executor://xunit/VsTestRunner3/netcore/" className="ManagedCode.Communication.Tests.AspNetCore.Extensions.ControllerExtensionsTests" name="ToActionResult_WithFailedResult_ReturnsCorrectStatusCode" />
    </UnitTest>
    <UnitTest name="ManagedCode.Communication.Tests.Extensions.AdvancedRailwayExtensionsTests.Merge_WithOneFailure_ReturnsFirstFailure" storage="/home/runner/work/communication/communication/managedcode.communication.tests/bin/release/net9.0/managedcode.communication.tests.dll" id="d49dd8a1-17d1-d140-9564-06903127a2e4">
      <Execution id="18e98714-b00b-4d95-afe0-dd3d87c924d7" />
      <TestMethod codeBase="/home/runner/work/Communication/Communication/ManagedCode.Communication.Tests/bin/Release/net9.0/ManagedCode.Communication.Tests.dll" adapterTypeName="executor://xunit/VsTestRunner3/netcore/" className="ManagedCode.Communication.Tests.Extensions.AdvancedRailwayExtensionsTests" name="Merge_WithOneFailure_ReturnsFirstFailure" />
    </UnitTest>
    <UnitTest name="ManagedCode.Communication.Tests.ControllerTests.MiddlewareTests.NotFoundResult" storage="/home/runner/work/communication/communication/managedcode.communication.tests/bin/release/net9.0/managedcode.communication.tests.dll" id="3fbb058d-9598-d297-cfc7-b0e227b60076">
      <Execution id="e8fec69a-ca69-4079-a74a-30ebd34e9e71" />
      <TestMethod codeBase="/home/runner/work/Communication/Communication/ManagedCode.Communication.Tests/bin/Release/net9.0/ManagedCode.Communication.Tests.dll" adapterTypeName="executor://xunit/VsTestRunner3/netcore/" className="ManagedCode.Communication.Tests.ControllerTests.MiddlewareTests" name="NotFoundResult" />
    </UnitTest>
    <UnitTest name="ManagedCode.Communication.Tests.Results.CollectionResultInvalidMethodsTests.CollectionResult_Invalid_WithEmptyDictionary_ShouldCreateValidationResultWithNoErrors" storage="/home/runner/work/communication/communication/managedcode.communication.tests/bin/release/net9.0/managedcode.communication.tests.dll" id="f0e672db-0cd5-af9b-9ddf-e55604adbaef">
      <Execution id="3f1ca339-7f09-403e-bafe-dd7ea370375c" />
      <TestMethod codeBase="/home/runner/work/Communication/Communication/ManagedCode.Communication.Tests/bin/Release/net9.0/ManagedCode.Communication.Tests.dll" adapterTypeName="executor://xunit/VsTestRunner3/netcore/" className="ManagedCode.Communication.Tests.Results.CollectionResultInvalidMethodsTests" name="CollectionResult_Invalid_WithEmptyDictionary_ShouldCreateValidationResultWithNoErrors" />
    </UnitTest>
    <UnitTest name="ManagedCode.Communication.Tests.Results.ResultInvalidMethodsTests.Result_Invalid_WithEnumAndMessage_ShouldCreateValidationResultWithBoth" storage="/home/runner/work/communication/communication/managedcode.communication.tests/bin/release/net9.0/managedcode.communication.tests.dll" id="a616e2cd-e8f4-089c-9b8f-28529ea24abe">
      <Execution id="e2ca12ba-e320-44fe-a421-5a0265f195f6" />
      <TestMethod codeBase="/home/runner/work/Communication/Communication/ManagedCode.Communication.Tests/bin/Release/net9.0/ManagedCode.Communication.Tests.dll" adapterTypeName="executor://xunit/VsTestRunner3/netcore/" className="ManagedCode.Communication.Tests.Results.ResultInvalidMethodsTests" name="Result_Invalid_WithEnumAndMessage_ShouldCreateValidationResultWithBoth" />
    </UnitTest>
    <UnitTest name="ManagedCode.Communication.Tests.Results.ProblemToExceptionTests.ToException_FromProblemCreatedManually_ShouldReturnProblemException" storage="/home/runner/work/communication/communication/managedcode.communication.tests/bin/release/net9.0/managedcode.communication.tests.dll" id="8e29e473-880f-e0c6-1aef-64cf243a141f">
      <Execution id="6143a8d1-ced9-4054-91c0-2f0ff531096c" />
      <TestMethod codeBase="/home/runner/work/Communication/Communication/ManagedCode.Communication.Tests/bin/Release/net9.0/ManagedCode.Communication.Tests.dll" adapterTypeName="executor://xunit/VsTestRunner3/netcore/" className="ManagedCode.Communication.Tests.Results.ProblemToExceptionTests" name="ToException_FromProblemCreatedManually_ShouldReturnProblemException" />
    </UnitTest>
    <UnitTest name="ManagedCode.Communication.Tests.Results.ResultStaticHelperMethodsTests.Result_FailT_WithException_ShouldCreateFailedResultTWithException" storage="/home/runner/work/communication/communication/managedcode.communication.tests/bin/release/net9.0/managedcode.communication.tests.dll" id="9aa28a55-43de-1f3f-a73d-5386fa240b7d">
      <Execution id="a30d8248-c174-4843-b85e-7beefb371d8f" />
      <TestMethod codeBase="/home/runner/work/Communication/Communication/ManagedCode.Communication.Tests/bin/Release/net9.0/ManagedCode.Communication.Tests.dll" adapterTypeName="executor://xunit/VsTestRunner3/netcore/" className="ManagedCode.Communication.Tests.Results.ResultStaticHelperMethodsTests" name="Result_FailT_WithException_ShouldCreateFailedResultTWithException" />
    </UnitTest>
    <UnitTest name="ManagedCode.Communication.Tests.CollectionResults.CollectionResultFailMethodsTests.Fail_WithEmptyEnumerable_ShouldCreateFailedResultWithEmptyCollection" storage="/home/runner/work/communication/communication/managedcode.communication.tests/bin/release/net9.0/managedcode.communication.tests.dll" id="4d38db8c-d739-e015-e09d-cd6fc5dff5ab">
      <Execution id="1d967afa-8cbd-4689-bd07-cc8fac34987b" />
      <TestMethod codeBase="/home/runner/work/Communication/Communication/ManagedCode.Communication.Tests/bin/Release/net9.0/ManagedCode.Communication.Tests.dll" adapterTypeName="executor://xunit/VsTestRunner3/netcore/" className="ManagedCode.Communication.Tests.CollectionResults.CollectionResultFailMethodsTests" name="Fail_WithEmptyEnumerable_ShouldCreateFailedResultWithEmptyCollection" />
    </UnitTest>
    <UnitTest name="ManagedCode.Communication.Tests.Results.ResultTFailMethodsTests.ResultT_FailNotFound_WithDetail_ShouldCreateNotFoundResultWithCustomDetail" storage="/home/runner/work/communication/communication/managedcode.communication.tests/bin/release/net9.0/managedcode.communication.tests.dll" id="4d4f77cf-2c12-609f-bf50-7abe8c10f4d6">
      <Execution id="237a4070-6a15-4b34-8372-1cb5b08aacf2" />
      <TestMethod codeBase="/home/runner/work/Communication/Communication/ManagedCode.Communication.Tests/bin/Release/net9.0/ManagedCode.Communication.Tests.dll" adapterTypeName="executor://xunit/VsTestRunner3/netcore/" className="ManagedCode.Communication.Tests.Results.ResultTFailMethodsTests" name="ResultT_FailNotFound_WithDetail_ShouldCreateNotFoundResultWithCustomDetail" />
    </UnitTest>
    <UnitTest name="ManagedCode.Communication.Tests.OrleansTests.GrainClientTests.ValueTaskResult" storage="/home/runner/work/communication/communication/managedcode.communication.tests/bin/release/net9.0/managedcode.communication.tests.dll" id="04b4d7eb-6ae2-be4f-929b-1cc4d1077821">
      <Execution id="506d0ed1-b52b-4fe0-bb23-9b553789eb6d" />
      <TestMethod codeBase="/home/runner/work/Communication/Communication/ManagedCode.Communication.Tests/bin/Release/net9.0/ManagedCode.Communication.Tests.dll" adapterTypeName="executor://xunit/VsTestRunner3/netcore/" className="ManagedCode.Communication.Tests.OrleansTests.GrainClientTests" name="ValueTaskResult" />
    </UnitTest>
    <UnitTest name="ManagedCode.Communication.Tests.Results.ResultOperatorsTests.ResultT_From_WithExceptionThrowingFunc_ShouldReturnFailedResult" storage="/home/runner/work/communication/communication/managedcode.communication.tests/bin/release/net9.0/managedcode.communication.tests.dll" id="3a23b277-a9a6-16d5-edba-7bdc7179741c">
      <Execution id="37ca45a0-7dfb-41a3-8547-ec6613cc62d7" />
      <TestMethod codeBase="/home/runner/work/Communication/Communication/ManagedCode.Communication.Tests/bin/Release/net9.0/ManagedCode.Communication.Tests.dll" adapterTypeName="executor://xunit/VsTestRunner3/netcore/" className="ManagedCode.Communication.Tests.Results.ResultOperatorsTests" name="ResultT_From_WithExceptionThrowingFunc_ShouldReturnFailedResult" />
    </UnitTest>
    <UnitTest name="ManagedCode.Communication.Tests.Serialization.SerializationTests.Result_WithProblem_ShouldSerializeAndDeserialize" storage="/home/runner/work/communication/communication/managedcode.communication.tests/bin/release/net9.0/managedcode.communication.tests.dll" id="0d212d73-5048-5154-48c3-5b8a40dc9820">
      <Execution id="25951cdf-815b-4e79-a9ef-5c32d600a9bb" />
      <TestMethod codeBase="/home/runner/work/Communication/Communication/ManagedCode.Communication.Tests/bin/Release/net9.0/ManagedCode.Communication.Tests.dll" adapterTypeName="executor://xunit/VsTestRunner3/netcore/" className="ManagedCode.Communication.Tests.Serialization.SerializationTests" name="Result_WithProblem_ShouldSerializeAndDeserialize" />
    </UnitTest>
    <UnitTest name="ManagedCode.Communication.Tests.Results.ResultHelperMethodsTests.Result_ThrowIfFail_WithFailure_ShouldThrowProblemException" storage="/home/runner/work/communication/communication/managedcode.communication.tests/bin/release/net9.0/managedcode.communication.tests.dll" id="b45faf43-dd79-04c9-5445-23da1be779f9">
      <Execution id="f4eb0ca4-591a-4e39-b780-f02c63db7c9c" />
      <TestMethod codeBase="/home/runner/work/Communication/Communication/ManagedCode.Communication.Tests/bin/Release/net9.0/ManagedCode.Communication.Tests.dll" adapterTypeName="executor://xunit/VsTestRunner3/netcore/" className="ManagedCode.Communication.Tests.Results.ResultHelperMethodsTests" name="Result_ThrowIfFail_WithFailure_ShouldThrowProblemException" />
    </UnitTest>
    <UnitTest name="ManagedCode.Communication.Tests.Results.ResultTTests.Tap_WithSuccessfulResult_ShouldExecuteAction" storage="/home/runner/work/communication/communication/managedcode.communication.tests/bin/release/net9.0/managedcode.communication.tests.dll" id="9bc3a0c5-2fcf-8c19-b3cf-1cf301730bb6">
      <Execution id="cfcbe6e9-1e9f-46a2-87dc-e9c4a9cd9a20" />
      <TestMethod codeBase="/home/runner/work/Communication/Communication/ManagedCode.Communication.Tests/bin/Release/net9.0/ManagedCode.Communication.Tests.dll" adapterTypeName="executor://xunit/VsTestRunner3/netcore/" className="ManagedCode.Communication.Tests.Results.ResultTTests" name="Tap_WithSuccessfulResult_ShouldExecuteAction" />
    </UnitTest>
    <UnitTest name="ManagedCode.Communication.Tests.Results.ProblemToExceptionErrorTests.ToException_WithNullDetailAndTitle_ShouldUseDefaultMessage" storage="/home/runner/work/communication/communication/managedcode.communication.tests/bin/release/net9.0/managedcode.communication.tests.dll" id="3e9e891c-a70e-1cec-ed52-a1f055f94791">
      <Execution id="d2b4efac-8eaf-40dc-abd8-d5479d9b5dac" />
      <TestMethod codeBase="/home/runner/work/Communication/Communication/ManagedCode.Communication.Tests/bin/Release/net9.0/ManagedCode.Communication.Tests.dll" adapterTypeName="executor://xunit/VsTestRunner3/netcore/" className="ManagedCode.Communication.Tests.Results.ProblemToExceptionErrorTests" name="ToException_WithNullDetailAndTitle_ShouldUseDefaultMessage" />
    </UnitTest>
    <UnitTest name="ManagedCode.Communication.Tests.Results.ResultInvalidMethodsTests.Result_Invalid_WithKeyValue_ShouldCreateValidationResultWithCustomField" storage="/home/runner/work/communication/communication/managedcode.communication.tests/bin/release/net9.0/managedcode.communication.tests.dll" id="f78bdf4b-5aed-2880-5937-4759bd7976c9">
      <Execution id="9e387d6e-3af1-4828-9948-4fb4f01fdc6f" />
      <TestMethod codeBase="/home/runner/work/Communication/Communication/ManagedCode.Communication.Tests/bin/Release/net9.0/ManagedCode.Communication.Tests.dll" adapterTypeName="executor://xunit/VsTestRunner3/netcore/" className="ManagedCode.Communication.Tests.Results.ResultInvalidMethodsTests" name="Result_Invalid_WithKeyValue_ShouldCreateValidationResultWithCustomField" />
    </UnitTest>
    <UnitTest name="ManagedCode.Communication.Tests.Results.ProblemToExceptionErrorTests.ToException_WithExceptionDataContainingComplexTypes_ShouldPreserveSerializableData" storage="/home/runner/work/communication/communication/managedcode.communication.tests/bin/release/net9.0/managedcode.communication.tests.dll" id="b88b04a9-2785-97aa-c842-3b008f5ab60a">
      <Execution id="be70649f-b6d2-4ad1-8f00-60bb20f54594" />
      <TestMethod codeBase="/home/runner/work/Communication/Communication/ManagedCode.Communication.Tests/bin/Release/net9.0/ManagedCode.Communication.Tests.dll" adapterTypeName="executor://xunit/VsTestRunner3/netcore/" className="ManagedCode.Communication.Tests.Results.ProblemToExceptionErrorTests" name="ToException_WithExceptionDataContainingComplexTypes_ShouldPreserveSerializableData" />
    </UnitTest>
    <UnitTest name="ManagedCode.Communication.Tests.Extensions.ResultConversionExtensionsTests.AsResult_WithComplexObject_CreatesSuccessfulResult" storage="/home/runner/work/communication/communication/managedcode.communication.tests/bin/release/net9.0/managedcode.communication.tests.dll" id="a97143cb-6e59-8768-a70f-00f80b654e8d">
      <Execution id="f3c7505c-8dcb-4a86-9760-50d573b139c5" />
      <TestMethod codeBase="/home/runner/work/Communication/Communication/ManagedCode.Communication.Tests/bin/Release/net9.0/ManagedCode.Communication.Tests.dll" adapterTypeName="executor://xunit/VsTestRunner3/netcore/" className="ManagedCode.Communication.Tests.Extensions.ResultConversionExtensionsTests" name="AsResult_WithComplexObject_CreatesSuccessfulResult" />
    </UnitTest>
    <UnitTest name="ManagedCode.Communication.Tests.Extensions.HttpResponseExtensionTests.FromRequestToResult_ConflictStatusCode_ReturnsFailedResult" storage="/home/runner/work/communication/communication/managedcode.communication.tests/bin/release/net9.0/managedcode.communication.tests.dll" id="8ddf6ba2-aa71-6918-24f4-fd6fd790ee42">
      <Execution id="0b63258a-ca89-40a7-a137-5da43aaef485" />
      <TestMethod codeBase="/home/runner/work/Communication/Communication/ManagedCode.Communication.Tests/bin/Release/net9.0/ManagedCode.Communication.Tests.dll" adapterTypeName="executor://xunit/VsTestRunner3/netcore/" className="ManagedCode.Communication.Tests.Extensions.HttpResponseExtensionTests" name="FromRequestToResult_ConflictStatusCode_ReturnsFailedResult" />
    </UnitTest>
    <UnitTest name="ManagedCode.Communication.Tests.Results.CollectionResultTests.InvalidFieldError_WithValidationProblem_ShouldReturnErrorMessage" storage="/home/runner/work/communication/communication/managedcode.communication.tests/bin/release/net9.0/managedcode.communication.tests.dll" id="7a125942-0a04-b9bf-5e0a-a73b56af923d">
      <Execution id="06877969-67e8-42c8-ade2-687a6cc437e4" />
      <TestMethod codeBase="/home/runner/work/Communication/Communication/ManagedCode.Communication.Tests/bin/Release/net9.0/ManagedCode.Communication.Tests.dll" adapterTypeName="executor://xunit/VsTestRunner3/netcore/" className="ManagedCode.Communication.Tests.Results.CollectionResultTests" name="InvalidFieldError_WithValidationProblem_ShouldReturnErrorMessage" />
    </UnitTest>
    <UnitTest name="ManagedCode.Communication.Tests.Results.ResultInvalidMethodsTests.ResultT_Invalid_WithDictionary_ShouldCreateValidationResultWithMultipleFields" storage="/home/runner/work/communication/communication/managedcode.communication.tests/bin/release/net9.0/managedcode.communication.tests.dll" id="d630ef1a-2910-8a07-c058-c24f7291ec13">
      <Execution id="fabf941a-d83d-47df-bb57-58f33ea22b86" />
      <TestMethod codeBase="/home/runner/work/Communication/Communication/ManagedCode.Communication.Tests/bin/Release/net9.0/ManagedCode.Communication.Tests.dll" adapterTypeName="executor://xunit/VsTestRunner3/netcore/" className="ManagedCode.Communication.Tests.Results.ResultInvalidMethodsTests" name="ResultT_Invalid_WithDictionary_ShouldCreateValidationResultWithMultipleFields" />
    </UnitTest>
    <UnitTest name="ManagedCode.Communication.Tests.Results.ProblemToExceptionTests.ToException_WithCustomExceptionType_ShouldHandleGracefully" storage="/home/runner/work/communication/communication/managedcode.communication.tests/bin/release/net9.0/managedcode.communication.tests.dll" id="e3bab16b-3c59-832e-1834-a442985b41e2">
      <Execution id="c7b17536-4dc2-42f9-840e-a0d76ffdc0e6" />
      <TestMethod codeBase="/home/runner/work/Communication/Communication/ManagedCode.Communication.Tests/bin/Release/net9.0/ManagedCode.Communication.Tests.dll" adapterTypeName="executor://xunit/VsTestRunner3/netcore/" className="ManagedCode.Communication.Tests.Results.ProblemToExceptionTests" name="ToException_WithCustomExceptionType_ShouldHandleGracefully" />
    </UnitTest>
    <UnitTest name="ManagedCode.Communication.Tests.Results.ProblemTests.Validation_ShouldCreateValidationProblem" storage="/home/runner/work/communication/communication/managedcode.communication.tests/bin/release/net9.0/managedcode.communication.tests.dll" id="03db011c-36c3-8fa6-9017-436f1dd775bb">
      <Execution id="a862ccca-33b7-47a3-8dda-dc3d2bd6577f" />
      <TestMethod codeBase="/home/runner/work/Communication/Communication/ManagedCode.Communication.Tests/bin/Release/net9.0/ManagedCode.Communication.Tests.dll" adapterTypeName="executor://xunit/VsTestRunner3/netcore/" className="ManagedCode.Communication.Tests.Results.ProblemTests" name="Validation_ShouldCreateValidationProblem" />
    </UnitTest>
    <UnitTest name="ManagedCode.Communication.Tests.CollectionResults.CollectionResultFailMethodsTests.FailNotFound_WithDetail_ShouldCreateNotFoundResultWithCustomDetail" storage="/home/runner/work/communication/communication/managedcode.communication.tests/bin/release/net9.0/managedcode.communication.tests.dll" id="010c27e2-8f1f-944a-38fc-aee10e8009f3">
      <Execution id="b46534fc-89cc-4178-a92f-8743e8a32900" />
      <TestMethod codeBase="/home/runner/work/Communication/Communication/ManagedCode.Communication.Tests/bin/Release/net9.0/ManagedCode.Communication.Tests.dll" adapterTypeName="executor://xunit/VsTestRunner3/netcore/" className="ManagedCode.Communication.Tests.CollectionResults.CollectionResultFailMethodsTests" name="FailNotFound_WithDetail_ShouldCreateNotFoundResultWithCustomDetail" />
    </UnitTest>
    <UnitTest name="ManagedCode.Communication.Tests.ControllerTests.MiddlewareTests.InvalidDataExceptionSignalR" storage="/home/runner/work/communication/communication/managedcode.communication.tests/bin/release/net9.0/managedcode.communication.tests.dll" id="efa28403-4b97-87b5-f2ab-991a214ef2a6">
      <Execution id="872a0548-6425-4251-a7e2-8c0f1cca479a" />
      <TestMethod codeBase="/home/runner/work/Communication/Communication/ManagedCode.Communication.Tests/bin/Release/net9.0/ManagedCode.Communication.Tests.dll" adapterTypeName="executor://xunit/VsTestRunner3/netcore/" className="ManagedCode.Communication.Tests.ControllerTests.MiddlewareTests" name="InvalidDataExceptionSignalR" />
    </UnitTest>
    <UnitTest name="ManagedCode.Communication.Tests.Results.ResultTTests.ThrowIfFail_WithSuccessfulResult_ShouldNotThrow" storage="/home/runner/work/communication/communication/managedcode.communication.tests/bin/release/net9.0/managedcode.communication.tests.dll" id="6cf80ec4-adaa-7630-8518-7cc2f85912e5">
      <Execution id="15fcf46c-6612-4b82-9189-76e5c5f06baa" />
      <TestMethod codeBase="/home/runner/work/Communication/Communication/ManagedCode.Communication.Tests/bin/Release/net9.0/ManagedCode.Communication.Tests.dll" adapterTypeName="executor://xunit/VsTestRunner3/netcore/" className="ManagedCode.Communication.Tests.Results.ResultTTests" name="ThrowIfFail_WithSuccessfulResult_ShouldNotThrow" />
    </UnitTest>
    <UnitTest name="ManagedCode.Communication.Tests.Results.ResultFailMethodsTests.Result_Fail_WithExceptionAndStatus_ShouldCreateFailedResultWithSpecifiedStatus" storage="/home/runner/work/communication/communication/managedcode.communication.tests/bin/release/net9.0/managedcode.communication.tests.dll" id="e54d77da-6a95-0aa2-239e-14e9fe7b27b9">
      <Execution id="6b6a0a2c-647a-4293-acc6-d26022fc278b" />
      <TestMethod codeBase="/home/runner/work/Communication/Communication/ManagedCode.Communication.Tests/bin/Release/net9.0/ManagedCode.Communication.Tests.dll" adapterTypeName="executor://xunit/VsTestRunner3/netcore/" className="ManagedCode.Communication.Tests.Results.ResultFailMethodsTests" name="Result_Fail_WithExceptionAndStatus_ShouldCreateFailedResultWithSpecifiedStatus" />
    </UnitTest>
    <UnitTest name="ManagedCode.Communication.Tests.Results.ResultHelperMethodsTests.Result_TryGetProblem_WithFailure_ShouldReturnTrueAndProblem" storage="/home/runner/work/communication/communication/managedcode.communication.tests/bin/release/net9.0/managedcode.communication.tests.dll" id="a7cb801d-7f16-2aed-a9b9-27ada01410cb">
      <Execution id="21f6cd5c-c05f-4f76-8aee-24f16ffd5fc3" />
      <TestMethod codeBase="/home/runner/work/Communication/Communication/ManagedCode.Communication.Tests/bin/Release/net9.0/ManagedCode.Communication.Tests.dll" adapterTypeName="executor://xunit/VsTestRunner3/netcore/" className="ManagedCode.Communication.Tests.Results.ResultHelperMethodsTests" name="Result_TryGetProblem_WithFailure_ShouldReturnTrueAndProblem" />
    </UnitTest>
    <UnitTest name="ManagedCode.Communication.Tests.Results.ResultTFailMethodsTests.ResultT_Fail_ChainedOperations_ShouldMaintainFailureState" storage="/home/runner/work/communication/communication/managedcode.communication.tests/bin/release/net9.0/managedcode.communication.tests.dll" id="4c5efd82-b666-5ad5-6065-602cf6a7d241">
      <Execution id="bbdee542-5f45-4b73-9fbb-6d75a0e3316f" />
      <TestMethod codeBase="/home/runner/work/Communication/Communication/ManagedCode.Communication.Tests/bin/Release/net9.0/ManagedCode.Communication.Tests.dll" adapterTypeName="executor://xunit/VsTestRunner3/netcore/" className="ManagedCode.Communication.Tests.Results.ResultTFailMethodsTests" name="ResultT_Fail_ChainedOperations_ShouldMaintainFailureState" />
    </UnitTest>
    <UnitTest name="ManagedCode.Communication.Tests.Results.ResultFailMethodsTests.Result_Fail_WithVariousStatusCodes_ShouldSetCorrectStatusCode(statusCode: BadRequest, expectedCode: 400)" storage="/home/runner/work/communication/communication/managedcode.communication.tests/bin/release/net9.0/managedcode.communication.tests.dll" id="b105cb98-11fd-dbe0-9cb5-6ee18e7fdb31">
      <Execution id="eee1a7d9-12a4-4888-b48f-353ba3874b65" />
      <TestMethod codeBase="/home/runner/work/Communication/Communication/ManagedCode.Communication.Tests/bin/Release/net9.0/ManagedCode.Communication.Tests.dll" adapterTypeName="executor://xunit/VsTestRunner3/netcore/" className="ManagedCode.Communication.Tests.Results.ResultFailMethodsTests" name="Result_Fail_WithVariousStatusCodes_ShouldSetCorrectStatusCode" />
    </UnitTest>
    <UnitTest name="ManagedCode.Communication.Tests.Results.ResultHelperMethodsTests.Result_From_WithFailedResult_ShouldReturnFailure" storage="/home/runner/work/communication/communication/managedcode.communication.tests/bin/release/net9.0/managedcode.communication.tests.dll" id="717abb16-22b3-f92b-b19b-53aac21bcea2">
      <Execution id="fd5d5afe-8222-457d-a8b6-2c513495a7b6" />
      <TestMethod codeBase="/home/runner/work/Communication/Communication/ManagedCode.Communication.Tests/bin/Release/net9.0/ManagedCode.Communication.Tests.dll" adapterTypeName="executor://xunit/VsTestRunner3/netcore/" className="ManagedCode.Communication.Tests.Results.ResultHelperMethodsTests" name="Result_From_WithFailedResult_ShouldReturnFailure" />
    </UnitTest>
    <UnitTest name="ManagedCode.Communication.Tests.Extensions.AdvancedRailwayExtensionsTests.Check_WithSuccessAndNoException_ReturnsSuccess" storage="/home/runner/work/communication/communication/managedcode.communication.tests/bin/release/net9.0/managedcode.communication.tests.dll" id="b2105290-3d86-82f5-7333-a618d72f153d">
      <Execution id="d998bf33-b56f-4249-b8aa-c756fb11bd7b" />
      <TestMethod codeBase="/home/runner/work/Communication/Communication/ManagedCode.Communication.Tests/bin/Release/net9.0/ManagedCode.Communication.Tests.dll" adapterTypeName="executor://xunit/VsTestRunner3/netcore/" className="ManagedCode.Communication.Tests.Extensions.AdvancedRailwayExtensionsTests" name="Check_WithSuccessAndNoException_ReturnsSuccess" />
    </UnitTest>
    <UnitTest name="ManagedCode.Communication.Tests.Results.ResultTTests.FailNotFound_ShouldCreateNotFoundResult" storage="/home/runner/work/communication/communication/managedcode.communication.tests/bin/release/net9.0/managedcode.communication.tests.dll" id="f8a940f1-8634-0701-daf3-2dcd1e55555d">
      <Execution id="ca43e16e-5e3d-4cdc-bef1-a42533a2fd98" />
      <TestMethod codeBase="/home/runner/work/Communication/Communication/ManagedCode.Communication.Tests/bin/Release/net9.0/ManagedCode.Communication.Tests.dll" adapterTypeName="executor://xunit/VsTestRunner3/netcore/" className="ManagedCode.Communication.Tests.Results.ResultTTests" name="FailNotFound_ShouldCreateNotFoundResult" />
    </UnitTest>
    <UnitTest name="ManagedCode.Communication.Tests.Results.ResultHelperMethodsTests.ResultT_ThrowIfFail_WithSuccess_ShouldReturnFalse" storage="/home/runner/work/communication/communication/managedcode.communication.tests/bin/release/net9.0/managedcode.communication.tests.dll" id="ec173942-74cf-fb84-c8bf-7bb7f9f4c8c4">
      <Execution id="382c9612-faaf-400f-a2a1-4e62630dc83f" />
      <TestMethod codeBase="/home/runner/work/Communication/Communication/ManagedCode.Communication.Tests/bin/Release/net9.0/ManagedCode.Communication.Tests.dll" adapterTypeName="executor://xunit/VsTestRunner3/netcore/" className="ManagedCode.Communication.Tests.Results.ResultHelperMethodsTests" name="ResultT_ThrowIfFail_WithSuccess_ShouldReturnFalse" />
    </UnitTest>
    <UnitTest name="ManagedCode.Communication.Tests.Results.ResultHelperMethodsTests.Result_Try_WithCustomStatusCode_ShouldUseProvidedCode" storage="/home/runner/work/communication/communication/managedcode.communication.tests/bin/release/net9.0/managedcode.communication.tests.dll" id="f3b583ac-90ff-1f56-69dc-aadf0d375497">
      <Execution id="9f2071be-d8b6-4eba-a154-cd0f3c56cdde" />
      <TestMethod codeBase="/home/runner/work/Communication/Communication/ManagedCode.Communication.Tests/bin/Release/net9.0/ManagedCode.Communication.Tests.dll" adapterTypeName="executor://xunit/VsTestRunner3/netcore/" className="ManagedCode.Communication.Tests.Results.ResultHelperMethodsTests" name="Result_Try_WithCustomStatusCode_ShouldUseProvidedCode" />
    </UnitTest>
    <UnitTest name="ManagedCode.Communication.Tests.CollectionResults.CollectionResultFailMethodsTests.Fail_WithVariousStatusCodes_ShouldSetCorrectStatusCode(statusCode: Forbidden, expectedCode: 403)" storage="/home/runner/work/communication/communication/managedcode.communication.tests/bin/release/net9.0/managedcode.communication.tests.dll" id="e1f1b1be-faf7-e984-f9a4-c2a361ef2de8">
      <Execution id="bda0f280-efa8-4683-a6b8-29e02cf47a46" />
      <TestMethod codeBase="/home/runner/work/Communication/Communication/ManagedCode.Communication.Tests/bin/Release/net9.0/ManagedCode.Communication.Tests.dll" adapterTypeName="executor://xunit/VsTestRunner3/netcore/" className="ManagedCode.Communication.Tests.CollectionResults.CollectionResultFailMethodsTests" name="Fail_WithVariousStatusCodes_ShouldSetCorrectStatusCode" />
    </UnitTest>
    <UnitTest name="ManagedCode.Communication.Tests.ControllerTests.MiddlewareTests.UnauthorizedAccess" storage="/home/runner/work/communication/communication/managedcode.communication.tests/bin/release/net9.0/managedcode.communication.tests.dll" id="05e9a149-1ec4-5816-e59a-5ac25d0a3fd4">
      <Execution id="51a081fa-d567-4dab-9da2-33f6acaf47e9" />
      <TestMethod codeBase="/home/runner/work/Communication/Communication/ManagedCode.Communication.Tests/bin/Release/net9.0/ManagedCode.Communication.Tests.dll" adapterTypeName="executor://xunit/VsTestRunner3/netcore/" className="ManagedCode.Communication.Tests.ControllerTests.MiddlewareTests" name="UnauthorizedAccess" />
    </UnitTest>
    <UnitTest name="ManagedCode.Communication.Tests.CollectionResults.CollectionResultFailMethodsTests.Fail_WithVariousStatusCodes_ShouldSetCorrectStatusCode(statusCode: Unauthorized, expectedCode: 401)" storage="/home/runner/work/communication/communication/managedcode.communication.tests/bin/release/net9.0/managedcode.communication.tests.dll" id="057eaabd-3e0f-9cb8-8caa-35b8258d8daa">
      <Execution id="cb6fa895-f2e3-4947-b9bc-97bbdbdfdc5e" />
      <TestMethod codeBase="/home/runner/work/Communication/Communication/ManagedCode.Communication.Tests/bin/Release/net9.0/ManagedCode.Communication.Tests.dll" adapterTypeName="executor://xunit/VsTestRunner3/netcore/" className="ManagedCode.Communication.Tests.CollectionResults.CollectionResultFailMethodsTests" name="Fail_WithVariousStatusCodes_ShouldSetCorrectStatusCode" />
    </UnitTest>
    <UnitTest name="ManagedCode.Communication.Tests.Results.ResultInvalidMethodsTests.Result_Invalid_WithoutParameters_ShouldCreateValidationResult" storage="/home/runner/work/communication/communication/managedcode.communication.tests/bin/release/net9.0/managedcode.communication.tests.dll" id="8c3fdcf7-4fc6-4fdc-74eb-b85a360cd133">
      <Execution id="364dd0fc-c5e5-4342-8236-a52bba2fd8c8" />
      <TestMethod codeBase="/home/runner/work/Communication/Communication/ManagedCode.Communication.Tests/bin/Release/net9.0/ManagedCode.Communication.Tests.dll" adapterTypeName="executor://xunit/VsTestRunner3/netcore/" className="ManagedCode.Communication.Tests.Results.ResultInvalidMethodsTests" name="Result_Invalid_WithoutParameters_ShouldCreateValidationResult" />
    </UnitTest>
    <UnitTest name="ManagedCode.Communication.Tests.CollectionResults.CollectionResultFromMethodsTests.From_LargeCollection_ShouldHandleEfficiently" storage="/home/runner/work/communication/communication/managedcode.communication.tests/bin/release/net9.0/managedcode.communication.tests.dll" id="9dafdb86-c22a-88fc-6833-af4e374d365d">
      <Execution id="a2d951cf-8a61-4a98-8eaa-a5705a2bd6be" />
      <TestMethod codeBase="/home/runner/work/Communication/Communication/ManagedCode.Communication.Tests/bin/Release/net9.0/ManagedCode.Communication.Tests.dll" adapterTypeName="executor://xunit/VsTestRunner3/netcore/" className="ManagedCode.Communication.Tests.CollectionResults.CollectionResultFromMethodsTests" name="From_LargeCollection_ShouldHandleEfficiently" />
    </UnitTest>
    <UnitTest name="ManagedCode.Communication.Tests.Extensions.AdvancedRailwayExtensionsTests.Compensate_WithFailure_ExecutesRecovery" storage="/home/runner/work/communication/communication/managedcode.communication.tests/bin/release/net9.0/managedcode.communication.tests.dll" id="c32c7fae-3b6b-0f87-7334-0ef6b44c9d25">
      <Execution id="f3e08f76-f673-4915-bfc7-697c14e2af43" />
      <TestMethod codeBase="/home/runner/work/Communication/Communication/ManagedCode.Communication.Tests/bin/Release/net9.0/ManagedCode.Communication.Tests.dll" adapterTypeName="executor://xunit/VsTestRunner3/netcore/" className="ManagedCode.Communication.Tests.Extensions.AdvancedRailwayExtensionsTests" name="Compensate_WithFailure_ExecutesRecovery" />
    </UnitTest>
    <UnitTest name="ManagedCode.Communication.Tests.Orleans.Serialization.CommandSerializationTests.Command_WithAllFields_ShouldSerializeCorrectly" storage="/home/runner/work/communication/communication/managedcode.communication.tests/bin/release/net9.0/managedcode.communication.tests.dll" id="21522ead-b433-4ed6-2bc6-7bc12d8649e5">
      <Execution id="79accd2c-21f4-4407-aeb0-147031148fae" />
      <TestMethod codeBase="/home/runner/work/Communication/Communication/ManagedCode.Communication.Tests/bin/Release/net9.0/ManagedCode.Communication.Tests.dll" adapterTypeName="executor://xunit/VsTestRunner3/netcore/" className="ManagedCode.Communication.Tests.Orleans.Serialization.CommandSerializationTests" name="Command_WithAllFields_ShouldSerializeCorrectly" />
    </UnitTest>
    <UnitTest name="ManagedCode.Communication.Tests.Results.ResultInvalidMethodsTests.Result_Invalid_WithEnumKeyValue_ShouldCreateValidationResultWithAll" storage="/home/runner/work/communication/communication/managedcode.communication.tests/bin/release/net9.0/managedcode.communication.tests.dll" id="2ce5a0ce-9e3f-00a6-801c-dc294a1bcdf2">
      <Execution id="1ca961d2-04e6-4af6-a41a-bcc016acf13f" />
      <TestMethod codeBase="/home/runner/work/Communication/Communication/ManagedCode.Communication.Tests/bin/Release/net9.0/ManagedCode.Communication.Tests.dll" adapterTypeName="executor://xunit/VsTestRunner3/netcore/" className="ManagedCode.Communication.Tests.Results.ResultInvalidMethodsTests" name="Result_Invalid_WithEnumKeyValue_ShouldCreateValidationResultWithAll" />
    </UnitTest>
    <UnitTest name="ManagedCode.Communication.Tests.ResultExtensionsTests.ChainedOperations_ShouldShortCircuitOnFailure" storage="/home/runner/work/communication/communication/managedcode.communication.tests/bin/release/net9.0/managedcode.communication.tests.dll" id="9519802d-7595-b802-9b1d-28efaa0530ce">
      <Execution id="2977755e-f51d-4487-a704-8572eaab0759" />
      <TestMethod codeBase="/home/runner/work/Communication/Communication/ManagedCode.Communication.Tests/bin/Release/net9.0/ManagedCode.Communication.Tests.dll" adapterTypeName="executor://xunit/VsTestRunner3/netcore/" className="ManagedCode.Communication.Tests.ResultExtensionsTests" name="ChainedOperations_ShouldShortCircuitOnFailure" />
    </UnitTest>
    <UnitTest name="ManagedCode.Communication.Tests.Results.ResultTests.Try_WithExceptionThrowingAction_ShouldCreateFailedResult" storage="/home/runner/work/communication/communication/managedcode.communication.tests/bin/release/net9.0/managedcode.communication.tests.dll" id="165652a5-8470-80de-f723-64799828bde9">
      <Execution id="7296514e-7b43-4e00-9cfb-1c844163573d" />
      <TestMethod codeBase="/home/runner/work/Communication/Communication/ManagedCode.Communication.Tests/bin/Release/net9.0/ManagedCode.Communication.Tests.dll" adapterTypeName="executor://xunit/VsTestRunner3/netcore/" className="ManagedCode.Communication.Tests.Results.ResultTests" name="Try_WithExceptionThrowingAction_ShouldCreateFailedResult" />
    </UnitTest>
    <UnitTest name="ManagedCode.Communication.Tests.Extensions.HttpResponseExtensionTests.FromRequestToResult_VariousErrorCodes_ReturnsFailedResult(statusCode: InternalServerError)" storage="/home/runner/work/communication/communication/managedcode.communication.tests/bin/release/net9.0/managedcode.communication.tests.dll" id="cb55dff4-d7f6-2f2e-153f-1f8301bc11f9">
      <Execution id="9a97a04c-1ca6-473b-9f7b-455891476e0b" />
      <TestMethod codeBase="/home/runner/work/Communication/Communication/ManagedCode.Communication.Tests/bin/Release/net9.0/ManagedCode.Communication.Tests.dll" adapterTypeName="executor://xunit/VsTestRunner3/netcore/" className="ManagedCode.Communication.Tests.Extensions.HttpResponseExtensionTests" name="FromRequestToResult_VariousErrorCodes_ReturnsFailedResult" />
    </UnitTest>
    <UnitTest name="ManagedCode.Communication.Tests.AspNetCore.Extensions.ControllerExtensionsTests.ToHttpResult_WithNullValue_HandlesGracefully" storage="/home/runner/work/communication/communication/managedcode.communication.tests/bin/release/net9.0/managedcode.communication.tests.dll" id="9fb27429-2e5b-c1a5-586b-a38199a8345b">
      <Execution id="77b3ec48-e3d8-40a5-83e8-c68e4828743b" />
      <TestMethod codeBase="/home/runner/work/Communication/Communication/ManagedCode.Communication.Tests/bin/Release/net9.0/ManagedCode.Communication.Tests.dll" adapterTypeName="executor://xunit/VsTestRunner3/netcore/" className="ManagedCode.Communication.Tests.AspNetCore.Extensions.ControllerExtensionsTests" name="ToHttpResult_WithNullValue_HandlesGracefully" />
    </UnitTest>
    <UnitTest name="ManagedCode.Communication.Tests.Extensions.RailwayExtensionsTests.Bind_ResultTToResult_SuccessfulChain" storage="/home/runner/work/communication/communication/managedcode.communication.tests/bin/release/net9.0/managedcode.communication.tests.dll" id="efdeb973-f796-3bbb-78f9-ef2fef0bb698">
      <Execution id="1bc47de6-e78f-4258-8729-f026bbfd023a" />
      <TestMethod codeBase="/home/runner/work/Communication/Communication/ManagedCode.Communication.Tests/bin/Release/net9.0/ManagedCode.Communication.Tests.dll" adapterTypeName="executor://xunit/VsTestRunner3/netcore/" className="ManagedCode.Communication.Tests.Extensions.RailwayExtensionsTests" name="Bind_ResultTToResult_SuccessfulChain" />
    </UnitTest>
    <UnitTest name="ManagedCode.Communication.Tests.Serialization.ProblemJsonConverterTests.SerializeDeserialize_WithExtensions_PreservesData" storage="/home/runner/work/communication/communication/managedcode.communication.tests/bin/release/net9.0/managedcode.communication.tests.dll" id="06774c33-6f96-c2da-2540-1bcc829f9f7d">
      <Execution id="e5eccb18-fce8-4cf5-9f2c-522d94d4e46d" />
      <TestMethod codeBase="/home/runner/work/Communication/Communication/ManagedCode.Communication.Tests/bin/Release/net9.0/ManagedCode.Communication.Tests.dll" adapterTypeName="executor://xunit/VsTestRunner3/netcore/" className="ManagedCode.Communication.Tests.Serialization.ProblemJsonConverterTests" name="SerializeDeserialize_WithExtensions_PreservesData" />
    </UnitTest>
    <UnitTest name="ManagedCode.Communication.Tests.Results.ResultTFailMethodsTests.ResultT_Fail_WithExceptionAndStatus_ShouldCreateFailedResultWithSpecifiedStatus" storage="/home/runner/work/communication/communication/managedcode.communication.tests/bin/release/net9.0/managedcode.communication.tests.dll" id="2c4ab2a0-5b84-fdeb-332e-fc8fa28ff2a8">
      <Execution id="45f590ed-3a0c-42b7-b10c-6eb0002cd53e" />
      <TestMethod codeBase="/home/runner/work/Communication/Communication/ManagedCode.Communication.Tests/bin/Release/net9.0/ManagedCode.Communication.Tests.dll" adapterTypeName="executor://xunit/VsTestRunner3/netcore/" className="ManagedCode.Communication.Tests.Results.ResultTFailMethodsTests" name="ResultT_Fail_WithExceptionAndStatus_ShouldCreateFailedResultWithSpecifiedStatus" />
    </UnitTest>
    <UnitTest name="ManagedCode.Communication.Tests.Results.ProblemExceptionTests.Constructor_WithProblem_ShouldSetPropertiesCorrectly" storage="/home/runner/work/communication/communication/managedcode.communication.tests/bin/release/net9.0/managedcode.communication.tests.dll" id="75503792-348c-52d7-8b2d-0e5e30e7737f">
      <Execution id="fffba054-52c2-41cf-9276-7933d1178ef5" />
      <TestMethod codeBase="/home/runner/work/Communication/Communication/ManagedCode.Communication.Tests/bin/Release/net9.0/ManagedCode.Communication.Tests.dll" adapterTypeName="executor://xunit/VsTestRunner3/netcore/" className="ManagedCode.Communication.Tests.Results.ProblemExceptionTests" name="Constructor_WithProblem_ShouldSetPropertiesCorrectly" />
    </UnitTest>
    <UnitTest name="ManagedCode.Communication.Tests.Results.ResultOperatorsTests.CollectionResult_ImplicitOperator_ToBool_ShouldReturnIsSuccess" storage="/home/runner/work/communication/communication/managedcode.communication.tests/bin/release/net9.0/managedcode.communication.tests.dll" id="c9d9ed72-c67b-02b9-941b-eca4dbf8c071">
      <Execution id="a7b28ab1-c61d-4d8d-b8be-eb85df017144" />
      <TestMethod codeBase="/home/runner/work/Communication/Communication/ManagedCode.Communication.Tests/bin/Release/net9.0/ManagedCode.Communication.Tests.dll" adapterTypeName="executor://xunit/VsTestRunner3/netcore/" className="ManagedCode.Communication.Tests.Results.ResultOperatorsTests" name="CollectionResult_ImplicitOperator_ToBool_ShouldReturnIsSuccess" />
    </UnitTest>
    <UnitTest name="ManagedCode.Communication.Tests.Extensions.ResultConversionExtensionsTests.AsResult_WithIntValue_CreatesSuccessfulResult" storage="/home/runner/work/communication/communication/managedcode.communication.tests/bin/release/net9.0/managedcode.communication.tests.dll" id="9523222d-3297-4077-2b57-514061f60535">
      <Execution id="d501c543-3f1c-44fe-9dc0-7979c3d71333" />
      <TestMethod codeBase="/home/runner/work/Communication/Communication/ManagedCode.Communication.Tests/bin/Release/net9.0/ManagedCode.Communication.Tests.dll" adapterTypeName="executor://xunit/VsTestRunner3/netcore/" className="ManagedCode.Communication.Tests.Extensions.ResultConversionExtensionsTests" name="AsResult_WithIntValue_CreatesSuccessfulResult" />
    </UnitTest>
    <UnitTest name="ManagedCode.Communication.Tests.Results.RailwayOrientedProgrammingTests.Tap_WithFailure_ShouldNotExecuteSideEffect" storage="/home/runner/work/communication/communication/managedcode.communication.tests/bin/release/net9.0/managedcode.communication.tests.dll" id="b6091ae6-e1ab-9599-acb3-418abc778fef">
      <Execution id="875593cc-0f27-44d3-b0f3-ad8ba80af138" />
      <TestMethod codeBase="/home/runner/work/Communication/Communication/ManagedCode.Communication.Tests/bin/Release/net9.0/ManagedCode.Communication.Tests.dll" adapterTypeName="executor://xunit/VsTestRunner3/netcore/" className="ManagedCode.Communication.Tests.Results.RailwayOrientedProgrammingTests" name="Tap_WithFailure_ShouldNotExecuteSideEffect" />
    </UnitTest>
    <UnitTest name="ManagedCode.Communication.Tests.Results.ProblemCreationExtensionsTests.ToProblem_FromExceptionWithData_ShouldIncludeDataInExtensions" storage="/home/runner/work/communication/communication/managedcode.communication.tests/bin/release/net9.0/managedcode.communication.tests.dll" id="84c6800a-f289-1899-3a73-99d4070467cb">
      <Execution id="6de5602e-dbfe-418e-be36-44e4ead89988" />
      <TestMethod codeBase="/home/runner/work/Communication/Communication/ManagedCode.Communication.Tests/bin/Release/net9.0/ManagedCode.Communication.Tests.dll" adapterTypeName="executor://xunit/VsTestRunner3/netcore/" className="ManagedCode.Communication.Tests.Results.ProblemCreationExtensionsTests" name="ToProblem_FromExceptionWithData_ShouldIncludeDataInExtensions" />
    </UnitTest>
    <UnitTest name="ManagedCode.Communication.Tests.Serialization.ProblemJsonConverterTests.Serialize_BasicProblem_ProducesCorrectJson" storage="/home/runner/work/communication/communication/managedcode.communication.tests/bin/release/net9.0/managedcode.communication.tests.dll" id="d4d49c29-9474-ecf3-0071-3ac279f9699d">
      <Execution id="f36c6d96-c743-4250-b278-cd1e90e98d93" />
      <TestMethod codeBase="/home/runner/work/Communication/Communication/ManagedCode.Communication.Tests/bin/Release/net9.0/ManagedCode.Communication.Tests.dll" adapterTypeName="executor://xunit/VsTestRunner3/netcore/" className="ManagedCode.Communication.Tests.Serialization.ProblemJsonConverterTests" name="Serialize_BasicProblem_ProducesCorrectJson" />
    </UnitTest>
    <UnitTest name="ManagedCode.Communication.Tests.Results.ResultTests.ThrowIfFail_WithFailedResult_ShouldThrow" storage="/home/runner/work/communication/communication/managedcode.communication.tests/bin/release/net9.0/managedcode.communication.tests.dll" id="d764fc82-375a-445d-1d29-326347c358b4">
      <Execution id="e3451e3c-792b-43c7-bcef-6360c85437ce" />
      <TestMethod codeBase="/home/runner/work/Communication/Communication/ManagedCode.Communication.Tests/bin/Release/net9.0/ManagedCode.Communication.Tests.dll" adapterTypeName="executor://xunit/VsTestRunner3/netcore/" className="ManagedCode.Communication.Tests.Results.ResultTests" name="ThrowIfFail_WithFailedResult_ShouldThrow" />
    </UnitTest>
    <UnitTest name="ManagedCode.Communication.Tests.Extensions.RailwayExtensionsTests.Tap_SuccessfulResult_ExecutesAction" storage="/home/runner/work/communication/communication/managedcode.communication.tests/bin/release/net9.0/managedcode.communication.tests.dll" id="80b773b9-f50d-d39a-b57c-a8373446bf0a">
      <Execution id="dfc0fa9d-1e1c-4211-b8bc-0537efa54ef9" />
      <TestMethod codeBase="/home/runner/work/Communication/Communication/ManagedCode.Communication.Tests/bin/Release/net9.0/ManagedCode.Communication.Tests.dll" adapterTypeName="executor://xunit/VsTestRunner3/netcore/" className="ManagedCode.Communication.Tests.Extensions.RailwayExtensionsTests" name="Tap_SuccessfulResult_ExecutesAction" />
    </UnitTest>
    <UnitTest name="ManagedCode.Communication.Tests.Results.ProblemTests.Create_ShouldCreateProblemWithAllProperties" storage="/home/runner/work/communication/communication/managedcode.communication.tests/bin/release/net9.0/managedcode.communication.tests.dll" id="8ef731a7-df62-2078-454e-b3c5ab5a52f3">
      <Execution id="6171ca1e-8eca-45fc-9a53-79e5143b4252" />
      <TestMethod codeBase="/home/runner/work/Communication/Communication/ManagedCode.Communication.Tests/bin/Release/net9.0/ManagedCode.Communication.Tests.dll" adapterTypeName="executor://xunit/VsTestRunner3/netcore/" className="ManagedCode.Communication.Tests.Results.ProblemTests" name="Create_ShouldCreateProblemWithAllProperties" />
    </UnitTest>
    <UnitTest name="ManagedCode.Communication.Tests.AspNetCore.Extensions.ControllerExtensionsTests.ToActionResult_WithVariousStatusCodes_ReturnsCorrectStatusCode(statusCode: 404, title: &quot;Not Found&quot;)" storage="/home/runner/work/communication/communication/managedcode.communication.tests/bin/release/net9.0/managedcode.communication.tests.dll" id="7f739289-fb83-39f7-cc97-e031b49032de">
      <Execution id="e1963e27-ffc5-43ad-b4a3-97ea1a85e3b6" />
      <TestMethod codeBase="/home/runner/work/Communication/Communication/ManagedCode.Communication.Tests/bin/Release/net9.0/ManagedCode.Communication.Tests.dll" adapterTypeName="executor://xunit/VsTestRunner3/netcore/" className="ManagedCode.Communication.Tests.AspNetCore.Extensions.ControllerExtensionsTests" name="ToActionResult_WithVariousStatusCodes_ReturnsCorrectStatusCode" />
    </UnitTest>
    <UnitTest name="ManagedCode.Communication.Tests.ProblemTests.ProblemCreateMethodsTests.Problem_Create_FromException_ShouldCreateProblemWithExceptionDetails" storage="/home/runner/work/communication/communication/managedcode.communication.tests/bin/release/net9.0/managedcode.communication.tests.dll" id="6283c4be-1bf1-1121-ef21-2c078662a67b">
      <Execution id="43faaa41-1b7a-49ae-9f29-66d680269879" />
      <TestMethod codeBase="/home/runner/work/Communication/Communication/ManagedCode.Communication.Tests/bin/Release/net9.0/ManagedCode.Communication.Tests.dll" adapterTypeName="executor://xunit/VsTestRunner3/netcore/" className="ManagedCode.Communication.Tests.ProblemTests.ProblemCreateMethodsTests" name="Problem_Create_FromException_ShouldCreateProblemWithExceptionDetails" />
    </UnitTest>
    <UnitTest name="ManagedCode.Communication.Tests.Extensions.ProblemExtensionsTests.AsProblem_ShouldConvertProblemDetailsToProblem" storage="/home/runner/work/communication/communication/managedcode.communication.tests/bin/release/net9.0/managedcode.communication.tests.dll" id="f2fedf4e-1784-514f-f108-e8785c00ded4">
      <Execution id="32dbc4ce-94bf-4888-b0cd-884da3ced778" />
      <TestMethod codeBase="/home/runner/work/Communication/Communication/ManagedCode.Communication.Tests/bin/Release/net9.0/ManagedCode.Communication.Tests.dll" adapterTypeName="executor://xunit/VsTestRunner3/netcore/" className="ManagedCode.Communication.Tests.Extensions.ProblemExtensionsTests" name="AsProblem_ShouldConvertProblemDetailsToProblem" />
    </UnitTest>
    <UnitTest name="ManagedCode.Communication.Tests.Results.ProblemToExceptionErrorTests.ToException_PerformanceTest_ShouldNotTakeExcessiveTime" storage="/home/runner/work/communication/communication/managedcode.communication.tests/bin/release/net9.0/managedcode.communication.tests.dll" id="63002f6f-0517-2c24-717b-d2c1e2e53077">
      <Execution id="431cb148-d431-4d3a-a18a-cd67802fb30c" />
      <TestMethod codeBase="/home/runner/work/Communication/Communication/ManagedCode.Communication.Tests/bin/Release/net9.0/ManagedCode.Communication.Tests.dll" adapterTypeName="executor://xunit/VsTestRunner3/netcore/" className="ManagedCode.Communication.Tests.Results.ProblemToExceptionErrorTests" name="ToException_PerformanceTest_ShouldNotTakeExcessiveTime" />
    </UnitTest>
    <UnitTest name="ManagedCode.Communication.Tests.Results.ResultHelperMethodsTests.Result_Match_WithFailure_ShouldCallOnFailure" storage="/home/runner/work/communication/communication/managedcode.communication.tests/bin/release/net9.0/managedcode.communication.tests.dll" id="b0c0975d-c610-a767-c328-0155d7e3729c">
      <Execution id="99165578-f046-471f-9e8b-3f6ebe626aad" />
      <TestMethod codeBase="/home/runner/work/Communication/Communication/ManagedCode.Communication.Tests/bin/Release/net9.0/ManagedCode.Communication.Tests.dll" adapterTypeName="executor://xunit/VsTestRunner3/netcore/" className="ManagedCode.Communication.Tests.Results.ResultHelperMethodsTests" name="Result_Match_WithFailure_ShouldCallOnFailure" />
    </UnitTest>
    <UnitTest name="ManagedCode.Communication.Tests.Results.ProblemExceptionTests.Constructor_WithProblemContainingErrorCode_ShouldPopulateData" storage="/home/runner/work/communication/communication/managedcode.communication.tests/bin/release/net9.0/managedcode.communication.tests.dll" id="95d48be6-afa8-e71d-dd78-cc9c789b5af7">
      <Execution id="caba48bc-e831-4a93-8561-e47c7c6f029a" />
      <TestMethod codeBase="/home/runner/work/Communication/Communication/ManagedCode.Communication.Tests/bin/Release/net9.0/ManagedCode.Communication.Tests.dll" adapterTypeName="executor://xunit/VsTestRunner3/netcore/" className="ManagedCode.Communication.Tests.Results.ProblemExceptionTests" name="Constructor_WithProblemContainingErrorCode_ShouldPopulateData" />
    </UnitTest>
    <UnitTest name="ManagedCode.Communication.Tests.CollectionResults.CollectionResultFailMethodsTests.Fail_WithExceptionAndStatus_ShouldCreateFailedResultWithSpecifiedStatus" storage="/home/runner/work/communication/communication/managedcode.communication.tests/bin/release/net9.0/managedcode.communication.tests.dll" id="f6e5cff2-2693-3b1e-77a2-42903b6a4613">
      <Execution id="11380d0b-8369-4912-85af-6308e0eb4c79" />
      <TestMethod codeBase="/home/runner/work/Communication/Communication/ManagedCode.Communication.Tests/bin/Release/net9.0/ManagedCode.Communication.Tests.dll" adapterTypeName="executor://xunit/VsTestRunner3/netcore/" className="ManagedCode.Communication.Tests.CollectionResults.CollectionResultFailMethodsTests" name="Fail_WithExceptionAndStatus_ShouldCreateFailedResultWithSpecifiedStatus" />
    </UnitTest>
    <UnitTest name="ManagedCode.Communication.Tests.CollectionResults.CollectionResultFailMethodsTests.Fail_WithEnum_ShouldCreateFailedResultWithErrorCode" storage="/home/runner/work/communication/communication/managedcode.communication.tests/bin/release/net9.0/managedcode.communication.tests.dll" id="a6f92938-3cd6-0259-0038-c96207263ec9">
      <Execution id="6dd35243-ff30-4afa-9dc3-6d5232205627" />
      <TestMethod codeBase="/home/runner/work/Communication/Communication/ManagedCode.Communication.Tests/bin/Release/net9.0/ManagedCode.Communication.Tests.dll" adapterTypeName="executor://xunit/VsTestRunner3/netcore/" className="ManagedCode.Communication.Tests.CollectionResults.CollectionResultFailMethodsTests" name="Fail_WithEnum_ShouldCreateFailedResultWithErrorCode" />
    </UnitTest>
    <UnitTest name="ManagedCode.Communication.Tests.Results.ProblemCreationExtensionsTests.ToProblem_FromException_WithHttpStatusCode_ShouldUseProvidedStatusCode" storage="/home/runner/work/communication/communication/managedcode.communication.tests/bin/release/net9.0/managedcode.communication.tests.dll" id="3fee61e5-7e3b-84b7-2cfd-6b24b1b5dcda">
      <Execution id="b4068c9d-ca8a-40ab-96f2-bcdfb1213b72" />
      <TestMethod codeBase="/home/runner/work/Communication/Communication/ManagedCode.Communication.Tests/bin/Release/net9.0/ManagedCode.Communication.Tests.dll" adapterTypeName="executor://xunit/VsTestRunner3/netcore/" className="ManagedCode.Communication.Tests.Results.ProblemCreationExtensionsTests" name="ToProblem_FromException_WithHttpStatusCode_ShouldUseProvidedStatusCode" />
    </UnitTest>
    <UnitTest name="ManagedCode.Communication.Tests.Results.ResultHelperMethodsTests.ResultT_Try_WithSuccessfulFunc_ShouldReturnSuccessWithValue" storage="/home/runner/work/communication/communication/managedcode.communication.tests/bin/release/net9.0/managedcode.communication.tests.dll" id="12ea67ca-37c0-f0fd-c942-d620dd5f1649">
      <Execution id="bb35864b-54a0-4de8-89d1-97a70eed9ddf" />
      <TestMethod codeBase="/home/runner/work/Communication/Communication/ManagedCode.Communication.Tests/bin/Release/net9.0/ManagedCode.Communication.Tests.dll" adapterTypeName="executor://xunit/VsTestRunner3/netcore/" className="ManagedCode.Communication.Tests.Results.ResultHelperMethodsTests" name="ResultT_Try_WithSuccessfulFunc_ShouldReturnSuccessWithValue" />
    </UnitTest>
    <UnitTest name="ManagedCode.Communication.Tests.Results.ResultTTests.ImplicitOperator_FromProblem_ShouldCreateFailedResult" storage="/home/runner/work/communication/communication/managedcode.communication.tests/bin/release/net9.0/managedcode.communication.tests.dll" id="cd465a48-4f16-0fe6-3ad4-0670fd7de72e">
      <Execution id="e1f73563-f093-45ac-909a-b27745950d52" />
      <TestMethod codeBase="/home/runner/work/Communication/Communication/ManagedCode.Communication.Tests/bin/Release/net9.0/ManagedCode.Communication.Tests.dll" adapterTypeName="executor://xunit/VsTestRunner3/netcore/" className="ManagedCode.Communication.Tests.Results.ResultTTests" name="ImplicitOperator_FromProblem_ShouldCreateFailedResult" />
    </UnitTest>
    <UnitTest name="ManagedCode.Communication.Tests.AspNetCore.Extensions.HubOptionsExtensionsTests.AddCommunicationHubFilter_CanBeCalledMultipleTimes" storage="/home/runner/work/communication/communication/managedcode.communication.tests/bin/release/net9.0/managedcode.communication.tests.dll" id="901cffbb-9bc0-db78-5288-2a4dc4c8cbb0">
      <Execution id="04a93ee7-b26c-4b18-833e-22035c1ae25a" />
      <TestMethod codeBase="/home/runner/work/Communication/Communication/ManagedCode.Communication.Tests/bin/Release/net9.0/ManagedCode.Communication.Tests.dll" adapterTypeName="executor://xunit/VsTestRunner3/netcore/" className="ManagedCode.Communication.Tests.AspNetCore.Extensions.HubOptionsExtensionsTests" name="AddCommunicationHubFilter_CanBeCalledMultipleTimes" />
    </UnitTest>
    <UnitTest name="ManagedCode.Communication.Tests.Serialization.SerializationTests.CommandT_WithValue_ShouldSerializeAndDeserialize" storage="/home/runner/work/communication/communication/managedcode.communication.tests/bin/release/net9.0/managedcode.communication.tests.dll" id="64430dc0-d0ec-3630-f4dc-3035b3446fe0">
      <Execution id="fba754f5-fb48-4b33-94ad-d8590e4f0b5e" />
      <TestMethod codeBase="/home/runner/work/Communication/Communication/ManagedCode.Communication.Tests/bin/Release/net9.0/ManagedCode.Communication.Tests.dll" adapterTypeName="executor://xunit/VsTestRunner3/netcore/" className="ManagedCode.Communication.Tests.Serialization.SerializationTests" name="CommandT_WithValue_ShouldSerializeAndDeserialize" />
    </UnitTest>
    <UnitTest name="ManagedCode.Communication.Tests.ControllerTests.MiddlewareTests.InvalidDataException" storage="/home/runner/work/communication/communication/managedcode.communication.tests/bin/release/net9.0/managedcode.communication.tests.dll" id="f83ad32d-dc7d-a157-ddfe-e571c1f7ccdc">
      <Execution id="3cf4a0ee-8ac6-485c-b0a1-01c83d1c68fc" />
      <TestMethod codeBase="/home/runner/work/Communication/Communication/ManagedCode.Communication.Tests/bin/Release/net9.0/ManagedCode.Communication.Tests.dll" adapterTypeName="executor://xunit/VsTestRunner3/netcore/" className="ManagedCode.Communication.Tests.ControllerTests.MiddlewareTests" name="InvalidDataException" />
    </UnitTest>
    <UnitTest name="ManagedCode.Communication.Tests.CollectionResults.CollectionResultFromMethodsTests.From_ComplexTypes_ShouldHandleCorrectly" storage="/home/runner/work/communication/communication/managedcode.communication.tests/bin/release/net9.0/managedcode.communication.tests.dll" id="296230cb-2332-ed3e-7412-3dcdf1d43e62">
      <Execution id="692bf9f9-9ae5-4034-972d-eed451dee6df" />
      <TestMethod codeBase="/home/runner/work/Communication/Communication/ManagedCode.Communication.Tests/bin/Release/net9.0/ManagedCode.Communication.Tests.dll" adapterTypeName="executor://xunit/VsTestRunner3/netcore/" className="ManagedCode.Communication.Tests.CollectionResults.CollectionResultFromMethodsTests" name="From_ComplexTypes_ShouldHandleCorrectly" />
    </UnitTest>
    <UnitTest name="ManagedCode.Communication.Tests.Results.ResultStaticHelperMethodsTests.Result_StaticHelpers_ChainedCalls_ShouldMaintainFailureState" storage="/home/runner/work/communication/communication/managedcode.communication.tests/bin/release/net9.0/managedcode.communication.tests.dll" id="df96f889-695d-6b63-9f03-a599b338bed3">
      <Execution id="f828a256-fc68-4271-8760-23fa40cbca84" />
      <TestMethod codeBase="/home/runner/work/Communication/Communication/ManagedCode.Communication.Tests/bin/Release/net9.0/ManagedCode.Communication.Tests.dll" adapterTypeName="executor://xunit/VsTestRunner3/netcore/" className="ManagedCode.Communication.Tests.Results.ResultStaticHelperMethodsTests" name="Result_StaticHelpers_ChainedCalls_ShouldMaintainFailureState" />
    </UnitTest>
    <UnitTest name="ManagedCode.Communication.Tests.Extensions.AdvancedRailwayExtensionsTests.FailIf_WithEnum_FailsWithErrorCode" storage="/home/runner/work/communication/communication/managedcode.communication.tests/bin/release/net9.0/managedcode.communication.tests.dll" id="a396a734-e07f-ae5f-d645-a46a1b70118e">
      <Execution id="bd11db02-7546-4ce0-aae8-3872240d15fa" />
      <TestMethod codeBase="/home/runner/work/Communication/Communication/ManagedCode.Communication.Tests/bin/Release/net9.0/ManagedCode.Communication.Tests.dll" adapterTypeName="executor://xunit/VsTestRunner3/netcore/" className="ManagedCode.Communication.Tests.Extensions.AdvancedRailwayExtensionsTests" name="FailIf_WithEnum_FailsWithErrorCode" />
    </UnitTest>
    <UnitTest name="ManagedCode.Communication.Tests.Results.ProblemExceptionTests.Constructor_WithValidationProblem_ShouldPopulateValidationErrors" storage="/home/runner/work/communication/communication/managedcode.communication.tests/bin/release/net9.0/managedcode.communication.tests.dll" id="078ca2ce-f079-2c28-76dc-9a1936031e13">
      <Execution id="e09a17c0-5384-44a2-a1b5-dea0f61eb04f" />
      <TestMethod codeBase="/home/runner/work/Communication/Communication/ManagedCode.Communication.Tests/bin/Release/net9.0/ManagedCode.Communication.Tests.dll" adapterTypeName="executor://xunit/VsTestRunner3/netcore/" className="ManagedCode.Communication.Tests.Results.ProblemExceptionTests" name="Constructor_WithValidationProblem_ShouldPopulateValidationErrors" />
    </UnitTest>
    <UnitTest name="ManagedCode.Communication.Tests.CollectionResults.CollectionResultFailMethodsTests.Fail_WithEmptyArray_ShouldCreateFailedResultWithEmptyCollection" storage="/home/runner/work/communication/communication/managedcode.communication.tests/bin/release/net9.0/managedcode.communication.tests.dll" id="b705e379-67f8-359d-1a7d-742fcea32d3b">
      <Execution id="dc6e9143-5e97-4653-9e0f-3f34e9cb3af9" />
      <TestMethod codeBase="/home/runner/work/Communication/Communication/ManagedCode.Communication.Tests/bin/Release/net9.0/ManagedCode.Communication.Tests.dll" adapterTypeName="executor://xunit/VsTestRunner3/netcore/" className="ManagedCode.Communication.Tests.CollectionResults.CollectionResultFailMethodsTests" name="Fail_WithEmptyArray_ShouldCreateFailedResultWithEmptyCollection" />
    </UnitTest>
    <UnitTest name="ManagedCode.Communication.Tests.Results.ResultFailMethodsTests.Result_FailUnauthorized_WithDetail_ShouldCreateUnauthorizedResultWithCustomDetail" storage="/home/runner/work/communication/communication/managedcode.communication.tests/bin/release/net9.0/managedcode.communication.tests.dll" id="05b76220-fd76-c7b5-cf44-0c20f6f56988">
      <Execution id="0f9d1349-d448-43eb-bce1-e4a5711dfba8" />
      <TestMethod codeBase="/home/runner/work/Communication/Communication/ManagedCode.Communication.Tests/bin/Release/net9.0/ManagedCode.Communication.Tests.dll" adapterTypeName="executor://xunit/VsTestRunner3/netcore/" className="ManagedCode.Communication.Tests.Results.ResultFailMethodsTests" name="Result_FailUnauthorized_WithDetail_ShouldCreateUnauthorizedResultWithCustomDetail" />
    </UnitTest>
    <UnitTest name="ManagedCode.Communication.Tests.Results.ProblemTests.Constructor_WithParameters_ShouldSetProperties" storage="/home/runner/work/communication/communication/managedcode.communication.tests/bin/release/net9.0/managedcode.communication.tests.dll" id="89f1e695-1be3-dd88-4f12-d20091883b21">
      <Execution id="09a807b4-57a1-4457-a8c7-3e606ea67be1" />
      <TestMethod codeBase="/home/runner/work/Communication/Communication/ManagedCode.Communication.Tests/bin/Release/net9.0/ManagedCode.Communication.Tests.dll" adapterTypeName="executor://xunit/VsTestRunner3/netcore/" className="ManagedCode.Communication.Tests.Results.ProblemTests" name="Constructor_WithParameters_ShouldSetProperties" />
    </UnitTest>
    <UnitTest name="ManagedCode.Communication.Tests.CollectionResults.CollectionResultFromMethodsTests.From_FailedCollectionResultWithProblem_ShouldReturnFailedResult" storage="/home/runner/work/communication/communication/managedcode.communication.tests/bin/release/net9.0/managedcode.communication.tests.dll" id="2e7c745d-8a62-07fa-75a5-000f8e56d414">
      <Execution id="75a781c3-3cd3-46c6-b9cf-a36d8059a983" />
      <TestMethod codeBase="/home/runner/work/Communication/Communication/ManagedCode.Communication.Tests/bin/Release/net9.0/ManagedCode.Communication.Tests.dll" adapterTypeName="executor://xunit/VsTestRunner3/netcore/" className="ManagedCode.Communication.Tests.CollectionResults.CollectionResultFromMethodsTests" name="From_FailedCollectionResultWithProblem_ShouldReturnFailedResult" />
    </UnitTest>
    <UnitTest name="ManagedCode.Communication.Tests.Extensions.HttpResponseExtensionTests.FromRequestToResult_VariousErrorCodes_ReturnsFailedResult(statusCode: BadRequest)" storage="/home/runner/work/communication/communication/managedcode.communication.tests/bin/release/net9.0/managedcode.communication.tests.dll" id="e57c6dc4-6a4c-181d-59f0-b2ffb8252047">
      <Execution id="8b14299a-ff7c-4435-a6fc-b7e9d279c1ab" />
      <TestMethod codeBase="/home/runner/work/Communication/Communication/ManagedCode.Communication.Tests/bin/Release/net9.0/ManagedCode.Communication.Tests.dll" adapterTypeName="executor://xunit/VsTestRunner3/netcore/" className="ManagedCode.Communication.Tests.Extensions.HttpResponseExtensionTests" name="FromRequestToResult_VariousErrorCodes_ReturnsFailedResult" />
    </UnitTest>
    <UnitTest name="ManagedCode.Communication.Tests.CollectionResults.CollectionResultFailMethodsTests.FailForbidden_NoParameters_ShouldCreateForbiddenResult" storage="/home/runner/work/communication/communication/managedcode.communication.tests/bin/release/net9.0/managedcode.communication.tests.dll" id="ac82514e-82f3-4065-a2b1-92de92c3b5d4">
      <Execution id="91dba332-29b9-4cd1-b3f7-300552b44346" />
      <TestMethod codeBase="/home/runner/work/Communication/Communication/ManagedCode.Communication.Tests/bin/Release/net9.0/ManagedCode.Communication.Tests.dll" adapterTypeName="executor://xunit/VsTestRunner3/netcore/" className="ManagedCode.Communication.Tests.CollectionResults.CollectionResultFailMethodsTests" name="FailForbidden_NoParameters_ShouldCreateForbiddenResult" />
    </UnitTest>
    <UnitTest name="ManagedCode.Communication.Tests.Serialization.SerializationTests.Problem_FromException_ShouldSerializeAndDeserialize" storage="/home/runner/work/communication/communication/managedcode.communication.tests/bin/release/net9.0/managedcode.communication.tests.dll" id="ebdedf64-5984-f3fa-314b-abb5908d2640">
      <Execution id="fcf60480-c1d6-4450-81fa-bf13acf351b7" />
      <TestMethod codeBase="/home/runner/work/Communication/Communication/ManagedCode.Communication.Tests/bin/Release/net9.0/ManagedCode.Communication.Tests.dll" adapterTypeName="executor://xunit/VsTestRunner3/netcore/" className="ManagedCode.Communication.Tests.Serialization.SerializationTests" name="Problem_FromException_ShouldSerializeAndDeserialize" />
    </UnitTest>
    <UnitTest name="ManagedCode.Communication.Tests.Results.ResultHelperMethodsTests.Result_TryAsync_WithSuccessfulTask_ShouldReturnSuccess" storage="/home/runner/work/communication/communication/managedcode.communication.tests/bin/release/net9.0/managedcode.communication.tests.dll" id="c13b6588-2a19-2c09-3895-58ee1bfe9fde">
      <Execution id="ebc5422c-e114-46cd-8304-7ce87931d431" />
      <TestMethod codeBase="/home/runner/work/Communication/Communication/ManagedCode.Communication.Tests/bin/Release/net9.0/ManagedCode.Communication.Tests.dll" adapterTypeName="executor://xunit/VsTestRunner3/netcore/" className="ManagedCode.Communication.Tests.Results.ResultHelperMethodsTests" name="Result_TryAsync_WithSuccessfulTask_ShouldReturnSuccess" />
    </UnitTest>
    <UnitTest name="ManagedCode.Communication.Tests.ResultExtensionsTests.Match_WithResultT_ShouldReturnCorrectBranch" storage="/home/runner/work/communication/communication/managedcode.communication.tests/bin/release/net9.0/managedcode.communication.tests.dll" id="db5d73e5-bd72-c41e-a69a-e342f27be70b">
      <Execution id="e1492b07-00a9-4615-adcd-4d02352a29f8" />
      <TestMethod codeBase="/home/runner/work/Communication/Communication/ManagedCode.Communication.Tests/bin/Release/net9.0/ManagedCode.Communication.Tests.dll" adapterTypeName="executor://xunit/VsTestRunner3/netcore/" className="ManagedCode.Communication.Tests.ResultExtensionsTests" name="Match_WithResultT_ShouldReturnCorrectBranch" />
    </UnitTest>
    <UnitTest name="ManagedCode.Communication.Tests.Extensions.HttpResponseExtensionTests.FromJsonToResult_SuccessStatusCode_WithValidJson_ReturnsSuccessResult" storage="/home/runner/work/communication/communication/managedcode.communication.tests/bin/release/net9.0/managedcode.communication.tests.dll" id="2965b165-6679-d60b-abea-0abf705caf0c">
      <Execution id="e987fed7-c21d-46b1-a87f-6201daa0617f" />
      <TestMethod codeBase="/home/runner/work/Communication/Communication/ManagedCode.Communication.Tests/bin/Release/net9.0/ManagedCode.Communication.Tests.dll" adapterTypeName="executor://xunit/VsTestRunner3/netcore/" className="ManagedCode.Communication.Tests.Extensions.HttpResponseExtensionTests" name="FromJsonToResult_SuccessStatusCode_WithValidJson_ReturnsSuccessResult" />
    </UnitTest>
    <UnitTest name="ManagedCode.Communication.Tests.Results.ResultTests.Succeed_ShouldCreateSuccessfulResult" storage="/home/runner/work/communication/communication/managedcode.communication.tests/bin/release/net9.0/managedcode.communication.tests.dll" id="c5c4387e-9b4e-b9c4-f648-e86e48f601ca">
      <Execution id="0f6942db-1ced-4d3f-85fb-1916ed68abb6" />
      <TestMethod codeBase="/home/runner/work/Communication/Communication/ManagedCode.Communication.Tests/bin/Release/net9.0/ManagedCode.Communication.Tests.dll" adapterTypeName="executor://xunit/VsTestRunner3/netcore/" className="ManagedCode.Communication.Tests.Results.ResultTests" name="Succeed_ShouldCreateSuccessfulResult" />
    </UnitTest>
    <UnitTest name="ManagedCode.Communication.Tests.Results.ResultTFailMethodsTests.ResultT_Fail_WithValue_ShouldCreateFailedResultWithValue" storage="/home/runner/work/communication/communication/managedcode.communication.tests/bin/release/net9.0/managedcode.communication.tests.dll" id="64fe7f30-f5e7-1996-7e8e-17085fa9413f">
      <Execution id="dbb27904-8149-4564-851c-847e80d6f1b8" />
      <TestMethod codeBase="/home/runner/work/Communication/Communication/ManagedCode.Communication.Tests/bin/Release/net9.0/ManagedCode.Communication.Tests.dll" adapterTypeName="executor://xunit/VsTestRunner3/netcore/" className="ManagedCode.Communication.Tests.Results.ResultTFailMethodsTests" name="ResultT_Fail_WithValue_ShouldCreateFailedResultWithValue" />
    </UnitTest>
    <UnitTest name="ManagedCode.Communication.Tests.Results.ResultOperatorsTests.ResultT_Fail_WithEnum_ShouldCreateFailedResultWithErrorCode" storage="/home/runner/work/communication/communication/managedcode.communication.tests/bin/release/net9.0/managedcode.communication.tests.dll" id="411a9c2f-81ff-4d70-023d-fdced9c6f4ac">
      <Execution id="e8a8b616-eaa9-45c8-a01b-530bd82f584c" />
      <TestMethod codeBase="/home/runner/work/Communication/Communication/ManagedCode.Communication.Tests/bin/Release/net9.0/ManagedCode.Communication.Tests.dll" adapterTypeName="executor://xunit/VsTestRunner3/netcore/" className="ManagedCode.Communication.Tests.Results.ResultOperatorsTests" name="ResultT_Fail_WithEnum_ShouldCreateFailedResultWithErrorCode" />
    </UnitTest>
    <UnitTest name="ManagedCode.Communication.Tests.Results.ResultTests.Try_WithSuccessfulAction_ShouldCreateSuccessfulResult" storage="/home/runner/work/communication/communication/managedcode.communication.tests/bin/release/net9.0/managedcode.communication.tests.dll" id="343ce4f5-70c5-16b3-2ac5-d8d01c366aab">
      <Execution id="68edf28a-4329-4b0e-8a4f-34ee94cb343d" />
      <TestMethod codeBase="/home/runner/work/Communication/Communication/ManagedCode.Communication.Tests/bin/Release/net9.0/ManagedCode.Communication.Tests.dll" adapterTypeName="executor://xunit/VsTestRunner3/netcore/" className="ManagedCode.Communication.Tests.Results.ResultTests" name="Try_WithSuccessfulAction_ShouldCreateSuccessfulResult" />
    </UnitTest>
    <UnitTest name="ManagedCode.Communication.Tests.Extensions.RailwayExtensionsTests.BindAsync_FailedResult_DoesNotExecuteNext" storage="/home/runner/work/communication/communication/managedcode.communication.tests/bin/release/net9.0/managedcode.communication.tests.dll" id="0c081f03-f141-0619-9968-29fcf1784e6e">
      <Execution id="aa0787da-56ad-48da-adae-84768afa43f1" />
      <TestMethod codeBase="/home/runner/work/Communication/Communication/ManagedCode.Communication.Tests/bin/Release/net9.0/ManagedCode.Communication.Tests.dll" adapterTypeName="executor://xunit/VsTestRunner3/netcore/" className="ManagedCode.Communication.Tests.Extensions.RailwayExtensionsTests" name="BindAsync_FailedResult_DoesNotExecuteNext" />
    </UnitTest>
    <UnitTest name="ManagedCode.Communication.Tests.OrleansTests.GrainClientTests.ValueTaskResultStringError" storage="/home/runner/work/communication/communication/managedcode.communication.tests/bin/release/net9.0/managedcode.communication.tests.dll" id="c87476d9-d6c4-b192-533c-f3fd92f25649">
      <Execution id="31c00b48-1f01-4de6-aab1-c1e67a341358" />
      <TestMethod codeBase="/home/runner/work/Communication/Communication/ManagedCode.Communication.Tests/bin/Release/net9.0/ManagedCode.Communication.Tests.dll" adapterTypeName="executor://xunit/VsTestRunner3/netcore/" className="ManagedCode.Communication.Tests.OrleansTests.GrainClientTests" name="ValueTaskResultStringError" />
    </UnitTest>
    <UnitTest name="ManagedCode.Communication.Tests.ControllerTests.MiddlewareTests.UnauthorizedResult" storage="/home/runner/work/communication/communication/managedcode.communication.tests/bin/release/net9.0/managedcode.communication.tests.dll" id="95480a3b-f488-efa9-b27c-9ab5a18fdec4">
      <Execution id="095a9766-93fc-4349-a6dd-d797fe106588" />
      <TestMethod codeBase="/home/runner/work/Communication/Communication/ManagedCode.Communication.Tests/bin/Release/net9.0/ManagedCode.Communication.Tests.dll" adapterTypeName="executor://xunit/VsTestRunner3/netcore/" className="ManagedCode.Communication.Tests.ControllerTests.MiddlewareTests" name="UnauthorizedResult" />
    </UnitTest>
    <UnitTest name="ManagedCode.Communication.Tests.CollectionResults.CollectionResultFailMethodsTests.Fail_WithComplexTypes_ShouldHandleCorrectly" storage="/home/runner/work/communication/communication/managedcode.communication.tests/bin/release/net9.0/managedcode.communication.tests.dll" id="0c29c5af-e3cf-7553-8d21-7aa06a61033d">
      <Execution id="2681a490-b7af-4175-9e15-320cf6c60434" />
      <TestMethod codeBase="/home/runner/work/Communication/Communication/ManagedCode.Communication.Tests/bin/Release/net9.0/ManagedCode.Communication.Tests.dll" adapterTypeName="executor://xunit/VsTestRunner3/netcore/" className="ManagedCode.Communication.Tests.CollectionResults.CollectionResultFailMethodsTests" name="Fail_WithComplexTypes_ShouldHandleCorrectly" />
    </UnitTest>
    <UnitTest name="ManagedCode.Communication.Tests.Results.ResultTFailMethodsTests.ResultT_FailUnauthorized_WithDetail_ShouldCreateUnauthorizedResultWithCustomDetail" storage="/home/runner/work/communication/communication/managedcode.communication.tests/bin/release/net9.0/managedcode.communication.tests.dll" id="749bbee2-7b84-79fe-48ac-a4a2d51ee66d">
      <Execution id="07636266-fd9e-4145-9af1-230d947bd167" />
      <TestMethod codeBase="/home/runner/work/Communication/Communication/ManagedCode.Communication.Tests/bin/Release/net9.0/ManagedCode.Communication.Tests.dll" adapterTypeName="executor://xunit/VsTestRunner3/netcore/" className="ManagedCode.Communication.Tests.Results.ResultTFailMethodsTests" name="ResultT_FailUnauthorized_WithDetail_ShouldCreateUnauthorizedResultWithCustomDetail" />
    </UnitTest>
    <UnitTest name="ManagedCode.Communication.Tests.Extensions.AdvancedRailwayExtensionsTests.Merge_WithAllSuccessful_ReturnsSuccess" storage="/home/runner/work/communication/communication/managedcode.communication.tests/bin/release/net9.0/managedcode.communication.tests.dll" id="2c4117d2-d5f3-7465-dc4d-12aa228c094e">
      <Execution id="5536ef28-8ec2-4e96-ab29-9bc8cd4d875d" />
      <TestMethod codeBase="/home/runner/work/Communication/Communication/ManagedCode.Communication.Tests/bin/Release/net9.0/ManagedCode.Communication.Tests.dll" adapterTypeName="executor://xunit/VsTestRunner3/netcore/" className="ManagedCode.Communication.Tests.Extensions.AdvancedRailwayExtensionsTests" name="Merge_WithAllSuccessful_ReturnsSuccess" />
    </UnitTest>
    <UnitTest name="ManagedCode.Communication.Tests.Results.ResultFailMethodsTests.Result_Fail_WithEnumDetailAndStatus_ShouldCreateFailedResultWithAllSpecified" storage="/home/runner/work/communication/communication/managedcode.communication.tests/bin/release/net9.0/managedcode.communication.tests.dll" id="d9c85683-d077-e39f-97ea-e7effcd11b0d">
      <Execution id="61d196bd-9ecc-4fb6-b955-5596c9ba503d" />
      <TestMethod codeBase="/home/runner/work/Communication/Communication/ManagedCode.Communication.Tests/bin/Release/net9.0/ManagedCode.Communication.Tests.dll" adapterTypeName="executor://xunit/VsTestRunner3/netcore/" className="ManagedCode.Communication.Tests.Results.ResultFailMethodsTests" name="Result_Fail_WithEnumDetailAndStatus_ShouldCreateFailedResultWithAllSpecified" />
    </UnitTest>
    <UnitTest name="ManagedCode.Communication.Tests.Results.ResultHelperMethodsTests.Result_Match_WithSuccess_ShouldCallOnSuccess" storage="/home/runner/work/communication/communication/managedcode.communication.tests/bin/release/net9.0/managedcode.communication.tests.dll" id="bd642842-e695-04ad-0f5e-7e2ce55f0969">
      <Execution id="0d0e3a59-5b2f-4f91-a702-fdb77f933ed2" />
      <TestMethod codeBase="/home/runner/work/Communication/Communication/ManagedCode.Communication.Tests/bin/Release/net9.0/ManagedCode.Communication.Tests.dll" adapterTypeName="executor://xunit/VsTestRunner3/netcore/" className="ManagedCode.Communication.Tests.Results.ResultHelperMethodsTests" name="Result_Match_WithSuccess_ShouldCallOnSuccess" />
    </UnitTest>
    <UnitTest name="ManagedCode.Communication.Tests.Extensions.RailwayExtensionsTests.Map_SuccessfulResult_TransformsValue" storage="/home/runner/work/communication/communication/managedcode.communication.tests/bin/release/net9.0/managedcode.communication.tests.dll" id="c3fca266-07d5-2c9c-f6ed-16da0ae11db3">
      <Execution id="024e792e-8bbf-4728-9826-ca7c38a26855" />
      <TestMethod codeBase="/home/runner/work/Communication/Communication/ManagedCode.Communication.Tests/bin/Release/net9.0/ManagedCode.Communication.Tests.dll" adapterTypeName="executor://xunit/VsTestRunner3/netcore/" className="ManagedCode.Communication.Tests.Extensions.RailwayExtensionsTests" name="Map_SuccessfulResult_TransformsValue" />
    </UnitTest>
    <UnitTest name="ManagedCode.Communication.Tests.ResultExtensionsTests.BindAsync_WithSuccessResult_ShouldExecuteNextAsync" storage="/home/runner/work/communication/communication/managedcode.communication.tests/bin/release/net9.0/managedcode.communication.tests.dll" id="baa49532-b762-d0bf-3c21-bfb8f673b4c2">
      <Execution id="623341f5-d663-4d3f-b1ad-55a1e35cb20a" />
      <TestMethod codeBase="/home/runner/work/Communication/Communication/ManagedCode.Communication.Tests/bin/Release/net9.0/ManagedCode.Communication.Tests.dll" adapterTypeName="executor://xunit/VsTestRunner3/netcore/" className="ManagedCode.Communication.Tests.ResultExtensionsTests" name="BindAsync_WithSuccessResult_ShouldExecuteNextAsync" />
    </UnitTest>
    <UnitTest name="ManagedCode.Communication.Tests.Results.ResultTFailMethodsTests.ResultT_Fail_WithInnerException_ShouldPreserveExceptionInfo" storage="/home/runner/work/communication/communication/managedcode.communication.tests/bin/release/net9.0/managedcode.communication.tests.dll" id="4f92ecc3-fdbf-d569-57b7-f3dc0bc79390">
      <Execution id="ee3492ab-23ae-4b0f-8a27-19b584add675" />
      <TestMethod codeBase="/home/runner/work/Communication/Communication/ManagedCode.Communication.Tests/bin/Release/net9.0/ManagedCode.Communication.Tests.dll" adapterTypeName="executor://xunit/VsTestRunner3/netcore/" className="ManagedCode.Communication.Tests.Results.ResultTFailMethodsTests" name="ResultT_Fail_WithInnerException_ShouldPreserveExceptionInfo" />
    </UnitTest>
    <UnitTest name="ManagedCode.Communication.Tests.Results.ProblemCreationExtensionsTests.ToProblem_FromException_ShouldCreateProblemWithDefaultStatusCode" storage="/home/runner/work/communication/communication/managedcode.communication.tests/bin/release/net9.0/managedcode.communication.tests.dll" id="c9b50cc0-af5c-379e-bcdc-156c0ff0245a">
      <Execution id="407ac2fa-448f-411f-9a78-dc002c53a724" />
      <TestMethod codeBase="/home/runner/work/Communication/Communication/ManagedCode.Communication.Tests/bin/Release/net9.0/ManagedCode.Communication.Tests.dll" adapterTypeName="executor://xunit/VsTestRunner3/netcore/" className="ManagedCode.Communication.Tests.Results.ProblemCreationExtensionsTests" name="ToProblem_FromException_ShouldCreateProblemWithDefaultStatusCode" />
    </UnitTest>
    <UnitTest name="ManagedCode.Communication.Tests.CollectionResults.CollectionResultFailMethodsTests.Fail_WithVariousStatusCodes_ShouldSetCorrectStatusCode(statusCode: InternalServerError, expectedCode: 500)" storage="/home/runner/work/communication/communication/managedcode.communication.tests/bin/release/net9.0/managedcode.communication.tests.dll" id="6c36e8fc-eb19-ac2b-e037-50e452248387">
      <Execution id="9b4cb284-f962-4c7b-881c-f49fabe470e0" />
      <TestMethod codeBase="/home/runner/work/Communication/Communication/ManagedCode.Communication.Tests/bin/Release/net9.0/ManagedCode.Communication.Tests.dll" adapterTypeName="executor://xunit/VsTestRunner3/netcore/" className="ManagedCode.Communication.Tests.CollectionResults.CollectionResultFailMethodsTests" name="Fail_WithVariousStatusCodes_ShouldSetCorrectStatusCode" />
    </UnitTest>
    <UnitTest name="ManagedCode.Communication.Tests.CollectionResults.CollectionResultFromMethodsTests.From_TaskWithDelay_ShouldWaitAndReturnSuccessResult" storage="/home/runner/work/communication/communication/managedcode.communication.tests/bin/release/net9.0/managedcode.communication.tests.dll" id="33a7f29f-3064-c7da-2697-0f90413b5ea8">
      <Execution id="babe7e3b-e4a6-4e37-a844-bff0abea3ae5" />
      <TestMethod codeBase="/home/runner/work/Communication/Communication/ManagedCode.Communication.Tests/bin/Release/net9.0/ManagedCode.Communication.Tests.dll" adapterTypeName="executor://xunit/VsTestRunner3/netcore/" className="ManagedCode.Communication.Tests.CollectionResults.CollectionResultFromMethodsTests" name="From_TaskWithDelay_ShouldWaitAndReturnSuccessResult" />
    </UnitTest>
    <UnitTest name="ManagedCode.Communication.Tests.CollectionResults.CollectionResultFromMethodsTests.From_FuncValueTaskCollectionResult_ShouldReturnResult" storage="/home/runner/work/communication/communication/managedcode.communication.tests/bin/release/net9.0/managedcode.communication.tests.dll" id="3d40653d-19a3-c289-4128-980e5c453274">
      <Execution id="9e8654f6-f0df-4d92-b0fb-f3f1a3faca91" />
      <TestMethod codeBase="/home/runner/work/Communication/Communication/ManagedCode.Communication.Tests/bin/Release/net9.0/ManagedCode.Communication.Tests.dll" adapterTypeName="executor://xunit/VsTestRunner3/netcore/" className="ManagedCode.Communication.Tests.CollectionResults.CollectionResultFromMethodsTests" name="From_FuncValueTaskCollectionResult_ShouldReturnResult" />
    </UnitTest>
    <UnitTest name="ManagedCode.Communication.Tests.Orleans.Serialization.ResultSerializationTests.ResultT_WithComplexNestedObject_ShouldSerializeCorrectly" storage="/home/runner/work/communication/communication/managedcode.communication.tests/bin/release/net9.0/managedcode.communication.tests.dll" id="7d7a9479-6bf7-df13-feb4-5692776fefbe">
      <Execution id="ac530bbd-57c6-4252-9545-afe17a6b40b1" />
      <TestMethod codeBase="/home/runner/work/Communication/Communication/ManagedCode.Communication.Tests/bin/Release/net9.0/ManagedCode.Communication.Tests.dll" adapterTypeName="executor://xunit/VsTestRunner3/netcore/" className="ManagedCode.Communication.Tests.Orleans.Serialization.ResultSerializationTests" name="ResultT_WithComplexNestedObject_ShouldSerializeCorrectly" />
    </UnitTest>
    <UnitTest name="ManagedCode.Communication.Tests.Extensions.HttpResponseExtensionTests.FromRequestToResult_NullContent_WithErrorStatus_ReturnsFailedResult" storage="/home/runner/work/communication/communication/managedcode.communication.tests/bin/release/net9.0/managedcode.communication.tests.dll" id="9dcecbc0-db91-7dce-29a5-821593a72922">
      <Execution id="345c5fc0-15ef-49c4-bd86-0f2320e83f73" />
      <TestMethod codeBase="/home/runner/work/Communication/Communication/ManagedCode.Communication.Tests/bin/Release/net9.0/ManagedCode.Communication.Tests.dll" adapterTypeName="executor://xunit/VsTestRunner3/netcore/" className="ManagedCode.Communication.Tests.Extensions.HttpResponseExtensionTests" name="FromRequestToResult_NullContent_WithErrorStatus_ReturnsFailedResult" />
    </UnitTest>
    <UnitTest name="ManagedCode.Communication.Tests.CollectionResults.CollectionResultFromMethodsTests.From_SuccessCollectionResult_ShouldReturnSameResult" storage="/home/runner/work/communication/communication/managedcode.communication.tests/bin/release/net9.0/managedcode.communication.tests.dll" id="6bdd3bbc-d7a5-24ee-4e32-c68e3928d318">
      <Execution id="f287a7d2-b442-42ec-9ca2-9f401da1c198" />
      <TestMethod codeBase="/home/runner/work/Communication/Communication/ManagedCode.Communication.Tests/bin/Release/net9.0/ManagedCode.Communication.Tests.dll" adapterTypeName="executor://xunit/VsTestRunner3/netcore/" className="ManagedCode.Communication.Tests.CollectionResults.CollectionResultFromMethodsTests" name="From_SuccessCollectionResult_ShouldReturnSameResult" />
    </UnitTest>
    <UnitTest name="ManagedCode.Communication.Tests.Results.ProblemTests.GetValidationErrors_WithValidationProblem_ShouldReturnErrors" storage="/home/runner/work/communication/communication/managedcode.communication.tests/bin/release/net9.0/managedcode.communication.tests.dll" id="d8f98bda-9edd-5f69-b3df-8d5cd152c533">
      <Execution id="09a0785b-ab8f-4f1f-a614-f4a886303020" />
      <TestMethod codeBase="/home/runner/work/Communication/Communication/ManagedCode.Communication.Tests/bin/Release/net9.0/ManagedCode.Communication.Tests.dll" adapterTypeName="executor://xunit/VsTestRunner3/netcore/" className="ManagedCode.Communication.Tests.Results.ProblemTests" name="GetValidationErrors_WithValidationProblem_ShouldReturnErrors" />
    </UnitTest>
    <UnitTest name="ManagedCode.Communication.Tests.Extensions.AdvancedRailwayExtensionsTests.Compensate_WithSuccess_DoesNotExecuteRecovery" storage="/home/runner/work/communication/communication/managedcode.communication.tests/bin/release/net9.0/managedcode.communication.tests.dll" id="e201321c-6364-817c-50cc-555021426f7e">
      <Execution id="ab1f4515-a8ab-4cb2-b78a-4fc29b491027" />
      <TestMethod codeBase="/home/runner/work/Communication/Communication/ManagedCode.Communication.Tests/bin/Release/net9.0/ManagedCode.Communication.Tests.dll" adapterTypeName="executor://xunit/VsTestRunner3/netcore/" className="ManagedCode.Communication.Tests.Extensions.AdvancedRailwayExtensionsTests" name="Compensate_WithSuccess_DoesNotExecuteRecovery" />
    </UnitTest>
    <UnitTest name="ManagedCode.Communication.Tests.Serialization.SerializationTests.CollectionResult_Failed_ShouldSerializeAndDeserialize" storage="/home/runner/work/communication/communication/managedcode.communication.tests/bin/release/net9.0/managedcode.communication.tests.dll" id="dad72413-ce66-f7c6-62da-d1fb0f77778d">
      <Execution id="03b2e353-34ee-4043-ac04-6023c69595d7" />
      <TestMethod codeBase="/home/runner/work/Communication/Communication/ManagedCode.Communication.Tests/bin/Release/net9.0/ManagedCode.Communication.Tests.dll" adapterTypeName="executor://xunit/VsTestRunner3/netcore/" className="ManagedCode.Communication.Tests.Serialization.SerializationTests" name="CollectionResult_Failed_ShouldSerializeAndDeserialize" />
    </UnitTest>
    <UnitTest name="ManagedCode.Communication.Tests.Results.ResultTFailMethodsTests.ResultT_Fail_WithEnum_ShouldCreateFailedResultWithErrorCode" storage="/home/runner/work/communication/communication/managedcode.communication.tests/bin/release/net9.0/managedcode.communication.tests.dll" id="06d35280-ada3-246c-c04a-58775402cb55">
      <Execution id="c9ae0d3f-e6ec-4a61-83a0-665d9af27094" />
      <TestMethod codeBase="/home/runner/work/Communication/Communication/ManagedCode.Communication.Tests/bin/Release/net9.0/ManagedCode.Communication.Tests.dll" adapterTypeName="executor://xunit/VsTestRunner3/netcore/" className="ManagedCode.Communication.Tests.Results.ResultTFailMethodsTests" name="ResultT_Fail_WithEnum_ShouldCreateFailedResultWithErrorCode" />
    </UnitTest>
    <UnitTest name="ManagedCode.Communication.Tests.Results.ResultFailMethodsTests.Result_Fail_WithProblem_ShouldCreateFailedResultWithProblem" storage="/home/runner/work/communication/communication/managedcode.communication.tests/bin/release/net9.0/managedcode.communication.tests.dll" id="b080e677-51aa-540a-58e8-a1686bb0bb64">
      <Execution id="4f8ff8b1-3b18-4170-b04f-d5e5543c2c4b" />
      <TestMethod codeBase="/home/runner/work/Communication/Communication/ManagedCode.Communication.Tests/bin/Release/net9.0/ManagedCode.Communication.Tests.dll" adapterTypeName="executor://xunit/VsTestRunner3/netcore/" className="ManagedCode.Communication.Tests.Results.ResultFailMethodsTests" name="Result_Fail_WithProblem_ShouldCreateFailedResultWithProblem" />
    </UnitTest>
    <UnitTest name="ManagedCode.Communication.Tests.Results.CollectionResultInvalidMethodsTests.CollectionResult_Invalid_WithKeyValue_ShouldCreateValidationResultWithKeyValue" storage="/home/runner/work/communication/communication/managedcode.communication.tests/bin/release/net9.0/managedcode.communication.tests.dll" id="18ed10e3-b3b1-05cb-0a5f-0cc844931b21">
      <Execution id="a65edf7c-88b3-43a0-b2e6-331f10bd4879" />
      <TestMethod codeBase="/home/runner/work/Communication/Communication/ManagedCode.Communication.Tests/bin/Release/net9.0/ManagedCode.Communication.Tests.dll" adapterTypeName="executor://xunit/VsTestRunner3/netcore/" className="ManagedCode.Communication.Tests.Results.CollectionResultInvalidMethodsTests" name="CollectionResult_Invalid_WithKeyValue_ShouldCreateValidationResultWithKeyValue" />
    </UnitTest>
    <UnitTest name="ManagedCode.Communication.Tests.ProblemTests.ProblemCreateMethodsTests.Problem_GetValidationErrors_WithNoErrors_ShouldReturnNull" storage="/home/runner/work/communication/communication/managedcode.communication.tests/bin/release/net9.0/managedcode.communication.tests.dll" id="0fe4f40f-241c-ae23-d168-04e5e87dcc9b">
      <Execution id="0a483b99-55bd-47e6-beb3-39a60cde705b" />
      <TestMethod codeBase="/home/runner/work/Communication/Communication/ManagedCode.Communication.Tests/bin/Release/net9.0/ManagedCode.Communication.Tests.dll" adapterTypeName="executor://xunit/VsTestRunner3/netcore/" className="ManagedCode.Communication.Tests.ProblemTests.ProblemCreateMethodsTests" name="Problem_GetValidationErrors_WithNoErrors_ShouldReturnNull" />
    </UnitTest>
    <UnitTest name="ManagedCode.Communication.Tests.Results.RailwayOrientedProgrammingTests.Bind_WithFailure_ShouldShortCircuit" storage="/home/runner/work/communication/communication/managedcode.communication.tests/bin/release/net9.0/managedcode.communication.tests.dll" id="3e2872b7-fb01-c386-1343-80b94b20e5b0">
      <Execution id="c86815a5-cbe9-4e6f-8efd-fc337d243006" />
      <TestMethod codeBase="/home/runner/work/Communication/Communication/ManagedCode.Communication.Tests/bin/Release/net9.0/ManagedCode.Communication.Tests.dll" adapterTypeName="executor://xunit/VsTestRunner3/netcore/" className="ManagedCode.Communication.Tests.Results.RailwayOrientedProgrammingTests" name="Bind_WithFailure_ShouldShortCircuit" />
    </UnitTest>
    <UnitTest name="ManagedCode.Communication.Tests.Results.ResultInvalidMethodsTests.Result_Invalid_WithEnum_ShouldCreateValidationResultWithErrorCode" storage="/home/runner/work/communication/communication/managedcode.communication.tests/bin/release/net9.0/managedcode.communication.tests.dll" id="7e5d92fe-9e3c-cf14-2708-b9c99887e277">
      <Execution id="258f6750-9bd0-4aa0-a1f8-4708bc855ea7" />
      <TestMethod codeBase="/home/runner/work/Communication/Communication/ManagedCode.Communication.Tests/bin/Release/net9.0/ManagedCode.Communication.Tests.dll" adapterTypeName="executor://xunit/VsTestRunner3/netcore/" className="ManagedCode.Communication.Tests.Results.ResultInvalidMethodsTests" name="Result_Invalid_WithEnum_ShouldCreateValidationResultWithErrorCode" />
    </UnitTest>
    <UnitTest name="ManagedCode.Communication.Tests.Results.ResultHelperMethodsTests.ResultT_Match_WithSuccess_ShouldCallOnSuccess" storage="/home/runner/work/communication/communication/managedcode.communication.tests/bin/release/net9.0/managedcode.communication.tests.dll" id="c2a0058c-a5cc-3414-d3fc-5639c4dbe702">
      <Execution id="f545ea0f-9ad2-4df9-ba1a-42e76a41d3a1" />
      <TestMethod codeBase="/home/runner/work/Communication/Communication/ManagedCode.Communication.Tests/bin/Release/net9.0/ManagedCode.Communication.Tests.dll" adapterTypeName="executor://xunit/VsTestRunner3/netcore/" className="ManagedCode.Communication.Tests.Results.ResultHelperMethodsTests" name="ResultT_Match_WithSuccess_ShouldCallOnSuccess" />
    </UnitTest>
    <UnitTest name="ManagedCode.Communication.Tests.Results.ResultTTests.From_WithFunc_ShouldExecuteAndWrapResult" storage="/home/runner/work/communication/communication/managedcode.communication.tests/bin/release/net9.0/managedcode.communication.tests.dll" id="9deae48d-7055-3dbc-52b0-c16fc854726a">
      <Execution id="d1feec0b-a854-420e-8e3e-46c6e8a18c5c" />
      <TestMethod codeBase="/home/runner/work/Communication/Communication/ManagedCode.Communication.Tests/bin/Release/net9.0/ManagedCode.Communication.Tests.dll" adapterTypeName="executor://xunit/VsTestRunner3/netcore/" className="ManagedCode.Communication.Tests.Results.ResultTTests" name="From_WithFunc_ShouldExecuteAndWrapResult" />
    </UnitTest>
    <UnitTest name="ManagedCode.Communication.Tests.Extensions.AdvancedRailwayExtensionsTests.Check_WithException_ReturnsFailure" storage="/home/runner/work/communication/communication/managedcode.communication.tests/bin/release/net9.0/managedcode.communication.tests.dll" id="31bbfad4-620c-0f60-3fd5-d9cbacc26d24">
      <Execution id="5f2c87f6-d64d-452b-944c-b8d7503fe9b3" />
      <TestMethod codeBase="/home/runner/work/Communication/Communication/ManagedCode.Communication.Tests/bin/Release/net9.0/ManagedCode.Communication.Tests.dll" adapterTypeName="executor://xunit/VsTestRunner3/netcore/" className="ManagedCode.Communication.Tests.Extensions.AdvancedRailwayExtensionsTests" name="Check_WithException_ReturnsFailure" />
    </UnitTest>
    <UnitTest name="ManagedCode.Communication.Tests.Extensions.AdvancedRailwayExtensionsTests.FailIf_WithFalseCondition_KeepsSuccess" storage="/home/runner/work/communication/communication/managedcode.communication.tests/bin/release/net9.0/managedcode.communication.tests.dll" id="6ee08595-df8b-8458-88c8-ea8a550f9a05">
      <Execution id="4f5d3f11-cfac-49d4-abaf-0412814dd544" />
      <TestMethod codeBase="/home/runner/work/Communication/Communication/ManagedCode.Communication.Tests/bin/Release/net9.0/ManagedCode.Communication.Tests.dll" adapterTypeName="executor://xunit/VsTestRunner3/netcore/" className="ManagedCode.Communication.Tests.Extensions.AdvancedRailwayExtensionsTests" name="FailIf_WithFalseCondition_KeepsSuccess" />
    </UnitTest>
    <UnitTest name="ManagedCode.Communication.Tests.Results.ResultInvalidMethodsTests.ResultT_Invalid_WithKeyValue_ShouldCreateValidationResultWithCustomField" storage="/home/runner/work/communication/communication/managedcode.communication.tests/bin/release/net9.0/managedcode.communication.tests.dll" id="551e1906-8fe5-1e21-9db5-c258ea52673e">
      <Execution id="cdfcc37d-cecb-482c-9ec8-8c195dff00ad" />
      <TestMethod codeBase="/home/runner/work/Communication/Communication/ManagedCode.Communication.Tests/bin/Release/net9.0/ManagedCode.Communication.Tests.dll" adapterTypeName="executor://xunit/VsTestRunner3/netcore/" className="ManagedCode.Communication.Tests.Results.ResultInvalidMethodsTests" name="ResultT_Invalid_WithKeyValue_ShouldCreateValidationResultWithCustomField" />
    </UnitTest>
    <UnitTest name="ManagedCode.Communication.Tests.Results.ResultTests.ImplicitOperator_FromBool_True_ShouldCreateSuccessfulResult" storage="/home/runner/work/communication/communication/managedcode.communication.tests/bin/release/net9.0/managedcode.communication.tests.dll" id="832db953-3174-9e47-9e79-c9e962a5dc9a">
      <Execution id="c813f4c1-5bae-41af-86bc-f6d63a26c8b5" />
      <TestMethod codeBase="/home/runner/work/Communication/Communication/ManagedCode.Communication.Tests/bin/Release/net9.0/ManagedCode.Communication.Tests.dll" adapterTypeName="executor://xunit/VsTestRunner3/netcore/" className="ManagedCode.Communication.Tests.Results.ResultTests" name="ImplicitOperator_FromBool_True_ShouldCreateSuccessfulResult" />
    </UnitTest>
    <UnitTest name="ManagedCode.Communication.Tests.Results.ProblemCreationExtensionsTests.ToProblem_FromEnum_WithDefaultParameters_ShouldCreateProblem" storage="/home/runner/work/communication/communication/managedcode.communication.tests/bin/release/net9.0/managedcode.communication.tests.dll" id="61d001b5-5efe-ed15-672d-6cba81d74c34">
      <Execution id="da33b3d2-5e0c-4fd3-9ea6-da8eb19639a5" />
      <TestMethod codeBase="/home/runner/work/Communication/Communication/ManagedCode.Communication.Tests/bin/Release/net9.0/ManagedCode.Communication.Tests.dll" adapterTypeName="executor://xunit/VsTestRunner3/netcore/" className="ManagedCode.Communication.Tests.Results.ProblemCreationExtensionsTests" name="ToProblem_FromEnum_WithDefaultParameters_ShouldCreateProblem" />
    </UnitTest>
    <UnitTest name="ManagedCode.Communication.Tests.ResultExtensionsTests.Bind_WithSuccessResult_ShouldExecuteNext" storage="/home/runner/work/communication/communication/managedcode.communication.tests/bin/release/net9.0/managedcode.communication.tests.dll" id="a9d86561-53c8-590d-391e-2656f1b5903c">
      <Execution id="19d0086f-1928-4f57-b60e-f91413fc2f84" />
      <TestMethod codeBase="/home/runner/work/Communication/Communication/ManagedCode.Communication.Tests/bin/Release/net9.0/ManagedCode.Communication.Tests.dll" adapterTypeName="executor://xunit/VsTestRunner3/netcore/" className="ManagedCode.Communication.Tests.ResultExtensionsTests" name="Bind_WithSuccessResult_ShouldExecuteNext" />
    </UnitTest>
    <UnitTest name="ManagedCode.Communication.Tests.Orleans.Serialization.CommandSerializationTests.CommandT_WithEnumType_ShouldSerializeCorrectly" storage="/home/runner/work/communication/communication/managedcode.communication.tests/bin/release/net9.0/managedcode.communication.tests.dll" id="b019aed6-f3db-c6f2-5353-b095630ac4f5">
      <Execution id="53d0422a-cdce-4eb8-89af-c11e43d129d2" />
      <TestMethod codeBase="/home/runner/work/Communication/Communication/ManagedCode.Communication.Tests/bin/Release/net9.0/ManagedCode.Communication.Tests.dll" adapterTypeName="executor://xunit/VsTestRunner3/netcore/" className="ManagedCode.Communication.Tests.Orleans.Serialization.CommandSerializationTests" name="CommandT_WithEnumType_ShouldSerializeCorrectly" />
    </UnitTest>
    <UnitTest name="ManagedCode.Communication.Tests.Results.ProblemTests.ImplicitOperator_ToProblemException_ShouldCreateException" storage="/home/runner/work/communication/communication/managedcode.communication.tests/bin/release/net9.0/managedcode.communication.tests.dll" id="5a0ae5e8-72bd-c20c-476c-fc5a9836655a">
      <Execution id="8db8b04c-0cf4-4593-87ed-9aff9ec97346" />
      <TestMethod codeBase="/home/runner/work/Communication/Communication/ManagedCode.Communication.Tests/bin/Release/net9.0/ManagedCode.Communication.Tests.dll" adapterTypeName="executor://xunit/VsTestRunner3/netcore/" className="ManagedCode.Communication.Tests.Results.ProblemTests" name="ImplicitOperator_ToProblemException_ShouldCreateException" />
    </UnitTest>
    <UnitTest name="ManagedCode.Communication.Tests.Results.ResultTFailMethodsTests.ResultT_FailValidation_WithSingleError_ShouldCreateValidationFailedResult" storage="/home/runner/work/communication/communication/managedcode.communication.tests/bin/release/net9.0/managedcode.communication.tests.dll" id="7c024d4b-1985-e15e-210c-918bbaab85d2">
      <Execution id="f055c8dc-faae-41fd-9163-0d8aa767bb27" />
      <TestMethod codeBase="/home/runner/work/Communication/Communication/ManagedCode.Communication.Tests/bin/Release/net9.0/ManagedCode.Communication.Tests.dll" adapterTypeName="executor://xunit/VsTestRunner3/netcore/" className="ManagedCode.Communication.Tests.Results.ResultTFailMethodsTests" name="ResultT_FailValidation_WithSingleError_ShouldCreateValidationFailedResult" />
    </UnitTest>
    <UnitTest name="ManagedCode.Communication.Tests.CollectionResults.CollectionResultFailMethodsTests.Fail_WithEnumDetailAndStatus_ShouldCreateFailedResultWithAllSpecified" storage="/home/runner/work/communication/communication/managedcode.communication.tests/bin/release/net9.0/managedcode.communication.tests.dll" id="94cb383a-2d02-5e8f-afee-a16f5b980b05">
      <Execution id="a555c2fa-13c1-49c1-9f13-baaf62739251" />
      <TestMethod codeBase="/home/runner/work/Communication/Communication/ManagedCode.Communication.Tests/bin/Release/net9.0/ManagedCode.Communication.Tests.dll" adapterTypeName="executor://xunit/VsTestRunner3/netcore/" className="ManagedCode.Communication.Tests.CollectionResults.CollectionResultFailMethodsTests" name="Fail_WithEnumDetailAndStatus_ShouldCreateFailedResultWithAllSpecified" />
    </UnitTest>
    <UnitTest name="ManagedCode.Communication.Tests.Results.ResultTTests.Match_ShouldExecuteCorrectFunction" storage="/home/runner/work/communication/communication/managedcode.communication.tests/bin/release/net9.0/managedcode.communication.tests.dll" id="7e7ded53-cbb8-545f-cbd5-7575b7f60d80">
      <Execution id="7c1ee686-90de-4fa5-a51d-793f9f7226ad" />
      <TestMethod codeBase="/home/runner/work/Communication/Communication/ManagedCode.Communication.Tests/bin/Release/net9.0/ManagedCode.Communication.Tests.dll" adapterTypeName="executor://xunit/VsTestRunner3/netcore/" className="ManagedCode.Communication.Tests.Results.ResultTTests" name="Match_ShouldExecuteCorrectFunction" />
    </UnitTest>
    <UnitTest name="ManagedCode.Communication.Tests.Extensions.AdvancedRailwayExtensionsTests.ToResult_WithNullableStruct_HandlesCorrectly" storage="/home/runner/work/communication/communication/managedcode.communication.tests/bin/release/net9.0/managedcode.communication.tests.dll" id="fb70cdc3-1bf1-6e46-2aba-a1201f5edf64">
      <Execution id="ce30646a-04c4-4110-8212-aaff767559c8" />
      <TestMethod codeBase="/home/runner/work/Communication/Communication/ManagedCode.Communication.Tests/bin/Release/net9.0/ManagedCode.Communication.Tests.dll" adapterTypeName="executor://xunit/VsTestRunner3/netcore/" className="ManagedCode.Communication.Tests.Extensions.AdvancedRailwayExtensionsTests" name="ToResult_WithNullableStruct_HandlesCorrectly" />
    </UnitTest>
    <UnitTest name="ManagedCode.Communication.Tests.ResultExtensionsTests.Bind_WithFailedResult_ShouldNotExecuteNext" storage="/home/runner/work/communication/communication/managedcode.communication.tests/bin/release/net9.0/managedcode.communication.tests.dll" id="99f21baf-cf67-7cbd-a714-a2085e10f456">
      <Execution id="b6d1c937-608f-4e6a-9f42-04d977fd5c3f" />
      <TestMethod codeBase="/home/runner/work/Communication/Communication/ManagedCode.Communication.Tests/bin/Release/net9.0/ManagedCode.Communication.Tests.dll" adapterTypeName="executor://xunit/VsTestRunner3/netcore/" className="ManagedCode.Communication.Tests.ResultExtensionsTests" name="Bind_WithFailedResult_ShouldNotExecuteNext" />
    </UnitTest>
    <UnitTest name="ManagedCode.Communication.Tests.Serialization.SerializationTests.Problem_ShouldSerializeAndDeserialize" storage="/home/runner/work/communication/communication/managedcode.communication.tests/bin/release/net9.0/managedcode.communication.tests.dll" id="d343945e-2d81-5ae1-7083-4fdee04f6eb8">
      <Execution id="d02e241b-9dee-4796-ad61-e156936860f8" />
      <TestMethod codeBase="/home/runner/work/Communication/Communication/ManagedCode.Communication.Tests/bin/Release/net9.0/ManagedCode.Communication.Tests.dll" adapterTypeName="executor://xunit/VsTestRunner3/netcore/" className="ManagedCode.Communication.Tests.Serialization.SerializationTests" name="Problem_ShouldSerializeAndDeserialize" />
    </UnitTest>
    <UnitTest name="ManagedCode.Communication.Tests.CollectionResults.CollectionResultFailMethodsTests.Fail_ChainedOperations_ShouldMaintainFailureState" storage="/home/runner/work/communication/communication/managedcode.communication.tests/bin/release/net9.0/managedcode.communication.tests.dll" id="5daf60bc-d3db-b08c-c8ea-5261b3f91cd1">
      <Execution id="4c06c50b-a25f-47a9-ab3c-68701b01ac15" />
      <TestMethod codeBase="/home/runner/work/Communication/Communication/ManagedCode.Communication.Tests/bin/Release/net9.0/ManagedCode.Communication.Tests.dll" adapterTypeName="executor://xunit/VsTestRunner3/netcore/" className="ManagedCode.Communication.Tests.CollectionResults.CollectionResultFailMethodsTests" name="Fail_ChainedOperations_ShouldMaintainFailureState" />
    </UnitTest>
    <UnitTest name="ManagedCode.Communication.Tests.AspNetCore.Extensions.ControllerExtensionsTests.ToHttpResult_WithSuccessResultNoValue_ReturnsNoContent" storage="/home/runner/work/communication/communication/managedcode.communication.tests/bin/release/net9.0/managedcode.communication.tests.dll" id="a9c4348a-f7cc-abf4-413a-fc58753695f7">
      <Execution id="37762cc0-4350-405d-8f9e-6bff10831140" />
      <TestMethod codeBase="/home/runner/work/Communication/Communication/ManagedCode.Communication.Tests/bin/Release/net9.0/ManagedCode.Communication.Tests.dll" adapterTypeName="executor://xunit/VsTestRunner3/netcore/" className="ManagedCode.Communication.Tests.AspNetCore.Extensions.ControllerExtensionsTests" name="ToHttpResult_WithSuccessResultNoValue_ReturnsNoContent" />
    </UnitTest>
    <UnitTest name="ManagedCode.Communication.Tests.Serialization.SerializationTests.Problem_WithValidationErrors_ShouldSerializeAndDeserialize" storage="/home/runner/work/communication/communication/managedcode.communication.tests/bin/release/net9.0/managedcode.communication.tests.dll" id="db6ef193-8df4-e9b2-14b2-67527051d37c">
      <Execution id="937845c5-ddbf-4b7b-b8de-878c2bca6276" />
      <TestMethod codeBase="/home/runner/work/Communication/Communication/ManagedCode.Communication.Tests/bin/Release/net9.0/ManagedCode.Communication.Tests.dll" adapterTypeName="executor://xunit/VsTestRunner3/netcore/" className="ManagedCode.Communication.Tests.Serialization.SerializationTests" name="Problem_WithValidationErrors_ShouldSerializeAndDeserialize" />
    </UnitTest>
    <UnitTest name="ManagedCode.Communication.Tests.CollectionResults.CollectionResultFailMethodsTests.FailNotFound_NoParameters_ShouldCreateNotFoundResult" storage="/home/runner/work/communication/communication/managedcode.communication.tests/bin/release/net9.0/managedcode.communication.tests.dll" id="a732ecdf-009d-4fc3-3846-806e90a131ab">
      <Execution id="52974093-e12f-4f5e-b5d9-4b9752d4f76c" />
      <TestMethod codeBase="/home/runner/work/Communication/Communication/ManagedCode.Communication.Tests/bin/Release/net9.0/ManagedCode.Communication.Tests.dll" adapterTypeName="executor://xunit/VsTestRunner3/netcore/" className="ManagedCode.Communication.Tests.CollectionResults.CollectionResultFailMethodsTests" name="FailNotFound_NoParameters_ShouldCreateNotFoundResult" />
    </UnitTest>
    <UnitTest name="ManagedCode.Communication.Tests.Results.ResultStaticHelperMethodsTests.Result_FailT_WithEnum_ShouldCreateFailedResultTWithErrorCode" storage="/home/runner/work/communication/communication/managedcode.communication.tests/bin/release/net9.0/managedcode.communication.tests.dll" id="edfe0445-7d04-dc18-c1ba-a9d34b86d8ce">
      <Execution id="8169fe2d-4415-4736-a653-c279f6678dc4" />
      <TestMethod codeBase="/home/runner/work/Communication/Communication/ManagedCode.Communication.Tests/bin/Release/net9.0/ManagedCode.Communication.Tests.dll" adapterTypeName="executor://xunit/VsTestRunner3/netcore/" className="ManagedCode.Communication.Tests.Results.ResultStaticHelperMethodsTests" name="Result_FailT_WithEnum_ShouldCreateFailedResultTWithErrorCode" />
    </UnitTest>
    <UnitTest name="ManagedCode.Communication.Tests.Extensions.HttpResponseExtensionTests.FromRequestToResult_ErrorStatusCode_ReturnsFailedResult" storage="/home/runner/work/communication/communication/managedcode.communication.tests/bin/release/net9.0/managedcode.communication.tests.dll" id="4b7c578e-2c8b-fbf4-edf0-1e833a94cb00">
      <Execution id="6d456bea-34d3-45b8-9b23-7bcd4362874e" />
      <TestMethod codeBase="/home/runner/work/Communication/Communication/ManagedCode.Communication.Tests/bin/Release/net9.0/ManagedCode.Communication.Tests.dll" adapterTypeName="executor://xunit/VsTestRunner3/netcore/" className="ManagedCode.Communication.Tests.Extensions.HttpResponseExtensionTests" name="FromRequestToResult_ErrorStatusCode_ReturnsFailedResult" />
    </UnitTest>
    <UnitTest name="ManagedCode.Communication.Tests.Results.ResultOperatorsTests.Result_ImplicitOperator_FromException_ShouldCreateFailedResult" storage="/home/runner/work/communication/communication/managedcode.communication.tests/bin/release/net9.0/managedcode.communication.tests.dll" id="e20cd443-fa33-bc28-26be-fffb5ab77d26">
      <Execution id="828d8b30-68bf-4607-8155-d225efa24962" />
      <TestMethod codeBase="/home/runner/work/Communication/Communication/ManagedCode.Communication.Tests/bin/Release/net9.0/ManagedCode.Communication.Tests.dll" adapterTypeName="executor://xunit/VsTestRunner3/netcore/" className="ManagedCode.Communication.Tests.Results.ResultOperatorsTests" name="Result_ImplicitOperator_FromException_ShouldCreateFailedResult" />
    </UnitTest>
    <UnitTest name="ManagedCode.Communication.Tests.ProblemTests.ProblemCreateMethodsTests.Problem_AddValidationError_ToExistingField_ShouldAppendError" storage="/home/runner/work/communication/communication/managedcode.communication.tests/bin/release/net9.0/managedcode.communication.tests.dll" id="d9b0142c-6bc1-6f97-6ab7-2f168104e960">
      <Execution id="c55c3c73-b488-4164-81b8-6bcf4f9e02d0" />
      <TestMethod codeBase="/home/runner/work/Communication/Communication/ManagedCode.Communication.Tests/bin/Release/net9.0/ManagedCode.Communication.Tests.dll" adapterTypeName="executor://xunit/VsTestRunner3/netcore/" className="ManagedCode.Communication.Tests.ProblemTests.ProblemCreateMethodsTests" name="Problem_AddValidationError_ToExistingField_ShouldAppendError" />
    </UnitTest>
    <UnitTest name="ManagedCode.Communication.Tests.Serialization.ProblemJsonConverterTests.SerializeDeserialize_RoundTrip_PreservesBasicProperties" storage="/home/runner/work/communication/communication/managedcode.communication.tests/bin/release/net9.0/managedcode.communication.tests.dll" id="4a081906-f0c0-7f45-b4ec-9402f752201c">
      <Execution id="6f505ec0-e8e8-425c-9d59-92901d822d28" />
      <TestMethod codeBase="/home/runner/work/Communication/Communication/ManagedCode.Communication.Tests/bin/Release/net9.0/ManagedCode.Communication.Tests.dll" adapterTypeName="executor://xunit/VsTestRunner3/netcore/" className="ManagedCode.Communication.Tests.Serialization.ProblemJsonConverterTests" name="SerializeDeserialize_RoundTrip_PreservesBasicProperties" />
    </UnitTest>
    <UnitTest name="ManagedCode.Communication.Tests.Results.ResultTFailMethodsTests.ResultT_FailNotFound_NoParameters_ShouldCreateNotFoundResult" storage="/home/runner/work/communication/communication/managedcode.communication.tests/bin/release/net9.0/managedcode.communication.tests.dll" id="02d5ff30-44c9-145b-fe61-3027824575fb">
      <Execution id="1ccbed4e-f86b-4522-8737-2debbc7ba3cf" />
      <TestMethod codeBase="/home/runner/work/Communication/Communication/ManagedCode.Communication.Tests/bin/Release/net9.0/ManagedCode.Communication.Tests.dll" adapterTypeName="executor://xunit/VsTestRunner3/netcore/" className="ManagedCode.Communication.Tests.Results.ResultTFailMethodsTests" name="ResultT_FailNotFound_NoParameters_ShouldCreateNotFoundResult" />
    </UnitTest>
    <UnitTest name="ManagedCode.Communication.Tests.CollectionResults.CollectionResultFromMethodsTests.From_FaultedTask_ShouldReturnFailedResult" storage="/home/runner/work/communication/communication/managedcode.communication.tests/bin/release/net9.0/managedcode.communication.tests.dll" id="a5ad51b1-d46a-060d-76d3-1a3a6ebb810e">
      <Execution id="4e10a706-c95f-4acc-b4e8-e6624d4ea712" />
      <TestMethod codeBase="/home/runner/work/Communication/Communication/ManagedCode.Communication.Tests/bin/Release/net9.0/ManagedCode.Communication.Tests.dll" adapterTypeName="executor://xunit/VsTestRunner3/netcore/" className="ManagedCode.Communication.Tests.CollectionResults.CollectionResultFromMethodsTests" name="From_FaultedTask_ShouldReturnFailedResult" />
    </UnitTest>
    <UnitTest name="ManagedCode.Communication.Tests.Results.ProblemToExceptionErrorTests.ToException_WithExceptionDataKeyConflicts_ShouldHandleGracefully" storage="/home/runner/work/communication/communication/managedcode.communication.tests/bin/release/net9.0/managedcode.communication.tests.dll" id="5e5950b2-b136-6c89-672e-7a590d826125">
      <Execution id="9c2f9510-a285-4763-ba2a-789cedb80545" />
      <TestMethod codeBase="/home/runner/work/Communication/Communication/ManagedCode.Communication.Tests/bin/Release/net9.0/ManagedCode.Communication.Tests.dll" adapterTypeName="executor://xunit/VsTestRunner3/netcore/" className="ManagedCode.Communication.Tests.Results.ProblemToExceptionErrorTests" name="ToException_WithExceptionDataKeyConflicts_ShouldHandleGracefully" />
    </UnitTest>
    <UnitTest name="ManagedCode.Communication.Tests.Results.CollectionResultTests.ImplicitOperator_ToBool_ShouldReturnIsSuccess" storage="/home/runner/work/communication/communication/managedcode.communication.tests/bin/release/net9.0/managedcode.communication.tests.dll" id="08105b68-db60-bfeb-93e6-92f308ba13b0">
      <Execution id="809a046f-1c44-4bc9-8b98-7f6d1770f3d2" />
      <TestMethod codeBase="/home/runner/work/Communication/Communication/ManagedCode.Communication.Tests/bin/Release/net9.0/ManagedCode.Communication.Tests.dll" adapterTypeName="executor://xunit/VsTestRunner3/netcore/" className="ManagedCode.Communication.Tests.Results.CollectionResultTests" name="ImplicitOperator_ToBool_ShouldReturnIsSuccess" />
    </UnitTest>
    <UnitTest name="ManagedCode.Communication.Tests.AspNetCore.Extensions.ServiceCollectionExtensionsTests.Communication_Should_Handle_Exceptions" storage="/home/runner/work/communication/communication/managedcode.communication.tests/bin/release/net9.0/managedcode.communication.tests.dll" id="7b410867-8a35-21b9-5a79-1e606c5e1d67">
      <Execution id="2d86288c-0ddc-455a-919b-6c8b35ba62a7" />
      <TestMethod codeBase="/home/runner/work/Communication/Communication/ManagedCode.Communication.Tests/bin/Release/net9.0/ManagedCode.Communication.Tests.dll" adapterTypeName="executor://xunit/VsTestRunner3/netcore/" className="ManagedCode.Communication.Tests.AspNetCore.Extensions.ServiceCollectionExtensionsTests" name="Communication_Should_Handle_Exceptions" />
    </UnitTest>
    <UnitTest name="ManagedCode.Communication.Tests.AspNetCore.Extensions.ServiceCollectionExtensionsTests.Communication_Should_Handle_Successful_Result" storage="/home/runner/work/communication/communication/managedcode.communication.tests/bin/release/net9.0/managedcode.communication.tests.dll" id="bcb6a2c1-7c43-e2d1-68fb-4752e36bef88">
      <Execution id="3567e085-6921-4790-9560-9c48a7b4b6d0" />
      <TestMethod codeBase="/home/runner/work/Communication/Communication/ManagedCode.Communication.Tests/bin/Release/net9.0/ManagedCode.Communication.Tests.dll" adapterTypeName="executor://xunit/VsTestRunner3/netcore/" className="ManagedCode.Communication.Tests.AspNetCore.Extensions.ServiceCollectionExtensionsTests" name="Communication_Should_Handle_Successful_Result" />
    </UnitTest>
    <UnitTest name="ManagedCode.Communication.Tests.Results.ResultStaticHelperMethodsTests.Result_StaticHelpers_WithComplexTypes_ShouldWorkCorrectly" storage="/home/runner/work/communication/communication/managedcode.communication.tests/bin/release/net9.0/managedcode.communication.tests.dll" id="77cea8c3-be26-09fd-7933-7cd7b881eba7">
      <Execution id="ca74d3a8-c8b7-4e39-ba84-0e6e86b735d2" />
      <TestMethod codeBase="/home/runner/work/Communication/Communication/ManagedCode.Communication.Tests/bin/Release/net9.0/ManagedCode.Communication.Tests.dll" adapterTypeName="executor://xunit/VsTestRunner3/netcore/" className="ManagedCode.Communication.Tests.Results.ResultStaticHelperMethodsTests" name="Result_StaticHelpers_WithComplexTypes_ShouldWorkCorrectly" />
    </UnitTest>
    <UnitTest name="ManagedCode.Communication.Tests.Results.ResultTFailMethodsTests.ResultT_Fail_WithEnumDetailAndStatus_ShouldCreateFailedResultWithAllSpecified" storage="/home/runner/work/communication/communication/managedcode.communication.tests/bin/release/net9.0/managedcode.communication.tests.dll" id="b5aba053-73cd-4540-b3bc-87ffee779e82">
      <Execution id="18b6b15f-3e76-4f0d-94bc-ecb8f0bcbbe7" />
      <TestMethod codeBase="/home/runner/work/Communication/Communication/ManagedCode.Communication.Tests/bin/Release/net9.0/ManagedCode.Communication.Tests.dll" adapterTypeName="executor://xunit/VsTestRunner3/netcore/" className="ManagedCode.Communication.Tests.Results.ResultTFailMethodsTests" name="ResultT_Fail_WithEnumDetailAndStatus_ShouldCreateFailedResultWithAllSpecified" />
    </UnitTest>
    <UnitTest name="ManagedCode.Communication.Tests.Extensions.HttpResponseExtensionTests.FromRequestToResult_SuccessStatusCode_ReturnsSuccessResult" storage="/home/runner/work/communication/communication/managedcode.communication.tests/bin/release/net9.0/managedcode.communication.tests.dll" id="2f55c955-9b87-2c77-c3ee-dc5f86f5b329">
      <Execution id="f93ca87b-a0fc-4949-8358-48c88c522f0b" />
      <TestMethod codeBase="/home/runner/work/Communication/Communication/ManagedCode.Communication.Tests/bin/Release/net9.0/ManagedCode.Communication.Tests.dll" adapterTypeName="executor://xunit/VsTestRunner3/netcore/" className="ManagedCode.Communication.Tests.Extensions.HttpResponseExtensionTests" name="FromRequestToResult_SuccessStatusCode_ReturnsSuccessResult" />
    </UnitTest>
    <UnitTest name="ManagedCode.Communication.Tests.ResultExtensionsTests.Finally_ShouldAlwaysExecute" storage="/home/runner/work/communication/communication/managedcode.communication.tests/bin/release/net9.0/managedcode.communication.tests.dll" id="a93a1323-b9ff-8712-08d2-3c1f4cc58bb3">
      <Execution id="d912f488-bb59-4c10-b3a4-1df5c32c22cf" />
      <TestMethod codeBase="/home/runner/work/Communication/Communication/ManagedCode.Communication.Tests/bin/Release/net9.0/ManagedCode.Communication.Tests.dll" adapterTypeName="executor://xunit/VsTestRunner3/netcore/" className="ManagedCode.Communication.Tests.ResultExtensionsTests" name="Finally_ShouldAlwaysExecute" />
    </UnitTest>
    <UnitTest name="ManagedCode.Communication.Tests.ControllerTests.MiddlewareTests.FailResult" storage="/home/runner/work/communication/communication/managedcode.communication.tests/bin/release/net9.0/managedcode.communication.tests.dll" id="8891f4eb-c9b0-3e3f-c742-57b774363d63">
      <Execution id="49556e39-d2c4-477f-98d3-d125aa1e7867" />
      <TestMethod codeBase="/home/runner/work/Communication/Communication/ManagedCode.Communication.Tests/bin/Release/net9.0/ManagedCode.Communication.Tests.dll" adapterTypeName="executor://xunit/VsTestRunner3/netcore/" className="ManagedCode.Communication.Tests.ControllerTests.MiddlewareTests" name="FailResult" />
    </UnitTest>
    <UnitTest name="ManagedCode.Communication.Tests.Results.ProblemExceptionTests.Constructor_WithTitleOnly_ShouldUseDefaultStatusCodeAndDuplicateDetail" storage="/home/runner/work/communication/communication/managedcode.communication.tests/bin/release/net9.0/managedcode.communication.tests.dll" id="dce3fcdf-7249-6248-dfe7-0e19495e103e">
      <Execution id="fc5dfd26-7d34-45de-be94-292f760fc925" />
      <TestMethod codeBase="/home/runner/work/Communication/Communication/ManagedCode.Communication.Tests/bin/Release/net9.0/ManagedCode.Communication.Tests.dll" adapterTypeName="executor://xunit/VsTestRunner3/netcore/" className="ManagedCode.Communication.Tests.Results.ProblemExceptionTests" name="Constructor_WithTitleOnly_ShouldUseDefaultStatusCodeAndDuplicateDetail" />
    </UnitTest>
    <UnitTest name="ManagedCode.Communication.Tests.Extensions.RailwayExtensionsTests.ComplexChain_FailurePath_StopsAtFirstFailure" storage="/home/runner/work/communication/communication/managedcode.communication.tests/bin/release/net9.0/managedcode.communication.tests.dll" id="d1df534e-bdd0-3f3b-6fb8-d0869c06e6d1">
      <Execution id="0f9fb3dc-2ec0-497e-8a3a-114ccf4519c8" />
      <TestMethod codeBase="/home/runner/work/Communication/Communication/ManagedCode.Communication.Tests/bin/Release/net9.0/ManagedCode.Communication.Tests.dll" adapterTypeName="executor://xunit/VsTestRunner3/netcore/" className="ManagedCode.Communication.Tests.Extensions.RailwayExtensionsTests" name="ComplexChain_FailurePath_StopsAtFirstFailure" />
    </UnitTest>
    <UnitTest name="ManagedCode.Communication.Tests.CollectionResults.CollectionResultFailMethodsTests.Fail_WithHttpStatusEnum_ShouldUseEnumValueAsStatusCode" storage="/home/runner/work/communication/communication/managedcode.communication.tests/bin/release/net9.0/managedcode.communication.tests.dll" id="f435fded-0773-20b6-5c22-8fc126f24cdf">
      <Execution id="5f0e0c1c-f1ef-4c00-bc0a-bca151e4b8df" />
      <TestMethod codeBase="/home/runner/work/Communication/Communication/ManagedCode.Communication.Tests/bin/Release/net9.0/ManagedCode.Communication.Tests.dll" adapterTypeName="executor://xunit/VsTestRunner3/netcore/" className="ManagedCode.Communication.Tests.CollectionResults.CollectionResultFailMethodsTests" name="Fail_WithHttpStatusEnum_ShouldUseEnumValueAsStatusCode" />
    </UnitTest>
    <UnitTest name="ManagedCode.Communication.Tests.CollectionResults.CollectionResultFailMethodsTests.Fail_WithInnerException_ShouldPreserveOuterExceptionInfo" storage="/home/runner/work/communication/communication/managedcode.communication.tests/bin/release/net9.0/managedcode.communication.tests.dll" id="5804b4b4-4d14-d511-1065-baeb15ae9d58">
      <Execution id="236ffbd1-14db-4fd8-96f8-42b50d292b46" />
      <TestMethod codeBase="/home/runner/work/Communication/Communication/ManagedCode.Communication.Tests/bin/Release/net9.0/ManagedCode.Communication.Tests.dll" adapterTypeName="executor://xunit/VsTestRunner3/netcore/" className="ManagedCode.Communication.Tests.CollectionResults.CollectionResultFailMethodsTests" name="Fail_WithInnerException_ShouldPreserveOuterExceptionInfo" />
    </UnitTest>
    <UnitTest name="ManagedCode.Communication.Tests.Results.CollectionResultInvalidMethodsTests.CollectionResult_Invalid_ChainedValidations_ShouldWorkCorrectly" storage="/home/runner/work/communication/communication/managedcode.communication.tests/bin/release/net9.0/managedcode.communication.tests.dll" id="55f056e0-84d9-ff7c-3925-1fd61c09713f">
      <Execution id="c8ac53fc-c127-4752-b766-3536c7a02801" />
      <TestMethod codeBase="/home/runner/work/Communication/Communication/ManagedCode.Communication.Tests/bin/Release/net9.0/ManagedCode.Communication.Tests.dll" adapterTypeName="executor://xunit/VsTestRunner3/netcore/" className="ManagedCode.Communication.Tests.Results.CollectionResultInvalidMethodsTests" name="CollectionResult_Invalid_ChainedValidations_ShouldWorkCorrectly" />
    </UnitTest>
    <UnitTest name="ManagedCode.Communication.Tests.Extensions.HttpResponseExtensionTests.FromJsonToResult_SuccessStatusCode_WithFailedResultJson_ReturnsFailedResult" storage="/home/runner/work/communication/communication/managedcode.communication.tests/bin/release/net9.0/managedcode.communication.tests.dll" id="dfd55305-89b6-7032-e718-91fc3fa77a9e">
      <Execution id="ec3f921f-c53e-4a94-aab6-62a82b4571ad" />
      <TestMethod codeBase="/home/runner/work/Communication/Communication/ManagedCode.Communication.Tests/bin/Release/net9.0/ManagedCode.Communication.Tests.dll" adapterTypeName="executor://xunit/VsTestRunner3/netcore/" className="ManagedCode.Communication.Tests.Extensions.HttpResponseExtensionTests" name="FromJsonToResult_SuccessStatusCode_WithFailedResultJson_ReturnsFailedResult" />
    </UnitTest>
    <UnitTest name="ManagedCode.Communication.Tests.Results.CollectionResultTests.TryGetProblem_WithEmptyCollection_ButSuccessful_ShouldReturnFalse" storage="/home/runner/work/communication/communication/managedcode.communication.tests/bin/release/net9.0/managedcode.communication.tests.dll" id="72cc59dc-cbb4-fcaa-43ae-593609766cef">
      <Execution id="29c9a10a-1db9-409a-be03-644b2a6e9221" />
      <TestMethod codeBase="/home/runner/work/Communication/Communication/ManagedCode.Communication.Tests/bin/Release/net9.0/ManagedCode.Communication.Tests.dll" adapterTypeName="executor://xunit/VsTestRunner3/netcore/" className="ManagedCode.Communication.Tests.Results.CollectionResultTests" name="TryGetProblem_WithEmptyCollection_ButSuccessful_ShouldReturnFalse" />
    </UnitTest>
    <UnitTest name="ManagedCode.Communication.Tests.ResultExtensionsTests.Map_WithFailedResult_ShouldPropagateFailure" storage="/home/runner/work/communication/communication/managedcode.communication.tests/bin/release/net9.0/managedcode.communication.tests.dll" id="1e89b684-e978-3894-3e18-fc74f760e637">
      <Execution id="e7d3a1d0-ad2a-4584-92a4-44020f0f46ea" />
      <TestMethod codeBase="/home/runner/work/Communication/Communication/ManagedCode.Communication.Tests/bin/Release/net9.0/ManagedCode.Communication.Tests.dll" adapterTypeName="executor://xunit/VsTestRunner3/netcore/" className="ManagedCode.Communication.Tests.ResultExtensionsTests" name="Map_WithFailedResult_ShouldPropagateFailure" />
    </UnitTest>
    <UnitTest name="ManagedCode.Communication.Tests.Results.ResultTFailMethodsTests.ResultT_Fail_WithSpecialCharacters_ShouldHandleCorrectly" storage="/home/runner/work/communication/communication/managedcode.communication.tests/bin/release/net9.0/managedcode.communication.tests.dll" id="c7cfa25b-5f84-b4eb-ca51-e666774f7b77">
      <Execution id="1367e937-0d87-4315-84e0-9216046a67a0" />
      <TestMethod codeBase="/home/runner/work/Communication/Communication/ManagedCode.Communication.Tests/bin/Release/net9.0/ManagedCode.Communication.Tests.dll" adapterTypeName="executor://xunit/VsTestRunner3/netcore/" className="ManagedCode.Communication.Tests.Results.ResultTFailMethodsTests" name="ResultT_Fail_WithSpecialCharacters_ShouldHandleCorrectly" />
    </UnitTest>
    <UnitTest name="ManagedCode.Communication.Tests.Results.ResultTFailMethodsTests.ResultT_Fail_WithException_ShouldCreateFailedResultWithInternalServerError" storage="/home/runner/work/communication/communication/managedcode.communication.tests/bin/release/net9.0/managedcode.communication.tests.dll" id="ed93864c-524d-6b65-67c9-c210db0904d0">
      <Execution id="0e11e185-92a0-4393-8dab-961ff6d6e988" />
      <TestMethod codeBase="/home/runner/work/Communication/Communication/ManagedCode.Communication.Tests/bin/Release/net9.0/ManagedCode.Communication.Tests.dll" adapterTypeName="executor://xunit/VsTestRunner3/netcore/" className="ManagedCode.Communication.Tests.Results.ResultTFailMethodsTests" name="ResultT_Fail_WithException_ShouldCreateFailedResultWithInternalServerError" />
    </UnitTest>
    <UnitTest name="ManagedCode.Communication.Tests.Extensions.HttpResponseExtensionTests.FromJsonToResult_EmptyContent_WithErrorStatus_ReturnsFailedResult" storage="/home/runner/work/communication/communication/managedcode.communication.tests/bin/release/net9.0/managedcode.communication.tests.dll" id="d48b6f70-4c0f-8a1e-1ca8-45b3563283e1">
      <Execution id="23da7677-9f36-49dc-9f52-f755b5cc6138" />
      <TestMethod codeBase="/home/runner/work/Communication/Communication/ManagedCode.Communication.Tests/bin/Release/net9.0/ManagedCode.Communication.Tests.dll" adapterTypeName="executor://xunit/VsTestRunner3/netcore/" className="ManagedCode.Communication.Tests.Extensions.HttpResponseExtensionTests" name="FromJsonToResult_EmptyContent_WithErrorStatus_ReturnsFailedResult" />
    </UnitTest>
    <UnitTest name="ManagedCode.Communication.Tests.Results.CollectionResultTests.TryGetProblem_WithFailedResult_ShouldReturnTrueAndProblem" storage="/home/runner/work/communication/communication/managedcode.communication.tests/bin/release/net9.0/managedcode.communication.tests.dll" id="e6978d63-8432-1fb5-de7e-ad5cae526227">
      <Execution id="f1df0eae-9846-4249-b45e-dbbbe3623117" />
      <TestMethod codeBase="/home/runner/work/Communication/Communication/ManagedCode.Communication.Tests/bin/Release/net9.0/ManagedCode.Communication.Tests.dll" adapterTypeName="executor://xunit/VsTestRunner3/netcore/" className="ManagedCode.Communication.Tests.Results.CollectionResultTests" name="TryGetProblem_WithFailedResult_ShouldReturnTrueAndProblem" />
    </UnitTest>
    <UnitTest name="ManagedCode.Communication.Tests.Results.ResultFailMethodsTests.Result_Fail_WithInnerException_ShouldPreserveExceptionInfo" storage="/home/runner/work/communication/communication/managedcode.communication.tests/bin/release/net9.0/managedcode.communication.tests.dll" id="99ec6b99-38ab-d9d3-1265-68ce728117c4">
      <Execution id="62b76f2b-f0a9-4426-9a3d-aecb12293dbc" />
      <TestMethod codeBase="/home/runner/work/Communication/Communication/ManagedCode.Communication.Tests/bin/Release/net9.0/ManagedCode.Communication.Tests.dll" adapterTypeName="executor://xunit/VsTestRunner3/netcore/" className="ManagedCode.Communication.Tests.Results.ResultFailMethodsTests" name="Result_Fail_WithInnerException_ShouldPreserveExceptionInfo" />
    </UnitTest>
    <UnitTest name="ManagedCode.Communication.Tests.Results.CollectionResultTests.Fail_WithMessage_ShouldCreateFailedResult" storage="/home/runner/work/communication/communication/managedcode.communication.tests/bin/release/net9.0/managedcode.communication.tests.dll" id="62ec9571-83d3-3d31-1779-4fe2cf2be8e0">
      <Execution id="f08d2604-383b-4571-a92a-e02897bca7e1" />
      <TestMethod codeBase="/home/runner/work/Communication/Communication/ManagedCode.Communication.Tests/bin/Release/net9.0/ManagedCode.Communication.Tests.dll" adapterTypeName="executor://xunit/VsTestRunner3/netcore/" className="ManagedCode.Communication.Tests.Results.CollectionResultTests" name="Fail_WithMessage_ShouldCreateFailedResult" />
    </UnitTest>
    <UnitTest name="ManagedCode.Communication.Tests.CollectionResults.CollectionResultFromMethodsTests.From_RecursiveDataStructure_ShouldHandleCorrectly" storage="/home/runner/work/communication/communication/managedcode.communication.tests/bin/release/net9.0/managedcode.communication.tests.dll" id="bc0f94a4-fa61-220d-0abf-7116eecf9e5e">
      <Execution id="0aa8e50b-9b54-4e98-8740-1c05dcc6a4f4" />
      <TestMethod codeBase="/home/runner/work/Communication/Communication/ManagedCode.Communication.Tests/bin/Release/net9.0/ManagedCode.Communication.Tests.dll" adapterTypeName="executor://xunit/VsTestRunner3/netcore/" className="ManagedCode.Communication.Tests.CollectionResults.CollectionResultFromMethodsTests" name="From_RecursiveDataStructure_ShouldHandleCorrectly" />
    </UnitTest>
    <UnitTest name="ManagedCode.Communication.Tests.Extensions.AdvancedRailwayExtensionsTests.MergeAll_WithMultipleFailures_CollectsAllErrors" storage="/home/runner/work/communication/communication/managedcode.communication.tests/bin/release/net9.0/managedcode.communication.tests.dll" id="3422f96e-0a13-0cac-95ea-d6afecbcd569">
      <Execution id="ffd7e9e2-7430-4559-b68a-5d9b0424843a" />
      <TestMethod codeBase="/home/runner/work/Communication/Communication/ManagedCode.Communication.Tests/bin/Release/net9.0/ManagedCode.Communication.Tests.dll" adapterTypeName="executor://xunit/VsTestRunner3/netcore/" className="ManagedCode.Communication.Tests.Extensions.AdvancedRailwayExtensionsTests" name="MergeAll_WithMultipleFailures_CollectsAllErrors" />
    </UnitTest>
    <UnitTest name="ManagedCode.Communication.Tests.Results.CollectionResultInvalidMethodsTests.CollectionResult_Invalid_WithPagination_ShouldNotHaveData" storage="/home/runner/work/communication/communication/managedcode.communication.tests/bin/release/net9.0/managedcode.communication.tests.dll" id="45dc2808-38b8-8162-caa5-6792f81f1b1f">
      <Execution id="38e9a3f9-001c-4d50-a718-683548bde6b9" />
      <TestMethod codeBase="/home/runner/work/Communication/Communication/ManagedCode.Communication.Tests/bin/Release/net9.0/ManagedCode.Communication.Tests.dll" adapterTypeName="executor://xunit/VsTestRunner3/netcore/" className="ManagedCode.Communication.Tests.Results.CollectionResultInvalidMethodsTests" name="CollectionResult_Invalid_WithPagination_ShouldNotHaveData" />
    </UnitTest>
    <UnitTest name="ManagedCode.Communication.Tests.Results.ResultOperatorsTests.ResultT_ImplicitOperator_FromValue_ShouldCreateSuccessResult" storage="/home/runner/work/communication/communication/managedcode.communication.tests/bin/release/net9.0/managedcode.communication.tests.dll" id="fa3755de-e4bd-fecd-de44-2cb43605a4a6">
      <Execution id="9819a43c-9a0c-4d85-910c-3b91cd8ffc15" />
      <TestMethod codeBase="/home/runner/work/Communication/Communication/ManagedCode.Communication.Tests/bin/Release/net9.0/ManagedCode.Communication.Tests.dll" adapterTypeName="executor://xunit/VsTestRunner3/netcore/" className="ManagedCode.Communication.Tests.Results.ResultOperatorsTests" name="ResultT_ImplicitOperator_FromValue_ShouldCreateSuccessResult" />
    </UnitTest>
    <UnitTest name="ManagedCode.Communication.Tests.Extensions.ResultConversionExtensionsTests.AsResult_WithCustomException_CreatesFailedResultWithCustomMessage" storage="/home/runner/work/communication/communication/managedcode.communication.tests/bin/release/net9.0/managedcode.communication.tests.dll" id="7808886e-5ad2-29ba-1f74-f44897640f75">
      <Execution id="3e299bc6-ec81-40e3-95e2-e6b64f968f1c" />
      <TestMethod codeBase="/home/runner/work/Communication/Communication/ManagedCode.Communication.Tests/bin/Release/net9.0/ManagedCode.Communication.Tests.dll" adapterTypeName="executor://xunit/VsTestRunner3/netcore/" className="ManagedCode.Communication.Tests.Extensions.ResultConversionExtensionsTests" name="AsResult_WithCustomException_CreatesFailedResultWithCustomMessage" />
    </UnitTest>
    <UnitTest name="ManagedCode.Communication.Tests.Results.ResultInvalidMethodsTests.Result_InvalidT_WithoutParameters_ShouldCreateValidationResult" storage="/home/runner/work/communication/communication/managedcode.communication.tests/bin/release/net9.0/managedcode.communication.tests.dll" id="5efec4de-8ef4-157c-0742-6a313929d03a">
      <Execution id="954cd3c5-c5da-4efd-8927-1d4d58e69fce" />
      <TestMethod codeBase="/home/runner/work/Communication/Communication/ManagedCode.Communication.Tests/bin/Release/net9.0/ManagedCode.Communication.Tests.dll" adapterTypeName="executor://xunit/VsTestRunner3/netcore/" className="ManagedCode.Communication.Tests.Results.ResultInvalidMethodsTests" name="Result_InvalidT_WithoutParameters_ShouldCreateValidationResult" />
    </UnitTest>
    <UnitTest name="ManagedCode.Communication.Tests.CollectionResults.CollectionResultFailMethodsTests.FailValidation_WithMultipleErrors_ShouldCreateValidationFailedResultWithAllErrors" storage="/home/runner/work/communication/communication/managedcode.communication.tests/bin/release/net9.0/managedcode.communication.tests.dll" id="1dab659d-bd89-ec57-ccec-04868b38f679">
      <Execution id="398337fb-1a66-4f71-9ae7-3515d34ad27e" />
      <TestMethod codeBase="/home/runner/work/Communication/Communication/ManagedCode.Communication.Tests/bin/Release/net9.0/ManagedCode.Communication.Tests.dll" adapterTypeName="executor://xunit/VsTestRunner3/netcore/" className="ManagedCode.Communication.Tests.CollectionResults.CollectionResultFailMethodsTests" name="FailValidation_WithMultipleErrors_ShouldCreateValidationFailedResultWithAllErrors" />
    </UnitTest>
    <UnitTest name="ManagedCode.Communication.Tests.Results.ResultHelperMethodsTests.Result_FailNotFound_ShouldCreateNotFoundResult" storage="/home/runner/work/communication/communication/managedcode.communication.tests/bin/release/net9.0/managedcode.communication.tests.dll" id="54e77df2-c5f9-e6f4-caca-1b64d3e7ca87">
      <Execution id="108a142f-6d87-4926-a407-63128748c04d" />
      <TestMethod codeBase="/home/runner/work/Communication/Communication/ManagedCode.Communication.Tests/bin/Release/net9.0/ManagedCode.Communication.Tests.dll" adapterTypeName="executor://xunit/VsTestRunner3/netcore/" className="ManagedCode.Communication.Tests.Results.ResultHelperMethodsTests" name="Result_FailNotFound_ShouldCreateNotFoundResult" />
    </UnitTest>
    <UnitTest name="ManagedCode.Communication.Tests.ProblemTests.ProblemCreateMethodsTests.Problem_Create_WithEnumAndStatusCode_ShouldCreateProblemWithErrorCode" storage="/home/runner/work/communication/communication/managedcode.communication.tests/bin/release/net9.0/managedcode.communication.tests.dll" id="20911087-6fbe-2539-1eef-878f4fdeff66">
      <Execution id="8f91ab19-610e-4d42-b874-f5014223bc12" />
      <TestMethod codeBase="/home/runner/work/Communication/Communication/ManagedCode.Communication.Tests/bin/Release/net9.0/ManagedCode.Communication.Tests.dll" adapterTypeName="executor://xunit/VsTestRunner3/netcore/" className="ManagedCode.Communication.Tests.ProblemTests.ProblemCreateMethodsTests" name="Problem_Create_WithEnumAndStatusCode_ShouldCreateProblemWithErrorCode" />
    </UnitTest>
    <UnitTest name="ManagedCode.Communication.Tests.Results.ResultTests.TryGetProblem_WithFailedResult_ShouldReturnTrueAndProblem" storage="/home/runner/work/communication/communication/managedcode.communication.tests/bin/release/net9.0/managedcode.communication.tests.dll" id="84cba7e9-16d5-bd29-01c4-6b5bbd25da51">
      <Execution id="a5488ba0-c499-4d5e-b14d-6b9b7dbf8fd8" />
      <TestMethod codeBase="/home/runner/work/Communication/Communication/ManagedCode.Communication.Tests/bin/Release/net9.0/ManagedCode.Communication.Tests.dll" adapterTypeName="executor://xunit/VsTestRunner3/netcore/" className="ManagedCode.Communication.Tests.Results.ResultTests" name="TryGetProblem_WithFailedResult_ShouldReturnTrueAndProblem" />
    </UnitTest>
    <UnitTest name="ManagedCode.Communication.Tests.Results.ResultTFailMethodsTests.ResultT_Fail_WithHttpStatusEnum_ShouldUseEnumValueAsStatusCode" storage="/home/runner/work/communication/communication/managedcode.communication.tests/bin/release/net9.0/managedcode.communication.tests.dll" id="888b4819-f7ed-7fe6-9deb-65cd848ab917">
      <Execution id="c6332186-9c37-4568-9b10-65f258b6c64d" />
      <TestMethod codeBase="/home/runner/work/Communication/Communication/ManagedCode.Communication.Tests/bin/Release/net9.0/ManagedCode.Communication.Tests.dll" adapterTypeName="executor://xunit/VsTestRunner3/netcore/" className="ManagedCode.Communication.Tests.Results.ResultTFailMethodsTests" name="ResultT_Fail_WithHttpStatusEnum_ShouldUseEnumValueAsStatusCode" />
    </UnitTest>
    <UnitTest name="ManagedCode.Communication.Tests.Results.ProblemToExceptionErrorTests.ToException_WithArgumentNullException_ShouldReconstructWithMessage" storage="/home/runner/work/communication/communication/managedcode.communication.tests/bin/release/net9.0/managedcode.communication.tests.dll" id="9d8d30df-7116-4e69-8b1e-8fe0e301647c">
      <Execution id="83bbc318-58a7-4d2a-9dcf-6fc700b2eb07" />
      <TestMethod codeBase="/home/runner/work/Communication/Communication/ManagedCode.Communication.Tests/bin/Release/net9.0/ManagedCode.Communication.Tests.dll" adapterTypeName="executor://xunit/VsTestRunner3/netcore/" className="ManagedCode.Communication.Tests.Results.ProblemToExceptionErrorTests" name="ToException_WithArgumentNullException_ShouldReconstructWithMessage" />
    </UnitTest>
    <UnitTest name="ManagedCode.Communication.Tests.Results.ResultTFailMethodsTests.ResultT_Fail_WithVeryLongStrings_ShouldHandleCorrectly" storage="/home/runner/work/communication/communication/managedcode.communication.tests/bin/release/net9.0/managedcode.communication.tests.dll" id="eb6df723-a29f-9a70-5f7b-4a692189e22f">
      <Execution id="77ac96a2-dd0a-4183-9eb8-f35ec0719026" />
      <TestMethod codeBase="/home/runner/work/Communication/Communication/ManagedCode.Communication.Tests/bin/Release/net9.0/ManagedCode.Communication.Tests.dll" adapterTypeName="executor://xunit/VsTestRunner3/netcore/" className="ManagedCode.Communication.Tests.Results.ResultTFailMethodsTests" name="ResultT_Fail_WithVeryLongStrings_ShouldHandleCorrectly" />
    </UnitTest>
    <UnitTest name="ManagedCode.Communication.Tests.ProblemTests.ProblemCreateMethodsTests.Problem_AddValidationError_MultipleFields_ShouldCreateSeparateLists" storage="/home/runner/work/communication/communication/managedcode.communication.tests/bin/release/net9.0/managedcode.communication.tests.dll" id="4d4fb53f-3023-b9b5-ddae-ca5ff94e1e21">
      <Execution id="b670dc3c-d085-44b1-ad43-82ec0b8256f1" />
      <TestMethod codeBase="/home/runner/work/Communication/Communication/ManagedCode.Communication.Tests/bin/Release/net9.0/ManagedCode.Communication.Tests.dll" adapterTypeName="executor://xunit/VsTestRunner3/netcore/" className="ManagedCode.Communication.Tests.ProblemTests.ProblemCreateMethodsTests" name="Problem_AddValidationError_MultipleFields_ShouldCreateSeparateLists" />
    </UnitTest>
    <UnitTest name="ManagedCode.Communication.Tests.Results.CollectionResultInvalidMethodsTests.CollectionResult_Invalid_WithEnumAndDictionary_ShouldCreateValidationResultWithErrorCodeAndErrors" storage="/home/runner/work/communication/communication/managedcode.communication.tests/bin/release/net9.0/managedcode.communication.tests.dll" id="6ad0df60-41b3-e199-2385-7ce9a635c0e2">
      <Execution id="0d81e4b7-c2ff-4ec7-ab29-10276191522f" />
      <TestMethod codeBase="/home/runner/work/Communication/Communication/ManagedCode.Communication.Tests/bin/Release/net9.0/ManagedCode.Communication.Tests.dll" adapterTypeName="executor://xunit/VsTestRunner3/netcore/" className="ManagedCode.Communication.Tests.Results.CollectionResultInvalidMethodsTests" name="CollectionResult_Invalid_WithEnumAndDictionary_ShouldCreateValidationResultWithErrorCodeAndErrors" />
    </UnitTest>
    <UnitTest name="ManagedCode.Communication.Tests.AspNetCore.Extensions.ServiceCollectionExtensionsTests.Communication_Should_Handle_Custom_Problems" storage="/home/runner/work/communication/communication/managedcode.communication.tests/bin/release/net9.0/managedcode.communication.tests.dll" id="5a48316b-ec69-9349-5cec-20c5ea85e97a">
      <Execution id="fe307e24-3787-44fc-b58e-b15775d72363" />
      <TestMethod codeBase="/home/runner/work/Communication/Communication/ManagedCode.Communication.Tests/bin/Release/net9.0/ManagedCode.Communication.Tests.dll" adapterTypeName="executor://xunit/VsTestRunner3/netcore/" className="ManagedCode.Communication.Tests.AspNetCore.Extensions.ServiceCollectionExtensionsTests" name="Communication_Should_Handle_Custom_Problems" />
    </UnitTest>
    <UnitTest name="ManagedCode.Communication.Tests.CollectionResults.CollectionResultFailMethodsTests.Fail_WithEnumAndDetail_ShouldCreateFailedResultWithErrorCodeAndDetail" storage="/home/runner/work/communication/communication/managedcode.communication.tests/bin/release/net9.0/managedcode.communication.tests.dll" id="d0ff1c73-209e-eeb1-2afd-642ead9760a6">
      <Execution id="318c5e33-1aa7-4dd6-9744-29e4a6e283fa" />
      <TestMethod codeBase="/home/runner/work/Communication/Communication/ManagedCode.Communication.Tests/bin/Release/net9.0/ManagedCode.Communication.Tests.dll" adapterTypeName="executor://xunit/VsTestRunner3/netcore/" className="ManagedCode.Communication.Tests.CollectionResults.CollectionResultFailMethodsTests" name="Fail_WithEnumAndDetail_ShouldCreateFailedResultWithErrorCodeAndDetail" />
    </UnitTest>
    <UnitTest name="ManagedCode.Communication.Tests.Results.ProblemExceptionTests.IsValidationProblem_WithNonValidationProblem_ShouldReturnFalse" storage="/home/runner/work/communication/communication/managedcode.communication.tests/bin/release/net9.0/managedcode.communication.tests.dll" id="b1d035f1-39f6-d499-287e-11a16120f663">
      <Execution id="eb5b6a8a-3841-4e8d-91e0-ce3417241d60" />
      <TestMethod codeBase="/home/runner/work/Communication/Communication/ManagedCode.Communication.Tests/bin/Release/net9.0/ManagedCode.Communication.Tests.dll" adapterTypeName="executor://xunit/VsTestRunner3/netcore/" className="ManagedCode.Communication.Tests.Results.ProblemExceptionTests" name="IsValidationProblem_WithNonValidationProblem_ShouldReturnFalse" />
    </UnitTest>
    <UnitTest name="ManagedCode.Communication.Tests.CollectionResults.CollectionResultFailMethodsTests.Fail_WithTitle_ShouldCreateFailedResultWithInternalServerError" storage="/home/runner/work/communication/communication/managedcode.communication.tests/bin/release/net9.0/managedcode.communication.tests.dll" id="54738bb4-b334-dcd1-6ce6-da8fdb23ce1a">
      <Execution id="8619e4e4-7794-4987-8ef7-2d11b147e207" />
      <TestMethod codeBase="/home/runner/work/Communication/Communication/ManagedCode.Communication.Tests/bin/Release/net9.0/ManagedCode.Communication.Tests.dll" adapterTypeName="executor://xunit/VsTestRunner3/netcore/" className="ManagedCode.Communication.Tests.CollectionResults.CollectionResultFailMethodsTests" name="Fail_WithTitle_ShouldCreateFailedResultWithInternalServerError" />
    </UnitTest>
    <UnitTest name="ManagedCode.Communication.Tests.Orleans.Serialization.CommandSerializationTests.CommandT_WithComplexPayload_ShouldSerializeCorrectly" storage="/home/runner/work/communication/communication/managedcode.communication.tests/bin/release/net9.0/managedcode.communication.tests.dll" id="5c8cc938-335e-a98a-d80a-ce2a4192fa26">
      <Execution id="b319e9f4-f304-4d22-bdd9-6936f25f3be4" />
      <TestMethod codeBase="/home/runner/work/Communication/Communication/ManagedCode.Communication.Tests/bin/Release/net9.0/ManagedCode.Communication.Tests.dll" adapterTypeName="executor://xunit/VsTestRunner3/netcore/" className="ManagedCode.Communication.Tests.Orleans.Serialization.CommandSerializationTests" name="CommandT_WithComplexPayload_ShouldSerializeCorrectly" />
    </UnitTest>
    <UnitTest name="ManagedCode.Communication.Tests.Extensions.HttpResponseExtensionTests.FromJsonToResult_BadRequestStatusCode_ReturnsFailedResultWithCorrectStatus" storage="/home/runner/work/communication/communication/managedcode.communication.tests/bin/release/net9.0/managedcode.communication.tests.dll" id="b0a57685-59f6-3924-f2f2-628ea43f6fa6">
      <Execution id="abbcd1a6-8bd2-4e0f-bcf1-9b179ad7aae6" />
      <TestMethod codeBase="/home/runner/work/Communication/Communication/ManagedCode.Communication.Tests/bin/Release/net9.0/ManagedCode.Communication.Tests.dll" adapterTypeName="executor://xunit/VsTestRunner3/netcore/" className="ManagedCode.Communication.Tests.Extensions.HttpResponseExtensionTests" name="FromJsonToResult_BadRequestStatusCode_ReturnsFailedResultWithCorrectStatus" />
    </UnitTest>
    <UnitTest name="ManagedCode.Communication.Tests.ResultExtensionsTests.BindToGeneric_WithSuccessResult_ShouldTransformToResultT" storage="/home/runner/work/communication/communication/managedcode.communication.tests/bin/release/net9.0/managedcode.communication.tests.dll" id="5d1cd7f9-34f0-feb0-45b5-6480e604717e">
      <Execution id="ad6515ea-2172-40b9-8c08-04c2eaed195c" />
      <TestMethod codeBase="/home/runner/work/Communication/Communication/ManagedCode.Communication.Tests/bin/Release/net9.0/ManagedCode.Communication.Tests.dll" adapterTypeName="executor://xunit/VsTestRunner3/netcore/" className="ManagedCode.Communication.Tests.ResultExtensionsTests" name="BindToGeneric_WithSuccessResult_ShouldTransformToResultT" />
    </UnitTest>
    <UnitTest name="ManagedCode.Communication.Tests.Results.ProblemTests.FromEnum_WithDefaultStatusCode_ShouldUse400" storage="/home/runner/work/communication/communication/managedcode.communication.tests/bin/release/net9.0/managedcode.communication.tests.dll" id="bc66e507-df82-f1e7-2faf-ccf42c118b92">
      <Execution id="e9096a97-08bf-499a-a33f-fc893718fa28" />
      <TestMethod codeBase="/home/runner/work/Communication/Communication/ManagedCode.Communication.Tests/bin/Release/net9.0/ManagedCode.Communication.Tests.dll" adapterTypeName="executor://xunit/VsTestRunner3/netcore/" className="ManagedCode.Communication.Tests.Results.ProblemTests" name="FromEnum_WithDefaultStatusCode_ShouldUse400" />
    </UnitTest>
    <UnitTest name="ManagedCode.Communication.Tests.Extensions.ResultConversionExtensionsTests.AsResult_WithException_CreatesFailedResultWithProblem" storage="/home/runner/work/communication/communication/managedcode.communication.tests/bin/release/net9.0/managedcode.communication.tests.dll" id="8e83e5d2-ca14-e987-68f7-ba664862f8f4">
      <Execution id="8d1e97a0-ea8c-402b-a76d-26e3cb48f24d" />
      <TestMethod codeBase="/home/runner/work/Communication/Communication/ManagedCode.Communication.Tests/bin/Release/net9.0/ManagedCode.Communication.Tests.dll" adapterTypeName="executor://xunit/VsTestRunner3/netcore/" className="ManagedCode.Communication.Tests.Extensions.ResultConversionExtensionsTests" name="AsResult_WithException_CreatesFailedResultWithProblem" />
    </UnitTest>
    <UnitTest name="ManagedCode.Communication.Tests.AspNetCore.Extensions.ControllerExtensionsTests.ToActionResult_WithValidationError_Returns400WithProblemDetails" storage="/home/runner/work/communication/communication/managedcode.communication.tests/bin/release/net9.0/managedcode.communication.tests.dll" id="3fc0a61d-0537-a068-dc4c-e9f48287e808">
      <Execution id="613c7006-cf61-4510-9339-4dfbc6d62284" />
      <TestMethod codeBase="/home/runner/work/Communication/Communication/ManagedCode.Communication.Tests/bin/Release/net9.0/ManagedCode.Communication.Tests.dll" adapterTypeName="executor://xunit/VsTestRunner3/netcore/" className="ManagedCode.Communication.Tests.AspNetCore.Extensions.ControllerExtensionsTests" name="ToActionResult_WithValidationError_Returns400WithProblemDetails" />
    </UnitTest>
    <UnitTest name="ManagedCode.Communication.Tests.AspNetCore.Extensions.ServiceCollectionExtensionsTests.Communication_Should_Handle_Collection_Results" storage="/home/runner/work/communication/communication/managedcode.communication.tests/bin/release/net9.0/managedcode.communication.tests.dll" id="4628ea67-a850-c618-dd07-6b8c93867133">
      <Execution id="d10629da-41ee-46c3-b47f-c3bc197cec0d" />
      <TestMethod codeBase="/home/runner/work/Communication/Communication/ManagedCode.Communication.Tests/bin/Release/net9.0/ManagedCode.Communication.Tests.dll" adapterTypeName="executor://xunit/VsTestRunner3/netcore/" className="ManagedCode.Communication.Tests.AspNetCore.Extensions.ServiceCollectionExtensionsTests" name="Communication_Should_Handle_Collection_Results" />
    </UnitTest>
    <UnitTest name="ManagedCode.Communication.Tests.Results.ProblemTests.GetErrorCodeAs_WithNonMatchingEnum_ShouldReturnNull" storage="/home/runner/work/communication/communication/managedcode.communication.tests/bin/release/net9.0/managedcode.communication.tests.dll" id="6a5e75da-d4ce-a720-12fe-db0ec989bfda">
      <Execution id="7115f65c-fa35-47de-914f-e073ca19b62d" />
      <TestMethod codeBase="/home/runner/work/Communication/Communication/ManagedCode.Communication.Tests/bin/Release/net9.0/ManagedCode.Communication.Tests.dll" adapterTypeName="executor://xunit/VsTestRunner3/netcore/" className="ManagedCode.Communication.Tests.Results.ProblemTests" name="GetErrorCodeAs_WithNonMatchingEnum_ShouldReturnNull" />
    </UnitTest>
    <UnitTest name="ManagedCode.Communication.Tests.Results.ResultStaticHelperMethodsTests.Result_FailForbiddenT_NoParameters_ShouldCreateForbiddenResultT" storage="/home/runner/work/communication/communication/managedcode.communication.tests/bin/release/net9.0/managedcode.communication.tests.dll" id="9b5dfb80-ce41-e436-1e7d-ce9b1aff93d9">
      <Execution id="70d4622f-875b-4797-b9d7-2186f089a8e4" />
      <TestMethod codeBase="/home/runner/work/Communication/Communication/ManagedCode.Communication.Tests/bin/Release/net9.0/ManagedCode.Communication.Tests.dll" adapterTypeName="executor://xunit/VsTestRunner3/netcore/" className="ManagedCode.Communication.Tests.Results.ResultStaticHelperMethodsTests" name="Result_FailForbiddenT_NoParameters_ShouldCreateForbiddenResultT" />
    </UnitTest>
    <UnitTest name="ManagedCode.Communication.Tests.ResultExtensionsTests.Else_WithFailedResult_ShouldReturnAlternative" storage="/home/runner/work/communication/communication/managedcode.communication.tests/bin/release/net9.0/managedcode.communication.tests.dll" id="dd44fca1-dd49-b0b2-8a87-a1e6c53fc967">
      <Execution id="8ddff3ec-56d2-4fc2-bd8d-c86f8f98b61e" />
      <TestMethod codeBase="/home/runner/work/Communication/Communication/ManagedCode.Communication.Tests/bin/Release/net9.0/ManagedCode.Communication.Tests.dll" adapterTypeName="executor://xunit/VsTestRunner3/netcore/" className="ManagedCode.Communication.Tests.ResultExtensionsTests" name="Else_WithFailedResult_ShouldReturnAlternative" />
    </UnitTest>
    <UnitTest name="ManagedCode.Communication.Tests.Results.ProblemTests.GetErrorCodeAs_WithNoErrorCode_ShouldReturnNull" storage="/home/runner/work/communication/communication/managedcode.communication.tests/bin/release/net9.0/managedcode.communication.tests.dll" id="df342db9-d835-84be-dabd-9832a44dda8d">
      <Execution id="261d8825-5a7b-40f3-9c2c-c7182b1a0ac5" />
      <TestMethod codeBase="/home/runner/work/Communication/Communication/ManagedCode.Communication.Tests/bin/Release/net9.0/ManagedCode.Communication.Tests.dll" adapterTypeName="executor://xunit/VsTestRunner3/netcore/" className="ManagedCode.Communication.Tests.Results.ProblemTests" name="GetErrorCodeAs_WithNoErrorCode_ShouldReturnNull" />
    </UnitTest>
    <UnitTest name="ManagedCode.Communication.Tests.Results.CollectionResultTests.ThrowIfFail_WithValidationFailure_ShouldThrowWithValidationDetails" storage="/home/runner/work/communication/communication/managedcode.communication.tests/bin/release/net9.0/managedcode.communication.tests.dll" id="31cc8d58-51d6-fc21-a158-1f4f17545a53">
      <Execution id="5c380092-bea7-4c21-a36b-cb87a741dc2c" />
      <TestMethod codeBase="/home/runner/work/Communication/Communication/ManagedCode.Communication.Tests/bin/Release/net9.0/ManagedCode.Communication.Tests.dll" adapterTypeName="executor://xunit/VsTestRunner3/netcore/" className="ManagedCode.Communication.Tests.Results.CollectionResultTests" name="ThrowIfFail_WithValidationFailure_ShouldThrowWithValidationDetails" />
    </UnitTest>
    <UnitTest name="ManagedCode.Communication.Tests.Results.CollectionResultTests.ThrowIfFail_WithFailedResult_ShouldThrow" storage="/home/runner/work/communication/communication/managedcode.communication.tests/bin/release/net9.0/managedcode.communication.tests.dll" id="685bf125-95a7-b042-d839-6110f006a2bb">
      <Execution id="2c422985-11a5-4a3e-ae0c-221e2427c492" />
      <TestMethod codeBase="/home/runner/work/Communication/Communication/ManagedCode.Communication.Tests/bin/Release/net9.0/ManagedCode.Communication.Tests.dll" adapterTypeName="executor://xunit/VsTestRunner3/netcore/" className="ManagedCode.Communication.Tests.Results.CollectionResultTests" name="ThrowIfFail_WithFailedResult_ShouldThrow" />
    </UnitTest>
    <UnitTest name="ManagedCode.Communication.Tests.Extensions.RailwayExtensionsTests.ComplexChain_SuccessPath_ExecutesAllSteps" storage="/home/runner/work/communication/communication/managedcode.communication.tests/bin/release/net9.0/managedcode.communication.tests.dll" id="ce79d18c-5b2f-a858-0d20-17d538b54c49">
      <Execution id="7f23a6b3-ccf1-489e-9ec5-9fbb8add6e64" />
      <TestMethod codeBase="/home/runner/work/Communication/Communication/ManagedCode.Communication.Tests/bin/Release/net9.0/ManagedCode.Communication.Tests.dll" adapterTypeName="executor://xunit/VsTestRunner3/netcore/" className="ManagedCode.Communication.Tests.Extensions.RailwayExtensionsTests" name="ComplexChain_SuccessPath_ExecutesAllSteps" />
    </UnitTest>
    <UnitTest name="ManagedCode.Communication.Tests.Results.ResultTTests.Bind_WithSuccessfulResult_ShouldExecuteFunction" storage="/home/runner/work/communication/communication/managedcode.communication.tests/bin/release/net9.0/managedcode.communication.tests.dll" id="565488d3-a79f-0bc7-7c73-b71ab1303e0e">
      <Execution id="6c4d46f5-33c2-479d-96e7-a49fc630948d" />
      <TestMethod codeBase="/home/runner/work/Communication/Communication/ManagedCode.Communication.Tests/bin/Release/net9.0/ManagedCode.Communication.Tests.dll" adapterTypeName="executor://xunit/VsTestRunner3/netcore/" className="ManagedCode.Communication.Tests.Results.ResultTTests" name="Bind_WithSuccessfulResult_ShouldExecuteFunction" />
    </UnitTest>
    <UnitTest name="ManagedCode.Communication.Tests.Results.ResultFailMethodsTests.Result_FailNotFound_WithDetail_ShouldCreateNotFoundResultWithCustomDetail" storage="/home/runner/work/communication/communication/managedcode.communication.tests/bin/release/net9.0/managedcode.communication.tests.dll" id="7f0db5cd-3789-6493-06f2-6838ac79a529">
      <Execution id="73318a44-45a7-44a2-a899-a31606cded79" />
      <TestMethod codeBase="/home/runner/work/Communication/Communication/ManagedCode.Communication.Tests/bin/Release/net9.0/ManagedCode.Communication.Tests.dll" adapterTypeName="executor://xunit/VsTestRunner3/netcore/" className="ManagedCode.Communication.Tests.Results.ResultFailMethodsTests" name="Result_FailNotFound_WithDetail_ShouldCreateNotFoundResultWithCustomDetail" />
    </UnitTest>
    <UnitTest name="ManagedCode.Communication.Tests.Results.CollectionResultInvalidMethodsTests.CollectionResult_Invalid_WithEnum_ShouldCreateValidationResultWithErrorCode" storage="/home/runner/work/communication/communication/managedcode.communication.tests/bin/release/net9.0/managedcode.communication.tests.dll" id="62e72051-f8d9-ba3b-e2f1-4642ab39c81a">
      <Execution id="d50d18f5-4509-4191-b497-c4fad3fcecdf" />
      <TestMethod codeBase="/home/runner/work/Communication/Communication/ManagedCode.Communication.Tests/bin/Release/net9.0/ManagedCode.Communication.Tests.dll" adapterTypeName="executor://xunit/VsTestRunner3/netcore/" className="ManagedCode.Communication.Tests.Results.CollectionResultInvalidMethodsTests" name="CollectionResult_Invalid_WithEnum_ShouldCreateValidationResultWithErrorCode" />
    </UnitTest>
    <UnitTest name="ManagedCode.Communication.Tests.Results.ResultOperatorsTests.Result_Fail_WithEnum_ShouldCreateFailedResultWithErrorCode" storage="/home/runner/work/communication/communication/managedcode.communication.tests/bin/release/net9.0/managedcode.communication.tests.dll" id="c4b29f92-16d2-98d3-cbb9-2e703b5f2766">
      <Execution id="fbfe1203-246f-4d2b-ab62-d5a7b67f5bb8" />
      <TestMethod codeBase="/home/runner/work/Communication/Communication/ManagedCode.Communication.Tests/bin/Release/net9.0/ManagedCode.Communication.Tests.dll" adapterTypeName="executor://xunit/VsTestRunner3/netcore/" className="ManagedCode.Communication.Tests.Results.ResultOperatorsTests" name="Result_Fail_WithEnum_ShouldCreateFailedResultWithErrorCode" />
    </UnitTest>
    <UnitTest name="ManagedCode.Communication.Tests.Extensions.RailwayExtensionsTests.Else_SuccessfulResult_ReturnsOriginalResult" storage="/home/runner/work/communication/communication/managedcode.communication.tests/bin/release/net9.0/managedcode.communication.tests.dll" id="c1925661-95a2-08f0-c829-c8d0641fbb32">
      <Execution id="553cb8b1-f866-43bb-8f2d-6d497ca64d50" />
      <TestMethod codeBase="/home/runner/work/Communication/Communication/ManagedCode.Communication.Tests/bin/Release/net9.0/ManagedCode.Communication.Tests.dll" adapterTypeName="executor://xunit/VsTestRunner3/netcore/" className="ManagedCode.Communication.Tests.Extensions.RailwayExtensionsTests" name="Else_SuccessfulResult_ReturnsOriginalResult" />
    </UnitTest>
    <UnitTest name="ManagedCode.Communication.Tests.Extensions.AdvancedRailwayExtensionsTests.ComplexRailwayChain_DemonstratesFullCapabilities" storage="/home/runner/work/communication/communication/managedcode.communication.tests/bin/release/net9.0/managedcode.communication.tests.dll" id="b152476b-0692-165d-e590-b423100fc237">
      <Execution id="67df397e-2ea2-43fa-acbf-9b5f813565a2" />
      <TestMethod codeBase="/home/runner/work/Communication/Communication/ManagedCode.Communication.Tests/bin/Release/net9.0/ManagedCode.Communication.Tests.dll" adapterTypeName="executor://xunit/VsTestRunner3/netcore/" className="ManagedCode.Communication.Tests.Extensions.AdvancedRailwayExtensionsTests" name="ComplexRailwayChain_DemonstratesFullCapabilities" />
    </UnitTest>
    <UnitTest name="ManagedCode.Communication.Tests.Extensions.RailwayExtensionsTests.Bind_FailedResultT_DoesNotExecuteBinder" storage="/home/runner/work/communication/communication/managedcode.communication.tests/bin/release/net9.0/managedcode.communication.tests.dll" id="db2cb8c8-7d9d-eb1f-44ff-41d77481d91c">
      <Execution id="bbc79ddb-bc46-4eb7-9df9-9390869bcba8" />
      <TestMethod codeBase="/home/runner/work/Communication/Communication/ManagedCode.Communication.Tests/bin/Release/net9.0/ManagedCode.Communication.Tests.dll" adapterTypeName="executor://xunit/VsTestRunner3/netcore/" className="ManagedCode.Communication.Tests.Extensions.RailwayExtensionsTests" name="Bind_FailedResultT_DoesNotExecuteBinder" />
    </UnitTest>
    <UnitTest name="ManagedCode.Communication.Tests.Results.ResultHelperMethodsTests.Result_ThrowIfFail_WithSuccess_ShouldReturnFalse" storage="/home/runner/work/communication/communication/managedcode.communication.tests/bin/release/net9.0/managedcode.communication.tests.dll" id="8fb86198-a650-e4a9-cb59-495dfda2d14f">
      <Execution id="8b1c719b-7bbc-4b3a-b82b-0d9d37f9c61c" />
      <TestMethod codeBase="/home/runner/work/Communication/Communication/ManagedCode.Communication.Tests/bin/Release/net9.0/ManagedCode.Communication.Tests.dll" adapterTypeName="executor://xunit/VsTestRunner3/netcore/" className="ManagedCode.Communication.Tests.Results.ResultHelperMethodsTests" name="Result_ThrowIfFail_WithSuccess_ShouldReturnFalse" />
    </UnitTest>
    <UnitTest name="ManagedCode.Communication.Tests.CollectionResults.CollectionResultFailMethodsTests.Fail_WithLargeCollection_ShouldPreserveAllItems" storage="/home/runner/work/communication/communication/managedcode.communication.tests/bin/release/net9.0/managedcode.communication.tests.dll" id="e9afcaf2-7818-aac4-97f5-27c1d6e7b6c2">
      <Execution id="909a2103-acbe-4c7c-ae41-f8cdef2d1fd0" />
      <TestMethod codeBase="/home/runner/work/Communication/Communication/ManagedCode.Communication.Tests/bin/Release/net9.0/ManagedCode.Communication.Tests.dll" adapterTypeName="executor://xunit/VsTestRunner3/netcore/" className="ManagedCode.Communication.Tests.CollectionResults.CollectionResultFailMethodsTests" name="Fail_WithLargeCollection_ShouldPreserveAllItems" />
    </UnitTest>
    <UnitTest name="ManagedCode.Communication.Tests.Extensions.RailwayExtensionsTests.Bind_FailedResult_DoesNotExecuteNext" storage="/home/runner/work/communication/communication/managedcode.communication.tests/bin/release/net9.0/managedcode.communication.tests.dll" id="a3a28d8a-51fe-9a33-f869-0770b45eb339">
      <Execution id="5ad59da0-efb6-4395-ab7c-dfdf90b330d7" />
      <TestMethod codeBase="/home/runner/work/Communication/Communication/ManagedCode.Communication.Tests/bin/Release/net9.0/ManagedCode.Communication.Tests.dll" adapterTypeName="executor://xunit/VsTestRunner3/netcore/" className="ManagedCode.Communication.Tests.Extensions.RailwayExtensionsTests" name="Bind_FailedResult_DoesNotExecuteNext" />
    </UnitTest>
    <UnitTest name="ManagedCode.Communication.Tests.Extensions.ProblemExtensionsTests.RoundTrip_ProblemDetailsWithNullValues_ShouldHandleGracefully" storage="/home/runner/work/communication/communication/managedcode.communication.tests/bin/release/net9.0/managedcode.communication.tests.dll" id="6f9b44ef-a4fb-2ef9-5064-11b31eaf6d4b">
      <Execution id="344adb8a-17c6-4f7b-a651-c1f9306d0eaa" />
      <TestMethod codeBase="/home/runner/work/Communication/Communication/ManagedCode.Communication.Tests/bin/Release/net9.0/ManagedCode.Communication.Tests.dll" adapterTypeName="executor://xunit/VsTestRunner3/netcore/" className="ManagedCode.Communication.Tests.Extensions.ProblemExtensionsTests" name="RoundTrip_ProblemDetailsWithNullValues_ShouldHandleGracefully" />
    </UnitTest>
    <UnitTest name="ManagedCode.Communication.Tests.CollectionResults.CollectionResultFromMethodsTests.From_ValueTaskReturningEnumerable_ShouldCreateSuccessResult" storage="/home/runner/work/communication/communication/managedcode.communication.tests/bin/release/net9.0/managedcode.communication.tests.dll" id="74429bfd-ae1c-e417-c462-fb4e1989918c">
      <Execution id="6bfa469e-ee03-4a07-a41e-2523f3afcc11" />
      <TestMethod codeBase="/home/runner/work/Communication/Communication/ManagedCode.Communication.Tests/bin/Release/net9.0/ManagedCode.Communication.Tests.dll" adapterTypeName="executor://xunit/VsTestRunner3/netcore/" className="ManagedCode.Communication.Tests.CollectionResults.CollectionResultFromMethodsTests" name="From_ValueTaskReturningEnumerable_ShouldCreateSuccessResult" />
    </UnitTest>
    <UnitTest name="ManagedCode.Communication.Tests.ProblemTests.ProblemCreateMethodsTests.Problem_Create_WithNumericEnum_ShouldUseEnumName" storage="/home/runner/work/communication/communication/managedcode.communication.tests/bin/release/net9.0/managedcode.communication.tests.dll" id="663d5ff2-e7a3-93d3-3ad8-ed7a224ab1bf">
      <Execution id="615b79d0-42e3-4fdf-b9ae-5afc4a37a8c0" />
      <TestMethod codeBase="/home/runner/work/Communication/Communication/ManagedCode.Communication.Tests/bin/Release/net9.0/ManagedCode.Communication.Tests.dll" adapterTypeName="executor://xunit/VsTestRunner3/netcore/" className="ManagedCode.Communication.Tests.ProblemTests.ProblemCreateMethodsTests" name="Problem_Create_WithNumericEnum_ShouldUseEnumName" />
    </UnitTest>
    <UnitTest name="ManagedCode.Communication.Tests.Results.ResultTFailMethodsTests.ResultT_Fail_WithProblem_ShouldCreateFailedResultWithProblem" storage="/home/runner/work/communication/communication/managedcode.communication.tests/bin/release/net9.0/managedcode.communication.tests.dll" id="78ec70f9-0461-4d69-fbae-7bfa68a35251">
      <Execution id="6d043012-d061-482c-a948-28494c40fca7" />
      <TestMethod codeBase="/home/runner/work/Communication/Communication/ManagedCode.Communication.Tests/bin/Release/net9.0/ManagedCode.Communication.Tests.dll" adapterTypeName="executor://xunit/VsTestRunner3/netcore/" className="ManagedCode.Communication.Tests.Results.ResultTFailMethodsTests" name="ResultT_Fail_WithProblem_ShouldCreateFailedResultWithProblem" />
    </UnitTest>
    <UnitTest name="ManagedCode.Communication.Tests.Results.ResultTFailMethodsTests.ResultT_Fail_NoParameters_ShouldCreateFailedResult" storage="/home/runner/work/communication/communication/managedcode.communication.tests/bin/release/net9.0/managedcode.communication.tests.dll" id="2db04800-c35a-cd8d-8f75-a8a0a4dfddd7">
      <Execution id="e7c46ec7-4f9e-490e-a428-093308eed7dd" />
      <TestMethod codeBase="/home/runner/work/Communication/Communication/ManagedCode.Communication.Tests/bin/Release/net9.0/ManagedCode.Communication.Tests.dll" adapterTypeName="executor://xunit/VsTestRunner3/netcore/" className="ManagedCode.Communication.Tests.Results.ResultTFailMethodsTests" name="ResultT_Fail_NoParameters_ShouldCreateFailedResult" />
    </UnitTest>
    <UnitTest name="ManagedCode.Communication.Tests.Results.ResultTTests.ImplicitOperator_ToBool_ShouldReturnIsSuccess" storage="/home/runner/work/communication/communication/managedcode.communication.tests/bin/release/net9.0/managedcode.communication.tests.dll" id="cedf9e10-17c3-638f-1fb4-b52f984508c8">
      <Execution id="3f18d0fc-4810-49fb-b7de-6fdb0c6d02a7" />
      <TestMethod codeBase="/home/runner/work/Communication/Communication/ManagedCode.Communication.Tests/bin/Release/net9.0/ManagedCode.Communication.Tests.dll" adapterTypeName="executor://xunit/VsTestRunner3/netcore/" className="ManagedCode.Communication.Tests.Results.ResultTTests" name="ImplicitOperator_ToBool_ShouldReturnIsSuccess" />
    </UnitTest>
    <UnitTest name="ManagedCode.Communication.Tests.ResultExtensionsTests.ComplexPipeline_ShouldProcessCorrectly" storage="/home/runner/work/communication/communication/managedcode.communication.tests/bin/release/net9.0/managedcode.communication.tests.dll" id="342251bc-8c6a-107f-f40f-bd580bcab139">
      <Execution id="1e3ca4ee-6354-4908-924b-210790fb00a1" />
      <TestMethod codeBase="/home/runner/work/Communication/Communication/ManagedCode.Communication.Tests/bin/Release/net9.0/ManagedCode.Communication.Tests.dll" adapterTypeName="executor://xunit/VsTestRunner3/netcore/" className="ManagedCode.Communication.Tests.ResultExtensionsTests" name="ComplexPipeline_ShouldProcessCorrectly" />
    </UnitTest>
    <UnitTest name="ManagedCode.Communication.Tests.Results.ResultTFailMethodsTests.ResultT_Fail_WithComplexTypes_ShouldWorkCorrectly" storage="/home/runner/work/communication/communication/managedcode.communication.tests/bin/release/net9.0/managedcode.communication.tests.dll" id="613ce4af-0c46-036e-af9f-bb78fcd742a6">
      <Execution id="50f1cad3-3d90-46ed-9594-501f15fe8411" />
      <TestMethod codeBase="/home/runner/work/Communication/Communication/ManagedCode.Communication.Tests/bin/Release/net9.0/ManagedCode.Communication.Tests.dll" adapterTypeName="executor://xunit/VsTestRunner3/netcore/" className="ManagedCode.Communication.Tests.Results.ResultTFailMethodsTests" name="ResultT_Fail_WithComplexTypes_ShouldWorkCorrectly" />
    </UnitTest>
    <UnitTest name="ManagedCode.Communication.Tests.Extensions.AdvancedRailwayExtensionsTests.Then_WithFailedResult_DoesNotExecuteNext" storage="/home/runner/work/communication/communication/managedcode.communication.tests/bin/release/net9.0/managedcode.communication.tests.dll" id="234bc324-8553-c6e0-ddb6-1b51780458be">
      <Execution id="cd07515e-92f4-4c3c-bc73-82fca793902f" />
      <TestMethod codeBase="/home/runner/work/Communication/Communication/ManagedCode.Communication.Tests/bin/Release/net9.0/ManagedCode.Communication.Tests.dll" adapterTypeName="executor://xunit/VsTestRunner3/netcore/" className="ManagedCode.Communication.Tests.Extensions.AdvancedRailwayExtensionsTests" name="Then_WithFailedResult_DoesNotExecuteNext" />
    </UnitTest>
    <UnitTest name="ManagedCode.Communication.Tests.Extensions.AdvancedRailwayExtensionsTests.Where_WithNonMatchingPredicate_ReturnsFailure" storage="/home/runner/work/communication/communication/managedcode.communication.tests/bin/release/net9.0/managedcode.communication.tests.dll" id="9f77d37b-5939-25ba-159c-c8d9e89e3cd4">
      <Execution id="d498a312-db5d-4241-a996-71a371be8de6" />
      <TestMethod codeBase="/home/runner/work/Communication/Communication/ManagedCode.Communication.Tests/bin/Release/net9.0/ManagedCode.Communication.Tests.dll" adapterTypeName="executor://xunit/VsTestRunner3/netcore/" className="ManagedCode.Communication.Tests.Extensions.AdvancedRailwayExtensionsTests" name="Where_WithNonMatchingPredicate_ReturnsFailure" />
    </UnitTest>
    <UnitTest name="ManagedCode.Communication.Tests.Results.ResultTTests.TryGetProblem_WithSuccessfulResult_ShouldReturnFalse" storage="/home/runner/work/communication/communication/managedcode.communication.tests/bin/release/net9.0/managedcode.communication.tests.dll" id="613d2d59-716c-8fa1-c98d-0c358ba9cdd1">
      <Execution id="82045e9a-9d0e-4714-8119-7078bb9c6497" />
      <TestMethod codeBase="/home/runner/work/Communication/Communication/ManagedCode.Communication.Tests/bin/Release/net9.0/ManagedCode.Communication.Tests.dll" adapterTypeName="executor://xunit/VsTestRunner3/netcore/" className="ManagedCode.Communication.Tests.Results.ResultTTests" name="TryGetProblem_WithSuccessfulResult_ShouldReturnFalse" />
    </UnitTest>
    <UnitTest name="ManagedCode.Communication.Tests.Serialization.ProblemJsonConverterTests.Deserialize_BasicProblem_RestoresCorrectObject" storage="/home/runner/work/communication/communication/managedcode.communication.tests/bin/release/net9.0/managedcode.communication.tests.dll" id="2aa15638-d059-56c3-1ae6-4f20daa0efd6">
      <Execution id="47ab2e72-108f-4629-ab0f-0fd1bc667ec1" />
      <TestMethod codeBase="/home/runner/work/Communication/Communication/ManagedCode.Communication.Tests/bin/Release/net9.0/ManagedCode.Communication.Tests.dll" adapterTypeName="executor://xunit/VsTestRunner3/netcore/" className="ManagedCode.Communication.Tests.Serialization.ProblemJsonConverterTests" name="Deserialize_BasicProblem_RestoresCorrectObject" />
    </UnitTest>
    <UnitTest name="ManagedCode.Communication.Tests.ProblemTests.ProblemCreateMethodsTests.Problem_Create_FromExceptionWithData_ShouldIncludeExceptionData" storage="/home/runner/work/communication/communication/managedcode.communication.tests/bin/release/net9.0/managedcode.communication.tests.dll" id="39a6af94-85fa-6403-b818-97dddf42687e">
      <Execution id="453c0c64-76df-4d75-b829-27a651fd6136" />
      <TestMethod codeBase="/home/runner/work/Communication/Communication/ManagedCode.Communication.Tests/bin/Release/net9.0/ManagedCode.Communication.Tests.dll" adapterTypeName="executor://xunit/VsTestRunner3/netcore/" className="ManagedCode.Communication.Tests.ProblemTests.ProblemCreateMethodsTests" name="Problem_Create_FromExceptionWithData_ShouldIncludeExceptionData" />
    </UnitTest>
    <UnitTest name="ManagedCode.Communication.Tests.Results.ResultFailMethodsTests.Result_Fail_WithTitle_ShouldCreateFailedResultWithInternalServerError" storage="/home/runner/work/communication/communication/managedcode.communication.tests/bin/release/net9.0/managedcode.communication.tests.dll" id="7d15150a-7174-6f65-3843-6fe9d1970c7b">
      <Execution id="923af86c-ec1e-42d7-986b-e1e9e155cbf2" />
      <TestMethod codeBase="/home/runner/work/Communication/Communication/ManagedCode.Communication.Tests/bin/Release/net9.0/ManagedCode.Communication.Tests.dll" adapterTypeName="executor://xunit/VsTestRunner3/netcore/" className="ManagedCode.Communication.Tests.Results.ResultFailMethodsTests" name="Result_Fail_WithTitle_ShouldCreateFailedResultWithInternalServerError" />
    </UnitTest>
    <UnitTest name="ManagedCode.Communication.Tests.Results.ResultStaticHelperMethodsTests.Result_FailUnauthorizedT_NoParameters_ShouldCreateUnauthorizedResultT" storage="/home/runner/work/communication/communication/managedcode.communication.tests/bin/release/net9.0/managedcode.communication.tests.dll" id="47c73d27-daf8-07a6-9992-33ab057f0562">
      <Execution id="f06ad234-51f6-4c91-8492-6fb52288a218" />
      <TestMethod codeBase="/home/runner/work/Communication/Communication/ManagedCode.Communication.Tests/bin/Release/net9.0/ManagedCode.Communication.Tests.dll" adapterTypeName="executor://xunit/VsTestRunner3/netcore/" className="ManagedCode.Communication.Tests.Results.ResultStaticHelperMethodsTests" name="Result_FailUnauthorizedT_NoParameters_ShouldCreateUnauthorizedResultT" />
    </UnitTest>
    <UnitTest name="ManagedCode.Communication.Tests.Results.ResultFailMethodsTests.Result_Fail_WithEnumAndStatus_ShouldCreateFailedResultWithErrorCodeAndStatus" storage="/home/runner/work/communication/communication/managedcode.communication.tests/bin/release/net9.0/managedcode.communication.tests.dll" id="6e767f96-9226-7d9c-988b-ea75a4b8e156">
      <Execution id="16137804-399d-4b10-96d6-da1b2b8feab0" />
      <TestMethod codeBase="/home/runner/work/Communication/Communication/ManagedCode.Communication.Tests/bin/Release/net9.0/ManagedCode.Communication.Tests.dll" adapterTypeName="executor://xunit/VsTestRunner3/netcore/" className="ManagedCode.Communication.Tests.Results.ResultFailMethodsTests" name="Result_Fail_WithEnumAndStatus_ShouldCreateFailedResultWithErrorCodeAndStatus" />
    </UnitTest>
    <UnitTest name="ManagedCode.Communication.Tests.Extensions.RailwayExtensionsTests.Bind_SuccessfulResultT_ExecutesBinder" storage="/home/runner/work/communication/communication/managedcode.communication.tests/bin/release/net9.0/managedcode.communication.tests.dll" id="bd85c34e-1e20-839d-feff-cc7eed9c2e75">
      <Execution id="579ca34c-5636-46a8-8022-71ef22f363f5" />
      <TestMethod codeBase="/home/runner/work/Communication/Communication/ManagedCode.Communication.Tests/bin/Release/net9.0/ManagedCode.Communication.Tests.dll" adapterTypeName="executor://xunit/VsTestRunner3/netcore/" className="ManagedCode.Communication.Tests.Extensions.RailwayExtensionsTests" name="Bind_SuccessfulResultT_ExecutesBinder" />
    </UnitTest>
    <UnitTest name="ManagedCode.Communication.Tests.Extensions.RailwayExtensionsTests.MapAsync_SuccessfulResult_TransformsValue" storage="/home/runner/work/communication/communication/managedcode.communication.tests/bin/release/net9.0/managedcode.communication.tests.dll" id="5bc0f3f5-2ef6-71a7-b380-e960810bb877">
      <Execution id="ee4bd034-cd11-4358-b5cd-04c9a43d6978" />
      <TestMethod codeBase="/home/runner/work/Communication/Communication/ManagedCode.Communication.Tests/bin/Release/net9.0/ManagedCode.Communication.Tests.dll" adapterTypeName="executor://xunit/VsTestRunner3/netcore/" className="ManagedCode.Communication.Tests.Extensions.RailwayExtensionsTests" name="MapAsync_SuccessfulResult_TransformsValue" />
    </UnitTest>
    <UnitTest name="ManagedCode.Communication.Tests.Orleans.Serialization.ProblemSerializationTests.Problem_WithCustomExtensions_ShouldSerializeCorrectly" storage="/home/runner/work/communication/communication/managedcode.communication.tests/bin/release/net9.0/managedcode.communication.tests.dll" id="7ace1753-df5a-6da6-da58-a5f38ddbdf97">
      <Execution id="debbbb2c-bd8e-4c02-9597-9b4bd7d424cf" />
      <TestMethod codeBase="/home/runner/work/Communication/Communication/ManagedCode.Communication.Tests/bin/Release/net9.0/ManagedCode.Communication.Tests.dll" adapterTypeName="executor://xunit/VsTestRunner3/netcore/" className="ManagedCode.Communication.Tests.Orleans.Serialization.ProblemSerializationTests" name="Problem_WithCustomExtensions_ShouldSerializeCorrectly" />
    </UnitTest>
    <UnitTest name="ManagedCode.Communication.Tests.Results.ResultInvalidMethodsTests.Invalid_DifferentEnumTypes_ShouldWorkWithAnyEnum" storage="/home/runner/work/communication/communication/managedcode.communication.tests/bin/release/net9.0/managedcode.communication.tests.dll" id="52834aef-4100-31c8-7821-69756a7a275b">
      <Execution id="f67a839d-8383-426d-b8c8-97b5b01a9fc3" />
      <TestMethod codeBase="/home/runner/work/Communication/Communication/ManagedCode.Communication.Tests/bin/Release/net9.0/ManagedCode.Communication.Tests.dll" adapterTypeName="executor://xunit/VsTestRunner3/netcore/" className="ManagedCode.Communication.Tests.Results.ResultInvalidMethodsTests" name="Invalid_DifferentEnumTypes_ShouldWorkWithAnyEnum" />
    </UnitTest>
    <UnitTest name="ManagedCode.Communication.Tests.ResultExtensionsTests.Ensure_WithFailingPredicate_ShouldFail" storage="/home/runner/work/communication/communication/managedcode.communication.tests/bin/release/net9.0/managedcode.communication.tests.dll" id="7166e05f-60b9-3728-f3a5-1af83e5aad4c">
      <Execution id="c45c083b-f672-4a9c-b7b7-2ab97a9d3d7f" />
      <TestMethod codeBase="/home/runner/work/Communication/Communication/ManagedCode.Communication.Tests/bin/Release/net9.0/ManagedCode.Communication.Tests.dll" adapterTypeName="executor://xunit/VsTestRunner3/netcore/" className="ManagedCode.Communication.Tests.ResultExtensionsTests" name="Ensure_WithFailingPredicate_ShouldFail" />
    </UnitTest>
    <UnitTest name="ManagedCode.Communication.Tests.Results.ResultStaticHelperMethodsTests.Result_FailValidationT_WithSingleError_ShouldCreateValidationFailedResultT" storage="/home/runner/work/communication/communication/managedcode.communication.tests/bin/release/net9.0/managedcode.communication.tests.dll" id="8b9c529a-f659-c89a-aa3e-a5fad6a9fea7">
      <Execution id="38a4079e-a09e-4397-9812-806febda0a93" />
      <TestMethod codeBase="/home/runner/work/Communication/Communication/ManagedCode.Communication.Tests/bin/Release/net9.0/ManagedCode.Communication.Tests.dll" adapterTypeName="executor://xunit/VsTestRunner3/netcore/" className="ManagedCode.Communication.Tests.Results.ResultStaticHelperMethodsTests" name="Result_FailValidationT_WithSingleError_ShouldCreateValidationFailedResultT" />
    </UnitTest>
    <UnitTest name="ManagedCode.Communication.Tests.AspNetCore.Extensions.ControllerExtensionsTests.ToActionResult_WithVariousStatusCodes_ReturnsCorrectStatusCode(statusCode: 500, title: &quot;Internal Server Error&quot;)" storage="/home/runner/work/communication/communication/managedcode.communication.tests/bin/release/net9.0/managedcode.communication.tests.dll" id="b2e97849-9fd5-473a-c64e-60a1b38c0a1b">
      <Execution id="be885e4e-d79d-4fe9-b590-176451b7dd0c" />
      <TestMethod codeBase="/home/runner/work/Communication/Communication/ManagedCode.Communication.Tests/bin/Release/net9.0/ManagedCode.Communication.Tests.dll" adapterTypeName="executor://xunit/VsTestRunner3/netcore/" className="ManagedCode.Communication.Tests.AspNetCore.Extensions.ControllerExtensionsTests" name="ToActionResult_WithVariousStatusCodes_ReturnsCorrectStatusCode" />
    </UnitTest>
    <UnitTest name="ManagedCode.Communication.Tests.Results.ResultTests.FailValidation_ShouldCreateValidationResult" storage="/home/runner/work/communication/communication/managedcode.communication.tests/bin/release/net9.0/managedcode.communication.tests.dll" id="c2bf73e0-2b43-e613-8fe5-319705841f57">
      <Execution id="13061b26-4402-4bb1-8ccd-883f09a4dd25" />
      <TestMethod codeBase="/home/runner/work/Communication/Communication/ManagedCode.Communication.Tests/bin/Release/net9.0/ManagedCode.Communication.Tests.dll" adapterTypeName="executor://xunit/VsTestRunner3/netcore/" className="ManagedCode.Communication.Tests.Results.ResultTests" name="FailValidation_ShouldCreateValidationResult" />
    </UnitTest>
    <UnitTest name="ManagedCode.Communication.Tests.ProblemTests.ProblemCreateMethodsTests.Problem_Create_WithEnumAndVariousStatusCodes_ShouldSetCorrectType(statusCode: 500, enumValue: &quot;InternalServerError&quot;)" storage="/home/runner/work/communication/communication/managedcode.communication.tests/bin/release/net9.0/managedcode.communication.tests.dll" id="f080a087-472a-f802-200b-4ae8e884e5bc">
      <Execution id="6d98396d-9b03-42ca-9427-e92fe9940ea4" />
      <TestMethod codeBase="/home/runner/work/Communication/Communication/ManagedCode.Communication.Tests/bin/Release/net9.0/ManagedCode.Communication.Tests.dll" adapterTypeName="executor://xunit/VsTestRunner3/netcore/" className="ManagedCode.Communication.Tests.ProblemTests.ProblemCreateMethodsTests" name="Problem_Create_WithEnumAndVariousStatusCodes_ShouldSetCorrectType" />
    </UnitTest>
    <UnitTest name="ManagedCode.Communication.Tests.CollectionResults.CollectionResultFromMethodsTests.From_FuncThrowingExceptionForCollectionResult_ShouldReturnFailedResult" storage="/home/runner/work/communication/communication/managedcode.communication.tests/bin/release/net9.0/managedcode.communication.tests.dll" id="d102cefa-33e2-3c8d-7bd8-79d740844fb3">
      <Execution id="b54c33c4-8315-4128-b664-dfc43f4817ae" />
      <TestMethod codeBase="/home/runner/work/Communication/Communication/ManagedCode.Communication.Tests/bin/Release/net9.0/ManagedCode.Communication.Tests.dll" adapterTypeName="executor://xunit/VsTestRunner3/netcore/" className="ManagedCode.Communication.Tests.CollectionResults.CollectionResultFromMethodsTests" name="From_FuncThrowingExceptionForCollectionResult_ShouldReturnFailedResult" />
    </UnitTest>
    <UnitTest name="ManagedCode.Communication.Tests.Results.ResultHelperMethodsTests.ResultT_TryAsync_WithSuccessfulTask_ShouldReturnSuccessWithValue" storage="/home/runner/work/communication/communication/managedcode.communication.tests/bin/release/net9.0/managedcode.communication.tests.dll" id="49c46075-0a42-052a-7a74-65c78fd3a54b">
      <Execution id="e4cbacce-e75b-4450-b9d0-894833ece0e3" />
      <TestMethod codeBase="/home/runner/work/Communication/Communication/ManagedCode.Communication.Tests/bin/Release/net9.0/ManagedCode.Communication.Tests.dll" adapterTypeName="executor://xunit/VsTestRunner3/netcore/" className="ManagedCode.Communication.Tests.Results.ResultHelperMethodsTests" name="ResultT_TryAsync_WithSuccessfulTask_ShouldReturnSuccessWithValue" />
    </UnitTest>
    <UnitTest name="ManagedCode.Communication.Tests.Orleans.Serialization.ResultSerializationTests.ResultT_WithComplexValue_ShouldSerializeCorrectly" storage="/home/runner/work/communication/communication/managedcode.communication.tests/bin/release/net9.0/managedcode.communication.tests.dll" id="c9c36d3a-0a72-c16b-d9ef-e237a67deccf">
      <Execution id="7cc739c6-d6e2-4ba8-a63a-08cf66f1c967" />
      <TestMethod codeBase="/home/runner/work/Communication/Communication/ManagedCode.Communication.Tests/bin/Release/net9.0/ManagedCode.Communication.Tests.dll" adapterTypeName="executor://xunit/VsTestRunner3/netcore/" className="ManagedCode.Communication.Tests.Orleans.Serialization.ResultSerializationTests" name="ResultT_WithComplexValue_ShouldSerializeCorrectly" />
    </UnitTest>
    <UnitTest name="ManagedCode.Communication.Tests.Results.CollectionResultTests.Empty_ShouldCreateEmptyResult" storage="/home/runner/work/communication/communication/managedcode.communication.tests/bin/release/net9.0/managedcode.communication.tests.dll" id="977cf24f-20f0-af04-f9fd-88296a80a191">
      <Execution id="cc4089d6-4406-48f1-8fb2-8f189b07ab1a" />
      <TestMethod codeBase="/home/runner/work/Communication/Communication/ManagedCode.Communication.Tests/bin/Release/net9.0/ManagedCode.Communication.Tests.dll" adapterTypeName="executor://xunit/VsTestRunner3/netcore/" className="ManagedCode.Communication.Tests.Results.CollectionResultTests" name="Empty_ShouldCreateEmptyResult" />
    </UnitTest>
    <UnitTest name="ManagedCode.Communication.Tests.Results.ResultTFailMethodsTests.ResultT_Fail_WithNullStrings_ShouldHandleGracefully" storage="/home/runner/work/communication/communication/managedcode.communication.tests/bin/release/net9.0/managedcode.communication.tests.dll" id="3c6ac6c6-76bc-c0da-6388-565dd44e7fcd">
      <Execution id="cfe861e0-265d-4395-8a7e-f4711ef88869" />
      <TestMethod codeBase="/home/runner/work/Communication/Communication/ManagedCode.Communication.Tests/bin/Release/net9.0/ManagedCode.Communication.Tests.dll" adapterTypeName="executor://xunit/VsTestRunner3/netcore/" className="ManagedCode.Communication.Tests.Results.ResultTFailMethodsTests" name="ResultT_Fail_WithNullStrings_ShouldHandleGracefully" />
    </UnitTest>
    <UnitTest name="ManagedCode.Communication.Tests.CollectionResults.CollectionResultFromMethodsTests.From_FuncReturningNull_ShouldCreateFailedResultDueToNullReference" storage="/home/runner/work/communication/communication/managedcode.communication.tests/bin/release/net9.0/managedcode.communication.tests.dll" id="b54351a3-66ec-0964-2aea-e5e40f7e02d7">
      <Execution id="1b91f0be-9b2f-4c78-800c-7da2b605bc5c" />
      <TestMethod codeBase="/home/runner/work/Communication/Communication/ManagedCode.Communication.Tests/bin/Release/net9.0/ManagedCode.Communication.Tests.dll" adapterTypeName="executor://xunit/VsTestRunner3/netcore/" className="ManagedCode.Communication.Tests.CollectionResults.CollectionResultFromMethodsTests" name="From_FuncReturningNull_ShouldCreateFailedResultDueToNullReference" />
    </UnitTest>
    <UnitTest name="ManagedCode.Communication.Tests.Results.ResultTFailMethodsTests.ResultT_FailForbidden_WithDetail_ShouldCreateForbiddenResultWithCustomDetail" storage="/home/runner/work/communication/communication/managedcode.communication.tests/bin/release/net9.0/managedcode.communication.tests.dll" id="da316600-cb2e-9486-6dab-86d50d3c1c5c">
      <Execution id="a9c6d707-4062-46b6-9f0b-6de95a3a3ee8" />
      <TestMethod codeBase="/home/runner/work/Communication/Communication/ManagedCode.Communication.Tests/bin/Release/net9.0/ManagedCode.Communication.Tests.dll" adapterTypeName="executor://xunit/VsTestRunner3/netcore/" className="ManagedCode.Communication.Tests.Results.ResultTFailMethodsTests" name="ResultT_FailForbidden_WithDetail_ShouldCreateForbiddenResultWithCustomDetail" />
    </UnitTest>
    <UnitTest name="ManagedCode.Communication.Tests.Results.ProblemCreationExtensionsTests.ToException_FromProblem_ShouldCreateProblemException" storage="/home/runner/work/communication/communication/managedcode.communication.tests/bin/release/net9.0/managedcode.communication.tests.dll" id="dcd4e476-30fd-aff0-3302-390a2e842b9d">
      <Execution id="e18cd277-d473-4f95-b2db-18f7c76dbfcb" />
      <TestMethod codeBase="/home/runner/work/Communication/Communication/ManagedCode.Communication.Tests/bin/Release/net9.0/ManagedCode.Communication.Tests.dll" adapterTypeName="executor://xunit/VsTestRunner3/netcore/" className="ManagedCode.Communication.Tests.Results.ProblemCreationExtensionsTests" name="ToException_FromProblem_ShouldCreateProblemException" />
    </UnitTest>
    <UnitTest name="ManagedCode.Communication.Tests.Results.CollectionResultInvalidMethodsTests.CollectionResult_Invalid_WithEnumAndMessage_ShouldCreateValidationResultWithBoth" storage="/home/runner/work/communication/communication/managedcode.communication.tests/bin/release/net9.0/managedcode.communication.tests.dll" id="c8415987-5e57-7934-283e-064f446065e3">
      <Execution id="88fac619-a2b7-4783-bb68-788d64f21a3e" />
      <TestMethod codeBase="/home/runner/work/Communication/Communication/ManagedCode.Communication.Tests/bin/Release/net9.0/ManagedCode.Communication.Tests.dll" adapterTypeName="executor://xunit/VsTestRunner3/netcore/" className="ManagedCode.Communication.Tests.Results.CollectionResultInvalidMethodsTests" name="CollectionResult_Invalid_WithEnumAndMessage_ShouldCreateValidationResultWithBoth" />
    </UnitTest>
    <UnitTest name="ManagedCode.Communication.Tests.OrleansTests.GrainClientTests.Result" storage="/home/runner/work/communication/communication/managedcode.communication.tests/bin/release/net9.0/managedcode.communication.tests.dll" id="ff152fd0-403e-f4ec-a73e-1cd296d1d014">
      <Execution id="016efe9e-ac21-41cf-ad76-ac359b215094" />
      <TestMethod codeBase="/home/runner/work/Communication/Communication/ManagedCode.Communication.Tests/bin/Release/net9.0/ManagedCode.Communication.Tests.dll" adapterTypeName="executor://xunit/VsTestRunner3/netcore/" className="ManagedCode.Communication.Tests.OrleansTests.GrainClientTests" name="Result" />
    </UnitTest>
    <UnitTest name="ManagedCode.Communication.Tests.Serialization.SerializationTests.ResultT_WithComplexValue_ShouldSerializeAndDeserialize" storage="/home/runner/work/communication/communication/managedcode.communication.tests/bin/release/net9.0/managedcode.communication.tests.dll" id="08479d6a-c563-b460-df28-b4f67109fef8">
      <Execution id="192d4406-62aa-4cb4-8c29-701c1fcd933a" />
      <TestMethod codeBase="/home/runner/work/Communication/Communication/ManagedCode.Communication.Tests/bin/Release/net9.0/ManagedCode.Communication.Tests.dll" adapterTypeName="executor://xunit/VsTestRunner3/netcore/" className="ManagedCode.Communication.Tests.Serialization.SerializationTests" name="ResultT_WithComplexValue_ShouldSerializeAndDeserialize" />
    </UnitTest>
    <UnitTest name="ManagedCode.Communication.Tests.AspNetCore.Extensions.ControllerExtensionsTests.ToActionResult_WithComplexObject_ReturnsCorrectValue" storage="/home/runner/work/communication/communication/managedcode.communication.tests/bin/release/net9.0/managedcode.communication.tests.dll" id="df5d6f80-47b6-1dba-6191-9a36b85a07e0">
      <Execution id="eb99c82d-294d-48dd-9860-c6f4af6db46e" />
      <TestMethod codeBase="/home/runner/work/Communication/Communication/ManagedCode.Communication.Tests/bin/Release/net9.0/ManagedCode.Communication.Tests.dll" adapterTypeName="executor://xunit/VsTestRunner3/netcore/" className="ManagedCode.Communication.Tests.AspNetCore.Extensions.ControllerExtensionsTests" name="ToActionResult_WithComplexObject_ReturnsCorrectValue" />
    </UnitTest>
    <UnitTest name="ManagedCode.Communication.Tests.CollectionResults.CollectionResultFailMethodsTests.Fail_WithEnumerable_ShouldCreateFailedResultWithItems" storage="/home/runner/work/communication/communication/managedcode.communication.tests/bin/release/net9.0/managedcode.communication.tests.dll" id="5fcc6bb5-5034-60d9-130d-fe126a4d45b8">
      <Execution id="2b5baa4f-18e8-4bf7-8658-6136e6d4e7f6" />
      <TestMethod codeBase="/home/runner/work/Communication/Communication/ManagedCode.Communication.Tests/bin/Release/net9.0/ManagedCode.Communication.Tests.dll" adapterTypeName="executor://xunit/VsTestRunner3/netcore/" className="ManagedCode.Communication.Tests.CollectionResults.CollectionResultFailMethodsTests" name="Fail_WithEnumerable_ShouldCreateFailedResultWithItems" />
    </UnitTest>
    <UnitTest name="ManagedCode.Communication.Tests.Orleans.Serialization.CollectionResultSerializationTests.CollectionResult_WithPagination_ShouldSerializeCorrectly" storage="/home/runner/work/communication/communication/managedcode.communication.tests/bin/release/net9.0/managedcode.communication.tests.dll" id="8f4f549d-e712-d8ad-23b3-779d33c6660a">
      <Execution id="0353244a-38a3-44c0-90fd-046218c19b21" />
      <TestMethod codeBase="/home/runner/work/Communication/Communication/ManagedCode.Communication.Tests/bin/Release/net9.0/ManagedCode.Communication.Tests.dll" adapterTypeName="executor://xunit/VsTestRunner3/netcore/" className="ManagedCode.Communication.Tests.Orleans.Serialization.CollectionResultSerializationTests" name="CollectionResult_WithPagination_ShouldSerializeCorrectly" />
    </UnitTest>
    <UnitTest name="ManagedCode.Communication.Tests.AspNetCore.Extensions.ControllerExtensionsTests.ToActionResult_WithVariousStatusCodes_ReturnsCorrectStatusCode(statusCode: 403, title: &quot;Forbidden&quot;)" storage="/home/runner/work/communication/communication/managedcode.communication.tests/bin/release/net9.0/managedcode.communication.tests.dll" id="aca7dc08-e077-6336-11fb-2489a226e225">
      <Execution id="585cc0c2-0767-4322-8a4e-669d07f07df1" />
      <TestMethod codeBase="/home/runner/work/Communication/Communication/ManagedCode.Communication.Tests/bin/Release/net9.0/ManagedCode.Communication.Tests.dll" adapterTypeName="executor://xunit/VsTestRunner3/netcore/" className="ManagedCode.Communication.Tests.AspNetCore.Extensions.ControllerExtensionsTests" name="ToActionResult_WithVariousStatusCodes_ReturnsCorrectStatusCode" />
    </UnitTest>
    <UnitTest name="ManagedCode.Communication.Tests.Orleans.Serialization.CommandSerializationTests.Command_WithMinimalFields_ShouldSerializeCorrectly" storage="/home/runner/work/communication/communication/managedcode.communication.tests/bin/release/net9.0/managedcode.communication.tests.dll" id="2d7f5b65-4d8c-deba-d465-b2441aaaa785">
      <Execution id="4c9e2d22-10a7-4da1-81cd-5f73ec212675" />
      <TestMethod codeBase="/home/runner/work/Communication/Communication/ManagedCode.Communication.Tests/bin/Release/net9.0/ManagedCode.Communication.Tests.dll" adapterTypeName="executor://xunit/VsTestRunner3/netcore/" className="ManagedCode.Communication.Tests.Orleans.Serialization.CommandSerializationTests" name="Command_WithMinimalFields_ShouldSerializeCorrectly" />
    </UnitTest>
    <UnitTest name="ManagedCode.Communication.Tests.CollectionResults.CollectionResultFromMethodsTests.From_FuncReturningFailedCollectionResult_ShouldReturnFailedResult" storage="/home/runner/work/communication/communication/managedcode.communication.tests/bin/release/net9.0/managedcode.communication.tests.dll" id="10f03419-b447-74b1-44ec-afc62ff2ba1d">
      <Execution id="9cd1657f-277f-4ee8-8706-40639048c09d" />
      <TestMethod codeBase="/home/runner/work/Communication/Communication/ManagedCode.Communication.Tests/bin/Release/net9.0/ManagedCode.Communication.Tests.dll" adapterTypeName="executor://xunit/VsTestRunner3/netcore/" className="ManagedCode.Communication.Tests.CollectionResults.CollectionResultFromMethodsTests" name="From_FuncReturningFailedCollectionResult_ShouldReturnFailedResult" />
    </UnitTest>
    <UnitTest name="ManagedCode.Communication.Tests.Results.ResultStaticHelperMethodsTests.Result_FailNotFoundT_WithDetail_ShouldCreateNotFoundResultTWithCustomDetail" storage="/home/runner/work/communication/communication/managedcode.communication.tests/bin/release/net9.0/managedcode.communication.tests.dll" id="f2f678ee-a37b-8014-7202-81380186eb4d">
      <Execution id="d29b94f4-11db-4f8d-a6e7-5df913bddf89" />
      <TestMethod codeBase="/home/runner/work/Communication/Communication/ManagedCode.Communication.Tests/bin/Release/net9.0/ManagedCode.Communication.Tests.dll" adapterTypeName="executor://xunit/VsTestRunner3/netcore/" className="ManagedCode.Communication.Tests.Results.ResultStaticHelperMethodsTests" name="Result_FailNotFoundT_WithDetail_ShouldCreateNotFoundResultTWithCustomDetail" />
    </UnitTest>
    <UnitTest name="ManagedCode.Communication.Tests.Results.ResultHelperMethodsTests.ResultT_TryAsync_WithException_ShouldReturnFailure" storage="/home/runner/work/communication/communication/managedcode.communication.tests/bin/release/net9.0/managedcode.communication.tests.dll" id="be592d9a-91e3-5d2d-c26c-4bf5df9e4597">
      <Execution id="f13d332c-acde-4091-be61-5290d74e3030" />
      <TestMethod codeBase="/home/runner/work/Communication/Communication/ManagedCode.Communication.Tests/bin/Release/net9.0/ManagedCode.Communication.Tests.dll" adapterTypeName="executor://xunit/VsTestRunner3/netcore/" className="ManagedCode.Communication.Tests.Results.ResultHelperMethodsTests" name="ResultT_TryAsync_WithException_ShouldReturnFailure" />
    </UnitTest>
    <UnitTest name="ManagedCode.Communication.Tests.CollectionResults.CollectionResultFromMethodsTests.From_FuncReturningEmptyArray_ShouldCreateEmptySuccessResult" storage="/home/runner/work/communication/communication/managedcode.communication.tests/bin/release/net9.0/managedcode.communication.tests.dll" id="ce37d29c-9229-7c0c-b4e5-a6fef8dbd478">
      <Execution id="db195d47-ed7d-4a9e-8871-7a92fdcb9728" />
      <TestMethod codeBase="/home/runner/work/Communication/Communication/ManagedCode.Communication.Tests/bin/Release/net9.0/ManagedCode.Communication.Tests.dll" adapterTypeName="executor://xunit/VsTestRunner3/netcore/" className="ManagedCode.Communication.Tests.CollectionResults.CollectionResultFromMethodsTests" name="From_FuncReturningEmptyArray_ShouldCreateEmptySuccessResult" />
    </UnitTest>
    <UnitTest name="ManagedCode.Communication.Tests.Results.ResultTests.FailUnauthorized_ShouldCreateUnauthorizedResult" storage="/home/runner/work/communication/communication/managedcode.communication.tests/bin/release/net9.0/managedcode.communication.tests.dll" id="1801938a-5d0f-36fb-a9bb-fea7ab8914fe">
      <Execution id="5f933007-021d-4d0e-8d93-f3073b567989" />
      <TestMethod codeBase="/home/runner/work/Communication/Communication/ManagedCode.Communication.Tests/bin/Release/net9.0/ManagedCode.Communication.Tests.dll" adapterTypeName="executor://xunit/VsTestRunner3/netcore/" className="ManagedCode.Communication.Tests.Results.ResultTests" name="FailUnauthorized_ShouldCreateUnauthorizedResult" />
    </UnitTest>
    <UnitTest name="ManagedCode.Communication.Tests.AspNetCore.Extensions.ControllerExtensionsTests.ToActionResult_WithVariousStatusCodes_ReturnsCorrectStatusCode(statusCode: 409, title: &quot;Conflict&quot;)" storage="/home/runner/work/communication/communication/managedcode.communication.tests/bin/release/net9.0/managedcode.communication.tests.dll" id="84853a77-193c-be7b-a6c8-566bcbdc46e5">
      <Execution id="15237734-bf91-410b-a9f2-429ca75bf082" />
      <TestMethod codeBase="/home/runner/work/Communication/Communication/ManagedCode.Communication.Tests/bin/Release/net9.0/ManagedCode.Communication.Tests.dll" adapterTypeName="executor://xunit/VsTestRunner3/netcore/" className="ManagedCode.Communication.Tests.AspNetCore.Extensions.ControllerExtensionsTests" name="ToActionResult_WithVariousStatusCodes_ReturnsCorrectStatusCode" />
    </UnitTest>
    <UnitTest name="ManagedCode.Communication.Tests.Results.ResultTFailMethodsTests.ResultT_Fail_WithNullValue_ShouldCreateFailedResultWithNull" storage="/home/runner/work/communication/communication/managedcode.communication.tests/bin/release/net9.0/managedcode.communication.tests.dll" id="940e757e-482b-7683-9fbd-545c899eab41">
      <Execution id="c051d9fc-414a-47f1-a3df-fdd9d6dcc63c" />
      <TestMethod codeBase="/home/runner/work/Communication/Communication/ManagedCode.Communication.Tests/bin/Release/net9.0/ManagedCode.Communication.Tests.dll" adapterTypeName="executor://xunit/VsTestRunner3/netcore/" className="ManagedCode.Communication.Tests.Results.ResultTFailMethodsTests" name="ResultT_Fail_WithNullValue_ShouldCreateFailedResultWithNull" />
    </UnitTest>
    <UnitTest name="ManagedCode.Communication.Tests.Orleans.OrleansSerializationTests.CompleteWorkflow_AllTypes_ShouldSerializeCorrectly" storage="/home/runner/work/communication/communication/managedcode.communication.tests/bin/release/net9.0/managedcode.communication.tests.dll" id="6522bdf5-de38-3374-97b3-1ce8774e28b5">
      <Execution id="d0ae4e4c-52aa-49fe-acb7-0cc4e65e8a5c" />
      <TestMethod codeBase="/home/runner/work/Communication/Communication/ManagedCode.Communication.Tests/bin/Release/net9.0/ManagedCode.Communication.Tests.dll" adapterTypeName="executor://xunit/VsTestRunner3/netcore/" className="ManagedCode.Communication.Tests.Orleans.OrleansSerializationTests" name="CompleteWorkflow_AllTypes_ShouldSerializeCorrectly" />
    </UnitTest>
    <UnitTest name="ManagedCode.Communication.Tests.Results.ProblemToExceptionErrorTests.ToException_WithNullDetail_ShouldUseTitle" storage="/home/runner/work/communication/communication/managedcode.communication.tests/bin/release/net9.0/managedcode.communication.tests.dll" id="01c73ab9-aad9-cc26-178c-27e0b35f9583">
      <Execution id="c49bbb92-2e57-4dde-8756-22a4a83e51ec" />
      <TestMethod codeBase="/home/runner/work/Communication/Communication/ManagedCode.Communication.Tests/bin/Release/net9.0/ManagedCode.Communication.Tests.dll" adapterTypeName="executor://xunit/VsTestRunner3/netcore/" className="ManagedCode.Communication.Tests.Results.ProblemToExceptionErrorTests" name="ToException_WithNullDetail_ShouldUseTitle" />
    </UnitTest>
    <UnitTest name="ManagedCode.Communication.Tests.Results.ResultHelperMethodsTests.ResultT_FailValidation_ShouldCreateValidationResult" storage="/home/runner/work/communication/communication/managedcode.communication.tests/bin/release/net9.0/managedcode.communication.tests.dll" id="66076f92-cd02-428b-c3aa-0dc5e5824793">
      <Execution id="679d5a27-1437-4590-9e5f-3d13c8add06b" />
      <TestMethod codeBase="/home/runner/work/Communication/Communication/ManagedCode.Communication.Tests/bin/Release/net9.0/ManagedCode.Communication.Tests.dll" adapterTypeName="executor://xunit/VsTestRunner3/netcore/" className="ManagedCode.Communication.Tests.Results.ResultHelperMethodsTests" name="ResultT_FailValidation_ShouldCreateValidationResult" />
    </UnitTest>
    <UnitTest name="ManagedCode.Communication.Tests.Results.ProblemToExceptionTests.ToException_WithInvalidOriginalType_ShouldFallbackToProblemException" storage="/home/runner/work/communication/communication/managedcode.communication.tests/bin/release/net9.0/managedcode.communication.tests.dll" id="64aa7254-7fbd-79c2-756e-71858d6d30f7">
      <Execution id="c4d0d8ae-c432-4668-96e3-94f4dd30ff5d" />
      <TestMethod codeBase="/home/runner/work/Communication/Communication/ManagedCode.Communication.Tests/bin/Release/net9.0/ManagedCode.Communication.Tests.dll" adapterTypeName="executor://xunit/VsTestRunner3/netcore/" className="ManagedCode.Communication.Tests.Results.ProblemToExceptionTests" name="ToException_WithInvalidOriginalType_ShouldFallbackToProblemException" />
    </UnitTest>
    <UnitTest name="ManagedCode.Communication.Tests.Extensions.ProblemExtensionsTests.FromProblemDetails_WithNullStatus_ShouldSetStatusCodeToZero" storage="/home/runner/work/communication/communication/managedcode.communication.tests/bin/release/net9.0/managedcode.communication.tests.dll" id="5d60b22d-c612-47a3-e3f1-72a7b909f424">
      <Execution id="23cf087b-64b7-47ca-b397-dbb379187bc3" />
      <TestMethod codeBase="/home/runner/work/Communication/Communication/ManagedCode.Communication.Tests/bin/Release/net9.0/ManagedCode.Communication.Tests.dll" adapterTypeName="executor://xunit/VsTestRunner3/netcore/" className="ManagedCode.Communication.Tests.Extensions.ProblemExtensionsTests" name="FromProblemDetails_WithNullStatus_ShouldSetStatusCodeToZero" />
    </UnitTest>
    <UnitTest name="ManagedCode.Communication.Tests.ControllerTests.MiddlewareTests.ValidationException" storage="/home/runner/work/communication/communication/managedcode.communication.tests/bin/release/net9.0/managedcode.communication.tests.dll" id="884780c4-efd7-4539-be97-7bddf6f0d325">
      <Execution id="47192417-79b9-4e54-9328-0f1e924e3240" />
      <TestMethod codeBase="/home/runner/work/Communication/Communication/ManagedCode.Communication.Tests/bin/Release/net9.0/ManagedCode.Communication.Tests.dll" adapterTypeName="executor://xunit/VsTestRunner3/netcore/" className="ManagedCode.Communication.Tests.ControllerTests.MiddlewareTests" name="ValidationException" />
    </UnitTest>
    <UnitTest name="ManagedCode.Communication.Tests.Results.ResultInvalidMethodsTests.Result_InvalidT_WithEnumAndMessage_ShouldCreateValidationResultWithBoth" storage="/home/runner/work/communication/communication/managedcode.communication.tests/bin/release/net9.0/managedcode.communication.tests.dll" id="02db334a-6c5c-72ac-09b6-78c16163fb60">
      <Execution id="cfbae62c-33fc-4c34-bed1-98c0ec3dbfae" />
      <TestMethod codeBase="/home/runner/work/Communication/Communication/ManagedCode.Communication.Tests/bin/Release/net9.0/ManagedCode.Communication.Tests.dll" adapterTypeName="executor://xunit/VsTestRunner3/netcore/" className="ManagedCode.Communication.Tests.Results.ResultInvalidMethodsTests" name="Result_InvalidT_WithEnumAndMessage_ShouldCreateValidationResultWithBoth" />
    </UnitTest>
    <UnitTest name="ManagedCode.Communication.Tests.Results.ResultInvalidMethodsTests.ResultT_Invalid_WithEnumKeyValue_ShouldCreateValidationResultWithAll" storage="/home/runner/work/communication/communication/managedcode.communication.tests/bin/release/net9.0/managedcode.communication.tests.dll" id="a2af3fa3-e3a8-4009-0999-eb6fed122f5b">
      <Execution id="b53be3df-d425-41f0-886c-2891b1eae132" />
      <TestMethod codeBase="/home/runner/work/Communication/Communication/ManagedCode.Communication.Tests/bin/Release/net9.0/ManagedCode.Communication.Tests.dll" adapterTypeName="executor://xunit/VsTestRunner3/netcore/" className="ManagedCode.Communication.Tests.Results.ResultInvalidMethodsTests" name="ResultT_Invalid_WithEnumKeyValue_ShouldCreateValidationResultWithAll" />
    </UnitTest>
    <UnitTest name="ManagedCode.Communication.Tests.Results.RailwayOrientedProgrammingTests.Match_WithFailure_ShouldExecuteFailureFunction" storage="/home/runner/work/communication/communication/managedcode.communication.tests/bin/release/net9.0/managedcode.communication.tests.dll" id="69beb265-ebe6-f9da-2e10-2e50d1b0f6dd">
      <Execution id="f0c6ab6f-0715-43dd-bccd-923cedb67aed" />
      <TestMethod codeBase="/home/runner/work/Communication/Communication/ManagedCode.Communication.Tests/bin/Release/net9.0/ManagedCode.Communication.Tests.dll" adapterTypeName="executor://xunit/VsTestRunner3/netcore/" className="ManagedCode.Communication.Tests.Results.RailwayOrientedProgrammingTests" name="Match_WithFailure_ShouldExecuteFailureFunction" />
    </UnitTest>
    <UnitTest name="ManagedCode.Communication.Tests.Extensions.ResultConversionExtensionsTests.AsResult_CanBeChainedWithRailwayMethods" storage="/home/runner/work/communication/communication/managedcode.communication.tests/bin/release/net9.0/managedcode.communication.tests.dll" id="4396ccba-9d89-e148-82bd-72965c7a7035">
      <Execution id="10b9c022-160a-4513-81ea-b8be996529a5" />
      <TestMethod codeBase="/home/runner/work/Communication/Communication/ManagedCode.Communication.Tests/bin/Release/net9.0/ManagedCode.Communication.Tests.dll" adapterTypeName="executor://xunit/VsTestRunner3/netcore/" className="ManagedCode.Communication.Tests.Extensions.ResultConversionExtensionsTests" name="AsResult_CanBeChainedWithRailwayMethods" />
    </UnitTest>
    <UnitTest name="ManagedCode.Communication.Tests.Results.CollectionResultTests.Fail_WithProblem_ShouldCreateFailedResult" storage="/home/runner/work/communication/communication/managedcode.communication.tests/bin/release/net9.0/managedcode.communication.tests.dll" id="b33a03a8-55ac-77be-ca97-0bc786c289fc">
      <Execution id="af1a00db-7c9b-4f4b-b855-5cf4343316bb" />
      <TestMethod codeBase="/home/runner/work/Communication/Communication/ManagedCode.Communication.Tests/bin/Release/net9.0/ManagedCode.Communication.Tests.dll" adapterTypeName="executor://xunit/VsTestRunner3/netcore/" className="ManagedCode.Communication.Tests.Results.CollectionResultTests" name="Fail_WithProblem_ShouldCreateFailedResult" />
    </UnitTest>
    <UnitTest name="ManagedCode.Communication.Tests.Results.ResultHelperMethodsTests.ResultT_From_WithSuccessResult_ShouldReturnSuccessWithValue" storage="/home/runner/work/communication/communication/managedcode.communication.tests/bin/release/net9.0/managedcode.communication.tests.dll" id="b3b9ef4c-6313-6dea-33cf-2d0e819cad64">
      <Execution id="0f36e175-d7a7-4893-a7a8-5e899bea5a8b" />
      <TestMethod codeBase="/home/runner/work/Communication/Communication/ManagedCode.Communication.Tests/bin/Release/net9.0/ManagedCode.Communication.Tests.dll" adapterTypeName="executor://xunit/VsTestRunner3/netcore/" className="ManagedCode.Communication.Tests.Results.ResultHelperMethodsTests" name="ResultT_From_WithSuccessResult_ShouldReturnSuccessWithValue" />
    </UnitTest>
    <UnitTest name="ManagedCode.Communication.Tests.Results.ResultOperatorsTests.Result_From_WithSuccessfulFunc_ShouldReturnSuccessResult" storage="/home/runner/work/communication/communication/managedcode.communication.tests/bin/release/net9.0/managedcode.communication.tests.dll" id="86187f3d-b602-5f85-7bbd-67f366b856b9">
      <Execution id="a94f549e-9c0c-44ed-bb15-0fc5518d1d8a" />
      <TestMethod codeBase="/home/runner/work/Communication/Communication/ManagedCode.Communication.Tests/bin/Release/net9.0/ManagedCode.Communication.Tests.dll" adapterTypeName="executor://xunit/VsTestRunner3/netcore/" className="ManagedCode.Communication.Tests.Results.ResultOperatorsTests" name="Result_From_WithSuccessfulFunc_ShouldReturnSuccessResult" />
    </UnitTest>
    <UnitTest name="ManagedCode.Communication.Tests.Results.ResultOperatorsTests.ResultT_ImplicitOperator_FromException_ShouldCreateFailedResult" storage="/home/runner/work/communication/communication/managedcode.communication.tests/bin/release/net9.0/managedcode.communication.tests.dll" id="f990a213-1cf7-9a2d-bb25-79a3d8a56028">
      <Execution id="e7ee2b6c-4a3a-4541-9cc2-25b8183a4aba" />
      <TestMethod codeBase="/home/runner/work/Communication/Communication/ManagedCode.Communication.Tests/bin/Release/net9.0/ManagedCode.Communication.Tests.dll" adapterTypeName="executor://xunit/VsTestRunner3/netcore/" className="ManagedCode.Communication.Tests.Results.ResultOperatorsTests" name="ResultT_ImplicitOperator_FromException_ShouldCreateFailedResult" />
    </UnitTest>
    <UnitTest name="ManagedCode.Communication.Tests.Results.CollectionResultTests.Succeed_WithEnumerableOnly_ShouldCalculatePagingInfo" storage="/home/runner/work/communication/communication/managedcode.communication.tests/bin/release/net9.0/managedcode.communication.tests.dll" id="8d46a340-0ed0-b99b-ffa5-9396c082f226">
      <Execution id="24aa459e-a88d-4aad-8bc3-7f34eaf8a8b1" />
      <TestMethod codeBase="/home/runner/work/Communication/Communication/ManagedCode.Communication.Tests/bin/Release/net9.0/ManagedCode.Communication.Tests.dll" adapterTypeName="executor://xunit/VsTestRunner3/netcore/" className="ManagedCode.Communication.Tests.Results.CollectionResultTests" name="Succeed_WithEnumerableOnly_ShouldCalculatePagingInfo" />
    </UnitTest>
    <UnitTest name="ManagedCode.Communication.Tests.Orleans.Serialization.CollectionResultSerializationTests.CollectionResult_EmptyCollection_ShouldSerializeCorrectly" storage="/home/runner/work/communication/communication/managedcode.communication.tests/bin/release/net9.0/managedcode.communication.tests.dll" id="0f1196ec-94c1-8ad4-9d54-4d5a2629230e">
      <Execution id="c5505c74-7f1c-41bf-a052-c84f942b0183" />
      <TestMethod codeBase="/home/runner/work/Communication/Communication/ManagedCode.Communication.Tests/bin/Release/net9.0/ManagedCode.Communication.Tests.dll" adapterTypeName="executor://xunit/VsTestRunner3/netcore/" className="ManagedCode.Communication.Tests.Orleans.Serialization.CollectionResultSerializationTests" name="CollectionResult_EmptyCollection_ShouldSerializeCorrectly" />
    </UnitTest>
    <UnitTest name="ManagedCode.Communication.Tests.CollectionResults.CollectionResultFromMethodsTests.From_FuncValueTaskThrowingException_ShouldReturnFailedResult" storage="/home/runner/work/communication/communication/managedcode.communication.tests/bin/release/net9.0/managedcode.communication.tests.dll" id="c9b0bf8f-b32e-afc0-1ba5-d7dd67234a1b">
      <Execution id="1df08288-c703-4cf2-8060-c1c8c53acc02" />
      <TestMethod codeBase="/home/runner/work/Communication/Communication/ManagedCode.Communication.Tests/bin/Release/net9.0/ManagedCode.Communication.Tests.dll" adapterTypeName="executor://xunit/VsTestRunner3/netcore/" className="ManagedCode.Communication.Tests.CollectionResults.CollectionResultFromMethodsTests" name="From_FuncValueTaskThrowingException_ShouldReturnFailedResult" />
    </UnitTest>
    <UnitTest name="ManagedCode.Communication.Tests.Results.RailwayOrientedProgrammingTests.Match_WithSuccess_ShouldExecuteSuccessFunction" storage="/home/runner/work/communication/communication/managedcode.communication.tests/bin/release/net9.0/managedcode.communication.tests.dll" id="3c37108a-c70c-c832-75e8-68781bee0ca1">
      <Execution id="d1c43269-e368-4754-92cd-2bcbe0071dbc" />
      <TestMethod codeBase="/home/runner/work/Communication/Communication/ManagedCode.Communication.Tests/bin/Release/net9.0/ManagedCode.Communication.Tests.dll" adapterTypeName="executor://xunit/VsTestRunner3/netcore/" className="ManagedCode.Communication.Tests.Results.RailwayOrientedProgrammingTests" name="Match_WithSuccess_ShouldExecuteSuccessFunction" />
    </UnitTest>
    <UnitTest name="ManagedCode.Communication.Tests.CollectionResults.CollectionResultFromMethodsTests.From_ValueTaskReturningCollectionResult_ShouldReturnSameResult" storage="/home/runner/work/communication/communication/managedcode.communication.tests/bin/release/net9.0/managedcode.communication.tests.dll" id="7e46dd07-4366-27a0-3009-4a77bc548fa9">
      <Execution id="575f1ada-4421-467a-bf88-c68cbd833468" />
      <TestMethod codeBase="/home/runner/work/Communication/Communication/ManagedCode.Communication.Tests/bin/Release/net9.0/ManagedCode.Communication.Tests.dll" adapterTypeName="executor://xunit/VsTestRunner3/netcore/" className="ManagedCode.Communication.Tests.CollectionResults.CollectionResultFromMethodsTests" name="From_ValueTaskReturningCollectionResult_ShouldReturnSameResult" />
    </UnitTest>
    <UnitTest name="ManagedCode.Communication.Tests.Extensions.HttpResponseExtensionTests.FromRequestToResult_VariousSuccessCodes_ReturnsSuccessResult(statusCode: NoContent)" storage="/home/runner/work/communication/communication/managedcode.communication.tests/bin/release/net9.0/managedcode.communication.tests.dll" id="58ae3268-0514-bfd0-e929-cd5bbcd15459">
      <Execution id="a9b0236a-5755-4a45-bea3-e944be52b822" />
      <TestMethod codeBase="/home/runner/work/Communication/Communication/ManagedCode.Communication.Tests/bin/Release/net9.0/ManagedCode.Communication.Tests.dll" adapterTypeName="executor://xunit/VsTestRunner3/netcore/" className="ManagedCode.Communication.Tests.Extensions.HttpResponseExtensionTests" name="FromRequestToResult_VariousSuccessCodes_ReturnsSuccessResult" />
    </UnitTest>
    <UnitTest name="ManagedCode.Communication.Tests.Results.ResultFailMethodsTests.Result_Fail_WithEnumAndDetail_ShouldCreateFailedResultWithErrorCodeAndDetail" storage="/home/runner/work/communication/communication/managedcode.communication.tests/bin/release/net9.0/managedcode.communication.tests.dll" id="9055a99e-808e-e43f-9f70-e1a7b9f0a551">
      <Execution id="bf1e623a-7b00-4ff6-b0b8-f26c87b4a6f2" />
      <TestMethod codeBase="/home/runner/work/Communication/Communication/ManagedCode.Communication.Tests/bin/Release/net9.0/ManagedCode.Communication.Tests.dll" adapterTypeName="executor://xunit/VsTestRunner3/netcore/" className="ManagedCode.Communication.Tests.Results.ResultFailMethodsTests" name="Result_Fail_WithEnumAndDetail_ShouldCreateFailedResultWithErrorCodeAndDetail" />
    </UnitTest>
    <UnitTest name="ManagedCode.Communication.Tests.AspNetCore.Extensions.ControllerExtensionsTests.ToActionResult_WithSuccessResultNoValue_ReturnsNoContent" storage="/home/runner/work/communication/communication/managedcode.communication.tests/bin/release/net9.0/managedcode.communication.tests.dll" id="ca91a9e0-6fc0-a317-fd3a-6f5ade651c3e">
      <Execution id="efdfc861-d566-43ab-9884-91c69710de45" />
      <TestMethod codeBase="/home/runner/work/Communication/Communication/ManagedCode.Communication.Tests/bin/Release/net9.0/ManagedCode.Communication.Tests.dll" adapterTypeName="executor://xunit/VsTestRunner3/netcore/" className="ManagedCode.Communication.Tests.AspNetCore.Extensions.ControllerExtensionsTests" name="ToActionResult_WithSuccessResultNoValue_ReturnsNoContent" />
    </UnitTest>
    <UnitTest name="ManagedCode.Communication.Tests.Results.ResultFailMethodsTests.Result_FailForbidden_NoParameters_ShouldCreateForbiddenResult" storage="/home/runner/work/communication/communication/managedcode.communication.tests/bin/release/net9.0/managedcode.communication.tests.dll" id="71cf5e6d-ba2a-c7c3-a763-2fcedf333a8b">
      <Execution id="5ad26902-fd74-4655-952c-16ebfc70fde2" />
      <TestMethod codeBase="/home/runner/work/Communication/Communication/ManagedCode.Communication.Tests/bin/Release/net9.0/ManagedCode.Communication.Tests.dll" adapterTypeName="executor://xunit/VsTestRunner3/netcore/" className="ManagedCode.Communication.Tests.Results.ResultFailMethodsTests" name="Result_FailForbidden_NoParameters_ShouldCreateForbiddenResult" />
    </UnitTest>
    <UnitTest name="ManagedCode.Communication.Tests.Results.ResultStaticHelperMethodsTests.Result_FailValidationT_WithMultipleErrors_ShouldCreateValidationFailedResultTWithAllErrors" storage="/home/runner/work/communication/communication/managedcode.communication.tests/bin/release/net9.0/managedcode.communication.tests.dll" id="c8d77af0-8084-8474-2ecb-63693a6af3aa">
      <Execution id="3c45fade-8b2f-497a-a68a-a5596cbc33fe" />
      <TestMethod codeBase="/home/runner/work/Communication/Communication/ManagedCode.Communication.Tests/bin/Release/net9.0/ManagedCode.Communication.Tests.dll" adapterTypeName="executor://xunit/VsTestRunner3/netcore/" className="ManagedCode.Communication.Tests.Results.ResultStaticHelperMethodsTests" name="Result_FailValidationT_WithMultipleErrors_ShouldCreateValidationFailedResultTWithAllErrors" />
    </UnitTest>
    <UnitTest name="ManagedCode.Communication.Tests.Extensions.HttpResponseExtensionTests.FromRequestToResult_VariousErrorCodes_ReturnsFailedResult(statusCode: Forbidden)" storage="/home/runner/work/communication/communication/managedcode.communication.tests/bin/release/net9.0/managedcode.communication.tests.dll" id="3a32c1dc-077f-4321-e968-780050a8a9d7">
      <Execution id="169d55d5-610a-4ad3-842e-4991fe89245c" />
      <TestMethod codeBase="/home/runner/work/Communication/Communication/ManagedCode.Communication.Tests/bin/Release/net9.0/ManagedCode.Communication.Tests.dll" adapterTypeName="executor://xunit/VsTestRunner3/netcore/" className="ManagedCode.Communication.Tests.Extensions.HttpResponseExtensionTests" name="FromRequestToResult_VariousErrorCodes_ReturnsFailedResult" />
    </UnitTest>
    <UnitTest name="ManagedCode.Communication.Tests.CollectionResults.CollectionResultFailMethodsTests.Fail_WithVariousStatusCodes_ShouldSetCorrectStatusCode(statusCode: ServiceUnavailable, expectedCode: 503)" storage="/home/runner/work/communication/communication/managedcode.communication.tests/bin/release/net9.0/managedcode.communication.tests.dll" id="f8292c99-1fa2-ca17-1340-240e96354ffd">
      <Execution id="7a0412d9-7f9c-44c4-933c-76613c5b23be" />
      <TestMethod codeBase="/home/runner/work/Communication/Communication/ManagedCode.Communication.Tests/bin/Release/net9.0/ManagedCode.Communication.Tests.dll" adapterTypeName="executor://xunit/VsTestRunner3/netcore/" className="ManagedCode.Communication.Tests.CollectionResults.CollectionResultFailMethodsTests" name="Fail_WithVariousStatusCodes_ShouldSetCorrectStatusCode" />
    </UnitTest>
    <UnitTest name="ManagedCode.Communication.Tests.Results.ProblemCreationExtensionsTests.ToProblem_FromEnum_WithCustomStatusCode_ShouldUseProvidedStatusCode" storage="/home/runner/work/communication/communication/managedcode.communication.tests/bin/release/net9.0/managedcode.communication.tests.dll" id="db4a1ba0-50c4-f6cd-52e6-befecc6109d1">
      <Execution id="1bdb1720-8f1e-4216-bc91-cefe9aa17fc1" />
      <TestMethod codeBase="/home/runner/work/Communication/Communication/ManagedCode.Communication.Tests/bin/Release/net9.0/ManagedCode.Communication.Tests.dll" adapterTypeName="executor://xunit/VsTestRunner3/netcore/" className="ManagedCode.Communication.Tests.Results.ProblemCreationExtensionsTests" name="ToProblem_FromEnum_WithCustomStatusCode_ShouldUseProvidedStatusCode" />
    </UnitTest>
    <UnitTest name="ManagedCode.Communication.Tests.Results.ResultHelperMethodsTests.Result_FailValidation_ShouldCreateValidationResult" storage="/home/runner/work/communication/communication/managedcode.communication.tests/bin/release/net9.0/managedcode.communication.tests.dll" id="acae517f-099e-2cd1-8736-3ed091b5c626">
      <Execution id="6f86046f-97d6-43fd-8e59-42cf745db9b3" />
      <TestMethod codeBase="/home/runner/work/Communication/Communication/ManagedCode.Communication.Tests/bin/Release/net9.0/ManagedCode.Communication.Tests.dll" adapterTypeName="executor://xunit/VsTestRunner3/netcore/" className="ManagedCode.Communication.Tests.Results.ResultHelperMethodsTests" name="Result_FailValidation_ShouldCreateValidationResult" />
    </UnitTest>
    <UnitTest name="ManagedCode.Communication.Tests.ResultExtensionsTests.MapAsync_WithSuccessResult_ShouldTransformValueAsync" storage="/home/runner/work/communication/communication/managedcode.communication.tests/bin/release/net9.0/managedcode.communication.tests.dll" id="b2b9573d-e985-c983-e346-e985217d8d09">
      <Execution id="153cce95-f747-4393-a916-4db2b8b57875" />
      <TestMethod codeBase="/home/runner/work/Communication/Communication/ManagedCode.Communication.Tests/bin/Release/net9.0/ManagedCode.Communication.Tests.dll" adapterTypeName="executor://xunit/VsTestRunner3/netcore/" className="ManagedCode.Communication.Tests.ResultExtensionsTests" name="MapAsync_WithSuccessResult_ShouldTransformValueAsync" />
    </UnitTest>
    <UnitTest name="ManagedCode.Communication.Tests.Results.CollectionResultInvalidMethodsTests.CollectionResult_Invalid_ComparedToFailValidation_ShouldBeEquivalent" storage="/home/runner/work/communication/communication/managedcode.communication.tests/bin/release/net9.0/managedcode.communication.tests.dll" id="980d4706-ea6d-d2a9-e6c6-8e6ce35d91ac">
      <Execution id="b53ae672-446a-44df-8b53-04bee9232025" />
      <TestMethod codeBase="/home/runner/work/Communication/Communication/ManagedCode.Communication.Tests/bin/Release/net9.0/ManagedCode.Communication.Tests.dll" adapterTypeName="executor://xunit/VsTestRunner3/netcore/" className="ManagedCode.Communication.Tests.Results.CollectionResultInvalidMethodsTests" name="CollectionResult_Invalid_ComparedToFailValidation_ShouldBeEquivalent" />
    </UnitTest>
    <UnitTest name="ManagedCode.Communication.Tests.Results.ResultStaticHelperMethodsTests.Result_FailNotFoundT_NoParameters_ShouldCreateNotFoundResultT" storage="/home/runner/work/communication/communication/managedcode.communication.tests/bin/release/net9.0/managedcode.communication.tests.dll" id="ec0ff6f3-40a0-61a0-1c02-ffe1c9cd8709">
      <Execution id="8c530645-19ae-499c-bf76-7505ac3acf05" />
      <TestMethod codeBase="/home/runner/work/Communication/Communication/ManagedCode.Communication.Tests/bin/Release/net9.0/ManagedCode.Communication.Tests.dll" adapterTypeName="executor://xunit/VsTestRunner3/netcore/" className="ManagedCode.Communication.Tests.Results.ResultStaticHelperMethodsTests" name="Result_FailNotFoundT_NoParameters_ShouldCreateNotFoundResultT" />
    </UnitTest>
    <UnitTest name="ManagedCode.Communication.Tests.Extensions.ResultConversionExtensionsTests.AsResult_WithArgumentException_CreatesFailedResultWithCorrectProblem" storage="/home/runner/work/communication/communication/managedcode.communication.tests/bin/release/net9.0/managedcode.communication.tests.dll" id="ad1859a2-9b1d-fff4-e010-4df6fe4ee045">
      <Execution id="4584f667-47bd-4cd8-ab10-1c387b5e751e" />
      <TestMethod codeBase="/home/runner/work/Communication/Communication/ManagedCode.Communication.Tests/bin/Release/net9.0/ManagedCode.Communication.Tests.dll" adapterTypeName="executor://xunit/VsTestRunner3/netcore/" className="ManagedCode.Communication.Tests.Extensions.ResultConversionExtensionsTests" name="AsResult_WithArgumentException_CreatesFailedResultWithCorrectProblem" />
    </UnitTest>
    <UnitTest name="ManagedCode.Communication.Tests.Results.ProblemExceptionTests.Message_WithErrorCode_ShouldIncludeErrorCodeInBrackets" storage="/home/runner/work/communication/communication/managedcode.communication.tests/bin/release/net9.0/managedcode.communication.tests.dll" id="a7a7bc99-5c81-4aae-8f5d-ed7089b3d4a6">
      <Execution id="1b41cd6a-c712-48b7-a030-68cd4086f90e" />
      <TestMethod codeBase="/home/runner/work/Communication/Communication/ManagedCode.Communication.Tests/bin/Release/net9.0/ManagedCode.Communication.Tests.dll" adapterTypeName="executor://xunit/VsTestRunner3/netcore/" className="ManagedCode.Communication.Tests.Results.ProblemExceptionTests" name="Message_WithErrorCode_ShouldIncludeErrorCodeInBrackets" />
    </UnitTest>
    <UnitTest name="ManagedCode.Communication.Tests.Results.ResultTFailMethodsTests.ResultT_Fail_WithTitleAndDetail_ShouldCreateFailedResultWithDefaultStatus" storage="/home/runner/work/communication/communication/managedcode.communication.tests/bin/release/net9.0/managedcode.communication.tests.dll" id="5db74618-4490-82d8-607c-508cd5058260">
      <Execution id="dda0c169-0e03-4027-8795-dc5f42eea736" />
      <TestMethod codeBase="/home/runner/work/Communication/Communication/ManagedCode.Communication.Tests/bin/Release/net9.0/ManagedCode.Communication.Tests.dll" adapterTypeName="executor://xunit/VsTestRunner3/netcore/" className="ManagedCode.Communication.Tests.Results.ResultTFailMethodsTests" name="ResultT_Fail_WithTitleAndDetail_ShouldCreateFailedResultWithDefaultStatus" />
    </UnitTest>
    <UnitTest name="ManagedCode.Communication.Tests.Extensions.HttpResponseExtensionTests.FromRequestToResult_VariousErrorCodes_ReturnsFailedResult(statusCode: BadGateway)" storage="/home/runner/work/communication/communication/managedcode.communication.tests/bin/release/net9.0/managedcode.communication.tests.dll" id="9f2f9acf-342d-ecbf-b67b-31f17d6aa429">
      <Execution id="7d63c2e9-6452-4445-9cb9-6010d0169b78" />
      <TestMethod codeBase="/home/runner/work/Communication/Communication/ManagedCode.Communication.Tests/bin/Release/net9.0/ManagedCode.Communication.Tests.dll" adapterTypeName="executor://xunit/VsTestRunner3/netcore/" className="ManagedCode.Communication.Tests.Extensions.HttpResponseExtensionTests" name="FromRequestToResult_VariousErrorCodes_ReturnsFailedResult" />
    </UnitTest>
    <UnitTest name="ManagedCode.Communication.Tests.Serialization.ProblemJsonConverterTests.Serialize_DifferentTypeValues_HandlesCorrectly(inputType: &quot;&quot;, expectedType: &quot;&quot;)" storage="/home/runner/work/communication/communication/managedcode.communication.tests/bin/release/net9.0/managedcode.communication.tests.dll" id="b628997a-57d1-098a-32a2-a9f49a796717">
      <Execution id="f96c1e2a-33a9-4f17-918a-620ecfdfcdb8" />
      <TestMethod codeBase="/home/runner/work/Communication/Communication/ManagedCode.Communication.Tests/bin/Release/net9.0/ManagedCode.Communication.Tests.dll" adapterTypeName="executor://xunit/VsTestRunner3/netcore/" className="ManagedCode.Communication.Tests.Serialization.ProblemJsonConverterTests" name="Serialize_DifferentTypeValues_HandlesCorrectly" />
    </UnitTest>
    <UnitTest name="ManagedCode.Communication.Tests.Results.ProblemTests.WithExtensions_ShouldOverwriteExistingExtensions" storage="/home/runner/work/communication/communication/managedcode.communication.tests/bin/release/net9.0/managedcode.communication.tests.dll" id="8eb35749-f865-2bf9-dc8d-fbacac303a24">
      <Execution id="823df9d2-359b-46bd-b7f1-c9c16bc9eb2a" />
      <TestMethod codeBase="/home/runner/work/Communication/Communication/ManagedCode.Communication.Tests/bin/Release/net9.0/ManagedCode.Communication.Tests.dll" adapterTypeName="executor://xunit/VsTestRunner3/netcore/" className="ManagedCode.Communication.Tests.Results.ProblemTests" name="WithExtensions_ShouldOverwriteExistingExtensions" />
    </UnitTest>
    <UnitTest name="ManagedCode.Communication.Tests.Results.ProblemToExceptionTests.ToException_FromProblemCreatedFromNullReferenceException_ShouldReconstructOriginalExceptionType" storage="/home/runner/work/communication/communication/managedcode.communication.tests/bin/release/net9.0/managedcode.communication.tests.dll" id="8309389d-9c6a-c3cd-d6dd-b15a89fb2045">
      <Execution id="2a5e8c2c-fb8d-4725-a2e4-44ef771b66d9" />
      <TestMethod codeBase="/home/runner/work/Communication/Communication/ManagedCode.Communication.Tests/bin/Release/net9.0/ManagedCode.Communication.Tests.dll" adapterTypeName="executor://xunit/VsTestRunner3/netcore/" className="ManagedCode.Communication.Tests.Results.ProblemToExceptionTests" name="ToException_FromProblemCreatedFromNullReferenceException_ShouldReconstructOriginalExceptionType" />
    </UnitTest>
    <UnitTest name="ManagedCode.Communication.Tests.CollectionResults.CollectionResultFailMethodsTests.Fail_WithVariousStatusCodes_ShouldSetCorrectStatusCode(statusCode: NotFound, expectedCode: 404)" storage="/home/runner/work/communication/communication/managedcode.communication.tests/bin/release/net9.0/managedcode.communication.tests.dll" id="37832d2b-c8b9-799c-6d67-0c7addb766d8">
      <Execution id="ca32cd83-adb2-40e0-a410-9489ac526a42" />
      <TestMethod codeBase="/home/runner/work/Communication/Communication/ManagedCode.Communication.Tests/bin/Release/net9.0/ManagedCode.Communication.Tests.dll" adapterTypeName="executor://xunit/VsTestRunner3/netcore/" className="ManagedCode.Communication.Tests.CollectionResults.CollectionResultFailMethodsTests" name="Fail_WithVariousStatusCodes_ShouldSetCorrectStatusCode" />
    </UnitTest>
    <UnitTest name="ManagedCode.Communication.Tests.ProblemTests.ProblemCreateMethodsTests.Problem_GetValidationErrors_WithInvalidType_ShouldReturnNull" storage="/home/runner/work/communication/communication/managedcode.communication.tests/bin/release/net9.0/managedcode.communication.tests.dll" id="10cd1f41-76ea-32a5-7fd7-44bf58e85a64">
      <Execution id="8ea36f24-fa5d-4038-a031-3d0a8b7c5bd7" />
      <TestMethod codeBase="/home/runner/work/Communication/Communication/ManagedCode.Communication.Tests/bin/Release/net9.0/ManagedCode.Communication.Tests.dll" adapterTypeName="executor://xunit/VsTestRunner3/netcore/" className="ManagedCode.Communication.Tests.ProblemTests.ProblemCreateMethodsTests" name="Problem_GetValidationErrors_WithInvalidType_ShouldReturnNull" />
    </UnitTest>
    <UnitTest name="ManagedCode.Communication.Tests.Orleans.Serialization.CollectionResultSerializationTests.CollectionResult_LargePagination_ShouldSerializeCorrectly" storage="/home/runner/work/communication/communication/managedcode.communication.tests/bin/release/net9.0/managedcode.communication.tests.dll" id="08729d0d-aac1-00cc-61c8-d3a43baa982c">
      <Execution id="b12b0be8-fefd-4094-b617-bee146327f6f" />
      <TestMethod codeBase="/home/runner/work/Communication/Communication/ManagedCode.Communication.Tests/bin/Release/net9.0/ManagedCode.Communication.Tests.dll" adapterTypeName="executor://xunit/VsTestRunner3/netcore/" className="ManagedCode.Communication.Tests.Orleans.Serialization.CollectionResultSerializationTests" name="CollectionResult_LargePagination_ShouldSerializeCorrectly" />
    </UnitTest>
    <UnitTest name="ManagedCode.Communication.Tests.Orleans.Serialization.CommandSerializationTests.CommandMetadata_WithAllFields_ShouldSerializeCorrectly" storage="/home/runner/work/communication/communication/managedcode.communication.tests/bin/release/net9.0/managedcode.communication.tests.dll" id="cc5f0fa5-2624-4aa6-2ceb-955549536dc3">
      <Execution id="0da03ee1-c901-4ea2-9ca5-663ad8768983" />
      <TestMethod codeBase="/home/runner/work/Communication/Communication/ManagedCode.Communication.Tests/bin/Release/net9.0/ManagedCode.Communication.Tests.dll" adapterTypeName="executor://xunit/VsTestRunner3/netcore/" className="ManagedCode.Communication.Tests.Orleans.Serialization.CommandSerializationTests" name="CommandMetadata_WithAllFields_ShouldSerializeCorrectly" />
    </UnitTest>
    <UnitTest name="ManagedCode.Communication.Tests.ControllerTests.MiddlewareTests.ValidationExceptionSginalR" storage="/home/runner/work/communication/communication/managedcode.communication.tests/bin/release/net9.0/managedcode.communication.tests.dll" id="db72ec5a-0a30-2e0e-8572-ca8eef70615c">
      <Execution id="9601fbe5-1756-4be2-857a-86fc8902897d" />
      <TestMethod codeBase="/home/runner/work/Communication/Communication/ManagedCode.Communication.Tests/bin/Release/net9.0/ManagedCode.Communication.Tests.dll" adapterTypeName="executor://xunit/VsTestRunner3/netcore/" className="ManagedCode.Communication.Tests.ControllerTests.MiddlewareTests" name="ValidationExceptionSginalR" />
    </UnitTest>
    <UnitTest name="ManagedCode.Communication.Tests.Results.CollectionResultInvalidMethodsTests.CollectionResult_Invalid_WithMessage_ShouldCreateValidationResultWithMessage" storage="/home/runner/work/communication/communication/managedcode.communication.tests/bin/release/net9.0/managedcode.communication.tests.dll" id="bbc19fbb-4fd9-f2cb-1f28-6829bede514a">
      <Execution id="433da92d-5ae2-435c-b874-1dab4f28c1f9" />
      <TestMethod codeBase="/home/runner/work/Communication/Communication/ManagedCode.Communication.Tests/bin/Release/net9.0/ManagedCode.Communication.Tests.dll" adapterTypeName="executor://xunit/VsTestRunner3/netcore/" className="ManagedCode.Communication.Tests.Results.CollectionResultInvalidMethodsTests" name="CollectionResult_Invalid_WithMessage_ShouldCreateValidationResultWithMessage" />
    </UnitTest>
    <UnitTest name="ManagedCode.Communication.Tests.Extensions.RailwayExtensionsTests.Map_FailedResult_DoesNotTransform" storage="/home/runner/work/communication/communication/managedcode.communication.tests/bin/release/net9.0/managedcode.communication.tests.dll" id="4ba07ff2-86ed-f85e-fabc-04e7d2882c05">
      <Execution id="638e8e9f-8bac-4c24-bdc7-c530daa262f7" />
      <TestMethod codeBase="/home/runner/work/Communication/Communication/ManagedCode.Communication.Tests/bin/Release/net9.0/ManagedCode.Communication.Tests.dll" adapterTypeName="executor://xunit/VsTestRunner3/netcore/" className="ManagedCode.Communication.Tests.Extensions.RailwayExtensionsTests" name="Map_FailedResult_DoesNotTransform" />
    </UnitTest>
    <UnitTest name="ManagedCode.Communication.Tests.Orleans.Serialization.ProblemSerializationTests.Problem_WithErrorCode_ShouldSerializeCorrectly" storage="/home/runner/work/communication/communication/managedcode.communication.tests/bin/release/net9.0/managedcode.communication.tests.dll" id="5b87a404-d9e1-52c6-716c-3d6bfb3c059a">
      <Execution id="af39b89a-b6f8-461a-ac04-bbd18b31db3c" />
      <TestMethod codeBase="/home/runner/work/Communication/Communication/ManagedCode.Communication.Tests/bin/Release/net9.0/ManagedCode.Communication.Tests.dll" adapterTypeName="executor://xunit/VsTestRunner3/netcore/" className="ManagedCode.Communication.Tests.Orleans.Serialization.ProblemSerializationTests" name="Problem_WithErrorCode_ShouldSerializeCorrectly" />
    </UnitTest>
    <UnitTest name="ManagedCode.Communication.Tests.CollectionResults.CollectionResultFailMethodsTests.FailValidation_WithSingleError_ShouldCreateValidationFailedResult" storage="/home/runner/work/communication/communication/managedcode.communication.tests/bin/release/net9.0/managedcode.communication.tests.dll" id="29839775-d400-0a7a-0eaf-63aa5f9e74a9">
      <Execution id="13f7e415-0204-4662-93d9-a1b8bf74924c" />
      <TestMethod codeBase="/home/runner/work/Communication/Communication/ManagedCode.Communication.Tests/bin/Release/net9.0/ManagedCode.Communication.Tests.dll" adapterTypeName="executor://xunit/VsTestRunner3/netcore/" className="ManagedCode.Communication.Tests.CollectionResults.CollectionResultFailMethodsTests" name="FailValidation_WithSingleError_ShouldCreateValidationFailedResult" />
    </UnitTest>
    <UnitTest name="ManagedCode.Communication.Tests.CollectionResults.CollectionResultFailMethodsTests.Fail_WithVeryLongStrings_ShouldHandleCorrectly" storage="/home/runner/work/communication/communication/managedcode.communication.tests/bin/release/net9.0/managedcode.communication.tests.dll" id="45cd799b-b041-7972-1933-31bb68393544">
      <Execution id="d6d90d9b-0116-4a2c-a0e6-5b398d9b4544" />
      <TestMethod codeBase="/home/runner/work/Communication/Communication/ManagedCode.Communication.Tests/bin/Release/net9.0/ManagedCode.Communication.Tests.dll" adapterTypeName="executor://xunit/VsTestRunner3/netcore/" className="ManagedCode.Communication.Tests.CollectionResults.CollectionResultFailMethodsTests" name="Fail_WithVeryLongStrings_ShouldHandleCorrectly" />
    </UnitTest>
    <UnitTest name="ManagedCode.Communication.Tests.Results.RailwayOrientedProgrammingTests.Tap_ShouldExecuteSideEffectWithoutChangingResult" storage="/home/runner/work/communication/communication/managedcode.communication.tests/bin/release/net9.0/managedcode.communication.tests.dll" id="a9d44699-d2e2-8f94-e099-ceb0e0e2f5b7">
      <Execution id="4059b94b-0d47-4e27-b227-5c6c946d0721" />
      <TestMethod codeBase="/home/runner/work/Communication/Communication/ManagedCode.Communication.Tests/bin/Release/net9.0/ManagedCode.Communication.Tests.dll" adapterTypeName="executor://xunit/VsTestRunner3/netcore/" className="ManagedCode.Communication.Tests.Results.RailwayOrientedProgrammingTests" name="Tap_ShouldExecuteSideEffectWithoutChangingResult" />
    </UnitTest>
    <UnitTest name="ManagedCode.Communication.Tests.CollectionResults.CollectionResultFromMethodsTests.From_FuncThrowingException_ShouldCreateFailedResult" storage="/home/runner/work/communication/communication/managedcode.communication.tests/bin/release/net9.0/managedcode.communication.tests.dll" id="014c01cc-82ce-1338-64c6-0f60bdc5f380">
      <Execution id="0013edcd-e6e3-4dc5-af6c-05c7e4eaeba5" />
      <TestMethod codeBase="/home/runner/work/Communication/Communication/ManagedCode.Communication.Tests/bin/Release/net9.0/ManagedCode.Communication.Tests.dll" adapterTypeName="executor://xunit/VsTestRunner3/netcore/" className="ManagedCode.Communication.Tests.CollectionResults.CollectionResultFromMethodsTests" name="From_FuncThrowingException_ShouldCreateFailedResult" />
    </UnitTest>
    <UnitTest name="ManagedCode.Communication.Tests.Serialization.ProblemJsonConverterTests.Serialize_DifferentTypeValues_HandlesCorrectly(inputType: &quot;custom-type&quot;, expectedType: &quot;custom-type&quot;)" storage="/home/runner/work/communication/communication/managedcode.communication.tests/bin/release/net9.0/managedcode.communication.tests.dll" id="556708dc-3ea7-4044-1a0d-7548df8b4302">
      <Execution id="a757757f-22be-4029-93bc-6e9c02afefb5" />
      <TestMethod codeBase="/home/runner/work/Communication/Communication/ManagedCode.Communication.Tests/bin/Release/net9.0/ManagedCode.Communication.Tests.dll" adapterTypeName="executor://xunit/VsTestRunner3/netcore/" className="ManagedCode.Communication.Tests.Serialization.ProblemJsonConverterTests" name="Serialize_DifferentTypeValues_HandlesCorrectly" />
    </UnitTest>
    <UnitTest name="ManagedCode.Communication.Tests.AspNetCore.Extensions.ServiceCollectionExtensionsTests.Communication_Should_Reject_Invalid_Model" storage="/home/runner/work/communication/communication/managedcode.communication.tests/bin/release/net9.0/managedcode.communication.tests.dll" id="353ee2b3-8223-ee2f-da86-858af32e4ee1">
      <Execution id="5840b445-fbec-4d2d-994c-6138f16525b0" />
      <TestMethod codeBase="/home/runner/work/Communication/Communication/ManagedCode.Communication.Tests/bin/Release/net9.0/ManagedCode.Communication.Tests.dll" adapterTypeName="executor://xunit/VsTestRunner3/netcore/" className="ManagedCode.Communication.Tests.AspNetCore.Extensions.ServiceCollectionExtensionsTests" name="Communication_Should_Reject_Invalid_Model" />
    </UnitTest>
    <UnitTest name="ManagedCode.Communication.Tests.ProblemTests.ProblemCreateMethodsTests.Problem_Create_WithEnumAndVariousStatusCodes_ShouldSetCorrectType(statusCode: 404, enumValue: &quot;NotFound&quot;)" storage="/home/runner/work/communication/communication/managedcode.communication.tests/bin/release/net9.0/managedcode.communication.tests.dll" id="85fd8d0b-9fc0-1fbf-e3ac-fb7bd19ad960">
      <Execution id="d3190251-e1a8-44c4-825d-6865bfb898aa" />
      <TestMethod codeBase="/home/runner/work/Communication/Communication/ManagedCode.Communication.Tests/bin/Release/net9.0/ManagedCode.Communication.Tests.dll" adapterTypeName="executor://xunit/VsTestRunner3/netcore/" className="ManagedCode.Communication.Tests.ProblemTests.ProblemCreateMethodsTests" name="Problem_Create_WithEnumAndVariousStatusCodes_ShouldSetCorrectType" />
    </UnitTest>
    <UnitTest name="ManagedCode.Communication.Tests.Extensions.ResultConversionExtensionsTests.AsResult_ExceptionCanBeUsedInRailwayChain" storage="/home/runner/work/communication/communication/managedcode.communication.tests/bin/release/net9.0/managedcode.communication.tests.dll" id="a07351d2-1bc5-ccaf-4731-3787d4a2a4e5">
      <Execution id="384546cb-9c0a-4ffc-97e3-b339c9b54ba1" />
      <TestMethod codeBase="/home/runner/work/Communication/Communication/ManagedCode.Communication.Tests/bin/Release/net9.0/ManagedCode.Communication.Tests.dll" adapterTypeName="executor://xunit/VsTestRunner3/netcore/" className="ManagedCode.Communication.Tests.Extensions.ResultConversionExtensionsTests" name="AsResult_ExceptionCanBeUsedInRailwayChain" />
    </UnitTest>
    <UnitTest name="ManagedCode.Communication.Tests.Results.ResultFailMethodsTests.Result_Fail_WithVariousStatusCodes_ShouldSetCorrectStatusCode(statusCode: Forbidden, expectedCode: 403)" storage="/home/runner/work/communication/communication/managedcode.communication.tests/bin/release/net9.0/managedcode.communication.tests.dll" id="c9e24a1f-1d61-40a9-0dab-cb17f134e032">
      <Execution id="6f0eb322-0207-47ea-bc21-3e04f5802c12" />
      <TestMethod codeBase="/home/runner/work/Communication/Communication/ManagedCode.Communication.Tests/bin/Release/net9.0/ManagedCode.Communication.Tests.dll" adapterTypeName="executor://xunit/VsTestRunner3/netcore/" className="ManagedCode.Communication.Tests.Results.ResultFailMethodsTests" name="Result_Fail_WithVariousStatusCodes_ShouldSetCorrectStatusCode" />
    </UnitTest>
  </TestDefinitions>
  <TestEntries>
    <TestEntry testId="e57c6dc4-6a4c-181d-59f0-b2ffb8252047" executionId="8b14299a-ff7c-4435-a6fc-b7e9d279c1ab" testListId="8c84fa94-04c1-424b-9868-57a2d4851a1d" />
    <TestEntry testId="0f7e2ea7-7d90-6e7a-188c-ad60a1c650c6" executionId="675e475c-a03b-4edc-a173-933027598a65" testListId="8c84fa94-04c1-424b-9868-57a2d4851a1d" />
    <TestEntry testId="37832d2b-c8b9-799c-6d67-0c7addb766d8" executionId="ca32cd83-adb2-40e0-a410-9489ac526a42" testListId="8c84fa94-04c1-424b-9868-57a2d4851a1d" />
    <TestEntry testId="4396ccba-9d89-e148-82bd-72965c7a7035" executionId="10b9c022-160a-4513-81ea-b8be996529a5" testListId="8c84fa94-04c1-424b-9868-57a2d4851a1d" />
    <TestEntry testId="1801938a-5d0f-36fb-a9bb-fea7ab8914fe" executionId="5f933007-021d-4d0e-8d93-f3073b567989" testListId="8c84fa94-04c1-424b-9868-57a2d4851a1d" />
    <TestEntry testId="34988729-7075-661c-e9b3-1244d66c21c5" executionId="71ea41eb-31cd-4f03-8d36-63cf4ebe58ae" testListId="8c84fa94-04c1-424b-9868-57a2d4851a1d" />
    <TestEntry testId="b080e677-51aa-540a-58e8-a1686bb0bb64" executionId="4f8ff8b1-3b18-4170-b04f-d5e5543c2c4b" testListId="8c84fa94-04c1-424b-9868-57a2d4851a1d" />
    <TestEntry testId="a7a7bc99-5c81-4aae-8f5d-ed7089b3d4a6" executionId="1b41cd6a-c712-48b7-a030-68cd4086f90e" testListId="8c84fa94-04c1-424b-9868-57a2d4851a1d" />
    <TestEntry testId="d31f1619-d27f-d07c-9813-9d9c2f563878" executionId="0541545a-b105-4065-9e01-7ec603e99e09" testListId="8c84fa94-04c1-424b-9868-57a2d4851a1d" />
    <TestEntry testId="898c9cc8-bb35-e599-7c7d-53a4b1099340" executionId="826854d8-f5c6-4d36-a838-133c844d7ef3" testListId="8c84fa94-04c1-424b-9868-57a2d4851a1d" />
    <TestEntry testId="84c6800a-f289-1899-3a73-99d4070467cb" executionId="6de5602e-dbfe-418e-be36-44e4ead89988" testListId="8c84fa94-04c1-424b-9868-57a2d4851a1d" />
    <TestEntry testId="5d1cd7f9-34f0-feb0-45b5-6480e604717e" executionId="ad6515ea-2172-40b9-8c08-04c2eaed195c" testListId="8c84fa94-04c1-424b-9868-57a2d4851a1d" />
    <TestEntry testId="5a48316b-ec69-9349-5cec-20c5ea85e97a" executionId="fe307e24-3787-44fc-b58e-b15775d72363" testListId="8c84fa94-04c1-424b-9868-57a2d4851a1d" />
    <TestEntry testId="d9c85683-d077-e39f-97ea-e7effcd11b0d" executionId="61d196bd-9ecc-4fb6-b955-5596c9ba503d" testListId="8c84fa94-04c1-424b-9868-57a2d4851a1d" />
    <TestEntry testId="75533a59-7aee-ba55-d67e-cbe9946ac332" executionId="48b50161-7ae8-49fd-8feb-c6455117cd97" testListId="8c84fa94-04c1-424b-9868-57a2d4851a1d" />
    <TestEntry testId="58ae3268-0514-bfd0-e929-cd5bbcd15459" executionId="a9b0236a-5755-4a45-bea3-e944be52b822" testListId="8c84fa94-04c1-424b-9868-57a2d4851a1d" />
    <TestEntry testId="b974d079-f8c7-696e-01c3-ee20cd989857" executionId="fe857779-cc09-4565-8583-9c746b1c9c3e" testListId="8c84fa94-04c1-424b-9868-57a2d4851a1d" />
    <TestEntry testId="16de12fb-db88-1b2b-4771-6a26db8c7eef" executionId="d947c102-1a1a-4845-bb93-c45cdb0ef257" testListId="8c84fa94-04c1-424b-9868-57a2d4851a1d" />
    <TestEntry testId="2eb8f298-9b5e-9d71-3c50-8115dbbb5361" executionId="85eb1ff2-07d3-4e1e-91f4-1d2ab7127b87" testListId="8c84fa94-04c1-424b-9868-57a2d4851a1d" />
    <TestEntry testId="a979666d-6188-9f7d-4a5c-a7572f2afca6" executionId="d1e25b30-3aa5-4320-8457-8f3ed3e301ca" testListId="8c84fa94-04c1-424b-9868-57a2d4851a1d" />
    <TestEntry testId="8be0565a-807a-652b-b30e-db28277dd087" executionId="f0f5a585-784d-4216-a9a2-1cca6b00d34d" testListId="8c84fa94-04c1-424b-9868-57a2d4851a1d" />
    <TestEntry testId="2ef4b8d6-5cce-708a-31e5-cb9e269c0acc" executionId="ebc49963-91b3-4146-be5b-9ba9f298019a" testListId="8c84fa94-04c1-424b-9868-57a2d4851a1d" />
    <TestEntry testId="5afc63d3-e6c2-fa08-2064-5b3b85269a6c" executionId="18f2a132-2d1e-4905-8251-98d0abdd0eab" testListId="8c84fa94-04c1-424b-9868-57a2d4851a1d" />
    <TestEntry testId="5c8cc938-335e-a98a-d80a-ce2a4192fa26" executionId="b319e9f4-f304-4d22-bdd9-6936f25f3be4" testListId="8c84fa94-04c1-424b-9868-57a2d4851a1d" />
    <TestEntry testId="f2f678ee-a37b-8014-7202-81380186eb4d" executionId="d29b94f4-11db-4f8d-a6e7-5df913bddf89" testListId="8c84fa94-04c1-424b-9868-57a2d4851a1d" />
    <TestEntry testId="45dd8e8e-d47d-d57f-7363-d2adb3b51e04" executionId="173925f2-8332-45ef-b341-077e4846a66a" testListId="8c84fa94-04c1-424b-9868-57a2d4851a1d" />
    <TestEntry testId="2d7f5b65-4d8c-deba-d465-b2441aaaa785" executionId="4c9e2d22-10a7-4da1-81cd-5f73ec212675" testListId="8c84fa94-04c1-424b-9868-57a2d4851a1d" />
    <TestEntry testId="c7343c2c-78ed-5e3a-c3ed-259714840c06" executionId="be7a8da3-264f-4877-ab4b-70580490b572" testListId="8c84fa94-04c1-424b-9868-57a2d4851a1d" />
    <TestEntry testId="54738bb4-b334-dcd1-6ce6-da8fdb23ce1a" executionId="8619e4e4-7794-4987-8ef7-2d11b147e207" testListId="8c84fa94-04c1-424b-9868-57a2d4851a1d" />
    <TestEntry testId="db4a1ba0-50c4-f6cd-52e6-befecc6109d1" executionId="1bdb1720-8f1e-4216-bc91-cefe9aa17fc1" testListId="8c84fa94-04c1-424b-9868-57a2d4851a1d" />
    <TestEntry testId="7b410867-8a35-21b9-5a79-1e606c5e1d67" executionId="2d86288c-0ddc-455a-919b-6c8b35ba62a7" testListId="8c84fa94-04c1-424b-9868-57a2d4851a1d" />
    <TestEntry testId="7ec712aa-0f40-61e7-c73d-a19584ac1f5b" executionId="10df1f37-6f47-40d3-9ca7-76f6b469e931" testListId="8c84fa94-04c1-424b-9868-57a2d4851a1d" />
    <TestEntry testId="7808886e-5ad2-29ba-1f74-f44897640f75" executionId="3e299bc6-ec81-40e3-95e2-e6b64f968f1c" testListId="8c84fa94-04c1-424b-9868-57a2d4851a1d" />
    <TestEntry testId="353ee2b3-8223-ee2f-da86-858af32e4ee1" executionId="5840b445-fbec-4d2d-994c-6138f16525b0" testListId="8c84fa94-04c1-424b-9868-57a2d4851a1d" />
    <TestEntry testId="02d5ff30-44c9-145b-fe61-3027824575fb" executionId="1ccbed4e-f86b-4522-8737-2debbc7ba3cf" testListId="8c84fa94-04c1-424b-9868-57a2d4851a1d" />
    <TestEntry testId="bc0f94a4-fa61-220d-0abf-7116eecf9e5e" executionId="0aa8e50b-9b54-4e98-8740-1c05dcc6a4f4" testListId="8c84fa94-04c1-424b-9868-57a2d4851a1d" />
    <TestEntry testId="64fe7f30-f5e7-1996-7e8e-17085fa9413f" executionId="dbb27904-8149-4564-851c-847e80d6f1b8" testListId="8c84fa94-04c1-424b-9868-57a2d4851a1d" />
    <TestEntry testId="77cea8c3-be26-09fd-7933-7cd7b881eba7" executionId="ca74d3a8-c8b7-4e39-ba84-0e6e86b735d2" testListId="8c84fa94-04c1-424b-9868-57a2d4851a1d" />
    <TestEntry testId="12ea67ca-37c0-f0fd-c942-d620dd5f1649" executionId="bb35864b-54a0-4de8-89d1-97a70eed9ddf" testListId="8c84fa94-04c1-424b-9868-57a2d4851a1d" />
    <TestEntry testId="4d4fb53f-3023-b9b5-ddae-ca5ff94e1e21" executionId="b670dc3c-d085-44b1-ad43-82ec0b8256f1" testListId="8c84fa94-04c1-424b-9868-57a2d4851a1d" />
    <TestEntry testId="f98516d9-cd8e-bb0e-7f2e-fb9a3743aba5" executionId="d829c27f-ed3a-4c24-a077-8c413d880543" testListId="8c84fa94-04c1-424b-9868-57a2d4851a1d" />
    <TestEntry testId="99ad070e-072d-3189-a75d-1aa7c7eeb04e" executionId="ea215132-5c79-435e-b190-8d687fca41e1" testListId="8c84fa94-04c1-424b-9868-57a2d4851a1d" />
    <TestEntry testId="884780c4-efd7-4539-be97-7bddf6f0d325" executionId="47192417-79b9-4e54-9328-0f1e924e3240" testListId="8c84fa94-04c1-424b-9868-57a2d4851a1d" />
    <TestEntry testId="dd44fca1-dd49-b0b2-8a87-a1e6c53fc967" executionId="8ddff3ec-56d2-4fc2-bd8d-c86f8f98b61e" testListId="8c84fa94-04c1-424b-9868-57a2d4851a1d" />
    <TestEntry testId="20a5b366-61d2-1b17-1341-93fed7be4651" executionId="580ec3c6-d0ad-4538-8db8-dd7717c1d546" testListId="8c84fa94-04c1-424b-9868-57a2d4851a1d" />
    <TestEntry testId="b105cb98-11fd-dbe0-9cb5-6ee18e7fdb31" executionId="eee1a7d9-12a4-4888-b48f-353ba3874b65" testListId="8c84fa94-04c1-424b-9868-57a2d4851a1d" />
    <TestEntry testId="0fe4f40f-241c-ae23-d168-04e5e87dcc9b" executionId="0a483b99-55bd-47e6-beb3-39a60cde705b" testListId="8c84fa94-04c1-424b-9868-57a2d4851a1d" />
    <TestEntry testId="b628997a-57d1-098a-32a2-a9f49a796717" executionId="f96c1e2a-33a9-4f17-918a-620ecfdfcdb8" testListId="8c84fa94-04c1-424b-9868-57a2d4851a1d" />
    <TestEntry testId="014c01cc-82ce-1338-64c6-0f60bdc5f380" executionId="0013edcd-e6e3-4dc5-af6c-05c7e4eaeba5" testListId="8c84fa94-04c1-424b-9868-57a2d4851a1d" />
    <TestEntry testId="0c081f03-f141-0619-9968-29fcf1784e6e" executionId="aa0787da-56ad-48da-adae-84768afa43f1" testListId="8c84fa94-04c1-424b-9868-57a2d4851a1d" />
    <TestEntry testId="c1925661-95a2-08f0-c829-c8d0641fbb32" executionId="553cb8b1-f866-43bb-8f2d-6d497ca64d50" testListId="8c84fa94-04c1-424b-9868-57a2d4851a1d" />
    <TestEntry testId="f1930371-f29c-139f-41a8-607d158f22b6" executionId="a58db18a-646b-4c2d-8ed3-136ac2a69749" testListId="8c84fa94-04c1-424b-9868-57a2d4851a1d" />
    <TestEntry testId="93cfea10-487c-2fd1-30d8-938278bfacad" executionId="2e32c748-1a27-4b49-8155-bae4cebbfe27" testListId="8c84fa94-04c1-424b-9868-57a2d4851a1d" />
    <TestEntry testId="8309389d-9c6a-c3cd-d6dd-b15a89fb2045" executionId="2a5e8c2c-fb8d-4725-a2e4-44ef771b66d9" testListId="8c84fa94-04c1-424b-9868-57a2d4851a1d" />
    <TestEntry testId="db72ec5a-0a30-2e0e-8572-ca8eef70615c" executionId="9601fbe5-1756-4be2-857a-86fc8902897d" testListId="8c84fa94-04c1-424b-9868-57a2d4851a1d" />
    <TestEntry testId="52834aef-4100-31c8-7821-69756a7a275b" executionId="f67a839d-8383-426d-b8c8-97b5b01a9fc3" testListId="8c84fa94-04c1-424b-9868-57a2d4851a1d" />
    <TestEntry testId="aaf3638f-1207-9f2b-6354-805a113323d4" executionId="520baf9d-4673-4697-9858-664197764708" testListId="8c84fa94-04c1-424b-9868-57a2d4851a1d" />
    <TestEntry testId="8c3fdcf7-4fc6-4fdc-74eb-b85a360cd133" executionId="364dd0fc-c5e5-4342-8236-a52bba2fd8c8" testListId="8c84fa94-04c1-424b-9868-57a2d4851a1d" />
    <TestEntry testId="f6e5cff2-2693-3b1e-77a2-42903b6a4613" executionId="11380d0b-8369-4912-85af-6308e0eb4c79" testListId="8c84fa94-04c1-424b-9868-57a2d4851a1d" />
    <TestEntry testId="a93a1323-b9ff-8712-08d2-3c1f4cc58bb3" executionId="d912f488-bb59-4c10-b3a4-1df5c32c22cf" testListId="8c84fa94-04c1-424b-9868-57a2d4851a1d" />
    <TestEntry testId="db5cf356-60bc-24eb-7ebd-eedff3a8292a" executionId="20d9ca6e-7b42-496f-be6d-835b1396b7aa" testListId="8c84fa94-04c1-424b-9868-57a2d4851a1d" />
    <TestEntry testId="613d2d59-716c-8fa1-c98d-0c358ba9cdd1" executionId="82045e9a-9d0e-4714-8119-7078bb9c6497" testListId="8c84fa94-04c1-424b-9868-57a2d4851a1d" />
    <TestEntry testId="64430dc0-d0ec-3630-f4dc-3035b3446fe0" executionId="fba754f5-fb48-4b33-94ad-d8590e4f0b5e" testListId="8c84fa94-04c1-424b-9868-57a2d4851a1d" />
    <TestEntry testId="47c73d27-daf8-07a6-9992-33ab057f0562" executionId="f06ad234-51f6-4c91-8492-6fb52288a218" testListId="8c84fa94-04c1-424b-9868-57a2d4851a1d" />
    <TestEntry testId="1a7b4271-e223-c8c6-e4e2-6edd35950571" executionId="ef315cc0-78a2-4d7d-a4de-f851f6be2f78" testListId="8c84fa94-04c1-424b-9868-57a2d4851a1d" />
    <TestEntry testId="0c334b17-b7c2-e42e-9924-9baf1b0e8e96" executionId="2731fbad-197d-45d4-ae03-7aef70ac6b28" testListId="8c84fa94-04c1-424b-9868-57a2d4851a1d" />
    <TestEntry testId="09a23f90-ebf0-0444-a58c-9c7e3ea1e9e8" executionId="7c506139-f100-4919-b19e-266a6a5e4a52" testListId="8c84fa94-04c1-424b-9868-57a2d4851a1d" />
    <TestEntry testId="940e757e-482b-7683-9fbd-545c899eab41" executionId="c051d9fc-414a-47f1-a3df-fdd9d6dcc63c" testListId="8c84fa94-04c1-424b-9868-57a2d4851a1d" />
    <TestEntry testId="3a32c1dc-077f-4321-e968-780050a8a9d7" executionId="169d55d5-610a-4ad3-842e-4991fe89245c" testListId="8c84fa94-04c1-424b-9868-57a2d4851a1d" />
    <TestEntry testId="e201321c-6364-817c-50cc-555021426f7e" executionId="ab1f4515-a8ab-4cb2-b78a-4fc29b491027" testListId="8c84fa94-04c1-424b-9868-57a2d4851a1d" />
    <TestEntry testId="b6091ae6-e1ab-9599-acb3-418abc778fef" executionId="875593cc-0f27-44d3-b0f3-ad8ba80af138" testListId="8c84fa94-04c1-424b-9868-57a2d4851a1d" />
    <TestEntry testId="d63e28b0-0e78-d9d5-3c31-ecad325cd7f3" executionId="c69e5772-3b8e-4f6b-8948-3d2767880a08" testListId="8c84fa94-04c1-424b-9868-57a2d4851a1d" />
    <TestEntry testId="e6978d63-8432-1fb5-de7e-ad5cae526227" executionId="f1df0eae-9846-4249-b45e-dbbbe3623117" testListId="8c84fa94-04c1-424b-9868-57a2d4851a1d" />
    <TestEntry testId="49adad49-3c64-2145-0e11-a2cf215140e6" executionId="75a514d2-c49b-45c5-807f-2faa3b304b3c" testListId="8c84fa94-04c1-424b-9868-57a2d4851a1d" />
    <TestEntry testId="6873ac76-f3ab-c022-d36a-a314064542de" executionId="976c15cf-4d1e-45e5-ad31-11ce522c7fa3" testListId="8c84fa94-04c1-424b-9868-57a2d4851a1d" />
    <TestEntry testId="63002f6f-0517-2c24-717b-d2c1e2e53077" executionId="431cb148-d431-4d3a-a18a-cd67802fb30c" testListId="8c84fa94-04c1-424b-9868-57a2d4851a1d" />
    <TestEntry testId="924855e1-9194-3b57-9cd1-1c25809360b6" executionId="7f9b5bb5-4443-43fa-8d2e-e1a49000f156" testListId="8c84fa94-04c1-424b-9868-57a2d4851a1d" />
    <TestEntry testId="4d4f77cf-2c12-609f-bf50-7abe8c10f4d6" executionId="237a4070-6a15-4b34-8372-1cb5b08aacf2" testListId="8c84fa94-04c1-424b-9868-57a2d4851a1d" />
    <TestEntry testId="e9cb769c-b635-ee8b-10f7-3c2bfac37d63" executionId="fa5a9a84-da71-460b-8195-83509d21f304" testListId="8c84fa94-04c1-424b-9868-57a2d4851a1d" />
    <TestEntry testId="249be2e9-9496-34f0-9c66-c56ec297a787" executionId="68461b1f-64a5-45c0-9247-785161f10135" testListId="8c84fa94-04c1-424b-9868-57a2d4851a1d" />
    <TestEntry testId="c4bb9e96-a082-cea5-07e4-48489c91d51c" executionId="97a19d4f-64e9-47aa-9599-bb1e108bcb46" testListId="8c84fa94-04c1-424b-9868-57a2d4851a1d" />
    <TestEntry testId="f83ad32d-dc7d-a157-ddfe-e571c1f7ccdc" executionId="3cf4a0ee-8ac6-485c-b0a1-01c83d1c68fc" testListId="8c84fa94-04c1-424b-9868-57a2d4851a1d" />
    <TestEntry testId="e1f1b1be-faf7-e984-f9a4-c2a361ef2de8" executionId="bda0f280-efa8-4683-a6b8-29e02cf47a46" testListId="8c84fa94-04c1-424b-9868-57a2d4851a1d" />
    <TestEntry testId="3422f96e-0a13-0cac-95ea-d6afecbcd569" executionId="ffd7e9e2-7430-4559-b68a-5d9b0424843a" testListId="8c84fa94-04c1-424b-9868-57a2d4851a1d" />
    <TestEntry testId="f91416c8-1703-e7ea-8c9a-a92b7bb1d688" executionId="dd2608e1-9a8c-4423-9866-7e035f91cefd" testListId="8c84fa94-04c1-424b-9868-57a2d4851a1d" />
    <TestEntry testId="ed93864c-524d-6b65-67c9-c210db0904d0" executionId="0e11e185-92a0-4393-8dab-961ff6d6e988" testListId="8c84fa94-04c1-424b-9868-57a2d4851a1d" />
    <TestEntry testId="b705e379-67f8-359d-1a7d-742fcea32d3b" executionId="dc6e9143-5e97-4653-9e0f-3f34e9cb3af9" testListId="8c84fa94-04c1-424b-9868-57a2d4851a1d" />
    <TestEntry testId="09e23c6d-513f-3f21-c4c1-44bb3aa0bfe8" executionId="abcee6f7-d11b-4eea-a382-bbad17a571b6" testListId="8c84fa94-04c1-424b-9868-57a2d4851a1d" />
    <TestEntry testId="148b39b4-9949-c427-e52f-f445008acd77" executionId="7b4c62f3-6c8b-4fa4-ad34-dd79bc5a150a" testListId="8c84fa94-04c1-424b-9868-57a2d4851a1d" />
    <TestEntry testId="7e95e31b-5cbf-f4bc-6b58-5c4878828fa0" executionId="09f0db06-4759-4be2-b7f9-e9b5dbdea548" testListId="8c84fa94-04c1-424b-9868-57a2d4851a1d" />
    <TestEntry testId="aab534c1-e47f-1e10-690a-e9fe2fb9e517" executionId="3f4abaca-4eee-4b65-a9fb-64d5576be58f" testListId="8c84fa94-04c1-424b-9868-57a2d4851a1d" />
    <TestEntry testId="01c73ab9-aad9-cc26-178c-27e0b35f9583" executionId="c49bbb92-2e57-4dde-8756-22a4a83e51ec" testListId="8c84fa94-04c1-424b-9868-57a2d4851a1d" />
    <TestEntry testId="1285e3a0-be70-4f5b-8a49-53d83ee7816d" executionId="daf13e57-5c12-492f-b2f0-02255f404f93" testListId="8c84fa94-04c1-424b-9868-57a2d4851a1d" />
    <TestEntry testId="705ecbbc-4193-2770-884e-c1965e63c3ae" executionId="09f769e7-2623-4e82-9bcc-40dfee40ce7a" testListId="8c84fa94-04c1-424b-9868-57a2d4851a1d" />
    <TestEntry testId="fd226736-c1a4-0f7f-960f-3551ec9d470c" executionId="9b44b30b-9202-46f9-9c41-a26529a06b82" testListId="8c84fa94-04c1-424b-9868-57a2d4851a1d" />
    <TestEntry testId="1dab659d-bd89-ec57-ccec-04868b38f679" executionId="398337fb-1a66-4f71-9ae7-3515d34ad27e" testListId="8c84fa94-04c1-424b-9868-57a2d4851a1d" />
    <TestEntry testId="d764fc82-375a-445d-1d29-326347c358b4" executionId="e3451e3c-792b-43c7-bcef-6360c85437ce" testListId="8c84fa94-04c1-424b-9868-57a2d4851a1d" />
    <TestEntry testId="8f7ea0cb-e706-bc87-dc01-c9b8a5a8556e" executionId="a0820460-ce87-4400-ab8d-150018111945" testListId="8c84fa94-04c1-424b-9868-57a2d4851a1d" />
    <TestEntry testId="8ef731a7-df62-2078-454e-b3c5ab5a52f3" executionId="6171ca1e-8eca-45fc-9a53-79e5143b4252" testListId="8c84fa94-04c1-424b-9868-57a2d4851a1d" />
    <TestEntry testId="ba73bcf1-6486-473f-ebfb-50eecaf57a0c" executionId="97f623f5-bdd1-4e45-a6c4-de6a63ce0819" testListId="8c84fa94-04c1-424b-9868-57a2d4851a1d" />
    <TestEntry testId="1d4a9ecb-b166-605d-08b1-b1a2e2f4e86b" executionId="2003c49f-2bd3-49f7-82c5-4b5efdbac625" testListId="8c84fa94-04c1-424b-9868-57a2d4851a1d" />
    <TestEntry testId="9b27f918-c1f0-a33c-798d-abb63ee48b10" executionId="d61b81b4-ee72-4607-b26d-d66eb7fb0281" testListId="8c84fa94-04c1-424b-9868-57a2d4851a1d" />
    <TestEntry testId="5d60b22d-c612-47a3-e3f1-72a7b909f424" executionId="23cf087b-64b7-47ca-b397-dbb379187bc3" testListId="8c84fa94-04c1-424b-9868-57a2d4851a1d" />
    <TestEntry testId="8849bd85-5b3b-67b2-7599-9a1cb03570c4" executionId="14517192-932c-4d7a-90db-ae29f755f2cc" testListId="8c84fa94-04c1-424b-9868-57a2d4851a1d" />
    <TestEntry testId="a9049ec7-47e6-1452-0cab-fffe5164f084" executionId="dd6cd051-b005-4e6f-a7e7-6fbad7ee0282" testListId="8c84fa94-04c1-424b-9868-57a2d4851a1d" />
    <TestEntry testId="51b443bb-f015-cdb0-7b07-a9cab8e0e8a8" executionId="acab89ba-0ea6-45bc-88d5-61d99e4f7ba5" testListId="8c84fa94-04c1-424b-9868-57a2d4851a1d" />
    <TestEntry testId="161ea34e-b552-5b69-4cf9-93991b1d4888" executionId="8fa434b5-acb2-4d4a-a140-870ebe938bcc" testListId="8c84fa94-04c1-424b-9868-57a2d4851a1d" />
    <TestEntry testId="56331dab-a3f7-2362-5979-39dd09b423f7" executionId="6f6654a4-1e04-4684-8b49-eb88b1d865ac" testListId="8c84fa94-04c1-424b-9868-57a2d4851a1d" />
    <TestEntry testId="92ceef80-e5b7-c89c-a796-a51df0e588f6" executionId="b63bb0fb-101b-4a1b-8b7b-bba86bf7d356" testListId="8c84fa94-04c1-424b-9868-57a2d4851a1d" />
    <TestEntry testId="05a54838-2f8d-21c6-e86e-0f8ca9d7103d" executionId="abf30159-5e52-43bf-a17b-d97bd1a8a760" testListId="8c84fa94-04c1-424b-9868-57a2d4851a1d" />
    <TestEntry testId="565488d3-a79f-0bc7-7c73-b71ab1303e0e" executionId="6c4d46f5-33c2-479d-96e7-a49fc630948d" testListId="8c84fa94-04c1-424b-9868-57a2d4851a1d" />
    <TestEntry testId="7a125942-0a04-b9bf-5e0a-a73b56af923d" executionId="06877969-67e8-42c8-ade2-687a6cc437e4" testListId="8c84fa94-04c1-424b-9868-57a2d4851a1d" />
    <TestEntry testId="c87e7c49-a9bb-bbb6-248d-9575e1eed4b4" executionId="5fb2adad-950b-40ce-947a-b5b531811ac4" testListId="8c84fa94-04c1-424b-9868-57a2d4851a1d" />
    <TestEntry testId="d85f5829-9dcd-6a4b-82f8-5c9a70353087" executionId="dfefca0c-0ed2-492c-9e0e-eca3a06e3ac6" testListId="8c84fa94-04c1-424b-9868-57a2d4851a1d" />
    <TestEntry testId="0becb87d-368a-ae3f-dadc-8f59c2dd4345" executionId="3cf47e22-e148-4d3d-b590-86d874a7c18a" testListId="8c84fa94-04c1-424b-9868-57a2d4851a1d" />
    <TestEntry testId="ffe8d566-a14b-2021-ecef-4e1da940c37f" executionId="41eb1065-4de1-4b64-a500-fdc236cd7f97" testListId="8c84fa94-04c1-424b-9868-57a2d4851a1d" />
    <TestEntry testId="2ce5a0ce-9e3f-00a6-801c-dc294a1bcdf2" executionId="1ca961d2-04e6-4af6-a41a-bcc016acf13f" testListId="8c84fa94-04c1-424b-9868-57a2d4851a1d" />
    <TestEntry testId="45dc2808-38b8-8162-caa5-6792f81f1b1f" executionId="38e9a3f9-001c-4d50-a718-683548bde6b9" testListId="8c84fa94-04c1-424b-9868-57a2d4851a1d" />
    <TestEntry testId="14204546-6fef-c7d5-1d02-bd489a823e27" executionId="ac69d666-8676-41a0-8efc-71d43e0b4a72" testListId="8c84fa94-04c1-424b-9868-57a2d4851a1d" />
    <TestEntry testId="2654f83d-7e59-bc95-a132-84ce53376681" executionId="a8c4bc23-3dd9-4a8a-b344-733ec24c81b5" testListId="8c84fa94-04c1-424b-9868-57a2d4851a1d" />
    <TestEntry testId="b2e97849-9fd5-473a-c64e-60a1b38c0a1b" executionId="be885e4e-d79d-4fe9-b590-176451b7dd0c" testListId="8c84fa94-04c1-424b-9868-57a2d4851a1d" />
    <TestEntry testId="8891f4eb-c9b0-3e3f-c742-57b774363d63" executionId="49556e39-d2c4-477f-98d3-d125aa1e7867" testListId="8c84fa94-04c1-424b-9868-57a2d4851a1d" />
    <TestEntry testId="078ca2ce-f079-2c28-76dc-9a1936031e13" executionId="e09a17c0-5384-44a2-a1b5-dea0f61eb04f" testListId="8c84fa94-04c1-424b-9868-57a2d4851a1d" />
    <TestEntry testId="0f8b9216-b299-d332-8e1f-9a8feee5d1e9" executionId="8b55e447-3911-4634-9ea1-5cab6221f005" testListId="8c84fa94-04c1-424b-9868-57a2d4851a1d" />
    <TestEntry testId="99ec6b99-38ab-d9d3-1265-68ce728117c4" executionId="62b76f2b-f0a9-4426-9a3d-aecb12293dbc" testListId="8c84fa94-04c1-424b-9868-57a2d4851a1d" />
    <TestEntry testId="006db6e7-371d-e718-b29e-3beaaaa8b1e6" executionId="23448e15-190a-42f0-999a-953500d0d8c6" testListId="8c84fa94-04c1-424b-9868-57a2d4851a1d" />
    <TestEntry testId="2c800d9a-9994-7d52-e9ef-f570f34487f0" executionId="5acb4b23-bc66-47e1-9027-b382a734d837" testListId="8c84fa94-04c1-424b-9868-57a2d4851a1d" />
    <TestEntry testId="c3fca266-07d5-2c9c-f6ed-16da0ae11db3" executionId="024e792e-8bbf-4728-9826-ca7c38a26855" testListId="8c84fa94-04c1-424b-9868-57a2d4851a1d" />
    <TestEntry testId="ec0ff6f3-40a0-61a0-1c02-ffe1c9cd8709" executionId="8c530645-19ae-499c-bf76-7505ac3acf05" testListId="8c84fa94-04c1-424b-9868-57a2d4851a1d" />
    <TestEntry testId="26d4b90e-eb16-bcef-d101-fb0061a73f05" executionId="63dd9b10-10ec-4587-aff5-1a59141b8013" testListId="8c84fa94-04c1-424b-9868-57a2d4851a1d" />
    <TestEntry testId="ce79d18c-5b2f-a858-0d20-17d538b54c49" executionId="7f23a6b3-ccf1-489e-9ec5-9fbb8add6e64" testListId="8c84fa94-04c1-424b-9868-57a2d4851a1d" />
    <TestEntry testId="c67d60d8-371a-f2d2-eb67-28408d2ba84d" executionId="65b2b2b2-680d-4e73-865b-34f0a07baf53" testListId="8c84fa94-04c1-424b-9868-57a2d4851a1d" />
    <TestEntry testId="1a2bce7c-5d7c-740b-8a3b-5357d8d90197" executionId="0d58c4eb-74ae-49a2-ba53-eb1428ce3d1e" testListId="8c84fa94-04c1-424b-9868-57a2d4851a1d" />
    <TestEntry testId="fad8656f-3a30-7eb3-0345-621f29855f5d" executionId="7e3bee50-6957-4e89-81c6-875a35b5f963" testListId="8c84fa94-04c1-424b-9868-57a2d4851a1d" />
    <TestEntry testId="bd642842-e695-04ad-0f5e-7e2ce55f0969" executionId="0d0e3a59-5b2f-4f91-a702-fdb77f933ed2" testListId="8c84fa94-04c1-424b-9868-57a2d4851a1d" />
    <TestEntry testId="d0a02f38-518c-0632-7faf-1a71626098e2" executionId="13b4489f-49ce-4c70-872c-544322a6f01b" testListId="8c84fa94-04c1-424b-9868-57a2d4851a1d" />
    <TestEntry testId="9b3a08e9-51f4-c581-11a3-b1f682c055d4" executionId="b88319b4-b087-4069-b9c8-30141156fc58" testListId="8c84fa94-04c1-424b-9868-57a2d4851a1d" />
    <TestEntry testId="9bc3a0c5-2fcf-8c19-b3cf-1cf301730bb6" executionId="cfcbe6e9-1e9f-46a2-87dc-e9c4a9cd9a20" testListId="8c84fa94-04c1-424b-9868-57a2d4851a1d" />
    <TestEntry testId="6cf80ec4-adaa-7630-8518-7cc2f85912e5" executionId="15fcf46c-6612-4b82-9189-76e5c5f06baa" testListId="8c84fa94-04c1-424b-9868-57a2d4851a1d" />
    <TestEntry testId="1f64ab5a-faee-2124-0bd7-cb77b45af3ab" executionId="d8f7b904-e3f6-417c-9124-cfac04ce2cad" testListId="8c84fa94-04c1-424b-9868-57a2d4851a1d" />
    <TestEntry testId="5b87a404-d9e1-52c6-716c-3d6bfb3c059a" executionId="af39b89a-b6f8-461a-ac04-bbd18b31db3c" testListId="8c84fa94-04c1-424b-9868-57a2d4851a1d" />
    <TestEntry testId="2460b2eb-c7c7-67db-b872-797238ca95cb" executionId="49d315b3-8664-4554-8cd3-df3201891d3c" testListId="8c84fa94-04c1-424b-9868-57a2d4851a1d" />
    <TestEntry testId="8bd92cbc-b4a1-3cf0-6835-cad5eb18c15d" executionId="59098603-ccbb-4ed2-a17c-95f7d09bd8cb" testListId="8c84fa94-04c1-424b-9868-57a2d4851a1d" />
    <TestEntry testId="29839775-d400-0a7a-0eaf-63aa5f9e74a9" executionId="13f7e415-0204-4662-93d9-a1b8bf74924c" testListId="8c84fa94-04c1-424b-9868-57a2d4851a1d" />
    <TestEntry testId="18ed10e3-b3b1-05cb-0a5f-0cc844931b21" executionId="a65edf7c-88b3-43a0-b2e6-331f10bd4879" testListId="8c84fa94-04c1-424b-9868-57a2d4851a1d" />
    <TestEntry testId="95480a3b-f488-efa9-b27c-9ab5a18fdec4" executionId="095a9766-93fc-4349-a6dd-d797fe106588" testListId="8c84fa94-04c1-424b-9868-57a2d4851a1d" />
    <TestEntry testId="d137c692-c33a-c29f-f0cd-43638d316a9f" executionId="510c17ff-fd76-4426-a7a7-dc865f73f45e" testListId="8c84fa94-04c1-424b-9868-57a2d4851a1d" />
    <TestEntry testId="05e9a149-1ec4-5816-e59a-5ac25d0a3fd4" executionId="51a081fa-d567-4dab-9da2-33f6acaf47e9" testListId="8c84fa94-04c1-424b-9868-57a2d4851a1d" />
    <TestEntry testId="08577c9c-2318-302e-4f69-67540b6ebc02" executionId="97d44edf-98b0-4635-b1ae-a12d83a2a8f8" testListId="8c84fa94-04c1-424b-9868-57a2d4851a1d" />
    <TestEntry testId="113ecb12-1851-7d32-03e7-16f3ffbfb55a" executionId="50ef2482-da70-4ed7-bb71-77c15db10e99" testListId="8c84fa94-04c1-424b-9868-57a2d4851a1d" />
    <TestEntry testId="46807053-f966-a388-4d2d-7da9058b5203" executionId="66d095c9-b7a2-4ea2-9c65-80320849b0cc" testListId="8c84fa94-04c1-424b-9868-57a2d4851a1d" />
    <TestEntry testId="2f55c955-9b87-2c77-c3ee-dc5f86f5b329" executionId="f93ca87b-a0fc-4949-8358-48c88c522f0b" testListId="8c84fa94-04c1-424b-9868-57a2d4851a1d" />
    <TestEntry testId="ce37d29c-9229-7c0c-b4e5-a6fef8dbd478" executionId="db195d47-ed7d-4a9e-8871-7a92fdcb9728" testListId="8c84fa94-04c1-424b-9868-57a2d4851a1d" />
    <TestEntry testId="31bbfad4-620c-0f60-3fd5-d9cbacc26d24" executionId="5f2c87f6-d64d-452b-944c-b8d7503fe9b3" testListId="8c84fa94-04c1-424b-9868-57a2d4851a1d" />
    <TestEntry testId="94ac24fa-c865-936b-315d-74d8ca292b0f" executionId="284d56f3-808c-4556-af7f-292c4809b491" testListId="8c84fa94-04c1-424b-9868-57a2d4851a1d" />
    <TestEntry testId="9519802d-7595-b802-9b1d-28efaa0530ce" executionId="2977755e-f51d-4487-a704-8572eaab0759" testListId="8c84fa94-04c1-424b-9868-57a2d4851a1d" />
    <TestEntry testId="9d8d30df-7116-4e69-8b1e-8fe0e301647c" executionId="83bbc318-58a7-4d2a-9dcf-6fc700b2eb07" testListId="8c84fa94-04c1-424b-9868-57a2d4851a1d" />
    <TestEntry testId="057eaabd-3e0f-9cb8-8caa-35b8258d8daa" executionId="cb6fa895-f2e3-4947-b9bc-97bbdbdfdc5e" testListId="8c84fa94-04c1-424b-9868-57a2d4851a1d" />
    <TestEntry testId="ff152fd0-403e-f4ec-a73e-1cd296d1d014" executionId="016efe9e-ac21-41cf-ad76-ac359b215094" testListId="8c84fa94-04c1-424b-9868-57a2d4851a1d" />
    <TestEntry testId="52aa0a27-dd41-6786-2c85-98c2fe5a5a8d" executionId="14675bb4-558c-4687-b001-a9e31189bde4" testListId="8c84fa94-04c1-424b-9868-57a2d4851a1d" />
    <TestEntry testId="a294ddd9-e673-4d43-752c-093ce0b8b705" executionId="3461150b-d541-46de-a9a0-81234ad7de30" testListId="8c84fa94-04c1-424b-9868-57a2d4851a1d" />
    <TestEntry testId="8e83e5d2-ca14-e987-68f7-ba664862f8f4" executionId="8d1e97a0-ea8c-402b-a76d-26e3cb48f24d" testListId="8c84fa94-04c1-424b-9868-57a2d4851a1d" />
    <TestEntry testId="62b58bd7-3c1e-de08-a9e7-b42cffcdf323" executionId="a9b3bf89-c5ab-4266-9a16-145d7e4d3f0c" testListId="8c84fa94-04c1-424b-9868-57a2d4851a1d" />
    <TestEntry testId="99276385-6909-321c-1b95-b70e5933d41e" executionId="10ce4b53-c6c8-4ba0-af3f-7ddc750ee3c1" testListId="8c84fa94-04c1-424b-9868-57a2d4851a1d" />
    <TestEntry testId="acf696fa-e204-77f6-6bda-5cee35a844ca" executionId="bb1522de-6119-40bc-aaa1-137baf6a4cdd" testListId="8c84fa94-04c1-424b-9868-57a2d4851a1d" />
    <TestEntry testId="aad140b3-4196-9d5b-27c9-77ac877f082f" executionId="9faebe42-75c5-4b85-b358-3c3edd501839" testListId="8c84fa94-04c1-424b-9868-57a2d4851a1d" />
    <TestEntry testId="9bb7a7e9-f04f-a8a6-8961-152ae79c986e" executionId="4e8d6f63-b017-4a2d-b69a-f9f647d2a534" testListId="8c84fa94-04c1-424b-9868-57a2d4851a1d" />
    <TestEntry testId="c9e24a1f-1d61-40a9-0dab-cb17f134e032" executionId="6f0eb322-0207-47ea-bc21-3e04f5802c12" testListId="8c84fa94-04c1-424b-9868-57a2d4851a1d" />
    <TestEntry testId="0d212d73-5048-5154-48c3-5b8a40dc9820" executionId="25951cdf-815b-4e79-a9ef-5c32d600a9bb" testListId="8c84fa94-04c1-424b-9868-57a2d4851a1d" />
    <TestEntry testId="e4515f41-6dc8-4e41-80f2-0b8ebbc1419c" executionId="6200d38e-88ef-419f-bbf9-09637280b8c8" testListId="8c84fa94-04c1-424b-9868-57a2d4851a1d" />
    <TestEntry testId="670aed6d-afc8-2205-1f3b-fa065414e4d4" executionId="37f16ef1-0390-4777-9a0d-f70a763cc4fe" testListId="8c84fa94-04c1-424b-9868-57a2d4851a1d" />
    <TestEntry testId="88f0c0b5-dc4a-4133-b95e-5ff2d41cf758" executionId="6233f9dc-2d46-4315-971f-9b28668e0cf6" testListId="8c84fa94-04c1-424b-9868-57a2d4851a1d" />
    <TestEntry testId="f42fe5a1-8c83-097f-d090-6df0e300c303" executionId="f5a78937-fb43-4466-825f-4f6e2088302e" testListId="8c84fa94-04c1-424b-9868-57a2d4851a1d" />
    <TestEntry testId="a37dbed6-65ed-3366-4c41-404cbdef850a" executionId="fbaede0d-8724-4b7b-987d-907f23ec3477" testListId="8c84fa94-04c1-424b-9868-57a2d4851a1d" />
    <TestEntry testId="08729d0d-aac1-00cc-61c8-d3a43baa982c" executionId="b12b0be8-fefd-4094-b617-bee146327f6f" testListId="8c84fa94-04c1-424b-9868-57a2d4851a1d" />
    <TestEntry testId="613ce4af-0c46-036e-af9f-bb78fcd742a6" executionId="50f1cad3-3d90-46ed-9594-501f15fe8411" testListId="8c84fa94-04c1-424b-9868-57a2d4851a1d" />
    <TestEntry testId="f207e829-2666-5e0b-dea1-e7486da2e6a1" executionId="1736f958-52c7-473d-97a8-3fb53e286a94" testListId="8c84fa94-04c1-424b-9868-57a2d4851a1d" />
    <TestEntry testId="efdeb973-f796-3bbb-78f9-ef2fef0bb698" executionId="1bc47de6-e78f-4258-8729-f026bbfd023a" testListId="8c84fa94-04c1-424b-9868-57a2d4851a1d" />
    <TestEntry testId="b3b9ef4c-6313-6dea-33cf-2d0e819cad64" executionId="0f36e175-d7a7-4893-a7a8-5e899bea5a8b" testListId="8c84fa94-04c1-424b-9868-57a2d4851a1d" />
    <TestEntry testId="901cffbb-9bc0-db78-5288-2a4dc4c8cbb0" executionId="04a93ee7-b26c-4b18-833e-22035c1ae25a" testListId="8c84fa94-04c1-424b-9868-57a2d4851a1d" />
    <TestEntry testId="b88b04a9-2785-97aa-c842-3b008f5ab60a" executionId="be70649f-b6d2-4ad1-8f00-60bb20f54594" testListId="8c84fa94-04c1-424b-9868-57a2d4851a1d" />
    <TestEntry testId="b33a03a8-55ac-77be-ca97-0bc786c289fc" executionId="af1a00db-7c9b-4f4b-b855-5cf4343316bb" testListId="8c84fa94-04c1-424b-9868-57a2d4851a1d" />
    <TestEntry testId="01872485-4d81-c916-8cf1-c5a694b29846" executionId="98260c1e-596f-48c4-94f6-2cc5a31e8771" testListId="8c84fa94-04c1-424b-9868-57a2d4851a1d" />
    <TestEntry testId="c8415987-5e57-7934-283e-064f446065e3" executionId="88fac619-a2b7-4783-bb68-788d64f21a3e" testListId="8c84fa94-04c1-424b-9868-57a2d4851a1d" />
    <TestEntry testId="d343945e-2d81-5ae1-7083-4fdee04f6eb8" executionId="d02e241b-9dee-4796-ad61-e156936860f8" testListId="8c84fa94-04c1-424b-9868-57a2d4851a1d" />
    <TestEntry testId="1ee7f53c-e626-990a-6b17-a9a8097992ee" executionId="5bf4ae0a-9997-4f33-a5b1-2aa672635bbc" testListId="8c84fa94-04c1-424b-9868-57a2d4851a1d" />
    <TestEntry testId="23ef8027-2a18-f92f-8f60-3a751b96bde2" executionId="c7f3f5df-3155-43e5-b3a2-cba9545f8413" testListId="8c84fa94-04c1-424b-9868-57a2d4851a1d" />
    <TestEntry testId="37563ea7-79b5-6e21-07e3-b7abecf35da5" executionId="308e1849-0c54-4fb5-ad98-a68048f7b9d2" testListId="8c84fa94-04c1-424b-9868-57a2d4851a1d" />
    <TestEntry testId="08479d6a-c563-b460-df28-b4f67109fef8" executionId="192d4406-62aa-4cb4-8c29-701c1fcd933a" testListId="8c84fa94-04c1-424b-9868-57a2d4851a1d" />
    <TestEntry testId="8eb35749-f865-2bf9-dc8d-fbacac303a24" executionId="823df9d2-359b-46bd-b7f1-c9c16bc9eb2a" testListId="8c84fa94-04c1-424b-9868-57a2d4851a1d" />
    <TestEntry testId="741c037d-bb74-63dd-9e38-d80561e143db" executionId="66d205f7-2779-4145-8d92-dffbd840c504" testListId="8c84fa94-04c1-424b-9868-57a2d4851a1d" />
    <TestEntry testId="bcb6a2c1-7c43-e2d1-68fb-4752e36bef88" executionId="3567e085-6921-4790-9560-9c48a7b4b6d0" testListId="8c84fa94-04c1-424b-9868-57a2d4851a1d" />
    <TestEntry testId="3c6ac6c6-76bc-c0da-6388-565dd44e7fcd" executionId="cfe861e0-265d-4395-8a7e-f4711ef88869" testListId="8c84fa94-04c1-424b-9868-57a2d4851a1d" />
    <TestEntry testId="d071d2b4-c4a7-1efa-7f89-25ed537b122f" executionId="dc0dbb4a-8e80-4e2a-af0d-d9965a106a0a" testListId="8c84fa94-04c1-424b-9868-57a2d4851a1d" />
    <TestEntry testId="e28c6785-47f9-bd94-84d3-18cec24659f3" executionId="8449a86e-8517-4cf8-9182-432aedd52adb" testListId="8c84fa94-04c1-424b-9868-57a2d4851a1d" />
    <TestEntry testId="6307d0a3-f8ba-d60c-8894-56921f5aa92a" executionId="86b22679-39c6-49d0-8acc-287cb3983027" testListId="8c84fa94-04c1-424b-9868-57a2d4851a1d" />
    <TestEntry testId="cb90d0c6-55d4-34fc-4dfd-762592dcaa9d" executionId="e44ee7af-7143-463e-bd48-b14e40ed18b0" testListId="8c84fa94-04c1-424b-9868-57a2d4851a1d" />
    <TestEntry testId="aca7dc08-e077-6336-11fb-2489a226e225" executionId="585cc0c2-0767-4322-8a4e-669d07f07df1" testListId="8c84fa94-04c1-424b-9868-57a2d4851a1d" />
    <TestEntry testId="9e03bf6d-4e75-7d3d-979b-1b27fa078d7d" executionId="0044d50a-c241-4432-8d22-28d97d2ecb3f" testListId="8c84fa94-04c1-424b-9868-57a2d4851a1d" />
    <TestEntry testId="e00fb5a4-e228-98dc-9550-b28f1789a059" executionId="11334efa-a9b0-454d-bb85-1abc200e3fec" testListId="8c84fa94-04c1-424b-9868-57a2d4851a1d" />
    <TestEntry testId="7e5d92fe-9e3c-cf14-2708-b9c99887e277" executionId="258f6750-9bd0-4aa0-a1f8-4708bc855ea7" testListId="8c84fa94-04c1-424b-9868-57a2d4851a1d" />
    <TestEntry testId="c71b36f4-2b0a-4604-4f61-4b54cfbd9335" executionId="fbe15c15-c2c8-42e1-87f9-f387abadaf77" testListId="8c84fa94-04c1-424b-9868-57a2d4851a1d" />
    <TestEntry testId="d38b1376-8e35-d896-b696-31aebb9da9b5" executionId="ea19ba5c-536d-45d0-8054-8285cb709cef" testListId="8c84fa94-04c1-424b-9868-57a2d4851a1d" />
    <TestEntry testId="4eab4e72-83a1-9aa2-b249-0d3036fab2e0" executionId="ef4bc413-208c-4b0e-aa7e-2392129558cc" testListId="8c84fa94-04c1-424b-9868-57a2d4851a1d" />
    <TestEntry testId="baa49532-b762-d0bf-3c21-bfb8f673b4c2" executionId="623341f5-d663-4d3f-b1ad-55a1e35cb20a" testListId="8c84fa94-04c1-424b-9868-57a2d4851a1d" />
    <TestEntry testId="d0ff1c73-209e-eeb1-2afd-642ead9760a6" executionId="318c5e33-1aa7-4dd6-9744-29e4a6e283fa" testListId="8c84fa94-04c1-424b-9868-57a2d4851a1d" />
    <TestEntry testId="ea0a9cb2-9148-301e-e48c-1afead66e2be" executionId="c1874482-6e15-4a3a-a181-a599bdce49ee" testListId="8c84fa94-04c1-424b-9868-57a2d4851a1d" />
    <TestEntry testId="699823e7-74be-bd9f-0e7a-b915c45c5b8d" executionId="bf029f95-b699-447b-85f7-f2050589cb29" testListId="8c84fa94-04c1-424b-9868-57a2d4851a1d" />
    <TestEntry testId="a616e2cd-e8f4-089c-9b8f-28529ea24abe" executionId="e2ca12ba-e320-44fe-a421-5a0265f195f6" testListId="8c84fa94-04c1-424b-9868-57a2d4851a1d" />
    <TestEntry testId="62e72051-f8d9-ba3b-e2f1-4642ab39c81a" executionId="d50d18f5-4509-4191-b497-c4fad3fcecdf" testListId="8c84fa94-04c1-424b-9868-57a2d4851a1d" />
    <TestEntry testId="c7cfa25b-5f84-b4eb-ca51-e666774f7b77" executionId="1367e937-0d87-4315-84e0-9216046a67a0" testListId="8c84fa94-04c1-424b-9868-57a2d4851a1d" />
    <TestEntry testId="a9d44699-d2e2-8f94-e099-ceb0e0e2f5b7" executionId="4059b94b-0d47-4e27-b227-5c6c946d0721" testListId="8c84fa94-04c1-424b-9868-57a2d4851a1d" />
    <TestEntry testId="261108eb-e4aa-9aa8-08d4-1bd3d2b96ec0" executionId="f6907bd0-b2d9-4cfb-83c4-70b82d0fc775" testListId="8c84fa94-04c1-424b-9868-57a2d4851a1d" />
    <TestEntry testId="ca91a9e0-6fc0-a317-fd3a-6f5ade651c3e" executionId="efdfc861-d566-43ab-9884-91c69710de45" testListId="8c84fa94-04c1-424b-9868-57a2d4851a1d" />
    <TestEntry testId="c3780753-5660-83a3-d765-176e98177e02" executionId="7c8683e8-72ba-460c-8c79-e748a2c9e6b0" testListId="8c84fa94-04c1-424b-9868-57a2d4851a1d" />
    <TestEntry testId="0f1196ec-94c1-8ad4-9d54-4d5a2629230e" executionId="c5505c74-7f1c-41bf-a052-c84f942b0183" testListId="8c84fa94-04c1-424b-9868-57a2d4851a1d" />
    <TestEntry testId="7618dd2b-5be7-dea8-df8a-a052ad263dcb" executionId="48cadff1-2d8a-43d9-85e5-2fd76184b3b0" testListId="8c84fa94-04c1-424b-9868-57a2d4851a1d" />
    <TestEntry testId="992bdcd4-f166-3c57-0b74-60a21be4306a" executionId="64219d76-70f3-4ba1-ad01-1abb6cdbe8ac" testListId="8c84fa94-04c1-424b-9868-57a2d4851a1d" />
    <TestEntry testId="9ca104e0-d007-7a8a-297e-78d9692a5c9f" executionId="7d569b20-69ab-43cc-addd-f1ffb9bc8d56" testListId="8c84fa94-04c1-424b-9868-57a2d4851a1d" />
    <TestEntry testId="bed016bd-a122-31d3-dc01-e7d0fe017e6f" executionId="264b21f9-05a0-43bd-8447-9d5d76332bec" testListId="8c84fa94-04c1-424b-9868-57a2d4851a1d" />
    <TestEntry testId="ad1859a2-9b1d-fff4-e010-4df6fe4ee045" executionId="4584f667-47bd-4cd8-ab10-1c387b5e751e" testListId="8c84fa94-04c1-424b-9868-57a2d4851a1d" />
    <TestEntry testId="1ab63018-a64d-cabf-0b10-e57cb940fb84" executionId="af22f99b-3ca9-476d-b253-c7d7000911b4" testListId="8c84fa94-04c1-424b-9868-57a2d4851a1d" />
    <TestEntry testId="84cba7e9-16d5-bd29-01c4-6b5bbd25da51" executionId="a5488ba0-c499-4d5e-b14d-6b9b7dbf8fd8" testListId="8c84fa94-04c1-424b-9868-57a2d4851a1d" />
    <TestEntry testId="f8a940f1-8634-0701-daf3-2dcd1e55555d" executionId="ca43e16e-5e3d-4cdc-bef1-a42533a2fd98" testListId="8c84fa94-04c1-424b-9868-57a2d4851a1d" />
    <TestEntry testId="794b71ec-85d9-cfea-3ecb-4593b036b3be" executionId="6d90332f-c9f2-4387-a765-95d785f541e8" testListId="8c84fa94-04c1-424b-9868-57a2d4851a1d" />
    <TestEntry testId="fac5a5a6-3df3-1003-499e-8b36ce0df94d" executionId="064b3c16-3b28-47cd-9244-c6a1436ec61b" testListId="8c84fa94-04c1-424b-9868-57a2d4851a1d" />
    <TestEntry testId="49bddafe-bc17-f349-326c-5d40a7970e79" executionId="57560103-5100-472b-adbf-88b4fe19f887" testListId="8c84fa94-04c1-424b-9868-57a2d4851a1d" />
    <TestEntry testId="2db04800-c35a-cd8d-8f75-a8a0a4dfddd7" executionId="e7c46ec7-4f9e-490e-a428-093308eed7dd" testListId="8c84fa94-04c1-424b-9868-57a2d4851a1d" />
    <TestEntry testId="4ff25461-925d-2b73-524e-d2fd332c1e39" executionId="2c47d03c-7f99-4b26-9e5b-61615ae0dca5" testListId="8c84fa94-04c1-424b-9868-57a2d4851a1d" />
    <TestEntry testId="a5ad51b1-d46a-060d-76d3-1a3a6ebb810e" executionId="4e10a706-c95f-4acc-b4e8-e6624d4ea712" testListId="8c84fa94-04c1-424b-9868-57a2d4851a1d" />
    <TestEntry testId="7f739289-fb83-39f7-cc97-e031b49032de" executionId="e1963e27-ffc5-43ad-b4a3-97ea1a85e3b6" testListId="8c84fa94-04c1-424b-9868-57a2d4851a1d" />
    <TestEntry testId="97a02c40-1c10-309c-a600-6c8bf81ccdfc" executionId="722d7eb8-e74b-48a4-8ac4-4baf39852e00" testListId="8c84fa94-04c1-424b-9868-57a2d4851a1d" />
    <TestEntry testId="976bb755-951a-abad-a6b2-b4df05914837" executionId="91792fd1-7fee-452f-8421-3d7090ef35dd" testListId="8c84fa94-04c1-424b-9868-57a2d4851a1d" />
    <TestEntry testId="f3b583ac-90ff-1f56-69dc-aadf0d375497" executionId="9f2071be-d8b6-4eba-a154-cd0f3c56cdde" testListId="8c84fa94-04c1-424b-9868-57a2d4851a1d" />
    <TestEntry testId="629bd067-7ea5-d193-55b4-3e52534b91b0" executionId="ddf33d74-b818-4855-8a64-c9c430913729" testListId="8c84fa94-04c1-424b-9868-57a2d4851a1d" />
    <TestEntry testId="79aef7de-738f-b2d7-91f6-bab93a12a8cc" executionId="eeb9bb26-0074-4f6e-8d78-dd41a69d949a" testListId="8c84fa94-04c1-424b-9868-57a2d4851a1d" />
    <TestEntry testId="7c024d4b-1985-e15e-210c-918bbaab85d2" executionId="f055c8dc-faae-41fd-9163-0d8aa767bb27" testListId="8c84fa94-04c1-424b-9868-57a2d4851a1d" />
    <TestEntry testId="66076f92-cd02-428b-c3aa-0dc5e5824793" executionId="679d5a27-1437-4590-9e5f-3d13c8add06b" testListId="8c84fa94-04c1-424b-9868-57a2d4851a1d" />
    <TestEntry testId="df5d6f80-47b6-1dba-6191-9a36b85a07e0" executionId="eb99c82d-294d-48dd-9860-c6f4af6db46e" testListId="8c84fa94-04c1-424b-9868-57a2d4851a1d" />
    <TestEntry testId="a335cdf5-8bc7-ca99-6fe9-64ef25663cd0" executionId="0df7084f-92f3-4199-bae6-b72a5129a6c3" testListId="8c84fa94-04c1-424b-9868-57a2d4851a1d" />
    <TestEntry testId="7d7a9479-6bf7-df13-feb4-5692776fefbe" executionId="ac530bbd-57c6-4252-9545-afe17a6b40b1" testListId="8c84fa94-04c1-424b-9868-57a2d4851a1d" />
    <TestEntry testId="1de860b6-9b89-fb6b-c718-4f454ec9c197" executionId="1fdc5c9b-f7a4-465d-8f6c-80cb8ce82eaa" testListId="8c84fa94-04c1-424b-9868-57a2d4851a1d" />
    <TestEntry testId="9523222d-3297-4077-2b57-514061f60535" executionId="d501c543-3f1c-44fe-9dc0-7979c3d71333" testListId="8c84fa94-04c1-424b-9868-57a2d4851a1d" />
    <TestEntry testId="6f633b18-8c5d-0bf5-db3d-b3c803d548db" executionId="48eaf356-c327-4c80-9aa4-bdfdaa01489a" testListId="8c84fa94-04c1-424b-9868-57a2d4851a1d" />
    <TestEntry testId="dad72413-ce66-f7c6-62da-d1fb0f77778d" executionId="03b2e353-34ee-4043-ac04-6023c69595d7" testListId="8c84fa94-04c1-424b-9868-57a2d4851a1d" />
    <TestEntry testId="39a6af94-85fa-6403-b818-97dddf42687e" executionId="453c0c64-76df-4d75-b829-27a651fd6136" testListId="8c84fa94-04c1-424b-9868-57a2d4851a1d" />
    <TestEntry testId="ced3317a-f4de-c56d-29ac-20cf03fa04ec" executionId="6ee278f3-2026-4e71-9da5-e33add6a4165" testListId="8c84fa94-04c1-424b-9868-57a2d4851a1d" />
    <TestEntry testId="9aa28a55-43de-1f3f-a73d-5386fa240b7d" executionId="a30d8248-c174-4843-b85e-7beefb371d8f" testListId="8c84fa94-04c1-424b-9868-57a2d4851a1d" />
    <TestEntry testId="55af12a1-8c60-19cc-8253-bcb814fd0918" executionId="3c33646f-ca79-45be-9fba-30ac5bcd7261" testListId="8c84fa94-04c1-424b-9868-57a2d4851a1d" />
    <TestEntry testId="1f757bc5-86da-e122-1d55-9a03114706b1" executionId="98af12d7-f9fa-41a2-8c99-e75f09f1e248" testListId="8c84fa94-04c1-424b-9868-57a2d4851a1d" />
    <TestEntry testId="f8b2f5ca-2f69-2d8d-4212-5d32e0a23134" executionId="1e6b86ac-f59f-4066-9bd7-fac424f4b4c6" testListId="8c84fa94-04c1-424b-9868-57a2d4851a1d" />
    <TestEntry testId="1e89b684-e978-3894-3e18-fc74f760e637" executionId="e7d3a1d0-ad2a-4584-92a4-44020f0f46ea" testListId="8c84fa94-04c1-424b-9868-57a2d4851a1d" />
    <TestEntry testId="4d90ca4e-121b-6a9a-c432-778d267caf79" executionId="ff19fc34-aec2-4f6a-89bf-a943abef6cd1" testListId="8c84fa94-04c1-424b-9868-57a2d4851a1d" />
    <TestEntry testId="d9b0142c-6bc1-6f97-6ab7-2f168104e960" executionId="c55c3c73-b488-4164-81b8-6bcf4f9e02d0" testListId="8c84fa94-04c1-424b-9868-57a2d4851a1d" />
    <TestEntry testId="c12c22a4-61c9-8d54-02dc-fa4d09ff71de" executionId="0a3ec812-780f-4abe-906c-a46ec8c745e2" testListId="8c84fa94-04c1-424b-9868-57a2d4851a1d" />
    <TestEntry testId="8a469a40-7454-6880-9e8d-7953fae79af1" executionId="bba8bb8a-2203-4f2b-8dcc-60346cc5ec66" testListId="8c84fa94-04c1-424b-9868-57a2d4851a1d" />
    <TestEntry testId="792fafb6-8218-3fb7-1745-cee38069f92a" executionId="2939f382-537e-41fb-9ec0-f4d81bfa4f45" testListId="8c84fa94-04c1-424b-9868-57a2d4851a1d" />
    <TestEntry testId="0b94c3b1-6583-79b8-f011-5229f57a9249" executionId="e1f4b9a5-9711-4d50-b3f9-6ba3c346fddf" testListId="8c84fa94-04c1-424b-9868-57a2d4851a1d" />
    <TestEntry testId="e8ef69a7-69d2-7821-25ae-0ad9e98c19f5" executionId="b8c16033-cc97-4eca-8770-2739f08d3128" testListId="8c84fa94-04c1-424b-9868-57a2d4851a1d" />
    <TestEntry testId="5804b4b4-4d14-d511-1065-baeb15ae9d58" executionId="236ffbd1-14db-4fd8-96f8-42b50d292b46" testListId="8c84fa94-04c1-424b-9868-57a2d4851a1d" />
    <TestEntry testId="2003d62f-56fa-bdbd-776e-cef4ed468d9f" executionId="981b29f9-c139-40a9-8710-f84c35aa6bb7" testListId="8c84fa94-04c1-424b-9868-57a2d4851a1d" />
    <TestEntry testId="4b36266e-a52e-ddb2-0c89-74a3ad238fe8" executionId="c2bccf5a-feb4-4bcc-b5d6-8e965a9cbc66" testListId="8c84fa94-04c1-424b-9868-57a2d4851a1d" />
    <TestEntry testId="c9b50cc0-af5c-379e-bcdc-156c0ff0245a" executionId="407ac2fa-448f-411f-9a78-dc002c53a724" testListId="8c84fa94-04c1-424b-9868-57a2d4851a1d" />
    <TestEntry testId="5b8d597d-a947-799b-c752-623cf741033b" executionId="9349e0e1-e766-44f4-918b-cd7e080e6993" testListId="8c84fa94-04c1-424b-9868-57a2d4851a1d" />
    <TestEntry testId="ee9522e3-3347-1a86-68af-c4fa8cf496f8" executionId="2611fb41-741d-424c-bdc8-4d6d7272f348" testListId="8c84fa94-04c1-424b-9868-57a2d4851a1d" />
    <TestEntry testId="d60e2fbc-d537-5dc4-b314-edebe3b20a8b" executionId="9fc16ae8-8e63-4333-9ff4-fd13492b9fe4" testListId="8c84fa94-04c1-424b-9868-57a2d4851a1d" />
    <TestEntry testId="033615c8-912a-fb8e-83b7-5256a7e64b58" executionId="18a690e5-4efb-4297-94b9-463af7acaa6b" testListId="8c84fa94-04c1-424b-9868-57a2d4851a1d" />
    <TestEntry testId="0fe8d20e-348c-7d20-8e18-4ab370792fe0" executionId="40feb616-bf14-4066-b23d-e4f1a5052ed6" testListId="8c84fa94-04c1-424b-9868-57a2d4851a1d" />
    <TestEntry testId="7adc2e63-29c5-a641-137d-0906b0776597" executionId="8cac5a34-e270-46ae-92ae-c1e6f29c7aa9" testListId="8c84fa94-04c1-424b-9868-57a2d4851a1d" />
    <TestEntry testId="4329ce58-b589-cce3-e7e0-bf1e7069d301" executionId="face7d83-7858-4ada-a63e-a15ef8606388" testListId="8c84fa94-04c1-424b-9868-57a2d4851a1d" />
    <TestEntry testId="3e2872b7-fb01-c386-1343-80b94b20e5b0" executionId="c86815a5-cbe9-4e6f-8efd-fc337d243006" testListId="8c84fa94-04c1-424b-9868-57a2d4851a1d" />
    <TestEntry testId="8fb86198-a650-e4a9-cb59-495dfda2d14f" executionId="8b1c719b-7bbc-4b3a-b82b-0d9d37f9c61c" testListId="8c84fa94-04c1-424b-9868-57a2d4851a1d" />
    <TestEntry testId="ba805cf8-7a9e-a067-dba8-44d688ef5092" executionId="1e605fc1-efe3-4c13-a14b-d8ba0f014768" testListId="8c84fa94-04c1-424b-9868-57a2d4851a1d" />
    <TestEntry testId="9e91e282-03c1-0cff-0470-97bfea9c776b" executionId="2e705ae6-b837-44e4-9410-d71c1c20311a" testListId="8c84fa94-04c1-424b-9868-57a2d4851a1d" />
    <TestEntry testId="ba9c39e8-72fd-56e5-9205-e49bf672c8c9" executionId="8b87db7b-d15e-4f4d-878b-dd751e6aa424" testListId="8c84fa94-04c1-424b-9868-57a2d4851a1d" />
    <TestEntry testId="ce3de199-36d5-8ba5-2e51-6302507f3d29" executionId="55454e90-3f88-4833-a56f-f23dfc5f9053" testListId="8c84fa94-04c1-424b-9868-57a2d4851a1d" />
    <TestEntry testId="e20cd443-fa33-bc28-26be-fffb5ab77d26" executionId="828d8b30-68bf-4607-8155-d225efa24962" testListId="8c84fa94-04c1-424b-9868-57a2d4851a1d" />
    <TestEntry testId="a14789f8-25ec-bd3c-5129-2bb2c2d09985" executionId="36cbcf4f-6f90-4de3-9085-0f58a35d852f" testListId="8c84fa94-04c1-424b-9868-57a2d4851a1d" />
    <TestEntry testId="3c1351f2-b304-b994-7193-22c9e52a8782" executionId="b3605cda-aad3-4d25-8d12-3856cf8c2ee0" testListId="8c84fa94-04c1-424b-9868-57a2d4851a1d" />
    <TestEntry testId="33a7f29f-3064-c7da-2697-0f90413b5ea8" executionId="babe7e3b-e4a6-4e37-a844-bff0abea3ae5" testListId="8c84fa94-04c1-424b-9868-57a2d4851a1d" />
    <TestEntry testId="fa3755de-e4bd-fecd-de44-2cb43605a4a6" executionId="9819a43c-9a0c-4d85-910c-3b91cd8ffc15" testListId="8c84fa94-04c1-424b-9868-57a2d4851a1d" />
    <TestEntry testId="c4b29f92-16d2-98d3-cbb9-2e703b5f2766" executionId="fbfe1203-246f-4d2b-ab62-d5a7b67f5bb8" testListId="8c84fa94-04c1-424b-9868-57a2d4851a1d" />
    <TestEntry testId="71cf5e6d-ba2a-c7c3-a763-2fcedf333a8b" executionId="5ad26902-fd74-4655-952c-16ebfc70fde2" testListId="8c84fa94-04c1-424b-9868-57a2d4851a1d" />
    <TestEntry testId="bc434b75-bdc7-4498-0cdc-a7a24b7bcef3" executionId="81e9d875-a205-4fd5-ba2b-29191e682207" testListId="8c84fa94-04c1-424b-9868-57a2d4851a1d" />
    <TestEntry testId="2965b165-6679-d60b-abea-0abf705caf0c" executionId="e987fed7-c21d-46b1-a87f-6201daa0617f" testListId="8c84fa94-04c1-424b-9868-57a2d4851a1d" />
    <TestEntry testId="31cc8d58-51d6-fc21-a158-1f4f17545a53" executionId="5c380092-bea7-4c21-a36b-cb87a741dc2c" testListId="8c84fa94-04c1-424b-9868-57a2d4851a1d" />
    <TestEntry testId="6a5e75da-d4ce-a720-12fe-db0ec989bfda" executionId="7115f65c-fa35-47de-914f-e073ca19b62d" testListId="8c84fa94-04c1-424b-9868-57a2d4851a1d" />
    <TestEntry testId="dce3fcdf-7249-6248-dfe7-0e19495e103e" executionId="fc5dfd26-7d34-45de-be94-292f760fc925" testListId="8c84fa94-04c1-424b-9868-57a2d4851a1d" />
    <TestEntry testId="de19ba09-da48-16a7-e578-ccf66f701e6a" executionId="99d00d7d-58ae-4d41-94a8-8b2d40beb418" testListId="8c84fa94-04c1-424b-9868-57a2d4851a1d" />
    <TestEntry testId="a97143cb-6e59-8768-a70f-00f80b654e8d" executionId="f3c7505c-8dcb-4a86-9760-50d573b139c5" testListId="8c84fa94-04c1-424b-9868-57a2d4851a1d" />
    <TestEntry testId="ae081732-51d9-8f75-bc33-d945304db80b" executionId="d50d42a2-3f50-48b2-9f0b-fcd5fca62e05" testListId="8c84fa94-04c1-424b-9868-57a2d4851a1d" />
    <TestEntry testId="2d819a75-1f3b-8e3f-72c3-7eac56a5cef5" executionId="5a666a5c-0bd3-4518-be56-d44b8704bced" testListId="8c84fa94-04c1-424b-9868-57a2d4851a1d" />
    <TestEntry testId="b5aba053-73cd-4540-b3bc-87ffee779e82" executionId="18b6b15f-3e76-4f0d-94bc-ecb8f0bcbbe7" testListId="8c84fa94-04c1-424b-9868-57a2d4851a1d" />
    <TestEntry testId="f76203f6-f127-113c-5b07-212839a96b73" executionId="65cbb94f-902c-450d-8df3-c81a6b9ee84d" testListId="8c84fa94-04c1-424b-9868-57a2d4851a1d" />
    <TestEntry testId="f033dff5-3005-c649-45d7-638d675d115a" executionId="93ea8fed-508a-49ae-828e-b9146e776a08" testListId="8c84fa94-04c1-424b-9868-57a2d4851a1d" />
    <TestEntry testId="a9c4348a-f7cc-abf4-413a-fc58753695f7" executionId="37762cc0-4350-405d-8f9e-6bff10831140" testListId="8c84fa94-04c1-424b-9868-57a2d4851a1d" />
    <TestEntry testId="cb55dff4-d7f6-2f2e-153f-1f8301bc11f9" executionId="9a97a04c-1ca6-473b-9f7b-455891476e0b" testListId="8c84fa94-04c1-424b-9868-57a2d4851a1d" />
    <TestEntry testId="0d6b088a-4cbb-1e56-2603-e26c92fd9014" executionId="73190610-687f-485f-bc84-d55139f1b18a" testListId="8c84fa94-04c1-424b-9868-57a2d4851a1d" />
    <TestEntry testId="6983a880-9157-394a-891c-2e7cb526bc4c" executionId="44c15f51-c6b2-4652-8b8d-bc648d934541" testListId="8c84fa94-04c1-424b-9868-57a2d4851a1d" />
    <TestEntry testId="922f442b-abde-2646-f44f-3ba19dc6a53c" executionId="18cf4b47-05d7-4086-bcb3-334824b7685b" testListId="8c84fa94-04c1-424b-9868-57a2d4851a1d" />
    <TestEntry testId="7f0db5cd-3789-6493-06f2-6838ac79a529" executionId="73318a44-45a7-44a2-a899-a31606cded79" testListId="8c84fa94-04c1-424b-9868-57a2d4851a1d" />
    <TestEntry testId="75503792-348c-52d7-8b2d-0e5e30e7737f" executionId="fffba054-52c2-41cf-9276-7933d1178ef5" testListId="8c84fa94-04c1-424b-9868-57a2d4851a1d" />
    <TestEntry testId="c20609f4-6a70-6c55-75bb-083e12c37fc9" executionId="24a6a6b3-a979-40a5-adf1-15332c556f3c" testListId="8c84fa94-04c1-424b-9868-57a2d4851a1d" />
    <TestEntry testId="3fbb058d-9598-d297-cfc7-b0e227b60076" executionId="e8fec69a-ca69-4079-a74a-30ebd34e9e71" testListId="8c84fa94-04c1-424b-9868-57a2d4851a1d" />
    <TestEntry testId="ed5c2593-cfa6-d545-7875-1061dd65dead" executionId="05da1b2a-ffe5-4b9a-9e8c-d01c00744e7a" testListId="8c84fa94-04c1-424b-9868-57a2d4851a1d" />
    <TestEntry testId="a2af3fa3-e3a8-4009-0999-eb6fed122f5b" executionId="b53be3df-d425-41f0-886c-2891b1eae132" testListId="8c84fa94-04c1-424b-9868-57a2d4851a1d" />
    <TestEntry testId="44d98ef8-930e-6c96-71e8-5749bf624437" executionId="8b715f73-ded2-4ad4-9af5-f6702397b0b8" testListId="8c84fa94-04c1-424b-9868-57a2d4851a1d" />
    <TestEntry testId="234bc324-8553-c6e0-ddb6-1b51780458be" executionId="cd07515e-92f4-4c3c-bc73-82fca793902f" testListId="8c84fa94-04c1-424b-9868-57a2d4851a1d" />
    <TestEntry testId="a3a28d8a-51fe-9a33-f869-0770b45eb339" executionId="5ad59da0-efb6-4395-ab7c-dfdf90b330d7" testListId="8c84fa94-04c1-424b-9868-57a2d4851a1d" />
    <TestEntry testId="9b1f8110-ea93-e02f-1655-61606e4aebd0" executionId="fecfaf95-95c8-456d-b5f7-4255a73a77db" testListId="8c84fa94-04c1-424b-9868-57a2d4851a1d" />
    <TestEntry testId="03db011c-36c3-8fa6-9017-436f1dd775bb" executionId="a862ccca-33b7-47a3-8dda-dc3d2bd6577f" testListId="8c84fa94-04c1-424b-9868-57a2d4851a1d" />
    <TestEntry testId="25b0e57c-5ba9-760a-cf42-a84a18ecc62c" executionId="fdf676f6-2f87-4981-9cc1-af33ec1dcbf4" testListId="8c84fa94-04c1-424b-9868-57a2d4851a1d" />
    <TestEntry testId="d6db3fca-97bb-20d9-cf3b-d05f44f87938" executionId="6f7cd3e4-31dd-4b09-a10d-e0ec77330b41" testListId="8c84fa94-04c1-424b-9868-57a2d4851a1d" />
    <TestEntry testId="cb6876f0-ec0c-d7e3-5334-20d6a5561189" executionId="739af790-b22e-4db1-8eec-b39de810f580" testListId="8c84fa94-04c1-424b-9868-57a2d4851a1d" />
    <TestEntry testId="cc5f0fa5-2624-4aa6-2ceb-955549536dc3" executionId="0da03ee1-c901-4ea2-9ca5-663ad8768983" testListId="8c84fa94-04c1-424b-9868-57a2d4851a1d" />
    <TestEntry testId="8d46a340-0ed0-b99b-ffa5-9396c082f226" executionId="24aa459e-a88d-4aad-8bc3-7f34eaf8a8b1" testListId="8c84fa94-04c1-424b-9868-57a2d4851a1d" />
    <TestEntry testId="77aaea21-e151-49fb-b25c-62821a330697" executionId="43428869-c8b6-4900-b49c-7e96ef0b6e49" testListId="8c84fa94-04c1-424b-9868-57a2d4851a1d" />
    <TestEntry testId="54e77df2-c5f9-e6f4-caca-1b64d3e7ca87" executionId="108a142f-6d87-4926-a407-63128748c04d" testListId="8c84fa94-04c1-424b-9868-57a2d4851a1d" />
    <TestEntry testId="02753c94-b31f-c479-f18b-db6bd8bba437" executionId="758bf172-ef08-4188-8790-513c41dc190b" testListId="8c84fa94-04c1-424b-9868-57a2d4851a1d" />
    <TestEntry testId="342251bc-8c6a-107f-f40f-bd580bcab139" executionId="1e3ca4ee-6354-4908-924b-210790fb00a1" testListId="8c84fa94-04c1-424b-9868-57a2d4851a1d" />
    <TestEntry testId="c2a0058c-a5cc-3414-d3fc-5639c4dbe702" executionId="f545ea0f-9ad2-4df9-ba1a-42e76a41d3a1" testListId="8c84fa94-04c1-424b-9868-57a2d4851a1d" />
    <TestEntry testId="ae8bdbb0-e445-3041-c219-15ee192365d2" executionId="a6d850e4-4bdd-4ecc-9085-ea2399c82ac5" testListId="8c84fa94-04c1-424b-9868-57a2d4851a1d" />
    <TestEntry testId="010c27e2-8f1f-944a-38fc-aee10e8009f3" executionId="b46534fc-89cc-4178-a92f-8743e8a32900" testListId="8c84fa94-04c1-424b-9868-57a2d4851a1d" />
    <TestEntry testId="3f8cf111-d901-cf6d-6700-aa95356160f6" executionId="ea543179-706d-4dfe-b755-19692ce39d11" testListId="8c84fa94-04c1-424b-9868-57a2d4851a1d" />
    <TestEntry testId="53713324-cc06-3054-5418-a2a3cf8996e1" executionId="e527ab62-a8b4-4fdf-ab93-7c9c7761f8da" testListId="8c84fa94-04c1-424b-9868-57a2d4851a1d" />
    <TestEntry testId="bf056b60-1220-93fe-f132-4710dd020797" executionId="1ffae8b2-3293-40d1-8b7a-6361d23fc180" testListId="8c84fa94-04c1-424b-9868-57a2d4851a1d" />
    <TestEntry testId="f2fedf4e-1784-514f-f108-e8785c00ded4" executionId="32dbc4ce-94bf-4888-b0cd-884da3ced778" testListId="8c84fa94-04c1-424b-9868-57a2d4851a1d" />
    <TestEntry testId="b63a8c73-326f-00c0-2fb1-b6e3b569e065" executionId="8231e4ff-dde7-45b4-8b64-681786b3e186" testListId="8c84fa94-04c1-424b-9868-57a2d4851a1d" />
    <TestEntry testId="8cdb7f81-87b1-9f11-bc65-382e5a57ef43" executionId="fd2f5d2e-04b9-4640-99d7-59907bb9c206" testListId="8c84fa94-04c1-424b-9868-57a2d4851a1d" />
    <TestEntry testId="59a8f339-f82c-db3a-3ce5-7a3aa210b60d" executionId="78b3cbd9-df9c-41a9-9ce9-cf16f24944f0" testListId="8c84fa94-04c1-424b-9868-57a2d4851a1d" />
    <TestEntry testId="9dafdb86-c22a-88fc-6833-af4e374d365d" executionId="a2d951cf-8a61-4a98-8eaa-a5705a2bd6be" testListId="8c84fa94-04c1-424b-9868-57a2d4851a1d" />
    <TestEntry testId="65200420-42ce-b190-7ff7-7b164ff1ec76" executionId="df58ac79-3b73-450b-8d1f-9896ec575dd7" testListId="8c84fa94-04c1-424b-9868-57a2d4851a1d" />
    <TestEntry testId="bd85c34e-1e20-839d-feff-cc7eed9c2e75" executionId="579ca34c-5636-46a8-8022-71ef22f363f5" testListId="8c84fa94-04c1-424b-9868-57a2d4851a1d" />
    <TestEntry testId="b1d035f1-39f6-d499-287e-11a16120f663" executionId="eb5b6a8a-3841-4e8d-91e0-ce3417241d60" testListId="8c84fa94-04c1-424b-9868-57a2d4851a1d" />
    <TestEntry testId="02bf4062-6173-4a68-0596-4bfd52dc36b2" executionId="d0eba2da-991f-49c7-8316-951425ed2988" testListId="8c84fa94-04c1-424b-9868-57a2d4851a1d" />
    <TestEntry testId="6ae26cda-9ea5-f09e-3c41-fb491e5f7a36" executionId="decee6d9-ec4e-4502-b97b-eb661e59843f" testListId="8c84fa94-04c1-424b-9868-57a2d4851a1d" />
    <TestEntry testId="5db74618-4490-82d8-607c-508cd5058260" executionId="dda0c169-0e03-4027-8795-dc5f42eea736" testListId="8c84fa94-04c1-424b-9868-57a2d4851a1d" />
    <TestEntry testId="6ad0df60-41b3-e199-2385-7ce9a635c0e2" executionId="0d81e4b7-c2ff-4ec7-ab29-10276191522f" testListId="8c84fa94-04c1-424b-9868-57a2d4851a1d" />
    <TestEntry testId="0c29c5af-e3cf-7553-8d21-7aa06a61033d" executionId="2681a490-b7af-4175-9e15-320cf6c60434" testListId="8c84fa94-04c1-424b-9868-57a2d4851a1d" />
    <TestEntry testId="94cb383a-2d02-5e8f-afee-a16f5b980b05" executionId="a555c2fa-13c1-49c1-9f13-baaf62739251" testListId="8c84fa94-04c1-424b-9868-57a2d4851a1d" />
    <TestEntry testId="9055a99e-808e-e43f-9f70-e1a7b9f0a551" executionId="bf1e623a-7b00-4ff6-b0b8-f26c87b4a6f2" testListId="8c84fa94-04c1-424b-9868-57a2d4851a1d" />
    <TestEntry testId="bc66e507-df82-f1e7-2faf-ccf42c118b92" executionId="e9096a97-08bf-499a-a33f-fc893718fa28" testListId="8c84fa94-04c1-424b-9868-57a2d4851a1d" />
    <TestEntry testId="a555e622-b970-4ded-325b-3f0c89ae34f6" executionId="3ed6f975-a2ed-4a5d-bb47-308d2ce4d69a" testListId="8c84fa94-04c1-424b-9868-57a2d4851a1d" />
    <TestEntry testId="950f8757-e7b7-1138-1a4d-1e70b2dcf083" executionId="c1afc6f3-b0a4-4ea2-ab45-5d019d5a9318" testListId="8c84fa94-04c1-424b-9868-57a2d4851a1d" />
    <TestEntry testId="85fd8d0b-9fc0-1fbf-e3ac-fb7bd19ad960" executionId="d3190251-e1a8-44c4-825d-6865bfb898aa" testListId="8c84fa94-04c1-424b-9868-57a2d4851a1d" />
    <TestEntry testId="46310652-8cba-41d1-ad89-4a295ad73bfd" executionId="f4888fce-afc3-49bd-ae7b-567cfd035363" testListId="8c84fa94-04c1-424b-9868-57a2d4851a1d" />
    <TestEntry testId="d5e79021-8e56-47e1-e0da-836c7f362c97" executionId="21490192-5281-42fd-a2b1-599230448e32" testListId="8c84fa94-04c1-424b-9868-57a2d4851a1d" />
    <TestEntry testId="4628ea67-a850-c618-dd07-6b8c93867133" executionId="d10629da-41ee-46c3-b47f-c3bc197cec0d" testListId="8c84fa94-04c1-424b-9868-57a2d4851a1d" />
    <TestEntry testId="5ef343f7-cc0d-47aa-b43e-c9be70797afb" executionId="db9f6e51-de80-4db7-8cbd-a3f2aacd2851" testListId="8c84fa94-04c1-424b-9868-57a2d4851a1d" />
    <TestEntry testId="92a7db28-441b-b8fe-c790-8f59b23e56ea" executionId="21fe52ef-8e4b-45b8-8093-88efbfb5747d" testListId="8c84fa94-04c1-424b-9868-57a2d4851a1d" />
    <TestEntry testId="f8292c99-1fa2-ca17-1340-240e96354ffd" executionId="7a0412d9-7f9c-44c4-933c-76613c5b23be" testListId="8c84fa94-04c1-424b-9868-57a2d4851a1d" />
    <TestEntry testId="eb6df723-a29f-9a70-5f7b-4a692189e22f" executionId="77ac96a2-dd0a-4183-9eb8-f35ec0719026" testListId="8c84fa94-04c1-424b-9868-57a2d4851a1d" />
    <TestEntry testId="be1da5de-e0fe-47f3-2a89-4f7466ca0a66" executionId="aaf3ce11-8f2d-4f4d-be22-3518aba303f2" testListId="8c84fa94-04c1-424b-9868-57a2d4851a1d" />
    <TestEntry testId="d102cefa-33e2-3c8d-7bd8-79d740844fb3" executionId="b54c33c4-8315-4128-b664-dfc43f4817ae" testListId="8c84fa94-04c1-424b-9868-57a2d4851a1d" />
    <TestEntry testId="4ec95413-36ce-2f53-a5aa-0f2f9a590c47" executionId="511cb174-49c1-4124-8271-3d5f1f8f1472" testListId="8c84fa94-04c1-424b-9868-57a2d4851a1d" />
    <TestEntry testId="c87476d9-d6c4-b192-533c-f3fd92f25649" executionId="31c00b48-1f01-4de6-aab1-c1e67a341358" testListId="8c84fa94-04c1-424b-9868-57a2d4851a1d" />
    <TestEntry testId="aa49e18c-4197-b3cc-aa70-ef1af862b8be" executionId="dd6a1c82-e1e9-401f-ba8f-d31629e65c94" testListId="8c84fa94-04c1-424b-9868-57a2d4851a1d" />
    <TestEntry testId="6aef3be6-be58-6d70-5d16-8497e19d6e8e" executionId="44496506-4747-4235-a9c5-e116f9c62ff9" testListId="8c84fa94-04c1-424b-9868-57a2d4851a1d" />
    <TestEntry testId="b530df44-9215-c330-3e2e-fee288d86fdb" executionId="784b3e2b-ca52-4d66-bd95-221896c75ceb" testListId="8c84fa94-04c1-424b-9868-57a2d4851a1d" />
    <TestEntry testId="d1f027cb-91cb-a032-394a-24ef43e517de" executionId="437a38d5-08fd-4bc9-a88f-8057bcfa96a4" testListId="8c84fa94-04c1-424b-9868-57a2d4851a1d" />
    <TestEntry testId="c9b0bf8f-b32e-afc0-1ba5-d7dd67234a1b" executionId="1df08288-c703-4cf2-8060-c1c8c53acc02" testListId="8c84fa94-04c1-424b-9868-57a2d4851a1d" />
    <TestEntry testId="d48b6f70-4c0f-8a1e-1ca8-45b3563283e1" executionId="23da7677-9f36-49dc-9f52-f755b5cc6138" testListId="8c84fa94-04c1-424b-9868-57a2d4851a1d" />
    <TestEntry testId="21522ead-b433-4ed6-2bc6-7bc12d8649e5" executionId="79accd2c-21f4-4407-aeb0-147031148fae" testListId="8c84fa94-04c1-424b-9868-57a2d4851a1d" />
    <TestEntry testId="efa28403-4b97-87b5-f2ab-991a214ef2a6" executionId="872a0548-6425-4251-a7e2-8c0f1cca479a" testListId="8c84fa94-04c1-424b-9868-57a2d4851a1d" />
    <TestEntry testId="a7cb801d-7f16-2aed-a9b9-27ada01410cb" executionId="21f6cd5c-c05f-4f76-8aee-24f16ffd5fc3" testListId="8c84fa94-04c1-424b-9868-57a2d4851a1d" />
    <TestEntry testId="912f6c7e-3dd3-46db-c9bf-50f8bac8d60b" executionId="7eb297eb-1615-4dc6-833f-d18257b20aaa" testListId="8c84fa94-04c1-424b-9868-57a2d4851a1d" />
    <TestEntry testId="c13b6588-2a19-2c09-3895-58ee1bfe9fde" executionId="ebc5422c-e114-46cd-8304-7ce87931d431" testListId="8c84fa94-04c1-424b-9868-57a2d4851a1d" />
    <TestEntry testId="db2cb8c8-7d9d-eb1f-44ff-41d77481d91c" executionId="bbc79ddb-bc46-4eb7-9df9-9390869bcba8" testListId="8c84fa94-04c1-424b-9868-57a2d4851a1d" />
    <TestEntry testId="fd36a05d-aabc-c319-396e-483787345ed9" executionId="3f5e71a8-0bb1-4b2d-a439-782edbb05bd0" testListId="8c84fa94-04c1-424b-9868-57a2d4851a1d" />
    <TestEntry testId="7e46dd07-4366-27a0-3009-4a77bc548fa9" executionId="575f1ada-4421-467a-bf88-c68cbd833468" testListId="8c84fa94-04c1-424b-9868-57a2d4851a1d" />
    <TestEntry testId="5f864fdf-439e-2f82-1d4d-33966957f6d6" executionId="5c5b5a13-768d-4893-b476-6185a4673aad" testListId="8c84fa94-04c1-424b-9868-57a2d4851a1d" />
    <TestEntry testId="d360f263-f7ec-aadc-b7b2-c7765fbfba2e" executionId="9ffe456d-6e94-4a26-9ca9-41b00ede6154" testListId="8c84fa94-04c1-424b-9868-57a2d4851a1d" />
    <TestEntry testId="c32c7fae-3b6b-0f87-7334-0ef6b44c9d25" executionId="f3e08f76-f673-4915-bfc7-697c14e2af43" testListId="8c84fa94-04c1-424b-9868-57a2d4851a1d" />
    <TestEntry testId="311b6c3e-cccf-4b30-e7f9-449c9ecff942" executionId="b2e00495-c40a-4380-8904-f943449e492c" testListId="8c84fa94-04c1-424b-9868-57a2d4851a1d" />
    <TestEntry testId="c9d9ed72-c67b-02b9-941b-eca4dbf8c071" executionId="a7b28ab1-c61d-4d8d-b8be-eb85df017144" testListId="8c84fa94-04c1-424b-9868-57a2d4851a1d" />
    <TestEntry testId="4659e2ae-6baf-fd7c-3743-b3031d89bf4f" executionId="be4106cf-680c-4003-84dc-9a7070d27eb6" testListId="8c84fa94-04c1-424b-9868-57a2d4851a1d" />
    <TestEntry testId="832db953-3174-9e47-9e79-c9e962a5dc9a" executionId="c813f4c1-5bae-41af-86bc-f6d63a26c8b5" testListId="8c84fa94-04c1-424b-9868-57a2d4851a1d" />
    <TestEntry testId="685bf125-95a7-b042-d839-6110f006a2bb" executionId="2c422985-11a5-4a3e-ae0c-221e2427c492" testListId="8c84fa94-04c1-424b-9868-57a2d4851a1d" />
    <TestEntry testId="c574a1e3-8952-ce45-2c0e-dc14f4ee4afc" executionId="308d01a0-ff30-452e-8449-0dc296216a39" testListId="8c84fa94-04c1-424b-9868-57a2d4851a1d" />
    <TestEntry testId="8b9c529a-f659-c89a-aa3e-a5fad6a9fea7" executionId="38a4079e-a09e-4397-9812-806febda0a93" testListId="8c84fa94-04c1-424b-9868-57a2d4851a1d" />
    <TestEntry testId="a6f92938-3cd6-0259-0038-c96207263ec9" executionId="6dd35243-ff30-4afa-9dc3-6d5232205627" testListId="8c84fa94-04c1-424b-9868-57a2d4851a1d" />
    <TestEntry testId="bb5bca1a-3a3d-1d7d-5495-30c05c394e48" executionId="f95d0181-a852-402d-93af-8ee2eddeb25c" testListId="8c84fa94-04c1-424b-9868-57a2d4851a1d" />
    <TestEntry testId="c4d29875-feb5-a7dc-a76f-80d1469f6e29" executionId="45a20791-24b6-4fe8-8483-92d9663f243d" testListId="8c84fa94-04c1-424b-9868-57a2d4851a1d" />
    <TestEntry testId="551e1906-8fe5-1e21-9db5-c258ea52673e" executionId="cdfcc37d-cecb-482c-9ec8-8c195dff00ad" testListId="8c84fa94-04c1-424b-9868-57a2d4851a1d" />
    <TestEntry testId="a446a9ac-cd6d-4eef-b2f8-502eddef1fa4" executionId="b96dacef-3389-4a54-b55a-3a0ab61b68af" testListId="8c84fa94-04c1-424b-9868-57a2d4851a1d" />
    <TestEntry testId="165652a5-8470-80de-f723-64799828bde9" executionId="7296514e-7b43-4e00-9cfb-1c844163573d" testListId="8c84fa94-04c1-424b-9868-57a2d4851a1d" />
    <TestEntry testId="c5101a70-e57e-8026-1c5c-7e3b4083afbc" executionId="af9e4b77-699e-461e-9c81-e011a29ab984" testListId="8c84fa94-04c1-424b-9868-57a2d4851a1d" />
    <TestEntry testId="35b5ad29-9f82-13e3-add3-97b8e7b9d94c" executionId="09bd4344-0166-4157-bfb3-dcce751162f6" testListId="8c84fa94-04c1-424b-9868-57a2d4851a1d" />
    <TestEntry testId="6ee08595-df8b-8458-88c8-ea8a550f9a05" executionId="4f5d3f11-cfac-49d4-abaf-0412814dd544" testListId="8c84fa94-04c1-424b-9868-57a2d4851a1d" />
    <TestEntry testId="30d1482a-3681-2b78-041a-5c6ec797ad16" executionId="b43392b1-d1ef-494d-b78d-6d99494ea42f" testListId="8c84fa94-04c1-424b-9868-57a2d4851a1d" />
    <TestEntry testId="bfa6a2fe-1dd5-18fe-deaf-f94c809d7864" executionId="90a49ba6-752f-48d6-a381-df9314745873" testListId="8c84fa94-04c1-424b-9868-57a2d4851a1d" />
    <TestEntry testId="bbf811fc-91c4-d67b-1ccb-4aee9c90b997" executionId="c8bf1a36-795e-4359-8d0c-7f5a82065016" testListId="8c84fa94-04c1-424b-9868-57a2d4851a1d" />
    <TestEntry testId="69beb265-ebe6-f9da-2e10-2e50d1b0f6dd" executionId="f0c6ab6f-0715-43dd-bccd-923cedb67aed" testListId="8c84fa94-04c1-424b-9868-57a2d4851a1d" />
    <TestEntry testId="af0b0176-41dc-ac96-c773-4c806eea0dff" executionId="df0f42ac-8250-44bb-a56d-6b4c7fa05eea" testListId="8c84fa94-04c1-424b-9868-57a2d4851a1d" />
    <TestEntry testId="6583a529-9a0d-8ac6-f31e-1a2e00b4ca32" executionId="7c357780-4880-4061-869b-96062ffb176e" testListId="8c84fa94-04c1-424b-9868-57a2d4851a1d" />
    <TestEntry testId="71308719-ce88-4981-95a1-907da9a59986" executionId="bfff2be0-98f7-44e2-89dc-f5be599d444e" testListId="8c84fa94-04c1-424b-9868-57a2d4851a1d" />
    <TestEntry testId="a5e59568-9809-0546-2c2c-c87f9fc098c3" executionId="a7f063aa-a417-4cb1-88a5-b4056ff242b8" testListId="8c84fa94-04c1-424b-9868-57a2d4851a1d" />
    <TestEntry testId="8e29e473-880f-e0c6-1aef-64cf243a141f" executionId="6143a8d1-ced9-4054-91c0-2f0ff531096c" testListId="8c84fa94-04c1-424b-9868-57a2d4851a1d" />
    <TestEntry testId="4052b285-ee8b-dda1-747f-8fb2d2b5853d" executionId="07a340c4-f2d6-4ee2-b9f0-db6946cc5870" testListId="8c84fa94-04c1-424b-9868-57a2d4851a1d" />
    <TestEntry testId="99f446f3-a7b4-6b9c-7383-6521b7b5724d" executionId="acddb7a7-a01d-4c3f-a8d5-af6eb2f1c1b7" testListId="8c84fa94-04c1-424b-9868-57a2d4851a1d" />
    <TestEntry testId="14c31508-17e6-4880-b426-ed6fb60b31cf" executionId="7185c8ad-241f-4b75-8763-662b3bed2649" testListId="8c84fa94-04c1-424b-9868-57a2d4851a1d" />
    <TestEntry testId="9f77d37b-5939-25ba-159c-c8d9e89e3cd4" executionId="d498a312-db5d-4241-a996-71a371be8de6" testListId="8c84fa94-04c1-424b-9868-57a2d4851a1d" />
    <TestEntry testId="ac82514e-82f3-4065-a2b1-92de92c3b5d4" executionId="91dba332-29b9-4cd1-b3f7-300552b44346" testListId="8c84fa94-04c1-424b-9868-57a2d4851a1d" />
    <TestEntry testId="7c24f30a-cdbb-9287-2f6f-be40b9f25947" executionId="693ca9c7-8c2a-4bdb-bb0e-29685ade9ebd" testListId="8c84fa94-04c1-424b-9868-57a2d4851a1d" />
    <TestEntry testId="1984c2a7-7175-dd20-85f7-f923a8979400" executionId="381af369-7ab0-49db-acf2-c82ed4fc5589" testListId="8c84fa94-04c1-424b-9868-57a2d4851a1d" />
    <TestEntry testId="a52cb0c6-bb59-1170-7a7a-076e1cd628c6" executionId="b9209366-702d-4ee9-b5c0-1fdbfe9ff0db" testListId="8c84fa94-04c1-424b-9868-57a2d4851a1d" />
    <TestEntry testId="9ad9e2f6-715d-ede9-5172-b09d4e9b5fa2" executionId="0a9ee7c3-4a70-4424-9387-4b1deae8c0e0" testListId="8c84fa94-04c1-424b-9868-57a2d4851a1d" />
    <TestEntry testId="01712ad9-1f0a-7bad-d728-5d046cd9246c" executionId="8da9c55a-9090-4d47-9d4b-22a7a25fba9d" testListId="8c84fa94-04c1-424b-9868-57a2d4851a1d" />
    <TestEntry testId="6283c4be-1bf1-1121-ef21-2c078662a67b" executionId="43faaa41-1b7a-49ae-9f29-66d680269879" testListId="8c84fa94-04c1-424b-9868-57a2d4851a1d" />
    <TestEntry testId="d7f431fb-d8db-7127-72a4-c56f83d9c52c" executionId="9a3f750f-671f-409e-9b86-51d1f545d693" testListId="8c84fa94-04c1-424b-9868-57a2d4851a1d" />
    <TestEntry testId="10731ee9-0f6c-2f00-a7f4-089825b67c70" executionId="75dfe8a3-d297-4235-ae44-f4985bb3bd31" testListId="8c84fa94-04c1-424b-9868-57a2d4851a1d" />
    <TestEntry testId="4ca8e0f8-7886-5585-ed9e-dd4413882552" executionId="f8e50979-bbd7-44b9-9991-d7b78f97bd33" testListId="8c84fa94-04c1-424b-9868-57a2d4851a1d" />
    <TestEntry testId="bb8d7f1d-0bb4-3dea-c4fc-e0834e054d6f" executionId="5d93538f-90b3-4130-8d81-926f46c799b1" testListId="8c84fa94-04c1-424b-9868-57a2d4851a1d" />
    <TestEntry testId="08105b68-db60-bfeb-93e6-92f308ba13b0" executionId="809a046f-1c44-4bc9-8b98-7f6d1770f3d2" testListId="8c84fa94-04c1-424b-9868-57a2d4851a1d" />
    <TestEntry testId="b857bdd6-a10b-15bd-502f-d3e99d2d9689" executionId="3122cd31-0924-4ee5-86e1-e85904393af6" testListId="8c84fa94-04c1-424b-9868-57a2d4851a1d" />
    <TestEntry testId="e3bab16b-3c59-832e-1834-a442985b41e2" executionId="c7b17536-4dc2-42f9-840e-a0d76ffdc0e6" testListId="8c84fa94-04c1-424b-9868-57a2d4851a1d" />
    <TestEntry testId="b019aed6-f3db-c6f2-5353-b095630ac4f5" executionId="53d0422a-cdce-4eb8-89af-c11e43d129d2" testListId="8c84fa94-04c1-424b-9868-57a2d4851a1d" />
    <TestEntry testId="ec173942-74cf-fb84-c8bf-7bb7f9f4c8c4" executionId="382c9612-faaf-400f-a2a1-4e62630dc83f" testListId="8c84fa94-04c1-424b-9868-57a2d4851a1d" />
    <TestEntry testId="e39e9980-2b7c-af72-8ea9-548ab3dc3398" executionId="05344d38-c892-43ef-a2b3-75afd39bdf2a" testListId="8c84fa94-04c1-424b-9868-57a2d4851a1d" />
    <TestEntry testId="5e6eaeac-789b-c31a-2d06-a6b7c6009b63" executionId="814dc6be-e891-4e39-839b-ae1bd249ff14" testListId="8c84fa94-04c1-424b-9868-57a2d4851a1d" />
    <TestEntry testId="f91e9575-30e1-e221-f699-3a11de9b388a" executionId="c3ba5f70-306d-4dd7-b7f4-b1eb37383a00" testListId="8c84fa94-04c1-424b-9868-57a2d4851a1d" />
    <TestEntry testId="3a23b277-a9a6-16d5-edba-7bdc7179741c" executionId="37ca45a0-7dfb-41a3-8547-ec6613cc62d7" testListId="8c84fa94-04c1-424b-9868-57a2d4851a1d" />
    <TestEntry testId="cf228890-f5ab-17dc-6ff0-7693334748e8" executionId="d930a4ab-8de6-4c2b-9352-9bc9c3277c6e" testListId="8c84fa94-04c1-424b-9868-57a2d4851a1d" />
    <TestEntry testId="cedf9e10-17c3-638f-1fb4-b52f984508c8" executionId="3f18d0fc-4810-49fb-b7de-6fdb0c6d02a7" testListId="8c84fa94-04c1-424b-9868-57a2d4851a1d" />
    <TestEntry testId="9dcecbc0-db91-7dce-29a5-821593a72922" executionId="345c5fc0-15ef-49c4-bd86-0f2320e83f73" testListId="8c84fa94-04c1-424b-9868-57a2d4851a1d" />
    <TestEntry testId="df4e7918-47c1-9f81-c5c6-ccb3731090e4" executionId="47dd57ff-0e6b-4ac1-94cd-bd8fb6d90008" testListId="8c84fa94-04c1-424b-9868-57a2d4851a1d" />
    <TestEntry testId="86187f3d-b602-5f85-7bbd-67f366b856b9" executionId="a94f549e-9c0c-44ed-bb15-0fc5518d1d8a" testListId="8c84fa94-04c1-424b-9868-57a2d4851a1d" />
    <TestEntry testId="749bbee2-7b84-79fe-48ac-a4a2d51ee66d" executionId="07636266-fd9e-4145-9af1-230d947bd167" testListId="8c84fa94-04c1-424b-9868-57a2d4851a1d" />
    <TestEntry testId="f080a087-472a-f802-200b-4ae8e884e5bc" executionId="6d98396d-9b03-42ca-9427-e92fe9940ea4" testListId="8c84fa94-04c1-424b-9868-57a2d4851a1d" />
    <TestEntry testId="90b509f3-eaa4-5292-2d86-2fb0253e9169" executionId="c7c9cca3-2760-4879-9c34-9ed162270c1e" testListId="8c84fa94-04c1-424b-9868-57a2d4851a1d" />
    <TestEntry testId="e54d77da-6a95-0aa2-239e-14e9fe7b27b9" executionId="6b6a0a2c-647a-4293-acc6-d26022fc278b" testListId="8c84fa94-04c1-424b-9868-57a2d4851a1d" />
    <TestEntry testId="a1d0a451-dd40-52d3-2e4e-86926b2f8d79" executionId="5bdeda60-65e5-4689-92d8-1fa86017ce0c" testListId="8c84fa94-04c1-424b-9868-57a2d4851a1d" />
    <TestEntry testId="4ba07ff2-86ed-f85e-fabc-04e7d2882c05" executionId="638e8e9f-8bac-4c24-bdc7-c530daa262f7" testListId="8c84fa94-04c1-424b-9868-57a2d4851a1d" />
    <TestEntry testId="30c64cc6-6335-ca51-cb54-04f89cee0ed9" executionId="17f8922a-0209-4fc0-a256-eec952827168" testListId="8c84fa94-04c1-424b-9868-57a2d4851a1d" />
    <TestEntry testId="4c5efd82-b666-5ad5-6065-602cf6a7d241" executionId="bbdee542-5f45-4b73-9fbb-6d75a0e3316f" testListId="8c84fa94-04c1-424b-9868-57a2d4851a1d" />
    <TestEntry testId="fb70cdc3-1bf1-6e46-2aba-a1201f5edf64" executionId="ce30646a-04c4-4110-8212-aaff767559c8" testListId="8c84fa94-04c1-424b-9868-57a2d4851a1d" />
    <TestEntry testId="5a0ae5e8-72bd-c20c-476c-fc5a9836655a" executionId="8db8b04c-0cf4-4593-87ed-9aff9ec97346" testListId="8c84fa94-04c1-424b-9868-57a2d4851a1d" />
    <TestEntry testId="76eed23b-8a55-d326-92d7-3df3c6478d17" executionId="4abc81ee-0262-4c07-bb00-aea7074006f5" testListId="8c84fa94-04c1-424b-9868-57a2d4851a1d" />
    <TestEntry testId="f0903404-1a3b-41c9-12e3-9c19c9690b95" executionId="b0535755-4040-4451-a6c5-938b6be0e6ac" testListId="8c84fa94-04c1-424b-9868-57a2d4851a1d" />
    <TestEntry testId="a732ecdf-009d-4fc3-3846-806e90a131ab" executionId="52974093-e12f-4f5e-b5d9-4b9752d4f76c" testListId="8c84fa94-04c1-424b-9868-57a2d4851a1d" />
    <TestEntry testId="977cf24f-20f0-af04-f9fd-88296a80a191" executionId="cc4089d6-4406-48f1-8fb2-8f189b07ab1a" testListId="8c84fa94-04c1-424b-9868-57a2d4851a1d" />
    <TestEntry testId="820cc941-cded-40f7-68fc-769610bce971" executionId="61d799c9-fca2-4b29-85cc-bf9e6b7a0ada" testListId="8c84fa94-04c1-424b-9868-57a2d4851a1d" />
    <TestEntry testId="dfd55305-89b6-7032-e718-91fc3fa77a9e" executionId="ec3f921f-c53e-4a94-aab6-62a82b4571ad" testListId="8c84fa94-04c1-424b-9868-57a2d4851a1d" />
    <TestEntry testId="f078f557-ee0d-8e18-56e1-39597d1f6c31" executionId="df29be38-1f64-4e5e-a211-e2cab83d8cd3" testListId="8c84fa94-04c1-424b-9868-57a2d4851a1d" />
    <TestEntry testId="3c37108a-c70c-c832-75e8-68781bee0ca1" executionId="d1c43269-e368-4754-92cd-2bcbe0071dbc" testListId="8c84fa94-04c1-424b-9868-57a2d4851a1d" />
    <TestEntry testId="6f9b44ef-a4fb-2ef9-5064-11b31eaf6d4b" executionId="344adb8a-17c6-4f7b-a651-c1f9306d0eaa" testListId="8c84fa94-04c1-424b-9868-57a2d4851a1d" />
    <TestEntry testId="e9afcaf2-7818-aac4-97f5-27c1d6e7b6c2" executionId="909a2103-acbe-4c7c-ae41-f8cdef2d1fd0" testListId="8c84fa94-04c1-424b-9868-57a2d4851a1d" />
    <TestEntry testId="b0a57685-59f6-3924-f2f2-628ea43f6fa6" executionId="abbcd1a6-8bd2-4e0f-bcf1-9b179ad7aae6" testListId="8c84fa94-04c1-424b-9868-57a2d4851a1d" />
    <TestEntry testId="f990a213-1cf7-9a2d-bb25-79a3d8a56028" executionId="e7ee2b6c-4a3a-4541-9cc2-25b8183a4aba" testListId="8c84fa94-04c1-424b-9868-57a2d4851a1d" />
    <TestEntry testId="4042cc53-0735-53f5-867b-1cf2a2aa85d5" executionId="6c263b50-36fe-4131-b4b8-8be7d2acb5b2" testListId="8c84fa94-04c1-424b-9868-57a2d4851a1d" />
    <TestEntry testId="0789453e-d5f1-17cb-3560-d081385bfb12" executionId="bf5d44a8-3c1d-4638-949d-dfa2e7b5a5a4" testListId="8c84fa94-04c1-424b-9868-57a2d4851a1d" />
    <TestEntry testId="05b76220-fd76-c7b5-cf44-0c20f6f56988" executionId="0f9d1349-d448-43eb-bce1-e4a5711dfba8" testListId="8c84fa94-04c1-424b-9868-57a2d4851a1d" />
    <TestEntry testId="9f2f9acf-342d-ecbf-b67b-31f17d6aa429" executionId="7d63c2e9-6452-4445-9cb9-6010d0169b78" testListId="8c84fa94-04c1-424b-9868-57a2d4851a1d" />
    <TestEntry testId="498b934f-374c-1dc8-3085-bd3a70ce9a92" executionId="0f49bfc9-866a-429a-8630-6c2212d96ca5" testListId="8c84fa94-04c1-424b-9868-57a2d4851a1d" />
    <TestEntry testId="d3300c9e-5da3-cf6d-3ac1-7219738332c6" executionId="945fc28a-0f08-4fa7-8d36-4ccb5fefbec7" testListId="8c84fa94-04c1-424b-9868-57a2d4851a1d" />
    <TestEntry testId="ebdedf64-5984-f3fa-314b-abb5908d2640" executionId="fcf60480-c1d6-4450-81fa-bf13acf351b7" testListId="8c84fa94-04c1-424b-9868-57a2d4851a1d" />
    <TestEntry testId="4a081906-f0c0-7f45-b4ec-9402f752201c" executionId="6f505ec0-e8e8-425c-9d59-92901d822d28" testListId="8c84fa94-04c1-424b-9868-57a2d4851a1d" />
    <TestEntry testId="df96f889-695d-6b63-9f03-a599b338bed3" executionId="f828a256-fc68-4271-8760-23fa40cbca84" testListId="8c84fa94-04c1-424b-9868-57a2d4851a1d" />
    <TestEntry testId="7166e05f-60b9-3728-f3a5-1af83e5aad4c" executionId="c45c083b-f672-4a9c-b7b7-2ab97a9d3d7f" testListId="8c84fa94-04c1-424b-9868-57a2d4851a1d" />
    <TestEntry testId="c5027c1a-9b50-9f43-2228-adeb647f513f" executionId="957a50b4-647c-4338-bf47-85d63182c249" testListId="8c84fa94-04c1-424b-9868-57a2d4851a1d" />
    <TestEntry testId="5e5950b2-b136-6c89-672e-7a590d826125" executionId="9c2f9510-a285-4763-ba2a-789cedb80545" testListId="8c84fa94-04c1-424b-9868-57a2d4851a1d" />
    <TestEntry testId="cb7fb629-ff05-f9fd-40f3-26fe636dd5c1" executionId="8e143e03-3c9e-45cd-9d96-aab8feb38794" testListId="8c84fa94-04c1-424b-9868-57a2d4851a1d" />
    <TestEntry testId="bbba8e22-1b20-62d6-6e69-7016b4e8e4bf" executionId="1c4f53a2-727a-4786-b6fa-dc35829cdcf8" testListId="8c84fa94-04c1-424b-9868-57a2d4851a1d" />
    <TestEntry testId="92d7240b-67dc-fa2a-1053-63a4cde5f1ef" executionId="525e547b-8f7c-4e34-8397-973a50cae5d3" testListId="8c84fa94-04c1-424b-9868-57a2d4851a1d" />
    <TestEntry testId="f7ed2bd9-0dc3-2bb8-cc6b-16f79bea320a" executionId="0ed0be7d-baa2-42c6-b8a1-0ff861e369ae" testListId="8c84fa94-04c1-424b-9868-57a2d4851a1d" />
    <TestEntry testId="0a693c83-039e-37ea-ca71-d6cb11cb39f0" executionId="33397afc-5807-4848-8eae-d0e6faf01f0a" testListId="8c84fa94-04c1-424b-9868-57a2d4851a1d" />
    <TestEntry testId="5daf60bc-d3db-b08c-c8ea-5261b3f91cd1" executionId="4c06c50b-a25f-47a9-ab3c-68701b01ac15" testListId="8c84fa94-04c1-424b-9868-57a2d4851a1d" />
    <TestEntry testId="ca801211-e81b-4246-8165-fc89719685cd" executionId="456a525e-3f74-4efa-ac61-1db2dd0a866d" testListId="8c84fa94-04c1-424b-9868-57a2d4851a1d" />
    <TestEntry testId="d630ef1a-2910-8a07-c058-c24f7291ec13" executionId="fabf941a-d83d-47df-bb57-58f33ea22b86" testListId="8c84fa94-04c1-424b-9868-57a2d4851a1d" />
    <TestEntry testId="717abb16-22b3-f92b-b19b-53aac21bcea2" executionId="fd5d5afe-8222-457d-a8b6-2c513495a7b6" testListId="8c84fa94-04c1-424b-9868-57a2d4851a1d" />
    <TestEntry testId="2e2fba21-e57a-bf8c-9794-7565ebcbea78" executionId="dbd85360-ecd4-4217-b941-f073a8e1d625" testListId="8c84fa94-04c1-424b-9868-57a2d4851a1d" />
    <TestEntry testId="278a89d0-8f21-1d66-b7b0-77ed01c69463" executionId="0ceb90e9-4cd2-491c-9719-2a579f9e5dff" testListId="8c84fa94-04c1-424b-9868-57a2d4851a1d" />
    <TestEntry testId="ebb85f49-d557-5a6a-c90c-63121ba0873d" executionId="041ee784-5135-4249-b8ca-1e87691c8b64" testListId="8c84fa94-04c1-424b-9868-57a2d4851a1d" />
    <TestEntry testId="27b117ff-b7dd-57b4-7de5-67615daa035c" executionId="431c3b62-de7c-48fd-918e-c18ca35dadc8" testListId="8c84fa94-04c1-424b-9868-57a2d4851a1d" />
    <TestEntry testId="72cc59dc-cbb4-fcaa-43ae-593609766cef" executionId="29c9a10a-1db9-409a-be03-644b2a6e9221" testListId="8c84fa94-04c1-424b-9868-57a2d4851a1d" />
    <TestEntry testId="a396a734-e07f-ae5f-d645-a46a1b70118e" executionId="bd11db02-7546-4ce0-aae8-3872240d15fa" testListId="8c84fa94-04c1-424b-9868-57a2d4851a1d" />
    <TestEntry testId="fd0cdcec-1fac-f49f-a746-4772ac5928f9" executionId="be1d00ea-0c87-4a80-92b9-e5926b1cb476" testListId="8c84fa94-04c1-424b-9868-57a2d4851a1d" />
    <TestEntry testId="c9358ee1-e8d6-bb75-63be-5bcf05b8756e" executionId="0b00b2db-14cb-4488-8ff9-0e933ffe5d06" testListId="8c84fa94-04c1-424b-9868-57a2d4851a1d" />
    <TestEntry testId="c85baa65-9c4c-9bde-b9a8-21453265b599" executionId="6c9f104d-f405-47b5-a211-27587a5ca330" testListId="8c84fa94-04c1-424b-9868-57a2d4851a1d" />
    <TestEntry testId="c958d145-1335-3f69-818e-4d1059fbb724" executionId="97e88a0d-5f99-4954-bfd4-e2c2766b209e" testListId="8c84fa94-04c1-424b-9868-57a2d4851a1d" />
    <TestEntry testId="0dc123ac-2efb-3f2f-924d-27dae15c54d0" executionId="20662a75-7e8a-46e7-a6c1-ece320f8ddaf" testListId="8c84fa94-04c1-424b-9868-57a2d4851a1d" />
    <TestEntry testId="5bc0f3f5-2ef6-71a7-b380-e960810bb877" executionId="ee4bd034-cd11-4358-b5cd-04c9a43d6978" testListId="8c84fa94-04c1-424b-9868-57a2d4851a1d" />
    <TestEntry testId="411a9c2f-81ff-4d70-023d-fdced9c6f4ac" executionId="e8a8b616-eaa9-45c8-a01b-530bd82f584c" testListId="8c84fa94-04c1-424b-9868-57a2d4851a1d" />
    <TestEntry testId="9deae48d-7055-3dbc-52b0-c16fc854726a" executionId="d1feec0b-a854-420e-8e3e-46c6e8a18c5c" testListId="8c84fa94-04c1-424b-9868-57a2d4851a1d" />
    <TestEntry testId="edfe0445-7d04-dc18-c1ba-a9d34b86d8ce" executionId="8169fe2d-4415-4736-a653-c279f6678dc4" testListId="8c84fa94-04c1-424b-9868-57a2d4851a1d" />
    <TestEntry testId="75182c76-38a7-377f-7070-40caa7b382c0" executionId="89d451f1-6a30-4ca6-8af5-aba0fd2a0c3e" testListId="8c84fa94-04c1-424b-9868-57a2d4851a1d" />
    <TestEntry testId="d331ef3f-7107-54ae-0c84-b5478edee8fe" executionId="aa80a23c-20dd-4fcd-bd2d-967c7a3c4964" testListId="8c84fa94-04c1-424b-9868-57a2d4851a1d" />
    <TestEntry testId="b45faf43-dd79-04c9-5445-23da1be779f9" executionId="f4eb0ca4-591a-4e39-b780-f02c63db7c9c" testListId="8c84fa94-04c1-424b-9868-57a2d4851a1d" />
    <TestEntry testId="6e767f96-9226-7d9c-988b-ea75a4b8e156" executionId="16137804-399d-4b10-96d6-da1b2b8feab0" testListId="8c84fa94-04c1-424b-9868-57a2d4851a1d" />
    <TestEntry testId="e3ea7a3f-bc55-5685-d863-350fa30216ea" executionId="34a2303d-b64d-4afc-b739-9a71a3b552ed" testListId="8c84fa94-04c1-424b-9868-57a2d4851a1d" />
    <TestEntry testId="acae517f-099e-2cd1-8736-3ed091b5c626" executionId="6f86046f-97d6-43fd-8e59-42cf745db9b3" testListId="8c84fa94-04c1-424b-9868-57a2d4851a1d" />
    <TestEntry testId="18415b52-0d3b-632d-e54d-5820f161e676" executionId="9f2d5ad1-4dea-40ac-94f4-bf0c3ab58f29" testListId="8c84fa94-04c1-424b-9868-57a2d4851a1d" />
    <TestEntry testId="7ace1753-df5a-6da6-da58-a5f38ddbdf97" executionId="debbbb2c-bd8e-4c02-9597-9b4bd7d424cf" testListId="8c84fa94-04c1-424b-9868-57a2d4851a1d" />
    <TestEntry testId="06d35280-ada3-246c-c04a-58775402cb55" executionId="c9ae0d3f-e6ec-4a61-83a0-665d9af27094" testListId="8c84fa94-04c1-424b-9868-57a2d4851a1d" />
    <TestEntry testId="7c1ef6a2-586b-711e-f03d-e05f7b31ffe1" executionId="0a8c16aa-6179-462f-ae91-c682b8aeba37" testListId="8c84fa94-04c1-424b-9868-57a2d4851a1d" />
    <TestEntry testId="02db334a-6c5c-72ac-09b6-78c16163fb60" executionId="cfbae62c-33fc-4c34-bed1-98c0ec3dbfae" testListId="8c84fa94-04c1-424b-9868-57a2d4851a1d" />
    <TestEntry testId="db6ef193-8df4-e9b2-14b2-67527051d37c" executionId="937845c5-ddbf-4b7b-b8de-878c2bca6276" testListId="8c84fa94-04c1-424b-9868-57a2d4851a1d" />
    <TestEntry testId="7d15150a-7174-6f65-3843-6fe9d1970c7b" executionId="923af86c-ec1e-42d7-986b-e1e9e155cbf2" testListId="8c84fa94-04c1-424b-9868-57a2d4851a1d" />
    <TestEntry testId="2b85e6a6-b085-3693-8351-fe312faa0712" executionId="708ca62f-abae-4baa-94c3-27160950c24a" testListId="8c84fa94-04c1-424b-9868-57a2d4851a1d" />
    <TestEntry testId="da316600-cb2e-9486-6dab-86d50d3c1c5c" executionId="a9c6d707-4062-46b6-9f0b-6de95a3a3ee8" testListId="8c84fa94-04c1-424b-9868-57a2d4851a1d" />
    <TestEntry testId="04b4d7eb-6ae2-be4f-929b-1cc4d1077821" executionId="506d0ed1-b52b-4fe0-bb23-9b553789eb6d" testListId="8c84fa94-04c1-424b-9868-57a2d4851a1d" />
    <TestEntry testId="d4d49c29-9474-ecf3-0071-3ac279f9699d" executionId="f36c6d96-c743-4250-b278-cd1e90e98d93" testListId="8c84fa94-04c1-424b-9868-57a2d4851a1d" />
    <TestEntry testId="6c36e8fc-eb19-ac2b-e037-50e452248387" executionId="9b4cb284-f962-4c7b-881c-f49fabe470e0" testListId="8c84fa94-04c1-424b-9868-57a2d4851a1d" />
    <TestEntry testId="d8f98bda-9edd-5f69-b3df-8d5cd152c533" executionId="09a0785b-ab8f-4f1f-a614-f4a886303020" testListId="8c84fa94-04c1-424b-9868-57a2d4851a1d" />
    <TestEntry testId="44068533-73ca-2e9c-89ae-ee196ec1d842" executionId="a68782d5-1acd-4ef9-a555-3cc3ad8bfa29" testListId="8c84fa94-04c1-424b-9868-57a2d4851a1d" />
    <TestEntry testId="74d935d3-9bac-ca17-d821-b5657be316bf" executionId="d08b62d3-d86c-4f10-9097-fa8b95bd09bf" testListId="8c84fa94-04c1-424b-9868-57a2d4851a1d" />
    <TestEntry testId="f435fded-0773-20b6-5c22-8fc126f24cdf" executionId="5f0e0c1c-f1ef-4c00-bc0a-bca151e4b8df" testListId="8c84fa94-04c1-424b-9868-57a2d4851a1d" />
    <TestEntry testId="cba045b0-e2c3-6ee4-807a-f0cc507f11e5" executionId="98e6763f-d26b-42ae-94cb-c560a7a875d6" testListId="8c84fa94-04c1-424b-9868-57a2d4851a1d" />
    <TestEntry testId="cab07736-a7f9-5cae-27f4-2374346d547f" executionId="cf04365a-d8a3-4c5a-ac51-d39b134d0c93" testListId="8c84fa94-04c1-424b-9868-57a2d4851a1d" />
    <TestEntry testId="4bf554c3-e002-54a1-f4f4-8a2759f993cd" executionId="f9073eb1-a099-4366-9870-48da4055dade" testListId="8c84fa94-04c1-424b-9868-57a2d4851a1d" />
    <TestEntry testId="78ec70f9-0461-4d69-fbae-7bfa68a35251" executionId="6d043012-d061-482c-a948-28494c40fca7" testListId="8c84fa94-04c1-424b-9868-57a2d4851a1d" />
    <TestEntry testId="343ce4f5-70c5-16b3-2ac5-d8d01c366aab" executionId="68edf28a-4329-4b0e-8a4f-34ee94cb343d" testListId="8c84fa94-04c1-424b-9868-57a2d4851a1d" />
    <TestEntry testId="5fcc6bb5-5034-60d9-130d-fe126a4d45b8" executionId="2b5baa4f-18e8-4bf7-8658-6136e6d4e7f6" testListId="8c84fa94-04c1-424b-9868-57a2d4851a1d" />
    <TestEntry testId="9b5dfb80-ce41-e436-1e7d-ce9b1aff93d9" executionId="70d4622f-875b-4797-b9d7-2186f089a8e4" testListId="8c84fa94-04c1-424b-9868-57a2d4851a1d" />
    <TestEntry testId="9085edc1-23da-0141-ff53-9bb481ec3c06" executionId="a7bf38af-fb0b-4342-bd65-549062c6e039" testListId="8c84fa94-04c1-424b-9868-57a2d4851a1d" />
    <TestEntry testId="9d26e53f-b338-80dd-562a-e1e68c02f67a" executionId="70a3e6fe-330c-4521-93c2-6aac823d207e" testListId="8c84fa94-04c1-424b-9868-57a2d4851a1d" />
    <TestEntry testId="b2b9573d-e985-c983-e346-e985217d8d09" executionId="153cce95-f747-4393-a916-4db2b8b57875" testListId="8c84fa94-04c1-424b-9868-57a2d4851a1d" />
    <TestEntry testId="0376fa9b-7287-a731-419b-9fc297e855af" executionId="26ea8db8-2c96-4fc3-8394-0a7e9d8dc815" testListId="8c84fa94-04c1-424b-9868-57a2d4851a1d" />
    <TestEntry testId="8f22ce6f-4ac8-d4fe-e6d7-e45c0c472207" executionId="fdacc4f9-5d59-4a5c-b37c-a2cc5dbbc153" testListId="8c84fa94-04c1-424b-9868-57a2d4851a1d" />
    <TestEntry testId="25af1c0f-9922-9a6a-e81e-c2ad6e330e49" executionId="0f9d4737-9db4-4850-b21b-c9ed8bde5707" testListId="8c84fa94-04c1-424b-9868-57a2d4851a1d" />
    <TestEntry testId="99f21baf-cf67-7cbd-a714-a2085e10f456" executionId="b6d1c937-608f-4e6a-9f42-04d977fd5c3f" testListId="8c84fa94-04c1-424b-9868-57a2d4851a1d" />
    <TestEntry testId="31013b84-c240-3047-b7e6-518c431f1e71" executionId="22310356-4b23-46d2-a49a-c4c0b2038ff1" testListId="8c84fa94-04c1-424b-9868-57a2d4851a1d" />
    <TestEntry testId="663d5ff2-e7a3-93d3-3ad8-ed7a224ab1bf" executionId="615b79d0-42e3-4fdf-b9ae-5afc4a37a8c0" testListId="8c84fa94-04c1-424b-9868-57a2d4851a1d" />
    <TestEntry testId="ea1ac2dd-01bc-e3fc-f016-90eb60861333" executionId="b670157f-e683-4b97-b298-41a1ddc92a59" testListId="8c84fa94-04c1-424b-9868-57a2d4851a1d" />
    <TestEntry testId="62ec9571-83d3-3d31-1779-4fe2cf2be8e0" executionId="f08d2604-383b-4571-a92a-e02897bca7e1" testListId="8c84fa94-04c1-424b-9868-57a2d4851a1d" />
    <TestEntry testId="f4bee914-5ce1-371a-8400-7e20f637c3a1" executionId="16a2d7c9-829a-45e3-b5e6-120f74a65239" testListId="8c84fa94-04c1-424b-9868-57a2d4851a1d" />
    <TestEntry testId="9fb27429-2e5b-c1a5-586b-a38199a8345b" executionId="77b3ec48-e3d8-40a5-83e8-c68e4828743b" testListId="8c84fa94-04c1-424b-9868-57a2d4851a1d" />
    <TestEntry testId="db5d73e5-bd72-c41e-a69a-e342f27be70b" executionId="e1492b07-00a9-4615-adcd-4d02352a29f8" testListId="8c84fa94-04c1-424b-9868-57a2d4851a1d" />
    <TestEntry testId="8c079e0a-8bc0-4af0-dcf8-3d60635328e5" executionId="cbf3f13f-f2b2-4077-b0e9-20df2b52d410" testListId="8c84fa94-04c1-424b-9868-57a2d4851a1d" />
    <TestEntry testId="c31f1374-aadb-6c82-3feb-88f26c5a10d3" executionId="92229df5-e3ae-4ee2-9115-7dff1d9cc161" testListId="8c84fa94-04c1-424b-9868-57a2d4851a1d" />
    <TestEntry testId="7e7ded53-cbb8-545f-cbd5-7575b7f60d80" executionId="7c1ee686-90de-4fa5-a51d-793f9f7226ad" testListId="8c84fa94-04c1-424b-9868-57a2d4851a1d" />
    <TestEntry testId="c500524b-7f50-6acc-4109-a9567b61a4b1" executionId="06311f73-5a75-4dd6-b59b-270e9450d744" testListId="8c84fa94-04c1-424b-9868-57a2d4851a1d" />
    <TestEntry testId="dcd4e476-30fd-aff0-3302-390a2e842b9d" executionId="e18cd277-d473-4f95-b2db-18f7c76dbfcb" testListId="8c84fa94-04c1-424b-9868-57a2d4851a1d" />
    <TestEntry testId="b0c0975d-c610-a767-c328-0155d7e3729c" executionId="99165578-f046-471f-9e8b-3f6ebe626aad" testListId="8c84fa94-04c1-424b-9868-57a2d4851a1d" />
    <TestEntry testId="96f1738f-e2d9-406a-9b7b-fefb5ff95362" executionId="1ba23d10-936b-4366-a882-df9cf954412e" testListId="8c84fa94-04c1-424b-9868-57a2d4851a1d" />
    <TestEntry testId="a5d3088b-70e8-8d65-c2ea-01e93fca7cdd" executionId="3aec63da-bc72-447f-9884-51cfd94e86d9" testListId="8c84fa94-04c1-424b-9868-57a2d4851a1d" />
    <TestEntry testId="f0e672db-0cd5-af9b-9ddf-e55604adbaef" executionId="3f1ca339-7f09-403e-bafe-dd7ea370375c" testListId="8c84fa94-04c1-424b-9868-57a2d4851a1d" />
    <TestEntry testId="a9d86561-53c8-590d-391e-2656f1b5903c" executionId="19d0086f-1928-4f57-b60e-f91413fc2f84" testListId="8c84fa94-04c1-424b-9868-57a2d4851a1d" />
    <TestEntry testId="e3201c67-d417-c3b4-88e0-58c89ff57ebe" executionId="0eb3cd8e-75b5-407b-9772-7a40ab07b4a0" testListId="8c84fa94-04c1-424b-9868-57a2d4851a1d" />
    <TestEntry testId="c7ef02bf-2396-4de8-1185-78ff54ff8aab" executionId="32c3b494-3f9f-4bbc-91f6-8b978f221855" testListId="8c84fa94-04c1-424b-9868-57a2d4851a1d" />
    <TestEntry testId="80b773b9-f50d-d39a-b57c-a8373446bf0a" executionId="dfc0fa9d-1e1c-4211-b8bc-0537efa54ef9" testListId="8c84fa94-04c1-424b-9868-57a2d4851a1d" />
    <TestEntry testId="c5c4387e-9b4e-b9c4-f648-e86e48f601ca" executionId="0f6942db-1ced-4d3f-85fb-1916ed68abb6" testListId="8c84fa94-04c1-424b-9868-57a2d4851a1d" />
    <TestEntry testId="3bc1d4f1-f3cc-ed17-9443-3eb25acde6f0" executionId="99c7f912-af3f-4bfd-97d4-065e4e7b7c69" testListId="8c84fa94-04c1-424b-9868-57a2d4851a1d" />
    <TestEntry testId="b7d0d978-6fd2-9721-9776-d435fa619ea2" executionId="aa10ed49-8d87-4819-892b-c68781ca9f35" testListId="8c84fa94-04c1-424b-9868-57a2d4851a1d" />
    <TestEntry testId="95d48be6-afa8-e71d-dd78-cc9c789b5af7" executionId="caba48bc-e831-4a93-8561-e47c7c6f029a" testListId="8c84fa94-04c1-424b-9868-57a2d4851a1d" />
    <TestEntry testId="a07351d2-1bc5-ccaf-4731-3787d4a2a4e5" executionId="384546cb-9c0a-4ffc-97e3-b339c9b54ba1" testListId="8c84fa94-04c1-424b-9868-57a2d4851a1d" />
    <TestEntry testId="cd465a48-4f16-0fe6-3ad4-0670fd7de72e" executionId="e1f73563-f093-45ac-909a-b27745950d52" testListId="8c84fa94-04c1-424b-9868-57a2d4851a1d" />
    <TestEntry testId="8ddf6ba2-aa71-6918-24f4-fd6fd790ee42" executionId="0b63258a-ca89-40a7-a137-5da43aaef485" testListId="8c84fa94-04c1-424b-9868-57a2d4851a1d" />
    <TestEntry testId="df342db9-d835-84be-dabd-9832a44dda8d" executionId="261d8825-5a7b-40f3-9c2c-c7182b1a0ac5" testListId="8c84fa94-04c1-424b-9868-57a2d4851a1d" />
    <TestEntry testId="5874f3ff-508a-2af1-27a9-3900f428d369" executionId="2af73a11-75fd-4c45-8736-6a8e825ef291" testListId="8c84fa94-04c1-424b-9868-57a2d4851a1d" />
    <TestEntry testId="9c7edae4-dba8-a18a-c5ee-0aa71baa7577" executionId="16398960-c657-4927-a8a8-6c931b3efce0" testListId="8c84fa94-04c1-424b-9868-57a2d4851a1d" />
    <TestEntry testId="6e55e433-431e-430f-5946-55a9c6e99a57" executionId="e6ea0c46-5b96-4410-a546-a8efc979359b" testListId="8c84fa94-04c1-424b-9868-57a2d4851a1d" />
    <TestEntry testId="2c4117d2-d5f3-7465-dc4d-12aa228c094e" executionId="5536ef28-8ec2-4e96-ab29-9bc8cd4d875d" testListId="8c84fa94-04c1-424b-9868-57a2d4851a1d" />
    <TestEntry testId="5efec4de-8ef4-157c-0742-6a313929d03a" executionId="954cd3c5-c5da-4efd-8927-1d4d58e69fce" testListId="8c84fa94-04c1-424b-9868-57a2d4851a1d" />
    <TestEntry testId="b54351a3-66ec-0964-2aea-e5e40f7e02d7" executionId="1b91f0be-9b2f-4c78-800c-7da2b605bc5c" testListId="8c84fa94-04c1-424b-9868-57a2d4851a1d" />
    <TestEntry testId="6522bdf5-de38-3374-97b3-1ce8774e28b5" executionId="d0ae4e4c-52aa-49fe-acb7-0cc4e65e8a5c" testListId="8c84fa94-04c1-424b-9868-57a2d4851a1d" />
    <TestEntry testId="2367f857-59aa-58a4-330a-cf98fe9cbd82" executionId="317e57f2-081a-4f10-b8cb-2fa415a41251" testListId="8c84fa94-04c1-424b-9868-57a2d4851a1d" />
    <TestEntry testId="ecd658bb-d82c-2e31-7762-ce43abc7546e" executionId="fd9ea115-d3ce-44b5-a47d-30d55c4f2905" testListId="8c84fa94-04c1-424b-9868-57a2d4851a1d" />
    <TestEntry testId="888b4819-f7ed-7fe6-9deb-65cd848ab917" executionId="c6332186-9c37-4568-9b10-65f258b6c64d" testListId="8c84fa94-04c1-424b-9868-57a2d4851a1d" />
    <TestEntry testId="392de4af-d461-7c5b-310a-021cf63d1384" executionId="1af44630-f380-4c60-b6ef-c31d7b29a10e" testListId="8c84fa94-04c1-424b-9868-57a2d4851a1d" />
    <TestEntry testId="2aa15638-d059-56c3-1ae6-4f20daa0efd6" executionId="47ab2e72-108f-4629-ab0f-0fd1bc667ec1" testListId="8c84fa94-04c1-424b-9868-57a2d4851a1d" />
    <TestEntry testId="c214f264-6d82-7290-5fa6-35b6158af292" executionId="636a93cd-86a6-4231-9026-a8a0d46dccc5" testListId="8c84fa94-04c1-424b-9868-57a2d4851a1d" />
    <TestEntry testId="45cd799b-b041-7972-1933-31bb68393544" executionId="d6d90d9b-0116-4a2c-a0e6-5b398d9b4544" testListId="8c84fa94-04c1-424b-9868-57a2d4851a1d" />
    <TestEntry testId="556708dc-3ea7-4044-1a0d-7548df8b4302" executionId="a757757f-22be-4029-93bc-6e9c02afefb5" testListId="8c84fa94-04c1-424b-9868-57a2d4851a1d" />
    <TestEntry testId="ccd5cfd0-32c3-c2b9-53ed-9209b5a556a0" executionId="bf0ebef0-3347-4039-96e6-9a9093ba0a63" testListId="8c84fa94-04c1-424b-9868-57a2d4851a1d" />
    <TestEntry testId="b152476b-0692-165d-e590-b423100fc237" executionId="67df397e-2ea2-43fa-acbf-9b5f813565a2" testListId="8c84fa94-04c1-424b-9868-57a2d4851a1d" />
    <TestEntry testId="f78bdf4b-5aed-2880-5937-4759bd7976c9" executionId="9e387d6e-3af1-4828-9948-4fb4f01fdc6f" testListId="8c84fa94-04c1-424b-9868-57a2d4851a1d" />
    <TestEntry testId="f1ac5241-744a-004f-7a68-4b73cb2ee500" executionId="281d7d38-abfc-463c-b1c4-d3028223bb6e" testListId="8c84fa94-04c1-424b-9868-57a2d4851a1d" />
    <TestEntry testId="22cdaf43-d8ea-278c-4cc0-7325a65fa6f1" executionId="3b3f7220-0402-439a-b8d8-d9e32d0bfc70" testListId="8c84fa94-04c1-424b-9868-57a2d4851a1d" />
    <TestEntry testId="980d4706-ea6d-d2a9-e6c6-8e6ce35d91ac" executionId="b53ae672-446a-44df-8b53-04bee9232025" testListId="8c84fa94-04c1-424b-9868-57a2d4851a1d" />
    <TestEntry testId="b2105290-3d86-82f5-7333-a618d72f153d" executionId="d998bf33-b56f-4249-b8aa-c756fb11bd7b" testListId="8c84fa94-04c1-424b-9868-57a2d4851a1d" />
    <TestEntry testId="2e7f64e0-84e1-b572-6451-e5b58ad3f1b2" executionId="c981ae0c-b896-408c-b481-71fefa6bf16b" testListId="8c84fa94-04c1-424b-9868-57a2d4851a1d" />
    <TestEntry testId="be592d9a-91e3-5d2d-c26c-4bf5df9e4597" executionId="f13d332c-acde-4091-be61-5290d74e3030" testListId="8c84fa94-04c1-424b-9868-57a2d4851a1d" />
    <TestEntry testId="d1df534e-bdd0-3f3b-6fb8-d0869c06e6d1" executionId="0f9fb3dc-2ec0-497e-8a3a-114ccf4519c8" testListId="8c84fa94-04c1-424b-9868-57a2d4851a1d" />
    <TestEntry testId="7d8cc7d8-a7af-3857-ec1c-988b6d4cd6cb" executionId="8f9ede6f-6d26-469f-abe2-d376ffc4873d" testListId="8c84fa94-04c1-424b-9868-57a2d4851a1d" />
    <TestEntry testId="08587cdb-9504-186b-dbc3-8b9a87b10c10" executionId="c8f910f7-7012-4614-97b8-0babf24885d9" testListId="8c84fa94-04c1-424b-9868-57a2d4851a1d" />
    <TestEntry testId="2863e3f9-7f1d-bf75-8848-3b8f86ca80ef" executionId="e4cc6570-e24d-4d84-b348-16211c578b44" testListId="8c84fa94-04c1-424b-9868-57a2d4851a1d" />
    <TestEntry testId="06774c33-6f96-c2da-2540-1bcc829f9f7d" executionId="e5eccb18-fce8-4cf5-9f2c-522d94d4e46d" testListId="8c84fa94-04c1-424b-9868-57a2d4851a1d" />
    <TestEntry testId="bbc19fbb-4fd9-f2cb-1f28-6829bede514a" executionId="433da92d-5ae2-435c-b874-1dab4f28c1f9" testListId="8c84fa94-04c1-424b-9868-57a2d4851a1d" />
    <TestEntry testId="df273bdc-b799-b559-21e2-0d80141c0703" executionId="978a2aa8-dd03-4327-9d97-b753a5873e49" testListId="8c84fa94-04c1-424b-9868-57a2d4851a1d" />
    <TestEntry testId="35211776-3f68-d78b-18e2-a21a4d369aed" executionId="44f64188-94e9-4ba9-b4de-250d6d29233f" testListId="8c84fa94-04c1-424b-9868-57a2d4851a1d" />
    <TestEntry testId="5b102866-ff04-b892-509a-5334bf755397" executionId="501066ca-c57b-44fe-a83a-3f94b7b5f9db" testListId="8c84fa94-04c1-424b-9868-57a2d4851a1d" />
    <TestEntry testId="4f92ecc3-fdbf-d569-57b7-f3dc0bc79390" executionId="ee3492ab-23ae-4b0f-8a27-19b584add675" testListId="8c84fa94-04c1-424b-9868-57a2d4851a1d" />
    <TestEntry testId="84853a77-193c-be7b-a6c8-566bcbdc46e5" executionId="15237734-bf91-410b-a9f2-429ca75bf082" testListId="8c84fa94-04c1-424b-9868-57a2d4851a1d" />
    <TestEntry testId="5c7b6bae-02f9-ce2e-b4df-a3f1c1127960" executionId="8a502275-a77e-425b-b12d-5dd5bec33363" testListId="8c84fa94-04c1-424b-9868-57a2d4851a1d" />
    <TestEntry testId="c9c36d3a-0a72-c16b-d9ef-e237a67deccf" executionId="7cc739c6-d6e2-4ba8-a63a-08cf66f1c967" testListId="8c84fa94-04c1-424b-9868-57a2d4851a1d" />
    <TestEntry testId="55f056e0-84d9-ff7c-3925-1fd61c09713f" executionId="c8ac53fc-c127-4752-b766-3536c7a02801" testListId="8c84fa94-04c1-424b-9868-57a2d4851a1d" />
    <TestEntry testId="296230cb-2332-ed3e-7412-3dcdf1d43e62" executionId="692bf9f9-9ae5-4034-972d-eed451dee6df" testListId="8c84fa94-04c1-424b-9868-57a2d4851a1d" />
    <TestEntry testId="bc225918-98fd-4d8f-87ce-a283504ff818" executionId="9c64a36a-bd38-467c-b854-c92775a4f53e" testListId="8c84fa94-04c1-424b-9868-57a2d4851a1d" />
    <TestEntry testId="08207ca9-c0ba-e0cc-e9e6-34d7f89fcf5e" executionId="de2eb64c-c7ce-46e6-a81f-33171daa6e2f" testListId="8c84fa94-04c1-424b-9868-57a2d4851a1d" />
    <TestEntry testId="c13a92d4-2ab4-786d-c78f-fbc74a9bc6bf" executionId="e1a07bb0-7124-47da-a407-a93fe0b5e4c5" testListId="8c84fa94-04c1-424b-9868-57a2d4851a1d" />
    <TestEntry testId="532832f5-cae8-48c6-fe23-9e1a56903292" executionId="c1d867c6-dabc-4fbb-8a4a-54a4973587ed" testListId="8c84fa94-04c1-424b-9868-57a2d4851a1d" />
    <TestEntry testId="1868671e-db4e-df1a-0576-e50eea4adffe" executionId="ef11e20b-bbcb-497c-ba8c-a0dfbef5e542" testListId="8c84fa94-04c1-424b-9868-57a2d4851a1d" />
    <TestEntry testId="3fee61e5-7e3b-84b7-2cfd-6b24b1b5dcda" executionId="b4068c9d-ca8a-40ab-96f2-bcdfb1213b72" testListId="8c84fa94-04c1-424b-9868-57a2d4851a1d" />
    <TestEntry testId="89f1e695-1be3-dd88-4f12-d20091883b21" executionId="09a807b4-57a1-4457-a8c7-3e606ea67be1" testListId="8c84fa94-04c1-424b-9868-57a2d4851a1d" />
    <TestEntry testId="49c46075-0a42-052a-7a74-65c78fd3a54b" executionId="e4cbacce-e75b-4450-b9d0-894833ece0e3" testListId="8c84fa94-04c1-424b-9868-57a2d4851a1d" />
    <TestEntry testId="2e7c745d-8a62-07fa-75a5-000f8e56d414" executionId="75a781c3-3cd3-46c6-b9cf-a36d8059a983" testListId="8c84fa94-04c1-424b-9868-57a2d4851a1d" />
    <TestEntry testId="ce3fa9f3-48b0-1831-219b-9a887cfec004" executionId="91038ce1-d002-407a-8e0e-3cb6503b10ed" testListId="8c84fa94-04c1-424b-9868-57a2d4851a1d" />
    <TestEntry testId="4d38db8c-d739-e015-e09d-cd6fc5dff5ab" executionId="1d967afa-8cbd-4689-bd07-cc8fac34987b" testListId="8c84fa94-04c1-424b-9868-57a2d4851a1d" />
    <TestEntry testId="d49dd8a1-17d1-d140-9564-06903127a2e4" executionId="18e98714-b00b-4d95-afe0-dd3d87c924d7" testListId="8c84fa94-04c1-424b-9868-57a2d4851a1d" />
    <TestEntry testId="3d40653d-19a3-c289-4128-980e5c453274" executionId="9e8654f6-f0df-4d92-b0fb-f3f1a3faca91" testListId="8c84fa94-04c1-424b-9868-57a2d4851a1d" />
    <TestEntry testId="2c4ab2a0-5b84-fdeb-332e-fc8fa28ff2a8" executionId="45f590ed-3a0c-42b7-b10c-6eb0002cd53e" testListId="8c84fa94-04c1-424b-9868-57a2d4851a1d" />
    <TestEntry testId="61d001b5-5efe-ed15-672d-6cba81d74c34" executionId="da33b3d2-5e0c-4fd3-9ea6-da8eb19639a5" testListId="8c84fa94-04c1-424b-9868-57a2d4851a1d" />
    <TestEntry testId="5ff238f1-95c7-893f-0944-9f7af0bf7443" executionId="675a6846-7453-4f2c-a997-0fc114e87c6d" testListId="8c84fa94-04c1-424b-9868-57a2d4851a1d" />
    <TestEntry testId="c8d77af0-8084-8474-2ecb-63693a6af3aa" executionId="3c45fade-8b2f-497a-a68a-a5596cbc33fe" testListId="8c84fa94-04c1-424b-9868-57a2d4851a1d" />
    <TestEntry testId="9a6a7a50-e76a-4ed6-f132-a9079fc9826f" executionId="e51a491e-58cc-4a35-ab08-b2f6bf59d9c0" testListId="8c84fa94-04c1-424b-9868-57a2d4851a1d" />
    <TestEntry testId="49e90383-ea67-98d1-9850-3c76b1e1c966" executionId="67c56b3c-a7b0-4a72-8cf0-be92ef9eb938" testListId="8c84fa94-04c1-424b-9868-57a2d4851a1d" />
    <TestEntry testId="6bdd3bbc-d7a5-24ee-4e32-c68e3928d318" executionId="f287a7d2-b442-42ec-9ca2-9f401da1c198" testListId="8c84fa94-04c1-424b-9868-57a2d4851a1d" />
    <TestEntry testId="c2bf73e0-2b43-e613-8fe5-319705841f57" executionId="13061b26-4402-4bb1-8ccd-883f09a4dd25" testListId="8c84fa94-04c1-424b-9868-57a2d4851a1d" />
    <TestEntry testId="0dba5786-625f-2c43-9e0c-752956fd421c" executionId="a3a6d742-e3e9-4aeb-9255-36ec7416075c" testListId="8c84fa94-04c1-424b-9868-57a2d4851a1d" />
    <TestEntry testId="420227c9-e6b9-b50e-d05f-d761ad3cd58e" executionId="e6da1e4a-8d32-46d7-ad08-c0f497a83c61" testListId="8c84fa94-04c1-424b-9868-57a2d4851a1d" />
    <TestEntry testId="0722ba6b-76b6-1c47-d7d1-0b74ba7f6032" executionId="bb44bb5e-00c9-4686-b3df-291442dbdf91" testListId="8c84fa94-04c1-424b-9868-57a2d4851a1d" />
    <TestEntry testId="209cac5e-e8da-6f36-97c4-1242230c6ca0" executionId="1461f897-aff1-4311-9a74-e4237f949794" testListId="8c84fa94-04c1-424b-9868-57a2d4851a1d" />
    <TestEntry testId="f3efdaca-9c0c-cd13-72e4-329f615be42e" executionId="bcb22123-2eb7-4a69-ab2f-afd3e26a3d7b" testListId="8c84fa94-04c1-424b-9868-57a2d4851a1d" />
    <TestEntry testId="3ebde54a-5d59-a2ef-9fd5-b8b44c97d1ad" executionId="f1aaa88c-a23b-4672-a798-f3243b26acb8" testListId="8c84fa94-04c1-424b-9868-57a2d4851a1d" />
    <TestEntry testId="3e9e891c-a70e-1cec-ed52-a1f055f94791" executionId="d2b4efac-8eaf-40dc-abd8-d5479d9b5dac" testListId="8c84fa94-04c1-424b-9868-57a2d4851a1d" />
    <TestEntry testId="4b7c578e-2c8b-fbf4-edf0-1e833a94cb00" executionId="6d456bea-34d3-45b8-9b23-7bcd4362874e" testListId="8c84fa94-04c1-424b-9868-57a2d4851a1d" />
    <TestEntry testId="71c2c6e3-3e9a-c3a1-9360-c0c1796ab5f0" executionId="4d63cde1-3a19-4f18-b66c-ee4855e47a48" testListId="8c84fa94-04c1-424b-9868-57a2d4851a1d" />
    <TestEntry testId="52ca4f6f-9446-ce96-f00d-3177ac949b13" executionId="b8c4c97e-7f32-444b-b77d-1861da2344d1" testListId="8c84fa94-04c1-424b-9868-57a2d4851a1d" />
    <TestEntry testId="3fc0a61d-0537-a068-dc4c-e9f48287e808" executionId="613c7006-cf61-4510-9339-4dfbc6d62284" testListId="8c84fa94-04c1-424b-9868-57a2d4851a1d" />
    <TestEntry testId="ee9232ac-1b99-3b56-d749-59bfec2b6ae0" executionId="94f91822-fe8c-4fb5-8798-de574d8be8b9" testListId="8c84fa94-04c1-424b-9868-57a2d4851a1d" />
    <TestEntry testId="0c01bfd0-4d6b-46f6-eaab-f63c83d8702f" executionId="7379cd2e-22b9-4bd7-8783-554807b88665" testListId="8c84fa94-04c1-424b-9868-57a2d4851a1d" />
    <TestEntry testId="3d9f20f0-96d2-34ea-57ab-5c0f35cc018c" executionId="185a0277-0a64-4910-b289-02f13ccd1f62" testListId="8c84fa94-04c1-424b-9868-57a2d4851a1d" />
    <TestEntry testId="c22fbcae-e56f-74cd-4c5d-3486d7aca0e3" executionId="de69efd8-acd9-49df-be5f-ff8dd0d12434" testListId="8c84fa94-04c1-424b-9868-57a2d4851a1d" />
    <TestEntry testId="74429bfd-ae1c-e417-c462-fb4e1989918c" executionId="6bfa469e-ee03-4a07-a41e-2523f3afcc11" testListId="8c84fa94-04c1-424b-9868-57a2d4851a1d" />
    <TestEntry testId="03803b69-013e-45b2-64bc-f738fc9a09c2" executionId="79da7fa1-77d6-4f45-a4a0-24a4c7c77cb2" testListId="8c84fa94-04c1-424b-9868-57a2d4851a1d" />
    <TestEntry testId="01b8812e-ccae-4916-6877-6357d55b1d4d" executionId="d9b9388b-54e4-413d-9dee-62877e39b229" testListId="8c84fa94-04c1-424b-9868-57a2d4851a1d" />
    <TestEntry testId="10f03419-b447-74b1-44ec-afc62ff2ba1d" executionId="9cd1657f-277f-4ee8-8706-40639048c09d" testListId="8c84fa94-04c1-424b-9868-57a2d4851a1d" />
    <TestEntry testId="cc50bf60-6b4c-9573-310d-397b2e7909f2" executionId="9e27bfea-8644-472e-9d26-c9acc4433cca" testListId="8c84fa94-04c1-424b-9868-57a2d4851a1d" />
    <TestEntry testId="4b8b8707-1465-df20-286b-3f7c61a84edd" executionId="562a6cfa-3c32-4591-8b01-04e34043e293" testListId="8c84fa94-04c1-424b-9868-57a2d4851a1d" />
    <TestEntry testId="64aa7254-7fbd-79c2-756e-71858d6d30f7" executionId="c4d0d8ae-c432-4668-96e3-94f4dd30ff5d" testListId="8c84fa94-04c1-424b-9868-57a2d4851a1d" />
    <TestEntry testId="d819f6c8-5a54-63a6-7b21-12a0912e83c8" executionId="8ad53945-1c8b-48b4-acf1-bdafabbda285" testListId="8c84fa94-04c1-424b-9868-57a2d4851a1d" />
    <TestEntry testId="8f4f549d-e712-d8ad-23b3-779d33c6660a" executionId="0353244a-38a3-44c0-90fd-046218c19b21" testListId="8c84fa94-04c1-424b-9868-57a2d4851a1d" />
    <TestEntry testId="5f4a1235-e961-3153-b47b-89c12ab81383" executionId="f5194dd7-2252-4bdd-a8b3-bc07257be1d7" testListId="8c84fa94-04c1-424b-9868-57a2d4851a1d" />
    <TestEntry testId="10cd1f41-76ea-32a5-7fd7-44bf58e85a64" executionId="8ea36f24-fa5d-4038-a031-3d0a8b7c5bd7" testListId="8c84fa94-04c1-424b-9868-57a2d4851a1d" />
    <TestEntry testId="e09feaae-1604-975a-64d2-68f66143e466" executionId="1294b6ee-4973-49af-a049-4a9cdf7c53f4" testListId="8c84fa94-04c1-424b-9868-57a2d4851a1d" />
    <TestEntry testId="20911087-6fbe-2539-1eef-878f4fdeff66" executionId="8f91ab19-610e-4d42-b874-f5014223bc12" testListId="8c84fa94-04c1-424b-9868-57a2d4851a1d" />
    <TestEntry testId="ac1ffaa9-ae14-8f71-b2ad-c1cdc3b66547" executionId="9dce4888-b6b7-48d5-ae4b-df77bc7a43a7" testListId="8c84fa94-04c1-424b-9868-57a2d4851a1d" />
  </TestEntries>
  <TestLists>
    <TestList name="Results Not in a List" id="8c84fa94-04c1-424b-9868-57a2d4851a1d" />
    <TestList name="All Loaded Results" id="19431567-8539-422a-85d7-44ee4e166bda" />
  </TestLists>
  <ResultSummary outcome="Completed">
    <Counters total="638" executed="638" passed="638" failed="0" error="0" timeout="0" aborted="0" inconclusive="0" passedButRunAborted="0" notRunnable="0" notExecuted="0" disconnected="0" warning="0" completed="0" inProgress="0" pending="0" />
    <Output>
      <StdOut>[xUnit.net 00:00:00.00] xUnit.net VSTest Adapter v3.1.4+50e68bbb8b (64-bit .NET 9.0.0)
[xUnit.net 00:00:00.10]   Discovering: ManagedCode.Communication.Tests
[xUnit.net 00:00:00.21]   Discovered:  ManagedCode.Communication.Tests
[xUnit.net 00:00:00.28]   Starting:    ManagedCode.Communication.Tests
Value: 20
info: Microsoft.AspNetCore.DataProtection.KeyManagement.XmlKeyManager[62]
      User profile is available. Using '/home/runner/.aspnet/DataProtection-Keys' as key repository; keys will not be encrypted at rest.
info: Microsoft.AspNetCore.Hosting.Diagnostics[1]
      Request starting HTTP/1.1 GET http://localhost/test/collection-success - - -
info: Microsoft.AspNetCore.Routing.EndpointMiddleware[0]
      Executing endpoint 'ManagedCode.Communication.Tests.Common.TestApp.Controllers.TestController.GetCollectionSuccess (ManagedCode.Communication.Tests)'
info: Microsoft.AspNetCore.Mvc.Infrastructure.ControllerActionInvoker[102]
      Route matched with {action = "GetCollectionSuccess", controller = "Test"}. Executing controller action with signature ManagedCode.Communication.CollectionResultT.CollectionResult`1[ManagedCode.Communication.Tests.Common.TestApp.Controllers.TestModel] GetCollectionSuccess() on controller ManagedCode.Communication.Tests.Common.TestApp.Controllers.TestController (ManagedCode.Communication.Tests).
info: Microsoft.AspNetCore.Mvc.Infrastructure.ObjectResultExecutor[1]
      Executing ObjectResult, writing value of type 'ManagedCode.Communication.CollectionResultT.CollectionResult`1[[ManagedCode.Communication.Tests.Common.TestApp.Controllers.TestModel, ManagedCode.Communication.Tests, Version=9.6.2.0, Culture=neutral, PublicKeyToken=null]]'.
info: Microsoft.AspNetCore.Mvc.Infrastructure.ControllerActionInvoker[105]
      Executed action ManagedCode.Communication.Tests.Common.TestApp.Controllers.TestController.GetCollectionSuccess (ManagedCode.Communication.Tests) in 110.497ms
info: Microsoft.AspNetCore.Routing.EndpointMiddleware[1]
      Executed endpoint 'ManagedCode.Communication.Tests.Common.TestApp.Controllers.TestController.GetCollectionSuccess (ManagedCode.Communication.Tests)'
info: Microsoft.AspNetCore.Hosting.Diagnostics[2]
      Request finished HTTP/1.1 GET http://localhost/test/collection-success - 200 - application/json;+charset=utf-8 206.6610ms
info: Microsoft.AspNetCore.Hosting.Diagnostics[1]
      Request starting HTTP/1.1 POST http://localhost/test/validate - application/json;+charset=utf-8 38
info: Microsoft.AspNetCore.Routing.EndpointMiddleware[0]
      Executing endpoint 'ManagedCode.Communication.Tests.Common.TestApp.Controllers.TestController.Validate (ManagedCode.Communication.Tests)'
info: Microsoft.AspNetCore.Mvc.Infrastructure.ControllerActionInvoker[102]
      Route matched with {action = "Validate", controller = "Test"}. Executing controller action with signature Microsoft.AspNetCore.Mvc.ActionResult`1[System.String] Validate(ManagedCode.Communication.Tests.Common.TestApp.Controllers.TestValidationModel) on controller ManagedCode.Communication.Tests.Common.TestApp.Controllers.TestController (ManagedCode.Communication.Tests).
warn: ManagedCode.Communication.AspNetCore.Filters.CommunicationModelValidationFilter[0]
      Model validation failed for ManagedCode.Communication.Tests.Common.TestApp.Controllers.TestController.Validate (ManagedCode.Communication.Tests)
info: Microsoft.AspNetCore.Mvc.Infrastructure.ObjectResultExecutor[1]
      Executing BadRequestObjectResult, writing value of type 'ManagedCode.Communication.Result'.
info: Microsoft.AspNetCore.Mvc.Infrastructure.ControllerActionInvoker[105]
      Executed action ManagedCode.Communication.Tests.Common.TestApp.Controllers.TestController.Validate (ManagedCode.Communication.Tests) in 38.1819ms
info: Microsoft.AspNetCore.Routing.EndpointMiddleware[1]
      Executed endpoint 'ManagedCode.Communication.Tests.Common.TestApp.Controllers.TestController.Validate (ManagedCode.Communication.Tests)'
info: Microsoft.AspNetCore.Hosting.Diagnostics[2]
      Request finished HTTP/1.1 POST http://localhost/test/validate - 400 - application/json;+charset=utf-8 51.8960ms
info: Microsoft.AspNetCore.Hosting.Diagnostics[1]
      Request starting HTTP/1.1 GET http://localhost/test/custom-problem - - -
info: Microsoft.AspNetCore.Routing.EndpointMiddleware[0]
      Executing endpoint 'ManagedCode.Communication.Tests.Common.TestApp.Controllers.TestController.CustomProblem (ManagedCode.Communication.Tests)'
info: Microsoft.AspNetCore.Mvc.Infrastructure.ControllerActionInvoker[102]
      Route matched with {action = "CustomProblem", controller = "Test"}. Executing controller action with signature Microsoft.AspNetCore.Mvc.ActionResult CustomProblem() on controller ManagedCode.Communication.Tests.Common.TestApp.Controllers.TestController (ManagedCode.Communication.Tests).
info: Microsoft.AspNetCore.Mvc.Infrastructure.ObjectResultExecutor[1]
      Executing ObjectResult, writing value of type 'ManagedCode.Communication.Problem'.
info: Microsoft.AspNetCore.Mvc.Infrastructure.ControllerActionInvoker[105]
      Executed action ManagedCode.Communication.Tests.Common.TestApp.Controllers.TestController.CustomProblem (ManagedCode.Communication.Tests) in 9.9844ms
info: Microsoft.AspNetCore.Routing.EndpointMiddleware[1]
      Executed endpoint 'ManagedCode.Communication.Tests.Common.TestApp.Controllers.TestController.CustomProblem (ManagedCode.Communication.Tests)'
info: Microsoft.AspNetCore.Hosting.Diagnostics[2]
      Request finished HTTP/1.1 GET http://localhost/test/custom-problem - 409 - application/json;+charset=utf-8 16.0905ms
info: Microsoft.AspNetCore.Hosting.Diagnostics[1]
      Request starting HTTP/1.1 GET http://localhost/test/throw-exception - - -
info: Microsoft.AspNetCore.Routing.EndpointMiddleware[0]
      Executing endpoint 'ManagedCode.Communication.Tests.Common.TestApp.Controllers.TestController.ThrowException (ManagedCode.Communication.Tests)'
info: Microsoft.AspNetCore.Mvc.Infrastructure.ControllerActionInvoker[102]
      Route matched with {action = "ThrowException", controller = "Test"}. Executing controller action with signature System.String ThrowException() on controller ManagedCode.Communication.Tests.Common.TestApp.Controllers.TestController (ManagedCode.Communication.Tests).
fail: ManagedCode.Communication.AspNetCore.Filters.CommunicationExceptionFilter[0]
      Unhandled exception in Test.ManagedCode.Communication.Tests.Common.TestApp.Controllers.TestController.ThrowException (ManagedCode.Communication.Tests)
      System.InvalidOperationException: This is a test exception for integration testing
         at ManagedCode.Communication.Tests.Common.TestApp.Controllers.TestController.ThrowException() in /_/ManagedCode.Communication.Tests/Common/TestApp/Controllers/TestController.cs:line 130
         at lambda_method104(Closure, Object, Object[])
         at Microsoft.AspNetCore.Mvc.Infrastructure.ActionMethodExecutor.SyncObjectResultExecutor.Execute(ActionContext actionContext, IActionResultTypeMapper mapper, ObjectMethodExecutor executor, Object controller, Object[] arguments)
         at Microsoft.AspNetCore.Mvc.Infrastructure.ControllerActionInvoker.InvokeActionMethodAsync()
         at Microsoft.AspNetCore.Mvc.Infrastructure.ControllerActionInvoker.Next(State&amp; next, Scope&amp; scope, Object&amp; state, Boolean&amp; isCompleted)
         at Microsoft.AspNetCore.Mvc.Infrastructure.ControllerActionInvoker.InvokeNextActionFilterAsync()
      --- End of stack trace from previous location ---
         at Microsoft.AspNetCore.Mvc.Infrastructure.ControllerActionInvoker.Rethrow(ActionExecutedContextSealed context)
         at Microsoft.AspNetCore.Mvc.Infrastructure.ControllerActionInvoker.Next(State&amp; next, Scope&amp; scope, Object&amp; state, Boolean&amp; isCompleted)
         at Microsoft.AspNetCore.Mvc.Infrastructure.ControllerActionInvoker.InvokeInnerFilterAsync()
      --- End of stack trace from previous location ---
         at Microsoft.AspNetCore.Mvc.Infrastructure.ResourceInvoker.&lt;InvokeNextExceptionFilterAsync&gt;g__Awaited|26_0(ResourceInvoker invoker, Task lastTask, State next, Scope scope, Object state, Boolean isCompleted)
info: ManagedCode.Communication.AspNetCore.Filters.CommunicationExceptionFilter[0]
      Exception handled by CommunicationExceptionFilter for Test.ManagedCode.Communication.Tests.Common.TestApp.Controllers.TestController.ThrowException (ManagedCode.Communication.Tests)
info: Microsoft.AspNetCore.Mvc.Infrastructure.ObjectResultExecutor[1]
      Executing ObjectResult, writing value of type 'ManagedCode.Communication.Result'.
info: Microsoft.AspNetCore.Mvc.Infrastructure.ControllerActionInvoker[105]
      Executed action ManagedCode.Communication.Tests.Common.TestApp.Controllers.TestController.ThrowException (ManagedCode.Communication.Tests) in 17.1595ms
info: Microsoft.AspNetCore.Routing.EndpointMiddleware[1]
      Executed endpoint 'ManagedCode.Communication.Tests.Common.TestApp.Controllers.TestController.ThrowException (ManagedCode.Communication.Tests)'
info: Microsoft.AspNetCore.Hosting.Diagnostics[2]
      Request finished HTTP/1.1 GET http://localhost/test/throw-exception - 400 - application/json;+charset=utf-8 22.0381ms
info: Microsoft.AspNetCore.Hosting.Diagnostics[1]
      Request starting HTTP/1.1 GET http://localhost/test/collection-empty - - -
info: Microsoft.AspNetCore.Routing.EndpointMiddleware[0]
      Executing endpoint 'ManagedCode.Communication.Tests.Common.TestApp.Controllers.TestController.GetCollectionEmpty (ManagedCode.Communication.Tests)'
info: Microsoft.AspNetCore.Mvc.Infrastructure.ControllerActionInvoker[102]
      Route matched with {action = "GetCollectionEmpty", controller = "Test"}. Executing controller action with signature ManagedCode.Communication.CollectionResultT.CollectionResult`1[ManagedCode.Communication.Tests.Common.TestApp.Controllers.TestModel] GetCollectionEmpty() on controller ManagedCode.Communication.Tests.Common.TestApp.Controllers.TestController (ManagedCode.Communication.Tests).
info: Microsoft.AspNetCore.Mvc.Infrastructure.ObjectResultExecutor[1]
      Executing ObjectResult, writing value of type 'ManagedCode.Communication.CollectionResultT.CollectionResult`1[[ManagedCode.Communication.Tests.Common.TestApp.Controllers.TestModel, ManagedCode.Communication.Tests, Version=9.6.2.0, Culture=neutral, PublicKeyToken=null]]'.
info: Microsoft.AspNetCore.Mvc.Infrastructure.ControllerActionInvoker[105]
      Executed action ManagedCode.Communication.Tests.Common.TestApp.Controllers.TestController.GetCollectionEmpty (ManagedCode.Communication.Tests) in 0.485ms
info: Microsoft.AspNetCore.Routing.EndpointMiddleware[1]
      Executed endpoint 'ManagedCode.Communication.Tests.Common.TestApp.Controllers.TestController.GetCollectionEmpty (ManagedCode.Communication.Tests)'
info: Microsoft.AspNetCore.Hosting.Diagnostics[2]
      Request finished HTTP/1.1 GET http://localhost/test/collection-empty - 200 - application/json;+charset=utf-8 2.1438ms
info: Microsoft.AspNetCore.Hosting.Diagnostics[1]
      Request starting HTTP/1.1 POST http://localhost/test/validate - application/json;+charset=utf-8 55
info: Microsoft.AspNetCore.Routing.EndpointMiddleware[0]
      Executing endpoint 'ManagedCode.Communication.Tests.Common.TestApp.Controllers.TestController.Validate (ManagedCode.Communication.Tests)'
info: Microsoft.AspNetCore.Mvc.Infrastructure.ControllerActionInvoker[102]
      Route matched with {action = "Validate", controller = "Test"}. Executing controller action with signature Microsoft.AspNetCore.Mvc.ActionResult`1[System.String] Validate(ManagedCode.Communication.Tests.Common.TestApp.Controllers.TestValidationModel) on controller ManagedCode.Communication.Tests.Common.TestApp.Controllers.TestController (ManagedCode.Communication.Tests).
info: Microsoft.AspNetCore.Mvc.Infrastructure.ObjectResultExecutor[1]
      Executing OkObjectResult, writing value of type 'System.String'.
info: Microsoft.AspNetCore.Mvc.Infrastructure.ControllerActionInvoker[105]
      Executed action ManagedCode.Communication.Tests.Common.TestApp.Controllers.TestController.Validate (ManagedCode.Communication.Tests) in 2.3696ms
info: Microsoft.AspNetCore.Routing.EndpointMiddleware[1]
      Executed endpoint 'ManagedCode.Communication.Tests.Common.TestApp.Controllers.TestController.Validate (ManagedCode.Communication.Tests)'
info: Microsoft.AspNetCore.Hosting.Diagnostics[2]
      Request finished HTTP/1.1 POST http://localhost/test/validate - 200 - text/plain;+charset=utf-8 3.0451ms
info: Microsoft.AspNetCore.Hosting.Diagnostics[1]
      Request starting HTTP/1.1 GET http://localhost/test/result-notfound - - -
info: Microsoft.AspNetCore.Routing.EndpointMiddleware[0]
      Executing endpoint 'ManagedCode.Communication.Tests.Common.TestApp.Controllers.TestController.GetResultNotFoundTest (ManagedCode.Communication.Tests)'
info: Microsoft.AspNetCore.Mvc.Infrastructure.ControllerActionInvoker[102]
      Route matched with {action = "GetResultNotFoundTest", controller = "Test"}. Executing controller action with signature ManagedCode.Communication.Result`1[System.String] GetResultNotFoundTest() on controller ManagedCode.Communication.Tests.Common.TestApp.Controllers.TestController (ManagedCode.Communication.Tests).
info: Microsoft.AspNetCore.Mvc.Infrastructure.ObjectResultExecutor[1]
      Executing ObjectResult, writing value of type 'ManagedCode.Communication.Result`1[[System.String, System.Private.CoreLib, Version=9.0.0.0, Culture=neutral, PublicKeyToken=7cec85d7bea7798e]]'.
info: Microsoft.AspNetCore.Mvc.Infrastructure.ControllerActionInvoker[105]
      Executed action ManagedCode.Communication.Tests.Common.TestApp.Controllers.TestController.GetResultNotFoundTest (ManagedCode.Communication.Tests) in 9.8268ms
info: Microsoft.AspNetCore.Routing.EndpointMiddleware[1]
      Executed endpoint 'ManagedCode.Communication.Tests.Common.TestApp.Controllers.TestController.GetResultNotFoundTest (ManagedCode.Communication.Tests)'
info: Microsoft.AspNetCore.Hosting.Diagnostics[2]
      Request finished HTTP/1.1 GET http://localhost/test/result-notfound - 404 - application/json;+charset=utf-8 11.9658ms
info: Microsoft.AspNetCore.Hosting.Diagnostics[1]
      Request starting HTTP/1.1 GET http://localhost/test/result-failure - - -
info: Microsoft.AspNetCore.Routing.EndpointMiddleware[0]
      Executing endpoint 'ManagedCode.Communication.Tests.Common.TestApp.Controllers.TestController.GetResultFailure (ManagedCode.Communication.Tests)'
info: Microsoft.AspNetCore.Mvc.Infrastructure.ControllerActionInvoker[102]
      Route matched with {action = "GetResultFailure", controller = "Test"}. Executing controller action with signature ManagedCode.Communication.Result`1[System.String] GetResultFailure() on controller ManagedCode.Communication.Tests.Common.TestApp.Controllers.TestController (ManagedCode.Communication.Tests).
info: Microsoft.AspNetCore.Mvc.Infrastructure.ObjectResultExecutor[1]
      Executing ObjectResult, writing value of type 'ManagedCode.Communication.Result`1[[System.String, System.Private.CoreLib, Version=9.0.0.0, Culture=neutral, PublicKeyToken=7cec85d7bea7798e]]'.
info: Microsoft.AspNetCore.Mvc.Infrastructure.ControllerActionInvoker[105]
      Executed action ManagedCode.Communication.Tests.Common.TestApp.Controllers.TestController.GetResultFailure (ManagedCode.Communication.Tests) in 0.9254ms
info: Microsoft.AspNetCore.Routing.EndpointMiddleware[1]
      Executed endpoint 'ManagedCode.Communication.Tests.Common.TestApp.Controllers.TestController.GetResultFailure (ManagedCode.Communication.Tests)'
info: Microsoft.AspNetCore.Hosting.Diagnostics[2]
      Request finished HTTP/1.1 GET http://localhost/test/result-failure - 400 - application/json;+charset=utf-8 2.7400ms
info: Microsoft.AspNetCore.Hosting.Diagnostics[1]
      Request starting HTTP/1.1 GET http://localhost/test/result-success - - -
info: Microsoft.AspNetCore.Routing.EndpointMiddleware[0]
      Executing endpoint 'ManagedCode.Communication.Tests.Common.TestApp.Controllers.TestController.GetResultSuccessWithValue (ManagedCode.Communication.Tests)'
info: Microsoft.AspNetCore.Mvc.Infrastructure.ControllerActionInvoker[102]
      Route matched with {action = "GetResultSuccessWithValue", controller = "Test"}. Executing controller action with signature ManagedCode.Communication.Result`1[ManagedCode.Communication.Tests.Common.TestApp.Controllers.TestModel] GetResultSuccessWithValue() on controller ManagedCode.Communication.Tests.Common.TestApp.Controllers.TestController (ManagedCode.Communication.Tests).
info: Microsoft.AspNetCore.Mvc.Infrastructure.ObjectResultExecutor[1]
      Executing ObjectResult, writing value of type 'ManagedCode.Communication.Result`1[[ManagedCode.Communication.Tests.Common.TestApp.Controllers.TestModel, ManagedCode.Communication.Tests, Version=9.6.2.0, Culture=neutral, PublicKeyToken=null]]'.
info: Microsoft.AspNetCore.Mvc.Infrastructure.ControllerActionInvoker[105]
      Executed action ManagedCode.Communication.Tests.Common.TestApp.Controllers.TestController.GetResultSuccessWithValue (ManagedCode.Communication.Tests) in 3.0901ms
info: Microsoft.AspNetCore.Routing.EndpointMiddleware[1]
      Executed endpoint 'ManagedCode.Communication.Tests.Common.TestApp.Controllers.TestController.GetResultSuccessWithValue (ManagedCode.Communication.Tests)'
info: Microsoft.AspNetCore.Hosting.Diagnostics[2]
      Request finished HTTP/1.1 GET http://localhost/test/result-success - 200 - application/json;+charset=utf-8 4.6218ms
info: Microsoft.AspNetCore.Hosting.Diagnostics[1]
      Request starting HTTP/1.1 GET http://localhost/test/enum-error - - -
info: Microsoft.AspNetCore.Routing.EndpointMiddleware[0]
      Executing endpoint 'ManagedCode.Communication.Tests.Common.TestApp.Controllers.TestController.GetEnumError (ManagedCode.Communication.Tests)'
info: Microsoft.AspNetCore.Mvc.Infrastructure.ControllerActionInvoker[102]
      Route matched with {action = "GetEnumError", controller = "Test"}. Executing controller action with signature ManagedCode.Communication.Result`1[System.String] GetEnumError() on controller ManagedCode.Communication.Tests.Common.TestApp.Controllers.TestController (ManagedCode.Communication.Tests).
info: Microsoft.AspNetCore.Mvc.Infrastructure.ObjectResultExecutor[1]
      Executing ObjectResult, writing value of type 'ManagedCode.Communication.Result`1[[System.String, System.Private.CoreLib, Version=9.0.0.0, Culture=neutral, PublicKeyToken=7cec85d7bea7798e]]'.
info: Microsoft.AspNetCore.Mvc.Infrastructure.ControllerActionInvoker[105]
      Executed action ManagedCode.Communication.Tests.Common.TestApp.Controllers.TestController.GetEnumError (ManagedCode.Communication.Tests) in 0.6791ms
info: Microsoft.AspNetCore.Routing.EndpointMiddleware[1]
      Executed endpoint 'ManagedCode.Communication.Tests.Common.TestApp.Controllers.TestController.GetEnumError (ManagedCode.Communication.Tests)'
info: Microsoft.AspNetCore.Hosting.Diagnostics[2]
      Request finished HTTP/1.1 GET http://localhost/test/enum-error - 400 - application/json;+charset=utf-8 2.1363ms
info: Microsoft.AspNetCore.Hosting.Diagnostics[1]
      Request starting HTTP/1.1 GET http://localhost/test/result-success - - -
info: Microsoft.AspNetCore.Routing.EndpointMiddleware[0]
      Executing endpoint 'ManagedCode.Communication.Tests.Common.TestApp.Controllers.TestController.GetResultSuccessWithValue (ManagedCode.Communication.Tests)'
info: Microsoft.AspNetCore.Mvc.Infrastructure.ControllerActionInvoker[102]
      Route matched with {action = "GetResultSuccessWithValue", controller = "Test"}. Executing controller action with signature ManagedCode.Communication.Result`1[ManagedCode.Communication.Tests.Common.TestApp.Controllers.TestModel] GetResultSuccessWithValue() on controller ManagedCode.Communication.Tests.Common.TestApp.Controllers.TestController (ManagedCode.Communication.Tests).
info: Microsoft.AspNetCore.Mvc.Infrastructure.ObjectResultExecutor[1]
      Executing ObjectResult, writing value of type 'ManagedCode.Communication.Result`1[[ManagedCode.Communication.Tests.Common.TestApp.Controllers.TestModel, ManagedCode.Communication.Tests, Version=9.6.2.0, Culture=neutral, PublicKeyToken=null]]'.
info: Microsoft.AspNetCore.Mvc.Infrastructure.ControllerActionInvoker[105]
      Executed action ManagedCode.Communication.Tests.Common.TestApp.Controllers.TestController.GetResultSuccessWithValue (ManagedCode.Communication.Tests) in 0.7359ms
info: Microsoft.AspNetCore.Routing.EndpointMiddleware[1]
      Executed endpoint 'ManagedCode.Communication.Tests.Common.TestApp.Controllers.TestController.GetResultSuccessWithValue (ManagedCode.Communication.Tests)'
info: Microsoft.AspNetCore.Hosting.Diagnostics[2]
      Request finished HTTP/1.1 GET http://localhost/test/result-success - 200 - application/json;+charset=utf-8 0.9482ms
info: Microsoft.AspNetCore.Hosting.Diagnostics[1]
      Request starting HTTP/1.1 GET http://localhost/test/test2 - - -
info: Microsoft.AspNetCore.Routing.EndpointMiddleware[0]
      Executing endpoint 'ManagedCode.Communication.Tests.Common.TestApp.Controllers.TestController.Test2 (ManagedCode.Communication.Tests)'
info: Microsoft.AspNetCore.Mvc.Infrastructure.ControllerActionInvoker[102]
      Route matched with {action = "Test2", controller = "Test"}. Executing controller action with signature Microsoft.AspNetCore.Mvc.ActionResult`1[System.String] Test2() on controller ManagedCode.Communication.Tests.Common.TestApp.Controllers.TestController (ManagedCode.Communication.Tests).
fail: ManagedCode.Communication.AspNetCore.Filters.CommunicationExceptionFilter[0]
      Unhandled exception in Test.ManagedCode.Communication.Tests.Common.TestApp.Controllers.TestController.Test2 (ManagedCode.Communication.Tests)
      System.IO.InvalidDataException: InvalidDataException
         at ManagedCode.Communication.Tests.Common.TestApp.Controllers.TestController.Test2() in /_/ManagedCode.Communication.Tests/Common/TestApp/Controllers/TestController.cs:line 24
         at lambda_method119(Closure, Object, Object[])
         at Microsoft.AspNetCore.Mvc.Infrastructure.ActionMethodExecutor.SyncObjectResultExecutor.Execute(ActionContext actionContext, IActionResultTypeMapper mapper, ObjectMethodExecutor executor, Object controller, Object[] arguments)
         at Microsoft.AspNetCore.Mvc.Infrastructure.ControllerActionInvoker.InvokeActionMethodAsync()
         at Microsoft.AspNetCore.Mvc.Infrastructure.ControllerActionInvoker.Next(State&amp; next, Scope&amp; scope, Object&amp; state, Boolean&amp; isCompleted)
         at Microsoft.AspNetCore.Mvc.Infrastructure.ControllerActionInvoker.InvokeNextActionFilterAsync()
      --- End of stack trace from previous location ---
         at Microsoft.AspNetCore.Mvc.Infrastructure.ControllerActionInvoker.Rethrow(ActionExecutedContextSealed context)
         at Microsoft.AspNetCore.Mvc.Infrastructure.ControllerActionInvoker.Next(State&amp; next, Scope&amp; scope, Object&amp; state, Boolean&amp; isCompleted)
         at Microsoft.AspNetCore.Mvc.Infrastructure.ControllerActionInvoker.InvokeInnerFilterAsync()
      --- End of stack trace from previous location ---
         at Microsoft.AspNetCore.Mvc.Infrastructure.ResourceInvoker.&lt;InvokeNextExceptionFilterAsync&gt;g__Awaited|26_0(ResourceInvoker invoker, Task lastTask, State next, Scope scope, Object state, Boolean isCompleted)
info: ManagedCode.Communication.AspNetCore.Filters.CommunicationExceptionFilter[0]
      Exception handled by CommunicationExceptionFilter for Test.ManagedCode.Communication.Tests.Common.TestApp.Controllers.TestController.Test2 (ManagedCode.Communication.Tests)
info: Microsoft.AspNetCore.Mvc.Infrastructure.ObjectResultExecutor[1]
      Executing ObjectResult, writing value of type 'ManagedCode.Communication.Result'.
info: Microsoft.AspNetCore.Mvc.Infrastructure.ControllerActionInvoker[105]
      Executed action ManagedCode.Communication.Tests.Common.TestApp.Controllers.TestController.Test2 (ManagedCode.Communication.Tests) in 5.2306ms
info: Microsoft.AspNetCore.Routing.EndpointMiddleware[1]
      Executed endpoint 'ManagedCode.Communication.Tests.Common.TestApp.Controllers.TestController.Test2 (ManagedCode.Communication.Tests)'
info: Microsoft.AspNetCore.Hosting.Diagnostics[2]
      Request finished HTTP/1.1 GET http://localhost/test/test2 - 409 - application/json;+charset=utf-8 8.2771ms
info: Microsoft.AspNetCore.Hosting.Diagnostics[1]
      Request starting HTTP/1.1 GET http://localhost/test/result-unauthorized - - -
info: Microsoft.AspNetCore.Routing.EndpointMiddleware[0]
      Executing endpoint 'ManagedCode.Communication.Tests.Common.TestApp.Controllers.TestController.GetResultUnauthorized (ManagedCode.Communication.Tests)'
info: Microsoft.AspNetCore.Mvc.Infrastructure.ControllerActionInvoker[102]
      Route matched with {action = "GetResultUnauthorized", controller = "Test"}. Executing controller action with signature ManagedCode.Communication.Result GetResultUnauthorized() on controller ManagedCode.Communication.Tests.Common.TestApp.Controllers.TestController (ManagedCode.Communication.Tests).
info: Microsoft.AspNetCore.Mvc.Infrastructure.ObjectResultExecutor[1]
      Executing ObjectResult, writing value of type 'ManagedCode.Communication.Result'.
info: Microsoft.AspNetCore.Mvc.Infrastructure.ControllerActionInvoker[105]
      Executed action ManagedCode.Communication.Tests.Common.TestApp.Controllers.TestController.GetResultUnauthorized (ManagedCode.Communication.Tests) in 2.9514ms
info: Microsoft.AspNetCore.Routing.EndpointMiddleware[1]
      Executed endpoint 'ManagedCode.Communication.Tests.Common.TestApp.Controllers.TestController.GetResultUnauthorized (ManagedCode.Communication.Tests)'
info: Microsoft.AspNetCore.Hosting.Diagnostics[2]
      Request finished HTTP/1.1 GET http://localhost/test/result-unauthorized - 401 - application/json;+charset=utf-8 7.3584ms
info: Microsoft.AspNetCore.Hosting.Diagnostics[1]
      Request starting HTTP/2 POST http://localhost/TestHub/negotiate?negotiateVersion=1 - - -
info: Microsoft.AspNetCore.Routing.EndpointMiddleware[0]
      Executing endpoint 'TestHub/negotiate'
info: Microsoft.AspNetCore.Routing.EndpointMiddleware[1]
      Executed endpoint 'TestHub/negotiate'
info: Microsoft.AspNetCore.Hosting.Diagnostics[2]
      Request finished HTTP/2 POST http://localhost/TestHub/negotiate?negotiateVersion=1 - 200 316 application/json 14.9025ms
info: Microsoft.AspNetCore.Hosting.Diagnostics[1]
      Request starting HTTP/2 POST http://localhost/TestHub/negotiate?negotiateVersion=1 - - -
info: Microsoft.AspNetCore.Routing.EndpointMiddleware[0]
      Executing endpoint 'TestHub/negotiate'
info: Microsoft.AspNetCore.Routing.EndpointMiddleware[1]
      Executed endpoint 'TestHub/negotiate'
info: Microsoft.AspNetCore.Hosting.Diagnostics[2]
      Request finished HTTP/2 POST http://localhost/TestHub/negotiate?negotiateVersion=1 - 200 316 application/json 0.5284ms
info: Microsoft.AspNetCore.Hosting.Diagnostics[1]
      Request starting HTTP/2 GET http://localhost/TestHub?id=_4PuJqwpTJLYR6v7gM6-ZQ - - -
info: Microsoft.AspNetCore.Routing.EndpointMiddleware[0]
      Executing endpoint 'TestHub'
info: Microsoft.AspNetCore.Hosting.Diagnostics[1]
      Request starting HTTP/2 POST http://localhost/TestHub?id=_4PuJqwpTJLYR6v7gM6-ZQ - - 32
info: Microsoft.AspNetCore.Routing.EndpointMiddleware[0]
      Executing endpoint 'TestHub'
info: Microsoft.AspNetCore.Routing.EndpointMiddleware[1]
      Executed endpoint 'TestHub'
info: Microsoft.AspNetCore.Hosting.Diagnostics[2]
      Request finished HTTP/2 POST http://localhost/TestHub?id=_4PuJqwpTJLYR6v7gM6-ZQ - 200 - text/plain 1.8656ms
info: Microsoft.AspNetCore.Hosting.Diagnostics[1]
      Request starting HTTP/2 POST http://localhost/TestHub?id=_4PuJqwpTJLYR6v7gM6-ZQ - - 11
info: Microsoft.AspNetCore.Routing.EndpointMiddleware[0]
      Executing endpoint 'TestHub'
info: Microsoft.AspNetCore.Routing.EndpointMiddleware[1]
      Executed endpoint 'TestHub'
info: Microsoft.AspNetCore.Hosting.Diagnostics[2]
      Request finished HTTP/2 POST http://localhost/TestHub?id=_4PuJqwpTJLYR6v7gM6-ZQ - 200 - text/plain 0.2666ms
info: Microsoft.AspNetCore.Hosting.Diagnostics[1]
      Request starting HTTP/2 POST http://localhost/TestHub?id=_4PuJqwpTJLYR6v7gM6-ZQ - - 63
info: Microsoft.AspNetCore.Routing.EndpointMiddleware[0]
      Executing endpoint 'TestHub'
info: Microsoft.AspNetCore.Routing.EndpointMiddleware[1]
      Executed endpoint 'TestHub'
info: Microsoft.AspNetCore.Hosting.Diagnostics[2]
      Request finished HTTP/2 POST http://localhost/TestHub?id=_4PuJqwpTJLYR6v7gM6-ZQ - 200 - text/plain 0.2351ms
Current value: 10
info: Microsoft.AspNetCore.Hosting.Diagnostics[1]
      Request starting HTTP/1.1 GET http://localhost/test/result-fail - - -
info: Microsoft.AspNetCore.Routing.EndpointMiddleware[0]
      Executing endpoint 'ManagedCode.Communication.Tests.Common.TestApp.Controllers.TestController.GetResultFail (ManagedCode.Communication.Tests)'
info: Microsoft.AspNetCore.Mvc.Infrastructure.ControllerActionInvoker[102]
      Route matched with {action = "GetResultFail", controller = "Test"}. Executing controller action with signature ManagedCode.Communication.Result GetResultFail() on controller ManagedCode.Communication.Tests.Common.TestApp.Controllers.TestController (ManagedCode.Communication.Tests).
info: Microsoft.AspNetCore.Mvc.Infrastructure.ObjectResultExecutor[1]
      Executing ObjectResult, writing value of type 'ManagedCode.Communication.Result'.
info: Microsoft.AspNetCore.Mvc.Infrastructure.ControllerActionInvoker[105]
      Executed action ManagedCode.Communication.Tests.Common.TestApp.Controllers.TestController.GetResultFail (ManagedCode.Communication.Tests) in 1.5711ms
info: Microsoft.AspNetCore.Routing.EndpointMiddleware[1]
      Executed endpoint 'ManagedCode.Communication.Tests.Common.TestApp.Controllers.TestController.GetResultFail (ManagedCode.Communication.Tests)'
info: Microsoft.AspNetCore.Hosting.Diagnostics[2]
      Request finished HTTP/1.1 GET http://localhost/test/result-fail - 400 - application/json;+charset=utf-8 3.3251ms
info: Microsoft.AspNetCore.Hosting.Diagnostics[1]
      Request starting HTTP/1.1 GET http://localhost/test/result-not-found - - -
info: Microsoft.AspNetCore.Routing.EndpointMiddleware[0]
      Executing endpoint 'ManagedCode.Communication.Tests.Common.TestApp.Controllers.TestController.GetResultNotFound (ManagedCode.Communication.Tests)'
info: Microsoft.AspNetCore.Mvc.Infrastructure.ControllerActionInvoker[102]
      Route matched with {action = "GetResultNotFound", controller = "Test"}. Executing controller action with signature ManagedCode.Communication.Result`1[System.String] GetResultNotFound() on controller ManagedCode.Communication.Tests.Common.TestApp.Controllers.TestController (ManagedCode.Communication.Tests).
info: Microsoft.AspNetCore.Mvc.Infrastructure.ObjectResultExecutor[1]
      Executing ObjectResult, writing value of type 'ManagedCode.Communication.Result`1[[System.String, System.Private.CoreLib, Version=9.0.0.0, Culture=neutral, PublicKeyToken=7cec85d7bea7798e]]'.
info: Microsoft.AspNetCore.Mvc.Infrastructure.ControllerActionInvoker[105]
      Executed action ManagedCode.Communication.Tests.Common.TestApp.Controllers.TestController.GetResultNotFound (ManagedCode.Communication.Tests) in 1.3899ms
info: Microsoft.AspNetCore.Routing.EndpointMiddleware[1]
      Executed endpoint 'ManagedCode.Communication.Tests.Common.TestApp.Controllers.TestController.GetResultNotFound (ManagedCode.Communication.Tests)'
info: Microsoft.AspNetCore.Hosting.Diagnostics[2]
      Request finished HTTP/1.1 GET http://localhost/test/result-not-found - 404 - application/json;+charset=utf-8 2.9295ms
info: Microsoft.AspNetCore.Hosting.Diagnostics[1]
      Request starting HTTP/1.1 GET http://localhost/test/test1 - - -
info: Microsoft.AspNetCore.Routing.EndpointMiddleware[0]
      Executing endpoint 'ManagedCode.Communication.Tests.Common.TestApp.Controllers.TestController.Test1 (ManagedCode.Communication.Tests)'
info: Microsoft.AspNetCore.Mvc.Infrastructure.ControllerActionInvoker[102]
      Route matched with {action = "Test1", controller = "Test"}. Executing controller action with signature Microsoft.AspNetCore.Mvc.ActionResult`1[System.String] Test1() on controller ManagedCode.Communication.Tests.Common.TestApp.Controllers.TestController (ManagedCode.Communication.Tests).
fail: ManagedCode.Communication.AspNetCore.Filters.CommunicationExceptionFilter[0]
      Unhandled exception in Test.ManagedCode.Communication.Tests.Common.TestApp.Controllers.TestController.Test1 (ManagedCode.Communication.Tests)
      System.ComponentModel.DataAnnotations.ValidationException: ValidationException
         at ManagedCode.Communication.Tests.Common.TestApp.Controllers.TestController.Test1() in /_/ManagedCode.Communication.Tests/Common/TestApp/Controllers/TestController.cs:line 18
         at lambda_method131(Closure, Object, Object[])
         at Microsoft.AspNetCore.Mvc.Infrastructure.ActionMethodExecutor.SyncObjectResultExecutor.Execute(ActionContext actionContext, IActionResultTypeMapper mapper, ObjectMethodExecutor executor, Object controller, Object[] arguments)
         at Microsoft.AspNetCore.Mvc.Infrastructure.ControllerActionInvoker.InvokeActionMethodAsync()
         at Microsoft.AspNetCore.Mvc.Infrastructure.ControllerActionInvoker.Next(State&amp; next, Scope&amp; scope, Object&amp; state, Boolean&amp; isCompleted)
         at Microsoft.AspNetCore.Mvc.Infrastructure.ControllerActionInvoker.InvokeNextActionFilterAsync()
      --- End of stack trace from previous location ---
         at Microsoft.AspNetCore.Mvc.Infrastructure.ControllerActionInvoker.Rethrow(ActionExecutedContextSealed context)
         at Microsoft.AspNetCore.Mvc.Infrastructure.ControllerActionInvoker.Next(State&amp; next, Scope&amp; scope, Object&amp; state, Boolean&amp; isCompleted)
         at Microsoft.AspNetCore.Mvc.Infrastructure.ControllerActionInvoker.InvokeInnerFilterAsync()
      --- End of stack trace from previous location ---
         at Microsoft.AspNetCore.Mvc.Infrastructure.ResourceInvoker.&lt;InvokeNextExceptionFilterAsync&gt;g__Awaited|26_0(ResourceInvoker invoker, Task lastTask, State next, Scope scope, Object state, Boolean isCompleted)
info: ManagedCode.Communication.AspNetCore.Filters.CommunicationExceptionFilter[0]
      Exception handled by CommunicationExceptionFilter for Test.ManagedCode.Communication.Tests.Common.TestApp.Controllers.TestController.Test1 (ManagedCode.Communication.Tests)
info: Microsoft.AspNetCore.Mvc.Infrastructure.ObjectResultExecutor[1]
      Executing ObjectResult, writing value of type 'ManagedCode.Communication.Result'.
info: Microsoft.AspNetCore.Mvc.Infrastructure.ControllerActionInvoker[105]
      Executed action ManagedCode.Communication.Tests.Common.TestApp.Controllers.TestController.Test1 (ManagedCode.Communication.Tests) in 1.2873ms
info: Microsoft.AspNetCore.Routing.EndpointMiddleware[1]
      Executed endpoint 'ManagedCode.Communication.Tests.Common.TestApp.Controllers.TestController.Test1 (ManagedCode.Communication.Tests)'
info: Microsoft.AspNetCore.Hosting.Diagnostics[2]
      Request finished HTTP/1.1 GET http://localhost/test/test1 - 500 - application/json;+charset=utf-8 2.1952ms
info: Microsoft.AspNetCore.Hosting.Diagnostics[1]
      Request starting HTTP/2 POST http://localhost/TestHub/negotiate?negotiateVersion=1 - - -
info: Microsoft.AspNetCore.Routing.EndpointMiddleware[0]
      Executing endpoint 'TestHub/negotiate'
info: Microsoft.AspNetCore.Routing.EndpointMiddleware[1]
      Executed endpoint 'TestHub/negotiate'
info: Microsoft.AspNetCore.Hosting.Diagnostics[2]
      Request finished HTTP/2 POST http://localhost/TestHub/negotiate?negotiateVersion=1 - 200 316 application/json 1.4226ms
info: Microsoft.AspNetCore.Hosting.Diagnostics[1]
      Request starting HTTP/2 POST http://localhost/TestHub/negotiate?negotiateVersion=1 - - -
info: Microsoft.AspNetCore.Routing.EndpointMiddleware[0]
      Executing endpoint 'TestHub/negotiate'
info: Microsoft.AspNetCore.Routing.EndpointMiddleware[1]
      Executed endpoint 'TestHub/negotiate'
info: Microsoft.AspNetCore.Hosting.Diagnostics[2]
      Request finished HTTP/2 POST http://localhost/TestHub/negotiate?negotiateVersion=1 - 200 316 application/json 1.1951ms
info: Microsoft.AspNetCore.Hosting.Diagnostics[1]
      Request starting HTTP/2 GET http://localhost/TestHub?id=VT0JM46vYtZli6P_2sa7qA - - -
info: Microsoft.AspNetCore.Routing.EndpointMiddleware[0]
      Executing endpoint 'TestHub'
info: Microsoft.AspNetCore.Hosting.Diagnostics[1]
      Request starting HTTP/2 POST http://localhost/TestHub?id=VT0JM46vYtZli6P_2sa7qA - - 32
info: Microsoft.AspNetCore.Routing.EndpointMiddleware[0]
      Executing endpoint 'TestHub'
info: Microsoft.AspNetCore.Routing.EndpointMiddleware[1]
      Executed endpoint 'TestHub'
info: Microsoft.AspNetCore.Hosting.Diagnostics[2]
      Request finished HTTP/2 POST http://localhost/TestHub?id=VT0JM46vYtZli6P_2sa7qA - 200 - text/plain 0.7343ms
info: Microsoft.AspNetCore.Hosting.Diagnostics[1]
      Request starting HTTP/2 POST http://localhost/TestHub?id=VT0JM46vYtZli6P_2sa7qA - - 11
info: Microsoft.AspNetCore.Routing.EndpointMiddleware[0]
      Executing endpoint 'TestHub'
info: Microsoft.AspNetCore.Routing.EndpointMiddleware[1]
      Executed endpoint 'TestHub'
info: Microsoft.AspNetCore.Hosting.Diagnostics[2]
      Request finished HTTP/2 POST http://localhost/TestHub?id=VT0JM46vYtZli6P_2sa7qA - 200 - text/plain 0.3475ms
info: Microsoft.AspNetCore.Hosting.Diagnostics[1]
      Request starting HTTP/2 POST http://localhost/TestHub?id=VT0JM46vYtZli6P_2sa7qA - - 62
info: Microsoft.AspNetCore.Routing.EndpointMiddleware[0]
      Executing endpoint 'TestHub'
info: Microsoft.AspNetCore.Routing.EndpointMiddleware[1]
      Executed endpoint 'TestHub'
info: Microsoft.AspNetCore.Hosting.Diagnostics[2]
      Request finished HTTP/2 POST http://localhost/TestHub?id=VT0JM46vYtZli6P_2sa7qA - 200 - text/plain 0.1432ms
fail: ManagedCode.Communication.AspNetCore.Filters.CommunicationHubExceptionFilter[0]
      Unhandled exception in hub method TestHub.Throw
      System.IO.InvalidDataException: InvalidDataException
         at ManagedCode.Communication.Tests.Common.TestApp.Controllers.TestHub.Throw() in /_/ManagedCode.Communication.Tests/Common/TestApp/Controllers/TestHub.cs:line 17
         at lambda_method85(Closure, Object, Object[])
         at Microsoft.AspNetCore.SignalR.Internal.DefaultHubDispatcher`1.ExecuteMethod(ObjectMethodExecutor methodExecutor, Hub hub, Object[] arguments)
         at ManagedCode.Communication.AspNetCore.Filters.CommunicationHubExceptionFilter.InvokeMethodAsync(HubInvocationContext invocationContext, Func`2 next) in /_/ManagedCode.Communication.AspNetCore/SignalR/Filters/CommunicationHubExceptionFilter.cs:line 15
info: Microsoft.AspNetCore.Hosting.Diagnostics[1]
      Request starting HTTP/1.1 GET http://localhost/test/test3 - - -
info: Microsoft.AspNetCore.Authorization.DefaultAuthorizationService[2]
      Authorization failed. These requirements were not met:
      DenyAnonymousAuthorizationRequirement: Requires an authenticated user.
info: ManagedCode.Communication.Tests.Common.TestApp.TestAuthenticationHandler[12]
      AuthenticationScheme: Test was challenged.
info: Microsoft.AspNetCore.Hosting.Diagnostics[2]
      Request finished HTTP/1.1 GET http://localhost/test/test3 - 401 - - 4.2841ms
info: Microsoft.AspNetCore.Hosting.Diagnostics[1]
      Request starting HTTP/1.1 GET http://localhost/test/result-forbidden - - -
info: Microsoft.AspNetCore.Routing.EndpointMiddleware[0]
      Executing endpoint 'ManagedCode.Communication.Tests.Common.TestApp.Controllers.TestController.GetResultForbidden (ManagedCode.Communication.Tests)'
info: Microsoft.AspNetCore.Mvc.Infrastructure.ControllerActionInvoker[102]
      Route matched with {action = "GetResultForbidden", controller = "Test"}. Executing controller action with signature ManagedCode.Communication.Result GetResultForbidden() on controller ManagedCode.Communication.Tests.Common.TestApp.Controllers.TestController (ManagedCode.Communication.Tests).
info: Microsoft.AspNetCore.Mvc.Infrastructure.ObjectResultExecutor[1]
      Executing ObjectResult, writing value of type 'ManagedCode.Communication.Result'.
info: Microsoft.AspNetCore.Mvc.Infrastructure.ControllerActionInvoker[105]
      Executed action ManagedCode.Communication.Tests.Common.TestApp.Controllers.TestController.GetResultForbidden (ManagedCode.Communication.Tests) in 0.3604ms
info: Microsoft.AspNetCore.Routing.EndpointMiddleware[1]
      Executed endpoint 'ManagedCode.Communication.Tests.Common.TestApp.Controllers.TestController.GetResultForbidden (ManagedCode.Communication.Tests)'
info: Microsoft.AspNetCore.Hosting.Diagnostics[2]
      Request finished HTTP/1.1 GET http://localhost/test/result-forbidden - 403 - application/json;+charset=utf-8 2.2981ms
info: Microsoft.AspNetCore.Routing.EndpointMiddleware[1]
      Executed endpoint 'TestHub'
info: Microsoft.AspNetCore.Routing.EndpointMiddleware[1]
      Executed endpoint 'TestHub'
info: Microsoft.AspNetCore.Hosting.Diagnostics[2]
      Request finished HTTP/2 GET http://localhost/TestHub?id=VT0JM46vYtZli6P_2sa7qA - 200 - text/event-stream 163.8080ms
info: Microsoft.AspNetCore.Hosting.Diagnostics[2]
      Request finished HTTP/2 GET http://localhost/TestHub?id=_4PuJqwpTJLYR6v7gM6-ZQ - 200 - text/event-stream 534.1254ms
[xUnit.net 00:00:03.60]   Finished:    ManagedCode.Communication.Tests
</StdOut>
    </Output>
  </ResultSummary>
</TestRun>