<?xml version="1.0" encoding="utf-8"?>
<TestRun id="d51fea58-b1f2-46a0-bd7e-cd03c81d6d1c" name="@konstantins-macbook-pro 2025-09-19 23:55:50" xmlns="http://microsoft.com/schemas/VisualStudio/TeamTest/2010">
  <Times creation="2025-09-19T23:55:50.9011150+02:00" queuing="2025-09-19T23:55:50.9011150+02:00" start="2025-09-19T23:55:50.4150920+02:00" finish="2025-09-19T23:55:52.1894710+02:00" />
  <TestSettings name="default" id="085bc9e8-a717-4931-a5dc-0d96d8d5ab7e">
    <Deployment runDeploymentRoot="_konstantins-macbook-pro_2025-09-19_23_55_50" />
  </TestSettings>
  <Results>
    <UnitTestResult executionId="33c7708e-7314-4b89-a044-f965750a1033" testId="3c6ac6c6-76bc-c0da-6388-565dd44e7fcd" testName="ManagedCode.Communication.Tests.Results.ResultTFailMethodsTests.ResultT_Fail_WithNullStrings_ShouldHandleGracefully" computerName="konstantins-macbook-pro" duration="00:00:00.0002840" startTime="2025-09-19T23:55:50.8823720+02:00" endTime="2025-09-19T23:55:50.8827440+02:00" testType="13cdc9d9-ddb5-4fa4-a97d-d965ccfc6d4b" outcome="Passed" testListId="8c84fa94-04c1-424b-9868-57a2d4851a1d" relativeResultsDirectory="33c7708e-7314-4b89-a044-f965750a1033" />
    <UnitTestResult executionId="bc5012fc-d0bb-4efc-8af9-b30f7c2bf405" testId="a2af3fa3-e3a8-4009-0999-eb6fed122f5b" testName="ManagedCode.Communication.Tests.Results.ResultInvalidMethodsTests.ResultT_Invalid_WithEnumKeyValue_ShouldCreateValidationResultWithAll" computerName="konstantins-macbook-pro" duration="00:00:00.0002460" startTime="2025-09-19T23:55:50.9287000+02:00" endTime="2025-09-19T23:55:50.9288090+02:00" testType="13cdc9d9-ddb5-4fa4-a97d-d965ccfc6d4b" outcome="Passed" testListId="8c84fa94-04c1-424b-9868-57a2d4851a1d" relativeResultsDirectory="bc5012fc-d0bb-4efc-8af9-b30f7c2bf405" />
    <UnitTestResult executionId="4074584c-73eb-4ff3-869c-ac714ebe5381" testId="62b58bd7-3c1e-de08-a9e7-b42cffcdf323" testName="ManagedCode.Communication.Tests.Results.CollectionResultTests.Succeed_WithEnumerable_ShouldCreateSuccessfulResult" computerName="konstantins-macbook-pro" duration="00:00:00.0010828" startTime="2025-09-19T23:55:50.9213290+02:00" endTime="2025-09-19T23:55:50.9220470+02:00" testType="13cdc9d9-ddb5-4fa4-a97d-d965ccfc6d4b" outcome="Passed" testListId="8c84fa94-04c1-424b-9868-57a2d4851a1d" relativeResultsDirectory="4074584c-73eb-4ff3-869c-ac714ebe5381" />
    <UnitTestResult executionId="9d84a1f7-b827-4a68-837f-98240214ecf2" testId="02753c94-b31f-c479-f18b-db6bd8bba437" testName="ManagedCode.Communication.Tests.Results.ResultHelperMethodsTests.Result_TryGetProblem_WithSuccess_ShouldReturnFalse" computerName="konstantins-macbook-pro" duration="00:00:00.0001342" startTime="2025-09-19T23:55:50.9676540+02:00" endTime="2025-09-19T23:55:50.9679150+02:00" testType="13cdc9d9-ddb5-4fa4-a97d-d965ccfc6d4b" outcome="Passed" testListId="8c84fa94-04c1-424b-9868-57a2d4851a1d" relativeResultsDirectory="9d84a1f7-b827-4a68-837f-98240214ecf2" />
    <UnitTestResult executionId="0e56b6a7-8b5d-42ed-8c7e-b86a9013b706" testId="5b102866-ff04-b892-509a-5334bf755397" testName="ManagedCode.Communication.Tests.AspNetCore.Extensions.ControllerExtensionsTests.ToActionResult_WithVariousStatusCodes_ReturnsCorrectStatusCode(statusCode: 400, title: &quot;Bad Request&quot;)" computerName="konstantins-macbook-pro" duration="00:00:00.0000038" startTime="2025-09-19T23:55:50.9495290+02:00" endTime="2025-09-19T23:55:50.9495520+02:00" testType="13cdc9d9-ddb5-4fa4-a97d-d965ccfc6d4b" outcome="Passed" testListId="8c84fa94-04c1-424b-9868-57a2d4851a1d" relativeResultsDirectory="0e56b6a7-8b5d-42ed-8c7e-b86a9013b706" />
    <UnitTestResult executionId="38f19dcb-2681-41fb-b577-4f80c6ced65f" testId="078ca2ce-f079-2c28-76dc-9a1936031e13" testName="ManagedCode.Communication.Tests.Results.ProblemExceptionTests.Constructor_WithValidationProblem_ShouldPopulateValidationErrors" computerName="konstantins-macbook-pro" duration="00:00:00.0002752" startTime="2025-09-19T23:55:50.9533490+02:00" endTime="2025-09-19T23:55:50.9533720+02:00" testType="13cdc9d9-ddb5-4fa4-a97d-d965ccfc6d4b" outcome="Passed" testListId="8c84fa94-04c1-424b-9868-57a2d4851a1d" relativeResultsDirectory="38f19dcb-2681-41fb-b577-4f80c6ced65f" />
    <UnitTestResult executionId="dc81e947-e122-4d84-9fa3-a71a9ddc5db2" testId="bc434b75-bdc7-4498-0cdc-a7a24b7bcef3" testName="ManagedCode.Communication.Tests.Results.ResultFailMethodsTests.Result_Fail_WithTitleAndDetail_ShouldCreateFailedResultWithDefaultStatus" computerName="konstantins-macbook-pro" duration="00:00:00.0001227" startTime="2025-09-19T23:55:50.9031480+02:00" endTime="2025-09-19T23:55:50.9031710+02:00" testType="13cdc9d9-ddb5-4fa4-a97d-d965ccfc6d4b" outcome="Passed" testListId="8c84fa94-04c1-424b-9868-57a2d4851a1d" relativeResultsDirectory="dc81e947-e122-4d84-9fa3-a71a9ddc5db2" />
    <UnitTestResult executionId="f4a2d689-9e98-459e-b1ec-2c8678c048bd" testId="9dcecbc0-db91-7dce-29a5-821593a72922" testName="ManagedCode.Communication.Tests.Extensions.HttpResponseExtensionTests.FromRequestToResult_NullContent_WithErrorStatus_ReturnsFailedResult" computerName="konstantins-macbook-pro" duration="00:00:00.0003177" startTime="2025-09-19T23:55:50.9236320+02:00" endTime="2025-09-19T23:55:50.9241900+02:00" testType="13cdc9d9-ddb5-4fa4-a97d-d965ccfc6d4b" outcome="Passed" testListId="8c84fa94-04c1-424b-9868-57a2d4851a1d" relativeResultsDirectory="f4a2d689-9e98-459e-b1ec-2c8678c048bd" />
    <UnitTestResult executionId="d196adaa-dd5c-4fbb-8b66-966f6c8bec90" testId="fd226736-c1a4-0f7f-960f-3551ec9d470c" testName="ManagedCode.Communication.Tests.Results.ProblemToExceptionTests.ToException_FromProblemCreatedFromInvalidOperationException_ShouldReconstructOriginalExceptionType" computerName="konstantins-macbook-pro" duration="00:00:00.0002514" startTime="2025-09-19T23:55:50.8990940+02:00" endTime="2025-09-19T23:55:50.8997400+02:00" testType="13cdc9d9-ddb5-4fa4-a97d-d965ccfc6d4b" outcome="Passed" testListId="8c84fa94-04c1-424b-9868-57a2d4851a1d" relativeResultsDirectory="d196adaa-dd5c-4fbb-8b66-966f6c8bec90" />
    <UnitTestResult executionId="63752bcb-00cf-46c2-b9e5-04039ac50da9" testId="92a7db28-441b-b8fe-c790-8f59b23e56ea" testName="ManagedCode.Communication.Tests.Results.ResultInvalidMethodsTests.Result_Invalid_WithDictionary_ShouldCreateValidationResultWithMultipleFields" computerName="konstantins-macbook-pro" duration="00:00:00.0006360" startTime="2025-09-19T23:55:50.9428720+02:00" endTime="2025-09-19T23:55:50.9429050+02:00" testType="13cdc9d9-ddb5-4fa4-a97d-d965ccfc6d4b" outcome="Passed" testListId="8c84fa94-04c1-424b-9868-57a2d4851a1d" relativeResultsDirectory="63752bcb-00cf-46c2-b9e5-04039ac50da9" />
    <UnitTestResult executionId="627c90ae-691c-4d82-8dd4-ea42ea20e74c" testId="c67d60d8-371a-f2d2-eb67-28408d2ba84d" testName="ManagedCode.Communication.Tests.OrleansTests.GrainClientTests.ValueTaskResultString" computerName="konstantins-macbook-pro" duration="00:00:00.0014162" startTime="2025-09-19T23:55:52.1058420+02:00" endTime="2025-09-19T23:55:52.1073020+02:00" testType="13cdc9d9-ddb5-4fa4-a97d-d965ccfc6d4b" outcome="Passed" testListId="8c84fa94-04c1-424b-9868-57a2d4851a1d" relativeResultsDirectory="627c90ae-691c-4d82-8dd4-ea42ea20e74c" />
    <UnitTestResult executionId="3bfca075-1c9d-4287-ba09-26adfdffd08e" testId="5daf60bc-d3db-b08c-c8ea-5261b3f91cd1" testName="ManagedCode.Communication.Tests.CollectionResults.CollectionResultFailMethodsTests.Fail_ChainedOperations_ShouldMaintainFailureState" computerName="konstantins-macbook-pro" duration="00:00:00.0006655" startTime="2025-09-19T23:55:51.0016610+02:00" endTime="2025-09-19T23:55:51.0021200+02:00" testType="13cdc9d9-ddb5-4fa4-a97d-d965ccfc6d4b" outcome="Passed" testListId="8c84fa94-04c1-424b-9868-57a2d4851a1d" relativeResultsDirectory="3bfca075-1c9d-4287-ba09-26adfdffd08e" />
    <UnitTestResult executionId="de0e7c0e-9857-47a4-839a-6348f91409f5" testId="31cc8d58-51d6-fc21-a158-1f4f17545a53" testName="ManagedCode.Communication.Tests.Results.CollectionResultTests.ThrowIfFail_WithValidationFailure_ShouldThrowWithValidationDetails" computerName="konstantins-macbook-pro" duration="00:00:00.0011668" startTime="2025-09-19T23:55:50.9175840+02:00" endTime="2025-09-19T23:55:50.9186900+02:00" testType="13cdc9d9-ddb5-4fa4-a97d-d965ccfc6d4b" outcome="Passed" testListId="8c84fa94-04c1-424b-9868-57a2d4851a1d" relativeResultsDirectory="de0e7c0e-9857-47a4-839a-6348f91409f5" />
    <UnitTestResult executionId="91b2af08-dfeb-4b8f-9878-8487329d6157" testId="aab534c1-e47f-1e10-690a-e9fe2fb9e517" testName="ManagedCode.Communication.Tests.Results.ProblemTests.GetErrorCodeAs_WithMatchingEnum_ShouldReturnEnumValue" computerName="konstantins-macbook-pro" duration="00:00:00.0007050" startTime="2025-09-19T23:55:50.8896990+02:00" endTime="2025-09-19T23:55:50.8904790+02:00" testType="13cdc9d9-ddb5-4fa4-a97d-d965ccfc6d4b" outcome="Passed" testListId="8c84fa94-04c1-424b-9868-57a2d4851a1d" relativeResultsDirectory="91b2af08-dfeb-4b8f-9878-8487329d6157" />
    <UnitTestResult executionId="d785fe25-dc91-4626-80e3-40119c2f37a2" testId="c20609f4-6a70-6c55-75bb-083e12c37fc9" testName="ManagedCode.Communication.Tests.Extensions.RailwayExtensionsTests.Bind_SuccessfulResult_ExecutesNext" computerName="konstantins-macbook-pro" duration="00:00:00.0001595" startTime="2025-09-19T23:55:50.8943870+02:00" endTime="2025-09-19T23:55:50.8944090+02:00" testType="13cdc9d9-ddb5-4fa4-a97d-d965ccfc6d4b" outcome="Passed" testListId="8c84fa94-04c1-424b-9868-57a2d4851a1d" relativeResultsDirectory="d785fe25-dc91-4626-80e3-40119c2f37a2" />
    <UnitTestResult executionId="9bc16472-8a3b-426b-a931-591d782a59d0" testId="20911087-6fbe-2539-1eef-878f4fdeff66" testName="ManagedCode.Communication.Tests.ProblemTests.ProblemCreateMethodsTests.Problem_Create_WithEnumAndStatusCode_ShouldCreateProblemWithErrorCode" computerName="konstantins-macbook-pro" duration="00:00:00.0008472" startTime="2025-09-19T23:55:50.9709140+02:00" endTime="2025-09-19T23:55:50.9717830+02:00" testType="13cdc9d9-ddb5-4fa4-a97d-d965ccfc6d4b" outcome="Passed" testListId="8c84fa94-04c1-424b-9868-57a2d4851a1d" relativeResultsDirectory="9bc16472-8a3b-426b-a931-591d782a59d0" />
    <UnitTestResult executionId="c70e472d-6c94-46ec-a7ab-89a5283fe43a" testId="a9c4348a-f7cc-abf4-413a-fc58753695f7" testName="ManagedCode.Communication.Tests.AspNetCore.Extensions.ControllerExtensionsTests.ToHttpResult_WithSuccessResultNoValue_ReturnsNoContent" computerName="konstantins-macbook-pro" duration="00:00:00.0001190" startTime="2025-09-19T23:55:50.9521950+02:00" endTime="2025-09-19T23:55:50.9522160+02:00" testType="13cdc9d9-ddb5-4fa4-a97d-d965ccfc6d4b" outcome="Passed" testListId="8c84fa94-04c1-424b-9868-57a2d4851a1d" relativeResultsDirectory="c70e472d-6c94-46ec-a7ab-89a5283fe43a" />
    <UnitTestResult executionId="c89f8e75-37ae-42c4-a685-005256e329e4" testId="cb55dff4-d7f6-2f2e-153f-1f8301bc11f9" testName="ManagedCode.Communication.Tests.Extensions.HttpResponseExtensionTests.FromRequestToResult_VariousErrorCodes_ReturnsFailedResult(statusCode: InternalServerError)" computerName="konstantins-macbook-pro" duration="00:00:00.0057771" startTime="2025-09-19T23:55:50.9041820+02:00" endTime="2025-09-19T23:55:50.9056640+02:00" testType="13cdc9d9-ddb5-4fa4-a97d-d965ccfc6d4b" outcome="Passed" testListId="8c84fa94-04c1-424b-9868-57a2d4851a1d" relativeResultsDirectory="c89f8e75-37ae-42c4-a685-005256e329e4" />
    <UnitTestResult executionId="68a26630-e770-4fe8-b8a2-49d85984b2f3" testId="f98516d9-cd8e-bb0e-7f2e-fb9a3743aba5" testName="ManagedCode.Communication.Tests.Results.ProblemCreationExtensionsTests.ToProblem_FromException_WithCustomStatusCode_ShouldUseProvidedStatusCode" computerName="konstantins-macbook-pro" duration="00:00:00.0001369" startTime="2025-09-19T23:55:50.8936470+02:00" endTime="2025-09-19T23:55:50.8936680+02:00" testType="13cdc9d9-ddb5-4fa4-a97d-d965ccfc6d4b" outcome="Passed" testListId="8c84fa94-04c1-424b-9868-57a2d4851a1d" relativeResultsDirectory="68a26630-e770-4fe8-b8a2-49d85984b2f3" />
    <UnitTestResult executionId="c233907e-9e70-42b8-b7a2-ac9ef88f41e7" testId="9b1f8110-ea93-e02f-1655-61606e4aebd0" testName="ManagedCode.Communication.Tests.Results.CollectionResultInvalidMethodsTests.CollectionResult_Invalid_WithDictionary_ShouldCreateValidationResultWithAllErrors" computerName="konstantins-macbook-pro" duration="00:00:00.0030492" startTime="2025-09-19T23:55:50.8910370+02:00" endTime="2025-09-19T23:55:50.8919640+02:00" testType="13cdc9d9-ddb5-4fa4-a97d-d965ccfc6d4b" outcome="Passed" testListId="8c84fa94-04c1-424b-9868-57a2d4851a1d" relativeResultsDirectory="c233907e-9e70-42b8-b7a2-ac9ef88f41e7" />
    <UnitTestResult executionId="bc36445a-e077-4b9c-86bd-93286d9f31b1" testId="08479d6a-c563-b460-df28-b4f67109fef8" testName="ManagedCode.Communication.Tests.Serialization.SerializationTests.ResultT_WithComplexValue_ShouldSerializeAndDeserialize" computerName="konstantins-macbook-pro" duration="00:00:00.0003456" startTime="2025-09-19T23:55:51.0132140+02:00" endTime="2025-09-19T23:55:51.0134930+02:00" testType="13cdc9d9-ddb5-4fa4-a97d-d965ccfc6d4b" outcome="Passed" testListId="8c84fa94-04c1-424b-9868-57a2d4851a1d" relativeResultsDirectory="bc36445a-e077-4b9c-86bd-93286d9f31b1" />
    <UnitTestResult executionId="7ffa49ef-1d34-4f68-aa03-f88f39b960fb" testId="d48b6f70-4c0f-8a1e-1ca8-45b3563283e1" testName="ManagedCode.Communication.Tests.Extensions.HttpResponseExtensionTests.FromJsonToResult_EmptyContent_WithErrorStatus_ReturnsFailedResult" computerName="konstantins-macbook-pro" duration="00:00:00.0016543" startTime="2025-09-19T23:55:50.9063030+02:00" endTime="2025-09-19T23:55:50.9063250+02:00" testType="13cdc9d9-ddb5-4fa4-a97d-d965ccfc6d4b" outcome="Passed" testListId="8c84fa94-04c1-424b-9868-57a2d4851a1d" relativeResultsDirectory="7ffa49ef-1d34-4f68-aa03-f88f39b960fb" />
    <UnitTestResult executionId="24587065-01d5-4764-a197-b139ade14101" testId="76eed23b-8a55-d326-92d7-3df3c6478d17" testName="ManagedCode.Communication.Tests.Extensions.RailwayExtensionsTests.Else_FailedResult_ReturnsAlternative" computerName="konstantins-macbook-pro" duration="00:00:00.0001240" startTime="2025-09-19T23:55:50.8962330+02:00" endTime="2025-09-19T23:55:50.8962550+02:00" testType="13cdc9d9-ddb5-4fa4-a97d-d965ccfc6d4b" outcome="Passed" testListId="8c84fa94-04c1-424b-9868-57a2d4851a1d" relativeResultsDirectory="24587065-01d5-4764-a197-b139ade14101" />
    <UnitTestResult executionId="34a9d5ba-89c1-4921-93ae-61f134e571f3" testId="0f1196ec-94c1-8ad4-9d54-4d5a2629230e" testName="ManagedCode.Communication.Tests.Orleans.Serialization.CollectionResultSerializationTests.CollectionResult_EmptyCollection_ShouldSerializeCorrectly" computerName="konstantins-macbook-pro" duration="00:00:00.0037302" startTime="2025-09-19T23:55:51.7348710+02:00" endTime="2025-09-19T23:55:51.7392270+02:00" testType="13cdc9d9-ddb5-4fa4-a97d-d965ccfc6d4b" outcome="Passed" testListId="8c84fa94-04c1-424b-9868-57a2d4851a1d" relativeResultsDirectory="34a9d5ba-89c1-4921-93ae-61f134e571f3" />
    <UnitTestResult executionId="508df08a-91af-4c73-b6d2-d59cf314a96d" testId="b7d0d978-6fd2-9721-9776-d435fa619ea2" testName="ManagedCode.Communication.Tests.Results.ResultStaticHelperMethodsTests.Result_FailUnauthorizedT_WithDetail_ShouldCreateUnauthorizedResultTWithCustomDetail" computerName="konstantins-macbook-pro" duration="00:00:00.0001274" startTime="2025-09-19T23:55:50.9581520+02:00" endTime="2025-09-19T23:55:50.9581750+02:00" testType="13cdc9d9-ddb5-4fa4-a97d-d965ccfc6d4b" outcome="Passed" testListId="8c84fa94-04c1-424b-9868-57a2d4851a1d" relativeResultsDirectory="508df08a-91af-4c73-b6d2-d59cf314a96d" />
    <UnitTestResult executionId="1d7bee74-4c42-4e28-87fe-385b7f50a803" testId="03803b69-013e-45b2-64bc-f738fc9a09c2" testName="ManagedCode.Communication.Tests.AspNetCore.Extensions.ControllerExtensionsTests.ToActionResult_WithSuccessResult_ReturnsOkObjectResult" computerName="konstantins-macbook-pro" duration="00:00:00.0000994" startTime="2025-09-19T23:55:50.9521230+02:00" endTime="2025-09-19T23:55:50.9521440+02:00" testType="13cdc9d9-ddb5-4fa4-a97d-d965ccfc6d4b" outcome="Passed" testListId="8c84fa94-04c1-424b-9868-57a2d4851a1d" relativeResultsDirectory="1d7bee74-4c42-4e28-87fe-385b7f50a803" />
    <UnitTestResult executionId="ab9fe539-240e-44d4-9025-e3c25fd4c966" testId="62e72051-f8d9-ba3b-e2f1-4642ab39c81a" testName="ManagedCode.Communication.Tests.Results.CollectionResultInvalidMethodsTests.CollectionResult_Invalid_WithEnum_ShouldCreateValidationResultWithErrorCode" computerName="konstantins-macbook-pro" duration="00:00:00.0002475" startTime="2025-09-19T23:55:50.8992450+02:00" endTime="2025-09-19T23:55:50.9001570+02:00" testType="13cdc9d9-ddb5-4fa4-a97d-d965ccfc6d4b" outcome="Passed" testListId="8c84fa94-04c1-424b-9868-57a2d4851a1d" relativeResultsDirectory="ab9fe539-240e-44d4-9025-e3c25fd4c966" />
    <UnitTestResult executionId="7ed053df-8184-4201-80c0-aee4060401dc" testId="a52cb0c6-bb59-1170-7a7a-076e1cd628c6" testName="ManagedCode.Communication.Tests.Serialization.SerializationTests.RoundTrip_PreservesAllData" computerName="konstantins-macbook-pro" duration="00:00:00.0195761" startTime="2025-09-19T23:55:50.9705190+02:00" endTime="2025-09-19T23:55:50.9906800+02:00" testType="13cdc9d9-ddb5-4fa4-a97d-d965ccfc6d4b" outcome="Passed" testListId="8c84fa94-04c1-424b-9868-57a2d4851a1d" relativeResultsDirectory="7ed053df-8184-4201-80c0-aee4060401dc" />
    <UnitTestResult executionId="9ce9892c-e47f-4519-b0a3-79d97c16eeca" testId="6f9b44ef-a4fb-2ef9-5064-11b31eaf6d4b" testName="ManagedCode.Communication.Tests.Extensions.ProblemExtensionsTests.RoundTrip_ProblemDetailsWithNullValues_ShouldHandleGracefully" computerName="konstantins-macbook-pro" duration="00:00:00.0012630" startTime="2025-09-19T23:55:50.8731830+02:00" endTime="2025-09-19T23:55:50.8738600+02:00" testType="13cdc9d9-ddb5-4fa4-a97d-d965ccfc6d4b" outcome="Passed" testListId="8c84fa94-04c1-424b-9868-57a2d4851a1d" relativeResultsDirectory="9ce9892c-e47f-4519-b0a3-79d97c16eeca" />
    <UnitTestResult executionId="ca79707d-db4e-4aa1-8629-23d9393fd968" testId="80b773b9-f50d-d39a-b57c-a8373446bf0a" testName="ManagedCode.Communication.Tests.Extensions.RailwayExtensionsTests.Tap_SuccessfulResult_ExecutesAction" computerName="konstantins-macbook-pro" duration="00:00:00.0001853" startTime="2025-09-19T23:55:50.8971860+02:00" endTime="2025-09-19T23:55:50.8972070+02:00" testType="13cdc9d9-ddb5-4fa4-a97d-d965ccfc6d4b" outcome="Passed" testListId="8c84fa94-04c1-424b-9868-57a2d4851a1d" relativeResultsDirectory="ca79707d-db4e-4aa1-8629-23d9393fd968" />
    <UnitTestResult executionId="2dab4b71-fec3-4ffb-a14d-1dadcc315d18" testId="56331dab-a3f7-2362-5979-39dd09b423f7" testName="ManagedCode.Communication.Tests.Results.ResultStaticHelperMethodsTests.Result_FailT_WithEnumAndDetail_ShouldCreateFailedResultTWithErrorCodeAndDetail" computerName="konstantins-macbook-pro" duration="00:00:00.0004082" startTime="2025-09-19T23:55:50.9559430+02:00" endTime="2025-09-19T23:55:50.9566480+02:00" testType="13cdc9d9-ddb5-4fa4-a97d-d965ccfc6d4b" outcome="Passed" testListId="8c84fa94-04c1-424b-9868-57a2d4851a1d" relativeResultsDirectory="2dab4b71-fec3-4ffb-a14d-1dadcc315d18" />
    <UnitTestResult executionId="47e8473e-5a7b-434c-8659-647ab66c7d34" testId="65200420-42ce-b190-7ff7-7b164ff1ec76" testName="ManagedCode.Communication.Tests.Results.ResultTests.TryGetProblem_WithSuccessfulResult_ShouldReturnFalse" computerName="konstantins-macbook-pro" duration="00:00:00.0001669" startTime="2025-09-19T23:55:50.8883330+02:00" endTime="2025-09-19T23:55:50.8883540+02:00" testType="13cdc9d9-ddb5-4fa4-a97d-d965ccfc6d4b" outcome="Passed" testListId="8c84fa94-04c1-424b-9868-57a2d4851a1d" relativeResultsDirectory="47e8473e-5a7b-434c-8659-647ab66c7d34" />
    <UnitTestResult executionId="6210f01d-6727-4dde-a9cf-5f5f4306ea0d" testId="c31f1374-aadb-6c82-3feb-88f26c5a10d3" testName="ManagedCode.Communication.Tests.Extensions.AdvancedRailwayExtensionsTests.OkIf_WithTrueCondition_KeepsSuccess" computerName="konstantins-macbook-pro" duration="00:00:00.0003065" startTime="2025-09-19T23:55:50.9353520+02:00" endTime="2025-09-19T23:55:50.9359020+02:00" testType="13cdc9d9-ddb5-4fa4-a97d-d965ccfc6d4b" outcome="Passed" testListId="8c84fa94-04c1-424b-9868-57a2d4851a1d" relativeResultsDirectory="6210f01d-6727-4dde-a9cf-5f5f4306ea0d" />
    <UnitTestResult executionId="b857d133-fa7c-4b23-9d27-3164847f9098" testId="5a48316b-ec69-9349-5cec-20c5ea85e97a" testName="ManagedCode.Communication.Tests.AspNetCore.Extensions.ServiceCollectionExtensionsTests.Communication_Should_Handle_Custom_Problems" computerName="konstantins-macbook-pro" duration="00:00:00.0037863" startTime="2025-09-19T23:55:51.9684700+02:00" endTime="2025-09-19T23:55:51.9723480+02:00" testType="13cdc9d9-ddb5-4fa4-a97d-d965ccfc6d4b" outcome="Passed" testListId="8c84fa94-04c1-424b-9868-57a2d4851a1d" relativeResultsDirectory="b857d133-fa7c-4b23-9d27-3164847f9098" />
    <UnitTestResult executionId="8139e3f9-0ab9-45ff-92fb-62fedfb6959c" testId="c4ea1132-e93e-43d4-a3fc-a3dee3691596" testName="ManagedCode.Communication.Tests.Commands.MemoryCacheCommandIdempotencyStoreTests.GetAndSetStatusAsync_ReturnsCurrentStatusAndSetsNew" computerName="konstantins-macbook-pro" duration="00:00:00.0004434" startTime="2025-09-19T23:55:50.9946480+02:00" endTime="2025-09-19T23:55:50.9950760+02:00" testType="13cdc9d9-ddb5-4fa4-a97d-d965ccfc6d4b" outcome="Passed" testListId="8c84fa94-04c1-424b-9868-57a2d4851a1d" relativeResultsDirectory="8139e3f9-0ab9-45ff-92fb-62fedfb6959c" />
    <UnitTestResult executionId="e00c5e81-1bae-4923-9af7-5ccc7bcbf2a6" testId="0e1070b1-2093-5dae-a087-dd2198ca3385" testName="ManagedCode.Communication.Tests.AspNetCore.Helpers.HttpStatusCodeHelperTests.GetStatusCodeForException_AspNetSpecificExceptions_ReturnsCorrectStatusCode(exceptionType: typeof(Microsoft.AspNetCore.SignalR.HubException), expectedStatusCode: BadRequest)" computerName="konstantins-macbook-pro" duration="00:00:00.0001024" startTime="2025-09-19T23:55:50.9881620+02:00" endTime="2025-09-19T23:55:50.9883820+02:00" testType="13cdc9d9-ddb5-4fa4-a97d-d965ccfc6d4b" outcome="Passed" testListId="8c84fa94-04c1-424b-9868-57a2d4851a1d" relativeResultsDirectory="e00c5e81-1bae-4923-9af7-5ccc7bcbf2a6" />
    <UnitTestResult executionId="329269be-7f81-4644-a467-516be76de1e7" testId="4396ccba-9d89-e148-82bd-72965c7a7035" testName="ManagedCode.Communication.Tests.Extensions.ResultConversionExtensionsTests.AsResult_CanBeChainedWithRailwayMethods" computerName="konstantins-macbook-pro" duration="00:00:00.0014627" startTime="2025-09-19T23:55:50.9328440+02:00" endTime="2025-09-19T23:55:50.9350510+02:00" testType="13cdc9d9-ddb5-4fa4-a97d-d965ccfc6d4b" outcome="Passed" testListId="8c84fa94-04c1-424b-9868-57a2d4851a1d" relativeResultsDirectory="329269be-7f81-4644-a467-516be76de1e7" />
    <UnitTestResult executionId="578be183-a5a8-4aa7-9139-d90a7bee74bd" testId="1f64ab5a-faee-2124-0bd7-cb77b45af3ab" testName="ManagedCode.Communication.Tests.Results.CollectionResultTests.TryGetProblem_WithSuccessfulResult_ShouldReturnFalse" computerName="konstantins-macbook-pro" duration="00:00:00.0001600" startTime="2025-09-19T23:55:50.9188170+02:00" endTime="2025-09-19T23:55:50.9189670+02:00" testType="13cdc9d9-ddb5-4fa4-a97d-d965ccfc6d4b" outcome="Passed" testListId="8c84fa94-04c1-424b-9868-57a2d4851a1d" relativeResultsDirectory="578be183-a5a8-4aa7-9139-d90a7bee74bd" />
    <UnitTestResult executionId="38f53eb1-3093-460d-b851-eebeba8e4f2d" testId="ca801211-e81b-4246-8165-fc89719685cd" testName="ManagedCode.Communication.Tests.Results.ProblemTests.ErrorCode_SetToNull_ShouldRemoveFromExtensions" computerName="konstantins-macbook-pro" duration="00:00:00.0004208" startTime="2025-09-19T23:55:50.8882550+02:00" endTime="2025-09-19T23:55:50.8885050+02:00" testType="13cdc9d9-ddb5-4fa4-a97d-d965ccfc6d4b" outcome="Passed" testListId="8c84fa94-04c1-424b-9868-57a2d4851a1d" relativeResultsDirectory="38f53eb1-3093-460d-b851-eebeba8e4f2d" />
    <UnitTestResult executionId="1f06c906-3556-4583-b015-25f3637015b9" testId="b88b04a9-2785-97aa-c842-3b008f5ab60a" testName="ManagedCode.Communication.Tests.Results.ProblemToExceptionErrorTests.ToException_WithExceptionDataContainingComplexTypes_ShouldPreserveSerializableData" computerName="konstantins-macbook-pro" duration="00:00:00.0002360" startTime="2025-09-19T23:55:50.9620590+02:00" endTime="2025-09-19T23:55:50.9626710+02:00" testType="13cdc9d9-ddb5-4fa4-a97d-d965ccfc6d4b" outcome="Passed" testListId="8c84fa94-04c1-424b-9868-57a2d4851a1d" relativeResultsDirectory="1f06c906-3556-4583-b015-25f3637015b9" />
    <UnitTestResult executionId="04835bad-8c68-4d69-babe-509613c11d30" testId="e20cd443-fa33-bc28-26be-fffb5ab77d26" testName="ManagedCode.Communication.Tests.Results.ResultOperatorsTests.Result_ImplicitOperator_FromException_ShouldCreateFailedResult" computerName="konstantins-macbook-pro" duration="00:00:00.0003547" startTime="2025-09-19T23:55:50.8921840+02:00" endTime="2025-09-19T23:55:50.8926290+02:00" testType="13cdc9d9-ddb5-4fa4-a97d-d965ccfc6d4b" outcome="Passed" testListId="8c84fa94-04c1-424b-9868-57a2d4851a1d" relativeResultsDirectory="04835bad-8c68-4d69-babe-509613c11d30" />
    <UnitTestResult executionId="9a57fa72-3eed-4e7a-93e5-117fed135cf3" testId="2003d62f-56fa-bdbd-776e-cef4ed468d9f" testName="ManagedCode.Communication.Tests.Results.ResultStaticHelperMethodsTests.Result_FailForbiddenT_WithDetail_ShouldCreateForbiddenResultTWithCustomDetail" computerName="konstantins-macbook-pro" duration="00:00:00.0001502" startTime="2025-09-19T23:55:50.9567160+02:00" endTime="2025-09-19T23:55:50.9567390+02:00" testType="13cdc9d9-ddb5-4fa4-a97d-d965ccfc6d4b" outcome="Passed" testListId="8c84fa94-04c1-424b-9868-57a2d4851a1d" relativeResultsDirectory="9a57fa72-3eed-4e7a-93e5-117fed135cf3" />
    <UnitTestResult executionId="3abd1b14-8cad-48c6-954c-5202906e31d7" testId="8891f4eb-c9b0-3e3f-c742-57b774363d63" testName="ManagedCode.Communication.Tests.ControllerTests.MiddlewareTests.FailResult" computerName="konstantins-macbook-pro" duration="00:00:00.0021108" startTime="2025-09-19T23:55:52.0633470+02:00" endTime="2025-09-19T23:55:52.0655190+02:00" testType="13cdc9d9-ddb5-4fa4-a97d-d965ccfc6d4b" outcome="Passed" testListId="8c84fa94-04c1-424b-9868-57a2d4851a1d" relativeResultsDirectory="3abd1b14-8cad-48c6-954c-5202906e31d7" />
    <UnitTestResult executionId="c843cf00-2b81-4fd6-83f6-49d2a3e6a79e" testId="ba73bcf1-6486-473f-ebfb-50eecaf57a0c" testName="ManagedCode.Communication.Tests.Results.RailwayOrientedProgrammingTests.Map_ChainedOperations_ShouldWork" computerName="konstantins-macbook-pro" duration="00:00:00.0008820" startTime="2025-09-19T23:55:50.8735530+02:00" endTime="2025-09-19T23:55:50.8739470+02:00" testType="13cdc9d9-ddb5-4fa4-a97d-d965ccfc6d4b" outcome="Passed" testListId="8c84fa94-04c1-424b-9868-57a2d4851a1d" relativeResultsDirectory="c843cf00-2b81-4fd6-83f6-49d2a3e6a79e" />
    <UnitTestResult executionId="d99fe039-9894-47e2-89ce-f13c4ad01aa7" testId="296230cb-2332-ed3e-7412-3dcdf1d43e62" testName="ManagedCode.Communication.Tests.CollectionResults.CollectionResultFromMethodsTests.From_ComplexTypes_ShouldHandleCorrectly" computerName="konstantins-macbook-pro" duration="00:00:00.0018893" startTime="2025-09-19T23:55:51.1928060+02:00" endTime="2025-09-19T23:55:51.1943090+02:00" testType="13cdc9d9-ddb5-4fa4-a97d-d965ccfc6d4b" outcome="Passed" testListId="8c84fa94-04c1-424b-9868-57a2d4851a1d" relativeResultsDirectory="d99fe039-9894-47e2-89ce-f13c4ad01aa7" />
    <UnitTestResult executionId="9a80eec0-227d-4fcc-b5a1-aea9867d4613" testId="4042cc53-0735-53f5-867b-1cf2a2aa85d5" testName="ManagedCode.Communication.Tests.Results.ResultHelperMethodsTests.Result_Try_WithException_ShouldReturnFailure" computerName="konstantins-macbook-pro" duration="00:00:00.0001705" startTime="2025-09-19T23:55:50.9915490+02:00" endTime="2025-09-19T23:55:50.9915690+02:00" testType="13cdc9d9-ddb5-4fa4-a97d-d965ccfc6d4b" outcome="Passed" testListId="8c84fa94-04c1-424b-9868-57a2d4851a1d" relativeResultsDirectory="9a80eec0-227d-4fcc-b5a1-aea9867d4613" />
    <UnitTestResult executionId="45b94a98-b42d-46ce-8b4c-f6d45cc88cc8" testId="2367f857-59aa-58a4-330a-cf98fe9cbd82" testName="ManagedCode.Communication.Tests.Results.ProblemToExceptionTests.ToException_WithNonExceptionType_ShouldFallbackToProblemException" computerName="konstantins-macbook-pro" duration="00:00:00.0001466" startTime="2025-09-19T23:55:50.8983770+02:00" endTime="2025-09-19T23:55:50.8987360+02:00" testType="13cdc9d9-ddb5-4fa4-a97d-d965ccfc6d4b" outcome="Passed" testListId="8c84fa94-04c1-424b-9868-57a2d4851a1d" relativeResultsDirectory="45b94a98-b42d-46ce-8b4c-f6d45cc88cc8" />
    <UnitTestResult executionId="75df7ee2-c2f5-4fef-a527-1de547f4e507" testId="5f864fdf-439e-2f82-1d4d-33966957f6d6" testName="ManagedCode.Communication.Tests.CollectionResults.CollectionResultFromMethodsTests.From_TaskReturningEnumerable_ShouldCreateSuccessResult" computerName="konstantins-macbook-pro" duration="00:00:00.0316996" startTime="2025-09-19T23:55:51.1943940+02:00" endTime="2025-09-19T23:55:51.2260570+02:00" testType="13cdc9d9-ddb5-4fa4-a97d-d965ccfc6d4b" outcome="Passed" testListId="8c84fa94-04c1-424b-9868-57a2d4851a1d" relativeResultsDirectory="75df7ee2-c2f5-4fef-a527-1de547f4e507" />
    <UnitTestResult executionId="8b60721b-64ea-43b4-8b49-99f479e6e923" testId="db5cf356-60bc-24eb-7ebd-eedff3a8292a" testName="ManagedCode.Communication.Tests.AspNetCore.Extensions.ControllerExtensionsTests.ToActionResult_WithFailedResult_ReturnsCorrectStatusCode" computerName="konstantins-macbook-pro" duration="00:00:00.0002576" startTime="2025-09-19T23:55:50.9498190+02:00" endTime="2025-09-19T23:55:50.9502430+02:00" testType="13cdc9d9-ddb5-4fa4-a97d-d965ccfc6d4b" outcome="Passed" testListId="8c84fa94-04c1-424b-9868-57a2d4851a1d" relativeResultsDirectory="8b60721b-64ea-43b4-8b49-99f479e6e923" />
    <UnitTestResult executionId="3885d207-7e3f-4941-85ac-987655f12098" testId="c9c36d3a-0a72-c16b-d9ef-e237a67deccf" testName="ManagedCode.Communication.Tests.Orleans.Serialization.ResultSerializationTests.ResultT_WithComplexValue_ShouldSerializeCorrectly" computerName="konstantins-macbook-pro" duration="00:00:00.0081680" startTime="2025-09-19T23:55:51.7401080+02:00" endTime="2025-09-19T23:55:51.7480610+02:00" testType="13cdc9d9-ddb5-4fa4-a97d-d965ccfc6d4b" outcome="Passed" testListId="8c84fa94-04c1-424b-9868-57a2d4851a1d" relativeResultsDirectory="3885d207-7e3f-4941-85ac-987655f12098" />
    <UnitTestResult executionId="cb92a60f-32d2-4244-a119-3380451e75b9" testId="ebb85f49-d557-5a6a-c90c-63121ba0873d" testName="ManagedCode.Communication.Tests.Orleans.Serialization.CollectionResultSerializationTests.CollectionResult_WithProblem_ShouldSerializeCorrectly" computerName="konstantins-macbook-pro" duration="00:00:00.0032586" startTime="2025-09-19T23:55:51.7394300+02:00" endTime="2025-09-19T23:55:51.7436030+02:00" testType="13cdc9d9-ddb5-4fa4-a97d-d965ccfc6d4b" outcome="Passed" testListId="8c84fa94-04c1-424b-9868-57a2d4851a1d" relativeResultsDirectory="cb92a60f-32d2-4244-a119-3380451e75b9" />
    <UnitTestResult executionId="6536cb7f-9256-431a-9a6b-ee192969efbd" testId="6283c4be-1bf1-1121-ef21-2c078662a67b" testName="ManagedCode.Communication.Tests.ProblemTests.ProblemCreateMethodsTests.Problem_Create_FromException_ShouldCreateProblemWithExceptionDetails" computerName="konstantins-macbook-pro" duration="00:00:00.0004366" startTime="2025-09-19T23:55:50.9696710+02:00" endTime="2025-09-19T23:55:50.9697850+02:00" testType="13cdc9d9-ddb5-4fa4-a97d-d965ccfc6d4b" outcome="Passed" testListId="8c84fa94-04c1-424b-9868-57a2d4851a1d" relativeResultsDirectory="6536cb7f-9256-431a-9a6b-ee192969efbd" />
    <UnitTestResult executionId="3fc52e09-2ee6-4459-b96b-b6243a9ad777" testId="49c46075-0a42-052a-7a74-65c78fd3a54b" testName="ManagedCode.Communication.Tests.Results.ResultHelperMethodsTests.ResultT_TryAsync_WithSuccessfulTask_ShouldReturnSuccessWithValue" computerName="konstantins-macbook-pro" duration="00:00:00.0056815" startTime="2025-09-19T23:55:50.9944180+02:00" endTime="2025-09-19T23:55:50.9997220+02:00" testType="13cdc9d9-ddb5-4fa4-a97d-d965ccfc6d4b" outcome="Passed" testListId="8c84fa94-04c1-424b-9868-57a2d4851a1d" relativeResultsDirectory="3fc52e09-2ee6-4459-b96b-b6243a9ad777" />
    <UnitTestResult executionId="0d3ba697-bbcb-4f21-a46c-2bf968d7d9ae" testId="c7cfa25b-5f84-b4eb-ca51-e666774f7b77" testName="ManagedCode.Communication.Tests.Results.ResultTFailMethodsTests.ResultT_Fail_WithSpecialCharacters_ShouldHandleCorrectly" computerName="konstantins-macbook-pro" duration="00:00:00.0020222" startTime="2025-09-19T23:55:50.8737470+02:00" endTime="2025-09-19T23:55:50.8756450+02:00" testType="13cdc9d9-ddb5-4fa4-a97d-d965ccfc6d4b" outcome="Passed" testListId="8c84fa94-04c1-424b-9868-57a2d4851a1d" relativeResultsDirectory="0d3ba697-bbcb-4f21-a46c-2bf968d7d9ae" />
    <UnitTestResult executionId="3e4d4650-5b52-4cea-8b93-d487e2d071b2" testId="f2f678ee-a37b-8014-7202-81380186eb4d" testName="ManagedCode.Communication.Tests.Results.ResultStaticHelperMethodsTests.Result_FailNotFoundT_WithDetail_ShouldCreateNotFoundResultTWithCustomDetail" computerName="konstantins-macbook-pro" duration="00:00:00.0003678" startTime="2025-09-19T23:55:50.9628720+02:00" endTime="2025-09-19T23:55:50.9628960+02:00" testType="13cdc9d9-ddb5-4fa4-a97d-d965ccfc6d4b" outcome="Passed" testListId="8c84fa94-04c1-424b-9868-57a2d4851a1d" relativeResultsDirectory="3e4d4650-5b52-4cea-8b93-d487e2d071b2" />
    <UnitTestResult executionId="46b34147-656d-4c5c-9856-3caae5423fe6" testId="992bdcd4-f166-3c57-0b74-60a21be4306a" testName="ManagedCode.Communication.Tests.Extensions.AdvancedRailwayExtensionsTests.SwitchFirst_WithMatchingCondition_ExecutesCorrectCase" computerName="konstantins-macbook-pro" duration="00:00:00.0004950" startTime="2025-09-19T23:55:50.9359580+02:00" endTime="2025-09-19T23:55:50.9375030+02:00" testType="13cdc9d9-ddb5-4fa4-a97d-d965ccfc6d4b" outcome="Passed" testListId="8c84fa94-04c1-424b-9868-57a2d4851a1d" relativeResultsDirectory="46b34147-656d-4c5c-9856-3caae5423fe6" />
    <UnitTestResult executionId="81a662be-f27f-40f4-8867-1be1d5096d96" testId="234bc324-8553-c6e0-ddb6-1b51780458be" testName="ManagedCode.Communication.Tests.Extensions.AdvancedRailwayExtensionsTests.Then_WithFailedResult_DoesNotExecuteNext" computerName="konstantins-macbook-pro" duration="00:00:00.0001484" startTime="2025-09-19T23:55:50.9019160+02:00" endTime="2025-09-19T23:55:50.9019380+02:00" testType="13cdc9d9-ddb5-4fa4-a97d-d965ccfc6d4b" outcome="Passed" testListId="8c84fa94-04c1-424b-9868-57a2d4851a1d" relativeResultsDirectory="81a662be-f27f-40f4-8867-1be1d5096d96" />
    <UnitTestResult executionId="7cd81fe3-5ffc-487d-bfbd-75696c59ca37" testId="b2b9573d-e985-c983-e346-e985217d8d09" testName="ManagedCode.Communication.Tests.ResultExtensionsTests.MapAsync_WithSuccessResult_ShouldTransformValueAsync" computerName="konstantins-macbook-pro" duration="00:00:00.0026528" startTime="2025-09-19T23:55:50.9977400+02:00" endTime="2025-09-19T23:55:51.0001670+02:00" testType="13cdc9d9-ddb5-4fa4-a97d-d965ccfc6d4b" outcome="Passed" testListId="8c84fa94-04c1-424b-9868-57a2d4851a1d" relativeResultsDirectory="7cd81fe3-5ffc-487d-bfbd-75696c59ca37" />
    <UnitTestResult executionId="db37163d-b799-4ff8-a1b1-39e5d11efa6e" testId="794b71ec-85d9-cfea-3ecb-4593b036b3be" testName="ManagedCode.Communication.Tests.Results.ResultFailMethodsTests.Result_Fail_WithVariousStatusCodes_ShouldSetCorrectStatusCode(statusCode: Unauthorized, expectedCode: 401)" computerName="konstantins-macbook-pro" duration="00:00:00.0000023" startTime="2025-09-19T23:55:50.9028920+02:00" endTime="2025-09-19T23:55:50.9029210+02:00" testType="13cdc9d9-ddb5-4fa4-a97d-d965ccfc6d4b" outcome="Passed" testListId="8c84fa94-04c1-424b-9868-57a2d4851a1d" relativeResultsDirectory="db37163d-b799-4ff8-a1b1-39e5d11efa6e" />
    <UnitTestResult executionId="f37f266d-0d75-4b51-b5d6-3e048405fb28" testId="99276385-6909-321c-1b95-b70e5933d41e" testName="ManagedCode.Communication.Tests.Results.ResultInvalidMethodsTests.ResultT_Invalid_WithEnumAndMessage_ShouldCreateValidationResultWithBoth" computerName="konstantins-macbook-pro" duration="00:00:00.0020020" startTime="2025-09-19T23:55:50.9288920+02:00" endTime="2025-09-19T23:55:50.9308420+02:00" testType="13cdc9d9-ddb5-4fa4-a97d-d965ccfc6d4b" outcome="Passed" testListId="8c84fa94-04c1-424b-9868-57a2d4851a1d" relativeResultsDirectory="f37f266d-0d75-4b51-b5d6-3e048405fb28" />
    <UnitTestResult executionId="aa5ef572-5515-4491-a260-360c0167361f" testId="cb90d0c6-55d4-34fc-4dfd-762592dcaa9d" testName="ManagedCode.Communication.Tests.Results.ProblemToExceptionErrorTests.ToException_WithStackTrace_ShouldNotPreserveStackTrace" computerName="konstantins-macbook-pro" duration="00:00:00.0003779" startTime="2025-09-19T23:55:50.9566210+02:00" endTime="2025-09-19T23:55:50.9568250+02:00" testType="13cdc9d9-ddb5-4fa4-a97d-d965ccfc6d4b" outcome="Passed" testListId="8c84fa94-04c1-424b-9868-57a2d4851a1d" relativeResultsDirectory="aa5ef572-5515-4491-a260-360c0167361f" />
    <UnitTestResult executionId="27c25b54-62ca-4a14-85b4-c21500f79081" testId="7f739289-fb83-39f7-cc97-e031b49032de" testName="ManagedCode.Communication.Tests.AspNetCore.Extensions.ControllerExtensionsTests.ToActionResult_WithVariousStatusCodes_ReturnsCorrectStatusCode(statusCode: 404, title: &quot;Not Found&quot;)" computerName="konstantins-macbook-pro" duration="00:00:00.0000041" startTime="2025-09-19T23:55:50.9494620+02:00" endTime="2025-09-19T23:55:50.9494860+02:00" testType="13cdc9d9-ddb5-4fa4-a97d-d965ccfc6d4b" outcome="Passed" testListId="8c84fa94-04c1-424b-9868-57a2d4851a1d" relativeResultsDirectory="27c25b54-62ca-4a14-85b4-c21500f79081" />
    <UnitTestResult executionId="ab6ce711-f870-44ec-b05f-4716bb93e147" testId="a7a7bc99-5c81-4aae-8f5d-ed7089b3d4a6" testName="ManagedCode.Communication.Tests.Results.ProblemExceptionTests.Message_WithErrorCode_ShouldIncludeErrorCodeInBrackets" computerName="konstantins-macbook-pro" duration="00:00:00.0003215" startTime="2025-09-19T23:55:50.9550780+02:00" endTime="2025-09-19T23:55:50.9551870+02:00" testType="13cdc9d9-ddb5-4fa4-a97d-d965ccfc6d4b" outcome="Passed" testListId="8c84fa94-04c1-424b-9868-57a2d4851a1d" relativeResultsDirectory="ab6ce711-f870-44ec-b05f-4716bb93e147" />
    <UnitTestResult executionId="5f69a588-9a3e-4bdd-82d2-10ca312998d2" testId="e09feaae-1604-975a-64d2-68f66143e466" testName="ManagedCode.Communication.Tests.Extensions.AdvancedRailwayExtensionsTests.Verify_WithTrueCondition_ReturnsSuccess" computerName="konstantins-macbook-pro" duration="00:00:00.0000743" startTime="2025-09-19T23:55:50.9390810+02:00" endTime="2025-09-19T23:55:50.9393690+02:00" testType="13cdc9d9-ddb5-4fa4-a97d-d965ccfc6d4b" outcome="Passed" testListId="8c84fa94-04c1-424b-9868-57a2d4851a1d" relativeResultsDirectory="5f69a588-9a3e-4bdd-82d2-10ca312998d2" />
    <UnitTestResult executionId="7732c610-0a4b-4914-bb6f-2fb40cc3a327" testId="a6f92938-3cd6-0259-0038-c96207263ec9" testName="ManagedCode.Communication.Tests.CollectionResults.CollectionResultFailMethodsTests.Fail_WithEnum_ShouldCreateFailedResultWithErrorCode" computerName="konstantins-macbook-pro" duration="00:00:00.0006776" startTime="2025-09-19T23:55:51.0004330+02:00" endTime="2025-09-19T23:55:51.0010620+02:00" testType="13cdc9d9-ddb5-4fa4-a97d-d965ccfc6d4b" outcome="Passed" testListId="8c84fa94-04c1-424b-9868-57a2d4851a1d" relativeResultsDirectory="7732c610-0a4b-4914-bb6f-2fb40cc3a327" />
    <UnitTestResult executionId="5534e2df-630c-47df-97cd-3f8e851df808" testId="6aef3be6-be58-6d70-5d16-8497e19d6e8e" testName="ManagedCode.Communication.Tests.Extensions.AdvancedRailwayExtensionsTests.ToResult_WithNullValue_ReturnsNotFound" computerName="konstantins-macbook-pro" duration="00:00:00.0000724" startTime="2025-09-19T23:55:50.9556760+02:00" endTime="2025-09-19T23:55:50.9557030+02:00" testType="13cdc9d9-ddb5-4fa4-a97d-d965ccfc6d4b" outcome="Passed" testListId="8c84fa94-04c1-424b-9868-57a2d4851a1d" relativeResultsDirectory="5534e2df-630c-47df-97cd-3f8e851df808" />
    <UnitTestResult executionId="7679ad9d-93e6-49b3-b79e-1ceff2852c3d" testId="e9afcaf2-7818-aac4-97f5-27c1d6e7b6c2" testName="ManagedCode.Communication.Tests.CollectionResults.CollectionResultFailMethodsTests.Fail_WithLargeCollection_ShouldPreserveAllItems" computerName="konstantins-macbook-pro" duration="00:00:00.0008097" startTime="2025-09-19T23:55:50.9978780+02:00" endTime="2025-09-19T23:55:50.9980350+02:00" testType="13cdc9d9-ddb5-4fa4-a97d-d965ccfc6d4b" outcome="Passed" testListId="8c84fa94-04c1-424b-9868-57a2d4851a1d" relativeResultsDirectory="7679ad9d-93e6-49b3-b79e-1ceff2852c3d" />
    <UnitTestResult executionId="0c2cdaa8-f5e1-4a71-a879-84e7fc9bbaba" testId="b63a8c73-326f-00c0-2fb1-b6e3b569e065" testName="ManagedCode.Communication.Tests.Results.CollectionResultInvalidMethodsTests.CollectionResult_Invalid_NoParameters_ShouldCreateValidationResult" computerName="konstantins-macbook-pro" duration="00:00:00.0001429" startTime="2025-09-19T23:55:50.9002920+02:00" endTime="2025-09-19T23:55:50.9003160+02:00" testType="13cdc9d9-ddb5-4fa4-a97d-d965ccfc6d4b" outcome="Passed" testListId="8c84fa94-04c1-424b-9868-57a2d4851a1d" relativeResultsDirectory="0c2cdaa8-f5e1-4a71-a879-84e7fc9bbaba" />
    <UnitTestResult executionId="99df4b40-e0e2-4c18-a2c9-e9738c1f7d9a" testId="98850bf1-e160-2acd-8a57-566bba37b11b" testName="ManagedCode.Communication.Tests.Commands.MemoryCacheCommandIdempotencyStoreTests.GetMultipleResultsAsync_ReturnsResultsForMultipleCommands" computerName="konstantins-macbook-pro" duration="00:00:00.0004768" startTime="2025-09-19T23:55:50.9938700+02:00" endTime="2025-09-19T23:55:50.9945980+02:00" testType="13cdc9d9-ddb5-4fa4-a97d-d965ccfc6d4b" outcome="Passed" testListId="8c84fa94-04c1-424b-9868-57a2d4851a1d" relativeResultsDirectory="99df4b40-e0e2-4c18-a2c9-e9738c1f7d9a" />
    <UnitTestResult executionId="2afdc349-2602-4a2e-96ef-55bc9b932e54" testId="705ecbbc-4193-2770-884e-c1965e63c3ae" testName="ManagedCode.Communication.Tests.Results.ResultTFailMethodsTests.ResultT_Fail_WithVariousStatusCodes_ShouldSetCorrectStatusCode(statusCode: NotFound, expectedCode: 404)" computerName="konstantins-macbook-pro" duration="00:00:00.0000056" startTime="2025-09-19T23:55:50.8775440+02:00" endTime="2025-09-19T23:55:50.8776530+02:00" testType="13cdc9d9-ddb5-4fa4-a97d-d965ccfc6d4b" outcome="Passed" testListId="8c84fa94-04c1-424b-9868-57a2d4851a1d" relativeResultsDirectory="2afdc349-2602-4a2e-96ef-55bc9b932e54" />
    <UnitTestResult executionId="bb903a68-e449-4275-a9fb-fd40d2c5aec2" testId="c90d3c3a-bda1-dab0-eefe-c90f9e85739f" testName="ManagedCode.Communication.Tests.AspNetCore.Extensions.CommunicationServiceCollectionExtensionsTests.CommunicationLoggerConfigurationService_WithCancellation_HandlesCancellation" computerName="konstantins-macbook-pro" duration="00:00:00.0004563" startTime="2025-09-19T23:55:50.9923710+02:00" endTime="2025-09-19T23:55:50.9923950+02:00" testType="13cdc9d9-ddb5-4fa4-a97d-d965ccfc6d4b" outcome="Passed" testListId="8c84fa94-04c1-424b-9868-57a2d4851a1d" relativeResultsDirectory="bb903a68-e449-4275-a9fb-fd40d2c5aec2" />
    <UnitTestResult executionId="4f6973b0-c4b9-4ea2-b6cf-b8de737766ad" testId="64430dc0-d0ec-3630-f4dc-3035b3446fe0" testName="ManagedCode.Communication.Tests.Serialization.SerializationTests.CommandT_WithValue_ShouldSerializeAndDeserialize" computerName="konstantins-macbook-pro" duration="00:00:00.0015476" startTime="2025-09-19T23:55:51.0028870+02:00" endTime="2025-09-19T23:55:51.0042860+02:00" testType="13cdc9d9-ddb5-4fa4-a97d-d965ccfc6d4b" outcome="Passed" testListId="8c84fa94-04c1-424b-9868-57a2d4851a1d" relativeResultsDirectory="4f6973b0-c4b9-4ea2-b6cf-b8de737766ad" />
    <UnitTestResult executionId="a160e017-0d20-42fc-a3eb-f6e49e6db1af" testId="29839775-d400-0a7a-0eaf-63aa5f9e74a9" testName="ManagedCode.Communication.Tests.CollectionResults.CollectionResultFailMethodsTests.FailValidation_WithSingleError_ShouldCreateValidationFailedResult" computerName="konstantins-macbook-pro" duration="00:00:00.0003423" startTime="2025-09-19T23:55:51.0028050+02:00" endTime="2025-09-19T23:55:51.0029090+02:00" testType="13cdc9d9-ddb5-4fa4-a97d-d965ccfc6d4b" outcome="Passed" testListId="8c84fa94-04c1-424b-9868-57a2d4851a1d" relativeResultsDirectory="a160e017-0d20-42fc-a3eb-f6e49e6db1af" />
    <UnitTestResult executionId="7d898adb-8e50-4cba-b804-41677d1abac3" testId="006db6e7-371d-e718-b29e-3beaaaa8b1e6" testName="ManagedCode.Communication.Tests.Results.ResultTFailMethodsTests.ResultT_FailForbidden_NoParameters_ShouldCreateForbiddenResult" computerName="konstantins-macbook-pro" duration="00:00:00.0002619" startTime="2025-09-19T23:55:50.8812860+02:00" endTime="2025-09-19T23:55:50.8813600+02:00" testType="13cdc9d9-ddb5-4fa4-a97d-d965ccfc6d4b" outcome="Passed" testListId="8c84fa94-04c1-424b-9868-57a2d4851a1d" relativeResultsDirectory="7d898adb-8e50-4cba-b804-41677d1abac3" />
    <UnitTestResult executionId="2841af67-8c0f-4ed2-b3c4-7cdfe32627eb" testId="1de860b6-9b89-fb6b-c718-4f454ec9c197" testName="ManagedCode.Communication.Tests.Extensions.ResultConversionExtensionsTests.AsResult_WithNullValue_CreatesSuccessfulResultWithNull" computerName="konstantins-macbook-pro" duration="00:00:00.0000727" startTime="2025-09-19T23:55:50.9357170+02:00" endTime="2025-09-19T23:55:50.9358240+02:00" testType="13cdc9d9-ddb5-4fa4-a97d-d965ccfc6d4b" outcome="Passed" testListId="8c84fa94-04c1-424b-9868-57a2d4851a1d" relativeResultsDirectory="2841af67-8c0f-4ed2-b3c4-7cdfe32627eb" />
    <UnitTestResult executionId="2c98b1da-3d10-43e0-aad4-418e00eb0a9e" testId="ef0bb53c-de3f-61a0-57cc-23df101fc50c" testName="ManagedCode.Communication.Tests.Commands.MemoryCacheCommandIdempotencyStoreTests.ExecuteIdempotentAsync_WhenOperationFails_MarksCommandAsFailedAndRethrowsException" computerName="konstantins-macbook-pro" duration="00:00:00.0243265" startTime="2025-09-19T23:55:50.9658460+02:00" endTime="2025-09-19T23:55:50.9903640+02:00" testType="13cdc9d9-ddb5-4fa4-a97d-d965ccfc6d4b" outcome="Passed" testListId="8c84fa94-04c1-424b-9868-57a2d4851a1d" relativeResultsDirectory="2c98b1da-3d10-43e0-aad4-418e00eb0a9e" />
    <UnitTestResult executionId="9b8ed6d2-feb3-4f96-b04e-f0a1744503bf" testId="c2a0058c-a5cc-3414-d3fc-5639c4dbe702" testName="ManagedCode.Communication.Tests.Results.ResultHelperMethodsTests.ResultT_Match_WithSuccess_ShouldCallOnSuccess" computerName="konstantins-macbook-pro" duration="00:00:00.0001664" startTime="2025-09-19T23:55:50.9909620+02:00" endTime="2025-09-19T23:55:50.9909820+02:00" testType="13cdc9d9-ddb5-4fa4-a97d-d965ccfc6d4b" outcome="Passed" testListId="8c84fa94-04c1-424b-9868-57a2d4851a1d" relativeResultsDirectory="9b8ed6d2-feb3-4f96-b04e-f0a1744503bf" />
    <UnitTestResult executionId="1cd6bc44-9710-4e54-9b20-906f7677afe3" testId="d8f98bda-9edd-5f69-b3df-8d5cd152c533" testName="ManagedCode.Communication.Tests.Results.ProblemTests.GetValidationErrors_WithValidationProblem_ShouldReturnErrors" computerName="konstantins-macbook-pro" duration="00:00:00.0001259" startTime="2025-09-19T23:55:50.8892620+02:00" endTime="2025-09-19T23:55:50.8896420+02:00" testType="13cdc9d9-ddb5-4fa4-a97d-d965ccfc6d4b" outcome="Passed" testListId="8c84fa94-04c1-424b-9868-57a2d4851a1d" relativeResultsDirectory="1cd6bc44-9710-4e54-9b20-906f7677afe3" />
    <UnitTestResult executionId="cba46a2e-b87e-4b7d-8ba0-d5cc5b034415" testId="2e2fba21-e57a-bf8c-9794-7565ebcbea78" testName="ManagedCode.Communication.Tests.Extensions.ResultConversionExtensionsTests.AsResult_InfersTypeFromValue" computerName="konstantins-macbook-pro" duration="00:00:00.0015456" startTime="2025-09-19T23:55:50.9393060+02:00" endTime="2025-09-19T23:55:50.9402130+02:00" testType="13cdc9d9-ddb5-4fa4-a97d-d965ccfc6d4b" outcome="Passed" testListId="8c84fa94-04c1-424b-9868-57a2d4851a1d" relativeResultsDirectory="cba46a2e-b87e-4b7d-8ba0-d5cc5b034415" />
    <UnitTestResult executionId="eef540a3-112c-4590-b50b-cbc142e79b39" testId="f033dff5-3005-c649-45d7-638d675d115a" testName="ManagedCode.Communication.Tests.Results.ProblemExceptionTests.Constructor_WithInnerException_ShouldCreateProblemFromException" computerName="konstantins-macbook-pro" duration="00:00:00.0001432" startTime="2025-09-19T23:55:50.9531840+02:00" endTime="2025-09-19T23:55:50.9532070+02:00" testType="13cdc9d9-ddb5-4fa4-a97d-d965ccfc6d4b" outcome="Passed" testListId="8c84fa94-04c1-424b-9868-57a2d4851a1d" relativeResultsDirectory="eef540a3-112c-4590-b50b-cbc142e79b39" />
    <UnitTestResult executionId="890f6ec3-8716-401c-b22e-64e824eac53b" testId="670aed6d-afc8-2205-1f3b-fa065414e4d4" testName="ManagedCode.Communication.Tests.CollectionResults.CollectionResultFailMethodsTests.Fail_WithSpecialCharacters_ShouldHandleCorrectly" computerName="konstantins-macbook-pro" duration="00:00:00.0001524" startTime="2025-09-19T23:55:51.0011320+02:00" endTime="2025-09-19T23:55:51.0012330+02:00" testType="13cdc9d9-ddb5-4fa4-a97d-d965ccfc6d4b" outcome="Passed" testListId="8c84fa94-04c1-424b-9868-57a2d4851a1d" relativeResultsDirectory="890f6ec3-8716-401c-b22e-64e824eac53b" />
    <UnitTestResult executionId="8ada8009-5795-489b-bd09-649bd2479dc7" testId="4f92ecc3-fdbf-d569-57b7-f3dc0bc79390" testName="ManagedCode.Communication.Tests.Results.ResultTFailMethodsTests.ResultT_Fail_WithInnerException_ShouldPreserveExceptionInfo" computerName="konstantins-macbook-pro" duration="00:00:00.0005809" startTime="2025-09-19T23:55:50.8757040+02:00" endTime="2025-09-19T23:55:50.8758240+02:00" testType="13cdc9d9-ddb5-4fa4-a97d-d965ccfc6d4b" outcome="Passed" testListId="8c84fa94-04c1-424b-9868-57a2d4851a1d" relativeResultsDirectory="8ada8009-5795-489b-bd09-649bd2479dc7" />
    <UnitTestResult executionId="64f32b02-13cc-42ee-80a7-76f0366a6e3c" testId="9e91e282-03c1-0cff-0470-97bfea9c776b" testName="ManagedCode.Communication.Tests.Results.ResultTTests.TryGetProblem_WithFailedResult_ShouldReturnTrueAndProblem" computerName="konstantins-macbook-pro" duration="00:00:00.0002383" startTime="2025-09-19T23:55:50.8859150+02:00" endTime="2025-09-19T23:55:50.8866010+02:00" testType="13cdc9d9-ddb5-4fa4-a97d-d965ccfc6d4b" outcome="Passed" testListId="8c84fa94-04c1-424b-9868-57a2d4851a1d" relativeResultsDirectory="64f32b02-13cc-42ee-80a7-76f0366a6e3c" />
    <UnitTestResult executionId="5237b26a-7ba5-4de8-91f9-8280a7507e79" testId="b530df44-9215-c330-3e2e-fee288d86fdb" testName="ManagedCode.Communication.Tests.Results.ProblemToExceptionTests.ToException_FromProblemWithoutOriginalType_ShouldReturnProblemException" computerName="konstantins-macbook-pro" duration="00:00:00.0001174" startTime="2025-09-19T23:55:50.8979970+02:00" endTime="2025-09-19T23:55:50.8980950+02:00" testType="13cdc9d9-ddb5-4fa4-a97d-d965ccfc6d4b" outcome="Passed" testListId="8c84fa94-04c1-424b-9868-57a2d4851a1d" relativeResultsDirectory="5237b26a-7ba5-4de8-91f9-8280a7507e79" />
    <UnitTestResult executionId="2f100fc0-489c-4024-8ca8-375d6c60e8be" testId="ff152fd0-403e-f4ec-a73e-1cd296d1d014" testName="ManagedCode.Communication.Tests.OrleansTests.GrainClientTests.Result" computerName="konstantins-macbook-pro" duration="00:00:00.0013354" startTime="2025-09-19T23:55:52.1089150+02:00" endTime="2025-09-19T23:55:52.1102480+02:00" testType="13cdc9d9-ddb5-4fa4-a97d-d965ccfc6d4b" outcome="Passed" testListId="8c84fa94-04c1-424b-9868-57a2d4851a1d" relativeResultsDirectory="2f100fc0-489c-4024-8ca8-375d6c60e8be" />
    <UnitTestResult executionId="2643aa17-7dec-4e7a-8f78-b9c9f30ddfc6" testId="cd465a48-4f16-0fe6-3ad4-0670fd7de72e" testName="ManagedCode.Communication.Tests.Results.ResultTTests.ImplicitOperator_FromProblem_ShouldCreateFailedResult" computerName="konstantins-macbook-pro" duration="00:00:00.0001088" startTime="2025-09-19T23:55:50.8895380+02:00" endTime="2025-09-19T23:55:50.8895600+02:00" testType="13cdc9d9-ddb5-4fa4-a97d-d965ccfc6d4b" outcome="Passed" testListId="8c84fa94-04c1-424b-9868-57a2d4851a1d" relativeResultsDirectory="2643aa17-7dec-4e7a-8f78-b9c9f30ddfc6" />
    <UnitTestResult executionId="dd43ad4b-1c03-47b4-9a57-6700fde7e84c" testId="6ae26cda-9ea5-f09e-3c41-fb491e5f7a36" testName="ManagedCode.Communication.Tests.Orleans.Serialization.ProblemSerializationTests.Problem_WithAllFields_ShouldSerializeCorrectly" computerName="konstantins-macbook-pro" duration="00:00:00.0039168" startTime="2025-09-19T23:55:51.7420750+02:00" endTime="2025-09-19T23:55:51.7464820+02:00" testType="13cdc9d9-ddb5-4fa4-a97d-d965ccfc6d4b" outcome="Passed" testListId="8c84fa94-04c1-424b-9868-57a2d4851a1d" relativeResultsDirectory="dd43ad4b-1c03-47b4-9a57-6700fde7e84c" />
    <UnitTestResult executionId="44d19812-15c8-4c0a-86bd-9bb917732152" testId="0becb87d-368a-ae3f-dadc-8f59c2dd4345" testName="ManagedCode.Communication.Tests.Extensions.AdvancedRailwayExtensionsTests.CombineAll_WithMixedResults_CollectsAllErrors" computerName="konstantins-macbook-pro" duration="00:00:00.0056719" startTime="2025-09-19T23:55:50.9038390+02:00" endTime="2025-09-19T23:55:50.9055080+02:00" testType="13cdc9d9-ddb5-4fa4-a97d-d965ccfc6d4b" outcome="Passed" testListId="8c84fa94-04c1-424b-9868-57a2d4851a1d" relativeResultsDirectory="44d19812-15c8-4c0a-86bd-9bb917732152" />
    <UnitTestResult executionId="aa5b8b9a-23ee-4fef-bd4c-24dd07f13631" testId="49968c77-db79-7bef-f137-feb610539b3e" testName="ManagedCode.Communication.Tests.Commands.MemoryCacheCommandIdempotencyStoreTests.TryGetCachedResultAsync_WhenResultExists_ReturnsResult" computerName="konstantins-macbook-pro" duration="00:00:00.0012754" startTime="2025-09-19T23:55:50.9907120+02:00" endTime="2025-09-19T23:55:50.9916550+02:00" testType="13cdc9d9-ddb5-4fa4-a97d-d965ccfc6d4b" outcome="Passed" testListId="8c84fa94-04c1-424b-9868-57a2d4851a1d" relativeResultsDirectory="aa5b8b9a-23ee-4fef-bd4c-24dd07f13631" />
    <UnitTestResult executionId="f4550105-4b14-4275-987d-92aea775ca64" testId="fe4bb424-4fc7-dee4-ff2f-8ee1b89e7d7f" testName="ManagedCode.Communication.Tests.Commands.MemoryCacheCommandIdempotencyStoreTests.GetMultipleStatusAsync_ReturnsStatusForMultipleCommands" computerName="konstantins-macbook-pro" duration="00:00:00.0032707" startTime="2025-09-19T23:55:50.9458480+02:00" endTime="2025-09-19T23:55:50.9505320+02:00" testType="13cdc9d9-ddb5-4fa4-a97d-d965ccfc6d4b" outcome="Passed" testListId="8c84fa94-04c1-424b-9868-57a2d4851a1d" relativeResultsDirectory="f4550105-4b14-4275-987d-92aea775ca64" />
    <UnitTestResult executionId="a44996e5-4dea-4557-8ca9-ca88e18779b9" testId="685bf125-95a7-b042-d839-6110f006a2bb" testName="ManagedCode.Communication.Tests.Results.CollectionResultTests.ThrowIfFail_WithFailedResult_ShouldThrow" computerName="konstantins-macbook-pro" duration="00:00:00.0002518" startTime="2025-09-19T23:55:50.9234220+02:00" endTime="2025-09-19T23:55:50.9237350+02:00" testType="13cdc9d9-ddb5-4fa4-a97d-d965ccfc6d4b" outcome="Passed" testListId="8c84fa94-04c1-424b-9868-57a2d4851a1d" relativeResultsDirectory="a44996e5-4dea-4557-8ca9-ca88e18779b9" />
    <UnitTestResult executionId="3c71a682-029d-45ae-88d0-82a34bf7dd5e" testId="e3ea7a3f-bc55-5685-d863-350fa30216ea" testName="ManagedCode.Communication.Tests.Results.ResultHelperMethodsTests.ResultT_Match_WithFailure_ShouldCallOnFailure" computerName="konstantins-macbook-pro" duration="00:00:00.0002210" startTime="2025-09-19T23:55:50.9908200+02:00" endTime="2025-09-19T23:55:50.9908470+02:00" testType="13cdc9d9-ddb5-4fa4-a97d-d965ccfc6d4b" outcome="Passed" testListId="8c84fa94-04c1-424b-9868-57a2d4851a1d" relativeResultsDirectory="3c71a682-029d-45ae-88d0-82a34bf7dd5e" />
    <UnitTestResult executionId="51ef9438-02e1-4927-a60b-c118ccd00f44" testId="b3b9ef4c-6313-6dea-33cf-2d0e819cad64" testName="ManagedCode.Communication.Tests.Results.ResultHelperMethodsTests.ResultT_From_WithSuccessResult_ShouldReturnSuccessWithValue" computerName="konstantins-macbook-pro" duration="00:00:00.0006858" startTime="2025-09-19T23:55:50.9922940+02:00" endTime="2025-09-19T23:55:50.9925590+02:00" testType="13cdc9d9-ddb5-4fa4-a97d-d965ccfc6d4b" outcome="Passed" testListId="8c84fa94-04c1-424b-9868-57a2d4851a1d" relativeResultsDirectory="51ef9438-02e1-4927-a60b-c118ccd00f44" />
    <UnitTestResult executionId="c7b9c52b-e9b9-45e9-8e9f-44fe54a63611" testId="bc66e507-df82-f1e7-2faf-ccf42c118b92" testName="ManagedCode.Communication.Tests.Results.ProblemTests.FromEnum_WithDefaultStatusCode_ShouldUse400" computerName="konstantins-macbook-pro" duration="00:00:00.0001582" startTime="2025-09-19T23:55:50.8864880+02:00" endTime="2025-09-19T23:55:50.8867300+02:00" testType="13cdc9d9-ddb5-4fa4-a97d-d965ccfc6d4b" outcome="Passed" testListId="8c84fa94-04c1-424b-9868-57a2d4851a1d" relativeResultsDirectory="c7b9c52b-e9b9-45e9-8e9f-44fe54a63611" />
    <UnitTestResult executionId="40f0067d-0868-4637-92e8-6db22f830747" testId="f0903404-1a3b-41c9-12e3-9c19c9690b95" testName="ManagedCode.Communication.Tests.CollectionResults.CollectionResultFailMethodsTests.Fail_WithVariousStatusCodes_ShouldSetCorrectStatusCode(statusCode: BadRequest, expectedCode: 400)" computerName="konstantins-macbook-pro" duration="00:00:00.0000924" startTime="2025-09-19T23:55:50.9958390+02:00" endTime="2025-09-19T23:55:50.9959470+02:00" testType="13cdc9d9-ddb5-4fa4-a97d-d965ccfc6d4b" outcome="Passed" testListId="8c84fa94-04c1-424b-9868-57a2d4851a1d" relativeResultsDirectory="40f0067d-0868-4637-92e8-6db22f830747" />
    <UnitTestResult executionId="b781c121-85c8-4612-9306-8e6ea3447532" testId="d102cefa-33e2-3c8d-7bd8-79d740844fb3" testName="ManagedCode.Communication.Tests.CollectionResults.CollectionResultFromMethodsTests.From_FuncThrowingExceptionForCollectionResult_ShouldReturnFailedResult" computerName="konstantins-macbook-pro" duration="00:00:00.0001931" startTime="2025-09-19T23:55:51.2473600+02:00" endTime="2025-09-19T23:55:51.2474920+02:00" testType="13cdc9d9-ddb5-4fa4-a97d-d965ccfc6d4b" outcome="Passed" testListId="8c84fa94-04c1-424b-9868-57a2d4851a1d" relativeResultsDirectory="b781c121-85c8-4612-9306-8e6ea3447532" />
    <UnitTestResult executionId="b4ecbc3c-9d18-493d-901e-15b320ab0b99" testId="99ad070e-072d-3189-a75d-1aa7c7eeb04e" testName="ManagedCode.Communication.Tests.Extensions.HttpResponseExtensionTests.FromJsonToResult_NullContent_WithErrorStatus_ReturnsFailedResult" computerName="konstantins-macbook-pro" duration="00:00:00.0002301" startTime="2025-09-19T23:55:50.9248920+02:00" endTime="2025-09-19T23:55:50.9249150+02:00" testType="13cdc9d9-ddb5-4fa4-a97d-d965ccfc6d4b" outcome="Passed" testListId="8c84fa94-04c1-424b-9868-57a2d4851a1d" relativeResultsDirectory="b4ecbc3c-9d18-493d-901e-15b320ab0b99" />
    <UnitTestResult executionId="33d47136-45a7-4344-a79e-b2472de7d842" testId="0dc123ac-2efb-3f2f-924d-27dae15c54d0" testName="ManagedCode.Communication.Tests.Results.ResultTTests.ThrowIfFail_WithFailedResult_ShouldThrowProblemException" computerName="konstantins-macbook-pro" duration="00:00:00.0007728" startTime="2025-09-19T23:55:50.8847480+02:00" endTime="2025-09-19T23:55:50.8855080+02:00" testType="13cdc9d9-ddb5-4fa4-a97d-d965ccfc6d4b" outcome="Passed" testListId="8c84fa94-04c1-424b-9868-57a2d4851a1d" relativeResultsDirectory="33d47136-45a7-4344-a79e-b2472de7d842" />
    <UnitTestResult executionId="9640cd48-5659-4373-bd5e-11d0d33cdbf1" testId="14204546-6fef-c7d5-1d02-bd489a823e27" testName="ManagedCode.Communication.Tests.Extensions.ProblemExtensionsTests.ToFailedResultT_FromProblem_ShouldCreateFailedResultT" computerName="konstantins-macbook-pro" duration="00:00:00.0002520" startTime="2025-09-19T23:55:50.8776210+02:00" endTime="2025-09-19T23:55:50.8777900+02:00" testType="13cdc9d9-ddb5-4fa4-a97d-d965ccfc6d4b" outcome="Passed" testListId="8c84fa94-04c1-424b-9868-57a2d4851a1d" relativeResultsDirectory="9640cd48-5659-4373-bd5e-11d0d33cdbf1" />
    <UnitTestResult executionId="5aa15c77-6815-4fb5-9737-049e742675d3" testId="08207ca9-c0ba-e0cc-e9e6-34d7f89fcf5e" testName="ManagedCode.Communication.Tests.Extensions.ProblemExtensionsTests.AddInvalidMessage_WithGeneralMessage_ShouldAddToGeneralErrors" computerName="konstantins-macbook-pro" duration="00:00:00.0002714" startTime="2025-09-19T23:55:50.8782000+02:00" endTime="2025-09-19T23:55:50.8782260+02:00" testType="13cdc9d9-ddb5-4fa4-a97d-d965ccfc6d4b" outcome="Passed" testListId="8c84fa94-04c1-424b-9868-57a2d4851a1d" relativeResultsDirectory="5aa15c77-6815-4fb5-9737-049e742675d3" />
    <UnitTestResult executionId="7077fb8f-24d0-42b0-b729-eef101560874" testId="7ec712aa-0f40-61e7-c73d-a19584ac1f5b" testName="ManagedCode.Communication.Tests.ControllerTests.MiddlewareTests.SuccessResult" computerName="konstantins-macbook-pro" duration="00:00:00.0048005" startTime="2025-09-19T23:55:51.9902180+02:00" endTime="2025-09-19T23:55:51.9948850+02:00" testType="13cdc9d9-ddb5-4fa4-a97d-d965ccfc6d4b" outcome="Passed" testListId="8c84fa94-04c1-424b-9868-57a2d4851a1d" relativeResultsDirectory="7077fb8f-24d0-42b0-b729-eef101560874" />
    <UnitTestResult executionId="fea2a49e-e408-4a0c-952c-31615ddb8ab3" testId="1e89b684-e978-3894-3e18-fc74f760e637" testName="ManagedCode.Communication.Tests.ResultExtensionsTests.Map_WithFailedResult_ShouldPropagateFailure" computerName="konstantins-macbook-pro" duration="00:00:00.0001117" startTime="2025-09-19T23:55:50.9936080+02:00" endTime="2025-09-19T23:55:50.9936620+02:00" testType="13cdc9d9-ddb5-4fa4-a97d-d965ccfc6d4b" outcome="Passed" testListId="8c84fa94-04c1-424b-9868-57a2d4851a1d" relativeResultsDirectory="fea2a49e-e408-4a0c-952c-31615ddb8ab3" />
    <UnitTestResult executionId="8ba534b0-f864-468f-b2ec-eb6c3c95b945" testId="4ff25461-925d-2b73-524e-d2fd332c1e39" testName="ManagedCode.Communication.Tests.Results.ProblemTests.ErrorCode_PropertyShouldWorkCorrectly" computerName="konstantins-macbook-pro" duration="00:00:00.0000882" startTime="2025-09-19T23:55:50.8874620+02:00" endTime="2025-09-19T23:55:50.8875620+02:00" testType="13cdc9d9-ddb5-4fa4-a97d-d965ccfc6d4b" outcome="Passed" testListId="8c84fa94-04c1-424b-9868-57a2d4851a1d" relativeResultsDirectory="8ba534b0-f864-468f-b2ec-eb6c3c95b945" />
    <UnitTestResult executionId="9ae6ca93-54fb-4f9a-bf20-6ca3e78d647e" testId="0f64322a-6465-7604-d056-7e866a62441d" testName="ManagedCode.Communication.Tests.AspNetCore.Helpers.HttpStatusCodeHelperTests.GetStatusCodeForException_UnknownException_FallsBackToBaseHelper" computerName="konstantins-macbook-pro" duration="00:00:00.0151879" startTime="2025-09-19T23:55:50.9870920+02:00" endTime="2025-09-19T23:55:50.9872790+02:00" testType="13cdc9d9-ddb5-4fa4-a97d-d965ccfc6d4b" outcome="Passed" testListId="8c84fa94-04c1-424b-9868-57a2d4851a1d" relativeResultsDirectory="9ae6ca93-54fb-4f9a-bf20-6ca3e78d647e" />
    <UnitTestResult executionId="b98bdb52-8b3b-40d5-9343-a1934a7c90e4" testId="f3efdaca-9c0c-cd13-72e4-329f615be42e" testName="ManagedCode.Communication.Tests.Results.ResultHelperMethodsTests.ResultT_TryGetProblem_WithFailure_ShouldReturnTrueAndProblem" computerName="konstantins-macbook-pro" duration="00:00:00.0000885" startTime="2025-09-19T23:55:50.9939320+02:00" endTime="2025-09-19T23:55:50.9943620+02:00" testType="13cdc9d9-ddb5-4fa4-a97d-d965ccfc6d4b" outcome="Passed" testListId="8c84fa94-04c1-424b-9868-57a2d4851a1d" relativeResultsDirectory="b98bdb52-8b3b-40d5-9343-a1934a7c90e4" />
    <UnitTestResult executionId="f94c4b57-a8f4-4519-aba0-b0b2dafa6ac3" testId="0f7e2ea7-7d90-6e7a-188c-ad60a1c650c6" testName="ManagedCode.Communication.Tests.Extensions.HttpResponseExtensionTests.FromRequestToResult_VariousSuccessCodes_ReturnsSuccessResult(statusCode: OK)" computerName="konstantins-macbook-pro" duration="00:00:00.0000027" startTime="2025-09-19T23:55:50.9235530+02:00" endTime="2025-09-19T23:55:50.9235770+02:00" testType="13cdc9d9-ddb5-4fa4-a97d-d965ccfc6d4b" outcome="Passed" testListId="8c84fa94-04c1-424b-9868-57a2d4851a1d" relativeResultsDirectory="f94c4b57-a8f4-4519-aba0-b0b2dafa6ac3" />
    <UnitTestResult executionId="d9fe9a79-b35b-4d26-a979-479a623f7d41" testId="8ddf6ba2-aa71-6918-24f4-fd6fd790ee42" testName="ManagedCode.Communication.Tests.Extensions.HttpResponseExtensionTests.FromRequestToResult_ConflictStatusCode_ReturnsFailedResult" computerName="konstantins-macbook-pro" duration="00:00:00.0002672" startTime="2025-09-19T23:55:50.9257420+02:00" endTime="2025-09-19T23:55:50.9257640+02:00" testType="13cdc9d9-ddb5-4fa4-a97d-d965ccfc6d4b" outcome="Passed" testListId="8c84fa94-04c1-424b-9868-57a2d4851a1d" relativeResultsDirectory="d9fe9a79-b35b-4d26-a979-479a623f7d41" />
    <UnitTestResult executionId="82c182a8-668b-41b7-8627-fdb6b658a26e" testId="4628ea67-a850-c618-dd07-6b8c93867133" testName="ManagedCode.Communication.Tests.AspNetCore.Extensions.ServiceCollectionExtensionsTests.Communication_Should_Handle_Collection_Results" computerName="konstantins-macbook-pro" duration="00:00:00.2593957" startTime="2025-09-19T23:55:51.6855920+02:00" endTime="2025-09-19T23:55:51.9448190+02:00" testType="13cdc9d9-ddb5-4fa4-a97d-d965ccfc6d4b" outcome="Passed" testListId="8c84fa94-04c1-424b-9868-57a2d4851a1d" relativeResultsDirectory="82c182a8-668b-41b7-8627-fdb6b658a26e" />
    <UnitTestResult executionId="4f0313c3-0c7b-45ae-8341-3715d54395b0" testId="55af12a1-8c60-19cc-8253-bcb814fd0918" testName="ManagedCode.Communication.Tests.CollectionResults.CollectionResultFailMethodsTests.Fail_WithArray_ShouldCreateFailedResultWithItems" computerName="konstantins-macbook-pro" duration="00:00:00.0002104" startTime="2025-09-19T23:55:51.0021770+02:00" endTime="2025-09-19T23:55:51.0027250+02:00" testType="13cdc9d9-ddb5-4fa4-a97d-d965ccfc6d4b" outcome="Passed" testListId="8c84fa94-04c1-424b-9868-57a2d4851a1d" relativeResultsDirectory="4f0313c3-0c7b-45ae-8341-3715d54395b0" />
    <UnitTestResult executionId="ce59b38d-07ed-49e3-abbe-ad67f3baaf4c" testId="e3201c67-d417-c3b4-88e0-58c89ff57ebe" testName="ManagedCode.Communication.Tests.Orleans.Serialization.ProblemSerializationTests.Problem_ValidationErrors_ShouldSerializeCorrectly" computerName="konstantins-macbook-pro" duration="00:00:00.0021451" startTime="2025-09-19T23:55:51.7475150+02:00" endTime="2025-09-19T23:55:51.7484320+02:00" testType="13cdc9d9-ddb5-4fa4-a97d-d965ccfc6d4b" outcome="Passed" testListId="8c84fa94-04c1-424b-9868-57a2d4851a1d" relativeResultsDirectory="ce59b38d-07ed-49e3-abbe-ad67f3baaf4c" />
    <UnitTestResult executionId="5741e6c2-36de-40ed-abc6-478b97dbbc6e" testId="2db04800-c35a-cd8d-8f75-a8a0a4dfddd7" testName="ManagedCode.Communication.Tests.Results.ResultTFailMethodsTests.ResultT_Fail_NoParameters_ShouldCreateFailedResult" computerName="konstantins-macbook-pro" duration="00:00:00.0002696" startTime="2025-09-19T23:55:50.8814250+02:00" endTime="2025-09-19T23:55:50.8818330+02:00" testType="13cdc9d9-ddb5-4fa4-a97d-d965ccfc6d4b" outcome="Passed" testListId="8c84fa94-04c1-424b-9868-57a2d4851a1d" relativeResultsDirectory="5741e6c2-36de-40ed-abc6-478b97dbbc6e" />
    <UnitTestResult executionId="d55e8b04-5662-44e1-b40a-1583223db08b" testId="977cf24f-20f0-af04-f9fd-88296a80a191" testName="ManagedCode.Communication.Tests.Results.CollectionResultTests.Empty_ShouldCreateEmptyResult" computerName="konstantins-macbook-pro" duration="00:00:00.0004019" startTime="2025-09-19T23:55:50.9171420+02:00" endTime="2025-09-19T23:55:50.9171670+02:00" testType="13cdc9d9-ddb5-4fa4-a97d-d965ccfc6d4b" outcome="Passed" testListId="8c84fa94-04c1-424b-9868-57a2d4851a1d" relativeResultsDirectory="d55e8b04-5662-44e1-b40a-1583223db08b" />
    <UnitTestResult executionId="38490a97-aa37-4365-889e-ca40bee01cbc" testId="4eab4e72-83a1-9aa2-b249-0d3036fab2e0" testName="ManagedCode.Communication.Tests.Extensions.ProblemExtensionsTests.AsProblemDetails_ShouldConvertProblemToProblemDetails" computerName="konstantins-macbook-pro" duration="00:00:00.0004533" startTime="2025-09-19T23:55:50.8739210+02:00" endTime="2025-09-19T23:55:50.8752880+02:00" testType="13cdc9d9-ddb5-4fa4-a97d-d965ccfc6d4b" outcome="Passed" testListId="8c84fa94-04c1-424b-9868-57a2d4851a1d" relativeResultsDirectory="38490a97-aa37-4365-889e-ca40bee01cbc" />
    <UnitTestResult executionId="1eff3634-a623-4817-a375-68c6bf00e4f5" testId="f83ad32d-dc7d-a157-ddfe-e571c1f7ccdc" testName="ManagedCode.Communication.Tests.ControllerTests.MiddlewareTests.InvalidDataException" computerName="konstantins-macbook-pro" duration="00:00:00.0018322" startTime="2025-09-19T23:55:51.9949840+02:00" endTime="2025-09-19T23:55:51.9969090+02:00" testType="13cdc9d9-ddb5-4fa4-a97d-d965ccfc6d4b" outcome="Passed" testListId="8c84fa94-04c1-424b-9868-57a2d4851a1d" relativeResultsDirectory="1eff3634-a623-4817-a375-68c6bf00e4f5" />
    <UnitTestResult executionId="17a76ee3-8101-4a9a-87fa-71a5a3ba31a7" testId="08577c9c-2318-302e-4f69-67540b6ebc02" testName="ManagedCode.Communication.Tests.Extensions.ResultConversionExtensionsTests.AsResult_ExplicitTypeSpecification_WorksCorrectly" computerName="konstantins-macbook-pro" duration="00:00:00.0009408" startTime="2025-09-19T23:55:50.9358780+02:00" endTime="2025-09-19T23:55:50.9391420+02:00" testType="13cdc9d9-ddb5-4fa4-a97d-d965ccfc6d4b" outcome="Passed" testListId="8c84fa94-04c1-424b-9868-57a2d4851a1d" relativeResultsDirectory="17a76ee3-8101-4a9a-87fa-71a5a3ba31a7" />
    <UnitTestResult executionId="44ca4e86-60d5-4d45-8cca-5f13e713c14f" testId="90b509f3-eaa4-5292-2d86-2fb0253e9169" testName="ManagedCode.Communication.Tests.ProblemTests.ProblemCreateMethodsTests.Problem_Create_FromInnerException_ShouldUseOuterException" computerName="konstantins-macbook-pro" duration="00:00:00.0001005" startTime="2025-09-19T23:55:50.9708270+02:00" endTime="2025-09-19T23:55:50.9708530+02:00" testType="13cdc9d9-ddb5-4fa4-a97d-d965ccfc6d4b" outcome="Passed" testListId="8c84fa94-04c1-424b-9868-57a2d4851a1d" relativeResultsDirectory="44ca4e86-60d5-4d45-8cca-5f13e713c14f" />
    <UnitTestResult executionId="917fb600-d96e-4547-911c-a606a81cd5a0" testId="9bb7a7e9-f04f-a8a6-8961-152ae79c986e" testName="ManagedCode.Communication.Tests.Results.ResultHelperMethodsTests.ResultT_Try_WithException_ShouldReturnFailure" computerName="konstantins-macbook-pro" duration="00:00:00.0005709" startTime="2025-09-19T23:55:50.9698970+02:00" endTime="2025-09-19T23:55:50.9704010+02:00" testType="13cdc9d9-ddb5-4fa4-a97d-d965ccfc6d4b" outcome="Passed" testListId="8c84fa94-04c1-424b-9868-57a2d4851a1d" relativeResultsDirectory="917fb600-d96e-4547-911c-a606a81cd5a0" />
    <UnitTestResult executionId="69d85d19-b0fa-4810-85a5-447cb8181b6a" testId="9b3a08e9-51f4-c581-11a3-b1f682c055d4" testName="ManagedCode.Communication.Tests.Extensions.HttpResponseExtensionTests.FromJsonToResult_ErrorStatusCode_ReturnsFailedResult" computerName="konstantins-macbook-pro" duration="00:00:00.0007981" startTime="2025-09-19T23:55:50.9063780+02:00" endTime="2025-09-19T23:55:50.9064780+02:00" testType="13cdc9d9-ddb5-4fa4-a97d-d965ccfc6d4b" outcome="Passed" testListId="8c84fa94-04c1-424b-9868-57a2d4851a1d" relativeResultsDirectory="69d85d19-b0fa-4810-85a5-447cb8181b6a" />
    <UnitTestResult executionId="1f62a262-9d5b-4ca2-8e6b-9d5f31f5e2dc" testId="3d9f20f0-96d2-34ea-57ab-5c0f35cc018c" testName="ManagedCode.Communication.Tests.CollectionResults.CollectionResultFromMethodsTests.From_FuncTaskEnumerable_ShouldCreateSuccessResult" computerName="konstantins-macbook-pro" duration="00:00:00.0587576" startTime="2025-09-19T23:55:50.8974890+02:00" endTime="2025-09-19T23:55:50.9437570+02:00" testType="13cdc9d9-ddb5-4fa4-a97d-d965ccfc6d4b" outcome="Passed" testListId="8c84fa94-04c1-424b-9868-57a2d4851a1d" relativeResultsDirectory="1f62a262-9d5b-4ca2-8e6b-9d5f31f5e2dc" />
    <UnitTestResult executionId="45b36fb7-f3dc-4492-928c-1ba77792808f" testId="84cba7e9-16d5-bd29-01c4-6b5bbd25da51" testName="ManagedCode.Communication.Tests.Results.ResultTests.TryGetProblem_WithFailedResult_ShouldReturnTrueAndProblem" computerName="konstantins-macbook-pro" duration="00:00:00.0000836" startTime="2025-09-19T23:55:50.8858280+02:00" endTime="2025-09-19T23:55:50.8859380+02:00" testType="13cdc9d9-ddb5-4fa4-a97d-d965ccfc6d4b" outcome="Passed" testListId="8c84fa94-04c1-424b-9868-57a2d4851a1d" relativeResultsDirectory="45b36fb7-f3dc-4492-928c-1ba77792808f" />
    <UnitTestResult executionId="6246902f-70b3-488d-941e-55d7a607c07f" testId="551e1906-8fe5-1e21-9db5-c258ea52673e" testName="ManagedCode.Communication.Tests.Results.ResultInvalidMethodsTests.ResultT_Invalid_WithKeyValue_ShouldCreateValidationResultWithCustomField" computerName="konstantins-macbook-pro" duration="00:00:00.0002494" startTime="2025-09-19T23:55:50.9358020+02:00" endTime="2025-09-19T23:55:50.9361910+02:00" testType="13cdc9d9-ddb5-4fa4-a97d-d965ccfc6d4b" outcome="Passed" testListId="8c84fa94-04c1-424b-9868-57a2d4851a1d" relativeResultsDirectory="6246902f-70b3-488d-941e-55d7a607c07f" />
    <UnitTestResult executionId="32b9795c-7254-4e92-a99f-b87a4d4686fd" testId="46e12d3a-8ba6-61ba-0ad5-33aaf363f745" testName="ManagedCode.Communication.Tests.Commands.MemoryCacheCommandIdempotencyStoreTests.SetCommandStatusAsync_SetsStatus" computerName="konstantins-macbook-pro" duration="00:00:00.0003953" startTime="2025-09-19T23:55:50.9925380+02:00" endTime="2025-09-19T23:55:50.9927550+02:00" testType="13cdc9d9-ddb5-4fa4-a97d-d965ccfc6d4b" outcome="Passed" testListId="8c84fa94-04c1-424b-9868-57a2d4851a1d" relativeResultsDirectory="32b9795c-7254-4e92-a99f-b87a4d4686fd" />
    <UnitTestResult executionId="a7d77943-b621-4485-84ff-eee8c1849832" testId="16de12fb-db88-1b2b-4771-6a26db8c7eef" testName="ManagedCode.Communication.Tests.Extensions.RailwayExtensionsTests.Match_SideEffects_SuccessfulResult_CallsSuccessAction" computerName="konstantins-macbook-pro" duration="00:00:00.0006989" startTime="2025-09-19T23:55:50.8946850+02:00" endTime="2025-09-19T23:55:50.8947060+02:00" testType="13cdc9d9-ddb5-4fa4-a97d-d965ccfc6d4b" outcome="Passed" testListId="8c84fa94-04c1-424b-9868-57a2d4851a1d" relativeResultsDirectory="a7d77943-b621-4485-84ff-eee8c1849832" />
    <UnitTestResult executionId="18639caf-7c84-40d3-968f-14483d5766e3" testId="f8b2f5ca-2f69-2d8d-4212-5d32e0a23134" testName="ManagedCode.Communication.Tests.Results.ResultTFailMethodsTests.ResultT_Fail_WithVariousStatusCodes_ShouldSetCorrectStatusCode(statusCode: Unauthorized, expectedCode: 401)" computerName="konstantins-macbook-pro" duration="00:00:00.0001485" startTime="2025-09-19T23:55:50.8773570+02:00" endTime="2025-09-19T23:55:50.8773800+02:00" testType="13cdc9d9-ddb5-4fa4-a97d-d965ccfc6d4b" outcome="Passed" testListId="8c84fa94-04c1-424b-9868-57a2d4851a1d" relativeResultsDirectory="18639caf-7c84-40d3-968f-14483d5766e3" />
    <UnitTestResult executionId="61429fe3-3307-45fd-9747-e4b6c344c35f" testId="b857bdd6-a10b-15bd-502f-d3e99d2d9689" testName="ManagedCode.Communication.Tests.Results.ResultTTests.Map_WithFailedResult_ShouldReturnFailedResult" computerName="konstantins-macbook-pro" duration="00:00:00.0001154" startTime="2025-09-19T23:55:50.8831880+02:00" endTime="2025-09-19T23:55:50.8832110+02:00" testType="13cdc9d9-ddb5-4fa4-a97d-d965ccfc6d4b" outcome="Passed" testListId="8c84fa94-04c1-424b-9868-57a2d4851a1d" relativeResultsDirectory="61429fe3-3307-45fd-9747-e4b6c344c35f" />
    <UnitTestResult executionId="b8d6cb9f-76d3-4cba-a3de-ecc651cd86a8" testId="c9358ee1-e8d6-bb75-63be-5bcf05b8756e" testName="ManagedCode.Communication.Tests.Extensions.AdvancedRailwayExtensionsTests.FailIf_WithTrueCondition_FailsResult" computerName="konstantins-macbook-pro" duration="00:00:00.0001260" startTime="2025-09-19T23:55:50.9471260+02:00" endTime="2025-09-19T23:55:50.9474430+02:00" testType="13cdc9d9-ddb5-4fa4-a97d-d965ccfc6d4b" outcome="Passed" testListId="8c84fa94-04c1-424b-9868-57a2d4851a1d" relativeResultsDirectory="b8d6cb9f-76d3-4cba-a3de-ecc651cd86a8" />
    <UnitTestResult executionId="a409cff5-3b01-46eb-9bbc-5417a8920460" testId="e00fb5a4-e228-98dc-9550-b28f1789a059" testName="ManagedCode.Communication.Tests.CollectionResults.CollectionResultFromMethodsTests.From_GenericFailedCollectionResultWithoutProblem_ShouldReturnFailedResult" computerName="konstantins-macbook-pro" duration="00:00:00.0004741" startTime="2025-09-19T23:55:51.2435160+02:00" endTime="2025-09-19T23:55:51.2437240+02:00" testType="13cdc9d9-ddb5-4fa4-a97d-d965ccfc6d4b" outcome="Passed" testListId="8c84fa94-04c1-424b-9868-57a2d4851a1d" relativeResultsDirectory="a409cff5-3b01-46eb-9bbc-5417a8920460" />
    <UnitTestResult executionId="d05101c0-e8ea-422f-9d23-1619ba0b4087" testId="54738bb4-b334-dcd1-6ce6-da8fdb23ce1a" testName="ManagedCode.Communication.Tests.CollectionResults.CollectionResultFailMethodsTests.Fail_WithTitle_ShouldCreateFailedResultWithInternalServerError" computerName="konstantins-macbook-pro" duration="00:00:00.0003732" startTime="2025-09-19T23:55:51.0034620+02:00" endTime="2025-09-19T23:55:51.0037910+02:00" testType="13cdc9d9-ddb5-4fa4-a97d-d965ccfc6d4b" outcome="Passed" testListId="8c84fa94-04c1-424b-9868-57a2d4851a1d" relativeResultsDirectory="d05101c0-e8ea-422f-9d23-1619ba0b4087" />
    <UnitTestResult executionId="1e98e48c-31eb-44d3-b03a-29d0a7ff6b13" testId="a979666d-6188-9f7d-4a5c-a7572f2afca6" testName="ManagedCode.Communication.Tests.Results.ResultTFailMethodsTests.ResultT_FailValidation_WithMultipleErrors_ShouldCreateValidationFailedResultWithAllErrors" computerName="konstantins-macbook-pro" duration="00:00:00.0008719" startTime="2025-09-19T23:55:50.8838990+02:00" endTime="2025-09-19T23:55:50.8842550+02:00" testType="13cdc9d9-ddb5-4fa4-a97d-d965ccfc6d4b" outcome="Passed" testListId="8c84fa94-04c1-424b-9868-57a2d4851a1d" relativeResultsDirectory="1e98e48c-31eb-44d3-b03a-29d0a7ff6b13" />
    <UnitTestResult executionId="12de4abb-ef9f-4cbb-8b72-ce32a1931b1e" testId="49e90383-ea67-98d1-9850-3c76b1e1c966" testName="ManagedCode.Communication.Tests.Results.ResultTFailMethodsTests.ResultT_Fail_WithVariousStatusCodes_ShouldSetCorrectStatusCode(statusCode: BadRequest, expectedCode: 400)" computerName="konstantins-macbook-pro" duration="00:00:00.0001298" startTime="2025-09-19T23:55:50.8774200+02:00" endTime="2025-09-19T23:55:50.8774430+02:00" testType="13cdc9d9-ddb5-4fa4-a97d-d965ccfc6d4b" outcome="Passed" testListId="8c84fa94-04c1-424b-9868-57a2d4851a1d" relativeResultsDirectory="12de4abb-ef9f-4cbb-8b72-ce32a1931b1e" />
    <UnitTestResult executionId="50ef26fc-3817-4153-a0ed-c3370963ffe7" testId="d9c85683-d077-e39f-97ea-e7effcd11b0d" testName="ManagedCode.Communication.Tests.Results.ResultFailMethodsTests.Result_Fail_WithEnumDetailAndStatus_ShouldCreateFailedResultWithAllSpecified" computerName="konstantins-macbook-pro" duration="00:00:00.0005434" startTime="2025-09-19T23:55:50.9032280+02:00" endTime="2025-09-19T23:55:50.9037020+02:00" testType="13cdc9d9-ddb5-4fa4-a97d-d965ccfc6d4b" outcome="Passed" testListId="8c84fa94-04c1-424b-9868-57a2d4851a1d" relativeResultsDirectory="50ef26fc-3817-4153-a0ed-c3370963ffe7" />
    <UnitTestResult executionId="abbe79b8-4ec8-481d-8285-1d5664b0f627" testId="4329ce58-b589-cce3-e7e0-bf1e7069d301" testName="ManagedCode.Communication.Tests.OrleansTests.GrainClientTests.ValueTaskResultComplexObjectError" computerName="konstantins-macbook-pro" duration="00:00:00.0013786" startTime="2025-09-19T23:55:52.1007530+02:00" endTime="2025-09-19T23:55:52.1022350+02:00" testType="13cdc9d9-ddb5-4fa4-a97d-d965ccfc6d4b" outcome="Passed" testListId="8c84fa94-04c1-424b-9868-57a2d4851a1d" relativeResultsDirectory="abbe79b8-4ec8-481d-8285-1d5664b0f627" />
    <UnitTestResult executionId="37903bbf-28e1-42c5-9d76-3b670745b858" testId="8f4f549d-e712-d8ad-23b3-779d33c6660a" testName="ManagedCode.Communication.Tests.Orleans.Serialization.CollectionResultSerializationTests.CollectionResult_WithPagination_ShouldSerializeCorrectly" computerName="konstantins-macbook-pro" duration="00:00:00.0464373" startTime="2025-09-19T23:55:51.6857070+02:00" endTime="2025-09-19T23:55:51.7319460+02:00" testType="13cdc9d9-ddb5-4fa4-a97d-d965ccfc6d4b" outcome="Passed" testListId="8c84fa94-04c1-424b-9868-57a2d4851a1d" relativeResultsDirectory="37903bbf-28e1-42c5-9d76-3b670745b858" />
    <UnitTestResult executionId="39fb68a9-b5cc-45af-bd18-221369dd238c" testId="c574a1e3-8952-ce45-2c0e-dc14f4ee4afc" testName="ManagedCode.Communication.Tests.Results.ResultInvalidMethodsTests.Invalid_WithEmptyDictionary_ShouldCreateValidationResultWithoutErrors" computerName="konstantins-macbook-pro" duration="00:00:00.0002922" startTime="2025-09-19T23:55:50.9333280+02:00" endTime="2025-09-19T23:55:50.9335630+02:00" testType="13cdc9d9-ddb5-4fa4-a97d-d965ccfc6d4b" outcome="Passed" testListId="8c84fa94-04c1-424b-9868-57a2d4851a1d" relativeResultsDirectory="39fb68a9-b5cc-45af-bd18-221369dd238c" />
    <UnitTestResult executionId="26d1e51a-c846-4b02-88f9-3563af25e20a" testId="3e2872b7-fb01-c386-1343-80b94b20e5b0" testName="ManagedCode.Communication.Tests.Results.RailwayOrientedProgrammingTests.Bind_WithFailure_ShouldShortCircuit" computerName="konstantins-macbook-pro" duration="00:00:00.0002520" startTime="2025-09-19T23:55:50.8792420+02:00" endTime="2025-09-19T23:55:50.8792640+02:00" testType="13cdc9d9-ddb5-4fa4-a97d-d965ccfc6d4b" outcome="Passed" testListId="8c84fa94-04c1-424b-9868-57a2d4851a1d" relativeResultsDirectory="26d1e51a-c846-4b02-88f9-3563af25e20a" />
    <UnitTestResult executionId="fc5a72dc-6a4e-4f79-95fc-9aef34b57ab2" testId="c9d9ed72-c67b-02b9-941b-eca4dbf8c071" testName="ManagedCode.Communication.Tests.Results.ResultOperatorsTests.CollectionResult_ImplicitOperator_ToBool_ShouldReturnIsSuccess" computerName="konstantins-macbook-pro" duration="00:00:00.0003881" startTime="2025-09-19T23:55:50.8939040+02:00" endTime="2025-09-19T23:55:50.8939250+02:00" testType="13cdc9d9-ddb5-4fa4-a97d-d965ccfc6d4b" outcome="Passed" testListId="8c84fa94-04c1-424b-9868-57a2d4851a1d" relativeResultsDirectory="fc5a72dc-6a4e-4f79-95fc-9aef34b57ab2" />
    <UnitTestResult executionId="30b9c512-0fd7-4428-9b7c-ec2324aecbae" testId="88f0c0b5-dc4a-4133-b95e-5ff2d41cf758" testName="ManagedCode.Communication.Tests.AspNetCore.Extensions.ControllerExtensionsTests.ToActionResult_WithVariousStatusCodes_ReturnsCorrectStatusCode(statusCode: 401, title: &quot;Unauthorized&quot;)" computerName="konstantins-macbook-pro" duration="00:00:00.0000058" startTime="2025-09-19T23:55:50.9495960+02:00" endTime="2025-09-19T23:55:50.9496180+02:00" testType="13cdc9d9-ddb5-4fa4-a97d-d965ccfc6d4b" outcome="Passed" testListId="8c84fa94-04c1-424b-9868-57a2d4851a1d" relativeResultsDirectory="30b9c512-0fd7-4428-9b7c-ec2324aecbae" />
    <UnitTestResult executionId="17e9e594-84e9-4736-83f1-3da20a6a03f3" testId="8e29e473-880f-e0c6-1aef-64cf243a141f" testName="ManagedCode.Communication.Tests.Results.ProblemToExceptionTests.ToException_FromProblemCreatedManually_ShouldReturnProblemException" computerName="konstantins-macbook-pro" duration="00:00:00.0000840" startTime="2025-09-19T23:55:50.8983020+02:00" endTime="2025-09-19T23:55:50.8983240+02:00" testType="13cdc9d9-ddb5-4fa4-a97d-d965ccfc6d4b" outcome="Passed" testListId="8c84fa94-04c1-424b-9868-57a2d4851a1d" relativeResultsDirectory="17e9e594-84e9-4736-83f1-3da20a6a03f3" />
    <UnitTestResult executionId="c33e4feb-b1c4-45d4-8105-f3d433a08e41" testId="20a5b366-61d2-1b17-1341-93fed7be4651" testName="ManagedCode.Communication.Tests.Results.RailwayOrientedProgrammingTests.Bind_ChainedOperations_ShouldWork" computerName="konstantins-macbook-pro" duration="00:00:00.0003008" startTime="2025-09-19T23:55:50.8790110+02:00" endTime="2025-09-19T23:55:50.8791110+02:00" testType="13cdc9d9-ddb5-4fa4-a97d-d965ccfc6d4b" outcome="Passed" testListId="8c84fa94-04c1-424b-9868-57a2d4851a1d" relativeResultsDirectory="c33e4feb-b1c4-45d4-8105-f3d433a08e41" />
    <UnitTestResult executionId="eae6e87f-d83c-405e-8e7a-4aebc004784f" testId="717abb16-22b3-f92b-b19b-53aac21bcea2" testName="ManagedCode.Communication.Tests.Results.ResultHelperMethodsTests.Result_From_WithFailedResult_ShouldReturnFailure" computerName="konstantins-macbook-pro" duration="00:00:00.0002089" startTime="2025-09-19T23:55:50.9902700+02:00" endTime="2025-09-19T23:55:50.9902900+02:00" testType="13cdc9d9-ddb5-4fa4-a97d-d965ccfc6d4b" outcome="Passed" testListId="8c84fa94-04c1-424b-9868-57a2d4851a1d" relativeResultsDirectory="eae6e87f-d83c-405e-8e7a-4aebc004784f" />
    <UnitTestResult executionId="cbc71a7a-30b7-44e5-84f6-88ba0815cb79" testId="188e8d5a-d1ed-780a-65de-b236c8d92ecc" testName="ManagedCode.Communication.Tests.AspNetCore.Helpers.HttpStatusCodeHelperTests.GetStatusCodeForException_AspNetSpecificExceptions_ReturnsCorrectStatusCode(exceptionType: typeof(Microsoft.AspNetCore.Http.BadHttpRequestException), expectedStatusCode: BadRequest)" computerName="konstantins-macbook-pro" duration="00:00:00.0000059" startTime="2025-09-19T23:55:50.9889610+02:00" endTime="2025-09-19T23:55:50.9889830+02:00" testType="13cdc9d9-ddb5-4fa4-a97d-d965ccfc6d4b" outcome="Passed" testListId="8c84fa94-04c1-424b-9868-57a2d4851a1d" relativeResultsDirectory="cbc71a7a-30b7-44e5-84f6-88ba0815cb79" />
    <UnitTestResult executionId="44c10006-a411-40bb-88c9-5c2ef230b734" testId="55f056e0-84d9-ff7c-3925-1fd61c09713f" testName="ManagedCode.Communication.Tests.Results.CollectionResultInvalidMethodsTests.CollectionResult_Invalid_ChainedValidations_ShouldWorkCorrectly" computerName="konstantins-macbook-pro" duration="00:00:00.0066987" startTime="2025-09-19T23:55:50.8955050+02:00" endTime="2025-09-19T23:55:50.8980200+02:00" testType="13cdc9d9-ddb5-4fa4-a97d-d965ccfc6d4b" outcome="Passed" testListId="8c84fa94-04c1-424b-9868-57a2d4851a1d" relativeResultsDirectory="44c10006-a411-40bb-88c9-5c2ef230b734" />
    <UnitTestResult executionId="4fde3b51-14cc-4efe-af5f-70e6e3a025e1" testId="22cdaf43-d8ea-278c-4cc0-7325a65fa6f1" testName="ManagedCode.Communication.Tests.Results.ResultTFailMethodsTests.ResultT_Fail_WithVariousStatusCodes_ShouldSetCorrectStatusCode(statusCode: InternalServerError, expectedCode: 500)" computerName="konstantins-macbook-pro" duration="00:00:00.0000029" startTime="2025-09-19T23:55:50.8776930+02:00" endTime="2025-09-19T23:55:50.8777160+02:00" testType="13cdc9d9-ddb5-4fa4-a97d-d965ccfc6d4b" outcome="Passed" testListId="8c84fa94-04c1-424b-9868-57a2d4851a1d" relativeResultsDirectory="4fde3b51-14cc-4efe-af5f-70e6e3a025e1" />
    <UnitTestResult executionId="7b937d67-3f64-4f44-863a-4c4769fb1b7e" testId="ed93864c-524d-6b65-67c9-c210db0904d0" testName="ManagedCode.Communication.Tests.Results.ResultTFailMethodsTests.ResultT_Fail_WithException_ShouldCreateFailedResultWithInternalServerError" computerName="konstantins-macbook-pro" duration="00:00:00.0003726" startTime="2025-09-19T23:55:50.8758830+02:00" endTime="2025-09-19T23:55:50.8759100+02:00" testType="13cdc9d9-ddb5-4fa4-a97d-d965ccfc6d4b" outcome="Passed" testListId="8c84fa94-04c1-424b-9868-57a2d4851a1d" relativeResultsDirectory="7b937d67-3f64-4f44-863a-4c4769fb1b7e" />
    <UnitTestResult executionId="26e98a32-dac4-4a4e-8200-76a1c7cdce2b" testId="c4d29875-feb5-a7dc-a76f-80d1469f6e29" testName="ManagedCode.Communication.Tests.Results.ResultTFailMethodsTests.ResultT_FailUnauthorized_NoParameters_ShouldCreateUnauthorizedResult" computerName="konstantins-macbook-pro" duration="00:00:00.0002276" startTime="2025-09-19T23:55:50.8763860+02:00" endTime="2025-09-19T23:55:50.8765970+02:00" testType="13cdc9d9-ddb5-4fa4-a97d-d965ccfc6d4b" outcome="Passed" testListId="8c84fa94-04c1-424b-9868-57a2d4851a1d" relativeResultsDirectory="26e98a32-dac4-4a4e-8200-76a1c7cdce2b" />
    <UnitTestResult executionId="471865fb-d818-4889-b9c7-a0fde5dda8c9" testId="8b9c529a-f659-c89a-aa3e-a5fad6a9fea7" testName="ManagedCode.Communication.Tests.Results.ResultStaticHelperMethodsTests.Result_FailValidationT_WithSingleError_ShouldCreateValidationFailedResultT" computerName="konstantins-macbook-pro" duration="00:00:00.0001248" startTime="2025-09-19T23:55:50.9594140+02:00" endTime="2025-09-19T23:55:50.9594940+02:00" testType="13cdc9d9-ddb5-4fa4-a97d-d965ccfc6d4b" outcome="Passed" testListId="8c84fa94-04c1-424b-9868-57a2d4851a1d" relativeResultsDirectory="471865fb-d818-4889-b9c7-a0fde5dda8c9" />
    <UnitTestResult executionId="fa293a0f-a9d4-462d-8add-4c01e0d629bc" testId="0c1a494a-a3e9-afb9-1da6-932fb28bceff" testName="ManagedCode.Communication.Tests.AspNetCore.Extensions.CommunicationServiceCollectionExtensionsTests.AddCommunicationAspNetCore_ReturnsServiceCollection" computerName="konstantins-macbook-pro" duration="00:00:00.0001033" startTime="2025-09-19T23:55:50.9942640+02:00" endTime="2025-09-19T23:55:50.9944390+02:00" testType="13cdc9d9-ddb5-4fa4-a97d-d965ccfc6d4b" outcome="Passed" testListId="8c84fa94-04c1-424b-9868-57a2d4851a1d" relativeResultsDirectory="fa293a0f-a9d4-462d-8add-4c01e0d629bc" />
    <UnitTestResult executionId="d0a794f1-f81d-410a-a882-5c1a582a83db" testId="f990a213-1cf7-9a2d-bb25-79a3d8a56028" testName="ManagedCode.Communication.Tests.Results.ResultOperatorsTests.ResultT_ImplicitOperator_FromException_ShouldCreateFailedResult" computerName="konstantins-macbook-pro" duration="00:00:00.0078608" startTime="2025-09-19T23:55:50.8322170+02:00" endTime="2025-09-19T23:55:50.8494280+02:00" testType="13cdc9d9-ddb5-4fa4-a97d-d965ccfc6d4b" outcome="Passed" testListId="8c84fa94-04c1-424b-9868-57a2d4851a1d" relativeResultsDirectory="d0a794f1-f81d-410a-a882-5c1a582a83db" />
    <UnitTestResult executionId="0f9edfaf-985e-4f6b-b1ae-e76ff1ccab95" testId="d63e28b0-0e78-d9d5-3c31-ecad325cd7f3" testName="ManagedCode.Communication.Tests.Results.ProblemTests.HasErrorCode_WithDifferentEnumType_ShouldReturnFalse" computerName="konstantins-macbook-pro" duration="00:00:00.0010919" startTime="2025-09-19T23:55:50.8818050+02:00" endTime="2025-09-19T23:55:50.8820010+02:00" testType="13cdc9d9-ddb5-4fa4-a97d-d965ccfc6d4b" outcome="Passed" testListId="8c84fa94-04c1-424b-9868-57a2d4851a1d" relativeResultsDirectory="0f9edfaf-985e-4f6b-b1ae-e76ff1ccab95" />
    <UnitTestResult executionId="da4c196a-2d56-486a-896a-9baf3bc08c30" testId="4ca8e0f8-7886-5585-ed9e-dd4413882552" testName="ManagedCode.Communication.Tests.Extensions.ProblemExtensionsTests.ToFailedResult_FromProblem_ShouldCreateFailedResult" computerName="konstantins-macbook-pro" duration="00:00:00.0002184" startTime="2025-09-19T23:55:50.8783580+02:00" endTime="2025-09-19T23:55:50.8783810+02:00" testType="13cdc9d9-ddb5-4fa4-a97d-d965ccfc6d4b" outcome="Passed" testListId="8c84fa94-04c1-424b-9868-57a2d4851a1d" relativeResultsDirectory="da4c196a-2d56-486a-896a-9baf3bc08c30" />
    <UnitTestResult executionId="3a6f216a-4a7d-4004-87a9-2fcc3f5931d0" testId="278a89d0-8f21-1d66-b7b0-77ed01c69463" testName="ManagedCode.Communication.Tests.Results.ResultInvalidMethodsTests.Invalid_WithDuplicateKeysInDictionary_ShouldOverwritePreviousValue" computerName="konstantins-macbook-pro" duration="00:00:00.0028946" startTime="2025-09-19T23:55:50.9421040+02:00" endTime="2025-09-19T23:55:50.9424590+02:00" testType="13cdc9d9-ddb5-4fa4-a97d-d965ccfc6d4b" outcome="Passed" testListId="8c84fa94-04c1-424b-9868-57a2d4851a1d" relativeResultsDirectory="3a6f216a-4a7d-4004-87a9-2fcc3f5931d0" />
    <UnitTestResult executionId="4ace83c7-9c56-44aa-8b35-6a86ebdd1e76" testId="057eaabd-3e0f-9cb8-8caa-35b8258d8daa" testName="ManagedCode.Communication.Tests.CollectionResults.CollectionResultFailMethodsTests.Fail_WithVariousStatusCodes_ShouldSetCorrectStatusCode(statusCode: Unauthorized, expectedCode: 401)" computerName="konstantins-macbook-pro" duration="00:00:00.0000041" startTime="2025-09-19T23:55:50.9962070+02:00" endTime="2025-09-19T23:55:50.9962650+02:00" testType="13cdc9d9-ddb5-4fa4-a97d-d965ccfc6d4b" outcome="Passed" testListId="8c84fa94-04c1-424b-9868-57a2d4851a1d" relativeResultsDirectory="4ace83c7-9c56-44aa-8b35-6a86ebdd1e76" />
    <UnitTestResult executionId="810537b1-ef56-428f-8479-30b0600b338e" testId="749bbee2-7b84-79fe-48ac-a4a2d51ee66d" testName="ManagedCode.Communication.Tests.Results.ResultTFailMethodsTests.ResultT_FailUnauthorized_WithDetail_ShouldCreateUnauthorizedResultWithCustomDetail" computerName="konstantins-macbook-pro" duration="00:00:00.0006342" startTime="2025-09-19T23:55:50.8818950+02:00" endTime="2025-09-19T23:55:50.8819230+02:00" testType="13cdc9d9-ddb5-4fa4-a97d-d965ccfc6d4b" outcome="Passed" testListId="8c84fa94-04c1-424b-9868-57a2d4851a1d" relativeResultsDirectory="810537b1-ef56-428f-8479-30b0600b338e" />
    <UnitTestResult executionId="ec66cd85-4523-47fe-8cc8-1555a56b8ca0" testId="898c9cc8-bb35-e599-7c7d-53a4b1099340" testName="ManagedCode.Communication.Tests.Results.CollectionResultInvalidMethodsTests.CollectionResult_Invalid_WithEnumAndKeyValue_ShouldCreateValidationResultWithAll" computerName="konstantins-macbook-pro" duration="00:00:00.0007563" startTime="2025-09-19T23:55:50.8980730+02:00" endTime="2025-09-19T23:55:50.8983990+02:00" testType="13cdc9d9-ddb5-4fa4-a97d-d965ccfc6d4b" outcome="Passed" testListId="8c84fa94-04c1-424b-9868-57a2d4851a1d" relativeResultsDirectory="ec66cd85-4523-47fe-8cc8-1555a56b8ca0" />
    <UnitTestResult executionId="c23d9203-ded7-4d2d-9203-27c72095ecdc" testId="45dd8e8e-d47d-d57f-7363-d2adb3b51e04" testName="ManagedCode.Communication.Tests.Results.ResultTests.FailForbidden_ShouldCreateForbiddenResult" computerName="konstantins-macbook-pro" duration="00:00:00.0003937" startTime="2025-09-19T23:55:50.8897790+02:00" endTime="2025-09-19T23:55:50.8903220+02:00" testType="13cdc9d9-ddb5-4fa4-a97d-d965ccfc6d4b" outcome="Passed" testListId="8c84fa94-04c1-424b-9868-57a2d4851a1d" relativeResultsDirectory="c23d9203-ded7-4d2d-9203-27c72095ecdc" />
    <UnitTestResult executionId="b004a942-a3a1-47a9-a2e4-6c9e8b9b02f2" testId="420227c9-e6b9-b50e-d05f-d761ad3cd58e" testName="ManagedCode.Communication.Tests.Results.ResultTTests.Bind_WithFailedResult_ShouldReturnFailedResult" computerName="konstantins-macbook-pro" duration="00:00:00.0001815" startTime="2025-09-19T23:55:50.8877670+02:00" endTime="2025-09-19T23:55:50.8877970+02:00" testType="13cdc9d9-ddb5-4fa4-a97d-d965ccfc6d4b" outcome="Passed" testListId="8c84fa94-04c1-424b-9868-57a2d4851a1d" relativeResultsDirectory="b004a942-a3a1-47a9-a2e4-6c9e8b9b02f2" />
    <UnitTestResult executionId="471411f0-cc8f-4705-a57f-c893e510954b" testId="2965b165-6679-d60b-abea-0abf705caf0c" testName="ManagedCode.Communication.Tests.Extensions.HttpResponseExtensionTests.FromJsonToResult_SuccessStatusCode_WithValidJson_ReturnsSuccessResult" computerName="konstantins-macbook-pro" duration="00:00:00.0177885" startTime="2025-09-19T23:55:50.9067550+02:00" endTime="2025-09-19T23:55:50.9204750+02:00" testType="13cdc9d9-ddb5-4fa4-a97d-d965ccfc6d4b" outcome="Passed" testListId="8c84fa94-04c1-424b-9868-57a2d4851a1d" relativeResultsDirectory="471411f0-cc8f-4705-a57f-c893e510954b" />
    <UnitTestResult executionId="bbd529cd-75bf-4b00-bddf-dfecc7212fae" testId="d1df534e-bdd0-3f3b-6fb8-d0869c06e6d1" testName="ManagedCode.Communication.Tests.Extensions.RailwayExtensionsTests.ComplexChain_FailurePath_StopsAtFirstFailure" computerName="konstantins-macbook-pro" duration="00:00:00.0002871" startTime="2025-09-19T23:55:50.8966170+02:00" endTime="2025-09-19T23:55:50.8966400+02:00" testType="13cdc9d9-ddb5-4fa4-a97d-d965ccfc6d4b" outcome="Passed" testListId="8c84fa94-04c1-424b-9868-57a2d4851a1d" relativeResultsDirectory="bbd529cd-75bf-4b00-bddf-dfecc7212fae" />
    <UnitTestResult executionId="bb6ccc6d-1ba5-45c9-9b77-455afed61df9" testId="c4b29f92-16d2-98d3-cbb9-2e703b5f2766" testName="ManagedCode.Communication.Tests.Results.ResultOperatorsTests.Result_Fail_WithEnum_ShouldCreateFailedResultWithErrorCode" computerName="konstantins-macbook-pro" duration="00:00:00.0003055" startTime="2025-09-19T23:55:50.8939760+02:00" endTime="2025-09-19T23:55:50.8939980+02:00" testType="13cdc9d9-ddb5-4fa4-a97d-d965ccfc6d4b" outcome="Passed" testListId="8c84fa94-04c1-424b-9868-57a2d4851a1d" relativeResultsDirectory="bb6ccc6d-1ba5-45c9-9b77-455afed61df9" />
    <UnitTestResult executionId="3bc19c67-2278-450a-9856-7ef4cec35b21" testId="249be2e9-9496-34f0-9c66-c56ec297a787" testName="ManagedCode.Communication.Tests.Results.ResultFailMethodsTests.Result_FailForbidden_WithDetail_ShouldCreateForbiddenResultWithCustomDetail" computerName="konstantins-macbook-pro" duration="00:00:00.0003608" startTime="2025-09-19T23:55:50.9037580+02:00" endTime="2025-09-19T23:55:50.9038610+02:00" testType="13cdc9d9-ddb5-4fa4-a97d-d965ccfc6d4b" outcome="Passed" testListId="8c84fa94-04c1-424b-9868-57a2d4851a1d" relativeResultsDirectory="3bc19c67-2278-450a-9856-7ef4cec35b21" />
    <UnitTestResult executionId="184fc474-a2e4-494d-be91-871365dce691" testId="1a7b4271-e223-c8c6-e4e2-6edd35950571" testName="ManagedCode.Communication.Tests.Results.ResultTTests.Map_WithSuccessfulResult_ShouldTransformValue" computerName="konstantins-macbook-pro" duration="00:00:00.0001325" startTime="2025-09-19T23:55:50.8867080+02:00" endTime="2025-09-19T23:55:50.8868060+02:00" testType="13cdc9d9-ddb5-4fa4-a97d-d965ccfc6d4b" outcome="Passed" testListId="8c84fa94-04c1-424b-9868-57a2d4851a1d" relativeResultsDirectory="184fc474-a2e4-494d-be91-871365dce691" />
    <UnitTestResult executionId="d4f0b4fa-68c5-4b87-8601-f2ae648dcddd" testId="a3a28d8a-51fe-9a33-f869-0770b45eb339" testName="ManagedCode.Communication.Tests.Extensions.RailwayExtensionsTests.Bind_FailedResult_DoesNotExecuteNext" computerName="konstantins-macbook-pro" duration="00:00:00.0001180" startTime="2025-09-19T23:55:50.8965430+02:00" endTime="2025-09-19T23:55:50.8965650+02:00" testType="13cdc9d9-ddb5-4fa4-a97d-d965ccfc6d4b" outcome="Passed" testListId="8c84fa94-04c1-424b-9868-57a2d4851a1d" relativeResultsDirectory="d4f0b4fa-68c5-4b87-8601-f2ae648dcddd" />
    <UnitTestResult executionId="46554736-807b-46b1-900a-bc8f625b0ec8" testId="3422f96e-0a13-0cac-95ea-d6afecbcd569" testName="ManagedCode.Communication.Tests.Extensions.AdvancedRailwayExtensionsTests.MergeAll_WithMultipleFailures_CollectsAllErrors" computerName="konstantins-macbook-pro" duration="00:00:00.0059490" startTime="2025-09-19T23:55:50.9511250+02:00" endTime="2025-09-19T23:55:50.9553410+02:00" testType="13cdc9d9-ddb5-4fa4-a97d-d965ccfc6d4b" outcome="Passed" testListId="8c84fa94-04c1-424b-9868-57a2d4851a1d" relativeResultsDirectory="46554736-807b-46b1-900a-bc8f625b0ec8" />
    <UnitTestResult executionId="7227d103-6f9b-4e80-94d4-2c8f00f65896" testId="cb7fb629-ff05-f9fd-40f3-26fe636dd5c1" testName="ManagedCode.Communication.Tests.Extensions.RailwayExtensionsTests.Tap_SuccessfulResultT_ExecutesActionWithValue" computerName="konstantins-macbook-pro" duration="00:00:00.0001219" startTime="2025-09-19T23:55:50.8952700+02:00" endTime="2025-09-19T23:55:50.8952910+02:00" testType="13cdc9d9-ddb5-4fa4-a97d-d965ccfc6d4b" outcome="Passed" testListId="8c84fa94-04c1-424b-9868-57a2d4851a1d" relativeResultsDirectory="7227d103-6f9b-4e80-94d4-2c8f00f65896" />
    <UnitTestResult executionId="8fd970cb-fb84-40f8-9fb0-93e2fac75f65" testId="d6db3fca-97bb-20d9-cf3b-d05f44f87938" testName="ManagedCode.Communication.Tests.Results.ResultTFailMethodsTests.ResultT_Fail_WithEnumAndDetail_ShouldCreateFailedResultWithErrorCodeAndDetail" computerName="konstantins-macbook-pro" duration="00:00:00.0006520" startTime="2025-09-19T23:55:50.8822170+02:00" endTime="2025-09-19T23:55:50.8822400+02:00" testType="13cdc9d9-ddb5-4fa4-a97d-d965ccfc6d4b" outcome="Passed" testListId="8c84fa94-04c1-424b-9868-57a2d4851a1d" relativeResultsDirectory="8fd970cb-fb84-40f8-9fb0-93e2fac75f65" />
    <UnitTestResult executionId="97a6320c-91f0-48a7-9419-d139f6811f1b" testId="ac1ffaa9-ae14-8f71-b2ad-c1cdc3b66547" testName="ManagedCode.Communication.Tests.Results.ResultTFailMethodsTests.ResultT_Fail_WithEnumAndStatus_ShouldCreateFailedResultWithErrorCodeAndStatus" computerName="konstantins-macbook-pro" duration="00:00:00.0007180" startTime="2025-09-19T23:55:50.8800790+02:00" endTime="2025-09-19T23:55:50.8805560+02:00" testType="13cdc9d9-ddb5-4fa4-a97d-d965ccfc6d4b" outcome="Passed" testListId="8c84fa94-04c1-424b-9868-57a2d4851a1d" relativeResultsDirectory="97a6320c-91f0-48a7-9419-d139f6811f1b" />
    <UnitTestResult executionId="18a3ec77-c3df-4df1-bc49-390ae8ee21e8" testId="613d2d59-716c-8fa1-c98d-0c358ba9cdd1" testName="ManagedCode.Communication.Tests.Results.ResultTTests.TryGetProblem_WithSuccessfulResult_ShouldReturnFalse" computerName="konstantins-macbook-pro" duration="00:00:00.0000647" startTime="2025-09-19T23:55:50.8855810+02:00" endTime="2025-09-19T23:55:50.8856960+02:00" testType="13cdc9d9-ddb5-4fa4-a97d-d965ccfc6d4b" outcome="Passed" testListId="8c84fa94-04c1-424b-9868-57a2d4851a1d" relativeResultsDirectory="18a3ec77-c3df-4df1-bc49-390ae8ee21e8" />
    <UnitTestResult executionId="948805a1-9483-4d9a-87d6-2516436b4d04" testId="5afc63d3-e6c2-fa08-2064-5b3b85269a6c" testName="ManagedCode.Communication.Tests.Extensions.RailwayExtensionsTests.Tap_FailedResult_DoesNotExecuteAction" computerName="konstantins-macbook-pro" duration="00:00:00.0001562" startTime="2025-09-19T23:55:50.8961530+02:00" endTime="2025-09-19T23:55:50.8961760+02:00" testType="13cdc9d9-ddb5-4fa4-a97d-d965ccfc6d4b" outcome="Passed" testListId="8c84fa94-04c1-424b-9868-57a2d4851a1d" relativeResultsDirectory="948805a1-9483-4d9a-87d6-2516436b4d04" />
    <UnitTestResult executionId="878c5736-fefa-434e-ac3b-d4cb1af68a78" testId="311b6c3e-cccf-4b30-e7f9-449c9ecff942" testName="ManagedCode.Communication.Tests.ResultExtensionsTests.TapAsync_WithSuccessResult_ShouldExecuteAsyncAction" computerName="konstantins-macbook-pro" duration="00:00:00.0079875" startTime="2025-09-19T23:55:50.9513800+02:00" endTime="2025-09-19T23:55:50.9615820+02:00" testType="13cdc9d9-ddb5-4fa4-a97d-d965ccfc6d4b" outcome="Passed" testListId="8c84fa94-04c1-424b-9868-57a2d4851a1d" relativeResultsDirectory="878c5736-fefa-434e-ac3b-d4cb1af68a78" />
    <UnitTestResult executionId="85ad1ba6-8878-40b4-ae11-f385eb80fe74" testId="bd85c34e-1e20-839d-feff-cc7eed9c2e75" testName="ManagedCode.Communication.Tests.Extensions.RailwayExtensionsTests.Bind_SuccessfulResultT_ExecutesBinder" computerName="konstantins-macbook-pro" duration="00:00:00.0001327" startTime="2025-09-19T23:55:50.8953530+02:00" endTime="2025-09-19T23:55:50.8953750+02:00" testType="13cdc9d9-ddb5-4fa4-a97d-d965ccfc6d4b" outcome="Passed" testListId="8c84fa94-04c1-424b-9868-57a2d4851a1d" relativeResultsDirectory="85ad1ba6-8878-40b4-ae11-f385eb80fe74" />
    <UnitTestResult executionId="795670b0-09f3-4145-b104-6f9ad6c547d3" testId="010c27e2-8f1f-944a-38fc-aee10e8009f3" testName="ManagedCode.Communication.Tests.CollectionResults.CollectionResultFailMethodsTests.FailNotFound_WithDetail_ShouldCreateNotFoundResultWithCustomDetail" computerName="konstantins-macbook-pro" duration="00:00:00.0002575" startTime="2025-09-19T23:55:50.9988500+02:00" endTime="2025-09-19T23:55:50.9990560+02:00" testType="13cdc9d9-ddb5-4fa4-a97d-d965ccfc6d4b" outcome="Passed" testListId="8c84fa94-04c1-424b-9868-57a2d4851a1d" relativeResultsDirectory="795670b0-09f3-4145-b104-6f9ad6c547d3" />
    <UnitTestResult executionId="297ed8a6-beb9-4746-b584-f911c21e9a90" testId="35211776-3f68-d78b-18e2-a21a4d369aed" testName="ManagedCode.Communication.Tests.Extensions.AdvancedRailwayExtensionsTests.FailIf_WithValidationErrors_FailsWithMultipleErrors" computerName="konstantins-macbook-pro" duration="00:00:00.0048250" startTime="2025-09-19T23:55:50.9399360+02:00" endTime="2025-09-19T23:55:50.9422970+02:00" testType="13cdc9d9-ddb5-4fa4-a97d-d965ccfc6d4b" outcome="Passed" testListId="8c84fa94-04c1-424b-9868-57a2d4851a1d" relativeResultsDirectory="297ed8a6-beb9-4746-b584-f911c21e9a90" />
    <UnitTestResult executionId="188ae7ef-5df7-48ae-bbe7-16b74f9964b3" testId="37832d2b-c8b9-799c-6d67-0c7addb766d8" testName="ManagedCode.Communication.Tests.CollectionResults.CollectionResultFailMethodsTests.Fail_WithVariousStatusCodes_ShouldSetCorrectStatusCode(statusCode: NotFound, expectedCode: 404)" computerName="konstantins-macbook-pro" duration="00:00:00.0000027" startTime="2025-09-19T23:55:50.9969730+02:00" endTime="2025-09-19T23:55:50.9969940+02:00" testType="13cdc9d9-ddb5-4fa4-a97d-d965ccfc6d4b" outcome="Passed" testListId="8c84fa94-04c1-424b-9868-57a2d4851a1d" relativeResultsDirectory="188ae7ef-5df7-48ae-bbe7-16b74f9964b3" />
    <UnitTestResult executionId="f817e26e-4433-42f7-86b3-056dc47c1397" testId="5a0ae5e8-72bd-c20c-476c-fc5a9836655a" testName="ManagedCode.Communication.Tests.Results.ProblemTests.ImplicitOperator_ToProblemException_ShouldCreateException" computerName="konstantins-macbook-pro" duration="00:00:00.0005042" startTime="2025-09-19T23:55:50.8827180+02:00" endTime="2025-09-19T23:55:50.8828920+02:00" testType="13cdc9d9-ddb5-4fa4-a97d-d965ccfc6d4b" outcome="Passed" testListId="8c84fa94-04c1-424b-9868-57a2d4851a1d" relativeResultsDirectory="f817e26e-4433-42f7-86b3-056dc47c1397" />
    <UnitTestResult executionId="05796f6a-d0f2-48f6-9723-4b2d16a52e64" testId="74429bfd-ae1c-e417-c462-fb4e1989918c" testName="ManagedCode.Communication.Tests.CollectionResults.CollectionResultFromMethodsTests.From_ValueTaskReturningEnumerable_ShouldCreateSuccessResult" computerName="konstantins-macbook-pro" duration="00:00:00.0044016" startTime="2025-09-19T23:55:51.0752730+02:00" endTime="2025-09-19T23:55:51.0796550+02:00" testType="13cdc9d9-ddb5-4fa4-a97d-d965ccfc6d4b" outcome="Passed" testListId="8c84fa94-04c1-424b-9868-57a2d4851a1d" relativeResultsDirectory="05796f6a-d0f2-48f6-9723-4b2d16a52e64" />
    <UnitTestResult executionId="a8b3ce43-b188-4b2e-a8f2-abfe0a1c5c57" testId="7b410867-8a35-21b9-5a79-1e606c5e1d67" testName="ManagedCode.Communication.Tests.AspNetCore.Extensions.ServiceCollectionExtensionsTests.Communication_Should_Handle_Exceptions" computerName="konstantins-macbook-pro" duration="00:00:00.0055093" startTime="2025-09-19T23:55:51.9724750+02:00" endTime="2025-09-19T23:55:51.9779850+02:00" testType="13cdc9d9-ddb5-4fa4-a97d-d965ccfc6d4b" outcome="Passed" testListId="8c84fa94-04c1-424b-9868-57a2d4851a1d" relativeResultsDirectory="a8b3ce43-b188-4b2e-a8f2-abfe0a1c5c57" />
    <UnitTestResult executionId="1038bf7c-ff8c-4b95-b2cf-8cd9bd235fa8" testId="6e767f96-9226-7d9c-988b-ea75a4b8e156" testName="ManagedCode.Communication.Tests.Results.ResultFailMethodsTests.Result_Fail_WithEnumAndStatus_ShouldCreateFailedResultWithErrorCodeAndStatus" computerName="konstantins-macbook-pro" duration="00:00:00.0005460" startTime="2025-09-19T23:55:50.9048270+02:00" endTime="2025-09-19T23:55:50.9048490+02:00" testType="13cdc9d9-ddb5-4fa4-a97d-d965ccfc6d4b" outcome="Passed" testListId="8c84fa94-04c1-424b-9868-57a2d4851a1d" relativeResultsDirectory="1038bf7c-ff8c-4b95-b2cf-8cd9bd235fa8" />
    <UnitTestResult executionId="64160b48-a757-47b4-96c5-4689d8bc7097" testId="33a7f29f-3064-c7da-2697-0f90413b5ea8" testName="ManagedCode.Communication.Tests.CollectionResults.CollectionResultFromMethodsTests.From_TaskWithDelay_ShouldWaitAndReturnSuccessResult" computerName="konstantins-macbook-pro" duration="00:00:00.0959133" startTime="2025-09-19T23:55:51.0797280+02:00" endTime="2025-09-19T23:55:51.1758930+02:00" testType="13cdc9d9-ddb5-4fa4-a97d-d965ccfc6d4b" outcome="Passed" testListId="8c84fa94-04c1-424b-9868-57a2d4851a1d" relativeResultsDirectory="64160b48-a757-47b4-96c5-4689d8bc7097" />
    <UnitTestResult executionId="d351f3a0-5fde-4103-a1d4-b3df1019b380" testId="4d4f77cf-2c12-609f-bf50-7abe8c10f4d6" testName="ManagedCode.Communication.Tests.Results.ResultTFailMethodsTests.ResultT_FailNotFound_WithDetail_ShouldCreateNotFoundResultWithCustomDetail" computerName="konstantins-macbook-pro" duration="00:00:00.0004534" startTime="2025-09-19T23:55:50.8794280+02:00" endTime="2025-09-19T23:55:50.8798660+02:00" testType="13cdc9d9-ddb5-4fa4-a97d-d965ccfc6d4b" outcome="Passed" testListId="8c84fa94-04c1-424b-9868-57a2d4851a1d" relativeResultsDirectory="d351f3a0-5fde-4103-a1d4-b3df1019b380" />
    <UnitTestResult executionId="49920f38-9380-4dcd-bc88-c812072f0d61" testId="261108eb-e4aa-9aa8-08d4-1bd3d2b96ec0" testName="ManagedCode.Communication.Tests.CollectionResults.CollectionResultFromMethodsTests.From_TaskReturningList_ShouldCreateSuccessResult" computerName="konstantins-macbook-pro" duration="00:00:00.0046564" startTime="2025-09-19T23:55:50.8951880+02:00" endTime="2025-09-19T23:55:50.8972820+02:00" testType="13cdc9d9-ddb5-4fa4-a97d-d965ccfc6d4b" outcome="Passed" testListId="8c84fa94-04c1-424b-9868-57a2d4851a1d" relativeResultsDirectory="49920f38-9380-4dcd-bc88-c812072f0d61" />
    <UnitTestResult executionId="de9db455-faad-4d67-b7d0-bfbfc9021f69" testId="2d819a75-1f3b-8e3f-72c3-7eac56a5cef5" testName="ManagedCode.Communication.Tests.ProblemTests.ProblemCreateMethodsTests.Problem_AddValidationError_WithNonDictionaryExtension_ShouldReplaceWithDictionary" computerName="konstantins-macbook-pro" duration="00:00:00.0000897" startTime="2025-09-19T23:55:50.9726960+02:00" endTime="2025-09-19T23:55:50.9868830+02:00" testType="13cdc9d9-ddb5-4fa4-a97d-d965ccfc6d4b" outcome="Passed" testListId="8c84fa94-04c1-424b-9868-57a2d4851a1d" relativeResultsDirectory="de9db455-faad-4d67-b7d0-bfbfc9021f69" />
    <UnitTestResult executionId="194610b1-decd-4ff4-9ff2-dcc298b3d48d" testId="b974d079-f8c7-696e-01c3-ee20cd989857" testName="ManagedCode.Communication.Tests.Extensions.HttpResponseExtensionTests.FromRequestToResult_VariousErrorCodes_ReturnsFailedResult(statusCode: Unauthorized)" computerName="konstantins-macbook-pro" duration="00:00:00.0000159" startTime="2025-09-19T23:55:50.9057710+02:00" endTime="2025-09-19T23:55:50.9057920+02:00" testType="13cdc9d9-ddb5-4fa4-a97d-d965ccfc6d4b" outcome="Passed" testListId="8c84fa94-04c1-424b-9868-57a2d4851a1d" relativeResultsDirectory="194610b1-decd-4ff4-9ff2-dcc298b3d48d" />
    <UnitTestResult executionId="8f8eab7b-b1fe-4bb8-b78f-832c7cbb952b" testId="66076f92-cd02-428b-c3aa-0dc5e5824793" testName="ManagedCode.Communication.Tests.Results.ResultHelperMethodsTests.ResultT_FailValidation_ShouldCreateValidationResult" computerName="konstantins-macbook-pro" duration="00:00:00.0001571" startTime="2025-09-19T23:55:50.9908940+02:00" endTime="2025-09-19T23:55:50.9909140+02:00" testType="13cdc9d9-ddb5-4fa4-a97d-d965ccfc6d4b" outcome="Passed" testListId="8c84fa94-04c1-424b-9868-57a2d4851a1d" relativeResultsDirectory="8f8eab7b-b1fe-4bb8-b78f-832c7cbb952b" />
    <UnitTestResult executionId="19225dcf-d2cf-4f4c-b37b-1c19d7afc8bf" testId="74682615-ca5e-4298-50e2-769d654bd925" testName="ManagedCode.Communication.Tests.AspNetCore.Extensions.CommunicationServiceCollectionExtensionsTests.AddCommunicationAspNetCore_WithLoggerFactory_ConfiguresLogger" computerName="konstantins-macbook-pro" duration="00:00:00.0006791" startTime="2025-09-19T23:55:50.9950400+02:00" endTime="2025-09-19T23:55:50.9953040+02:00" testType="13cdc9d9-ddb5-4fa4-a97d-d965ccfc6d4b" outcome="Passed" testListId="8c84fa94-04c1-424b-9868-57a2d4851a1d" relativeResultsDirectory="19225dcf-d2cf-4f4c-b37b-1c19d7afc8bf" />
    <UnitTestResult executionId="ae14835e-3f04-464c-9b0e-cf759924a4ce" testId="3e9e891c-a70e-1cec-ed52-a1f055f94791" testName="ManagedCode.Communication.Tests.Results.ProblemToExceptionErrorTests.ToException_WithNullDetailAndTitle_ShouldUseDefaultMessage" computerName="konstantins-macbook-pro" duration="00:00:00.0000915" startTime="2025-09-19T23:55:50.9574150+02:00" endTime="2025-09-19T23:55:50.9575190+02:00" testType="13cdc9d9-ddb5-4fa4-a97d-d965ccfc6d4b" outcome="Passed" testListId="8c84fa94-04c1-424b-9868-57a2d4851a1d" relativeResultsDirectory="ae14835e-3f04-464c-9b0e-cf759924a4ce" />
    <UnitTestResult executionId="f8647a46-d47f-46e5-b973-e8570db20bde" testId="9085edc1-23da-0141-ff53-9bb481ec3c06" testName="ManagedCode.Communication.Tests.Results.ResultOperatorsTests.CollectionResult_Fail_WithEnum_ShouldCreateFailedResultWithErrorCode" computerName="konstantins-macbook-pro" duration="00:00:00.0003240" startTime="2025-09-19T23:55:50.8937660+02:00" endTime="2025-09-19T23:55:50.8938530+02:00" testType="13cdc9d9-ddb5-4fa4-a97d-d965ccfc6d4b" outcome="Passed" testListId="8c84fa94-04c1-424b-9868-57a2d4851a1d" relativeResultsDirectory="f8647a46-d47f-46e5-b973-e8570db20bde" />
    <UnitTestResult executionId="517aca70-4833-4443-87c6-1aaaab8106ab" testId="1285e3a0-be70-4f5b-8a49-53d83ee7816d" testName="ManagedCode.Communication.Tests.Results.ResultInvalidMethodsTests.Invalid_WithDictionaryContainingEmptyValues_ShouldHandleGracefully" computerName="konstantins-macbook-pro" duration="00:00:00.0013025" startTime="2025-09-19T23:55:50.9401530+02:00" endTime="2025-09-19T23:55:50.9420000+02:00" testType="13cdc9d9-ddb5-4fa4-a97d-d965ccfc6d4b" outcome="Passed" testListId="8c84fa94-04c1-424b-9868-57a2d4851a1d" relativeResultsDirectory="517aca70-4833-4443-87c6-1aaaab8106ab" />
    <UnitTestResult executionId="4052d908-d5b5-4fda-80a0-638e645e3e39" testId="b45faf43-dd79-04c9-5445-23da1be779f9" testName="ManagedCode.Communication.Tests.Results.ResultHelperMethodsTests.Result_ThrowIfFail_WithFailure_ShouldThrowProblemException" computerName="konstantins-macbook-pro" duration="00:00:00.0006951" startTime="2025-09-19T23:55:50.9926070+02:00" endTime="2025-09-19T23:55:50.9935040+02:00" testType="13cdc9d9-ddb5-4fa4-a97d-d965ccfc6d4b" outcome="Passed" testListId="8c84fa94-04c1-424b-9868-57a2d4851a1d" relativeResultsDirectory="4052d908-d5b5-4fda-80a0-638e645e3e39" />
    <UnitTestResult executionId="c9441af0-252d-4086-85fc-795d50c05b70" testId="30d1482a-3681-2b78-041a-5c6ec797ad16" testName="ManagedCode.Communication.Tests.Results.ResultOperatorsTests.CollectionResult_ImplicitOperator_FromException_ShouldCreateFailedResult" computerName="konstantins-macbook-pro" duration="00:00:00.0010420" startTime="2025-09-19T23:55:50.8918580+02:00" endTime="2025-09-19T23:55:50.8921290+02:00" testType="13cdc9d9-ddb5-4fa4-a97d-d965ccfc6d4b" outcome="Passed" testListId="8c84fa94-04c1-424b-9868-57a2d4851a1d" relativeResultsDirectory="c9441af0-252d-4086-85fc-795d50c05b70" />
    <UnitTestResult executionId="b6d48d84-3f44-4882-a34b-25d65bc340c1" testId="08105b68-db60-bfeb-93e6-92f308ba13b0" testName="ManagedCode.Communication.Tests.Results.CollectionResultTests.ImplicitOperator_ToBool_ShouldReturnIsSuccess" computerName="konstantins-macbook-pro" duration="00:00:00.0001042" startTime="2025-09-19T23:55:50.9244850+02:00" endTime="2025-09-19T23:55:50.9245070+02:00" testType="13cdc9d9-ddb5-4fa4-a97d-d965ccfc6d4b" outcome="Passed" testListId="8c84fa94-04c1-424b-9868-57a2d4851a1d" relativeResultsDirectory="b6d48d84-3f44-4882-a34b-25d65bc340c1" />
    <UnitTestResult executionId="9557b85b-0e9a-4e82-aeb9-f1ec07730460" testId="d764fc82-375a-445d-1d29-326347c358b4" testName="ManagedCode.Communication.Tests.Results.ResultTests.ThrowIfFail_WithFailedResult_ShouldThrow" computerName="konstantins-macbook-pro" duration="00:00:00.0003568" startTime="2025-09-19T23:55:50.8854760+02:00" endTime="2025-09-19T23:55:50.8856050+02:00" testType="13cdc9d9-ddb5-4fa4-a97d-d965ccfc6d4b" outcome="Passed" testListId="8c84fa94-04c1-424b-9868-57a2d4851a1d" relativeResultsDirectory="9557b85b-0e9a-4e82-aeb9-f1ec07730460" />
    <UnitTestResult executionId="50fa097f-df55-48ed-ab2f-791375053346" testId="0b9462ce-ab81-3e0e-a1aa-53ab68e0bac7" testName="ManagedCode.Communication.Tests.AspNetCore.Extensions.CommunicationServiceCollectionExtensionsTests.CommunicationLoggerConfigurationService_StopsWithoutError" computerName="konstantins-macbook-pro" duration="00:00:00.0014110" startTime="2025-09-19T23:55:50.9924490+02:00" endTime="2025-09-19T23:55:50.9939540+02:00" testType="13cdc9d9-ddb5-4fa4-a97d-d965ccfc6d4b" outcome="Passed" testListId="8c84fa94-04c1-424b-9868-57a2d4851a1d" relativeResultsDirectory="50fa097f-df55-48ed-ab2f-791375053346" />
    <UnitTestResult executionId="24da91f8-8916-4458-8cae-ff6e284cc885" testId="bed016bd-a122-31d3-dc01-e7d0fe017e6f" testName="ManagedCode.Communication.Tests.Results.ProblemToExceptionErrorTests.ToException_WithAggregateException_ShouldHandleCorrectly" computerName="konstantins-macbook-pro" duration="00:00:00.0010172" startTime="2025-09-19T23:55:50.9577380+02:00" endTime="2025-09-19T23:55:50.9598200+02:00" testType="13cdc9d9-ddb5-4fa4-a97d-d965ccfc6d4b" outcome="Passed" testListId="8c84fa94-04c1-424b-9868-57a2d4851a1d" relativeResultsDirectory="24da91f8-8916-4458-8cae-ff6e284cc885" />
    <UnitTestResult executionId="b690464c-35c2-4029-9863-22f2de3c3b35" testId="950f8757-e7b7-1138-1a4d-1e70b2dcf083" testName="ManagedCode.Communication.Tests.Results.ProblemExceptionTests.Constructor_WithProblemContainingMultipleValidationErrorsPerField_ShouldJoinWithSemicolon" computerName="konstantins-macbook-pro" duration="00:00:00.0002378" startTime="2025-09-19T23:55:50.9530950+02:00" endTime="2025-09-19T23:55:50.9531270+02:00" testType="13cdc9d9-ddb5-4fa4-a97d-d965ccfc6d4b" outcome="Passed" testListId="8c84fa94-04c1-424b-9868-57a2d4851a1d" relativeResultsDirectory="b690464c-35c2-4029-9863-22f2de3c3b35" />
    <UnitTestResult executionId="b9a615f1-5fc5-4715-af38-703e9c18f210" testId="d3300c9e-5da3-cf6d-3ac1-7219738332c6" testName="ManagedCode.Communication.Tests.Serialization.ProblemJsonConverterTests.Serialize_ValidationProblem_IncludesValidationErrors" computerName="konstantins-macbook-pro" duration="00:00:00.0100232" startTime="2025-09-19T23:55:50.9068270+02:00" endTime="2025-09-19T23:55:50.9134530+02:00" testType="13cdc9d9-ddb5-4fa4-a97d-d965ccfc6d4b" outcome="Passed" testListId="8c84fa94-04c1-424b-9868-57a2d4851a1d" relativeResultsDirectory="b9a615f1-5fc5-4715-af38-703e9c18f210" />
    <UnitTestResult executionId="7a75d6ed-ada4-4689-b0dc-82a5a1b04032" testId="f8292c99-1fa2-ca17-1340-240e96354ffd" testName="ManagedCode.Communication.Tests.CollectionResults.CollectionResultFailMethodsTests.Fail_WithVariousStatusCodes_ShouldSetCorrectStatusCode(statusCode: ServiceUnavailable, expectedCode: 503)" computerName="konstantins-macbook-pro" duration="00:00:00.0000026" startTime="2025-09-19T23:55:50.9968070+02:00" endTime="2025-09-19T23:55:50.9968380+02:00" testType="13cdc9d9-ddb5-4fa4-a97d-d965ccfc6d4b" outcome="Passed" testListId="8c84fa94-04c1-424b-9868-57a2d4851a1d" relativeResultsDirectory="7a75d6ed-ada4-4689-b0dc-82a5a1b04032" />
    <UnitTestResult executionId="2a0e0d7c-d1fc-4a5f-8dd8-92dfea24d556" testId="c87e7c49-a9bb-bbb6-248d-9575e1eed4b4" testName="ManagedCode.Communication.Tests.Serialization.ProblemJsonConverterTests.Deserialize_ProblemWithErrorCode_RestoresErrorCode" computerName="konstantins-macbook-pro" duration="00:00:00.0010126" startTime="2025-09-19T23:55:50.9066780+02:00" endTime="2025-09-19T23:55:50.9067780+02:00" testType="13cdc9d9-ddb5-4fa4-a97d-d965ccfc6d4b" outcome="Passed" testListId="8c84fa94-04c1-424b-9868-57a2d4851a1d" relativeResultsDirectory="2a0e0d7c-d1fc-4a5f-8dd8-92dfea24d556" />
    <UnitTestResult executionId="5e6d89b7-1c37-47b5-a59f-6d6701e857e4" testId="8309389d-9c6a-c3cd-d6dd-b15a89fb2045" testName="ManagedCode.Communication.Tests.Results.ProblemToExceptionTests.ToException_FromProblemCreatedFromNullReferenceException_ShouldReconstructOriginalExceptionType" computerName="konstantins-macbook-pro" duration="00:00:00.0004371" startTime="2025-09-19T23:55:50.8988650+02:00" endTime="2025-09-19T23:55:50.8989680+02:00" testType="13cdc9d9-ddb5-4fa4-a97d-d965ccfc6d4b" outcome="Passed" testListId="8c84fa94-04c1-424b-9868-57a2d4851a1d" relativeResultsDirectory="5e6d89b7-1c37-47b5-a59f-6d6701e857e4" />
    <UnitTestResult executionId="75022f08-a868-468e-9000-198a0f1179ad" testId="2ce5a0ce-9e3f-00a6-801c-dc294a1bcdf2" testName="ManagedCode.Communication.Tests.Results.ResultInvalidMethodsTests.Result_Invalid_WithEnumKeyValue_ShouldCreateValidationResultWithAll" computerName="konstantins-macbook-pro" duration="00:00:00.0004811" startTime="2025-09-19T23:55:50.9325590+02:00" endTime="2025-09-19T23:55:50.9328720+02:00" testType="13cdc9d9-ddb5-4fa4-a97d-d965ccfc6d4b" outcome="Passed" testListId="8c84fa94-04c1-424b-9868-57a2d4851a1d" relativeResultsDirectory="75022f08-a868-468e-9000-198a0f1179ad" />
    <UnitTestResult executionId="ba18fafb-96db-49f1-80b6-507b4ad2fc9c" testId="b54351a3-66ec-0964-2aea-e5e40f7e02d7" testName="ManagedCode.Communication.Tests.CollectionResults.CollectionResultFromMethodsTests.From_FuncReturningNull_ShouldCreateFailedResultDueToNullReference" computerName="konstantins-macbook-pro" duration="00:00:00.0026245" startTime="2025-09-19T23:55:50.9574940+02:00" endTime="2025-09-19T23:55:50.9604380+02:00" testType="13cdc9d9-ddb5-4fa4-a97d-d965ccfc6d4b" outcome="Passed" testListId="8c84fa94-04c1-424b-9868-57a2d4851a1d" relativeResultsDirectory="ba18fafb-96db-49f1-80b6-507b4ad2fc9c" />
    <UnitTestResult executionId="3359f509-0eea-4afb-8391-1ff003d332e7" testId="fac5a5a6-3df3-1003-499e-8b36ce0df94d" testName="ManagedCode.Communication.Tests.Extensions.HttpResponseExtensionTests.FromRequestToResult_VariousSuccessCodes_ReturnsSuccessResult(statusCode: Created)" computerName="konstantins-macbook-pro" duration="00:00:00.0001539" startTime="2025-09-19T23:55:50.9233260+02:00" endTime="2025-09-19T23:55:50.9234450+02:00" testType="13cdc9d9-ddb5-4fa4-a97d-d965ccfc6d4b" outcome="Passed" testListId="8c84fa94-04c1-424b-9868-57a2d4851a1d" relativeResultsDirectory="3359f509-0eea-4afb-8391-1ff003d332e7" />
    <UnitTestResult executionId="08eebdc3-e651-425f-8ff0-3cfa638c8338" testId="f91e9575-30e1-e221-f699-3a11de9b388a" testName="ManagedCode.Communication.Tests.Results.ResultInvalidMethodsTests.ResultT_Invalid_WithMessage_ShouldCreateValidationResultWithMessage" computerName="konstantins-macbook-pro" duration="00:00:00.0002655" startTime="2025-09-19T23:55:50.9266370+02:00" endTime="2025-09-19T23:55:50.9266590+02:00" testType="13cdc9d9-ddb5-4fa4-a97d-d965ccfc6d4b" outcome="Passed" testListId="8c84fa94-04c1-424b-9868-57a2d4851a1d" relativeResultsDirectory="08eebdc3-e651-425f-8ff0-3cfa638c8338" />
    <UnitTestResult executionId="3c221eba-b78f-4724-9d0f-9e69e6d8913d" testId="7e95e31b-5cbf-f4bc-6b58-5c4878828fa0" testName="ManagedCode.Communication.Tests.AspNetCore.Extensions.ControllerExtensionsTests.ToHttpResult_WithComplexFailure_PreservesProblemDetails" computerName="konstantins-macbook-pro" duration="00:00:00.0004183" startTime="2025-09-19T23:55:50.9506750+02:00" endTime="2025-09-19T23:55:50.9512310+02:00" testType="13cdc9d9-ddb5-4fa4-a97d-d965ccfc6d4b" outcome="Passed" testListId="8c84fa94-04c1-424b-9868-57a2d4851a1d" relativeResultsDirectory="3c221eba-b78f-4724-9d0f-9e69e6d8913d" />
    <UnitTestResult executionId="193b83b2-3df0-4da2-8280-fe35b327bdd5" testId="113ecb12-1851-7d32-03e7-16f3ffbfb55a" testName="ManagedCode.Communication.Tests.Results.ResultTFailMethodsTests.ResultT_Fail_WithVariousStatusCodes_ShouldSetCorrectStatusCode(statusCode: Forbidden, expectedCode: 403)" computerName="konstantins-macbook-pro" duration="00:00:00.0000104" startTime="2025-09-19T23:55:50.8774820+02:00" endTime="2025-09-19T23:55:50.8775050+02:00" testType="13cdc9d9-ddb5-4fa4-a97d-d965ccfc6d4b" outcome="Passed" testListId="8c84fa94-04c1-424b-9868-57a2d4851a1d" relativeResultsDirectory="193b83b2-3df0-4da2-8280-fe35b327bdd5" />
    <UnitTestResult executionId="40284949-5627-4adb-9bf8-31aadeccb647" testId="b019aed6-f3db-c6f2-5353-b095630ac4f5" testName="ManagedCode.Communication.Tests.Orleans.Serialization.CommandSerializationTests.CommandT_WithEnumType_ShouldSerializeCorrectly" computerName="konstantins-macbook-pro" duration="00:00:00.0052680" startTime="2025-09-19T23:55:51.7404140+02:00" endTime="2025-09-19T23:55:51.7460930+02:00" testType="13cdc9d9-ddb5-4fa4-a97d-d965ccfc6d4b" outcome="Passed" testListId="8c84fa94-04c1-424b-9868-57a2d4851a1d" relativeResultsDirectory="40284949-5627-4adb-9bf8-31aadeccb647" />
    <UnitTestResult executionId="30161549-e5a3-482a-8d43-9aafb425c3e0" testId="6522bdf5-de38-3374-97b3-1ce8774e28b5" testName="ManagedCode.Communication.Tests.Orleans.OrleansSerializationTests.CompleteWorkflow_AllTypes_ShouldSerializeCorrectly" computerName="konstantins-macbook-pro" duration="00:00:00.0614176" startTime="2025-09-19T23:55:51.7399960+02:00" endTime="2025-09-19T23:55:51.8013850+02:00" testType="13cdc9d9-ddb5-4fa4-a97d-d965ccfc6d4b" outcome="Passed" testListId="8c84fa94-04c1-424b-9868-57a2d4851a1d" relativeResultsDirectory="30161549-e5a3-482a-8d43-9aafb425c3e0" />
    <UnitTestResult executionId="5820018a-c1c8-4a5a-a958-b3bc3fbe09ff" testId="be592d9a-91e3-5d2d-c26c-4bf5df9e4597" testName="ManagedCode.Communication.Tests.Results.ResultHelperMethodsTests.ResultT_TryAsync_WithException_ShouldReturnFailure" computerName="konstantins-macbook-pro" duration="00:00:00.0180066" startTime="2025-09-19T23:55:50.9704580+02:00" endTime="2025-09-19T23:55:50.9898380+02:00" testType="13cdc9d9-ddb5-4fa4-a97d-d965ccfc6d4b" outcome="Passed" testListId="8c84fa94-04c1-424b-9868-57a2d4851a1d" relativeResultsDirectory="5820018a-c1c8-4a5a-a958-b3bc3fbe09ff" />
    <UnitTestResult executionId="b25c9c1e-0cb9-44a6-b636-7dd9afba3bdc" testId="9f2f9acf-342d-ecbf-b67b-31f17d6aa429" testName="ManagedCode.Communication.Tests.Extensions.HttpResponseExtensionTests.FromRequestToResult_VariousErrorCodes_ReturnsFailedResult(statusCode: BadGateway)" computerName="konstantins-macbook-pro" duration="00:00:00.0001343" startTime="2025-09-19T23:55:50.9057070+02:00" endTime="2025-09-19T23:55:50.9057300+02:00" testType="13cdc9d9-ddb5-4fa4-a97d-d965ccfc6d4b" outcome="Passed" testListId="8c84fa94-04c1-424b-9868-57a2d4851a1d" relativeResultsDirectory="b25c9c1e-0cb9-44a6-b636-7dd9afba3bdc" />
    <UnitTestResult executionId="0aeea0dd-dd6a-427c-8da5-24a7fd8be8ac" testId="d137c692-c33a-c29f-f0cd-43638d316a9f" testName="ManagedCode.Communication.Tests.ProblemTests.ProblemCreateMethodsTests.Problem_GetValidationErrors_WithValidErrors_ShouldReturnDictionary" computerName="konstantins-macbook-pro" duration="00:00:00.0001592" startTime="2025-09-19T23:55:50.9722310+02:00" endTime="2025-09-19T23:55:50.9723250+02:00" testType="13cdc9d9-ddb5-4fa4-a97d-d965ccfc6d4b" outcome="Passed" testListId="8c84fa94-04c1-424b-9868-57a2d4851a1d" relativeResultsDirectory="0aeea0dd-dd6a-427c-8da5-24a7fd8be8ac" />
    <UnitTestResult executionId="954a2c02-b735-46c8-ae72-3fc13504e16f" testId="be1da5de-e0fe-47f3-2a89-4f7466ca0a66" testName="ManagedCode.Communication.Tests.CollectionResults.CollectionResultFailMethodsTests.Fail_WithProblem_ShouldCreateFailedResultWithProblem" computerName="konstantins-macbook-pro" duration="00:00:00.0002141" startTime="2025-09-19T23:55:51.0002640+02:00" endTime="2025-09-19T23:55:51.0003490+02:00" testType="13cdc9d9-ddb5-4fa4-a97d-d965ccfc6d4b" outcome="Passed" testListId="8c84fa94-04c1-424b-9868-57a2d4851a1d" relativeResultsDirectory="954a2c02-b735-46c8-ae72-3fc13504e16f" />
    <UnitTestResult executionId="a6da9cf4-4354-4c57-a214-4b6230d88181" testId="69beb265-ebe6-f9da-2e10-2e50d1b0f6dd" testName="ManagedCode.Communication.Tests.Results.RailwayOrientedProgrammingTests.Match_WithFailure_ShouldExecuteFailureFunction" computerName="konstantins-macbook-pro" duration="00:00:00.0004340" startTime="2025-09-19T23:55:50.8752470+02:00" endTime="2025-09-19T23:55:50.8754670+02:00" testType="13cdc9d9-ddb5-4fa4-a97d-d965ccfc6d4b" outcome="Passed" testListId="8c84fa94-04c1-424b-9868-57a2d4851a1d" relativeResultsDirectory="a6da9cf4-4354-4c57-a214-4b6230d88181" />
    <UnitTestResult executionId="d03f6dd2-d5c5-4342-8369-e28577470b48" testId="c5027c1a-9b50-9f43-2228-adeb647f513f" testName="ManagedCode.Communication.Tests.Results.ProblemCreationExtensionsTests.ToProblem_FromEnum_WithHttpStatusCode_ShouldUseProvidedStatusCode" computerName="konstantins-macbook-pro" duration="00:00:00.0001317" startTime="2025-09-19T23:55:50.8922670+02:00" endTime="2025-09-19T23:55:50.8922960+02:00" testType="13cdc9d9-ddb5-4fa4-a97d-d965ccfc6d4b" outcome="Passed" testListId="8c84fa94-04c1-424b-9868-57a2d4851a1d" relativeResultsDirectory="d03f6dd2-d5c5-4342-8369-e28577470b48" />
    <UnitTestResult executionId="84655651-7c16-4ed2-8eb3-b74487309471" testId="979074bb-302c-a27f-b1eb-cf7bada43daa" testName="ManagedCode.Communication.Tests.AspNetCore.Helpers.HttpStatusCodeHelperTests.GetStatusCodeForException_NullException_FallsBackToBaseHelper" computerName="konstantins-macbook-pro" duration="00:00:00.0004137" startTime="2025-09-19T23:55:50.9892150+02:00" endTime="2025-09-19T23:55:50.9893140+02:00" testType="13cdc9d9-ddb5-4fa4-a97d-d965ccfc6d4b" outcome="Passed" testListId="8c84fa94-04c1-424b-9868-57a2d4851a1d" relativeResultsDirectory="84655651-7c16-4ed2-8eb3-b74487309471" />
    <UnitTestResult executionId="8356eca7-9170-4353-bdbf-3965b3388863" testId="a555e622-b970-4ded-325b-3f0c89ae34f6" testName="ManagedCode.Communication.Tests.ProblemTests.ProblemCreateMethodsTests.Problem_AddValidationError_ToEmptyProblem_ShouldCreateErrorsDictionary" computerName="konstantins-macbook-pro" duration="00:00:00.0001084" startTime="2025-09-19T23:55:50.9706820+02:00" endTime="2025-09-19T23:55:50.9707380+02:00" testType="13cdc9d9-ddb5-4fa4-a97d-d965ccfc6d4b" outcome="Passed" testListId="8c84fa94-04c1-424b-9868-57a2d4851a1d" relativeResultsDirectory="8356eca7-9170-4353-bdbf-3965b3388863" />
    <UnitTestResult executionId="2e8eabd5-7fe7-4295-a209-d00672feeb30" testId="3bcb1cdf-7832-8f7e-bea2-80e63571b788" testName="ManagedCode.Communication.Tests.AspNetCore.Extensions.ControllerExtensionsTests.ToHttpResult_NonGenericWithNoProblem_ReturnsDefaultError" computerName="konstantins-macbook-pro" duration="00:00:00.0029279" startTime="2025-09-19T23:55:50.9441640+02:00" endTime="2025-09-19T23:55:50.9472110+02:00" testType="13cdc9d9-ddb5-4fa4-a97d-d965ccfc6d4b" outcome="Passed" testListId="8c84fa94-04c1-424b-9868-57a2d4851a1d" relativeResultsDirectory="2e8eabd5-7fe7-4295-a209-d00672feeb30" />
    <UnitTestResult executionId="3f1a566c-966f-43b7-88f3-2bd06e1155fa" testId="c8d77af0-8084-8474-2ecb-63693a6af3aa" testName="ManagedCode.Communication.Tests.Results.ResultStaticHelperMethodsTests.Result_FailValidationT_WithMultipleErrors_ShouldCreateValidationFailedResultTWithAllErrors" computerName="konstantins-macbook-pro" duration="00:00:00.0002393" startTime="2025-09-19T23:55:50.9578150+02:00" endTime="2025-09-19T23:55:50.9578360+02:00" testType="13cdc9d9-ddb5-4fa4-a97d-d965ccfc6d4b" outcome="Passed" testListId="8c84fa94-04c1-424b-9868-57a2d4851a1d" relativeResultsDirectory="3f1a566c-966f-43b7-88f3-2bd06e1155fa" />
    <UnitTestResult executionId="4137efe7-50aa-4907-9043-4de906278d23" testId="f78bdf4b-5aed-2880-5937-4759bd7976c9" testName="ManagedCode.Communication.Tests.Results.ResultInvalidMethodsTests.Result_Invalid_WithKeyValue_ShouldCreateValidationResultWithCustomField" computerName="konstantins-macbook-pro" duration="00:00:00.0002174" startTime="2025-09-19T23:55:50.9265290+02:00" endTime="2025-09-19T23:55:50.9265790+02:00" testType="13cdc9d9-ddb5-4fa4-a97d-d965ccfc6d4b" outcome="Passed" testListId="8c84fa94-04c1-424b-9868-57a2d4851a1d" relativeResultsDirectory="4137efe7-50aa-4907-9043-4de906278d23" />
    <UnitTestResult executionId="3d399765-a158-4d6b-aa0a-c09359683b52" testId="0789453e-d5f1-17cb-3560-d081385bfb12" testName="ManagedCode.Communication.Tests.Extensions.ProblemExtensionsTests.ToFailedResult_WithComplexExtensions_ShouldPreserveAllData" computerName="konstantins-macbook-pro" duration="00:00:00.0003851" startTime="2025-09-19T23:55:50.8782780+02:00" endTime="2025-09-19T23:55:50.8783020+02:00" testType="13cdc9d9-ddb5-4fa4-a97d-d965ccfc6d4b" outcome="Passed" testListId="8c84fa94-04c1-424b-9868-57a2d4851a1d" relativeResultsDirectory="3d399765-a158-4d6b-aa0a-c09359683b52" />
    <UnitTestResult executionId="ee0b1698-1396-4f8b-b41d-185a96391724" testId="5b8d597d-a947-799b-c752-623cf741033b" testName="ManagedCode.Communication.Tests.Extensions.AdvancedRailwayExtensionsTests.DoAsync_WithSuccess_ExecutesAsyncAction" computerName="konstantins-macbook-pro" duration="00:00:00.0043799" startTime="2025-09-19T23:55:50.8882320+02:00" endTime="2025-09-19T23:55:50.8914210+02:00" testType="13cdc9d9-ddb5-4fa4-a97d-d965ccfc6d4b" outcome="Passed" testListId="8c84fa94-04c1-424b-9868-57a2d4851a1d" relativeResultsDirectory="ee0b1698-1396-4f8b-b41d-185a96391724" />
    <UnitTestResult executionId="84392eb6-9554-4824-8c78-7e641197d322" testId="2c4ab2a0-5b84-fdeb-332e-fc8fa28ff2a8" testName="ManagedCode.Communication.Tests.Results.ResultTFailMethodsTests.ResultT_Fail_WithExceptionAndStatus_ShouldCreateFailedResultWithSpecifiedStatus" computerName="konstantins-macbook-pro" duration="00:00:00.0004041" startTime="2025-09-19T23:55:50.8806450+02:00" endTime="2025-09-19T23:55:50.8812110+02:00" testType="13cdc9d9-ddb5-4fa4-a97d-d965ccfc6d4b" outcome="Passed" testListId="8c84fa94-04c1-424b-9868-57a2d4851a1d" relativeResultsDirectory="84392eb6-9554-4824-8c78-7e641197d322" />
    <UnitTestResult executionId="a6afd7c6-d11f-4073-8292-0b3251337061" testId="bbba8e22-1b20-62d6-6e69-7016b4e8e4bf" testName="ManagedCode.Communication.Tests.Extensions.RailwayExtensionsTests.Match_FailedResult_ExecutesOnFailure" computerName="konstantins-macbook-pro" duration="00:00:00.0002005" startTime="2025-09-19T23:55:50.8955870+02:00" endTime="2025-09-19T23:55:50.8956120+02:00" testType="13cdc9d9-ddb5-4fa4-a97d-d965ccfc6d4b" outcome="Passed" testListId="8c84fa94-04c1-424b-9868-57a2d4851a1d" relativeResultsDirectory="a6afd7c6-d11f-4073-8292-0b3251337061" />
    <UnitTestResult executionId="930977d1-b83c-4b9f-9e86-e2ef091f7d12" testId="bc0f94a4-fa61-220d-0abf-7116eecf9e5e" testName="ManagedCode.Communication.Tests.CollectionResults.CollectionResultFromMethodsTests.From_RecursiveDataStructure_ShouldHandleCorrectly" computerName="konstantins-macbook-pro" duration="00:00:00.0007789" startTime="2025-09-19T23:55:50.9504860+02:00" endTime="2025-09-19T23:55:50.9513070+02:00" testType="13cdc9d9-ddb5-4fa4-a97d-d965ccfc6d4b" outcome="Passed" testListId="8c84fa94-04c1-424b-9868-57a2d4851a1d" relativeResultsDirectory="930977d1-b83c-4b9f-9e86-e2ef091f7d12" />
    <UnitTestResult executionId="52171da0-3c8e-4846-b70f-74f8374e4471" testId="6bdd3bbc-d7a5-24ee-4e32-c68e3928d318" testName="ManagedCode.Communication.Tests.CollectionResults.CollectionResultFromMethodsTests.From_SuccessCollectionResult_ShouldReturnSameResult" computerName="konstantins-macbook-pro" duration="00:00:00.0004375" startTime="2025-09-19T23:55:51.0748320+02:00" endTime="2025-09-19T23:55:51.0752130+02:00" testType="13cdc9d9-ddb5-4fa4-a97d-d965ccfc6d4b" outcome="Passed" testListId="8c84fa94-04c1-424b-9868-57a2d4851a1d" relativeResultsDirectory="52171da0-3c8e-4846-b70f-74f8374e4471" />
    <UnitTestResult executionId="62811e3b-3f6b-419e-9ea1-a73c0542ba3b" testId="b18d52e9-bf68-fbe1-373e-8cee042f5bc7" testName="ManagedCode.Communication.Tests.AspNetCore.Extensions.ControllerExtensionsTests.ToActionResult_NonGenericWithNoProblem_ReturnsDefaultError" computerName="konstantins-macbook-pro" duration="00:00:00.0003261" startTime="2025-09-19T23:55:50.9512840+02:00" endTime="2025-09-19T23:55:50.9514580+02:00" testType="13cdc9d9-ddb5-4fa4-a97d-d965ccfc6d4b" outcome="Passed" testListId="8c84fa94-04c1-424b-9868-57a2d4851a1d" relativeResultsDirectory="62811e3b-3f6b-419e-9ea1-a73c0542ba3b" />
    <UnitTestResult executionId="e65dfe57-ee23-472e-81c2-1dd585241d8e" testId="1868671e-db4e-df1a-0576-e50eea4adffe" testName="ManagedCode.Communication.Tests.Results.ResultInvalidMethodsTests.Result_InvalidT_WithKeyValue_ShouldCreateValidationResultWithCustomField" computerName="konstantins-macbook-pro" duration="00:00:00.0001985" startTime="2025-09-19T23:55:50.9374240+02:00" endTime="2025-09-19T23:55:50.9377520+02:00" testType="13cdc9d9-ddb5-4fa4-a97d-d965ccfc6d4b" outcome="Passed" testListId="8c84fa94-04c1-424b-9868-57a2d4851a1d" relativeResultsDirectory="e65dfe57-ee23-472e-81c2-1dd585241d8e" />
    <UnitTestResult executionId="66301b1c-8cda-40b2-be48-49626eccaae3" testId="44d98ef8-930e-6c96-71e8-5749bf624437" testName="ManagedCode.Communication.Tests.Results.ResultTests.TryGetProblem_WithValidationResult_ShouldReturnTrueAndValidationProblem" computerName="konstantins-macbook-pro" duration="00:00:00.0003183" startTime="2025-09-19T23:55:50.8849130+02:00" endTime="2025-09-19T23:55:50.8850990+02:00" testType="13cdc9d9-ddb5-4fa4-a97d-d965ccfc6d4b" outcome="Passed" testListId="8c84fa94-04c1-424b-9868-57a2d4851a1d" relativeResultsDirectory="66301b1c-8cda-40b2-be48-49626eccaae3" />
    <UnitTestResult executionId="7fc55296-b3d2-4b9b-a19b-d9fbf365d039" testId="46310652-8cba-41d1-ad89-4a295ad73bfd" testName="ManagedCode.Communication.Tests.Results.ResultStaticHelperMethodsTests.Result_FailT_NoParameters_ShouldCreateFailedResultT" computerName="konstantins-macbook-pro" duration="00:00:00.0001188" startTime="2025-09-19T23:55:50.9583130+02:00" endTime="2025-09-19T23:55:50.9590160+02:00" testType="13cdc9d9-ddb5-4fa4-a97d-d965ccfc6d4b" outcome="Passed" testListId="8c84fa94-04c1-424b-9868-57a2d4851a1d" relativeResultsDirectory="7fc55296-b3d2-4b9b-a19b-d9fbf365d039" />
    <UnitTestResult executionId="7d2979ac-5a85-4848-b2d0-baaa09757f81" testId="f6e5cff2-2693-3b1e-77a2-42903b6a4613" testName="ManagedCode.Communication.Tests.CollectionResults.CollectionResultFailMethodsTests.Fail_WithExceptionAndStatus_ShouldCreateFailedResultWithSpecifiedStatus" computerName="konstantins-macbook-pro" duration="00:00:00.0003254" startTime="2025-09-19T23:55:51.0001440+02:00" endTime="2025-09-19T23:55:51.0002140+02:00" testType="13cdc9d9-ddb5-4fa4-a97d-d965ccfc6d4b" outcome="Passed" testListId="8c84fa94-04c1-424b-9868-57a2d4851a1d" relativeResultsDirectory="7d2979ac-5a85-4848-b2d0-baaa09757f81" />
    <UnitTestResult executionId="19e6f345-85f0-4c8c-8c2a-fbc44911b57d" testId="99ec6b99-38ab-d9d3-1265-68ce728117c4" testName="ManagedCode.Communication.Tests.Results.ResultFailMethodsTests.Result_Fail_WithInnerException_ShouldPreserveExceptionInfo" computerName="konstantins-macbook-pro" duration="00:00:00.0002051" startTime="2025-09-19T23:55:50.9051200+02:00" endTime="2025-09-19T23:55:50.9051400+02:00" testType="13cdc9d9-ddb5-4fa4-a97d-d965ccfc6d4b" outcome="Passed" testListId="8c84fa94-04c1-424b-9868-57a2d4851a1d" relativeResultsDirectory="19e6f345-85f0-4c8c-8c2a-fbc44911b57d" />
    <UnitTestResult executionId="bf9c1b52-1d5a-4c2f-aa56-25eee2106956" testId="bcb6a2c1-7c43-e2d1-68fb-4752e36bef88" testName="ManagedCode.Communication.Tests.AspNetCore.Extensions.ServiceCollectionExtensionsTests.Communication_Should_Handle_Successful_Result" computerName="konstantins-macbook-pro" duration="00:00:00.0017215" startTime="2025-09-19T23:55:51.9860950+02:00" endTime="2025-09-19T23:55:51.9878880+02:00" testType="13cdc9d9-ddb5-4fa4-a97d-d965ccfc6d4b" outcome="Passed" testListId="8c84fa94-04c1-424b-9868-57a2d4851a1d" relativeResultsDirectory="bf9c1b52-1d5a-4c2f-aa56-25eee2106956" />
    <UnitTestResult executionId="961ea241-8a3b-49f9-8dcf-025e05580b97" testId="d1f027cb-91cb-a032-394a-24ef43e517de" testName="ManagedCode.Communication.Tests.Commands.CommandTests.FromValue" computerName="konstantins-macbook-pro" duration="00:00:00.0002216" startTime="2025-09-19T23:55:50.9900390+02:00" endTime="2025-09-19T23:55:50.9901280+02:00" testType="13cdc9d9-ddb5-4fa4-a97d-d965ccfc6d4b" outcome="Passed" testListId="8c84fa94-04c1-424b-9868-57a2d4851a1d" relativeResultsDirectory="961ea241-8a3b-49f9-8dcf-025e05580b97" />
    <UnitTestResult executionId="5c168bd8-a591-40ff-a360-9625b7f690db" testId="bb5bca1a-3a3d-1d7d-5495-30c05c394e48" testName="ManagedCode.Communication.Tests.Results.ResultStaticHelperMethodsTests.Result_FailT_WithMessage_ShouldCreateFailedResultTWithProblem" computerName="konstantins-macbook-pro" duration="00:00:00.0002906" startTime="2025-09-19T23:55:50.9558670+02:00" endTime="2025-09-19T23:55:50.9558890+02:00" testType="13cdc9d9-ddb5-4fa4-a97d-d965ccfc6d4b" outcome="Passed" testListId="8c84fa94-04c1-424b-9868-57a2d4851a1d" relativeResultsDirectory="5c168bd8-a591-40ff-a360-9625b7f690db" />
    <UnitTestResult executionId="613aa09c-6806-4a7a-82f3-743bbb912c5f" testId="db72ec5a-0a30-2e0e-8572-ca8eef70615c" testName="ManagedCode.Communication.Tests.ControllerTests.MiddlewareTests.ValidationExceptionSginalR" computerName="konstantins-macbook-pro" duration="00:00:00.0645816" startTime="2025-09-19T23:55:51.9984990+02:00" endTime="2025-09-19T23:55:52.0632010+02:00" testType="13cdc9d9-ddb5-4fa4-a97d-d965ccfc6d4b" outcome="Passed" testListId="8c84fa94-04c1-424b-9868-57a2d4851a1d" relativeResultsDirectory="613aa09c-6806-4a7a-82f3-743bbb912c5f" />
    <UnitTestResult executionId="c7b1e993-7947-4674-8dbb-3213b1c5590a" testId="8bd92cbc-b4a1-3cf0-6835-cad5eb18c15d" testName="ManagedCode.Communication.Tests.AspNetCore.Extensions.ControllerExtensionsTests.ToActionResult_WithVariousStatusCodes_ReturnsCorrectStatusCode(statusCode: 422, title: &quot;Unprocessable Entity&quot;)" computerName="konstantins-macbook-pro" duration="00:00:00.0003591" startTime="2025-09-19T23:55:50.9490050+02:00" endTime="2025-09-19T23:55:50.9490770+02:00" testType="13cdc9d9-ddb5-4fa4-a97d-d965ccfc6d4b" outcome="Passed" testListId="8c84fa94-04c1-424b-9868-57a2d4851a1d" relativeResultsDirectory="c7b1e993-7947-4674-8dbb-3213b1c5590a" />
    <UnitTestResult executionId="89560257-99ef-45c9-a803-ac8093dd49ae" testId="9fb27429-2e5b-c1a5-586b-a38199a8345b" testName="ManagedCode.Communication.Tests.AspNetCore.Extensions.ControllerExtensionsTests.ToHttpResult_WithNullValue_HandlesGracefully" computerName="konstantins-macbook-pro" duration="00:00:00.0000660" startTime="2025-09-19T23:55:50.9522700+02:00" endTime="2025-09-19T23:55:50.9522920+02:00" testType="13cdc9d9-ddb5-4fa4-a97d-d965ccfc6d4b" outcome="Passed" testListId="8c84fa94-04c1-424b-9868-57a2d4851a1d" relativeResultsDirectory="89560257-99ef-45c9-a803-ac8093dd49ae" />
    <UnitTestResult executionId="492f10a8-3eb4-48b0-a2f4-962027348ce6" testId="0f2cb4e4-d535-dd21-c366-616f0502fa7b" testName="ManagedCode.Communication.Tests.Extensions.ServiceCollectionExtensionsTests.CommunicationLogger_Caching_WorksCorrectly" computerName="konstantins-macbook-pro" duration="00:00:00.0042246" startTime="2025-09-19T23:55:50.9241650+02:00" endTime="2025-09-19T23:55:50.9269570+02:00" testType="13cdc9d9-ddb5-4fa4-a97d-d965ccfc6d4b" outcome="Passed" testListId="8c84fa94-04c1-424b-9868-57a2d4851a1d" relativeResultsDirectory="492f10a8-3eb4-48b0-a2f4-962027348ce6" />
    <UnitTestResult executionId="37c45f10-f278-49e6-9571-82ce7f53713e" testId="4ba07ff2-86ed-f85e-fabc-04e7d2882c05" testName="ManagedCode.Communication.Tests.Extensions.RailwayExtensionsTests.Map_FailedResult_DoesNotTransform" computerName="konstantins-macbook-pro" duration="00:00:00.0001412" startTime="2025-09-19T23:55:50.8978920+02:00" endTime="2025-09-19T23:55:50.8979170+02:00" testType="13cdc9d9-ddb5-4fa4-a97d-d965ccfc6d4b" outcome="Passed" testListId="8c84fa94-04c1-424b-9868-57a2d4851a1d" relativeResultsDirectory="37c45f10-f278-49e6-9571-82ce7f53713e" />
    <UnitTestResult executionId="baeeea3a-e3dc-41f9-9bb4-383fc09abdf5" testId="44068533-73ca-2e9c-89ae-ee196ec1d842" testName="ManagedCode.Communication.Tests.CollectionResults.CollectionResultFailMethodsTests.FailUnauthorized_NoParameters_ShouldCreateUnauthorizedResult" computerName="konstantins-macbook-pro" duration="00:00:00.0001898" startTime="2025-09-19T23:55:51.0061730+02:00" endTime="2025-09-19T23:55:51.0062030+02:00" testType="13cdc9d9-ddb5-4fa4-a97d-d965ccfc6d4b" outcome="Passed" testListId="8c84fa94-04c1-424b-9868-57a2d4851a1d" relativeResultsDirectory="baeeea3a-e3dc-41f9-9bb4-383fc09abdf5" />
    <UnitTestResult executionId="c4166a11-681c-4db8-8d6c-16523368a5e3" testId="8c3fdcf7-4fc6-4fdc-74eb-b85a360cd133" testName="ManagedCode.Communication.Tests.Results.ResultInvalidMethodsTests.Result_Invalid_WithoutParameters_ShouldCreateValidationResult" computerName="konstantins-macbook-pro" duration="00:00:00.0001998" startTime="2025-09-19T23:55:50.9365600+02:00" endTime="2025-09-19T23:55:50.9366350+02:00" testType="13cdc9d9-ddb5-4fa4-a97d-d965ccfc6d4b" outcome="Passed" testListId="8c84fa94-04c1-424b-9868-57a2d4851a1d" relativeResultsDirectory="c4166a11-681c-4db8-8d6c-16523368a5e3" />
    <UnitTestResult executionId="8858da08-a26f-4e51-9fb1-d1b02879857f" testId="0722ba6b-76b6-1c47-d7d1-0b74ba7f6032" testName="ManagedCode.Communication.Tests.Results.CollectionResultTests.Succeed_WithArray_ShouldCreateSuccessfulResult" computerName="konstantins-macbook-pro" duration="00:00:00.0008323" startTime="2025-09-19T23:55:50.9193930+02:00" endTime="2025-09-19T23:55:50.9199000+02:00" testType="13cdc9d9-ddb5-4fa4-a97d-d965ccfc6d4b" outcome="Passed" testListId="8c84fa94-04c1-424b-9868-57a2d4851a1d" relativeResultsDirectory="8858da08-a26f-4e51-9fb1-d1b02879857f" />
    <UnitTestResult executionId="b050adb3-5eac-42a0-8ec2-103063b68114" testId="d7f431fb-d8db-7127-72a4-c56f83d9c52c" testName="ManagedCode.Communication.Tests.Orleans.Serialization.CommandSerializationTests.CommandT_WithNullPayload_ShouldSerializeCorrectly" computerName="konstantins-macbook-pro" duration="00:00:00.0432635" startTime="2025-09-19T23:55:51.6856810+02:00" endTime="2025-09-19T23:55:51.7286330+02:00" testType="13cdc9d9-ddb5-4fa4-a97d-d965ccfc6d4b" outcome="Passed" testListId="8c84fa94-04c1-424b-9868-57a2d4851a1d" relativeResultsDirectory="b050adb3-5eac-42a0-8ec2-103063b68114" />
    <UnitTestResult executionId="1965621c-544c-47ca-87d9-ae7937c2cebd" testId="fad8656f-3a30-7eb3-0345-621f29855f5d" testName="ManagedCode.Communication.Tests.Results.ResultInvalidMethodsTests.Result_InvalidT_WithEnum_ShouldCreateValidationResultWithErrorCode" computerName="konstantins-macbook-pro" duration="00:00:00.0007240" startTime="2025-09-19T23:55:50.9429630+02:00" endTime="2025-09-19T23:55:50.9430690+02:00" testType="13cdc9d9-ddb5-4fa4-a97d-d965ccfc6d4b" outcome="Passed" testListId="8c84fa94-04c1-424b-9868-57a2d4851a1d" relativeResultsDirectory="1965621c-544c-47ca-87d9-ae7937c2cebd" />
    <UnitTestResult executionId="0db250aa-ecfe-4a4b-94b9-82096f23916e" testId="25b0e57c-5ba9-760a-cf42-a84a18ecc62c" testName="ManagedCode.Communication.Tests.Serialization.ProblemJsonConverterTests.Serialize_ProblemWithErrorCode_IncludesErrorCode" computerName="konstantins-macbook-pro" duration="00:00:00.0008619" startTime="2025-09-19T23:55:50.9064550+02:00" endTime="2025-09-19T23:55:50.9065520+02:00" testType="13cdc9d9-ddb5-4fa4-a97d-d965ccfc6d4b" outcome="Passed" testListId="8c84fa94-04c1-424b-9868-57a2d4851a1d" relativeResultsDirectory="0db250aa-ecfe-4a4b-94b9-82096f23916e" />
    <UnitTestResult executionId="4e7419b7-4fb7-4a5a-8049-c4bd787c7edd" testId="cab07736-a7f9-5cae-27f4-2374346d547f" testName="ManagedCode.Communication.Tests.Results.ResultInvalidMethodsTests.Result_InvalidT_WithEnumAndDictionary_ShouldCreateValidationResultWithAllData" computerName="konstantins-macbook-pro" duration="00:00:00.0008147" startTime="2025-09-19T23:55:50.9277690+02:00" endTime="2025-09-19T23:55:50.9286130+02:00" testType="13cdc9d9-ddb5-4fa4-a97d-d965ccfc6d4b" outcome="Passed" testListId="8c84fa94-04c1-424b-9868-57a2d4851a1d" relativeResultsDirectory="4e7419b7-4fb7-4a5a-8049-c4bd787c7edd" />
    <UnitTestResult executionId="b46dcb9b-a3fa-4a2a-b423-7385aa1d12cc" testId="7e7ded53-cbb8-545f-cbd5-7575b7f60d80" testName="ManagedCode.Communication.Tests.Results.ResultTTests.Match_ShouldExecuteCorrectFunction" computerName="konstantins-macbook-pro" duration="00:00:00.0004160" startTime="2025-09-19T23:55:50.8828680+02:00" endTime="2025-09-19T23:55:50.8829760+02:00" testType="13cdc9d9-ddb5-4fa4-a97d-d965ccfc6d4b" outcome="Passed" testListId="8c84fa94-04c1-424b-9868-57a2d4851a1d" relativeResultsDirectory="b46dcb9b-a3fa-4a2a-b423-7385aa1d12cc" />
    <UnitTestResult executionId="08a5ae85-1aa2-400f-83dc-3d816c9acd31" testId="b2105290-3d86-82f5-7333-a618d72f153d" testName="ManagedCode.Communication.Tests.Extensions.AdvancedRailwayExtensionsTests.Check_WithSuccessAndNoException_ReturnsSuccess" computerName="konstantins-macbook-pro" duration="00:00:00.0003007" startTime="2025-09-19T23:55:50.8915280+02:00" endTime="2025-09-19T23:55:50.8918840+02:00" testType="13cdc9d9-ddb5-4fa4-a97d-d965ccfc6d4b" outcome="Passed" testListId="8c84fa94-04c1-424b-9868-57a2d4851a1d" relativeResultsDirectory="08a5ae85-1aa2-400f-83dc-3d816c9acd31" />
    <UnitTestResult executionId="b7ec16fe-355c-4450-b9c3-33ae548bf24e" testId="ea0a9cb2-9148-301e-e48c-1afead66e2be" testName="ManagedCode.Communication.Tests.Serialization.SerializationTests.Command_ShouldSerializeAndDeserialize" computerName="konstantins-macbook-pro" duration="00:00:00.0105212" startTime="2025-09-19T23:55:50.9907500+02:00" endTime="2025-09-19T23:55:51.0003830+02:00" testType="13cdc9d9-ddb5-4fa4-a97d-d965ccfc6d4b" outcome="Passed" testListId="8c84fa94-04c1-424b-9868-57a2d4851a1d" relativeResultsDirectory="b7ec16fe-355c-4450-b9c3-33ae548bf24e" />
    <UnitTestResult executionId="8e8cd051-e0cc-444b-8790-db89374622a1" testId="3d40653d-19a3-c289-4128-980e5c453274" testName="ManagedCode.Communication.Tests.CollectionResults.CollectionResultFromMethodsTests.From_FuncValueTaskCollectionResult_ShouldReturnResult" computerName="konstantins-macbook-pro" duration="00:00:00.0013075" startTime="2025-09-19T23:55:51.0725350+02:00" endTime="2025-09-19T23:55:51.0738060+02:00" testType="13cdc9d9-ddb5-4fa4-a97d-d965ccfc6d4b" outcome="Passed" testListId="8c84fa94-04c1-424b-9868-57a2d4851a1d" relativeResultsDirectory="8e8cd051-e0cc-444b-8790-db89374622a1" />
    <UnitTestResult executionId="4ccaa50e-4911-40f6-9e00-298128f5c0a8" testId="02c00597-d5c2-61bb-a2d0-217bcd4db920" testName="ManagedCode.Communication.Tests.Commands.MemoryCacheCommandIdempotencyStoreTests.ExecuteBatchIdempotentAsync_ExecutesMultipleOperations" computerName="konstantins-macbook-pro" duration="00:00:00.0328896" startTime="2025-09-19T23:55:50.9054890+02:00" endTime="2025-09-19T23:55:50.9300830+02:00" testType="13cdc9d9-ddb5-4fa4-a97d-d965ccfc6d4b" outcome="Passed" testListId="8c84fa94-04c1-424b-9868-57a2d4851a1d" relativeResultsDirectory="4ccaa50e-4911-40f6-9e00-298128f5c0a8" />
    <UnitTestResult executionId="8fdb04aa-f2aa-4112-bef5-ef5d26d820ac" testId="7e5d92fe-9e3c-cf14-2708-b9c99887e277" testName="ManagedCode.Communication.Tests.Results.ResultInvalidMethodsTests.Result_Invalid_WithEnum_ShouldCreateValidationResultWithErrorCode" computerName="konstantins-macbook-pro" duration="00:00:00.0001778" startTime="2025-09-19T23:55:50.9349390+02:00" endTime="2025-09-19T23:55:50.9349630+02:00" testType="13cdc9d9-ddb5-4fa4-a97d-d965ccfc6d4b" outcome="Passed" testListId="8c84fa94-04c1-424b-9868-57a2d4851a1d" relativeResultsDirectory="8fdb04aa-f2aa-4112-bef5-ef5d26d820ac" />
    <UnitTestResult executionId="e00a7d32-1011-4c42-8d71-84777a0fc9e0" testId="aa49e18c-4197-b3cc-aa70-ef1af862b8be" testName="ManagedCode.Communication.Tests.Results.ProblemTests.Constructor_ShouldInitializeExtensions" computerName="konstantins-macbook-pro" duration="00:00:00.0017248" startTime="2025-09-19T23:55:50.8820600+02:00" endTime="2025-09-19T23:55:50.8823980+02:00" testType="13cdc9d9-ddb5-4fa4-a97d-d965ccfc6d4b" outcome="Passed" testListId="8c84fa94-04c1-424b-9868-57a2d4851a1d" relativeResultsDirectory="e00a7d32-1011-4c42-8d71-84777a0fc9e0" />
    <UnitTestResult executionId="e1bde476-60f9-4b09-af74-e5dc754a9457" testId="f76203f6-f127-113c-5b07-212839a96b73" testName="ManagedCode.Communication.Tests.AspNetCore.Extensions.ServiceCollectionExtensionsTests.Communication_Should_Handle_Valid_Model_Validation" computerName="konstantins-macbook-pro" duration="00:00:00.0019694" startTime="2025-09-19T23:55:51.9794950+02:00" endTime="2025-09-19T23:55:51.9816290+02:00" testType="13cdc9d9-ddb5-4fa4-a97d-d965ccfc6d4b" outcome="Passed" testListId="8c84fa94-04c1-424b-9868-57a2d4851a1d" relativeResultsDirectory="e1bde476-60f9-4b09-af74-e5dc754a9457" />
    <UnitTestResult executionId="b96bbbf4-d96a-4dd0-9952-5f4ea55c8745" testId="bfa6a2fe-1dd5-18fe-deaf-f94c809d7864" testName="ManagedCode.Communication.Tests.Results.ProblemTests.FromException_ShouldCreateProblemFromException" computerName="konstantins-macbook-pro" duration="00:00:00.0010848" startTime="2025-09-19T23:55:50.8848690+02:00" endTime="2025-09-19T23:55:50.8861290+02:00" testType="13cdc9d9-ddb5-4fa4-a97d-d965ccfc6d4b" outcome="Passed" testListId="8c84fa94-04c1-424b-9868-57a2d4851a1d" relativeResultsDirectory="b96bbbf4-d96a-4dd0-9952-5f4ea55c8745" />
    <UnitTestResult executionId="74584305-aa3d-4e58-b3ef-86521fab21d0" testId="d071d2b4-c4a7-1efa-7f89-25ed537b122f" testName="ManagedCode.Communication.Tests.Results.ResultInvalidMethodsTests.Result_InvalidT_WithEnumKeyValue_ShouldCreateValidationResultWithAll" computerName="konstantins-macbook-pro" duration="00:00:00.0006803" startTime="2025-09-19T23:55:50.9309260+02:00" endTime="2025-09-19T23:55:50.9319110+02:00" testType="13cdc9d9-ddb5-4fa4-a97d-d965ccfc6d4b" outcome="Passed" testListId="8c84fa94-04c1-424b-9868-57a2d4851a1d" relativeResultsDirectory="74584305-aa3d-4e58-b3ef-86521fab21d0" />
    <UnitTestResult executionId="f375fead-158e-493b-9569-c3fafc51597a" testId="71c2c6e3-3e9a-c3a1-9360-c0c1796ab5f0" testName="ManagedCode.Communication.Tests.Results.ResultHelperMethodsTests.ResultT_ThrowIfFail_WithFailure_ShouldThrowProblemException" computerName="konstantins-macbook-pro" duration="00:00:00.0018432" startTime="2025-09-19T23:55:50.9685620+02:00" endTime="2025-09-19T23:55:50.9696970+02:00" testType="13cdc9d9-ddb5-4fa4-a97d-d965ccfc6d4b" outcome="Passed" testListId="8c84fa94-04c1-424b-9868-57a2d4851a1d" relativeResultsDirectory="f375fead-158e-493b-9569-c3fafc51597a" />
    <UnitTestResult executionId="4d3b9089-bc4a-40a6-9809-9a66cc402565" testId="d343945e-2d81-5ae1-7083-4fdee04f6eb8" testName="ManagedCode.Communication.Tests.Serialization.SerializationTests.Problem_ShouldSerializeAndDeserialize" computerName="konstantins-macbook-pro" duration="00:00:00.0009537" startTime="2025-09-19T23:55:51.0017360+02:00" endTime="2025-09-19T23:55:51.0028300+02:00" testType="13cdc9d9-ddb5-4fa4-a97d-d965ccfc6d4b" outcome="Passed" testListId="8c84fa94-04c1-424b-9868-57a2d4851a1d" relativeResultsDirectory="4d3b9089-bc4a-40a6-9809-9a66cc402565" />
    <UnitTestResult executionId="4898aa30-abb5-4bc3-9114-5272a3a34bcd" testId="a07351d2-1bc5-ccaf-4731-3787d4a2a4e5" testName="ManagedCode.Communication.Tests.Extensions.ResultConversionExtensionsTests.AsResult_ExceptionCanBeUsedInRailwayChain" computerName="konstantins-macbook-pro" duration="00:00:00.0004093" startTime="2025-09-19T23:55:50.9351140+02:00" endTime="2025-09-19T23:55:50.9352180+02:00" testType="13cdc9d9-ddb5-4fa4-a97d-d965ccfc6d4b" outcome="Passed" testListId="8c84fa94-04c1-424b-9868-57a2d4851a1d" relativeResultsDirectory="4898aa30-abb5-4bc3-9114-5272a3a34bcd" />
    <UnitTestResult executionId="ecf2b7e4-483b-4214-bc67-41da2d87bcd9" testId="9ad9e2f6-715d-ede9-5172-b09d4e9b5fa2" testName="ManagedCode.Communication.Tests.Serialization.SerializationTests.ResultT_WithValue_ShouldSerializeAndDeserialize" computerName="konstantins-macbook-pro" duration="00:00:00.0022889" startTime="2025-09-19T23:55:50.9203690+02:00" endTime="2025-09-19T23:55:50.9236570+02:00" testType="13cdc9d9-ddb5-4fa4-a97d-d965ccfc6d4b" outcome="Passed" testListId="8c84fa94-04c1-424b-9868-57a2d4851a1d" relativeResultsDirectory="ecf2b7e4-483b-4214-bc67-41da2d87bcd9" />
    <UnitTestResult executionId="d7dd47cc-5ec4-4cd3-ac14-1e4ff62b76b7" testId="d0a02f38-518c-0632-7faf-1a71626098e2" testName="ManagedCode.Communication.Tests.Extensions.AdvancedRailwayExtensionsTests.CompensateWith_WithFailure_ReturnsDefaultValue" computerName="konstantins-macbook-pro" duration="00:00:00.0004704" startTime="2025-09-19T23:55:50.9430450+02:00" endTime="2025-09-19T23:55:50.9431480+02:00" testType="13cdc9d9-ddb5-4fa4-a97d-d965ccfc6d4b" outcome="Passed" testListId="8c84fa94-04c1-424b-9868-57a2d4851a1d" relativeResultsDirectory="d7dd47cc-5ec4-4cd3-ac14-1e4ff62b76b7" />
    <UnitTestResult executionId="8efc642d-186a-4d7e-b66c-f2ef1c5aa04f" testId="23ef8027-2a18-f92f-8f60-3a751b96bde2" testName="ManagedCode.Communication.Tests.Results.ResultTTests.From_WithExceptionThrowingFunc_ShouldCreateFailedResult" computerName="konstantins-macbook-pro" duration="00:00:00.0002982" startTime="2025-09-19T23:55:50.8902990+02:00" endTime="2025-09-19T23:55:50.8904440+02:00" testType="13cdc9d9-ddb5-4fa4-a97d-d965ccfc6d4b" outcome="Passed" testListId="8c84fa94-04c1-424b-9868-57a2d4851a1d" relativeResultsDirectory="8efc642d-186a-4d7e-b66c-f2ef1c5aa04f" />
    <UnitTestResult executionId="56cd6bc3-679c-4f3c-b2a1-52003800be0f" testId="e54d77da-6a95-0aa2-239e-14e9fe7b27b9" testName="ManagedCode.Communication.Tests.Results.ResultFailMethodsTests.Result_Fail_WithExceptionAndStatus_ShouldCreateFailedResultWithSpecifiedStatus" computerName="konstantins-macbook-pro" duration="00:00:00.0002296" startTime="2025-09-19T23:55:50.9049740+02:00" endTime="2025-09-19T23:55:50.9049970+02:00" testType="13cdc9d9-ddb5-4fa4-a97d-d965ccfc6d4b" outcome="Passed" testListId="8c84fa94-04c1-424b-9868-57a2d4851a1d" relativeResultsDirectory="56cd6bc3-679c-4f3c-b2a1-52003800be0f" />
    <UnitTestResult executionId="bf96b88c-8d55-434a-b4b9-42ff74905b8c" testId="9d8d30df-7116-4e69-8b1e-8fe0e301647c" testName="ManagedCode.Communication.Tests.Results.ProblemToExceptionErrorTests.ToException_WithArgumentNullException_ShouldReconstructWithMessage" computerName="konstantins-macbook-pro" duration="00:00:00.0002972" startTime="2025-09-19T23:55:50.9575780+02:00" endTime="2025-09-19T23:55:50.9576860+02:00" testType="13cdc9d9-ddb5-4fa4-a97d-d965ccfc6d4b" outcome="Passed" testListId="8c84fa94-04c1-424b-9868-57a2d4851a1d" relativeResultsDirectory="bf96b88c-8d55-434a-b4b9-42ff74905b8c" />
    <UnitTestResult executionId="ac95ea42-dfd4-4e9a-8ce6-83979e9b7666" testId="9b5dfb80-ce41-e436-1e7d-ce9b1aff93d9" testName="ManagedCode.Communication.Tests.Results.ResultStaticHelperMethodsTests.Result_FailForbiddenT_NoParameters_ShouldCreateForbiddenResultT" computerName="konstantins-macbook-pro" duration="00:00:00.0010570" startTime="2025-09-19T23:55:50.9613980+02:00" endTime="2025-09-19T23:55:50.9616600+02:00" testType="13cdc9d9-ddb5-4fa4-a97d-d965ccfc6d4b" outcome="Passed" testListId="8c84fa94-04c1-424b-9868-57a2d4851a1d" relativeResultsDirectory="ac95ea42-dfd4-4e9a-8ce6-83979e9b7666" />
    <UnitTestResult executionId="a80279f1-021f-459e-a34d-6d5f5b5a6c5d" testId="ce3fa9f3-48b0-1831-219b-9a887cfec004" testName="ManagedCode.Communication.Tests.CollectionResults.CollectionResultFromMethodsTests.From_FuncReturningHashSet_ShouldCreateSuccessResult" computerName="konstantins-macbook-pro" duration="00:00:00.0110720" startTime="2025-09-19T23:55:50.8906000+02:00" endTime="2025-09-19T23:55:50.8948660+02:00" testType="13cdc9d9-ddb5-4fa4-a97d-d965ccfc6d4b" outcome="Passed" testListId="8c84fa94-04c1-424b-9868-57a2d4851a1d" relativeResultsDirectory="a80279f1-021f-459e-a34d-6d5f5b5a6c5d" />
    <UnitTestResult executionId="882157f9-bb13-4e3f-be45-52a0906b656c" testId="b080e677-51aa-540a-58e8-a1686bb0bb64" testName="ManagedCode.Communication.Tests.Results.ResultFailMethodsTests.Result_Fail_WithProblem_ShouldCreateFailedResultWithProblem" computerName="konstantins-macbook-pro" duration="00:00:00.0002409" startTime="2025-09-19T23:55:50.9021730+02:00" endTime="2025-09-19T23:55:50.9021950+02:00" testType="13cdc9d9-ddb5-4fa4-a97d-d965ccfc6d4b" outcome="Passed" testListId="8c84fa94-04c1-424b-9868-57a2d4851a1d" relativeResultsDirectory="882157f9-bb13-4e3f-be45-52a0906b656c" />
    <UnitTestResult executionId="b727a8db-20cd-4f5d-b9db-0a1922987ffa" testId="199589cd-8acd-d74a-9888-9b069b3c3800" testName="ManagedCode.Communication.Tests.AspNetCore.Helpers.HttpStatusCodeHelperTests.GetStatusCodeForException_AspNetSpecificExceptions_ReturnsCorrectStatusCode(exceptionType: typeof(Microsoft.AspNetCore.Connections.ConnectionAbortedException), expectedStatusCode: BadRequest)" computerName="konstantins-macbook-pro" duration="00:00:00.0000141" startTime="2025-09-19T23:55:50.9890860+02:00" endTime="2025-09-19T23:55:50.9891060+02:00" testType="13cdc9d9-ddb5-4fa4-a97d-d965ccfc6d4b" outcome="Passed" testListId="8c84fa94-04c1-424b-9868-57a2d4851a1d" relativeResultsDirectory="b727a8db-20cd-4f5d-b9db-0a1922987ffa" />
    <UnitTestResult executionId="c4027fe7-65fd-42dc-bfab-18942d3e8db0" testId="b33a03a8-55ac-77be-ca97-0bc786c289fc" testName="ManagedCode.Communication.Tests.Results.CollectionResultTests.Fail_WithProblem_ShouldCreateFailedResult" computerName="konstantins-macbook-pro" duration="00:00:00.0002256" startTime="2025-09-19T23:55:50.9163220+02:00" endTime="2025-09-19T23:55:50.9170600+02:00" testType="13cdc9d9-ddb5-4fa4-a97d-d965ccfc6d4b" outcome="Passed" testListId="8c84fa94-04c1-424b-9868-57a2d4851a1d" relativeResultsDirectory="c4027fe7-65fd-42dc-bfab-18942d3e8db0" />
    <UnitTestResult executionId="5cae35e0-1cbf-484e-9e7f-be763ca0aeea" testId="0c081f03-f141-0619-9968-29fcf1784e6e" testName="ManagedCode.Communication.Tests.Extensions.RailwayExtensionsTests.BindAsync_FailedResult_DoesNotExecuteNext" computerName="konstantins-macbook-pro" duration="00:00:00.0011555" startTime="2025-09-19T23:55:50.8938270+02:00" endTime="2025-09-19T23:55:50.8943320+02:00" testType="13cdc9d9-ddb5-4fa4-a97d-d965ccfc6d4b" outcome="Passed" testListId="8c84fa94-04c1-424b-9868-57a2d4851a1d" relativeResultsDirectory="5cae35e0-1cbf-484e-9e7f-be763ca0aeea" />
    <UnitTestResult executionId="3eeef81f-b9cc-4f6e-857a-a57ade96f841" testId="10cd1f41-76ea-32a5-7fd7-44bf58e85a64" testName="ManagedCode.Communication.Tests.ProblemTests.ProblemCreateMethodsTests.Problem_GetValidationErrors_WithInvalidType_ShouldReturnNull" computerName="konstantins-macbook-pro" duration="00:00:00.0000647" startTime="2025-09-19T23:55:50.9706020+02:00" endTime="2025-09-19T23:55:50.9706250+02:00" testType="13cdc9d9-ddb5-4fa4-a97d-d965ccfc6d4b" outcome="Passed" testListId="8c84fa94-04c1-424b-9868-57a2d4851a1d" relativeResultsDirectory="3eeef81f-b9cc-4f6e-857a-a57ade96f841" />
    <UnitTestResult executionId="c7347b58-bbf5-474e-81a6-7014a1e28018" testId="d49dd8a1-17d1-d140-9564-06903127a2e4" testName="ManagedCode.Communication.Tests.Extensions.AdvancedRailwayExtensionsTests.Merge_WithOneFailure_ReturnsFirstFailure" computerName="konstantins-macbook-pro" duration="00:00:00.0001070" startTime="2025-09-19T23:55:50.9510420+02:00" endTime="2025-09-19T23:55:50.9510660+02:00" testType="13cdc9d9-ddb5-4fa4-a97d-d965ccfc6d4b" outcome="Passed" testListId="8c84fa94-04c1-424b-9868-57a2d4851a1d" relativeResultsDirectory="c7347b58-bbf5-474e-81a6-7014a1e28018" />
    <UnitTestResult executionId="b6a8ec81-2773-4783-8a6f-e0198c5e155e" testId="bbf811fc-91c4-d67b-1ccb-4aee9c90b997" testName="ManagedCode.Communication.Tests.Results.ResultInvalidMethodsTests.Result_InvalidT_WithMessage_ShouldCreateValidationResultWithMessage" computerName="konstantins-macbook-pro" duration="00:00:00.0005521" startTime="2025-09-19T23:55:50.9320820+02:00" endTime="2025-09-19T23:55:50.9324820+02:00" testType="13cdc9d9-ddb5-4fa4-a97d-d965ccfc6d4b" outcome="Passed" testListId="8c84fa94-04c1-424b-9868-57a2d4851a1d" relativeResultsDirectory="b6a8ec81-2773-4783-8a6f-e0198c5e155e" />
    <UnitTestResult executionId="0951a488-fcc0-4a19-be5f-fab2f54bad84" testId="4c5efd82-b666-5ad5-6065-602cf6a7d241" testName="ManagedCode.Communication.Tests.Results.ResultTFailMethodsTests.ResultT_Fail_ChainedOperations_ShouldMaintainFailureState" computerName="konstantins-macbook-pro" duration="00:00:00.0007794" startTime="2025-09-19T23:55:50.8733200+02:00" endTime="2025-09-19T23:55:50.8736800+02:00" testType="13cdc9d9-ddb5-4fa4-a97d-d965ccfc6d4b" outcome="Passed" testListId="8c84fa94-04c1-424b-9868-57a2d4851a1d" relativeResultsDirectory="0951a488-fcc0-4a19-be5f-fab2f54bad84" />
    <UnitTestResult executionId="c2f973d5-e94c-483e-8648-210db275f6b4" testId="ccd5cfd0-32c3-c2b9-53ed-9209b5a556a0" testName="ManagedCode.Communication.Tests.Extensions.HttpResponseExtensionTests.FromRequestToResult_VariousErrorCodes_ReturnsFailedResult(statusCode: NotFound)" computerName="konstantins-macbook-pro" duration="00:00:00.0000066" startTime="2025-09-19T23:55:50.9058950+02:00" endTime="2025-09-19T23:55:50.9059230+02:00" testType="13cdc9d9-ddb5-4fa4-a97d-d965ccfc6d4b" outcome="Passed" testListId="8c84fa94-04c1-424b-9868-57a2d4851a1d" relativeResultsDirectory="c2f973d5-e94c-483e-8648-210db275f6b4" />
    <UnitTestResult executionId="7a9a72b2-cbbb-44a4-bc6b-199f6b856f05" testId="3bc1d4f1-f3cc-ed17-9443-3eb25acde6f0" testName="ManagedCode.Communication.Tests.Extensions.AdvancedRailwayExtensionsTests.ThenAsync_WithSuccessfulResult_ExecutesNext" computerName="konstantins-macbook-pro" duration="00:00:00.0031741" startTime="2025-09-19T23:55:50.9432030+02:00" endTime="2025-09-19T23:55:50.9465540+02:00" testType="13cdc9d9-ddb5-4fa4-a97d-d965ccfc6d4b" outcome="Passed" testListId="8c84fa94-04c1-424b-9868-57a2d4851a1d" relativeResultsDirectory="7a9a72b2-cbbb-44a4-bc6b-199f6b856f05" />
    <UnitTestResult executionId="867d7731-562a-4afa-9be0-572992d76bf4" testId="a9d44699-d2e2-8f94-e099-ceb0e0e2f5b7" testName="ManagedCode.Communication.Tests.Results.RailwayOrientedProgrammingTests.Tap_ShouldExecuteSideEffectWithoutChangingResult" computerName="konstantins-macbook-pro" duration="00:00:00.0001789" startTime="2025-09-19T23:55:50.8756190+02:00" endTime="2025-09-19T23:55:50.8757390+02:00" testType="13cdc9d9-ddb5-4fa4-a97d-d965ccfc6d4b" outcome="Passed" testListId="8c84fa94-04c1-424b-9868-57a2d4851a1d" relativeResultsDirectory="867d7731-562a-4afa-9be0-572992d76bf4" />
    <UnitTestResult executionId="f099840e-8f6c-4b67-a510-73f08cd3428a" testId="86187f3d-b602-5f85-7bbd-67f366b856b9" testName="ManagedCode.Communication.Tests.Results.ResultOperatorsTests.Result_From_WithSuccessfulFunc_ShouldReturnSuccessResult" computerName="konstantins-macbook-pro" duration="00:00:00.0004012" startTime="2025-09-19T23:55:50.8926820+02:00" endTime="2025-09-19T23:55:50.8930090+02:00" testType="13cdc9d9-ddb5-4fa4-a97d-d965ccfc6d4b" outcome="Passed" testListId="8c84fa94-04c1-424b-9868-57a2d4851a1d" relativeResultsDirectory="f099840e-8f6c-4b67-a510-73f08cd3428a" />
    <UnitTestResult executionId="9d02b7be-937d-4f78-a549-8c68b0b71f0c" testId="fa3755de-e4bd-fecd-de44-2cb43605a4a6" testName="ManagedCode.Communication.Tests.Results.ResultOperatorsTests.ResultT_ImplicitOperator_FromValue_ShouldCreateSuccessResult" computerName="konstantins-macbook-pro" duration="00:00:00.0001072" startTime="2025-09-19T23:55:50.8764930+02:00" endTime="2025-09-19T23:55:50.8765170+02:00" testType="13cdc9d9-ddb5-4fa4-a97d-d965ccfc6d4b" outcome="Passed" testListId="8c84fa94-04c1-424b-9868-57a2d4851a1d" relativeResultsDirectory="9d02b7be-937d-4f78-a549-8c68b0b71f0c" />
    <UnitTestResult executionId="1939161c-686f-48e8-9fda-5bef64dabdf8" testId="df342db9-d835-84be-dabd-9832a44dda8d" testName="ManagedCode.Communication.Tests.Results.ProblemTests.GetErrorCodeAs_WithNoErrorCode_ShouldReturnNull" computerName="konstantins-macbook-pro" duration="00:00:00.0002638" startTime="2025-09-19T23:55:50.8905510+02:00" endTime="2025-09-19T23:55:50.8906660+02:00" testType="13cdc9d9-ddb5-4fa4-a97d-d965ccfc6d4b" outcome="Passed" testListId="8c84fa94-04c1-424b-9868-57a2d4851a1d" relativeResultsDirectory="1939161c-686f-48e8-9fda-5bef64dabdf8" />
    <UnitTestResult executionId="9a74a9a8-92c1-4fb6-8d98-d137bd916b12" testId="c214f264-6d82-7290-5fa6-35b6158af292" testName="ManagedCode.Communication.Tests.Extensions.ProblemExtensionsTests.ToProblemDetails_ShouldConvertProblemToProblemDetails" computerName="konstantins-macbook-pro" duration="00:00:00.0028823" startTime="2025-09-19T23:55:50.8754390+02:00" endTime="2025-09-19T23:55:50.8766890+02:00" testType="13cdc9d9-ddb5-4fa4-a97d-d965ccfc6d4b" outcome="Passed" testListId="8c84fa94-04c1-424b-9868-57a2d4851a1d" relativeResultsDirectory="9a74a9a8-92c1-4fb6-8d98-d137bd916b12" />
    <UnitTestResult executionId="008fc8b9-484c-4dcc-a30b-cbcf8700cc79" testId="353ee2b3-8223-ee2f-da86-858af32e4ee1" testName="ManagedCode.Communication.Tests.AspNetCore.Extensions.ServiceCollectionExtensionsTests.Communication_Should_Reject_Invalid_Model" computerName="konstantins-macbook-pro" duration="00:00:00.0231257" startTime="2025-09-19T23:55:51.9454410+02:00" endTime="2025-09-19T23:55:51.9682990+02:00" testType="13cdc9d9-ddb5-4fa4-a97d-d965ccfc6d4b" outcome="Passed" testListId="8c84fa94-04c1-424b-9868-57a2d4851a1d" relativeResultsDirectory="008fc8b9-484c-4dcc-a30b-cbcf8700cc79" />
    <UnitTestResult executionId="6ba89367-3d51-464b-b74e-86efa7b3adf5" testId="5f4a1235-e961-3153-b47b-89c12ab81383" testName="ManagedCode.Communication.Tests.Extensions.HttpResponseExtensionTests.FromRequestToResult_CreatedStatusCode_ReturnsSuccessResult" computerName="konstantins-macbook-pro" duration="00:00:00.0002138" startTime="2025-09-19T23:55:50.9251110+02:00" endTime="2025-09-19T23:55:50.9252530+02:00" testType="13cdc9d9-ddb5-4fa4-a97d-d965ccfc6d4b" outcome="Passed" testListId="8c84fa94-04c1-424b-9868-57a2d4851a1d" relativeResultsDirectory="6ba89367-3d51-464b-b74e-86efa7b3adf5" />
    <UnitTestResult executionId="7173e5ec-a7e9-4851-929e-298e797069a6" testId="8e83e5d2-ca14-e987-68f7-ba664862f8f4" testName="ManagedCode.Communication.Tests.Extensions.ResultConversionExtensionsTests.AsResult_WithException_CreatesFailedResultWithProblem" computerName="konstantins-macbook-pro" duration="00:00:00.0003345" startTime="2025-09-19T23:55:50.9415010+02:00" endTime="2025-09-19T23:55:50.9415480+02:00" testType="13cdc9d9-ddb5-4fa4-a97d-d965ccfc6d4b" outcome="Passed" testListId="8c84fa94-04c1-424b-9868-57a2d4851a1d" relativeResultsDirectory="7173e5ec-a7e9-4851-929e-298e797069a6" />
    <UnitTestResult executionId="d11e3cb0-de62-4d31-84de-95fba9890fed" testId="c958d145-1335-3f69-818e-4d1059fbb724" testName="ManagedCode.Communication.Tests.Results.CollectionResultTests.ThrowIfFail_WithProblemException_ShouldPreserveProblemDetails" computerName="konstantins-macbook-pro" duration="00:00:00.0004065" startTime="2025-09-19T23:55:50.9222630+02:00" endTime="2025-09-19T23:55:50.9233510+02:00" testType="13cdc9d9-ddb5-4fa4-a97d-d965ccfc6d4b" outcome="Passed" testListId="8c84fa94-04c1-424b-9868-57a2d4851a1d" relativeResultsDirectory="d11e3cb0-de62-4d31-84de-95fba9890fed" />
    <UnitTestResult executionId="0c2038e0-5553-4d97-a484-bb39ceddece1" testId="741c037d-bb74-63dd-9e38-d80561e143db" testName="ManagedCode.Communication.Tests.Extensions.RailwayExtensionsTests.Ensure_FailedResult_RemainsFailedWithOriginalProblem" computerName="konstantins-macbook-pro" duration="00:00:00.0001095" startTime="2025-09-19T23:55:50.8969540+02:00" endTime="2025-09-19T23:55:50.8969790+02:00" testType="13cdc9d9-ddb5-4fa4-a97d-d965ccfc6d4b" outcome="Passed" testListId="8c84fa94-04c1-424b-9868-57a2d4851a1d" relativeResultsDirectory="0c2038e0-5553-4d97-a484-bb39ceddece1" />
    <UnitTestResult executionId="b7784511-665c-4bb3-97cd-9eed3c03b2b5" testId="5c8cc938-335e-a98a-d80a-ce2a4192fa26" testName="ManagedCode.Communication.Tests.Orleans.Serialization.CommandSerializationTests.CommandT_WithComplexPayload_ShouldSerializeCorrectly" computerName="konstantins-macbook-pro" duration="00:00:00.0504968" startTime="2025-09-19T23:55:51.7463740+02:00" endTime="2025-09-19T23:55:51.7970150+02:00" testType="13cdc9d9-ddb5-4fa4-a97d-d965ccfc6d4b" outcome="Passed" testListId="8c84fa94-04c1-424b-9868-57a2d4851a1d" relativeResultsDirectory="b7784511-665c-4bb3-97cd-9eed3c03b2b5" />
    <UnitTestResult executionId="f5c58c73-68de-4569-85c6-6b03b7b7f03a" testId="4b8b8707-1465-df20-286b-3f7c61a84edd" testName="ManagedCode.Communication.Tests.Extensions.ProblemExtensionsTests.FromProblemDetails_ShouldConvertProblemDetailsToProblem" computerName="konstantins-macbook-pro" duration="00:00:00.0004275" startTime="2025-09-19T23:55:50.8772710+02:00" endTime="2025-09-19T23:55:50.8775620+02:00" testType="13cdc9d9-ddb5-4fa4-a97d-d965ccfc6d4b" outcome="Passed" testListId="8c84fa94-04c1-424b-9868-57a2d4851a1d" relativeResultsDirectory="f5c58c73-68de-4569-85c6-6b03b7b7f03a" />
    <UnitTestResult executionId="d96e5948-8273-4b0b-bac5-8d929bc5b4e6" testId="aad140b3-4196-9d5b-27c9-77ac877f082f" testName="ManagedCode.Communication.Tests.Results.ResultTests.From_WithException_ShouldCreateFailedResult" computerName="konstantins-macbook-pro" duration="00:00:00.0007098" startTime="2025-09-19T23:55:50.8732100+02:00" endTime="2025-09-19T23:55:50.8735810+02:00" testType="13cdc9d9-ddb5-4fa4-a97d-d965ccfc6d4b" outcome="Passed" testListId="8c84fa94-04c1-424b-9868-57a2d4851a1d" relativeResultsDirectory="d96e5948-8273-4b0b-bac5-8d929bc5b4e6" />
    <UnitTestResult executionId="78c038d1-5e90-499c-84b1-91f4148767b6" testId="b105cb98-11fd-dbe0-9cb5-6ee18e7fdb31" testName="ManagedCode.Communication.Tests.Results.ResultFailMethodsTests.Result_Fail_WithVariousStatusCodes_ShouldSetCorrectStatusCode(statusCode: BadRequest, expectedCode: 400)" computerName="konstantins-macbook-pro" duration="00:00:00.0000961" startTime="2025-09-19T23:55:50.9023160+02:00" endTime="2025-09-19T23:55:50.9023380+02:00" testType="13cdc9d9-ddb5-4fa4-a97d-d965ccfc6d4b" outcome="Passed" testListId="8c84fa94-04c1-424b-9868-57a2d4851a1d" relativeResultsDirectory="78c038d1-5e90-499c-84b1-91f4148767b6" />
    <UnitTestResult executionId="712ee64c-990c-43ce-b3c2-c544809787e4" testId="77aaea21-e151-49fb-b25c-62821a330697" testName="ManagedCode.Communication.Tests.Orleans.OrleansSerializationTests.ErrorHandling_ValidationErrors_ShouldSerializeCorrectly" computerName="konstantins-macbook-pro" duration="00:00:00.0078614" startTime="2025-09-19T23:55:51.7309430+02:00" endTime="2025-09-19T23:55:51.7394760+02:00" testType="13cdc9d9-ddb5-4fa4-a97d-d965ccfc6d4b" outcome="Passed" testListId="8c84fa94-04c1-424b-9868-57a2d4851a1d" relativeResultsDirectory="712ee64c-990c-43ce-b3c2-c544809787e4" />
    <UnitTestResult executionId="7c805182-4628-4c2c-be88-76fee0e1930c" testId="dce3fcdf-7249-6248-dfe7-0e19495e103e" testName="ManagedCode.Communication.Tests.Results.ProblemExceptionTests.Constructor_WithTitleOnly_ShouldUseDefaultStatusCodeAndDuplicateDetail" computerName="konstantins-macbook-pro" duration="00:00:00.0001206" startTime="2025-09-19T23:55:50.9538670+02:00" endTime="2025-09-19T23:55:50.9538930+02:00" testType="13cdc9d9-ddb5-4fa4-a97d-d965ccfc6d4b" outcome="Passed" testListId="8c84fa94-04c1-424b-9868-57a2d4851a1d" relativeResultsDirectory="7c805182-4628-4c2c-be88-76fee0e1930c" />
    <UnitTestResult executionId="8cd691a4-8222-42e4-ba0a-ed4382ee06a6" testId="9d26e53f-b338-80dd-562a-e1e68c02f67a" testName="ManagedCode.Communication.Tests.Orleans.Serialization.ResultSerializationTests.Result_WithValidationProblem_ShouldSerializeCorrectly" computerName="konstantins-macbook-pro" duration="00:00:00.0085804" startTime="2025-09-19T23:55:51.7304750+02:00" endTime="2025-09-19T23:55:51.7400300+02:00" testType="13cdc9d9-ddb5-4fa4-a97d-d965ccfc6d4b" outcome="Passed" testListId="8c84fa94-04c1-424b-9868-57a2d4851a1d" relativeResultsDirectory="8cd691a4-8222-42e4-ba0a-ed4382ee06a6" />
    <UnitTestResult executionId="d715ae8d-c96d-47c9-bbcc-d1c52cdac4d7" testId="b6091ae6-e1ab-9599-acb3-418abc778fef" testName="ManagedCode.Communication.Tests.Results.RailwayOrientedProgrammingTests.Tap_WithFailure_ShouldNotExecuteSideEffect" computerName="konstantins-macbook-pro" duration="00:00:00.0069564" startTime="2025-09-19T23:55:50.8329650+02:00" endTime="2025-09-19T23:55:50.8429650+02:00" testType="13cdc9d9-ddb5-4fa4-a97d-d965ccfc6d4b" outcome="Passed" testListId="8c84fa94-04c1-424b-9868-57a2d4851a1d" relativeResultsDirectory="d715ae8d-c96d-47c9-bbcc-d1c52cdac4d7" />
    <UnitTestResult executionId="c9010bc6-07e8-4e4d-b421-5eb057acb97b" testId="f0e672db-0cd5-af9b-9ddf-e55604adbaef" testName="ManagedCode.Communication.Tests.Results.CollectionResultInvalidMethodsTests.CollectionResult_Invalid_WithEmptyDictionary_ShouldCreateValidationResultWithNoErrors" computerName="konstantins-macbook-pro" duration="00:00:00.0006799" startTime="2025-09-19T23:55:50.8920200+02:00" endTime="2025-09-19T23:55:50.8927050+02:00" testType="13cdc9d9-ddb5-4fa4-a97d-d965ccfc6d4b" outcome="Passed" testListId="8c84fa94-04c1-424b-9868-57a2d4851a1d" relativeResultsDirectory="c9010bc6-07e8-4e4d-b421-5eb057acb97b" />
    <UnitTestResult executionId="55a93760-5044-4a8f-98db-4deb191425c9" testId="94cb383a-2d02-5e8f-afee-a16f5b980b05" testName="ManagedCode.Communication.Tests.CollectionResults.CollectionResultFailMethodsTests.Fail_WithEnumDetailAndStatus_ShouldCreateFailedResultWithAllSpecified" computerName="konstantins-macbook-pro" duration="00:00:00.0005538" startTime="2025-09-19T23:55:50.9971980+02:00" endTime="2025-09-19T23:55:50.9973570+02:00" testType="13cdc9d9-ddb5-4fa4-a97d-d965ccfc6d4b" outcome="Passed" testListId="8c84fa94-04c1-424b-9868-57a2d4851a1d" relativeResultsDirectory="55a93760-5044-4a8f-98db-4deb191425c9" />
    <UnitTestResult executionId="c624ef17-3e9e-459d-b403-7368c86278e4" testId="aaf3638f-1207-9f2b-6354-805a113323d4" testName="ManagedCode.Communication.Tests.OrleansTests.GrainClientTests.IntResultError" computerName="konstantins-macbook-pro" duration="00:00:00.0015936" startTime="2025-09-19T23:55:52.1023070+02:00" endTime="2025-09-19T23:55:52.1039750+02:00" testType="13cdc9d9-ddb5-4fa4-a97d-d965ccfc6d4b" outcome="Passed" testListId="8c84fa94-04c1-424b-9868-57a2d4851a1d" relativeResultsDirectory="c624ef17-3e9e-459d-b403-7368c86278e4" />
    <UnitTestResult executionId="bcc3674f-864b-4010-a4af-5ffb5c3efa52" testId="f2fedf4e-1784-514f-f108-e8785c00ded4" testName="ManagedCode.Communication.Tests.Extensions.ProblemExtensionsTests.AsProblem_ShouldConvertProblemDetailsToProblem" computerName="konstantins-macbook-pro" duration="00:00:00.0002110" startTime="2025-09-19T23:55:50.8769130+02:00" endTime="2025-09-19T23:55:50.8769350+02:00" testType="13cdc9d9-ddb5-4fa4-a97d-d965ccfc6d4b" outcome="Passed" testListId="8c84fa94-04c1-424b-9868-57a2d4851a1d" relativeResultsDirectory="bcc3674f-864b-4010-a4af-5ffb5c3efa52" />
    <UnitTestResult executionId="68285493-44fc-4e0d-98ef-7317c43c5738" testId="a93a1323-b9ff-8712-08d2-3c1f4cc58bb3" testName="ManagedCode.Communication.Tests.ResultExtensionsTests.Finally_ShouldAlwaysExecute" computerName="konstantins-macbook-pro" duration="00:00:00.0002544" startTime="2025-09-19T23:55:50.9873450+02:00" endTime="2025-09-19T23:55:50.9876840+02:00" testType="13cdc9d9-ddb5-4fa4-a97d-d965ccfc6d4b" outcome="Passed" testListId="8c84fa94-04c1-424b-9868-57a2d4851a1d" relativeResultsDirectory="68285493-44fc-4e0d-98ef-7317c43c5738" />
    <UnitTestResult executionId="0da5d2a5-69cf-4e9a-a41c-2aa5b7408bc6" testId="61d001b5-5efe-ed15-672d-6cba81d74c34" testName="ManagedCode.Communication.Tests.Results.ProblemCreationExtensionsTests.ToProblem_FromEnum_WithDefaultParameters_ShouldCreateProblem" computerName="konstantins-macbook-pro" duration="00:00:00.0003223" startTime="2025-09-19T23:55:50.8929870+02:00" endTime="2025-09-19T23:55:50.8934050+02:00" testType="13cdc9d9-ddb5-4fa4-a97d-d965ccfc6d4b" outcome="Passed" testListId="8c84fa94-04c1-424b-9868-57a2d4851a1d" relativeResultsDirectory="0da5d2a5-69cf-4e9a-a41c-2aa5b7408bc6" />
    <UnitTestResult executionId="7065c1b9-ab7c-4f0d-aeed-906e97ab3f48" testId="2ef4b8d6-5cce-708a-31e5-cb9e269c0acc" testName="ManagedCode.Communication.Tests.Results.ProblemToExceptionTests.ToException_FromProblemCreatedFromArgumentException_ShouldReconstructOriginalExceptionType" computerName="konstantins-macbook-pro" duration="00:00:00.0001156" startTime="2025-09-19T23:55:50.8981470+02:00" endTime="2025-09-19T23:55:50.8981700+02:00" testType="13cdc9d9-ddb5-4fa4-a97d-d965ccfc6d4b" outcome="Passed" testListId="8c84fa94-04c1-424b-9868-57a2d4851a1d" relativeResultsDirectory="7065c1b9-ab7c-4f0d-aeed-906e97ab3f48" />
    <UnitTestResult executionId="a1257f2d-e3d9-4ccd-9002-7f7247399d2f" testId="d60e2fbc-d537-5dc4-b314-edebe3b20a8b" testName="ManagedCode.Communication.Tests.Results.ProblemToExceptionErrorTests.ToException_WithCustomExceptionWithoutDefaultConstructor_ShouldFallbackToProblemException" computerName="konstantins-macbook-pro" duration="00:00:00.0009886" startTime="2025-09-19T23:55:50.9602440+02:00" endTime="2025-09-19T23:55:50.9603150+02:00" testType="13cdc9d9-ddb5-4fa4-a97d-d965ccfc6d4b" outcome="Passed" testListId="8c84fa94-04c1-424b-9868-57a2d4851a1d" relativeResultsDirectory="a1257f2d-e3d9-4ccd-9002-7f7247399d2f" />
    <UnitTestResult executionId="757e41be-85d1-45f2-b0d9-dd11fe8c0d25" testId="8cdb7f81-87b1-9f11-bc65-382e5a57ef43" testName="ManagedCode.Communication.Tests.Results.RailwayOrientedProgrammingTests.ResultTry_WithFailingAction_ShouldReturnFailure" computerName="konstantins-macbook-pro" duration="00:00:00.0006981" startTime="2025-09-19T23:55:50.8731980+02:00" endTime="2025-09-19T23:55:50.8733910+02:00" testType="13cdc9d9-ddb5-4fa4-a97d-d965ccfc6d4b" outcome="Passed" testListId="8c84fa94-04c1-424b-9868-57a2d4851a1d" relativeResultsDirectory="757e41be-85d1-45f2-b0d9-dd11fe8c0d25" />
    <UnitTestResult executionId="dab3a8b0-3d65-495c-ba38-eaaa42531d72" testId="6583a529-9a0d-8ac6-f31e-1a2e00b4ca32" testName="ManagedCode.Communication.Tests.Orleans.Serialization.ResultSerializationTests.Result_Success_ShouldSerializeCorrectly" computerName="konstantins-macbook-pro" duration="00:00:00.0019206" startTime="2025-09-19T23:55:51.8050300+02:00" endTime="2025-09-19T23:55:51.8071280+02:00" testType="13cdc9d9-ddb5-4fa4-a97d-d965ccfc6d4b" outcome="Passed" testListId="8c84fa94-04c1-424b-9868-57a2d4851a1d" relativeResultsDirectory="dab3a8b0-3d65-495c-ba38-eaaa42531d72" />
    <UnitTestResult executionId="508c4d92-babc-4884-9ddd-294df8d33f86" testId="05e9a149-1ec4-5816-e59a-5ac25d0a3fd4" testName="ManagedCode.Communication.Tests.ControllerTests.MiddlewareTests.UnauthorizedAccess" computerName="konstantins-macbook-pro" duration="00:00:00.0022786" startTime="2025-09-19T23:55:52.0785000+02:00" endTime="2025-09-19T23:55:52.0808150+02:00" testType="13cdc9d9-ddb5-4fa4-a97d-d965ccfc6d4b" outcome="Passed" testListId="8c84fa94-04c1-424b-9868-57a2d4851a1d" relativeResultsDirectory="508c4d92-babc-4884-9ddd-294df8d33f86" />
    <UnitTestResult executionId="79acf13a-5754-4c24-b275-34e7f263d9ea" testId="2c800d9a-9994-7d52-e9ef-f570f34487f0" testName="ManagedCode.Communication.Tests.CollectionResults.CollectionResultFromMethodsTests.From_FuncTaskWithCancellationToken_ShouldCreateSuccessResult" computerName="konstantins-macbook-pro" duration="00:00:00.0119503" startTime="2025-09-19T23:55:51.2281070+02:00" endTime="2025-09-19T23:55:51.2402040+02:00" testType="13cdc9d9-ddb5-4fa4-a97d-d965ccfc6d4b" outcome="Passed" testListId="8c84fa94-04c1-424b-9868-57a2d4851a1d" relativeResultsDirectory="79acf13a-5754-4c24-b275-34e7f263d9ea" />
    <UnitTestResult executionId="bfbb626a-7d38-4bcb-8041-865e63b21bd2" testId="10731ee9-0f6c-2f00-a7f4-089825b67c70" testName="ManagedCode.Communication.Tests.Results.CollectionResultInvalidMethodsTests.CollectionResult_Invalid_WithNullValues_ShouldHandleGracefully" computerName="konstantins-macbook-pro" duration="00:00:00.0062209" startTime="2025-09-19T23:55:50.9005240+02:00" endTime="2025-09-19T23:55:50.9040180+02:00" testType="13cdc9d9-ddb5-4fa4-a97d-d965ccfc6d4b" outcome="Passed" testListId="8c84fa94-04c1-424b-9868-57a2d4851a1d" relativeResultsDirectory="bfbb626a-7d38-4bcb-8041-865e63b21bd2" />
    <UnitTestResult executionId="21f36f1e-7e20-490c-be0f-b061881eb8f7" testId="5e6eaeac-789b-c31a-2d06-a6b7c6009b63" testName="ManagedCode.Communication.Tests.Extensions.AdvancedRailwayExtensionsTests.Where_WithMatchingPredicate_ReturnsSuccess" computerName="konstantins-macbook-pro" duration="00:00:00.0001304" startTime="2025-09-19T23:55:50.9033060+02:00" endTime="2025-09-19T23:55:50.9033300+02:00" testType="13cdc9d9-ddb5-4fa4-a97d-d965ccfc6d4b" outcome="Passed" testListId="8c84fa94-04c1-424b-9868-57a2d4851a1d" relativeResultsDirectory="21f36f1e-7e20-490c-be0f-b061881eb8f7" />
    <UnitTestResult executionId="b8f5669a-1d3c-4c46-91e8-b90b42b156e5" testId="34988729-7075-661c-e9b3-1244d66c21c5" testName="ManagedCode.Communication.Tests.ResultExtensionsTests.Map_WithSuccessResult_ShouldTransformValue" computerName="konstantins-macbook-pro" duration="00:00:00.0001167" startTime="2025-09-19T23:55:50.9973360+02:00" endTime="2025-09-19T23:55:50.9976880+02:00" testType="13cdc9d9-ddb5-4fa4-a97d-d965ccfc6d4b" outcome="Passed" testListId="8c84fa94-04c1-424b-9868-57a2d4851a1d" relativeResultsDirectory="b8f5669a-1d3c-4c46-91e8-b90b42b156e5" />
    <UnitTestResult executionId="31c88928-adff-460f-b424-cf5f3f3bd645" testId="d630ef1a-2910-8a07-c058-c24f7291ec13" testName="ManagedCode.Communication.Tests.Results.ResultInvalidMethodsTests.ResultT_Invalid_WithDictionary_ShouldCreateValidationResultWithMultipleFields" computerName="konstantins-macbook-pro" duration="00:00:00.0007275" startTime="2025-09-19T23:55:50.9267110+02:00" endTime="2025-09-19T23:55:50.9268720+02:00" testType="13cdc9d9-ddb5-4fa4-a97d-d965ccfc6d4b" outcome="Passed" testListId="8c84fa94-04c1-424b-9868-57a2d4851a1d" relativeResultsDirectory="31c88928-adff-460f-b424-cf5f3f3bd645" />
    <UnitTestResult executionId="be5674a9-9fa6-4f65-9a5f-06a8c4657c90" testId="89f1e695-1be3-dd88-4f12-d20091883b21" testName="ManagedCode.Communication.Tests.Results.ProblemTests.Constructor_WithParameters_ShouldSetProperties" computerName="konstantins-macbook-pro" duration="00:00:00.0003279" startTime="2025-09-19T23:55:50.8813340+02:00" endTime="2025-09-19T23:55:50.8814480+02:00" testType="13cdc9d9-ddb5-4fa4-a97d-d965ccfc6d4b" outcome="Passed" testListId="8c84fa94-04c1-424b-9868-57a2d4851a1d" relativeResultsDirectory="be5674a9-9fa6-4f65-9a5f-06a8c4657c90" />
    <UnitTestResult executionId="8ec73370-35af-4fb3-b4f8-769558e3f6de" testId="64fe7f30-f5e7-1996-7e8e-17085fa9413f" testName="ManagedCode.Communication.Tests.Results.ResultTFailMethodsTests.ResultT_Fail_WithValue_ShouldCreateFailedResultWithValue" computerName="konstantins-macbook-pro" duration="00:00:00.0065182" startTime="2025-09-19T23:55:50.8330190+02:00" endTime="2025-09-19T23:55:50.8456260+02:00" testType="13cdc9d9-ddb5-4fa4-a97d-d965ccfc6d4b" outcome="Passed" testListId="8c84fa94-04c1-424b-9868-57a2d4851a1d" relativeResultsDirectory="8ec73370-35af-4fb3-b4f8-769558e3f6de" />
    <UnitTestResult executionId="609da85f-d793-4a23-a037-bbaae8fb8b90" testId="cc5f0fa5-2624-4aa6-2ceb-955549536dc3" testName="ManagedCode.Communication.Tests.Orleans.Serialization.CommandSerializationTests.CommandMetadata_WithAllFields_ShouldSerializeCorrectly" computerName="konstantins-macbook-pro" duration="00:00:00.0025583" startTime="2025-09-19T23:55:51.7973090+02:00" endTime="2025-09-19T23:55:51.8000520+02:00" testType="13cdc9d9-ddb5-4fa4-a97d-d965ccfc6d4b" outcome="Passed" testListId="8c84fa94-04c1-424b-9868-57a2d4851a1d" relativeResultsDirectory="609da85f-d793-4a23-a037-bbaae8fb8b90" />
    <UnitTestResult executionId="c014f5b8-f7a2-4199-8e87-ea6a5366504a" testId="d9b0142c-6bc1-6f97-6ab7-2f168104e960" testName="ManagedCode.Communication.Tests.ProblemTests.ProblemCreateMethodsTests.Problem_AddValidationError_ToExistingField_ShouldAppendError" computerName="konstantins-macbook-pro" duration="00:00:00.0003903" startTime="2025-09-19T23:55:50.9699210+02:00" endTime="2025-09-19T23:55:50.9700480+02:00" testType="13cdc9d9-ddb5-4fa4-a97d-d965ccfc6d4b" outcome="Passed" testListId="8c84fa94-04c1-424b-9868-57a2d4851a1d" relativeResultsDirectory="c014f5b8-f7a2-4199-8e87-ea6a5366504a" />
    <UnitTestResult executionId="06503e5d-ddba-4b91-a601-c898fdab9f1a" testId="42cee166-5de1-f2df-20aa-bc60763e8f79" testName="ManagedCode.Communication.Tests.AspNetCore.Helpers.HttpStatusCodeHelperTests.GetStatusCodeForException_AspNetSpecificExceptions_ReturnsCorrectStatusCode(exceptionType: typeof(Microsoft.AspNetCore.Antiforgery.AntiforgeryValidationException), expectedStatusCode: BadRequest)" computerName="konstantins-macbook-pro" duration="00:00:00.0000073" startTime="2025-09-19T23:55:50.9890240+02:00" endTime="2025-09-19T23:55:50.9890450+02:00" testType="13cdc9d9-ddb5-4fa4-a97d-d965ccfc6d4b" outcome="Passed" testListId="8c84fa94-04c1-424b-9868-57a2d4851a1d" relativeResultsDirectory="06503e5d-ddba-4b91-a601-c898fdab9f1a" />
    <UnitTestResult executionId="726b0d7f-8e8e-4f69-b7ee-2e316db8228d" testId="f435fded-0773-20b6-5c22-8fc126f24cdf" testName="ManagedCode.Communication.Tests.CollectionResults.CollectionResultFailMethodsTests.Fail_WithHttpStatusEnum_ShouldUseEnumValueAsStatusCode" computerName="konstantins-macbook-pro" duration="00:00:00.0007086" startTime="2025-09-19T23:55:50.9991290+02:00" endTime="2025-09-19T23:55:51.0000880+02:00" testType="13cdc9d9-ddb5-4fa4-a97d-d965ccfc6d4b" outcome="Passed" testListId="8c84fa94-04c1-424b-9868-57a2d4851a1d" relativeResultsDirectory="726b0d7f-8e8e-4f69-b7ee-2e316db8228d" />
    <UnitTestResult executionId="190da020-2749-44cf-b6de-1f4d403ead60" testId="940e757e-482b-7683-9fbd-545c899eab41" testName="ManagedCode.Communication.Tests.Results.ResultTFailMethodsTests.ResultT_Fail_WithNullValue_ShouldCreateFailedResultWithNull" computerName="konstantins-macbook-pro" duration="00:00:00.0001446" startTime="2025-09-19T23:55:50.8849980+02:00" endTime="2025-09-19T23:55:50.8850210+02:00" testType="13cdc9d9-ddb5-4fa4-a97d-d965ccfc6d4b" outcome="Passed" testListId="8c84fa94-04c1-424b-9868-57a2d4851a1d" relativeResultsDirectory="190da020-2749-44cf-b6de-1f4d403ead60" />
    <UnitTestResult executionId="859c233f-e480-4c69-9140-d199b908994c" testId="99f446f3-a7b4-6b9c-7383-6521b7b5724d" testName="ManagedCode.Communication.Tests.Results.CollectionResultTests.TotalPages_ShouldCalculateCorrectly" computerName="konstantins-macbook-pro" duration="00:00:00.0000995" startTime="2025-09-19T23:55:50.9244020+02:00" endTime="2025-09-19T23:55:50.9244280+02:00" testType="13cdc9d9-ddb5-4fa4-a97d-d965ccfc6d4b" outcome="Passed" testListId="8c84fa94-04c1-424b-9868-57a2d4851a1d" relativeResultsDirectory="859c233f-e480-4c69-9140-d199b908994c" />
    <UnitTestResult executionId="be091e8e-0da5-4481-a2eb-780e160ec8b8" testId="e1f1b1be-faf7-e984-f9a4-c2a361ef2de8" testName="ManagedCode.Communication.Tests.CollectionResults.CollectionResultFailMethodsTests.Fail_WithVariousStatusCodes_ShouldSetCorrectStatusCode(statusCode: Forbidden, expectedCode: 403)" computerName="konstantins-macbook-pro" duration="00:00:00.0001861" startTime="2025-09-19T23:55:50.9954250+02:00" endTime="2025-09-19T23:55:50.9956360+02:00" testType="13cdc9d9-ddb5-4fa4-a97d-d965ccfc6d4b" outcome="Passed" testListId="8c84fa94-04c1-424b-9868-57a2d4851a1d" relativeResultsDirectory="be091e8e-0da5-4481-a2eb-780e160ec8b8" />
    <UnitTestResult executionId="875bf4ca-1e4d-482e-8bb9-4a7141f307d2" testId="efdeb973-f796-3bbb-78f9-ef2fef0bb698" testName="ManagedCode.Communication.Tests.Extensions.RailwayExtensionsTests.Bind_ResultTToResult_SuccessfulChain" computerName="konstantins-macbook-pro" duration="00:00:00.0004704" startTime="2025-09-19T23:55:50.8947630+02:00" endTime="2025-09-19T23:55:50.8952120+02:00" testType="13cdc9d9-ddb5-4fa4-a97d-d965ccfc6d4b" outcome="Passed" testListId="8c84fa94-04c1-424b-9868-57a2d4851a1d" relativeResultsDirectory="875bf4ca-1e4d-482e-8bb9-4a7141f307d2" />
    <UnitTestResult executionId="6f515f45-1a9b-47d9-940d-58a2319640d1" testId="db5d73e5-bd72-c41e-a69a-e342f27be70b" testName="ManagedCode.Communication.Tests.ResultExtensionsTests.Match_WithResultT_ShouldReturnCorrectBranch" computerName="konstantins-macbook-pro" duration="00:00:00.0145536" startTime="2025-09-19T23:55:50.9871870+02:00" endTime="2025-09-19T23:55:50.9872340+02:00" testType="13cdc9d9-ddb5-4fa4-a97d-d965ccfc6d4b" outcome="Passed" testListId="8c84fa94-04c1-424b-9868-57a2d4851a1d" relativeResultsDirectory="6f515f45-1a9b-47d9-940d-58a2319640d1" />
    <UnitTestResult executionId="e3676d2e-b598-490b-a93b-f1080257b91a" testId="18ed10e3-b3b1-05cb-0a5f-0cc844931b21" testName="ManagedCode.Communication.Tests.Results.CollectionResultInvalidMethodsTests.CollectionResult_Invalid_WithKeyValue_ShouldCreateValidationResultWithKeyValue" computerName="konstantins-macbook-pro" duration="00:00:00.0001395" startTime="2025-09-19T23:55:50.8991710+02:00" endTime="2025-09-19T23:55:50.8991930+02:00" testType="13cdc9d9-ddb5-4fa4-a97d-d965ccfc6d4b" outcome="Passed" testListId="8c84fa94-04c1-424b-9868-57a2d4851a1d" relativeResultsDirectory="e3676d2e-b598-490b-a93b-f1080257b91a" />
    <UnitTestResult executionId="ca58e218-999e-45b9-9bf3-bb0ad1b65e1a" testId="f080a087-472a-f802-200b-4ae8e884e5bc" testName="ManagedCode.Communication.Tests.ProblemTests.ProblemCreateMethodsTests.Problem_Create_WithEnumAndVariousStatusCodes_ShouldSetCorrectType(statusCode: 500, enumValue: &quot;InternalServerError&quot;)" computerName="konstantins-macbook-pro" duration="00:00:00.0012461" startTime="2025-09-19T23:55:50.9661570+02:00" endTime="2025-09-19T23:55:50.9678320+02:00" testType="13cdc9d9-ddb5-4fa4-a97d-d965ccfc6d4b" outcome="Passed" testListId="8c84fa94-04c1-424b-9868-57a2d4851a1d" relativeResultsDirectory="ca58e218-999e-45b9-9bf3-bb0ad1b65e1a" />
    <UnitTestResult executionId="e8f59782-8dd8-4829-a36e-32659263c6e8" testId="392de4af-d461-7c5b-310a-021cf63d1384" testName="ManagedCode.Communication.Tests.CollectionResults.CollectionResultFromMethodsTests.From_FuncValueTaskEnumerable_ShouldCreateSuccessResult" computerName="konstantins-macbook-pro" duration="00:00:00.0047347" startTime="2025-09-19T23:55:51.2540500+02:00" endTime="2025-09-19T23:55:51.2587560+02:00" testType="13cdc9d9-ddb5-4fa4-a97d-d965ccfc6d4b" outcome="Passed" testListId="8c84fa94-04c1-424b-9868-57a2d4851a1d" relativeResultsDirectory="e8f59782-8dd8-4829-a36e-32659263c6e8" />
    <UnitTestResult executionId="8a1f7754-9af8-4147-97a1-9b8e7b40e22a" testId="02db334a-6c5c-72ac-09b6-78c16163fb60" testName="ManagedCode.Communication.Tests.Results.ResultInvalidMethodsTests.Result_InvalidT_WithEnumAndMessage_ShouldCreateValidationResultWithBoth" computerName="konstantins-macbook-pro" duration="00:00:00.0009327" startTime="2025-09-19T23:55:50.9397260+02:00" endTime="2025-09-19T23:55:50.9399930+02:00" testType="13cdc9d9-ddb5-4fa4-a97d-d965ccfc6d4b" outcome="Passed" testListId="8c84fa94-04c1-424b-9868-57a2d4851a1d" relativeResultsDirectory="8a1f7754-9af8-4147-97a1-9b8e7b40e22a" />
    <UnitTestResult executionId="2e0db8dd-0c07-4134-aa98-430a6ae7e28a" testId="75182c76-38a7-377f-7070-40caa7b382c0" testName="ManagedCode.Communication.Tests.Results.ResultTTests.ImplicitOperator_FromValue_ShouldCreateSuccessfulResult" computerName="konstantins-macbook-pro" duration="00:00:00.0001437" startTime="2025-09-19T23:55:50.8839820+02:00" endTime="2025-09-19T23:55:50.8840060+02:00" testType="13cdc9d9-ddb5-4fa4-a97d-d965ccfc6d4b" outcome="Passed" testListId="8c84fa94-04c1-424b-9868-57a2d4851a1d" relativeResultsDirectory="2e0db8dd-0c07-4134-aa98-430a6ae7e28a" />
    <UnitTestResult executionId="ebf9af46-2675-4aac-a36d-284a837f6542" testId="07a17f18-4a8c-f905-a8cf-2b3d89a0650c" testName="ManagedCode.Communication.Tests.Commands.CommandIdempotencyTests.ServiceCollectionExtensions_AddCommandIdempotency_WithInstance_RegistersInstance" computerName="konstantins-macbook-pro" duration="00:00:00.0004817" startTime="2025-09-19T23:55:50.9254860+02:00" endTime="2025-09-19T23:55:50.9256010+02:00" testType="13cdc9d9-ddb5-4fa4-a97d-d965ccfc6d4b" outcome="Passed" testListId="8c84fa94-04c1-424b-9868-57a2d4851a1d" relativeResultsDirectory="ebf9af46-2675-4aac-a36d-284a837f6542" />
    <UnitTestResult executionId="fd1f8ae5-6834-44df-adf5-65dee8567dd3" testId="6c36e8fc-eb19-ac2b-e037-50e452248387" testName="ManagedCode.Communication.Tests.CollectionResults.CollectionResultFailMethodsTests.Fail_WithVariousStatusCodes_ShouldSetCorrectStatusCode(statusCode: InternalServerError, expectedCode: 500)" computerName="konstantins-macbook-pro" duration="00:00:00.0000023" startTime="2025-09-19T23:55:50.9969050+02:00" endTime="2025-09-19T23:55:50.9969340+02:00" testType="13cdc9d9-ddb5-4fa4-a97d-d965ccfc6d4b" outcome="Passed" testListId="8c84fa94-04c1-424b-9868-57a2d4851a1d" relativeResultsDirectory="fd1f8ae5-6834-44df-adf5-65dee8567dd3" />
    <UnitTestResult executionId="03654788-8e16-498d-a85d-e8eaab86b758" testId="c9e24a1f-1d61-40a9-0dab-cb17f134e032" testName="ManagedCode.Communication.Tests.Results.ResultFailMethodsTests.Result_Fail_WithVariousStatusCodes_ShouldSetCorrectStatusCode(statusCode: Forbidden, expectedCode: 403)" computerName="konstantins-macbook-pro" duration="00:00:00.0000028" startTime="2025-09-19T23:55:50.9027860+02:00" endTime="2025-09-19T23:55:50.9028320+02:00" testType="13cdc9d9-ddb5-4fa4-a97d-d965ccfc6d4b" outcome="Passed" testListId="8c84fa94-04c1-424b-9868-57a2d4851a1d" relativeResultsDirectory="03654788-8e16-498d-a85d-e8eaab86b758" />
    <UnitTestResult executionId="e7bc97ac-4708-4e99-adb5-6a94e139a0f7" testId="cedf9e10-17c3-638f-1fb4-b52f984508c8" testName="ManagedCode.Communication.Tests.Results.ResultTTests.ImplicitOperator_ToBool_ShouldReturnIsSuccess" computerName="konstantins-macbook-pro" duration="00:00:00.0001923" startTime="2025-09-19T23:55:50.8868600+02:00" endTime="2025-09-19T23:55:50.8869680+02:00" testType="13cdc9d9-ddb5-4fa4-a97d-d965ccfc6d4b" outcome="Passed" testListId="8c84fa94-04c1-424b-9868-57a2d4851a1d" relativeResultsDirectory="e7bc97ac-4708-4e99-adb5-6a94e139a0f7" />
    <UnitTestResult executionId="89ed86ae-55bc-409d-a365-7074c678d86a" testId="148b39b4-9949-c427-e52f-f445008acd77" testName="ManagedCode.Communication.Tests.AspNetCore.Extensions.ServiceCollectionExtensionsTests.Communication_Should_Handle_NotFound_Result" computerName="konstantins-macbook-pro" duration="00:00:00.0028336" startTime="2025-09-19T23:55:51.9817160+02:00" endTime="2025-09-19T23:55:51.9846230+02:00" testType="13cdc9d9-ddb5-4fa4-a97d-d965ccfc6d4b" outcome="Passed" testListId="8c84fa94-04c1-424b-9868-57a2d4851a1d" relativeResultsDirectory="89ed86ae-55bc-409d-a365-7074c678d86a" />
    <UnitTestResult executionId="efe9d1f5-a70f-4672-a0d0-fa66cad36449" testId="888b4819-f7ed-7fe6-9deb-65cd848ab917" testName="ManagedCode.Communication.Tests.Results.ResultTFailMethodsTests.ResultT_Fail_WithHttpStatusEnum_ShouldUseEnumValueAsStatusCode" computerName="konstantins-macbook-pro" duration="00:00:00.0030180" startTime="2025-09-19T23:55:50.8777680+02:00" endTime="2025-09-19T23:55:50.8785340+02:00" testType="13cdc9d9-ddb5-4fa4-a97d-d965ccfc6d4b" outcome="Passed" testListId="8c84fa94-04c1-424b-9868-57a2d4851a1d" relativeResultsDirectory="efe9d1f5-a70f-4672-a0d0-fa66cad36449" />
    <UnitTestResult executionId="598380e6-d4c2-47f8-a1ef-bf65cb38748a" testId="ffe8d566-a14b-2021-ecef-4e1da940c37f" testName="ManagedCode.Communication.Tests.Results.ResultFailMethodsTests.Result_Fail_WithVariousStatusCodes_ShouldSetCorrectStatusCode(statusCode: NotFound, expectedCode: 404)" computerName="konstantins-macbook-pro" duration="00:00:00.0000462" startTime="2025-09-19T23:55:50.9022500+02:00" endTime="2025-09-19T23:55:50.9022730+02:00" testType="13cdc9d9-ddb5-4fa4-a97d-d965ccfc6d4b" outcome="Passed" testListId="8c84fa94-04c1-424b-9868-57a2d4851a1d" relativeResultsDirectory="598380e6-d4c2-47f8-a1ef-bf65cb38748a" />
    <UnitTestResult executionId="bd616f2d-c3fb-4649-99e6-fd9eda8e0e4c" testId="03db011c-36c3-8fa6-9017-436f1dd775bb" testName="ManagedCode.Communication.Tests.Results.ProblemTests.Validation_ShouldCreateValidationProblem" computerName="konstantins-macbook-pro" duration="00:00:00.0002300" startTime="2025-09-19T23:55:50.8889530+02:00" endTime="2025-09-19T23:55:50.8891790+02:00" testType="13cdc9d9-ddb5-4fa4-a97d-d965ccfc6d4b" outcome="Passed" testListId="8c84fa94-04c1-424b-9868-57a2d4851a1d" relativeResultsDirectory="bd616f2d-c3fb-4649-99e6-fd9eda8e0e4c" />
    <UnitTestResult executionId="760eb788-ddcc-487f-aa36-6433687f7d04" testId="c8415987-5e57-7934-283e-064f446065e3" testName="ManagedCode.Communication.Tests.Results.CollectionResultInvalidMethodsTests.CollectionResult_Invalid_WithEnumAndMessage_ShouldCreateValidationResultWithBoth" computerName="konstantins-macbook-pro" duration="00:00:00.0006704" startTime="2025-09-19T23:55:50.8948420+02:00" endTime="2025-09-19T23:55:50.8954530+02:00" testType="13cdc9d9-ddb5-4fa4-a97d-d965ccfc6d4b" outcome="Passed" testListId="8c84fa94-04c1-424b-9868-57a2d4851a1d" relativeResultsDirectory="760eb788-ddcc-487f-aa36-6433687f7d04" />
    <UnitTestResult executionId="03c54422-3a69-462e-af2a-1b16fa8e5c01" testId="ee9522e3-3347-1a86-68af-c4fa8cf496f8" testName="ManagedCode.Communication.Tests.Results.ResultFailMethodsTests.Result_Fail_WithEnum_ShouldCreateFailedResultWithErrorCode" computerName="konstantins-macbook-pro" duration="00:00:00.0009321" startTime="2025-09-19T23:55:50.9041360+02:00" endTime="2025-09-19T23:55:50.9042060+02:00" testType="13cdc9d9-ddb5-4fa4-a97d-d965ccfc6d4b" outcome="Passed" testListId="8c84fa94-04c1-424b-9868-57a2d4851a1d" relativeResultsDirectory="03c54422-3a69-462e-af2a-1b16fa8e5c01" />
    <UnitTestResult executionId="364e81df-07da-4f8e-955e-ba70e4087e24" testId="77cea8c3-be26-09fd-7933-7cd7b881eba7" testName="ManagedCode.Communication.Tests.Results.ResultStaticHelperMethodsTests.Result_StaticHelpers_WithComplexTypes_ShouldWorkCorrectly" computerName="konstantins-macbook-pro" duration="00:00:00.0009321" startTime="2025-09-19T23:55:50.9619710+02:00" endTime="2025-09-19T23:55:50.9628020+02:00" testType="13cdc9d9-ddb5-4fa4-a97d-d965ccfc6d4b" outcome="Passed" testListId="8c84fa94-04c1-424b-9868-57a2d4851a1d" relativeResultsDirectory="364e81df-07da-4f8e-955e-ba70e4087e24" />
    <UnitTestResult executionId="23e16b01-4c1e-45a2-a77f-1946767221a2" testId="c3780753-5660-83a3-d765-176e98177e02" testName="ManagedCode.Communication.Tests.Results.ResultOperatorsTests.ResultT_From_WithFunc_ShouldExecuteAndWrapResult" computerName="konstantins-macbook-pro" duration="00:00:00.0001108" startTime="2025-09-19T23:55:50.8933870+02:00" endTime="2025-09-19T23:55:50.8934930+02:00" testType="13cdc9d9-ddb5-4fa4-a97d-d965ccfc6d4b" outcome="Passed" testListId="8c84fa94-04c1-424b-9868-57a2d4851a1d" relativeResultsDirectory="23e16b01-4c1e-45a2-a77f-1946767221a2" />
    <UnitTestResult executionId="7075d76e-1166-4857-aa1b-ad4963ca0973" testId="35b5ad29-9f82-13e3-add3-97b8e7b9d94c" testName="ManagedCode.Communication.Tests.Results.ResultOperatorsTests.Result_TryAsync_WithExceptionThrowingAction_ShouldReturnFailedResult" computerName="konstantins-macbook-pro" duration="00:00:00.0145684" startTime="2025-09-19T23:55:50.8765730+02:00" endTime="2025-09-19T23:55:50.8869910+02:00" testType="13cdc9d9-ddb5-4fa4-a97d-d965ccfc6d4b" outcome="Passed" testListId="8c84fa94-04c1-424b-9868-57a2d4851a1d" relativeResultsDirectory="7075d76e-1166-4857-aa1b-ad4963ca0973" />
    <UnitTestResult executionId="1d87caa9-a5df-46fd-8c43-9e8117995471" testId="a616e2cd-e8f4-089c-9b8f-28529ea24abe" testName="ManagedCode.Communication.Tests.Results.ResultInvalidMethodsTests.Result_Invalid_WithEnumAndMessage_ShouldCreateValidationResultWithBoth" computerName="konstantins-macbook-pro" duration="00:00:00.0004507" startTime="2025-09-19T23:55:50.9329290+02:00" endTime="2025-09-19T23:55:50.9332460+02:00" testType="13cdc9d9-ddb5-4fa4-a97d-d965ccfc6d4b" outcome="Passed" testListId="8c84fa94-04c1-424b-9868-57a2d4851a1d" relativeResultsDirectory="1d87caa9-a5df-46fd-8c43-9e8117995471" />
    <UnitTestResult executionId="edcaa76a-084c-4159-8d7c-e0a436c4940a" testId="8f7ea0cb-e706-bc87-dc01-c9b8a5a8556e" testName="ManagedCode.Communication.Tests.Extensions.AdvancedRailwayExtensionsTests.OkIf_WithFalseCondition_FailsResult" computerName="konstantins-macbook-pro" duration="00:00:00.0001695" startTime="2025-09-19T23:55:50.9466350+02:00" endTime="2025-09-19T23:55:50.9467880+02:00" testType="13cdc9d9-ddb5-4fa4-a97d-d965ccfc6d4b" outcome="Passed" testListId="8c84fa94-04c1-424b-9868-57a2d4851a1d" relativeResultsDirectory="edcaa76a-084c-4159-8d7c-e0a436c4940a" />
    <UnitTestResult executionId="d5b8c560-8713-4a14-95a3-a96286e92579" testId="45e2562c-fb2b-e12e-c99f-59a2b961f103" testName="ManagedCode.Communication.Tests.AspNetCore.Extensions.HubOptionsExtensionsTests.AddCommunicationHubFilter_WithNullHubOptions_ThrowsArgumentNullException" computerName="konstantins-macbook-pro" duration="00:00:00.0004768" startTime="2025-09-19T23:55:50.9313670+02:00" endTime="2025-09-19T23:55:50.9315520+02:00" testType="13cdc9d9-ddb5-4fa4-a97d-d965ccfc6d4b" outcome="Passed" testListId="8c84fa94-04c1-424b-9868-57a2d4851a1d" relativeResultsDirectory="d5b8c560-8713-4a14-95a3-a96286e92579" />
    <UnitTestResult executionId="7012cb28-527d-487b-b2d6-df830486f282" testId="12ea67ca-37c0-f0fd-c942-d620dd5f1649" testName="ManagedCode.Communication.Tests.Results.ResultHelperMethodsTests.ResultT_Try_WithSuccessfulFunc_ShouldReturnSuccessWithValue" computerName="konstantins-macbook-pro" duration="00:00:00.0002658" startTime="2025-09-19T23:55:50.9898920+02:00" endTime="2025-09-19T23:55:50.9899190+02:00" testType="13cdc9d9-ddb5-4fa4-a97d-d965ccfc6d4b" outcome="Passed" testListId="8c84fa94-04c1-424b-9868-57a2d4851a1d" relativeResultsDirectory="7012cb28-527d-487b-b2d6-df830486f282" />
    <UnitTestResult executionId="e312432c-868c-4d91-82ad-be6903a999da" testId="0c29c5af-e3cf-7553-8d21-7aa06a61033d" testName="ManagedCode.Communication.Tests.CollectionResults.CollectionResultFailMethodsTests.Fail_WithComplexTypes_ShouldHandleCorrectly" computerName="konstantins-macbook-pro" duration="00:00:00.0008107" startTime="2025-09-19T23:55:51.0052130+02:00" endTime="2025-09-19T23:55:51.0055770+02:00" testType="13cdc9d9-ddb5-4fa4-a97d-d965ccfc6d4b" outcome="Passed" testListId="8c84fa94-04c1-424b-9868-57a2d4851a1d" relativeResultsDirectory="e312432c-868c-4d91-82ad-be6903a999da" />
    <UnitTestResult executionId="2d584bbb-6c67-438d-a808-df80d27803d3" testId="b0a57685-59f6-3924-f2f2-628ea43f6fa6" testName="ManagedCode.Communication.Tests.Extensions.HttpResponseExtensionTests.FromJsonToResult_BadRequestStatusCode_ReturnsFailedResultWithCorrectStatus" computerName="konstantins-macbook-pro" duration="00:00:00.0006878" startTime="2025-09-19T23:55:50.9205480+02:00" endTime="2025-09-19T23:55:50.9214100+02:00" testType="13cdc9d9-ddb5-4fa4-a97d-d965ccfc6d4b" outcome="Passed" testListId="8c84fa94-04c1-424b-9868-57a2d4851a1d" relativeResultsDirectory="2d584bbb-6c67-438d-a808-df80d27803d3" />
    <UnitTestResult executionId="eb5913f1-c05e-4b6d-b92b-56b2c83e632e" testId="ea1ac2dd-01bc-e3fc-f016-90eb60861333" testName="ManagedCode.Communication.Tests.OrleansTests.GrainClientTests.IntResult" computerName="konstantins-macbook-pro" duration="00:00:00.0070243" startTime="2025-09-19T23:55:52.0823330+02:00" endTime="2025-09-19T23:55:52.0895020+02:00" testType="13cdc9d9-ddb5-4fa4-a97d-d965ccfc6d4b" outcome="Passed" testListId="8c84fa94-04c1-424b-9868-57a2d4851a1d" relativeResultsDirectory="eb5913f1-c05e-4b6d-b92b-56b2c83e632e" />
    <UnitTestResult executionId="06e76ace-0eef-404b-90a2-11640ede5327" testId="01872485-4d81-c916-8cf1-c5a694b29846" testName="ManagedCode.Communication.Tests.Results.RailwayOrientedProgrammingTests.ResultTry_WithSuccessfulAction_ShouldReturnSuccess" computerName="konstantins-macbook-pro" duration="00:00:00.0001414" startTime="2025-09-19T23:55:50.8794700+02:00" endTime="2025-09-19T23:55:50.8794930+02:00" testType="13cdc9d9-ddb5-4fa4-a97d-d965ccfc6d4b" outcome="Passed" testListId="8c84fa94-04c1-424b-9868-57a2d4851a1d" relativeResultsDirectory="06e76ace-0eef-404b-90a2-11640ede5327" />
    <UnitTestResult executionId="f59cdc1a-b332-49ff-9b2b-f9704d1e7687" testId="9055a99e-808e-e43f-9f70-e1a7b9f0a551" testName="ManagedCode.Communication.Tests.Results.ResultFailMethodsTests.Result_Fail_WithEnumAndDetail_ShouldCreateFailedResultWithErrorCodeAndDetail" computerName="konstantins-macbook-pro" duration="00:00:00.0005961" startTime="2025-09-19T23:55:50.9017340+02:00" endTime="2025-09-19T23:55:50.9020360+02:00" testType="13cdc9d9-ddb5-4fa4-a97d-d965ccfc6d4b" outcome="Passed" testListId="8c84fa94-04c1-424b-9868-57a2d4851a1d" relativeResultsDirectory="f59cdc1a-b332-49ff-9b2b-f9704d1e7687" />
    <UnitTestResult executionId="398ad36c-f444-48a5-9454-7f53b4c0ea2c" testId="cba045b0-e2c3-6ee4-807a-f0cc507f11e5" testName="ManagedCode.Communication.Tests.CollectionResults.CollectionResultFromMethodsTests.From_ValueTaskWithException_ShouldReturnFailedResult" computerName="konstantins-macbook-pro" duration="00:00:00.0070602" startTime="2025-09-19T23:55:50.9519670+02:00" endTime="2025-09-19T23:55:50.9574400+02:00" testType="13cdc9d9-ddb5-4fa4-a97d-d965ccfc6d4b" outcome="Passed" testListId="8c84fa94-04c1-424b-9868-57a2d4851a1d" relativeResultsDirectory="398ad36c-f444-48a5-9454-7f53b4c0ea2c" />
    <UnitTestResult executionId="3409185b-b464-481c-9667-a5bb7e5016d5" testId="033615c8-912a-fb8e-83b7-5256a7e64b58" testName="ManagedCode.Communication.Tests.Serialization.SerializationTests.ResultT_Failed_ShouldSerializeAndDeserialize" computerName="konstantins-macbook-pro" duration="00:00:00.0034641" startTime="2025-09-19T23:55:51.0100280+02:00" endTime="2025-09-19T23:55:51.0131290+02:00" testType="13cdc9d9-ddb5-4fa4-a97d-d965ccfc6d4b" outcome="Passed" testListId="8c84fa94-04c1-424b-9868-57a2d4851a1d" relativeResultsDirectory="3409185b-b464-481c-9667-a5bb7e5016d5" />
    <UnitTestResult executionId="58d02baa-ae52-4ddc-b839-61c5de955549" testId="e96efc22-986d-68b5-5775-340184dbd8fe" testName="ManagedCode.Communication.Tests.Commands.MemoryCacheCommandIdempotencyStoreTests.SetCommandResultAsync_StoresResult" computerName="konstantins-macbook-pro" duration="00:00:00.0006458" startTime="2025-09-19T23:55:50.9952100+02:00" endTime="2025-09-19T23:55:50.9959830+02:00" testType="13cdc9d9-ddb5-4fa4-a97d-d965ccfc6d4b" outcome="Passed" testListId="8c84fa94-04c1-424b-9868-57a2d4851a1d" relativeResultsDirectory="58d02baa-ae52-4ddc-b839-61c5de955549" />
    <UnitTestResult executionId="cd465b12-96b1-4ddc-9e8c-6a9b78bc325a" testId="bd642842-e695-04ad-0f5e-7e2ce55f0969" testName="ManagedCode.Communication.Tests.Results.ResultHelperMethodsTests.Result_Match_WithSuccess_ShouldCallOnSuccess" computerName="konstantins-macbook-pro" duration="00:00:00.0002775" startTime="2025-09-19T23:55:50.9918450+02:00" endTime="2025-09-19T23:55:50.9918740+02:00" testType="13cdc9d9-ddb5-4fa4-a97d-d965ccfc6d4b" outcome="Passed" testListId="8c84fa94-04c1-424b-9868-57a2d4851a1d" relativeResultsDirectory="cd465b12-96b1-4ddc-9e8c-6a9b78bc325a" />
    <UnitTestResult executionId="bb3d220f-7a9e-47e6-bf1b-aa097d1b36b2" testId="5874f3ff-508a-2af1-27a9-3900f428d369" testName="ManagedCode.Communication.Tests.Orleans.OrleansSerializationTests.ComplexNestedSerialization_ShouldPreserveAllData" computerName="konstantins-macbook-pro" duration="00:00:00.0450333" startTime="2025-09-19T23:55:51.6856030+02:00" endTime="2025-09-19T23:55:51.7307820+02:00" testType="13cdc9d9-ddb5-4fa4-a97d-d965ccfc6d4b" outcome="Passed" testListId="8c84fa94-04c1-424b-9868-57a2d4851a1d" relativeResultsDirectory="bb3d220f-7a9e-47e6-bf1b-aa097d1b36b2" />
    <UnitTestResult executionId="001b5955-d01c-45da-aa5f-522c138eb29e" testId="9dafdb86-c22a-88fc-6833-af4e374d365d" testName="ManagedCode.Communication.Tests.CollectionResults.CollectionResultFromMethodsTests.From_LargeCollection_ShouldHandleEfficiently" computerName="konstantins-macbook-pro" duration="00:00:00.0001864" startTime="2025-09-19T23:55:51.0746720+02:00" endTime="2025-09-19T23:55:51.0747580+02:00" testType="13cdc9d9-ddb5-4fa4-a97d-d965ccfc6d4b" outcome="Passed" testListId="8c84fa94-04c1-424b-9868-57a2d4851a1d" relativeResultsDirectory="001b5955-d01c-45da-aa5f-522c138eb29e" />
    <UnitTestResult executionId="24a75957-5509-47ba-8664-52b8215d3c89" testId="2e7f64e0-84e1-b572-6451-e5b58ad3f1b2" testName="ManagedCode.Communication.Tests.Results.ResultFailMethodsTests.Result_Fail_NoParameters_ShouldCreateFailedResult" computerName="konstantins-macbook-pro" duration="00:00:00.0001849" startTime="2025-09-19T23:55:50.9046000+02:00" endTime="2025-09-19T23:55:50.9046230+02:00" testType="13cdc9d9-ddb5-4fa4-a97d-d965ccfc6d4b" outcome="Passed" testListId="8c84fa94-04c1-424b-9868-57a2d4851a1d" relativeResultsDirectory="24a75957-5509-47ba-8664-52b8215d3c89" />
    <UnitTestResult executionId="503ef50a-1cad-4bfe-8c69-8a8150ff5eab" testId="5d1cd7f9-34f0-feb0-45b5-6480e604717e" testName="ManagedCode.Communication.Tests.ResultExtensionsTests.BindToGeneric_WithSuccessResult_ShouldTransformToResultT" computerName="konstantins-macbook-pro" duration="00:00:00.0002835" startTime="2025-09-19T23:55:50.9943480+02:00" endTime="2025-09-19T23:55:50.9945120+02:00" testType="13cdc9d9-ddb5-4fa4-a97d-d965ccfc6d4b" outcome="Passed" testListId="8c84fa94-04c1-424b-9868-57a2d4851a1d" relativeResultsDirectory="503ef50a-1cad-4bfe-8c69-8a8150ff5eab" />
    <UnitTestResult executionId="2ec384db-69e0-4515-a820-67404accfa6a" testId="e9cb769c-b635-ee8b-10f7-3c2bfac37d63" testName="ManagedCode.Communication.Tests.Results.ResultFailMethodsTests.Result_FailValidation_WithMultipleErrors_ShouldCreateValidationFailedResultWithAllErrors" computerName="konstantins-macbook-pro" duration="00:00:00.0005342" startTime="2025-09-19T23:55:50.9047540+02:00" endTime="2025-09-19T23:55:50.9047760+02:00" testType="13cdc9d9-ddb5-4fa4-a97d-d965ccfc6d4b" outcome="Passed" testListId="8c84fa94-04c1-424b-9868-57a2d4851a1d" relativeResultsDirectory="2ec384db-69e0-4515-a820-67404accfa6a" />
    <UnitTestResult executionId="46740fc1-2cfa-46db-ade6-9eddd2286091" testId="629bd067-7ea5-d193-55b4-3e52534b91b0" testName="ManagedCode.Communication.Tests.CollectionResults.CollectionResultFromMethodsTests.From_TaskReturningCollectionResult_ShouldReturnSameResult" computerName="konstantins-macbook-pro" duration="00:00:00.0011655" startTime="2025-09-19T23:55:51.1768410+02:00" endTime="2025-09-19T23:55:51.1779580+02:00" testType="13cdc9d9-ddb5-4fa4-a97d-d965ccfc6d4b" outcome="Passed" testListId="8c84fa94-04c1-424b-9868-57a2d4851a1d" relativeResultsDirectory="46740fc1-2cfa-46db-ade6-9eddd2286091" />
    <UnitTestResult executionId="a1cf5c9a-07f4-4f9a-8c80-8ea3fa6d1460" testId="f91416c8-1703-e7ea-8c9a-a92b7bb1d688" testName="ManagedCode.Communication.Tests.Extensions.HttpResponseExtensionTests.FromJsonToResult_NotFoundStatusCode_ReturnsFailedResult" computerName="konstantins-macbook-pro" duration="00:00:00.0008967" startTime="2025-09-19T23:55:50.9065310+02:00" endTime="2025-09-19T23:55:50.9067000+02:00" testType="13cdc9d9-ddb5-4fa4-a97d-d965ccfc6d4b" outcome="Passed" testListId="8c84fa94-04c1-424b-9868-57a2d4851a1d" relativeResultsDirectory="a1cf5c9a-07f4-4f9a-8c80-8ea3fa6d1460" />
    <UnitTestResult executionId="50fc906f-200c-4528-b778-80fdefcc290f" testId="2e7c745d-8a62-07fa-75a5-000f8e56d414" testName="ManagedCode.Communication.Tests.CollectionResults.CollectionResultFromMethodsTests.From_FailedCollectionResultWithProblem_ShouldReturnFailedResult" computerName="konstantins-macbook-pro" duration="00:00:00.0001631" startTime="2025-09-19T23:55:50.9612160+02:00" endTime="2025-09-19T23:55:50.9612420+02:00" testType="13cdc9d9-ddb5-4fa4-a97d-d965ccfc6d4b" outcome="Passed" testListId="8c84fa94-04c1-424b-9868-57a2d4851a1d" relativeResultsDirectory="50fc906f-200c-4528-b778-80fdefcc290f" />
    <UnitTestResult executionId="515c9b63-b31f-46ec-9130-e0ac5cc24d59" testId="52ca4f6f-9446-ce96-f00d-3177ac949b13" testName="ManagedCode.Communication.Tests.CollectionResults.CollectionResultFromMethodsTests.From_FailedCollectionResultWithoutProblem_ShouldReturnFailedResult" computerName="konstantins-macbook-pro" duration="00:00:00.0003059" startTime="2025-09-19T23:55:50.9514360+02:00" endTime="2025-09-19T23:55:50.9519140+02:00" testType="13cdc9d9-ddb5-4fa4-a97d-d965ccfc6d4b" outcome="Passed" testListId="8c84fa94-04c1-424b-9868-57a2d4851a1d" relativeResultsDirectory="515c9b63-b31f-46ec-9130-e0ac5cc24d59" />
    <UnitTestResult executionId="8666823e-6ca5-4430-befc-f29a8b3409a3" testId="565488d3-a79f-0bc7-7c73-b71ab1303e0e" testName="ManagedCode.Communication.Tests.Results.ResultTTests.Bind_WithSuccessfulResult_ShouldExecuteFunction" computerName="konstantins-macbook-pro" duration="00:00:00.0001517" startTime="2025-09-19T23:55:50.8857520+02:00" endTime="2025-09-19T23:55:50.8858500+02:00" testType="13cdc9d9-ddb5-4fa4-a97d-d965ccfc6d4b" outcome="Passed" testListId="8c84fa94-04c1-424b-9868-57a2d4851a1d" relativeResultsDirectory="8666823e-6ca5-4430-befc-f29a8b3409a3" />
    <UnitTestResult executionId="7aeb2c59-2874-417c-807c-fc009ec92663" testId="0c01bfd0-4d6b-46f6-eaab-f63c83d8702f" testName="ManagedCode.Communication.Tests.Results.ResultFailMethodsTests.Result_Fail_WithException_ShouldCreateFailedResultWithInternalServerError" computerName="konstantins-macbook-pro" duration="00:00:00.0001518" startTime="2025-09-19T23:55:50.9049000+02:00" endTime="2025-09-19T23:55:50.9049250+02:00" testType="13cdc9d9-ddb5-4fa4-a97d-d965ccfc6d4b" outcome="Passed" testListId="8c84fa94-04c1-424b-9868-57a2d4851a1d" relativeResultsDirectory="7aeb2c59-2874-417c-807c-fc009ec92663" />
    <UnitTestResult executionId="50115fd2-badd-4d11-8426-93dd924562f2" testId="9519802d-7595-b802-9b1d-28efaa0530ce" testName="ManagedCode.Communication.Tests.ResultExtensionsTests.ChainedOperations_ShouldShortCircuitOnFailure" computerName="konstantins-macbook-pro" duration="00:00:00.0005870" startTime="2025-09-19T23:55:50.9503680+02:00" endTime="2025-09-19T23:55:50.9511490+02:00" testType="13cdc9d9-ddb5-4fa4-a97d-d965ccfc6d4b" outcome="Passed" testListId="8c84fa94-04c1-424b-9868-57a2d4851a1d" relativeResultsDirectory="50115fd2-badd-4d11-8426-93dd924562f2" />
    <UnitTestResult executionId="24a416ae-3ddb-4169-aed6-a57937c0aca3" testId="5b87a404-d9e1-52c6-716c-3d6bfb3c059a" testName="ManagedCode.Communication.Tests.Orleans.Serialization.ProblemSerializationTests.Problem_WithErrorCode_ShouldSerializeCorrectly" computerName="konstantins-macbook-pro" duration="00:00:00.0019239" startTime="2025-09-19T23:55:51.7359440+02:00" endTime="2025-09-19T23:55:51.7381890+02:00" testType="13cdc9d9-ddb5-4fa4-a97d-d965ccfc6d4b" outcome="Passed" testListId="8c84fa94-04c1-424b-9868-57a2d4851a1d" relativeResultsDirectory="24a416ae-3ddb-4169-aed6-a57937c0aca3" />
    <UnitTestResult executionId="b4342c55-7da0-47a6-9342-b17dd57dfd38" testId="7adc2e63-29c5-a641-137d-0906b0776597" testName="ManagedCode.Communication.Tests.Results.ResultTests.ThrowIfFail_WithProblemException_ShouldPreserveProblemDetails" computerName="konstantins-macbook-pro" duration="00:00:00.0173973" startTime="2025-09-19T23:55:50.8738340+02:00" endTime="2025-09-19T23:55:50.8840920+02:00" testType="13cdc9d9-ddb5-4fa4-a97d-d965ccfc6d4b" outcome="Passed" testListId="8c84fa94-04c1-424b-9868-57a2d4851a1d" relativeResultsDirectory="b4342c55-7da0-47a6-9342-b17dd57dfd38" />
    <UnitTestResult executionId="d7fd7895-78c8-4260-b049-96d6f97a13ef" testId="cc50bf60-6b4c-9573-310d-397b2e7909f2" testName="ManagedCode.Communication.Tests.Extensions.AdvancedRailwayExtensionsTests.Combine_WithAllSuccessful_ReturnsAllValues" computerName="konstantins-macbook-pro" duration="00:00:00.0020713" startTime="2025-09-19T23:55:50.9478250+02:00" endTime="2025-09-19T23:55:50.9507050+02:00" testType="13cdc9d9-ddb5-4fa4-a97d-d965ccfc6d4b" outcome="Passed" testListId="8c84fa94-04c1-424b-9868-57a2d4851a1d" relativeResultsDirectory="d7fd7895-78c8-4260-b049-96d6f97a13ef" />
    <UnitTestResult executionId="f4868aa0-7a6d-467b-a5f3-62c581686828" testId="db6ef193-8df4-e9b2-14b2-67527051d37c" testName="ManagedCode.Communication.Tests.Serialization.SerializationTests.Problem_WithValidationErrors_ShouldSerializeAndDeserialize" computerName="konstantins-macbook-pro" duration="00:00:00.0009086" startTime="2025-09-19T23:55:51.0135570+02:00" endTime="2025-09-19T23:55:51.0144210+02:00" testType="13cdc9d9-ddb5-4fa4-a97d-d965ccfc6d4b" outcome="Passed" testListId="8c84fa94-04c1-424b-9868-57a2d4851a1d" relativeResultsDirectory="f4868aa0-7a6d-467b-a5f3-62c581686828" />
    <UnitTestResult executionId="8041793d-372b-4a27-957c-c765126c267f" testId="b5aba053-73cd-4540-b3bc-87ffee779e82" testName="ManagedCode.Communication.Tests.Results.ResultTFailMethodsTests.ResultT_Fail_WithEnumDetailAndStatus_ShouldCreateFailedResultWithAllSpecified" computerName="konstantins-macbook-pro" duration="00:00:00.0004348" startTime="2025-09-19T23:55:50.8819790+02:00" endTime="2025-09-19T23:55:50.8820830+02:00" testType="13cdc9d9-ddb5-4fa4-a97d-d965ccfc6d4b" outcome="Passed" testListId="8c84fa94-04c1-424b-9868-57a2d4851a1d" relativeResultsDirectory="8041793d-372b-4a27-957c-c765126c267f" />
    <UnitTestResult executionId="565fbccd-45a3-4e78-a7ff-f51931dfe603" testId="0bac6952-0c3c-190c-8898-ea5d8b8379ca" testName="ManagedCode.Communication.Tests.AspNetCore.Helpers.HttpStatusCodeHelperTests.GetStatusCodeForException_AspNetSpecificExceptions_ReturnsCorrectStatusCode(exceptionType: typeof(Microsoft.AspNetCore.Mvc.Infrastructure.AmbiguousActionException), expectedStatusCode: InternalServerError)" computerName="konstantins-macbook-pro" duration="00:00:00.0000083" startTime="2025-09-19T23:55:50.9891410+02:00" endTime="2025-09-19T23:55:50.9891620+02:00" testType="13cdc9d9-ddb5-4fa4-a97d-d965ccfc6d4b" outcome="Passed" testListId="8c84fa94-04c1-424b-9868-57a2d4851a1d" relativeResultsDirectory="565fbccd-45a3-4e78-a7ff-f51931dfe603" />
    <UnitTestResult executionId="b10193e4-f009-4338-b645-3dd5d93bb8e7" testId="02bf4062-6173-4a68-0596-4bfd52dc36b2" testName="ManagedCode.Communication.Tests.CollectionResults.CollectionResultFromMethodsTests.From_FuncTaskThrowingException_ShouldReturnFailedResult" computerName="konstantins-macbook-pro" duration="00:00:00.0009513" startTime="2025-09-19T23:55:51.2588560+02:00" endTime="2025-09-19T23:55:51.2598680+02:00" testType="13cdc9d9-ddb5-4fa4-a97d-d965ccfc6d4b" outcome="Passed" testListId="8c84fa94-04c1-424b-9868-57a2d4851a1d" relativeResultsDirectory="b10193e4-f009-4338-b645-3dd5d93bb8e7" />
    <UnitTestResult executionId="cafa0bac-7ab3-4219-bc9a-e6f943bb3960" testId="7d15150a-7174-6f65-3843-6fe9d1970c7b" testName="ManagedCode.Communication.Tests.Results.ResultFailMethodsTests.Result_Fail_WithTitle_ShouldCreateFailedResultWithInternalServerError" computerName="konstantins-macbook-pro" duration="00:00:00.0000911" startTime="2025-09-19T23:55:50.9039190+02:00" endTime="2025-09-19T23:55:50.9039410+02:00" testType="13cdc9d9-ddb5-4fa4-a97d-d965ccfc6d4b" outcome="Passed" testListId="8c84fa94-04c1-424b-9868-57a2d4851a1d" relativeResultsDirectory="cafa0bac-7ab3-4219-bc9a-e6f943bb3960" />
    <UnitTestResult executionId="1c242104-b9c7-4158-a25d-159a370124c0" testId="7808886e-5ad2-29ba-1f74-f44897640f75" testName="ManagedCode.Communication.Tests.Extensions.ResultConversionExtensionsTests.AsResult_WithCustomException_CreatesFailedResultWithCustomMessage" computerName="konstantins-macbook-pro" duration="00:00:00.0004842" startTime="2025-09-19T23:55:50.9419660+02:00" endTime="2025-09-19T23:55:50.9421290+02:00" testType="13cdc9d9-ddb5-4fa4-a97d-d965ccfc6d4b" outcome="Passed" testListId="8c84fa94-04c1-424b-9868-57a2d4851a1d" relativeResultsDirectory="1c242104-b9c7-4158-a25d-159a370124c0" />
    <UnitTestResult executionId="f806072d-afe0-499b-9791-5914d2cafce2" testId="e57c6dc4-6a4c-181d-59f0-b2ffb8252047" testName="ManagedCode.Communication.Tests.Extensions.HttpResponseExtensionTests.FromRequestToResult_VariousErrorCodes_ReturnsFailedResult(statusCode: BadRequest)" computerName="konstantins-macbook-pro" duration="00:00:00.0000071" startTime="2025-09-19T23:55:50.9058330+02:00" endTime="2025-09-19T23:55:50.9058550+02:00" testType="13cdc9d9-ddb5-4fa4-a97d-d965ccfc6d4b" outcome="Passed" testListId="8c84fa94-04c1-424b-9868-57a2d4851a1d" relativeResultsDirectory="f806072d-afe0-499b-9791-5914d2cafce2" />
    <UnitTestResult executionId="409d01ca-487d-49b5-be2e-ecc5a08d58c9" testId="18415b52-0d3b-632d-e54d-5820f161e676" testName="ManagedCode.Communication.Tests.Results.ResultOperatorsTests.Result_TryAsync_WithSuccessfulAction_ShouldReturnSuccessResult" computerName="konstantins-macbook-pro" duration="00:00:00.0154666" startTime="2025-09-19T23:55:50.8943080+02:00" endTime="2025-09-19T23:55:50.9006770+02:00" testType="13cdc9d9-ddb5-4fa4-a97d-d965ccfc6d4b" outcome="Passed" testListId="8c84fa94-04c1-424b-9868-57a2d4851a1d" relativeResultsDirectory="409d01ca-487d-49b5-be2e-ecc5a08d58c9" />
    <UnitTestResult executionId="57e8f588-7639-4032-956a-2f732719add4" testId="1ab63018-a64d-cabf-0b10-e57cb940fb84" testName="ManagedCode.Communication.Tests.Results.ProblemExceptionTests.Constructor_WithProblemExtensions_ShouldPopulateData" computerName="konstantins-macbook-pro" duration="00:00:00.0002109" startTime="2025-09-19T23:55:50.9523840+02:00" endTime="2025-09-19T23:55:50.9524070+02:00" testType="13cdc9d9-ddb5-4fa4-a97d-d965ccfc6d4b" outcome="Passed" testListId="8c84fa94-04c1-424b-9868-57a2d4851a1d" relativeResultsDirectory="57e8f588-7639-4032-956a-2f732719add4" />
    <UnitTestResult executionId="231072cf-ccee-4254-94d8-c9b81f531b4c" testId="980d4706-ea6d-d2a9-e6c6-8e6ce35d91ac" testName="ManagedCode.Communication.Tests.Results.CollectionResultInvalidMethodsTests.CollectionResult_Invalid_ComparedToFailValidation_ShouldBeEquivalent" computerName="konstantins-macbook-pro" duration="00:00:00.0063754" startTime="2025-09-19T23:55:50.8927600+02:00" endTime="2025-09-19T23:55:50.8947860+02:00" testType="13cdc9d9-ddb5-4fa4-a97d-d965ccfc6d4b" outcome="Passed" testListId="8c84fa94-04c1-424b-9868-57a2d4851a1d" relativeResultsDirectory="231072cf-ccee-4254-94d8-c9b81f531b4c" />
    <UnitTestResult executionId="9df5af42-10fa-43d2-abf1-e38e67ff512c" testId="e39e9980-2b7c-af72-8ea9-548ab3dc3398" testName="ManagedCode.Communication.Tests.CollectionResults.CollectionResultFromMethodsTests.From_FuncReturningArray_ShouldCreateSuccessResult" computerName="konstantins-macbook-pro" duration="00:00:00.0003686" startTime="2025-09-19T23:55:51.0717030+02:00" endTime="2025-09-19T23:55:51.0719480+02:00" testType="13cdc9d9-ddb5-4fa4-a97d-d965ccfc6d4b" outcome="Passed" testListId="8c84fa94-04c1-424b-9868-57a2d4851a1d" relativeResultsDirectory="9df5af42-10fa-43d2-abf1-e38e67ff512c" />
    <UnitTestResult executionId="e9b1529e-8328-445d-b35a-1e32dd1b1fab" testId="df96f889-695d-6b63-9f03-a599b338bed3" testName="ManagedCode.Communication.Tests.Results.ResultStaticHelperMethodsTests.Result_StaticHelpers_ChainedCalls_ShouldMaintainFailureState" computerName="konstantins-macbook-pro" duration="00:00:00.0002631" startTime="2025-09-19T23:55:50.9576620+02:00" endTime="2025-09-19T23:55:50.9577600+02:00" testType="13cdc9d9-ddb5-4fa4-a97d-d965ccfc6d4b" outcome="Passed" testListId="8c84fa94-04c1-424b-9868-57a2d4851a1d" relativeResultsDirectory="e9b1529e-8328-445d-b35a-1e32dd1b1fab" />
    <UnitTestResult executionId="ee4c92d7-adaa-4207-974c-f9b4759cd140" testId="2863e3f9-7f1d-bf75-8848-3b8f86ca80ef" testName="ManagedCode.Communication.Tests.Results.RailwayOrientedProgrammingTests.Map_WithFailure_ShouldShortCircuit" computerName="konstantins-macbook-pro" duration="00:00:00.0006874" startTime="2025-09-19T23:55:50.8755370+02:00" endTime="2025-09-19T23:55:50.8755600+02:00" testType="13cdc9d9-ddb5-4fa4-a97d-d965ccfc6d4b" outcome="Passed" testListId="8c84fa94-04c1-424b-9868-57a2d4851a1d" relativeResultsDirectory="ee4c92d7-adaa-4207-974c-f9b4759cd140" />
    <UnitTestResult executionId="6cf5c2ea-a324-4b62-a1bb-8a66abcd2511" testId="7ff39c97-478d-f2e4-50d2-c28a6439c9b4" testName="ManagedCode.Communication.Tests.AspNetCore.Helpers.HttpStatusCodeHelperTests.GetStatusCodeForException_AspNetSpecificExceptions_ReturnsCorrectStatusCode(exceptionType: typeof(Microsoft.AspNetCore.Authentication.AuthenticationFailureException), expectedStatusCode: Unauthorized)" computerName="konstantins-macbook-pro" duration="00:00:00.0000058" startTime="2025-09-19T23:55:50.9888720+02:00" endTime="2025-09-19T23:55:50.9889020+02:00" testType="13cdc9d9-ddb5-4fa4-a97d-d965ccfc6d4b" outcome="Passed" testListId="8c84fa94-04c1-424b-9868-57a2d4851a1d" relativeResultsDirectory="6cf5c2ea-a324-4b62-a1bb-8a66abcd2511" />
    <UnitTestResult executionId="c8e58cb9-56a7-45c3-b1f0-cc48637ef3c4" testId="dcd4e476-30fd-aff0-3302-390a2e842b9d" testName="ManagedCode.Communication.Tests.Results.ProblemCreationExtensionsTests.ToException_FromProblem_ShouldCreateProblemException" computerName="konstantins-macbook-pro" duration="00:00:00.0013411" startTime="2025-09-19T23:55:50.8914770+02:00" endTime="2025-09-19T23:55:50.8922110+02:00" testType="13cdc9d9-ddb5-4fa4-a97d-d965ccfc6d4b" outcome="Passed" testListId="8c84fa94-04c1-424b-9868-57a2d4851a1d" relativeResultsDirectory="c8e58cb9-56a7-45c3-b1f0-cc48637ef3c4" />
    <UnitTestResult executionId="4d9a3d74-a609-43e1-83b0-408ddb549621" testId="96f1738f-e2d9-406a-9b7b-fefb5ff95362" testName="ManagedCode.Communication.Tests.Results.ResultTests.Fail_WithProblem_ShouldCreateFailedResult" computerName="konstantins-macbook-pro" duration="00:00:00.0001596" startTime="2025-09-19T23:55:50.8842320+02:00" endTime="2025-09-19T23:55:50.8848310+02:00" testType="13cdc9d9-ddb5-4fa4-a97d-d965ccfc6d4b" outcome="Passed" testListId="8c84fa94-04c1-424b-9868-57a2d4851a1d" relativeResultsDirectory="4d9a3d74-a609-43e1-83b0-408ddb549621" />
    <UnitTestResult executionId="b6d9ef17-bfb8-43ae-af41-edd2f2942d04" testId="08587cdb-9504-186b-dbc3-8b9a87b10c10" testName="ManagedCode.Communication.Tests.Results.ResultTFailMethodsTests.ResultT_FailValidation_WithDuplicateFields_ShouldCombineErrors" computerName="konstantins-macbook-pro" duration="00:00:00.0007671" startTime="2025-09-19T23:55:50.8850750+02:00" endTime="2025-09-19T23:55:50.8859930+02:00" testType="13cdc9d9-ddb5-4fa4-a97d-d965ccfc6d4b" outcome="Passed" testListId="8c84fa94-04c1-424b-9868-57a2d4851a1d" relativeResultsDirectory="b6d9ef17-bfb8-43ae-af41-edd2f2942d04" />
    <UnitTestResult executionId="f314311a-49bf-4d7a-bbca-62365a860742" testId="04b4d7eb-6ae2-be4f-929b-1cc4d1077821" testName="ManagedCode.Communication.Tests.OrleansTests.GrainClientTests.ValueTaskResult" computerName="konstantins-macbook-pro" duration="00:00:00.0026991" startTime="2025-09-19T23:55:52.0896000+02:00" endTime="2025-09-19T23:55:52.0923230+02:00" testType="13cdc9d9-ddb5-4fa4-a97d-d965ccfc6d4b" outcome="Passed" testListId="8c84fa94-04c1-424b-9868-57a2d4851a1d" relativeResultsDirectory="f314311a-49bf-4d7a-bbca-62365a860742" />
    <UnitTestResult executionId="ad13b0fd-756a-4d47-b662-fbda446a24f1" testId="8c079e0a-8bc0-4af0-dcf8-3d60635328e5" testName="ManagedCode.Communication.Tests.Results.ResultTests.Fail_WithMessage_ShouldCreateFailedResult" computerName="konstantins-macbook-pro" duration="00:00:00.0001706" startTime="2025-09-19T23:55:50.8860050+02:00" endTime="2025-09-19T23:55:50.8865190+02:00" testType="13cdc9d9-ddb5-4fa4-a97d-d965ccfc6d4b" outcome="Passed" testListId="8c84fa94-04c1-424b-9868-57a2d4851a1d" relativeResultsDirectory="ad13b0fd-756a-4d47-b662-fbda446a24f1" />
    <UnitTestResult executionId="28cc7a89-5ad9-4a16-bf59-9afecbb45c3e" testId="a294ddd9-e673-4d43-752c-093ce0b8b705" testName="ManagedCode.Communication.Tests.Serialization.SerializationTests.CollectionResult_Empty_ShouldSerializeAndDeserialize" computerName="konstantins-macbook-pro" duration="00:00:00.0050758" startTime="2025-09-19T23:55:51.0045090+02:00" endTime="2025-09-19T23:55:51.0093380+02:00" testType="13cdc9d9-ddb5-4fa4-a97d-d965ccfc6d4b" outcome="Passed" testListId="8c84fa94-04c1-424b-9868-57a2d4851a1d" relativeResultsDirectory="28cc7a89-5ad9-4a16-bf59-9afecbb45c3e" />
    <UnitTestResult executionId="3e742032-4d73-41aa-b36b-916381904623" testId="3fee61e5-7e3b-84b7-2cfd-6b24b1b5dcda" testName="ManagedCode.Communication.Tests.Results.ProblemCreationExtensionsTests.ToProblem_FromException_WithHttpStatusCode_ShouldUseProvidedStatusCode" computerName="konstantins-macbook-pro" duration="00:00:00.0001430" startTime="2025-09-19T23:55:50.8913700+02:00" endTime="2025-09-19T23:55:50.8913940+02:00" testType="13cdc9d9-ddb5-4fa4-a97d-d965ccfc6d4b" outcome="Passed" testListId="8c84fa94-04c1-424b-9868-57a2d4851a1d" relativeResultsDirectory="3e742032-4d73-41aa-b36b-916381904623" />
    <UnitTestResult executionId="8773af3b-d98e-4f30-9165-e727cc387e4f" testId="922f442b-abde-2646-f44f-3ba19dc6a53c" testName="ManagedCode.Communication.Tests.Extensions.RailwayExtensionsTests.TapAsync_SuccessfulResult_ExecutesAction" computerName="konstantins-macbook-pro" duration="00:00:00.0014983" startTime="2025-09-19T23:55:50.8946100+02:00" endTime="2025-09-19T23:55:50.8946320+02:00" testType="13cdc9d9-ddb5-4fa4-a97d-d965ccfc6d4b" outcome="Passed" testListId="8c84fa94-04c1-424b-9868-57a2d4851a1d" relativeResultsDirectory="8773af3b-d98e-4f30-9165-e727cc387e4f" />
    <UnitTestResult executionId="d194aa56-dc35-4965-89e7-b695a951a863" testId="fd36a05d-aabc-c319-396e-483787345ed9" testName="ManagedCode.Communication.Tests.Results.ResultHelperMethodsTests.Result_Try_WithSuccessfulAction_ShouldReturnSuccess" computerName="konstantins-macbook-pro" duration="00:00:00.0002075" startTime="2025-09-19T23:55:50.9899690+02:00" endTime="2025-09-19T23:55:50.9900590+02:00" testType="13cdc9d9-ddb5-4fa4-a97d-d965ccfc6d4b" outcome="Passed" testListId="8c84fa94-04c1-424b-9868-57a2d4851a1d" relativeResultsDirectory="d194aa56-dc35-4965-89e7-b695a951a863" />
    <UnitTestResult executionId="b1bae583-0d4e-497f-a3bf-dd2c02d3e6b7" testId="47fffb6e-2cd3-bf3d-b66e-3e7091161523" testName="ManagedCode.Communication.Tests.Commands.MemoryCacheCommandIdempotencyStoreTests.TrySetCommandStatusAsync_WhenExpectedDoesNotMatch_DoesNotSetStatusAndReturnsFalse" computerName="konstantins-macbook-pro" duration="00:00:00.0007223" startTime="2025-09-19T23:55:50.9968950+02:00" endTime="2025-09-19T23:55:50.9972350+02:00" testType="13cdc9d9-ddb5-4fa4-a97d-d965ccfc6d4b" outcome="Passed" testListId="8c84fa94-04c1-424b-9868-57a2d4851a1d" relativeResultsDirectory="b1bae583-0d4e-497f-a3bf-dd2c02d3e6b7" />
    <UnitTestResult executionId="837743e6-df11-4eb8-9a7a-a45a58bb10a4" testId="add0ad5f-199f-f6df-7026-48c8dac56905" testName="ManagedCode.Communication.Tests.Commands.CommandIdempotencyTests.ServiceCollectionExtensions_AddCommandIdempotency_WithCustomType_RegistersCustomStore" computerName="konstantins-macbook-pro" duration="00:00:00.0001558" startTime="2025-09-19T23:55:50.9263380+02:00" endTime="2025-09-19T23:55:50.9264250+02:00" testType="13cdc9d9-ddb5-4fa4-a97d-d965ccfc6d4b" outcome="Passed" testListId="8c84fa94-04c1-424b-9868-57a2d4851a1d" relativeResultsDirectory="837743e6-df11-4eb8-9a7a-a45a58bb10a4" />
    <UnitTestResult executionId="47ad029c-f655-4b23-bcf4-dec312b7cac7" testId="d0ff1c73-209e-eeb1-2afd-642ead9760a6" testName="ManagedCode.Communication.Tests.CollectionResults.CollectionResultFailMethodsTests.Fail_WithEnumAndDetail_ShouldCreateFailedResultWithErrorCodeAndDetail" computerName="konstantins-macbook-pro" duration="00:00:00.0003152" startTime="2025-09-19T23:55:51.0039550+02:00" endTime="2025-09-19T23:55:51.0041030+02:00" testType="13cdc9d9-ddb5-4fa4-a97d-d965ccfc6d4b" outcome="Passed" testListId="8c84fa94-04c1-424b-9868-57a2d4851a1d" relativeResultsDirectory="47ad029c-f655-4b23-bcf4-dec312b7cac7" />
    <UnitTestResult executionId="a9aace23-abd0-4b63-a5d3-3bfb017c5f23" testId="e356bf20-87ba-5d98-8ea7-0ff88d53e065" testName="ManagedCode.Communication.Tests.Commands.CommandIdempotencyTests.ServiceCollectionExtensions_AddCommandIdempotency_RegistersMemoryCacheStore" computerName="konstantins-macbook-pro" duration="00:00:00.0005904" startTime="2025-09-19T23:55:50.9256600+02:00" endTime="2025-09-19T23:55:50.9262780+02:00" testType="13cdc9d9-ddb5-4fa4-a97d-d965ccfc6d4b" outcome="Passed" testListId="8c84fa94-04c1-424b-9868-57a2d4851a1d" relativeResultsDirectory="a9aace23-abd0-4b63-a5d3-3bfb017c5f23" />
    <UnitTestResult executionId="5c501b36-9d4b-4a9a-a610-e8dbb74eb411" testId="b628997a-57d1-098a-32a2-a9f49a796717" testName="ManagedCode.Communication.Tests.Serialization.ProblemJsonConverterTests.Serialize_DifferentTypeValues_HandlesCorrectly(inputType: &quot;&quot;, expectedType: &quot;&quot;)" computerName="konstantins-macbook-pro" duration="00:00:00.0306729" startTime="2025-09-19T23:55:50.8329940+02:00" endTime="2025-09-19T23:55:50.8884330+02:00" testType="13cdc9d9-ddb5-4fa4-a97d-d965ccfc6d4b" outcome="Passed" testListId="8c84fa94-04c1-424b-9868-57a2d4851a1d" relativeResultsDirectory="5c501b36-9d4b-4a9a-a610-e8dbb74eb411" />
    <UnitTestResult executionId="1d445b93-942f-4dcb-bedf-8da8fb21afdf" testId="b152476b-0692-165d-e590-b423100fc237" testName="ManagedCode.Communication.Tests.Extensions.AdvancedRailwayExtensionsTests.ComplexRailwayChain_DemonstratesFullCapabilities" computerName="konstantins-macbook-pro" duration="00:00:00.0195098" startTime="2025-09-19T23:55:50.8921060+02:00" endTime="2025-09-19T23:55:50.9008680+02:00" testType="13cdc9d9-ddb5-4fa4-a97d-d965ccfc6d4b" outcome="Passed" testListId="8c84fa94-04c1-424b-9868-57a2d4851a1d" relativeResultsDirectory="1d445b93-942f-4dcb-bedf-8da8fb21afdf" />
    <UnitTestResult executionId="5bb53522-0c04-4698-9e73-749452ea3acb" testId="c12c22a4-61c9-8d54-02dc-fa4d09ff71de" testName="ManagedCode.Communication.Tests.Extensions.AdvancedRailwayExtensionsTests.Do_WithSuccess_ExecutesAction" computerName="konstantins-macbook-pro" duration="00:00:00.0003745" startTime="2025-09-19T23:55:50.9055620+02:00" endTime="2025-09-19T23:55:50.9055850+02:00" testType="13cdc9d9-ddb5-4fa4-a97d-d965ccfc6d4b" outcome="Passed" testListId="8c84fa94-04c1-424b-9868-57a2d4851a1d" relativeResultsDirectory="5bb53522-0c04-4698-9e73-749452ea3acb" />
    <UnitTestResult executionId="2423259f-d46a-429e-b5ad-7cb368f22432" testId="53713324-cc06-3054-5418-a2a3cf8996e1" testName="ManagedCode.Communication.Tests.Results.ResultInvalidMethodsTests.Result_InvalidT_WithDictionary_ShouldCreateValidationResultWithMultipleFields" computerName="konstantins-macbook-pro" duration="00:00:00.0003474" startTime="2025-09-19T23:55:50.9388350+02:00" endTime="2025-09-19T23:55:50.9395810+02:00" testType="13cdc9d9-ddb5-4fa4-a97d-d965ccfc6d4b" outcome="Passed" testListId="8c84fa94-04c1-424b-9868-57a2d4851a1d" relativeResultsDirectory="2423259f-d46a-429e-b5ad-7cb368f22432" />
    <UnitTestResult executionId="e0542605-970f-491e-8124-7991944abd3a" testId="7f67a8b3-4a6b-118c-9960-3a56a3e105c0" testName="ManagedCode.Communication.Tests.AspNetCore.Helpers.HttpStatusCodeHelperTests.GetStatusCodeForException_AspNetSpecificExceptions_ReturnsCorrectStatusCode(exceptionType: typeof(Microsoft.AspNetCore.Connections.ConnectionResetException), expectedStatusCode: BadRequest)" computerName="konstantins-macbook-pro" duration="00:00:00.0003739" startTime="2025-09-19T23:55:50.9873550+02:00" endTime="2025-09-19T23:55:50.9880200+02:00" testType="13cdc9d9-ddb5-4fa4-a97d-d965ccfc6d4b" outcome="Passed" testListId="8c84fa94-04c1-424b-9868-57a2d4851a1d" relativeResultsDirectory="e0542605-970f-491e-8124-7991944abd3a" />
    <UnitTestResult executionId="08b6dff5-1442-4eb1-b04b-3a29fe2e566c" testId="5c7b6bae-02f9-ce2e-b4df-a3f1c1127960" testName="ManagedCode.Communication.Tests.CollectionResults.CollectionResultFromMethodsTests.From_ValueTaskReturningArray_ShouldCreateSuccessResult" computerName="konstantins-macbook-pro" duration="00:00:00.0014438" startTime="2025-09-19T23:55:51.2261820+02:00" endTime="2025-09-19T23:55:51.2275640+02:00" testType="13cdc9d9-ddb5-4fa4-a97d-d965ccfc6d4b" outcome="Passed" testListId="8c84fa94-04c1-424b-9868-57a2d4851a1d" relativeResultsDirectory="08b6dff5-1442-4eb1-b04b-3a29fe2e566c" />
    <UnitTestResult executionId="4db9a331-fc01-4108-8207-e5c36c1d388b" testId="c7ef02bf-2396-4de8-1185-78ff54ff8aab" testName="ManagedCode.Communication.Tests.AspNetCore.Extensions.ServiceCollectionExtensionsTests.Communication_Should_Handle_Failed_Result" computerName="konstantins-macbook-pro" duration="00:00:00.0012405" startTime="2025-09-19T23:55:51.9847070+02:00" endTime="2025-09-19T23:55:51.9860170+02:00" testType="13cdc9d9-ddb5-4fa4-a97d-d965ccfc6d4b" outcome="Passed" testListId="8c84fa94-04c1-424b-9868-57a2d4851a1d" relativeResultsDirectory="4db9a331-fc01-4108-8207-e5c36c1d388b" />
    <UnitTestResult executionId="bfb01eb5-8352-45ad-a20d-c1ca96a20f34" testId="7618dd2b-5be7-dea8-df8a-a052ad263dcb" testName="ManagedCode.Communication.Tests.AspNetCore.Extensions.ControllerExtensionsTests.ToHttpResult_WithFailedResult_ReturnsProblemResult" computerName="konstantins-macbook-pro" duration="00:00:00.0002506" startTime="2025-09-19T23:55:50.9497390+02:00" endTime="2025-09-19T23:55:50.9497640+02:00" testType="13cdc9d9-ddb5-4fa4-a97d-d965ccfc6d4b" outcome="Passed" testListId="8c84fa94-04c1-424b-9868-57a2d4851a1d" relativeResultsDirectory="bfb01eb5-8352-45ad-a20d-c1ca96a20f34" />
    <UnitTestResult executionId="fd51e8e6-017d-404a-93de-31c344f7b31d" testId="b2e97849-9fd5-473a-c64e-60a1b38c0a1b" testName="ManagedCode.Communication.Tests.AspNetCore.Extensions.ControllerExtensionsTests.ToActionResult_WithVariousStatusCodes_ReturnsCorrectStatusCode(statusCode: 500, title: &quot;Internal Server Error&quot;)" computerName="konstantins-macbook-pro" duration="00:00:00.0000083" startTime="2025-09-19T23:55:50.9493710+02:00" endTime="2025-09-19T23:55:50.9494050+02:00" testType="13cdc9d9-ddb5-4fa4-a97d-d965ccfc6d4b" outcome="Passed" testListId="8c84fa94-04c1-424b-9868-57a2d4851a1d" relativeResultsDirectory="fd51e8e6-017d-404a-93de-31c344f7b31d" />
    <UnitTestResult executionId="76a554c0-1bee-4584-9866-7197b21292ed" testId="a732ecdf-009d-4fc3-3846-806e90a131ab" testName="ManagedCode.Communication.Tests.CollectionResults.CollectionResultFailMethodsTests.FailNotFound_NoParameters_ShouldCreateNotFoundResult" computerName="konstantins-macbook-pro" duration="00:00:00.0002951" startTime="2025-09-19T23:55:51.0032440+02:00" endTime="2025-09-19T23:55:51.0032670+02:00" testType="13cdc9d9-ddb5-4fa4-a97d-d965ccfc6d4b" outcome="Passed" testListId="8c84fa94-04c1-424b-9868-57a2d4851a1d" relativeResultsDirectory="76a554c0-1bee-4584-9866-7197b21292ed" />
    <UnitTestResult executionId="0fcda996-d73f-4eb5-a63c-8d6602a7942a" testId="02d5ff30-44c9-145b-fe61-3027824575fb" testName="ManagedCode.Communication.Tests.Results.ResultTFailMethodsTests.ResultT_FailNotFound_NoParameters_ShouldCreateNotFoundResult" computerName="konstantins-macbook-pro" duration="00:00:00.0001051" startTime="2025-09-19T23:55:50.8835900+02:00" endTime="2025-09-19T23:55:50.8838290+02:00" testType="13cdc9d9-ddb5-4fa4-a97d-d965ccfc6d4b" outcome="Passed" testListId="8c84fa94-04c1-424b-9868-57a2d4851a1d" relativeResultsDirectory="0fcda996-d73f-4eb5-a63c-8d6602a7942a" />
    <UnitTestResult executionId="7bee59fc-aa7e-4e44-895f-3cad6a92cae2" testId="3a32c1dc-077f-4321-e968-780050a8a9d7" testName="ManagedCode.Communication.Tests.Extensions.HttpResponseExtensionTests.FromRequestToResult_VariousErrorCodes_ReturnsFailedResult(statusCode: Forbidden)" computerName="konstantins-macbook-pro" duration="00:00:00.0000077" startTime="2025-09-19T23:55:50.9059620+02:00" endTime="2025-09-19T23:55:50.9059840+02:00" testType="13cdc9d9-ddb5-4fa4-a97d-d965ccfc6d4b" outcome="Passed" testListId="8c84fa94-04c1-424b-9868-57a2d4851a1d" relativeResultsDirectory="7bee59fc-aa7e-4e44-895f-3cad6a92cae2" />
    <UnitTestResult executionId="2c42e618-7865-44f7-95c5-a512934dde65" testId="9ca104e0-d007-7a8a-297e-78d9692a5c9f" testName="ManagedCode.Communication.Tests.Results.RailwayOrientedProgrammingTests.Try_WithSuccessfulOperation_ShouldReturnSuccess" computerName="konstantins-macbook-pro" duration="00:00:00.0001544" startTime="2025-09-19T23:55:50.8798040+02:00" endTime="2025-09-19T23:55:50.8798280+02:00" testType="13cdc9d9-ddb5-4fa4-a97d-d965ccfc6d4b" outcome="Passed" testListId="8c84fa94-04c1-424b-9868-57a2d4851a1d" relativeResultsDirectory="2c42e618-7865-44f7-95c5-a512934dde65" />
    <UnitTestResult executionId="1413c867-6e6a-43fd-bb12-c9e2bcfa2670" testId="4f2fa6bb-6033-af38-3639-8e35b9d62e03" testName="ManagedCode.Communication.Tests.Commands.MemoryCacheCommandIdempotencyStoreTests.ExecuteIdempotentAsync_SecondExecution_ReturnsStoredResultWithoutReexecuting" computerName="konstantins-macbook-pro" duration="00:00:00.0154151" startTime="2025-09-19T23:55:50.9301710+02:00" endTime="2025-09-19T23:55:50.9457280+02:00" testType="13cdc9d9-ddb5-4fa4-a97d-d965ccfc6d4b" outcome="Passed" testListId="8c84fa94-04c1-424b-9868-57a2d4851a1d" relativeResultsDirectory="1413c867-6e6a-43fd-bb12-c9e2bcfa2670" />
    <UnitTestResult executionId="b69faa07-fc6d-400d-b76b-efdea5ced9b7" testId="09e23c6d-513f-3f21-c4c1-44bb3aa0bfe8" testName="ManagedCode.Communication.Tests.Results.ResultInvalidMethodsTests.ResultT_Invalid_WithoutParameters_ShouldCreateValidationResult" computerName="konstantins-macbook-pro" duration="00:00:00.0002063" startTime="2025-09-19T23:55:50.9275580+02:00" endTime="2025-09-19T23:55:50.9276840+02:00" testType="13cdc9d9-ddb5-4fa4-a97d-d965ccfc6d4b" outcome="Passed" testListId="8c84fa94-04c1-424b-9868-57a2d4851a1d" relativeResultsDirectory="b69faa07-fc6d-400d-b76b-efdea5ced9b7" />
    <UnitTestResult executionId="fb115124-b225-4dfc-8b3b-63e162c14941" testId="bbc19fbb-4fd9-f2cb-1f28-6829bede514a" testName="ManagedCode.Communication.Tests.Results.CollectionResultInvalidMethodsTests.CollectionResult_Invalid_WithMessage_ShouldCreateValidationResultWithMessage" computerName="konstantins-macbook-pro" duration="00:00:00.0006114" startTime="2025-09-19T23:55:50.8906350+02:00" endTime="2025-09-19T23:55:50.8907430+02:00" testType="13cdc9d9-ddb5-4fa4-a97d-d965ccfc6d4b" outcome="Passed" testListId="8c84fa94-04c1-424b-9868-57a2d4851a1d" relativeResultsDirectory="fb115124-b225-4dfc-8b3b-63e162c14941" />
    <UnitTestResult executionId="657518a0-6c5c-468d-8bf3-cf320f7c16e2" testId="37563ea7-79b5-6e21-07e3-b7abecf35da5" testName="ManagedCode.Communication.Tests.Results.ResultInvalidMethodsTests.ResultT_Invalid_WithEnumAndDictionary_ShouldCreateValidationResultWithAllData" computerName="konstantins-macbook-pro" duration="00:00:00.0005962" startTime="2025-09-19T23:55:50.9269320+02:00" endTime="2025-09-19T23:55:50.9274820+02:00" testType="13cdc9d9-ddb5-4fa4-a97d-d965ccfc6d4b" outcome="Passed" testListId="8c84fa94-04c1-424b-9868-57a2d4851a1d" relativeResultsDirectory="657518a0-6c5c-468d-8bf3-cf320f7c16e2" />
    <UnitTestResult executionId="750dc438-b42e-45b3-aa46-c43b1239ecdd" testId="c7343c2c-78ed-5e3a-c3ed-259714840c06" testName="ManagedCode.Communication.Tests.Results.ResultTTests.FailValidation_ShouldCreateValidationResult" computerName="konstantins-macbook-pro" duration="00:00:00.0002509" startTime="2025-09-19T23:55:50.8838010+02:00" endTime="2025-09-19T23:55:50.8839240+02:00" testType="13cdc9d9-ddb5-4fa4-a97d-d965ccfc6d4b" outcome="Passed" testListId="8c84fa94-04c1-424b-9868-57a2d4851a1d" relativeResultsDirectory="750dc438-b42e-45b3-aa46-c43b1239ecdd" />
    <UnitTestResult executionId="58971eb3-f153-43b7-97c8-5644bce5d7e7" testId="da316600-cb2e-9486-6dab-86d50d3c1c5c" testName="ManagedCode.Communication.Tests.Results.ResultTFailMethodsTests.ResultT_FailForbidden_WithDetail_ShouldCreateForbiddenResultWithCustomDetail" computerName="konstantins-macbook-pro" duration="00:00:00.0001664" startTime="2025-09-19T23:55:50.8821390+02:00" endTime="2025-09-19T23:55:50.8821610+02:00" testType="13cdc9d9-ddb5-4fa4-a97d-d965ccfc6d4b" outcome="Passed" testListId="8c84fa94-04c1-424b-9868-57a2d4851a1d" relativeResultsDirectory="58971eb3-f153-43b7-97c8-5644bce5d7e7" />
    <UnitTestResult executionId="0058fffc-7be4-49a1-bf52-4670c988969c" testId="e201321c-6364-817c-50cc-555021426f7e" testName="ManagedCode.Communication.Tests.Extensions.AdvancedRailwayExtensionsTests.Compensate_WithSuccess_DoesNotExecuteRecovery" computerName="konstantins-macbook-pro" duration="00:00:00.0001930" startTime="2025-09-19T23:55:50.9376850+02:00" endTime="2025-09-19T23:55:50.9389100+02:00" testType="13cdc9d9-ddb5-4fa4-a97d-d965ccfc6d4b" outcome="Passed" testListId="8c84fa94-04c1-424b-9868-57a2d4851a1d" relativeResultsDirectory="0058fffc-7be4-49a1-bf52-4670c988969c" />
    <UnitTestResult executionId="7d2d96d0-124c-4e88-a113-03e1ae1afa0f" testId="a9d86561-53c8-590d-391e-2656f1b5903c" testName="ManagedCode.Communication.Tests.ResultExtensionsTests.Bind_WithSuccessResult_ShouldExecuteNext" computerName="konstantins-macbook-pro" duration="00:00:00.0001798" startTime="2025-09-19T23:55:50.9892920+02:00" endTime="2025-09-19T23:55:50.9894450+02:00" testType="13cdc9d9-ddb5-4fa4-a97d-d965ccfc6d4b" outcome="Passed" testListId="8c84fa94-04c1-424b-9868-57a2d4851a1d" relativeResultsDirectory="7d2d96d0-124c-4e88-a113-03e1ae1afa0f" />
    <UnitTestResult executionId="7a175c09-036f-4ab6-b163-6210b7098d95" testId="4ec95413-36ce-2f53-a5aa-0f2f9a590c47" testName="ManagedCode.Communication.Tests.Extensions.HttpResponseExtensionTests.FromRequestToResult_NoContentStatusCode_ReturnsSuccessResult" computerName="konstantins-macbook-pro" duration="00:00:00.0003193" startTime="2025-09-19T23:55:50.9262500+02:00" endTime="2025-09-19T23:55:50.9263600+02:00" testType="13cdc9d9-ddb5-4fa4-a97d-d965ccfc6d4b" outcome="Passed" testListId="8c84fa94-04c1-424b-9868-57a2d4851a1d" relativeResultsDirectory="7a175c09-036f-4ab6-b163-6210b7098d95" />
    <UnitTestResult executionId="4ab2f26a-fb19-4b1e-a8bf-70b45e41fdc0" testId="0f8b9216-b299-d332-8e1f-9a8feee5d1e9" testName="ManagedCode.Communication.Tests.Extensions.ProblemExtensionsTests.ToFailedResultT_FromProblemDetails_ShouldCreateFailedResultT" computerName="konstantins-macbook-pro" duration="00:00:00.0005310" startTime="2025-09-19T23:55:50.8784360+02:00" endTime="2025-09-19T23:55:50.8784600+02:00" testType="13cdc9d9-ddb5-4fa4-a97d-d965ccfc6d4b" outcome="Passed" testListId="8c84fa94-04c1-424b-9868-57a2d4851a1d" relativeResultsDirectory="4ab2f26a-fb19-4b1e-a8bf-70b45e41fdc0" />
    <UnitTestResult executionId="cb9f0811-f3e4-4f75-b679-c37cc964485d" testId="31bbfad4-620c-0f60-3fd5-d9cbacc26d24" testName="ManagedCode.Communication.Tests.Extensions.AdvancedRailwayExtensionsTests.Check_WithException_ReturnsFailure" computerName="konstantins-macbook-pro" duration="00:00:00.0002774" startTime="2025-09-19T23:55:50.9014970+02:00" endTime="2025-09-19T23:55:50.9017610+02:00" testType="13cdc9d9-ddb5-4fa4-a97d-d965ccfc6d4b" outcome="Passed" testListId="8c84fa94-04c1-424b-9868-57a2d4851a1d" relativeResultsDirectory="cb9f0811-f3e4-4f75-b679-c37cc964485d" />
    <UnitTestResult executionId="bdd9dc33-d8f7-46ef-a5ed-09507e0abd2d" testId="01712ad9-1f0a-7bad-d728-5d046cd9246c" testName="ManagedCode.Communication.Tests.Orleans.Serialization.CollectionResultSerializationTests.CollectionResult_WithComplexObjects_ShouldSerializeCorrectly" computerName="konstantins-macbook-pro" duration="00:00:00.0056854" startTime="2025-09-19T23:55:51.7438000+02:00" endTime="2025-09-19T23:55:51.7496850+02:00" testType="13cdc9d9-ddb5-4fa4-a97d-d965ccfc6d4b" outcome="Passed" testListId="8c84fa94-04c1-424b-9868-57a2d4851a1d" relativeResultsDirectory="bdd9dc33-d8f7-46ef-a5ed-09507e0abd2d" />
    <UnitTestResult executionId="981a156a-e87a-4d2a-8e36-edb304b00196" testId="5d60b22d-c612-47a3-e3f1-72a7b909f424" testName="ManagedCode.Communication.Tests.Extensions.ProblemExtensionsTests.FromProblemDetails_WithNullStatus_ShouldSetStatusCodeToZero" computerName="konstantins-macbook-pro" duration="00:00:00.0001168" startTime="2025-09-19T23:55:50.8767460+02:00" endTime="2025-09-19T23:55:50.8767730+02:00" testType="13cdc9d9-ddb5-4fa4-a97d-d965ccfc6d4b" outcome="Passed" testListId="8c84fa94-04c1-424b-9868-57a2d4851a1d" relativeResultsDirectory="981a156a-e87a-4d2a-8e36-edb304b00196" />
    <UnitTestResult executionId="c6b1665a-bc8c-46e8-8035-6af4ca80464a" testId="7a125942-0a04-b9bf-5e0a-a73b56af923d" testName="ManagedCode.Communication.Tests.Results.CollectionResultTests.InvalidFieldError_WithValidationProblem_ShouldReturnErrorMessage" computerName="konstantins-macbook-pro" duration="00:00:00.0001849" startTime="2025-09-19T23:55:50.9175010+02:00" endTime="2025-09-19T23:55:50.9175250+02:00" testType="13cdc9d9-ddb5-4fa4-a97d-d965ccfc6d4b" outcome="Passed" testListId="8c84fa94-04c1-424b-9868-57a2d4851a1d" relativeResultsDirectory="c6b1665a-bc8c-46e8-8035-6af4ca80464a" />
    <UnitTestResult executionId="5c155acf-ae88-423e-a12c-b7ded016ea09" testId="39a6af94-85fa-6403-b818-97dddf42687e" testName="ManagedCode.Communication.Tests.ProblemTests.ProblemCreateMethodsTests.Problem_Create_FromExceptionWithData_ShouldIncludeExceptionData" computerName="konstantins-macbook-pro" duration="00:00:00.0001821" startTime="2025-09-19T23:55:50.9660710+02:00" endTime="2025-09-19T23:55:50.9661020+02:00" testType="13cdc9d9-ddb5-4fa4-a97d-d965ccfc6d4b" outcome="Passed" testListId="8c84fa94-04c1-424b-9868-57a2d4851a1d" relativeResultsDirectory="5c155acf-ae88-423e-a12c-b7ded016ea09" />
    <UnitTestResult executionId="49808ee9-7086-419f-80fb-a447ca361e73" testId="342251bc-8c6a-107f-f40f-bd580bcab139" testName="ManagedCode.Communication.Tests.ResultExtensionsTests.ComplexPipeline_ShouldProcessCorrectly" computerName="konstantins-macbook-pro" duration="00:00:00.0119214" startTime="2025-09-19T23:55:50.9616380+02:00" endTime="2025-09-19T23:55:50.9871190+02:00" testType="13cdc9d9-ddb5-4fa4-a97d-d965ccfc6d4b" outcome="Passed" testListId="8c84fa94-04c1-424b-9868-57a2d4851a1d" relativeResultsDirectory="49808ee9-7086-419f-80fb-a447ca361e73" />
    <UnitTestResult executionId="acf7c801-ff95-4bd1-9ccf-74218c79aad5" testId="6e55e433-431e-430f-5946-55a9c6e99a57" testName="ManagedCode.Communication.Tests.Extensions.RailwayExtensionsTests.BindAsync_SuccessfulResult_ExecutesNext" computerName="konstantins-macbook-pro" duration="00:00:00.0005835" startTime="2025-09-19T23:55:50.8945350+02:00" endTime="2025-09-19T23:55:50.8945580+02:00" testType="13cdc9d9-ddb5-4fa4-a97d-d965ccfc6d4b" outcome="Passed" testListId="8c84fa94-04c1-424b-9868-57a2d4851a1d" relativeResultsDirectory="acf7c801-ff95-4bd1-9ccf-74218c79aad5" />
    <UnitTestResult executionId="bc54b1a5-60b0-49c4-8c84-cfcb7845fc2f" testId="d360f263-f7ec-aadc-b7b2-c7765fbfba2e" testName="ManagedCode.Communication.Tests.Results.RailwayOrientedProgrammingTests.ComplexChain_ShouldWorkCorrectly" computerName="konstantins-macbook-pro" duration="00:00:00.0059737" startTime="2025-09-19T23:55:50.8758000+02:00" endTime="2025-09-19T23:55:50.8785550+02:00" testType="13cdc9d9-ddb5-4fa4-a97d-d965ccfc6d4b" outcome="Passed" testListId="8c84fa94-04c1-424b-9868-57a2d4851a1d" relativeResultsDirectory="bc54b1a5-60b0-49c4-8c84-cfcb7845fc2f" />
    <UnitTestResult executionId="1c6e3c58-a4a9-4c0e-9a65-27b13e959655" testId="a9049ec7-47e6-1452-0cab-fffe5164f084" testName="ManagedCode.Communication.Tests.Results.CollectionResultTests.InvalidField_WithValidationProblem_ShouldReturnCorrectResult" computerName="konstantins-macbook-pro" duration="00:00:00.0001631" startTime="2025-09-19T23:55:50.9172300+02:00" endTime="2025-09-19T23:55:50.9172540+02:00" testType="13cdc9d9-ddb5-4fa4-a97d-d965ccfc6d4b" outcome="Passed" testListId="8c84fa94-04c1-424b-9868-57a2d4851a1d" relativeResultsDirectory="1c6e3c58-a4a9-4c0e-9a65-27b13e959655" />
    <UnitTestResult executionId="4abe3b08-97f1-4b37-8c76-1d1d3f09b1df" testId="84853a77-193c-be7b-a6c8-566bcbdc46e5" testName="ManagedCode.Communication.Tests.AspNetCore.Extensions.ControllerExtensionsTests.ToActionResult_WithVariousStatusCodes_ReturnsCorrectStatusCode(statusCode: 409, title: &quot;Conflict&quot;)" computerName="konstantins-macbook-pro" duration="00:00:00.0001004" startTime="2025-09-19T23:55:50.9492140+02:00" endTime="2025-09-19T23:55:50.9492440+02:00" testType="13cdc9d9-ddb5-4fa4-a97d-d965ccfc6d4b" outcome="Passed" testListId="8c84fa94-04c1-424b-9868-57a2d4851a1d" relativeResultsDirectory="4abe3b08-97f1-4b37-8c76-1d1d3f09b1df" />
    <UnitTestResult executionId="5bdeb119-ca6c-418f-b4b9-f84c55d5c885" testId="f4bee914-5ce1-371a-8400-7e20f637c3a1" testName="ManagedCode.Communication.Tests.Extensions.RailwayExtensionsTests.Ensure_SuccessfulResultValidPredicate_RemainsSuccessful" computerName="konstantins-macbook-pro" duration="00:00:00.0001558" startTime="2025-09-19T23:55:50.8971110+02:00" endTime="2025-09-19T23:55:50.8971320+02:00" testType="13cdc9d9-ddb5-4fa4-a97d-d965ccfc6d4b" outcome="Passed" testListId="8c84fa94-04c1-424b-9868-57a2d4851a1d" relativeResultsDirectory="5bdeb119-ca6c-418f-b4b9-f84c55d5c885" />
    <UnitTestResult executionId="ef2a7d3b-9457-4038-8f68-d9e28485d96c" testId="014c01cc-82ce-1338-64c6-0f60bdc5f380" testName="ManagedCode.Communication.Tests.CollectionResults.CollectionResultFromMethodsTests.From_FuncThrowingException_ShouldCreateFailedResult" computerName="konstantins-macbook-pro" duration="00:00:00.0005050" startTime="2025-09-19T23:55:51.2471780+02:00" endTime="2025-09-19T23:55:51.2472810+02:00" testType="13cdc9d9-ddb5-4fa4-a97d-d965ccfc6d4b" outcome="Passed" testListId="8c84fa94-04c1-424b-9868-57a2d4851a1d" relativeResultsDirectory="ef2a7d3b-9457-4038-8f68-d9e28485d96c" />
    <UnitTestResult executionId="42fd8bb4-ff33-4987-b076-7f81794ee4f3" testId="ee9232ac-1b99-3b56-d749-59bfec2b6ae0" testName="ManagedCode.Communication.Tests.CollectionResults.CollectionResultFromMethodsTests.From_FuncReturningCollectionResult_ShouldReturnSameResult" computerName="konstantins-macbook-pro" duration="00:00:00.0008017" startTime="2025-09-19T23:55:51.1761600+02:00" endTime="2025-09-19T23:55:51.1767530+02:00" testType="13cdc9d9-ddb5-4fa4-a97d-d965ccfc6d4b" outcome="Passed" testListId="8c84fa94-04c1-424b-9868-57a2d4851a1d" relativeResultsDirectory="42fd8bb4-ff33-4987-b076-7f81794ee4f3" />
    <UnitTestResult executionId="37598d75-56d5-4715-8964-394141f62348" testId="343ce4f5-70c5-16b3-2ac5-d8d01c366aab" testName="ManagedCode.Communication.Tests.Results.ResultTests.Try_WithSuccessfulAction_ShouldCreateSuccessfulResult" computerName="konstantins-macbook-pro" duration="00:00:00.0067148" startTime="2025-09-19T23:55:50.8330070+02:00" endTime="2025-09-19T23:55:50.8456750+02:00" testType="13cdc9d9-ddb5-4fa4-a97d-d965ccfc6d4b" outcome="Passed" testListId="8c84fa94-04c1-424b-9868-57a2d4851a1d" relativeResultsDirectory="37598d75-56d5-4715-8964-394141f62348" />
    <UnitTestResult executionId="069aead6-5535-4f3f-acbe-eca43d822d79" testId="1984c2a7-7175-dd20-85f7-f923a8979400" testName="ManagedCode.Communication.Tests.Results.ResultTests.ImplicitOperator_FromBool_False_ShouldCreateFailedResult" computerName="konstantins-macbook-pro" duration="00:00:00.0001203" startTime="2025-09-19T23:55:50.8875400+02:00" endTime="2025-09-19T23:55:50.8876390+02:00" testType="13cdc9d9-ddb5-4fa4-a97d-d965ccfc6d4b" outcome="Passed" testListId="8c84fa94-04c1-424b-9868-57a2d4851a1d" relativeResultsDirectory="069aead6-5535-4f3f-acbe-eca43d822d79" />
    <UnitTestResult executionId="82e4858b-af5c-45c4-a971-0e4e07937eaa" testId="30c64cc6-6335-ca51-cb54-04f89cee0ed9" testName="ManagedCode.Communication.Tests.CollectionResults.CollectionResultFailMethodsTests.Fail_WithEnumAndStatus_ShouldCreateFailedResultWithErrorCodeAndStatus" computerName="konstantins-macbook-pro" duration="00:00:00.0003081" startTime="2025-09-19T23:55:50.9980890+02:00" endTime="2025-09-19T23:55:50.9983340+02:00" testType="13cdc9d9-ddb5-4fa4-a97d-d965ccfc6d4b" outcome="Passed" testListId="8c84fa94-04c1-424b-9868-57a2d4851a1d" relativeResultsDirectory="82e4858b-af5c-45c4-a971-0e4e07937eaa" />
    <UnitTestResult executionId="f873abfc-1940-4158-8862-a8754b1dc26a" testId="8e7216bb-69f8-c56d-3e84-3e82cfa64c5c" testName="ManagedCode.Communication.Tests.AspNetCore.Extensions.HubOptionsExtensionsTests.AddCommunicationHubFilter_DoesNotThrow" computerName="konstantins-macbook-pro" duration="00:00:00.0053608" startTime="2025-09-19T23:55:50.9265460+02:00" endTime="2025-09-19T23:55:50.9309540+02:00" testType="13cdc9d9-ddb5-4fa4-a97d-d965ccfc6d4b" outcome="Passed" testListId="8c84fa94-04c1-424b-9868-57a2d4851a1d" relativeResultsDirectory="f873abfc-1940-4158-8862-a8754b1dc26a" />
    <UnitTestResult executionId="2f593fc5-d5aa-45b7-b456-a06c8ce73322" testId="8eb35749-f865-2bf9-dc8d-fbacac303a24" testName="ManagedCode.Communication.Tests.Results.ProblemTests.WithExtensions_ShouldOverwriteExistingExtensions" computerName="konstantins-macbook-pro" duration="00:00:00.0003475" startTime="2025-09-19T23:55:50.8867850+02:00" endTime="2025-09-19T23:55:50.8873960+02:00" testType="13cdc9d9-ddb5-4fa4-a97d-d965ccfc6d4b" outcome="Passed" testListId="8c84fa94-04c1-424b-9868-57a2d4851a1d" relativeResultsDirectory="2f593fc5-d5aa-45b7-b456-a06c8ce73322" />
    <UnitTestResult executionId="a8a7e566-f524-429b-bf72-fabee29c7959" testId="0d212d73-5048-5154-48c3-5b8a40dc9820" testName="ManagedCode.Communication.Tests.Serialization.SerializationTests.Result_WithProblem_ShouldSerializeAndDeserialize" computerName="konstantins-macbook-pro" duration="00:00:00.0059615" startTime="2025-09-19T23:55:50.9551610+02:00" endTime="2025-09-19T23:55:50.9615020+02:00" testType="13cdc9d9-ddb5-4fa4-a97d-d965ccfc6d4b" outcome="Passed" testListId="8c84fa94-04c1-424b-9868-57a2d4851a1d" relativeResultsDirectory="a8a7e566-f524-429b-bf72-fabee29c7959" />
    <UnitTestResult executionId="4869e602-3f0c-4fe8-ad85-dc041bf7f176" testId="9e03bf6d-4e75-7d3d-979b-1b27fa078d7d" testName="ManagedCode.Communication.Tests.ResultExtensionsTests.BindGeneric_WithSuccessResult_ShouldChainOperations" computerName="konstantins-macbook-pro" duration="00:00:00.0001682" startTime="2025-09-19T23:55:50.9945600+02:00" endTime="2025-09-19T23:55:50.9946690+02:00" testType="13cdc9d9-ddb5-4fa4-a97d-d965ccfc6d4b" outcome="Passed" testListId="8c84fa94-04c1-424b-9868-57a2d4851a1d" relativeResultsDirectory="4869e602-3f0c-4fe8-ad85-dc041bf7f176" />
    <UnitTestResult executionId="741b603f-733a-4f74-8857-ce106b78c6e2" testId="5db74618-4490-82d8-607c-508cd5058260" testName="ManagedCode.Communication.Tests.Results.ResultTFailMethodsTests.ResultT_Fail_WithTitleAndDetail_ShouldCreateFailedResultWithDefaultStatus" computerName="konstantins-macbook-pro" duration="00:00:00.0002479" startTime="2025-09-19T23:55:50.8822930+02:00" endTime="2025-09-19T23:55:50.8823180+02:00" testType="13cdc9d9-ddb5-4fa4-a97d-d965ccfc6d4b" outcome="Passed" testListId="8c84fa94-04c1-424b-9868-57a2d4851a1d" relativeResultsDirectory="741b603f-733a-4f74-8857-ce106b78c6e2" />
    <UnitTestResult executionId="9dedb952-a38b-463b-8db2-878b2be8d8b9" testId="9bc3a0c5-2fcf-8c19-b3cf-1cf301730bb6" testName="ManagedCode.Communication.Tests.Results.ResultTTests.Tap_WithSuccessfulResult_ShouldExecuteAction" computerName="konstantins-macbook-pro" duration="00:00:00.0001157" startTime="2025-09-19T23:55:50.8832640+02:00" endTime="2025-09-19T23:55:50.8836750+02:00" testType="13cdc9d9-ddb5-4fa4-a97d-d965ccfc6d4b" outcome="Passed" testListId="8c84fa94-04c1-424b-9868-57a2d4851a1d" relativeResultsDirectory="9dedb952-a38b-463b-8db2-878b2be8d8b9" />
    <UnitTestResult executionId="4ad9c206-7af4-451a-b1d6-f58720814d5c" testId="21522ead-b433-4ed6-2bc6-7bc12d8649e5" testName="ManagedCode.Communication.Tests.Orleans.Serialization.CommandSerializationTests.Command_WithAllFields_ShouldSerializeCorrectly" computerName="konstantins-macbook-pro" duration="00:00:00.0076696" startTime="2025-09-19T23:55:51.7288070+02:00" endTime="2025-09-19T23:55:51.7371510+02:00" testType="13cdc9d9-ddb5-4fa4-a97d-d965ccfc6d4b" outcome="Passed" testListId="8c84fa94-04c1-424b-9868-57a2d4851a1d" relativeResultsDirectory="4ad9c206-7af4-451a-b1d6-f58720814d5c" />
    <UnitTestResult executionId="4f895104-e048-48ff-90a7-be668b696f92" testId="1a2bce7c-5d7c-740b-8a3b-5357d8d90197" testName="ManagedCode.Communication.Tests.CollectionResults.CollectionResultFailMethodsTests.Fail_WithTitleAndDetail_ShouldCreateFailedResultWithDefaultStatus" computerName="konstantins-macbook-pro" duration="00:00:00.0001020" startTime="2025-09-19T23:55:51.0050160+02:00" endTime="2025-09-19T23:55:51.0050450+02:00" testType="13cdc9d9-ddb5-4fa4-a97d-d965ccfc6d4b" outcome="Passed" testListId="8c84fa94-04c1-424b-9868-57a2d4851a1d" relativeResultsDirectory="4f895104-e048-48ff-90a7-be668b696f92" />
    <UnitTestResult executionId="8eedf85a-6032-49af-88c2-d22d64f114b4" testId="2b85e6a6-b085-3693-8351-fe312faa0712" testName="ManagedCode.Communication.Tests.CollectionResults.CollectionResultFailMethodsTests.Fail_NoParameters_ShouldCreateFailedResult" computerName="konstantins-macbook-pro" duration="00:00:00.0001756" startTime="2025-09-19T23:55:50.9976660+02:00" endTime="2025-09-19T23:55:50.9977610+02:00" testType="13cdc9d9-ddb5-4fa4-a97d-d965ccfc6d4b" outcome="Passed" testListId="8c84fa94-04c1-424b-9868-57a2d4851a1d" relativeResultsDirectory="8eedf85a-6032-49af-88c2-d22d64f114b4" />
    <UnitTestResult executionId="c68e05de-47fe-429b-83cc-479ad52cdf3b" testId="4659e2ae-6baf-fd7c-3743-b3031d89bf4f" testName="ManagedCode.Communication.Tests.ProblemTests.ProblemCreateMethodsTests.Problem_Create_WithEnumAndVariousStatusCodes_ShouldSetCorrectType(statusCode: 400, enumValue: &quot;BadRequest&quot;)" computerName="konstantins-macbook-pro" duration="00:00:00.0000054" startTime="2025-09-19T23:55:50.9682260+02:00" endTime="2025-09-19T23:55:50.9682510+02:00" testType="13cdc9d9-ddb5-4fa4-a97d-d965ccfc6d4b" outcome="Passed" testListId="8c84fa94-04c1-424b-9868-57a2d4851a1d" relativeResultsDirectory="c68e05de-47fe-429b-83cc-479ad52cdf3b" />
    <UnitTestResult executionId="d85aa400-69b4-4c64-b9e7-3c93396e5077" testId="924855e1-9194-3b57-9cd1-1c25809360b6" testName="ManagedCode.Communication.Tests.ResultExtensionsTests.TapGeneric_WithSuccessResult_ShouldExecuteActionWithValue" computerName="konstantins-macbook-pro" duration="00:00:00.0001616" startTime="2025-09-19T23:55:50.9879250+02:00" endTime="2025-09-19T23:55:50.9881900+02:00" testType="13cdc9d9-ddb5-4fa4-a97d-d965ccfc6d4b" outcome="Passed" testListId="8c84fa94-04c1-424b-9868-57a2d4851a1d" relativeResultsDirectory="d85aa400-69b4-4c64-b9e7-3c93396e5077" />
    <UnitTestResult executionId="ed90993a-72a4-4308-bb6c-5bd7cf0e8b20" testId="0d6b088a-4cbb-1e56-2603-e26c92fd9014" testName="ManagedCode.Communication.Tests.Results.CollectionResultInvalidMethodsTests.CollectionResult_Invalid_WithSpecialCharacters_ShouldHandleCorrectly" computerName="konstantins-macbook-pro" duration="00:00:00.0001138" startTime="2025-09-19T23:55:50.9002170+02:00" endTime="2025-09-19T23:55:50.9002390+02:00" testType="13cdc9d9-ddb5-4fa4-a97d-d965ccfc6d4b" outcome="Passed" testListId="8c84fa94-04c1-424b-9868-57a2d4851a1d" relativeResultsDirectory="ed90993a-72a4-4308-bb6c-5bd7cf0e8b20" />
    <UnitTestResult executionId="66f20101-ac29-49ee-85e2-1eb982eee645" testId="75533a59-7aee-ba55-d67e-cbe9946ac332" testName="ManagedCode.Communication.Tests.OrleansTests.GrainClientTests.ValueTaskResultError" computerName="konstantins-macbook-pro" duration="00:00:00.0016322" startTime="2025-09-19T23:55:52.1041160+02:00" endTime="2025-09-19T23:55:52.1057660+02:00" testType="13cdc9d9-ddb5-4fa4-a97d-d965ccfc6d4b" outcome="Passed" testListId="8c84fa94-04c1-424b-9868-57a2d4851a1d" relativeResultsDirectory="66f20101-ac29-49ee-85e2-1eb982eee645" />
    <UnitTestResult executionId="42424e8c-6f46-43a6-bfce-af24dad7c84d" testId="8ef731a7-df62-2078-454e-b3c5ab5a52f3" testName="ManagedCode.Communication.Tests.Results.ProblemTests.Create_ShouldCreateProblemWithAllProperties" computerName="konstantins-macbook-pro" duration="00:00:00.0002918" startTime="2025-09-19T23:55:50.8829520+02:00" endTime="2025-09-19T23:55:50.8830550+02:00" testType="13cdc9d9-ddb5-4fa4-a97d-d965ccfc6d4b" outcome="Passed" testListId="8c84fa94-04c1-424b-9868-57a2d4851a1d" relativeResultsDirectory="42424e8c-6f46-43a6-bfce-af24dad7c84d" />
    <UnitTestResult executionId="585a579e-4f7f-40c7-92d2-9ef1c73cdccd" testId="dad72413-ce66-f7c6-62da-d1fb0f77778d" testName="ManagedCode.Communication.Tests.Serialization.SerializationTests.CollectionResult_Failed_ShouldSerializeAndDeserialize" computerName="konstantins-macbook-pro" duration="00:00:00.0546342" startTime="2025-09-19T23:55:50.8904080+02:00" endTime="2025-09-19T23:55:50.9202930+02:00" testType="13cdc9d9-ddb5-4fa4-a97d-d965ccfc6d4b" outcome="Passed" testListId="8c84fa94-04c1-424b-9868-57a2d4851a1d" relativeResultsDirectory="585a579e-4f7f-40c7-92d2-9ef1c73cdccd" />
    <UnitTestResult executionId="a2c1ab37-935b-4d27-8d4b-4255d50ba980" testId="cf228890-f5ab-17dc-6ff0-7693334748e8" testName="ManagedCode.Communication.Tests.CollectionResults.CollectionResultFailMethodsTests.FailUnauthorized_WithDetail_ShouldCreateUnauthorizedResultWithCustomDetail" computerName="konstantins-macbook-pro" duration="00:00:00.0001745" startTime="2025-09-19T23:55:50.9971290+02:00" endTime="2025-09-19T23:55:50.9971490+02:00" testType="13cdc9d9-ddb5-4fa4-a97d-d965ccfc6d4b" outcome="Passed" testListId="8c84fa94-04c1-424b-9868-57a2d4851a1d" relativeResultsDirectory="a2c1ab37-935b-4d27-8d4b-4255d50ba980" />
    <UnitTestResult executionId="a6b6abc3-f8b1-466d-9ea1-f6c232516a90" testId="cb6876f0-ec0c-d7e3-5334-20d6a5561189" testName="ManagedCode.Communication.Tests.CollectionResults.CollectionResultFailMethodsTests.Fail_WithTitleDetailAndStatus_ShouldCreateFailedResultWithSpecifiedStatus" computerName="konstantins-macbook-pro" duration="00:00:00.0000909" startTime="2025-09-19T23:55:50.9978100+02:00" endTime="2025-09-19T23:55:50.9978310+02:00" testType="13cdc9d9-ddb5-4fa4-a97d-d965ccfc6d4b" outcome="Passed" testListId="8c84fa94-04c1-424b-9868-57a2d4851a1d" relativeResultsDirectory="a6b6abc3-f8b1-466d-9ea1-f6c232516a90" />
    <UnitTestResult executionId="f791a849-78e7-46c0-9d26-51350a6ebe2e" testId="52834aef-4100-31c8-7821-69756a7a275b" testName="ManagedCode.Communication.Tests.Results.ResultInvalidMethodsTests.Invalid_DifferentEnumTypes_ShouldWorkWithAnyEnum" computerName="konstantins-macbook-pro" duration="00:00:00.0008977" startTime="2025-09-19T23:55:50.9431260+02:00" endTime="2025-09-19T23:55:50.9436970+02:00" testType="13cdc9d9-ddb5-4fa4-a97d-d965ccfc6d4b" outcome="Passed" testListId="8c84fa94-04c1-424b-9868-57a2d4851a1d" relativeResultsDirectory="f791a849-78e7-46c0-9d26-51350a6ebe2e" />
    <UnitTestResult executionId="3bb83620-b42a-4857-a5a7-f5a8381eed41" testId="f078f557-ee0d-8e18-56e1-39597d1f6c31" testName="ManagedCode.Communication.Tests.Results.ResultOperatorsTests.Result_ImplicitOperator_FromProblem_ShouldCreateFailedResult" computerName="konstantins-macbook-pro" duration="00:00:00.0002765" startTime="2025-09-19T23:55:50.9007900+02:00" endTime="2025-09-19T23:55:50.9008150+02:00" testType="13cdc9d9-ddb5-4fa4-a97d-d965ccfc6d4b" outcome="Passed" testListId="8c84fa94-04c1-424b-9868-57a2d4851a1d" relativeResultsDirectory="3bb83620-b42a-4857-a5a7-f5a8381eed41" />
    <UnitTestResult executionId="47b85b36-42e8-4911-8ec9-b533cf84dd5f" testId="71cf5e6d-ba2a-c7c3-a763-2fcedf333a8b" testName="ManagedCode.Communication.Tests.Results.ResultFailMethodsTests.Result_FailForbidden_NoParameters_ShouldCreateForbiddenResult" computerName="konstantins-macbook-pro" duration="00:00:00.0002539" startTime="2025-09-19T23:55:50.9046770+02:00" endTime="2025-09-19T23:55:50.9047000+02:00" testType="13cdc9d9-ddb5-4fa4-a97d-d965ccfc6d4b" outcome="Passed" testListId="8c84fa94-04c1-424b-9868-57a2d4851a1d" relativeResultsDirectory="47b85b36-42e8-4911-8ec9-b533cf84dd5f" />
    <UnitTestResult executionId="6215d44d-f304-460b-af18-b3d5d27675a7" testId="df5d6f80-47b6-1dba-6191-9a36b85a07e0" testName="ManagedCode.Communication.Tests.AspNetCore.Extensions.ControllerExtensionsTests.ToActionResult_WithComplexObject_ReturnsCorrectValue" computerName="konstantins-macbook-pro" duration="00:00:00.0007350" startTime="2025-09-19T23:55:50.9518920+02:00" endTime="2025-09-19T23:55:50.9519890+02:00" testType="13cdc9d9-ddb5-4fa4-a97d-d965ccfc6d4b" outcome="Passed" testListId="8c84fa94-04c1-424b-9868-57a2d4851a1d" relativeResultsDirectory="6215d44d-f304-460b-af18-b3d5d27675a7" />
    <UnitTestResult executionId="60ba6268-d68f-4ac0-9f4c-7854af30deef" testId="2aa15638-d059-56c3-1ae6-4f20daa0efd6" testName="ManagedCode.Communication.Tests.Serialization.ProblemJsonConverterTests.Deserialize_BasicProblem_RestoresCorrectObject" computerName="konstantins-macbook-pro" duration="00:00:00.0003006" startTime="2025-09-19T23:55:50.9159120+02:00" endTime="2025-09-19T23:55:50.9161570+02:00" testType="13cdc9d9-ddb5-4fa4-a97d-d965ccfc6d4b" outcome="Passed" testListId="8c84fa94-04c1-424b-9868-57a2d4851a1d" relativeResultsDirectory="60ba6268-d68f-4ac0-9f4c-7854af30deef" />
    <UnitTestResult executionId="72ee227e-4bd6-491d-ac44-ddec05b919cf" testId="3f8cf111-d901-cf6d-6700-aa95356160f6" testName="ManagedCode.Communication.Tests.Results.ProblemTests.HasErrorCode_WithMatchingEnum_ShouldReturnTrue" computerName="konstantins-macbook-pro" duration="00:00:00.0002531" startTime="2025-09-19T23:55:50.8876170+02:00" endTime="2025-09-19T23:55:50.8881130+02:00" testType="13cdc9d9-ddb5-4fa4-a97d-d965ccfc6d4b" outcome="Passed" testListId="8c84fa94-04c1-424b-9868-57a2d4851a1d" relativeResultsDirectory="72ee227e-4bd6-491d-ac44-ddec05b919cf" />
    <UnitTestResult executionId="47986382-55af-4434-8dcf-86ed99dab02c" testId="9b27f918-c1f0-a33c-798d-abb63ee48b10" testName="ManagedCode.Communication.Tests.Results.ProblemToExceptionErrorTests.ToException_WithMalformedOriginalExceptionType_ShouldFallbackToProblemException" computerName="konstantins-macbook-pro" duration="00:00:00.0001845" startTime="2025-09-19T23:55:50.9648680+02:00" endTime="2025-09-19T23:55:50.9649390+02:00" testType="13cdc9d9-ddb5-4fa4-a97d-d965ccfc6d4b" outcome="Passed" testListId="8c84fa94-04c1-424b-9868-57a2d4851a1d" relativeResultsDirectory="47986382-55af-4434-8dcf-86ed99dab02c" />
    <UnitTestResult executionId="289b5d44-31e8-4453-baf7-92a2f34eab0d" testId="1d4a9ecb-b166-605d-08b1-b1a2e2f4e86b" testName="ManagedCode.Communication.Tests.Extensions.RailwayExtensionsTests.Match_SuccessfulResult_ExecutesOnSuccess" computerName="konstantins-macbook-pro" duration="00:00:00.0002952" startTime="2025-09-19T23:55:50.8959950+02:00" endTime="2025-09-19T23:55:50.8960200+02:00" testType="13cdc9d9-ddb5-4fa4-a97d-d965ccfc6d4b" outcome="Passed" testListId="8c84fa94-04c1-424b-9868-57a2d4851a1d" relativeResultsDirectory="289b5d44-31e8-4453-baf7-92a2f34eab0d" />
    <UnitTestResult executionId="9bf8d152-b549-4a93-acf8-63a7a757b67a" testId="6cf80ec4-adaa-7630-8518-7cc2f85912e5" testName="ManagedCode.Communication.Tests.Results.ResultTTests.ThrowIfFail_WithSuccessfulResult_ShouldNotThrow" computerName="konstantins-macbook-pro" duration="00:00:00.0008042" startTime="2025-09-19T23:55:50.8880900+02:00" endTime="2025-09-19T23:55:50.8889770+02:00" testType="13cdc9d9-ddb5-4fa4-a97d-d965ccfc6d4b" outcome="Passed" testListId="8c84fa94-04c1-424b-9868-57a2d4851a1d" relativeResultsDirectory="9bf8d152-b549-4a93-acf8-63a7a757b67a" />
    <UnitTestResult executionId="adf1f019-1b15-4506-8cde-b316bf6c1b30" testId="0a693c83-039e-37ea-ca71-d6cb11cb39f0" testName="ManagedCode.Communication.Tests.Results.ResultTTests.Succeed_WithValue_ShouldCreateSuccessfulResult" computerName="konstantins-macbook-pro" duration="00:00:00.0001141" startTime="2025-09-19T23:55:50.8842080+02:00" endTime="2025-09-19T23:55:50.8846780+02:00" testType="13cdc9d9-ddb5-4fa4-a97d-d965ccfc6d4b" outcome="Passed" testListId="8c84fa94-04c1-424b-9868-57a2d4851a1d" relativeResultsDirectory="adf1f019-1b15-4506-8cde-b316bf6c1b30" />
    <UnitTestResult executionId="f872edbd-a1d7-4d19-96cf-64a11cfca47e" testId="4bf554c3-e002-54a1-f4f4-8a2759f993cd" testName="ManagedCode.Communication.Tests.Results.ResultTTests.ThrowIfFail_WithValidationFailure_ShouldThrowWithValidationDetails" computerName="konstantins-macbook-pro" duration="00:00:00.0003979" startTime="2025-09-19T23:55:50.8896200+02:00" endTime="2025-09-19T23:55:50.8902460+02:00" testType="13cdc9d9-ddb5-4fa4-a97d-d965ccfc6d4b" outcome="Passed" testListId="8c84fa94-04c1-424b-9868-57a2d4851a1d" relativeResultsDirectory="f872edbd-a1d7-4d19-96cf-64a11cfca47e" />
    <UnitTestResult executionId="95a71805-a328-4035-ae6b-e7b7222ee754" testId="08729d0d-aac1-00cc-61c8-d3a43baa982c" testName="ManagedCode.Communication.Tests.Orleans.Serialization.CollectionResultSerializationTests.CollectionResult_LargePagination_ShouldSerializeCorrectly" computerName="konstantins-macbook-pro" duration="00:00:00.0026351" startTime="2025-09-19T23:55:51.7324160+02:00" endTime="2025-09-19T23:55:51.7347740+02:00" testType="13cdc9d9-ddb5-4fa4-a97d-d965ccfc6d4b" outcome="Passed" testListId="8c84fa94-04c1-424b-9868-57a2d4851a1d" relativeResultsDirectory="95a71805-a328-4035-ae6b-e7b7222ee754" />
    <UnitTestResult executionId="3a77c7ce-583f-481f-883c-7499b77db55f" testId="a7cb801d-7f16-2aed-a9b9-27ada01410cb" testName="ManagedCode.Communication.Tests.Results.ResultHelperMethodsTests.Result_TryGetProblem_WithFailure_ShouldReturnTrueAndProblem" computerName="konstantins-macbook-pro" duration="00:00:00.0000851" startTime="2025-09-19T23:55:50.9635090+02:00" endTime="2025-09-19T23:55:50.9635340+02:00" testType="13cdc9d9-ddb5-4fa4-a97d-d965ccfc6d4b" outcome="Passed" testListId="8c84fa94-04c1-424b-9868-57a2d4851a1d" relativeResultsDirectory="3a77c7ce-583f-481f-883c-7499b77db55f" />
    <UnitTestResult executionId="20fb6d2a-f0db-44ee-88b2-c372d353f4f0" testId="52aa0a27-dd41-6786-2c85-98c2fe5a5a8d" testName="ManagedCode.Communication.Tests.Results.CollectionResultTests.Succeed_WithArrayOnly_ShouldCalculatePagingInfo" computerName="konstantins-macbook-pro" duration="00:00:00.0007869" startTime="2025-09-19T23:55:50.9245600+02:00" endTime="2025-09-19T23:55:50.9251620+02:00" testType="13cdc9d9-ddb5-4fa4-a97d-d965ccfc6d4b" outcome="Passed" testListId="8c84fa94-04c1-424b-9868-57a2d4851a1d" relativeResultsDirectory="20fb6d2a-f0db-44ee-88b2-c372d353f4f0" />
    <UnitTestResult executionId="6cebfa46-9b92-4709-aba8-8b874e3c6643" testId="75503792-348c-52d7-8b2d-0e5e30e7737f" testName="ManagedCode.Communication.Tests.Results.ProblemExceptionTests.Constructor_WithProblem_ShouldSetPropertiesCorrectly" computerName="konstantins-macbook-pro" duration="00:00:00.0002978" startTime="2025-09-19T23:55:50.9528870+02:00" endTime="2025-09-19T23:55:50.9530300+02:00" testType="13cdc9d9-ddb5-4fa4-a97d-d965ccfc6d4b" outcome="Passed" testListId="8c84fa94-04c1-424b-9868-57a2d4851a1d" relativeResultsDirectory="6cebfa46-9b92-4709-aba8-8b874e3c6643" />
    <UnitTestResult executionId="c341cae1-0e56-4bd0-ad11-13d0d603687c" testId="e6978d63-8432-1fb5-de7e-ad5cae526227" testName="ManagedCode.Communication.Tests.Results.CollectionResultTests.TryGetProblem_WithFailedResult_ShouldReturnTrueAndProblem" computerName="konstantins-macbook-pro" duration="00:00:00.0001265" startTime="2025-09-19T23:55:50.9173890+02:00" endTime="2025-09-19T23:55:50.9174240+02:00" testType="13cdc9d9-ddb5-4fa4-a97d-d965ccfc6d4b" outcome="Passed" testListId="8c84fa94-04c1-424b-9868-57a2d4851a1d" relativeResultsDirectory="c341cae1-0e56-4bd0-ad11-13d0d603687c" />
    <UnitTestResult executionId="9ac684d6-5ac0-46ca-8f03-8136989af8a6" testId="0fe8d20e-348c-7d20-8e18-4ab370792fe0" testName="ManagedCode.Communication.Tests.CollectionResults.CollectionResultFailMethodsTests.Fail_WithException_ShouldCreateFailedResultWithInternalServerError" computerName="konstantins-macbook-pro" duration="00:00:00.0001793" startTime="2025-09-19T23:55:51.0062760+02:00" endTime="2025-09-19T23:55:51.0063630+02:00" testType="13cdc9d9-ddb5-4fa4-a97d-d965ccfc6d4b" outcome="Passed" testListId="8c84fa94-04c1-424b-9868-57a2d4851a1d" relativeResultsDirectory="9ac684d6-5ac0-46ca-8f03-8136989af8a6" />
    <UnitTestResult executionId="30860375-a614-4783-98e7-3cbb4d183c77" testId="58ae3268-0514-bfd0-e929-cd5bbcd15459" testName="ManagedCode.Communication.Tests.Extensions.HttpResponseExtensionTests.FromRequestToResult_VariousSuccessCodes_ReturnsSuccessResult(statusCode: NoContent)" computerName="konstantins-macbook-pro" duration="00:00:00.0002854" startTime="2025-09-19T23:55:50.9231720+02:00" endTime="2025-09-19T23:55:50.9232110+02:00" testType="13cdc9d9-ddb5-4fa4-a97d-d965ccfc6d4b" outcome="Passed" testListId="8c84fa94-04c1-424b-9868-57a2d4851a1d" relativeResultsDirectory="30860375-a614-4783-98e7-3cbb4d183c77" />
    <UnitTestResult executionId="e6947924-1a47-4112-a30f-6f022e902c23" testId="7d7a9479-6bf7-df13-feb4-5692776fefbe" testName="ManagedCode.Communication.Tests.Orleans.Serialization.ResultSerializationTests.ResultT_WithComplexNestedObject_ShouldSerializeCorrectly" computerName="konstantins-macbook-pro" duration="00:00:00.0037667" startTime="2025-09-19T23:55:51.8010420+02:00" endTime="2025-09-19T23:55:51.8049060+02:00" testType="13cdc9d9-ddb5-4fa4-a97d-d965ccfc6d4b" outcome="Passed" testListId="8c84fa94-04c1-424b-9868-57a2d4851a1d" relativeResultsDirectory="e6947924-1a47-4112-a30f-6f022e902c23" />
    <UnitTestResult executionId="746f9f23-08c2-43d3-bc6b-b656fd5e2a20" testId="a1d0a451-dd40-52d3-2e4e-86926b2f8d79" testName="ManagedCode.Communication.Tests.Results.ResultFailMethodsTests.Result_FailValidation_WithSingleError_ShouldCreateValidationFailedResult" computerName="konstantins-macbook-pro" duration="00:00:00.0003643" startTime="2025-09-19T23:55:50.9039930+02:00" endTime="2025-09-19T23:55:50.9040690+02:00" testType="13cdc9d9-ddb5-4fa4-a97d-d965ccfc6d4b" outcome="Passed" testListId="8c84fa94-04c1-424b-9868-57a2d4851a1d" relativeResultsDirectory="746f9f23-08c2-43d3-bc6b-b656fd5e2a20" />
    <UnitTestResult executionId="8908dd4f-aba8-4ef9-850a-94ce473f0a40" testId="8d46a340-0ed0-b99b-ffa5-9396c082f226" testName="ManagedCode.Communication.Tests.Results.CollectionResultTests.Succeed_WithEnumerableOnly_ShouldCalculatePagingInfo" computerName="konstantins-macbook-pro" duration="00:00:00.0002381" startTime="2025-09-19T23:55:50.9240720+02:00" endTime="2025-09-19T23:55:50.9242750+02:00" testType="13cdc9d9-ddb5-4fa4-a97d-d965ccfc6d4b" outcome="Passed" testListId="8c84fa94-04c1-424b-9868-57a2d4851a1d" relativeResultsDirectory="8908dd4f-aba8-4ef9-850a-94ce473f0a40" />
    <UnitTestResult executionId="3808b9f9-9056-4015-a970-d909d465d399" testId="df273bdc-b799-b559-21e2-0d80141c0703" testName="ManagedCode.Communication.Tests.Results.ResultInvalidMethodsTests.Result_Invalid_WithMessage_ShouldCreateValidationResultWithMessage" computerName="konstantins-macbook-pro" duration="00:00:00.0002246" startTime="2025-09-19T23:55:50.9350260+02:00" endTime="2025-09-19T23:55:50.9351400+02:00" testType="13cdc9d9-ddb5-4fa4-a97d-d965ccfc6d4b" outcome="Passed" testListId="8c84fa94-04c1-424b-9868-57a2d4851a1d" relativeResultsDirectory="3808b9f9-9056-4015-a970-d909d465d399" />
    <UnitTestResult executionId="bc539c58-91a8-4434-8a75-1a97a83531f2" testId="45cd799b-b041-7972-1933-31bb68393544" testName="ManagedCode.Communication.Tests.CollectionResults.CollectionResultFailMethodsTests.Fail_WithVeryLongStrings_ShouldHandleCorrectly" computerName="konstantins-macbook-pro" duration="00:00:00.0001351" startTime="2025-09-19T23:55:51.0051010+02:00" endTime="2025-09-19T23:55:51.0051280+02:00" testType="13cdc9d9-ddb5-4fa4-a97d-d965ccfc6d4b" outcome="Passed" testListId="8c84fa94-04c1-424b-9868-57a2d4851a1d" relativeResultsDirectory="bc539c58-91a8-4434-8a75-1a97a83531f2" />
    <UnitTestResult executionId="3e52404e-ae1e-4f94-96ce-4c87b9fbd3a5" testId="5804b4b4-4d14-d511-1065-baeb15ae9d58" testName="ManagedCode.Communication.Tests.CollectionResults.CollectionResultFailMethodsTests.Fail_WithInnerException_ShouldPreserveOuterExceptionInfo" computerName="konstantins-macbook-pro" duration="00:00:00.0001260" startTime="2025-09-19T23:55:51.0041810+02:00" endTime="2025-09-19T23:55:51.0044930+02:00" testType="13cdc9d9-ddb5-4fa4-a97d-d965ccfc6d4b" outcome="Passed" testListId="8c84fa94-04c1-424b-9868-57a2d4851a1d" relativeResultsDirectory="3e52404e-ae1e-4f94-96ce-4c87b9fbd3a5" />
    <UnitTestResult executionId="b68792cd-e61b-4375-bbec-c93129b069f1" testId="161ea34e-b552-5b69-4cf9-93991b1d4888" testName="ManagedCode.Communication.Tests.Results.ResultTests.ThrowIfFail_WithSuccessfulResult_ShouldNotThrow" computerName="konstantins-macbook-pro" duration="00:00:00.0001781" startTime="2025-09-19T23:55:50.8888680+02:00" endTime="2025-09-19T23:55:50.8890300+02:00" testType="13cdc9d9-ddb5-4fa4-a97d-d965ccfc6d4b" outcome="Passed" testListId="8c84fa94-04c1-424b-9868-57a2d4851a1d" relativeResultsDirectory="b68792cd-e61b-4375-bbec-c93129b069f1" />
    <UnitTestResult executionId="7ac8519c-b0f1-42b6-93ee-b54f2c495863" testId="c3fca266-07d5-2c9c-f6ed-16da0ae11db3" testName="ManagedCode.Communication.Tests.Extensions.RailwayExtensionsTests.Map_SuccessfulResult_TransformsValue" computerName="konstantins-macbook-pro" duration="00:00:00.0001034" startTime="2025-09-19T23:55:50.8972590+02:00" endTime="2025-09-19T23:55:50.8973620+02:00" testType="13cdc9d9-ddb5-4fa4-a97d-d965ccfc6d4b" outcome="Passed" testListId="8c84fa94-04c1-424b-9868-57a2d4851a1d" relativeResultsDirectory="7ac8519c-b0f1-42b6-93ee-b54f2c495863" />
    <UnitTestResult executionId="b0bda3a1-5fa7-4b63-aea6-0adbfb7a04af" testId="acf696fa-e204-77f6-6bda-5cee35a844ca" testName="ManagedCode.Communication.Tests.Results.ResultHelperMethodsTests.ResultT_Fail_WithHttpStatusCode_ShouldCreateFailedResult" computerName="konstantins-macbook-pro" duration="00:00:00.0002531" startTime="2025-09-19T23:55:50.9901070+02:00" endTime="2025-09-19T23:55:50.9902210+02:00" testType="13cdc9d9-ddb5-4fa4-a97d-d965ccfc6d4b" outcome="Passed" testListId="8c84fa94-04c1-424b-9868-57a2d4851a1d" relativeResultsDirectory="b0bda3a1-5fa7-4b63-aea6-0adbfb7a04af" />
    <UnitTestResult executionId="f10d5a86-61d7-46f5-a1dc-63596fede804" testId="99f21baf-cf67-7cbd-a714-a2085e10f456" testName="ManagedCode.Communication.Tests.ResultExtensionsTests.Bind_WithFailedResult_ShouldNotExecuteNext" computerName="konstantins-macbook-pro" duration="00:00:00.0001592" startTime="2025-09-19T23:55:50.9937130+02:00" endTime="2025-09-19T23:55:50.9937330+02:00" testType="13cdc9d9-ddb5-4fa4-a97d-d965ccfc6d4b" outcome="Passed" testListId="8c84fa94-04c1-424b-9868-57a2d4851a1d" relativeResultsDirectory="f10d5a86-61d7-46f5-a1dc-63596fede804" />
    <UnitTestResult executionId="2e51ac07-d4be-4a2d-853d-c2c47e6eb604" testId="ba9c39e8-72fd-56e5-9205-e49bf672c8c9" testName="ManagedCode.Communication.Tests.CollectionResults.CollectionResultFromMethodsTests.From_TaskReturningArray_ShouldCreateSuccessResult" computerName="konstantins-macbook-pro" duration="00:00:00.0038534" startTime="2025-09-19T23:55:50.9454450+02:00" endTime="2025-09-19T23:55:50.9504090+02:00" testType="13cdc9d9-ddb5-4fa4-a97d-d965ccfc6d4b" outcome="Passed" testListId="8c84fa94-04c1-424b-9868-57a2d4851a1d" relativeResultsDirectory="2e51ac07-d4be-4a2d-853d-c2c47e6eb604" />
    <UnitTestResult executionId="75d9c5b4-c4b5-4f0b-a134-309154795b04" testId="ba805cf8-7a9e-a067-dba8-44d688ef5092" testName="ManagedCode.Communication.Tests.Extensions.ResultConversionExtensionsTests.AsResult_WithStringValue_CreatesSuccessfulResult" computerName="konstantins-macbook-pro" duration="00:00:00.0000872" startTime="2025-09-19T23:55:50.9352720+02:00" endTime="2025-09-19T23:55:50.9353750+02:00" testType="13cdc9d9-ddb5-4fa4-a97d-d965ccfc6d4b" outcome="Passed" testListId="8c84fa94-04c1-424b-9868-57a2d4851a1d" relativeResultsDirectory="75d9c5b4-c4b5-4f0b-a134-309154795b04" />
    <UnitTestResult executionId="8da05d59-1b48-413e-b3ef-f2143701ba14" testId="e4515f41-6dc8-4e41-80f2-0b8ebbc1419c" testName="ManagedCode.Communication.Tests.Results.CollectionResultTests.ThrowIfFail_WithSuccessfulResult_ShouldNotThrow" computerName="konstantins-macbook-pro" duration="00:00:00.0000968" startTime="2025-09-19T23:55:50.9243270+02:00" endTime="2025-09-19T23:55:50.9243500+02:00" testType="13cdc9d9-ddb5-4fa4-a97d-d965ccfc6d4b" outcome="Passed" testListId="8c84fa94-04c1-424b-9868-57a2d4851a1d" relativeResultsDirectory="8da05d59-1b48-413e-b3ef-f2143701ba14" />
    <UnitTestResult executionId="9b31e5d2-eb37-4791-928a-c93b2fb6edec" testId="c500524b-7f50-6acc-4109-a9567b61a4b1" testName="ManagedCode.Communication.Tests.Results.ProblemTests.GetValidationErrors_WithNonValidationProblem_ShouldReturnNull" computerName="konstantins-macbook-pro" duration="00:00:00.0001615" startTime="2025-09-19T23:55:50.8911880+02:00" endTime="2025-09-19T23:55:50.8912110+02:00" testType="13cdc9d9-ddb5-4fa4-a97d-d965ccfc6d4b" outcome="Passed" testListId="8c84fa94-04c1-424b-9868-57a2d4851a1d" relativeResultsDirectory="9b31e5d2-eb37-4791-928a-c93b2fb6edec" />
    <UnitTestResult executionId="2a570526-5a09-439e-8427-3ce99c62a59a" testId="baa49532-b762-d0bf-3c21-bfb8f673b4c2" testName="ManagedCode.Communication.Tests.ResultExtensionsTests.BindAsync_WithSuccessResult_ShouldExecuteNextAsync" computerName="konstantins-macbook-pro" duration="00:00:00.0022088" startTime="2025-09-19T23:55:50.9949650+02:00" endTime="2025-09-19T23:55:50.9972840+02:00" testType="13cdc9d9-ddb5-4fa4-a97d-d965ccfc6d4b" outcome="Passed" testListId="8c84fa94-04c1-424b-9868-57a2d4851a1d" relativeResultsDirectory="2a570526-5a09-439e-8427-3ce99c62a59a" />
    <UnitTestResult executionId="3047cc3c-b4a1-4cd9-80c0-c9cd5b60b98f" testId="6983a880-9157-394a-891c-2e7cb526bc4c" testName="ManagedCode.Communication.Tests.Serialization.SerializationTests.CommandMetadata_ShouldSerializeAndDeserialize" computerName="konstantins-macbook-pro" duration="00:00:00.0006082" startTime="2025-09-19T23:55:51.0144800+02:00" endTime="2025-09-19T23:55:51.0150570+02:00" testType="13cdc9d9-ddb5-4fa4-a97d-d965ccfc6d4b" outcome="Passed" testListId="8c84fa94-04c1-424b-9868-57a2d4851a1d" relativeResultsDirectory="3047cc3c-b4a1-4cd9-80c0-c9cd5b60b98f" />
    <UnitTestResult executionId="55503f62-1dd1-4787-a778-87cb072417d8" testId="ebdedf64-5984-f3fa-314b-abb5908d2640" testName="ManagedCode.Communication.Tests.Serialization.SerializationTests.Problem_FromException_ShouldSerializeAndDeserialize" computerName="konstantins-macbook-pro" duration="00:00:00.0001886" startTime="2025-09-19T23:55:51.0094080+02:00" endTime="2025-09-19T23:55:51.0095380+02:00" testType="13cdc9d9-ddb5-4fa4-a97d-d965ccfc6d4b" outcome="Passed" testListId="8c84fa94-04c1-424b-9868-57a2d4851a1d" relativeResultsDirectory="55503f62-1dd1-4787-a778-87cb072417d8" />
    <UnitTestResult executionId="e67cb370-4ce9-4aa6-95c8-4979be452be8" testId="e28c6785-47f9-bd94-84d3-18cec24659f3" testName="ManagedCode.Communication.Tests.Results.ProblemCreationExtensionsTests.ToProblem_FromEnum_WithCustomDetail_ShouldUseProvidedDetail" computerName="konstantins-macbook-pro" duration="00:00:00.0002043" startTime="2025-09-19T23:55:50.8928360+02:00" endTime="2025-09-19T23:55:50.8928580+02:00" testType="13cdc9d9-ddb5-4fa4-a97d-d965ccfc6d4b" outcome="Passed" testListId="8c84fa94-04c1-424b-9868-57a2d4851a1d" relativeResultsDirectory="e67cb370-4ce9-4aa6-95c8-4979be452be8" />
    <UnitTestResult executionId="fe1e7e55-1b53-4dbe-bc50-4df4a891422d" testId="613ce4af-0c46-036e-af9f-bb78fcd742a6" testName="ManagedCode.Communication.Tests.Results.ResultTFailMethodsTests.ResultT_Fail_WithComplexTypes_ShouldWorkCorrectly" computerName="konstantins-macbook-pro" duration="00:00:00.0009083" startTime="2025-09-19T23:55:50.8828050+02:00" endTime="2025-09-19T23:55:50.8832880+02:00" testType="13cdc9d9-ddb5-4fa4-a97d-d965ccfc6d4b" outcome="Passed" testListId="8c84fa94-04c1-424b-9868-57a2d4851a1d" relativeResultsDirectory="fe1e7e55-1b53-4dbe-bc50-4df4a891422d" />
    <UnitTestResult executionId="82148247-971f-419e-ad16-faefec02346e" testId="2c8ccf95-35cf-1a4a-9ea1-4ac6fdceea53" testName="ManagedCode.Communication.Tests.Commands.MemoryCacheCommandIdempotencyStoreTests.GetCommandStatusAsync_NewCommand_ReturnsNotFound" computerName="konstantins-macbook-pro" duration="00:00:00.0003410" startTime="2025-09-19T23:55:50.9951250+02:00" endTime="2025-09-19T23:55:50.9951620+02:00" testType="13cdc9d9-ddb5-4fa4-a97d-d965ccfc6d4b" outcome="Passed" testListId="8c84fa94-04c1-424b-9868-57a2d4851a1d" relativeResultsDirectory="82148247-971f-419e-ad16-faefec02346e" />
    <UnitTestResult executionId="4ae961c8-5e7a-4588-a6cf-973702fb7c4e" testId="af0b0176-41dc-ac96-c773-4c806eea0dff" testName="ManagedCode.Communication.Tests.Serialization.SerializationTests.ComplexNestedStructure_ShouldSerializeAndDeserialize" computerName="konstantins-macbook-pro" duration="00:00:00.0094628" startTime="2025-09-19T23:55:50.9615570+02:00" endTime="2025-09-19T23:55:50.9700240+02:00" testType="13cdc9d9-ddb5-4fa4-a97d-d965ccfc6d4b" outcome="Passed" testListId="8c84fa94-04c1-424b-9868-57a2d4851a1d" relativeResultsDirectory="4ae961c8-5e7a-4588-a6cf-973702fb7c4e" />
    <UnitTestResult executionId="371627be-c7a7-448d-832c-7f722f0d63ee" testId="2654f83d-7e59-bc95-a132-84ce53376681" testName="ManagedCode.Communication.Tests.Results.ProblemTests.WithExtensions_ShouldCreateNewProblemWithAdditionalExtensions" computerName="konstantins-macbook-pro" duration="00:00:00.0006509" startTime="2025-09-19T23:55:50.8907210+02:00" endTime="2025-09-19T23:55:50.8910600+02:00" testType="13cdc9d9-ddb5-4fa4-a97d-d965ccfc6d4b" outcome="Passed" testListId="8c84fa94-04c1-424b-9868-57a2d4851a1d" relativeResultsDirectory="371627be-c7a7-448d-832c-7f722f0d63ee" />
    <UnitTestResult executionId="abc6490f-1788-4ef9-a529-99294a7a62ae" testId="d819f6c8-5a54-63a6-7b21-12a0912e83c8" testName="ManagedCode.Communication.Tests.Results.ResultFailMethodsTests.Result_Fail_WithTitleDetailAndStatus_ShouldCreateFailedResultWithSpecifiedStatus" computerName="konstantins-macbook-pro" duration="00:00:00.0001921" startTime="2025-09-19T23:55:50.9030660+02:00" endTime="2025-09-19T23:55:50.9030920+02:00" testType="13cdc9d9-ddb5-4fa4-a97d-d965ccfc6d4b" outcome="Passed" testListId="8c84fa94-04c1-424b-9868-57a2d4851a1d" relativeResultsDirectory="abc6490f-1788-4ef9-a529-99294a7a62ae" />
    <UnitTestResult executionId="4c7084d2-aec0-44c1-a1ae-540c5e809ccb" testId="95480a3b-f488-efa9-b27c-9ab5a18fdec4" testName="ManagedCode.Communication.Tests.ControllerTests.MiddlewareTests.UnauthorizedResult" computerName="konstantins-macbook-pro" duration="00:00:00.0013241" startTime="2025-09-19T23:55:51.9969870+02:00" endTime="2025-09-19T23:55:51.9984310+02:00" testType="13cdc9d9-ddb5-4fa4-a97d-d965ccfc6d4b" outcome="Passed" testListId="8c84fa94-04c1-424b-9868-57a2d4851a1d" relativeResultsDirectory="4c7084d2-aec0-44c1-a1ae-540c5e809ccb" />
    <UnitTestResult executionId="e62ed881-04f4-4732-a827-cfeb5859a36e" testId="a396a734-e07f-ae5f-d645-a46a1b70118e" testName="ManagedCode.Communication.Tests.Extensions.AdvancedRailwayExtensionsTests.FailIf_WithEnum_FailsWithErrorCode" computerName="konstantins-macbook-pro" duration="00:00:00.0014558" startTime="2025-09-19T23:55:50.9020140+02:00" endTime="2025-09-19T23:55:50.9032510+02:00" testType="13cdc9d9-ddb5-4fa4-a97d-d965ccfc6d4b" outcome="Passed" testListId="8c84fa94-04c1-424b-9868-57a2d4851a1d" relativeResultsDirectory="e62ed881-04f4-4732-a827-cfeb5859a36e" />
    <UnitTestResult executionId="de6d11e8-953b-4e8d-9d98-06401279fa4c" testId="eb6df723-a29f-9a70-5f7b-4a692189e22f" testName="ManagedCode.Communication.Tests.Results.ResultTFailMethodsTests.ResultT_Fail_WithVeryLongStrings_ShouldHandleCorrectly" computerName="konstantins-macbook-pro" duration="00:00:00.0001348" startTime="2025-09-19T23:55:50.8846590+02:00" endTime="2025-09-19T23:55:50.8849370+02:00" testType="13cdc9d9-ddb5-4fa4-a97d-d965ccfc6d4b" outcome="Passed" testListId="8c84fa94-04c1-424b-9868-57a2d4851a1d" relativeResultsDirectory="de6d11e8-953b-4e8d-9d98-06401279fa4c" />
    <UnitTestResult executionId="1bfbbb13-f547-42ee-9466-ed846b5ee686" testId="8f22ce6f-4ac8-d4fe-e6d7-e45c0c472207" testName="ManagedCode.Communication.Tests.Results.ProblemToExceptionTests.ToException_PreservesAllExceptionData" computerName="konstantins-macbook-pro" duration="00:00:00.0004599" startTime="2025-09-19T23:55:50.8982280+02:00" endTime="2025-09-19T23:55:50.8982500+02:00" testType="13cdc9d9-ddb5-4fa4-a97d-d965ccfc6d4b" outcome="Passed" testListId="8c84fa94-04c1-424b-9868-57a2d4851a1d" relativeResultsDirectory="1bfbbb13-f547-42ee-9466-ed846b5ee686" />
    <UnitTestResult executionId="645a83d9-df4d-40e0-9406-fef53c91c6ca" testId="8a469a40-7454-6880-9e8d-7953fae79af1" testName="ManagedCode.Communication.Tests.AspNetCore.Extensions.ControllerExtensionsTests.ToActionResult_WithNoProblem_ReturnsDefaultError" computerName="konstantins-macbook-pro" duration="00:00:00.0006861" startTime="2025-09-19T23:55:50.9473800+02:00" endTime="2025-09-19T23:55:50.9479140+02:00" testType="13cdc9d9-ddb5-4fa4-a97d-d965ccfc6d4b" outcome="Passed" testListId="8c84fa94-04c1-424b-9868-57a2d4851a1d" relativeResultsDirectory="645a83d9-df4d-40e0-9406-fef53c91c6ca" />
    <UnitTestResult executionId="d84d3121-b563-4c19-a916-a92abb663144" testId="6ad0df60-41b3-e199-2385-7ce9a635c0e2" testName="ManagedCode.Communication.Tests.Results.CollectionResultInvalidMethodsTests.CollectionResult_Invalid_WithEnumAndDictionary_ShouldCreateValidationResultWithErrorCodeAndErrors" computerName="konstantins-macbook-pro" duration="00:00:00.0006952" startTime="2025-09-19T23:55:50.8987130+02:00" endTime="2025-09-19T23:55:50.8988860+02:00" testType="13cdc9d9-ddb5-4fa4-a97d-d965ccfc6d4b" outcome="Passed" testListId="8c84fa94-04c1-424b-9868-57a2d4851a1d" relativeResultsDirectory="d84d3121-b563-4c19-a916-a92abb663144" />
    <UnitTestResult executionId="01c8e003-7261-4851-b167-a3a26c22c4f4" testId="9aa28a55-43de-1f3f-a73d-5386fa240b7d" testName="ManagedCode.Communication.Tests.Results.ResultStaticHelperMethodsTests.Result_FailT_WithException_ShouldCreateFailedResultTWithException" computerName="konstantins-macbook-pro" duration="00:00:00.0001554" startTime="2025-09-19T23:55:50.9568010+02:00" endTime="2025-09-19T23:55:50.9568690+02:00" testType="13cdc9d9-ddb5-4fa4-a97d-d965ccfc6d4b" outcome="Passed" testListId="8c84fa94-04c1-424b-9868-57a2d4851a1d" relativeResultsDirectory="01c8e003-7261-4851-b167-a3a26c22c4f4" />
    <UnitTestResult executionId="2e91932a-e395-40c4-89c9-479eb3ced858" testId="dfd55305-89b6-7032-e718-91fc3fa77a9e" testName="ManagedCode.Communication.Tests.Extensions.HttpResponseExtensionTests.FromJsonToResult_SuccessStatusCode_WithFailedResultJson_ReturnsFailedResult" computerName="konstantins-macbook-pro" duration="00:00:00.0004444" startTime="2025-09-19T23:55:50.9253470+02:00" endTime="2025-09-19T23:55:50.9255110+02:00" testType="13cdc9d9-ddb5-4fa4-a97d-d965ccfc6d4b" outcome="Passed" testListId="8c84fa94-04c1-424b-9868-57a2d4851a1d" relativeResultsDirectory="2e91932a-e395-40c4-89c9-479eb3ced858" />
    <UnitTestResult executionId="492e175e-40a6-4de6-bd66-fd3a7fb39913" testId="a5ad51b1-d46a-060d-76d3-1a3a6ebb810e" testName="ManagedCode.Communication.Tests.CollectionResults.CollectionResultFromMethodsTests.From_FaultedTask_ShouldReturnFailedResult" computerName="konstantins-macbook-pro" duration="00:00:00.0004730" startTime="2025-09-19T23:55:51.0720560+02:00" endTime="2025-09-19T23:55:51.0724530+02:00" testType="13cdc9d9-ddb5-4fa4-a97d-d965ccfc6d4b" outcome="Passed" testListId="8c84fa94-04c1-424b-9868-57a2d4851a1d" relativeResultsDirectory="492e175e-40a6-4de6-bd66-fd3a7fb39913" />
    <UnitTestResult executionId="ff2adf82-b09f-4ff1-b5c7-8ea619b68882" testId="fb70cdc3-1bf1-6e46-2aba-a1201f5edf64" testName="ManagedCode.Communication.Tests.Extensions.AdvancedRailwayExtensionsTests.ToResult_WithNullableStruct_HandlesCorrectly" computerName="konstantins-macbook-pro" duration="00:00:00.0004320" startTime="2025-09-19T23:55:50.8873690+02:00" endTime="2025-09-19T23:55:50.8881690+02:00" testType="13cdc9d9-ddb5-4fa4-a97d-d965ccfc6d4b" outcome="Passed" testListId="8c84fa94-04c1-424b-9868-57a2d4851a1d" relativeResultsDirectory="ff2adf82-b09f-4ff1-b5c7-8ea619b68882" />
    <UnitTestResult executionId="d54c951f-6d2f-4c63-8dba-3d945d34b593" testId="ec173942-74cf-fb84-c8bf-7bb7f9f4c8c4" testName="ManagedCode.Communication.Tests.Results.ResultHelperMethodsTests.ResultT_ThrowIfFail_WithSuccess_ShouldReturnFalse" computerName="konstantins-macbook-pro" duration="00:00:00.0000511" startTime="2025-09-19T23:55:50.9914050+02:00" endTime="2025-09-19T23:55:50.9915010+02:00" testType="13cdc9d9-ddb5-4fa4-a97d-d965ccfc6d4b" outcome="Passed" testListId="8c84fa94-04c1-424b-9868-57a2d4851a1d" relativeResultsDirectory="d54c951f-6d2f-4c63-8dba-3d945d34b593" />
    <UnitTestResult executionId="6bcd0bb8-5864-48ca-95a0-23daffc920de" testId="59a8f339-f82c-db3a-3ce5-7a3aa210b60d" testName="ManagedCode.Communication.Tests.ResultExtensionsTests.BindAsyncGeneric_WithSuccessResult_ShouldChainAsyncOperations" computerName="konstantins-macbook-pro" duration="00:00:00.0041575" startTime="2025-09-19T23:55:50.9897810+02:00" endTime="2025-09-19T23:55:50.9930650+02:00" testType="13cdc9d9-ddb5-4fa4-a97d-d965ccfc6d4b" outcome="Passed" testListId="8c84fa94-04c1-424b-9868-57a2d4851a1d" relativeResultsDirectory="6bcd0bb8-5864-48ca-95a0-23daffc920de" />
    <UnitTestResult executionId="c765f174-6ddb-4a3f-912a-805c84e29825" testId="f1ac5241-744a-004f-7a68-4b73cb2ee500" testName="ManagedCode.Communication.Tests.AspNetCore.Extensions.ServiceCollectionExtensionsTests.Communication_Should_Handle_Enum_Errors" computerName="konstantins-macbook-pro" duration="00:00:00.0015929" startTime="2025-09-19T23:55:51.9879630+02:00" endTime="2025-09-19T23:55:51.9896680+02:00" testType="13cdc9d9-ddb5-4fa4-a97d-d965ccfc6d4b" outcome="Passed" testListId="8c84fa94-04c1-424b-9868-57a2d4851a1d" relativeResultsDirectory="c765f174-6ddb-4a3f-912a-805c84e29825" />
    <UnitTestResult executionId="c0ad0044-ff15-4d57-b177-88a45de769b4" testId="ecd658bb-d82c-2e31-7762-ce43abc7546e" testName="ManagedCode.Communication.Tests.Extensions.ProblemExtensionsTests.ToProblemDetails_WithZeroStatusCode_ShouldSetStatusToNull" computerName="konstantins-macbook-pro" duration="00:00:00.0001455" startTime="2025-09-19T23:55:50.8768270+02:00" endTime="2025-09-19T23:55:50.8768520+02:00" testType="13cdc9d9-ddb5-4fa4-a97d-d965ccfc6d4b" outcome="Passed" testListId="8c84fa94-04c1-424b-9868-57a2d4851a1d" relativeResultsDirectory="c0ad0044-ff15-4d57-b177-88a45de769b4" />
    <UnitTestResult executionId="179698e1-42ca-4779-ae5d-7c0071c1b1ab" testId="a335cdf5-8bc7-ca99-6fe9-64ef25663cd0" testName="ManagedCode.Communication.Tests.Results.ResultOperatorsTests.CollectionResult_SucceedFromArray_ShouldCreateSuccessResult" computerName="konstantins-macbook-pro" duration="00:00:00.0039705" startTime="2025-09-19T23:55:50.8891560+02:00" endTime="2025-09-19T23:55:50.8915500+02:00" testType="13cdc9d9-ddb5-4fa4-a97d-d965ccfc6d4b" outcome="Passed" testListId="8c84fa94-04c1-424b-9868-57a2d4851a1d" relativeResultsDirectory="179698e1-42ca-4779-ae5d-7c0071c1b1ab" />
    <UnitTestResult executionId="66cd83ec-aa1b-46fe-9ee8-5b425861916a" testId="26d4b90e-eb16-bcef-d101-fb0061a73f05" testName="ManagedCode.Communication.Tests.ControllerTests.MiddlewareTests.ForbiddenResult" computerName="konstantins-macbook-pro" duration="00:00:00.0013159" startTime="2025-09-19T23:55:52.0812640+02:00" endTime="2025-09-19T23:55:52.0822480+02:00" testType="13cdc9d9-ddb5-4fa4-a97d-d965ccfc6d4b" outcome="Passed" testListId="8c84fa94-04c1-424b-9868-57a2d4851a1d" relativeResultsDirectory="66cd83ec-aa1b-46fe-9ee8-5b425861916a" />
    <UnitTestResult executionId="a23a9463-376a-4afc-9f86-3b21f5f0974c" testId="820cc941-cded-40f7-68fc-769610bce971" testName="ManagedCode.Communication.Tests.Results.ResultHelperMethodsTests.Result_TryAsync_WithException_ShouldReturnFailure" computerName="konstantins-macbook-pro" duration="00:00:00.0021610" startTime="2025-09-19T23:55:51.0026280+02:00" endTime="2025-09-19T23:55:51.0052340+02:00" testType="13cdc9d9-ddb5-4fa4-a97d-d965ccfc6d4b" outcome="Passed" testListId="8c84fa94-04c1-424b-9868-57a2d4851a1d" relativeResultsDirectory="a23a9463-376a-4afc-9f86-3b21f5f0974c" />
    <UnitTestResult executionId="bcb41bd7-cd3b-4add-be82-42eaad2d32b1" testId="f7ed2bd9-0dc3-2bb8-cc6b-16f79bea320a" testName="ManagedCode.Communication.Tests.OrleansTests.GrainClientTests.ResultError" computerName="konstantins-macbook-pro" duration="00:00:00.0013623" startTime="2025-09-19T23:55:52.1077470+02:00" endTime="2025-09-19T23:55:52.1088050+02:00" testType="13cdc9d9-ddb5-4fa4-a97d-d965ccfc6d4b" outcome="Passed" testListId="8c84fa94-04c1-424b-9868-57a2d4851a1d" relativeResultsDirectory="bcb41bd7-cd3b-4add-be82-42eaad2d32b1" />
    <UnitTestResult executionId="a46e79f3-6c98-4313-9b8d-1f7d236c3506" testId="d5e79021-8e56-47e1-e0da-836c7f362c97" testName="ManagedCode.Communication.Tests.CollectionResults.CollectionResultFailMethodsTests.FailForbidden_WithDetail_ShouldCreateForbiddenResultWithCustomDetail" computerName="konstantins-macbook-pro" duration="00:00:00.0002188" startTime="2025-09-19T23:55:51.0033920+02:00" endTime="2025-09-19T23:55:51.0034120+02:00" testType="13cdc9d9-ddb5-4fa4-a97d-d965ccfc6d4b" outcome="Passed" testListId="8c84fa94-04c1-424b-9868-57a2d4851a1d" relativeResultsDirectory="a46e79f3-6c98-4313-9b8d-1f7d236c3506" />
    <UnitTestResult executionId="748c4ce8-0641-4922-9acc-7c4612b54a12" testId="f207e829-2666-5e0b-dea1-e7486da2e6a1" testName="ManagedCode.Communication.Tests.Results.RailwayOrientedProgrammingTests.Try_WithFailingOperation_ShouldReturnFailure" computerName="konstantins-macbook-pro" duration="00:00:00.0006519" startTime="2025-09-19T23:55:50.8791660+02:00" endTime="2025-09-19T23:55:50.8791880+02:00" testType="13cdc9d9-ddb5-4fa4-a97d-d965ccfc6d4b" outcome="Passed" testListId="8c84fa94-04c1-424b-9868-57a2d4851a1d" relativeResultsDirectory="748c4ce8-0641-4922-9acc-7c4612b54a12" />
    <UnitTestResult executionId="0f302976-f8e3-4166-82e8-c6907c229285" testId="0dba5786-625f-2c43-9e0c-752956fd421c" testName="ManagedCode.Communication.Tests.Results.ResultFailMethodsTests.Result_FailNotFound_NoParameters_ShouldCreateNotFoundResult" computerName="konstantins-macbook-pro" duration="00:00:00.0001209" startTime="2025-09-19T23:55:50.9045220+02:00" endTime="2025-09-19T23:55:50.9045460+02:00" testType="13cdc9d9-ddb5-4fa4-a97d-d965ccfc6d4b" outcome="Passed" testListId="8c84fa94-04c1-424b-9868-57a2d4851a1d" relativeResultsDirectory="0f302976-f8e3-4166-82e8-c6907c229285" />
    <UnitTestResult executionId="76f72c19-2328-44ea-b6fd-7f96abd3519f" testId="1dab659d-bd89-ec57-ccec-04868b38f679" testName="ManagedCode.Communication.Tests.CollectionResults.CollectionResultFailMethodsTests.FailValidation_WithMultipleErrors_ShouldCreateValidationFailedResultWithAllErrors" computerName="konstantins-macbook-pro" duration="00:00:00.0003678" startTime="2025-09-19T23:55:50.9970480+02:00" endTime="2025-09-19T23:55:50.9970780+02:00" testType="13cdc9d9-ddb5-4fa4-a97d-d965ccfc6d4b" outcome="Passed" testListId="8c84fa94-04c1-424b-9868-57a2d4851a1d" relativeResultsDirectory="76f72c19-2328-44ea-b6fd-7f96abd3519f" />
    <UnitTestResult executionId="3a1a5339-2f68-46cd-9067-0d4aa99775ba" testId="f1930371-f29c-139f-41a8-607d158f22b6" testName="ManagedCode.Communication.Tests.Extensions.RailwayExtensionsTests.Finally_SuccessfulResult_ExecutesAction" computerName="konstantins-macbook-pro" duration="00:00:00.0007274" startTime="2025-09-19T23:55:50.8954310+02:00" endTime="2025-09-19T23:55:50.8955330+02:00" testType="13cdc9d9-ddb5-4fa4-a97d-d965ccfc6d4b" outcome="Passed" testListId="8c84fa94-04c1-424b-9868-57a2d4851a1d" relativeResultsDirectory="3a1a5339-2f68-46cd-9067-0d4aa99775ba" />
    <UnitTestResult executionId="18592134-1792-4445-9229-43c75ffe38ed" testId="7c1ef6a2-586b-711e-f03d-e05f7b31ffe1" testName="ManagedCode.Communication.Tests.Results.ResultTFailMethodsTests.ResultT_Fail_WithTitle_ShouldCreateFailedResultWithInternalServerError" computerName="konstantins-macbook-pro" duration="00:00:00.0002525" startTime="2025-09-19T23:55:50.8799230+02:00" endTime="2025-09-19T23:55:50.8799470+02:00" testType="13cdc9d9-ddb5-4fa4-a97d-d965ccfc6d4b" outcome="Passed" testListId="8c84fa94-04c1-424b-9868-57a2d4851a1d" relativeResultsDirectory="18592134-1792-4445-9229-43c75ffe38ed" />
    <UnitTestResult executionId="686e3f2a-5ffc-4605-a7ef-96b561fec609" testId="0fe4f40f-241c-ae23-d168-04e5e87dcc9b" testName="ManagedCode.Communication.Tests.ProblemTests.ProblemCreateMethodsTests.Problem_GetValidationErrors_WithNoErrors_ShouldReturnNull" computerName="konstantins-macbook-pro" duration="00:00:00.0000591" startTime="2025-09-19T23:55:50.9683720+02:00" endTime="2025-09-19T23:55:50.9683990+02:00" testType="13cdc9d9-ddb5-4fa4-a97d-d965ccfc6d4b" outcome="Passed" testListId="8c84fa94-04c1-424b-9868-57a2d4851a1d" relativeResultsDirectory="686e3f2a-5ffc-4605-a7ef-96b561fec609" />
    <UnitTestResult executionId="decf7a48-ef92-40e5-99cf-1a8bd7a72386" testId="a14789f8-25ec-bd3c-5129-2bb2c2d09985" testName="ManagedCode.Communication.Tests.Extensions.RailwayExtensionsTests.Ensure_SuccessfulResultInvalidPredicate_BecomesFailed" computerName="konstantins-macbook-pro" duration="00:00:00.0002656" startTime="2025-09-19T23:55:50.8978140+02:00" endTime="2025-09-19T23:55:50.8978380+02:00" testType="13cdc9d9-ddb5-4fa4-a97d-d965ccfc6d4b" outcome="Passed" testListId="8c84fa94-04c1-424b-9868-57a2d4851a1d" relativeResultsDirectory="decf7a48-ef92-40e5-99cf-1a8bd7a72386" />
    <UnitTestResult executionId="29cdcfeb-4756-43ee-b29d-d4216fce47f4" testId="aca7dc08-e077-6336-11fb-2489a226e225" testName="ManagedCode.Communication.Tests.AspNetCore.Extensions.ControllerExtensionsTests.ToActionResult_WithVariousStatusCodes_ReturnsCorrectStatusCode(statusCode: 403, title: &quot;Forbidden&quot;)" computerName="konstantins-macbook-pro" duration="00:00:00.0000033" startTime="2025-09-19T23:55:50.9496570+02:00" endTime="2025-09-19T23:55:50.9496790+02:00" testType="13cdc9d9-ddb5-4fa4-a97d-d965ccfc6d4b" outcome="Passed" testListId="8c84fa94-04c1-424b-9868-57a2d4851a1d" relativeResultsDirectory="29cdcfeb-4756-43ee-b29d-d4216fce47f4" />
    <UnitTestResult executionId="d8865aeb-8083-4cf2-bca4-a33d607bb2ec" testId="5efec4de-8ef4-157c-0742-6a313929d03a" testName="ManagedCode.Communication.Tests.Results.ResultInvalidMethodsTests.Result_InvalidT_WithoutParameters_ShouldCreateValidationResult" computerName="konstantins-macbook-pro" duration="00:00:00.0004367" startTime="2025-09-19T23:55:50.9351950+02:00" endTime="2025-09-19T23:55:50.9357440+02:00" testType="13cdc9d9-ddb5-4fa4-a97d-d965ccfc6d4b" outcome="Passed" testListId="8c84fa94-04c1-424b-9868-57a2d4851a1d" relativeResultsDirectory="d8865aeb-8083-4cf2-bca4-a33d607bb2ec" />
    <UnitTestResult executionId="d1a40cf5-4f3f-47a7-998a-54f5f185be33" testId="2f55c955-9b87-2c77-c3ee-dc5f86f5b329" testName="ManagedCode.Communication.Tests.Extensions.HttpResponseExtensionTests.FromRequestToResult_SuccessStatusCode_ReturnsSuccessResult" computerName="konstantins-macbook-pro" duration="00:00:00.0002249" startTime="2025-09-19T23:55:50.9255770+02:00" endTime="2025-09-19T23:55:50.9256820+02:00" testType="13cdc9d9-ddb5-4fa4-a97d-d965ccfc6d4b" outcome="Passed" testListId="8c84fa94-04c1-424b-9868-57a2d4851a1d" relativeResultsDirectory="d1a40cf5-4f3f-47a7-998a-54f5f185be33" />
    <UnitTestResult executionId="e720a6da-9035-4437-ade4-aa51e50fbc43" testId="9f77d37b-5939-25ba-159c-c8d9e89e3cd4" testName="ManagedCode.Communication.Tests.Extensions.AdvancedRailwayExtensionsTests.Where_WithNonMatchingPredicate_ReturnsFailure" computerName="konstantins-macbook-pro" duration="00:00:00.0002389" startTime="2025-09-19T23:55:50.9018300+02:00" endTime="2025-09-19T23:55:50.9018540+02:00" testType="13cdc9d9-ddb5-4fa4-a97d-d965ccfc6d4b" outcome="Passed" testListId="8c84fa94-04c1-424b-9868-57a2d4851a1d" relativeResultsDirectory="e720a6da-9035-4437-ade4-aa51e50fbc43" />
    <UnitTestResult executionId="ce6051fc-f35d-48b7-bbe3-76cd7bead2a3" testId="a97143cb-6e59-8768-a70f-00f80b654e8d" testName="ManagedCode.Communication.Tests.Extensions.ResultConversionExtensionsTests.AsResult_WithComplexObject_CreatesSuccessfulResult" computerName="konstantins-macbook-pro" duration="00:00:00.0003036" startTime="2025-09-19T23:55:50.9327500+02:00" endTime="2025-09-19T23:55:50.9327770+02:00" testType="13cdc9d9-ddb5-4fa4-a97d-d965ccfc6d4b" outcome="Passed" testListId="8c84fa94-04c1-424b-9868-57a2d4851a1d" relativeResultsDirectory="ce6051fc-f35d-48b7-bbe3-76cd7bead2a3" />
    <UnitTestResult executionId="628c51ba-6f88-496b-9f94-6a1f307d9392" testId="b1d035f1-39f6-d499-287e-11a16120f663" testName="ManagedCode.Communication.Tests.Results.ProblemExceptionTests.IsValidationProblem_WithNonValidationProblem_ShouldReturnFalse" computerName="konstantins-macbook-pro" duration="00:00:00.0000399" startTime="2025-09-19T23:55:50.9535050+02:00" endTime="2025-09-19T23:55:50.9535270+02:00" testType="13cdc9d9-ddb5-4fa4-a97d-d965ccfc6d4b" outcome="Passed" testListId="8c84fa94-04c1-424b-9868-57a2d4851a1d" relativeResultsDirectory="628c51ba-6f88-496b-9f94-6a1f307d9392" />
    <UnitTestResult executionId="3695b6f3-903a-4a39-94cc-487d54630d97" testId="62ec9571-83d3-3d31-1779-4fe2cf2be8e0" testName="ManagedCode.Communication.Tests.Results.CollectionResultTests.Fail_WithMessage_ShouldCreateFailedResult" computerName="konstantins-macbook-pro" duration="00:00:00.0008930" startTime="2025-09-19T23:55:50.9199760+02:00" endTime="2025-09-19T23:55:50.9209770+02:00" testType="13cdc9d9-ddb5-4fa4-a97d-d965ccfc6d4b" outcome="Passed" testListId="8c84fa94-04c1-424b-9868-57a2d4851a1d" relativeResultsDirectory="3695b6f3-903a-4a39-94cc-487d54630d97" />
    <UnitTestResult executionId="048edccb-befd-4e4c-b7a4-e71f83e9bdab" testId="4d38db8c-d739-e015-e09d-cd6fc5dff5ab" testName="ManagedCode.Communication.Tests.CollectionResults.CollectionResultFailMethodsTests.Fail_WithEmptyEnumerable_ShouldCreateFailedResultWithEmptyCollection" computerName="konstantins-macbook-pro" duration="00:00:00.0002038" startTime="2025-09-19T23:55:51.0015790+02:00" endTime="2025-09-19T23:55:51.0016040+02:00" testType="13cdc9d9-ddb5-4fa4-a97d-d965ccfc6d4b" outcome="Passed" testListId="8c84fa94-04c1-424b-9868-57a2d4851a1d" relativeResultsDirectory="048edccb-befd-4e4c-b7a4-e71f83e9bdab" />
    <UnitTestResult executionId="5898086a-1267-448e-8f59-6ca7250de6ce" testId="3c1351f2-b304-b994-7193-22c9e52a8782" testName="ManagedCode.Communication.Tests.Extensions.RailwayExtensionsTests.Finally_FailedResult_ExecutesAction" computerName="konstantins-macbook-pro" duration="00:00:00.0001381" startTime="2025-09-19T23:55:50.8960750+02:00" endTime="2025-09-19T23:55:50.8960970+02:00" testType="13cdc9d9-ddb5-4fa4-a97d-d965ccfc6d4b" outcome="Passed" testListId="8c84fa94-04c1-424b-9868-57a2d4851a1d" relativeResultsDirectory="5898086a-1267-448e-8f59-6ca7250de6ce" />
    <UnitTestResult executionId="4bd6ca71-32ac-45c7-b061-6cbac477cdbf" testId="06d35280-ada3-246c-c04a-58775402cb55" testName="ManagedCode.Communication.Tests.Results.ResultTFailMethodsTests.ResultT_Fail_WithEnum_ShouldCreateFailedResultWithErrorCode" computerName="konstantins-macbook-pro" duration="00:00:00.0014883" startTime="2025-09-19T23:55:50.8790870+02:00" endTime="2025-09-19T23:55:50.8793400+02:00" testType="13cdc9d9-ddb5-4fa4-a97d-d965ccfc6d4b" outcome="Passed" testListId="8c84fa94-04c1-424b-9868-57a2d4851a1d" relativeResultsDirectory="4bd6ca71-32ac-45c7-b061-6cbac477cdbf" />
    <UnitTestResult executionId="d2446f07-ab83-40be-ace5-f935b4d15d3b" testId="1ee7f53c-e626-990a-6b17-a9a8097992ee" testName="ManagedCode.Communication.Tests.CollectionResults.CollectionResultFromMethodsTests.From_GenericSuccessCollectionResult_ShouldReturnSuccessResult" computerName="konstantins-macbook-pro" duration="00:00:00.0001691" startTime="2025-09-19T23:55:51.1780350+02:00" endTime="2025-09-19T23:55:51.1782660+02:00" testType="13cdc9d9-ddb5-4fa4-a97d-d965ccfc6d4b" outcome="Passed" testListId="8c84fa94-04c1-424b-9868-57a2d4851a1d" relativeResultsDirectory="d2446f07-ab83-40be-ace5-f935b4d15d3b" />
    <UnitTestResult executionId="d8decd59-0060-4d0f-9947-e70b2cd1979c" testId="c1925661-95a2-08f0-c829-c8d0641fbb32" testName="ManagedCode.Communication.Tests.Extensions.RailwayExtensionsTests.Else_SuccessfulResult_ReturnsOriginalResult" computerName="konstantins-macbook-pro" duration="00:00:00.0001131" startTime="2025-09-19T23:55:50.8963090+02:00" endTime="2025-09-19T23:55:50.8963310+02:00" testType="13cdc9d9-ddb5-4fa4-a97d-d965ccfc6d4b" outcome="Passed" testListId="8c84fa94-04c1-424b-9868-57a2d4851a1d" relativeResultsDirectory="d8decd59-0060-4d0f-9947-e70b2cd1979c" />
    <UnitTestResult executionId="1cf84ae1-89f9-4e50-ac02-0e18557e58f0" testId="db2cb8c8-7d9d-eb1f-44ff-41d77481d91c" testName="ManagedCode.Communication.Tests.Extensions.RailwayExtensionsTests.Bind_FailedResultT_DoesNotExecuteBinder" computerName="konstantins-macbook-pro" duration="00:00:00.0001613" startTime="2025-09-19T23:55:50.8956660+02:00" endTime="2025-09-19T23:55:50.8956920+02:00" testType="13cdc9d9-ddb5-4fa4-a97d-d965ccfc6d4b" outcome="Passed" testListId="8c84fa94-04c1-424b-9868-57a2d4851a1d" relativeResultsDirectory="1cf84ae1-89f9-4e50-ac02-0e18557e58f0" />
    <UnitTestResult executionId="ca698dde-1af4-4950-aae9-a13e20bcf98b" testId="ac82514e-82f3-4065-a2b1-92de92c3b5d4" testName="ManagedCode.Communication.Tests.CollectionResults.CollectionResultFailMethodsTests.FailForbidden_NoParameters_ShouldCreateForbiddenResult" computerName="konstantins-macbook-pro" duration="00:00:00.0002088" startTime="2025-09-19T23:55:51.0045810+02:00" endTime="2025-09-19T23:55:51.0046050+02:00" testType="13cdc9d9-ddb5-4fa4-a97d-d965ccfc6d4b" outcome="Passed" testListId="8c84fa94-04c1-424b-9868-57a2d4851a1d" relativeResultsDirectory="ca698dde-1af4-4950-aae9-a13e20bcf98b" />
    <UnitTestResult executionId="5b478151-7a94-4e9a-a4ce-3daa779dd962" testId="7ace1753-df5a-6da6-da58-a5f38ddbdf97" testName="ManagedCode.Communication.Tests.Orleans.Serialization.ProblemSerializationTests.Problem_WithCustomExtensions_ShouldSerializeCorrectly" computerName="konstantins-macbook-pro" duration="00:00:00.0042242" startTime="2025-09-19T23:55:51.7312530+02:00" endTime="2025-09-19T23:55:51.7358620+02:00" testType="13cdc9d9-ddb5-4fa4-a97d-d965ccfc6d4b" outcome="Passed" testListId="8c84fa94-04c1-424b-9868-57a2d4851a1d" relativeResultsDirectory="5b478151-7a94-4e9a-a4ce-3daa779dd962" />
    <UnitTestResult executionId="75d54580-c0c7-4e41-b389-2671eabcec1b" testId="49adad49-3c64-2145-0e11-a2cf215140e6" testName="ManagedCode.Communication.Tests.Results.ResultHelperMethodsTests.Result_Fail_WithHttpStatusCode_ShouldCreateFailedResult" computerName="konstantins-macbook-pro" duration="00:00:00.0001321" startTime="2025-09-19T23:55:50.9631710+02:00" endTime="2025-09-19T23:55:50.9634390+02:00" testType="13cdc9d9-ddb5-4fa4-a97d-d965ccfc6d4b" outcome="Passed" testListId="8c84fa94-04c1-424b-9868-57a2d4851a1d" relativeResultsDirectory="75d54580-c0c7-4e41-b389-2671eabcec1b" />
    <UnitTestResult executionId="c140ed31-7aed-4cdd-8df3-d8562c448903" testId="699823e7-74be-bd9f-0e7a-b915c45c5b8d" testName="ManagedCode.Communication.Tests.CollectionResults.CollectionResultFailMethodsTests.FailValidation_WithDuplicateFields_ShouldCombineErrors" computerName="konstantins-macbook-pro" duration="00:00:00.0003727" startTime="2025-09-19T23:55:51.0057860+02:00" endTime="2025-09-19T23:55:51.0059800+02:00" testType="13cdc9d9-ddb5-4fa4-a97d-d965ccfc6d4b" outcome="Passed" testListId="8c84fa94-04c1-424b-9868-57a2d4851a1d" relativeResultsDirectory="c140ed31-7aed-4cdd-8df3-d8562c448903" />
    <UnitTestResult executionId="a6cd17f3-caff-469e-b3ac-d27f468e19a0" testId="db4a1ba0-50c4-f6cd-52e6-befecc6109d1" testName="ManagedCode.Communication.Tests.Results.ProblemCreationExtensionsTests.ToProblem_FromEnum_WithCustomStatusCode_ShouldUseProvidedStatusCode" computerName="konstantins-macbook-pro" duration="00:00:00.0001054" startTime="2025-09-19T23:55:50.8929110+02:00" endTime="2025-09-19T23:55:50.8929330+02:00" testType="13cdc9d9-ddb5-4fa4-a97d-d965ccfc6d4b" outcome="Passed" testListId="8c84fa94-04c1-424b-9868-57a2d4851a1d" relativeResultsDirectory="a6cd17f3-caff-469e-b3ac-d27f468e19a0" />
    <UnitTestResult executionId="7bf94f75-d99a-4660-985a-57191aefce25" testId="fce90108-bb07-0d70-0d98-6d4db0f3bc3e" testName="ManagedCode.Communication.Tests.Commands.MemoryCacheCommandIdempotencyStoreTests.TryGetCachedResultAsync_WhenResultDoesNotExist_ReturnsNoResult" computerName="konstantins-macbook-pro" duration="00:00:00.0032314" startTime="2025-09-19T23:55:50.9505940+02:00" endTime="2025-09-19T23:55:50.9529390+02:00" testType="13cdc9d9-ddb5-4fa4-a97d-d965ccfc6d4b" outcome="Passed" testListId="8c84fa94-04c1-424b-9868-57a2d4851a1d" relativeResultsDirectory="7bf94f75-d99a-4660-985a-57191aefce25" />
    <UnitTestResult executionId="abebd73a-a80c-41a6-aca1-0a981a5b537c" testId="f8a940f1-8634-0701-daf3-2dcd1e55555d" testName="ManagedCode.Communication.Tests.Results.ResultTTests.FailNotFound_ShouldCreateNotFoundResult" computerName="konstantins-macbook-pro" duration="00:00:00.0001453" startTime="2025-09-19T23:55:50.8890430+02:00" endTime="2025-09-19T23:55:50.8892330+02:00" testType="13cdc9d9-ddb5-4fa4-a97d-d965ccfc6d4b" outcome="Passed" testListId="8c84fa94-04c1-424b-9868-57a2d4851a1d" relativeResultsDirectory="abebd73a-a80c-41a6-aca1-0a981a5b537c" />
    <UnitTestResult executionId="66fc51e3-0dd6-42c5-bcf3-d7a36a8f58ad" testId="0376fa9b-7287-a731-419b-9fc297e855af" testName="ManagedCode.Communication.Tests.Orleans.Serialization.ResultSerializationTests.ResultT_WithDifferentProblemTypes_ShouldSerializeCorrectly" computerName="konstantins-macbook-pro" duration="00:00:00.0524905" startTime="2025-09-19T23:55:51.7481500+02:00" endTime="2025-09-19T23:55:51.8009370+02:00" testType="13cdc9d9-ddb5-4fa4-a97d-d965ccfc6d4b" outcome="Passed" testListId="8c84fa94-04c1-424b-9868-57a2d4851a1d" relativeResultsDirectory="66fc51e3-0dd6-42c5-bcf3-d7a36a8f58ad" />
    <UnitTestResult executionId="85609ad7-a0a9-4da7-a670-f313bb7037d7" testId="b0c0975d-c610-a767-c328-0155d7e3729c" testName="ManagedCode.Communication.Tests.Results.ResultHelperMethodsTests.Result_Match_WithFailure_ShouldCallOnFailure" computerName="konstantins-macbook-pro" duration="00:00:00.0003723" startTime="2025-09-19T23:55:50.9936410+02:00" endTime="2025-09-19T23:55:50.9938850+02:00" testType="13cdc9d9-ddb5-4fa4-a97d-d965ccfc6d4b" outcome="Passed" testListId="8c84fa94-04c1-424b-9868-57a2d4851a1d" relativeResultsDirectory="85609ad7-a0a9-4da7-a670-f313bb7037d7" />
    <UnitTestResult executionId="d7e5c0b6-ff65-47b1-9bed-0437aefc8123" testId="63002f6f-0517-2c24-717b-d2c1e2e53077" testName="ManagedCode.Communication.Tests.Results.ProblemToExceptionErrorTests.ToException_PerformanceTest_ShouldNotTakeExcessiveTime" computerName="konstantins-macbook-pro" duration="00:00:00.0024705" startTime="2025-09-19T23:55:50.9627720+02:00" endTime="2025-09-19T23:55:50.9647790+02:00" testType="13cdc9d9-ddb5-4fa4-a97d-d965ccfc6d4b" outcome="Passed" testListId="8c84fa94-04c1-424b-9868-57a2d4851a1d" relativeResultsDirectory="d7e5c0b6-ff65-47b1-9bed-0437aefc8123" />
    <UnitTestResult executionId="bfc92ec1-ad78-4eef-9ad6-af76fe4c393d" testId="ed5c2593-cfa6-d545-7875-1061dd65dead" testName="ManagedCode.Communication.Tests.Serialization.SerializationTests.CommandT_WithCustomType_ShouldSerializeAndDeserialize" computerName="konstantins-macbook-pro" duration="00:00:00.0317596" startTime="2025-09-19T23:55:50.9237130+02:00" endTime="2025-09-19T23:55:50.9551030+02:00" testType="13cdc9d9-ddb5-4fa4-a97d-d965ccfc6d4b" outcome="Passed" testListId="8c84fa94-04c1-424b-9868-57a2d4851a1d" relativeResultsDirectory="bfc92ec1-ad78-4eef-9ad6-af76fe4c393d" />
    <UnitTestResult executionId="529dbd9c-860c-444a-9331-58aed66b75bc" testId="d331ef3f-7107-54ae-0c84-b5478edee8fe" testName="ManagedCode.Communication.Tests.Extensions.AdvancedRailwayExtensionsTests.CompensateAsync_WithFailure_ExecutesAsyncRecovery" computerName="konstantins-macbook-pro" duration="00:00:00.0360296" startTime="2025-09-19T23:55:50.9056420+02:00" endTime="2025-09-19T23:55:50.9352960+02:00" testType="13cdc9d9-ddb5-4fa4-a97d-d965ccfc6d4b" outcome="Passed" testListId="8c84fa94-04c1-424b-9868-57a2d4851a1d" relativeResultsDirectory="529dbd9c-860c-444a-9331-58aed66b75bc" />
    <UnitTestResult executionId="33d33d5f-61de-487e-a843-dd6a2920d201" testId="09a23f90-ebf0-0444-a58c-9c7e3ea1e9e8" testName="ManagedCode.Communication.Tests.AspNetCore.Extensions.ControllerExtensionsTests.ToHttpResult_WithSuccessResult_ReturnsOkResult" computerName="konstantins-macbook-pro" duration="00:00:00.0007321" startTime="2025-09-19T23:55:50.9520460+02:00" endTime="2025-09-19T23:55:50.9520680+02:00" testType="13cdc9d9-ddb5-4fa4-a97d-d965ccfc6d4b" outcome="Passed" testListId="8c84fa94-04c1-424b-9868-57a2d4851a1d" relativeResultsDirectory="33d33d5f-61de-487e-a843-dd6a2920d201" />
    <UnitTestResult executionId="05b08f1d-5845-440e-bc12-0112f80638a9" testId="d38b1376-8e35-d896-b696-31aebb9da9b5" testName="ManagedCode.Communication.Tests.Extensions.ProblemExtensionsTests.AddInvalidMessage_ShouldAddValidationError" computerName="konstantins-macbook-pro" duration="00:00:00.0069512" startTime="2025-09-19T23:55:50.8330300+02:00" endTime="2025-09-19T23:55:50.8456900+02:00" testType="13cdc9d9-ddb5-4fa4-a97d-d965ccfc6d4b" outcome="Passed" testListId="8c84fa94-04c1-424b-9868-57a2d4851a1d" relativeResultsDirectory="05b08f1d-5845-440e-bc12-0112f80638a9" />
    <UnitTestResult executionId="aee19bf1-e641-49cc-bf9e-f9a345715869" testId="c71b36f4-2b0a-4604-4f61-4b54cfbd9335" testName="ManagedCode.Communication.Tests.Extensions.AdvancedRailwayExtensionsTests.Verify_WithFalseCondition_ReturnsFailureWithContext" computerName="konstantins-macbook-pro" duration="00:00:00.0007811" startTime="2025-09-19T23:55:50.8919410+02:00" endTime="2025-09-19T23:55:50.8920430+02:00" testType="13cdc9d9-ddb5-4fa4-a97d-d965ccfc6d4b" outcome="Passed" testListId="8c84fa94-04c1-424b-9868-57a2d4851a1d" relativeResultsDirectory="aee19bf1-e641-49cc-bf9e-f9a345715869" />
    <UnitTestResult executionId="81622928-3e43-42f4-8e7b-491b87b66b7e" testId="4d90ca4e-121b-6a9a-c432-778d267caf79" testName="ManagedCode.Communication.Tests.Extensions.RailwayExtensionsTests.Match_SuccessfulResultT_ExecutesOnSuccessWithValue" computerName="konstantins-macbook-pro" duration="00:00:00.0001421" startTime="2025-09-19T23:55:50.8964600+02:00" endTime="2025-09-19T23:55:50.8964830+02:00" testType="13cdc9d9-ddb5-4fa4-a97d-d965ccfc6d4b" outcome="Passed" testListId="8c84fa94-04c1-424b-9868-57a2d4851a1d" relativeResultsDirectory="81622928-3e43-42f4-8e7b-491b87b66b7e" />
    <UnitTestResult executionId="a438a606-e570-4ed6-b381-7fcd08be18a9" testId="dd44fca1-dd49-b0b2-8a87-a1e6c53fc967" testName="ManagedCode.Communication.Tests.ResultExtensionsTests.Else_WithFailedResult_ShouldReturnAlternative" computerName="konstantins-macbook-pro" duration="00:00:00.0001710" startTime="2025-09-19T23:55:50.9937810+02:00" endTime="2025-09-19T23:55:50.9942870+02:00" testType="13cdc9d9-ddb5-4fa4-a97d-d965ccfc6d4b" outcome="Passed" testListId="8c84fa94-04c1-424b-9868-57a2d4851a1d" relativeResultsDirectory="a438a606-e570-4ed6-b381-7fcd08be18a9" />
    <UnitTestResult executionId="98343423-4715-48ba-8f07-d2f23f2e1d41" testId="bc225918-98fd-4d8f-87ce-a283504ff818" testName="ManagedCode.Communication.Tests.CollectionResults.CollectionResultFromMethodsTests.From_FuncValueTaskArray_ShouldCreateSuccessResult" computerName="konstantins-macbook-pro" duration="00:00:00.0062384" startTime="2025-09-19T23:55:50.9614770+02:00" endTime="2025-09-19T23:55:50.9665900+02:00" testType="13cdc9d9-ddb5-4fa4-a97d-d965ccfc6d4b" outcome="Passed" testListId="8c84fa94-04c1-424b-9868-57a2d4851a1d" relativeResultsDirectory="98343423-4715-48ba-8f07-d2f23f2e1d41" />
    <UnitTestResult executionId="97225312-b734-4d35-a560-a97c873a4b06" testId="912f6c7e-3dd3-46db-c9bf-50f8bac8d60b" testName="ManagedCode.Communication.Tests.Results.ProblemExceptionTests.ValidationErrors_WithNonValidationProblem_ShouldReturnNull" computerName="konstantins-macbook-pro" duration="00:00:00.0000553" startTime="2025-09-19T23:55:50.9534300+02:00" endTime="2025-09-19T23:55:50.9534520+02:00" testType="13cdc9d9-ddb5-4fa4-a97d-d965ccfc6d4b" outcome="Passed" testListId="8c84fa94-04c1-424b-9868-57a2d4851a1d" relativeResultsDirectory="97225312-b734-4d35-a560-a97c873a4b06" />
    <UnitTestResult executionId="b2b44cd6-f813-4313-aadc-534396271f34" testId="c13a92d4-2ab4-786d-c78f-fbc74a9bc6bf" testName="ManagedCode.Communication.Tests.CollectionResults.CollectionResultFromMethodsTests.From_FuncReturningLinqQuery_ShouldCreateSuccessResult" computerName="konstantins-macbook-pro" duration="00:00:00.0007145" startTime="2025-09-19T23:55:51.0742480+02:00" endTime="2025-09-19T23:55:51.0745630+02:00" testType="13cdc9d9-ddb5-4fa4-a97d-d965ccfc6d4b" outcome="Passed" testListId="8c84fa94-04c1-424b-9868-57a2d4851a1d" relativeResultsDirectory="b2b44cd6-f813-4313-aadc-534396271f34" />
    <UnitTestResult executionId="321f2416-2e45-4c1f-ae92-d6e953ee160a" testId="ced3317a-f4de-c56d-29ac-20cf03fa04ec" testName="ManagedCode.Communication.Tests.Results.ProblemTests.FromEnum_ShouldCreateProblemFromEnum" computerName="konstantins-macbook-pro" duration="00:00:00.0003155" startTime="2025-09-19T23:55:50.8911110+02:00" endTime="2025-09-19T23:55:50.8911330+02:00" testType="13cdc9d9-ddb5-4fa4-a97d-d965ccfc6d4b" outcome="Passed" testListId="8c84fa94-04c1-424b-9868-57a2d4851a1d" relativeResultsDirectory="321f2416-2e45-4c1f-ae92-d6e953ee160a" />
    <UnitTestResult executionId="cdce8399-ac7e-4742-b898-5529d2f11520" testId="edfe0445-7d04-dc18-c1ba-a9d34b86d8ce" testName="ManagedCode.Communication.Tests.Results.ResultStaticHelperMethodsTests.Result_FailT_WithEnum_ShouldCreateFailedResultTWithErrorCode" computerName="konstantins-macbook-pro" duration="00:00:00.0018637" startTime="2025-09-19T23:55:50.9597430+02:00" endTime="2025-09-19T23:55:50.9613360+02:00" testType="13cdc9d9-ddb5-4fa4-a97d-d965ccfc6d4b" outcome="Passed" testListId="8c84fa94-04c1-424b-9868-57a2d4851a1d" relativeResultsDirectory="cdce8399-ac7e-4742-b898-5529d2f11520" />
    <UnitTestResult executionId="1b00f7f0-b329-4149-b20d-c7c248d6bdf1" testId="64aa7254-7fbd-79c2-756e-71858d6d30f7" testName="ManagedCode.Communication.Tests.Results.ProblemToExceptionTests.ToException_WithInvalidOriginalType_ShouldFallbackToProblemException" computerName="konstantins-macbook-pro" duration="00:00:00.0001593" startTime="2025-09-19T23:55:50.9000860+02:00" endTime="2025-09-19T23:55:50.9001140+02:00" testType="13cdc9d9-ddb5-4fa4-a97d-d965ccfc6d4b" outcome="Passed" testListId="8c84fa94-04c1-424b-9868-57a2d4851a1d" relativeResultsDirectory="1b00f7f0-b329-4149-b20d-c7c248d6bdf1" />
    <UnitTestResult executionId="21e6d540-c62f-4e5c-8116-f14ca652038d" testId="10f03419-b447-74b1-44ec-afc62ff2ba1d" testName="ManagedCode.Communication.Tests.CollectionResults.CollectionResultFromMethodsTests.From_FuncReturningFailedCollectionResult_ShouldReturnFailedResult" computerName="konstantins-macbook-pro" duration="00:00:00.0003078" startTime="2025-09-19T23:55:51.2403160+02:00" endTime="2025-09-19T23:55:51.2405560+02:00" testType="13cdc9d9-ddb5-4fa4-a97d-d965ccfc6d4b" outcome="Passed" testListId="8c84fa94-04c1-424b-9868-57a2d4851a1d" relativeResultsDirectory="21e6d540-c62f-4e5c-8116-f14ca652038d" />
    <UnitTestResult executionId="dd53fd96-703f-44cc-aa66-0f2a2b143ed8" testId="663d5ff2-e7a3-93d3-3ad8-ed7a224ab1bf" testName="ManagedCode.Communication.Tests.ProblemTests.ProblemCreateMethodsTests.Problem_Create_WithNumericEnum_ShouldUseEnumName" computerName="konstantins-macbook-pro" duration="00:00:00.0004855" startTime="2025-09-19T23:55:50.9703760+02:00" endTime="2025-09-19T23:55:50.9705420+02:00" testType="13cdc9d9-ddb5-4fa4-a97d-d965ccfc6d4b" outcome="Passed" testListId="8c84fa94-04c1-424b-9868-57a2d4851a1d" relativeResultsDirectory="dd53fd96-703f-44cc-aa66-0f2a2b143ed8" />
    <UnitTestResult executionId="acd2324a-e7a2-424d-a38d-d7d281d0b62a" testId="efa8afd6-8d8b-b468-7b9e-1cdb0a7712de" testName="ManagedCode.Communication.Tests.AspNetCore.Extensions.CommunicationServiceCollectionExtensionsTests.CommunicationLoggerConfigurationService_StartsAndConfiguresLogger" computerName="konstantins-macbook-pro" duration="00:00:00.0013379" startTime="2025-09-19T23:55:50.9902000+02:00" endTime="2025-09-19T23:55:50.9914280+02:00" testType="13cdc9d9-ddb5-4fa4-a97d-d965ccfc6d4b" outcome="Passed" testListId="8c84fa94-04c1-424b-9868-57a2d4851a1d" relativeResultsDirectory="acd2324a-e7a2-424d-a38d-d7d281d0b62a" />
    <UnitTestResult executionId="80a92f18-4df3-4dc0-a32d-f4386488e61a" testId="8be0565a-807a-652b-b30e-db28277dd087" testName="ManagedCode.Communication.Tests.Extensions.HttpResponseExtensionTests.FromRequestToResult_ForbiddenStatusCode_ReturnsFailedResult" computerName="konstantins-macbook-pro" duration="00:00:00.0006968" startTime="2025-09-19T23:55:50.9242520+02:00" endTime="2025-09-19T23:55:50.9245810+02:00" testType="13cdc9d9-ddb5-4fa4-a97d-d965ccfc6d4b" outcome="Passed" testListId="8c84fa94-04c1-424b-9868-57a2d4851a1d" relativeResultsDirectory="80a92f18-4df3-4dc0-a32d-f4386488e61a" />
    <UnitTestResult executionId="ab694df7-1c61-426e-a7a7-559ac3c76284" testId="c32c7fae-3b6b-0f87-7334-0ef6b44c9d25" testName="ManagedCode.Communication.Tests.Extensions.AdvancedRailwayExtensionsTests.Compensate_WithFailure_ExecutesRecovery" computerName="konstantins-macbook-pro" duration="00:00:00.0001816" startTime="2025-09-19T23:55:50.9475930+02:00" endTime="2025-09-19T23:55:50.9476550+02:00" testType="13cdc9d9-ddb5-4fa4-a97d-d965ccfc6d4b" outcome="Passed" testListId="8c84fa94-04c1-424b-9868-57a2d4851a1d" relativeResultsDirectory="ab694df7-1c61-426e-a7a7-559ac3c76284" />
    <UnitTestResult executionId="27bc4f13-c91e-48ab-b2e4-7b9aa889b073" testId="6f633b18-8c5d-0bf5-db3d-b3c803d548db" testName="ManagedCode.Communication.Tests.CollectionResults.CollectionResultFromMethodsTests.From_FuncTaskWithCancellation_ShouldReturnFailedResult" computerName="konstantins-macbook-pro" duration="00:00:00.0022426" startTime="2025-09-19T23:55:50.9667010+02:00" endTime="2025-09-19T23:55:50.9691110+02:00" testType="13cdc9d9-ddb5-4fa4-a97d-d965ccfc6d4b" outcome="Passed" testListId="8c84fa94-04c1-424b-9868-57a2d4851a1d" relativeResultsDirectory="27bc4f13-c91e-48ab-b2e4-7b9aa889b073" />
    <UnitTestResult executionId="e3ba2e66-47d5-48b5-83a6-4eccd1b261c9" testId="9523222d-3297-4077-2b57-514061f60535" testName="ManagedCode.Communication.Tests.Extensions.ResultConversionExtensionsTests.AsResult_WithIntValue_CreatesSuccessfulResult" computerName="konstantins-macbook-pro" duration="00:00:00.0001981" startTime="2025-09-19T23:55:50.9412460+02:00" endTime="2025-09-19T23:55:50.9413960+02:00" testType="13cdc9d9-ddb5-4fa4-a97d-d965ccfc6d4b" outcome="Passed" testListId="8c84fa94-04c1-424b-9868-57a2d4851a1d" relativeResultsDirectory="e3ba2e66-47d5-48b5-83a6-4eccd1b261c9" />
    <UnitTestResult executionId="57baf940-4ad1-461f-9e24-46140d9cc118" testId="a446a9ac-cd6d-4eef-b2f8-502eddef1fa4" testName="ManagedCode.Communication.Tests.Orleans.Serialization.ResultSerializationTests.ResultT_WithNullValue_ShouldSerializeCorrectly" computerName="konstantins-macbook-pro" duration="00:00:00.0447550" startTime="2025-09-19T23:55:51.6856600+02:00" endTime="2025-09-19T23:55:51.7303610+02:00" testType="13cdc9d9-ddb5-4fa4-a97d-d965ccfc6d4b" outcome="Passed" testListId="8c84fa94-04c1-424b-9868-57a2d4851a1d" relativeResultsDirectory="57baf940-4ad1-461f-9e24-46140d9cc118" />
    <UnitTestResult executionId="6267f3a0-3d73-425f-b0ef-a4d642a6ac96" testId="0c334b17-b7c2-e42e-9924-9baf1b0e8e96" testName="ManagedCode.Communication.Tests.Results.ProblemToExceptionErrorTests.ToException_WithInnerException_ShouldPreserveInnerException" computerName="konstantins-macbook-pro" duration="00:00:00.0001829" startTime="2025-09-19T23:55:50.9600290+02:00" endTime="2025-09-19T23:55:50.9600910+02:00" testType="13cdc9d9-ddb5-4fa4-a97d-d965ccfc6d4b" outcome="Passed" testListId="8c84fa94-04c1-424b-9868-57a2d4851a1d" relativeResultsDirectory="6267f3a0-3d73-425f-b0ef-a4d642a6ac96" />
    <UnitTestResult executionId="a9ba4c4f-23db-42de-86c0-4ef6f75ad5be" testId="c85baa65-9c4c-9bde-b9a8-21453265b599" testName="ManagedCode.Communication.Tests.Extensions.HttpResponseExtensionTests.FromRequestToResult_VariousSuccessCodes_ReturnsSuccessResult(statusCode: Accepted)" computerName="konstantins-macbook-pro" duration="00:00:00.0000048" startTime="2025-09-19T23:55:50.9234870+02:00" endTime="2025-09-19T23:55:50.9235090+02:00" testType="13cdc9d9-ddb5-4fa4-a97d-d965ccfc6d4b" outcome="Passed" testListId="8c84fa94-04c1-424b-9868-57a2d4851a1d" relativeResultsDirectory="a9ba4c4f-23db-42de-86c0-4ef6f75ad5be" />
    <UnitTestResult executionId="01fda865-b314-49f0-8f80-620481fd1e52" testId="532832f5-cae8-48c6-fe23-9e1a56903292" testName="ManagedCode.Communication.Tests.Results.ResultFailMethodsTests.Result_FailUnauthorized_NoParameters_ShouldCreateUnauthorizedResult" computerName="konstantins-macbook-pro" duration="00:00:00.0001136" startTime="2025-09-19T23:55:50.9029830+02:00" endTime="2025-09-19T23:55:50.9030070+02:00" testType="13cdc9d9-ddb5-4fa4-a97d-d965ccfc6d4b" outcome="Passed" testListId="8c84fa94-04c1-424b-9868-57a2d4851a1d" relativeResultsDirectory="01fda865-b314-49f0-8f80-620481fd1e52" />
    <UnitTestResult executionId="4f3e0100-f14f-441d-98ad-86c5ceca413e" testId="06774c33-6f96-c2da-2540-1bcc829f9f7d" testName="ManagedCode.Communication.Tests.Serialization.ProblemJsonConverterTests.SerializeDeserialize_WithExtensions_PreservesData" computerName="konstantins-macbook-pro" duration="00:00:00.0358659" startTime="2025-09-19T23:55:50.8899320+02:00" endTime="2025-09-19T23:55:50.9064040+02:00" testType="13cdc9d9-ddb5-4fa4-a97d-d965ccfc6d4b" outcome="Passed" testListId="8c84fa94-04c1-424b-9868-57a2d4851a1d" relativeResultsDirectory="4f3e0100-f14f-441d-98ad-86c5ceca413e" />
    <UnitTestResult executionId="9d7e3da3-147e-4f98-b1a8-a8f77a9cec2c" testId="49bddafe-bc17-f349-326c-5d40a7970e79" testName="ManagedCode.Communication.Tests.Results.ProblemToExceptionErrorTests.ToException_WithHttpRequestException_ShouldHandleSpecialCases" computerName="konstantins-macbook-pro" duration="00:00:00.0001916" startTime="2025-09-19T23:55:50.9573330+02:00" endTime="2025-09-19T23:55:50.9573560+02:00" testType="13cdc9d9-ddb5-4fa4-a97d-d965ccfc6d4b" outcome="Passed" testListId="8c84fa94-04c1-424b-9868-57a2d4851a1d" relativeResultsDirectory="9d7e3da3-147e-4f98-b1a8-a8f77a9cec2c" />
    <UnitTestResult executionId="3be1c3e7-a971-44cf-a30c-fb2027a9f8a5" testId="2dbb1c6f-9d39-0279-091a-eaa8eea7d7ad" testName="ManagedCode.Communication.Tests.AspNetCore.Extensions.CommunicationServiceCollectionExtensionsTests.AddCommunicationAspNetCore_RegistersHostedService" computerName="konstantins-macbook-pro" duration="00:00:00.0010658" startTime="2025-09-19T23:55:50.9914800+02:00" endTime="2025-09-19T23:55:50.9923170+02:00" testType="13cdc9d9-ddb5-4fa4-a97d-d965ccfc6d4b" outcome="Passed" testListId="8c84fa94-04c1-424b-9868-57a2d4851a1d" relativeResultsDirectory="3be1c3e7-a971-44cf-a30c-fb2027a9f8a5" />
    <UnitTestResult executionId="8417ad60-e0ed-432a-9c8c-05f1a1b49423" testId="ce79d18c-5b2f-a858-0d20-17d538b54c49" testName="ManagedCode.Communication.Tests.Extensions.RailwayExtensionsTests.ComplexChain_SuccessPath_ExecutesAllSteps" computerName="konstantins-macbook-pro" duration="00:00:00.0009083" startTime="2025-09-19T23:55:50.8963860+02:00" endTime="2025-09-19T23:55:50.8964090+02:00" testType="13cdc9d9-ddb5-4fa4-a97d-d965ccfc6d4b" outcome="Passed" testListId="8c84fa94-04c1-424b-9868-57a2d4851a1d" relativeResultsDirectory="8417ad60-e0ed-432a-9c8c-05f1a1b49423" />
    <UnitTestResult executionId="62e87be6-3e24-4ce1-b54f-ed1c9560be06" testId="ad1859a2-9b1d-fff4-e010-4df6fe4ee045" testName="ManagedCode.Communication.Tests.Extensions.ResultConversionExtensionsTests.AsResult_WithArgumentException_CreatesFailedResultWithCorrectProblem" computerName="konstantins-macbook-pro" duration="00:00:00.0003714" startTime="2025-09-19T23:55:50.9422010+02:00" endTime="2025-09-19T23:55:50.9422250+02:00" testType="13cdc9d9-ddb5-4fa4-a97d-d965ccfc6d4b" outcome="Passed" testListId="8c84fa94-04c1-424b-9868-57a2d4851a1d" relativeResultsDirectory="62e87be6-3e24-4ce1-b54f-ed1c9560be06" />
    <UnitTestResult executionId="39f82c47-5fed-4038-ba42-5960ce7e5de3" testId="ae081732-51d9-8f75-bc33-d945304db80b" testName="ManagedCode.Communication.Tests.Results.ResultTests.FailNotFound_ShouldCreateNotFoundResult" computerName="konstantins-macbook-pro" duration="00:00:00.0003231" startTime="2025-09-19T23:55:50.8876900+02:00" endTime="2025-09-19T23:55:50.8882800+02:00" testType="13cdc9d9-ddb5-4fa4-a97d-d965ccfc6d4b" outcome="Passed" testListId="8c84fa94-04c1-424b-9868-57a2d4851a1d" relativeResultsDirectory="39f82c47-5fed-4038-ba42-5960ce7e5de3" />
    <UnitTestResult executionId="0da8cf33-62cd-41ca-89f1-b5fd3f942d50" testId="878aaa41-b943-c214-4d03-854fffe991ed" testName="ManagedCode.Communication.Tests.AspNetCore.Helpers.HttpStatusCodeHelperTests.GetStatusCodeForException_StandardException_FallsBackToBaseHelper" computerName="konstantins-macbook-pro" duration="00:00:00.0000444" startTime="2025-09-19T23:55:50.9893640+02:00" endTime="2025-09-19T23:55:50.9893850+02:00" testType="13cdc9d9-ddb5-4fa4-a97d-d965ccfc6d4b" outcome="Passed" testListId="8c84fa94-04c1-424b-9868-57a2d4851a1d" relativeResultsDirectory="0da8cf33-62cd-41ca-89f1-b5fd3f942d50" />
    <UnitTestResult executionId="38c7c9f1-4e8d-4bcc-90ec-fa574c67d0a9" testId="3fc0a61d-0537-a068-dc4c-e9f48287e808" testName="ManagedCode.Communication.Tests.AspNetCore.Extensions.ControllerExtensionsTests.ToActionResult_WithValidationError_Returns400WithProblemDetails" computerName="konstantins-macbook-pro" duration="00:00:00.0002995" startTime="2025-09-19T23:55:50.9503250+02:00" endTime="2025-09-19T23:55:50.9506130+02:00" testType="13cdc9d9-ddb5-4fa4-a97d-d965ccfc6d4b" outcome="Passed" testListId="8c84fa94-04c1-424b-9868-57a2d4851a1d" relativeResultsDirectory="38c7c9f1-4e8d-4bcc-90ec-fa574c67d0a9" />
    <UnitTestResult executionId="8056241c-830b-4d4e-bfef-178191318536" testId="9a6a7a50-e76a-4ed6-f132-a9079fc9826f" testName="ManagedCode.Communication.Tests.Results.ProblemExceptionTests.FromProblem_ShouldCreateProblemException" computerName="konstantins-macbook-pro" duration="00:00:00.0002740" startTime="2025-09-19T23:55:50.9540280+02:00" endTime="2025-09-19T23:55:50.9550120+02:00" testType="13cdc9d9-ddb5-4fa4-a97d-d965ccfc6d4b" outcome="Passed" testListId="8c84fa94-04c1-424b-9868-57a2d4851a1d" relativeResultsDirectory="8056241c-830b-4d4e-bfef-178191318536" />
    <UnitTestResult executionId="1a810bdf-730c-403b-a776-0190df1bbea5" testId="ce37d29c-9229-7c0c-b4e5-a6fef8dbd478" testName="ManagedCode.Communication.Tests.CollectionResults.CollectionResultFromMethodsTests.From_FuncReturningEmptyArray_ShouldCreateEmptySuccessResult" computerName="konstantins-macbook-pro" duration="00:00:00.0010920" startTime="2025-09-19T23:55:50.9438280+02:00" endTime="2025-09-19T23:55:50.9449250+02:00" testType="13cdc9d9-ddb5-4fa4-a97d-d965ccfc6d4b" outcome="Passed" testListId="8c84fa94-04c1-424b-9868-57a2d4851a1d" relativeResultsDirectory="1a810bdf-730c-403b-a776-0190df1bbea5" />
    <UnitTestResult executionId="f52941ed-60ec-4e64-b44b-1d3cb293f41a" testId="6873ac76-f3ab-c022-d36a-a314064542de" testName="ManagedCode.Communication.Tests.Results.ResultStaticHelperMethodsTests.Result_FailT_WithProblem_ShouldCreateFailedResultTWithProblem" computerName="konstantins-macbook-pro" duration="00:00:00.0000915" startTime="2025-09-19T23:55:50.9582330+02:00" endTime="2025-09-19T23:55:50.9582600+02:00" testType="13cdc9d9-ddb5-4fa4-a97d-d965ccfc6d4b" outcome="Passed" testListId="8c84fa94-04c1-424b-9868-57a2d4851a1d" relativeResultsDirectory="f52941ed-60ec-4e64-b44b-1d3cb293f41a" />
    <UnitTestResult executionId="f3b6c332-5c27-489c-b458-d67880004abb" testId="ce3de199-36d5-8ba5-2e51-6302507f3d29" testName="ManagedCode.Communication.Tests.Results.ResultHelperMethodsTests.Result_From_WithAsyncTask_ShouldReturnSuccess" computerName="konstantins-macbook-pro" duration="00:00:00.0023304" startTime="2025-09-19T23:55:51.0000640+02:00" endTime="2025-09-19T23:55:51.0023990+02:00" testType="13cdc9d9-ddb5-4fa4-a97d-d965ccfc6d4b" outcome="Passed" testListId="8c84fa94-04c1-424b-9868-57a2d4851a1d" relativeResultsDirectory="f3b6c332-5c27-489c-b458-d67880004abb" />
    <UnitTestResult executionId="eccc2496-fb6a-40ea-808a-ed611752837d" testId="c5101a70-e57e-8026-1c5c-7e3b4083afbc" testName="ManagedCode.Communication.Tests.ProblemTests.ProblemCreateMethodsTests.Problem_Create_WithFlagsEnum_ShouldHandleCorrectly" computerName="konstantins-macbook-pro" duration="00:00:00.0010999" startTime="2025-09-19T23:55:50.9684770+02:00" endTime="2025-09-19T23:55:50.9685910+02:00" testType="13cdc9d9-ddb5-4fa4-a97d-d965ccfc6d4b" outcome="Passed" testListId="8c84fa94-04c1-424b-9868-57a2d4851a1d" relativeResultsDirectory="eccc2496-fb6a-40ea-808a-ed611752837d" />
    <UnitTestResult executionId="31032f7a-08db-4fb2-92c1-9a02a14a51d7" testId="5e5950b2-b136-6c89-672e-7a590d826125" testName="ManagedCode.Communication.Tests.Results.ProblemToExceptionErrorTests.ToException_WithExceptionDataKeyConflicts_ShouldHandleGracefully" computerName="konstantins-macbook-pro" duration="00:00:00.0022007" startTime="2025-09-19T23:55:50.9611560+02:00" endTime="2025-09-19T23:55:50.9619970+02:00" testType="13cdc9d9-ddb5-4fa4-a97d-d965ccfc6d4b" outcome="Passed" testListId="8c84fa94-04c1-424b-9868-57a2d4851a1d" relativeResultsDirectory="31032f7a-08db-4fb2-92c1-9a02a14a51d7" />
    <UnitTestResult executionId="ef10b366-a474-49b6-8f44-d82519148a5f" testId="acae517f-099e-2cd1-8736-3ed091b5c626" testName="ManagedCode.Communication.Tests.Results.ResultHelperMethodsTests.Result_FailValidation_ShouldCreateValidationResult" computerName="konstantins-macbook-pro" duration="00:00:00.0002124" startTime="2025-09-19T23:55:50.9916180+02:00" endTime="2025-09-19T23:55:50.9917210+02:00" testType="13cdc9d9-ddb5-4fa4-a97d-d965ccfc6d4b" outcome="Passed" testListId="8c84fa94-04c1-424b-9868-57a2d4851a1d" relativeResultsDirectory="ef10b366-a474-49b6-8f44-d82519148a5f" />
    <UnitTestResult executionId="df014eaf-77c1-40ad-8766-0ec4dd63ae04" testId="bb8d7f1d-0bb4-3dea-c4fc-e0834e054d6f" testName="ManagedCode.Communication.Tests.Serialization.ProblemJsonConverterTests.Serialize_DifferentTypeValues_HandlesCorrectly(inputType: null, expectedType: &quot;about:blank&quot;)" computerName="konstantins-macbook-pro" duration="00:00:00.0007832" startTime="2025-09-19T23:55:50.8884800+02:00" endTime="2025-09-19T23:55:50.8898050+02:00" testType="13cdc9d9-ddb5-4fa4-a97d-d965ccfc6d4b" outcome="Passed" testListId="8c84fa94-04c1-424b-9868-57a2d4851a1d" relativeResultsDirectory="df014eaf-77c1-40ad-8766-0ec4dd63ae04" />
    <UnitTestResult executionId="6139babb-e6a3-480d-b8c3-0dddd6fb5e59" testId="c87476d9-d6c4-b192-533c-f3fd92f25649" testName="ManagedCode.Communication.Tests.OrleansTests.GrainClientTests.ValueTaskResultStringError" computerName="konstantins-macbook-pro" duration="00:00:00.0024509" startTime="2025-09-19T23:55:52.0981820+02:00" endTime="2025-09-19T23:55:52.1006740+02:00" testType="13cdc9d9-ddb5-4fa4-a97d-d965ccfc6d4b" outcome="Passed" testListId="8c84fa94-04c1-424b-9868-57a2d4851a1d" relativeResultsDirectory="6139babb-e6a3-480d-b8c3-0dddd6fb5e59" />
    <UnitTestResult executionId="103e2e29-2e06-486d-9edc-b759ad4f9356" testId="7c024d4b-1985-e15e-210c-918bbaab85d2" testName="ManagedCode.Communication.Tests.Results.ResultTFailMethodsTests.ResultT_FailValidation_WithSingleError_ShouldCreateValidationFailedResult" computerName="konstantins-macbook-pro" duration="00:00:00.0012664" startTime="2025-09-19T23:55:50.8766580+02:00" endTime="2025-09-19T23:55:50.8772980+02:00" testType="13cdc9d9-ddb5-4fa4-a97d-d965ccfc6d4b" outcome="Passed" testListId="8c84fa94-04c1-424b-9868-57a2d4851a1d" relativeResultsDirectory="103e2e29-2e06-486d-9edc-b759ad4f9356" />
    <UnitTestResult executionId="3b79af0b-1e83-4424-9fc8-14892b595a0e" testId="c4bb9e96-a082-cea5-07e4-48489c91d51c" testName="ManagedCode.Communication.Tests.Orleans.Serialization.ProblemSerializationTests.Problem_MinimalFields_ShouldSerializeCorrectly" computerName="konstantins-macbook-pro" duration="00:00:00.0033339" startTime="2025-09-19T23:55:51.7385050+02:00" endTime="2025-09-19T23:55:51.7419510+02:00" testType="13cdc9d9-ddb5-4fa4-a97d-d965ccfc6d4b" outcome="Passed" testListId="8c84fa94-04c1-424b-9868-57a2d4851a1d" relativeResultsDirectory="3b79af0b-1e83-4424-9fc8-14892b595a0e" />
    <UnitTestResult executionId="088e5d00-5d17-4ae0-b5e9-8e3a3f12c47e" testId="3dba1090-3d39-a7e5-2887-f4afca57ae4d" testName="ManagedCode.Communication.Tests.Commands.MemoryCacheCommandIdempotencyStoreTests.TrySetCommandStatusAsync_WhenExpectedMatches_SetsStatusAndReturnsTrue" computerName="konstantins-macbook-pro" duration="00:00:00.0011609" startTime="2025-09-19T23:55:50.9917050+02:00" endTime="2025-09-19T23:55:50.9924890+02:00" testType="13cdc9d9-ddb5-4fa4-a97d-d965ccfc6d4b" outcome="Passed" testListId="8c84fa94-04c1-424b-9868-57a2d4851a1d" relativeResultsDirectory="088e5d00-5d17-4ae0-b5e9-8e3a3f12c47e" />
    <UnitTestResult executionId="00980049-c2ac-4bbc-a7b0-8862f049f134" testId="c22fbcae-e56f-74cd-4c5d-3486d7aca0e3" testName="ManagedCode.Communication.Tests.ResultExtensionsTests.MatchAction_ShouldExecuteCorrectBranch" computerName="konstantins-macbook-pro" duration="00:00:00.0002126" startTime="2025-09-19T23:55:50.9934780+02:00" endTime="2025-09-19T23:55:50.9935310+02:00" testType="13cdc9d9-ddb5-4fa4-a97d-d965ccfc6d4b" outcome="Passed" testListId="8c84fa94-04c1-424b-9868-57a2d4851a1d" relativeResultsDirectory="00980049-c2ac-4bbc-a7b0-8862f049f134" />
    <UnitTestResult executionId="944484b4-367a-476e-a238-e7606b164519" testId="51b443bb-f015-cdb0-7b07-a9cab8e0e8a8" testName="ManagedCode.Communication.Tests.Extensions.ProblemExtensionsTests.RoundTrip_ProblemToProblemDetailsAndBack_ShouldPreserveAllData" computerName="konstantins-macbook-pro" duration="00:00:00.0143310" startTime="2025-09-19T23:55:50.8785120+02:00" endTime="2025-09-19T23:55:50.8899560+02:00" testType="13cdc9d9-ddb5-4fa4-a97d-d965ccfc6d4b" outcome="Passed" testListId="8c84fa94-04c1-424b-9868-57a2d4851a1d" relativeResultsDirectory="944484b4-367a-476e-a238-e7606b164519" />
    <UnitTestResult executionId="6b3195f4-f7ab-4302-8b9c-404c61c8e0d6" testId="832db953-3174-9e47-9e79-c9e962a5dc9a" testName="ManagedCode.Communication.Tests.Results.ResultTests.ImplicitOperator_FromBool_True_ShouldCreateSuccessfulResult" computerName="konstantins-macbook-pro" duration="00:00:00.0000844" startTime="2025-09-19T23:55:50.8873450+02:00" endTime="2025-09-19T23:55:50.8874840+02:00" testType="13cdc9d9-ddb5-4fa4-a97d-d965ccfc6d4b" outcome="Passed" testListId="8c84fa94-04c1-424b-9868-57a2d4851a1d" relativeResultsDirectory="6b3195f4-f7ab-4302-8b9c-404c61c8e0d6" />
    <UnitTestResult executionId="ff75574f-8e37-4644-a063-6d4fcc8cb4e5" testId="3fbb058d-9598-d297-cfc7-b0e227b60076" testName="ManagedCode.Communication.Tests.ControllerTests.MiddlewareTests.NotFoundResult" computerName="konstantins-macbook-pro" duration="00:00:00.0034226" startTime="2025-09-19T23:55:52.0656360+02:00" endTime="2025-09-19T23:55:52.0690850+02:00" testType="13cdc9d9-ddb5-4fa4-a97d-d965ccfc6d4b" outcome="Passed" testListId="8c84fa94-04c1-424b-9868-57a2d4851a1d" relativeResultsDirectory="ff75574f-8e37-4644-a063-6d4fcc8cb4e5" />
    <UnitTestResult executionId="3b2dc584-fbb5-4d0b-bad7-c299999aec52" testId="165652a5-8470-80de-f723-64799828bde9" testName="ManagedCode.Communication.Tests.Results.ResultTests.Try_WithExceptionThrowingAction_ShouldCreateFailedResult" computerName="konstantins-macbook-pro" duration="00:00:00.0001447" startTime="2025-09-19T23:55:50.8856680+02:00" endTime="2025-09-19T23:55:50.8857740+02:00" testType="13cdc9d9-ddb5-4fa4-a97d-d965ccfc6d4b" outcome="Passed" testListId="8c84fa94-04c1-424b-9868-57a2d4851a1d" relativeResultsDirectory="3b2dc584-fbb5-4d0b-bad7-c299999aec52" />
    <UnitTestResult executionId="466eb380-1c53-4524-a505-9e8806fc161c" testId="976bb755-951a-abad-a6b2-b4df05914837" testName="ManagedCode.Communication.Tests.ProblemTests.ProblemCreateMethodsTests.Problem_Create_WithEnumDetailAndStatusCode_ShouldCreateProblemWithCustomDetail" computerName="konstantins-macbook-pro" duration="00:00:00.0004182" startTime="2025-09-19T23:55:50.9686470+02:00" endTime="2025-09-19T23:55:50.9696050+02:00" testType="13cdc9d9-ddb5-4fa4-a97d-d965ccfc6d4b" outcome="Passed" testListId="8c84fa94-04c1-424b-9868-57a2d4851a1d" relativeResultsDirectory="466eb380-1c53-4524-a505-9e8806fc161c" />
    <UnitTestResult executionId="d96a8208-1657-40ce-ab61-8d06e4945b42" testId="411e38f1-ebfb-df19-3a3a-707f30f3c5be" testName="ManagedCode.Communication.Tests.Extensions.ServiceCollectionExtensionsTests.ConfigureCommunication_WithLoggerFactory_ConfiguresLoggerAndReturns" computerName="konstantins-macbook-pro" duration="00:00:00.0354681" startTime="2025-09-19T23:55:50.9006470+02:00" endTime="2025-09-19T23:55:50.9241040+02:00" testType="13cdc9d9-ddb5-4fa4-a97d-d965ccfc6d4b" outcome="Passed" testListId="8c84fa94-04c1-424b-9868-57a2d4851a1d" relativeResultsDirectory="d96a8208-1657-40ce-ab61-8d06e4945b42" />
    <UnitTestResult executionId="7df4c358-057d-4284-8a64-ee05fd9c389d" testId="31013b84-c240-3047-b7e6-518c431f1e71" testName="ManagedCode.Communication.Tests.Results.ProblemExceptionTests.Constructor_AllDataFieldsShouldUseNameof" computerName="konstantins-macbook-pro" duration="00:00:00.0003657" startTime="2025-09-19T23:55:50.9552420+02:00" endTime="2025-09-19T23:55:50.9552640+02:00" testType="13cdc9d9-ddb5-4fa4-a97d-d965ccfc6d4b" outcome="Passed" testListId="8c84fa94-04c1-424b-9868-57a2d4851a1d" relativeResultsDirectory="7df4c358-057d-4284-8a64-ee05fd9c389d" />
    <UnitTestResult executionId="fd39fab0-1834-4c80-9947-a89d50034a4e" testId="92d7240b-67dc-fa2a-1053-63a4cde5f1ef" testName="ManagedCode.Communication.Tests.Results.ProblemTests.FromStatusCode_ShouldCreateProblemFromHttpStatusCode" computerName="konstantins-macbook-pro" duration="00:00:00.0002255" startTime="2025-09-19T23:55:50.8887890+02:00" endTime="2025-09-19T23:55:50.8889000+02:00" testType="13cdc9d9-ddb5-4fa4-a97d-d965ccfc6d4b" outcome="Passed" testListId="8c84fa94-04c1-424b-9868-57a2d4851a1d" relativeResultsDirectory="fd39fab0-1834-4c80-9947-a89d50034a4e" />
    <UnitTestResult executionId="6334192c-2653-4718-85a3-bf6f1a9f14ed" testId="6a5e75da-d4ce-a720-12fe-db0ec989bfda" testName="ManagedCode.Communication.Tests.Results.ProblemTests.GetErrorCodeAs_WithNonMatchingEnum_ShouldReturnNull" computerName="konstantins-macbook-pro" duration="00:00:00.0013307" startTime="2025-09-19T23:55:50.8831090+02:00" endTime="2025-09-19T23:55:50.8847720+02:00" testType="13cdc9d9-ddb5-4fa4-a97d-d965ccfc6d4b" outcome="Passed" testListId="8c84fa94-04c1-424b-9868-57a2d4851a1d" relativeResultsDirectory="6334192c-2653-4718-85a3-bf6f1a9f14ed" />
    <UnitTestResult executionId="210a10a6-06b9-464c-9f20-14129f381174" testId="fd0cdcec-1fac-f49f-a746-4772ac5928f9" testName="ManagedCode.Communication.Tests.Orleans.Serialization.ProblemSerializationTests.Problem_StandardTypes_ShouldSerializeCorrectly" computerName="konstantins-macbook-pro" duration="00:00:00.0453558" startTime="2025-09-19T23:55:51.6855750+02:00" endTime="2025-09-19T23:55:51.7310210+02:00" testType="13cdc9d9-ddb5-4fa4-a97d-d965ccfc6d4b" outcome="Passed" testListId="8c84fa94-04c1-424b-9868-57a2d4851a1d" relativeResultsDirectory="210a10a6-06b9-464c-9f20-14129f381174" />
    <UnitTestResult executionId="54878b4e-b941-4e47-9af8-30cbb1718ead" testId="47c73d27-daf8-07a6-9992-33ab057f0562" testName="ManagedCode.Communication.Tests.Results.ResultStaticHelperMethodsTests.Result_FailUnauthorizedT_NoParameters_ShouldCreateUnauthorizedResultT" computerName="konstantins-macbook-pro" duration="00:00:00.0005648" startTime="2025-09-19T23:55:50.9572930+02:00" endTime="2025-09-19T23:55:50.9576060+02:00" testType="13cdc9d9-ddb5-4fa4-a97d-d965ccfc6d4b" outcome="Passed" testListId="8c84fa94-04c1-424b-9868-57a2d4851a1d" relativeResultsDirectory="54878b4e-b941-4e47-9af8-30cbb1718ead" />
    <UnitTestResult executionId="7b7f1413-2654-4d12-8eaf-cfaba2d03957" testId="d31f1619-d27f-d07c-9813-9d9c2f563878" testName="ManagedCode.Communication.Tests.Results.ResultTFailMethodsTests.ResultT_Fail_WithTitleDetailAndStatus_ShouldCreateFailedResultWithSpecifiedStatus" computerName="konstantins-macbook-pro" duration="00:00:00.0003972" startTime="2025-09-19T23:55:50.8800020+02:00" endTime="2025-09-19T23:55:50.8800250+02:00" testType="13cdc9d9-ddb5-4fa4-a97d-d965ccfc6d4b" outcome="Passed" testListId="8c84fa94-04c1-424b-9868-57a2d4851a1d" relativeResultsDirectory="7b7f1413-2654-4d12-8eaf-cfaba2d03957" />
    <UnitTestResult executionId="453cd283-01a6-47dd-92cb-691ce6827a2e" testId="c13b6588-2a19-2c09-3895-58ee1bfe9fde" testName="ManagedCode.Communication.Tests.Results.ResultHelperMethodsTests.Result_TryAsync_WithSuccessfulTask_ShouldReturnSuccess" computerName="konstantins-macbook-pro" duration="00:00:00.0034298" startTime="2025-09-19T23:55:50.9635900+02:00" endTime="2025-09-19T23:55:50.9671300+02:00" testType="13cdc9d9-ddb5-4fa4-a97d-d965ccfc6d4b" outcome="Passed" testListId="8c84fa94-04c1-424b-9868-57a2d4851a1d" relativeResultsDirectory="453cd283-01a6-47dd-92cb-691ce6827a2e" />
    <UnitTestResult executionId="1825060e-5fc2-453b-ad70-581c34d3b3c4" testId="938eee19-3b95-01e5-4d4c-94246f1dd808" testName="ManagedCode.Communication.Tests.Extensions.ServiceCollectionExtensionsTests.LoggerCenter_SourceGenerators_Work" computerName="konstantins-macbook-pro" duration="00:00:00.0215176" startTime="2025-09-19T23:55:50.9272980+02:00" endTime="2025-09-19T23:55:50.9498420+02:00" testType="13cdc9d9-ddb5-4fa4-a97d-d965ccfc6d4b" outcome="Passed" testListId="8c84fa94-04c1-424b-9868-57a2d4851a1d" relativeResultsDirectory="1825060e-5fc2-453b-ad70-581c34d3b3c4" />
    <UnitTestResult executionId="f9d67828-74be-4558-8b1a-ad53efab7082" testId="498b934f-374c-1dc8-3085-bd3a70ce9a92" testName="ManagedCode.Communication.Tests.Extensions.AdvancedRailwayExtensionsTests.Switch_WithSuccess_ExecutesSuccessAction" computerName="konstantins-macbook-pro" duration="00:00:00.0004334" startTime="2025-09-19T23:55:50.8864510+02:00" endTime="2025-09-19T23:55:50.8868830+02:00" testType="13cdc9d9-ddb5-4fa4-a97d-d965ccfc6d4b" outcome="Passed" testListId="8c84fa94-04c1-424b-9868-57a2d4851a1d" relativeResultsDirectory="f9d67828-74be-4558-8b1a-ad53efab7082" />
    <UnitTestResult executionId="162ac861-4352-4243-9a21-4e27b1a492cb" testId="b705e379-67f8-359d-1a7d-742fcea32d3b" testName="ManagedCode.Communication.Tests.CollectionResults.CollectionResultFailMethodsTests.Fail_WithEmptyArray_ShouldCreateFailedResultWithEmptyCollection" computerName="konstantins-macbook-pro" duration="00:00:00.0000940" startTime="2025-09-19T23:55:51.0033190+02:00" endTime="2025-09-19T23:55:51.0033400+02:00" testType="13cdc9d9-ddb5-4fa4-a97d-d965ccfc6d4b" outcome="Passed" testListId="8c84fa94-04c1-424b-9868-57a2d4851a1d" relativeResultsDirectory="162ac861-4352-4243-9a21-4e27b1a492cb" />
    <UnitTestResult executionId="3fbaee84-5406-4836-87db-c7e40ff4652a" testId="6ee08595-df8b-8458-88c8-ea8a550f9a05" testName="ManagedCode.Communication.Tests.Extensions.AdvancedRailwayExtensionsTests.FailIf_WithFalseCondition_KeepsSuccess" computerName="konstantins-macbook-pro" duration="00:00:00.0000917" startTime="2025-09-19T23:55:50.9395210+02:00" endTime="2025-09-19T23:55:50.9397860+02:00" testType="13cdc9d9-ddb5-4fa4-a97d-d965ccfc6d4b" outcome="Passed" testListId="8c84fa94-04c1-424b-9868-57a2d4851a1d" relativeResultsDirectory="3fbaee84-5406-4836-87db-c7e40ff4652a" />
    <UnitTestResult executionId="e88fa651-386f-4a8f-8530-dcb85529be7f" testId="01c73ab9-aad9-cc26-178c-27e0b35f9583" testName="ManagedCode.Communication.Tests.Results.ProblemToExceptionErrorTests.ToException_WithNullDetail_ShouldUseTitle" computerName="konstantins-macbook-pro" duration="00:00:00.0000915" startTime="2025-09-19T23:55:50.9656540+02:00" endTime="2025-09-19T23:55:50.9656840+02:00" testType="13cdc9d9-ddb5-4fa4-a97d-d965ccfc6d4b" outcome="Passed" testListId="8c84fa94-04c1-424b-9868-57a2d4851a1d" relativeResultsDirectory="e88fa651-386f-4a8f-8530-dcb85529be7f" />
    <UnitTestResult executionId="e27ae87e-020c-4b7b-8577-624a2714c1a7" testId="d85f5829-9dcd-6a4b-82f8-5c9a70353087" testName="ManagedCode.Communication.Tests.CollectionResults.CollectionResultFromMethodsTests.From_FuncTaskCollectionResult_ShouldReturnResult" computerName="konstantins-macbook-pro" duration="00:00:00.0138186" startTime="2025-09-19T23:55:51.1784660+02:00" endTime="2025-09-19T23:55:51.1922710+02:00" testType="13cdc9d9-ddb5-4fa4-a97d-d965ccfc6d4b" outcome="Passed" testListId="8c84fa94-04c1-424b-9868-57a2d4851a1d" relativeResultsDirectory="e27ae87e-020c-4b7b-8577-624a2714c1a7" />
    <UnitTestResult executionId="b07b6ee5-8069-4c20-b031-89405e8eb1a2" testId="f42fe5a1-8c83-097f-d090-6df0e300c303" testName="ManagedCode.Communication.Tests.Extensions.AdvancedRailwayExtensionsTests.ToResult_WithNonNullValue_ReturnsSuccess" computerName="konstantins-macbook-pro" duration="00:00:00.0002630" startTime="2025-09-19T23:55:50.9036710+02:00" endTime="2025-09-19T23:55:50.9037820+02:00" testType="13cdc9d9-ddb5-4fa4-a97d-d965ccfc6d4b" outcome="Passed" testListId="8c84fa94-04c1-424b-9868-57a2d4851a1d" relativeResultsDirectory="b07b6ee5-8069-4c20-b031-89405e8eb1a2" />
    <UnitTestResult executionId="ef2aebb7-77e0-4dd4-a745-4f9c3ca1e968" testId="ae8bdbb0-e445-3041-c219-15ee192365d2" testName="ManagedCode.Communication.Tests.AspNetCore.Extensions.ServiceCollectionExtensionsTests.Communication_Should_Handle_Empty_Collections" computerName="konstantins-macbook-pro" duration="00:00:00.0012274" startTime="2025-09-19T23:55:51.9780840+02:00" endTime="2025-09-19T23:55:51.9794220+02:00" testType="13cdc9d9-ddb5-4fa4-a97d-d965ccfc6d4b" outcome="Passed" testListId="8c84fa94-04c1-424b-9868-57a2d4851a1d" relativeResultsDirectory="ef2aebb7-77e0-4dd4-a745-4f9c3ca1e968" />
    <UnitTestResult executionId="356fff51-9d2b-4505-b686-3a7d0bae0789" testId="a5d3088b-70e8-8d65-c2ea-01e93fca7cdd" testName="ManagedCode.Communication.Tests.Extensions.AdvancedRailwayExtensionsTests.Then_WithSuccessfulResult_ExecutesNext" computerName="konstantins-macbook-pro" duration="00:00:00.0003499" startTime="2025-09-19T23:55:50.9423570+02:00" endTime="2025-09-19T23:55:50.9423810+02:00" testType="13cdc9d9-ddb5-4fa4-a97d-d965ccfc6d4b" outcome="Passed" testListId="8c84fa94-04c1-424b-9868-57a2d4851a1d" relativeResultsDirectory="356fff51-9d2b-4505-b686-3a7d0bae0789" />
    <UnitTestResult executionId="433fa5c1-2ca0-4b67-b006-38bf3e4d5167" testId="93cfea10-487c-2fd1-30d8-938278bfacad" testName="ManagedCode.Communication.Tests.ProblemTests.ProblemCreateMethodsTests.Problem_Create_FromExceptionWithData_ShouldHandleValidKeysOnly" computerName="konstantins-macbook-pro" duration="00:00:00.0002575" startTime="2025-09-19T23:55:50.9659940+02:00" endTime="2025-09-19T23:55:50.9660170+02:00" testType="13cdc9d9-ddb5-4fa4-a97d-d965ccfc6d4b" outcome="Passed" testListId="8c84fa94-04c1-424b-9868-57a2d4851a1d" relativeResultsDirectory="433fa5c1-2ca0-4b67-b006-38bf3e4d5167" />
    <UnitTestResult executionId="d4f05678-4e82-466a-88d1-cbaa9d26162f" testId="311e3e96-4cb5-66b7-514a-5e93dfad5e16" testName="ManagedCode.Communication.Tests.Commands.MemoryCacheCommandIdempotencyStoreTests.RemoveCommandAsync_RemovesCommand" computerName="konstantins-macbook-pro" duration="00:00:00.0009117" startTime="2025-09-19T23:55:50.9928050+02:00" endTime="2025-09-19T23:55:50.9938200+02:00" testType="13cdc9d9-ddb5-4fa4-a97d-d965ccfc6d4b" outcome="Passed" testListId="8c84fa94-04c1-424b-9868-57a2d4851a1d" relativeResultsDirectory="d4f05678-4e82-466a-88d1-cbaa9d26162f" />
    <UnitTestResult executionId="1d7bfe6d-5dfc-4ef4-b044-f3c6ea8dfc02" testId="5ff238f1-95c7-893f-0944-9f7af0bf7443" testName="ManagedCode.Communication.Tests.CollectionResults.CollectionResultFromMethodsTests.From_TaskReturningFailedCollectionResult_ShouldReturnFailedResult" computerName="konstantins-macbook-pro" duration="00:00:00.0064890" startTime="2025-09-19T23:55:51.2476370+02:00" endTime="2025-09-19T23:55:51.2539690+02:00" testType="13cdc9d9-ddb5-4fa4-a97d-d965ccfc6d4b" outcome="Passed" testListId="8c84fa94-04c1-424b-9868-57a2d4851a1d" relativeResultsDirectory="1d7bfe6d-5dfc-4ef4-b044-f3c6ea8dfc02" />
    <UnitTestResult executionId="7f1a9e6b-4ca1-4554-9ca2-0e848f1237da" testId="a3b219a1-96f8-2dc6-2fac-9f5e3d240997" testName="ManagedCode.Communication.Tests.AspNetCore.Extensions.HubOptionsExtensionsTests.AddCommunicationHubFilter_CanBeCalledMultipleTimes_DoesNotThrow" computerName="konstantins-macbook-pro" duration="00:00:00.0007687" startTime="2025-09-19T23:55:50.9318370+02:00" endTime="2025-09-19T23:55:50.9325850+02:00" testType="13cdc9d9-ddb5-4fa4-a97d-d965ccfc6d4b" outcome="Passed" testListId="8c84fa94-04c1-424b-9868-57a2d4851a1d" relativeResultsDirectory="7f1a9e6b-4ca1-4554-9ca2-0e848f1237da" />
    <UnitTestResult executionId="12a2ea89-3572-4519-b693-03a2cfc5dcda" testId="884780c4-efd7-4539-be97-7bddf6f0d325" testName="ManagedCode.Communication.Tests.ControllerTests.MiddlewareTests.ValidationException" computerName="konstantins-macbook-pro" duration="00:00:00.0018686" startTime="2025-09-19T23:55:52.0691950+02:00" endTime="2025-09-19T23:55:52.0710840+02:00" testType="13cdc9d9-ddb5-4fa4-a97d-d965ccfc6d4b" outcome="Passed" testListId="8c84fa94-04c1-424b-9868-57a2d4851a1d" relativeResultsDirectory="12a2ea89-3572-4519-b693-03a2cfc5dcda" />
    <UnitTestResult executionId="f991259c-9d48-4fde-8aee-ff698076f221" testId="5ef343f7-cc0d-47aa-b43e-c9be70797afb" testName="ManagedCode.Communication.Tests.OrleansTests.GrainClientTests.ValueTaskResultComplexObject" computerName="konstantins-macbook-pro" duration="00:00:00.0056530" startTime="2025-09-19T23:55:52.0923990+02:00" endTime="2025-09-19T23:55:52.0981010+02:00" testType="13cdc9d9-ddb5-4fa4-a97d-d965ccfc6d4b" outcome="Passed" testListId="8c84fa94-04c1-424b-9868-57a2d4851a1d" relativeResultsDirectory="f991259c-9d48-4fde-8aee-ff698076f221" />
    <UnitTestResult executionId="9ea24f9a-d8e9-49a7-85d4-1d874a06de55" testId="7c24f30a-cdbb-9287-2f6f-be40b9f25947" testName="ManagedCode.Communication.Tests.Results.ProblemExceptionTests.Constructor_WithBasicDetails_ShouldCreateProblemAndSetProperties" computerName="konstantins-macbook-pro" duration="00:00:00.0001646" startTime="2025-09-19T23:55:50.9532650+02:00" endTime="2025-09-19T23:55:50.9532910+02:00" testType="13cdc9d9-ddb5-4fa4-a97d-d965ccfc6d4b" outcome="Passed" testListId="8c84fa94-04c1-424b-9868-57a2d4851a1d" relativeResultsDirectory="9ea24f9a-d8e9-49a7-85d4-1d874a06de55" />
    <UnitTestResult executionId="ce968959-f7b1-4657-a8f8-a166ca5b8107" testId="3a23b277-a9a6-16d5-edba-7bdc7179741c" testName="ManagedCode.Communication.Tests.Results.ResultOperatorsTests.ResultT_From_WithExceptionThrowingFunc_ShouldReturnFailedResult" computerName="konstantins-macbook-pro" duration="00:00:00.0002076" startTime="2025-09-19T23:55:50.8935740+02:00" endTime="2025-09-19T23:55:50.8937020+02:00" testType="13cdc9d9-ddb5-4fa4-a97d-d965ccfc6d4b" outcome="Passed" testListId="8c84fa94-04c1-424b-9868-57a2d4851a1d" relativeResultsDirectory="ce968959-f7b1-4657-a8f8-a166ca5b8107" />
    <UnitTestResult executionId="228dc18f-0470-4b4c-a932-4977780edf1e" testId="0b94c3b1-6583-79b8-f011-5229f57a9249" testName="ManagedCode.Communication.Tests.ResultExtensionsTests.Tap_WithSuccessResult_ShouldExecuteAction" computerName="konstantins-macbook-pro" duration="00:00:00.0001369" startTime="2025-09-19T23:55:50.9512090+02:00" endTime="2025-09-19T23:55:50.9513190+02:00" testType="13cdc9d9-ddb5-4fa4-a97d-d965ccfc6d4b" outcome="Passed" testListId="8c84fa94-04c1-424b-9868-57a2d4851a1d" relativeResultsDirectory="228dc18f-0470-4b4c-a932-4977780edf1e" />
    <UnitTestResult executionId="c458ad0a-f5d1-40dd-a9fa-261151b9b88f" testId="7166e05f-60b9-3728-f3a5-1af83e5aad4c" testName="ManagedCode.Communication.Tests.ResultExtensionsTests.Ensure_WithFailingPredicate_ShouldFail" computerName="konstantins-macbook-pro" duration="00:00:00.0003806" startTime="2025-09-19T23:55:50.9883500+02:00" endTime="2025-09-19T23:55:50.9892370+02:00" testType="13cdc9d9-ddb5-4fa4-a97d-d965ccfc6d4b" outcome="Passed" testListId="8c84fa94-04c1-424b-9868-57a2d4851a1d" relativeResultsDirectory="c458ad0a-f5d1-40dd-a9fa-261151b9b88f" />
    <UnitTestResult executionId="529f2eaa-991b-4cb1-a36b-7dcc58d5360f" testId="3ebde54a-5d59-a2ef-9fd5-b8b44c97d1ad" testName="ManagedCode.Communication.Tests.CollectionResults.CollectionResultFromMethodsTests.From_SlowAsyncOperation_ShouldComplete" computerName="konstantins-macbook-pro" duration="00:00:00.1017598" startTime="2025-09-19T23:55:50.9700000+02:00" endTime="2025-09-19T23:55:51.0715610+02:00" testType="13cdc9d9-ddb5-4fa4-a97d-d965ccfc6d4b" outcome="Passed" testListId="8c84fa94-04c1-424b-9868-57a2d4851a1d" relativeResultsDirectory="529f2eaa-991b-4cb1-a36b-7dcc58d5360f" />
    <UnitTestResult executionId="ecb5d064-4311-4355-b895-ea444b6cbf2c" testId="6307d0a3-f8ba-d60c-8894-56921f5aa92a" testName="ManagedCode.Communication.Tests.Serialization.SerializationTests.CollectionResult_WithItems_ShouldSerializeAndDeserialize" computerName="konstantins-macbook-pro" duration="00:00:00.0012978" startTime="2025-09-19T23:55:51.0004720+02:00" endTime="2025-09-19T23:55:51.0016840+02:00" testType="13cdc9d9-ddb5-4fa4-a97d-d965ccfc6d4b" outcome="Passed" testListId="8c84fa94-04c1-424b-9868-57a2d4851a1d" relativeResultsDirectory="ecb5d064-4311-4355-b895-ea444b6cbf2c" />
    <UnitTestResult executionId="cb98a1fd-202d-48ae-b3f6-63303eadbe30" testId="92ceef80-e5b7-c89c-a796-a51df0e588f6" testName="ManagedCode.Communication.Tests.Results.ResultTTests.Fail_WithProblem_ShouldCreateFailedResult" computerName="konstantins-macbook-pro" duration="00:00:00.0001488" startTime="2025-09-19T23:55:50.8830320+02:00" endTime="2025-09-19T23:55:50.8831340+02:00" testType="13cdc9d9-ddb5-4fa4-a97d-d965ccfc6d4b" outcome="Passed" testListId="8c84fa94-04c1-424b-9868-57a2d4851a1d" relativeResultsDirectory="cb98a1fd-202d-48ae-b3f6-63303eadbe30" />
    <UnitTestResult executionId="ab22f570-5ae3-40fc-b2e4-f3176056a986" testId="05a54838-2f8d-21c6-e86e-0f8ca9d7103d" testName="ManagedCode.Communication.Tests.Results.ProblemToExceptionTests.ToException_FromValidationProblem_ShouldReturnProblemException" computerName="konstantins-macbook-pro" duration="00:00:00.0001260" startTime="2025-09-19T23:55:50.8990210+02:00" endTime="2025-09-19T23:55:50.8990420+02:00" testType="13cdc9d9-ddb5-4fa4-a97d-d965ccfc6d4b" outcome="Passed" testListId="8c84fa94-04c1-424b-9868-57a2d4851a1d" relativeResultsDirectory="ab22f570-5ae3-40fc-b2e4-f3176056a986" />
    <UnitTestResult executionId="ac3bf4d2-24c4-4b40-9c2f-e658857c2a38" testId="4b7c578e-2c8b-fbf4-edf0-1e833a94cb00" testName="ManagedCode.Communication.Tests.Extensions.HttpResponseExtensionTests.FromRequestToResult_ErrorStatusCode_ReturnsFailedResult" computerName="konstantins-macbook-pro" duration="00:00:00.0007458" startTime="2025-09-19T23:55:50.9216020+02:00" endTime="2025-09-19T23:55:50.9223310+02:00" testType="13cdc9d9-ddb5-4fa4-a97d-d965ccfc6d4b" outcome="Passed" testListId="8c84fa94-04c1-424b-9868-57a2d4851a1d" relativeResultsDirectory="ac3bf4d2-24c4-4b40-9c2f-e658857c2a38" />
    <UnitTestResult executionId="2bfb22b8-fc69-44a3-aa7f-6e9e1f50701b" testId="f3b583ac-90ff-1f56-69dc-aadf0d375497" testName="ManagedCode.Communication.Tests.Results.ResultHelperMethodsTests.Result_Try_WithCustomStatusCode_ShouldUseProvidedCode" computerName="konstantins-macbook-pro" duration="00:00:00.0001530" startTime="2025-09-19T23:55:50.9917720+02:00" endTime="2025-09-19T23:55:50.9917940+02:00" testType="13cdc9d9-ddb5-4fa4-a97d-d965ccfc6d4b" outcome="Passed" testListId="8c84fa94-04c1-424b-9868-57a2d4851a1d" relativeResultsDirectory="2bfb22b8-fc69-44a3-aa7f-6e9e1f50701b" />
    <UnitTestResult executionId="938028ae-3a2c-4647-84ed-72fe084edaf5" testId="efa28403-4b97-87b5-f2ab-991a214ef2a6" testName="ManagedCode.Communication.Tests.ControllerTests.MiddlewareTests.InvalidDataExceptionSignalR" computerName="konstantins-macbook-pro" duration="00:00:00.0071773" startTime="2025-09-19T23:55:52.0711680+02:00" endTime="2025-09-19T23:55:52.0784000+02:00" testType="13cdc9d9-ddb5-4fa4-a97d-d965ccfc6d4b" outcome="Passed" testListId="8c84fa94-04c1-424b-9868-57a2d4851a1d" relativeResultsDirectory="938028ae-3a2c-4647-84ed-72fe084edaf5" />
    <UnitTestResult executionId="e0e06196-1616-48b0-93db-12e521f88a6d" testId="8849bd85-5b3b-67b2-7599-9a1cb03570c4" testName="ManagedCode.Communication.Tests.Commands.CommandTests.FromIdValue" computerName="konstantins-macbook-pro" duration="00:00:00.0004134" startTime="2025-09-19T23:55:50.9898220+02:00" endTime="2025-09-19T23:55:50.9899900+02:00" testType="13cdc9d9-ddb5-4fa4-a97d-d965ccfc6d4b" outcome="Passed" testListId="8c84fa94-04c1-424b-9868-57a2d4851a1d" relativeResultsDirectory="e0e06196-1616-48b0-93db-12e521f88a6d" />
    <UnitTestResult executionId="706366c4-89e2-492f-b2be-17fd0dbc652b" testId="1801938a-5d0f-36fb-a9bb-fea7ab8914fe" testName="ManagedCode.Communication.Tests.Results.ResultTests.FailUnauthorized_ShouldCreateUnauthorizedResult" computerName="konstantins-macbook-pro" duration="00:00:00.0003225" startTime="2025-09-19T23:55:50.8736540+02:00" endTime="2025-09-19T23:55:50.8737720+02:00" testType="13cdc9d9-ddb5-4fa4-a97d-d965ccfc6d4b" outcome="Passed" testListId="8c84fa94-04c1-424b-9868-57a2d4851a1d" relativeResultsDirectory="706366c4-89e2-492f-b2be-17fd0dbc652b" />
    <UnitTestResult executionId="593deb3f-f34b-4b1a-b7af-9a350ec72003" testId="d4d49c29-9474-ecf3-0071-3ac279f9699d" testName="ManagedCode.Communication.Tests.Serialization.ProblemJsonConverterTests.Serialize_BasicProblem_ProducesCorrectJson" computerName="konstantins-macbook-pro" duration="00:00:00.0001148" startTime="2025-09-19T23:55:50.9066040+02:00" endTime="2025-09-19T23:55:50.9066260+02:00" testType="13cdc9d9-ddb5-4fa4-a97d-d965ccfc6d4b" outcome="Passed" testListId="8c84fa94-04c1-424b-9868-57a2d4851a1d" relativeResultsDirectory="593deb3f-f34b-4b1a-b7af-9a350ec72003" />
    <UnitTestResult executionId="4e3e1c8a-0f3b-4ef7-acb3-cca17c8e162f" testId="1f757bc5-86da-e122-1d55-9a03114706b1" testName="ManagedCode.Communication.Tests.Results.RailwayOrientedProgrammingTests.ComplexChain_WithFailure_ShouldShortCircuit" computerName="konstantins-macbook-pro" duration="00:00:00.0003158" startTime="2025-09-19T23:55:50.8789050+02:00" endTime="2025-09-19T23:55:50.8789550+02:00" testType="13cdc9d9-ddb5-4fa4-a97d-d965ccfc6d4b" outcome="Passed" testListId="8c84fa94-04c1-424b-9868-57a2d4851a1d" relativeResultsDirectory="4e3e1c8a-0f3b-4ef7-acb3-cca17c8e162f" />
    <UnitTestResult executionId="36080842-df94-4f8b-b723-bd626c342e1c" testId="411a9c2f-81ff-4d70-023d-fdced9c6f4ac" testName="ManagedCode.Communication.Tests.Results.ResultOperatorsTests.ResultT_Fail_WithEnum_ShouldCreateFailedResultWithErrorCode" computerName="konstantins-macbook-pro" duration="00:00:00.0002783" startTime="2025-09-19T23:55:50.8930630+02:00" endTime="2025-09-19T23:55:50.8930880+02:00" testType="13cdc9d9-ddb5-4fa4-a97d-d965ccfc6d4b" outcome="Passed" testListId="8c84fa94-04c1-424b-9868-57a2d4851a1d" relativeResultsDirectory="36080842-df94-4f8b-b723-bd626c342e1c" />
    <UnitTestResult executionId="03ce38ac-8294-42bb-9edd-b85911a2f4e1" testId="97a02c40-1c10-309c-a600-6c8bf81ccdfc" testName="ManagedCode.Communication.Tests.Extensions.ProblemExtensionsTests.ToFailedResult_FromProblemDetails_ShouldCreateFailedResult" computerName="konstantins-macbook-pro" duration="00:00:00.0002351" startTime="2025-09-19T23:55:50.8781190+02:00" endTime="2025-09-19T23:55:50.8781450+02:00" testType="13cdc9d9-ddb5-4fa4-a97d-d965ccfc6d4b" outcome="Passed" testListId="8c84fa94-04c1-424b-9868-57a2d4851a1d" relativeResultsDirectory="03ce38ac-8294-42bb-9edd-b85911a2f4e1" />
    <UnitTestResult executionId="552e2d91-e25b-482d-afe6-37e8e351a0bc" testId="4d4fb53f-3023-b9b5-ddae-ca5ff94e1e21" testName="ManagedCode.Communication.Tests.ProblemTests.ProblemCreateMethodsTests.Problem_AddValidationError_MultipleFields_ShouldCreateSeparateLists" computerName="konstantins-macbook-pro" duration="00:00:00.0001931" startTime="2025-09-19T23:55:50.9658910+02:00" endTime="2025-09-19T23:55:50.9659200+02:00" testType="13cdc9d9-ddb5-4fa4-a97d-d965ccfc6d4b" outcome="Passed" testListId="8c84fa94-04c1-424b-9868-57a2d4851a1d" relativeResultsDirectory="552e2d91-e25b-482d-afe6-37e8e351a0bc" />
    <UnitTestResult executionId="2ab9b50b-783a-4cea-bc45-2afcd63c1253" testId="84c6800a-f289-1899-3a73-99d4070467cb" testName="ManagedCode.Communication.Tests.Results.ProblemCreationExtensionsTests.ToProblem_FromExceptionWithData_ShouldIncludeDataInExtensions" computerName="konstantins-macbook-pro" duration="00:00:00.0002006" startTime="2025-09-19T23:55:50.8926050+02:00" endTime="2025-09-19T23:55:50.8927830+02:00" testType="13cdc9d9-ddb5-4fa4-a97d-d965ccfc6d4b" outcome="Passed" testListId="8c84fa94-04c1-424b-9868-57a2d4851a1d" relativeResultsDirectory="2ab9b50b-783a-4cea-bc45-2afcd63c1253" />
    <UnitTestResult executionId="1a754d8d-9eeb-4432-8820-409e128eb6ee" testId="71308719-ce88-4981-95a1-907da9a59986" testName="ManagedCode.Communication.Tests.Results.ResultHelperMethodsTests.ResultT_TryGetProblem_WithSuccess_ShouldReturnFalse" computerName="konstantins-macbook-pro" duration="00:00:00.0000623" startTime="2025-09-19T23:55:50.9903560+02:00" endTime="2025-09-19T23:55:50.9907710+02:00" testType="13cdc9d9-ddb5-4fa4-a97d-d965ccfc6d4b" outcome="Passed" testListId="8c84fa94-04c1-424b-9868-57a2d4851a1d" relativeResultsDirectory="1a754d8d-9eeb-4432-8820-409e128eb6ee" />
    <UnitTestResult executionId="1c2791fc-2dea-44e7-89e6-b95599d48885" testId="87fd6638-f969-be53-c22e-480a9a60d6be" testName="ManagedCode.Communication.Tests.Commands.MemoryCacheCommandIdempotencyStoreTests.ExecuteIdempotentAsync_FirstExecution_ExecutesOperationAndStoresResult" computerName="konstantins-macbook-pro" duration="00:00:00.0126017" startTime="2025-09-19T23:55:50.9530110+02:00" endTime="2025-09-19T23:55:50.9657740+02:00" testType="13cdc9d9-ddb5-4fa4-a97d-d965ccfc6d4b" outcome="Passed" testListId="8c84fa94-04c1-424b-9868-57a2d4851a1d" relativeResultsDirectory="1c2791fc-2dea-44e7-89e6-b95599d48885" />
    <UnitTestResult executionId="fed58656-dbaf-4ada-a201-1f9a9f7b4088" testId="a37dbed6-65ed-3366-4c41-404cbdef850a" testName="ManagedCode.Communication.Tests.Results.ResultHelperMethodsTests.ResultT_FailNotFound_ShouldCreateNotFoundResult" computerName="konstantins-macbook-pro" duration="00:00:00.0001919" startTime="2025-09-19T23:55:50.9910970+02:00" endTime="2025-09-19T23:55:50.9911170+02:00" testType="13cdc9d9-ddb5-4fa4-a97d-d965ccfc6d4b" outcome="Passed" testListId="8c84fa94-04c1-424b-9868-57a2d4851a1d" relativeResultsDirectory="fed58656-dbaf-4ada-a201-1f9a9f7b4088" />
    <UnitTestResult executionId="95853bc2-7527-410f-930a-013a75a106e8" testId="72cc59dc-cbb4-fcaa-43ae-593609766cef" testName="ManagedCode.Communication.Tests.Results.CollectionResultTests.TryGetProblem_WithEmptyCollection_ButSuccessful_ShouldReturnFalse" computerName="konstantins-macbook-pro" duration="00:00:00.0000859" startTime="2025-09-19T23:55:50.9253180+02:00" endTime="2025-09-19T23:55:50.9253720+02:00" testType="13cdc9d9-ddb5-4fa4-a97d-d965ccfc6d4b" outcome="Passed" testListId="8c84fa94-04c1-424b-9868-57a2d4851a1d" relativeResultsDirectory="95853bc2-7527-410f-930a-013a75a106e8" />
    <UnitTestResult executionId="ffa43a44-6eb2-40fc-851f-f764381326f1" testId="2c4117d2-d5f3-7465-dc4d-12aa228c094e" testName="ManagedCode.Communication.Tests.Extensions.AdvancedRailwayExtensionsTests.Merge_WithAllSuccessful_ReturnsSuccess" computerName="konstantins-macbook-pro" duration="00:00:00.0014675" startTime="2025-09-19T23:55:50.9424360+02:00" endTime="2025-09-19T23:55:50.9429860+02:00" testType="13cdc9d9-ddb5-4fa4-a97d-d965ccfc6d4b" outcome="Passed" testListId="8c84fa94-04c1-424b-9868-57a2d4851a1d" relativeResultsDirectory="ffa43a44-6eb2-40fc-851f-f764381326f1" />
    <UnitTestResult executionId="719ed251-0504-48da-bc31-f5215995f16b" testId="27b117ff-b7dd-57b4-7de5-67615daa035c" testName="ManagedCode.Communication.Tests.Results.ResultFailMethodsTests.Result_Fail_WithVariousStatusCodes_ShouldSetCorrectStatusCode(statusCode: InternalServerError, expectedCode: 500)" computerName="konstantins-macbook-pro" duration="00:00:00.0000034" startTime="2025-09-19T23:55:50.9027140+02:00" endTime="2025-09-19T23:55:50.9027420+02:00" testType="13cdc9d9-ddb5-4fa4-a97d-d965ccfc6d4b" outcome="Passed" testListId="8c84fa94-04c1-424b-9868-57a2d4851a1d" relativeResultsDirectory="719ed251-0504-48da-bc31-f5215995f16b" />
    <UnitTestResult executionId="74fc2080-7605-4bba-9897-b774520f1573" testId="de19ba09-da48-16a7-e578-ccf66f701e6a" testName="ManagedCode.Communication.Tests.CollectionResults.CollectionResultFromMethodsTests.From_FuncWithSideEffects_ShouldExecuteOnce" computerName="konstantins-macbook-pro" duration="00:00:00.0007433" startTime="2025-09-19T23:55:50.9695770+02:00" endTime="2025-09-19T23:55:50.9699450+02:00" testType="13cdc9d9-ddb5-4fa4-a97d-d965ccfc6d4b" outcome="Passed" testListId="8c84fa94-04c1-424b-9868-57a2d4851a1d" relativeResultsDirectory="74fc2080-7605-4bba-9897-b774520f1573" />
    <UnitTestResult executionId="b9d0177b-0a7c-4e8f-ac3c-a77042a3fdd5" testId="e3bab16b-3c59-832e-1834-a442985b41e2" testName="ManagedCode.Communication.Tests.Results.ProblemToExceptionTests.ToException_WithCustomExceptionType_ShouldHandleGracefully" computerName="konstantins-macbook-pro" duration="00:00:00.0003435" startTime="2025-09-19T23:55:50.8987900+02:00" endTime="2025-09-19T23:55:50.8988120+02:00" testType="13cdc9d9-ddb5-4fa4-a97d-d965ccfc6d4b" outcome="Passed" testListId="8c84fa94-04c1-424b-9868-57a2d4851a1d" relativeResultsDirectory="b9d0177b-0a7c-4e8f-ac3c-a77042a3fdd5" />
    <UnitTestResult executionId="9660062d-b8a6-4f1a-bc90-9bfd76fce049" testId="209cac5e-e8da-6f36-97c4-1242230c6ca0" testName="ManagedCode.Communication.Tests.Results.ResultHelperMethodsTests.Result_From_WithException_ShouldReturnFailure" computerName="konstantins-macbook-pro" duration="00:00:00.0001407" startTime="2025-09-19T23:55:50.9697610+02:00" endTime="2025-09-19T23:55:50.9698400+02:00" testType="13cdc9d9-ddb5-4fa4-a97d-d965ccfc6d4b" outcome="Passed" testListId="8c84fa94-04c1-424b-9868-57a2d4851a1d" relativeResultsDirectory="9660062d-b8a6-4f1a-bc90-9bfd76fce049" />
    <UnitTestResult executionId="3bd3feb8-ff00-4c76-a05a-4be39fd05113" testId="85fd8d0b-9fc0-1fbf-e3ac-fb7bd19ad960" testName="ManagedCode.Communication.Tests.ProblemTests.ProblemCreateMethodsTests.Problem_Create_WithEnumAndVariousStatusCodes_ShouldSetCorrectType(statusCode: 404, enumValue: &quot;NotFound&quot;)" computerName="konstantins-macbook-pro" duration="00:00:00.0000902" startTime="2025-09-19T23:55:50.9678890+02:00" endTime="2025-09-19T23:55:50.9681840+02:00" testType="13cdc9d9-ddb5-4fa4-a97d-d965ccfc6d4b" outcome="Passed" testListId="8c84fa94-04c1-424b-9868-57a2d4851a1d" relativeResultsDirectory="3bd3feb8-ff00-4c76-a05a-4be39fd05113" />
    <UnitTestResult executionId="e150215f-b936-44ff-9b86-1aa33f7e394f" testId="c5c4387e-9b4e-b9c4-f648-e86e48f601ca" testName="ManagedCode.Communication.Tests.Results.ResultTests.Succeed_ShouldCreateSuccessfulResult" computerName="konstantins-macbook-pro" duration="00:00:00.0003434" startTime="2025-09-19T23:55:50.8865770+02:00" endTime="2025-09-19T23:55:50.8869180+02:00" testType="13cdc9d9-ddb5-4fa4-a97d-d965ccfc6d4b" outcome="Passed" testListId="8c84fa94-04c1-424b-9868-57a2d4851a1d" relativeResultsDirectory="e150215f-b936-44ff-9b86-1aa33f7e394f" />
    <UnitTestResult executionId="4ddbe632-b54a-4390-8120-32c13c427640" testId="46807053-f966-a388-4d2d-7da9058b5203" testName="ManagedCode.Communication.Tests.CollectionResults.CollectionResultFromMethodsTests.From_CanceledTask_ShouldReturnFailedResult" computerName="konstantins-macbook-pro" duration="00:00:00.0003259" startTime="2025-09-19T23:55:50.9613110+02:00" endTime="2025-09-19T23:55:50.9614230+02:00" testType="13cdc9d9-ddb5-4fa4-a97d-d965ccfc6d4b" outcome="Passed" testListId="8c84fa94-04c1-424b-9868-57a2d4851a1d" relativeResultsDirectory="4ddbe632-b54a-4390-8120-32c13c427640" />
    <UnitTestResult executionId="203ede12-f7d5-42d6-870a-5269a90c91ee" testId="bf056b60-1220-93fe-f132-4710dd020797" testName="ManagedCode.Communication.Tests.Results.ProblemCreationExtensionsTests.ToException_PreservesAllProblemDetails" computerName="konstantins-macbook-pro" duration="00:00:00.0008315" startTime="2025-09-19T23:55:50.8912950+02:00" endTime="2025-09-19T23:55:50.8913170+02:00" testType="13cdc9d9-ddb5-4fa4-a97d-d965ccfc6d4b" outcome="Passed" testListId="8c84fa94-04c1-424b-9868-57a2d4851a1d" relativeResultsDirectory="203ede12-f7d5-42d6-870a-5269a90c91ee" />
    <UnitTestResult executionId="d6b93399-c8d7-4e53-b1dc-944c8607fc38" testId="01b8812e-ccae-4916-6877-6357d55b1d4d" testName="ManagedCode.Communication.Tests.CollectionResults.CollectionResultFromMethodsTests.From_FuncReturningEnumerable_ShouldCreateSuccessResult" computerName="konstantins-macbook-pro" duration="00:00:00.0004392" startTime="2025-09-19T23:55:51.2276690+02:00" endTime="2025-09-19T23:55:51.2280280+02:00" testType="13cdc9d9-ddb5-4fa4-a97d-d965ccfc6d4b" outcome="Passed" testListId="8c84fa94-04c1-424b-9868-57a2d4851a1d" relativeResultsDirectory="d6b93399-c8d7-4e53-b1dc-944c8607fc38" />
    <UnitTestResult executionId="7d454fcd-2f24-4816-a234-1bd8b93b44bd" testId="3c37108a-c70c-c832-75e8-68781bee0ca1" testName="ManagedCode.Communication.Tests.Results.RailwayOrientedProgrammingTests.Match_WithSuccess_ShouldExecuteSuccessFunction" computerName="konstantins-macbook-pro" duration="00:00:00.0001287" startTime="2025-09-19T23:55:50.8793180+02:00" endTime="2025-09-19T23:55:50.8793920+02:00" testType="13cdc9d9-ddb5-4fa4-a97d-d965ccfc6d4b" outcome="Passed" testListId="8c84fa94-04c1-424b-9868-57a2d4851a1d" relativeResultsDirectory="7d454fcd-2f24-4816-a234-1bd8b93b44bd" />
    <UnitTestResult executionId="6560cd92-f00f-4574-a9e5-2ff79b612205" testId="8fb86198-a650-e4a9-cb59-495dfda2d14f" testName="ManagedCode.Communication.Tests.Results.ResultHelperMethodsTests.Result_ThrowIfFail_WithSuccess_ShouldReturnFalse" computerName="konstantins-macbook-pro" duration="00:00:00.0000378" startTime="2025-09-19T23:55:50.9910290+02:00" endTime="2025-09-19T23:55:50.9910500+02:00" testType="13cdc9d9-ddb5-4fa4-a97d-d965ccfc6d4b" outcome="Passed" testListId="8c84fa94-04c1-424b-9868-57a2d4851a1d" relativeResultsDirectory="6560cd92-f00f-4574-a9e5-2ff79b612205" />
    <UnitTestResult executionId="dbc26be0-8129-439b-b660-4df009ba47cc" testId="94ac24fa-c865-936b-315d-74d8ca292b0f" testName="ManagedCode.Communication.Tests.Results.ProblemExceptionTests.Constructor_WithProblemHavingNullProperties_ShouldHandleGracefully" computerName="konstantins-macbook-pro" duration="00:00:00.0002953" startTime="2025-09-19T23:55:50.9553170+02:00" endTime="2025-09-19T23:55:50.9557850+02:00" testType="13cdc9d9-ddb5-4fa4-a97d-d965ccfc6d4b" outcome="Passed" testListId="8c84fa94-04c1-424b-9868-57a2d4851a1d" relativeResultsDirectory="dbc26be0-8129-439b-b660-4df009ba47cc" />
    <UnitTestResult executionId="1ef30dcc-e646-43c5-b2c1-18ae0b20f6af" testId="78ec70f9-0461-4d69-fbae-7bfa68a35251" testName="ManagedCode.Communication.Tests.Results.ResultTFailMethodsTests.ResultT_Fail_WithProblem_ShouldCreateFailedResultWithProblem" computerName="konstantins-macbook-pro" duration="00:00:00.0003016" startTime="2025-09-19T23:55:50.8789310+02:00" endTime="2025-09-19T23:55:50.8790340+02:00" testType="13cdc9d9-ddb5-4fa4-a97d-d965ccfc6d4b" outcome="Passed" testListId="8c84fa94-04c1-424b-9868-57a2d4851a1d" relativeResultsDirectory="1ef30dcc-e646-43c5-b2c1-18ae0b20f6af" />
    <UnitTestResult executionId="48ad8b7c-a964-4d57-82f9-0195afc90e68" testId="7d8cc7d8-a7af-3857-ec1c-988b6d4cd6cb" testName="ManagedCode.Communication.Tests.CollectionResults.CollectionResultFromMethodsTests.From_TupleTypes_ShouldHandleCorrectly" computerName="konstantins-macbook-pro" duration="00:00:00.0029714" startTime="2025-09-19T23:55:51.2438210+02:00" endTime="2025-09-19T23:55:51.2467110+02:00" testType="13cdc9d9-ddb5-4fa4-a97d-d965ccfc6d4b" outcome="Passed" testListId="8c84fa94-04c1-424b-9868-57a2d4851a1d" relativeResultsDirectory="48ad8b7c-a964-4d57-82f9-0195afc90e68" />
    <UnitTestResult executionId="81974553-0a7e-48db-bd5e-502771711ed8" testId="45dc2808-38b8-8162-caa5-6792f81f1b1f" testName="ManagedCode.Communication.Tests.Results.CollectionResultInvalidMethodsTests.CollectionResult_Invalid_WithPagination_ShouldNotHaveData" computerName="konstantins-macbook-pro" duration="00:00:00.0003823" startTime="2025-09-19T23:55:50.8989450+02:00" endTime="2025-09-19T23:55:50.8991160+02:00" testType="13cdc9d9-ddb5-4fa4-a97d-d965ccfc6d4b" outcome="Passed" testListId="8c84fa94-04c1-424b-9868-57a2d4851a1d" relativeResultsDirectory="81974553-0a7e-48db-bd5e-502771711ed8" />
    <UnitTestResult executionId="e59a5642-3b57-4b9f-ade8-7c028ec2821b" testId="14c31508-17e6-4880-b426-ed6fb60b31cf" testName="ManagedCode.Communication.Tests.Results.ResultHelperMethodsTests.Result_From_WithSuccessResult_ShouldReturnSuccess" computerName="konstantins-macbook-pro" duration="00:00:00.0002007" startTime="2025-09-19T23:55:50.9681570+02:00" endTime="2025-09-19T23:55:50.9685030+02:00" testType="13cdc9d9-ddb5-4fa4-a97d-d965ccfc6d4b" outcome="Passed" testListId="8c84fa94-04c1-424b-9868-57a2d4851a1d" relativeResultsDirectory="e59a5642-3b57-4b9f-ade8-7c028ec2821b" />
    <UnitTestResult executionId="94dfa66f-ee10-411c-b94c-d61a33086907" testId="9c7edae4-dba8-a18a-c5ee-0aa71baa7577" testName="ManagedCode.Communication.Tests.CollectionResults.CollectionResultFromMethodsTests.From_GenericFailedCollectionResultWithProblem_ShouldReturnFailedResult" computerName="konstantins-macbook-pro" duration="00:00:00.0003337" startTime="2025-09-19T23:55:50.8973360+02:00" endTime="2025-09-19T23:55:50.8974380+02:00" testType="13cdc9d9-ddb5-4fa4-a97d-d965ccfc6d4b" outcome="Passed" testListId="8c84fa94-04c1-424b-9868-57a2d4851a1d" relativeResultsDirectory="94dfa66f-ee10-411c-b94c-d61a33086907" />
    <UnitTestResult executionId="18ad1e65-23b0-4711-83d5-989f8c69468e" testId="95d48be6-afa8-e71d-dd78-cc9c789b5af7" testName="ManagedCode.Communication.Tests.Results.ProblemExceptionTests.Constructor_WithProblemContainingErrorCode_ShouldPopulateData" computerName="konstantins-macbook-pro" duration="00:00:00.0003502" startTime="2025-09-19T23:55:50.9539520+02:00" endTime="2025-09-19T23:55:50.9539740+02:00" testType="13cdc9d9-ddb5-4fa4-a97d-d965ccfc6d4b" outcome="Passed" testListId="8c84fa94-04c1-424b-9868-57a2d4851a1d" relativeResultsDirectory="18ad1e65-23b0-4711-83d5-989f8c69468e" />
    <UnitTestResult executionId="e96fa62c-ed7e-41ff-b0c9-ee3ac9268ca8" testId="ec0ff6f3-40a0-61a0-1c02-ffe1c9cd8709" testName="ManagedCode.Communication.Tests.Results.ResultStaticHelperMethodsTests.Result_FailNotFoundT_NoParameters_ShouldCreateNotFoundResultT" computerName="konstantins-macbook-pro" duration="00:00:00.0001379" startTime="2025-09-19T23:55:50.9569220+02:00" endTime="2025-09-19T23:55:50.9569470+02:00" testType="13cdc9d9-ddb5-4fa4-a97d-d965ccfc6d4b" outcome="Passed" testListId="8c84fa94-04c1-424b-9868-57a2d4851a1d" relativeResultsDirectory="e96fa62c-ed7e-41ff-b0c9-ee3ac9268ca8" />
    <UnitTestResult executionId="df1dd94d-e6d8-47d9-bc86-72ddc9cf31c9" testId="a5e59568-9809-0546-2c2c-c87f9fc098c3" testName="ManagedCode.Communication.Tests.Results.ResultInvalidMethodsTests.ResultT_Invalid_WithEnum_ShouldCreateValidationResultWithErrorCode" computerName="konstantins-macbook-pro" duration="00:00:00.0002464" startTime="2025-09-19T23:55:50.9348340+02:00" endTime="2025-09-19T23:55:50.9348670+02:00" testType="13cdc9d9-ddb5-4fa4-a97d-d965ccfc6d4b" outcome="Passed" testListId="8c84fa94-04c1-424b-9868-57a2d4851a1d" relativeResultsDirectory="df1dd94d-e6d8-47d9-bc86-72ddc9cf31c9" />
    <UnitTestResult executionId="a4fabf7e-986d-478c-98f5-389f51d6373a" testId="4052b285-ee8b-dda1-747f-8fb2d2b5853d" testName="ManagedCode.Communication.Tests.Results.ResultTests.ImplicitOperator_ToBool_ShouldReturnIsSuccess" computerName="konstantins-macbook-pro" duration="00:00:00.0003102" startTime="2025-09-19T23:55:50.8891070+02:00" endTime="2025-09-19T23:55:50.8897220+02:00" testType="13cdc9d9-ddb5-4fa4-a97d-d965ccfc6d4b" outcome="Passed" testListId="8c84fa94-04c1-424b-9868-57a2d4851a1d" relativeResultsDirectory="a4fabf7e-986d-478c-98f5-389f51d6373a" />
    <UnitTestResult executionId="280fe0cf-7133-4a0c-a60d-08940fa33347" testId="9deae48d-7055-3dbc-52b0-c16fc854726a" testName="ManagedCode.Communication.Tests.Results.ResultTTests.From_WithFunc_ShouldExecuteAndWrapResult" computerName="konstantins-macbook-pro" duration="00:00:00.0003813" startTime="2025-09-19T23:55:50.8840630+02:00" endTime="2025-09-19T23:55:50.8841200+02:00" testType="13cdc9d9-ddb5-4fa4-a97d-d965ccfc6d4b" outcome="Passed" testListId="8c84fa94-04c1-424b-9868-57a2d4851a1d" relativeResultsDirectory="280fe0cf-7133-4a0c-a60d-08940fa33347" />
    <UnitTestResult executionId="4beccc4a-f783-47b6-bc4e-fa70ce4fe043" testId="4b36266e-a52e-ddb2-0c89-74a3ad238fe8" testName="ManagedCode.Communication.Tests.Serialization.SerializationTests.Result_Success_ShouldSerializeAndDeserialize" computerName="konstantins-macbook-pro" duration="00:00:00.0000865" startTime="2025-09-19T23:55:51.0099430+02:00" endTime="2025-09-19T23:55:51.0099710+02:00" testType="13cdc9d9-ddb5-4fa4-a97d-d965ccfc6d4b" outcome="Passed" testListId="8c84fa94-04c1-424b-9868-57a2d4851a1d" relativeResultsDirectory="4beccc4a-f783-47b6-bc4e-fa70ce4fe043" />
    <UnitTestResult executionId="f2bf7db3-8d7e-4bf3-a1d2-c5902c78cb6b" testId="5bc0f3f5-2ef6-71a7-b380-e960810bb877" testName="ManagedCode.Communication.Tests.Extensions.RailwayExtensionsTests.MapAsync_SuccessfulResult_TransformsValue" computerName="konstantins-macbook-pro" duration="00:00:00.0017116" startTime="2025-09-19T23:55:50.8974160+02:00" endTime="2025-09-19T23:55:50.8975110+02:00" testType="13cdc9d9-ddb5-4fa4-a97d-d965ccfc6d4b" outcome="Passed" testListId="8c84fa94-04c1-424b-9868-57a2d4851a1d" relativeResultsDirectory="f2bf7db3-8d7e-4bf3-a1d2-c5902c78cb6b" />
    <UnitTestResult executionId="6ea2bee6-b5e2-4d68-9b6a-d116b79eb33b" testId="c9b0bf8f-b32e-afc0-1ba5-d7dd67234a1b" testName="ManagedCode.Communication.Tests.CollectionResults.CollectionResultFromMethodsTests.From_FuncValueTaskThrowingException_ShouldReturnFailedResult" computerName="konstantins-macbook-pro" duration="00:00:00.0007970" startTime="2025-09-19T23:55:51.2599420+02:00" endTime="2025-09-19T23:55:51.2607150+02:00" testType="13cdc9d9-ddb5-4fa4-a97d-d965ccfc6d4b" outcome="Passed" testListId="8c84fa94-04c1-424b-9868-57a2d4851a1d" relativeResultsDirectory="6ea2bee6-b5e2-4d68-9b6a-d116b79eb33b" />
    <UnitTestResult executionId="da472d00-f1a3-4a99-b51d-86fdceb7067b" testId="4a081906-f0c0-7f45-b4ec-9402f752201c" testName="ManagedCode.Communication.Tests.Serialization.ProblemJsonConverterTests.SerializeDeserialize_RoundTrip_PreservesBasicProperties" computerName="konstantins-macbook-pro" duration="00:00:00.0023306" startTime="2025-09-19T23:55:50.9139250+02:00" endTime="2025-09-19T23:55:50.9158190+02:00" testType="13cdc9d9-ddb5-4fa4-a97d-d965ccfc6d4b" outcome="Passed" testListId="8c84fa94-04c1-424b-9868-57a2d4851a1d" relativeResultsDirectory="da472d00-f1a3-4a99-b51d-86fdceb7067b" />
    <UnitTestResult executionId="253624d6-55d1-4f48-9257-060b6b7b94c8" testId="c9b50cc0-af5c-379e-bcdc-156c0ff0245a" testName="ManagedCode.Communication.Tests.Results.ProblemCreationExtensionsTests.ToProblem_FromException_ShouldCreateProblemWithDefaultStatusCode" computerName="konstantins-macbook-pro" duration="00:00:00.0001496" startTime="2025-09-19T23:55:50.8934700+02:00" endTime="2025-09-19T23:55:50.8935950+02:00" testType="13cdc9d9-ddb5-4fa4-a97d-d965ccfc6d4b" outcome="Passed" testListId="8c84fa94-04c1-424b-9868-57a2d4851a1d" relativeResultsDirectory="253624d6-55d1-4f48-9257-060b6b7b94c8" />
    <UnitTestResult executionId="41f7aeec-050e-4e84-833d-ecf778462b21" testId="54e77df2-c5f9-e6f4-caca-1b64d3e7ca87" testName="ManagedCode.Communication.Tests.Results.ResultHelperMethodsTests.Result_FailNotFound_ShouldCreateNotFoundResult" computerName="konstantins-macbook-pro" duration="00:00:00.0001172" startTime="2025-09-19T23:55:50.9922060+02:00" endTime="2025-09-19T23:55:50.9922340+02:00" testType="13cdc9d9-ddb5-4fa4-a97d-d965ccfc6d4b" outcome="Passed" testListId="8c84fa94-04c1-424b-9868-57a2d4851a1d" relativeResultsDirectory="41f7aeec-050e-4e84-833d-ecf778462b21" />
    <UnitTestResult executionId="e0142f7a-09d2-4640-8444-64d90f485417" testId="2460b2eb-c7c7-67db-b872-797238ca95cb" testName="ManagedCode.Communication.Tests.Extensions.RailwayExtensionsTests.Else_FailedResultT_ReturnsAlternativeValue" computerName="konstantins-macbook-pro" duration="00:00:00.0005705" startTime="2025-09-19T23:55:50.8944630+02:00" endTime="2025-09-19T23:55:50.8944850+02:00" testType="13cdc9d9-ddb5-4fa4-a97d-d965ccfc6d4b" outcome="Passed" testListId="8c84fa94-04c1-424b-9868-57a2d4851a1d" relativeResultsDirectory="e0142f7a-09d2-4640-8444-64d90f485417" />
    <UnitTestResult executionId="cda553ff-8924-424f-ac55-15616235b673" testId="556708dc-3ea7-4044-1a0d-7548df8b4302" testName="ManagedCode.Communication.Tests.Serialization.ProblemJsonConverterTests.Serialize_DifferentTypeValues_HandlesCorrectly(inputType: &quot;custom-type&quot;, expectedType: &quot;custom-type&quot;)" computerName="konstantins-macbook-pro" duration="00:00:00.0000152" startTime="2025-09-19T23:55:50.8898510+02:00" endTime="2025-09-19T23:55:50.8898760+02:00" testType="13cdc9d9-ddb5-4fa4-a97d-d965ccfc6d4b" outcome="Passed" testListId="8c84fa94-04c1-424b-9868-57a2d4851a1d" relativeResultsDirectory="cda553ff-8924-424f-ac55-15616235b673" />
    <UnitTestResult executionId="610f22aa-889a-4d72-aeca-c8806f895fbc" testId="79aef7de-738f-b2d7-91f6-bab93a12a8cc" testName="ManagedCode.Communication.Tests.Extensions.AdvancedRailwayExtensionsTests.ParallelValidation_CollectsAllErrors" computerName="konstantins-macbook-pro" duration="00:00:00.0005490" startTime="2025-09-19T23:55:50.9557600+02:00" endTime="2025-09-19T23:55:50.9559650+02:00" testType="13cdc9d9-ddb5-4fa4-a97d-d965ccfc6d4b" outcome="Passed" testListId="8c84fa94-04c1-424b-9868-57a2d4851a1d" relativeResultsDirectory="610f22aa-889a-4d72-aeca-c8806f895fbc" />
    <UnitTestResult executionId="1cf082ae-be6b-41e8-b343-1849bbcbb945" testId="5fcc6bb5-5034-60d9-130d-fe126a4d45b8" testName="ManagedCode.Communication.Tests.CollectionResults.CollectionResultFailMethodsTests.Fail_WithEnumerable_ShouldCreateFailedResultWithItems" computerName="konstantins-macbook-pro" duration="00:00:00.0004199" startTime="2025-09-19T23:55:50.9984180+02:00" endTime="2025-09-19T23:55:50.9987770+02:00" testType="13cdc9d9-ddb5-4fa4-a97d-d965ccfc6d4b" outcome="Passed" testListId="8c84fa94-04c1-424b-9868-57a2d4851a1d" relativeResultsDirectory="1cf082ae-be6b-41e8-b343-1849bbcbb945" />
    <UnitTestResult executionId="2221172f-5ffe-4efd-a534-961fe2c814f5" testId="25af1c0f-9922-9a6a-e81e-c2ad6e330e49" testName="ManagedCode.Communication.Tests.Extensions.RailwayExtensionsTests.Bind_ResultToResultT_SuccessfulChain" computerName="konstantins-macbook-pro" duration="00:00:00.0002295" startTime="2025-09-19T23:55:50.8970370+02:00" endTime="2025-09-19T23:55:50.8970590+02:00" testType="13cdc9d9-ddb5-4fa4-a97d-d965ccfc6d4b" outcome="Passed" testListId="8c84fa94-04c1-424b-9868-57a2d4851a1d" relativeResultsDirectory="2221172f-5ffe-4efd-a534-961fe2c814f5" />
    <UnitTestResult executionId="1c3490e9-45c4-4a14-b3b2-781b6f8c903a" testId="7f0db5cd-3789-6493-06f2-6838ac79a529" testName="ManagedCode.Communication.Tests.Results.ResultFailMethodsTests.Result_FailNotFound_WithDetail_ShouldCreateNotFoundResultWithCustomDetail" computerName="konstantins-macbook-pro" duration="00:00:00.0000657" startTime="2025-09-19T23:55:50.9020950+02:00" endTime="2025-09-19T23:55:50.9021170+02:00" testType="13cdc9d9-ddb5-4fa4-a97d-d965ccfc6d4b" outcome="Passed" testListId="8c84fa94-04c1-424b-9868-57a2d4851a1d" relativeResultsDirectory="1c3490e9-45c4-4a14-b3b2-781b6f8c903a" />
    <UnitTestResult executionId="208e73dd-09cc-400f-87ae-075c933fe308" testId="ca91a9e0-6fc0-a317-fd3a-6f5ade651c3e" testName="ManagedCode.Communication.Tests.AspNetCore.Extensions.ControllerExtensionsTests.ToActionResult_WithSuccessResultNoValue_ReturnsNoContent" computerName="konstantins-macbook-pro" duration="00:00:00.0000849" startTime="2025-09-19T23:55:50.9518130+02:00" endTime="2025-09-19T23:55:50.9518380+02:00" testType="13cdc9d9-ddb5-4fa4-a97d-d965ccfc6d4b" outcome="Passed" testListId="8c84fa94-04c1-424b-9868-57a2d4851a1d" relativeResultsDirectory="208e73dd-09cc-400f-87ae-075c933fe308" />
    <UnitTestResult executionId="06229377-5116-43fa-8710-759b70f2ba76" testId="05b76220-fd76-c7b5-cf44-0c20f6f56988" testName="ManagedCode.Communication.Tests.Results.ResultFailMethodsTests.Result_FailUnauthorized_WithDetail_ShouldCreateUnauthorizedResultWithCustomDetail" computerName="konstantins-macbook-pro" duration="00:00:00.0001799" startTime="2025-09-19T23:55:50.9050490+02:00" endTime="2025-09-19T23:55:50.9050700+02:00" testType="13cdc9d9-ddb5-4fa4-a97d-d965ccfc6d4b" outcome="Passed" testListId="8c84fa94-04c1-424b-9868-57a2d4851a1d" relativeResultsDirectory="06229377-5116-43fa-8710-759b70f2ba76" />
    <UnitTestResult executionId="54cef45c-ba9f-4c4e-93c0-f0408455ec86" testId="e8ef69a7-69d2-7821-25ae-0ad9e98c19f5" testName="ManagedCode.Communication.Tests.Results.ResultOperatorsTests.CollectionResult_ImplicitOperator_FromProblem_ShouldCreateFailedResult" computerName="konstantins-macbook-pro" duration="00:00:00.0038721" startTime="2025-09-19T23:55:50.8731570+02:00" endTime="2025-09-19T23:55:50.8764160+02:00" testType="13cdc9d9-ddb5-4fa4-a97d-d965ccfc6d4b" outcome="Passed" testListId="8c84fa94-04c1-424b-9868-57a2d4851a1d" relativeResultsDirectory="54cef45c-ba9f-4c4e-93c0-f0408455ec86" />
    <UnitTestResult executionId="74944efc-ec86-43bd-bd63-3b14ddbb52e0" testId="9f8aa001-f958-be2d-3226-fc565fd3e92a" testName="ManagedCode.Communication.Tests.AspNetCore.Extensions.CommunicationServiceCollectionExtensionsTests.AddCommunicationAspNetCore_WithLoggerFactory_ReturnsServiceCollection" computerName="konstantins-macbook-pro" duration="00:00:00.0006690" startTime="2025-09-19T23:55:50.9944890+02:00" endTime="2025-09-19T23:55:50.9949880+02:00" testType="13cdc9d9-ddb5-4fa4-a97d-d965ccfc6d4b" outcome="Passed" testListId="8c84fa94-04c1-424b-9868-57a2d4851a1d" relativeResultsDirectory="74944efc-ec86-43bd-bd63-3b14ddbb52e0" />
    <UnitTestResult executionId="f8b1894f-23f1-45ac-959d-5ca1be2b1d46" testId="c2bf73e0-2b43-e613-8fe5-319705841f57" testName="ManagedCode.Communication.Tests.Results.ResultTests.FailValidation_ShouldCreateValidationResult" computerName="konstantins-macbook-pro" duration="00:00:00.0002788" startTime="2025-09-19T23:55:50.8884090+02:00" endTime="2025-09-19T23:55:50.8888140+02:00" testType="13cdc9d9-ddb5-4fa4-a97d-d965ccfc6d4b" outcome="Passed" testListId="8c84fa94-04c1-424b-9868-57a2d4851a1d" relativeResultsDirectory="f8b1894f-23f1-45ac-959d-5ca1be2b1d46" />
    <UnitTestResult executionId="0914b821-40b9-4407-9828-4e4b40f62767" testId="2d7f5b65-4d8c-deba-d465-b2441aaaa785" testName="ManagedCode.Communication.Tests.Orleans.Serialization.CommandSerializationTests.Command_WithMinimalFields_ShouldSerializeCorrectly" computerName="konstantins-macbook-pro" duration="00:00:00.0029735" startTime="2025-09-19T23:55:51.7372410+02:00" endTime="2025-09-19T23:55:51.7403290+02:00" testType="13cdc9d9-ddb5-4fa4-a97d-d965ccfc6d4b" outcome="Passed" testListId="8c84fa94-04c1-424b-9868-57a2d4851a1d" relativeResultsDirectory="0914b821-40b9-4407-9828-4e4b40f62767" />
    <UnitTestResult executionId="a515c324-3fe1-4966-8ec8-6d869100bae2" testId="74d935d3-9bac-ca17-d821-b5657be316bf" testName="ManagedCode.Communication.Tests.Results.ResultTTests.Fail_WithMessage_ShouldCreateFailedResult" computerName="konstantins-macbook-pro" duration="00:00:00.0002449" startTime="2025-09-19T23:55:50.8873190+02:00" endTime="2025-09-19T23:55:50.8877160+02:00" testType="13cdc9d9-ddb5-4fa4-a97d-d965ccfc6d4b" outcome="Passed" testListId="8c84fa94-04c1-424b-9868-57a2d4851a1d" relativeResultsDirectory="a515c324-3fe1-4966-8ec8-6d869100bae2" />
    <UnitTestResult executionId="61747f9a-3874-46f3-81fa-d24c976ca907" testId="7e46dd07-4366-27a0-3009-4a77bc548fa9" testName="ManagedCode.Communication.Tests.CollectionResults.CollectionResultFromMethodsTests.From_ValueTaskReturningCollectionResult_ShouldReturnSameResult" computerName="konstantins-macbook-pro" duration="00:00:00.0026310" startTime="2025-09-19T23:55:51.2406640+02:00" endTime="2025-09-19T23:55:51.2432710+02:00" testType="13cdc9d9-ddb5-4fa4-a97d-d965ccfc6d4b" outcome="Passed" testListId="8c84fa94-04c1-424b-9868-57a2d4851a1d" relativeResultsDirectory="61747f9a-3874-46f3-81fa-d24c976ca907" />
  </Results>
  <TestDefinitions>
    <UnitTest name="ManagedCode.Communication.Tests.Serialization.ProblemJsonConverterTests.Serialize_ValidationProblem_IncludesValidationErrors" storage="/users/ksemenenko/developer/communication/managedcode.communication.tests/bin/debug/net9.0/managedcode.communication.tests.dll" id="d3300c9e-5da3-cf6d-3ac1-7219738332c6">
      <Execution id="b9a615f1-5fc5-4715-af38-703e9c18f210" />
      <TestMethod codeBase="/Users/ksemenenko/Developer/Communication/ManagedCode.Communication.Tests/bin/Debug/net9.0/ManagedCode.Communication.Tests.dll" adapterTypeName="executor://xunit/VsTestRunner3/netcore/" className="ManagedCode.Communication.Tests.Serialization.ProblemJsonConverterTests" name="Serialize_ValidationProblem_IncludesValidationErrors" />
    </UnitTest>
    <UnitTest name="ManagedCode.Communication.Tests.AspNetCore.Extensions.ControllerExtensionsTests.ToActionResult_WithValidationError_Returns400WithProblemDetails" storage="/users/ksemenenko/developer/communication/managedcode.communication.tests/bin/debug/net9.0/managedcode.communication.tests.dll" id="3fc0a61d-0537-a068-dc4c-e9f48287e808">
      <Execution id="38c7c9f1-4e8d-4bcc-90ec-fa574c67d0a9" />
      <TestMethod codeBase="/Users/ksemenenko/Developer/Communication/ManagedCode.Communication.Tests/bin/Debug/net9.0/ManagedCode.Communication.Tests.dll" adapterTypeName="executor://xunit/VsTestRunner3/netcore/" className="ManagedCode.Communication.Tests.AspNetCore.Extensions.ControllerExtensionsTests" name="ToActionResult_WithValidationError_Returns400WithProblemDetails" />
    </UnitTest>
    <UnitTest name="ManagedCode.Communication.Tests.Extensions.RailwayExtensionsTests.Bind_SuccessfulResult_ExecutesNext" storage="/users/ksemenenko/developer/communication/managedcode.communication.tests/bin/debug/net9.0/managedcode.communication.tests.dll" id="c20609f4-6a70-6c55-75bb-083e12c37fc9">
      <Execution id="d785fe25-dc91-4626-80e3-40119c2f37a2" />
      <TestMethod codeBase="/Users/ksemenenko/Developer/Communication/ManagedCode.Communication.Tests/bin/Debug/net9.0/ManagedCode.Communication.Tests.dll" adapterTypeName="executor://xunit/VsTestRunner3/netcore/" className="ManagedCode.Communication.Tests.Extensions.RailwayExtensionsTests" name="Bind_SuccessfulResult_ExecutesNext" />
    </UnitTest>
    <UnitTest name="ManagedCode.Communication.Tests.Results.ResultFailMethodsTests.Result_Fail_NoParameters_ShouldCreateFailedResult" storage="/users/ksemenenko/developer/communication/managedcode.communication.tests/bin/debug/net9.0/managedcode.communication.tests.dll" id="2e7f64e0-84e1-b572-6451-e5b58ad3f1b2">
      <Execution id="24a75957-5509-47ba-8664-52b8215d3c89" />
      <TestMethod codeBase="/Users/ksemenenko/Developer/Communication/ManagedCode.Communication.Tests/bin/Debug/net9.0/ManagedCode.Communication.Tests.dll" adapterTypeName="executor://xunit/VsTestRunner3/netcore/" className="ManagedCode.Communication.Tests.Results.ResultFailMethodsTests" name="Result_Fail_NoParameters_ShouldCreateFailedResult" />
    </UnitTest>
    <UnitTest name="ManagedCode.Communication.Tests.CollectionResults.CollectionResultFromMethodsTests.From_FuncReturningNull_ShouldCreateFailedResultDueToNullReference" storage="/users/ksemenenko/developer/communication/managedcode.communication.tests/bin/debug/net9.0/managedcode.communication.tests.dll" id="b54351a3-66ec-0964-2aea-e5e40f7e02d7">
      <Execution id="ba18fafb-96db-49f1-80b6-507b4ad2fc9c" />
      <TestMethod codeBase="/Users/ksemenenko/Developer/Communication/ManagedCode.Communication.Tests/bin/Debug/net9.0/ManagedCode.Communication.Tests.dll" adapterTypeName="executor://xunit/VsTestRunner3/netcore/" className="ManagedCode.Communication.Tests.CollectionResults.CollectionResultFromMethodsTests" name="From_FuncReturningNull_ShouldCreateFailedResultDueToNullReference" />
    </UnitTest>
    <UnitTest name="ManagedCode.Communication.Tests.Results.ResultTFailMethodsTests.ResultT_Fail_WithTitleDetailAndStatus_ShouldCreateFailedResultWithSpecifiedStatus" storage="/users/ksemenenko/developer/communication/managedcode.communication.tests/bin/debug/net9.0/managedcode.communication.tests.dll" id="d31f1619-d27f-d07c-9813-9d9c2f563878">
      <Execution id="7b7f1413-2654-4d12-8eaf-cfaba2d03957" />
      <TestMethod codeBase="/Users/ksemenenko/Developer/Communication/ManagedCode.Communication.Tests/bin/Debug/net9.0/ManagedCode.Communication.Tests.dll" adapterTypeName="executor://xunit/VsTestRunner3/netcore/" className="ManagedCode.Communication.Tests.Results.ResultTFailMethodsTests" name="ResultT_Fail_WithTitleDetailAndStatus_ShouldCreateFailedResultWithSpecifiedStatus" />
    </UnitTest>
    <UnitTest name="ManagedCode.Communication.Tests.CollectionResults.CollectionResultFailMethodsTests.Fail_WithExceptionAndStatus_ShouldCreateFailedResultWithSpecifiedStatus" storage="/users/ksemenenko/developer/communication/managedcode.communication.tests/bin/debug/net9.0/managedcode.communication.tests.dll" id="f6e5cff2-2693-3b1e-77a2-42903b6a4613">
      <Execution id="7d2979ac-5a85-4848-b2d0-baaa09757f81" />
      <TestMethod codeBase="/Users/ksemenenko/Developer/Communication/ManagedCode.Communication.Tests/bin/Debug/net9.0/ManagedCode.Communication.Tests.dll" adapterTypeName="executor://xunit/VsTestRunner3/netcore/" className="ManagedCode.Communication.Tests.CollectionResults.CollectionResultFailMethodsTests" name="Fail_WithExceptionAndStatus_ShouldCreateFailedResultWithSpecifiedStatus" />
    </UnitTest>
    <UnitTest name="ManagedCode.Communication.Tests.Results.CollectionResultInvalidMethodsTests.CollectionResult_Invalid_WithEnumAndKeyValue_ShouldCreateValidationResultWithAll" storage="/users/ksemenenko/developer/communication/managedcode.communication.tests/bin/debug/net9.0/managedcode.communication.tests.dll" id="898c9cc8-bb35-e599-7c7d-53a4b1099340">
      <Execution id="ec66cd85-4523-47fe-8cc8-1555a56b8ca0" />
      <TestMethod codeBase="/Users/ksemenenko/Developer/Communication/ManagedCode.Communication.Tests/bin/Debug/net9.0/ManagedCode.Communication.Tests.dll" adapterTypeName="executor://xunit/VsTestRunner3/netcore/" className="ManagedCode.Communication.Tests.Results.CollectionResultInvalidMethodsTests" name="CollectionResult_Invalid_WithEnumAndKeyValue_ShouldCreateValidationResultWithAll" />
    </UnitTest>
    <UnitTest name="ManagedCode.Communication.Tests.Extensions.RailwayExtensionsTests.ComplexChain_FailurePath_StopsAtFirstFailure" storage="/users/ksemenenko/developer/communication/managedcode.communication.tests/bin/debug/net9.0/managedcode.communication.tests.dll" id="d1df534e-bdd0-3f3b-6fb8-d0869c06e6d1">
      <Execution id="bbd529cd-75bf-4b00-bddf-dfecc7212fae" />
      <TestMethod codeBase="/Users/ksemenenko/Developer/Communication/ManagedCode.Communication.Tests/bin/Debug/net9.0/ManagedCode.Communication.Tests.dll" adapterTypeName="executor://xunit/VsTestRunner3/netcore/" className="ManagedCode.Communication.Tests.Extensions.RailwayExtensionsTests" name="ComplexChain_FailurePath_StopsAtFirstFailure" />
    </UnitTest>
    <UnitTest name="ManagedCode.Communication.Tests.CollectionResults.CollectionResultFailMethodsTests.FailValidation_WithMultipleErrors_ShouldCreateValidationFailedResultWithAllErrors" storage="/users/ksemenenko/developer/communication/managedcode.communication.tests/bin/debug/net9.0/managedcode.communication.tests.dll" id="1dab659d-bd89-ec57-ccec-04868b38f679">
      <Execution id="76f72c19-2328-44ea-b6fd-7f96abd3519f" />
      <TestMethod codeBase="/Users/ksemenenko/Developer/Communication/ManagedCode.Communication.Tests/bin/Debug/net9.0/ManagedCode.Communication.Tests.dll" adapterTypeName="executor://xunit/VsTestRunner3/netcore/" className="ManagedCode.Communication.Tests.CollectionResults.CollectionResultFailMethodsTests" name="FailValidation_WithMultipleErrors_ShouldCreateValidationFailedResultWithAllErrors" />
    </UnitTest>
    <UnitTest name="ManagedCode.Communication.Tests.Extensions.AdvancedRailwayExtensionsTests.Then_WithFailedResult_DoesNotExecuteNext" storage="/users/ksemenenko/developer/communication/managedcode.communication.tests/bin/debug/net9.0/managedcode.communication.tests.dll" id="234bc324-8553-c6e0-ddb6-1b51780458be">
      <Execution id="81a662be-f27f-40f4-8867-1be1d5096d96" />
      <TestMethod codeBase="/Users/ksemenenko/Developer/Communication/ManagedCode.Communication.Tests/bin/Debug/net9.0/ManagedCode.Communication.Tests.dll" adapterTypeName="executor://xunit/VsTestRunner3/netcore/" className="ManagedCode.Communication.Tests.Extensions.AdvancedRailwayExtensionsTests" name="Then_WithFailedResult_DoesNotExecuteNext" />
    </UnitTest>
    <UnitTest name="ManagedCode.Communication.Tests.Results.CollectionResultTests.ThrowIfFail_WithFailedResult_ShouldThrow" storage="/users/ksemenenko/developer/communication/managedcode.communication.tests/bin/debug/net9.0/managedcode.communication.tests.dll" id="685bf125-95a7-b042-d839-6110f006a2bb">
      <Execution id="a44996e5-4dea-4557-8ca9-ca88e18779b9" />
      <TestMethod codeBase="/Users/ksemenenko/Developer/Communication/ManagedCode.Communication.Tests/bin/Debug/net9.0/ManagedCode.Communication.Tests.dll" adapterTypeName="executor://xunit/VsTestRunner3/netcore/" className="ManagedCode.Communication.Tests.Results.CollectionResultTests" name="ThrowIfFail_WithFailedResult_ShouldThrow" />
    </UnitTest>
    <UnitTest name="ManagedCode.Communication.Tests.Extensions.AdvancedRailwayExtensionsTests.Merge_WithOneFailure_ReturnsFirstFailure" storage="/users/ksemenenko/developer/communication/managedcode.communication.tests/bin/debug/net9.0/managedcode.communication.tests.dll" id="d49dd8a1-17d1-d140-9564-06903127a2e4">
      <Execution id="c7347b58-bbf5-474e-81a6-7014a1e28018" />
      <TestMethod codeBase="/Users/ksemenenko/Developer/Communication/ManagedCode.Communication.Tests/bin/Debug/net9.0/ManagedCode.Communication.Tests.dll" adapterTypeName="executor://xunit/VsTestRunner3/netcore/" className="ManagedCode.Communication.Tests.Extensions.AdvancedRailwayExtensionsTests" name="Merge_WithOneFailure_ReturnsFirstFailure" />
    </UnitTest>
    <UnitTest name="ManagedCode.Communication.Tests.Results.ProblemTests.WithExtensions_ShouldCreateNewProblemWithAdditionalExtensions" storage="/users/ksemenenko/developer/communication/managedcode.communication.tests/bin/debug/net9.0/managedcode.communication.tests.dll" id="2654f83d-7e59-bc95-a132-84ce53376681">
      <Execution id="371627be-c7a7-448d-832c-7f722f0d63ee" />
      <TestMethod codeBase="/Users/ksemenenko/Developer/Communication/ManagedCode.Communication.Tests/bin/Debug/net9.0/ManagedCode.Communication.Tests.dll" adapterTypeName="executor://xunit/VsTestRunner3/netcore/" className="ManagedCode.Communication.Tests.Results.ProblemTests" name="WithExtensions_ShouldCreateNewProblemWithAdditionalExtensions" />
    </UnitTest>
    <UnitTest name="ManagedCode.Communication.Tests.AspNetCore.Helpers.HttpStatusCodeHelperTests.GetStatusCodeForException_AspNetSpecificExceptions_ReturnsCorrectStatusCode(exceptionType: typeof(Microsoft.AspNetCore.Mvc.Infrastructure.AmbiguousActionException), expectedStatusCode: InternalServerError)" storage="/users/ksemenenko/developer/communication/managedcode.communication.tests/bin/debug/net9.0/managedcode.communication.tests.dll" id="0bac6952-0c3c-190c-8898-ea5d8b8379ca">
      <Execution id="565fbccd-45a3-4e78-a7ff-f51931dfe603" />
      <TestMethod codeBase="/Users/ksemenenko/Developer/Communication/ManagedCode.Communication.Tests/bin/Debug/net9.0/ManagedCode.Communication.Tests.dll" adapterTypeName="executor://xunit/VsTestRunner3/netcore/" className="ManagedCode.Communication.Tests.AspNetCore.Helpers.HttpStatusCodeHelperTests" name="GetStatusCodeForException_AspNetSpecificExceptions_ReturnsCorrectStatusCode" />
    </UnitTest>
    <UnitTest name="ManagedCode.Communication.Tests.CollectionResults.CollectionResultFromMethodsTests.From_SuccessCollectionResult_ShouldReturnSameResult" storage="/users/ksemenenko/developer/communication/managedcode.communication.tests/bin/debug/net9.0/managedcode.communication.tests.dll" id="6bdd3bbc-d7a5-24ee-4e32-c68e3928d318">
      <Execution id="52171da0-3c8e-4846-b70f-74f8374e4471" />
      <TestMethod codeBase="/Users/ksemenenko/Developer/Communication/ManagedCode.Communication.Tests/bin/Debug/net9.0/ManagedCode.Communication.Tests.dll" adapterTypeName="executor://xunit/VsTestRunner3/netcore/" className="ManagedCode.Communication.Tests.CollectionResults.CollectionResultFromMethodsTests" name="From_SuccessCollectionResult_ShouldReturnSameResult" />
    </UnitTest>
    <UnitTest name="ManagedCode.Communication.Tests.AspNetCore.Extensions.ControllerExtensionsTests.ToHttpResult_WithSuccessResultNoValue_ReturnsNoContent" storage="/users/ksemenenko/developer/communication/managedcode.communication.tests/bin/debug/net9.0/managedcode.communication.tests.dll" id="a9c4348a-f7cc-abf4-413a-fc58753695f7">
      <Execution id="c70e472d-6c94-46ec-a7ab-89a5283fe43a" />
      <TestMethod codeBase="/Users/ksemenenko/Developer/Communication/ManagedCode.Communication.Tests/bin/Debug/net9.0/ManagedCode.Communication.Tests.dll" adapterTypeName="executor://xunit/VsTestRunner3/netcore/" className="ManagedCode.Communication.Tests.AspNetCore.Extensions.ControllerExtensionsTests" name="ToHttpResult_WithSuccessResultNoValue_ReturnsNoContent" />
    </UnitTest>
    <UnitTest name="ManagedCode.Communication.Tests.CollectionResults.CollectionResultFailMethodsTests.FailForbidden_WithDetail_ShouldCreateForbiddenResultWithCustomDetail" storage="/users/ksemenenko/developer/communication/managedcode.communication.tests/bin/debug/net9.0/managedcode.communication.tests.dll" id="d5e79021-8e56-47e1-e0da-836c7f362c97">
      <Execution id="a46e79f3-6c98-4313-9b8d-1f7d236c3506" />
      <TestMethod codeBase="/Users/ksemenenko/Developer/Communication/ManagedCode.Communication.Tests/bin/Debug/net9.0/ManagedCode.Communication.Tests.dll" adapterTypeName="executor://xunit/VsTestRunner3/netcore/" className="ManagedCode.Communication.Tests.CollectionResults.CollectionResultFailMethodsTests" name="FailForbidden_WithDetail_ShouldCreateForbiddenResultWithCustomDetail" />
    </UnitTest>
    <UnitTest name="ManagedCode.Communication.Tests.Results.ResultStaticHelperMethodsTests.Result_FailT_WithEnumAndDetail_ShouldCreateFailedResultTWithErrorCodeAndDetail" storage="/users/ksemenenko/developer/communication/managedcode.communication.tests/bin/debug/net9.0/managedcode.communication.tests.dll" id="56331dab-a3f7-2362-5979-39dd09b423f7">
      <Execution id="2dab4b71-fec3-4ffb-a14d-1dadcc315d18" />
      <TestMethod codeBase="/Users/ksemenenko/Developer/Communication/ManagedCode.Communication.Tests/bin/Debug/net9.0/ManagedCode.Communication.Tests.dll" adapterTypeName="executor://xunit/VsTestRunner3/netcore/" className="ManagedCode.Communication.Tests.Results.ResultStaticHelperMethodsTests" name="Result_FailT_WithEnumAndDetail_ShouldCreateFailedResultTWithErrorCodeAndDetail" />
    </UnitTest>
    <UnitTest name="ManagedCode.Communication.Tests.Results.ResultHelperMethodsTests.Result_From_WithSuccessResult_ShouldReturnSuccess" storage="/users/ksemenenko/developer/communication/managedcode.communication.tests/bin/debug/net9.0/managedcode.communication.tests.dll" id="14c31508-17e6-4880-b426-ed6fb60b31cf">
      <Execution id="e59a5642-3b57-4b9f-ade8-7c028ec2821b" />
      <TestMethod codeBase="/Users/ksemenenko/Developer/Communication/ManagedCode.Communication.Tests/bin/Debug/net9.0/ManagedCode.Communication.Tests.dll" adapterTypeName="executor://xunit/VsTestRunner3/netcore/" className="ManagedCode.Communication.Tests.Results.ResultHelperMethodsTests" name="Result_From_WithSuccessResult_ShouldReturnSuccess" />
    </UnitTest>
    <UnitTest name="ManagedCode.Communication.Tests.Results.ResultFailMethodsTests.Result_Fail_WithEnumAndStatus_ShouldCreateFailedResultWithErrorCodeAndStatus" storage="/users/ksemenenko/developer/communication/managedcode.communication.tests/bin/debug/net9.0/managedcode.communication.tests.dll" id="6e767f96-9226-7d9c-988b-ea75a4b8e156">
      <Execution id="1038bf7c-ff8c-4b95-b2cf-8cd9bd235fa8" />
      <TestMethod codeBase="/Users/ksemenenko/Developer/Communication/ManagedCode.Communication.Tests/bin/Debug/net9.0/ManagedCode.Communication.Tests.dll" adapterTypeName="executor://xunit/VsTestRunner3/netcore/" className="ManagedCode.Communication.Tests.Results.ResultFailMethodsTests" name="Result_Fail_WithEnumAndStatus_ShouldCreateFailedResultWithErrorCodeAndStatus" />
    </UnitTest>
    <UnitTest name="ManagedCode.Communication.Tests.Serialization.SerializationTests.ResultT_WithComplexValue_ShouldSerializeAndDeserialize" storage="/users/ksemenenko/developer/communication/managedcode.communication.tests/bin/debug/net9.0/managedcode.communication.tests.dll" id="08479d6a-c563-b460-df28-b4f67109fef8">
      <Execution id="bc36445a-e077-4b9c-86bd-93286d9f31b1" />
      <TestMethod codeBase="/Users/ksemenenko/Developer/Communication/ManagedCode.Communication.Tests/bin/Debug/net9.0/ManagedCode.Communication.Tests.dll" adapterTypeName="executor://xunit/VsTestRunner3/netcore/" className="ManagedCode.Communication.Tests.Serialization.SerializationTests" name="ResultT_WithComplexValue_ShouldSerializeAndDeserialize" />
    </UnitTest>
    <UnitTest name="ManagedCode.Communication.Tests.Extensions.RailwayExtensionsTests.ComplexChain_SuccessPath_ExecutesAllSteps" storage="/users/ksemenenko/developer/communication/managedcode.communication.tests/bin/debug/net9.0/managedcode.communication.tests.dll" id="ce79d18c-5b2f-a858-0d20-17d538b54c49">
      <Execution id="8417ad60-e0ed-432a-9c8c-05f1a1b49423" />
      <TestMethod codeBase="/Users/ksemenenko/Developer/Communication/ManagedCode.Communication.Tests/bin/Debug/net9.0/ManagedCode.Communication.Tests.dll" adapterTypeName="executor://xunit/VsTestRunner3/netcore/" className="ManagedCode.Communication.Tests.Extensions.RailwayExtensionsTests" name="ComplexChain_SuccessPath_ExecutesAllSteps" />
    </UnitTest>
    <UnitTest name="ManagedCode.Communication.Tests.Results.ResultOperatorsTests.Result_From_WithSuccessfulFunc_ShouldReturnSuccessResult" storage="/users/ksemenenko/developer/communication/managedcode.communication.tests/bin/debug/net9.0/managedcode.communication.tests.dll" id="86187f3d-b602-5f85-7bbd-67f366b856b9">
      <Execution id="f099840e-8f6c-4b67-a510-73f08cd3428a" />
      <TestMethod codeBase="/Users/ksemenenko/Developer/Communication/ManagedCode.Communication.Tests/bin/Debug/net9.0/ManagedCode.Communication.Tests.dll" adapterTypeName="executor://xunit/VsTestRunner3/netcore/" className="ManagedCode.Communication.Tests.Results.ResultOperatorsTests" name="Result_From_WithSuccessfulFunc_ShouldReturnSuccessResult" />
    </UnitTest>
    <UnitTest name="ManagedCode.Communication.Tests.Results.ProblemTests.GetErrorCodeAs_WithNonMatchingEnum_ShouldReturnNull" storage="/users/ksemenenko/developer/communication/managedcode.communication.tests/bin/debug/net9.0/managedcode.communication.tests.dll" id="6a5e75da-d4ce-a720-12fe-db0ec989bfda">
      <Execution id="6334192c-2653-4718-85a3-bf6f1a9f14ed" />
      <TestMethod codeBase="/Users/ksemenenko/Developer/Communication/ManagedCode.Communication.Tests/bin/Debug/net9.0/ManagedCode.Communication.Tests.dll" adapterTypeName="executor://xunit/VsTestRunner3/netcore/" className="ManagedCode.Communication.Tests.Results.ProblemTests" name="GetErrorCodeAs_WithNonMatchingEnum_ShouldReturnNull" />
    </UnitTest>
    <UnitTest name="ManagedCode.Communication.Tests.ResultExtensionsTests.BindGeneric_WithSuccessResult_ShouldChainOperations" storage="/users/ksemenenko/developer/communication/managedcode.communication.tests/bin/debug/net9.0/managedcode.communication.tests.dll" id="9e03bf6d-4e75-7d3d-979b-1b27fa078d7d">
      <Execution id="4869e602-3f0c-4fe8-ad85-dc041bf7f176" />
      <TestMethod codeBase="/Users/ksemenenko/Developer/Communication/ManagedCode.Communication.Tests/bin/Debug/net9.0/ManagedCode.Communication.Tests.dll" adapterTypeName="executor://xunit/VsTestRunner3/netcore/" className="ManagedCode.Communication.Tests.ResultExtensionsTests" name="BindGeneric_WithSuccessResult_ShouldChainOperations" />
    </UnitTest>
    <UnitTest name="ManagedCode.Communication.Tests.Results.CollectionResultTests.Succeed_WithEnumerable_ShouldCreateSuccessfulResult" storage="/users/ksemenenko/developer/communication/managedcode.communication.tests/bin/debug/net9.0/managedcode.communication.tests.dll" id="62b58bd7-3c1e-de08-a9e7-b42cffcdf323">
      <Execution id="4074584c-73eb-4ff3-869c-ac714ebe5381" />
      <TestMethod codeBase="/Users/ksemenenko/Developer/Communication/ManagedCode.Communication.Tests/bin/Debug/net9.0/ManagedCode.Communication.Tests.dll" adapterTypeName="executor://xunit/VsTestRunner3/netcore/" className="ManagedCode.Communication.Tests.Results.CollectionResultTests" name="Succeed_WithEnumerable_ShouldCreateSuccessfulResult" />
    </UnitTest>
    <UnitTest name="ManagedCode.Communication.Tests.Results.ResultTTests.From_WithExceptionThrowingFunc_ShouldCreateFailedResult" storage="/users/ksemenenko/developer/communication/managedcode.communication.tests/bin/debug/net9.0/managedcode.communication.tests.dll" id="23ef8027-2a18-f92f-8f60-3a751b96bde2">
      <Execution id="8efc642d-186a-4d7e-b66c-f2ef1c5aa04f" />
      <TestMethod codeBase="/Users/ksemenenko/Developer/Communication/ManagedCode.Communication.Tests/bin/Debug/net9.0/ManagedCode.Communication.Tests.dll" adapterTypeName="executor://xunit/VsTestRunner3/netcore/" className="ManagedCode.Communication.Tests.Results.ResultTTests" name="From_WithExceptionThrowingFunc_ShouldCreateFailedResult" />
    </UnitTest>
    <UnitTest name="ManagedCode.Communication.Tests.CollectionResults.CollectionResultFromMethodsTests.From_FuncValueTaskCollectionResult_ShouldReturnResult" storage="/users/ksemenenko/developer/communication/managedcode.communication.tests/bin/debug/net9.0/managedcode.communication.tests.dll" id="3d40653d-19a3-c289-4128-980e5c453274">
      <Execution id="8e8cd051-e0cc-444b-8790-db89374622a1" />
      <TestMethod codeBase="/Users/ksemenenko/Developer/Communication/ManagedCode.Communication.Tests/bin/Debug/net9.0/ManagedCode.Communication.Tests.dll" adapterTypeName="executor://xunit/VsTestRunner3/netcore/" className="ManagedCode.Communication.Tests.CollectionResults.CollectionResultFromMethodsTests" name="From_FuncValueTaskCollectionResult_ShouldReturnResult" />
    </UnitTest>
    <UnitTest name="ManagedCode.Communication.Tests.CollectionResults.CollectionResultFromMethodsTests.From_FuncReturningHashSet_ShouldCreateSuccessResult" storage="/users/ksemenenko/developer/communication/managedcode.communication.tests/bin/debug/net9.0/managedcode.communication.tests.dll" id="ce3fa9f3-48b0-1831-219b-9a887cfec004">
      <Execution id="a80279f1-021f-459e-a34d-6d5f5b5a6c5d" />
      <TestMethod codeBase="/Users/ksemenenko/Developer/Communication/ManagedCode.Communication.Tests/bin/Debug/net9.0/ManagedCode.Communication.Tests.dll" adapterTypeName="executor://xunit/VsTestRunner3/netcore/" className="ManagedCode.Communication.Tests.CollectionResults.CollectionResultFromMethodsTests" name="From_FuncReturningHashSet_ShouldCreateSuccessResult" />
    </UnitTest>
    <UnitTest name="ManagedCode.Communication.Tests.Commands.MemoryCacheCommandIdempotencyStoreTests.ExecuteIdempotentAsync_FirstExecution_ExecutesOperationAndStoresResult" storage="/users/ksemenenko/developer/communication/managedcode.communication.tests/bin/debug/net9.0/managedcode.communication.tests.dll" id="87fd6638-f969-be53-c22e-480a9a60d6be">
      <Execution id="1c2791fc-2dea-44e7-89e6-b95599d48885" />
      <TestMethod codeBase="/Users/ksemenenko/Developer/Communication/ManagedCode.Communication.Tests/bin/Debug/net9.0/ManagedCode.Communication.Tests.dll" adapterTypeName="executor://xunit/VsTestRunner3/netcore/" className="ManagedCode.Communication.Tests.Commands.MemoryCacheCommandIdempotencyStoreTests" name="ExecuteIdempotentAsync_FirstExecution_ExecutesOperationAndStoresResult" />
    </UnitTest>
    <UnitTest name="ManagedCode.Communication.Tests.Results.ResultInvalidMethodsTests.Invalid_DifferentEnumTypes_ShouldWorkWithAnyEnum" storage="/users/ksemenenko/developer/communication/managedcode.communication.tests/bin/debug/net9.0/managedcode.communication.tests.dll" id="52834aef-4100-31c8-7821-69756a7a275b">
      <Execution id="f791a849-78e7-46c0-9d26-51350a6ebe2e" />
      <TestMethod codeBase="/Users/ksemenenko/Developer/Communication/ManagedCode.Communication.Tests/bin/Debug/net9.0/ManagedCode.Communication.Tests.dll" adapterTypeName="executor://xunit/VsTestRunner3/netcore/" className="ManagedCode.Communication.Tests.Results.ResultInvalidMethodsTests" name="Invalid_DifferentEnumTypes_ShouldWorkWithAnyEnum" />
    </UnitTest>
    <UnitTest name="ManagedCode.Communication.Tests.Results.ProblemToExceptionErrorTests.ToException_PerformanceTest_ShouldNotTakeExcessiveTime" storage="/users/ksemenenko/developer/communication/managedcode.communication.tests/bin/debug/net9.0/managedcode.communication.tests.dll" id="63002f6f-0517-2c24-717b-d2c1e2e53077">
      <Execution id="d7e5c0b6-ff65-47b1-9bed-0437aefc8123" />
      <TestMethod codeBase="/Users/ksemenenko/Developer/Communication/ManagedCode.Communication.Tests/bin/Debug/net9.0/ManagedCode.Communication.Tests.dll" adapterTypeName="executor://xunit/VsTestRunner3/netcore/" className="ManagedCode.Communication.Tests.Results.ProblemToExceptionErrorTests" name="ToException_PerformanceTest_ShouldNotTakeExcessiveTime" />
    </UnitTest>
    <UnitTest name="ManagedCode.Communication.Tests.Results.ProblemToExceptionErrorTests.ToException_WithInnerException_ShouldPreserveInnerException" storage="/users/ksemenenko/developer/communication/managedcode.communication.tests/bin/debug/net9.0/managedcode.communication.tests.dll" id="0c334b17-b7c2-e42e-9924-9baf1b0e8e96">
      <Execution id="6267f3a0-3d73-425f-b0ef-a4d642a6ac96" />
      <TestMethod codeBase="/Users/ksemenenko/Developer/Communication/ManagedCode.Communication.Tests/bin/Debug/net9.0/ManagedCode.Communication.Tests.dll" adapterTypeName="executor://xunit/VsTestRunner3/netcore/" className="ManagedCode.Communication.Tests.Results.ProblemToExceptionErrorTests" name="ToException_WithInnerException_ShouldPreserveInnerException" />
    </UnitTest>
    <UnitTest name="ManagedCode.Communication.Tests.Results.ResultFailMethodsTests.Result_FailForbidden_WithDetail_ShouldCreateForbiddenResultWithCustomDetail" storage="/users/ksemenenko/developer/communication/managedcode.communication.tests/bin/debug/net9.0/managedcode.communication.tests.dll" id="249be2e9-9496-34f0-9c66-c56ec297a787">
      <Execution id="3bc19c67-2278-450a-9856-7ef4cec35b21" />
      <TestMethod codeBase="/Users/ksemenenko/Developer/Communication/ManagedCode.Communication.Tests/bin/Debug/net9.0/ManagedCode.Communication.Tests.dll" adapterTypeName="executor://xunit/VsTestRunner3/netcore/" className="ManagedCode.Communication.Tests.Results.ResultFailMethodsTests" name="Result_FailForbidden_WithDetail_ShouldCreateForbiddenResultWithCustomDetail" />
    </UnitTest>
    <UnitTest name="ManagedCode.Communication.Tests.Results.ProblemExceptionTests.Constructor_WithBasicDetails_ShouldCreateProblemAndSetProperties" storage="/users/ksemenenko/developer/communication/managedcode.communication.tests/bin/debug/net9.0/managedcode.communication.tests.dll" id="7c24f30a-cdbb-9287-2f6f-be40b9f25947">
      <Execution id="9ea24f9a-d8e9-49a7-85d4-1d874a06de55" />
      <TestMethod codeBase="/Users/ksemenenko/Developer/Communication/ManagedCode.Communication.Tests/bin/Debug/net9.0/ManagedCode.Communication.Tests.dll" adapterTypeName="executor://xunit/VsTestRunner3/netcore/" className="ManagedCode.Communication.Tests.Results.ProblemExceptionTests" name="Constructor_WithBasicDetails_ShouldCreateProblemAndSetProperties" />
    </UnitTest>
    <UnitTest name="ManagedCode.Communication.Tests.Results.ProblemToExceptionTests.ToException_WithInvalidOriginalType_ShouldFallbackToProblemException" storage="/users/ksemenenko/developer/communication/managedcode.communication.tests/bin/debug/net9.0/managedcode.communication.tests.dll" id="64aa7254-7fbd-79c2-756e-71858d6d30f7">
      <Execution id="1b00f7f0-b329-4149-b20d-c7c248d6bdf1" />
      <TestMethod codeBase="/Users/ksemenenko/Developer/Communication/ManagedCode.Communication.Tests/bin/Debug/net9.0/ManagedCode.Communication.Tests.dll" adapterTypeName="executor://xunit/VsTestRunner3/netcore/" className="ManagedCode.Communication.Tests.Results.ProblemToExceptionTests" name="ToException_WithInvalidOriginalType_ShouldFallbackToProblemException" />
    </UnitTest>
    <UnitTest name="ManagedCode.Communication.Tests.Extensions.ResultConversionExtensionsTests.AsResult_ExceptionCanBeUsedInRailwayChain" storage="/users/ksemenenko/developer/communication/managedcode.communication.tests/bin/debug/net9.0/managedcode.communication.tests.dll" id="a07351d2-1bc5-ccaf-4731-3787d4a2a4e5">
      <Execution id="4898aa30-abb5-4bc3-9114-5272a3a34bcd" />
      <TestMethod codeBase="/Users/ksemenenko/Developer/Communication/ManagedCode.Communication.Tests/bin/Debug/net9.0/ManagedCode.Communication.Tests.dll" adapterTypeName="executor://xunit/VsTestRunner3/netcore/" className="ManagedCode.Communication.Tests.Extensions.ResultConversionExtensionsTests" name="AsResult_ExceptionCanBeUsedInRailwayChain" />
    </UnitTest>
    <UnitTest name="ManagedCode.Communication.Tests.Extensions.RailwayExtensionsTests.Match_SideEffects_SuccessfulResult_CallsSuccessAction" storage="/users/ksemenenko/developer/communication/managedcode.communication.tests/bin/debug/net9.0/managedcode.communication.tests.dll" id="16de12fb-db88-1b2b-4771-6a26db8c7eef">
      <Execution id="a7d77943-b621-4485-84ff-eee8c1849832" />
      <TestMethod codeBase="/Users/ksemenenko/Developer/Communication/ManagedCode.Communication.Tests/bin/Debug/net9.0/ManagedCode.Communication.Tests.dll" adapterTypeName="executor://xunit/VsTestRunner3/netcore/" className="ManagedCode.Communication.Tests.Extensions.RailwayExtensionsTests" name="Match_SideEffects_SuccessfulResult_CallsSuccessAction" />
    </UnitTest>
    <UnitTest name="ManagedCode.Communication.Tests.Results.ProblemToExceptionTests.ToException_WithCustomExceptionType_ShouldHandleGracefully" storage="/users/ksemenenko/developer/communication/managedcode.communication.tests/bin/debug/net9.0/managedcode.communication.tests.dll" id="e3bab16b-3c59-832e-1834-a442985b41e2">
      <Execution id="b9d0177b-0a7c-4e8f-ac3c-a77042a3fdd5" />
      <TestMethod codeBase="/Users/ksemenenko/Developer/Communication/ManagedCode.Communication.Tests/bin/Debug/net9.0/ManagedCode.Communication.Tests.dll" adapterTypeName="executor://xunit/VsTestRunner3/netcore/" className="ManagedCode.Communication.Tests.Results.ProblemToExceptionTests" name="ToException_WithCustomExceptionType_ShouldHandleGracefully" />
    </UnitTest>
    <UnitTest name="ManagedCode.Communication.Tests.Extensions.RailwayExtensionsTests.Bind_ResultTToResult_SuccessfulChain" storage="/users/ksemenenko/developer/communication/managedcode.communication.tests/bin/debug/net9.0/managedcode.communication.tests.dll" id="efdeb973-f796-3bbb-78f9-ef2fef0bb698">
      <Execution id="875bf4ca-1e4d-482e-8bb9-4a7141f307d2" />
      <TestMethod codeBase="/Users/ksemenenko/Developer/Communication/ManagedCode.Communication.Tests/bin/Debug/net9.0/ManagedCode.Communication.Tests.dll" adapterTypeName="executor://xunit/VsTestRunner3/netcore/" className="ManagedCode.Communication.Tests.Extensions.RailwayExtensionsTests" name="Bind_ResultTToResult_SuccessfulChain" />
    </UnitTest>
    <UnitTest name="ManagedCode.Communication.Tests.Extensions.AdvancedRailwayExtensionsTests.Where_WithNonMatchingPredicate_ReturnsFailure" storage="/users/ksemenenko/developer/communication/managedcode.communication.tests/bin/debug/net9.0/managedcode.communication.tests.dll" id="9f77d37b-5939-25ba-159c-c8d9e89e3cd4">
      <Execution id="e720a6da-9035-4437-ade4-aa51e50fbc43" />
      <TestMethod codeBase="/Users/ksemenenko/Developer/Communication/ManagedCode.Communication.Tests/bin/Debug/net9.0/ManagedCode.Communication.Tests.dll" adapterTypeName="executor://xunit/VsTestRunner3/netcore/" className="ManagedCode.Communication.Tests.Extensions.AdvancedRailwayExtensionsTests" name="Where_WithNonMatchingPredicate_ReturnsFailure" />
    </UnitTest>
    <UnitTest name="ManagedCode.Communication.Tests.Serialization.ProblemJsonConverterTests.Deserialize_ProblemWithErrorCode_RestoresErrorCode" storage="/users/ksemenenko/developer/communication/managedcode.communication.tests/bin/debug/net9.0/managedcode.communication.tests.dll" id="c87e7c49-a9bb-bbb6-248d-9575e1eed4b4">
      <Execution id="2a0e0d7c-d1fc-4a5f-8dd8-92dfea24d556" />
      <TestMethod codeBase="/Users/ksemenenko/Developer/Communication/ManagedCode.Communication.Tests/bin/Debug/net9.0/ManagedCode.Communication.Tests.dll" adapterTypeName="executor://xunit/VsTestRunner3/netcore/" className="ManagedCode.Communication.Tests.Serialization.ProblemJsonConverterTests" name="Deserialize_ProblemWithErrorCode_RestoresErrorCode" />
    </UnitTest>
    <UnitTest name="ManagedCode.Communication.Tests.Results.ResultInvalidMethodsTests.Result_InvalidT_WithEnum_ShouldCreateValidationResultWithErrorCode" storage="/users/ksemenenko/developer/communication/managedcode.communication.tests/bin/debug/net9.0/managedcode.communication.tests.dll" id="fad8656f-3a30-7eb3-0345-621f29855f5d">
      <Execution id="1965621c-544c-47ca-87d9-ae7937c2cebd" />
      <TestMethod codeBase="/Users/ksemenenko/Developer/Communication/ManagedCode.Communication.Tests/bin/Debug/net9.0/ManagedCode.Communication.Tests.dll" adapterTypeName="executor://xunit/VsTestRunner3/netcore/" className="ManagedCode.Communication.Tests.Results.ResultInvalidMethodsTests" name="Result_InvalidT_WithEnum_ShouldCreateValidationResultWithErrorCode" />
    </UnitTest>
    <UnitTest name="ManagedCode.Communication.Tests.Extensions.HttpResponseExtensionTests.FromRequestToResult_VariousErrorCodes_ReturnsFailedResult(statusCode: BadRequest)" storage="/users/ksemenenko/developer/communication/managedcode.communication.tests/bin/debug/net9.0/managedcode.communication.tests.dll" id="e57c6dc4-6a4c-181d-59f0-b2ffb8252047">
      <Execution id="f806072d-afe0-499b-9791-5914d2cafce2" />
      <TestMethod codeBase="/Users/ksemenenko/Developer/Communication/ManagedCode.Communication.Tests/bin/Debug/net9.0/ManagedCode.Communication.Tests.dll" adapterTypeName="executor://xunit/VsTestRunner3/netcore/" className="ManagedCode.Communication.Tests.Extensions.HttpResponseExtensionTests" name="FromRequestToResult_VariousErrorCodes_ReturnsFailedResult" />
    </UnitTest>
    <UnitTest name="ManagedCode.Communication.Tests.Results.ResultTTests.Tap_WithSuccessfulResult_ShouldExecuteAction" storage="/users/ksemenenko/developer/communication/managedcode.communication.tests/bin/debug/net9.0/managedcode.communication.tests.dll" id="9bc3a0c5-2fcf-8c19-b3cf-1cf301730bb6">
      <Execution id="9dedb952-a38b-463b-8db2-878b2be8d8b9" />
      <TestMethod codeBase="/Users/ksemenenko/Developer/Communication/ManagedCode.Communication.Tests/bin/Debug/net9.0/ManagedCode.Communication.Tests.dll" adapterTypeName="executor://xunit/VsTestRunner3/netcore/" className="ManagedCode.Communication.Tests.Results.ResultTTests" name="Tap_WithSuccessfulResult_ShouldExecuteAction" />
    </UnitTest>
    <UnitTest name="ManagedCode.Communication.Tests.Results.ProblemExceptionTests.FromProblem_ShouldCreateProblemException" storage="/users/ksemenenko/developer/communication/managedcode.communication.tests/bin/debug/net9.0/managedcode.communication.tests.dll" id="9a6a7a50-e76a-4ed6-f132-a9079fc9826f">
      <Execution id="8056241c-830b-4d4e-bfef-178191318536" />
      <TestMethod codeBase="/Users/ksemenenko/Developer/Communication/ManagedCode.Communication.Tests/bin/Debug/net9.0/ManagedCode.Communication.Tests.dll" adapterTypeName="executor://xunit/VsTestRunner3/netcore/" className="ManagedCode.Communication.Tests.Results.ProblemExceptionTests" name="FromProblem_ShouldCreateProblemException" />
    </UnitTest>
    <UnitTest name="ManagedCode.Communication.Tests.Results.RailwayOrientedProgrammingTests.Try_WithFailingOperation_ShouldReturnFailure" storage="/users/ksemenenko/developer/communication/managedcode.communication.tests/bin/debug/net9.0/managedcode.communication.tests.dll" id="f207e829-2666-5e0b-dea1-e7486da2e6a1">
      <Execution id="748c4ce8-0641-4922-9acc-7c4612b54a12" />
      <TestMethod codeBase="/Users/ksemenenko/Developer/Communication/ManagedCode.Communication.Tests/bin/Debug/net9.0/ManagedCode.Communication.Tests.dll" adapterTypeName="executor://xunit/VsTestRunner3/netcore/" className="ManagedCode.Communication.Tests.Results.RailwayOrientedProgrammingTests" name="Try_WithFailingOperation_ShouldReturnFailure" />
    </UnitTest>
    <UnitTest name="ManagedCode.Communication.Tests.Extensions.HttpResponseExtensionTests.FromRequestToResult_VariousSuccessCodes_ReturnsSuccessResult(statusCode: Accepted)" storage="/users/ksemenenko/developer/communication/managedcode.communication.tests/bin/debug/net9.0/managedcode.communication.tests.dll" id="c85baa65-9c4c-9bde-b9a8-21453265b599">
      <Execution id="a9ba4c4f-23db-42de-86c0-4ef6f75ad5be" />
      <TestMethod codeBase="/Users/ksemenenko/Developer/Communication/ManagedCode.Communication.Tests/bin/Debug/net9.0/ManagedCode.Communication.Tests.dll" adapterTypeName="executor://xunit/VsTestRunner3/netcore/" className="ManagedCode.Communication.Tests.Extensions.HttpResponseExtensionTests" name="FromRequestToResult_VariousSuccessCodes_ReturnsSuccessResult" />
    </UnitTest>
    <UnitTest name="ManagedCode.Communication.Tests.Results.ResultInvalidMethodsTests.Invalid_WithDuplicateKeysInDictionary_ShouldOverwritePreviousValue" storage="/users/ksemenenko/developer/communication/managedcode.communication.tests/bin/debug/net9.0/managedcode.communication.tests.dll" id="278a89d0-8f21-1d66-b7b0-77ed01c69463">
      <Execution id="3a6f216a-4a7d-4004-87a9-2fcc3f5931d0" />
      <TestMethod codeBase="/Users/ksemenenko/Developer/Communication/ManagedCode.Communication.Tests/bin/Debug/net9.0/ManagedCode.Communication.Tests.dll" adapterTypeName="executor://xunit/VsTestRunner3/netcore/" className="ManagedCode.Communication.Tests.Results.ResultInvalidMethodsTests" name="Invalid_WithDuplicateKeysInDictionary_ShouldOverwritePreviousValue" />
    </UnitTest>
    <UnitTest name="ManagedCode.Communication.Tests.CollectionResults.CollectionResultFromMethodsTests.From_FuncValueTaskThrowingException_ShouldReturnFailedResult" storage="/users/ksemenenko/developer/communication/managedcode.communication.tests/bin/debug/net9.0/managedcode.communication.tests.dll" id="c9b0bf8f-b32e-afc0-1ba5-d7dd67234a1b">
      <Execution id="6ea2bee6-b5e2-4d68-9b6a-d116b79eb33b" />
      <TestMethod codeBase="/Users/ksemenenko/Developer/Communication/ManagedCode.Communication.Tests/bin/Debug/net9.0/ManagedCode.Communication.Tests.dll" adapterTypeName="executor://xunit/VsTestRunner3/netcore/" className="ManagedCode.Communication.Tests.CollectionResults.CollectionResultFromMethodsTests" name="From_FuncValueTaskThrowingException_ShouldReturnFailedResult" />
    </UnitTest>
    <UnitTest name="ManagedCode.Communication.Tests.OrleansTests.GrainClientTests.IntResult" storage="/users/ksemenenko/developer/communication/managedcode.communication.tests/bin/debug/net9.0/managedcode.communication.tests.dll" id="ea1ac2dd-01bc-e3fc-f016-90eb60861333">
      <Execution id="eb5913f1-c05e-4b6d-b92b-56b2c83e632e" />
      <TestMethod codeBase="/Users/ksemenenko/Developer/Communication/ManagedCode.Communication.Tests/bin/Debug/net9.0/ManagedCode.Communication.Tests.dll" adapterTypeName="executor://xunit/VsTestRunner3/netcore/" className="ManagedCode.Communication.Tests.OrleansTests.GrainClientTests" name="IntResult" />
    </UnitTest>
    <UnitTest name="ManagedCode.Communication.Tests.Extensions.AdvancedRailwayExtensionsTests.ThenAsync_WithSuccessfulResult_ExecutesNext" storage="/users/ksemenenko/developer/communication/managedcode.communication.tests/bin/debug/net9.0/managedcode.communication.tests.dll" id="3bc1d4f1-f3cc-ed17-9443-3eb25acde6f0">
      <Execution id="7a9a72b2-cbbb-44a4-bc6b-199f6b856f05" />
      <TestMethod codeBase="/Users/ksemenenko/Developer/Communication/ManagedCode.Communication.Tests/bin/Debug/net9.0/ManagedCode.Communication.Tests.dll" adapterTypeName="executor://xunit/VsTestRunner3/netcore/" className="ManagedCode.Communication.Tests.Extensions.AdvancedRailwayExtensionsTests" name="ThenAsync_WithSuccessfulResult_ExecutesNext" />
    </UnitTest>
    <UnitTest name="ManagedCode.Communication.Tests.CollectionResults.CollectionResultFailMethodsTests.Fail_WithEnum_ShouldCreateFailedResultWithErrorCode" storage="/users/ksemenenko/developer/communication/managedcode.communication.tests/bin/debug/net9.0/managedcode.communication.tests.dll" id="a6f92938-3cd6-0259-0038-c96207263ec9">
      <Execution id="7732c610-0a4b-4914-bb6f-2fb40cc3a327" />
      <TestMethod codeBase="/Users/ksemenenko/Developer/Communication/ManagedCode.Communication.Tests/bin/Debug/net9.0/ManagedCode.Communication.Tests.dll" adapterTypeName="executor://xunit/VsTestRunner3/netcore/" className="ManagedCode.Communication.Tests.CollectionResults.CollectionResultFailMethodsTests" name="Fail_WithEnum_ShouldCreateFailedResultWithErrorCode" />
    </UnitTest>
    <UnitTest name="ManagedCode.Communication.Tests.AspNetCore.Helpers.HttpStatusCodeHelperTests.GetStatusCodeForException_AspNetSpecificExceptions_ReturnsCorrectStatusCode(exceptionType: typeof(Microsoft.AspNetCore.Antiforgery.AntiforgeryValidationException), expectedStatusCode: BadRequest)" storage="/users/ksemenenko/developer/communication/managedcode.communication.tests/bin/debug/net9.0/managedcode.communication.tests.dll" id="42cee166-5de1-f2df-20aa-bc60763e8f79">
      <Execution id="06503e5d-ddba-4b91-a601-c898fdab9f1a" />
      <TestMethod codeBase="/Users/ksemenenko/Developer/Communication/ManagedCode.Communication.Tests/bin/Debug/net9.0/ManagedCode.Communication.Tests.dll" adapterTypeName="executor://xunit/VsTestRunner3/netcore/" className="ManagedCode.Communication.Tests.AspNetCore.Helpers.HttpStatusCodeHelperTests" name="GetStatusCodeForException_AspNetSpecificExceptions_ReturnsCorrectStatusCode" />
    </UnitTest>
    <UnitTest name="ManagedCode.Communication.Tests.Results.ResultInvalidMethodsTests.Result_InvalidT_WithEnumAndMessage_ShouldCreateValidationResultWithBoth" storage="/users/ksemenenko/developer/communication/managedcode.communication.tests/bin/debug/net9.0/managedcode.communication.tests.dll" id="02db334a-6c5c-72ac-09b6-78c16163fb60">
      <Execution id="8a1f7754-9af8-4147-97a1-9b8e7b40e22a" />
      <TestMethod codeBase="/Users/ksemenenko/Developer/Communication/ManagedCode.Communication.Tests/bin/Debug/net9.0/ManagedCode.Communication.Tests.dll" adapterTypeName="executor://xunit/VsTestRunner3/netcore/" className="ManagedCode.Communication.Tests.Results.ResultInvalidMethodsTests" name="Result_InvalidT_WithEnumAndMessage_ShouldCreateValidationResultWithBoth" />
    </UnitTest>
    <UnitTest name="ManagedCode.Communication.Tests.Results.ProblemCreationExtensionsTests.ToProblem_FromEnum_WithDefaultParameters_ShouldCreateProblem" storage="/users/ksemenenko/developer/communication/managedcode.communication.tests/bin/debug/net9.0/managedcode.communication.tests.dll" id="61d001b5-5efe-ed15-672d-6cba81d74c34">
      <Execution id="0da5d2a5-69cf-4e9a-a41c-2aa5b7408bc6" />
      <TestMethod codeBase="/Users/ksemenenko/Developer/Communication/ManagedCode.Communication.Tests/bin/Debug/net9.0/ManagedCode.Communication.Tests.dll" adapterTypeName="executor://xunit/VsTestRunner3/netcore/" className="ManagedCode.Communication.Tests.Results.ProblemCreationExtensionsTests" name="ToProblem_FromEnum_WithDefaultParameters_ShouldCreateProblem" />
    </UnitTest>
    <UnitTest name="ManagedCode.Communication.Tests.CollectionResults.CollectionResultFailMethodsTests.Fail_WithEnumAndStatus_ShouldCreateFailedResultWithErrorCodeAndStatus" storage="/users/ksemenenko/developer/communication/managedcode.communication.tests/bin/debug/net9.0/managedcode.communication.tests.dll" id="30c64cc6-6335-ca51-cb54-04f89cee0ed9">
      <Execution id="82e4858b-af5c-45c4-a971-0e4e07937eaa" />
      <TestMethod codeBase="/Users/ksemenenko/Developer/Communication/ManagedCode.Communication.Tests/bin/Debug/net9.0/ManagedCode.Communication.Tests.dll" adapterTypeName="executor://xunit/VsTestRunner3/netcore/" className="ManagedCode.Communication.Tests.CollectionResults.CollectionResultFailMethodsTests" name="Fail_WithEnumAndStatus_ShouldCreateFailedResultWithErrorCodeAndStatus" />
    </UnitTest>
    <UnitTest name="ManagedCode.Communication.Tests.Commands.MemoryCacheCommandIdempotencyStoreTests.GetAndSetStatusAsync_ReturnsCurrentStatusAndSetsNew" storage="/users/ksemenenko/developer/communication/managedcode.communication.tests/bin/debug/net9.0/managedcode.communication.tests.dll" id="c4ea1132-e93e-43d4-a3fc-a3dee3691596">
      <Execution id="8139e3f9-0ab9-45ff-92fb-62fedfb6959c" />
      <TestMethod codeBase="/Users/ksemenenko/Developer/Communication/ManagedCode.Communication.Tests/bin/Debug/net9.0/ManagedCode.Communication.Tests.dll" adapterTypeName="executor://xunit/VsTestRunner3/netcore/" className="ManagedCode.Communication.Tests.Commands.MemoryCacheCommandIdempotencyStoreTests" name="GetAndSetStatusAsync_ReturnsCurrentStatusAndSetsNew" />
    </UnitTest>
    <UnitTest name="ManagedCode.Communication.Tests.CollectionResults.CollectionResultFailMethodsTests.Fail_ChainedOperations_ShouldMaintainFailureState" storage="/users/ksemenenko/developer/communication/managedcode.communication.tests/bin/debug/net9.0/managedcode.communication.tests.dll" id="5daf60bc-d3db-b08c-c8ea-5261b3f91cd1">
      <Execution id="3bfca075-1c9d-4287-ba09-26adfdffd08e" />
      <TestMethod codeBase="/Users/ksemenenko/Developer/Communication/ManagedCode.Communication.Tests/bin/Debug/net9.0/ManagedCode.Communication.Tests.dll" adapterTypeName="executor://xunit/VsTestRunner3/netcore/" className="ManagedCode.Communication.Tests.CollectionResults.CollectionResultFailMethodsTests" name="Fail_ChainedOperations_ShouldMaintainFailureState" />
    </UnitTest>
    <UnitTest name="ManagedCode.Communication.Tests.Results.ResultTTests.ImplicitOperator_FromProblem_ShouldCreateFailedResult" storage="/users/ksemenenko/developer/communication/managedcode.communication.tests/bin/debug/net9.0/managedcode.communication.tests.dll" id="cd465a48-4f16-0fe6-3ad4-0670fd7de72e">
      <Execution id="2643aa17-7dec-4e7a-8f78-b9c9f30ddfc6" />
      <TestMethod codeBase="/Users/ksemenenko/Developer/Communication/ManagedCode.Communication.Tests/bin/Debug/net9.0/ManagedCode.Communication.Tests.dll" adapterTypeName="executor://xunit/VsTestRunner3/netcore/" className="ManagedCode.Communication.Tests.Results.ResultTTests" name="ImplicitOperator_FromProblem_ShouldCreateFailedResult" />
    </UnitTest>
    <UnitTest name="ManagedCode.Communication.Tests.Commands.MemoryCacheCommandIdempotencyStoreTests.GetMultipleResultsAsync_ReturnsResultsForMultipleCommands" storage="/users/ksemenenko/developer/communication/managedcode.communication.tests/bin/debug/net9.0/managedcode.communication.tests.dll" id="98850bf1-e160-2acd-8a57-566bba37b11b">
      <Execution id="99df4b40-e0e2-4c18-a2c9-e9738c1f7d9a" />
      <TestMethod codeBase="/Users/ksemenenko/Developer/Communication/ManagedCode.Communication.Tests/bin/Debug/net9.0/ManagedCode.Communication.Tests.dll" adapterTypeName="executor://xunit/VsTestRunner3/netcore/" className="ManagedCode.Communication.Tests.Commands.MemoryCacheCommandIdempotencyStoreTests" name="GetMultipleResultsAsync_ReturnsResultsForMultipleCommands" />
    </UnitTest>
    <UnitTest name="ManagedCode.Communication.Tests.Extensions.AdvancedRailwayExtensionsTests.Compensate_WithFailure_ExecutesRecovery" storage="/users/ksemenenko/developer/communication/managedcode.communication.tests/bin/debug/net9.0/managedcode.communication.tests.dll" id="c32c7fae-3b6b-0f87-7334-0ef6b44c9d25">
      <Execution id="ab694df7-1c61-426e-a7a7-559ac3c76284" />
      <TestMethod codeBase="/Users/ksemenenko/Developer/Communication/ManagedCode.Communication.Tests/bin/Debug/net9.0/ManagedCode.Communication.Tests.dll" adapterTypeName="executor://xunit/VsTestRunner3/netcore/" className="ManagedCode.Communication.Tests.Extensions.AdvancedRailwayExtensionsTests" name="Compensate_WithFailure_ExecutesRecovery" />
    </UnitTest>
    <UnitTest name="ManagedCode.Communication.Tests.Extensions.HttpResponseExtensionTests.FromRequestToResult_ErrorStatusCode_ReturnsFailedResult" storage="/users/ksemenenko/developer/communication/managedcode.communication.tests/bin/debug/net9.0/managedcode.communication.tests.dll" id="4b7c578e-2c8b-fbf4-edf0-1e833a94cb00">
      <Execution id="ac3bf4d2-24c4-4b40-9c2f-e658857c2a38" />
      <TestMethod codeBase="/Users/ksemenenko/Developer/Communication/ManagedCode.Communication.Tests/bin/Debug/net9.0/ManagedCode.Communication.Tests.dll" adapterTypeName="executor://xunit/VsTestRunner3/netcore/" className="ManagedCode.Communication.Tests.Extensions.HttpResponseExtensionTests" name="FromRequestToResult_ErrorStatusCode_ReturnsFailedResult" />
    </UnitTest>
    <UnitTest name="ManagedCode.Communication.Tests.Results.ResultHelperMethodsTests.Result_TryAsync_WithException_ShouldReturnFailure" storage="/users/ksemenenko/developer/communication/managedcode.communication.tests/bin/debug/net9.0/managedcode.communication.tests.dll" id="820cc941-cded-40f7-68fc-769610bce971">
      <Execution id="a23a9463-376a-4afc-9f86-3b21f5f0974c" />
      <TestMethod codeBase="/Users/ksemenenko/Developer/Communication/ManagedCode.Communication.Tests/bin/Debug/net9.0/ManagedCode.Communication.Tests.dll" adapterTypeName="executor://xunit/VsTestRunner3/netcore/" className="ManagedCode.Communication.Tests.Results.ResultHelperMethodsTests" name="Result_TryAsync_WithException_ShouldReturnFailure" />
    </UnitTest>
    <UnitTest name="ManagedCode.Communication.Tests.AspNetCore.Extensions.CommunicationServiceCollectionExtensionsTests.AddCommunicationAspNetCore_RegistersHostedService" storage="/users/ksemenenko/developer/communication/managedcode.communication.tests/bin/debug/net9.0/managedcode.communication.tests.dll" id="2dbb1c6f-9d39-0279-091a-eaa8eea7d7ad">
      <Execution id="3be1c3e7-a971-44cf-a30c-fb2027a9f8a5" />
      <TestMethod codeBase="/Users/ksemenenko/Developer/Communication/ManagedCode.Communication.Tests/bin/Debug/net9.0/ManagedCode.Communication.Tests.dll" adapterTypeName="executor://xunit/VsTestRunner3/netcore/" className="ManagedCode.Communication.Tests.AspNetCore.Extensions.CommunicationServiceCollectionExtensionsTests" name="AddCommunicationAspNetCore_RegistersHostedService" />
    </UnitTest>
    <UnitTest name="ManagedCode.Communication.Tests.Results.ResultTTests.Map_WithSuccessfulResult_ShouldTransformValue" storage="/users/ksemenenko/developer/communication/managedcode.communication.tests/bin/debug/net9.0/managedcode.communication.tests.dll" id="1a7b4271-e223-c8c6-e4e2-6edd35950571">
      <Execution id="184fc474-a2e4-494d-be91-871365dce691" />
      <TestMethod codeBase="/Users/ksemenenko/Developer/Communication/ManagedCode.Communication.Tests/bin/Debug/net9.0/ManagedCode.Communication.Tests.dll" adapterTypeName="executor://xunit/VsTestRunner3/netcore/" className="ManagedCode.Communication.Tests.Results.ResultTTests" name="Map_WithSuccessfulResult_ShouldTransformValue" />
    </UnitTest>
    <UnitTest name="ManagedCode.Communication.Tests.Results.ProblemToExceptionTests.ToException_PreservesAllExceptionData" storage="/users/ksemenenko/developer/communication/managedcode.communication.tests/bin/debug/net9.0/managedcode.communication.tests.dll" id="8f22ce6f-4ac8-d4fe-e6d7-e45c0c472207">
      <Execution id="1bfbbb13-f547-42ee-9466-ed846b5ee686" />
      <TestMethod codeBase="/Users/ksemenenko/Developer/Communication/ManagedCode.Communication.Tests/bin/Debug/net9.0/ManagedCode.Communication.Tests.dll" adapterTypeName="executor://xunit/VsTestRunner3/netcore/" className="ManagedCode.Communication.Tests.Results.ProblemToExceptionTests" name="ToException_PreservesAllExceptionData" />
    </UnitTest>
    <UnitTest name="ManagedCode.Communication.Tests.Results.ResultFailMethodsTests.Result_FailValidation_WithSingleError_ShouldCreateValidationFailedResult" storage="/users/ksemenenko/developer/communication/managedcode.communication.tests/bin/debug/net9.0/managedcode.communication.tests.dll" id="a1d0a451-dd40-52d3-2e4e-86926b2f8d79">
      <Execution id="746f9f23-08c2-43d3-bc6b-b656fd5e2a20" />
      <TestMethod codeBase="/Users/ksemenenko/Developer/Communication/ManagedCode.Communication.Tests/bin/Debug/net9.0/ManagedCode.Communication.Tests.dll" adapterTypeName="executor://xunit/VsTestRunner3/netcore/" className="ManagedCode.Communication.Tests.Results.ResultFailMethodsTests" name="Result_FailValidation_WithSingleError_ShouldCreateValidationFailedResult" />
    </UnitTest>
    <UnitTest name="ManagedCode.Communication.Tests.Results.CollectionResultInvalidMethodsTests.CollectionResult_Invalid_WithEnum_ShouldCreateValidationResultWithErrorCode" storage="/users/ksemenenko/developer/communication/managedcode.communication.tests/bin/debug/net9.0/managedcode.communication.tests.dll" id="62e72051-f8d9-ba3b-e2f1-4642ab39c81a">
      <Execution id="ab9fe539-240e-44d4-9025-e3c25fd4c966" />
      <TestMethod codeBase="/Users/ksemenenko/Developer/Communication/ManagedCode.Communication.Tests/bin/Debug/net9.0/ManagedCode.Communication.Tests.dll" adapterTypeName="executor://xunit/VsTestRunner3/netcore/" className="ManagedCode.Communication.Tests.Results.CollectionResultInvalidMethodsTests" name="CollectionResult_Invalid_WithEnum_ShouldCreateValidationResultWithErrorCode" />
    </UnitTest>
    <UnitTest name="ManagedCode.Communication.Tests.ResultExtensionsTests.ChainedOperations_ShouldShortCircuitOnFailure" storage="/users/ksemenenko/developer/communication/managedcode.communication.tests/bin/debug/net9.0/managedcode.communication.tests.dll" id="9519802d-7595-b802-9b1d-28efaa0530ce">
      <Execution id="50115fd2-badd-4d11-8426-93dd924562f2" />
      <TestMethod codeBase="/Users/ksemenenko/Developer/Communication/ManagedCode.Communication.Tests/bin/Debug/net9.0/ManagedCode.Communication.Tests.dll" adapterTypeName="executor://xunit/VsTestRunner3/netcore/" className="ManagedCode.Communication.Tests.ResultExtensionsTests" name="ChainedOperations_ShouldShortCircuitOnFailure" />
    </UnitTest>
    <UnitTest name="ManagedCode.Communication.Tests.ResultExtensionsTests.Match_WithResultT_ShouldReturnCorrectBranch" storage="/users/ksemenenko/developer/communication/managedcode.communication.tests/bin/debug/net9.0/managedcode.communication.tests.dll" id="db5d73e5-bd72-c41e-a69a-e342f27be70b">
      <Execution id="6f515f45-1a9b-47d9-940d-58a2319640d1" />
      <TestMethod codeBase="/Users/ksemenenko/Developer/Communication/ManagedCode.Communication.Tests/bin/Debug/net9.0/ManagedCode.Communication.Tests.dll" adapterTypeName="executor://xunit/VsTestRunner3/netcore/" className="ManagedCode.Communication.Tests.ResultExtensionsTests" name="Match_WithResultT_ShouldReturnCorrectBranch" />
    </UnitTest>
    <UnitTest name="ManagedCode.Communication.Tests.Commands.CommandIdempotencyTests.ServiceCollectionExtensions_AddCommandIdempotency_WithInstance_RegistersInstance" storage="/users/ksemenenko/developer/communication/managedcode.communication.tests/bin/debug/net9.0/managedcode.communication.tests.dll" id="07a17f18-4a8c-f905-a8cf-2b3d89a0650c">
      <Execution id="ebf9af46-2675-4aac-a36d-284a837f6542" />
      <TestMethod codeBase="/Users/ksemenenko/Developer/Communication/ManagedCode.Communication.Tests/bin/Debug/net9.0/ManagedCode.Communication.Tests.dll" adapterTypeName="executor://xunit/VsTestRunner3/netcore/" className="ManagedCode.Communication.Tests.Commands.CommandIdempotencyTests" name="ServiceCollectionExtensions_AddCommandIdempotency_WithInstance_RegistersInstance" />
    </UnitTest>
    <UnitTest name="ManagedCode.Communication.Tests.Serialization.SerializationTests.CollectionResult_Failed_ShouldSerializeAndDeserialize" storage="/users/ksemenenko/developer/communication/managedcode.communication.tests/bin/debug/net9.0/managedcode.communication.tests.dll" id="dad72413-ce66-f7c6-62da-d1fb0f77778d">
      <Execution id="585a579e-4f7f-40c7-92d2-9ef1c73cdccd" />
      <TestMethod codeBase="/Users/ksemenenko/Developer/Communication/ManagedCode.Communication.Tests/bin/Debug/net9.0/ManagedCode.Communication.Tests.dll" adapterTypeName="executor://xunit/VsTestRunner3/netcore/" className="ManagedCode.Communication.Tests.Serialization.SerializationTests" name="CollectionResult_Failed_ShouldSerializeAndDeserialize" />
    </UnitTest>
    <UnitTest name="ManagedCode.Communication.Tests.Results.ProblemTests.Constructor_WithParameters_ShouldSetProperties" storage="/users/ksemenenko/developer/communication/managedcode.communication.tests/bin/debug/net9.0/managedcode.communication.tests.dll" id="89f1e695-1be3-dd88-4f12-d20091883b21">
      <Execution id="be5674a9-9fa6-4f65-9a5f-06a8c4657c90" />
      <TestMethod codeBase="/Users/ksemenenko/Developer/Communication/ManagedCode.Communication.Tests/bin/Debug/net9.0/ManagedCode.Communication.Tests.dll" adapterTypeName="executor://xunit/VsTestRunner3/netcore/" className="ManagedCode.Communication.Tests.Results.ProblemTests" name="Constructor_WithParameters_ShouldSetProperties" />
    </UnitTest>
    <UnitTest name="ManagedCode.Communication.Tests.Extensions.RailwayExtensionsTests.Else_SuccessfulResult_ReturnsOriginalResult" storage="/users/ksemenenko/developer/communication/managedcode.communication.tests/bin/debug/net9.0/managedcode.communication.tests.dll" id="c1925661-95a2-08f0-c829-c8d0641fbb32">
      <Execution id="d8decd59-0060-4d0f-9947-e70b2cd1979c" />
      <TestMethod codeBase="/Users/ksemenenko/Developer/Communication/ManagedCode.Communication.Tests/bin/Debug/net9.0/ManagedCode.Communication.Tests.dll" adapterTypeName="executor://xunit/VsTestRunner3/netcore/" className="ManagedCode.Communication.Tests.Extensions.RailwayExtensionsTests" name="Else_SuccessfulResult_ReturnsOriginalResult" />
    </UnitTest>
    <UnitTest name="ManagedCode.Communication.Tests.Results.ResultFailMethodsTests.Result_Fail_WithVariousStatusCodes_ShouldSetCorrectStatusCode(statusCode: InternalServerError, expectedCode: 500)" storage="/users/ksemenenko/developer/communication/managedcode.communication.tests/bin/debug/net9.0/managedcode.communication.tests.dll" id="27b117ff-b7dd-57b4-7de5-67615daa035c">
      <Execution id="719ed251-0504-48da-bc31-f5215995f16b" />
      <TestMethod codeBase="/Users/ksemenenko/Developer/Communication/ManagedCode.Communication.Tests/bin/Debug/net9.0/ManagedCode.Communication.Tests.dll" adapterTypeName="executor://xunit/VsTestRunner3/netcore/" className="ManagedCode.Communication.Tests.Results.ResultFailMethodsTests" name="Result_Fail_WithVariousStatusCodes_ShouldSetCorrectStatusCode" />
    </UnitTest>
    <UnitTest name="ManagedCode.Communication.Tests.Extensions.AdvancedRailwayExtensionsTests.Combine_WithAllSuccessful_ReturnsAllValues" storage="/users/ksemenenko/developer/communication/managedcode.communication.tests/bin/debug/net9.0/managedcode.communication.tests.dll" id="cc50bf60-6b4c-9573-310d-397b2e7909f2">
      <Execution id="d7fd7895-78c8-4260-b049-96d6f97a13ef" />
      <TestMethod codeBase="/Users/ksemenenko/Developer/Communication/ManagedCode.Communication.Tests/bin/Debug/net9.0/ManagedCode.Communication.Tests.dll" adapterTypeName="executor://xunit/VsTestRunner3/netcore/" className="ManagedCode.Communication.Tests.Extensions.AdvancedRailwayExtensionsTests" name="Combine_WithAllSuccessful_ReturnsAllValues" />
    </UnitTest>
    <UnitTest name="ManagedCode.Communication.Tests.Extensions.HttpResponseExtensionTests.FromJsonToResult_BadRequestStatusCode_ReturnsFailedResultWithCorrectStatus" storage="/users/ksemenenko/developer/communication/managedcode.communication.tests/bin/debug/net9.0/managedcode.communication.tests.dll" id="b0a57685-59f6-3924-f2f2-628ea43f6fa6">
      <Execution id="2d584bbb-6c67-438d-a808-df80d27803d3" />
      <TestMethod codeBase="/Users/ksemenenko/Developer/Communication/ManagedCode.Communication.Tests/bin/Debug/net9.0/ManagedCode.Communication.Tests.dll" adapterTypeName="executor://xunit/VsTestRunner3/netcore/" className="ManagedCode.Communication.Tests.Extensions.HttpResponseExtensionTests" name="FromJsonToResult_BadRequestStatusCode_ReturnsFailedResultWithCorrectStatus" />
    </UnitTest>
    <UnitTest name="ManagedCode.Communication.Tests.Serialization.SerializationTests.Problem_ShouldSerializeAndDeserialize" storage="/users/ksemenenko/developer/communication/managedcode.communication.tests/bin/debug/net9.0/managedcode.communication.tests.dll" id="d343945e-2d81-5ae1-7083-4fdee04f6eb8">
      <Execution id="4d3b9089-bc4a-40a6-9809-9a66cc402565" />
      <TestMethod codeBase="/Users/ksemenenko/Developer/Communication/ManagedCode.Communication.Tests/bin/Debug/net9.0/ManagedCode.Communication.Tests.dll" adapterTypeName="executor://xunit/VsTestRunner3/netcore/" className="ManagedCode.Communication.Tests.Serialization.SerializationTests" name="Problem_ShouldSerializeAndDeserialize" />
    </UnitTest>
    <UnitTest name="ManagedCode.Communication.Tests.Orleans.Serialization.CommandSerializationTests.CommandMetadata_WithAllFields_ShouldSerializeCorrectly" storage="/users/ksemenenko/developer/communication/managedcode.communication.tests/bin/debug/net9.0/managedcode.communication.tests.dll" id="cc5f0fa5-2624-4aa6-2ceb-955549536dc3">
      <Execution id="609da85f-d793-4a23-a037-bbaae8fb8b90" />
      <TestMethod codeBase="/Users/ksemenenko/Developer/Communication/ManagedCode.Communication.Tests/bin/Debug/net9.0/ManagedCode.Communication.Tests.dll" adapterTypeName="executor://xunit/VsTestRunner3/netcore/" className="ManagedCode.Communication.Tests.Orleans.Serialization.CommandSerializationTests" name="CommandMetadata_WithAllFields_ShouldSerializeCorrectly" />
    </UnitTest>
    <UnitTest name="ManagedCode.Communication.Tests.Results.ResultStaticHelperMethodsTests.Result_FailNotFoundT_WithDetail_ShouldCreateNotFoundResultTWithCustomDetail" storage="/users/ksemenenko/developer/communication/managedcode.communication.tests/bin/debug/net9.0/managedcode.communication.tests.dll" id="f2f678ee-a37b-8014-7202-81380186eb4d">
      <Execution id="3e4d4650-5b52-4cea-8b93-d487e2d071b2" />
      <TestMethod codeBase="/Users/ksemenenko/Developer/Communication/ManagedCode.Communication.Tests/bin/Debug/net9.0/ManagedCode.Communication.Tests.dll" adapterTypeName="executor://xunit/VsTestRunner3/netcore/" className="ManagedCode.Communication.Tests.Results.ResultStaticHelperMethodsTests" name="Result_FailNotFoundT_WithDetail_ShouldCreateNotFoundResultTWithCustomDetail" />
    </UnitTest>
    <UnitTest name="ManagedCode.Communication.Tests.Results.ResultOperatorsTests.CollectionResult_ImplicitOperator_ToBool_ShouldReturnIsSuccess" storage="/users/ksemenenko/developer/communication/managedcode.communication.tests/bin/debug/net9.0/managedcode.communication.tests.dll" id="c9d9ed72-c67b-02b9-941b-eca4dbf8c071">
      <Execution id="fc5a72dc-6a4e-4f79-95fc-9aef34b57ab2" />
      <TestMethod codeBase="/Users/ksemenenko/Developer/Communication/ManagedCode.Communication.Tests/bin/Debug/net9.0/ManagedCode.Communication.Tests.dll" adapterTypeName="executor://xunit/VsTestRunner3/netcore/" className="ManagedCode.Communication.Tests.Results.ResultOperatorsTests" name="CollectionResult_ImplicitOperator_ToBool_ShouldReturnIsSuccess" />
    </UnitTest>
    <UnitTest name="ManagedCode.Communication.Tests.ProblemTests.ProblemCreateMethodsTests.Problem_GetValidationErrors_WithValidErrors_ShouldReturnDictionary" storage="/users/ksemenenko/developer/communication/managedcode.communication.tests/bin/debug/net9.0/managedcode.communication.tests.dll" id="d137c692-c33a-c29f-f0cd-43638d316a9f">
      <Execution id="0aeea0dd-dd6a-427c-8da5-24a7fd8be8ac" />
      <TestMethod codeBase="/Users/ksemenenko/Developer/Communication/ManagedCode.Communication.Tests/bin/Debug/net9.0/ManagedCode.Communication.Tests.dll" adapterTypeName="executor://xunit/VsTestRunner3/netcore/" className="ManagedCode.Communication.Tests.ProblemTests.ProblemCreateMethodsTests" name="Problem_GetValidationErrors_WithValidErrors_ShouldReturnDictionary" />
    </UnitTest>
    <UnitTest name="ManagedCode.Communication.Tests.CollectionResults.CollectionResultFromMethodsTests.From_FuncValueTaskEnumerable_ShouldCreateSuccessResult" storage="/users/ksemenenko/developer/communication/managedcode.communication.tests/bin/debug/net9.0/managedcode.communication.tests.dll" id="392de4af-d461-7c5b-310a-021cf63d1384">
      <Execution id="e8f59782-8dd8-4829-a36e-32659263c6e8" />
      <TestMethod codeBase="/Users/ksemenenko/Developer/Communication/ManagedCode.Communication.Tests/bin/Debug/net9.0/ManagedCode.Communication.Tests.dll" adapterTypeName="executor://xunit/VsTestRunner3/netcore/" className="ManagedCode.Communication.Tests.CollectionResults.CollectionResultFromMethodsTests" name="From_FuncValueTaskEnumerable_ShouldCreateSuccessResult" />
    </UnitTest>
    <UnitTest name="ManagedCode.Communication.Tests.ControllerTests.MiddlewareTests.InvalidDataException" storage="/users/ksemenenko/developer/communication/managedcode.communication.tests/bin/debug/net9.0/managedcode.communication.tests.dll" id="f83ad32d-dc7d-a157-ddfe-e571c1f7ccdc">
      <Execution id="1eff3634-a623-4817-a375-68c6bf00e4f5" />
      <TestMethod codeBase="/Users/ksemenenko/Developer/Communication/ManagedCode.Communication.Tests/bin/Debug/net9.0/ManagedCode.Communication.Tests.dll" adapterTypeName="executor://xunit/VsTestRunner3/netcore/" className="ManagedCode.Communication.Tests.ControllerTests.MiddlewareTests" name="InvalidDataException" />
    </UnitTest>
    <UnitTest name="ManagedCode.Communication.Tests.Results.ResultHelperMethodsTests.Result_Try_WithSuccessfulAction_ShouldReturnSuccess" storage="/users/ksemenenko/developer/communication/managedcode.communication.tests/bin/debug/net9.0/managedcode.communication.tests.dll" id="fd36a05d-aabc-c319-396e-483787345ed9">
      <Execution id="d194aa56-dc35-4965-89e7-b695a951a863" />
      <TestMethod codeBase="/Users/ksemenenko/Developer/Communication/ManagedCode.Communication.Tests/bin/Debug/net9.0/ManagedCode.Communication.Tests.dll" adapterTypeName="executor://xunit/VsTestRunner3/netcore/" className="ManagedCode.Communication.Tests.Results.ResultHelperMethodsTests" name="Result_Try_WithSuccessfulAction_ShouldReturnSuccess" />
    </UnitTest>
    <UnitTest name="ManagedCode.Communication.Tests.Results.ResultTests.FailValidation_ShouldCreateValidationResult" storage="/users/ksemenenko/developer/communication/managedcode.communication.tests/bin/debug/net9.0/managedcode.communication.tests.dll" id="c2bf73e0-2b43-e613-8fe5-319705841f57">
      <Execution id="f8b1894f-23f1-45ac-959d-5ca1be2b1d46" />
      <TestMethod codeBase="/Users/ksemenenko/Developer/Communication/ManagedCode.Communication.Tests/bin/Debug/net9.0/ManagedCode.Communication.Tests.dll" adapterTypeName="executor://xunit/VsTestRunner3/netcore/" className="ManagedCode.Communication.Tests.Results.ResultTests" name="FailValidation_ShouldCreateValidationResult" />
    </UnitTest>
    <UnitTest name="ManagedCode.Communication.Tests.ProblemTests.ProblemCreateMethodsTests.Problem_Create_WithEnumAndVariousStatusCodes_ShouldSetCorrectType(statusCode: 500, enumValue: &quot;InternalServerError&quot;)" storage="/users/ksemenenko/developer/communication/managedcode.communication.tests/bin/debug/net9.0/managedcode.communication.tests.dll" id="f080a087-472a-f802-200b-4ae8e884e5bc">
      <Execution id="ca58e218-999e-45b9-9bf3-bb0ad1b65e1a" />
      <TestMethod codeBase="/Users/ksemenenko/Developer/Communication/ManagedCode.Communication.Tests/bin/Debug/net9.0/ManagedCode.Communication.Tests.dll" adapterTypeName="executor://xunit/VsTestRunner3/netcore/" className="ManagedCode.Communication.Tests.ProblemTests.ProblemCreateMethodsTests" name="Problem_Create_WithEnumAndVariousStatusCodes_ShouldSetCorrectType" />
    </UnitTest>
    <UnitTest name="ManagedCode.Communication.Tests.CollectionResults.CollectionResultFailMethodsTests.Fail_WithEmptyEnumerable_ShouldCreateFailedResultWithEmptyCollection" storage="/users/ksemenenko/developer/communication/managedcode.communication.tests/bin/debug/net9.0/managedcode.communication.tests.dll" id="4d38db8c-d739-e015-e09d-cd6fc5dff5ab">
      <Execution id="048edccb-befd-4e4c-b7a4-e71f83e9bdab" />
      <TestMethod codeBase="/Users/ksemenenko/Developer/Communication/ManagedCode.Communication.Tests/bin/Debug/net9.0/ManagedCode.Communication.Tests.dll" adapterTypeName="executor://xunit/VsTestRunner3/netcore/" className="ManagedCode.Communication.Tests.CollectionResults.CollectionResultFailMethodsTests" name="Fail_WithEmptyEnumerable_ShouldCreateFailedResultWithEmptyCollection" />
    </UnitTest>
    <UnitTest name="ManagedCode.Communication.Tests.Results.CollectionResultTests.ThrowIfFail_WithProblemException_ShouldPreserveProblemDetails" storage="/users/ksemenenko/developer/communication/managedcode.communication.tests/bin/debug/net9.0/managedcode.communication.tests.dll" id="c958d145-1335-3f69-818e-4d1059fbb724">
      <Execution id="d11e3cb0-de62-4d31-84de-95fba9890fed" />
      <TestMethod codeBase="/Users/ksemenenko/Developer/Communication/ManagedCode.Communication.Tests/bin/Debug/net9.0/ManagedCode.Communication.Tests.dll" adapterTypeName="executor://xunit/VsTestRunner3/netcore/" className="ManagedCode.Communication.Tests.Results.CollectionResultTests" name="ThrowIfFail_WithProblemException_ShouldPreserveProblemDetails" />
    </UnitTest>
    <UnitTest name="ManagedCode.Communication.Tests.AspNetCore.Extensions.ControllerExtensionsTests.ToActionResult_WithVariousStatusCodes_ReturnsCorrectStatusCode(statusCode: 404, title: &quot;Not Found&quot;)" storage="/users/ksemenenko/developer/communication/managedcode.communication.tests/bin/debug/net9.0/managedcode.communication.tests.dll" id="7f739289-fb83-39f7-cc97-e031b49032de">
      <Execution id="27c25b54-62ca-4a14-85b4-c21500f79081" />
      <TestMethod codeBase="/Users/ksemenenko/Developer/Communication/ManagedCode.Communication.Tests/bin/Debug/net9.0/ManagedCode.Communication.Tests.dll" adapterTypeName="executor://xunit/VsTestRunner3/netcore/" className="ManagedCode.Communication.Tests.AspNetCore.Extensions.ControllerExtensionsTests" name="ToActionResult_WithVariousStatusCodes_ReturnsCorrectStatusCode" />
    </UnitTest>
    <UnitTest name="ManagedCode.Communication.Tests.Commands.CommandIdempotencyTests.ServiceCollectionExtensions_AddCommandIdempotency_RegistersMemoryCacheStore" storage="/users/ksemenenko/developer/communication/managedcode.communication.tests/bin/debug/net9.0/managedcode.communication.tests.dll" id="e356bf20-87ba-5d98-8ea7-0ff88d53e065">
      <Execution id="a9aace23-abd0-4b63-a5d3-3bfb017c5f23" />
      <TestMethod codeBase="/Users/ksemenenko/Developer/Communication/ManagedCode.Communication.Tests/bin/Debug/net9.0/ManagedCode.Communication.Tests.dll" adapterTypeName="executor://xunit/VsTestRunner3/netcore/" className="ManagedCode.Communication.Tests.Commands.CommandIdempotencyTests" name="ServiceCollectionExtensions_AddCommandIdempotency_RegistersMemoryCacheStore" />
    </UnitTest>
    <UnitTest name="ManagedCode.Communication.Tests.Results.ResultInvalidMethodsTests.Result_InvalidT_WithDictionary_ShouldCreateValidationResultWithMultipleFields" storage="/users/ksemenenko/developer/communication/managedcode.communication.tests/bin/debug/net9.0/managedcode.communication.tests.dll" id="53713324-cc06-3054-5418-a2a3cf8996e1">
      <Execution id="2423259f-d46a-429e-b5ad-7cb368f22432" />
      <TestMethod codeBase="/Users/ksemenenko/Developer/Communication/ManagedCode.Communication.Tests/bin/Debug/net9.0/ManagedCode.Communication.Tests.dll" adapterTypeName="executor://xunit/VsTestRunner3/netcore/" className="ManagedCode.Communication.Tests.Results.ResultInvalidMethodsTests" name="Result_InvalidT_WithDictionary_ShouldCreateValidationResultWithMultipleFields" />
    </UnitTest>
    <UnitTest name="ManagedCode.Communication.Tests.AspNetCore.Extensions.ControllerExtensionsTests.ToActionResult_WithNoProblem_ReturnsDefaultError" storage="/users/ksemenenko/developer/communication/managedcode.communication.tests/bin/debug/net9.0/managedcode.communication.tests.dll" id="8a469a40-7454-6880-9e8d-7953fae79af1">
      <Execution id="645a83d9-df4d-40e0-9406-fef53c91c6ca" />
      <TestMethod codeBase="/Users/ksemenenko/Developer/Communication/ManagedCode.Communication.Tests/bin/Debug/net9.0/ManagedCode.Communication.Tests.dll" adapterTypeName="executor://xunit/VsTestRunner3/netcore/" className="ManagedCode.Communication.Tests.AspNetCore.Extensions.ControllerExtensionsTests" name="ToActionResult_WithNoProblem_ReturnsDefaultError" />
    </UnitTest>
    <UnitTest name="ManagedCode.Communication.Tests.Extensions.ProblemExtensionsTests.FromProblemDetails_WithNullStatus_ShouldSetStatusCodeToZero" storage="/users/ksemenenko/developer/communication/managedcode.communication.tests/bin/debug/net9.0/managedcode.communication.tests.dll" id="5d60b22d-c612-47a3-e3f1-72a7b909f424">
      <Execution id="981a156a-e87a-4d2a-8e36-edb304b00196" />
      <TestMethod codeBase="/Users/ksemenenko/Developer/Communication/ManagedCode.Communication.Tests/bin/Debug/net9.0/ManagedCode.Communication.Tests.dll" adapterTypeName="executor://xunit/VsTestRunner3/netcore/" className="ManagedCode.Communication.Tests.Extensions.ProblemExtensionsTests" name="FromProblemDetails_WithNullStatus_ShouldSetStatusCodeToZero" />
    </UnitTest>
    <UnitTest name="ManagedCode.Communication.Tests.Results.ResultFailMethodsTests.Result_Fail_WithEnumAndDetail_ShouldCreateFailedResultWithErrorCodeAndDetail" storage="/users/ksemenenko/developer/communication/managedcode.communication.tests/bin/debug/net9.0/managedcode.communication.tests.dll" id="9055a99e-808e-e43f-9f70-e1a7b9f0a551">
      <Execution id="f59cdc1a-b332-49ff-9b2b-f9704d1e7687" />
      <TestMethod codeBase="/Users/ksemenenko/Developer/Communication/ManagedCode.Communication.Tests/bin/Debug/net9.0/ManagedCode.Communication.Tests.dll" adapterTypeName="executor://xunit/VsTestRunner3/netcore/" className="ManagedCode.Communication.Tests.Results.ResultFailMethodsTests" name="Result_Fail_WithEnumAndDetail_ShouldCreateFailedResultWithErrorCodeAndDetail" />
    </UnitTest>
    <UnitTest name="ManagedCode.Communication.Tests.Results.ProblemExceptionTests.Constructor_AllDataFieldsShouldUseNameof" storage="/users/ksemenenko/developer/communication/managedcode.communication.tests/bin/debug/net9.0/managedcode.communication.tests.dll" id="31013b84-c240-3047-b7e6-518c431f1e71">
      <Execution id="7df4c358-057d-4284-8a64-ee05fd9c389d" />
      <TestMethod codeBase="/Users/ksemenenko/Developer/Communication/ManagedCode.Communication.Tests/bin/Debug/net9.0/ManagedCode.Communication.Tests.dll" adapterTypeName="executor://xunit/VsTestRunner3/netcore/" className="ManagedCode.Communication.Tests.Results.ProblemExceptionTests" name="Constructor_AllDataFieldsShouldUseNameof" />
    </UnitTest>
    <UnitTest name="ManagedCode.Communication.Tests.Extensions.AdvancedRailwayExtensionsTests.ComplexRailwayChain_DemonstratesFullCapabilities" storage="/users/ksemenenko/developer/communication/managedcode.communication.tests/bin/debug/net9.0/managedcode.communication.tests.dll" id="b152476b-0692-165d-e590-b423100fc237">
      <Execution id="1d445b93-942f-4dcb-bedf-8da8fb21afdf" />
      <TestMethod codeBase="/Users/ksemenenko/Developer/Communication/ManagedCode.Communication.Tests/bin/Debug/net9.0/ManagedCode.Communication.Tests.dll" adapterTypeName="executor://xunit/VsTestRunner3/netcore/" className="ManagedCode.Communication.Tests.Extensions.AdvancedRailwayExtensionsTests" name="ComplexRailwayChain_DemonstratesFullCapabilities" />
    </UnitTest>
    <UnitTest name="ManagedCode.Communication.Tests.AspNetCore.Extensions.ControllerExtensionsTests.ToActionResult_WithVariousStatusCodes_ReturnsCorrectStatusCode(statusCode: 422, title: &quot;Unprocessable Entity&quot;)" storage="/users/ksemenenko/developer/communication/managedcode.communication.tests/bin/debug/net9.0/managedcode.communication.tests.dll" id="8bd92cbc-b4a1-3cf0-6835-cad5eb18c15d">
      <Execution id="c7b1e993-7947-4674-8dbb-3213b1c5590a" />
      <TestMethod codeBase="/Users/ksemenenko/Developer/Communication/ManagedCode.Communication.Tests/bin/Debug/net9.0/ManagedCode.Communication.Tests.dll" adapterTypeName="executor://xunit/VsTestRunner3/netcore/" className="ManagedCode.Communication.Tests.AspNetCore.Extensions.ControllerExtensionsTests" name="ToActionResult_WithVariousStatusCodes_ReturnsCorrectStatusCode" />
    </UnitTest>
    <UnitTest name="ManagedCode.Communication.Tests.Extensions.HttpResponseExtensionTests.FromJsonToResult_NullContent_WithErrorStatus_ReturnsFailedResult" storage="/users/ksemenenko/developer/communication/managedcode.communication.tests/bin/debug/net9.0/managedcode.communication.tests.dll" id="99ad070e-072d-3189-a75d-1aa7c7eeb04e">
      <Execution id="b4ecbc3c-9d18-493d-901e-15b320ab0b99" />
      <TestMethod codeBase="/Users/ksemenenko/Developer/Communication/ManagedCode.Communication.Tests/bin/Debug/net9.0/ManagedCode.Communication.Tests.dll" adapterTypeName="executor://xunit/VsTestRunner3/netcore/" className="ManagedCode.Communication.Tests.Extensions.HttpResponseExtensionTests" name="FromJsonToResult_NullContent_WithErrorStatus_ReturnsFailedResult" />
    </UnitTest>
    <UnitTest name="ManagedCode.Communication.Tests.AspNetCore.Extensions.HubOptionsExtensionsTests.AddCommunicationHubFilter_CanBeCalledMultipleTimes_DoesNotThrow" storage="/users/ksemenenko/developer/communication/managedcode.communication.tests/bin/debug/net9.0/managedcode.communication.tests.dll" id="a3b219a1-96f8-2dc6-2fac-9f5e3d240997">
      <Execution id="7f1a9e6b-4ca1-4554-9ca2-0e848f1237da" />
      <TestMethod codeBase="/Users/ksemenenko/Developer/Communication/ManagedCode.Communication.Tests/bin/Debug/net9.0/ManagedCode.Communication.Tests.dll" adapterTypeName="executor://xunit/VsTestRunner3/netcore/" className="ManagedCode.Communication.Tests.AspNetCore.Extensions.HubOptionsExtensionsTests" name="AddCommunicationHubFilter_CanBeCalledMultipleTimes_DoesNotThrow" />
    </UnitTest>
    <UnitTest name="ManagedCode.Communication.Tests.Results.ProblemTests.Create_ShouldCreateProblemWithAllProperties" storage="/users/ksemenenko/developer/communication/managedcode.communication.tests/bin/debug/net9.0/managedcode.communication.tests.dll" id="8ef731a7-df62-2078-454e-b3c5ab5a52f3">
      <Execution id="42424e8c-6f46-43a6-bfce-af24dad7c84d" />
      <TestMethod codeBase="/Users/ksemenenko/Developer/Communication/ManagedCode.Communication.Tests/bin/Debug/net9.0/ManagedCode.Communication.Tests.dll" adapterTypeName="executor://xunit/VsTestRunner3/netcore/" className="ManagedCode.Communication.Tests.Results.ProblemTests" name="Create_ShouldCreateProblemWithAllProperties" />
    </UnitTest>
    <UnitTest name="ManagedCode.Communication.Tests.CollectionResults.CollectionResultFromMethodsTests.From_FuncTaskThrowingException_ShouldReturnFailedResult" storage="/users/ksemenenko/developer/communication/managedcode.communication.tests/bin/debug/net9.0/managedcode.communication.tests.dll" id="02bf4062-6173-4a68-0596-4bfd52dc36b2">
      <Execution id="b10193e4-f009-4338-b645-3dd5d93bb8e7" />
      <TestMethod codeBase="/Users/ksemenenko/Developer/Communication/ManagedCode.Communication.Tests/bin/Debug/net9.0/ManagedCode.Communication.Tests.dll" adapterTypeName="executor://xunit/VsTestRunner3/netcore/" className="ManagedCode.Communication.Tests.CollectionResults.CollectionResultFromMethodsTests" name="From_FuncTaskThrowingException_ShouldReturnFailedResult" />
    </UnitTest>
    <UnitTest name="ManagedCode.Communication.Tests.CollectionResults.CollectionResultFailMethodsTests.FailValidation_WithDuplicateFields_ShouldCombineErrors" storage="/users/ksemenenko/developer/communication/managedcode.communication.tests/bin/debug/net9.0/managedcode.communication.tests.dll" id="699823e7-74be-bd9f-0e7a-b915c45c5b8d">
      <Execution id="c140ed31-7aed-4cdd-8df3-d8562c448903" />
      <TestMethod codeBase="/Users/ksemenenko/Developer/Communication/ManagedCode.Communication.Tests/bin/Debug/net9.0/ManagedCode.Communication.Tests.dll" adapterTypeName="executor://xunit/VsTestRunner3/netcore/" className="ManagedCode.Communication.Tests.CollectionResults.CollectionResultFailMethodsTests" name="FailValidation_WithDuplicateFields_ShouldCombineErrors" />
    </UnitTest>
    <UnitTest name="ManagedCode.Communication.Tests.Extensions.AdvancedRailwayExtensionsTests.Switch_WithSuccess_ExecutesSuccessAction" storage="/users/ksemenenko/developer/communication/managedcode.communication.tests/bin/debug/net9.0/managedcode.communication.tests.dll" id="498b934f-374c-1dc8-3085-bd3a70ce9a92">
      <Execution id="f9d67828-74be-4558-8b1a-ad53efab7082" />
      <TestMethod codeBase="/Users/ksemenenko/Developer/Communication/ManagedCode.Communication.Tests/bin/Debug/net9.0/ManagedCode.Communication.Tests.dll" adapterTypeName="executor://xunit/VsTestRunner3/netcore/" className="ManagedCode.Communication.Tests.Extensions.AdvancedRailwayExtensionsTests" name="Switch_WithSuccess_ExecutesSuccessAction" />
    </UnitTest>
    <UnitTest name="ManagedCode.Communication.Tests.Results.ProblemToExceptionErrorTests.ToException_WithExceptionDataKeyConflicts_ShouldHandleGracefully" storage="/users/ksemenenko/developer/communication/managedcode.communication.tests/bin/debug/net9.0/managedcode.communication.tests.dll" id="5e5950b2-b136-6c89-672e-7a590d826125">
      <Execution id="31032f7a-08db-4fb2-92c1-9a02a14a51d7" />
      <TestMethod codeBase="/Users/ksemenenko/Developer/Communication/ManagedCode.Communication.Tests/bin/Debug/net9.0/ManagedCode.Communication.Tests.dll" adapterTypeName="executor://xunit/VsTestRunner3/netcore/" className="ManagedCode.Communication.Tests.Results.ProblemToExceptionErrorTests" name="ToException_WithExceptionDataKeyConflicts_ShouldHandleGracefully" />
    </UnitTest>
    <UnitTest name="ManagedCode.Communication.Tests.Results.ResultInvalidMethodsTests.ResultT_Invalid_WithEnumAndDictionary_ShouldCreateValidationResultWithAllData" storage="/users/ksemenenko/developer/communication/managedcode.communication.tests/bin/debug/net9.0/managedcode.communication.tests.dll" id="37563ea7-79b5-6e21-07e3-b7abecf35da5">
      <Execution id="657518a0-6c5c-468d-8bf3-cf320f7c16e2" />
      <TestMethod codeBase="/Users/ksemenenko/Developer/Communication/ManagedCode.Communication.Tests/bin/Debug/net9.0/ManagedCode.Communication.Tests.dll" adapterTypeName="executor://xunit/VsTestRunner3/netcore/" className="ManagedCode.Communication.Tests.Results.ResultInvalidMethodsTests" name="ResultT_Invalid_WithEnumAndDictionary_ShouldCreateValidationResultWithAllData" />
    </UnitTest>
    <UnitTest name="ManagedCode.Communication.Tests.CollectionResults.CollectionResultFailMethodsTests.Fail_NoParameters_ShouldCreateFailedResult" storage="/users/ksemenenko/developer/communication/managedcode.communication.tests/bin/debug/net9.0/managedcode.communication.tests.dll" id="2b85e6a6-b085-3693-8351-fe312faa0712">
      <Execution id="8eedf85a-6032-49af-88c2-d22d64f114b4" />
      <TestMethod codeBase="/Users/ksemenenko/Developer/Communication/ManagedCode.Communication.Tests/bin/Debug/net9.0/ManagedCode.Communication.Tests.dll" adapterTypeName="executor://xunit/VsTestRunner3/netcore/" className="ManagedCode.Communication.Tests.CollectionResults.CollectionResultFailMethodsTests" name="Fail_NoParameters_ShouldCreateFailedResult" />
    </UnitTest>
    <UnitTest name="ManagedCode.Communication.Tests.ControllerTests.MiddlewareTests.ValidationException" storage="/users/ksemenenko/developer/communication/managedcode.communication.tests/bin/debug/net9.0/managedcode.communication.tests.dll" id="884780c4-efd7-4539-be97-7bddf6f0d325">
      <Execution id="12a2ea89-3572-4519-b693-03a2cfc5dcda" />
      <TestMethod codeBase="/Users/ksemenenko/Developer/Communication/ManagedCode.Communication.Tests/bin/Debug/net9.0/ManagedCode.Communication.Tests.dll" adapterTypeName="executor://xunit/VsTestRunner3/netcore/" className="ManagedCode.Communication.Tests.ControllerTests.MiddlewareTests" name="ValidationException" />
    </UnitTest>
    <UnitTest name="ManagedCode.Communication.Tests.Results.ResultInvalidMethodsTests.Invalid_WithDictionaryContainingEmptyValues_ShouldHandleGracefully" storage="/users/ksemenenko/developer/communication/managedcode.communication.tests/bin/debug/net9.0/managedcode.communication.tests.dll" id="1285e3a0-be70-4f5b-8a49-53d83ee7816d">
      <Execution id="517aca70-4833-4443-87c6-1aaaab8106ab" />
      <TestMethod codeBase="/Users/ksemenenko/Developer/Communication/ManagedCode.Communication.Tests/bin/Debug/net9.0/ManagedCode.Communication.Tests.dll" adapterTypeName="executor://xunit/VsTestRunner3/netcore/" className="ManagedCode.Communication.Tests.Results.ResultInvalidMethodsTests" name="Invalid_WithDictionaryContainingEmptyValues_ShouldHandleGracefully" />
    </UnitTest>
    <UnitTest name="ManagedCode.Communication.Tests.CollectionResults.CollectionResultFailMethodsTests.FailNotFound_NoParameters_ShouldCreateNotFoundResult" storage="/users/ksemenenko/developer/communication/managedcode.communication.tests/bin/debug/net9.0/managedcode.communication.tests.dll" id="a732ecdf-009d-4fc3-3846-806e90a131ab">
      <Execution id="76a554c0-1bee-4584-9866-7197b21292ed" />
      <TestMethod codeBase="/Users/ksemenenko/Developer/Communication/ManagedCode.Communication.Tests/bin/Debug/net9.0/ManagedCode.Communication.Tests.dll" adapterTypeName="executor://xunit/VsTestRunner3/netcore/" className="ManagedCode.Communication.Tests.CollectionResults.CollectionResultFailMethodsTests" name="FailNotFound_NoParameters_ShouldCreateNotFoundResult" />
    </UnitTest>
    <UnitTest name="ManagedCode.Communication.Tests.CollectionResults.CollectionResultFromMethodsTests.From_FailedCollectionResultWithoutProblem_ShouldReturnFailedResult" storage="/users/ksemenenko/developer/communication/managedcode.communication.tests/bin/debug/net9.0/managedcode.communication.tests.dll" id="52ca4f6f-9446-ce96-f00d-3177ac949b13">
      <Execution id="515c9b63-b31f-46ec-9130-e0ac5cc24d59" />
      <TestMethod codeBase="/Users/ksemenenko/Developer/Communication/ManagedCode.Communication.Tests/bin/Debug/net9.0/ManagedCode.Communication.Tests.dll" adapterTypeName="executor://xunit/VsTestRunner3/netcore/" className="ManagedCode.Communication.Tests.CollectionResults.CollectionResultFromMethodsTests" name="From_FailedCollectionResultWithoutProblem_ShouldReturnFailedResult" />
    </UnitTest>
    <UnitTest name="ManagedCode.Communication.Tests.Results.ResultTFailMethodsTests.ResultT_FailForbidden_NoParameters_ShouldCreateForbiddenResult" storage="/users/ksemenenko/developer/communication/managedcode.communication.tests/bin/debug/net9.0/managedcode.communication.tests.dll" id="006db6e7-371d-e718-b29e-3beaaaa8b1e6">
      <Execution id="7d898adb-8e50-4cba-b804-41677d1abac3" />
      <TestMethod codeBase="/Users/ksemenenko/Developer/Communication/ManagedCode.Communication.Tests/bin/Debug/net9.0/ManagedCode.Communication.Tests.dll" adapterTypeName="executor://xunit/VsTestRunner3/netcore/" className="ManagedCode.Communication.Tests.Results.ResultTFailMethodsTests" name="ResultT_FailForbidden_NoParameters_ShouldCreateForbiddenResult" />
    </UnitTest>
    <UnitTest name="ManagedCode.Communication.Tests.Extensions.AdvancedRailwayExtensionsTests.MergeAll_WithMultipleFailures_CollectsAllErrors" storage="/users/ksemenenko/developer/communication/managedcode.communication.tests/bin/debug/net9.0/managedcode.communication.tests.dll" id="3422f96e-0a13-0cac-95ea-d6afecbcd569">
      <Execution id="46554736-807b-46b1-900a-bc8f625b0ec8" />
      <TestMethod codeBase="/Users/ksemenenko/Developer/Communication/ManagedCode.Communication.Tests/bin/Debug/net9.0/ManagedCode.Communication.Tests.dll" adapterTypeName="executor://xunit/VsTestRunner3/netcore/" className="ManagedCode.Communication.Tests.Extensions.AdvancedRailwayExtensionsTests" name="MergeAll_WithMultipleFailures_CollectsAllErrors" />
    </UnitTest>
    <UnitTest name="ManagedCode.Communication.Tests.Results.ResultTFailMethodsTests.ResultT_Fail_WithVariousStatusCodes_ShouldSetCorrectStatusCode(statusCode: InternalServerError, expectedCode: 500)" storage="/users/ksemenenko/developer/communication/managedcode.communication.tests/bin/debug/net9.0/managedcode.communication.tests.dll" id="22cdaf43-d8ea-278c-4cc0-7325a65fa6f1">
      <Execution id="4fde3b51-14cc-4efe-af5f-70e6e3a025e1" />
      <TestMethod codeBase="/Users/ksemenenko/Developer/Communication/ManagedCode.Communication.Tests/bin/Debug/net9.0/ManagedCode.Communication.Tests.dll" adapterTypeName="executor://xunit/VsTestRunner3/netcore/" className="ManagedCode.Communication.Tests.Results.ResultTFailMethodsTests" name="ResultT_Fail_WithVariousStatusCodes_ShouldSetCorrectStatusCode" />
    </UnitTest>
    <UnitTest name="ManagedCode.Communication.Tests.Extensions.RailwayExtensionsTests.Ensure_SuccessfulResultInvalidPredicate_BecomesFailed" storage="/users/ksemenenko/developer/communication/managedcode.communication.tests/bin/debug/net9.0/managedcode.communication.tests.dll" id="a14789f8-25ec-bd3c-5129-2bb2c2d09985">
      <Execution id="decf7a48-ef92-40e5-99cf-1a8bd7a72386" />
      <TestMethod codeBase="/Users/ksemenenko/Developer/Communication/ManagedCode.Communication.Tests/bin/Debug/net9.0/ManagedCode.Communication.Tests.dll" adapterTypeName="executor://xunit/VsTestRunner3/netcore/" className="ManagedCode.Communication.Tests.Extensions.RailwayExtensionsTests" name="Ensure_SuccessfulResultInvalidPredicate_BecomesFailed" />
    </UnitTest>
    <UnitTest name="ManagedCode.Communication.Tests.AspNetCore.Extensions.ServiceCollectionExtensionsTests.Communication_Should_Reject_Invalid_Model" storage="/users/ksemenenko/developer/communication/managedcode.communication.tests/bin/debug/net9.0/managedcode.communication.tests.dll" id="353ee2b3-8223-ee2f-da86-858af32e4ee1">
      <Execution id="008fc8b9-484c-4dcc-a30b-cbcf8700cc79" />
      <TestMethod codeBase="/Users/ksemenenko/Developer/Communication/ManagedCode.Communication.Tests/bin/Debug/net9.0/ManagedCode.Communication.Tests.dll" adapterTypeName="executor://xunit/VsTestRunner3/netcore/" className="ManagedCode.Communication.Tests.AspNetCore.Extensions.ServiceCollectionExtensionsTests" name="Communication_Should_Reject_Invalid_Model" />
    </UnitTest>
    <UnitTest name="ManagedCode.Communication.Tests.Results.ResultTFailMethodsTests.ResultT_Fail_WithSpecialCharacters_ShouldHandleCorrectly" storage="/users/ksemenenko/developer/communication/managedcode.communication.tests/bin/debug/net9.0/managedcode.communication.tests.dll" id="c7cfa25b-5f84-b4eb-ca51-e666774f7b77">
      <Execution id="0d3ba697-bbcb-4f21-a46c-2bf968d7d9ae" />
      <TestMethod codeBase="/Users/ksemenenko/Developer/Communication/ManagedCode.Communication.Tests/bin/Debug/net9.0/ManagedCode.Communication.Tests.dll" adapterTypeName="executor://xunit/VsTestRunner3/netcore/" className="ManagedCode.Communication.Tests.Results.ResultTFailMethodsTests" name="ResultT_Fail_WithSpecialCharacters_ShouldHandleCorrectly" />
    </UnitTest>
    <UnitTest name="ManagedCode.Communication.Tests.Extensions.ServiceCollectionExtensionsTests.CommunicationLogger_Caching_WorksCorrectly" storage="/users/ksemenenko/developer/communication/managedcode.communication.tests/bin/debug/net9.0/managedcode.communication.tests.dll" id="0f2cb4e4-d535-dd21-c366-616f0502fa7b">
      <Execution id="492f10a8-3eb4-48b0-a2f4-962027348ce6" />
      <TestMethod codeBase="/Users/ksemenenko/Developer/Communication/ManagedCode.Communication.Tests/bin/Debug/net9.0/ManagedCode.Communication.Tests.dll" adapterTypeName="executor://xunit/VsTestRunner3/netcore/" className="ManagedCode.Communication.Tests.Extensions.ServiceCollectionExtensionsTests" name="CommunicationLogger_Caching_WorksCorrectly" />
    </UnitTest>
    <UnitTest name="ManagedCode.Communication.Tests.Orleans.OrleansSerializationTests.CompleteWorkflow_AllTypes_ShouldSerializeCorrectly" storage="/users/ksemenenko/developer/communication/managedcode.communication.tests/bin/debug/net9.0/managedcode.communication.tests.dll" id="6522bdf5-de38-3374-97b3-1ce8774e28b5">
      <Execution id="30161549-e5a3-482a-8d43-9aafb425c3e0" />
      <TestMethod codeBase="/Users/ksemenenko/Developer/Communication/ManagedCode.Communication.Tests/bin/Debug/net9.0/ManagedCode.Communication.Tests.dll" adapterTypeName="executor://xunit/VsTestRunner3/netcore/" className="ManagedCode.Communication.Tests.Orleans.OrleansSerializationTests" name="CompleteWorkflow_AllTypes_ShouldSerializeCorrectly" />
    </UnitTest>
    <UnitTest name="ManagedCode.Communication.Tests.Results.ProblemTests.FromStatusCode_ShouldCreateProblemFromHttpStatusCode" storage="/users/ksemenenko/developer/communication/managedcode.communication.tests/bin/debug/net9.0/managedcode.communication.tests.dll" id="92d7240b-67dc-fa2a-1053-63a4cde5f1ef">
      <Execution id="fd39fab0-1834-4c80-9947-a89d50034a4e" />
      <TestMethod codeBase="/Users/ksemenenko/Developer/Communication/ManagedCode.Communication.Tests/bin/Debug/net9.0/ManagedCode.Communication.Tests.dll" adapterTypeName="executor://xunit/VsTestRunner3/netcore/" className="ManagedCode.Communication.Tests.Results.ProblemTests" name="FromStatusCode_ShouldCreateProblemFromHttpStatusCode" />
    </UnitTest>
    <UnitTest name="ManagedCode.Communication.Tests.Results.ResultTFailMethodsTests.ResultT_Fail_WithNullValue_ShouldCreateFailedResultWithNull" storage="/users/ksemenenko/developer/communication/managedcode.communication.tests/bin/debug/net9.0/managedcode.communication.tests.dll" id="940e757e-482b-7683-9fbd-545c899eab41">
      <Execution id="190da020-2749-44cf-b6de-1f4d403ead60" />
      <TestMethod codeBase="/Users/ksemenenko/Developer/Communication/ManagedCode.Communication.Tests/bin/Debug/net9.0/ManagedCode.Communication.Tests.dll" adapterTypeName="executor://xunit/VsTestRunner3/netcore/" className="ManagedCode.Communication.Tests.Results.ResultTFailMethodsTests" name="ResultT_Fail_WithNullValue_ShouldCreateFailedResultWithNull" />
    </UnitTest>
    <UnitTest name="ManagedCode.Communication.Tests.CollectionResults.CollectionResultFailMethodsTests.Fail_WithVariousStatusCodes_ShouldSetCorrectStatusCode(statusCode: Forbidden, expectedCode: 403)" storage="/users/ksemenenko/developer/communication/managedcode.communication.tests/bin/debug/net9.0/managedcode.communication.tests.dll" id="e1f1b1be-faf7-e984-f9a4-c2a361ef2de8">
      <Execution id="be091e8e-0da5-4481-a2eb-780e160ec8b8" />
      <TestMethod codeBase="/Users/ksemenenko/Developer/Communication/ManagedCode.Communication.Tests/bin/Debug/net9.0/ManagedCode.Communication.Tests.dll" adapterTypeName="executor://xunit/VsTestRunner3/netcore/" className="ManagedCode.Communication.Tests.CollectionResults.CollectionResultFailMethodsTests" name="Fail_WithVariousStatusCodes_ShouldSetCorrectStatusCode" />
    </UnitTest>
    <UnitTest name="ManagedCode.Communication.Tests.Results.CollectionResultTests.ThrowIfFail_WithSuccessfulResult_ShouldNotThrow" storage="/users/ksemenenko/developer/communication/managedcode.communication.tests/bin/debug/net9.0/managedcode.communication.tests.dll" id="e4515f41-6dc8-4e41-80f2-0b8ebbc1419c">
      <Execution id="8da05d59-1b48-413e-b3ef-f2143701ba14" />
      <TestMethod codeBase="/Users/ksemenenko/Developer/Communication/ManagedCode.Communication.Tests/bin/Debug/net9.0/ManagedCode.Communication.Tests.dll" adapterTypeName="executor://xunit/VsTestRunner3/netcore/" className="ManagedCode.Communication.Tests.Results.CollectionResultTests" name="ThrowIfFail_WithSuccessfulResult_ShouldNotThrow" />
    </UnitTest>
    <UnitTest name="ManagedCode.Communication.Tests.Results.RailwayOrientedProgrammingTests.Try_WithSuccessfulOperation_ShouldReturnSuccess" storage="/users/ksemenenko/developer/communication/managedcode.communication.tests/bin/debug/net9.0/managedcode.communication.tests.dll" id="9ca104e0-d007-7a8a-297e-78d9692a5c9f">
      <Execution id="2c42e618-7865-44f7-95c5-a512934dde65" />
      <TestMethod codeBase="/Users/ksemenenko/Developer/Communication/ManagedCode.Communication.Tests/bin/Debug/net9.0/ManagedCode.Communication.Tests.dll" adapterTypeName="executor://xunit/VsTestRunner3/netcore/" className="ManagedCode.Communication.Tests.Results.RailwayOrientedProgrammingTests" name="Try_WithSuccessfulOperation_ShouldReturnSuccess" />
    </UnitTest>
    <UnitTest name="ManagedCode.Communication.Tests.CollectionResults.CollectionResultFromMethodsTests.From_FuncTaskWithCancellation_ShouldReturnFailedResult" storage="/users/ksemenenko/developer/communication/managedcode.communication.tests/bin/debug/net9.0/managedcode.communication.tests.dll" id="6f633b18-8c5d-0bf5-db3d-b3c803d548db">
      <Execution id="27bc4f13-c91e-48ab-b2e4-7b9aa889b073" />
      <TestMethod codeBase="/Users/ksemenenko/Developer/Communication/ManagedCode.Communication.Tests/bin/Debug/net9.0/ManagedCode.Communication.Tests.dll" adapterTypeName="executor://xunit/VsTestRunner3/netcore/" className="ManagedCode.Communication.Tests.CollectionResults.CollectionResultFromMethodsTests" name="From_FuncTaskWithCancellation_ShouldReturnFailedResult" />
    </UnitTest>
    <UnitTest name="ManagedCode.Communication.Tests.Serialization.SerializationTests.CommandT_WithValue_ShouldSerializeAndDeserialize" storage="/users/ksemenenko/developer/communication/managedcode.communication.tests/bin/debug/net9.0/managedcode.communication.tests.dll" id="64430dc0-d0ec-3630-f4dc-3035b3446fe0">
      <Execution id="4f6973b0-c4b9-4ea2-b6cf-b8de737766ad" />
      <TestMethod codeBase="/Users/ksemenenko/Developer/Communication/ManagedCode.Communication.Tests/bin/Debug/net9.0/ManagedCode.Communication.Tests.dll" adapterTypeName="executor://xunit/VsTestRunner3/netcore/" className="ManagedCode.Communication.Tests.Serialization.SerializationTests" name="CommandT_WithValue_ShouldSerializeAndDeserialize" />
    </UnitTest>
    <UnitTest name="ManagedCode.Communication.Tests.ResultExtensionsTests.ComplexPipeline_ShouldProcessCorrectly" storage="/users/ksemenenko/developer/communication/managedcode.communication.tests/bin/debug/net9.0/managedcode.communication.tests.dll" id="342251bc-8c6a-107f-f40f-bd580bcab139">
      <Execution id="49808ee9-7086-419f-80fb-a447ca361e73" />
      <TestMethod codeBase="/Users/ksemenenko/Developer/Communication/ManagedCode.Communication.Tests/bin/Debug/net9.0/ManagedCode.Communication.Tests.dll" adapterTypeName="executor://xunit/VsTestRunner3/netcore/" className="ManagedCode.Communication.Tests.ResultExtensionsTests" name="ComplexPipeline_ShouldProcessCorrectly" />
    </UnitTest>
    <UnitTest name="ManagedCode.Communication.Tests.CollectionResults.CollectionResultFailMethodsTests.Fail_WithVariousStatusCodes_ShouldSetCorrectStatusCode(statusCode: InternalServerError, expectedCode: 500)" storage="/users/ksemenenko/developer/communication/managedcode.communication.tests/bin/debug/net9.0/managedcode.communication.tests.dll" id="6c36e8fc-eb19-ac2b-e037-50e452248387">
      <Execution id="fd1f8ae5-6834-44df-adf5-65dee8567dd3" />
      <TestMethod codeBase="/Users/ksemenenko/Developer/Communication/ManagedCode.Communication.Tests/bin/Debug/net9.0/ManagedCode.Communication.Tests.dll" adapterTypeName="executor://xunit/VsTestRunner3/netcore/" className="ManagedCode.Communication.Tests.CollectionResults.CollectionResultFailMethodsTests" name="Fail_WithVariousStatusCodes_ShouldSetCorrectStatusCode" />
    </UnitTest>
    <UnitTest name="ManagedCode.Communication.Tests.Serialization.SerializationTests.Result_WithProblem_ShouldSerializeAndDeserialize" storage="/users/ksemenenko/developer/communication/managedcode.communication.tests/bin/debug/net9.0/managedcode.communication.tests.dll" id="0d212d73-5048-5154-48c3-5b8a40dc9820">
      <Execution id="a8a7e566-f524-429b-bf72-fabee29c7959" />
      <TestMethod codeBase="/Users/ksemenenko/Developer/Communication/ManagedCode.Communication.Tests/bin/Debug/net9.0/ManagedCode.Communication.Tests.dll" adapterTypeName="executor://xunit/VsTestRunner3/netcore/" className="ManagedCode.Communication.Tests.Serialization.SerializationTests" name="Result_WithProblem_ShouldSerializeAndDeserialize" />
    </UnitTest>
    <UnitTest name="ManagedCode.Communication.Tests.Extensions.AdvancedRailwayExtensionsTests.FailIf_WithFalseCondition_KeepsSuccess" storage="/users/ksemenenko/developer/communication/managedcode.communication.tests/bin/debug/net9.0/managedcode.communication.tests.dll" id="6ee08595-df8b-8458-88c8-ea8a550f9a05">
      <Execution id="3fbaee84-5406-4836-87db-c7e40ff4652a" />
      <TestMethod codeBase="/Users/ksemenenko/Developer/Communication/ManagedCode.Communication.Tests/bin/Debug/net9.0/ManagedCode.Communication.Tests.dll" adapterTypeName="executor://xunit/VsTestRunner3/netcore/" className="ManagedCode.Communication.Tests.Extensions.AdvancedRailwayExtensionsTests" name="FailIf_WithFalseCondition_KeepsSuccess" />
    </UnitTest>
    <UnitTest name="ManagedCode.Communication.Tests.Extensions.RailwayExtensionsTests.Tap_FailedResult_DoesNotExecuteAction" storage="/users/ksemenenko/developer/communication/managedcode.communication.tests/bin/debug/net9.0/managedcode.communication.tests.dll" id="5afc63d3-e6c2-fa08-2064-5b3b85269a6c">
      <Execution id="948805a1-9483-4d9a-87d6-2516436b4d04" />
      <TestMethod codeBase="/Users/ksemenenko/Developer/Communication/ManagedCode.Communication.Tests/bin/Debug/net9.0/ManagedCode.Communication.Tests.dll" adapterTypeName="executor://xunit/VsTestRunner3/netcore/" className="ManagedCode.Communication.Tests.Extensions.RailwayExtensionsTests" name="Tap_FailedResult_DoesNotExecuteAction" />
    </UnitTest>
    <UnitTest name="ManagedCode.Communication.Tests.Results.ResultTFailMethodsTests.ResultT_Fail_WithVeryLongStrings_ShouldHandleCorrectly" storage="/users/ksemenenko/developer/communication/managedcode.communication.tests/bin/debug/net9.0/managedcode.communication.tests.dll" id="eb6df723-a29f-9a70-5f7b-4a692189e22f">
      <Execution id="de6d11e8-953b-4e8d-9d98-06401279fa4c" />
      <TestMethod codeBase="/Users/ksemenenko/Developer/Communication/ManagedCode.Communication.Tests/bin/Debug/net9.0/ManagedCode.Communication.Tests.dll" adapterTypeName="executor://xunit/VsTestRunner3/netcore/" className="ManagedCode.Communication.Tests.Results.ResultTFailMethodsTests" name="ResultT_Fail_WithVeryLongStrings_ShouldHandleCorrectly" />
    </UnitTest>
    <UnitTest name="ManagedCode.Communication.Tests.AspNetCore.Extensions.CommunicationServiceCollectionExtensionsTests.CommunicationLoggerConfigurationService_StopsWithoutError" storage="/users/ksemenenko/developer/communication/managedcode.communication.tests/bin/debug/net9.0/managedcode.communication.tests.dll" id="0b9462ce-ab81-3e0e-a1aa-53ab68e0bac7">
      <Execution id="50fa097f-df55-48ed-ab2f-791375053346" />
      <TestMethod codeBase="/Users/ksemenenko/Developer/Communication/ManagedCode.Communication.Tests/bin/Debug/net9.0/ManagedCode.Communication.Tests.dll" adapterTypeName="executor://xunit/VsTestRunner3/netcore/" className="ManagedCode.Communication.Tests.AspNetCore.Extensions.CommunicationServiceCollectionExtensionsTests" name="CommunicationLoggerConfigurationService_StopsWithoutError" />
    </UnitTest>
    <UnitTest name="ManagedCode.Communication.Tests.Orleans.Serialization.ResultSerializationTests.Result_WithValidationProblem_ShouldSerializeCorrectly" storage="/users/ksemenenko/developer/communication/managedcode.communication.tests/bin/debug/net9.0/managedcode.communication.tests.dll" id="9d26e53f-b338-80dd-562a-e1e68c02f67a">
      <Execution id="8cd691a4-8222-42e4-ba0a-ed4382ee06a6" />
      <TestMethod codeBase="/Users/ksemenenko/Developer/Communication/ManagedCode.Communication.Tests/bin/Debug/net9.0/ManagedCode.Communication.Tests.dll" adapterTypeName="executor://xunit/VsTestRunner3/netcore/" className="ManagedCode.Communication.Tests.Orleans.Serialization.ResultSerializationTests" name="Result_WithValidationProblem_ShouldSerializeCorrectly" />
    </UnitTest>
    <UnitTest name="ManagedCode.Communication.Tests.Serialization.SerializationTests.ComplexNestedStructure_ShouldSerializeAndDeserialize" storage="/users/ksemenenko/developer/communication/managedcode.communication.tests/bin/debug/net9.0/managedcode.communication.tests.dll" id="af0b0176-41dc-ac96-c773-4c806eea0dff">
      <Execution id="4ae961c8-5e7a-4588-a6cf-973702fb7c4e" />
      <TestMethod codeBase="/Users/ksemenenko/Developer/Communication/ManagedCode.Communication.Tests/bin/Debug/net9.0/ManagedCode.Communication.Tests.dll" adapterTypeName="executor://xunit/VsTestRunner3/netcore/" className="ManagedCode.Communication.Tests.Serialization.SerializationTests" name="ComplexNestedStructure_ShouldSerializeAndDeserialize" />
    </UnitTest>
    <UnitTest name="ManagedCode.Communication.Tests.ProblemTests.ProblemCreateMethodsTests.Problem_AddValidationError_MultipleFields_ShouldCreateSeparateLists" storage="/users/ksemenenko/developer/communication/managedcode.communication.tests/bin/debug/net9.0/managedcode.communication.tests.dll" id="4d4fb53f-3023-b9b5-ddae-ca5ff94e1e21">
      <Execution id="552e2d91-e25b-482d-afe6-37e8e351a0bc" />
      <TestMethod codeBase="/Users/ksemenenko/Developer/Communication/ManagedCode.Communication.Tests/bin/Debug/net9.0/ManagedCode.Communication.Tests.dll" adapterTypeName="executor://xunit/VsTestRunner3/netcore/" className="ManagedCode.Communication.Tests.ProblemTests.ProblemCreateMethodsTests" name="Problem_AddValidationError_MultipleFields_ShouldCreateSeparateLists" />
    </UnitTest>
    <UnitTest name="ManagedCode.Communication.Tests.Results.ResultTFailMethodsTests.ResultT_Fail_WithVariousStatusCodes_ShouldSetCorrectStatusCode(statusCode: Unauthorized, expectedCode: 401)" storage="/users/ksemenenko/developer/communication/managedcode.communication.tests/bin/debug/net9.0/managedcode.communication.tests.dll" id="f8b2f5ca-2f69-2d8d-4212-5d32e0a23134">
      <Execution id="18639caf-7c84-40d3-968f-14483d5766e3" />
      <TestMethod codeBase="/Users/ksemenenko/Developer/Communication/ManagedCode.Communication.Tests/bin/Debug/net9.0/ManagedCode.Communication.Tests.dll" adapterTypeName="executor://xunit/VsTestRunner3/netcore/" className="ManagedCode.Communication.Tests.Results.ResultTFailMethodsTests" name="ResultT_Fail_WithVariousStatusCodes_ShouldSetCorrectStatusCode" />
    </UnitTest>
    <UnitTest name="ManagedCode.Communication.Tests.ProblemTests.ProblemCreateMethodsTests.Problem_GetValidationErrors_WithInvalidType_ShouldReturnNull" storage="/users/ksemenenko/developer/communication/managedcode.communication.tests/bin/debug/net9.0/managedcode.communication.tests.dll" id="10cd1f41-76ea-32a5-7fd7-44bf58e85a64">
      <Execution id="3eeef81f-b9cc-4f6e-857a-a57ade96f841" />
      <TestMethod codeBase="/Users/ksemenenko/Developer/Communication/ManagedCode.Communication.Tests/bin/Debug/net9.0/ManagedCode.Communication.Tests.dll" adapterTypeName="executor://xunit/VsTestRunner3/netcore/" className="ManagedCode.Communication.Tests.ProblemTests.ProblemCreateMethodsTests" name="Problem_GetValidationErrors_WithInvalidType_ShouldReturnNull" />
    </UnitTest>
    <UnitTest name="ManagedCode.Communication.Tests.AspNetCore.Helpers.HttpStatusCodeHelperTests.GetStatusCodeForException_AspNetSpecificExceptions_ReturnsCorrectStatusCode(exceptionType: typeof(Microsoft.AspNetCore.Http.BadHttpRequestException), expectedStatusCode: BadRequest)" storage="/users/ksemenenko/developer/communication/managedcode.communication.tests/bin/debug/net9.0/managedcode.communication.tests.dll" id="188e8d5a-d1ed-780a-65de-b236c8d92ecc">
      <Execution id="cbc71a7a-30b7-44e5-84f6-88ba0815cb79" />
      <TestMethod codeBase="/Users/ksemenenko/Developer/Communication/ManagedCode.Communication.Tests/bin/Debug/net9.0/ManagedCode.Communication.Tests.dll" adapterTypeName="executor://xunit/VsTestRunner3/netcore/" className="ManagedCode.Communication.Tests.AspNetCore.Helpers.HttpStatusCodeHelperTests" name="GetStatusCodeForException_AspNetSpecificExceptions_ReturnsCorrectStatusCode" />
    </UnitTest>
    <UnitTest name="ManagedCode.Communication.Tests.Results.ResultStaticHelperMethodsTests.Result_FailT_WithProblem_ShouldCreateFailedResultTWithProblem" storage="/users/ksemenenko/developer/communication/managedcode.communication.tests/bin/debug/net9.0/managedcode.communication.tests.dll" id="6873ac76-f3ab-c022-d36a-a314064542de">
      <Execution id="f52941ed-60ec-4e64-b44b-1d3cb293f41a" />
      <TestMethod codeBase="/Users/ksemenenko/Developer/Communication/ManagedCode.Communication.Tests/bin/Debug/net9.0/ManagedCode.Communication.Tests.dll" adapterTypeName="executor://xunit/VsTestRunner3/netcore/" className="ManagedCode.Communication.Tests.Results.ResultStaticHelperMethodsTests" name="Result_FailT_WithProblem_ShouldCreateFailedResultTWithProblem" />
    </UnitTest>
    <UnitTest name="ManagedCode.Communication.Tests.Serialization.ProblemJsonConverterTests.SerializeDeserialize_RoundTrip_PreservesBasicProperties" storage="/users/ksemenenko/developer/communication/managedcode.communication.tests/bin/debug/net9.0/managedcode.communication.tests.dll" id="4a081906-f0c0-7f45-b4ec-9402f752201c">
      <Execution id="da472d00-f1a3-4a99-b51d-86fdceb7067b" />
      <TestMethod codeBase="/Users/ksemenenko/Developer/Communication/ManagedCode.Communication.Tests/bin/Debug/net9.0/ManagedCode.Communication.Tests.dll" adapterTypeName="executor://xunit/VsTestRunner3/netcore/" className="ManagedCode.Communication.Tests.Serialization.ProblemJsonConverterTests" name="SerializeDeserialize_RoundTrip_PreservesBasicProperties" />
    </UnitTest>
    <UnitTest name="ManagedCode.Communication.Tests.Extensions.ProblemExtensionsTests.ToFailedResultT_FromProblem_ShouldCreateFailedResultT" storage="/users/ksemenenko/developer/communication/managedcode.communication.tests/bin/debug/net9.0/managedcode.communication.tests.dll" id="14204546-6fef-c7d5-1d02-bd489a823e27">
      <Execution id="9640cd48-5659-4373-bd5e-11d0d33cdbf1" />
      <TestMethod codeBase="/Users/ksemenenko/Developer/Communication/ManagedCode.Communication.Tests/bin/Debug/net9.0/ManagedCode.Communication.Tests.dll" adapterTypeName="executor://xunit/VsTestRunner3/netcore/" className="ManagedCode.Communication.Tests.Extensions.ProblemExtensionsTests" name="ToFailedResultT_FromProblem_ShouldCreateFailedResultT" />
    </UnitTest>
    <UnitTest name="ManagedCode.Communication.Tests.Extensions.ProblemExtensionsTests.RoundTrip_ProblemDetailsWithNullValues_ShouldHandleGracefully" storage="/users/ksemenenko/developer/communication/managedcode.communication.tests/bin/debug/net9.0/managedcode.communication.tests.dll" id="6f9b44ef-a4fb-2ef9-5064-11b31eaf6d4b">
      <Execution id="9ce9892c-e47f-4519-b0a3-79d97c16eeca" />
      <TestMethod codeBase="/Users/ksemenenko/Developer/Communication/ManagedCode.Communication.Tests/bin/Debug/net9.0/ManagedCode.Communication.Tests.dll" adapterTypeName="executor://xunit/VsTestRunner3/netcore/" className="ManagedCode.Communication.Tests.Extensions.ProblemExtensionsTests" name="RoundTrip_ProblemDetailsWithNullValues_ShouldHandleGracefully" />
    </UnitTest>
    <UnitTest name="ManagedCode.Communication.Tests.Results.ResultFailMethodsTests.Result_FailUnauthorized_NoParameters_ShouldCreateUnauthorizedResult" storage="/users/ksemenenko/developer/communication/managedcode.communication.tests/bin/debug/net9.0/managedcode.communication.tests.dll" id="532832f5-cae8-48c6-fe23-9e1a56903292">
      <Execution id="01fda865-b314-49f0-8f80-620481fd1e52" />
      <TestMethod codeBase="/Users/ksemenenko/Developer/Communication/ManagedCode.Communication.Tests/bin/Debug/net9.0/ManagedCode.Communication.Tests.dll" adapterTypeName="executor://xunit/VsTestRunner3/netcore/" className="ManagedCode.Communication.Tests.Results.ResultFailMethodsTests" name="Result_FailUnauthorized_NoParameters_ShouldCreateUnauthorizedResult" />
    </UnitTest>
    <UnitTest name="ManagedCode.Communication.Tests.Results.CollectionResultInvalidMethodsTests.CollectionResult_Invalid_WithKeyValue_ShouldCreateValidationResultWithKeyValue" storage="/users/ksemenenko/developer/communication/managedcode.communication.tests/bin/debug/net9.0/managedcode.communication.tests.dll" id="18ed10e3-b3b1-05cb-0a5f-0cc844931b21">
      <Execution id="e3676d2e-b598-490b-a93b-f1080257b91a" />
      <TestMethod codeBase="/Users/ksemenenko/Developer/Communication/ManagedCode.Communication.Tests/bin/Debug/net9.0/ManagedCode.Communication.Tests.dll" adapterTypeName="executor://xunit/VsTestRunner3/netcore/" className="ManagedCode.Communication.Tests.Results.CollectionResultInvalidMethodsTests" name="CollectionResult_Invalid_WithKeyValue_ShouldCreateValidationResultWithKeyValue" />
    </UnitTest>
    <UnitTest name="ManagedCode.Communication.Tests.Results.ResultTTests.Map_WithFailedResult_ShouldReturnFailedResult" storage="/users/ksemenenko/developer/communication/managedcode.communication.tests/bin/debug/net9.0/managedcode.communication.tests.dll" id="b857bdd6-a10b-15bd-502f-d3e99d2d9689">
      <Execution id="61429fe3-3307-45fd-9747-e4b6c344c35f" />
      <TestMethod codeBase="/Users/ksemenenko/Developer/Communication/ManagedCode.Communication.Tests/bin/Debug/net9.0/ManagedCode.Communication.Tests.dll" adapterTypeName="executor://xunit/VsTestRunner3/netcore/" className="ManagedCode.Communication.Tests.Results.ResultTTests" name="Map_WithFailedResult_ShouldReturnFailedResult" />
    </UnitTest>
    <UnitTest name="ManagedCode.Communication.Tests.Results.ResultHelperMethodsTests.Result_Match_WithFailure_ShouldCallOnFailure" storage="/users/ksemenenko/developer/communication/managedcode.communication.tests/bin/debug/net9.0/managedcode.communication.tests.dll" id="b0c0975d-c610-a767-c328-0155d7e3729c">
      <Execution id="85609ad7-a0a9-4da7-a670-f313bb7037d7" />
      <TestMethod codeBase="/Users/ksemenenko/Developer/Communication/ManagedCode.Communication.Tests/bin/Debug/net9.0/ManagedCode.Communication.Tests.dll" adapterTypeName="executor://xunit/VsTestRunner3/netcore/" className="ManagedCode.Communication.Tests.Results.ResultHelperMethodsTests" name="Result_Match_WithFailure_ShouldCallOnFailure" />
    </UnitTest>
    <UnitTest name="ManagedCode.Communication.Tests.Extensions.HttpResponseExtensionTests.FromRequestToResult_NullContent_WithErrorStatus_ReturnsFailedResult" storage="/users/ksemenenko/developer/communication/managedcode.communication.tests/bin/debug/net9.0/managedcode.communication.tests.dll" id="9dcecbc0-db91-7dce-29a5-821593a72922">
      <Execution id="f4a2d689-9e98-459e-b1ec-2c8678c048bd" />
      <TestMethod codeBase="/Users/ksemenenko/Developer/Communication/ManagedCode.Communication.Tests/bin/Debug/net9.0/ManagedCode.Communication.Tests.dll" adapterTypeName="executor://xunit/VsTestRunner3/netcore/" className="ManagedCode.Communication.Tests.Extensions.HttpResponseExtensionTests" name="FromRequestToResult_NullContent_WithErrorStatus_ReturnsFailedResult" />
    </UnitTest>
    <UnitTest name="ManagedCode.Communication.Tests.AspNetCore.Extensions.ServiceCollectionExtensionsTests.Communication_Should_Handle_Empty_Collections" storage="/users/ksemenenko/developer/communication/managedcode.communication.tests/bin/debug/net9.0/managedcode.communication.tests.dll" id="ae8bdbb0-e445-3041-c219-15ee192365d2">
      <Execution id="ef2aebb7-77e0-4dd4-a745-4f9c3ca1e968" />
      <TestMethod codeBase="/Users/ksemenenko/Developer/Communication/ManagedCode.Communication.Tests/bin/Debug/net9.0/ManagedCode.Communication.Tests.dll" adapterTypeName="executor://xunit/VsTestRunner3/netcore/" className="ManagedCode.Communication.Tests.AspNetCore.Extensions.ServiceCollectionExtensionsTests" name="Communication_Should_Handle_Empty_Collections" />
    </UnitTest>
    <UnitTest name="ManagedCode.Communication.Tests.Serialization.SerializationTests.RoundTrip_PreservesAllData" storage="/users/ksemenenko/developer/communication/managedcode.communication.tests/bin/debug/net9.0/managedcode.communication.tests.dll" id="a52cb0c6-bb59-1170-7a7a-076e1cd628c6">
      <Execution id="7ed053df-8184-4201-80c0-aee4060401dc" />
      <TestMethod codeBase="/Users/ksemenenko/Developer/Communication/ManagedCode.Communication.Tests/bin/Debug/net9.0/ManagedCode.Communication.Tests.dll" adapterTypeName="executor://xunit/VsTestRunner3/netcore/" className="ManagedCode.Communication.Tests.Serialization.SerializationTests" name="RoundTrip_PreservesAllData" />
    </UnitTest>
    <UnitTest name="ManagedCode.Communication.Tests.Results.ResultTTests.FailNotFound_ShouldCreateNotFoundResult" storage="/users/ksemenenko/developer/communication/managedcode.communication.tests/bin/debug/net9.0/managedcode.communication.tests.dll" id="f8a940f1-8634-0701-daf3-2dcd1e55555d">
      <Execution id="abebd73a-a80c-41a6-aca1-0a981a5b537c" />
      <TestMethod codeBase="/Users/ksemenenko/Developer/Communication/ManagedCode.Communication.Tests/bin/Debug/net9.0/ManagedCode.Communication.Tests.dll" adapterTypeName="executor://xunit/VsTestRunner3/netcore/" className="ManagedCode.Communication.Tests.Results.ResultTTests" name="FailNotFound_ShouldCreateNotFoundResult" />
    </UnitTest>
    <UnitTest name="ManagedCode.Communication.Tests.ControllerTests.MiddlewareTests.SuccessResult" storage="/users/ksemenenko/developer/communication/managedcode.communication.tests/bin/debug/net9.0/managedcode.communication.tests.dll" id="7ec712aa-0f40-61e7-c73d-a19584ac1f5b">
      <Execution id="7077fb8f-24d0-42b0-b729-eef101560874" />
      <TestMethod codeBase="/Users/ksemenenko/Developer/Communication/ManagedCode.Communication.Tests/bin/Debug/net9.0/ManagedCode.Communication.Tests.dll" adapterTypeName="executor://xunit/VsTestRunner3/netcore/" className="ManagedCode.Communication.Tests.ControllerTests.MiddlewareTests" name="SuccessResult" />
    </UnitTest>
    <UnitTest name="ManagedCode.Communication.Tests.Results.ProblemTests.FromException_ShouldCreateProblemFromException" storage="/users/ksemenenko/developer/communication/managedcode.communication.tests/bin/debug/net9.0/managedcode.communication.tests.dll" id="bfa6a2fe-1dd5-18fe-deaf-f94c809d7864">
      <Execution id="b96bbbf4-d96a-4dd0-9952-5f4ea55c8745" />
      <TestMethod codeBase="/Users/ksemenenko/Developer/Communication/ManagedCode.Communication.Tests/bin/Debug/net9.0/ManagedCode.Communication.Tests.dll" adapterTypeName="executor://xunit/VsTestRunner3/netcore/" className="ManagedCode.Communication.Tests.Results.ProblemTests" name="FromException_ShouldCreateProblemFromException" />
    </UnitTest>
    <UnitTest name="ManagedCode.Communication.Tests.Extensions.ProblemExtensionsTests.ToFailedResultT_FromProblemDetails_ShouldCreateFailedResultT" storage="/users/ksemenenko/developer/communication/managedcode.communication.tests/bin/debug/net9.0/managedcode.communication.tests.dll" id="0f8b9216-b299-d332-8e1f-9a8feee5d1e9">
      <Execution id="4ab2f26a-fb19-4b1e-a8bf-70b45e41fdc0" />
      <TestMethod codeBase="/Users/ksemenenko/Developer/Communication/ManagedCode.Communication.Tests/bin/Debug/net9.0/ManagedCode.Communication.Tests.dll" adapterTypeName="executor://xunit/VsTestRunner3/netcore/" className="ManagedCode.Communication.Tests.Extensions.ProblemExtensionsTests" name="ToFailedResultT_FromProblemDetails_ShouldCreateFailedResultT" />
    </UnitTest>
    <UnitTest name="ManagedCode.Communication.Tests.Results.CollectionResultInvalidMethodsTests.CollectionResult_Invalid_WithEnumAndDictionary_ShouldCreateValidationResultWithErrorCodeAndErrors" storage="/users/ksemenenko/developer/communication/managedcode.communication.tests/bin/debug/net9.0/managedcode.communication.tests.dll" id="6ad0df60-41b3-e199-2385-7ce9a635c0e2">
      <Execution id="d84d3121-b563-4c19-a916-a92abb663144" />
      <TestMethod codeBase="/Users/ksemenenko/Developer/Communication/ManagedCode.Communication.Tests/bin/Debug/net9.0/ManagedCode.Communication.Tests.dll" adapterTypeName="executor://xunit/VsTestRunner3/netcore/" className="ManagedCode.Communication.Tests.Results.CollectionResultInvalidMethodsTests" name="CollectionResult_Invalid_WithEnumAndDictionary_ShouldCreateValidationResultWithErrorCodeAndErrors" />
    </UnitTest>
    <UnitTest name="ManagedCode.Communication.Tests.Results.ResultStaticHelperMethodsTests.Result_FailValidationT_WithMultipleErrors_ShouldCreateValidationFailedResultTWithAllErrors" storage="/users/ksemenenko/developer/communication/managedcode.communication.tests/bin/debug/net9.0/managedcode.communication.tests.dll" id="c8d77af0-8084-8474-2ecb-63693a6af3aa">
      <Execution id="3f1a566c-966f-43b7-88f3-2bd06e1155fa" />
      <TestMethod codeBase="/Users/ksemenenko/Developer/Communication/ManagedCode.Communication.Tests/bin/Debug/net9.0/ManagedCode.Communication.Tests.dll" adapterTypeName="executor://xunit/VsTestRunner3/netcore/" className="ManagedCode.Communication.Tests.Results.ResultStaticHelperMethodsTests" name="Result_FailValidationT_WithMultipleErrors_ShouldCreateValidationFailedResultTWithAllErrors" />
    </UnitTest>
    <UnitTest name="ManagedCode.Communication.Tests.CollectionResults.CollectionResultFromMethodsTests.From_TaskReturningArray_ShouldCreateSuccessResult" storage="/users/ksemenenko/developer/communication/managedcode.communication.tests/bin/debug/net9.0/managedcode.communication.tests.dll" id="ba9c39e8-72fd-56e5-9205-e49bf672c8c9">
      <Execution id="2e51ac07-d4be-4a2d-853d-c2c47e6eb604" />
      <TestMethod codeBase="/Users/ksemenenko/Developer/Communication/ManagedCode.Communication.Tests/bin/Debug/net9.0/ManagedCode.Communication.Tests.dll" adapterTypeName="executor://xunit/VsTestRunner3/netcore/" className="ManagedCode.Communication.Tests.CollectionResults.CollectionResultFromMethodsTests" name="From_TaskReturningArray_ShouldCreateSuccessResult" />
    </UnitTest>
    <UnitTest name="ManagedCode.Communication.Tests.Results.ResultHelperMethodsTests.Result_ThrowIfFail_WithFailure_ShouldThrowProblemException" storage="/users/ksemenenko/developer/communication/managedcode.communication.tests/bin/debug/net9.0/managedcode.communication.tests.dll" id="b45faf43-dd79-04c9-5445-23da1be779f9">
      <Execution id="4052d908-d5b5-4fda-80a0-638e645e3e39" />
      <TestMethod codeBase="/Users/ksemenenko/Developer/Communication/ManagedCode.Communication.Tests/bin/Debug/net9.0/ManagedCode.Communication.Tests.dll" adapterTypeName="executor://xunit/VsTestRunner3/netcore/" className="ManagedCode.Communication.Tests.Results.ResultHelperMethodsTests" name="Result_ThrowIfFail_WithFailure_ShouldThrowProblemException" />
    </UnitTest>
    <UnitTest name="ManagedCode.Communication.Tests.CollectionResults.CollectionResultFailMethodsTests.Fail_WithTitleAndDetail_ShouldCreateFailedResultWithDefaultStatus" storage="/users/ksemenenko/developer/communication/managedcode.communication.tests/bin/debug/net9.0/managedcode.communication.tests.dll" id="1a2bce7c-5d7c-740b-8a3b-5357d8d90197">
      <Execution id="4f895104-e048-48ff-90a7-be668b696f92" />
      <TestMethod codeBase="/Users/ksemenenko/Developer/Communication/ManagedCode.Communication.Tests/bin/Debug/net9.0/ManagedCode.Communication.Tests.dll" adapterTypeName="executor://xunit/VsTestRunner3/netcore/" className="ManagedCode.Communication.Tests.CollectionResults.CollectionResultFailMethodsTests" name="Fail_WithTitleAndDetail_ShouldCreateFailedResultWithDefaultStatus" />
    </UnitTest>
    <UnitTest name="ManagedCode.Communication.Tests.Results.ResultStaticHelperMethodsTests.Result_FailT_WithMessage_ShouldCreateFailedResultTWithProblem" storage="/users/ksemenenko/developer/communication/managedcode.communication.tests/bin/debug/net9.0/managedcode.communication.tests.dll" id="bb5bca1a-3a3d-1d7d-5495-30c05c394e48">
      <Execution id="5c168bd8-a591-40ff-a360-9625b7f690db" />
      <TestMethod codeBase="/Users/ksemenenko/Developer/Communication/ManagedCode.Communication.Tests/bin/Debug/net9.0/ManagedCode.Communication.Tests.dll" adapterTypeName="executor://xunit/VsTestRunner3/netcore/" className="ManagedCode.Communication.Tests.Results.ResultStaticHelperMethodsTests" name="Result_FailT_WithMessage_ShouldCreateFailedResultTWithProblem" />
    </UnitTest>
    <UnitTest name="ManagedCode.Communication.Tests.AspNetCore.Extensions.ControllerExtensionsTests.ToActionResult_WithSuccessResultNoValue_ReturnsNoContent" storage="/users/ksemenenko/developer/communication/managedcode.communication.tests/bin/debug/net9.0/managedcode.communication.tests.dll" id="ca91a9e0-6fc0-a317-fd3a-6f5ade651c3e">
      <Execution id="208e73dd-09cc-400f-87ae-075c933fe308" />
      <TestMethod codeBase="/Users/ksemenenko/Developer/Communication/ManagedCode.Communication.Tests/bin/Debug/net9.0/ManagedCode.Communication.Tests.dll" adapterTypeName="executor://xunit/VsTestRunner3/netcore/" className="ManagedCode.Communication.Tests.AspNetCore.Extensions.ControllerExtensionsTests" name="ToActionResult_WithSuccessResultNoValue_ReturnsNoContent" />
    </UnitTest>
    <UnitTest name="ManagedCode.Communication.Tests.AspNetCore.Helpers.HttpStatusCodeHelperTests.GetStatusCodeForException_UnknownException_FallsBackToBaseHelper" storage="/users/ksemenenko/developer/communication/managedcode.communication.tests/bin/debug/net9.0/managedcode.communication.tests.dll" id="0f64322a-6465-7604-d056-7e866a62441d">
      <Execution id="9ae6ca93-54fb-4f9a-bf20-6ca3e78d647e" />
      <TestMethod codeBase="/Users/ksemenenko/Developer/Communication/ManagedCode.Communication.Tests/bin/Debug/net9.0/ManagedCode.Communication.Tests.dll" adapterTypeName="executor://xunit/VsTestRunner3/netcore/" className="ManagedCode.Communication.Tests.AspNetCore.Helpers.HttpStatusCodeHelperTests" name="GetStatusCodeForException_UnknownException_FallsBackToBaseHelper" />
    </UnitTest>
    <UnitTest name="ManagedCode.Communication.Tests.Serialization.ProblemJsonConverterTests.Serialize_DifferentTypeValues_HandlesCorrectly(inputType: null, expectedType: &quot;about:blank&quot;)" storage="/users/ksemenenko/developer/communication/managedcode.communication.tests/bin/debug/net9.0/managedcode.communication.tests.dll" id="bb8d7f1d-0bb4-3dea-c4fc-e0834e054d6f">
      <Execution id="df014eaf-77c1-40ad-8766-0ec4dd63ae04" />
      <TestMethod codeBase="/Users/ksemenenko/Developer/Communication/ManagedCode.Communication.Tests/bin/Debug/net9.0/ManagedCode.Communication.Tests.dll" adapterTypeName="executor://xunit/VsTestRunner3/netcore/" className="ManagedCode.Communication.Tests.Serialization.ProblemJsonConverterTests" name="Serialize_DifferentTypeValues_HandlesCorrectly" />
    </UnitTest>
    <UnitTest name="ManagedCode.Communication.Tests.Orleans.Serialization.ResultSerializationTests.ResultT_WithComplexValue_ShouldSerializeCorrectly" storage="/users/ksemenenko/developer/communication/managedcode.communication.tests/bin/debug/net9.0/managedcode.communication.tests.dll" id="c9c36d3a-0a72-c16b-d9ef-e237a67deccf">
      <Execution id="3885d207-7e3f-4941-85ac-987655f12098" />
      <TestMethod codeBase="/Users/ksemenenko/Developer/Communication/ManagedCode.Communication.Tests/bin/Debug/net9.0/ManagedCode.Communication.Tests.dll" adapterTypeName="executor://xunit/VsTestRunner3/netcore/" className="ManagedCode.Communication.Tests.Orleans.Serialization.ResultSerializationTests" name="ResultT_WithComplexValue_ShouldSerializeCorrectly" />
    </UnitTest>
    <UnitTest name="ManagedCode.Communication.Tests.Results.ProblemExceptionTests.ValidationErrors_WithNonValidationProblem_ShouldReturnNull" storage="/users/ksemenenko/developer/communication/managedcode.communication.tests/bin/debug/net9.0/managedcode.communication.tests.dll" id="912f6c7e-3dd3-46db-c9bf-50f8bac8d60b">
      <Execution id="97225312-b734-4d35-a560-a97c873a4b06" />
      <TestMethod codeBase="/Users/ksemenenko/Developer/Communication/ManagedCode.Communication.Tests/bin/Debug/net9.0/ManagedCode.Communication.Tests.dll" adapterTypeName="executor://xunit/VsTestRunner3/netcore/" className="ManagedCode.Communication.Tests.Results.ProblemExceptionTests" name="ValidationErrors_WithNonValidationProblem_ShouldReturnNull" />
    </UnitTest>
    <UnitTest name="ManagedCode.Communication.Tests.CollectionResults.CollectionResultFromMethodsTests.From_FuncTaskCollectionResult_ShouldReturnResult" storage="/users/ksemenenko/developer/communication/managedcode.communication.tests/bin/debug/net9.0/managedcode.communication.tests.dll" id="d85f5829-9dcd-6a4b-82f8-5c9a70353087">
      <Execution id="e27ae87e-020c-4b7b-8577-624a2714c1a7" />
      <TestMethod codeBase="/Users/ksemenenko/Developer/Communication/ManagedCode.Communication.Tests/bin/Debug/net9.0/ManagedCode.Communication.Tests.dll" adapterTypeName="executor://xunit/VsTestRunner3/netcore/" className="ManagedCode.Communication.Tests.CollectionResults.CollectionResultFromMethodsTests" name="From_FuncTaskCollectionResult_ShouldReturnResult" />
    </UnitTest>
    <UnitTest name="ManagedCode.Communication.Tests.ControllerTests.MiddlewareTests.NotFoundResult" storage="/users/ksemenenko/developer/communication/managedcode.communication.tests/bin/debug/net9.0/managedcode.communication.tests.dll" id="3fbb058d-9598-d297-cfc7-b0e227b60076">
      <Execution id="ff75574f-8e37-4644-a063-6d4fcc8cb4e5" />
      <TestMethod codeBase="/Users/ksemenenko/Developer/Communication/ManagedCode.Communication.Tests/bin/Debug/net9.0/ManagedCode.Communication.Tests.dll" adapterTypeName="executor://xunit/VsTestRunner3/netcore/" className="ManagedCode.Communication.Tests.ControllerTests.MiddlewareTests" name="NotFoundResult" />
    </UnitTest>
    <UnitTest name="ManagedCode.Communication.Tests.AspNetCore.Extensions.ControllerExtensionsTests.ToActionResult_WithSuccessResult_ReturnsOkObjectResult" storage="/users/ksemenenko/developer/communication/managedcode.communication.tests/bin/debug/net9.0/managedcode.communication.tests.dll" id="03803b69-013e-45b2-64bc-f738fc9a09c2">
      <Execution id="1d7bee74-4c42-4e28-87fe-385b7f50a803" />
      <TestMethod codeBase="/Users/ksemenenko/Developer/Communication/ManagedCode.Communication.Tests/bin/Debug/net9.0/ManagedCode.Communication.Tests.dll" adapterTypeName="executor://xunit/VsTestRunner3/netcore/" className="ManagedCode.Communication.Tests.AspNetCore.Extensions.ControllerExtensionsTests" name="ToActionResult_WithSuccessResult_ReturnsOkObjectResult" />
    </UnitTest>
    <UnitTest name="ManagedCode.Communication.Tests.Results.CollectionResultTests.InvalidFieldError_WithValidationProblem_ShouldReturnErrorMessage" storage="/users/ksemenenko/developer/communication/managedcode.communication.tests/bin/debug/net9.0/managedcode.communication.tests.dll" id="7a125942-0a04-b9bf-5e0a-a73b56af923d">
      <Execution id="c6b1665a-bc8c-46e8-8035-6af4ca80464a" />
      <TestMethod codeBase="/Users/ksemenenko/Developer/Communication/ManagedCode.Communication.Tests/bin/Debug/net9.0/ManagedCode.Communication.Tests.dll" adapterTypeName="executor://xunit/VsTestRunner3/netcore/" className="ManagedCode.Communication.Tests.Results.CollectionResultTests" name="InvalidFieldError_WithValidationProblem_ShouldReturnErrorMessage" />
    </UnitTest>
    <UnitTest name="ManagedCode.Communication.Tests.Results.ResultTFailMethodsTests.ResultT_FailValidation_WithDuplicateFields_ShouldCombineErrors" storage="/users/ksemenenko/developer/communication/managedcode.communication.tests/bin/debug/net9.0/managedcode.communication.tests.dll" id="08587cdb-9504-186b-dbc3-8b9a87b10c10">
      <Execution id="b6d9ef17-bfb8-43ae-af41-edd2f2942d04" />
      <TestMethod codeBase="/Users/ksemenenko/Developer/Communication/ManagedCode.Communication.Tests/bin/Debug/net9.0/ManagedCode.Communication.Tests.dll" adapterTypeName="executor://xunit/VsTestRunner3/netcore/" className="ManagedCode.Communication.Tests.Results.ResultTFailMethodsTests" name="ResultT_FailValidation_WithDuplicateFields_ShouldCombineErrors" />
    </UnitTest>
    <UnitTest name="ManagedCode.Communication.Tests.Results.RailwayOrientedProgrammingTests.ComplexChain_WithFailure_ShouldShortCircuit" storage="/users/ksemenenko/developer/communication/managedcode.communication.tests/bin/debug/net9.0/managedcode.communication.tests.dll" id="1f757bc5-86da-e122-1d55-9a03114706b1">
      <Execution id="4e3e1c8a-0f3b-4ef7-acb3-cca17c8e162f" />
      <TestMethod codeBase="/Users/ksemenenko/Developer/Communication/ManagedCode.Communication.Tests/bin/Debug/net9.0/ManagedCode.Communication.Tests.dll" adapterTypeName="executor://xunit/VsTestRunner3/netcore/" className="ManagedCode.Communication.Tests.Results.RailwayOrientedProgrammingTests" name="ComplexChain_WithFailure_ShouldShortCircuit" />
    </UnitTest>
    <UnitTest name="ManagedCode.Communication.Tests.Results.ProblemToExceptionTests.ToException_WithNonExceptionType_ShouldFallbackToProblemException" storage="/users/ksemenenko/developer/communication/managedcode.communication.tests/bin/debug/net9.0/managedcode.communication.tests.dll" id="2367f857-59aa-58a4-330a-cf98fe9cbd82">
      <Execution id="45b94a98-b42d-46ce-8b4c-f6d45cc88cc8" />
      <TestMethod codeBase="/Users/ksemenenko/Developer/Communication/ManagedCode.Communication.Tests/bin/Debug/net9.0/ManagedCode.Communication.Tests.dll" adapterTypeName="executor://xunit/VsTestRunner3/netcore/" className="ManagedCode.Communication.Tests.Results.ProblemToExceptionTests" name="ToException_WithNonExceptionType_ShouldFallbackToProblemException" />
    </UnitTest>
    <UnitTest name="ManagedCode.Communication.Tests.Extensions.HttpResponseExtensionTests.FromRequestToResult_VariousSuccessCodes_ReturnsSuccessResult(statusCode: Created)" storage="/users/ksemenenko/developer/communication/managedcode.communication.tests/bin/debug/net9.0/managedcode.communication.tests.dll" id="fac5a5a6-3df3-1003-499e-8b36ce0df94d">
      <Execution id="3359f509-0eea-4afb-8391-1ff003d332e7" />
      <TestMethod codeBase="/Users/ksemenenko/Developer/Communication/ManagedCode.Communication.Tests/bin/Debug/net9.0/ManagedCode.Communication.Tests.dll" adapterTypeName="executor://xunit/VsTestRunner3/netcore/" className="ManagedCode.Communication.Tests.Extensions.HttpResponseExtensionTests" name="FromRequestToResult_VariousSuccessCodes_ReturnsSuccessResult" />
    </UnitTest>
    <UnitTest name="ManagedCode.Communication.Tests.Commands.CommandTests.FromValue" storage="/users/ksemenenko/developer/communication/managedcode.communication.tests/bin/debug/net9.0/managedcode.communication.tests.dll" id="d1f027cb-91cb-a032-394a-24ef43e517de">
      <Execution id="961ea241-8a3b-49f9-8dcf-025e05580b97" />
      <TestMethod codeBase="/Users/ksemenenko/Developer/Communication/ManagedCode.Communication.Tests/bin/Debug/net9.0/ManagedCode.Communication.Tests.dll" adapterTypeName="executor://xunit/VsTestRunner3/netcore/" className="ManagedCode.Communication.Tests.Commands.CommandTests" name="FromValue" />
    </UnitTest>
    <UnitTest name="ManagedCode.Communication.Tests.Results.CollectionResultTests.TryGetProblem_WithFailedResult_ShouldReturnTrueAndProblem" storage="/users/ksemenenko/developer/communication/managedcode.communication.tests/bin/debug/net9.0/managedcode.communication.tests.dll" id="e6978d63-8432-1fb5-de7e-ad5cae526227">
      <Execution id="c341cae1-0e56-4bd0-ad11-13d0d603687c" />
      <TestMethod codeBase="/Users/ksemenenko/Developer/Communication/ManagedCode.Communication.Tests/bin/Debug/net9.0/ManagedCode.Communication.Tests.dll" adapterTypeName="executor://xunit/VsTestRunner3/netcore/" className="ManagedCode.Communication.Tests.Results.CollectionResultTests" name="TryGetProblem_WithFailedResult_ShouldReturnTrueAndProblem" />
    </UnitTest>
    <UnitTest name="ManagedCode.Communication.Tests.Extensions.ServiceCollectionExtensionsTests.LoggerCenter_SourceGenerators_Work" storage="/users/ksemenenko/developer/communication/managedcode.communication.tests/bin/debug/net9.0/managedcode.communication.tests.dll" id="938eee19-3b95-01e5-4d4c-94246f1dd808">
      <Execution id="1825060e-5fc2-453b-ad70-581c34d3b3c4" />
      <TestMethod codeBase="/Users/ksemenenko/Developer/Communication/ManagedCode.Communication.Tests/bin/Debug/net9.0/ManagedCode.Communication.Tests.dll" adapterTypeName="executor://xunit/VsTestRunner3/netcore/" className="ManagedCode.Communication.Tests.Extensions.ServiceCollectionExtensionsTests" name="LoggerCenter_SourceGenerators_Work" />
    </UnitTest>
    <UnitTest name="ManagedCode.Communication.Tests.CollectionResults.CollectionResultFromMethodsTests.From_FuncThrowingExceptionForCollectionResult_ShouldReturnFailedResult" storage="/users/ksemenenko/developer/communication/managedcode.communication.tests/bin/debug/net9.0/managedcode.communication.tests.dll" id="d102cefa-33e2-3c8d-7bd8-79d740844fb3">
      <Execution id="b781c121-85c8-4612-9306-8e6ea3447532" />
      <TestMethod codeBase="/Users/ksemenenko/Developer/Communication/ManagedCode.Communication.Tests/bin/Debug/net9.0/ManagedCode.Communication.Tests.dll" adapterTypeName="executor://xunit/VsTestRunner3/netcore/" className="ManagedCode.Communication.Tests.CollectionResults.CollectionResultFromMethodsTests" name="From_FuncThrowingExceptionForCollectionResult_ShouldReturnFailedResult" />
    </UnitTest>
    <UnitTest name="ManagedCode.Communication.Tests.Results.ResultInvalidMethodsTests.ResultT_Invalid_WithEnumAndMessage_ShouldCreateValidationResultWithBoth" storage="/users/ksemenenko/developer/communication/managedcode.communication.tests/bin/debug/net9.0/managedcode.communication.tests.dll" id="99276385-6909-321c-1b95-b70e5933d41e">
      <Execution id="f37f266d-0d75-4b51-b5d6-3e048405fb28" />
      <TestMethod codeBase="/Users/ksemenenko/Developer/Communication/ManagedCode.Communication.Tests/bin/Debug/net9.0/ManagedCode.Communication.Tests.dll" adapterTypeName="executor://xunit/VsTestRunner3/netcore/" className="ManagedCode.Communication.Tests.Results.ResultInvalidMethodsTests" name="ResultT_Invalid_WithEnumAndMessage_ShouldCreateValidationResultWithBoth" />
    </UnitTest>
    <UnitTest name="ManagedCode.Communication.Tests.AspNetCore.Extensions.ServiceCollectionExtensionsTests.Communication_Should_Handle_NotFound_Result" storage="/users/ksemenenko/developer/communication/managedcode.communication.tests/bin/debug/net9.0/managedcode.communication.tests.dll" id="148b39b4-9949-c427-e52f-f445008acd77">
      <Execution id="89ed86ae-55bc-409d-a365-7074c678d86a" />
      <TestMethod codeBase="/Users/ksemenenko/Developer/Communication/ManagedCode.Communication.Tests/bin/Debug/net9.0/ManagedCode.Communication.Tests.dll" adapterTypeName="executor://xunit/VsTestRunner3/netcore/" className="ManagedCode.Communication.Tests.AspNetCore.Extensions.ServiceCollectionExtensionsTests" name="Communication_Should_Handle_NotFound_Result" />
    </UnitTest>
    <UnitTest name="ManagedCode.Communication.Tests.OrleansTests.GrainClientTests.ValueTaskResultStringError" storage="/users/ksemenenko/developer/communication/managedcode.communication.tests/bin/debug/net9.0/managedcode.communication.tests.dll" id="c87476d9-d6c4-b192-533c-f3fd92f25649">
      <Execution id="6139babb-e6a3-480d-b8c3-0dddd6fb5e59" />
      <TestMethod codeBase="/Users/ksemenenko/Developer/Communication/ManagedCode.Communication.Tests/bin/Debug/net9.0/ManagedCode.Communication.Tests.dll" adapterTypeName="executor://xunit/VsTestRunner3/netcore/" className="ManagedCode.Communication.Tests.OrleansTests.GrainClientTests" name="ValueTaskResultStringError" />
    </UnitTest>
    <UnitTest name="ManagedCode.Communication.Tests.Extensions.AdvancedRailwayExtensionsTests.CompensateAsync_WithFailure_ExecutesAsyncRecovery" storage="/users/ksemenenko/developer/communication/managedcode.communication.tests/bin/debug/net9.0/managedcode.communication.tests.dll" id="d331ef3f-7107-54ae-0c84-b5478edee8fe">
      <Execution id="529dbd9c-860c-444a-9331-58aed66b75bc" />
      <TestMethod codeBase="/Users/ksemenenko/Developer/Communication/ManagedCode.Communication.Tests/bin/Debug/net9.0/ManagedCode.Communication.Tests.dll" adapterTypeName="executor://xunit/VsTestRunner3/netcore/" className="ManagedCode.Communication.Tests.Extensions.AdvancedRailwayExtensionsTests" name="CompensateAsync_WithFailure_ExecutesAsyncRecovery" />
    </UnitTest>
    <UnitTest name="ManagedCode.Communication.Tests.Extensions.AdvancedRailwayExtensionsTests.Compensate_WithSuccess_DoesNotExecuteRecovery" storage="/users/ksemenenko/developer/communication/managedcode.communication.tests/bin/debug/net9.0/managedcode.communication.tests.dll" id="e201321c-6364-817c-50cc-555021426f7e">
      <Execution id="0058fffc-7be4-49a1-bf52-4670c988969c" />
      <TestMethod codeBase="/Users/ksemenenko/Developer/Communication/ManagedCode.Communication.Tests/bin/Debug/net9.0/ManagedCode.Communication.Tests.dll" adapterTypeName="executor://xunit/VsTestRunner3/netcore/" className="ManagedCode.Communication.Tests.Extensions.AdvancedRailwayExtensionsTests" name="Compensate_WithSuccess_DoesNotExecuteRecovery" />
    </UnitTest>
    <UnitTest name="ManagedCode.Communication.Tests.Results.ResultOperatorsTests.Result_TryAsync_WithSuccessfulAction_ShouldReturnSuccessResult" storage="/users/ksemenenko/developer/communication/managedcode.communication.tests/bin/debug/net9.0/managedcode.communication.tests.dll" id="18415b52-0d3b-632d-e54d-5820f161e676">
      <Execution id="409d01ca-487d-49b5-be2e-ecc5a08d58c9" />
      <TestMethod codeBase="/Users/ksemenenko/Developer/Communication/ManagedCode.Communication.Tests/bin/Debug/net9.0/ManagedCode.Communication.Tests.dll" adapterTypeName="executor://xunit/VsTestRunner3/netcore/" className="ManagedCode.Communication.Tests.Results.ResultOperatorsTests" name="Result_TryAsync_WithSuccessfulAction_ShouldReturnSuccessResult" />
    </UnitTest>
    <UnitTest name="ManagedCode.Communication.Tests.ResultExtensionsTests.BindAsyncGeneric_WithSuccessResult_ShouldChainAsyncOperations" storage="/users/ksemenenko/developer/communication/managedcode.communication.tests/bin/debug/net9.0/managedcode.communication.tests.dll" id="59a8f339-f82c-db3a-3ce5-7a3aa210b60d">
      <Execution id="6bcd0bb8-5864-48ca-95a0-23daffc920de" />
      <TestMethod codeBase="/Users/ksemenenko/Developer/Communication/ManagedCode.Communication.Tests/bin/Debug/net9.0/ManagedCode.Communication.Tests.dll" adapterTypeName="executor://xunit/VsTestRunner3/netcore/" className="ManagedCode.Communication.Tests.ResultExtensionsTests" name="BindAsyncGeneric_WithSuccessResult_ShouldChainAsyncOperations" />
    </UnitTest>
    <UnitTest name="ManagedCode.Communication.Tests.Serialization.ProblemJsonConverterTests.Serialize_ProblemWithErrorCode_IncludesErrorCode" storage="/users/ksemenenko/developer/communication/managedcode.communication.tests/bin/debug/net9.0/managedcode.communication.tests.dll" id="25b0e57c-5ba9-760a-cf42-a84a18ecc62c">
      <Execution id="0db250aa-ecfe-4a4b-94b9-82096f23916e" />
      <TestMethod codeBase="/Users/ksemenenko/Developer/Communication/ManagedCode.Communication.Tests/bin/Debug/net9.0/ManagedCode.Communication.Tests.dll" adapterTypeName="executor://xunit/VsTestRunner3/netcore/" className="ManagedCode.Communication.Tests.Serialization.ProblemJsonConverterTests" name="Serialize_ProblemWithErrorCode_IncludesErrorCode" />
    </UnitTest>
    <UnitTest name="ManagedCode.Communication.Tests.Results.ResultHelperMethodsTests.ResultT_TryAsync_WithSuccessfulTask_ShouldReturnSuccessWithValue" storage="/users/ksemenenko/developer/communication/managedcode.communication.tests/bin/debug/net9.0/managedcode.communication.tests.dll" id="49c46075-0a42-052a-7a74-65c78fd3a54b">
      <Execution id="3fc52e09-2ee6-4459-b96b-b6243a9ad777" />
      <TestMethod codeBase="/Users/ksemenenko/Developer/Communication/ManagedCode.Communication.Tests/bin/Debug/net9.0/ManagedCode.Communication.Tests.dll" adapterTypeName="executor://xunit/VsTestRunner3/netcore/" className="ManagedCode.Communication.Tests.Results.ResultHelperMethodsTests" name="ResultT_TryAsync_WithSuccessfulTask_ShouldReturnSuccessWithValue" />
    </UnitTest>
    <UnitTest name="ManagedCode.Communication.Tests.Results.ResultInvalidMethodsTests.ResultT_Invalid_WithoutParameters_ShouldCreateValidationResult" storage="/users/ksemenenko/developer/communication/managedcode.communication.tests/bin/debug/net9.0/managedcode.communication.tests.dll" id="09e23c6d-513f-3f21-c4c1-44bb3aa0bfe8">
      <Execution id="b69faa07-fc6d-400d-b76b-efdea5ced9b7" />
      <TestMethod codeBase="/Users/ksemenenko/Developer/Communication/ManagedCode.Communication.Tests/bin/Debug/net9.0/ManagedCode.Communication.Tests.dll" adapterTypeName="executor://xunit/VsTestRunner3/netcore/" className="ManagedCode.Communication.Tests.Results.ResultInvalidMethodsTests" name="ResultT_Invalid_WithoutParameters_ShouldCreateValidationResult" />
    </UnitTest>
    <UnitTest name="ManagedCode.Communication.Tests.Commands.MemoryCacheCommandIdempotencyStoreTests.GetCommandStatusAsync_NewCommand_ReturnsNotFound" storage="/users/ksemenenko/developer/communication/managedcode.communication.tests/bin/debug/net9.0/managedcode.communication.tests.dll" id="2c8ccf95-35cf-1a4a-9ea1-4ac6fdceea53">
      <Execution id="82148247-971f-419e-ad16-faefec02346e" />
      <TestMethod codeBase="/Users/ksemenenko/Developer/Communication/ManagedCode.Communication.Tests/bin/Debug/net9.0/ManagedCode.Communication.Tests.dll" adapterTypeName="executor://xunit/VsTestRunner3/netcore/" className="ManagedCode.Communication.Tests.Commands.MemoryCacheCommandIdempotencyStoreTests" name="GetCommandStatusAsync_NewCommand_ReturnsNotFound" />
    </UnitTest>
    <UnitTest name="ManagedCode.Communication.Tests.Extensions.HttpResponseExtensionTests.FromRequestToResult_VariousErrorCodes_ReturnsFailedResult(statusCode: BadGateway)" storage="/users/ksemenenko/developer/communication/managedcode.communication.tests/bin/debug/net9.0/managedcode.communication.tests.dll" id="9f2f9acf-342d-ecbf-b67b-31f17d6aa429">
      <Execution id="b25c9c1e-0cb9-44a6-b636-7dd9afba3bdc" />
      <TestMethod codeBase="/Users/ksemenenko/Developer/Communication/ManagedCode.Communication.Tests/bin/Debug/net9.0/ManagedCode.Communication.Tests.dll" adapterTypeName="executor://xunit/VsTestRunner3/netcore/" className="ManagedCode.Communication.Tests.Extensions.HttpResponseExtensionTests" name="FromRequestToResult_VariousErrorCodes_ReturnsFailedResult" />
    </UnitTest>
    <UnitTest name="ManagedCode.Communication.Tests.CollectionResults.CollectionResultFromMethodsTests.From_ValueTaskWithException_ShouldReturnFailedResult" storage="/users/ksemenenko/developer/communication/managedcode.communication.tests/bin/debug/net9.0/managedcode.communication.tests.dll" id="cba045b0-e2c3-6ee4-807a-f0cc507f11e5">
      <Execution id="398ad36c-f444-48a5-9454-7f53b4c0ea2c" />
      <TestMethod codeBase="/Users/ksemenenko/Developer/Communication/ManagedCode.Communication.Tests/bin/Debug/net9.0/ManagedCode.Communication.Tests.dll" adapterTypeName="executor://xunit/VsTestRunner3/netcore/" className="ManagedCode.Communication.Tests.CollectionResults.CollectionResultFromMethodsTests" name="From_ValueTaskWithException_ShouldReturnFailedResult" />
    </UnitTest>
    <UnitTest name="ManagedCode.Communication.Tests.Results.ResultOperatorsTests.ResultT_From_WithFunc_ShouldExecuteAndWrapResult" storage="/users/ksemenenko/developer/communication/managedcode.communication.tests/bin/debug/net9.0/managedcode.communication.tests.dll" id="c3780753-5660-83a3-d765-176e98177e02">
      <Execution id="23e16b01-4c1e-45a2-a77f-1946767221a2" />
      <TestMethod codeBase="/Users/ksemenenko/Developer/Communication/ManagedCode.Communication.Tests/bin/Debug/net9.0/ManagedCode.Communication.Tests.dll" adapterTypeName="executor://xunit/VsTestRunner3/netcore/" className="ManagedCode.Communication.Tests.Results.ResultOperatorsTests" name="ResultT_From_WithFunc_ShouldExecuteAndWrapResult" />
    </UnitTest>
    <UnitTest name="ManagedCode.Communication.Tests.Results.ResultTests.From_WithException_ShouldCreateFailedResult" storage="/users/ksemenenko/developer/communication/managedcode.communication.tests/bin/debug/net9.0/managedcode.communication.tests.dll" id="aad140b3-4196-9d5b-27c9-77ac877f082f">
      <Execution id="d96e5948-8273-4b0b-bac5-8d929bc5b4e6" />
      <TestMethod codeBase="/Users/ksemenenko/Developer/Communication/ManagedCode.Communication.Tests/bin/Debug/net9.0/ManagedCode.Communication.Tests.dll" adapterTypeName="executor://xunit/VsTestRunner3/netcore/" className="ManagedCode.Communication.Tests.Results.ResultTests" name="From_WithException_ShouldCreateFailedResult" />
    </UnitTest>
    <UnitTest name="ManagedCode.Communication.Tests.Results.ResultTFailMethodsTests.ResultT_Fail_WithExceptionAndStatus_ShouldCreateFailedResultWithSpecifiedStatus" storage="/users/ksemenenko/developer/communication/managedcode.communication.tests/bin/debug/net9.0/managedcode.communication.tests.dll" id="2c4ab2a0-5b84-fdeb-332e-fc8fa28ff2a8">
      <Execution id="84392eb6-9554-4824-8c78-7e641197d322" />
      <TestMethod codeBase="/Users/ksemenenko/Developer/Communication/ManagedCode.Communication.Tests/bin/Debug/net9.0/ManagedCode.Communication.Tests.dll" adapterTypeName="executor://xunit/VsTestRunner3/netcore/" className="ManagedCode.Communication.Tests.Results.ResultTFailMethodsTests" name="ResultT_Fail_WithExceptionAndStatus_ShouldCreateFailedResultWithSpecifiedStatus" />
    </UnitTest>
    <UnitTest name="ManagedCode.Communication.Tests.Extensions.ResultConversionExtensionsTests.AsResult_WithComplexObject_CreatesSuccessfulResult" storage="/users/ksemenenko/developer/communication/managedcode.communication.tests/bin/debug/net9.0/managedcode.communication.tests.dll" id="a97143cb-6e59-8768-a70f-00f80b654e8d">
      <Execution id="ce6051fc-f35d-48b7-bbe3-76cd7bead2a3" />
      <TestMethod codeBase="/Users/ksemenenko/Developer/Communication/ManagedCode.Communication.Tests/bin/Debug/net9.0/ManagedCode.Communication.Tests.dll" adapterTypeName="executor://xunit/VsTestRunner3/netcore/" className="ManagedCode.Communication.Tests.Extensions.ResultConversionExtensionsTests" name="AsResult_WithComplexObject_CreatesSuccessfulResult" />
    </UnitTest>
    <UnitTest name="ManagedCode.Communication.Tests.Results.CollectionResultTests.Succeed_WithArrayOnly_ShouldCalculatePagingInfo" storage="/users/ksemenenko/developer/communication/managedcode.communication.tests/bin/debug/net9.0/managedcode.communication.tests.dll" id="52aa0a27-dd41-6786-2c85-98c2fe5a5a8d">
      <Execution id="20fb6d2a-f0db-44ee-88b2-c372d353f4f0" />
      <TestMethod codeBase="/Users/ksemenenko/Developer/Communication/ManagedCode.Communication.Tests/bin/Debug/net9.0/ManagedCode.Communication.Tests.dll" adapterTypeName="executor://xunit/VsTestRunner3/netcore/" className="ManagedCode.Communication.Tests.Results.CollectionResultTests" name="Succeed_WithArrayOnly_ShouldCalculatePagingInfo" />
    </UnitTest>
    <UnitTest name="ManagedCode.Communication.Tests.OrleansTests.GrainClientTests.ValueTaskResultComplexObject" storage="/users/ksemenenko/developer/communication/managedcode.communication.tests/bin/debug/net9.0/managedcode.communication.tests.dll" id="5ef343f7-cc0d-47aa-b43e-c9be70797afb">
      <Execution id="f991259c-9d48-4fde-8aee-ff698076f221" />
      <TestMethod codeBase="/Users/ksemenenko/Developer/Communication/ManagedCode.Communication.Tests/bin/Debug/net9.0/ManagedCode.Communication.Tests.dll" adapterTypeName="executor://xunit/VsTestRunner3/netcore/" className="ManagedCode.Communication.Tests.OrleansTests.GrainClientTests" name="ValueTaskResultComplexObject" />
    </UnitTest>
    <UnitTest name="ManagedCode.Communication.Tests.ResultExtensionsTests.Ensure_WithFailingPredicate_ShouldFail" storage="/users/ksemenenko/developer/communication/managedcode.communication.tests/bin/debug/net9.0/managedcode.communication.tests.dll" id="7166e05f-60b9-3728-f3a5-1af83e5aad4c">
      <Execution id="c458ad0a-f5d1-40dd-a9fa-261151b9b88f" />
      <TestMethod codeBase="/Users/ksemenenko/Developer/Communication/ManagedCode.Communication.Tests/bin/Debug/net9.0/ManagedCode.Communication.Tests.dll" adapterTypeName="executor://xunit/VsTestRunner3/netcore/" className="ManagedCode.Communication.Tests.ResultExtensionsTests" name="Ensure_WithFailingPredicate_ShouldFail" />
    </UnitTest>
    <UnitTest name="ManagedCode.Communication.Tests.CollectionResults.CollectionResultFailMethodsTests.Fail_WithInnerException_ShouldPreserveOuterExceptionInfo" storage="/users/ksemenenko/developer/communication/managedcode.communication.tests/bin/debug/net9.0/managedcode.communication.tests.dll" id="5804b4b4-4d14-d511-1065-baeb15ae9d58">
      <Execution id="3e52404e-ae1e-4f94-96ce-4c87b9fbd3a5" />
      <TestMethod codeBase="/Users/ksemenenko/Developer/Communication/ManagedCode.Communication.Tests/bin/Debug/net9.0/ManagedCode.Communication.Tests.dll" adapterTypeName="executor://xunit/VsTestRunner3/netcore/" className="ManagedCode.Communication.Tests.CollectionResults.CollectionResultFailMethodsTests" name="Fail_WithInnerException_ShouldPreserveOuterExceptionInfo" />
    </UnitTest>
    <UnitTest name="ManagedCode.Communication.Tests.Results.ResultHelperMethodsTests.Result_ThrowIfFail_WithSuccess_ShouldReturnFalse" storage="/users/ksemenenko/developer/communication/managedcode.communication.tests/bin/debug/net9.0/managedcode.communication.tests.dll" id="8fb86198-a650-e4a9-cb59-495dfda2d14f">
      <Execution id="6560cd92-f00f-4574-a9e5-2ff79b612205" />
      <TestMethod codeBase="/Users/ksemenenko/Developer/Communication/ManagedCode.Communication.Tests/bin/Debug/net9.0/ManagedCode.Communication.Tests.dll" adapterTypeName="executor://xunit/VsTestRunner3/netcore/" className="ManagedCode.Communication.Tests.Results.ResultHelperMethodsTests" name="Result_ThrowIfFail_WithSuccess_ShouldReturnFalse" />
    </UnitTest>
    <UnitTest name="ManagedCode.Communication.Tests.OrleansTests.GrainClientTests.IntResultError" storage="/users/ksemenenko/developer/communication/managedcode.communication.tests/bin/debug/net9.0/managedcode.communication.tests.dll" id="aaf3638f-1207-9f2b-6354-805a113323d4">
      <Execution id="c624ef17-3e9e-459d-b403-7368c86278e4" />
      <TestMethod codeBase="/Users/ksemenenko/Developer/Communication/ManagedCode.Communication.Tests/bin/Debug/net9.0/ManagedCode.Communication.Tests.dll" adapterTypeName="executor://xunit/VsTestRunner3/netcore/" className="ManagedCode.Communication.Tests.OrleansTests.GrainClientTests" name="IntResultError" />
    </UnitTest>
    <UnitTest name="ManagedCode.Communication.Tests.Results.ProblemToExceptionErrorTests.ToException_WithMalformedOriginalExceptionType_ShouldFallbackToProblemException" storage="/users/ksemenenko/developer/communication/managedcode.communication.tests/bin/debug/net9.0/managedcode.communication.tests.dll" id="9b27f918-c1f0-a33c-798d-abb63ee48b10">
      <Execution id="47986382-55af-4434-8dcf-86ed99dab02c" />
      <TestMethod codeBase="/Users/ksemenenko/Developer/Communication/ManagedCode.Communication.Tests/bin/Debug/net9.0/ManagedCode.Communication.Tests.dll" adapterTypeName="executor://xunit/VsTestRunner3/netcore/" className="ManagedCode.Communication.Tests.Results.ProblemToExceptionErrorTests" name="ToException_WithMalformedOriginalExceptionType_ShouldFallbackToProblemException" />
    </UnitTest>
    <UnitTest name="ManagedCode.Communication.Tests.ResultExtensionsTests.BindToGeneric_WithSuccessResult_ShouldTransformToResultT" storage="/users/ksemenenko/developer/communication/managedcode.communication.tests/bin/debug/net9.0/managedcode.communication.tests.dll" id="5d1cd7f9-34f0-feb0-45b5-6480e604717e">
      <Execution id="503ef50a-1cad-4bfe-8c69-8a8150ff5eab" />
      <TestMethod codeBase="/Users/ksemenenko/Developer/Communication/ManagedCode.Communication.Tests/bin/Debug/net9.0/ManagedCode.Communication.Tests.dll" adapterTypeName="executor://xunit/VsTestRunner3/netcore/" className="ManagedCode.Communication.Tests.ResultExtensionsTests" name="BindToGeneric_WithSuccessResult_ShouldTransformToResultT" />
    </UnitTest>
    <UnitTest name="ManagedCode.Communication.Tests.Results.ProblemTests.GetValidationErrors_WithValidationProblem_ShouldReturnErrors" storage="/users/ksemenenko/developer/communication/managedcode.communication.tests/bin/debug/net9.0/managedcode.communication.tests.dll" id="d8f98bda-9edd-5f69-b3df-8d5cd152c533">
      <Execution id="1cd6bc44-9710-4e54-9b20-906f7677afe3" />
      <TestMethod codeBase="/Users/ksemenenko/Developer/Communication/ManagedCode.Communication.Tests/bin/Debug/net9.0/ManagedCode.Communication.Tests.dll" adapterTypeName="executor://xunit/VsTestRunner3/netcore/" className="ManagedCode.Communication.Tests.Results.ProblemTests" name="GetValidationErrors_WithValidationProblem_ShouldReturnErrors" />
    </UnitTest>
    <UnitTest name="ManagedCode.Communication.Tests.Results.ResultHelperMethodsTests.ResultT_Match_WithFailure_ShouldCallOnFailure" storage="/users/ksemenenko/developer/communication/managedcode.communication.tests/bin/debug/net9.0/managedcode.communication.tests.dll" id="e3ea7a3f-bc55-5685-d863-350fa30216ea">
      <Execution id="3c71a682-029d-45ae-88d0-82a34bf7dd5e" />
      <TestMethod codeBase="/Users/ksemenenko/Developer/Communication/ManagedCode.Communication.Tests/bin/Debug/net9.0/ManagedCode.Communication.Tests.dll" adapterTypeName="executor://xunit/VsTestRunner3/netcore/" className="ManagedCode.Communication.Tests.Results.ResultHelperMethodsTests" name="ResultT_Match_WithFailure_ShouldCallOnFailure" />
    </UnitTest>
    <UnitTest name="ManagedCode.Communication.Tests.Results.ResultTests.FailNotFound_ShouldCreateNotFoundResult" storage="/users/ksemenenko/developer/communication/managedcode.communication.tests/bin/debug/net9.0/managedcode.communication.tests.dll" id="ae081732-51d9-8f75-bc33-d945304db80b">
      <Execution id="39f82c47-5fed-4038-ba42-5960ce7e5de3" />
      <TestMethod codeBase="/Users/ksemenenko/Developer/Communication/ManagedCode.Communication.Tests/bin/Debug/net9.0/ManagedCode.Communication.Tests.dll" adapterTypeName="executor://xunit/VsTestRunner3/netcore/" className="ManagedCode.Communication.Tests.Results.ResultTests" name="FailNotFound_ShouldCreateNotFoundResult" />
    </UnitTest>
    <UnitTest name="ManagedCode.Communication.Tests.Results.ResultHelperMethodsTests.ResultT_Match_WithSuccess_ShouldCallOnSuccess" storage="/users/ksemenenko/developer/communication/managedcode.communication.tests/bin/debug/net9.0/managedcode.communication.tests.dll" id="c2a0058c-a5cc-3414-d3fc-5639c4dbe702">
      <Execution id="9b8ed6d2-feb3-4f96-b04e-f0a1744503bf" />
      <TestMethod codeBase="/Users/ksemenenko/Developer/Communication/ManagedCode.Communication.Tests/bin/Debug/net9.0/ManagedCode.Communication.Tests.dll" adapterTypeName="executor://xunit/VsTestRunner3/netcore/" className="ManagedCode.Communication.Tests.Results.ResultHelperMethodsTests" name="ResultT_Match_WithSuccess_ShouldCallOnSuccess" />
    </UnitTest>
    <UnitTest name="ManagedCode.Communication.Tests.AspNetCore.Extensions.ControllerExtensionsTests.ToHttpResult_WithComplexFailure_PreservesProblemDetails" storage="/users/ksemenenko/developer/communication/managedcode.communication.tests/bin/debug/net9.0/managedcode.communication.tests.dll" id="7e95e31b-5cbf-f4bc-6b58-5c4878828fa0">
      <Execution id="3c221eba-b78f-4724-9d0f-9e69e6d8913d" />
      <TestMethod codeBase="/Users/ksemenenko/Developer/Communication/ManagedCode.Communication.Tests/bin/Debug/net9.0/ManagedCode.Communication.Tests.dll" adapterTypeName="executor://xunit/VsTestRunner3/netcore/" className="ManagedCode.Communication.Tests.AspNetCore.Extensions.ControllerExtensionsTests" name="ToHttpResult_WithComplexFailure_PreservesProblemDetails" />
    </UnitTest>
    <UnitTest name="ManagedCode.Communication.Tests.Results.ResultTests.TryGetProblem_WithFailedResult_ShouldReturnTrueAndProblem" storage="/users/ksemenenko/developer/communication/managedcode.communication.tests/bin/debug/net9.0/managedcode.communication.tests.dll" id="84cba7e9-16d5-bd29-01c4-6b5bbd25da51">
      <Execution id="45b36fb7-f3dc-4492-928c-1ba77792808f" />
      <TestMethod codeBase="/Users/ksemenenko/Developer/Communication/ManagedCode.Communication.Tests/bin/Debug/net9.0/ManagedCode.Communication.Tests.dll" adapterTypeName="executor://xunit/VsTestRunner3/netcore/" className="ManagedCode.Communication.Tests.Results.ResultTests" name="TryGetProblem_WithFailedResult_ShouldReturnTrueAndProblem" />
    </UnitTest>
    <UnitTest name="ManagedCode.Communication.Tests.Serialization.SerializationTests.CollectionResult_Empty_ShouldSerializeAndDeserialize" storage="/users/ksemenenko/developer/communication/managedcode.communication.tests/bin/debug/net9.0/managedcode.communication.tests.dll" id="a294ddd9-e673-4d43-752c-093ce0b8b705">
      <Execution id="28cc7a89-5ad9-4a16-bf59-9afecbb45c3e" />
      <TestMethod codeBase="/Users/ksemenenko/Developer/Communication/ManagedCode.Communication.Tests/bin/Debug/net9.0/ManagedCode.Communication.Tests.dll" adapterTypeName="executor://xunit/VsTestRunner3/netcore/" className="ManagedCode.Communication.Tests.Serialization.SerializationTests" name="CollectionResult_Empty_ShouldSerializeAndDeserialize" />
    </UnitTest>
    <UnitTest name="ManagedCode.Communication.Tests.Commands.MemoryCacheCommandIdempotencyStoreTests.ExecuteIdempotentAsync_SecondExecution_ReturnsStoredResultWithoutReexecuting" storage="/users/ksemenenko/developer/communication/managedcode.communication.tests/bin/debug/net9.0/managedcode.communication.tests.dll" id="4f2fa6bb-6033-af38-3639-8e35b9d62e03">
      <Execution id="1413c867-6e6a-43fd-bb12-c9e2bcfa2670" />
      <TestMethod codeBase="/Users/ksemenenko/Developer/Communication/ManagedCode.Communication.Tests/bin/Debug/net9.0/ManagedCode.Communication.Tests.dll" adapterTypeName="executor://xunit/VsTestRunner3/netcore/" className="ManagedCode.Communication.Tests.Commands.MemoryCacheCommandIdempotencyStoreTests" name="ExecuteIdempotentAsync_SecondExecution_ReturnsStoredResultWithoutReexecuting" />
    </UnitTest>
    <UnitTest name="ManagedCode.Communication.Tests.Results.ResultInvalidMethodsTests.ResultT_Invalid_WithKeyValue_ShouldCreateValidationResultWithCustomField" storage="/users/ksemenenko/developer/communication/managedcode.communication.tests/bin/debug/net9.0/managedcode.communication.tests.dll" id="551e1906-8fe5-1e21-9db5-c258ea52673e">
      <Execution id="6246902f-70b3-488d-941e-55d7a607c07f" />
      <TestMethod codeBase="/Users/ksemenenko/Developer/Communication/ManagedCode.Communication.Tests/bin/Debug/net9.0/ManagedCode.Communication.Tests.dll" adapterTypeName="executor://xunit/VsTestRunner3/netcore/" className="ManagedCode.Communication.Tests.Results.ResultInvalidMethodsTests" name="ResultT_Invalid_WithKeyValue_ShouldCreateValidationResultWithCustomField" />
    </UnitTest>
    <UnitTest name="ManagedCode.Communication.Tests.Results.ResultTests.Try_WithExceptionThrowingAction_ShouldCreateFailedResult" storage="/users/ksemenenko/developer/communication/managedcode.communication.tests/bin/debug/net9.0/managedcode.communication.tests.dll" id="165652a5-8470-80de-f723-64799828bde9">
      <Execution id="3b2dc584-fbb5-4d0b-bad7-c299999aec52" />
      <TestMethod codeBase="/Users/ksemenenko/Developer/Communication/ManagedCode.Communication.Tests/bin/Debug/net9.0/ManagedCode.Communication.Tests.dll" adapterTypeName="executor://xunit/VsTestRunner3/netcore/" className="ManagedCode.Communication.Tests.Results.ResultTests" name="Try_WithExceptionThrowingAction_ShouldCreateFailedResult" />
    </UnitTest>
    <UnitTest name="ManagedCode.Communication.Tests.Results.ResultFailMethodsTests.Result_Fail_WithVariousStatusCodes_ShouldSetCorrectStatusCode(statusCode: Unauthorized, expectedCode: 401)" storage="/users/ksemenenko/developer/communication/managedcode.communication.tests/bin/debug/net9.0/managedcode.communication.tests.dll" id="794b71ec-85d9-cfea-3ecb-4593b036b3be">
      <Execution id="db37163d-b799-4ff8-a1b1-39e5d11efa6e" />
      <TestMethod codeBase="/Users/ksemenenko/Developer/Communication/ManagedCode.Communication.Tests/bin/Debug/net9.0/ManagedCode.Communication.Tests.dll" adapterTypeName="executor://xunit/VsTestRunner3/netcore/" className="ManagedCode.Communication.Tests.Results.ResultFailMethodsTests" name="Result_Fail_WithVariousStatusCodes_ShouldSetCorrectStatusCode" />
    </UnitTest>
    <UnitTest name="ManagedCode.Communication.Tests.Extensions.RailwayExtensionsTests.BindAsync_SuccessfulResult_ExecutesNext" storage="/users/ksemenenko/developer/communication/managedcode.communication.tests/bin/debug/net9.0/managedcode.communication.tests.dll" id="6e55e433-431e-430f-5946-55a9c6e99a57">
      <Execution id="acf7c801-ff95-4bd1-9ccf-74218c79aad5" />
      <TestMethod codeBase="/Users/ksemenenko/Developer/Communication/ManagedCode.Communication.Tests/bin/Debug/net9.0/ManagedCode.Communication.Tests.dll" adapterTypeName="executor://xunit/VsTestRunner3/netcore/" className="ManagedCode.Communication.Tests.Extensions.RailwayExtensionsTests" name="BindAsync_SuccessfulResult_ExecutesNext" />
    </UnitTest>
    <UnitTest name="ManagedCode.Communication.Tests.AspNetCore.Extensions.ServiceCollectionExtensionsTests.Communication_Should_Handle_Enum_Errors" storage="/users/ksemenenko/developer/communication/managedcode.communication.tests/bin/debug/net9.0/managedcode.communication.tests.dll" id="f1ac5241-744a-004f-7a68-4b73cb2ee500">
      <Execution id="c765f174-6ddb-4a3f-912a-805c84e29825" />
      <TestMethod codeBase="/Users/ksemenenko/Developer/Communication/ManagedCode.Communication.Tests/bin/Debug/net9.0/ManagedCode.Communication.Tests.dll" adapterTypeName="executor://xunit/VsTestRunner3/netcore/" className="ManagedCode.Communication.Tests.AspNetCore.Extensions.ServiceCollectionExtensionsTests" name="Communication_Should_Handle_Enum_Errors" />
    </UnitTest>
    <UnitTest name="ManagedCode.Communication.Tests.ProblemTests.ProblemCreateMethodsTests.Problem_Create_WithEnumAndStatusCode_ShouldCreateProblemWithErrorCode" storage="/users/ksemenenko/developer/communication/managedcode.communication.tests/bin/debug/net9.0/managedcode.communication.tests.dll" id="20911087-6fbe-2539-1eef-878f4fdeff66">
      <Execution id="9bc16472-8a3b-426b-a931-591d782a59d0" />
      <TestMethod codeBase="/Users/ksemenenko/Developer/Communication/ManagedCode.Communication.Tests/bin/Debug/net9.0/ManagedCode.Communication.Tests.dll" adapterTypeName="executor://xunit/VsTestRunner3/netcore/" className="ManagedCode.Communication.Tests.ProblemTests.ProblemCreateMethodsTests" name="Problem_Create_WithEnumAndStatusCode_ShouldCreateProblemWithErrorCode" />
    </UnitTest>
    <UnitTest name="ManagedCode.Communication.Tests.Results.ProblemExceptionTests.Constructor_WithProblemHavingNullProperties_ShouldHandleGracefully" storage="/users/ksemenenko/developer/communication/managedcode.communication.tests/bin/debug/net9.0/managedcode.communication.tests.dll" id="94ac24fa-c865-936b-315d-74d8ca292b0f">
      <Execution id="dbc26be0-8129-439b-b660-4df009ba47cc" />
      <TestMethod codeBase="/Users/ksemenenko/Developer/Communication/ManagedCode.Communication.Tests/bin/Debug/net9.0/ManagedCode.Communication.Tests.dll" adapterTypeName="executor://xunit/VsTestRunner3/netcore/" className="ManagedCode.Communication.Tests.Results.ProblemExceptionTests" name="Constructor_WithProblemHavingNullProperties_ShouldHandleGracefully" />
    </UnitTest>
    <UnitTest name="ManagedCode.Communication.Tests.Results.ResultFailMethodsTests.Result_Fail_WithVariousStatusCodes_ShouldSetCorrectStatusCode(statusCode: Forbidden, expectedCode: 403)" storage="/users/ksemenenko/developer/communication/managedcode.communication.tests/bin/debug/net9.0/managedcode.communication.tests.dll" id="c9e24a1f-1d61-40a9-0dab-cb17f134e032">
      <Execution id="03654788-8e16-498d-a85d-e8eaab86b758" />
      <TestMethod codeBase="/Users/ksemenenko/Developer/Communication/ManagedCode.Communication.Tests/bin/Debug/net9.0/ManagedCode.Communication.Tests.dll" adapterTypeName="executor://xunit/VsTestRunner3/netcore/" className="ManagedCode.Communication.Tests.Results.ResultFailMethodsTests" name="Result_Fail_WithVariousStatusCodes_ShouldSetCorrectStatusCode" />
    </UnitTest>
    <UnitTest name="ManagedCode.Communication.Tests.Results.ResultTTests.TryGetProblem_WithSuccessfulResult_ShouldReturnFalse" storage="/users/ksemenenko/developer/communication/managedcode.communication.tests/bin/debug/net9.0/managedcode.communication.tests.dll" id="613d2d59-716c-8fa1-c98d-0c358ba9cdd1">
      <Execution id="18a3ec77-c3df-4df1-bc49-390ae8ee21e8" />
      <TestMethod codeBase="/Users/ksemenenko/Developer/Communication/ManagedCode.Communication.Tests/bin/Debug/net9.0/ManagedCode.Communication.Tests.dll" adapterTypeName="executor://xunit/VsTestRunner3/netcore/" className="ManagedCode.Communication.Tests.Results.ResultTTests" name="TryGetProblem_WithSuccessfulResult_ShouldReturnFalse" />
    </UnitTest>
    <UnitTest name="ManagedCode.Communication.Tests.Extensions.HttpResponseExtensionTests.FromRequestToResult_VariousErrorCodes_ReturnsFailedResult(statusCode: Forbidden)" storage="/users/ksemenenko/developer/communication/managedcode.communication.tests/bin/debug/net9.0/managedcode.communication.tests.dll" id="3a32c1dc-077f-4321-e968-780050a8a9d7">
      <Execution id="7bee59fc-aa7e-4e44-895f-3cad6a92cae2" />
      <TestMethod codeBase="/Users/ksemenenko/Developer/Communication/ManagedCode.Communication.Tests/bin/Debug/net9.0/ManagedCode.Communication.Tests.dll" adapterTypeName="executor://xunit/VsTestRunner3/netcore/" className="ManagedCode.Communication.Tests.Extensions.HttpResponseExtensionTests" name="FromRequestToResult_VariousErrorCodes_ReturnsFailedResult" />
    </UnitTest>
    <UnitTest name="ManagedCode.Communication.Tests.CollectionResults.CollectionResultFromMethodsTests.From_CanceledTask_ShouldReturnFailedResult" storage="/users/ksemenenko/developer/communication/managedcode.communication.tests/bin/debug/net9.0/managedcode.communication.tests.dll" id="46807053-f966-a388-4d2d-7da9058b5203">
      <Execution id="4ddbe632-b54a-4390-8120-32c13c427640" />
      <TestMethod codeBase="/Users/ksemenenko/Developer/Communication/ManagedCode.Communication.Tests/bin/Debug/net9.0/ManagedCode.Communication.Tests.dll" adapterTypeName="executor://xunit/VsTestRunner3/netcore/" className="ManagedCode.Communication.Tests.CollectionResults.CollectionResultFromMethodsTests" name="From_CanceledTask_ShouldReturnFailedResult" />
    </UnitTest>
    <UnitTest name="ManagedCode.Communication.Tests.Extensions.HttpResponseExtensionTests.FromJsonToResult_SuccessStatusCode_WithValidJson_ReturnsSuccessResult" storage="/users/ksemenenko/developer/communication/managedcode.communication.tests/bin/debug/net9.0/managedcode.communication.tests.dll" id="2965b165-6679-d60b-abea-0abf705caf0c">
      <Execution id="471411f0-cc8f-4705-a57f-c893e510954b" />
      <TestMethod codeBase="/Users/ksemenenko/Developer/Communication/ManagedCode.Communication.Tests/bin/Debug/net9.0/ManagedCode.Communication.Tests.dll" adapterTypeName="executor://xunit/VsTestRunner3/netcore/" className="ManagedCode.Communication.Tests.Extensions.HttpResponseExtensionTests" name="FromJsonToResult_SuccessStatusCode_WithValidJson_ReturnsSuccessResult" />
    </UnitTest>
    <UnitTest name="ManagedCode.Communication.Tests.Results.ResultTFailMethodsTests.ResultT_Fail_WithVariousStatusCodes_ShouldSetCorrectStatusCode(statusCode: NotFound, expectedCode: 404)" storage="/users/ksemenenko/developer/communication/managedcode.communication.tests/bin/debug/net9.0/managedcode.communication.tests.dll" id="705ecbbc-4193-2770-884e-c1965e63c3ae">
      <Execution id="2afdc349-2602-4a2e-96ef-55bc9b932e54" />
      <TestMethod codeBase="/Users/ksemenenko/Developer/Communication/ManagedCode.Communication.Tests/bin/Debug/net9.0/ManagedCode.Communication.Tests.dll" adapterTypeName="executor://xunit/VsTestRunner3/netcore/" className="ManagedCode.Communication.Tests.Results.ResultTFailMethodsTests" name="ResultT_Fail_WithVariousStatusCodes_ShouldSetCorrectStatusCode" />
    </UnitTest>
    <UnitTest name="ManagedCode.Communication.Tests.Results.ResultOperatorsTests.Result_ImplicitOperator_FromProblem_ShouldCreateFailedResult" storage="/users/ksemenenko/developer/communication/managedcode.communication.tests/bin/debug/net9.0/managedcode.communication.tests.dll" id="f078f557-ee0d-8e18-56e1-39597d1f6c31">
      <Execution id="3bb83620-b42a-4857-a5a7-f5a8381eed41" />
      <TestMethod codeBase="/Users/ksemenenko/Developer/Communication/ManagedCode.Communication.Tests/bin/Debug/net9.0/ManagedCode.Communication.Tests.dll" adapterTypeName="executor://xunit/VsTestRunner3/netcore/" className="ManagedCode.Communication.Tests.Results.ResultOperatorsTests" name="Result_ImplicitOperator_FromProblem_ShouldCreateFailedResult" />
    </UnitTest>
    <UnitTest name="ManagedCode.Communication.Tests.CollectionResults.CollectionResultFailMethodsTests.FailForbidden_NoParameters_ShouldCreateForbiddenResult" storage="/users/ksemenenko/developer/communication/managedcode.communication.tests/bin/debug/net9.0/managedcode.communication.tests.dll" id="ac82514e-82f3-4065-a2b1-92de92c3b5d4">
      <Execution id="ca698dde-1af4-4950-aae9-a13e20bcf98b" />
      <TestMethod codeBase="/Users/ksemenenko/Developer/Communication/ManagedCode.Communication.Tests/bin/Debug/net9.0/ManagedCode.Communication.Tests.dll" adapterTypeName="executor://xunit/VsTestRunner3/netcore/" className="ManagedCode.Communication.Tests.CollectionResults.CollectionResultFailMethodsTests" name="FailForbidden_NoParameters_ShouldCreateForbiddenResult" />
    </UnitTest>
    <UnitTest name="ManagedCode.Communication.Tests.Results.ResultHelperMethodsTests.Result_From_WithFailedResult_ShouldReturnFailure" storage="/users/ksemenenko/developer/communication/managedcode.communication.tests/bin/debug/net9.0/managedcode.communication.tests.dll" id="717abb16-22b3-f92b-b19b-53aac21bcea2">
      <Execution id="eae6e87f-d83c-405e-8e7a-4aebc004784f" />
      <TestMethod codeBase="/Users/ksemenenko/Developer/Communication/ManagedCode.Communication.Tests/bin/Debug/net9.0/ManagedCode.Communication.Tests.dll" adapterTypeName="executor://xunit/VsTestRunner3/netcore/" className="ManagedCode.Communication.Tests.Results.ResultHelperMethodsTests" name="Result_From_WithFailedResult_ShouldReturnFailure" />
    </UnitTest>
    <UnitTest name="ManagedCode.Communication.Tests.ResultExtensionsTests.Bind_WithSuccessResult_ShouldExecuteNext" storage="/users/ksemenenko/developer/communication/managedcode.communication.tests/bin/debug/net9.0/managedcode.communication.tests.dll" id="a9d86561-53c8-590d-391e-2656f1b5903c">
      <Execution id="7d2d96d0-124c-4e88-a113-03e1ae1afa0f" />
      <TestMethod codeBase="/Users/ksemenenko/Developer/Communication/ManagedCode.Communication.Tests/bin/Debug/net9.0/ManagedCode.Communication.Tests.dll" adapterTypeName="executor://xunit/VsTestRunner3/netcore/" className="ManagedCode.Communication.Tests.ResultExtensionsTests" name="Bind_WithSuccessResult_ShouldExecuteNext" />
    </UnitTest>
    <UnitTest name="ManagedCode.Communication.Tests.Results.ResultHelperMethodsTests.Result_FailValidation_ShouldCreateValidationResult" storage="/users/ksemenenko/developer/communication/managedcode.communication.tests/bin/debug/net9.0/managedcode.communication.tests.dll" id="acae517f-099e-2cd1-8736-3ed091b5c626">
      <Execution id="ef10b366-a474-49b6-8f44-d82519148a5f" />
      <TestMethod codeBase="/Users/ksemenenko/Developer/Communication/ManagedCode.Communication.Tests/bin/Debug/net9.0/ManagedCode.Communication.Tests.dll" adapterTypeName="executor://xunit/VsTestRunner3/netcore/" className="ManagedCode.Communication.Tests.Results.ResultHelperMethodsTests" name="Result_FailValidation_ShouldCreateValidationResult" />
    </UnitTest>
    <UnitTest name="ManagedCode.Communication.Tests.CollectionResults.CollectionResultFailMethodsTests.FailUnauthorized_NoParameters_ShouldCreateUnauthorizedResult" storage="/users/ksemenenko/developer/communication/managedcode.communication.tests/bin/debug/net9.0/managedcode.communication.tests.dll" id="44068533-73ca-2e9c-89ae-ee196ec1d842">
      <Execution id="baeeea3a-e3dc-41f9-9bb4-383fc09abdf5" />
      <TestMethod codeBase="/Users/ksemenenko/Developer/Communication/ManagedCode.Communication.Tests/bin/Debug/net9.0/ManagedCode.Communication.Tests.dll" adapterTypeName="executor://xunit/VsTestRunner3/netcore/" className="ManagedCode.Communication.Tests.CollectionResults.CollectionResultFailMethodsTests" name="FailUnauthorized_NoParameters_ShouldCreateUnauthorizedResult" />
    </UnitTest>
    <UnitTest name="ManagedCode.Communication.Tests.Results.ResultInvalidMethodsTests.Result_Invalid_WithDictionary_ShouldCreateValidationResultWithMultipleFields" storage="/users/ksemenenko/developer/communication/managedcode.communication.tests/bin/debug/net9.0/managedcode.communication.tests.dll" id="92a7db28-441b-b8fe-c790-8f59b23e56ea">
      <Execution id="63752bcb-00cf-46c2-b9e5-04039ac50da9" />
      <TestMethod codeBase="/Users/ksemenenko/Developer/Communication/ManagedCode.Communication.Tests/bin/Debug/net9.0/ManagedCode.Communication.Tests.dll" adapterTypeName="executor://xunit/VsTestRunner3/netcore/" className="ManagedCode.Communication.Tests.Results.ResultInvalidMethodsTests" name="Result_Invalid_WithDictionary_ShouldCreateValidationResultWithMultipleFields" />
    </UnitTest>
    <UnitTest name="ManagedCode.Communication.Tests.CollectionResults.CollectionResultFromMethodsTests.From_LargeCollection_ShouldHandleEfficiently" storage="/users/ksemenenko/developer/communication/managedcode.communication.tests/bin/debug/net9.0/managedcode.communication.tests.dll" id="9dafdb86-c22a-88fc-6833-af4e374d365d">
      <Execution id="001b5955-d01c-45da-aa5f-522c138eb29e" />
      <TestMethod codeBase="/Users/ksemenenko/Developer/Communication/ManagedCode.Communication.Tests/bin/Debug/net9.0/ManagedCode.Communication.Tests.dll" adapterTypeName="executor://xunit/VsTestRunner3/netcore/" className="ManagedCode.Communication.Tests.CollectionResults.CollectionResultFromMethodsTests" name="From_LargeCollection_ShouldHandleEfficiently" />
    </UnitTest>
    <UnitTest name="ManagedCode.Communication.Tests.ControllerTests.MiddlewareTests.InvalidDataExceptionSignalR" storage="/users/ksemenenko/developer/communication/managedcode.communication.tests/bin/debug/net9.0/managedcode.communication.tests.dll" id="efa28403-4b97-87b5-f2ab-991a214ef2a6">
      <Execution id="938028ae-3a2c-4647-84ed-72fe084edaf5" />
      <TestMethod codeBase="/Users/ksemenenko/Developer/Communication/ManagedCode.Communication.Tests/bin/Debug/net9.0/ManagedCode.Communication.Tests.dll" adapterTypeName="executor://xunit/VsTestRunner3/netcore/" className="ManagedCode.Communication.Tests.ControllerTests.MiddlewareTests" name="InvalidDataExceptionSignalR" />
    </UnitTest>
    <UnitTest name="ManagedCode.Communication.Tests.Results.ProblemCreationExtensionsTests.ToProblem_FromException_WithHttpStatusCode_ShouldUseProvidedStatusCode" storage="/users/ksemenenko/developer/communication/managedcode.communication.tests/bin/debug/net9.0/managedcode.communication.tests.dll" id="3fee61e5-7e3b-84b7-2cfd-6b24b1b5dcda">
      <Execution id="3e742032-4d73-41aa-b36b-916381904623" />
      <TestMethod codeBase="/Users/ksemenenko/Developer/Communication/ManagedCode.Communication.Tests/bin/Debug/net9.0/ManagedCode.Communication.Tests.dll" adapterTypeName="executor://xunit/VsTestRunner3/netcore/" className="ManagedCode.Communication.Tests.Results.ProblemCreationExtensionsTests" name="ToProblem_FromException_WithHttpStatusCode_ShouldUseProvidedStatusCode" />
    </UnitTest>
    <UnitTest name="ManagedCode.Communication.Tests.Results.ResultTests.Fail_WithProblem_ShouldCreateFailedResult" storage="/users/ksemenenko/developer/communication/managedcode.communication.tests/bin/debug/net9.0/managedcode.communication.tests.dll" id="96f1738f-e2d9-406a-9b7b-fefb5ff95362">
      <Execution id="4d9a3d74-a609-43e1-83b0-408ddb549621" />
      <TestMethod codeBase="/Users/ksemenenko/Developer/Communication/ManagedCode.Communication.Tests/bin/Debug/net9.0/ManagedCode.Communication.Tests.dll" adapterTypeName="executor://xunit/VsTestRunner3/netcore/" className="ManagedCode.Communication.Tests.Results.ResultTests" name="Fail_WithProblem_ShouldCreateFailedResult" />
    </UnitTest>
    <UnitTest name="ManagedCode.Communication.Tests.ProblemTests.ProblemCreateMethodsTests.Problem_AddValidationError_WithNonDictionaryExtension_ShouldReplaceWithDictionary" storage="/users/ksemenenko/developer/communication/managedcode.communication.tests/bin/debug/net9.0/managedcode.communication.tests.dll" id="2d819a75-1f3b-8e3f-72c3-7eac56a5cef5">
      <Execution id="de9db455-faad-4d67-b7d0-bfbfc9021f69" />
      <TestMethod codeBase="/Users/ksemenenko/Developer/Communication/ManagedCode.Communication.Tests/bin/Debug/net9.0/ManagedCode.Communication.Tests.dll" adapterTypeName="executor://xunit/VsTestRunner3/netcore/" className="ManagedCode.Communication.Tests.ProblemTests.ProblemCreateMethodsTests" name="Problem_AddValidationError_WithNonDictionaryExtension_ShouldReplaceWithDictionary" />
    </UnitTest>
    <UnitTest name="ManagedCode.Communication.Tests.CollectionResults.CollectionResultFromMethodsTests.From_FaultedTask_ShouldReturnFailedResult" storage="/users/ksemenenko/developer/communication/managedcode.communication.tests/bin/debug/net9.0/managedcode.communication.tests.dll" id="a5ad51b1-d46a-060d-76d3-1a3a6ebb810e">
      <Execution id="492e175e-40a6-4de6-bd66-fd3a7fb39913" />
      <TestMethod codeBase="/Users/ksemenenko/Developer/Communication/ManagedCode.Communication.Tests/bin/Debug/net9.0/ManagedCode.Communication.Tests.dll" adapterTypeName="executor://xunit/VsTestRunner3/netcore/" className="ManagedCode.Communication.Tests.CollectionResults.CollectionResultFromMethodsTests" name="From_FaultedTask_ShouldReturnFailedResult" />
    </UnitTest>
    <UnitTest name="ManagedCode.Communication.Tests.CollectionResults.CollectionResultFromMethodsTests.From_SlowAsyncOperation_ShouldComplete" storage="/users/ksemenenko/developer/communication/managedcode.communication.tests/bin/debug/net9.0/managedcode.communication.tests.dll" id="3ebde54a-5d59-a2ef-9fd5-b8b44c97d1ad">
      <Execution id="529f2eaa-991b-4cb1-a36b-7dcc58d5360f" />
      <TestMethod codeBase="/Users/ksemenenko/Developer/Communication/ManagedCode.Communication.Tests/bin/Debug/net9.0/ManagedCode.Communication.Tests.dll" adapterTypeName="executor://xunit/VsTestRunner3/netcore/" className="ManagedCode.Communication.Tests.CollectionResults.CollectionResultFromMethodsTests" name="From_SlowAsyncOperation_ShouldComplete" />
    </UnitTest>
    <UnitTest name="ManagedCode.Communication.Tests.ProblemTests.ProblemCreateMethodsTests.Problem_Create_FromExceptionWithData_ShouldIncludeExceptionData" storage="/users/ksemenenko/developer/communication/managedcode.communication.tests/bin/debug/net9.0/managedcode.communication.tests.dll" id="39a6af94-85fa-6403-b818-97dddf42687e">
      <Execution id="5c155acf-ae88-423e-a12c-b7ded016ea09" />
      <TestMethod codeBase="/Users/ksemenenko/Developer/Communication/ManagedCode.Communication.Tests/bin/Debug/net9.0/ManagedCode.Communication.Tests.dll" adapterTypeName="executor://xunit/VsTestRunner3/netcore/" className="ManagedCode.Communication.Tests.ProblemTests.ProblemCreateMethodsTests" name="Problem_Create_FromExceptionWithData_ShouldIncludeExceptionData" />
    </UnitTest>
    <UnitTest name="ManagedCode.Communication.Tests.Results.RailwayOrientedProgrammingTests.ResultTry_WithSuccessfulAction_ShouldReturnSuccess" storage="/users/ksemenenko/developer/communication/managedcode.communication.tests/bin/debug/net9.0/managedcode.communication.tests.dll" id="01872485-4d81-c916-8cf1-c5a694b29846">
      <Execution id="06e76ace-0eef-404b-90a2-11640ede5327" />
      <TestMethod codeBase="/Users/ksemenenko/Developer/Communication/ManagedCode.Communication.Tests/bin/Debug/net9.0/ManagedCode.Communication.Tests.dll" adapterTypeName="executor://xunit/VsTestRunner3/netcore/" className="ManagedCode.Communication.Tests.Results.RailwayOrientedProgrammingTests" name="ResultTry_WithSuccessfulAction_ShouldReturnSuccess" />
    </UnitTest>
    <UnitTest name="ManagedCode.Communication.Tests.CollectionResults.CollectionResultFailMethodsTests.Fail_WithProblem_ShouldCreateFailedResultWithProblem" storage="/users/ksemenenko/developer/communication/managedcode.communication.tests/bin/debug/net9.0/managedcode.communication.tests.dll" id="be1da5de-e0fe-47f3-2a89-4f7466ca0a66">
      <Execution id="954a2c02-b735-46c8-ae72-3fc13504e16f" />
      <TestMethod codeBase="/Users/ksemenenko/Developer/Communication/ManagedCode.Communication.Tests/bin/Debug/net9.0/ManagedCode.Communication.Tests.dll" adapterTypeName="executor://xunit/VsTestRunner3/netcore/" className="ManagedCode.Communication.Tests.CollectionResults.CollectionResultFailMethodsTests" name="Fail_WithProblem_ShouldCreateFailedResultWithProblem" />
    </UnitTest>
    <UnitTest name="ManagedCode.Communication.Tests.Results.ResultFailMethodsTests.Result_Fail_WithVariousStatusCodes_ShouldSetCorrectStatusCode(statusCode: BadRequest, expectedCode: 400)" storage="/users/ksemenenko/developer/communication/managedcode.communication.tests/bin/debug/net9.0/managedcode.communication.tests.dll" id="b105cb98-11fd-dbe0-9cb5-6ee18e7fdb31">
      <Execution id="78c038d1-5e90-499c-84b1-91f4148767b6" />
      <TestMethod codeBase="/Users/ksemenenko/Developer/Communication/ManagedCode.Communication.Tests/bin/Debug/net9.0/ManagedCode.Communication.Tests.dll" adapterTypeName="executor://xunit/VsTestRunner3/netcore/" className="ManagedCode.Communication.Tests.Results.ResultFailMethodsTests" name="Result_Fail_WithVariousStatusCodes_ShouldSetCorrectStatusCode" />
    </UnitTest>
    <UnitTest name="ManagedCode.Communication.Tests.CollectionResults.CollectionResultFromMethodsTests.From_TaskReturningCollectionResult_ShouldReturnSameResult" storage="/users/ksemenenko/developer/communication/managedcode.communication.tests/bin/debug/net9.0/managedcode.communication.tests.dll" id="629bd067-7ea5-d193-55b4-3e52534b91b0">
      <Execution id="46740fc1-2cfa-46db-ade6-9eddd2286091" />
      <TestMethod codeBase="/Users/ksemenenko/Developer/Communication/ManagedCode.Communication.Tests/bin/Debug/net9.0/ManagedCode.Communication.Tests.dll" adapterTypeName="executor://xunit/VsTestRunner3/netcore/" className="ManagedCode.Communication.Tests.CollectionResults.CollectionResultFromMethodsTests" name="From_TaskReturningCollectionResult_ShouldReturnSameResult" />
    </UnitTest>
    <UnitTest name="ManagedCode.Communication.Tests.CollectionResults.CollectionResultFromMethodsTests.From_FailedCollectionResultWithProblem_ShouldReturnFailedResult" storage="/users/ksemenenko/developer/communication/managedcode.communication.tests/bin/debug/net9.0/managedcode.communication.tests.dll" id="2e7c745d-8a62-07fa-75a5-000f8e56d414">
      <Execution id="50fc906f-200c-4528-b778-80fdefcc290f" />
      <TestMethod codeBase="/Users/ksemenenko/Developer/Communication/ManagedCode.Communication.Tests/bin/Debug/net9.0/ManagedCode.Communication.Tests.dll" adapterTypeName="executor://xunit/VsTestRunner3/netcore/" className="ManagedCode.Communication.Tests.CollectionResults.CollectionResultFromMethodsTests" name="From_FailedCollectionResultWithProblem_ShouldReturnFailedResult" />
    </UnitTest>
    <UnitTest name="ManagedCode.Communication.Tests.Orleans.Serialization.ResultSerializationTests.ResultT_WithComplexNestedObject_ShouldSerializeCorrectly" storage="/users/ksemenenko/developer/communication/managedcode.communication.tests/bin/debug/net9.0/managedcode.communication.tests.dll" id="7d7a9479-6bf7-df13-feb4-5692776fefbe">
      <Execution id="e6947924-1a47-4112-a30f-6f022e902c23" />
      <TestMethod codeBase="/Users/ksemenenko/Developer/Communication/ManagedCode.Communication.Tests/bin/Debug/net9.0/ManagedCode.Communication.Tests.dll" adapterTypeName="executor://xunit/VsTestRunner3/netcore/" className="ManagedCode.Communication.Tests.Orleans.Serialization.ResultSerializationTests" name="ResultT_WithComplexNestedObject_ShouldSerializeCorrectly" />
    </UnitTest>
    <UnitTest name="ManagedCode.Communication.Tests.Serialization.ProblemJsonConverterTests.SerializeDeserialize_WithExtensions_PreservesData" storage="/users/ksemenenko/developer/communication/managedcode.communication.tests/bin/debug/net9.0/managedcode.communication.tests.dll" id="06774c33-6f96-c2da-2540-1bcc829f9f7d">
      <Execution id="4f3e0100-f14f-441d-98ad-86c5ceca413e" />
      <TestMethod codeBase="/Users/ksemenenko/Developer/Communication/ManagedCode.Communication.Tests/bin/Debug/net9.0/ManagedCode.Communication.Tests.dll" adapterTypeName="executor://xunit/VsTestRunner3/netcore/" className="ManagedCode.Communication.Tests.Serialization.ProblemJsonConverterTests" name="SerializeDeserialize_WithExtensions_PreservesData" />
    </UnitTest>
    <UnitTest name="ManagedCode.Communication.Tests.Results.RailwayOrientedProgrammingTests.ComplexChain_ShouldWorkCorrectly" storage="/users/ksemenenko/developer/communication/managedcode.communication.tests/bin/debug/net9.0/managedcode.communication.tests.dll" id="d360f263-f7ec-aadc-b7b2-c7765fbfba2e">
      <Execution id="bc54b1a5-60b0-49c4-8c84-cfcb7845fc2f" />
      <TestMethod codeBase="/Users/ksemenenko/Developer/Communication/ManagedCode.Communication.Tests/bin/Debug/net9.0/ManagedCode.Communication.Tests.dll" adapterTypeName="executor://xunit/VsTestRunner3/netcore/" className="ManagedCode.Communication.Tests.Results.RailwayOrientedProgrammingTests" name="ComplexChain_ShouldWorkCorrectly" />
    </UnitTest>
    <UnitTest name="ManagedCode.Communication.Tests.Results.ResultTFailMethodsTests.ResultT_Fail_ChainedOperations_ShouldMaintainFailureState" storage="/users/ksemenenko/developer/communication/managedcode.communication.tests/bin/debug/net9.0/managedcode.communication.tests.dll" id="4c5efd82-b666-5ad5-6065-602cf6a7d241">
      <Execution id="0951a488-fcc0-4a19-be5f-fab2f54bad84" />
      <TestMethod codeBase="/Users/ksemenenko/Developer/Communication/ManagedCode.Communication.Tests/bin/Debug/net9.0/ManagedCode.Communication.Tests.dll" adapterTypeName="executor://xunit/VsTestRunner3/netcore/" className="ManagedCode.Communication.Tests.Results.ResultTFailMethodsTests" name="ResultT_Fail_ChainedOperations_ShouldMaintainFailureState" />
    </UnitTest>
    <UnitTest name="ManagedCode.Communication.Tests.Results.ResultOperatorsTests.ResultT_ImplicitOperator_FromValue_ShouldCreateSuccessResult" storage="/users/ksemenenko/developer/communication/managedcode.communication.tests/bin/debug/net9.0/managedcode.communication.tests.dll" id="fa3755de-e4bd-fecd-de44-2cb43605a4a6">
      <Execution id="9d02b7be-937d-4f78-a549-8c68b0b71f0c" />
      <TestMethod codeBase="/Users/ksemenenko/Developer/Communication/ManagedCode.Communication.Tests/bin/Debug/net9.0/ManagedCode.Communication.Tests.dll" adapterTypeName="executor://xunit/VsTestRunner3/netcore/" className="ManagedCode.Communication.Tests.Results.ResultOperatorsTests" name="ResultT_ImplicitOperator_FromValue_ShouldCreateSuccessResult" />
    </UnitTest>
    <UnitTest name="ManagedCode.Communication.Tests.CollectionResults.CollectionResultFailMethodsTests.FailUnauthorized_WithDetail_ShouldCreateUnauthorizedResultWithCustomDetail" storage="/users/ksemenenko/developer/communication/managedcode.communication.tests/bin/debug/net9.0/managedcode.communication.tests.dll" id="cf228890-f5ab-17dc-6ff0-7693334748e8">
      <Execution id="a2c1ab37-935b-4d27-8d4b-4255d50ba980" />
      <TestMethod codeBase="/Users/ksemenenko/Developer/Communication/ManagedCode.Communication.Tests/bin/Debug/net9.0/ManagedCode.Communication.Tests.dll" adapterTypeName="executor://xunit/VsTestRunner3/netcore/" className="ManagedCode.Communication.Tests.CollectionResults.CollectionResultFailMethodsTests" name="FailUnauthorized_WithDetail_ShouldCreateUnauthorizedResultWithCustomDetail" />
    </UnitTest>
    <UnitTest name="ManagedCode.Communication.Tests.Results.ProblemCreationExtensionsTests.ToProblem_FromException_WithCustomStatusCode_ShouldUseProvidedStatusCode" storage="/users/ksemenenko/developer/communication/managedcode.communication.tests/bin/debug/net9.0/managedcode.communication.tests.dll" id="f98516d9-cd8e-bb0e-7f2e-fb9a3743aba5">
      <Execution id="68a26630-e770-4fe8-b8a2-49d85984b2f3" />
      <TestMethod codeBase="/Users/ksemenenko/Developer/Communication/ManagedCode.Communication.Tests/bin/Debug/net9.0/ManagedCode.Communication.Tests.dll" adapterTypeName="executor://xunit/VsTestRunner3/netcore/" className="ManagedCode.Communication.Tests.Results.ProblemCreationExtensionsTests" name="ToProblem_FromException_WithCustomStatusCode_ShouldUseProvidedStatusCode" />
    </UnitTest>
    <UnitTest name="ManagedCode.Communication.Tests.Results.ProblemTests.Constructor_ShouldInitializeExtensions" storage="/users/ksemenenko/developer/communication/managedcode.communication.tests/bin/debug/net9.0/managedcode.communication.tests.dll" id="aa49e18c-4197-b3cc-aa70-ef1af862b8be">
      <Execution id="e00a7d32-1011-4c42-8d71-84777a0fc9e0" />
      <TestMethod codeBase="/Users/ksemenenko/Developer/Communication/ManagedCode.Communication.Tests/bin/Debug/net9.0/ManagedCode.Communication.Tests.dll" adapterTypeName="executor://xunit/VsTestRunner3/netcore/" className="ManagedCode.Communication.Tests.Results.ProblemTests" name="Constructor_ShouldInitializeExtensions" />
    </UnitTest>
    <UnitTest name="ManagedCode.Communication.Tests.Extensions.AdvancedRailwayExtensionsTests.FailIf_WithEnum_FailsWithErrorCode" storage="/users/ksemenenko/developer/communication/managedcode.communication.tests/bin/debug/net9.0/managedcode.communication.tests.dll" id="a396a734-e07f-ae5f-d645-a46a1b70118e">
      <Execution id="e62ed881-04f4-4732-a827-cfeb5859a36e" />
      <TestMethod codeBase="/Users/ksemenenko/Developer/Communication/ManagedCode.Communication.Tests/bin/Debug/net9.0/ManagedCode.Communication.Tests.dll" adapterTypeName="executor://xunit/VsTestRunner3/netcore/" className="ManagedCode.Communication.Tests.Extensions.AdvancedRailwayExtensionsTests" name="FailIf_WithEnum_FailsWithErrorCode" />
    </UnitTest>
    <UnitTest name="ManagedCode.Communication.Tests.Results.ResultTFailMethodsTests.ResultT_FailValidation_WithMultipleErrors_ShouldCreateValidationFailedResultWithAllErrors" storage="/users/ksemenenko/developer/communication/managedcode.communication.tests/bin/debug/net9.0/managedcode.communication.tests.dll" id="a979666d-6188-9f7d-4a5c-a7572f2afca6">
      <Execution id="1e98e48c-31eb-44d3-b03a-29d0a7ff6b13" />
      <TestMethod codeBase="/Users/ksemenenko/Developer/Communication/ManagedCode.Communication.Tests/bin/Debug/net9.0/ManagedCode.Communication.Tests.dll" adapterTypeName="executor://xunit/VsTestRunner3/netcore/" className="ManagedCode.Communication.Tests.Results.ResultTFailMethodsTests" name="ResultT_FailValidation_WithMultipleErrors_ShouldCreateValidationFailedResultWithAllErrors" />
    </UnitTest>
    <UnitTest name="ManagedCode.Communication.Tests.AspNetCore.Extensions.CommunicationServiceCollectionExtensionsTests.CommunicationLoggerConfigurationService_StartsAndConfiguresLogger" storage="/users/ksemenenko/developer/communication/managedcode.communication.tests/bin/debug/net9.0/managedcode.communication.tests.dll" id="efa8afd6-8d8b-b468-7b9e-1cdb0a7712de">
      <Execution id="acd2324a-e7a2-424d-a38d-d7d281d0b62a" />
      <TestMethod codeBase="/Users/ksemenenko/Developer/Communication/ManagedCode.Communication.Tests/bin/Debug/net9.0/ManagedCode.Communication.Tests.dll" adapterTypeName="executor://xunit/VsTestRunner3/netcore/" className="ManagedCode.Communication.Tests.AspNetCore.Extensions.CommunicationServiceCollectionExtensionsTests" name="CommunicationLoggerConfigurationService_StartsAndConfiguresLogger" />
    </UnitTest>
    <UnitTest name="ManagedCode.Communication.Tests.Extensions.RailwayExtensionsTests.Bind_SuccessfulResultT_ExecutesBinder" storage="/users/ksemenenko/developer/communication/managedcode.communication.tests/bin/debug/net9.0/managedcode.communication.tests.dll" id="bd85c34e-1e20-839d-feff-cc7eed9c2e75">
      <Execution id="85ad1ba6-8878-40b4-ae11-f385eb80fe74" />
      <TestMethod codeBase="/Users/ksemenenko/Developer/Communication/ManagedCode.Communication.Tests/bin/Debug/net9.0/ManagedCode.Communication.Tests.dll" adapterTypeName="executor://xunit/VsTestRunner3/netcore/" className="ManagedCode.Communication.Tests.Extensions.RailwayExtensionsTests" name="Bind_SuccessfulResultT_ExecutesBinder" />
    </UnitTest>
    <UnitTest name="ManagedCode.Communication.Tests.Results.CollectionResultTests.ThrowIfFail_WithValidationFailure_ShouldThrowWithValidationDetails" storage="/users/ksemenenko/developer/communication/managedcode.communication.tests/bin/debug/net9.0/managedcode.communication.tests.dll" id="31cc8d58-51d6-fc21-a158-1f4f17545a53">
      <Execution id="de0e7c0e-9857-47a4-839a-6348f91409f5" />
      <TestMethod codeBase="/Users/ksemenenko/Developer/Communication/ManagedCode.Communication.Tests/bin/Debug/net9.0/ManagedCode.Communication.Tests.dll" adapterTypeName="executor://xunit/VsTestRunner3/netcore/" className="ManagedCode.Communication.Tests.Results.CollectionResultTests" name="ThrowIfFail_WithValidationFailure_ShouldThrowWithValidationDetails" />
    </UnitTest>
    <UnitTest name="ManagedCode.Communication.Tests.Orleans.Serialization.ProblemSerializationTests.Problem_MinimalFields_ShouldSerializeCorrectly" storage="/users/ksemenenko/developer/communication/managedcode.communication.tests/bin/debug/net9.0/managedcode.communication.tests.dll" id="c4bb9e96-a082-cea5-07e4-48489c91d51c">
      <Execution id="3b79af0b-1e83-4424-9fc8-14892b595a0e" />
      <TestMethod codeBase="/Users/ksemenenko/Developer/Communication/ManagedCode.Communication.Tests/bin/Debug/net9.0/ManagedCode.Communication.Tests.dll" adapterTypeName="executor://xunit/VsTestRunner3/netcore/" className="ManagedCode.Communication.Tests.Orleans.Serialization.ProblemSerializationTests" name="Problem_MinimalFields_ShouldSerializeCorrectly" />
    </UnitTest>
    <UnitTest name="ManagedCode.Communication.Tests.CollectionResults.CollectionResultFailMethodsTests.Fail_WithEmptyArray_ShouldCreateFailedResultWithEmptyCollection" storage="/users/ksemenenko/developer/communication/managedcode.communication.tests/bin/debug/net9.0/managedcode.communication.tests.dll" id="b705e379-67f8-359d-1a7d-742fcea32d3b">
      <Execution id="162ac861-4352-4243-9a21-4e27b1a492cb" />
      <TestMethod codeBase="/Users/ksemenenko/Developer/Communication/ManagedCode.Communication.Tests/bin/Debug/net9.0/ManagedCode.Communication.Tests.dll" adapterTypeName="executor://xunit/VsTestRunner3/netcore/" className="ManagedCode.Communication.Tests.CollectionResults.CollectionResultFailMethodsTests" name="Fail_WithEmptyArray_ShouldCreateFailedResultWithEmptyCollection" />
    </UnitTest>
    <UnitTest name="ManagedCode.Communication.Tests.Results.ResultTests.FailForbidden_ShouldCreateForbiddenResult" storage="/users/ksemenenko/developer/communication/managedcode.communication.tests/bin/debug/net9.0/managedcode.communication.tests.dll" id="45dd8e8e-d47d-d57f-7363-d2adb3b51e04">
      <Execution id="c23d9203-ded7-4d2d-9203-27c72095ecdc" />
      <TestMethod codeBase="/Users/ksemenenko/Developer/Communication/ManagedCode.Communication.Tests/bin/Debug/net9.0/ManagedCode.Communication.Tests.dll" adapterTypeName="executor://xunit/VsTestRunner3/netcore/" className="ManagedCode.Communication.Tests.Results.ResultTests" name="FailForbidden_ShouldCreateForbiddenResult" />
    </UnitTest>
    <UnitTest name="ManagedCode.Communication.Tests.Orleans.Serialization.CommandSerializationTests.CommandT_WithComplexPayload_ShouldSerializeCorrectly" storage="/users/ksemenenko/developer/communication/managedcode.communication.tests/bin/debug/net9.0/managedcode.communication.tests.dll" id="5c8cc938-335e-a98a-d80a-ce2a4192fa26">
      <Execution id="b7784511-665c-4bb3-97cd-9eed3c03b2b5" />
      <TestMethod codeBase="/Users/ksemenenko/Developer/Communication/ManagedCode.Communication.Tests/bin/Debug/net9.0/ManagedCode.Communication.Tests.dll" adapterTypeName="executor://xunit/VsTestRunner3/netcore/" className="ManagedCode.Communication.Tests.Orleans.Serialization.CommandSerializationTests" name="CommandT_WithComplexPayload_ShouldSerializeCorrectly" />
    </UnitTest>
    <UnitTest name="ManagedCode.Communication.Tests.Results.ResultHelperMethodsTests.Result_TryAsync_WithSuccessfulTask_ShouldReturnSuccess" storage="/users/ksemenenko/developer/communication/managedcode.communication.tests/bin/debug/net9.0/managedcode.communication.tests.dll" id="c13b6588-2a19-2c09-3895-58ee1bfe9fde">
      <Execution id="453cd283-01a6-47dd-92cb-691ce6827a2e" />
      <TestMethod codeBase="/Users/ksemenenko/Developer/Communication/ManagedCode.Communication.Tests/bin/Debug/net9.0/ManagedCode.Communication.Tests.dll" adapterTypeName="executor://xunit/VsTestRunner3/netcore/" className="ManagedCode.Communication.Tests.Results.ResultHelperMethodsTests" name="Result_TryAsync_WithSuccessfulTask_ShouldReturnSuccess" />
    </UnitTest>
    <UnitTest name="ManagedCode.Communication.Tests.AspNetCore.Extensions.ServiceCollectionExtensionsTests.Communication_Should_Handle_Successful_Result" storage="/users/ksemenenko/developer/communication/managedcode.communication.tests/bin/debug/net9.0/managedcode.communication.tests.dll" id="bcb6a2c1-7c43-e2d1-68fb-4752e36bef88">
      <Execution id="bf9c1b52-1d5a-4c2f-aa56-25eee2106956" />
      <TestMethod codeBase="/Users/ksemenenko/Developer/Communication/ManagedCode.Communication.Tests/bin/Debug/net9.0/ManagedCode.Communication.Tests.dll" adapterTypeName="executor://xunit/VsTestRunner3/netcore/" className="ManagedCode.Communication.Tests.AspNetCore.Extensions.ServiceCollectionExtensionsTests" name="Communication_Should_Handle_Successful_Result" />
    </UnitTest>
    <UnitTest name="ManagedCode.Communication.Tests.Results.ResultTests.Try_WithSuccessfulAction_ShouldCreateSuccessfulResult" storage="/users/ksemenenko/developer/communication/managedcode.communication.tests/bin/debug/net9.0/managedcode.communication.tests.dll" id="343ce4f5-70c5-16b3-2ac5-d8d01c366aab">
      <Execution id="37598d75-56d5-4715-8964-394141f62348" />
      <TestMethod codeBase="/Users/ksemenenko/Developer/Communication/ManagedCode.Communication.Tests/bin/Debug/net9.0/ManagedCode.Communication.Tests.dll" adapterTypeName="executor://xunit/VsTestRunner3/netcore/" className="ManagedCode.Communication.Tests.Results.ResultTests" name="Try_WithSuccessfulAction_ShouldCreateSuccessfulResult" />
    </UnitTest>
    <UnitTest name="ManagedCode.Communication.Tests.AspNetCore.Extensions.ServiceCollectionExtensionsTests.Communication_Should_Handle_Failed_Result" storage="/users/ksemenenko/developer/communication/managedcode.communication.tests/bin/debug/net9.0/managedcode.communication.tests.dll" id="c7ef02bf-2396-4de8-1185-78ff54ff8aab">
      <Execution id="4db9a331-fc01-4108-8207-e5c36c1d388b" />
      <TestMethod codeBase="/Users/ksemenenko/Developer/Communication/ManagedCode.Communication.Tests/bin/Debug/net9.0/ManagedCode.Communication.Tests.dll" adapterTypeName="executor://xunit/VsTestRunner3/netcore/" className="ManagedCode.Communication.Tests.AspNetCore.Extensions.ServiceCollectionExtensionsTests" name="Communication_Should_Handle_Failed_Result" />
    </UnitTest>
    <UnitTest name="ManagedCode.Communication.Tests.Results.ProblemTests.ErrorCode_SetToNull_ShouldRemoveFromExtensions" storage="/users/ksemenenko/developer/communication/managedcode.communication.tests/bin/debug/net9.0/managedcode.communication.tests.dll" id="ca801211-e81b-4246-8165-fc89719685cd">
      <Execution id="38f53eb1-3093-460d-b851-eebeba8e4f2d" />
      <TestMethod codeBase="/Users/ksemenenko/Developer/Communication/ManagedCode.Communication.Tests/bin/Debug/net9.0/ManagedCode.Communication.Tests.dll" adapterTypeName="executor://xunit/VsTestRunner3/netcore/" className="ManagedCode.Communication.Tests.Results.ProblemTests" name="ErrorCode_SetToNull_ShouldRemoveFromExtensions" />
    </UnitTest>
    <UnitTest name="ManagedCode.Communication.Tests.Extensions.AdvancedRailwayExtensionsTests.Verify_WithFalseCondition_ReturnsFailureWithContext" storage="/users/ksemenenko/developer/communication/managedcode.communication.tests/bin/debug/net9.0/managedcode.communication.tests.dll" id="c71b36f4-2b0a-4604-4f61-4b54cfbd9335">
      <Execution id="aee19bf1-e641-49cc-bf9e-f9a345715869" />
      <TestMethod codeBase="/Users/ksemenenko/Developer/Communication/ManagedCode.Communication.Tests/bin/Debug/net9.0/ManagedCode.Communication.Tests.dll" adapterTypeName="executor://xunit/VsTestRunner3/netcore/" className="ManagedCode.Communication.Tests.Extensions.AdvancedRailwayExtensionsTests" name="Verify_WithFalseCondition_ReturnsFailureWithContext" />
    </UnitTest>
    <UnitTest name="ManagedCode.Communication.Tests.Results.ResultTTests.ThrowIfFail_WithSuccessfulResult_ShouldNotThrow" storage="/users/ksemenenko/developer/communication/managedcode.communication.tests/bin/debug/net9.0/managedcode.communication.tests.dll" id="6cf80ec4-adaa-7630-8518-7cc2f85912e5">
      <Execution id="9bf8d152-b549-4a93-acf8-63a7a757b67a" />
      <TestMethod codeBase="/Users/ksemenenko/Developer/Communication/ManagedCode.Communication.Tests/bin/Debug/net9.0/ManagedCode.Communication.Tests.dll" adapterTypeName="executor://xunit/VsTestRunner3/netcore/" className="ManagedCode.Communication.Tests.Results.ResultTTests" name="ThrowIfFail_WithSuccessfulResult_ShouldNotThrow" />
    </UnitTest>
    <UnitTest name="ManagedCode.Communication.Tests.Orleans.Serialization.ResultSerializationTests.ResultT_WithNullValue_ShouldSerializeCorrectly" storage="/users/ksemenenko/developer/communication/managedcode.communication.tests/bin/debug/net9.0/managedcode.communication.tests.dll" id="a446a9ac-cd6d-4eef-b2f8-502eddef1fa4">
      <Execution id="57baf940-4ad1-461f-9e24-46140d9cc118" />
      <TestMethod codeBase="/Users/ksemenenko/Developer/Communication/ManagedCode.Communication.Tests/bin/Debug/net9.0/ManagedCode.Communication.Tests.dll" adapterTypeName="executor://xunit/VsTestRunner3/netcore/" className="ManagedCode.Communication.Tests.Orleans.Serialization.ResultSerializationTests" name="ResultT_WithNullValue_ShouldSerializeCorrectly" />
    </UnitTest>
    <UnitTest name="ManagedCode.Communication.Tests.Results.ProblemToExceptionErrorTests.ToException_WithAggregateException_ShouldHandleCorrectly" storage="/users/ksemenenko/developer/communication/managedcode.communication.tests/bin/debug/net9.0/managedcode.communication.tests.dll" id="bed016bd-a122-31d3-dc01-e7d0fe017e6f">
      <Execution id="24da91f8-8916-4458-8cae-ff6e284cc885" />
      <TestMethod codeBase="/Users/ksemenenko/Developer/Communication/ManagedCode.Communication.Tests/bin/Debug/net9.0/ManagedCode.Communication.Tests.dll" adapterTypeName="executor://xunit/VsTestRunner3/netcore/" className="ManagedCode.Communication.Tests.Results.ProblemToExceptionErrorTests" name="ToException_WithAggregateException_ShouldHandleCorrectly" />
    </UnitTest>
    <UnitTest name="ManagedCode.Communication.Tests.Extensions.RailwayExtensionsTests.Match_SuccessfulResult_ExecutesOnSuccess" storage="/users/ksemenenko/developer/communication/managedcode.communication.tests/bin/debug/net9.0/managedcode.communication.tests.dll" id="1d4a9ecb-b166-605d-08b1-b1a2e2f4e86b">
      <Execution id="289b5d44-31e8-4453-baf7-92a2f34eab0d" />
      <TestMethod codeBase="/Users/ksemenenko/Developer/Communication/ManagedCode.Communication.Tests/bin/Debug/net9.0/ManagedCode.Communication.Tests.dll" adapterTypeName="executor://xunit/VsTestRunner3/netcore/" className="ManagedCode.Communication.Tests.Extensions.RailwayExtensionsTests" name="Match_SuccessfulResult_ExecutesOnSuccess" />
    </UnitTest>
    <UnitTest name="ManagedCode.Communication.Tests.Results.RailwayOrientedProgrammingTests.Map_ChainedOperations_ShouldWork" storage="/users/ksemenenko/developer/communication/managedcode.communication.tests/bin/debug/net9.0/managedcode.communication.tests.dll" id="ba73bcf1-6486-473f-ebfb-50eecaf57a0c">
      <Execution id="c843cf00-2b81-4fd6-83f6-49d2a3e6a79e" />
      <TestMethod codeBase="/Users/ksemenenko/Developer/Communication/ManagedCode.Communication.Tests/bin/Debug/net9.0/ManagedCode.Communication.Tests.dll" adapterTypeName="executor://xunit/VsTestRunner3/netcore/" className="ManagedCode.Communication.Tests.Results.RailwayOrientedProgrammingTests" name="Map_ChainedOperations_ShouldWork" />
    </UnitTest>
    <UnitTest name="ManagedCode.Communication.Tests.Results.ResultInvalidMethodsTests.Result_InvalidT_WithoutParameters_ShouldCreateValidationResult" storage="/users/ksemenenko/developer/communication/managedcode.communication.tests/bin/debug/net9.0/managedcode.communication.tests.dll" id="5efec4de-8ef4-157c-0742-6a313929d03a">
      <Execution id="d8865aeb-8083-4cf2-bca4-a33d607bb2ec" />
      <TestMethod codeBase="/Users/ksemenenko/Developer/Communication/ManagedCode.Communication.Tests/bin/Debug/net9.0/ManagedCode.Communication.Tests.dll" adapterTypeName="executor://xunit/VsTestRunner3/netcore/" className="ManagedCode.Communication.Tests.Results.ResultInvalidMethodsTests" name="Result_InvalidT_WithoutParameters_ShouldCreateValidationResult" />
    </UnitTest>
    <UnitTest name="ManagedCode.Communication.Tests.Extensions.RailwayExtensionsTests.Else_FailedResult_ReturnsAlternative" storage="/users/ksemenenko/developer/communication/managedcode.communication.tests/bin/debug/net9.0/managedcode.communication.tests.dll" id="76eed23b-8a55-d326-92d7-3df3c6478d17">
      <Execution id="24587065-01d5-4764-a197-b139ade14101" />
      <TestMethod codeBase="/Users/ksemenenko/Developer/Communication/ManagedCode.Communication.Tests/bin/Debug/net9.0/ManagedCode.Communication.Tests.dll" adapterTypeName="executor://xunit/VsTestRunner3/netcore/" className="ManagedCode.Communication.Tests.Extensions.RailwayExtensionsTests" name="Else_FailedResult_ReturnsAlternative" />
    </UnitTest>
    <UnitTest name="ManagedCode.Communication.Tests.Commands.MemoryCacheCommandIdempotencyStoreTests.TrySetCommandStatusAsync_WhenExpectedMatches_SetsStatusAndReturnsTrue" storage="/users/ksemenenko/developer/communication/managedcode.communication.tests/bin/debug/net9.0/managedcode.communication.tests.dll" id="3dba1090-3d39-a7e5-2887-f4afca57ae4d">
      <Execution id="088e5d00-5d17-4ae0-b5e9-8e3a3f12c47e" />
      <TestMethod codeBase="/Users/ksemenenko/Developer/Communication/ManagedCode.Communication.Tests/bin/Debug/net9.0/ManagedCode.Communication.Tests.dll" adapterTypeName="executor://xunit/VsTestRunner3/netcore/" className="ManagedCode.Communication.Tests.Commands.MemoryCacheCommandIdempotencyStoreTests" name="TrySetCommandStatusAsync_WhenExpectedMatches_SetsStatusAndReturnsTrue" />
    </UnitTest>
    <UnitTest name="ManagedCode.Communication.Tests.Results.CollectionResultTests.TotalPages_ShouldCalculateCorrectly" storage="/users/ksemenenko/developer/communication/managedcode.communication.tests/bin/debug/net9.0/managedcode.communication.tests.dll" id="99f446f3-a7b4-6b9c-7383-6521b7b5724d">
      <Execution id="859c233f-e480-4c69-9140-d199b908994c" />
      <TestMethod codeBase="/Users/ksemenenko/Developer/Communication/ManagedCode.Communication.Tests/bin/Debug/net9.0/ManagedCode.Communication.Tests.dll" adapterTypeName="executor://xunit/VsTestRunner3/netcore/" className="ManagedCode.Communication.Tests.Results.CollectionResultTests" name="TotalPages_ShouldCalculateCorrectly" />
    </UnitTest>
    <UnitTest name="ManagedCode.Communication.Tests.Results.ResultTFailMethodsTests.ResultT_Fail_WithException_ShouldCreateFailedResultWithInternalServerError" storage="/users/ksemenenko/developer/communication/managedcode.communication.tests/bin/debug/net9.0/managedcode.communication.tests.dll" id="ed93864c-524d-6b65-67c9-c210db0904d0">
      <Execution id="7b937d67-3f64-4f44-863a-4c4769fb1b7e" />
      <TestMethod codeBase="/Users/ksemenenko/Developer/Communication/ManagedCode.Communication.Tests/bin/Debug/net9.0/ManagedCode.Communication.Tests.dll" adapterTypeName="executor://xunit/VsTestRunner3/netcore/" className="ManagedCode.Communication.Tests.Results.ResultTFailMethodsTests" name="ResultT_Fail_WithException_ShouldCreateFailedResultWithInternalServerError" />
    </UnitTest>
    <UnitTest name="ManagedCode.Communication.Tests.Results.ProblemToExceptionTests.ToException_FromValidationProblem_ShouldReturnProblemException" storage="/users/ksemenenko/developer/communication/managedcode.communication.tests/bin/debug/net9.0/managedcode.communication.tests.dll" id="05a54838-2f8d-21c6-e86e-0f8ca9d7103d">
      <Execution id="ab22f570-5ae3-40fc-b2e4-f3176056a986" />
      <TestMethod codeBase="/Users/ksemenenko/Developer/Communication/ManagedCode.Communication.Tests/bin/Debug/net9.0/ManagedCode.Communication.Tests.dll" adapterTypeName="executor://xunit/VsTestRunner3/netcore/" className="ManagedCode.Communication.Tests.Results.ProblemToExceptionTests" name="ToException_FromValidationProblem_ShouldReturnProblemException" />
    </UnitTest>
    <UnitTest name="ManagedCode.Communication.Tests.Commands.MemoryCacheCommandIdempotencyStoreTests.RemoveCommandAsync_RemovesCommand" storage="/users/ksemenenko/developer/communication/managedcode.communication.tests/bin/debug/net9.0/managedcode.communication.tests.dll" id="311e3e96-4cb5-66b7-514a-5e93dfad5e16">
      <Execution id="d4f05678-4e82-466a-88d1-cbaa9d26162f" />
      <TestMethod codeBase="/Users/ksemenenko/Developer/Communication/ManagedCode.Communication.Tests/bin/Debug/net9.0/ManagedCode.Communication.Tests.dll" adapterTypeName="executor://xunit/VsTestRunner3/netcore/" className="ManagedCode.Communication.Tests.Commands.MemoryCacheCommandIdempotencyStoreTests" name="RemoveCommandAsync_RemovesCommand" />
    </UnitTest>
    <UnitTest name="ManagedCode.Communication.Tests.Extensions.ProblemExtensionsTests.AsProblem_ShouldConvertProblemDetailsToProblem" storage="/users/ksemenenko/developer/communication/managedcode.communication.tests/bin/debug/net9.0/managedcode.communication.tests.dll" id="f2fedf4e-1784-514f-f108-e8785c00ded4">
      <Execution id="bcc3674f-864b-4010-a4af-5ffb5c3efa52" />
      <TestMethod codeBase="/Users/ksemenenko/Developer/Communication/ManagedCode.Communication.Tests/bin/Debug/net9.0/ManagedCode.Communication.Tests.dll" adapterTypeName="executor://xunit/VsTestRunner3/netcore/" className="ManagedCode.Communication.Tests.Extensions.ProblemExtensionsTests" name="AsProblem_ShouldConvertProblemDetailsToProblem" />
    </UnitTest>
    <UnitTest name="ManagedCode.Communication.Tests.Extensions.ProblemExtensionsTests.ToFailedResult_FromProblemDetails_ShouldCreateFailedResult" storage="/users/ksemenenko/developer/communication/managedcode.communication.tests/bin/debug/net9.0/managedcode.communication.tests.dll" id="97a02c40-1c10-309c-a600-6c8bf81ccdfc">
      <Execution id="03ce38ac-8294-42bb-9edd-b85911a2f4e1" />
      <TestMethod codeBase="/Users/ksemenenko/Developer/Communication/ManagedCode.Communication.Tests/bin/Debug/net9.0/ManagedCode.Communication.Tests.dll" adapterTypeName="executor://xunit/VsTestRunner3/netcore/" className="ManagedCode.Communication.Tests.Extensions.ProblemExtensionsTests" name="ToFailedResult_FromProblemDetails_ShouldCreateFailedResult" />
    </UnitTest>
    <UnitTest name="ManagedCode.Communication.Tests.Results.ResultTTests.TryGetProblem_WithFailedResult_ShouldReturnTrueAndProblem" storage="/users/ksemenenko/developer/communication/managedcode.communication.tests/bin/debug/net9.0/managedcode.communication.tests.dll" id="9e91e282-03c1-0cff-0470-97bfea9c776b">
      <Execution id="64f32b02-13cc-42ee-80a7-76f0366a6e3c" />
      <TestMethod codeBase="/Users/ksemenenko/Developer/Communication/ManagedCode.Communication.Tests/bin/Debug/net9.0/ManagedCode.Communication.Tests.dll" adapterTypeName="executor://xunit/VsTestRunner3/netcore/" className="ManagedCode.Communication.Tests.Results.ResultTTests" name="TryGetProblem_WithFailedResult_ShouldReturnTrueAndProblem" />
    </UnitTest>
    <UnitTest name="ManagedCode.Communication.Tests.CollectionResults.CollectionResultFailMethodsTests.Fail_WithComplexTypes_ShouldHandleCorrectly" storage="/users/ksemenenko/developer/communication/managedcode.communication.tests/bin/debug/net9.0/managedcode.communication.tests.dll" id="0c29c5af-e3cf-7553-8d21-7aa06a61033d">
      <Execution id="e312432c-868c-4d91-82ad-be6903a999da" />
      <TestMethod codeBase="/Users/ksemenenko/Developer/Communication/ManagedCode.Communication.Tests/bin/Debug/net9.0/ManagedCode.Communication.Tests.dll" adapterTypeName="executor://xunit/VsTestRunner3/netcore/" className="ManagedCode.Communication.Tests.CollectionResults.CollectionResultFailMethodsTests" name="Fail_WithComplexTypes_ShouldHandleCorrectly" />
    </UnitTest>
    <UnitTest name="ManagedCode.Communication.Tests.Extensions.HttpResponseExtensionTests.FromRequestToResult_VariousSuccessCodes_ReturnsSuccessResult(statusCode: OK)" storage="/users/ksemenenko/developer/communication/managedcode.communication.tests/bin/debug/net9.0/managedcode.communication.tests.dll" id="0f7e2ea7-7d90-6e7a-188c-ad60a1c650c6">
      <Execution id="f94c4b57-a8f4-4519-aba0-b0b2dafa6ac3" />
      <TestMethod codeBase="/Users/ksemenenko/Developer/Communication/ManagedCode.Communication.Tests/bin/Debug/net9.0/ManagedCode.Communication.Tests.dll" adapterTypeName="executor://xunit/VsTestRunner3/netcore/" className="ManagedCode.Communication.Tests.Extensions.HttpResponseExtensionTests" name="FromRequestToResult_VariousSuccessCodes_ReturnsSuccessResult" />
    </UnitTest>
    <UnitTest name="ManagedCode.Communication.Tests.Results.ResultHelperMethodsTests.ResultT_FailNotFound_ShouldCreateNotFoundResult" storage="/users/ksemenenko/developer/communication/managedcode.communication.tests/bin/debug/net9.0/managedcode.communication.tests.dll" id="a37dbed6-65ed-3366-4c41-404cbdef850a">
      <Execution id="fed58656-dbaf-4ada-a201-1f9a9f7b4088" />
      <TestMethod codeBase="/Users/ksemenenko/Developer/Communication/ManagedCode.Communication.Tests/bin/Debug/net9.0/ManagedCode.Communication.Tests.dll" adapterTypeName="executor://xunit/VsTestRunner3/netcore/" className="ManagedCode.Communication.Tests.Results.ResultHelperMethodsTests" name="ResultT_FailNotFound_ShouldCreateNotFoundResult" />
    </UnitTest>
    <UnitTest name="ManagedCode.Communication.Tests.Extensions.RailwayExtensionsTests.Finally_SuccessfulResult_ExecutesAction" storage="/users/ksemenenko/developer/communication/managedcode.communication.tests/bin/debug/net9.0/managedcode.communication.tests.dll" id="f1930371-f29c-139f-41a8-607d158f22b6">
      <Execution id="3a1a5339-2f68-46cd-9067-0d4aa99775ba" />
      <TestMethod codeBase="/Users/ksemenenko/Developer/Communication/ManagedCode.Communication.Tests/bin/Debug/net9.0/ManagedCode.Communication.Tests.dll" adapterTypeName="executor://xunit/VsTestRunner3/netcore/" className="ManagedCode.Communication.Tests.Extensions.RailwayExtensionsTests" name="Finally_SuccessfulResult_ExecutesAction" />
    </UnitTest>
    <UnitTest name="ManagedCode.Communication.Tests.CollectionResults.CollectionResultFromMethodsTests.From_FuncThrowingException_ShouldCreateFailedResult" storage="/users/ksemenenko/developer/communication/managedcode.communication.tests/bin/debug/net9.0/managedcode.communication.tests.dll" id="014c01cc-82ce-1338-64c6-0f60bdc5f380">
      <Execution id="ef2a7d3b-9457-4038-8f68-d9e28485d96c" />
      <TestMethod codeBase="/Users/ksemenenko/Developer/Communication/ManagedCode.Communication.Tests/bin/Debug/net9.0/ManagedCode.Communication.Tests.dll" adapterTypeName="executor://xunit/VsTestRunner3/netcore/" className="ManagedCode.Communication.Tests.CollectionResults.CollectionResultFromMethodsTests" name="From_FuncThrowingException_ShouldCreateFailedResult" />
    </UnitTest>
    <UnitTest name="ManagedCode.Communication.Tests.Results.ResultTFailMethodsTests.ResultT_Fail_WithEnumDetailAndStatus_ShouldCreateFailedResultWithAllSpecified" storage="/users/ksemenenko/developer/communication/managedcode.communication.tests/bin/debug/net9.0/managedcode.communication.tests.dll" id="b5aba053-73cd-4540-b3bc-87ffee779e82">
      <Execution id="8041793d-372b-4a27-957c-c765126c267f" />
      <TestMethod codeBase="/Users/ksemenenko/Developer/Communication/ManagedCode.Communication.Tests/bin/Debug/net9.0/ManagedCode.Communication.Tests.dll" adapterTypeName="executor://xunit/VsTestRunner3/netcore/" className="ManagedCode.Communication.Tests.Results.ResultTFailMethodsTests" name="ResultT_Fail_WithEnumDetailAndStatus_ShouldCreateFailedResultWithAllSpecified" />
    </UnitTest>
    <UnitTest name="ManagedCode.Communication.Tests.CollectionResults.CollectionResultFromMethodsTests.From_TaskReturningEnumerable_ShouldCreateSuccessResult" storage="/users/ksemenenko/developer/communication/managedcode.communication.tests/bin/debug/net9.0/managedcode.communication.tests.dll" id="5f864fdf-439e-2f82-1d4d-33966957f6d6">
      <Execution id="75df7ee2-c2f5-4fef-a527-1de547f4e507" />
      <TestMethod codeBase="/Users/ksemenenko/Developer/Communication/ManagedCode.Communication.Tests/bin/Debug/net9.0/ManagedCode.Communication.Tests.dll" adapterTypeName="executor://xunit/VsTestRunner3/netcore/" className="ManagedCode.Communication.Tests.CollectionResults.CollectionResultFromMethodsTests" name="From_TaskReturningEnumerable_ShouldCreateSuccessResult" />
    </UnitTest>
    <UnitTest name="ManagedCode.Communication.Tests.ProblemTests.ProblemCreateMethodsTests.Problem_AddValidationError_ToExistingField_ShouldAppendError" storage="/users/ksemenenko/developer/communication/managedcode.communication.tests/bin/debug/net9.0/managedcode.communication.tests.dll" id="d9b0142c-6bc1-6f97-6ab7-2f168104e960">
      <Execution id="c014f5b8-f7a2-4199-8e87-ea6a5366504a" />
      <TestMethod codeBase="/Users/ksemenenko/Developer/Communication/ManagedCode.Communication.Tests/bin/Debug/net9.0/ManagedCode.Communication.Tests.dll" adapterTypeName="executor://xunit/VsTestRunner3/netcore/" className="ManagedCode.Communication.Tests.ProblemTests.ProblemCreateMethodsTests" name="Problem_AddValidationError_ToExistingField_ShouldAppendError" />
    </UnitTest>
    <UnitTest name="ManagedCode.Communication.Tests.Results.ProblemToExceptionErrorTests.ToException_WithCustomExceptionWithoutDefaultConstructor_ShouldFallbackToProblemException" storage="/users/ksemenenko/developer/communication/managedcode.communication.tests/bin/debug/net9.0/managedcode.communication.tests.dll" id="d60e2fbc-d537-5dc4-b314-edebe3b20a8b">
      <Execution id="a1257f2d-e3d9-4ccd-9002-7f7247399d2f" />
      <TestMethod codeBase="/Users/ksemenenko/Developer/Communication/ManagedCode.Communication.Tests/bin/Debug/net9.0/ManagedCode.Communication.Tests.dll" adapterTypeName="executor://xunit/VsTestRunner3/netcore/" className="ManagedCode.Communication.Tests.Results.ProblemToExceptionErrorTests" name="ToException_WithCustomExceptionWithoutDefaultConstructor_ShouldFallbackToProblemException" />
    </UnitTest>
    <UnitTest name="ManagedCode.Communication.Tests.Orleans.Serialization.CollectionResultSerializationTests.CollectionResult_WithPagination_ShouldSerializeCorrectly" storage="/users/ksemenenko/developer/communication/managedcode.communication.tests/bin/debug/net9.0/managedcode.communication.tests.dll" id="8f4f549d-e712-d8ad-23b3-779d33c6660a">
      <Execution id="37903bbf-28e1-42c5-9d76-3b670745b858" />
      <TestMethod codeBase="/Users/ksemenenko/Developer/Communication/ManagedCode.Communication.Tests/bin/Debug/net9.0/ManagedCode.Communication.Tests.dll" adapterTypeName="executor://xunit/VsTestRunner3/netcore/" className="ManagedCode.Communication.Tests.Orleans.Serialization.CollectionResultSerializationTests" name="CollectionResult_WithPagination_ShouldSerializeCorrectly" />
    </UnitTest>
    <UnitTest name="ManagedCode.Communication.Tests.ResultExtensionsTests.Finally_ShouldAlwaysExecute" storage="/users/ksemenenko/developer/communication/managedcode.communication.tests/bin/debug/net9.0/managedcode.communication.tests.dll" id="a93a1323-b9ff-8712-08d2-3c1f4cc58bb3">
      <Execution id="68285493-44fc-4e0d-98ef-7317c43c5738" />
      <TestMethod codeBase="/Users/ksemenenko/Developer/Communication/ManagedCode.Communication.Tests/bin/Debug/net9.0/ManagedCode.Communication.Tests.dll" adapterTypeName="executor://xunit/VsTestRunner3/netcore/" className="ManagedCode.Communication.Tests.ResultExtensionsTests" name="Finally_ShouldAlwaysExecute" />
    </UnitTest>
    <UnitTest name="ManagedCode.Communication.Tests.Results.CollectionResultTests.Fail_WithProblem_ShouldCreateFailedResult" storage="/users/ksemenenko/developer/communication/managedcode.communication.tests/bin/debug/net9.0/managedcode.communication.tests.dll" id="b33a03a8-55ac-77be-ca97-0bc786c289fc">
      <Execution id="c4027fe7-65fd-42dc-bfab-18942d3e8db0" />
      <TestMethod codeBase="/Users/ksemenenko/Developer/Communication/ManagedCode.Communication.Tests/bin/Debug/net9.0/ManagedCode.Communication.Tests.dll" adapterTypeName="executor://xunit/VsTestRunner3/netcore/" className="ManagedCode.Communication.Tests.Results.CollectionResultTests" name="Fail_WithProblem_ShouldCreateFailedResult" />
    </UnitTest>
    <UnitTest name="ManagedCode.Communication.Tests.Results.ResultFailMethodsTests.Result_Fail_WithTitleAndDetail_ShouldCreateFailedResultWithDefaultStatus" storage="/users/ksemenenko/developer/communication/managedcode.communication.tests/bin/debug/net9.0/managedcode.communication.tests.dll" id="bc434b75-bdc7-4498-0cdc-a7a24b7bcef3">
      <Execution id="dc81e947-e122-4d84-9fa3-a71a9ddc5db2" />
      <TestMethod codeBase="/Users/ksemenenko/Developer/Communication/ManagedCode.Communication.Tests/bin/Debug/net9.0/ManagedCode.Communication.Tests.dll" adapterTypeName="executor://xunit/VsTestRunner3/netcore/" className="ManagedCode.Communication.Tests.Results.ResultFailMethodsTests" name="Result_Fail_WithTitleAndDetail_ShouldCreateFailedResultWithDefaultStatus" />
    </UnitTest>
    <UnitTest name="ManagedCode.Communication.Tests.Results.ProblemToExceptionErrorTests.ToException_WithHttpRequestException_ShouldHandleSpecialCases" storage="/users/ksemenenko/developer/communication/managedcode.communication.tests/bin/debug/net9.0/managedcode.communication.tests.dll" id="49bddafe-bc17-f349-326c-5d40a7970e79">
      <Execution id="9d7e3da3-147e-4f98-b1a8-a8f77a9cec2c" />
      <TestMethod codeBase="/Users/ksemenenko/Developer/Communication/ManagedCode.Communication.Tests/bin/Debug/net9.0/ManagedCode.Communication.Tests.dll" adapterTypeName="executor://xunit/VsTestRunner3/netcore/" className="ManagedCode.Communication.Tests.Results.ProblemToExceptionErrorTests" name="ToException_WithHttpRequestException_ShouldHandleSpecialCases" />
    </UnitTest>
    <UnitTest name="ManagedCode.Communication.Tests.AspNetCore.Helpers.HttpStatusCodeHelperTests.GetStatusCodeForException_StandardException_FallsBackToBaseHelper" storage="/users/ksemenenko/developer/communication/managedcode.communication.tests/bin/debug/net9.0/managedcode.communication.tests.dll" id="878aaa41-b943-c214-4d03-854fffe991ed">
      <Execution id="0da8cf33-62cd-41ca-89f1-b5fd3f942d50" />
      <TestMethod codeBase="/Users/ksemenenko/Developer/Communication/ManagedCode.Communication.Tests/bin/Debug/net9.0/ManagedCode.Communication.Tests.dll" adapterTypeName="executor://xunit/VsTestRunner3/netcore/" className="ManagedCode.Communication.Tests.AspNetCore.Helpers.HttpStatusCodeHelperTests" name="GetStatusCodeForException_StandardException_FallsBackToBaseHelper" />
    </UnitTest>
    <UnitTest name="ManagedCode.Communication.Tests.CollectionResults.CollectionResultFailMethodsTests.Fail_WithEnumerable_ShouldCreateFailedResultWithItems" storage="/users/ksemenenko/developer/communication/managedcode.communication.tests/bin/debug/net9.0/managedcode.communication.tests.dll" id="5fcc6bb5-5034-60d9-130d-fe126a4d45b8">
      <Execution id="1cf082ae-be6b-41e8-b343-1849bbcbb945" />
      <TestMethod codeBase="/Users/ksemenenko/Developer/Communication/ManagedCode.Communication.Tests/bin/Debug/net9.0/ManagedCode.Communication.Tests.dll" adapterTypeName="executor://xunit/VsTestRunner3/netcore/" className="ManagedCode.Communication.Tests.CollectionResults.CollectionResultFailMethodsTests" name="Fail_WithEnumerable_ShouldCreateFailedResultWithItems" />
    </UnitTest>
    <UnitTest name="ManagedCode.Communication.Tests.AspNetCore.Extensions.ControllerExtensionsTests.ToActionResult_WithVariousStatusCodes_ReturnsCorrectStatusCode(statusCode: 403, title: &quot;Forbidden&quot;)" storage="/users/ksemenenko/developer/communication/managedcode.communication.tests/bin/debug/net9.0/managedcode.communication.tests.dll" id="aca7dc08-e077-6336-11fb-2489a226e225">
      <Execution id="29cdcfeb-4756-43ee-b29d-d4216fce47f4" />
      <TestMethod codeBase="/Users/ksemenenko/Developer/Communication/ManagedCode.Communication.Tests/bin/Debug/net9.0/ManagedCode.Communication.Tests.dll" adapterTypeName="executor://xunit/VsTestRunner3/netcore/" className="ManagedCode.Communication.Tests.AspNetCore.Extensions.ControllerExtensionsTests" name="ToActionResult_WithVariousStatusCodes_ReturnsCorrectStatusCode" />
    </UnitTest>
    <UnitTest name="ManagedCode.Communication.Tests.Results.ProblemTests.GetErrorCodeAs_WithMatchingEnum_ShouldReturnEnumValue" storage="/users/ksemenenko/developer/communication/managedcode.communication.tests/bin/debug/net9.0/managedcode.communication.tests.dll" id="aab534c1-e47f-1e10-690a-e9fe2fb9e517">
      <Execution id="91b2af08-dfeb-4b8f-9878-8487329d6157" />
      <TestMethod codeBase="/Users/ksemenenko/Developer/Communication/ManagedCode.Communication.Tests/bin/Debug/net9.0/ManagedCode.Communication.Tests.dll" adapterTypeName="executor://xunit/VsTestRunner3/netcore/" className="ManagedCode.Communication.Tests.Results.ProblemTests" name="GetErrorCodeAs_WithMatchingEnum_ShouldReturnEnumValue" />
    </UnitTest>
    <UnitTest name="ManagedCode.Communication.Tests.Results.ProblemTests.ImplicitOperator_ToProblemException_ShouldCreateException" storage="/users/ksemenenko/developer/communication/managedcode.communication.tests/bin/debug/net9.0/managedcode.communication.tests.dll" id="5a0ae5e8-72bd-c20c-476c-fc5a9836655a">
      <Execution id="f817e26e-4433-42f7-86b3-056dc47c1397" />
      <TestMethod codeBase="/Users/ksemenenko/Developer/Communication/ManagedCode.Communication.Tests/bin/Debug/net9.0/ManagedCode.Communication.Tests.dll" adapterTypeName="executor://xunit/VsTestRunner3/netcore/" className="ManagedCode.Communication.Tests.Results.ProblemTests" name="ImplicitOperator_ToProblemException_ShouldCreateException" />
    </UnitTest>
    <UnitTest name="ManagedCode.Communication.Tests.AspNetCore.Helpers.HttpStatusCodeHelperTests.GetStatusCodeForException_AspNetSpecificExceptions_ReturnsCorrectStatusCode(exceptionType: typeof(Microsoft.AspNetCore.SignalR.HubException), expectedStatusCode: BadRequest)" storage="/users/ksemenenko/developer/communication/managedcode.communication.tests/bin/debug/net9.0/managedcode.communication.tests.dll" id="0e1070b1-2093-5dae-a087-dd2198ca3385">
      <Execution id="e00c5e81-1bae-4923-9af7-5ccc7bcbf2a6" />
      <TestMethod codeBase="/Users/ksemenenko/Developer/Communication/ManagedCode.Communication.Tests/bin/Debug/net9.0/ManagedCode.Communication.Tests.dll" adapterTypeName="executor://xunit/VsTestRunner3/netcore/" className="ManagedCode.Communication.Tests.AspNetCore.Helpers.HttpStatusCodeHelperTests" name="GetStatusCodeForException_AspNetSpecificExceptions_ReturnsCorrectStatusCode" />
    </UnitTest>
    <UnitTest name="ManagedCode.Communication.Tests.Results.ProblemCreationExtensionsTests.ToProblem_FromEnum_WithCustomDetail_ShouldUseProvidedDetail" storage="/users/ksemenenko/developer/communication/managedcode.communication.tests/bin/debug/net9.0/managedcode.communication.tests.dll" id="e28c6785-47f9-bd94-84d3-18cec24659f3">
      <Execution id="e67cb370-4ce9-4aa6-95c8-4979be452be8" />
      <TestMethod codeBase="/Users/ksemenenko/Developer/Communication/ManagedCode.Communication.Tests/bin/Debug/net9.0/ManagedCode.Communication.Tests.dll" adapterTypeName="executor://xunit/VsTestRunner3/netcore/" className="ManagedCode.Communication.Tests.Results.ProblemCreationExtensionsTests" name="ToProblem_FromEnum_WithCustomDetail_ShouldUseProvidedDetail" />
    </UnitTest>
    <UnitTest name="ManagedCode.Communication.Tests.Results.ProblemExceptionTests.Constructor_WithProblem_ShouldSetPropertiesCorrectly" storage="/users/ksemenenko/developer/communication/managedcode.communication.tests/bin/debug/net9.0/managedcode.communication.tests.dll" id="75503792-348c-52d7-8b2d-0e5e30e7737f">
      <Execution id="6cebfa46-9b92-4709-aba8-8b874e3c6643" />
      <TestMethod codeBase="/Users/ksemenenko/Developer/Communication/ManagedCode.Communication.Tests/bin/Debug/net9.0/ManagedCode.Communication.Tests.dll" adapterTypeName="executor://xunit/VsTestRunner3/netcore/" className="ManagedCode.Communication.Tests.Results.ProblemExceptionTests" name="Constructor_WithProblem_ShouldSetPropertiesCorrectly" />
    </UnitTest>
    <UnitTest name="ManagedCode.Communication.Tests.Serialization.SerializationTests.ResultT_WithValue_ShouldSerializeAndDeserialize" storage="/users/ksemenenko/developer/communication/managedcode.communication.tests/bin/debug/net9.0/managedcode.communication.tests.dll" id="9ad9e2f6-715d-ede9-5172-b09d4e9b5fa2">
      <Execution id="ecf2b7e4-483b-4214-bc67-41da2d87bcd9" />
      <TestMethod codeBase="/Users/ksemenenko/Developer/Communication/ManagedCode.Communication.Tests/bin/Debug/net9.0/ManagedCode.Communication.Tests.dll" adapterTypeName="executor://xunit/VsTestRunner3/netcore/" className="ManagedCode.Communication.Tests.Serialization.SerializationTests" name="ResultT_WithValue_ShouldSerializeAndDeserialize" />
    </UnitTest>
    <UnitTest name="ManagedCode.Communication.Tests.Results.ResultTests.ThrowIfFail_WithSuccessfulResult_ShouldNotThrow" storage="/users/ksemenenko/developer/communication/managedcode.communication.tests/bin/debug/net9.0/managedcode.communication.tests.dll" id="161ea34e-b552-5b69-4cf9-93991b1d4888">
      <Execution id="b68792cd-e61b-4375-bbec-c93129b069f1" />
      <TestMethod codeBase="/Users/ksemenenko/Developer/Communication/ManagedCode.Communication.Tests/bin/Debug/net9.0/ManagedCode.Communication.Tests.dll" adapterTypeName="executor://xunit/VsTestRunner3/netcore/" className="ManagedCode.Communication.Tests.Results.ResultTests" name="ThrowIfFail_WithSuccessfulResult_ShouldNotThrow" />
    </UnitTest>
    <UnitTest name="ManagedCode.Communication.Tests.Results.ResultStaticHelperMethodsTests.Result_FailT_NoParameters_ShouldCreateFailedResultT" storage="/users/ksemenenko/developer/communication/managedcode.communication.tests/bin/debug/net9.0/managedcode.communication.tests.dll" id="46310652-8cba-41d1-ad89-4a295ad73bfd">
      <Execution id="7fc55296-b3d2-4b9b-a19b-d9fbf365d039" />
      <TestMethod codeBase="/Users/ksemenenko/Developer/Communication/ManagedCode.Communication.Tests/bin/Debug/net9.0/ManagedCode.Communication.Tests.dll" adapterTypeName="executor://xunit/VsTestRunner3/netcore/" className="ManagedCode.Communication.Tests.Results.ResultStaticHelperMethodsTests" name="Result_FailT_NoParameters_ShouldCreateFailedResultT" />
    </UnitTest>
    <UnitTest name="ManagedCode.Communication.Tests.AspNetCore.Extensions.HubOptionsExtensionsTests.AddCommunicationHubFilter_DoesNotThrow" storage="/users/ksemenenko/developer/communication/managedcode.communication.tests/bin/debug/net9.0/managedcode.communication.tests.dll" id="8e7216bb-69f8-c56d-3e84-3e82cfa64c5c">
      <Execution id="f873abfc-1940-4158-8862-a8754b1dc26a" />
      <TestMethod codeBase="/Users/ksemenenko/Developer/Communication/ManagedCode.Communication.Tests/bin/Debug/net9.0/ManagedCode.Communication.Tests.dll" adapterTypeName="executor://xunit/VsTestRunner3/netcore/" className="ManagedCode.Communication.Tests.AspNetCore.Extensions.HubOptionsExtensionsTests" name="AddCommunicationHubFilter_DoesNotThrow" />
    </UnitTest>
    <UnitTest name="ManagedCode.Communication.Tests.Results.ResultTTests.FailValidation_ShouldCreateValidationResult" storage="/users/ksemenenko/developer/communication/managedcode.communication.tests/bin/debug/net9.0/managedcode.communication.tests.dll" id="c7343c2c-78ed-5e3a-c3ed-259714840c06">
      <Execution id="750dc438-b42e-45b3-aa46-c43b1239ecdd" />
      <TestMethod codeBase="/Users/ksemenenko/Developer/Communication/ManagedCode.Communication.Tests/bin/Debug/net9.0/ManagedCode.Communication.Tests.dll" adapterTypeName="executor://xunit/VsTestRunner3/netcore/" className="ManagedCode.Communication.Tests.Results.ResultTTests" name="FailValidation_ShouldCreateValidationResult" />
    </UnitTest>
    <UnitTest name="ManagedCode.Communication.Tests.Results.CollectionResultInvalidMethodsTests.CollectionResult_Invalid_ComparedToFailValidation_ShouldBeEquivalent" storage="/users/ksemenenko/developer/communication/managedcode.communication.tests/bin/debug/net9.0/managedcode.communication.tests.dll" id="980d4706-ea6d-d2a9-e6c6-8e6ce35d91ac">
      <Execution id="231072cf-ccee-4254-94d8-c9b81f531b4c" />
      <TestMethod codeBase="/Users/ksemenenko/Developer/Communication/ManagedCode.Communication.Tests/bin/Debug/net9.0/ManagedCode.Communication.Tests.dll" adapterTypeName="executor://xunit/VsTestRunner3/netcore/" className="ManagedCode.Communication.Tests.Results.CollectionResultInvalidMethodsTests" name="CollectionResult_Invalid_ComparedToFailValidation_ShouldBeEquivalent" />
    </UnitTest>
    <UnitTest name="ManagedCode.Communication.Tests.CollectionResults.CollectionResultFromMethodsTests.From_TaskWithDelay_ShouldWaitAndReturnSuccessResult" storage="/users/ksemenenko/developer/communication/managedcode.communication.tests/bin/debug/net9.0/managedcode.communication.tests.dll" id="33a7f29f-3064-c7da-2697-0f90413b5ea8">
      <Execution id="64160b48-a757-47b4-96c5-4689d8bc7097" />
      <TestMethod codeBase="/Users/ksemenenko/Developer/Communication/ManagedCode.Communication.Tests/bin/Debug/net9.0/ManagedCode.Communication.Tests.dll" adapterTypeName="executor://xunit/VsTestRunner3/netcore/" className="ManagedCode.Communication.Tests.CollectionResults.CollectionResultFromMethodsTests" name="From_TaskWithDelay_ShouldWaitAndReturnSuccessResult" />
    </UnitTest>
    <UnitTest name="ManagedCode.Communication.Tests.Results.ResultStaticHelperMethodsTests.Result_FailT_WithEnum_ShouldCreateFailedResultTWithErrorCode" storage="/users/ksemenenko/developer/communication/managedcode.communication.tests/bin/debug/net9.0/managedcode.communication.tests.dll" id="edfe0445-7d04-dc18-c1ba-a9d34b86d8ce">
      <Execution id="cdce8399-ac7e-4742-b898-5529d2f11520" />
      <TestMethod codeBase="/Users/ksemenenko/Developer/Communication/ManagedCode.Communication.Tests/bin/Debug/net9.0/ManagedCode.Communication.Tests.dll" adapterTypeName="executor://xunit/VsTestRunner3/netcore/" className="ManagedCode.Communication.Tests.Results.ResultStaticHelperMethodsTests" name="Result_FailT_WithEnum_ShouldCreateFailedResultTWithErrorCode" />
    </UnitTest>
    <UnitTest name="ManagedCode.Communication.Tests.Commands.MemoryCacheCommandIdempotencyStoreTests.GetMultipleStatusAsync_ReturnsStatusForMultipleCommands" storage="/users/ksemenenko/developer/communication/managedcode.communication.tests/bin/debug/net9.0/managedcode.communication.tests.dll" id="fe4bb424-4fc7-dee4-ff2f-8ee1b89e7d7f">
      <Execution id="f4550105-4b14-4275-987d-92aea775ca64" />
      <TestMethod codeBase="/Users/ksemenenko/Developer/Communication/ManagedCode.Communication.Tests/bin/Debug/net9.0/ManagedCode.Communication.Tests.dll" adapterTypeName="executor://xunit/VsTestRunner3/netcore/" className="ManagedCode.Communication.Tests.Commands.MemoryCacheCommandIdempotencyStoreTests" name="GetMultipleStatusAsync_ReturnsStatusForMultipleCommands" />
    </UnitTest>
    <UnitTest name="ManagedCode.Communication.Tests.OrleansTests.GrainClientTests.ValueTaskResult" storage="/users/ksemenenko/developer/communication/managedcode.communication.tests/bin/debug/net9.0/managedcode.communication.tests.dll" id="04b4d7eb-6ae2-be4f-929b-1cc4d1077821">
      <Execution id="f314311a-49bf-4d7a-bbca-62365a860742" />
      <TestMethod codeBase="/Users/ksemenenko/Developer/Communication/ManagedCode.Communication.Tests/bin/Debug/net9.0/ManagedCode.Communication.Tests.dll" adapterTypeName="executor://xunit/VsTestRunner3/netcore/" className="ManagedCode.Communication.Tests.OrleansTests.GrainClientTests" name="ValueTaskResult" />
    </UnitTest>
    <UnitTest name="ManagedCode.Communication.Tests.Extensions.HttpResponseExtensionTests.FromRequestToResult_VariousErrorCodes_ReturnsFailedResult(statusCode: Unauthorized)" storage="/users/ksemenenko/developer/communication/managedcode.communication.tests/bin/debug/net9.0/managedcode.communication.tests.dll" id="b974d079-f8c7-696e-01c3-ee20cd989857">
      <Execution id="194610b1-decd-4ff4-9ff2-dcc298b3d48d" />
      <TestMethod codeBase="/Users/ksemenenko/Developer/Communication/ManagedCode.Communication.Tests/bin/Debug/net9.0/ManagedCode.Communication.Tests.dll" adapterTypeName="executor://xunit/VsTestRunner3/netcore/" className="ManagedCode.Communication.Tests.Extensions.HttpResponseExtensionTests" name="FromRequestToResult_VariousErrorCodes_ReturnsFailedResult" />
    </UnitTest>
    <UnitTest name="ManagedCode.Communication.Tests.Results.ResultHelperMethodsTests.ResultT_TryGetProblem_WithSuccess_ShouldReturnFalse" storage="/users/ksemenenko/developer/communication/managedcode.communication.tests/bin/debug/net9.0/managedcode.communication.tests.dll" id="71308719-ce88-4981-95a1-907da9a59986">
      <Execution id="1a754d8d-9eeb-4432-8820-409e128eb6ee" />
      <TestMethod codeBase="/Users/ksemenenko/Developer/Communication/ManagedCode.Communication.Tests/bin/Debug/net9.0/ManagedCode.Communication.Tests.dll" adapterTypeName="executor://xunit/VsTestRunner3/netcore/" className="ManagedCode.Communication.Tests.Results.ResultHelperMethodsTests" name="ResultT_TryGetProblem_WithSuccess_ShouldReturnFalse" />
    </UnitTest>
    <UnitTest name="ManagedCode.Communication.Tests.Extensions.ProblemExtensionsTests.FromProblemDetails_ShouldConvertProblemDetailsToProblem" storage="/users/ksemenenko/developer/communication/managedcode.communication.tests/bin/debug/net9.0/managedcode.communication.tests.dll" id="4b8b8707-1465-df20-286b-3f7c61a84edd">
      <Execution id="f5c58c73-68de-4569-85c6-6b03b7b7f03a" />
      <TestMethod codeBase="/Users/ksemenenko/Developer/Communication/ManagedCode.Communication.Tests/bin/Debug/net9.0/ManagedCode.Communication.Tests.dll" adapterTypeName="executor://xunit/VsTestRunner3/netcore/" className="ManagedCode.Communication.Tests.Extensions.ProblemExtensionsTests" name="FromProblemDetails_ShouldConvertProblemDetailsToProblem" />
    </UnitTest>
    <UnitTest name="ManagedCode.Communication.Tests.Extensions.HttpResponseExtensionTests.FromRequestToResult_ConflictStatusCode_ReturnsFailedResult" storage="/users/ksemenenko/developer/communication/managedcode.communication.tests/bin/debug/net9.0/managedcode.communication.tests.dll" id="8ddf6ba2-aa71-6918-24f4-fd6fd790ee42">
      <Execution id="d9fe9a79-b35b-4d26-a979-479a623f7d41" />
      <TestMethod codeBase="/Users/ksemenenko/Developer/Communication/ManagedCode.Communication.Tests/bin/Debug/net9.0/ManagedCode.Communication.Tests.dll" adapterTypeName="executor://xunit/VsTestRunner3/netcore/" className="ManagedCode.Communication.Tests.Extensions.HttpResponseExtensionTests" name="FromRequestToResult_ConflictStatusCode_ReturnsFailedResult" />
    </UnitTest>
    <UnitTest name="ManagedCode.Communication.Tests.Results.ResultStaticHelperMethodsTests.Result_StaticHelpers_WithComplexTypes_ShouldWorkCorrectly" storage="/users/ksemenenko/developer/communication/managedcode.communication.tests/bin/debug/net9.0/managedcode.communication.tests.dll" id="77cea8c3-be26-09fd-7933-7cd7b881eba7">
      <Execution id="364e81df-07da-4f8e-955e-ba70e4087e24" />
      <TestMethod codeBase="/Users/ksemenenko/Developer/Communication/ManagedCode.Communication.Tests/bin/Debug/net9.0/ManagedCode.Communication.Tests.dll" adapterTypeName="executor://xunit/VsTestRunner3/netcore/" className="ManagedCode.Communication.Tests.Results.ResultStaticHelperMethodsTests" name="Result_StaticHelpers_WithComplexTypes_ShouldWorkCorrectly" />
    </UnitTest>
    <UnitTest name="ManagedCode.Communication.Tests.Extensions.RailwayExtensionsTests.Finally_FailedResult_ExecutesAction" storage="/users/ksemenenko/developer/communication/managedcode.communication.tests/bin/debug/net9.0/managedcode.communication.tests.dll" id="3c1351f2-b304-b994-7193-22c9e52a8782">
      <Execution id="5898086a-1267-448e-8f59-6ca7250de6ce" />
      <TestMethod codeBase="/Users/ksemenenko/Developer/Communication/ManagedCode.Communication.Tests/bin/Debug/net9.0/ManagedCode.Communication.Tests.dll" adapterTypeName="executor://xunit/VsTestRunner3/netcore/" className="ManagedCode.Communication.Tests.Extensions.RailwayExtensionsTests" name="Finally_FailedResult_ExecutesAction" />
    </UnitTest>
    <UnitTest name="ManagedCode.Communication.Tests.Results.ProblemExceptionTests.Constructor_WithProblemContainingMultipleValidationErrorsPerField_ShouldJoinWithSemicolon" storage="/users/ksemenenko/developer/communication/managedcode.communication.tests/bin/debug/net9.0/managedcode.communication.tests.dll" id="950f8757-e7b7-1138-1a4d-1e70b2dcf083">
      <Execution id="b690464c-35c2-4029-9863-22f2de3c3b35" />
      <TestMethod codeBase="/Users/ksemenenko/Developer/Communication/ManagedCode.Communication.Tests/bin/Debug/net9.0/ManagedCode.Communication.Tests.dll" adapterTypeName="executor://xunit/VsTestRunner3/netcore/" className="ManagedCode.Communication.Tests.Results.ProblemExceptionTests" name="Constructor_WithProblemContainingMultipleValidationErrorsPerField_ShouldJoinWithSemicolon" />
    </UnitTest>
    <UnitTest name="ManagedCode.Communication.Tests.Extensions.RailwayExtensionsTests.Match_FailedResult_ExecutesOnFailure" storage="/users/ksemenenko/developer/communication/managedcode.communication.tests/bin/debug/net9.0/managedcode.communication.tests.dll" id="bbba8e22-1b20-62d6-6e69-7016b4e8e4bf">
      <Execution id="a6afd7c6-d11f-4073-8292-0b3251337061" />
      <TestMethod codeBase="/Users/ksemenenko/Developer/Communication/ManagedCode.Communication.Tests/bin/Debug/net9.0/ManagedCode.Communication.Tests.dll" adapterTypeName="executor://xunit/VsTestRunner3/netcore/" className="ManagedCode.Communication.Tests.Extensions.RailwayExtensionsTests" name="Match_FailedResult_ExecutesOnFailure" />
    </UnitTest>
    <UnitTest name="ManagedCode.Communication.Tests.Extensions.ResultConversionExtensionsTests.AsResult_WithException_CreatesFailedResultWithProblem" storage="/users/ksemenenko/developer/communication/managedcode.communication.tests/bin/debug/net9.0/managedcode.communication.tests.dll" id="8e83e5d2-ca14-e987-68f7-ba664862f8f4">
      <Execution id="7173e5ec-a7e9-4851-929e-298e797069a6" />
      <TestMethod codeBase="/Users/ksemenenko/Developer/Communication/ManagedCode.Communication.Tests/bin/Debug/net9.0/ManagedCode.Communication.Tests.dll" adapterTypeName="executor://xunit/VsTestRunner3/netcore/" className="ManagedCode.Communication.Tests.Extensions.ResultConversionExtensionsTests" name="AsResult_WithException_CreatesFailedResultWithProblem" />
    </UnitTest>
    <UnitTest name="ManagedCode.Communication.Tests.Extensions.HttpResponseExtensionTests.FromJsonToResult_SuccessStatusCode_WithFailedResultJson_ReturnsFailedResult" storage="/users/ksemenenko/developer/communication/managedcode.communication.tests/bin/debug/net9.0/managedcode.communication.tests.dll" id="dfd55305-89b6-7032-e718-91fc3fa77a9e">
      <Execution id="2e91932a-e395-40c4-89c9-479eb3ced858" />
      <TestMethod codeBase="/Users/ksemenenko/Developer/Communication/ManagedCode.Communication.Tests/bin/Debug/net9.0/ManagedCode.Communication.Tests.dll" adapterTypeName="executor://xunit/VsTestRunner3/netcore/" className="ManagedCode.Communication.Tests.Extensions.HttpResponseExtensionTests" name="FromJsonToResult_SuccessStatusCode_WithFailedResultJson_ReturnsFailedResult" />
    </UnitTest>
    <UnitTest name="ManagedCode.Communication.Tests.Extensions.ResultConversionExtensionsTests.AsResult_WithNullValue_CreatesSuccessfulResultWithNull" storage="/users/ksemenenko/developer/communication/managedcode.communication.tests/bin/debug/net9.0/managedcode.communication.tests.dll" id="1de860b6-9b89-fb6b-c718-4f454ec9c197">
      <Execution id="2841af67-8c0f-4ed2-b3c4-7cdfe32627eb" />
      <TestMethod codeBase="/Users/ksemenenko/Developer/Communication/ManagedCode.Communication.Tests/bin/Debug/net9.0/ManagedCode.Communication.Tests.dll" adapterTypeName="executor://xunit/VsTestRunner3/netcore/" className="ManagedCode.Communication.Tests.Extensions.ResultConversionExtensionsTests" name="AsResult_WithNullValue_CreatesSuccessfulResultWithNull" />
    </UnitTest>
    <UnitTest name="ManagedCode.Communication.Tests.ProblemTests.ProblemCreateMethodsTests.Problem_Create_FromException_ShouldCreateProblemWithExceptionDetails" storage="/users/ksemenenko/developer/communication/managedcode.communication.tests/bin/debug/net9.0/managedcode.communication.tests.dll" id="6283c4be-1bf1-1121-ef21-2c078662a67b">
      <Execution id="6536cb7f-9256-431a-9a6b-ee192969efbd" />
      <TestMethod codeBase="/Users/ksemenenko/Developer/Communication/ManagedCode.Communication.Tests/bin/Debug/net9.0/ManagedCode.Communication.Tests.dll" adapterTypeName="executor://xunit/VsTestRunner3/netcore/" className="ManagedCode.Communication.Tests.ProblemTests.ProblemCreateMethodsTests" name="Problem_Create_FromException_ShouldCreateProblemWithExceptionDetails" />
    </UnitTest>
    <UnitTest name="ManagedCode.Communication.Tests.Results.ResultFailMethodsTests.Result_Fail_WithProblem_ShouldCreateFailedResultWithProblem" storage="/users/ksemenenko/developer/communication/managedcode.communication.tests/bin/debug/net9.0/managedcode.communication.tests.dll" id="b080e677-51aa-540a-58e8-a1686bb0bb64">
      <Execution id="882157f9-bb13-4e3f-be45-52a0906b656c" />
      <TestMethod codeBase="/Users/ksemenenko/Developer/Communication/ManagedCode.Communication.Tests/bin/Debug/net9.0/ManagedCode.Communication.Tests.dll" adapterTypeName="executor://xunit/VsTestRunner3/netcore/" className="ManagedCode.Communication.Tests.Results.ResultFailMethodsTests" name="Result_Fail_WithProblem_ShouldCreateFailedResultWithProblem" />
    </UnitTest>
    <UnitTest name="ManagedCode.Communication.Tests.CollectionResults.CollectionResultFailMethodsTests.Fail_WithVeryLongStrings_ShouldHandleCorrectly" storage="/users/ksemenenko/developer/communication/managedcode.communication.tests/bin/debug/net9.0/managedcode.communication.tests.dll" id="45cd799b-b041-7972-1933-31bb68393544">
      <Execution id="bc539c58-91a8-4434-8a75-1a97a83531f2" />
      <TestMethod codeBase="/Users/ksemenenko/Developer/Communication/ManagedCode.Communication.Tests/bin/Debug/net9.0/ManagedCode.Communication.Tests.dll" adapterTypeName="executor://xunit/VsTestRunner3/netcore/" className="ManagedCode.Communication.Tests.CollectionResults.CollectionResultFailMethodsTests" name="Fail_WithVeryLongStrings_ShouldHandleCorrectly" />
    </UnitTest>
    <UnitTest name="ManagedCode.Communication.Tests.Results.ResultTFailMethodsTests.ResultT_Fail_WithComplexTypes_ShouldWorkCorrectly" storage="/users/ksemenenko/developer/communication/managedcode.communication.tests/bin/debug/net9.0/managedcode.communication.tests.dll" id="613ce4af-0c46-036e-af9f-bb78fcd742a6">
      <Execution id="fe1e7e55-1b53-4dbe-bc50-4df4a891422d" />
      <TestMethod codeBase="/Users/ksemenenko/Developer/Communication/ManagedCode.Communication.Tests/bin/Debug/net9.0/ManagedCode.Communication.Tests.dll" adapterTypeName="executor://xunit/VsTestRunner3/netcore/" className="ManagedCode.Communication.Tests.Results.ResultTFailMethodsTests" name="ResultT_Fail_WithComplexTypes_ShouldWorkCorrectly" />
    </UnitTest>
    <UnitTest name="ManagedCode.Communication.Tests.CollectionResults.CollectionResultFromMethodsTests.From_ValueTaskReturningEnumerable_ShouldCreateSuccessResult" storage="/users/ksemenenko/developer/communication/managedcode.communication.tests/bin/debug/net9.0/managedcode.communication.tests.dll" id="74429bfd-ae1c-e417-c462-fb4e1989918c">
      <Execution id="05796f6a-d0f2-48f6-9723-4b2d16a52e64" />
      <TestMethod codeBase="/Users/ksemenenko/Developer/Communication/ManagedCode.Communication.Tests/bin/Debug/net9.0/ManagedCode.Communication.Tests.dll" adapterTypeName="executor://xunit/VsTestRunner3/netcore/" className="ManagedCode.Communication.Tests.CollectionResults.CollectionResultFromMethodsTests" name="From_ValueTaskReturningEnumerable_ShouldCreateSuccessResult" />
    </UnitTest>
    <UnitTest name="ManagedCode.Communication.Tests.CollectionResults.CollectionResultFailMethodsTests.Fail_WithSpecialCharacters_ShouldHandleCorrectly" storage="/users/ksemenenko/developer/communication/managedcode.communication.tests/bin/debug/net9.0/managedcode.communication.tests.dll" id="670aed6d-afc8-2205-1f3b-fa065414e4d4">
      <Execution id="890f6ec3-8716-401c-b22e-64e824eac53b" />
      <TestMethod codeBase="/Users/ksemenenko/Developer/Communication/ManagedCode.Communication.Tests/bin/Debug/net9.0/ManagedCode.Communication.Tests.dll" adapterTypeName="executor://xunit/VsTestRunner3/netcore/" className="ManagedCode.Communication.Tests.CollectionResults.CollectionResultFailMethodsTests" name="Fail_WithSpecialCharacters_ShouldHandleCorrectly" />
    </UnitTest>
    <UnitTest name="ManagedCode.Communication.Tests.Results.ResultTTests.ThrowIfFail_WithFailedResult_ShouldThrowProblemException" storage="/users/ksemenenko/developer/communication/managedcode.communication.tests/bin/debug/net9.0/managedcode.communication.tests.dll" id="0dc123ac-2efb-3f2f-924d-27dae15c54d0">
      <Execution id="33d47136-45a7-4344-a79e-b2472de7d842" />
      <TestMethod codeBase="/Users/ksemenenko/Developer/Communication/ManagedCode.Communication.Tests/bin/Debug/net9.0/ManagedCode.Communication.Tests.dll" adapterTypeName="executor://xunit/VsTestRunner3/netcore/" className="ManagedCode.Communication.Tests.Results.ResultTTests" name="ThrowIfFail_WithFailedResult_ShouldThrowProblemException" />
    </UnitTest>
    <UnitTest name="ManagedCode.Communication.Tests.Results.ProblemToExceptionErrorTests.ToException_WithNullDetailAndTitle_ShouldUseDefaultMessage" storage="/users/ksemenenko/developer/communication/managedcode.communication.tests/bin/debug/net9.0/managedcode.communication.tests.dll" id="3e9e891c-a70e-1cec-ed52-a1f055f94791">
      <Execution id="ae14835e-3f04-464c-9b0e-cf759924a4ce" />
      <TestMethod codeBase="/Users/ksemenenko/Developer/Communication/ManagedCode.Communication.Tests/bin/Debug/net9.0/ManagedCode.Communication.Tests.dll" adapterTypeName="executor://xunit/VsTestRunner3/netcore/" className="ManagedCode.Communication.Tests.Results.ProblemToExceptionErrorTests" name="ToException_WithNullDetailAndTitle_ShouldUseDefaultMessage" />
    </UnitTest>
    <UnitTest name="ManagedCode.Communication.Tests.Results.ResultHelperMethodsTests.Result_TryGetProblem_WithSuccess_ShouldReturnFalse" storage="/users/ksemenenko/developer/communication/managedcode.communication.tests/bin/debug/net9.0/managedcode.communication.tests.dll" id="02753c94-b31f-c479-f18b-db6bd8bba437">
      <Execution id="9d84a1f7-b827-4a68-837f-98240214ecf2" />
      <TestMethod codeBase="/Users/ksemenenko/Developer/Communication/ManagedCode.Communication.Tests/bin/Debug/net9.0/ManagedCode.Communication.Tests.dll" adapterTypeName="executor://xunit/VsTestRunner3/netcore/" className="ManagedCode.Communication.Tests.Results.ResultHelperMethodsTests" name="Result_TryGetProblem_WithSuccess_ShouldReturnFalse" />
    </UnitTest>
    <UnitTest name="ManagedCode.Communication.Tests.CollectionResults.CollectionResultFromMethodsTests.From_TupleTypes_ShouldHandleCorrectly" storage="/users/ksemenenko/developer/communication/managedcode.communication.tests/bin/debug/net9.0/managedcode.communication.tests.dll" id="7d8cc7d8-a7af-3857-ec1c-988b6d4cd6cb">
      <Execution id="48ad8b7c-a964-4d57-82f9-0195afc90e68" />
      <TestMethod codeBase="/Users/ksemenenko/Developer/Communication/ManagedCode.Communication.Tests/bin/Debug/net9.0/ManagedCode.Communication.Tests.dll" adapterTypeName="executor://xunit/VsTestRunner3/netcore/" className="ManagedCode.Communication.Tests.CollectionResults.CollectionResultFromMethodsTests" name="From_TupleTypes_ShouldHandleCorrectly" />
    </UnitTest>
    <UnitTest name="ManagedCode.Communication.Tests.Results.ProblemTests.GetValidationErrors_WithNonValidationProblem_ShouldReturnNull" storage="/users/ksemenenko/developer/communication/managedcode.communication.tests/bin/debug/net9.0/managedcode.communication.tests.dll" id="c500524b-7f50-6acc-4109-a9567b61a4b1">
      <Execution id="9b31e5d2-eb37-4791-928a-c93b2fb6edec" />
      <TestMethod codeBase="/Users/ksemenenko/Developer/Communication/ManagedCode.Communication.Tests/bin/Debug/net9.0/ManagedCode.Communication.Tests.dll" adapterTypeName="executor://xunit/VsTestRunner3/netcore/" className="ManagedCode.Communication.Tests.Results.ProblemTests" name="GetValidationErrors_WithNonValidationProblem_ShouldReturnNull" />
    </UnitTest>
    <UnitTest name="ManagedCode.Communication.Tests.Results.CollectionResultTests.TryGetProblem_WithSuccessfulResult_ShouldReturnFalse" storage="/users/ksemenenko/developer/communication/managedcode.communication.tests/bin/debug/net9.0/managedcode.communication.tests.dll" id="1f64ab5a-faee-2124-0bd7-cb77b45af3ab">
      <Execution id="578be183-a5a8-4aa7-9139-d90a7bee74bd" />
      <TestMethod codeBase="/Users/ksemenenko/Developer/Communication/ManagedCode.Communication.Tests/bin/Debug/net9.0/ManagedCode.Communication.Tests.dll" adapterTypeName="executor://xunit/VsTestRunner3/netcore/" className="ManagedCode.Communication.Tests.Results.CollectionResultTests" name="TryGetProblem_WithSuccessfulResult_ShouldReturnFalse" />
    </UnitTest>
    <UnitTest name="ManagedCode.Communication.Tests.Serialization.SerializationTests.Command_ShouldSerializeAndDeserialize" storage="/users/ksemenenko/developer/communication/managedcode.communication.tests/bin/debug/net9.0/managedcode.communication.tests.dll" id="ea0a9cb2-9148-301e-e48c-1afead66e2be">
      <Execution id="b7ec16fe-355c-4450-b9c3-33ae548bf24e" />
      <TestMethod codeBase="/Users/ksemenenko/Developer/Communication/ManagedCode.Communication.Tests/bin/Debug/net9.0/ManagedCode.Communication.Tests.dll" adapterTypeName="executor://xunit/VsTestRunner3/netcore/" className="ManagedCode.Communication.Tests.Serialization.SerializationTests" name="Command_ShouldSerializeAndDeserialize" />
    </UnitTest>
    <UnitTest name="ManagedCode.Communication.Tests.Serialization.ProblemJsonConverterTests.Deserialize_BasicProblem_RestoresCorrectObject" storage="/users/ksemenenko/developer/communication/managedcode.communication.tests/bin/debug/net9.0/managedcode.communication.tests.dll" id="2aa15638-d059-56c3-1ae6-4f20daa0efd6">
      <Execution id="60ba6268-d68f-4ac0-9f4c-7854af30deef" />
      <TestMethod codeBase="/Users/ksemenenko/Developer/Communication/ManagedCode.Communication.Tests/bin/Debug/net9.0/ManagedCode.Communication.Tests.dll" adapterTypeName="executor://xunit/VsTestRunner3/netcore/" className="ManagedCode.Communication.Tests.Serialization.ProblemJsonConverterTests" name="Deserialize_BasicProblem_RestoresCorrectObject" />
    </UnitTest>
    <UnitTest name="ManagedCode.Communication.Tests.Results.ResultFailMethodsTests.Result_FailNotFound_WithDetail_ShouldCreateNotFoundResultWithCustomDetail" storage="/users/ksemenenko/developer/communication/managedcode.communication.tests/bin/debug/net9.0/managedcode.communication.tests.dll" id="7f0db5cd-3789-6493-06f2-6838ac79a529">
      <Execution id="1c3490e9-45c4-4a14-b3b2-781b6f8c903a" />
      <TestMethod codeBase="/Users/ksemenenko/Developer/Communication/ManagedCode.Communication.Tests/bin/Debug/net9.0/ManagedCode.Communication.Tests.dll" adapterTypeName="executor://xunit/VsTestRunner3/netcore/" className="ManagedCode.Communication.Tests.Results.ResultFailMethodsTests" name="Result_FailNotFound_WithDetail_ShouldCreateNotFoundResultWithCustomDetail" />
    </UnitTest>
    <UnitTest name="ManagedCode.Communication.Tests.AspNetCore.Extensions.CommunicationServiceCollectionExtensionsTests.AddCommunicationAspNetCore_ReturnsServiceCollection" storage="/users/ksemenenko/developer/communication/managedcode.communication.tests/bin/debug/net9.0/managedcode.communication.tests.dll" id="0c1a494a-a3e9-afb9-1da6-932fb28bceff">
      <Execution id="fa293a0f-a9d4-462d-8add-4c01e0d629bc" />
      <TestMethod codeBase="/Users/ksemenenko/Developer/Communication/ManagedCode.Communication.Tests/bin/Debug/net9.0/ManagedCode.Communication.Tests.dll" adapterTypeName="executor://xunit/VsTestRunner3/netcore/" className="ManagedCode.Communication.Tests.AspNetCore.Extensions.CommunicationServiceCollectionExtensionsTests" name="AddCommunicationAspNetCore_ReturnsServiceCollection" />
    </UnitTest>
    <UnitTest name="ManagedCode.Communication.Tests.CollectionResults.CollectionResultFailMethodsTests.Fail_WithEnumAndDetail_ShouldCreateFailedResultWithErrorCodeAndDetail" storage="/users/ksemenenko/developer/communication/managedcode.communication.tests/bin/debug/net9.0/managedcode.communication.tests.dll" id="d0ff1c73-209e-eeb1-2afd-642ead9760a6">
      <Execution id="47ad029c-f655-4b23-bcf4-dec312b7cac7" />
      <TestMethod codeBase="/Users/ksemenenko/Developer/Communication/ManagedCode.Communication.Tests/bin/Debug/net9.0/ManagedCode.Communication.Tests.dll" adapterTypeName="executor://xunit/VsTestRunner3/netcore/" className="ManagedCode.Communication.Tests.CollectionResults.CollectionResultFailMethodsTests" name="Fail_WithEnumAndDetail_ShouldCreateFailedResultWithErrorCodeAndDetail" />
    </UnitTest>
    <UnitTest name="ManagedCode.Communication.Tests.ControllerTests.MiddlewareTests.UnauthorizedAccess" storage="/users/ksemenenko/developer/communication/managedcode.communication.tests/bin/debug/net9.0/managedcode.communication.tests.dll" id="05e9a149-1ec4-5816-e59a-5ac25d0a3fd4">
      <Execution id="508c4d92-babc-4884-9ddd-294df8d33f86" />
      <TestMethod codeBase="/Users/ksemenenko/Developer/Communication/ManagedCode.Communication.Tests/bin/Debug/net9.0/ManagedCode.Communication.Tests.dll" adapterTypeName="executor://xunit/VsTestRunner3/netcore/" className="ManagedCode.Communication.Tests.ControllerTests.MiddlewareTests" name="UnauthorizedAccess" />
    </UnitTest>
    <UnitTest name="ManagedCode.Communication.Tests.AspNetCore.Helpers.HttpStatusCodeHelperTests.GetStatusCodeForException_NullException_FallsBackToBaseHelper" storage="/users/ksemenenko/developer/communication/managedcode.communication.tests/bin/debug/net9.0/managedcode.communication.tests.dll" id="979074bb-302c-a27f-b1eb-cf7bada43daa">
      <Execution id="84655651-7c16-4ed2-8eb3-b74487309471" />
      <TestMethod codeBase="/Users/ksemenenko/Developer/Communication/ManagedCode.Communication.Tests/bin/Debug/net9.0/ManagedCode.Communication.Tests.dll" adapterTypeName="executor://xunit/VsTestRunner3/netcore/" className="ManagedCode.Communication.Tests.AspNetCore.Helpers.HttpStatusCodeHelperTests" name="GetStatusCodeForException_NullException_FallsBackToBaseHelper" />
    </UnitTest>
    <UnitTest name="ManagedCode.Communication.Tests.AspNetCore.Extensions.ControllerExtensionsTests.ToHttpResult_WithNullValue_HandlesGracefully" storage="/users/ksemenenko/developer/communication/managedcode.communication.tests/bin/debug/net9.0/managedcode.communication.tests.dll" id="9fb27429-2e5b-c1a5-586b-a38199a8345b">
      <Execution id="89560257-99ef-45c9-a803-ac8093dd49ae" />
      <TestMethod codeBase="/Users/ksemenenko/Developer/Communication/ManagedCode.Communication.Tests/bin/Debug/net9.0/ManagedCode.Communication.Tests.dll" adapterTypeName="executor://xunit/VsTestRunner3/netcore/" className="ManagedCode.Communication.Tests.AspNetCore.Extensions.ControllerExtensionsTests" name="ToHttpResult_WithNullValue_HandlesGracefully" />
    </UnitTest>
    <UnitTest name="ManagedCode.Communication.Tests.CollectionResults.CollectionResultFailMethodsTests.Fail_WithLargeCollection_ShouldPreserveAllItems" storage="/users/ksemenenko/developer/communication/managedcode.communication.tests/bin/debug/net9.0/managedcode.communication.tests.dll" id="e9afcaf2-7818-aac4-97f5-27c1d6e7b6c2">
      <Execution id="7679ad9d-93e6-49b3-b79e-1ceff2852c3d" />
      <TestMethod codeBase="/Users/ksemenenko/Developer/Communication/ManagedCode.Communication.Tests/bin/Debug/net9.0/ManagedCode.Communication.Tests.dll" adapterTypeName="executor://xunit/VsTestRunner3/netcore/" className="ManagedCode.Communication.Tests.CollectionResults.CollectionResultFailMethodsTests" name="Fail_WithLargeCollection_ShouldPreserveAllItems" />
    </UnitTest>
    <UnitTest name="ManagedCode.Communication.Tests.ControllerTests.MiddlewareTests.UnauthorizedResult" storage="/users/ksemenenko/developer/communication/managedcode.communication.tests/bin/debug/net9.0/managedcode.communication.tests.dll" id="95480a3b-f488-efa9-b27c-9ab5a18fdec4">
      <Execution id="4c7084d2-aec0-44c1-a1ae-540c5e809ccb" />
      <TestMethod codeBase="/Users/ksemenenko/Developer/Communication/ManagedCode.Communication.Tests/bin/Debug/net9.0/ManagedCode.Communication.Tests.dll" adapterTypeName="executor://xunit/VsTestRunner3/netcore/" className="ManagedCode.Communication.Tests.ControllerTests.MiddlewareTests" name="UnauthorizedResult" />
    </UnitTest>
    <UnitTest name="ManagedCode.Communication.Tests.AspNetCore.Extensions.CommunicationServiceCollectionExtensionsTests.AddCommunicationAspNetCore_WithLoggerFactory_ConfiguresLogger" storage="/users/ksemenenko/developer/communication/managedcode.communication.tests/bin/debug/net9.0/managedcode.communication.tests.dll" id="74682615-ca5e-4298-50e2-769d654bd925">
      <Execution id="19225dcf-d2cf-4f4c-b37b-1c19d7afc8bf" />
      <TestMethod codeBase="/Users/ksemenenko/Developer/Communication/ManagedCode.Communication.Tests/bin/Debug/net9.0/ManagedCode.Communication.Tests.dll" adapterTypeName="executor://xunit/VsTestRunner3/netcore/" className="ManagedCode.Communication.Tests.AspNetCore.Extensions.CommunicationServiceCollectionExtensionsTests" name="AddCommunicationAspNetCore_WithLoggerFactory_ConfiguresLogger" />
    </UnitTest>
    <UnitTest name="ManagedCode.Communication.Tests.Results.RailwayOrientedProgrammingTests.Match_WithFailure_ShouldExecuteFailureFunction" storage="/users/ksemenenko/developer/communication/managedcode.communication.tests/bin/debug/net9.0/managedcode.communication.tests.dll" id="69beb265-ebe6-f9da-2e10-2e50d1b0f6dd">
      <Execution id="a6da9cf4-4354-4c57-a214-4b6230d88181" />
      <TestMethod codeBase="/Users/ksemenenko/Developer/Communication/ManagedCode.Communication.Tests/bin/Debug/net9.0/ManagedCode.Communication.Tests.dll" adapterTypeName="executor://xunit/VsTestRunner3/netcore/" className="ManagedCode.Communication.Tests.Results.RailwayOrientedProgrammingTests" name="Match_WithFailure_ShouldExecuteFailureFunction" />
    </UnitTest>
    <UnitTest name="ManagedCode.Communication.Tests.CollectionResults.CollectionResultFromMethodsTests.From_FuncWithSideEffects_ShouldExecuteOnce" storage="/users/ksemenenko/developer/communication/managedcode.communication.tests/bin/debug/net9.0/managedcode.communication.tests.dll" id="de19ba09-da48-16a7-e578-ccf66f701e6a">
      <Execution id="74fc2080-7605-4bba-9897-b774520f1573" />
      <TestMethod codeBase="/Users/ksemenenko/Developer/Communication/ManagedCode.Communication.Tests/bin/Debug/net9.0/ManagedCode.Communication.Tests.dll" adapterTypeName="executor://xunit/VsTestRunner3/netcore/" className="ManagedCode.Communication.Tests.CollectionResults.CollectionResultFromMethodsTests" name="From_FuncWithSideEffects_ShouldExecuteOnce" />
    </UnitTest>
    <UnitTest name="ManagedCode.Communication.Tests.Results.ResultInvalidMethodsTests.ResultT_Invalid_WithEnumKeyValue_ShouldCreateValidationResultWithAll" storage="/users/ksemenenko/developer/communication/managedcode.communication.tests/bin/debug/net9.0/managedcode.communication.tests.dll" id="a2af3fa3-e3a8-4009-0999-eb6fed122f5b">
      <Execution id="bc5012fc-d0bb-4efc-8af9-b30f7c2bf405" />
      <TestMethod codeBase="/Users/ksemenenko/Developer/Communication/ManagedCode.Communication.Tests/bin/Debug/net9.0/ManagedCode.Communication.Tests.dll" adapterTypeName="executor://xunit/VsTestRunner3/netcore/" className="ManagedCode.Communication.Tests.Results.ResultInvalidMethodsTests" name="ResultT_Invalid_WithEnumKeyValue_ShouldCreateValidationResultWithAll" />
    </UnitTest>
    <UnitTest name="ManagedCode.Communication.Tests.Extensions.AdvancedRailwayExtensionsTests.Merge_WithAllSuccessful_ReturnsSuccess" storage="/users/ksemenenko/developer/communication/managedcode.communication.tests/bin/debug/net9.0/managedcode.communication.tests.dll" id="2c4117d2-d5f3-7465-dc4d-12aa228c094e">
      <Execution id="ffa43a44-6eb2-40fc-851f-f764381326f1" />
      <TestMethod codeBase="/Users/ksemenenko/Developer/Communication/ManagedCode.Communication.Tests/bin/Debug/net9.0/ManagedCode.Communication.Tests.dll" adapterTypeName="executor://xunit/VsTestRunner3/netcore/" className="ManagedCode.Communication.Tests.Extensions.AdvancedRailwayExtensionsTests" name="Merge_WithAllSuccessful_ReturnsSuccess" />
    </UnitTest>
    <UnitTest name="ManagedCode.Communication.Tests.CollectionResults.CollectionResultFromMethodsTests.From_GenericFailedCollectionResultWithProblem_ShouldReturnFailedResult" storage="/users/ksemenenko/developer/communication/managedcode.communication.tests/bin/debug/net9.0/managedcode.communication.tests.dll" id="9c7edae4-dba8-a18a-c5ee-0aa71baa7577">
      <Execution id="94dfa66f-ee10-411c-b94c-d61a33086907" />
      <TestMethod codeBase="/Users/ksemenenko/Developer/Communication/ManagedCode.Communication.Tests/bin/Debug/net9.0/ManagedCode.Communication.Tests.dll" adapterTypeName="executor://xunit/VsTestRunner3/netcore/" className="ManagedCode.Communication.Tests.CollectionResults.CollectionResultFromMethodsTests" name="From_GenericFailedCollectionResultWithProblem_ShouldReturnFailedResult" />
    </UnitTest>
    <UnitTest name="ManagedCode.Communication.Tests.CollectionResults.CollectionResultFromMethodsTests.From_FuncReturningEnumerable_ShouldCreateSuccessResult" storage="/users/ksemenenko/developer/communication/managedcode.communication.tests/bin/debug/net9.0/managedcode.communication.tests.dll" id="01b8812e-ccae-4916-6877-6357d55b1d4d">
      <Execution id="d6b93399-c8d7-4e53-b1dc-944c8607fc38" />
      <TestMethod codeBase="/Users/ksemenenko/Developer/Communication/ManagedCode.Communication.Tests/bin/Debug/net9.0/ManagedCode.Communication.Tests.dll" adapterTypeName="executor://xunit/VsTestRunner3/netcore/" className="ManagedCode.Communication.Tests.CollectionResults.CollectionResultFromMethodsTests" name="From_FuncReturningEnumerable_ShouldCreateSuccessResult" />
    </UnitTest>
    <UnitTest name="ManagedCode.Communication.Tests.Results.ResultTTests.Bind_WithSuccessfulResult_ShouldExecuteFunction" storage="/users/ksemenenko/developer/communication/managedcode.communication.tests/bin/debug/net9.0/managedcode.communication.tests.dll" id="565488d3-a79f-0bc7-7c73-b71ab1303e0e">
      <Execution id="8666823e-6ca5-4430-befc-f29a8b3409a3" />
      <TestMethod codeBase="/Users/ksemenenko/Developer/Communication/ManagedCode.Communication.Tests/bin/Debug/net9.0/ManagedCode.Communication.Tests.dll" adapterTypeName="executor://xunit/VsTestRunner3/netcore/" className="ManagedCode.Communication.Tests.Results.ResultTTests" name="Bind_WithSuccessfulResult_ShouldExecuteFunction" />
    </UnitTest>
    <UnitTest name="ManagedCode.Communication.Tests.CollectionResults.CollectionResultFromMethodsTests.From_ComplexTypes_ShouldHandleCorrectly" storage="/users/ksemenenko/developer/communication/managedcode.communication.tests/bin/debug/net9.0/managedcode.communication.tests.dll" id="296230cb-2332-ed3e-7412-3dcdf1d43e62">
      <Execution id="d99fe039-9894-47e2-89ce-f13c4ad01aa7" />
      <TestMethod codeBase="/Users/ksemenenko/Developer/Communication/ManagedCode.Communication.Tests/bin/Debug/net9.0/ManagedCode.Communication.Tests.dll" adapterTypeName="executor://xunit/VsTestRunner3/netcore/" className="ManagedCode.Communication.Tests.CollectionResults.CollectionResultFromMethodsTests" name="From_ComplexTypes_ShouldHandleCorrectly" />
    </UnitTest>
    <UnitTest name="ManagedCode.Communication.Tests.Results.ResultTFailMethodsTests.ResultT_Fail_WithHttpStatusEnum_ShouldUseEnumValueAsStatusCode" storage="/users/ksemenenko/developer/communication/managedcode.communication.tests/bin/debug/net9.0/managedcode.communication.tests.dll" id="888b4819-f7ed-7fe6-9deb-65cd848ab917">
      <Execution id="efe9d1f5-a70f-4672-a0d0-fa66cad36449" />
      <TestMethod codeBase="/Users/ksemenenko/Developer/Communication/ManagedCode.Communication.Tests/bin/Debug/net9.0/ManagedCode.Communication.Tests.dll" adapterTypeName="executor://xunit/VsTestRunner3/netcore/" className="ManagedCode.Communication.Tests.Results.ResultTFailMethodsTests" name="ResultT_Fail_WithHttpStatusEnum_ShouldUseEnumValueAsStatusCode" />
    </UnitTest>
    <UnitTest name="ManagedCode.Communication.Tests.Results.ResultInvalidMethodsTests.Result_InvalidT_WithKeyValue_ShouldCreateValidationResultWithCustomField" storage="/users/ksemenenko/developer/communication/managedcode.communication.tests/bin/debug/net9.0/managedcode.communication.tests.dll" id="1868671e-db4e-df1a-0576-e50eea4adffe">
      <Execution id="e65dfe57-ee23-472e-81c2-1dd585241d8e" />
      <TestMethod codeBase="/Users/ksemenenko/Developer/Communication/ManagedCode.Communication.Tests/bin/Debug/net9.0/ManagedCode.Communication.Tests.dll" adapterTypeName="executor://xunit/VsTestRunner3/netcore/" className="ManagedCode.Communication.Tests.Results.ResultInvalidMethodsTests" name="Result_InvalidT_WithKeyValue_ShouldCreateValidationResultWithCustomField" />
    </UnitTest>
    <UnitTest name="ManagedCode.Communication.Tests.Extensions.AdvancedRailwayExtensionsTests.Verify_WithTrueCondition_ReturnsSuccess" storage="/users/ksemenenko/developer/communication/managedcode.communication.tests/bin/debug/net9.0/managedcode.communication.tests.dll" id="e09feaae-1604-975a-64d2-68f66143e466">
      <Execution id="5f69a588-9a3e-4bdd-82d2-10ca312998d2" />
      <TestMethod codeBase="/Users/ksemenenko/Developer/Communication/ManagedCode.Communication.Tests/bin/Debug/net9.0/ManagedCode.Communication.Tests.dll" adapterTypeName="executor://xunit/VsTestRunner3/netcore/" className="ManagedCode.Communication.Tests.Extensions.AdvancedRailwayExtensionsTests" name="Verify_WithTrueCondition_ReturnsSuccess" />
    </UnitTest>
    <UnitTest name="ManagedCode.Communication.Tests.Results.CollectionResultTests.InvalidField_WithValidationProblem_ShouldReturnCorrectResult" storage="/users/ksemenenko/developer/communication/managedcode.communication.tests/bin/debug/net9.0/managedcode.communication.tests.dll" id="a9049ec7-47e6-1452-0cab-fffe5164f084">
      <Execution id="1c6e3c58-a4a9-4c0e-9a65-27b13e959655" />
      <TestMethod codeBase="/Users/ksemenenko/Developer/Communication/ManagedCode.Communication.Tests/bin/Debug/net9.0/ManagedCode.Communication.Tests.dll" adapterTypeName="executor://xunit/VsTestRunner3/netcore/" className="ManagedCode.Communication.Tests.Results.CollectionResultTests" name="InvalidField_WithValidationProblem_ShouldReturnCorrectResult" />
    </UnitTest>
    <UnitTest name="ManagedCode.Communication.Tests.Results.ResultTTests.ImplicitOperator_FromValue_ShouldCreateSuccessfulResult" storage="/users/ksemenenko/developer/communication/managedcode.communication.tests/bin/debug/net9.0/managedcode.communication.tests.dll" id="75182c76-38a7-377f-7070-40caa7b382c0">
      <Execution id="2e0db8dd-0c07-4134-aa98-430a6ae7e28a" />
      <TestMethod codeBase="/Users/ksemenenko/Developer/Communication/ManagedCode.Communication.Tests/bin/Debug/net9.0/ManagedCode.Communication.Tests.dll" adapterTypeName="executor://xunit/VsTestRunner3/netcore/" className="ManagedCode.Communication.Tests.Results.ResultTTests" name="ImplicitOperator_FromValue_ShouldCreateSuccessfulResult" />
    </UnitTest>
    <UnitTest name="ManagedCode.Communication.Tests.Serialization.SerializationTests.CommandMetadata_ShouldSerializeAndDeserialize" storage="/users/ksemenenko/developer/communication/managedcode.communication.tests/bin/debug/net9.0/managedcode.communication.tests.dll" id="6983a880-9157-394a-891c-2e7cb526bc4c">
      <Execution id="3047cc3c-b4a1-4cd9-80c0-c9cd5b60b98f" />
      <TestMethod codeBase="/Users/ksemenenko/Developer/Communication/ManagedCode.Communication.Tests/bin/Debug/net9.0/ManagedCode.Communication.Tests.dll" adapterTypeName="executor://xunit/VsTestRunner3/netcore/" className="ManagedCode.Communication.Tests.Serialization.SerializationTests" name="CommandMetadata_ShouldSerializeAndDeserialize" />
    </UnitTest>
    <UnitTest name="ManagedCode.Communication.Tests.Extensions.AdvancedRailwayExtensionsTests.FailIf_WithValidationErrors_FailsWithMultipleErrors" storage="/users/ksemenenko/developer/communication/managedcode.communication.tests/bin/debug/net9.0/managedcode.communication.tests.dll" id="35211776-3f68-d78b-18e2-a21a4d369aed">
      <Execution id="297ed8a6-beb9-4746-b584-f911c21e9a90" />
      <TestMethod codeBase="/Users/ksemenenko/Developer/Communication/ManagedCode.Communication.Tests/bin/Debug/net9.0/ManagedCode.Communication.Tests.dll" adapterTypeName="executor://xunit/VsTestRunner3/netcore/" className="ManagedCode.Communication.Tests.Extensions.AdvancedRailwayExtensionsTests" name="FailIf_WithValidationErrors_FailsWithMultipleErrors" />
    </UnitTest>
    <UnitTest name="ManagedCode.Communication.Tests.Results.ResultFailMethodsTests.Result_Fail_WithTitle_ShouldCreateFailedResultWithInternalServerError" storage="/users/ksemenenko/developer/communication/managedcode.communication.tests/bin/debug/net9.0/managedcode.communication.tests.dll" id="7d15150a-7174-6f65-3843-6fe9d1970c7b">
      <Execution id="cafa0bac-7ab3-4219-bc9a-e6f943bb3960" />
      <TestMethod codeBase="/Users/ksemenenko/Developer/Communication/ManagedCode.Communication.Tests/bin/Debug/net9.0/ManagedCode.Communication.Tests.dll" adapterTypeName="executor://xunit/VsTestRunner3/netcore/" className="ManagedCode.Communication.Tests.Results.ResultFailMethodsTests" name="Result_Fail_WithTitle_ShouldCreateFailedResultWithInternalServerError" />
    </UnitTest>
    <UnitTest name="ManagedCode.Communication.Tests.Results.ProblemTests.WithExtensions_ShouldOverwriteExistingExtensions" storage="/users/ksemenenko/developer/communication/managedcode.communication.tests/bin/debug/net9.0/managedcode.communication.tests.dll" id="8eb35749-f865-2bf9-dc8d-fbacac303a24">
      <Execution id="2f593fc5-d5aa-45b7-b456-a06c8ce73322" />
      <TestMethod codeBase="/Users/ksemenenko/Developer/Communication/ManagedCode.Communication.Tests/bin/Debug/net9.0/ManagedCode.Communication.Tests.dll" adapterTypeName="executor://xunit/VsTestRunner3/netcore/" className="ManagedCode.Communication.Tests.Results.ProblemTests" name="WithExtensions_ShouldOverwriteExistingExtensions" />
    </UnitTest>
    <UnitTest name="ManagedCode.Communication.Tests.ResultExtensionsTests.TapGeneric_WithSuccessResult_ShouldExecuteActionWithValue" storage="/users/ksemenenko/developer/communication/managedcode.communication.tests/bin/debug/net9.0/managedcode.communication.tests.dll" id="924855e1-9194-3b57-9cd1-1c25809360b6">
      <Execution id="d85aa400-69b4-4c64-b9e7-3c93396e5077" />
      <TestMethod codeBase="/Users/ksemenenko/Developer/Communication/ManagedCode.Communication.Tests/bin/Debug/net9.0/ManagedCode.Communication.Tests.dll" adapterTypeName="executor://xunit/VsTestRunner3/netcore/" className="ManagedCode.Communication.Tests.ResultExtensionsTests" name="TapGeneric_WithSuccessResult_ShouldExecuteActionWithValue" />
    </UnitTest>
    <UnitTest name="ManagedCode.Communication.Tests.AspNetCore.Extensions.ServiceCollectionExtensionsTests.Communication_Should_Handle_Collection_Results" storage="/users/ksemenenko/developer/communication/managedcode.communication.tests/bin/debug/net9.0/managedcode.communication.tests.dll" id="4628ea67-a850-c618-dd07-6b8c93867133">
      <Execution id="82c182a8-668b-41b7-8627-fdb6b658a26e" />
      <TestMethod codeBase="/Users/ksemenenko/Developer/Communication/ManagedCode.Communication.Tests/bin/Debug/net9.0/ManagedCode.Communication.Tests.dll" adapterTypeName="executor://xunit/VsTestRunner3/netcore/" className="ManagedCode.Communication.Tests.AspNetCore.Extensions.ServiceCollectionExtensionsTests" name="Communication_Should_Handle_Collection_Results" />
    </UnitTest>
    <UnitTest name="ManagedCode.Communication.Tests.Results.ResultInvalidMethodsTests.Invalid_WithEmptyDictionary_ShouldCreateValidationResultWithoutErrors" storage="/users/ksemenenko/developer/communication/managedcode.communication.tests/bin/debug/net9.0/managedcode.communication.tests.dll" id="c574a1e3-8952-ce45-2c0e-dc14f4ee4afc">
      <Execution id="39fb68a9-b5cc-45af-bd18-221369dd238c" />
      <TestMethod codeBase="/Users/ksemenenko/Developer/Communication/ManagedCode.Communication.Tests/bin/Debug/net9.0/ManagedCode.Communication.Tests.dll" adapterTypeName="executor://xunit/VsTestRunner3/netcore/" className="ManagedCode.Communication.Tests.Results.ResultInvalidMethodsTests" name="Invalid_WithEmptyDictionary_ShouldCreateValidationResultWithoutErrors" />
    </UnitTest>
    <UnitTest name="ManagedCode.Communication.Tests.Orleans.Serialization.CommandSerializationTests.CommandT_WithNullPayload_ShouldSerializeCorrectly" storage="/users/ksemenenko/developer/communication/managedcode.communication.tests/bin/debug/net9.0/managedcode.communication.tests.dll" id="d7f431fb-d8db-7127-72a4-c56f83d9c52c">
      <Execution id="b050adb3-5eac-42a0-8ec2-103063b68114" />
      <TestMethod codeBase="/Users/ksemenenko/Developer/Communication/ManagedCode.Communication.Tests/bin/Debug/net9.0/ManagedCode.Communication.Tests.dll" adapterTypeName="executor://xunit/VsTestRunner3/netcore/" className="ManagedCode.Communication.Tests.Orleans.Serialization.CommandSerializationTests" name="CommandT_WithNullPayload_ShouldSerializeCorrectly" />
    </UnitTest>
    <UnitTest name="ManagedCode.Communication.Tests.Extensions.ServiceCollectionExtensionsTests.ConfigureCommunication_WithLoggerFactory_ConfiguresLoggerAndReturns" storage="/users/ksemenenko/developer/communication/managedcode.communication.tests/bin/debug/net9.0/managedcode.communication.tests.dll" id="411e38f1-ebfb-df19-3a3a-707f30f3c5be">
      <Execution id="d96a8208-1657-40ce-ab61-8d06e4945b42" />
      <TestMethod codeBase="/Users/ksemenenko/Developer/Communication/ManagedCode.Communication.Tests/bin/Debug/net9.0/ManagedCode.Communication.Tests.dll" adapterTypeName="executor://xunit/VsTestRunner3/netcore/" className="ManagedCode.Communication.Tests.Extensions.ServiceCollectionExtensionsTests" name="ConfigureCommunication_WithLoggerFactory_ConfiguresLoggerAndReturns" />
    </UnitTest>
    <UnitTest name="ManagedCode.Communication.Tests.Extensions.ResultConversionExtensionsTests.AsResult_InfersTypeFromValue" storage="/users/ksemenenko/developer/communication/managedcode.communication.tests/bin/debug/net9.0/managedcode.communication.tests.dll" id="2e2fba21-e57a-bf8c-9794-7565ebcbea78">
      <Execution id="cba46a2e-b87e-4b7d-8ba0-d5cc5b034415" />
      <TestMethod codeBase="/Users/ksemenenko/Developer/Communication/ManagedCode.Communication.Tests/bin/Debug/net9.0/ManagedCode.Communication.Tests.dll" adapterTypeName="executor://xunit/VsTestRunner3/netcore/" className="ManagedCode.Communication.Tests.Extensions.ResultConversionExtensionsTests" name="AsResult_InfersTypeFromValue" />
    </UnitTest>
    <UnitTest name="ManagedCode.Communication.Tests.Results.ResultStaticHelperMethodsTests.Result_FailT_WithException_ShouldCreateFailedResultTWithException" storage="/users/ksemenenko/developer/communication/managedcode.communication.tests/bin/debug/net9.0/managedcode.communication.tests.dll" id="9aa28a55-43de-1f3f-a73d-5386fa240b7d">
      <Execution id="01c8e003-7261-4851-b167-a3a26c22c4f4" />
      <TestMethod codeBase="/Users/ksemenenko/Developer/Communication/ManagedCode.Communication.Tests/bin/Debug/net9.0/ManagedCode.Communication.Tests.dll" adapterTypeName="executor://xunit/VsTestRunner3/netcore/" className="ManagedCode.Communication.Tests.Results.ResultStaticHelperMethodsTests" name="Result_FailT_WithException_ShouldCreateFailedResultTWithException" />
    </UnitTest>
    <UnitTest name="ManagedCode.Communication.Tests.Results.ResultHelperMethodsTests.Result_Fail_WithHttpStatusCode_ShouldCreateFailedResult" storage="/users/ksemenenko/developer/communication/managedcode.communication.tests/bin/debug/net9.0/managedcode.communication.tests.dll" id="49adad49-3c64-2145-0e11-a2cf215140e6">
      <Execution id="75d54580-c0c7-4e41-b389-2671eabcec1b" />
      <TestMethod codeBase="/Users/ksemenenko/Developer/Communication/ManagedCode.Communication.Tests/bin/Debug/net9.0/ManagedCode.Communication.Tests.dll" adapterTypeName="executor://xunit/VsTestRunner3/netcore/" className="ManagedCode.Communication.Tests.Results.ResultHelperMethodsTests" name="Result_Fail_WithHttpStatusCode_ShouldCreateFailedResult" />
    </UnitTest>
    <UnitTest name="ManagedCode.Communication.Tests.Orleans.OrleansSerializationTests.ComplexNestedSerialization_ShouldPreserveAllData" storage="/users/ksemenenko/developer/communication/managedcode.communication.tests/bin/debug/net9.0/managedcode.communication.tests.dll" id="5874f3ff-508a-2af1-27a9-3900f428d369">
      <Execution id="bb3d220f-7a9e-47e6-bf1b-aa097d1b36b2" />
      <TestMethod codeBase="/Users/ksemenenko/Developer/Communication/ManagedCode.Communication.Tests/bin/Debug/net9.0/ManagedCode.Communication.Tests.dll" adapterTypeName="executor://xunit/VsTestRunner3/netcore/" className="ManagedCode.Communication.Tests.Orleans.OrleansSerializationTests" name="ComplexNestedSerialization_ShouldPreserveAllData" />
    </UnitTest>
    <UnitTest name="ManagedCode.Communication.Tests.CollectionResults.CollectionResultFromMethodsTests.From_ValueTaskReturningCollectionResult_ShouldReturnSameResult" storage="/users/ksemenenko/developer/communication/managedcode.communication.tests/bin/debug/net9.0/managedcode.communication.tests.dll" id="7e46dd07-4366-27a0-3009-4a77bc548fa9">
      <Execution id="61747f9a-3874-46f3-81fa-d24c976ca907" />
      <TestMethod codeBase="/Users/ksemenenko/Developer/Communication/ManagedCode.Communication.Tests/bin/Debug/net9.0/ManagedCode.Communication.Tests.dll" adapterTypeName="executor://xunit/VsTestRunner3/netcore/" className="ManagedCode.Communication.Tests.CollectionResults.CollectionResultFromMethodsTests" name="From_ValueTaskReturningCollectionResult_ShouldReturnSameResult" />
    </UnitTest>
    <UnitTest name="ManagedCode.Communication.Tests.Orleans.Serialization.CommandSerializationTests.Command_WithAllFields_ShouldSerializeCorrectly" storage="/users/ksemenenko/developer/communication/managedcode.communication.tests/bin/debug/net9.0/managedcode.communication.tests.dll" id="21522ead-b433-4ed6-2bc6-7bc12d8649e5">
      <Execution id="4ad9c206-7af4-451a-b1d6-f58720814d5c" />
      <TestMethod codeBase="/Users/ksemenenko/Developer/Communication/ManagedCode.Communication.Tests/bin/Debug/net9.0/ManagedCode.Communication.Tests.dll" adapterTypeName="executor://xunit/VsTestRunner3/netcore/" className="ManagedCode.Communication.Tests.Orleans.Serialization.CommandSerializationTests" name="Command_WithAllFields_ShouldSerializeCorrectly" />
    </UnitTest>
    <UnitTest name="ManagedCode.Communication.Tests.ControllerTests.MiddlewareTests.FailResult" storage="/users/ksemenenko/developer/communication/managedcode.communication.tests/bin/debug/net9.0/managedcode.communication.tests.dll" id="8891f4eb-c9b0-3e3f-c742-57b774363d63">
      <Execution id="3abd1b14-8cad-48c6-954c-5202906e31d7" />
      <TestMethod codeBase="/Users/ksemenenko/Developer/Communication/ManagedCode.Communication.Tests/bin/Debug/net9.0/ManagedCode.Communication.Tests.dll" adapterTypeName="executor://xunit/VsTestRunner3/netcore/" className="ManagedCode.Communication.Tests.ControllerTests.MiddlewareTests" name="FailResult" />
    </UnitTest>
    <UnitTest name="ManagedCode.Communication.Tests.Extensions.ResultConversionExtensionsTests.AsResult_WithIntValue_CreatesSuccessfulResult" storage="/users/ksemenenko/developer/communication/managedcode.communication.tests/bin/debug/net9.0/managedcode.communication.tests.dll" id="9523222d-3297-4077-2b57-514061f60535">
      <Execution id="e3ba2e66-47d5-48b5-83a6-4eccd1b261c9" />
      <TestMethod codeBase="/Users/ksemenenko/Developer/Communication/ManagedCode.Communication.Tests/bin/Debug/net9.0/ManagedCode.Communication.Tests.dll" adapterTypeName="executor://xunit/VsTestRunner3/netcore/" className="ManagedCode.Communication.Tests.Extensions.ResultConversionExtensionsTests" name="AsResult_WithIntValue_CreatesSuccessfulResult" />
    </UnitTest>
    <UnitTest name="ManagedCode.Communication.Tests.Results.ResultHelperMethodsTests.Result_From_WithAsyncTask_ShouldReturnSuccess" storage="/users/ksemenenko/developer/communication/managedcode.communication.tests/bin/debug/net9.0/managedcode.communication.tests.dll" id="ce3de199-36d5-8ba5-2e51-6302507f3d29">
      <Execution id="f3b6c332-5c27-489c-b458-d67880004abb" />
      <TestMethod codeBase="/Users/ksemenenko/Developer/Communication/ManagedCode.Communication.Tests/bin/Debug/net9.0/ManagedCode.Communication.Tests.dll" adapterTypeName="executor://xunit/VsTestRunner3/netcore/" className="ManagedCode.Communication.Tests.Results.ResultHelperMethodsTests" name="Result_From_WithAsyncTask_ShouldReturnSuccess" />
    </UnitTest>
    <UnitTest name="ManagedCode.Communication.Tests.Extensions.RailwayExtensionsTests.Bind_FailedResultT_DoesNotExecuteBinder" storage="/users/ksemenenko/developer/communication/managedcode.communication.tests/bin/debug/net9.0/managedcode.communication.tests.dll" id="db2cb8c8-7d9d-eb1f-44ff-41d77481d91c">
      <Execution id="1cf84ae1-89f9-4e50-ac02-0e18557e58f0" />
      <TestMethod codeBase="/Users/ksemenenko/Developer/Communication/ManagedCode.Communication.Tests/bin/Debug/net9.0/ManagedCode.Communication.Tests.dll" adapterTypeName="executor://xunit/VsTestRunner3/netcore/" className="ManagedCode.Communication.Tests.Extensions.RailwayExtensionsTests" name="Bind_FailedResultT_DoesNotExecuteBinder" />
    </UnitTest>
    <UnitTest name="ManagedCode.Communication.Tests.ProblemTests.ProblemCreateMethodsTests.Problem_Create_WithEnumAndVariousStatusCodes_ShouldSetCorrectType(statusCode: 404, enumValue: &quot;NotFound&quot;)" storage="/users/ksemenenko/developer/communication/managedcode.communication.tests/bin/debug/net9.0/managedcode.communication.tests.dll" id="85fd8d0b-9fc0-1fbf-e3ac-fb7bd19ad960">
      <Execution id="3bd3feb8-ff00-4c76-a05a-4be39fd05113" />
      <TestMethod codeBase="/Users/ksemenenko/Developer/Communication/ManagedCode.Communication.Tests/bin/Debug/net9.0/ManagedCode.Communication.Tests.dll" adapterTypeName="executor://xunit/VsTestRunner3/netcore/" className="ManagedCode.Communication.Tests.ProblemTests.ProblemCreateMethodsTests" name="Problem_Create_WithEnumAndVariousStatusCodes_ShouldSetCorrectType" />
    </UnitTest>
    <UnitTest name="ManagedCode.Communication.Tests.Results.ResultTests.TryGetProblem_WithSuccessfulResult_ShouldReturnFalse" storage="/users/ksemenenko/developer/communication/managedcode.communication.tests/bin/debug/net9.0/managedcode.communication.tests.dll" id="65200420-42ce-b190-7ff7-7b164ff1ec76">
      <Execution id="47e8473e-5a7b-434c-8659-647ab66c7d34" />
      <TestMethod codeBase="/Users/ksemenenko/Developer/Communication/ManagedCode.Communication.Tests/bin/Debug/net9.0/ManagedCode.Communication.Tests.dll" adapterTypeName="executor://xunit/VsTestRunner3/netcore/" className="ManagedCode.Communication.Tests.Results.ResultTests" name="TryGetProblem_WithSuccessfulResult_ShouldReturnFalse" />
    </UnitTest>
    <UnitTest name="ManagedCode.Communication.Tests.Extensions.ProblemExtensionsTests.ToProblemDetails_ShouldConvertProblemToProblemDetails" storage="/users/ksemenenko/developer/communication/managedcode.communication.tests/bin/debug/net9.0/managedcode.communication.tests.dll" id="c214f264-6d82-7290-5fa6-35b6158af292">
      <Execution id="9a74a9a8-92c1-4fb6-8d98-d137bd916b12" />
      <TestMethod codeBase="/Users/ksemenenko/Developer/Communication/ManagedCode.Communication.Tests/bin/Debug/net9.0/ManagedCode.Communication.Tests.dll" adapterTypeName="executor://xunit/VsTestRunner3/netcore/" className="ManagedCode.Communication.Tests.Extensions.ProblemExtensionsTests" name="ToProblemDetails_ShouldConvertProblemToProblemDetails" />
    </UnitTest>
    <UnitTest name="ManagedCode.Communication.Tests.Results.ResultHelperMethodsTests.ResultT_From_WithSuccessResult_ShouldReturnSuccessWithValue" storage="/users/ksemenenko/developer/communication/managedcode.communication.tests/bin/debug/net9.0/managedcode.communication.tests.dll" id="b3b9ef4c-6313-6dea-33cf-2d0e819cad64">
      <Execution id="51ef9438-02e1-4927-a60b-c118ccd00f44" />
      <TestMethod codeBase="/Users/ksemenenko/Developer/Communication/ManagedCode.Communication.Tests/bin/Debug/net9.0/ManagedCode.Communication.Tests.dll" adapterTypeName="executor://xunit/VsTestRunner3/netcore/" className="ManagedCode.Communication.Tests.Results.ResultHelperMethodsTests" name="ResultT_From_WithSuccessResult_ShouldReturnSuccessWithValue" />
    </UnitTest>
    <UnitTest name="ManagedCode.Communication.Tests.Results.ProblemToExceptionTests.ToException_FromProblemCreatedFromInvalidOperationException_ShouldReconstructOriginalExceptionType" storage="/users/ksemenenko/developer/communication/managedcode.communication.tests/bin/debug/net9.0/managedcode.communication.tests.dll" id="fd226736-c1a4-0f7f-960f-3551ec9d470c">
      <Execution id="d196adaa-dd5c-4fbb-8b66-966f6c8bec90" />
      <TestMethod codeBase="/Users/ksemenenko/Developer/Communication/ManagedCode.Communication.Tests/bin/Debug/net9.0/ManagedCode.Communication.Tests.dll" adapterTypeName="executor://xunit/VsTestRunner3/netcore/" className="ManagedCode.Communication.Tests.Results.ProblemToExceptionTests" name="ToException_FromProblemCreatedFromInvalidOperationException_ShouldReconstructOriginalExceptionType" />
    </UnitTest>
    <UnitTest name="ManagedCode.Communication.Tests.Results.ResultStaticHelperMethodsTests.Result_FailUnauthorizedT_NoParameters_ShouldCreateUnauthorizedResultT" storage="/users/ksemenenko/developer/communication/managedcode.communication.tests/bin/debug/net9.0/managedcode.communication.tests.dll" id="47c73d27-daf8-07a6-9992-33ab057f0562">
      <Execution id="54878b4e-b941-4e47-9af8-30cbb1718ead" />
      <TestMethod codeBase="/Users/ksemenenko/Developer/Communication/ManagedCode.Communication.Tests/bin/Debug/net9.0/ManagedCode.Communication.Tests.dll" adapterTypeName="executor://xunit/VsTestRunner3/netcore/" className="ManagedCode.Communication.Tests.Results.ResultStaticHelperMethodsTests" name="Result_FailUnauthorizedT_NoParameters_ShouldCreateUnauthorizedResultT" />
    </UnitTest>
    <UnitTest name="ManagedCode.Communication.Tests.Extensions.HttpResponseExtensionTests.FromRequestToResult_NoContentStatusCode_ReturnsSuccessResult" storage="/users/ksemenenko/developer/communication/managedcode.communication.tests/bin/debug/net9.0/managedcode.communication.tests.dll" id="4ec95413-36ce-2f53-a5aa-0f2f9a590c47">
      <Execution id="7a175c09-036f-4ab6-b163-6210b7098d95" />
      <TestMethod codeBase="/Users/ksemenenko/Developer/Communication/ManagedCode.Communication.Tests/bin/Debug/net9.0/ManagedCode.Communication.Tests.dll" adapterTypeName="executor://xunit/VsTestRunner3/netcore/" className="ManagedCode.Communication.Tests.Extensions.HttpResponseExtensionTests" name="FromRequestToResult_NoContentStatusCode_ReturnsSuccessResult" />
    </UnitTest>
    <UnitTest name="ManagedCode.Communication.Tests.Results.ResultHelperMethodsTests.Result_TryGetProblem_WithFailure_ShouldReturnTrueAndProblem" storage="/users/ksemenenko/developer/communication/managedcode.communication.tests/bin/debug/net9.0/managedcode.communication.tests.dll" id="a7cb801d-7f16-2aed-a9b9-27ada01410cb">
      <Execution id="3a77c7ce-583f-481f-883c-7499b77db55f" />
      <TestMethod codeBase="/Users/ksemenenko/Developer/Communication/ManagedCode.Communication.Tests/bin/Debug/net9.0/ManagedCode.Communication.Tests.dll" adapterTypeName="executor://xunit/VsTestRunner3/netcore/" className="ManagedCode.Communication.Tests.Results.ResultHelperMethodsTests" name="Result_TryGetProblem_WithFailure_ShouldReturnTrueAndProblem" />
    </UnitTest>
    <UnitTest name="ManagedCode.Communication.Tests.Results.ResultHelperMethodsTests.Result_Try_WithCustomStatusCode_ShouldUseProvidedCode" storage="/users/ksemenenko/developer/communication/managedcode.communication.tests/bin/debug/net9.0/managedcode.communication.tests.dll" id="f3b583ac-90ff-1f56-69dc-aadf0d375497">
      <Execution id="2bfb22b8-fc69-44a3-aa7f-6e9e1f50701b" />
      <TestMethod codeBase="/Users/ksemenenko/Developer/Communication/ManagedCode.Communication.Tests/bin/Debug/net9.0/ManagedCode.Communication.Tests.dll" adapterTypeName="executor://xunit/VsTestRunner3/netcore/" className="ManagedCode.Communication.Tests.Results.ResultHelperMethodsTests" name="Result_Try_WithCustomStatusCode_ShouldUseProvidedCode" />
    </UnitTest>
    <UnitTest name="ManagedCode.Communication.Tests.Extensions.RailwayExtensionsTests.Else_FailedResultT_ReturnsAlternativeValue" storage="/users/ksemenenko/developer/communication/managedcode.communication.tests/bin/debug/net9.0/managedcode.communication.tests.dll" id="2460b2eb-c7c7-67db-b872-797238ca95cb">
      <Execution id="e0142f7a-09d2-4640-8444-64d90f485417" />
      <TestMethod codeBase="/Users/ksemenenko/Developer/Communication/ManagedCode.Communication.Tests/bin/Debug/net9.0/ManagedCode.Communication.Tests.dll" adapterTypeName="executor://xunit/VsTestRunner3/netcore/" className="ManagedCode.Communication.Tests.Extensions.RailwayExtensionsTests" name="Else_FailedResultT_ReturnsAlternativeValue" />
    </UnitTest>
    <UnitTest name="ManagedCode.Communication.Tests.CollectionResults.CollectionResultFailMethodsTests.Fail_WithVariousStatusCodes_ShouldSetCorrectStatusCode(statusCode: ServiceUnavailable, expectedCode: 503)" storage="/users/ksemenenko/developer/communication/managedcode.communication.tests/bin/debug/net9.0/managedcode.communication.tests.dll" id="f8292c99-1fa2-ca17-1340-240e96354ffd">
      <Execution id="7a75d6ed-ada4-4689-b0dc-82a5a1b04032" />
      <TestMethod codeBase="/Users/ksemenenko/Developer/Communication/ManagedCode.Communication.Tests/bin/Debug/net9.0/ManagedCode.Communication.Tests.dll" adapterTypeName="executor://xunit/VsTestRunner3/netcore/" className="ManagedCode.Communication.Tests.CollectionResults.CollectionResultFailMethodsTests" name="Fail_WithVariousStatusCodes_ShouldSetCorrectStatusCode" />
    </UnitTest>
    <UnitTest name="ManagedCode.Communication.Tests.ProblemTests.ProblemCreateMethodsTests.Problem_Create_WithEnumDetailAndStatusCode_ShouldCreateProblemWithCustomDetail" storage="/users/ksemenenko/developer/communication/managedcode.communication.tests/bin/debug/net9.0/managedcode.communication.tests.dll" id="976bb755-951a-abad-a6b2-b4df05914837">
      <Execution id="466eb380-1c53-4524-a505-9e8806fc161c" />
      <TestMethod codeBase="/Users/ksemenenko/Developer/Communication/ManagedCode.Communication.Tests/bin/Debug/net9.0/ManagedCode.Communication.Tests.dll" adapterTypeName="executor://xunit/VsTestRunner3/netcore/" className="ManagedCode.Communication.Tests.ProblemTests.ProblemCreateMethodsTests" name="Problem_Create_WithEnumDetailAndStatusCode_ShouldCreateProblemWithCustomDetail" />
    </UnitTest>
    <UnitTest name="ManagedCode.Communication.Tests.Commands.MemoryCacheCommandIdempotencyStoreTests.TryGetCachedResultAsync_WhenResultDoesNotExist_ReturnsNoResult" storage="/users/ksemenenko/developer/communication/managedcode.communication.tests/bin/debug/net9.0/managedcode.communication.tests.dll" id="fce90108-bb07-0d70-0d98-6d4db0f3bc3e">
      <Execution id="7bf94f75-d99a-4660-985a-57191aefce25" />
      <TestMethod codeBase="/Users/ksemenenko/Developer/Communication/ManagedCode.Communication.Tests/bin/Debug/net9.0/ManagedCode.Communication.Tests.dll" adapterTypeName="executor://xunit/VsTestRunner3/netcore/" className="ManagedCode.Communication.Tests.Commands.MemoryCacheCommandIdempotencyStoreTests" name="TryGetCachedResultAsync_WhenResultDoesNotExist_ReturnsNoResult" />
    </UnitTest>
    <UnitTest name="ManagedCode.Communication.Tests.CollectionResults.CollectionResultFailMethodsTests.Fail_WithArray_ShouldCreateFailedResultWithItems" storage="/users/ksemenenko/developer/communication/managedcode.communication.tests/bin/debug/net9.0/managedcode.communication.tests.dll" id="55af12a1-8c60-19cc-8253-bcb814fd0918">
      <Execution id="4f0313c3-0c7b-45ae-8341-3715d54395b0" />
      <TestMethod codeBase="/Users/ksemenenko/Developer/Communication/ManagedCode.Communication.Tests/bin/Debug/net9.0/ManagedCode.Communication.Tests.dll" adapterTypeName="executor://xunit/VsTestRunner3/netcore/" className="ManagedCode.Communication.Tests.CollectionResults.CollectionResultFailMethodsTests" name="Fail_WithArray_ShouldCreateFailedResultWithItems" />
    </UnitTest>
    <UnitTest name="ManagedCode.Communication.Tests.CollectionResults.CollectionResultFromMethodsTests.From_TaskReturningList_ShouldCreateSuccessResult" storage="/users/ksemenenko/developer/communication/managedcode.communication.tests/bin/debug/net9.0/managedcode.communication.tests.dll" id="261108eb-e4aa-9aa8-08d4-1bd3d2b96ec0">
      <Execution id="49920f38-9380-4dcd-bc88-c812072f0d61" />
      <TestMethod codeBase="/Users/ksemenenko/Developer/Communication/ManagedCode.Communication.Tests/bin/Debug/net9.0/ManagedCode.Communication.Tests.dll" adapterTypeName="executor://xunit/VsTestRunner3/netcore/" className="ManagedCode.Communication.Tests.CollectionResults.CollectionResultFromMethodsTests" name="From_TaskReturningList_ShouldCreateSuccessResult" />
    </UnitTest>
    <UnitTest name="ManagedCode.Communication.Tests.Extensions.AdvancedRailwayExtensionsTests.ToResult_WithNullableStruct_HandlesCorrectly" storage="/users/ksemenenko/developer/communication/managedcode.communication.tests/bin/debug/net9.0/managedcode.communication.tests.dll" id="fb70cdc3-1bf1-6e46-2aba-a1201f5edf64">
      <Execution id="ff2adf82-b09f-4ff1-b5c7-8ea619b68882" />
      <TestMethod codeBase="/Users/ksemenenko/Developer/Communication/ManagedCode.Communication.Tests/bin/Debug/net9.0/ManagedCode.Communication.Tests.dll" adapterTypeName="executor://xunit/VsTestRunner3/netcore/" className="ManagedCode.Communication.Tests.Extensions.AdvancedRailwayExtensionsTests" name="ToResult_WithNullableStruct_HandlesCorrectly" />
    </UnitTest>
    <UnitTest name="ManagedCode.Communication.Tests.CollectionResults.CollectionResultFailMethodsTests.Fail_WithVariousStatusCodes_ShouldSetCorrectStatusCode(statusCode: Unauthorized, expectedCode: 401)" storage="/users/ksemenenko/developer/communication/managedcode.communication.tests/bin/debug/net9.0/managedcode.communication.tests.dll" id="057eaabd-3e0f-9cb8-8caa-35b8258d8daa">
      <Execution id="4ace83c7-9c56-44aa-8b35-6a86ebdd1e76" />
      <TestMethod codeBase="/Users/ksemenenko/Developer/Communication/ManagedCode.Communication.Tests/bin/Debug/net9.0/ManagedCode.Communication.Tests.dll" adapterTypeName="executor://xunit/VsTestRunner3/netcore/" className="ManagedCode.Communication.Tests.CollectionResults.CollectionResultFailMethodsTests" name="Fail_WithVariousStatusCodes_ShouldSetCorrectStatusCode" />
    </UnitTest>
    <UnitTest name="ManagedCode.Communication.Tests.Extensions.AdvancedRailwayExtensionsTests.ToResult_WithNonNullValue_ReturnsSuccess" storage="/users/ksemenenko/developer/communication/managedcode.communication.tests/bin/debug/net9.0/managedcode.communication.tests.dll" id="f42fe5a1-8c83-097f-d090-6df0e300c303">
      <Execution id="b07b6ee5-8069-4c20-b031-89405e8eb1a2" />
      <TestMethod codeBase="/Users/ksemenenko/Developer/Communication/ManagedCode.Communication.Tests/bin/Debug/net9.0/ManagedCode.Communication.Tests.dll" adapterTypeName="executor://xunit/VsTestRunner3/netcore/" className="ManagedCode.Communication.Tests.Extensions.AdvancedRailwayExtensionsTests" name="ToResult_WithNonNullValue_ReturnsSuccess" />
    </UnitTest>
    <UnitTest name="ManagedCode.Communication.Tests.Extensions.ResultConversionExtensionsTests.AsResult_WithStringValue_CreatesSuccessfulResult" storage="/users/ksemenenko/developer/communication/managedcode.communication.tests/bin/debug/net9.0/managedcode.communication.tests.dll" id="ba805cf8-7a9e-a067-dba8-44d688ef5092">
      <Execution id="75d9c5b4-c4b5-4f0b-a134-309154795b04" />
      <TestMethod codeBase="/Users/ksemenenko/Developer/Communication/ManagedCode.Communication.Tests/bin/Debug/net9.0/ManagedCode.Communication.Tests.dll" adapterTypeName="executor://xunit/VsTestRunner3/netcore/" className="ManagedCode.Communication.Tests.Extensions.ResultConversionExtensionsTests" name="AsResult_WithStringValue_CreatesSuccessfulResult" />
    </UnitTest>
    <UnitTest name="ManagedCode.Communication.Tests.Results.ProblemExceptionTests.Constructor_WithTitleOnly_ShouldUseDefaultStatusCodeAndDuplicateDetail" storage="/users/ksemenenko/developer/communication/managedcode.communication.tests/bin/debug/net9.0/managedcode.communication.tests.dll" id="dce3fcdf-7249-6248-dfe7-0e19495e103e">
      <Execution id="7c805182-4628-4c2c-be88-76fee0e1930c" />
      <TestMethod codeBase="/Users/ksemenenko/Developer/Communication/ManagedCode.Communication.Tests/bin/Debug/net9.0/ManagedCode.Communication.Tests.dll" adapterTypeName="executor://xunit/VsTestRunner3/netcore/" className="ManagedCode.Communication.Tests.Results.ProblemExceptionTests" name="Constructor_WithTitleOnly_ShouldUseDefaultStatusCodeAndDuplicateDetail" />
    </UnitTest>
    <UnitTest name="ManagedCode.Communication.Tests.Results.ResultTests.TryGetProblem_WithValidationResult_ShouldReturnTrueAndValidationProblem" storage="/users/ksemenenko/developer/communication/managedcode.communication.tests/bin/debug/net9.0/managedcode.communication.tests.dll" id="44d98ef8-930e-6c96-71e8-5749bf624437">
      <Execution id="66301b1c-8cda-40b2-be48-49626eccaae3" />
      <TestMethod codeBase="/Users/ksemenenko/Developer/Communication/ManagedCode.Communication.Tests/bin/Debug/net9.0/ManagedCode.Communication.Tests.dll" adapterTypeName="executor://xunit/VsTestRunner3/netcore/" className="ManagedCode.Communication.Tests.Results.ResultTests" name="TryGetProblem_WithValidationResult_ShouldReturnTrueAndValidationProblem" />
    </UnitTest>
    <UnitTest name="ManagedCode.Communication.Tests.Results.CollectionResultTests.TryGetProblem_WithEmptyCollection_ButSuccessful_ShouldReturnFalse" storage="/users/ksemenenko/developer/communication/managedcode.communication.tests/bin/debug/net9.0/managedcode.communication.tests.dll" id="72cc59dc-cbb4-fcaa-43ae-593609766cef">
      <Execution id="95853bc2-7527-410f-930a-013a75a106e8" />
      <TestMethod codeBase="/Users/ksemenenko/Developer/Communication/ManagedCode.Communication.Tests/bin/Debug/net9.0/ManagedCode.Communication.Tests.dll" adapterTypeName="executor://xunit/VsTestRunner3/netcore/" className="ManagedCode.Communication.Tests.Results.CollectionResultTests" name="TryGetProblem_WithEmptyCollection_ButSuccessful_ShouldReturnFalse" />
    </UnitTest>
    <UnitTest name="ManagedCode.Communication.Tests.Results.ResultFailMethodsTests.Result_FailNotFound_NoParameters_ShouldCreateNotFoundResult" storage="/users/ksemenenko/developer/communication/managedcode.communication.tests/bin/debug/net9.0/managedcode.communication.tests.dll" id="0dba5786-625f-2c43-9e0c-752956fd421c">
      <Execution id="0f302976-f8e3-4166-82e8-c6907c229285" />
      <TestMethod codeBase="/Users/ksemenenko/Developer/Communication/ManagedCode.Communication.Tests/bin/Debug/net9.0/ManagedCode.Communication.Tests.dll" adapterTypeName="executor://xunit/VsTestRunner3/netcore/" className="ManagedCode.Communication.Tests.Results.ResultFailMethodsTests" name="Result_FailNotFound_NoParameters_ShouldCreateNotFoundResult" />
    </UnitTest>
    <UnitTest name="ManagedCode.Communication.Tests.Extensions.RailwayExtensionsTests.Ensure_FailedResult_RemainsFailedWithOriginalProblem" storage="/users/ksemenenko/developer/communication/managedcode.communication.tests/bin/debug/net9.0/managedcode.communication.tests.dll" id="741c037d-bb74-63dd-9e38-d80561e143db">
      <Execution id="0c2038e0-5553-4d97-a484-bb39ceddece1" />
      <TestMethod codeBase="/Users/ksemenenko/Developer/Communication/ManagedCode.Communication.Tests/bin/Debug/net9.0/ManagedCode.Communication.Tests.dll" adapterTypeName="executor://xunit/VsTestRunner3/netcore/" className="ManagedCode.Communication.Tests.Extensions.RailwayExtensionsTests" name="Ensure_FailedResult_RemainsFailedWithOriginalProblem" />
    </UnitTest>
    <UnitTest name="ManagedCode.Communication.Tests.OrleansTests.GrainClientTests.ResultError" storage="/users/ksemenenko/developer/communication/managedcode.communication.tests/bin/debug/net9.0/managedcode.communication.tests.dll" id="f7ed2bd9-0dc3-2bb8-cc6b-16f79bea320a">
      <Execution id="bcb41bd7-cd3b-4add-be82-42eaad2d32b1" />
      <TestMethod codeBase="/Users/ksemenenko/Developer/Communication/ManagedCode.Communication.Tests/bin/Debug/net9.0/ManagedCode.Communication.Tests.dll" adapterTypeName="executor://xunit/VsTestRunner3/netcore/" className="ManagedCode.Communication.Tests.OrleansTests.GrainClientTests" name="ResultError" />
    </UnitTest>
    <UnitTest name="ManagedCode.Communication.Tests.Results.ResultTests.Fail_WithMessage_ShouldCreateFailedResult" storage="/users/ksemenenko/developer/communication/managedcode.communication.tests/bin/debug/net9.0/managedcode.communication.tests.dll" id="8c079e0a-8bc0-4af0-dcf8-3d60635328e5">
      <Execution id="ad13b0fd-756a-4d47-b662-fbda446a24f1" />
      <TestMethod codeBase="/Users/ksemenenko/Developer/Communication/ManagedCode.Communication.Tests/bin/Debug/net9.0/ManagedCode.Communication.Tests.dll" adapterTypeName="executor://xunit/VsTestRunner3/netcore/" className="ManagedCode.Communication.Tests.Results.ResultTests" name="Fail_WithMessage_ShouldCreateFailedResult" />
    </UnitTest>
    <UnitTest name="ManagedCode.Communication.Tests.CollectionResults.CollectionResultFromMethodsTests.From_ValueTaskReturningArray_ShouldCreateSuccessResult" storage="/users/ksemenenko/developer/communication/managedcode.communication.tests/bin/debug/net9.0/managedcode.communication.tests.dll" id="5c7b6bae-02f9-ce2e-b4df-a3f1c1127960">
      <Execution id="08b6dff5-1442-4eb1-b04b-3a29fe2e566c" />
      <TestMethod codeBase="/Users/ksemenenko/Developer/Communication/ManagedCode.Communication.Tests/bin/Debug/net9.0/ManagedCode.Communication.Tests.dll" adapterTypeName="executor://xunit/VsTestRunner3/netcore/" className="ManagedCode.Communication.Tests.CollectionResults.CollectionResultFromMethodsTests" name="From_ValueTaskReturningArray_ShouldCreateSuccessResult" />
    </UnitTest>
    <UnitTest name="ManagedCode.Communication.Tests.Results.ResultHelperMethodsTests.Result_Try_WithException_ShouldReturnFailure" storage="/users/ksemenenko/developer/communication/managedcode.communication.tests/bin/debug/net9.0/managedcode.communication.tests.dll" id="4042cc53-0735-53f5-867b-1cf2a2aa85d5">
      <Execution id="9a80eec0-227d-4fcc-b5a1-aea9867d4613" />
      <TestMethod codeBase="/Users/ksemenenko/Developer/Communication/ManagedCode.Communication.Tests/bin/Debug/net9.0/ManagedCode.Communication.Tests.dll" adapterTypeName="executor://xunit/VsTestRunner3/netcore/" className="ManagedCode.Communication.Tests.Results.ResultHelperMethodsTests" name="Result_Try_WithException_ShouldReturnFailure" />
    </UnitTest>
    <UnitTest name="ManagedCode.Communication.Tests.ControllerTests.MiddlewareTests.ForbiddenResult" storage="/users/ksemenenko/developer/communication/managedcode.communication.tests/bin/debug/net9.0/managedcode.communication.tests.dll" id="26d4b90e-eb16-bcef-d101-fb0061a73f05">
      <Execution id="66cd83ec-aa1b-46fe-9ee8-5b425861916a" />
      <TestMethod codeBase="/Users/ksemenenko/Developer/Communication/ManagedCode.Communication.Tests/bin/Debug/net9.0/ManagedCode.Communication.Tests.dll" adapterTypeName="executor://xunit/VsTestRunner3/netcore/" className="ManagedCode.Communication.Tests.ControllerTests.MiddlewareTests" name="ForbiddenResult" />
    </UnitTest>
    <UnitTest name="ManagedCode.Communication.Tests.OrleansTests.GrainClientTests.ValueTaskResultString" storage="/users/ksemenenko/developer/communication/managedcode.communication.tests/bin/debug/net9.0/managedcode.communication.tests.dll" id="c67d60d8-371a-f2d2-eb67-28408d2ba84d">
      <Execution id="627c90ae-691c-4d82-8dd4-ea42ea20e74c" />
      <TestMethod codeBase="/Users/ksemenenko/Developer/Communication/ManagedCode.Communication.Tests/bin/Debug/net9.0/ManagedCode.Communication.Tests.dll" adapterTypeName="executor://xunit/VsTestRunner3/netcore/" className="ManagedCode.Communication.Tests.OrleansTests.GrainClientTests" name="ValueTaskResultString" />
    </UnitTest>
    <UnitTest name="ManagedCode.Communication.Tests.Results.ProblemTests.Validation_ShouldCreateValidationProblem" storage="/users/ksemenenko/developer/communication/managedcode.communication.tests/bin/debug/net9.0/managedcode.communication.tests.dll" id="03db011c-36c3-8fa6-9017-436f1dd775bb">
      <Execution id="bd616f2d-c3fb-4649-99e6-fd9eda8e0e4c" />
      <TestMethod codeBase="/Users/ksemenenko/Developer/Communication/ManagedCode.Communication.Tests/bin/Debug/net9.0/ManagedCode.Communication.Tests.dll" adapterTypeName="executor://xunit/VsTestRunner3/netcore/" className="ManagedCode.Communication.Tests.Results.ProblemTests" name="Validation_ShouldCreateValidationProblem" />
    </UnitTest>
    <UnitTest name="ManagedCode.Communication.Tests.Results.ResultInvalidMethodsTests.Result_Invalid_WithEnumAndMessage_ShouldCreateValidationResultWithBoth" storage="/users/ksemenenko/developer/communication/managedcode.communication.tests/bin/debug/net9.0/managedcode.communication.tests.dll" id="a616e2cd-e8f4-089c-9b8f-28529ea24abe">
      <Execution id="1d87caa9-a5df-46fd-8c43-9e8117995471" />
      <TestMethod codeBase="/Users/ksemenenko/Developer/Communication/ManagedCode.Communication.Tests/bin/Debug/net9.0/ManagedCode.Communication.Tests.dll" adapterTypeName="executor://xunit/VsTestRunner3/netcore/" className="ManagedCode.Communication.Tests.Results.ResultInvalidMethodsTests" name="Result_Invalid_WithEnumAndMessage_ShouldCreateValidationResultWithBoth" />
    </UnitTest>
    <UnitTest name="ManagedCode.Communication.Tests.AspNetCore.Extensions.HubOptionsExtensionsTests.AddCommunicationHubFilter_WithNullHubOptions_ThrowsArgumentNullException" storage="/users/ksemenenko/developer/communication/managedcode.communication.tests/bin/debug/net9.0/managedcode.communication.tests.dll" id="45e2562c-fb2b-e12e-c99f-59a2b961f103">
      <Execution id="d5b8c560-8713-4a14-95a3-a96286e92579" />
      <TestMethod codeBase="/Users/ksemenenko/Developer/Communication/ManagedCode.Communication.Tests/bin/Debug/net9.0/ManagedCode.Communication.Tests.dll" adapterTypeName="executor://xunit/VsTestRunner3/netcore/" className="ManagedCode.Communication.Tests.AspNetCore.Extensions.HubOptionsExtensionsTests" name="AddCommunicationHubFilter_WithNullHubOptions_ThrowsArgumentNullException" />
    </UnitTest>
    <UnitTest name="ManagedCode.Communication.Tests.Results.CollectionResultTests.Succeed_WithArray_ShouldCreateSuccessfulResult" storage="/users/ksemenenko/developer/communication/managedcode.communication.tests/bin/debug/net9.0/managedcode.communication.tests.dll" id="0722ba6b-76b6-1c47-d7d1-0b74ba7f6032">
      <Execution id="8858da08-a26f-4e51-9fb1-d1b02879857f" />
      <TestMethod codeBase="/Users/ksemenenko/Developer/Communication/ManagedCode.Communication.Tests/bin/Debug/net9.0/ManagedCode.Communication.Tests.dll" adapterTypeName="executor://xunit/VsTestRunner3/netcore/" className="ManagedCode.Communication.Tests.Results.CollectionResultTests" name="Succeed_WithArray_ShouldCreateSuccessfulResult" />
    </UnitTest>
    <UnitTest name="ManagedCode.Communication.Tests.Serialization.ProblemJsonConverterTests.Serialize_DifferentTypeValues_HandlesCorrectly(inputType: &quot;&quot;, expectedType: &quot;&quot;)" storage="/users/ksemenenko/developer/communication/managedcode.communication.tests/bin/debug/net9.0/managedcode.communication.tests.dll" id="b628997a-57d1-098a-32a2-a9f49a796717">
      <Execution id="5c501b36-9d4b-4a9a-a610-e8dbb74eb411" />
      <TestMethod codeBase="/Users/ksemenenko/Developer/Communication/ManagedCode.Communication.Tests/bin/Debug/net9.0/ManagedCode.Communication.Tests.dll" adapterTypeName="executor://xunit/VsTestRunner3/netcore/" className="ManagedCode.Communication.Tests.Serialization.ProblemJsonConverterTests" name="Serialize_DifferentTypeValues_HandlesCorrectly" />
    </UnitTest>
    <UnitTest name="ManagedCode.Communication.Tests.Results.CollectionResultInvalidMethodsTests.CollectionResult_Invalid_WithEnumAndMessage_ShouldCreateValidationResultWithBoth" storage="/users/ksemenenko/developer/communication/managedcode.communication.tests/bin/debug/net9.0/managedcode.communication.tests.dll" id="c8415987-5e57-7934-283e-064f446065e3">
      <Execution id="760eb788-ddcc-487f-aa36-6433687f7d04" />
      <TestMethod codeBase="/Users/ksemenenko/Developer/Communication/ManagedCode.Communication.Tests/bin/Debug/net9.0/ManagedCode.Communication.Tests.dll" adapterTypeName="executor://xunit/VsTestRunner3/netcore/" className="ManagedCode.Communication.Tests.Results.CollectionResultInvalidMethodsTests" name="CollectionResult_Invalid_WithEnumAndMessage_ShouldCreateValidationResultWithBoth" />
    </UnitTest>
    <UnitTest name="ManagedCode.Communication.Tests.Extensions.AdvancedRailwayExtensionsTests.Then_WithSuccessfulResult_ExecutesNext" storage="/users/ksemenenko/developer/communication/managedcode.communication.tests/bin/debug/net9.0/managedcode.communication.tests.dll" id="a5d3088b-70e8-8d65-c2ea-01e93fca7cdd">
      <Execution id="356fff51-9d2b-4505-b686-3a7d0bae0789" />
      <TestMethod codeBase="/Users/ksemenenko/Developer/Communication/ManagedCode.Communication.Tests/bin/Debug/net9.0/ManagedCode.Communication.Tests.dll" adapterTypeName="executor://xunit/VsTestRunner3/netcore/" className="ManagedCode.Communication.Tests.Extensions.AdvancedRailwayExtensionsTests" name="Then_WithSuccessfulResult_ExecutesNext" />
    </UnitTest>
    <UnitTest name="ManagedCode.Communication.Tests.Results.ResultStaticHelperMethodsTests.Result_StaticHelpers_ChainedCalls_ShouldMaintainFailureState" storage="/users/ksemenenko/developer/communication/managedcode.communication.tests/bin/debug/net9.0/managedcode.communication.tests.dll" id="df96f889-695d-6b63-9f03-a599b338bed3">
      <Execution id="e9b1529e-8328-445d-b35a-1e32dd1b1fab" />
      <TestMethod codeBase="/Users/ksemenenko/Developer/Communication/ManagedCode.Communication.Tests/bin/Debug/net9.0/ManagedCode.Communication.Tests.dll" adapterTypeName="executor://xunit/VsTestRunner3/netcore/" className="ManagedCode.Communication.Tests.Results.ResultStaticHelperMethodsTests" name="Result_StaticHelpers_ChainedCalls_ShouldMaintainFailureState" />
    </UnitTest>
    <UnitTest name="ManagedCode.Communication.Tests.Extensions.AdvancedRailwayExtensionsTests.Where_WithMatchingPredicate_ReturnsSuccess" storage="/users/ksemenenko/developer/communication/managedcode.communication.tests/bin/debug/net9.0/managedcode.communication.tests.dll" id="5e6eaeac-789b-c31a-2d06-a6b7c6009b63">
      <Execution id="21f36f1e-7e20-490c-be0f-b061881eb8f7" />
      <TestMethod codeBase="/Users/ksemenenko/Developer/Communication/ManagedCode.Communication.Tests/bin/Debug/net9.0/ManagedCode.Communication.Tests.dll" adapterTypeName="executor://xunit/VsTestRunner3/netcore/" className="ManagedCode.Communication.Tests.Extensions.AdvancedRailwayExtensionsTests" name="Where_WithMatchingPredicate_ReturnsSuccess" />
    </UnitTest>
    <UnitTest name="ManagedCode.Communication.Tests.Results.ResultFailMethodsTests.Result_Fail_WithEnumDetailAndStatus_ShouldCreateFailedResultWithAllSpecified" storage="/users/ksemenenko/developer/communication/managedcode.communication.tests/bin/debug/net9.0/managedcode.communication.tests.dll" id="d9c85683-d077-e39f-97ea-e7effcd11b0d">
      <Execution id="50ef26fc-3817-4153-a0ed-c3370963ffe7" />
      <TestMethod codeBase="/Users/ksemenenko/Developer/Communication/ManagedCode.Communication.Tests/bin/Debug/net9.0/ManagedCode.Communication.Tests.dll" adapterTypeName="executor://xunit/VsTestRunner3/netcore/" className="ManagedCode.Communication.Tests.Results.ResultFailMethodsTests" name="Result_Fail_WithEnumDetailAndStatus_ShouldCreateFailedResultWithAllSpecified" />
    </UnitTest>
    <UnitTest name="ManagedCode.Communication.Tests.Results.CollectionResultInvalidMethodsTests.CollectionResult_Invalid_WithEmptyDictionary_ShouldCreateValidationResultWithNoErrors" storage="/users/ksemenenko/developer/communication/managedcode.communication.tests/bin/debug/net9.0/managedcode.communication.tests.dll" id="f0e672db-0cd5-af9b-9ddf-e55604adbaef">
      <Execution id="c9010bc6-07e8-4e4d-b421-5eb057acb97b" />
      <TestMethod codeBase="/Users/ksemenenko/Developer/Communication/ManagedCode.Communication.Tests/bin/Debug/net9.0/ManagedCode.Communication.Tests.dll" adapterTypeName="executor://xunit/VsTestRunner3/netcore/" className="ManagedCode.Communication.Tests.Results.CollectionResultInvalidMethodsTests" name="CollectionResult_Invalid_WithEmptyDictionary_ShouldCreateValidationResultWithNoErrors" />
    </UnitTest>
    <UnitTest name="ManagedCode.Communication.Tests.Results.ResultTests.ImplicitOperator_ToBool_ShouldReturnIsSuccess" storage="/users/ksemenenko/developer/communication/managedcode.communication.tests/bin/debug/net9.0/managedcode.communication.tests.dll" id="4052b285-ee8b-dda1-747f-8fb2d2b5853d">
      <Execution id="a4fabf7e-986d-478c-98f5-389f51d6373a" />
      <TestMethod codeBase="/Users/ksemenenko/Developer/Communication/ManagedCode.Communication.Tests/bin/Debug/net9.0/ManagedCode.Communication.Tests.dll" adapterTypeName="executor://xunit/VsTestRunner3/netcore/" className="ManagedCode.Communication.Tests.Results.ResultTests" name="ImplicitOperator_ToBool_ShouldReturnIsSuccess" />
    </UnitTest>
    <UnitTest name="ManagedCode.Communication.Tests.Results.ResultTests.ThrowIfFail_WithProblemException_ShouldPreserveProblemDetails" storage="/users/ksemenenko/developer/communication/managedcode.communication.tests/bin/debug/net9.0/managedcode.communication.tests.dll" id="7adc2e63-29c5-a641-137d-0906b0776597">
      <Execution id="b4342c55-7da0-47a6-9342-b17dd57dfd38" />
      <TestMethod codeBase="/Users/ksemenenko/Developer/Communication/ManagedCode.Communication.Tests/bin/Debug/net9.0/ManagedCode.Communication.Tests.dll" adapterTypeName="executor://xunit/VsTestRunner3/netcore/" className="ManagedCode.Communication.Tests.Results.ResultTests" name="ThrowIfFail_WithProblemException_ShouldPreserveProblemDetails" />
    </UnitTest>
    <UnitTest name="ManagedCode.Communication.Tests.Results.CollectionResultInvalidMethodsTests.CollectionResult_Invalid_ChainedValidations_ShouldWorkCorrectly" storage="/users/ksemenenko/developer/communication/managedcode.communication.tests/bin/debug/net9.0/managedcode.communication.tests.dll" id="55f056e0-84d9-ff7c-3925-1fd61c09713f">
      <Execution id="44c10006-a411-40bb-88c9-5c2ef230b734" />
      <TestMethod codeBase="/Users/ksemenenko/Developer/Communication/ManagedCode.Communication.Tests/bin/Debug/net9.0/ManagedCode.Communication.Tests.dll" adapterTypeName="executor://xunit/VsTestRunner3/netcore/" className="ManagedCode.Communication.Tests.Results.CollectionResultInvalidMethodsTests" name="CollectionResult_Invalid_ChainedValidations_ShouldWorkCorrectly" />
    </UnitTest>
    <UnitTest name="ManagedCode.Communication.Tests.Commands.MemoryCacheCommandIdempotencyStoreTests.ExecuteBatchIdempotentAsync_ExecutesMultipleOperations" storage="/users/ksemenenko/developer/communication/managedcode.communication.tests/bin/debug/net9.0/managedcode.communication.tests.dll" id="02c00597-d5c2-61bb-a2d0-217bcd4db920">
      <Execution id="4ccaa50e-4911-40f6-9e00-298128f5c0a8" />
      <TestMethod codeBase="/Users/ksemenenko/Developer/Communication/ManagedCode.Communication.Tests/bin/Debug/net9.0/ManagedCode.Communication.Tests.dll" adapterTypeName="executor://xunit/VsTestRunner3/netcore/" className="ManagedCode.Communication.Tests.Commands.MemoryCacheCommandIdempotencyStoreTests" name="ExecuteBatchIdempotentAsync_ExecutesMultipleOperations" />
    </UnitTest>
    <UnitTest name="ManagedCode.Communication.Tests.Extensions.HttpResponseExtensionTests.FromRequestToResult_ForbiddenStatusCode_ReturnsFailedResult" storage="/users/ksemenenko/developer/communication/managedcode.communication.tests/bin/debug/net9.0/managedcode.communication.tests.dll" id="8be0565a-807a-652b-b30e-db28277dd087">
      <Execution id="80a92f18-4df3-4dc0-a32d-f4386488e61a" />
      <TestMethod codeBase="/Users/ksemenenko/Developer/Communication/ManagedCode.Communication.Tests/bin/Debug/net9.0/ManagedCode.Communication.Tests.dll" adapterTypeName="executor://xunit/VsTestRunner3/netcore/" className="ManagedCode.Communication.Tests.Extensions.HttpResponseExtensionTests" name="FromRequestToResult_ForbiddenStatusCode_ReturnsFailedResult" />
    </UnitTest>
    <UnitTest name="ManagedCode.Communication.Tests.Results.ResultInvalidMethodsTests.Result_Invalid_WithEnumKeyValue_ShouldCreateValidationResultWithAll" storage="/users/ksemenenko/developer/communication/managedcode.communication.tests/bin/debug/net9.0/managedcode.communication.tests.dll" id="2ce5a0ce-9e3f-00a6-801c-dc294a1bcdf2">
      <Execution id="75022f08-a868-468e-9000-198a0f1179ad" />
      <TestMethod codeBase="/Users/ksemenenko/Developer/Communication/ManagedCode.Communication.Tests/bin/Debug/net9.0/ManagedCode.Communication.Tests.dll" adapterTypeName="executor://xunit/VsTestRunner3/netcore/" className="ManagedCode.Communication.Tests.Results.ResultInvalidMethodsTests" name="Result_Invalid_WithEnumKeyValue_ShouldCreateValidationResultWithAll" />
    </UnitTest>
    <UnitTest name="ManagedCode.Communication.Tests.Results.ResultInvalidMethodsTests.Result_InvalidT_WithMessage_ShouldCreateValidationResultWithMessage" storage="/users/ksemenenko/developer/communication/managedcode.communication.tests/bin/debug/net9.0/managedcode.communication.tests.dll" id="bbf811fc-91c4-d67b-1ccb-4aee9c90b997">
      <Execution id="b6a8ec81-2773-4783-8a6f-e0198c5e155e" />
      <TestMethod codeBase="/Users/ksemenenko/Developer/Communication/ManagedCode.Communication.Tests/bin/Debug/net9.0/ManagedCode.Communication.Tests.dll" adapterTypeName="executor://xunit/VsTestRunner3/netcore/" className="ManagedCode.Communication.Tests.Results.ResultInvalidMethodsTests" name="Result_InvalidT_WithMessage_ShouldCreateValidationResultWithMessage" />
    </UnitTest>
    <UnitTest name="ManagedCode.Communication.Tests.Results.ResultTFailMethodsTests.ResultT_FailForbidden_WithDetail_ShouldCreateForbiddenResultWithCustomDetail" storage="/users/ksemenenko/developer/communication/managedcode.communication.tests/bin/debug/net9.0/managedcode.communication.tests.dll" id="da316600-cb2e-9486-6dab-86d50d3c1c5c">
      <Execution id="58971eb3-f153-43b7-97c8-5644bce5d7e7" />
      <TestMethod codeBase="/Users/ksemenenko/Developer/Communication/ManagedCode.Communication.Tests/bin/Debug/net9.0/ManagedCode.Communication.Tests.dll" adapterTypeName="executor://xunit/VsTestRunner3/netcore/" className="ManagedCode.Communication.Tests.Results.ResultTFailMethodsTests" name="ResultT_FailForbidden_WithDetail_ShouldCreateForbiddenResultWithCustomDetail" />
    </UnitTest>
    <UnitTest name="ManagedCode.Communication.Tests.Results.ProblemTests.FromEnum_WithDefaultStatusCode_ShouldUse400" storage="/users/ksemenenko/developer/communication/managedcode.communication.tests/bin/debug/net9.0/managedcode.communication.tests.dll" id="bc66e507-df82-f1e7-2faf-ccf42c118b92">
      <Execution id="c7b9c52b-e9b9-45e9-8e9f-44fe54a63611" />
      <TestMethod codeBase="/Users/ksemenenko/Developer/Communication/ManagedCode.Communication.Tests/bin/Debug/net9.0/ManagedCode.Communication.Tests.dll" adapterTypeName="executor://xunit/VsTestRunner3/netcore/" className="ManagedCode.Communication.Tests.Results.ProblemTests" name="FromEnum_WithDefaultStatusCode_ShouldUse400" />
    </UnitTest>
    <UnitTest name="ManagedCode.Communication.Tests.Results.ResultFailMethodsTests.Result_FailForbidden_NoParameters_ShouldCreateForbiddenResult" storage="/users/ksemenenko/developer/communication/managedcode.communication.tests/bin/debug/net9.0/managedcode.communication.tests.dll" id="71cf5e6d-ba2a-c7c3-a763-2fcedf333a8b">
      <Execution id="47b85b36-42e8-4911-8ec9-b533cf84dd5f" />
      <TestMethod codeBase="/Users/ksemenenko/Developer/Communication/ManagedCode.Communication.Tests/bin/Debug/net9.0/ManagedCode.Communication.Tests.dll" adapterTypeName="executor://xunit/VsTestRunner3/netcore/" className="ManagedCode.Communication.Tests.Results.ResultFailMethodsTests" name="Result_FailForbidden_NoParameters_ShouldCreateForbiddenResult" />
    </UnitTest>
    <UnitTest name="ManagedCode.Communication.Tests.Results.ResultHelperMethodsTests.ResultT_TryGetProblem_WithFailure_ShouldReturnTrueAndProblem" storage="/users/ksemenenko/developer/communication/managedcode.communication.tests/bin/debug/net9.0/managedcode.communication.tests.dll" id="f3efdaca-9c0c-cd13-72e4-329f615be42e">
      <Execution id="b98bdb52-8b3b-40d5-9343-a1934a7c90e4" />
      <TestMethod codeBase="/Users/ksemenenko/Developer/Communication/ManagedCode.Communication.Tests/bin/Debug/net9.0/ManagedCode.Communication.Tests.dll" adapterTypeName="executor://xunit/VsTestRunner3/netcore/" className="ManagedCode.Communication.Tests.Results.ResultHelperMethodsTests" name="ResultT_TryGetProblem_WithFailure_ShouldReturnTrueAndProblem" />
    </UnitTest>
    <UnitTest name="ManagedCode.Communication.Tests.Results.ProblemTests.HasErrorCode_WithDifferentEnumType_ShouldReturnFalse" storage="/users/ksemenenko/developer/communication/managedcode.communication.tests/bin/debug/net9.0/managedcode.communication.tests.dll" id="d63e28b0-0e78-d9d5-3c31-ecad325cd7f3">
      <Execution id="0f9edfaf-985e-4f6b-b1ae-e76ff1ccab95" />
      <TestMethod codeBase="/Users/ksemenenko/Developer/Communication/ManagedCode.Communication.Tests/bin/Debug/net9.0/ManagedCode.Communication.Tests.dll" adapterTypeName="executor://xunit/VsTestRunner3/netcore/" className="ManagedCode.Communication.Tests.Results.ProblemTests" name="HasErrorCode_WithDifferentEnumType_ShouldReturnFalse" />
    </UnitTest>
    <UnitTest name="ManagedCode.Communication.Tests.Results.ResultFailMethodsTests.Result_Fail_WithVariousStatusCodes_ShouldSetCorrectStatusCode(statusCode: NotFound, expectedCode: 404)" storage="/users/ksemenenko/developer/communication/managedcode.communication.tests/bin/debug/net9.0/managedcode.communication.tests.dll" id="ffe8d566-a14b-2021-ecef-4e1da940c37f">
      <Execution id="598380e6-d4c2-47f8-a1ef-bf65cb38748a" />
      <TestMethod codeBase="/Users/ksemenenko/Developer/Communication/ManagedCode.Communication.Tests/bin/Debug/net9.0/ManagedCode.Communication.Tests.dll" adapterTypeName="executor://xunit/VsTestRunner3/netcore/" className="ManagedCode.Communication.Tests.Results.ResultFailMethodsTests" name="Result_Fail_WithVariousStatusCodes_ShouldSetCorrectStatusCode" />
    </UnitTest>
    <UnitTest name="ManagedCode.Communication.Tests.Results.CollectionResultInvalidMethodsTests.CollectionResult_Invalid_NoParameters_ShouldCreateValidationResult" storage="/users/ksemenenko/developer/communication/managedcode.communication.tests/bin/debug/net9.0/managedcode.communication.tests.dll" id="b63a8c73-326f-00c0-2fb1-b6e3b569e065">
      <Execution id="0c2cdaa8-f5e1-4a71-a879-84e7fc9bbaba" />
      <TestMethod codeBase="/Users/ksemenenko/Developer/Communication/ManagedCode.Communication.Tests/bin/Debug/net9.0/ManagedCode.Communication.Tests.dll" adapterTypeName="executor://xunit/VsTestRunner3/netcore/" className="ManagedCode.Communication.Tests.Results.CollectionResultInvalidMethodsTests" name="CollectionResult_Invalid_NoParameters_ShouldCreateValidationResult" />
    </UnitTest>
    <UnitTest name="ManagedCode.Communication.Tests.ProblemTests.ProblemCreateMethodsTests.Problem_Create_WithEnumAndVariousStatusCodes_ShouldSetCorrectType(statusCode: 400, enumValue: &quot;BadRequest&quot;)" storage="/users/ksemenenko/developer/communication/managedcode.communication.tests/bin/debug/net9.0/managedcode.communication.tests.dll" id="4659e2ae-6baf-fd7c-3743-b3031d89bf4f">
      <Execution id="c68e05de-47fe-429b-83cc-479ad52cdf3b" />
      <TestMethod codeBase="/Users/ksemenenko/Developer/Communication/ManagedCode.Communication.Tests/bin/Debug/net9.0/ManagedCode.Communication.Tests.dll" adapterTypeName="executor://xunit/VsTestRunner3/netcore/" className="ManagedCode.Communication.Tests.ProblemTests.ProblemCreateMethodsTests" name="Problem_Create_WithEnumAndVariousStatusCodes_ShouldSetCorrectType" />
    </UnitTest>
    <UnitTest name="ManagedCode.Communication.Tests.Results.ResultHelperMethodsTests.Result_From_WithException_ShouldReturnFailure" storage="/users/ksemenenko/developer/communication/managedcode.communication.tests/bin/debug/net9.0/managedcode.communication.tests.dll" id="209cac5e-e8da-6f36-97c4-1242230c6ca0">
      <Execution id="9660062d-b8a6-4f1a-bc90-9bfd76fce049" />
      <TestMethod codeBase="/Users/ksemenenko/Developer/Communication/ManagedCode.Communication.Tests/bin/Debug/net9.0/ManagedCode.Communication.Tests.dll" adapterTypeName="executor://xunit/VsTestRunner3/netcore/" className="ManagedCode.Communication.Tests.Results.ResultHelperMethodsTests" name="Result_From_WithException_ShouldReturnFailure" />
    </UnitTest>
    <UnitTest name="ManagedCode.Communication.Tests.ControllerTests.MiddlewareTests.ValidationExceptionSginalR" storage="/users/ksemenenko/developer/communication/managedcode.communication.tests/bin/debug/net9.0/managedcode.communication.tests.dll" id="db72ec5a-0a30-2e0e-8572-ca8eef70615c">
      <Execution id="613aa09c-6806-4a7a-82f3-743bbb912c5f" />
      <TestMethod codeBase="/Users/ksemenenko/Developer/Communication/ManagedCode.Communication.Tests/bin/Debug/net9.0/ManagedCode.Communication.Tests.dll" adapterTypeName="executor://xunit/VsTestRunner3/netcore/" className="ManagedCode.Communication.Tests.ControllerTests.MiddlewareTests" name="ValidationExceptionSginalR" />
    </UnitTest>
    <UnitTest name="ManagedCode.Communication.Tests.ResultExtensionsTests.Tap_WithSuccessResult_ShouldExecuteAction" storage="/users/ksemenenko/developer/communication/managedcode.communication.tests/bin/debug/net9.0/managedcode.communication.tests.dll" id="0b94c3b1-6583-79b8-f011-5229f57a9249">
      <Execution id="228dc18f-0470-4b4c-a932-4977780edf1e" />
      <TestMethod codeBase="/Users/ksemenenko/Developer/Communication/ManagedCode.Communication.Tests/bin/Debug/net9.0/ManagedCode.Communication.Tests.dll" adapterTypeName="executor://xunit/VsTestRunner3/netcore/" className="ManagedCode.Communication.Tests.ResultExtensionsTests" name="Tap_WithSuccessResult_ShouldExecuteAction" />
    </UnitTest>
    <UnitTest name="ManagedCode.Communication.Tests.Serialization.SerializationTests.ResultT_Failed_ShouldSerializeAndDeserialize" storage="/users/ksemenenko/developer/communication/managedcode.communication.tests/bin/debug/net9.0/managedcode.communication.tests.dll" id="033615c8-912a-fb8e-83b7-5256a7e64b58">
      <Execution id="3409185b-b464-481c-9667-a5bb7e5016d5" />
      <TestMethod codeBase="/Users/ksemenenko/Developer/Communication/ManagedCode.Communication.Tests/bin/Debug/net9.0/ManagedCode.Communication.Tests.dll" adapterTypeName="executor://xunit/VsTestRunner3/netcore/" className="ManagedCode.Communication.Tests.Serialization.SerializationTests" name="ResultT_Failed_ShouldSerializeAndDeserialize" />
    </UnitTest>
    <UnitTest name="ManagedCode.Communication.Tests.Results.ProblemToExceptionErrorTests.ToException_WithNullDetail_ShouldUseTitle" storage="/users/ksemenenko/developer/communication/managedcode.communication.tests/bin/debug/net9.0/managedcode.communication.tests.dll" id="01c73ab9-aad9-cc26-178c-27e0b35f9583">
      <Execution id="e88fa651-386f-4a8f-8530-dcb85529be7f" />
      <TestMethod codeBase="/Users/ksemenenko/Developer/Communication/ManagedCode.Communication.Tests/bin/Debug/net9.0/ManagedCode.Communication.Tests.dll" adapterTypeName="executor://xunit/VsTestRunner3/netcore/" className="ManagedCode.Communication.Tests.Results.ProblemToExceptionErrorTests" name="ToException_WithNullDetail_ShouldUseTitle" />
    </UnitTest>
    <UnitTest name="ManagedCode.Communication.Tests.Extensions.AdvancedRailwayExtensionsTests.SwitchFirst_WithMatchingCondition_ExecutesCorrectCase" storage="/users/ksemenenko/developer/communication/managedcode.communication.tests/bin/debug/net9.0/managedcode.communication.tests.dll" id="992bdcd4-f166-3c57-0b74-60a21be4306a">
      <Execution id="46b34147-656d-4c5c-9856-3caae5423fe6" />
      <TestMethod codeBase="/Users/ksemenenko/Developer/Communication/ManagedCode.Communication.Tests/bin/Debug/net9.0/ManagedCode.Communication.Tests.dll" adapterTypeName="executor://xunit/VsTestRunner3/netcore/" className="ManagedCode.Communication.Tests.Extensions.AdvancedRailwayExtensionsTests" name="SwitchFirst_WithMatchingCondition_ExecutesCorrectCase" />
    </UnitTest>
    <UnitTest name="ManagedCode.Communication.Tests.Results.ProblemExceptionTests.IsValidationProblem_WithNonValidationProblem_ShouldReturnFalse" storage="/users/ksemenenko/developer/communication/managedcode.communication.tests/bin/debug/net9.0/managedcode.communication.tests.dll" id="b1d035f1-39f6-d499-287e-11a16120f663">
      <Execution id="628c51ba-6f88-496b-9f94-6a1f307d9392" />
      <TestMethod codeBase="/Users/ksemenenko/Developer/Communication/ManagedCode.Communication.Tests/bin/Debug/net9.0/ManagedCode.Communication.Tests.dll" adapterTypeName="executor://xunit/VsTestRunner3/netcore/" className="ManagedCode.Communication.Tests.Results.ProblemExceptionTests" name="IsValidationProblem_WithNonValidationProblem_ShouldReturnFalse" />
    </UnitTest>
    <UnitTest name="ManagedCode.Communication.Tests.Results.ResultTests.ThrowIfFail_WithFailedResult_ShouldThrow" storage="/users/ksemenenko/developer/communication/managedcode.communication.tests/bin/debug/net9.0/managedcode.communication.tests.dll" id="d764fc82-375a-445d-1d29-326347c358b4">
      <Execution id="9557b85b-0e9a-4e82-aeb9-f1ec07730460" />
      <TestMethod codeBase="/Users/ksemenenko/Developer/Communication/ManagedCode.Communication.Tests/bin/Debug/net9.0/ManagedCode.Communication.Tests.dll" adapterTypeName="executor://xunit/VsTestRunner3/netcore/" className="ManagedCode.Communication.Tests.Results.ResultTests" name="ThrowIfFail_WithFailedResult_ShouldThrow" />
    </UnitTest>
    <UnitTest name="ManagedCode.Communication.Tests.CollectionResults.CollectionResultFailMethodsTests.Fail_WithTitle_ShouldCreateFailedResultWithInternalServerError" storage="/users/ksemenenko/developer/communication/managedcode.communication.tests/bin/debug/net9.0/managedcode.communication.tests.dll" id="54738bb4-b334-dcd1-6ce6-da8fdb23ce1a">
      <Execution id="d05101c0-e8ea-422f-9d23-1619ba0b4087" />
      <TestMethod codeBase="/Users/ksemenenko/Developer/Communication/ManagedCode.Communication.Tests/bin/Debug/net9.0/ManagedCode.Communication.Tests.dll" adapterTypeName="executor://xunit/VsTestRunner3/netcore/" className="ManagedCode.Communication.Tests.CollectionResults.CollectionResultFailMethodsTests" name="Fail_WithTitle_ShouldCreateFailedResultWithInternalServerError" />
    </UnitTest>
    <UnitTest name="ManagedCode.Communication.Tests.AspNetCore.Extensions.CommunicationServiceCollectionExtensionsTests.CommunicationLoggerConfigurationService_WithCancellation_HandlesCancellation" storage="/users/ksemenenko/developer/communication/managedcode.communication.tests/bin/debug/net9.0/managedcode.communication.tests.dll" id="c90d3c3a-bda1-dab0-eefe-c90f9e85739f">
      <Execution id="bb903a68-e449-4275-a9fb-fd40d2c5aec2" />
      <TestMethod codeBase="/Users/ksemenenko/Developer/Communication/ManagedCode.Communication.Tests/bin/Debug/net9.0/ManagedCode.Communication.Tests.dll" adapterTypeName="executor://xunit/VsTestRunner3/netcore/" className="ManagedCode.Communication.Tests.AspNetCore.Extensions.CommunicationServiceCollectionExtensionsTests" name="CommunicationLoggerConfigurationService_WithCancellation_HandlesCancellation" />
    </UnitTest>
    <UnitTest name="ManagedCode.Communication.Tests.Extensions.AdvancedRailwayExtensionsTests.FailIf_WithTrueCondition_FailsResult" storage="/users/ksemenenko/developer/communication/managedcode.communication.tests/bin/debug/net9.0/managedcode.communication.tests.dll" id="c9358ee1-e8d6-bb75-63be-5bcf05b8756e">
      <Execution id="b8d6cb9f-76d3-4cba-a3de-ecc651cd86a8" />
      <TestMethod codeBase="/Users/ksemenenko/Developer/Communication/ManagedCode.Communication.Tests/bin/Debug/net9.0/ManagedCode.Communication.Tests.dll" adapterTypeName="executor://xunit/VsTestRunner3/netcore/" className="ManagedCode.Communication.Tests.Extensions.AdvancedRailwayExtensionsTests" name="FailIf_WithTrueCondition_FailsResult" />
    </UnitTest>
    <UnitTest name="ManagedCode.Communication.Tests.AspNetCore.Extensions.ControllerExtensionsTests.ToActionResult_WithVariousStatusCodes_ReturnsCorrectStatusCode(statusCode: 400, title: &quot;Bad Request&quot;)" storage="/users/ksemenenko/developer/communication/managedcode.communication.tests/bin/debug/net9.0/managedcode.communication.tests.dll" id="5b102866-ff04-b892-509a-5334bf755397">
      <Execution id="0e56b6a7-8b5d-42ed-8c7e-b86a9013b706" />
      <TestMethod codeBase="/Users/ksemenenko/Developer/Communication/ManagedCode.Communication.Tests/bin/Debug/net9.0/ManagedCode.Communication.Tests.dll" adapterTypeName="executor://xunit/VsTestRunner3/netcore/" className="ManagedCode.Communication.Tests.AspNetCore.Extensions.ControllerExtensionsTests" name="ToActionResult_WithVariousStatusCodes_ReturnsCorrectStatusCode" />
    </UnitTest>
    <UnitTest name="ManagedCode.Communication.Tests.Results.ResultInvalidMethodsTests.ResultT_Invalid_WithDictionary_ShouldCreateValidationResultWithMultipleFields" storage="/users/ksemenenko/developer/communication/managedcode.communication.tests/bin/debug/net9.0/managedcode.communication.tests.dll" id="d630ef1a-2910-8a07-c058-c24f7291ec13">
      <Execution id="31c88928-adff-460f-b424-cf5f3f3bd645" />
      <TestMethod codeBase="/Users/ksemenenko/Developer/Communication/ManagedCode.Communication.Tests/bin/Debug/net9.0/ManagedCode.Communication.Tests.dll" adapterTypeName="executor://xunit/VsTestRunner3/netcore/" className="ManagedCode.Communication.Tests.Results.ResultInvalidMethodsTests" name="ResultT_Invalid_WithDictionary_ShouldCreateValidationResultWithMultipleFields" />
    </UnitTest>
    <UnitTest name="ManagedCode.Communication.Tests.Results.CollectionResultInvalidMethodsTests.CollectionResult_Invalid_WithPagination_ShouldNotHaveData" storage="/users/ksemenenko/developer/communication/managedcode.communication.tests/bin/debug/net9.0/managedcode.communication.tests.dll" id="45dc2808-38b8-8162-caa5-6792f81f1b1f">
      <Execution id="81974553-0a7e-48db-bd5e-502771711ed8" />
      <TestMethod codeBase="/Users/ksemenenko/Developer/Communication/ManagedCode.Communication.Tests/bin/Debug/net9.0/ManagedCode.Communication.Tests.dll" adapterTypeName="executor://xunit/VsTestRunner3/netcore/" className="ManagedCode.Communication.Tests.Results.CollectionResultInvalidMethodsTests" name="CollectionResult_Invalid_WithPagination_ShouldNotHaveData" />
    </UnitTest>
    <UnitTest name="ManagedCode.Communication.Tests.Orleans.Serialization.CommandSerializationTests.Command_WithMinimalFields_ShouldSerializeCorrectly" storage="/users/ksemenenko/developer/communication/managedcode.communication.tests/bin/debug/net9.0/managedcode.communication.tests.dll" id="2d7f5b65-4d8c-deba-d465-b2441aaaa785">
      <Execution id="0914b821-40b9-4407-9828-4e4b40f62767" />
      <TestMethod codeBase="/Users/ksemenenko/Developer/Communication/ManagedCode.Communication.Tests/bin/Debug/net9.0/ManagedCode.Communication.Tests.dll" adapterTypeName="executor://xunit/VsTestRunner3/netcore/" className="ManagedCode.Communication.Tests.Orleans.Serialization.CommandSerializationTests" name="Command_WithMinimalFields_ShouldSerializeCorrectly" />
    </UnitTest>
    <UnitTest name="ManagedCode.Communication.Tests.Results.ProblemCreationExtensionsTests.ToException_FromProblem_ShouldCreateProblemException" storage="/users/ksemenenko/developer/communication/managedcode.communication.tests/bin/debug/net9.0/managedcode.communication.tests.dll" id="dcd4e476-30fd-aff0-3302-390a2e842b9d">
      <Execution id="c8e58cb9-56a7-45c3-b1f0-cc48637ef3c4" />
      <TestMethod codeBase="/Users/ksemenenko/Developer/Communication/ManagedCode.Communication.Tests/bin/Debug/net9.0/ManagedCode.Communication.Tests.dll" adapterTypeName="executor://xunit/VsTestRunner3/netcore/" className="ManagedCode.Communication.Tests.Results.ProblemCreationExtensionsTests" name="ToException_FromProblem_ShouldCreateProblemException" />
    </UnitTest>
    <UnitTest name="ManagedCode.Communication.Tests.Results.ResultHelperMethodsTests.ResultT_Try_WithSuccessfulFunc_ShouldReturnSuccessWithValue" storage="/users/ksemenenko/developer/communication/managedcode.communication.tests/bin/debug/net9.0/managedcode.communication.tests.dll" id="12ea67ca-37c0-f0fd-c942-d620dd5f1649">
      <Execution id="7012cb28-527d-487b-b2d6-df830486f282" />
      <TestMethod codeBase="/Users/ksemenenko/Developer/Communication/ManagedCode.Communication.Tests/bin/Debug/net9.0/ManagedCode.Communication.Tests.dll" adapterTypeName="executor://xunit/VsTestRunner3/netcore/" className="ManagedCode.Communication.Tests.Results.ResultHelperMethodsTests" name="ResultT_Try_WithSuccessfulFunc_ShouldReturnSuccessWithValue" />
    </UnitTest>
    <UnitTest name="ManagedCode.Communication.Tests.Extensions.AdvancedRailwayExtensionsTests.DoAsync_WithSuccess_ExecutesAsyncAction" storage="/users/ksemenenko/developer/communication/managedcode.communication.tests/bin/debug/net9.0/managedcode.communication.tests.dll" id="5b8d597d-a947-799b-c752-623cf741033b">
      <Execution id="ee0b1698-1396-4f8b-b41d-185a96391724" />
      <TestMethod codeBase="/Users/ksemenenko/Developer/Communication/ManagedCode.Communication.Tests/bin/Debug/net9.0/ManagedCode.Communication.Tests.dll" adapterTypeName="executor://xunit/VsTestRunner3/netcore/" className="ManagedCode.Communication.Tests.Extensions.AdvancedRailwayExtensionsTests" name="DoAsync_WithSuccess_ExecutesAsyncAction" />
    </UnitTest>
    <UnitTest name="ManagedCode.Communication.Tests.Serialization.SerializationTests.Problem_WithValidationErrors_ShouldSerializeAndDeserialize" storage="/users/ksemenenko/developer/communication/managedcode.communication.tests/bin/debug/net9.0/managedcode.communication.tests.dll" id="db6ef193-8df4-e9b2-14b2-67527051d37c">
      <Execution id="f4868aa0-7a6d-467b-a5f3-62c581686828" />
      <TestMethod codeBase="/Users/ksemenenko/Developer/Communication/ManagedCode.Communication.Tests/bin/Debug/net9.0/ManagedCode.Communication.Tests.dll" adapterTypeName="executor://xunit/VsTestRunner3/netcore/" className="ManagedCode.Communication.Tests.Serialization.SerializationTests" name="Problem_WithValidationErrors_ShouldSerializeAndDeserialize" />
    </UnitTest>
    <UnitTest name="ManagedCode.Communication.Tests.Orleans.Serialization.ProblemSerializationTests.Problem_WithErrorCode_ShouldSerializeCorrectly" storage="/users/ksemenenko/developer/communication/managedcode.communication.tests/bin/debug/net9.0/managedcode.communication.tests.dll" id="5b87a404-d9e1-52c6-716c-3d6bfb3c059a">
      <Execution id="24a416ae-3ddb-4169-aed6-a57937c0aca3" />
      <TestMethod codeBase="/Users/ksemenenko/Developer/Communication/ManagedCode.Communication.Tests/bin/Debug/net9.0/ManagedCode.Communication.Tests.dll" adapterTypeName="executor://xunit/VsTestRunner3/netcore/" className="ManagedCode.Communication.Tests.Orleans.Serialization.ProblemSerializationTests" name="Problem_WithErrorCode_ShouldSerializeCorrectly" />
    </UnitTest>
    <UnitTest name="ManagedCode.Communication.Tests.Extensions.RailwayExtensionsTests.Match_SuccessfulResultT_ExecutesOnSuccessWithValue" storage="/users/ksemenenko/developer/communication/managedcode.communication.tests/bin/debug/net9.0/managedcode.communication.tests.dll" id="4d90ca4e-121b-6a9a-c432-778d267caf79">
      <Execution id="81622928-3e43-42f4-8e7b-491b87b66b7e" />
      <TestMethod codeBase="/Users/ksemenenko/Developer/Communication/ManagedCode.Communication.Tests/bin/Debug/net9.0/ManagedCode.Communication.Tests.dll" adapterTypeName="executor://xunit/VsTestRunner3/netcore/" className="ManagedCode.Communication.Tests.Extensions.RailwayExtensionsTests" name="Match_SuccessfulResultT_ExecutesOnSuccessWithValue" />
    </UnitTest>
    <UnitTest name="ManagedCode.Communication.Tests.Results.ResultOperatorsTests.Result_TryAsync_WithExceptionThrowingAction_ShouldReturnFailedResult" storage="/users/ksemenenko/developer/communication/managedcode.communication.tests/bin/debug/net9.0/managedcode.communication.tests.dll" id="35b5ad29-9f82-13e3-add3-97b8e7b9d94c">
      <Execution id="7075d76e-1166-4857-aa1b-ad4963ca0973" />
      <TestMethod codeBase="/Users/ksemenenko/Developer/Communication/ManagedCode.Communication.Tests/bin/Debug/net9.0/ManagedCode.Communication.Tests.dll" adapterTypeName="executor://xunit/VsTestRunner3/netcore/" className="ManagedCode.Communication.Tests.Results.ResultOperatorsTests" name="Result_TryAsync_WithExceptionThrowingAction_ShouldReturnFailedResult" />
    </UnitTest>
    <UnitTest name="ManagedCode.Communication.Tests.Results.ResultHelperMethodsTests.Result_FailNotFound_ShouldCreateNotFoundResult" storage="/users/ksemenenko/developer/communication/managedcode.communication.tests/bin/debug/net9.0/managedcode.communication.tests.dll" id="54e77df2-c5f9-e6f4-caca-1b64d3e7ca87">
      <Execution id="41f7aeec-050e-4e84-833d-ecf778462b21" />
      <TestMethod codeBase="/Users/ksemenenko/Developer/Communication/ManagedCode.Communication.Tests/bin/Debug/net9.0/ManagedCode.Communication.Tests.dll" adapterTypeName="executor://xunit/VsTestRunner3/netcore/" className="ManagedCode.Communication.Tests.Results.ResultHelperMethodsTests" name="Result_FailNotFound_ShouldCreateNotFoundResult" />
    </UnitTest>
    <UnitTest name="ManagedCode.Communication.Tests.Results.ResultTTests.From_WithFunc_ShouldExecuteAndWrapResult" storage="/users/ksemenenko/developer/communication/managedcode.communication.tests/bin/debug/net9.0/managedcode.communication.tests.dll" id="9deae48d-7055-3dbc-52b0-c16fc854726a">
      <Execution id="280fe0cf-7133-4a0c-a60d-08940fa33347" />
      <TestMethod codeBase="/Users/ksemenenko/Developer/Communication/ManagedCode.Communication.Tests/bin/Debug/net9.0/ManagedCode.Communication.Tests.dll" adapterTypeName="executor://xunit/VsTestRunner3/netcore/" className="ManagedCode.Communication.Tests.Results.ResultTTests" name="From_WithFunc_ShouldExecuteAndWrapResult" />
    </UnitTest>
    <UnitTest name="ManagedCode.Communication.Tests.Extensions.ProblemExtensionsTests.AddInvalidMessage_WithGeneralMessage_ShouldAddToGeneralErrors" storage="/users/ksemenenko/developer/communication/managedcode.communication.tests/bin/debug/net9.0/managedcode.communication.tests.dll" id="08207ca9-c0ba-e0cc-e9e6-34d7f89fcf5e">
      <Execution id="5aa15c77-6815-4fb5-9737-049e742675d3" />
      <TestMethod codeBase="/Users/ksemenenko/Developer/Communication/ManagedCode.Communication.Tests/bin/Debug/net9.0/ManagedCode.Communication.Tests.dll" adapterTypeName="executor://xunit/VsTestRunner3/netcore/" className="ManagedCode.Communication.Tests.Extensions.ProblemExtensionsTests" name="AddInvalidMessage_WithGeneralMessage_ShouldAddToGeneralErrors" />
    </UnitTest>
    <UnitTest name="ManagedCode.Communication.Tests.Results.ResultOperatorsTests.CollectionResult_Fail_WithEnum_ShouldCreateFailedResultWithErrorCode" storage="/users/ksemenenko/developer/communication/managedcode.communication.tests/bin/debug/net9.0/managedcode.communication.tests.dll" id="9085edc1-23da-0141-ff53-9bb481ec3c06">
      <Execution id="f8647a46-d47f-46e5-b973-e8570db20bde" />
      <TestMethod codeBase="/Users/ksemenenko/Developer/Communication/ManagedCode.Communication.Tests/bin/Debug/net9.0/ManagedCode.Communication.Tests.dll" adapterTypeName="executor://xunit/VsTestRunner3/netcore/" className="ManagedCode.Communication.Tests.Results.ResultOperatorsTests" name="CollectionResult_Fail_WithEnum_ShouldCreateFailedResultWithErrorCode" />
    </UnitTest>
    <UnitTest name="ManagedCode.Communication.Tests.ResultExtensionsTests.MapAsync_WithSuccessResult_ShouldTransformValueAsync" storage="/users/ksemenenko/developer/communication/managedcode.communication.tests/bin/debug/net9.0/managedcode.communication.tests.dll" id="b2b9573d-e985-c983-e346-e985217d8d09">
      <Execution id="7cd81fe3-5ffc-487d-bfbd-75696c59ca37" />
      <TestMethod codeBase="/Users/ksemenenko/Developer/Communication/ManagedCode.Communication.Tests/bin/Debug/net9.0/ManagedCode.Communication.Tests.dll" adapterTypeName="executor://xunit/VsTestRunner3/netcore/" className="ManagedCode.Communication.Tests.ResultExtensionsTests" name="MapAsync_WithSuccessResult_ShouldTransformValueAsync" />
    </UnitTest>
    <UnitTest name="ManagedCode.Communication.Tests.Results.RailwayOrientedProgrammingTests.Tap_WithFailure_ShouldNotExecuteSideEffect" storage="/users/ksemenenko/developer/communication/managedcode.communication.tests/bin/debug/net9.0/managedcode.communication.tests.dll" id="b6091ae6-e1ab-9599-acb3-418abc778fef">
      <Execution id="d715ae8d-c96d-47c9-bbcc-d1c52cdac4d7" />
      <TestMethod codeBase="/Users/ksemenenko/Developer/Communication/ManagedCode.Communication.Tests/bin/Debug/net9.0/ManagedCode.Communication.Tests.dll" adapterTypeName="executor://xunit/VsTestRunner3/netcore/" className="ManagedCode.Communication.Tests.Results.RailwayOrientedProgrammingTests" name="Tap_WithFailure_ShouldNotExecuteSideEffect" />
    </UnitTest>
    <UnitTest name="ManagedCode.Communication.Tests.Orleans.Serialization.ProblemSerializationTests.Problem_StandardTypes_ShouldSerializeCorrectly" storage="/users/ksemenenko/developer/communication/managedcode.communication.tests/bin/debug/net9.0/managedcode.communication.tests.dll" id="fd0cdcec-1fac-f49f-a746-4772ac5928f9">
      <Execution id="210a10a6-06b9-464c-9f20-14129f381174" />
      <TestMethod codeBase="/Users/ksemenenko/Developer/Communication/ManagedCode.Communication.Tests/bin/Debug/net9.0/ManagedCode.Communication.Tests.dll" adapterTypeName="executor://xunit/VsTestRunner3/netcore/" className="ManagedCode.Communication.Tests.Orleans.Serialization.ProblemSerializationTests" name="Problem_StandardTypes_ShouldSerializeCorrectly" />
    </UnitTest>
    <UnitTest name="ManagedCode.Communication.Tests.ResultExtensionsTests.Map_WithSuccessResult_ShouldTransformValue" storage="/users/ksemenenko/developer/communication/managedcode.communication.tests/bin/debug/net9.0/managedcode.communication.tests.dll" id="34988729-7075-661c-e9b3-1244d66c21c5">
      <Execution id="b8f5669a-1d3c-4c46-91e8-b90b42b156e5" />
      <TestMethod codeBase="/Users/ksemenenko/Developer/Communication/ManagedCode.Communication.Tests/bin/Debug/net9.0/ManagedCode.Communication.Tests.dll" adapterTypeName="executor://xunit/VsTestRunner3/netcore/" className="ManagedCode.Communication.Tests.ResultExtensionsTests" name="Map_WithSuccessResult_ShouldTransformValue" />
    </UnitTest>
    <UnitTest name="ManagedCode.Communication.Tests.Results.ResultTFailMethodsTests.ResultT_FailUnauthorized_NoParameters_ShouldCreateUnauthorizedResult" storage="/users/ksemenenko/developer/communication/managedcode.communication.tests/bin/debug/net9.0/managedcode.communication.tests.dll" id="c4d29875-feb5-a7dc-a76f-80d1469f6e29">
      <Execution id="26e98a32-dac4-4a4e-8200-76a1c7cdce2b" />
      <TestMethod codeBase="/Users/ksemenenko/Developer/Communication/ManagedCode.Communication.Tests/bin/Debug/net9.0/ManagedCode.Communication.Tests.dll" adapterTypeName="executor://xunit/VsTestRunner3/netcore/" className="ManagedCode.Communication.Tests.Results.ResultTFailMethodsTests" name="ResultT_FailUnauthorized_NoParameters_ShouldCreateUnauthorizedResult" />
    </UnitTest>
    <UnitTest name="ManagedCode.Communication.Tests.Extensions.AdvancedRailwayExtensionsTests.ParallelValidation_CollectsAllErrors" storage="/users/ksemenenko/developer/communication/managedcode.communication.tests/bin/debug/net9.0/managedcode.communication.tests.dll" id="79aef7de-738f-b2d7-91f6-bab93a12a8cc">
      <Execution id="610f22aa-889a-4d72-aeca-c8806f895fbc" />
      <TestMethod codeBase="/Users/ksemenenko/Developer/Communication/ManagedCode.Communication.Tests/bin/Debug/net9.0/ManagedCode.Communication.Tests.dll" adapterTypeName="executor://xunit/VsTestRunner3/netcore/" className="ManagedCode.Communication.Tests.Extensions.AdvancedRailwayExtensionsTests" name="ParallelValidation_CollectsAllErrors" />
    </UnitTest>
    <UnitTest name="ManagedCode.Communication.Tests.Results.ProblemCreationExtensionsTests.ToException_PreservesAllProblemDetails" storage="/users/ksemenenko/developer/communication/managedcode.communication.tests/bin/debug/net9.0/managedcode.communication.tests.dll" id="bf056b60-1220-93fe-f132-4710dd020797">
      <Execution id="203ede12-f7d5-42d6-870a-5269a90c91ee" />
      <TestMethod codeBase="/Users/ksemenenko/Developer/Communication/ManagedCode.Communication.Tests/bin/Debug/net9.0/ManagedCode.Communication.Tests.dll" adapterTypeName="executor://xunit/VsTestRunner3/netcore/" className="ManagedCode.Communication.Tests.Results.ProblemCreationExtensionsTests" name="ToException_PreservesAllProblemDetails" />
    </UnitTest>
    <UnitTest name="ManagedCode.Communication.Tests.Commands.MemoryCacheCommandIdempotencyStoreTests.TrySetCommandStatusAsync_WhenExpectedDoesNotMatch_DoesNotSetStatusAndReturnsFalse" storage="/users/ksemenenko/developer/communication/managedcode.communication.tests/bin/debug/net9.0/managedcode.communication.tests.dll" id="47fffb6e-2cd3-bf3d-b66e-3e7091161523">
      <Execution id="b1bae583-0d4e-497f-a3bf-dd2c02d3e6b7" />
      <TestMethod codeBase="/Users/ksemenenko/Developer/Communication/ManagedCode.Communication.Tests/bin/Debug/net9.0/ManagedCode.Communication.Tests.dll" adapterTypeName="executor://xunit/VsTestRunner3/netcore/" className="ManagedCode.Communication.Tests.Commands.MemoryCacheCommandIdempotencyStoreTests" name="TrySetCommandStatusAsync_WhenExpectedDoesNotMatch_DoesNotSetStatusAndReturnsFalse" />
    </UnitTest>
    <UnitTest name="ManagedCode.Communication.Tests.Results.ResultTFailMethodsTests.ResultT_FailUnauthorized_WithDetail_ShouldCreateUnauthorizedResultWithCustomDetail" storage="/users/ksemenenko/developer/communication/managedcode.communication.tests/bin/debug/net9.0/managedcode.communication.tests.dll" id="749bbee2-7b84-79fe-48ac-a4a2d51ee66d">
      <Execution id="810537b1-ef56-428f-8479-30b0600b338e" />
      <TestMethod codeBase="/Users/ksemenenko/Developer/Communication/ManagedCode.Communication.Tests/bin/Debug/net9.0/ManagedCode.Communication.Tests.dll" adapterTypeName="executor://xunit/VsTestRunner3/netcore/" className="ManagedCode.Communication.Tests.Results.ResultTFailMethodsTests" name="ResultT_FailUnauthorized_WithDetail_ShouldCreateUnauthorizedResultWithCustomDetail" />
    </UnitTest>
    <UnitTest name="ManagedCode.Communication.Tests.AspNetCore.Extensions.ControllerExtensionsTests.ToHttpResult_WithSuccessResult_ReturnsOkResult" storage="/users/ksemenenko/developer/communication/managedcode.communication.tests/bin/debug/net9.0/managedcode.communication.tests.dll" id="09a23f90-ebf0-0444-a58c-9c7e3ea1e9e8">
      <Execution id="33d33d5f-61de-487e-a843-dd6a2920d201" />
      <TestMethod codeBase="/Users/ksemenenko/Developer/Communication/ManagedCode.Communication.Tests/bin/Debug/net9.0/ManagedCode.Communication.Tests.dll" adapterTypeName="executor://xunit/VsTestRunner3/netcore/" className="ManagedCode.Communication.Tests.AspNetCore.Extensions.ControllerExtensionsTests" name="ToHttpResult_WithSuccessResult_ReturnsOkResult" />
    </UnitTest>
    <UnitTest name="ManagedCode.Communication.Tests.Results.ProblemExceptionTests.Constructor_WithProblemExtensions_ShouldPopulateData" storage="/users/ksemenenko/developer/communication/managedcode.communication.tests/bin/debug/net9.0/managedcode.communication.tests.dll" id="1ab63018-a64d-cabf-0b10-e57cb940fb84">
      <Execution id="57e8f588-7639-4032-956a-2f732719add4" />
      <TestMethod codeBase="/Users/ksemenenko/Developer/Communication/ManagedCode.Communication.Tests/bin/Debug/net9.0/ManagedCode.Communication.Tests.dll" adapterTypeName="executor://xunit/VsTestRunner3/netcore/" className="ManagedCode.Communication.Tests.Results.ProblemExceptionTests" name="Constructor_WithProblemExtensions_ShouldPopulateData" />
    </UnitTest>
    <UnitTest name="ManagedCode.Communication.Tests.Extensions.HttpResponseExtensionTests.FromJsonToResult_EmptyContent_WithErrorStatus_ReturnsFailedResult" storage="/users/ksemenenko/developer/communication/managedcode.communication.tests/bin/debug/net9.0/managedcode.communication.tests.dll" id="d48b6f70-4c0f-8a1e-1ca8-45b3563283e1">
      <Execution id="7ffa49ef-1d34-4f68-aa03-f88f39b960fb" />
      <TestMethod codeBase="/Users/ksemenenko/Developer/Communication/ManagedCode.Communication.Tests/bin/Debug/net9.0/ManagedCode.Communication.Tests.dll" adapterTypeName="executor://xunit/VsTestRunner3/netcore/" className="ManagedCode.Communication.Tests.Extensions.HttpResponseExtensionTests" name="FromJsonToResult_EmptyContent_WithErrorStatus_ReturnsFailedResult" />
    </UnitTest>
    <UnitTest name="ManagedCode.Communication.Tests.Results.ResultTFailMethodsTests.ResultT_Fail_WithTitle_ShouldCreateFailedResultWithInternalServerError" storage="/users/ksemenenko/developer/communication/managedcode.communication.tests/bin/debug/net9.0/managedcode.communication.tests.dll" id="7c1ef6a2-586b-711e-f03d-e05f7b31ffe1">
      <Execution id="18592134-1792-4445-9229-43c75ffe38ed" />
      <TestMethod codeBase="/Users/ksemenenko/Developer/Communication/ManagedCode.Communication.Tests/bin/Debug/net9.0/ManagedCode.Communication.Tests.dll" adapterTypeName="executor://xunit/VsTestRunner3/netcore/" className="ManagedCode.Communication.Tests.Results.ResultTFailMethodsTests" name="ResultT_Fail_WithTitle_ShouldCreateFailedResultWithInternalServerError" />
    </UnitTest>
    <UnitTest name="ManagedCode.Communication.Tests.CollectionResults.CollectionResultFromMethodsTests.From_RecursiveDataStructure_ShouldHandleCorrectly" storage="/users/ksemenenko/developer/communication/managedcode.communication.tests/bin/debug/net9.0/managedcode.communication.tests.dll" id="bc0f94a4-fa61-220d-0abf-7116eecf9e5e">
      <Execution id="930977d1-b83c-4b9f-9e86-e2ef091f7d12" />
      <TestMethod codeBase="/Users/ksemenenko/Developer/Communication/ManagedCode.Communication.Tests/bin/Debug/net9.0/ManagedCode.Communication.Tests.dll" adapterTypeName="executor://xunit/VsTestRunner3/netcore/" className="ManagedCode.Communication.Tests.CollectionResults.CollectionResultFromMethodsTests" name="From_RecursiveDataStructure_ShouldHandleCorrectly" />
    </UnitTest>
    <UnitTest name="ManagedCode.Communication.Tests.AspNetCore.Extensions.ControllerExtensionsTests.ToHttpResult_NonGenericWithNoProblem_ReturnsDefaultError" storage="/users/ksemenenko/developer/communication/managedcode.communication.tests/bin/debug/net9.0/managedcode.communication.tests.dll" id="3bcb1cdf-7832-8f7e-bea2-80e63571b788">
      <Execution id="2e8eabd5-7fe7-4295-a209-d00672feeb30" />
      <TestMethod codeBase="/Users/ksemenenko/Developer/Communication/ManagedCode.Communication.Tests/bin/Debug/net9.0/ManagedCode.Communication.Tests.dll" adapterTypeName="executor://xunit/VsTestRunner3/netcore/" className="ManagedCode.Communication.Tests.AspNetCore.Extensions.ControllerExtensionsTests" name="ToHttpResult_NonGenericWithNoProblem_ReturnsDefaultError" />
    </UnitTest>
    <UnitTest name="ManagedCode.Communication.Tests.Results.RailwayOrientedProgrammingTests.Bind_WithFailure_ShouldShortCircuit" storage="/users/ksemenenko/developer/communication/managedcode.communication.tests/bin/debug/net9.0/managedcode.communication.tests.dll" id="3e2872b7-fb01-c386-1343-80b94b20e5b0">
      <Execution id="26d1e51a-c846-4b02-88f9-3563af25e20a" />
      <TestMethod codeBase="/Users/ksemenenko/Developer/Communication/ManagedCode.Communication.Tests/bin/Debug/net9.0/ManagedCode.Communication.Tests.dll" adapterTypeName="executor://xunit/VsTestRunner3/netcore/" className="ManagedCode.Communication.Tests.Results.RailwayOrientedProgrammingTests" name="Bind_WithFailure_ShouldShortCircuit" />
    </UnitTest>
    <UnitTest name="ManagedCode.Communication.Tests.ResultExtensionsTests.MatchAction_ShouldExecuteCorrectBranch" storage="/users/ksemenenko/developer/communication/managedcode.communication.tests/bin/debug/net9.0/managedcode.communication.tests.dll" id="c22fbcae-e56f-74cd-4c5d-3486d7aca0e3">
      <Execution id="00980049-c2ac-4bbc-a7b0-8862f049f134" />
      <TestMethod codeBase="/Users/ksemenenko/Developer/Communication/ManagedCode.Communication.Tests/bin/Debug/net9.0/ManagedCode.Communication.Tests.dll" adapterTypeName="executor://xunit/VsTestRunner3/netcore/" className="ManagedCode.Communication.Tests.ResultExtensionsTests" name="MatchAction_ShouldExecuteCorrectBranch" />
    </UnitTest>
    <UnitTest name="ManagedCode.Communication.Tests.Results.ResultOperatorsTests.ResultT_From_WithExceptionThrowingFunc_ShouldReturnFailedResult" storage="/users/ksemenenko/developer/communication/managedcode.communication.tests/bin/debug/net9.0/managedcode.communication.tests.dll" id="3a23b277-a9a6-16d5-edba-7bdc7179741c">
      <Execution id="ce968959-f7b1-4657-a8f8-a166ca5b8107" />
      <TestMethod codeBase="/Users/ksemenenko/Developer/Communication/ManagedCode.Communication.Tests/bin/Debug/net9.0/ManagedCode.Communication.Tests.dll" adapterTypeName="executor://xunit/VsTestRunner3/netcore/" className="ManagedCode.Communication.Tests.Results.ResultOperatorsTests" name="ResultT_From_WithExceptionThrowingFunc_ShouldReturnFailedResult" />
    </UnitTest>
    <UnitTest name="ManagedCode.Communication.Tests.Results.ProblemExceptionTests.Constructor_WithInnerException_ShouldCreateProblemFromException" storage="/users/ksemenenko/developer/communication/managedcode.communication.tests/bin/debug/net9.0/managedcode.communication.tests.dll" id="f033dff5-3005-c649-45d7-638d675d115a">
      <Execution id="eef540a3-112c-4590-b50b-cbc142e79b39" />
      <TestMethod codeBase="/Users/ksemenenko/Developer/Communication/ManagedCode.Communication.Tests/bin/Debug/net9.0/ManagedCode.Communication.Tests.dll" adapterTypeName="executor://xunit/VsTestRunner3/netcore/" className="ManagedCode.Communication.Tests.Results.ProblemExceptionTests" name="Constructor_WithInnerException_ShouldCreateProblemFromException" />
    </UnitTest>
    <UnitTest name="ManagedCode.Communication.Tests.Extensions.RailwayExtensionsTests.Tap_SuccessfulResultT_ExecutesActionWithValue" storage="/users/ksemenenko/developer/communication/managedcode.communication.tests/bin/debug/net9.0/managedcode.communication.tests.dll" id="cb7fb629-ff05-f9fd-40f3-26fe636dd5c1">
      <Execution id="7227d103-6f9b-4e80-94d4-2c8f00f65896" />
      <TestMethod codeBase="/Users/ksemenenko/Developer/Communication/ManagedCode.Communication.Tests/bin/Debug/net9.0/ManagedCode.Communication.Tests.dll" adapterTypeName="executor://xunit/VsTestRunner3/netcore/" className="ManagedCode.Communication.Tests.Extensions.RailwayExtensionsTests" name="Tap_SuccessfulResultT_ExecutesActionWithValue" />
    </UnitTest>
    <UnitTest name="ManagedCode.Communication.Tests.Orleans.OrleansSerializationTests.ErrorHandling_ValidationErrors_ShouldSerializeCorrectly" storage="/users/ksemenenko/developer/communication/managedcode.communication.tests/bin/debug/net9.0/managedcode.communication.tests.dll" id="77aaea21-e151-49fb-b25c-62821a330697">
      <Execution id="712ee64c-990c-43ce-b3c2-c544809787e4" />
      <TestMethod codeBase="/Users/ksemenenko/Developer/Communication/ManagedCode.Communication.Tests/bin/Debug/net9.0/ManagedCode.Communication.Tests.dll" adapterTypeName="executor://xunit/VsTestRunner3/netcore/" className="ManagedCode.Communication.Tests.Orleans.OrleansSerializationTests" name="ErrorHandling_ValidationErrors_ShouldSerializeCorrectly" />
    </UnitTest>
    <UnitTest name="ManagedCode.Communication.Tests.Results.ResultTFailMethodsTests.ResultT_Fail_WithInnerException_ShouldPreserveExceptionInfo" storage="/users/ksemenenko/developer/communication/managedcode.communication.tests/bin/debug/net9.0/managedcode.communication.tests.dll" id="4f92ecc3-fdbf-d569-57b7-f3dc0bc79390">
      <Execution id="8ada8009-5795-489b-bd09-649bd2479dc7" />
      <TestMethod codeBase="/Users/ksemenenko/Developer/Communication/ManagedCode.Communication.Tests/bin/Debug/net9.0/ManagedCode.Communication.Tests.dll" adapterTypeName="executor://xunit/VsTestRunner3/netcore/" className="ManagedCode.Communication.Tests.Results.ResultTFailMethodsTests" name="ResultT_Fail_WithInnerException_ShouldPreserveExceptionInfo" />
    </UnitTest>
    <UnitTest name="ManagedCode.Communication.Tests.Commands.MemoryCacheCommandIdempotencyStoreTests.SetCommandStatusAsync_SetsStatus" storage="/users/ksemenenko/developer/communication/managedcode.communication.tests/bin/debug/net9.0/managedcode.communication.tests.dll" id="46e12d3a-8ba6-61ba-0ad5-33aaf363f745">
      <Execution id="32b9795c-7254-4e92-a99f-b87a4d4686fd" />
      <TestMethod codeBase="/Users/ksemenenko/Developer/Communication/ManagedCode.Communication.Tests/bin/Debug/net9.0/ManagedCode.Communication.Tests.dll" adapterTypeName="executor://xunit/VsTestRunner3/netcore/" className="ManagedCode.Communication.Tests.Commands.MemoryCacheCommandIdempotencyStoreTests" name="SetCommandStatusAsync_SetsStatus" />
    </UnitTest>
    <UnitTest name="ManagedCode.Communication.Tests.Orleans.Serialization.CollectionResultSerializationTests.CollectionResult_WithProblem_ShouldSerializeCorrectly" storage="/users/ksemenenko/developer/communication/managedcode.communication.tests/bin/debug/net9.0/managedcode.communication.tests.dll" id="ebb85f49-d557-5a6a-c90c-63121ba0873d">
      <Execution id="cb92a60f-32d2-4244-a119-3380451e75b9" />
      <TestMethod codeBase="/Users/ksemenenko/Developer/Communication/ManagedCode.Communication.Tests/bin/Debug/net9.0/ManagedCode.Communication.Tests.dll" adapterTypeName="executor://xunit/VsTestRunner3/netcore/" className="ManagedCode.Communication.Tests.Orleans.Serialization.CollectionResultSerializationTests" name="CollectionResult_WithProblem_ShouldSerializeCorrectly" />
    </UnitTest>
    <UnitTest name="ManagedCode.Communication.Tests.Extensions.RailwayExtensionsTests.Map_SuccessfulResult_TransformsValue" storage="/users/ksemenenko/developer/communication/managedcode.communication.tests/bin/debug/net9.0/managedcode.communication.tests.dll" id="c3fca266-07d5-2c9c-f6ed-16da0ae11db3">
      <Execution id="7ac8519c-b0f1-42b6-93ee-b54f2c495863" />
      <TestMethod codeBase="/Users/ksemenenko/Developer/Communication/ManagedCode.Communication.Tests/bin/Debug/net9.0/ManagedCode.Communication.Tests.dll" adapterTypeName="executor://xunit/VsTestRunner3/netcore/" className="ManagedCode.Communication.Tests.Extensions.RailwayExtensionsTests" name="Map_SuccessfulResult_TransformsValue" />
    </UnitTest>
    <UnitTest name="ManagedCode.Communication.Tests.Results.ResultTTests.Fail_WithMessage_ShouldCreateFailedResult" storage="/users/ksemenenko/developer/communication/managedcode.communication.tests/bin/debug/net9.0/managedcode.communication.tests.dll" id="74d935d3-9bac-ca17-d821-b5657be316bf">
      <Execution id="a515c324-3fe1-4966-8ec8-6d869100bae2" />
      <TestMethod codeBase="/Users/ksemenenko/Developer/Communication/ManagedCode.Communication.Tests/bin/Debug/net9.0/ManagedCode.Communication.Tests.dll" adapterTypeName="executor://xunit/VsTestRunner3/netcore/" className="ManagedCode.Communication.Tests.Results.ResultTTests" name="Fail_WithMessage_ShouldCreateFailedResult" />
    </UnitTest>
    <UnitTest name="ManagedCode.Communication.Tests.Extensions.RailwayExtensionsTests.Tap_SuccessfulResult_ExecutesAction" storage="/users/ksemenenko/developer/communication/managedcode.communication.tests/bin/debug/net9.0/managedcode.communication.tests.dll" id="80b773b9-f50d-d39a-b57c-a8373446bf0a">
      <Execution id="ca79707d-db4e-4aa1-8629-23d9393fd968" />
      <TestMethod codeBase="/Users/ksemenenko/Developer/Communication/ManagedCode.Communication.Tests/bin/Debug/net9.0/ManagedCode.Communication.Tests.dll" adapterTypeName="executor://xunit/VsTestRunner3/netcore/" className="ManagedCode.Communication.Tests.Extensions.RailwayExtensionsTests" name="Tap_SuccessfulResult_ExecutesAction" />
    </UnitTest>
    <UnitTest name="ManagedCode.Communication.Tests.AspNetCore.Extensions.CommunicationServiceCollectionExtensionsTests.AddCommunicationAspNetCore_WithLoggerFactory_ReturnsServiceCollection" storage="/users/ksemenenko/developer/communication/managedcode.communication.tests/bin/debug/net9.0/managedcode.communication.tests.dll" id="9f8aa001-f958-be2d-3226-fc565fd3e92a">
      <Execution id="74944efc-ec86-43bd-bd63-3b14ddbb52e0" />
      <TestMethod codeBase="/Users/ksemenenko/Developer/Communication/ManagedCode.Communication.Tests/bin/Debug/net9.0/ManagedCode.Communication.Tests.dll" adapterTypeName="executor://xunit/VsTestRunner3/netcore/" className="ManagedCode.Communication.Tests.AspNetCore.Extensions.CommunicationServiceCollectionExtensionsTests" name="AddCommunicationAspNetCore_WithLoggerFactory_ReturnsServiceCollection" />
    </UnitTest>
    <UnitTest name="ManagedCode.Communication.Tests.Results.ResultInvalidMethodsTests.ResultT_Invalid_WithEnum_ShouldCreateValidationResultWithErrorCode" storage="/users/ksemenenko/developer/communication/managedcode.communication.tests/bin/debug/net9.0/managedcode.communication.tests.dll" id="a5e59568-9809-0546-2c2c-c87f9fc098c3">
      <Execution id="df1dd94d-e6d8-47d9-bc86-72ddc9cf31c9" />
      <TestMethod codeBase="/Users/ksemenenko/Developer/Communication/ManagedCode.Communication.Tests/bin/Debug/net9.0/ManagedCode.Communication.Tests.dll" adapterTypeName="executor://xunit/VsTestRunner3/netcore/" className="ManagedCode.Communication.Tests.Results.ResultInvalidMethodsTests" name="ResultT_Invalid_WithEnum_ShouldCreateValidationResultWithErrorCode" />
    </UnitTest>
    <UnitTest name="ManagedCode.Communication.Tests.AspNetCore.Extensions.ServiceCollectionExtensionsTests.Communication_Should_Handle_Valid_Model_Validation" storage="/users/ksemenenko/developer/communication/managedcode.communication.tests/bin/debug/net9.0/managedcode.communication.tests.dll" id="f76203f6-f127-113c-5b07-212839a96b73">
      <Execution id="e1bde476-60f9-4b09-af74-e5dc754a9457" />
      <TestMethod codeBase="/Users/ksemenenko/Developer/Communication/ManagedCode.Communication.Tests/bin/Debug/net9.0/ManagedCode.Communication.Tests.dll" adapterTypeName="executor://xunit/VsTestRunner3/netcore/" className="ManagedCode.Communication.Tests.AspNetCore.Extensions.ServiceCollectionExtensionsTests" name="Communication_Should_Handle_Valid_Model_Validation" />
    </UnitTest>
    <UnitTest name="ManagedCode.Communication.Tests.Results.ResultTFailMethodsTests.ResultT_FailValidation_WithSingleError_ShouldCreateValidationFailedResult" storage="/users/ksemenenko/developer/communication/managedcode.communication.tests/bin/debug/net9.0/managedcode.communication.tests.dll" id="7c024d4b-1985-e15e-210c-918bbaab85d2">
      <Execution id="103e2e29-2e06-486d-9edc-b759ad4f9356" />
      <TestMethod codeBase="/Users/ksemenenko/Developer/Communication/ManagedCode.Communication.Tests/bin/Debug/net9.0/ManagedCode.Communication.Tests.dll" adapterTypeName="executor://xunit/VsTestRunner3/netcore/" className="ManagedCode.Communication.Tests.Results.ResultTFailMethodsTests" name="ResultT_FailValidation_WithSingleError_ShouldCreateValidationFailedResult" />
    </UnitTest>
    <UnitTest name="ManagedCode.Communication.Tests.Results.ResultTTests.ThrowIfFail_WithValidationFailure_ShouldThrowWithValidationDetails" storage="/users/ksemenenko/developer/communication/managedcode.communication.tests/bin/debug/net9.0/managedcode.communication.tests.dll" id="4bf554c3-e002-54a1-f4f4-8a2759f993cd">
      <Execution id="f872edbd-a1d7-4d19-96cf-64a11cfca47e" />
      <TestMethod codeBase="/Users/ksemenenko/Developer/Communication/ManagedCode.Communication.Tests/bin/Debug/net9.0/ManagedCode.Communication.Tests.dll" adapterTypeName="executor://xunit/VsTestRunner3/netcore/" className="ManagedCode.Communication.Tests.Results.ResultTTests" name="ThrowIfFail_WithValidationFailure_ShouldThrowWithValidationDetails" />
    </UnitTest>
    <UnitTest name="ManagedCode.Communication.Tests.Commands.MemoryCacheCommandIdempotencyStoreTests.ExecuteIdempotentAsync_WhenOperationFails_MarksCommandAsFailedAndRethrowsException" storage="/users/ksemenenko/developer/communication/managedcode.communication.tests/bin/debug/net9.0/managedcode.communication.tests.dll" id="ef0bb53c-de3f-61a0-57cc-23df101fc50c">
      <Execution id="2c98b1da-3d10-43e0-aad4-418e00eb0a9e" />
      <TestMethod codeBase="/Users/ksemenenko/Developer/Communication/ManagedCode.Communication.Tests/bin/Debug/net9.0/ManagedCode.Communication.Tests.dll" adapterTypeName="executor://xunit/VsTestRunner3/netcore/" className="ManagedCode.Communication.Tests.Commands.MemoryCacheCommandIdempotencyStoreTests" name="ExecuteIdempotentAsync_WhenOperationFails_MarksCommandAsFailedAndRethrowsException" />
    </UnitTest>
    <UnitTest name="ManagedCode.Communication.Tests.Results.CollectionResultInvalidMethodsTests.CollectionResult_Invalid_WithDictionary_ShouldCreateValidationResultWithAllErrors" storage="/users/ksemenenko/developer/communication/managedcode.communication.tests/bin/debug/net9.0/managedcode.communication.tests.dll" id="9b1f8110-ea93-e02f-1655-61606e4aebd0">
      <Execution id="c233907e-9e70-42b8-b7a2-ac9ef88f41e7" />
      <TestMethod codeBase="/Users/ksemenenko/Developer/Communication/ManagedCode.Communication.Tests/bin/Debug/net9.0/ManagedCode.Communication.Tests.dll" adapterTypeName="executor://xunit/VsTestRunner3/netcore/" className="ManagedCode.Communication.Tests.Results.CollectionResultInvalidMethodsTests" name="CollectionResult_Invalid_WithDictionary_ShouldCreateValidationResultWithAllErrors" />
    </UnitTest>
    <UnitTest name="ManagedCode.Communication.Tests.Results.ResultTFailMethodsTests.ResultT_Fail_WithEnumAndDetail_ShouldCreateFailedResultWithErrorCodeAndDetail" storage="/users/ksemenenko/developer/communication/managedcode.communication.tests/bin/debug/net9.0/managedcode.communication.tests.dll" id="d6db3fca-97bb-20d9-cf3b-d05f44f87938">
      <Execution id="8fd970cb-fb84-40f8-9fb0-93e2fac75f65" />
      <TestMethod codeBase="/Users/ksemenenko/Developer/Communication/ManagedCode.Communication.Tests/bin/Debug/net9.0/ManagedCode.Communication.Tests.dll" adapterTypeName="executor://xunit/VsTestRunner3/netcore/" className="ManagedCode.Communication.Tests.Results.ResultTFailMethodsTests" name="ResultT_Fail_WithEnumAndDetail_ShouldCreateFailedResultWithErrorCodeAndDetail" />
    </UnitTest>
    <UnitTest name="ManagedCode.Communication.Tests.Results.ResultHelperMethodsTests.ResultT_Try_WithException_ShouldReturnFailure" storage="/users/ksemenenko/developer/communication/managedcode.communication.tests/bin/debug/net9.0/managedcode.communication.tests.dll" id="9bb7a7e9-f04f-a8a6-8961-152ae79c986e">
      <Execution id="917fb600-d96e-4547-911c-a606a81cd5a0" />
      <TestMethod codeBase="/Users/ksemenenko/Developer/Communication/ManagedCode.Communication.Tests/bin/Debug/net9.0/ManagedCode.Communication.Tests.dll" adapterTypeName="executor://xunit/VsTestRunner3/netcore/" className="ManagedCode.Communication.Tests.Results.ResultHelperMethodsTests" name="ResultT_Try_WithException_ShouldReturnFailure" />
    </UnitTest>
    <UnitTest name="ManagedCode.Communication.Tests.Extensions.AdvancedRailwayExtensionsTests.Check_WithException_ReturnsFailure" storage="/users/ksemenenko/developer/communication/managedcode.communication.tests/bin/debug/net9.0/managedcode.communication.tests.dll" id="31bbfad4-620c-0f60-3fd5-d9cbacc26d24">
      <Execution id="cb9f0811-f3e4-4f75-b679-c37cc964485d" />
      <TestMethod codeBase="/Users/ksemenenko/Developer/Communication/ManagedCode.Communication.Tests/bin/Debug/net9.0/ManagedCode.Communication.Tests.dll" adapterTypeName="executor://xunit/VsTestRunner3/netcore/" className="ManagedCode.Communication.Tests.Extensions.AdvancedRailwayExtensionsTests" name="Check_WithException_ReturnsFailure" />
    </UnitTest>
    <UnitTest name="ManagedCode.Communication.Tests.Results.CollectionResultTests.Succeed_WithEnumerableOnly_ShouldCalculatePagingInfo" storage="/users/ksemenenko/developer/communication/managedcode.communication.tests/bin/debug/net9.0/managedcode.communication.tests.dll" id="8d46a340-0ed0-b99b-ffa5-9396c082f226">
      <Execution id="8908dd4f-aba8-4ef9-850a-94ce473f0a40" />
      <TestMethod codeBase="/Users/ksemenenko/Developer/Communication/ManagedCode.Communication.Tests/bin/Debug/net9.0/ManagedCode.Communication.Tests.dll" adapterTypeName="executor://xunit/VsTestRunner3/netcore/" className="ManagedCode.Communication.Tests.Results.CollectionResultTests" name="Succeed_WithEnumerableOnly_ShouldCalculatePagingInfo" />
    </UnitTest>
    <UnitTest name="ManagedCode.Communication.Tests.CollectionResults.CollectionResultFailMethodsTests.Fail_WithException_ShouldCreateFailedResultWithInternalServerError" storage="/users/ksemenenko/developer/communication/managedcode.communication.tests/bin/debug/net9.0/managedcode.communication.tests.dll" id="0fe8d20e-348c-7d20-8e18-4ab370792fe0">
      <Execution id="9ac684d6-5ac0-46ca-8f03-8136989af8a6" />
      <TestMethod codeBase="/Users/ksemenenko/Developer/Communication/ManagedCode.Communication.Tests/bin/Debug/net9.0/ManagedCode.Communication.Tests.dll" adapterTypeName="executor://xunit/VsTestRunner3/netcore/" className="ManagedCode.Communication.Tests.CollectionResults.CollectionResultFailMethodsTests" name="Fail_WithException_ShouldCreateFailedResultWithInternalServerError" />
    </UnitTest>
    <UnitTest name="ManagedCode.Communication.Tests.Results.ProblemCreationExtensionsTests.ToProblem_FromEnum_WithHttpStatusCode_ShouldUseProvidedStatusCode" storage="/users/ksemenenko/developer/communication/managedcode.communication.tests/bin/debug/net9.0/managedcode.communication.tests.dll" id="c5027c1a-9b50-9f43-2228-adeb647f513f">
      <Execution id="d03f6dd2-d5c5-4342-8369-e28577470b48" />
      <TestMethod codeBase="/Users/ksemenenko/Developer/Communication/ManagedCode.Communication.Tests/bin/Debug/net9.0/ManagedCode.Communication.Tests.dll" adapterTypeName="executor://xunit/VsTestRunner3/netcore/" className="ManagedCode.Communication.Tests.Results.ProblemCreationExtensionsTests" name="ToProblem_FromEnum_WithHttpStatusCode_ShouldUseProvidedStatusCode" />
    </UnitTest>
    <UnitTest name="ManagedCode.Communication.Tests.OrleansTests.GrainClientTests.ValueTaskResultComplexObjectError" storage="/users/ksemenenko/developer/communication/managedcode.communication.tests/bin/debug/net9.0/managedcode.communication.tests.dll" id="4329ce58-b589-cce3-e7e0-bf1e7069d301">
      <Execution id="abbe79b8-4ec8-481d-8285-1d5664b0f627" />
      <TestMethod codeBase="/Users/ksemenenko/Developer/Communication/ManagedCode.Communication.Tests/bin/Debug/net9.0/ManagedCode.Communication.Tests.dll" adapterTypeName="executor://xunit/VsTestRunner3/netcore/" className="ManagedCode.Communication.Tests.OrleansTests.GrainClientTests" name="ValueTaskResultComplexObjectError" />
    </UnitTest>
    <UnitTest name="ManagedCode.Communication.Tests.Extensions.ResultConversionExtensionsTests.AsResult_ExplicitTypeSpecification_WorksCorrectly" storage="/users/ksemenenko/developer/communication/managedcode.communication.tests/bin/debug/net9.0/managedcode.communication.tests.dll" id="08577c9c-2318-302e-4f69-67540b6ebc02">
      <Execution id="17a76ee3-8101-4a9a-87fa-71a5a3ba31a7" />
      <TestMethod codeBase="/Users/ksemenenko/Developer/Communication/ManagedCode.Communication.Tests/bin/Debug/net9.0/ManagedCode.Communication.Tests.dll" adapterTypeName="executor://xunit/VsTestRunner3/netcore/" className="ManagedCode.Communication.Tests.Extensions.ResultConversionExtensionsTests" name="AsResult_ExplicitTypeSpecification_WorksCorrectly" />
    </UnitTest>
    <UnitTest name="ManagedCode.Communication.Tests.AspNetCore.Helpers.HttpStatusCodeHelperTests.GetStatusCodeForException_AspNetSpecificExceptions_ReturnsCorrectStatusCode(exceptionType: typeof(Microsoft.AspNetCore.Connections.ConnectionAbortedException), expectedStatusCode: BadRequest)" storage="/users/ksemenenko/developer/communication/managedcode.communication.tests/bin/debug/net9.0/managedcode.communication.tests.dll" id="199589cd-8acd-d74a-9888-9b069b3c3800">
      <Execution id="b727a8db-20cd-4f5d-b9db-0a1922987ffa" />
      <TestMethod codeBase="/Users/ksemenenko/Developer/Communication/ManagedCode.Communication.Tests/bin/Debug/net9.0/ManagedCode.Communication.Tests.dll" adapterTypeName="executor://xunit/VsTestRunner3/netcore/" className="ManagedCode.Communication.Tests.AspNetCore.Helpers.HttpStatusCodeHelperTests" name="GetStatusCodeForException_AspNetSpecificExceptions_ReturnsCorrectStatusCode" />
    </UnitTest>
    <UnitTest name="ManagedCode.Communication.Tests.Results.ResultStaticHelperMethodsTests.Result_FailNotFoundT_NoParameters_ShouldCreateNotFoundResultT" storage="/users/ksemenenko/developer/communication/managedcode.communication.tests/bin/debug/net9.0/managedcode.communication.tests.dll" id="ec0ff6f3-40a0-61a0-1c02-ffe1c9cd8709">
      <Execution id="e96fa62c-ed7e-41ff-b0c9-ee3ac9268ca8" />
      <TestMethod codeBase="/Users/ksemenenko/Developer/Communication/ManagedCode.Communication.Tests/bin/Debug/net9.0/ManagedCode.Communication.Tests.dll" adapterTypeName="executor://xunit/VsTestRunner3/netcore/" className="ManagedCode.Communication.Tests.Results.ResultStaticHelperMethodsTests" name="Result_FailNotFoundT_NoParameters_ShouldCreateNotFoundResultT" />
    </UnitTest>
    <UnitTest name="ManagedCode.Communication.Tests.Results.ResultTFailMethodsTests.ResultT_Fail_WithTitleAndDetail_ShouldCreateFailedResultWithDefaultStatus" storage="/users/ksemenenko/developer/communication/managedcode.communication.tests/bin/debug/net9.0/managedcode.communication.tests.dll" id="5db74618-4490-82d8-607c-508cd5058260">
      <Execution id="741b603f-733a-4f74-8857-ce106b78c6e2" />
      <TestMethod codeBase="/Users/ksemenenko/Developer/Communication/ManagedCode.Communication.Tests/bin/Debug/net9.0/ManagedCode.Communication.Tests.dll" adapterTypeName="executor://xunit/VsTestRunner3/netcore/" className="ManagedCode.Communication.Tests.Results.ResultTFailMethodsTests" name="ResultT_Fail_WithTitleAndDetail_ShouldCreateFailedResultWithDefaultStatus" />
    </UnitTest>
    <UnitTest name="ManagedCode.Communication.Tests.AspNetCore.Extensions.ControllerExtensionsTests.ToActionResult_NonGenericWithNoProblem_ReturnsDefaultError" storage="/users/ksemenenko/developer/communication/managedcode.communication.tests/bin/debug/net9.0/managedcode.communication.tests.dll" id="b18d52e9-bf68-fbe1-373e-8cee042f5bc7">
      <Execution id="62811e3b-3f6b-419e-9ea1-a73c0542ba3b" />
      <TestMethod codeBase="/Users/ksemenenko/Developer/Communication/ManagedCode.Communication.Tests/bin/Debug/net9.0/ManagedCode.Communication.Tests.dll" adapterTypeName="executor://xunit/VsTestRunner3/netcore/" className="ManagedCode.Communication.Tests.AspNetCore.Extensions.ControllerExtensionsTests" name="ToActionResult_NonGenericWithNoProblem_ReturnsDefaultError" />
    </UnitTest>
    <UnitTest name="ManagedCode.Communication.Tests.Orleans.Serialization.ResultSerializationTests.Result_Success_ShouldSerializeCorrectly" storage="/users/ksemenenko/developer/communication/managedcode.communication.tests/bin/debug/net9.0/managedcode.communication.tests.dll" id="6583a529-9a0d-8ac6-f31e-1a2e00b4ca32">
      <Execution id="dab3a8b0-3d65-495c-ba38-eaaa42531d72" />
      <TestMethod codeBase="/Users/ksemenenko/Developer/Communication/ManagedCode.Communication.Tests/bin/Debug/net9.0/ManagedCode.Communication.Tests.dll" adapterTypeName="executor://xunit/VsTestRunner3/netcore/" className="ManagedCode.Communication.Tests.Orleans.Serialization.ResultSerializationTests" name="Result_Success_ShouldSerializeCorrectly" />
    </UnitTest>
    <UnitTest name="ManagedCode.Communication.Tests.Results.CollectionResultTests.ImplicitOperator_ToBool_ShouldReturnIsSuccess" storage="/users/ksemenenko/developer/communication/managedcode.communication.tests/bin/debug/net9.0/managedcode.communication.tests.dll" id="08105b68-db60-bfeb-93e6-92f308ba13b0">
      <Execution id="b6d48d84-3f44-4882-a34b-25d65bc340c1" />
      <TestMethod codeBase="/Users/ksemenenko/Developer/Communication/ManagedCode.Communication.Tests/bin/Debug/net9.0/ManagedCode.Communication.Tests.dll" adapterTypeName="executor://xunit/VsTestRunner3/netcore/" className="ManagedCode.Communication.Tests.Results.CollectionResultTests" name="ImplicitOperator_ToBool_ShouldReturnIsSuccess" />
    </UnitTest>
    <UnitTest name="ManagedCode.Communication.Tests.Results.ResultInvalidMethodsTests.Result_Invalid_WithKeyValue_ShouldCreateValidationResultWithCustomField" storage="/users/ksemenenko/developer/communication/managedcode.communication.tests/bin/debug/net9.0/managedcode.communication.tests.dll" id="f78bdf4b-5aed-2880-5937-4759bd7976c9">
      <Execution id="4137efe7-50aa-4907-9043-4de906278d23" />
      <TestMethod codeBase="/Users/ksemenenko/Developer/Communication/ManagedCode.Communication.Tests/bin/Debug/net9.0/ManagedCode.Communication.Tests.dll" adapterTypeName="executor://xunit/VsTestRunner3/netcore/" className="ManagedCode.Communication.Tests.Results.ResultInvalidMethodsTests" name="Result_Invalid_WithKeyValue_ShouldCreateValidationResultWithCustomField" />
    </UnitTest>
    <UnitTest name="ManagedCode.Communication.Tests.Extensions.HttpResponseExtensionTests.FromRequestToResult_VariousErrorCodes_ReturnsFailedResult(statusCode: InternalServerError)" storage="/users/ksemenenko/developer/communication/managedcode.communication.tests/bin/debug/net9.0/managedcode.communication.tests.dll" id="cb55dff4-d7f6-2f2e-153f-1f8301bc11f9">
      <Execution id="c89f8e75-37ae-42c4-a685-005256e329e4" />
      <TestMethod codeBase="/Users/ksemenenko/Developer/Communication/ManagedCode.Communication.Tests/bin/Debug/net9.0/ManagedCode.Communication.Tests.dll" adapterTypeName="executor://xunit/VsTestRunner3/netcore/" className="ManagedCode.Communication.Tests.Extensions.HttpResponseExtensionTests" name="FromRequestToResult_VariousErrorCodes_ReturnsFailedResult" />
    </UnitTest>
    <UnitTest name="ManagedCode.Communication.Tests.Results.CollectionResultTests.Fail_WithMessage_ShouldCreateFailedResult" storage="/users/ksemenenko/developer/communication/managedcode.communication.tests/bin/debug/net9.0/managedcode.communication.tests.dll" id="62ec9571-83d3-3d31-1779-4fe2cf2be8e0">
      <Execution id="3695b6f3-903a-4a39-94cc-487d54630d97" />
      <TestMethod codeBase="/Users/ksemenenko/Developer/Communication/ManagedCode.Communication.Tests/bin/Debug/net9.0/ManagedCode.Communication.Tests.dll" adapterTypeName="executor://xunit/VsTestRunner3/netcore/" className="ManagedCode.Communication.Tests.Results.CollectionResultTests" name="Fail_WithMessage_ShouldCreateFailedResult" />
    </UnitTest>
    <UnitTest name="ManagedCode.Communication.Tests.Extensions.ProblemExtensionsTests.RoundTrip_ProblemToProblemDetailsAndBack_ShouldPreserveAllData" storage="/users/ksemenenko/developer/communication/managedcode.communication.tests/bin/debug/net9.0/managedcode.communication.tests.dll" id="51b443bb-f015-cdb0-7b07-a9cab8e0e8a8">
      <Execution id="944484b4-367a-476e-a238-e7606b164519" />
      <TestMethod codeBase="/Users/ksemenenko/Developer/Communication/ManagedCode.Communication.Tests/bin/Debug/net9.0/ManagedCode.Communication.Tests.dll" adapterTypeName="executor://xunit/VsTestRunner3/netcore/" className="ManagedCode.Communication.Tests.Extensions.ProblemExtensionsTests" name="RoundTrip_ProblemToProblemDetailsAndBack_ShouldPreserveAllData" />
    </UnitTest>
    <UnitTest name="ManagedCode.Communication.Tests.Extensions.ResultConversionExtensionsTests.AsResult_WithArgumentException_CreatesFailedResultWithCorrectProblem" storage="/users/ksemenenko/developer/communication/managedcode.communication.tests/bin/debug/net9.0/managedcode.communication.tests.dll" id="ad1859a2-9b1d-fff4-e010-4df6fe4ee045">
      <Execution id="62e87be6-3e24-4ce1-b54f-ed1c9560be06" />
      <TestMethod codeBase="/Users/ksemenenko/Developer/Communication/ManagedCode.Communication.Tests/bin/Debug/net9.0/ManagedCode.Communication.Tests.dll" adapterTypeName="executor://xunit/VsTestRunner3/netcore/" className="ManagedCode.Communication.Tests.Extensions.ResultConversionExtensionsTests" name="AsResult_WithArgumentException_CreatesFailedResultWithCorrectProblem" />
    </UnitTest>
    <UnitTest name="ManagedCode.Communication.Tests.CollectionResults.CollectionResultFromMethodsTests.From_FuncTaskWithCancellationToken_ShouldCreateSuccessResult" storage="/users/ksemenenko/developer/communication/managedcode.communication.tests/bin/debug/net9.0/managedcode.communication.tests.dll" id="2c800d9a-9994-7d52-e9ef-f570f34487f0">
      <Execution id="79acf13a-5754-4c24-b275-34e7f263d9ea" />
      <TestMethod codeBase="/Users/ksemenenko/Developer/Communication/ManagedCode.Communication.Tests/bin/Debug/net9.0/ManagedCode.Communication.Tests.dll" adapterTypeName="executor://xunit/VsTestRunner3/netcore/" className="ManagedCode.Communication.Tests.CollectionResults.CollectionResultFromMethodsTests" name="From_FuncTaskWithCancellationToken_ShouldCreateSuccessResult" />
    </UnitTest>
    <UnitTest name="ManagedCode.Communication.Tests.CollectionResults.CollectionResultFromMethodsTests.From_FuncReturningArray_ShouldCreateSuccessResult" storage="/users/ksemenenko/developer/communication/managedcode.communication.tests/bin/debug/net9.0/managedcode.communication.tests.dll" id="e39e9980-2b7c-af72-8ea9-548ab3dc3398">
      <Execution id="9df5af42-10fa-43d2-abf1-e38e67ff512c" />
      <TestMethod codeBase="/Users/ksemenenko/Developer/Communication/ManagedCode.Communication.Tests/bin/Debug/net9.0/ManagedCode.Communication.Tests.dll" adapterTypeName="executor://xunit/VsTestRunner3/netcore/" className="ManagedCode.Communication.Tests.CollectionResults.CollectionResultFromMethodsTests" name="From_FuncReturningArray_ShouldCreateSuccessResult" />
    </UnitTest>
    <UnitTest name="ManagedCode.Communication.Tests.Results.ResultFailMethodsTests.Result_FailValidation_WithMultipleErrors_ShouldCreateValidationFailedResultWithAllErrors" storage="/users/ksemenenko/developer/communication/managedcode.communication.tests/bin/debug/net9.0/managedcode.communication.tests.dll" id="e9cb769c-b635-ee8b-10f7-3c2bfac37d63">
      <Execution id="2ec384db-69e0-4515-a820-67404accfa6a" />
      <TestMethod codeBase="/Users/ksemenenko/Developer/Communication/ManagedCode.Communication.Tests/bin/Debug/net9.0/ManagedCode.Communication.Tests.dll" adapterTypeName="executor://xunit/VsTestRunner3/netcore/" className="ManagedCode.Communication.Tests.Results.ResultFailMethodsTests" name="Result_FailValidation_WithMultipleErrors_ShouldCreateValidationFailedResultWithAllErrors" />
    </UnitTest>
    <UnitTest name="ManagedCode.Communication.Tests.Extensions.RailwayExtensionsTests.TapAsync_SuccessfulResult_ExecutesAction" storage="/users/ksemenenko/developer/communication/managedcode.communication.tests/bin/debug/net9.0/managedcode.communication.tests.dll" id="922f442b-abde-2646-f44f-3ba19dc6a53c">
      <Execution id="8773af3b-d98e-4f30-9165-e727cc387e4f" />
      <TestMethod codeBase="/Users/ksemenenko/Developer/Communication/ManagedCode.Communication.Tests/bin/Debug/net9.0/ManagedCode.Communication.Tests.dll" adapterTypeName="executor://xunit/VsTestRunner3/netcore/" className="ManagedCode.Communication.Tests.Extensions.RailwayExtensionsTests" name="TapAsync_SuccessfulResult_ExecutesAction" />
    </UnitTest>
    <UnitTest name="ManagedCode.Communication.Tests.Results.ResultTTests.Match_ShouldExecuteCorrectFunction" storage="/users/ksemenenko/developer/communication/managedcode.communication.tests/bin/debug/net9.0/managedcode.communication.tests.dll" id="7e7ded53-cbb8-545f-cbd5-7575b7f60d80">
      <Execution id="b46dcb9b-a3fa-4a2a-b423-7385aa1d12cc" />
      <TestMethod codeBase="/Users/ksemenenko/Developer/Communication/ManagedCode.Communication.Tests/bin/Debug/net9.0/ManagedCode.Communication.Tests.dll" adapterTypeName="executor://xunit/VsTestRunner3/netcore/" className="ManagedCode.Communication.Tests.Results.ResultTTests" name="Match_ShouldExecuteCorrectFunction" />
    </UnitTest>
    <UnitTest name="ManagedCode.Communication.Tests.Results.ProblemCreationExtensionsTests.ToProblem_FromExceptionWithData_ShouldIncludeDataInExtensions" storage="/users/ksemenenko/developer/communication/managedcode.communication.tests/bin/debug/net9.0/managedcode.communication.tests.dll" id="84c6800a-f289-1899-3a73-99d4070467cb">
      <Execution id="2ab9b50b-783a-4cea-bc45-2afcd63c1253" />
      <TestMethod codeBase="/Users/ksemenenko/Developer/Communication/ManagedCode.Communication.Tests/bin/Debug/net9.0/ManagedCode.Communication.Tests.dll" adapterTypeName="executor://xunit/VsTestRunner3/netcore/" className="ManagedCode.Communication.Tests.Results.ProblemCreationExtensionsTests" name="ToProblem_FromExceptionWithData_ShouldIncludeDataInExtensions" />
    </UnitTest>
    <UnitTest name="ManagedCode.Communication.Tests.Results.ResultHelperMethodsTests.ResultT_FailValidation_ShouldCreateValidationResult" storage="/users/ksemenenko/developer/communication/managedcode.communication.tests/bin/debug/net9.0/managedcode.communication.tests.dll" id="66076f92-cd02-428b-c3aa-0dc5e5824793">
      <Execution id="8f8eab7b-b1fe-4bb8-b78f-832c7cbb952b" />
      <TestMethod codeBase="/Users/ksemenenko/Developer/Communication/ManagedCode.Communication.Tests/bin/Debug/net9.0/ManagedCode.Communication.Tests.dll" adapterTypeName="executor://xunit/VsTestRunner3/netcore/" className="ManagedCode.Communication.Tests.Results.ResultHelperMethodsTests" name="ResultT_FailValidation_ShouldCreateValidationResult" />
    </UnitTest>
    <UnitTest name="ManagedCode.Communication.Tests.Results.ResultInvalidMethodsTests.Result_Invalid_WithoutParameters_ShouldCreateValidationResult" storage="/users/ksemenenko/developer/communication/managedcode.communication.tests/bin/debug/net9.0/managedcode.communication.tests.dll" id="8c3fdcf7-4fc6-4fdc-74eb-b85a360cd133">
      <Execution id="c4166a11-681c-4db8-8d6c-16523368a5e3" />
      <TestMethod codeBase="/Users/ksemenenko/Developer/Communication/ManagedCode.Communication.Tests/bin/Debug/net9.0/ManagedCode.Communication.Tests.dll" adapterTypeName="executor://xunit/VsTestRunner3/netcore/" className="ManagedCode.Communication.Tests.Results.ResultInvalidMethodsTests" name="Result_Invalid_WithoutParameters_ShouldCreateValidationResult" />
    </UnitTest>
    <UnitTest name="ManagedCode.Communication.Tests.Extensions.HttpResponseExtensionTests.FromJsonToResult_NotFoundStatusCode_ReturnsFailedResult" storage="/users/ksemenenko/developer/communication/managedcode.communication.tests/bin/debug/net9.0/managedcode.communication.tests.dll" id="f91416c8-1703-e7ea-8c9a-a92b7bb1d688">
      <Execution id="a1cf5c9a-07f4-4f9a-8c80-8ea3fa6d1460" />
      <TestMethod codeBase="/Users/ksemenenko/Developer/Communication/ManagedCode.Communication.Tests/bin/Debug/net9.0/ManagedCode.Communication.Tests.dll" adapterTypeName="executor://xunit/VsTestRunner3/netcore/" className="ManagedCode.Communication.Tests.Extensions.HttpResponseExtensionTests" name="FromJsonToResult_NotFoundStatusCode_ReturnsFailedResult" />
    </UnitTest>
    <UnitTest name="ManagedCode.Communication.Tests.Extensions.AdvancedRailwayExtensionsTests.Check_WithSuccessAndNoException_ReturnsSuccess" storage="/users/ksemenenko/developer/communication/managedcode.communication.tests/bin/debug/net9.0/managedcode.communication.tests.dll" id="b2105290-3d86-82f5-7333-a618d72f153d">
      <Execution id="08a5ae85-1aa2-400f-83dc-3d816c9acd31" />
      <TestMethod codeBase="/Users/ksemenenko/Developer/Communication/ManagedCode.Communication.Tests/bin/Debug/net9.0/ManagedCode.Communication.Tests.dll" adapterTypeName="executor://xunit/VsTestRunner3/netcore/" className="ManagedCode.Communication.Tests.Extensions.AdvancedRailwayExtensionsTests" name="Check_WithSuccessAndNoException_ReturnsSuccess" />
    </UnitTest>
    <UnitTest name="ManagedCode.Communication.Tests.Results.ResultOperatorsTests.CollectionResult_ImplicitOperator_FromException_ShouldCreateFailedResult" storage="/users/ksemenenko/developer/communication/managedcode.communication.tests/bin/debug/net9.0/managedcode.communication.tests.dll" id="30d1482a-3681-2b78-041a-5c6ec797ad16">
      <Execution id="c9441af0-252d-4086-85fc-795d50c05b70" />
      <TestMethod codeBase="/Users/ksemenenko/Developer/Communication/ManagedCode.Communication.Tests/bin/Debug/net9.0/ManagedCode.Communication.Tests.dll" adapterTypeName="executor://xunit/VsTestRunner3/netcore/" className="ManagedCode.Communication.Tests.Results.ResultOperatorsTests" name="CollectionResult_ImplicitOperator_FromException_ShouldCreateFailedResult" />
    </UnitTest>
    <UnitTest name="ManagedCode.Communication.Tests.Orleans.Serialization.CollectionResultSerializationTests.CollectionResult_LargePagination_ShouldSerializeCorrectly" storage="/users/ksemenenko/developer/communication/managedcode.communication.tests/bin/debug/net9.0/managedcode.communication.tests.dll" id="08729d0d-aac1-00cc-61c8-d3a43baa982c">
      <Execution id="95a71805-a328-4035-ae6b-e7b7222ee754" />
      <TestMethod codeBase="/Users/ksemenenko/Developer/Communication/ManagedCode.Communication.Tests/bin/Debug/net9.0/ManagedCode.Communication.Tests.dll" adapterTypeName="executor://xunit/VsTestRunner3/netcore/" className="ManagedCode.Communication.Tests.Orleans.Serialization.CollectionResultSerializationTests" name="CollectionResult_LargePagination_ShouldSerializeCorrectly" />
    </UnitTest>
    <UnitTest name="ManagedCode.Communication.Tests.Results.RailwayOrientedProgrammingTests.Bind_ChainedOperations_ShouldWork" storage="/users/ksemenenko/developer/communication/managedcode.communication.tests/bin/debug/net9.0/managedcode.communication.tests.dll" id="20a5b366-61d2-1b17-1341-93fed7be4651">
      <Execution id="c33e4feb-b1c4-45d4-8105-f3d433a08e41" />
      <TestMethod codeBase="/Users/ksemenenko/Developer/Communication/ManagedCode.Communication.Tests/bin/Debug/net9.0/ManagedCode.Communication.Tests.dll" adapterTypeName="executor://xunit/VsTestRunner3/netcore/" className="ManagedCode.Communication.Tests.Results.RailwayOrientedProgrammingTests" name="Bind_ChainedOperations_ShouldWork" />
    </UnitTest>
    <UnitTest name="ManagedCode.Communication.Tests.Results.ResultOperatorsTests.Result_Fail_WithEnum_ShouldCreateFailedResultWithErrorCode" storage="/users/ksemenenko/developer/communication/managedcode.communication.tests/bin/debug/net9.0/managedcode.communication.tests.dll" id="c4b29f92-16d2-98d3-cbb9-2e703b5f2766">
      <Execution id="bb6ccc6d-1ba5-45c9-9b77-455afed61df9" />
      <TestMethod codeBase="/Users/ksemenenko/Developer/Communication/ManagedCode.Communication.Tests/bin/Debug/net9.0/ManagedCode.Communication.Tests.dll" adapterTypeName="executor://xunit/VsTestRunner3/netcore/" className="ManagedCode.Communication.Tests.Results.ResultOperatorsTests" name="Result_Fail_WithEnum_ShouldCreateFailedResultWithErrorCode" />
    </UnitTest>
    <UnitTest name="ManagedCode.Communication.Tests.Serialization.SerializationTests.Problem_FromException_ShouldSerializeAndDeserialize" storage="/users/ksemenenko/developer/communication/managedcode.communication.tests/bin/debug/net9.0/managedcode.communication.tests.dll" id="ebdedf64-5984-f3fa-314b-abb5908d2640">
      <Execution id="55503f62-1dd1-4787-a778-87cb072417d8" />
      <TestMethod codeBase="/Users/ksemenenko/Developer/Communication/ManagedCode.Communication.Tests/bin/Debug/net9.0/ManagedCode.Communication.Tests.dll" adapterTypeName="executor://xunit/VsTestRunner3/netcore/" className="ManagedCode.Communication.Tests.Serialization.SerializationTests" name="Problem_FromException_ShouldSerializeAndDeserialize" />
    </UnitTest>
    <UnitTest name="ManagedCode.Communication.Tests.Results.ResultFailMethodsTests.Result_Fail_WithException_ShouldCreateFailedResultWithInternalServerError" storage="/users/ksemenenko/developer/communication/managedcode.communication.tests/bin/debug/net9.0/managedcode.communication.tests.dll" id="0c01bfd0-4d6b-46f6-eaab-f63c83d8702f">
      <Execution id="7aeb2c59-2874-417c-807c-fc009ec92663" />
      <TestMethod codeBase="/Users/ksemenenko/Developer/Communication/ManagedCode.Communication.Tests/bin/Debug/net9.0/ManagedCode.Communication.Tests.dll" adapterTypeName="executor://xunit/VsTestRunner3/netcore/" className="ManagedCode.Communication.Tests.Results.ResultFailMethodsTests" name="Result_Fail_WithException_ShouldCreateFailedResultWithInternalServerError" />
    </UnitTest>
    <UnitTest name="ManagedCode.Communication.Tests.Extensions.ProblemExtensionsTests.ToFailedResult_FromProblem_ShouldCreateFailedResult" storage="/users/ksemenenko/developer/communication/managedcode.communication.tests/bin/debug/net9.0/managedcode.communication.tests.dll" id="4ca8e0f8-7886-5585-ed9e-dd4413882552">
      <Execution id="da4c196a-2d56-486a-896a-9baf3bc08c30" />
      <TestMethod codeBase="/Users/ksemenenko/Developer/Communication/ManagedCode.Communication.Tests/bin/Debug/net9.0/ManagedCode.Communication.Tests.dll" adapterTypeName="executor://xunit/VsTestRunner3/netcore/" className="ManagedCode.Communication.Tests.Extensions.ProblemExtensionsTests" name="ToFailedResult_FromProblem_ShouldCreateFailedResult" />
    </UnitTest>
    <UnitTest name="ManagedCode.Communication.Tests.Results.ProblemTests.FromEnum_ShouldCreateProblemFromEnum" storage="/users/ksemenenko/developer/communication/managedcode.communication.tests/bin/debug/net9.0/managedcode.communication.tests.dll" id="ced3317a-f4de-c56d-29ac-20cf03fa04ec">
      <Execution id="321f2416-2e45-4c1f-ae92-d6e953ee160a" />
      <TestMethod codeBase="/Users/ksemenenko/Developer/Communication/ManagedCode.Communication.Tests/bin/Debug/net9.0/ManagedCode.Communication.Tests.dll" adapterTypeName="executor://xunit/VsTestRunner3/netcore/" className="ManagedCode.Communication.Tests.Results.ProblemTests" name="FromEnum_ShouldCreateProblemFromEnum" />
    </UnitTest>
    <UnitTest name="ManagedCode.Communication.Tests.AspNetCore.Extensions.ControllerExtensionsTests.ToActionResult_WithFailedResult_ReturnsCorrectStatusCode" storage="/users/ksemenenko/developer/communication/managedcode.communication.tests/bin/debug/net9.0/managedcode.communication.tests.dll" id="db5cf356-60bc-24eb-7ebd-eedff3a8292a">
      <Execution id="8b60721b-64ea-43b4-8b49-99f479e6e923" />
      <TestMethod codeBase="/Users/ksemenenko/Developer/Communication/ManagedCode.Communication.Tests/bin/Debug/net9.0/ManagedCode.Communication.Tests.dll" adapterTypeName="executor://xunit/VsTestRunner3/netcore/" className="ManagedCode.Communication.Tests.AspNetCore.Extensions.ControllerExtensionsTests" name="ToActionResult_WithFailedResult_ReturnsCorrectStatusCode" />
    </UnitTest>
    <UnitTest name="ManagedCode.Communication.Tests.CollectionResults.CollectionResultFromMethodsTests.From_GenericFailedCollectionResultWithoutProblem_ShouldReturnFailedResult" storage="/users/ksemenenko/developer/communication/managedcode.communication.tests/bin/debug/net9.0/managedcode.communication.tests.dll" id="e00fb5a4-e228-98dc-9550-b28f1789a059">
      <Execution id="a409cff5-3b01-46eb-9bbc-5417a8920460" />
      <TestMethod codeBase="/Users/ksemenenko/Developer/Communication/ManagedCode.Communication.Tests/bin/Debug/net9.0/ManagedCode.Communication.Tests.dll" adapterTypeName="executor://xunit/VsTestRunner3/netcore/" className="ManagedCode.Communication.Tests.CollectionResults.CollectionResultFromMethodsTests" name="From_GenericFailedCollectionResultWithoutProblem_ShouldReturnFailedResult" />
    </UnitTest>
    <UnitTest name="ManagedCode.Communication.Tests.Extensions.ResultConversionExtensionsTests.AsResult_WithCustomException_CreatesFailedResultWithCustomMessage" storage="/users/ksemenenko/developer/communication/managedcode.communication.tests/bin/debug/net9.0/managedcode.communication.tests.dll" id="7808886e-5ad2-29ba-1f74-f44897640f75">
      <Execution id="1c242104-b9c7-4158-a25d-159a370124c0" />
      <TestMethod codeBase="/Users/ksemenenko/Developer/Communication/ManagedCode.Communication.Tests/bin/Debug/net9.0/ManagedCode.Communication.Tests.dll" adapterTypeName="executor://xunit/VsTestRunner3/netcore/" className="ManagedCode.Communication.Tests.Extensions.ResultConversionExtensionsTests" name="AsResult_WithCustomException_CreatesFailedResultWithCustomMessage" />
    </UnitTest>
    <UnitTest name="ManagedCode.Communication.Tests.Extensions.RailwayExtensionsTests.MapAsync_SuccessfulResult_TransformsValue" storage="/users/ksemenenko/developer/communication/managedcode.communication.tests/bin/debug/net9.0/managedcode.communication.tests.dll" id="5bc0f3f5-2ef6-71a7-b380-e960810bb877">
      <Execution id="f2bf7db3-8d7e-4bf3-a1d2-c5902c78cb6b" />
      <TestMethod codeBase="/Users/ksemenenko/Developer/Communication/ManagedCode.Communication.Tests/bin/Debug/net9.0/ManagedCode.Communication.Tests.dll" adapterTypeName="executor://xunit/VsTestRunner3/netcore/" className="ManagedCode.Communication.Tests.Extensions.RailwayExtensionsTests" name="MapAsync_SuccessfulResult_TransformsValue" />
    </UnitTest>
    <UnitTest name="ManagedCode.Communication.Tests.Results.ResultTests.ImplicitOperator_FromBool_False_ShouldCreateFailedResult" storage="/users/ksemenenko/developer/communication/managedcode.communication.tests/bin/debug/net9.0/managedcode.communication.tests.dll" id="1984c2a7-7175-dd20-85f7-f923a8979400">
      <Execution id="069aead6-5535-4f3f-acbe-eca43d822d79" />
      <TestMethod codeBase="/Users/ksemenenko/Developer/Communication/ManagedCode.Communication.Tests/bin/Debug/net9.0/ManagedCode.Communication.Tests.dll" adapterTypeName="executor://xunit/VsTestRunner3/netcore/" className="ManagedCode.Communication.Tests.Results.ResultTests" name="ImplicitOperator_FromBool_False_ShouldCreateFailedResult" />
    </UnitTest>
    <UnitTest name="ManagedCode.Communication.Tests.Results.ResultTFailMethodsTests.ResultT_Fail_WithEnumAndStatus_ShouldCreateFailedResultWithErrorCodeAndStatus" storage="/users/ksemenenko/developer/communication/managedcode.communication.tests/bin/debug/net9.0/managedcode.communication.tests.dll" id="ac1ffaa9-ae14-8f71-b2ad-c1cdc3b66547">
      <Execution id="97a6320c-91f0-48a7-9419-d139f6811f1b" />
      <TestMethod codeBase="/Users/ksemenenko/Developer/Communication/ManagedCode.Communication.Tests/bin/Debug/net9.0/ManagedCode.Communication.Tests.dll" adapterTypeName="executor://xunit/VsTestRunner3/netcore/" className="ManagedCode.Communication.Tests.Results.ResultTFailMethodsTests" name="ResultT_Fail_WithEnumAndStatus_ShouldCreateFailedResultWithErrorCodeAndStatus" />
    </UnitTest>
    <UnitTest name="ManagedCode.Communication.Tests.CollectionResults.CollectionResultFromMethodsTests.From_FuncValueTaskArray_ShouldCreateSuccessResult" storage="/users/ksemenenko/developer/communication/managedcode.communication.tests/bin/debug/net9.0/managedcode.communication.tests.dll" id="bc225918-98fd-4d8f-87ce-a283504ff818">
      <Execution id="98343423-4715-48ba-8f07-d2f23f2e1d41" />
      <TestMethod codeBase="/Users/ksemenenko/Developer/Communication/ManagedCode.Communication.Tests/bin/Debug/net9.0/ManagedCode.Communication.Tests.dll" adapterTypeName="executor://xunit/VsTestRunner3/netcore/" className="ManagedCode.Communication.Tests.CollectionResults.CollectionResultFromMethodsTests" name="From_FuncValueTaskArray_ShouldCreateSuccessResult" />
    </UnitTest>
    <UnitTest name="ManagedCode.Communication.Tests.Orleans.Serialization.ResultSerializationTests.ResultT_WithDifferentProblemTypes_ShouldSerializeCorrectly" storage="/users/ksemenenko/developer/communication/managedcode.communication.tests/bin/debug/net9.0/managedcode.communication.tests.dll" id="0376fa9b-7287-a731-419b-9fc297e855af">
      <Execution id="66fc51e3-0dd6-42c5-bcf3-d7a36a8f58ad" />
      <TestMethod codeBase="/Users/ksemenenko/Developer/Communication/ManagedCode.Communication.Tests/bin/Debug/net9.0/ManagedCode.Communication.Tests.dll" adapterTypeName="executor://xunit/VsTestRunner3/netcore/" className="ManagedCode.Communication.Tests.Orleans.Serialization.ResultSerializationTests" name="ResultT_WithDifferentProblemTypes_ShouldSerializeCorrectly" />
    </UnitTest>
    <UnitTest name="ManagedCode.Communication.Tests.Commands.MemoryCacheCommandIdempotencyStoreTests.SetCommandResultAsync_StoresResult" storage="/users/ksemenenko/developer/communication/managedcode.communication.tests/bin/debug/net9.0/managedcode.communication.tests.dll" id="e96efc22-986d-68b5-5775-340184dbd8fe">
      <Execution id="58d02baa-ae52-4ddc-b839-61c5de955549" />
      <TestMethod codeBase="/Users/ksemenenko/Developer/Communication/ManagedCode.Communication.Tests/bin/Debug/net9.0/ManagedCode.Communication.Tests.dll" adapterTypeName="executor://xunit/VsTestRunner3/netcore/" className="ManagedCode.Communication.Tests.Commands.MemoryCacheCommandIdempotencyStoreTests" name="SetCommandResultAsync_StoresResult" />
    </UnitTest>
    <UnitTest name="ManagedCode.Communication.Tests.Results.ResultInvalidMethodsTests.ResultT_Invalid_WithMessage_ShouldCreateValidationResultWithMessage" storage="/users/ksemenenko/developer/communication/managedcode.communication.tests/bin/debug/net9.0/managedcode.communication.tests.dll" id="f91e9575-30e1-e221-f699-3a11de9b388a">
      <Execution id="08eebdc3-e651-425f-8ff0-3cfa638c8338" />
      <TestMethod codeBase="/Users/ksemenenko/Developer/Communication/ManagedCode.Communication.Tests/bin/Debug/net9.0/ManagedCode.Communication.Tests.dll" adapterTypeName="executor://xunit/VsTestRunner3/netcore/" className="ManagedCode.Communication.Tests.Results.ResultInvalidMethodsTests" name="ResultT_Invalid_WithMessage_ShouldCreateValidationResultWithMessage" />
    </UnitTest>
    <UnitTest name="ManagedCode.Communication.Tests.Results.ResultOperatorsTests.Result_ImplicitOperator_FromException_ShouldCreateFailedResult" storage="/users/ksemenenko/developer/communication/managedcode.communication.tests/bin/debug/net9.0/managedcode.communication.tests.dll" id="e20cd443-fa33-bc28-26be-fffb5ab77d26">
      <Execution id="04835bad-8c68-4d69-babe-509613c11d30" />
      <TestMethod codeBase="/Users/ksemenenko/Developer/Communication/ManagedCode.Communication.Tests/bin/Debug/net9.0/ManagedCode.Communication.Tests.dll" adapterTypeName="executor://xunit/VsTestRunner3/netcore/" className="ManagedCode.Communication.Tests.Results.ResultOperatorsTests" name="Result_ImplicitOperator_FromException_ShouldCreateFailedResult" />
    </UnitTest>
    <UnitTest name="ManagedCode.Communication.Tests.Results.ResultFailMethodsTests.Result_Fail_WithExceptionAndStatus_ShouldCreateFailedResultWithSpecifiedStatus" storage="/users/ksemenenko/developer/communication/managedcode.communication.tests/bin/debug/net9.0/managedcode.communication.tests.dll" id="e54d77da-6a95-0aa2-239e-14e9fe7b27b9">
      <Execution id="56cd6bc3-679c-4f3c-b2a1-52003800be0f" />
      <TestMethod codeBase="/Users/ksemenenko/Developer/Communication/ManagedCode.Communication.Tests/bin/Debug/net9.0/ManagedCode.Communication.Tests.dll" adapterTypeName="executor://xunit/VsTestRunner3/netcore/" className="ManagedCode.Communication.Tests.Results.ResultFailMethodsTests" name="Result_Fail_WithExceptionAndStatus_ShouldCreateFailedResultWithSpecifiedStatus" />
    </UnitTest>
    <UnitTest name="ManagedCode.Communication.Tests.CollectionResults.CollectionResultFailMethodsTests.Fail_WithTitleDetailAndStatus_ShouldCreateFailedResultWithSpecifiedStatus" storage="/users/ksemenenko/developer/communication/managedcode.communication.tests/bin/debug/net9.0/managedcode.communication.tests.dll" id="cb6876f0-ec0c-d7e3-5334-20d6a5561189">
      <Execution id="a6b6abc3-f8b1-466d-9ea1-f6c232516a90" />
      <TestMethod codeBase="/Users/ksemenenko/Developer/Communication/ManagedCode.Communication.Tests/bin/Debug/net9.0/ManagedCode.Communication.Tests.dll" adapterTypeName="executor://xunit/VsTestRunner3/netcore/" className="ManagedCode.Communication.Tests.CollectionResults.CollectionResultFailMethodsTests" name="Fail_WithTitleDetailAndStatus_ShouldCreateFailedResultWithSpecifiedStatus" />
    </UnitTest>
    <UnitTest name="ManagedCode.Communication.Tests.Extensions.HttpResponseExtensionTests.FromRequestToResult_SuccessStatusCode_ReturnsSuccessResult" storage="/users/ksemenenko/developer/communication/managedcode.communication.tests/bin/debug/net9.0/managedcode.communication.tests.dll" id="2f55c955-9b87-2c77-c3ee-dc5f86f5b329">
      <Execution id="d1a40cf5-4f3f-47a7-998a-54f5f185be33" />
      <TestMethod codeBase="/Users/ksemenenko/Developer/Communication/ManagedCode.Communication.Tests/bin/Debug/net9.0/ManagedCode.Communication.Tests.dll" adapterTypeName="executor://xunit/VsTestRunner3/netcore/" className="ManagedCode.Communication.Tests.Extensions.HttpResponseExtensionTests" name="FromRequestToResult_SuccessStatusCode_ReturnsSuccessResult" />
    </UnitTest>
    <UnitTest name="ManagedCode.Communication.Tests.Extensions.AdvancedRailwayExtensionsTests.OkIf_WithFalseCondition_FailsResult" storage="/users/ksemenenko/developer/communication/managedcode.communication.tests/bin/debug/net9.0/managedcode.communication.tests.dll" id="8f7ea0cb-e706-bc87-dc01-c9b8a5a8556e">
      <Execution id="edcaa76a-084c-4159-8d7c-e0a436c4940a" />
      <TestMethod codeBase="/Users/ksemenenko/Developer/Communication/ManagedCode.Communication.Tests/bin/Debug/net9.0/ManagedCode.Communication.Tests.dll" adapterTypeName="executor://xunit/VsTestRunner3/netcore/" className="ManagedCode.Communication.Tests.Extensions.AdvancedRailwayExtensionsTests" name="OkIf_WithFalseCondition_FailsResult" />
    </UnitTest>
    <UnitTest name="ManagedCode.Communication.Tests.ProblemTests.ProblemCreateMethodsTests.Problem_Create_WithFlagsEnum_ShouldHandleCorrectly" storage="/users/ksemenenko/developer/communication/managedcode.communication.tests/bin/debug/net9.0/managedcode.communication.tests.dll" id="c5101a70-e57e-8026-1c5c-7e3b4083afbc">
      <Execution id="eccc2496-fb6a-40ea-808a-ed611752837d" />
      <TestMethod codeBase="/Users/ksemenenko/Developer/Communication/ManagedCode.Communication.Tests/bin/Debug/net9.0/ManagedCode.Communication.Tests.dll" adapterTypeName="executor://xunit/VsTestRunner3/netcore/" className="ManagedCode.Communication.Tests.ProblemTests.ProblemCreateMethodsTests" name="Problem_Create_WithFlagsEnum_ShouldHandleCorrectly" />
    </UnitTest>
    <UnitTest name="ManagedCode.Communication.Tests.Results.ResultTFailMethodsTests.ResultT_Fail_WithEnum_ShouldCreateFailedResultWithErrorCode" storage="/users/ksemenenko/developer/communication/managedcode.communication.tests/bin/debug/net9.0/managedcode.communication.tests.dll" id="06d35280-ada3-246c-c04a-58775402cb55">
      <Execution id="4bd6ca71-32ac-45c7-b061-6cbac477cdbf" />
      <TestMethod codeBase="/Users/ksemenenko/Developer/Communication/ManagedCode.Communication.Tests/bin/Debug/net9.0/ManagedCode.Communication.Tests.dll" adapterTypeName="executor://xunit/VsTestRunner3/netcore/" className="ManagedCode.Communication.Tests.Results.ResultTFailMethodsTests" name="ResultT_Fail_WithEnum_ShouldCreateFailedResultWithErrorCode" />
    </UnitTest>
    <UnitTest name="ManagedCode.Communication.Tests.Extensions.AdvancedRailwayExtensionsTests.CombineAll_WithMixedResults_CollectsAllErrors" storage="/users/ksemenenko/developer/communication/managedcode.communication.tests/bin/debug/net9.0/managedcode.communication.tests.dll" id="0becb87d-368a-ae3f-dadc-8f59c2dd4345">
      <Execution id="44d19812-15c8-4c0a-86bd-9bb917732152" />
      <TestMethod codeBase="/Users/ksemenenko/Developer/Communication/ManagedCode.Communication.Tests/bin/Debug/net9.0/ManagedCode.Communication.Tests.dll" adapterTypeName="executor://xunit/VsTestRunner3/netcore/" className="ManagedCode.Communication.Tests.Extensions.AdvancedRailwayExtensionsTests" name="CombineAll_WithMixedResults_CollectsAllErrors" />
    </UnitTest>
    <UnitTest name="ManagedCode.Communication.Tests.Results.ResultTTests.Succeed_WithValue_ShouldCreateSuccessfulResult" storage="/users/ksemenenko/developer/communication/managedcode.communication.tests/bin/debug/net9.0/managedcode.communication.tests.dll" id="0a693c83-039e-37ea-ca71-d6cb11cb39f0">
      <Execution id="adf1f019-1b15-4506-8cde-b316bf6c1b30" />
      <TestMethod codeBase="/Users/ksemenenko/Developer/Communication/ManagedCode.Communication.Tests/bin/Debug/net9.0/ManagedCode.Communication.Tests.dll" adapterTypeName="executor://xunit/VsTestRunner3/netcore/" className="ManagedCode.Communication.Tests.Results.ResultTTests" name="Succeed_WithValue_ShouldCreateSuccessfulResult" />
    </UnitTest>
    <UnitTest name="ManagedCode.Communication.Tests.ProblemTests.ProblemCreateMethodsTests.Problem_Create_FromExceptionWithData_ShouldHandleValidKeysOnly" storage="/users/ksemenenko/developer/communication/managedcode.communication.tests/bin/debug/net9.0/managedcode.communication.tests.dll" id="93cfea10-487c-2fd1-30d8-938278bfacad">
      <Execution id="433fa5c1-2ca0-4b67-b006-38bf3e4d5167" />
      <TestMethod codeBase="/Users/ksemenenko/Developer/Communication/ManagedCode.Communication.Tests/bin/Debug/net9.0/ManagedCode.Communication.Tests.dll" adapterTypeName="executor://xunit/VsTestRunner3/netcore/" className="ManagedCode.Communication.Tests.ProblemTests.ProblemCreateMethodsTests" name="Problem_Create_FromExceptionWithData_ShouldHandleValidKeysOnly" />
    </UnitTest>
    <UnitTest name="ManagedCode.Communication.Tests.AspNetCore.Extensions.ControllerExtensionsTests.ToHttpResult_WithFailedResult_ReturnsProblemResult" storage="/users/ksemenenko/developer/communication/managedcode.communication.tests/bin/debug/net9.0/managedcode.communication.tests.dll" id="7618dd2b-5be7-dea8-df8a-a052ad263dcb">
      <Execution id="bfb01eb5-8352-45ad-a20d-c1ca96a20f34" />
      <TestMethod codeBase="/Users/ksemenenko/Developer/Communication/ManagedCode.Communication.Tests/bin/Debug/net9.0/ManagedCode.Communication.Tests.dll" adapterTypeName="executor://xunit/VsTestRunner3/netcore/" className="ManagedCode.Communication.Tests.AspNetCore.Extensions.ControllerExtensionsTests" name="ToHttpResult_WithFailedResult_ReturnsProblemResult" />
    </UnitTest>
    <UnitTest name="ManagedCode.Communication.Tests.Results.ResultTFailMethodsTests.ResultT_Fail_WithProblem_ShouldCreateFailedResultWithProblem" storage="/users/ksemenenko/developer/communication/managedcode.communication.tests/bin/debug/net9.0/managedcode.communication.tests.dll" id="78ec70f9-0461-4d69-fbae-7bfa68a35251">
      <Execution id="1ef30dcc-e646-43c5-b2c1-18ae0b20f6af" />
      <TestMethod codeBase="/Users/ksemenenko/Developer/Communication/ManagedCode.Communication.Tests/bin/Debug/net9.0/ManagedCode.Communication.Tests.dll" adapterTypeName="executor://xunit/VsTestRunner3/netcore/" className="ManagedCode.Communication.Tests.Results.ResultTFailMethodsTests" name="ResultT_Fail_WithProblem_ShouldCreateFailedResultWithProblem" />
    </UnitTest>
    <UnitTest name="ManagedCode.Communication.Tests.Results.ResultStaticHelperMethodsTests.Result_FailUnauthorizedT_WithDetail_ShouldCreateUnauthorizedResultTWithCustomDetail" storage="/users/ksemenenko/developer/communication/managedcode.communication.tests/bin/debug/net9.0/managedcode.communication.tests.dll" id="b7d0d978-6fd2-9721-9776-d435fa619ea2">
      <Execution id="508df08a-91af-4c73-b6d2-d59cf314a96d" />
      <TestMethod codeBase="/Users/ksemenenko/Developer/Communication/ManagedCode.Communication.Tests/bin/Debug/net9.0/ManagedCode.Communication.Tests.dll" adapterTypeName="executor://xunit/VsTestRunner3/netcore/" className="ManagedCode.Communication.Tests.Results.ResultStaticHelperMethodsTests" name="Result_FailUnauthorizedT_WithDetail_ShouldCreateUnauthorizedResultTWithCustomDetail" />
    </UnitTest>
    <UnitTest name="ManagedCode.Communication.Tests.Orleans.Serialization.CommandSerializationTests.CommandT_WithEnumType_ShouldSerializeCorrectly" storage="/users/ksemenenko/developer/communication/managedcode.communication.tests/bin/debug/net9.0/managedcode.communication.tests.dll" id="b019aed6-f3db-c6f2-5353-b095630ac4f5">
      <Execution id="40284949-5627-4adb-9bf8-31aadeccb647" />
      <TestMethod codeBase="/Users/ksemenenko/Developer/Communication/ManagedCode.Communication.Tests/bin/Debug/net9.0/ManagedCode.Communication.Tests.dll" adapterTypeName="executor://xunit/VsTestRunner3/netcore/" className="ManagedCode.Communication.Tests.Orleans.Serialization.CommandSerializationTests" name="CommandT_WithEnumType_ShouldSerializeCorrectly" />
    </UnitTest>
    <UnitTest name="ManagedCode.Communication.Tests.CollectionResults.CollectionResultFailMethodsTests.Fail_WithHttpStatusEnum_ShouldUseEnumValueAsStatusCode" storage="/users/ksemenenko/developer/communication/managedcode.communication.tests/bin/debug/net9.0/managedcode.communication.tests.dll" id="f435fded-0773-20b6-5c22-8fc126f24cdf">
      <Execution id="726b0d7f-8e8e-4f69-b7ee-2e316db8228d" />
      <TestMethod codeBase="/Users/ksemenenko/Developer/Communication/ManagedCode.Communication.Tests/bin/Debug/net9.0/ManagedCode.Communication.Tests.dll" adapterTypeName="executor://xunit/VsTestRunner3/netcore/" className="ManagedCode.Communication.Tests.CollectionResults.CollectionResultFailMethodsTests" name="Fail_WithHttpStatusEnum_ShouldUseEnumValueAsStatusCode" />
    </UnitTest>
    <UnitTest name="ManagedCode.Communication.Tests.CollectionResults.CollectionResultFailMethodsTests.Fail_WithEnumDetailAndStatus_ShouldCreateFailedResultWithAllSpecified" storage="/users/ksemenenko/developer/communication/managedcode.communication.tests/bin/debug/net9.0/managedcode.communication.tests.dll" id="94cb383a-2d02-5e8f-afee-a16f5b980b05">
      <Execution id="55a93760-5044-4a8f-98db-4deb191425c9" />
      <TestMethod codeBase="/Users/ksemenenko/Developer/Communication/ManagedCode.Communication.Tests/bin/Debug/net9.0/ManagedCode.Communication.Tests.dll" adapterTypeName="executor://xunit/VsTestRunner3/netcore/" className="ManagedCode.Communication.Tests.CollectionResults.CollectionResultFailMethodsTests" name="Fail_WithEnumDetailAndStatus_ShouldCreateFailedResultWithAllSpecified" />
    </UnitTest>
    <UnitTest name="ManagedCode.Communication.Tests.Serialization.SerializationTests.Result_Success_ShouldSerializeAndDeserialize" storage="/users/ksemenenko/developer/communication/managedcode.communication.tests/bin/debug/net9.0/managedcode.communication.tests.dll" id="4b36266e-a52e-ddb2-0c89-74a3ad238fe8">
      <Execution id="4beccc4a-f783-47b6-bc4e-fa70ce4fe043" />
      <TestMethod codeBase="/Users/ksemenenko/Developer/Communication/ManagedCode.Communication.Tests/bin/Debug/net9.0/ManagedCode.Communication.Tests.dll" adapterTypeName="executor://xunit/VsTestRunner3/netcore/" className="ManagedCode.Communication.Tests.Serialization.SerializationTests" name="Result_Success_ShouldSerializeAndDeserialize" />
    </UnitTest>
    <UnitTest name="ManagedCode.Communication.Tests.CollectionResults.CollectionResultFromMethodsTests.From_FuncReturningFailedCollectionResult_ShouldReturnFailedResult" storage="/users/ksemenenko/developer/communication/managedcode.communication.tests/bin/debug/net9.0/managedcode.communication.tests.dll" id="10f03419-b447-74b1-44ec-afc62ff2ba1d">
      <Execution id="21e6d540-c62f-4e5c-8116-f14ca652038d" />
      <TestMethod codeBase="/Users/ksemenenko/Developer/Communication/ManagedCode.Communication.Tests/bin/Debug/net9.0/ManagedCode.Communication.Tests.dll" adapterTypeName="executor://xunit/VsTestRunner3/netcore/" className="ManagedCode.Communication.Tests.CollectionResults.CollectionResultFromMethodsTests" name="From_FuncReturningFailedCollectionResult_ShouldReturnFailedResult" />
    </UnitTest>
    <UnitTest name="ManagedCode.Communication.Tests.Results.ResultOperatorsTests.CollectionResult_ImplicitOperator_FromProblem_ShouldCreateFailedResult" storage="/users/ksemenenko/developer/communication/managedcode.communication.tests/bin/debug/net9.0/managedcode.communication.tests.dll" id="e8ef69a7-69d2-7821-25ae-0ad9e98c19f5">
      <Execution id="54cef45c-ba9f-4c4e-93c0-f0408455ec86" />
      <TestMethod codeBase="/Users/ksemenenko/Developer/Communication/ManagedCode.Communication.Tests/bin/Debug/net9.0/ManagedCode.Communication.Tests.dll" adapterTypeName="executor://xunit/VsTestRunner3/netcore/" className="ManagedCode.Communication.Tests.Results.ResultOperatorsTests" name="CollectionResult_ImplicitOperator_FromProblem_ShouldCreateFailedResult" />
    </UnitTest>
    <UnitTest name="ManagedCode.Communication.Tests.AspNetCore.Extensions.ServiceCollectionExtensionsTests.Communication_Should_Handle_Exceptions" storage="/users/ksemenenko/developer/communication/managedcode.communication.tests/bin/debug/net9.0/managedcode.communication.tests.dll" id="7b410867-8a35-21b9-5a79-1e606c5e1d67">
      <Execution id="a8b3ce43-b188-4b2e-a8f2-abfe0a1c5c57" />
      <TestMethod codeBase="/Users/ksemenenko/Developer/Communication/ManagedCode.Communication.Tests/bin/Debug/net9.0/ManagedCode.Communication.Tests.dll" adapterTypeName="executor://xunit/VsTestRunner3/netcore/" className="ManagedCode.Communication.Tests.AspNetCore.Extensions.ServiceCollectionExtensionsTests" name="Communication_Should_Handle_Exceptions" />
    </UnitTest>
    <UnitTest name="ManagedCode.Communication.Tests.ResultExtensionsTests.Else_WithFailedResult_ShouldReturnAlternative" storage="/users/ksemenenko/developer/communication/managedcode.communication.tests/bin/debug/net9.0/managedcode.communication.tests.dll" id="dd44fca1-dd49-b0b2-8a87-a1e6c53fc967">
      <Execution id="a438a606-e570-4ed6-b381-7fcd08be18a9" />
      <TestMethod codeBase="/Users/ksemenenko/Developer/Communication/ManagedCode.Communication.Tests/bin/Debug/net9.0/ManagedCode.Communication.Tests.dll" adapterTypeName="executor://xunit/VsTestRunner3/netcore/" className="ManagedCode.Communication.Tests.ResultExtensionsTests" name="Else_WithFailedResult_ShouldReturnAlternative" />
    </UnitTest>
    <UnitTest name="ManagedCode.Communication.Tests.Results.ResultTFailMethodsTests.ResultT_Fail_WithVariousStatusCodes_ShouldSetCorrectStatusCode(statusCode: Forbidden, expectedCode: 403)" storage="/users/ksemenenko/developer/communication/managedcode.communication.tests/bin/debug/net9.0/managedcode.communication.tests.dll" id="113ecb12-1851-7d32-03e7-16f3ffbfb55a">
      <Execution id="193b83b2-3df0-4da2-8280-fe35b327bdd5" />
      <TestMethod codeBase="/Users/ksemenenko/Developer/Communication/ManagedCode.Communication.Tests/bin/Debug/net9.0/ManagedCode.Communication.Tests.dll" adapterTypeName="executor://xunit/VsTestRunner3/netcore/" className="ManagedCode.Communication.Tests.Results.ResultTFailMethodsTests" name="ResultT_Fail_WithVariousStatusCodes_ShouldSetCorrectStatusCode" />
    </UnitTest>
    <UnitTest name="ManagedCode.Communication.Tests.Extensions.HttpResponseExtensionTests.FromRequestToResult_VariousErrorCodes_ReturnsFailedResult(statusCode: NotFound)" storage="/users/ksemenenko/developer/communication/managedcode.communication.tests/bin/debug/net9.0/managedcode.communication.tests.dll" id="ccd5cfd0-32c3-c2b9-53ed-9209b5a556a0">
      <Execution id="c2f973d5-e94c-483e-8648-210db275f6b4" />
      <TestMethod codeBase="/Users/ksemenenko/Developer/Communication/ManagedCode.Communication.Tests/bin/Debug/net9.0/ManagedCode.Communication.Tests.dll" adapterTypeName="executor://xunit/VsTestRunner3/netcore/" className="ManagedCode.Communication.Tests.Extensions.HttpResponseExtensionTests" name="FromRequestToResult_VariousErrorCodes_ReturnsFailedResult" />
    </UnitTest>
    <UnitTest name="ManagedCode.Communication.Tests.Results.ProblemTests.HasErrorCode_WithMatchingEnum_ShouldReturnTrue" storage="/users/ksemenenko/developer/communication/managedcode.communication.tests/bin/debug/net9.0/managedcode.communication.tests.dll" id="3f8cf111-d901-cf6d-6700-aa95356160f6">
      <Execution id="72ee227e-4bd6-491d-ac44-ddec05b919cf" />
      <TestMethod codeBase="/Users/ksemenenko/Developer/Communication/ManagedCode.Communication.Tests/bin/Debug/net9.0/ManagedCode.Communication.Tests.dll" adapterTypeName="executor://xunit/VsTestRunner3/netcore/" className="ManagedCode.Communication.Tests.Results.ProblemTests" name="HasErrorCode_WithMatchingEnum_ShouldReturnTrue" />
    </UnitTest>
    <UnitTest name="ManagedCode.Communication.Tests.ResultExtensionsTests.BindAsync_WithSuccessResult_ShouldExecuteNextAsync" storage="/users/ksemenenko/developer/communication/managedcode.communication.tests/bin/debug/net9.0/managedcode.communication.tests.dll" id="baa49532-b762-d0bf-3c21-bfb8f673b4c2">
      <Execution id="2a570526-5a09-439e-8427-3ce99c62a59a" />
      <TestMethod codeBase="/Users/ksemenenko/Developer/Communication/ManagedCode.Communication.Tests/bin/Debug/net9.0/ManagedCode.Communication.Tests.dll" adapterTypeName="executor://xunit/VsTestRunner3/netcore/" className="ManagedCode.Communication.Tests.ResultExtensionsTests" name="BindAsync_WithSuccessResult_ShouldExecuteNextAsync" />
    </UnitTest>
    <UnitTest name="ManagedCode.Communication.Tests.Results.ResultInvalidMethodsTests.Result_InvalidT_WithEnumAndDictionary_ShouldCreateValidationResultWithAllData" storage="/users/ksemenenko/developer/communication/managedcode.communication.tests/bin/debug/net9.0/managedcode.communication.tests.dll" id="cab07736-a7f9-5cae-27f4-2374346d547f">
      <Execution id="4e7419b7-4fb7-4a5a-8049-c4bd787c7edd" />
      <TestMethod codeBase="/Users/ksemenenko/Developer/Communication/ManagedCode.Communication.Tests/bin/Debug/net9.0/ManagedCode.Communication.Tests.dll" adapterTypeName="executor://xunit/VsTestRunner3/netcore/" className="ManagedCode.Communication.Tests.Results.ResultInvalidMethodsTests" name="Result_InvalidT_WithEnumAndDictionary_ShouldCreateValidationResultWithAllData" />
    </UnitTest>
    <UnitTest name="ManagedCode.Communication.Tests.Results.ResultTTests.Fail_WithProblem_ShouldCreateFailedResult" storage="/users/ksemenenko/developer/communication/managedcode.communication.tests/bin/debug/net9.0/managedcode.communication.tests.dll" id="92ceef80-e5b7-c89c-a796-a51df0e588f6">
      <Execution id="cb98a1fd-202d-48ae-b3f6-63303eadbe30" />
      <TestMethod codeBase="/Users/ksemenenko/Developer/Communication/ManagedCode.Communication.Tests/bin/Debug/net9.0/ManagedCode.Communication.Tests.dll" adapterTypeName="executor://xunit/VsTestRunner3/netcore/" className="ManagedCode.Communication.Tests.Results.ResultTTests" name="Fail_WithProblem_ShouldCreateFailedResult" />
    </UnitTest>
    <UnitTest name="ManagedCode.Communication.Tests.ResultExtensionsTests.Bind_WithFailedResult_ShouldNotExecuteNext" storage="/users/ksemenenko/developer/communication/managedcode.communication.tests/bin/debug/net9.0/managedcode.communication.tests.dll" id="99f21baf-cf67-7cbd-a714-a2085e10f456">
      <Execution id="f10d5a86-61d7-46f5-a1dc-63596fede804" />
      <TestMethod codeBase="/Users/ksemenenko/Developer/Communication/ManagedCode.Communication.Tests/bin/Debug/net9.0/ManagedCode.Communication.Tests.dll" adapterTypeName="executor://xunit/VsTestRunner3/netcore/" className="ManagedCode.Communication.Tests.ResultExtensionsTests" name="Bind_WithFailedResult_ShouldNotExecuteNext" />
    </UnitTest>
    <UnitTest name="ManagedCode.Communication.Tests.Extensions.ProblemExtensionsTests.ToFailedResult_WithComplexExtensions_ShouldPreserveAllData" storage="/users/ksemenenko/developer/communication/managedcode.communication.tests/bin/debug/net9.0/managedcode.communication.tests.dll" id="0789453e-d5f1-17cb-3560-d081385bfb12">
      <Execution id="3d399765-a158-4d6b-aa0a-c09359683b52" />
      <TestMethod codeBase="/Users/ksemenenko/Developer/Communication/ManagedCode.Communication.Tests/bin/Debug/net9.0/ManagedCode.Communication.Tests.dll" adapterTypeName="executor://xunit/VsTestRunner3/netcore/" className="ManagedCode.Communication.Tests.Extensions.ProblemExtensionsTests" name="ToFailedResult_WithComplexExtensions_ShouldPreserveAllData" />
    </UnitTest>
    <UnitTest name="ManagedCode.Communication.Tests.OrleansTests.GrainClientTests.Result" storage="/users/ksemenenko/developer/communication/managedcode.communication.tests/bin/debug/net9.0/managedcode.communication.tests.dll" id="ff152fd0-403e-f4ec-a73e-1cd296d1d014">
      <Execution id="2f100fc0-489c-4024-8ca8-375d6c60e8be" />
      <TestMethod codeBase="/Users/ksemenenko/Developer/Communication/ManagedCode.Communication.Tests/bin/Debug/net9.0/ManagedCode.Communication.Tests.dll" adapterTypeName="executor://xunit/VsTestRunner3/netcore/" className="ManagedCode.Communication.Tests.OrleansTests.GrainClientTests" name="Result" />
    </UnitTest>
    <UnitTest name="ManagedCode.Communication.Tests.Results.CollectionResultInvalidMethodsTests.CollectionResult_Invalid_WithMessage_ShouldCreateValidationResultWithMessage" storage="/users/ksemenenko/developer/communication/managedcode.communication.tests/bin/debug/net9.0/managedcode.communication.tests.dll" id="bbc19fbb-4fd9-f2cb-1f28-6829bede514a">
      <Execution id="fb115124-b225-4dfc-8b3b-63e162c14941" />
      <TestMethod codeBase="/Users/ksemenenko/Developer/Communication/ManagedCode.Communication.Tests/bin/Debug/net9.0/ManagedCode.Communication.Tests.dll" adapterTypeName="executor://xunit/VsTestRunner3/netcore/" className="ManagedCode.Communication.Tests.Results.CollectionResultInvalidMethodsTests" name="CollectionResult_Invalid_WithMessage_ShouldCreateValidationResultWithMessage" />
    </UnitTest>
    <UnitTest name="ManagedCode.Communication.Tests.Results.RailwayOrientedProgrammingTests.Match_WithSuccess_ShouldExecuteSuccessFunction" storage="/users/ksemenenko/developer/communication/managedcode.communication.tests/bin/debug/net9.0/managedcode.communication.tests.dll" id="3c37108a-c70c-c832-75e8-68781bee0ca1">
      <Execution id="7d454fcd-2f24-4816-a234-1bd8b93b44bd" />
      <TestMethod codeBase="/Users/ksemenenko/Developer/Communication/ManagedCode.Communication.Tests/bin/Debug/net9.0/ManagedCode.Communication.Tests.dll" adapterTypeName="executor://xunit/VsTestRunner3/netcore/" className="ManagedCode.Communication.Tests.Results.RailwayOrientedProgrammingTests" name="Match_WithSuccess_ShouldExecuteSuccessFunction" />
    </UnitTest>
    <UnitTest name="ManagedCode.Communication.Tests.Serialization.ProblemJsonConverterTests.Serialize_BasicProblem_ProducesCorrectJson" storage="/users/ksemenenko/developer/communication/managedcode.communication.tests/bin/debug/net9.0/managedcode.communication.tests.dll" id="d4d49c29-9474-ecf3-0071-3ac279f9699d">
      <Execution id="593deb3f-f34b-4b1a-b7af-9a350ec72003" />
      <TestMethod codeBase="/Users/ksemenenko/Developer/Communication/ManagedCode.Communication.Tests/bin/Debug/net9.0/ManagedCode.Communication.Tests.dll" adapterTypeName="executor://xunit/VsTestRunner3/netcore/" className="ManagedCode.Communication.Tests.Serialization.ProblemJsonConverterTests" name="Serialize_BasicProblem_ProducesCorrectJson" />
    </UnitTest>
    <UnitTest name="ManagedCode.Communication.Tests.Results.ResultStaticHelperMethodsTests.Result_FailForbiddenT_WithDetail_ShouldCreateForbiddenResultTWithCustomDetail" storage="/users/ksemenenko/developer/communication/managedcode.communication.tests/bin/debug/net9.0/managedcode.communication.tests.dll" id="2003d62f-56fa-bdbd-776e-cef4ed468d9f">
      <Execution id="9a57fa72-3eed-4e7a-93e5-117fed135cf3" />
      <TestMethod codeBase="/Users/ksemenenko/Developer/Communication/ManagedCode.Communication.Tests/bin/Debug/net9.0/ManagedCode.Communication.Tests.dll" adapterTypeName="executor://xunit/VsTestRunner3/netcore/" className="ManagedCode.Communication.Tests.Results.ResultStaticHelperMethodsTests" name="Result_FailForbiddenT_WithDetail_ShouldCreateForbiddenResultTWithCustomDetail" />
    </UnitTest>
    <UnitTest name="ManagedCode.Communication.Tests.Results.ResultInvalidMethodsTests.Result_Invalid_WithEnum_ShouldCreateValidationResultWithErrorCode" storage="/users/ksemenenko/developer/communication/managedcode.communication.tests/bin/debug/net9.0/managedcode.communication.tests.dll" id="7e5d92fe-9e3c-cf14-2708-b9c99887e277">
      <Execution id="8fdb04aa-f2aa-4112-bef5-ef5d26d820ac" />
      <TestMethod codeBase="/Users/ksemenenko/Developer/Communication/ManagedCode.Communication.Tests/bin/Debug/net9.0/ManagedCode.Communication.Tests.dll" adapterTypeName="executor://xunit/VsTestRunner3/netcore/" className="ManagedCode.Communication.Tests.Results.ResultInvalidMethodsTests" name="Result_Invalid_WithEnum_ShouldCreateValidationResultWithErrorCode" />
    </UnitTest>
    <UnitTest name="ManagedCode.Communication.Tests.Results.RailwayOrientedProgrammingTests.Map_WithFailure_ShouldShortCircuit" storage="/users/ksemenenko/developer/communication/managedcode.communication.tests/bin/debug/net9.0/managedcode.communication.tests.dll" id="2863e3f9-7f1d-bf75-8848-3b8f86ca80ef">
      <Execution id="ee4c92d7-adaa-4207-974c-f9b4759cd140" />
      <TestMethod codeBase="/Users/ksemenenko/Developer/Communication/ManagedCode.Communication.Tests/bin/Debug/net9.0/ManagedCode.Communication.Tests.dll" adapterTypeName="executor://xunit/VsTestRunner3/netcore/" className="ManagedCode.Communication.Tests.Results.RailwayOrientedProgrammingTests" name="Map_WithFailure_ShouldShortCircuit" />
    </UnitTest>
    <UnitTest name="ManagedCode.Communication.Tests.Results.CollectionResultInvalidMethodsTests.CollectionResult_Invalid_WithSpecialCharacters_ShouldHandleCorrectly" storage="/users/ksemenenko/developer/communication/managedcode.communication.tests/bin/debug/net9.0/managedcode.communication.tests.dll" id="0d6b088a-4cbb-1e56-2603-e26c92fd9014">
      <Execution id="ed90993a-72a4-4308-bb6c-5bd7cf0e8b20" />
      <TestMethod codeBase="/Users/ksemenenko/Developer/Communication/ManagedCode.Communication.Tests/bin/Debug/net9.0/ManagedCode.Communication.Tests.dll" adapterTypeName="executor://xunit/VsTestRunner3/netcore/" className="ManagedCode.Communication.Tests.Results.CollectionResultInvalidMethodsTests" name="CollectionResult_Invalid_WithSpecialCharacters_ShouldHandleCorrectly" />
    </UnitTest>
    <UnitTest name="ManagedCode.Communication.Tests.Results.ProblemToExceptionErrorTests.ToException_WithStackTrace_ShouldNotPreserveStackTrace" storage="/users/ksemenenko/developer/communication/managedcode.communication.tests/bin/debug/net9.0/managedcode.communication.tests.dll" id="cb90d0c6-55d4-34fc-4dfd-762592dcaa9d">
      <Execution id="aa5ef572-5515-4491-a260-360c0167361f" />
      <TestMethod codeBase="/Users/ksemenenko/Developer/Communication/ManagedCode.Communication.Tests/bin/Debug/net9.0/ManagedCode.Communication.Tests.dll" adapterTypeName="executor://xunit/VsTestRunner3/netcore/" className="ManagedCode.Communication.Tests.Results.ProblemToExceptionErrorTests" name="ToException_WithStackTrace_ShouldNotPreserveStackTrace" />
    </UnitTest>
    <UnitTest name="ManagedCode.Communication.Tests.CollectionResults.CollectionResultFailMethodsTests.Fail_WithVariousStatusCodes_ShouldSetCorrectStatusCode(statusCode: NotFound, expectedCode: 404)" storage="/users/ksemenenko/developer/communication/managedcode.communication.tests/bin/debug/net9.0/managedcode.communication.tests.dll" id="37832d2b-c8b9-799c-6d67-0c7addb766d8">
      <Execution id="188ae7ef-5df7-48ae-bbe7-16b74f9964b3" />
      <TestMethod codeBase="/Users/ksemenenko/Developer/Communication/ManagedCode.Communication.Tests/bin/Debug/net9.0/ManagedCode.Communication.Tests.dll" adapterTypeName="executor://xunit/VsTestRunner3/netcore/" className="ManagedCode.Communication.Tests.CollectionResults.CollectionResultFailMethodsTests" name="Fail_WithVariousStatusCodes_ShouldSetCorrectStatusCode" />
    </UnitTest>
    <UnitTest name="ManagedCode.Communication.Tests.Results.CollectionResultInvalidMethodsTests.CollectionResult_Invalid_WithNullValues_ShouldHandleGracefully" storage="/users/ksemenenko/developer/communication/managedcode.communication.tests/bin/debug/net9.0/managedcode.communication.tests.dll" id="10731ee9-0f6c-2f00-a7f4-089825b67c70">
      <Execution id="bfbb626a-7d38-4bcb-8041-865e63b21bd2" />
      <TestMethod codeBase="/Users/ksemenenko/Developer/Communication/ManagedCode.Communication.Tests/bin/Debug/net9.0/ManagedCode.Communication.Tests.dll" adapterTypeName="executor://xunit/VsTestRunner3/netcore/" className="ManagedCode.Communication.Tests.Results.CollectionResultInvalidMethodsTests" name="CollectionResult_Invalid_WithNullValues_ShouldHandleGracefully" />
    </UnitTest>
    <UnitTest name="ManagedCode.Communication.Tests.Extensions.RailwayExtensionsTests.Bind_FailedResult_DoesNotExecuteNext" storage="/users/ksemenenko/developer/communication/managedcode.communication.tests/bin/debug/net9.0/managedcode.communication.tests.dll" id="a3a28d8a-51fe-9a33-f869-0770b45eb339">
      <Execution id="d4f0b4fa-68c5-4b87-8601-f2ae648dcddd" />
      <TestMethod codeBase="/Users/ksemenenko/Developer/Communication/ManagedCode.Communication.Tests/bin/Debug/net9.0/ManagedCode.Communication.Tests.dll" adapterTypeName="executor://xunit/VsTestRunner3/netcore/" className="ManagedCode.Communication.Tests.Extensions.RailwayExtensionsTests" name="Bind_FailedResult_DoesNotExecuteNext" />
    </UnitTest>
    <UnitTest name="ManagedCode.Communication.Tests.Results.ResultTFailMethodsTests.ResultT_Fail_WithNullStrings_ShouldHandleGracefully" storage="/users/ksemenenko/developer/communication/managedcode.communication.tests/bin/debug/net9.0/managedcode.communication.tests.dll" id="3c6ac6c6-76bc-c0da-6388-565dd44e7fcd">
      <Execution id="33c7708e-7314-4b89-a044-f965750a1033" />
      <TestMethod codeBase="/Users/ksemenenko/Developer/Communication/ManagedCode.Communication.Tests/bin/Debug/net9.0/ManagedCode.Communication.Tests.dll" adapterTypeName="executor://xunit/VsTestRunner3/netcore/" className="ManagedCode.Communication.Tests.Results.ResultTFailMethodsTests" name="ResultT_Fail_WithNullStrings_ShouldHandleGracefully" />
    </UnitTest>
    <UnitTest name="ManagedCode.Communication.Tests.Orleans.Serialization.ProblemSerializationTests.Problem_WithCustomExtensions_ShouldSerializeCorrectly" storage="/users/ksemenenko/developer/communication/managedcode.communication.tests/bin/debug/net9.0/managedcode.communication.tests.dll" id="7ace1753-df5a-6da6-da58-a5f38ddbdf97">
      <Execution id="5b478151-7a94-4e9a-a4ce-3daa779dd962" />
      <TestMethod codeBase="/Users/ksemenenko/Developer/Communication/ManagedCode.Communication.Tests/bin/Debug/net9.0/ManagedCode.Communication.Tests.dll" adapterTypeName="executor://xunit/VsTestRunner3/netcore/" className="ManagedCode.Communication.Tests.Orleans.Serialization.ProblemSerializationTests" name="Problem_WithCustomExtensions_ShouldSerializeCorrectly" />
    </UnitTest>
    <UnitTest name="ManagedCode.Communication.Tests.Extensions.AdvancedRailwayExtensionsTests.CompensateWith_WithFailure_ReturnsDefaultValue" storage="/users/ksemenenko/developer/communication/managedcode.communication.tests/bin/debug/net9.0/managedcode.communication.tests.dll" id="d0a02f38-518c-0632-7faf-1a71626098e2">
      <Execution id="d7dd47cc-5ec4-4cd3-ac14-1e4ff62b76b7" />
      <TestMethod codeBase="/Users/ksemenenko/Developer/Communication/ManagedCode.Communication.Tests/bin/Debug/net9.0/ManagedCode.Communication.Tests.dll" adapterTypeName="executor://xunit/VsTestRunner3/netcore/" className="ManagedCode.Communication.Tests.Extensions.AdvancedRailwayExtensionsTests" name="CompensateWith_WithFailure_ReturnsDefaultValue" />
    </UnitTest>
    <UnitTest name="ManagedCode.Communication.Tests.Results.ResultFailMethodsTests.Result_Fail_WithInnerException_ShouldPreserveExceptionInfo" storage="/users/ksemenenko/developer/communication/managedcode.communication.tests/bin/debug/net9.0/managedcode.communication.tests.dll" id="99ec6b99-38ab-d9d3-1265-68ce728117c4">
      <Execution id="19e6f345-85f0-4c8c-8c2a-fbc44911b57d" />
      <TestMethod codeBase="/Users/ksemenenko/Developer/Communication/ManagedCode.Communication.Tests/bin/Debug/net9.0/ManagedCode.Communication.Tests.dll" adapterTypeName="executor://xunit/VsTestRunner3/netcore/" className="ManagedCode.Communication.Tests.Results.ResultFailMethodsTests" name="Result_Fail_WithInnerException_ShouldPreserveExceptionInfo" />
    </UnitTest>
    <UnitTest name="ManagedCode.Communication.Tests.Orleans.Serialization.CollectionResultSerializationTests.CollectionResult_EmptyCollection_ShouldSerializeCorrectly" storage="/users/ksemenenko/developer/communication/managedcode.communication.tests/bin/debug/net9.0/managedcode.communication.tests.dll" id="0f1196ec-94c1-8ad4-9d54-4d5a2629230e">
      <Execution id="34a9d5ba-89c1-4921-93ae-61f134e571f3" />
      <TestMethod codeBase="/Users/ksemenenko/Developer/Communication/ManagedCode.Communication.Tests/bin/Debug/net9.0/ManagedCode.Communication.Tests.dll" adapterTypeName="executor://xunit/VsTestRunner3/netcore/" className="ManagedCode.Communication.Tests.Orleans.Serialization.CollectionResultSerializationTests" name="CollectionResult_EmptyCollection_ShouldSerializeCorrectly" />
    </UnitTest>
    <UnitTest name="ManagedCode.Communication.Tests.ResultExtensionsTests.TapAsync_WithSuccessResult_ShouldExecuteAsyncAction" storage="/users/ksemenenko/developer/communication/managedcode.communication.tests/bin/debug/net9.0/managedcode.communication.tests.dll" id="311b6c3e-cccf-4b30-e7f9-449c9ecff942">
      <Execution id="878c5736-fefa-434e-ac3b-d4cb1af68a78" />
      <TestMethod codeBase="/Users/ksemenenko/Developer/Communication/ManagedCode.Communication.Tests/bin/Debug/net9.0/ManagedCode.Communication.Tests.dll" adapterTypeName="executor://xunit/VsTestRunner3/netcore/" className="ManagedCode.Communication.Tests.ResultExtensionsTests" name="TapAsync_WithSuccessResult_ShouldExecuteAsyncAction" />
    </UnitTest>
    <UnitTest name="ManagedCode.Communication.Tests.AspNetCore.Extensions.ControllerExtensionsTests.ToActionResult_WithVariousStatusCodes_ReturnsCorrectStatusCode(statusCode: 500, title: &quot;Internal Server Error&quot;)" storage="/users/ksemenenko/developer/communication/managedcode.communication.tests/bin/debug/net9.0/managedcode.communication.tests.dll" id="b2e97849-9fd5-473a-c64e-60a1b38c0a1b">
      <Execution id="fd51e8e6-017d-404a-93de-31c344f7b31d" />
      <TestMethod codeBase="/Users/ksemenenko/Developer/Communication/ManagedCode.Communication.Tests/bin/Debug/net9.0/ManagedCode.Communication.Tests.dll" adapterTypeName="executor://xunit/VsTestRunner3/netcore/" className="ManagedCode.Communication.Tests.AspNetCore.Extensions.ControllerExtensionsTests" name="ToActionResult_WithVariousStatusCodes_ReturnsCorrectStatusCode" />
    </UnitTest>
    <UnitTest name="ManagedCode.Communication.Tests.Results.ResultTests.FailUnauthorized_ShouldCreateUnauthorizedResult" storage="/users/ksemenenko/developer/communication/managedcode.communication.tests/bin/debug/net9.0/managedcode.communication.tests.dll" id="1801938a-5d0f-36fb-a9bb-fea7ab8914fe">
      <Execution id="706366c4-89e2-492f-b2be-17fd0dbc652b" />
      <TestMethod codeBase="/Users/ksemenenko/Developer/Communication/ManagedCode.Communication.Tests/bin/Debug/net9.0/ManagedCode.Communication.Tests.dll" adapterTypeName="executor://xunit/VsTestRunner3/netcore/" className="ManagedCode.Communication.Tests.Results.ResultTests" name="FailUnauthorized_ShouldCreateUnauthorizedResult" />
    </UnitTest>
    <UnitTest name="ManagedCode.Communication.Tests.AspNetCore.Extensions.ControllerExtensionsTests.ToActionResult_WithVariousStatusCodes_ReturnsCorrectStatusCode(statusCode: 401, title: &quot;Unauthorized&quot;)" storage="/users/ksemenenko/developer/communication/managedcode.communication.tests/bin/debug/net9.0/managedcode.communication.tests.dll" id="88f0c0b5-dc4a-4133-b95e-5ff2d41cf758">
      <Execution id="30b9c512-0fd7-4428-9b7c-ec2324aecbae" />
      <TestMethod codeBase="/Users/ksemenenko/Developer/Communication/ManagedCode.Communication.Tests/bin/Debug/net9.0/ManagedCode.Communication.Tests.dll" adapterTypeName="executor://xunit/VsTestRunner3/netcore/" className="ManagedCode.Communication.Tests.AspNetCore.Extensions.ControllerExtensionsTests" name="ToActionResult_WithVariousStatusCodes_ReturnsCorrectStatusCode" />
    </UnitTest>
    <UnitTest name="ManagedCode.Communication.Tests.Results.ResultTFailMethodsTests.ResultT_Fail_NoParameters_ShouldCreateFailedResult" storage="/users/ksemenenko/developer/communication/managedcode.communication.tests/bin/debug/net9.0/managedcode.communication.tests.dll" id="2db04800-c35a-cd8d-8f75-a8a0a4dfddd7">
      <Execution id="5741e6c2-36de-40ed-abc6-478b97dbbc6e" />
      <TestMethod codeBase="/Users/ksemenenko/Developer/Communication/ManagedCode.Communication.Tests/bin/Debug/net9.0/ManagedCode.Communication.Tests.dll" adapterTypeName="executor://xunit/VsTestRunner3/netcore/" className="ManagedCode.Communication.Tests.Results.ResultTFailMethodsTests" name="ResultT_Fail_NoParameters_ShouldCreateFailedResult" />
    </UnitTest>
    <UnitTest name="ManagedCode.Communication.Tests.Orleans.Serialization.ProblemSerializationTests.Problem_WithAllFields_ShouldSerializeCorrectly" storage="/users/ksemenenko/developer/communication/managedcode.communication.tests/bin/debug/net9.0/managedcode.communication.tests.dll" id="6ae26cda-9ea5-f09e-3c41-fb491e5f7a36">
      <Execution id="dd43ad4b-1c03-47b4-9a57-6700fde7e84c" />
      <TestMethod codeBase="/Users/ksemenenko/Developer/Communication/ManagedCode.Communication.Tests/bin/Debug/net9.0/ManagedCode.Communication.Tests.dll" adapterTypeName="executor://xunit/VsTestRunner3/netcore/" className="ManagedCode.Communication.Tests.Orleans.Serialization.ProblemSerializationTests" name="Problem_WithAllFields_ShouldSerializeCorrectly" />
    </UnitTest>
    <UnitTest name="ManagedCode.Communication.Tests.Results.ResultTFailMethodsTests.ResultT_FailNotFound_WithDetail_ShouldCreateNotFoundResultWithCustomDetail" storage="/users/ksemenenko/developer/communication/managedcode.communication.tests/bin/debug/net9.0/managedcode.communication.tests.dll" id="4d4f77cf-2c12-609f-bf50-7abe8c10f4d6">
      <Execution id="d351f3a0-5fde-4103-a1d4-b3df1019b380" />
      <TestMethod codeBase="/Users/ksemenenko/Developer/Communication/ManagedCode.Communication.Tests/bin/Debug/net9.0/ManagedCode.Communication.Tests.dll" adapterTypeName="executor://xunit/VsTestRunner3/netcore/" className="ManagedCode.Communication.Tests.Results.ResultTFailMethodsTests" name="ResultT_FailNotFound_WithDetail_ShouldCreateNotFoundResultWithCustomDetail" />
    </UnitTest>
    <UnitTest name="ManagedCode.Communication.Tests.Results.ProblemToExceptionErrorTests.ToException_WithArgumentNullException_ShouldReconstructWithMessage" storage="/users/ksemenenko/developer/communication/managedcode.communication.tests/bin/debug/net9.0/managedcode.communication.tests.dll" id="9d8d30df-7116-4e69-8b1e-8fe0e301647c">
      <Execution id="bf96b88c-8d55-434a-b4b9-42ff74905b8c" />
      <TestMethod codeBase="/Users/ksemenenko/Developer/Communication/ManagedCode.Communication.Tests/bin/Debug/net9.0/ManagedCode.Communication.Tests.dll" adapterTypeName="executor://xunit/VsTestRunner3/netcore/" className="ManagedCode.Communication.Tests.Results.ProblemToExceptionErrorTests" name="ToException_WithArgumentNullException_ShouldReconstructWithMessage" />
    </UnitTest>
    <UnitTest name="ManagedCode.Communication.Tests.ProblemTests.ProblemCreateMethodsTests.Problem_AddValidationError_ToEmptyProblem_ShouldCreateErrorsDictionary" storage="/users/ksemenenko/developer/communication/managedcode.communication.tests/bin/debug/net9.0/managedcode.communication.tests.dll" id="a555e622-b970-4ded-325b-3f0c89ae34f6">
      <Execution id="8356eca7-9170-4353-bdbf-3965b3388863" />
      <TestMethod codeBase="/Users/ksemenenko/Developer/Communication/ManagedCode.Communication.Tests/bin/Debug/net9.0/ManagedCode.Communication.Tests.dll" adapterTypeName="executor://xunit/VsTestRunner3/netcore/" className="ManagedCode.Communication.Tests.ProblemTests.ProblemCreateMethodsTests" name="Problem_AddValidationError_ToEmptyProblem_ShouldCreateErrorsDictionary" />
    </UnitTest>
    <UnitTest name="ManagedCode.Communication.Tests.Commands.CommandTests.FromIdValue" storage="/users/ksemenenko/developer/communication/managedcode.communication.tests/bin/debug/net9.0/managedcode.communication.tests.dll" id="8849bd85-5b3b-67b2-7599-9a1cb03570c4">
      <Execution id="e0e06196-1616-48b0-93db-12e521f88a6d" />
      <TestMethod codeBase="/Users/ksemenenko/Developer/Communication/ManagedCode.Communication.Tests/bin/Debug/net9.0/ManagedCode.Communication.Tests.dll" adapterTypeName="executor://xunit/VsTestRunner3/netcore/" className="ManagedCode.Communication.Tests.Commands.CommandTests" name="FromIdValue" />
    </UnitTest>
    <UnitTest name="ManagedCode.Communication.Tests.Results.ResultHelperMethodsTests.Result_Match_WithSuccess_ShouldCallOnSuccess" storage="/users/ksemenenko/developer/communication/managedcode.communication.tests/bin/debug/net9.0/managedcode.communication.tests.dll" id="bd642842-e695-04ad-0f5e-7e2ce55f0969">
      <Execution id="cd465b12-96b1-4ddc-9e8c-6a9b78bc325a" />
      <TestMethod codeBase="/Users/ksemenenko/Developer/Communication/ManagedCode.Communication.Tests/bin/Debug/net9.0/ManagedCode.Communication.Tests.dll" adapterTypeName="executor://xunit/VsTestRunner3/netcore/" className="ManagedCode.Communication.Tests.Results.ResultHelperMethodsTests" name="Result_Match_WithSuccess_ShouldCallOnSuccess" />
    </UnitTest>
    <UnitTest name="ManagedCode.Communication.Tests.Results.ProblemToExceptionTests.ToException_FromProblemCreatedFromNullReferenceException_ShouldReconstructOriginalExceptionType" storage="/users/ksemenenko/developer/communication/managedcode.communication.tests/bin/debug/net9.0/managedcode.communication.tests.dll" id="8309389d-9c6a-c3cd-d6dd-b15a89fb2045">
      <Execution id="5e6d89b7-1c37-47b5-a59f-6d6701e857e4" />
      <TestMethod codeBase="/Users/ksemenenko/Developer/Communication/ManagedCode.Communication.Tests/bin/Debug/net9.0/ManagedCode.Communication.Tests.dll" adapterTypeName="executor://xunit/VsTestRunner3/netcore/" className="ManagedCode.Communication.Tests.Results.ProblemToExceptionTests" name="ToException_FromProblemCreatedFromNullReferenceException_ShouldReconstructOriginalExceptionType" />
    </UnitTest>
    <UnitTest name="ManagedCode.Communication.Tests.CollectionResults.CollectionResultFailMethodsTests.FailValidation_WithSingleError_ShouldCreateValidationFailedResult" storage="/users/ksemenenko/developer/communication/managedcode.communication.tests/bin/debug/net9.0/managedcode.communication.tests.dll" id="29839775-d400-0a7a-0eaf-63aa5f9e74a9">
      <Execution id="a160e017-0d20-42fc-a3eb-f6e49e6db1af" />
      <TestMethod codeBase="/Users/ksemenenko/Developer/Communication/ManagedCode.Communication.Tests/bin/Debug/net9.0/ManagedCode.Communication.Tests.dll" adapterTypeName="executor://xunit/VsTestRunner3/netcore/" className="ManagedCode.Communication.Tests.CollectionResults.CollectionResultFailMethodsTests" name="FailValidation_WithSingleError_ShouldCreateValidationFailedResult" />
    </UnitTest>
    <UnitTest name="ManagedCode.Communication.Tests.ResultExtensionsTests.Map_WithFailedResult_ShouldPropagateFailure" storage="/users/ksemenenko/developer/communication/managedcode.communication.tests/bin/debug/net9.0/managedcode.communication.tests.dll" id="1e89b684-e978-3894-3e18-fc74f760e637">
      <Execution id="fea2a49e-e408-4a0c-952c-31615ddb8ab3" />
      <TestMethod codeBase="/Users/ksemenenko/Developer/Communication/ManagedCode.Communication.Tests/bin/Debug/net9.0/ManagedCode.Communication.Tests.dll" adapterTypeName="executor://xunit/VsTestRunner3/netcore/" className="ManagedCode.Communication.Tests.ResultExtensionsTests" name="Map_WithFailedResult_ShouldPropagateFailure" />
    </UnitTest>
    <UnitTest name="ManagedCode.Communication.Tests.Orleans.Serialization.CollectionResultSerializationTests.CollectionResult_WithComplexObjects_ShouldSerializeCorrectly" storage="/users/ksemenenko/developer/communication/managedcode.communication.tests/bin/debug/net9.0/managedcode.communication.tests.dll" id="01712ad9-1f0a-7bad-d728-5d046cd9246c">
      <Execution id="bdd9dc33-d8f7-46ef-a5ed-09507e0abd2d" />
      <TestMethod codeBase="/Users/ksemenenko/Developer/Communication/ManagedCode.Communication.Tests/bin/Debug/net9.0/ManagedCode.Communication.Tests.dll" adapterTypeName="executor://xunit/VsTestRunner3/netcore/" className="ManagedCode.Communication.Tests.Orleans.Serialization.CollectionResultSerializationTests" name="CollectionResult_WithComplexObjects_ShouldSerializeCorrectly" />
    </UnitTest>
    <UnitTest name="ManagedCode.Communication.Tests.OrleansTests.GrainClientTests.ValueTaskResultError" storage="/users/ksemenenko/developer/communication/managedcode.communication.tests/bin/debug/net9.0/managedcode.communication.tests.dll" id="75533a59-7aee-ba55-d67e-cbe9946ac332">
      <Execution id="66f20101-ac29-49ee-85e2-1eb982eee645" />
      <TestMethod codeBase="/Users/ksemenenko/Developer/Communication/ManagedCode.Communication.Tests/bin/Debug/net9.0/ManagedCode.Communication.Tests.dll" adapterTypeName="executor://xunit/VsTestRunner3/netcore/" className="ManagedCode.Communication.Tests.OrleansTests.GrainClientTests" name="ValueTaskResultError" />
    </UnitTest>
    <UnitTest name="ManagedCode.Communication.Tests.Results.ResultTFailMethodsTests.ResultT_Fail_WithValue_ShouldCreateFailedResultWithValue" storage="/users/ksemenenko/developer/communication/managedcode.communication.tests/bin/debug/net9.0/managedcode.communication.tests.dll" id="64fe7f30-f5e7-1996-7e8e-17085fa9413f">
      <Execution id="8ec73370-35af-4fb3-b4f8-769558e3f6de" />
      <TestMethod codeBase="/Users/ksemenenko/Developer/Communication/ManagedCode.Communication.Tests/bin/Debug/net9.0/ManagedCode.Communication.Tests.dll" adapterTypeName="executor://xunit/VsTestRunner3/netcore/" className="ManagedCode.Communication.Tests.Results.ResultTFailMethodsTests" name="ResultT_Fail_WithValue_ShouldCreateFailedResultWithValue" />
    </UnitTest>
    <UnitTest name="ManagedCode.Communication.Tests.Results.ProblemToExceptionErrorTests.ToException_WithExceptionDataContainingComplexTypes_ShouldPreserveSerializableData" storage="/users/ksemenenko/developer/communication/managedcode.communication.tests/bin/debug/net9.0/managedcode.communication.tests.dll" id="b88b04a9-2785-97aa-c842-3b008f5ab60a">
      <Execution id="1f06c906-3556-4583-b015-25f3637015b9" />
      <TestMethod codeBase="/Users/ksemenenko/Developer/Communication/ManagedCode.Communication.Tests/bin/Debug/net9.0/ManagedCode.Communication.Tests.dll" adapterTypeName="executor://xunit/VsTestRunner3/netcore/" className="ManagedCode.Communication.Tests.Results.ProblemToExceptionErrorTests" name="ToException_WithExceptionDataContainingComplexTypes_ShouldPreserveSerializableData" />
    </UnitTest>
    <UnitTest name="ManagedCode.Communication.Tests.Extensions.AdvancedRailwayExtensionsTests.Do_WithSuccess_ExecutesAction" storage="/users/ksemenenko/developer/communication/managedcode.communication.tests/bin/debug/net9.0/managedcode.communication.tests.dll" id="c12c22a4-61c9-8d54-02dc-fa4d09ff71de">
      <Execution id="5bb53522-0c04-4698-9e73-749452ea3acb" />
      <TestMethod codeBase="/Users/ksemenenko/Developer/Communication/ManagedCode.Communication.Tests/bin/Debug/net9.0/ManagedCode.Communication.Tests.dll" adapterTypeName="executor://xunit/VsTestRunner3/netcore/" className="ManagedCode.Communication.Tests.Extensions.AdvancedRailwayExtensionsTests" name="Do_WithSuccess_ExecutesAction" />
    </UnitTest>
    <UnitTest name="ManagedCode.Communication.Tests.Serialization.SerializationTests.CommandT_WithCustomType_ShouldSerializeAndDeserialize" storage="/users/ksemenenko/developer/communication/managedcode.communication.tests/bin/debug/net9.0/managedcode.communication.tests.dll" id="ed5c2593-cfa6-d545-7875-1061dd65dead">
      <Execution id="bfc92ec1-ad78-4eef-9ad6-af76fe4c393d" />
      <TestMethod codeBase="/Users/ksemenenko/Developer/Communication/ManagedCode.Communication.Tests/bin/Debug/net9.0/ManagedCode.Communication.Tests.dll" adapterTypeName="executor://xunit/VsTestRunner3/netcore/" className="ManagedCode.Communication.Tests.Serialization.SerializationTests" name="CommandT_WithCustomType_ShouldSerializeAndDeserialize" />
    </UnitTest>
    <UnitTest name="ManagedCode.Communication.Tests.AspNetCore.Extensions.ControllerExtensionsTests.ToActionResult_WithVariousStatusCodes_ReturnsCorrectStatusCode(statusCode: 409, title: &quot;Conflict&quot;)" storage="/users/ksemenenko/developer/communication/managedcode.communication.tests/bin/debug/net9.0/managedcode.communication.tests.dll" id="84853a77-193c-be7b-a6c8-566bcbdc46e5">
      <Execution id="4abe3b08-97f1-4b37-8c76-1d1d3f09b1df" />
      <TestMethod codeBase="/Users/ksemenenko/Developer/Communication/ManagedCode.Communication.Tests/bin/Debug/net9.0/ManagedCode.Communication.Tests.dll" adapterTypeName="executor://xunit/VsTestRunner3/netcore/" className="ManagedCode.Communication.Tests.AspNetCore.Extensions.ControllerExtensionsTests" name="ToActionResult_WithVariousStatusCodes_ReturnsCorrectStatusCode" />
    </UnitTest>
    <UnitTest name="ManagedCode.Communication.Tests.Results.ResultHelperMethodsTests.ResultT_ThrowIfFail_WithFailure_ShouldThrowProblemException" storage="/users/ksemenenko/developer/communication/managedcode.communication.tests/bin/debug/net9.0/managedcode.communication.tests.dll" id="71c2c6e3-3e9a-c3a1-9360-c0c1796ab5f0">
      <Execution id="f375fead-158e-493b-9569-c3fafc51597a" />
      <TestMethod codeBase="/Users/ksemenenko/Developer/Communication/ManagedCode.Communication.Tests/bin/Debug/net9.0/ManagedCode.Communication.Tests.dll" adapterTypeName="executor://xunit/VsTestRunner3/netcore/" className="ManagedCode.Communication.Tests.Results.ResultHelperMethodsTests" name="ResultT_ThrowIfFail_WithFailure_ShouldThrowProblemException" />
    </UnitTest>
    <UnitTest name="ManagedCode.Communication.Tests.CollectionResults.CollectionResultFailMethodsTests.FailNotFound_WithDetail_ShouldCreateNotFoundResultWithCustomDetail" storage="/users/ksemenenko/developer/communication/managedcode.communication.tests/bin/debug/net9.0/managedcode.communication.tests.dll" id="010c27e2-8f1f-944a-38fc-aee10e8009f3">
      <Execution id="795670b0-09f3-4145-b104-6f9ad6c547d3" />
      <TestMethod codeBase="/Users/ksemenenko/Developer/Communication/ManagedCode.Communication.Tests/bin/Debug/net9.0/ManagedCode.Communication.Tests.dll" adapterTypeName="executor://xunit/VsTestRunner3/netcore/" className="ManagedCode.Communication.Tests.CollectionResults.CollectionResultFailMethodsTests" name="FailNotFound_WithDetail_ShouldCreateNotFoundResultWithCustomDetail" />
    </UnitTest>
    <UnitTest name="ManagedCode.Communication.Tests.Results.ResultInvalidMethodsTests.Result_InvalidT_WithEnumKeyValue_ShouldCreateValidationResultWithAll" storage="/users/ksemenenko/developer/communication/managedcode.communication.tests/bin/debug/net9.0/managedcode.communication.tests.dll" id="d071d2b4-c4a7-1efa-7f89-25ed537b122f">
      <Execution id="74584305-aa3d-4e58-b3ef-86521fab21d0" />
      <TestMethod codeBase="/Users/ksemenenko/Developer/Communication/ManagedCode.Communication.Tests/bin/Debug/net9.0/ManagedCode.Communication.Tests.dll" adapterTypeName="executor://xunit/VsTestRunner3/netcore/" className="ManagedCode.Communication.Tests.Results.ResultInvalidMethodsTests" name="Result_InvalidT_WithEnumKeyValue_ShouldCreateValidationResultWithAll" />
    </UnitTest>
    <UnitTest name="ManagedCode.Communication.Tests.Results.ResultFailMethodsTests.Result_FailUnauthorized_WithDetail_ShouldCreateUnauthorizedResultWithCustomDetail" storage="/users/ksemenenko/developer/communication/managedcode.communication.tests/bin/debug/net9.0/managedcode.communication.tests.dll" id="05b76220-fd76-c7b5-cf44-0c20f6f56988">
      <Execution id="06229377-5116-43fa-8710-759b70f2ba76" />
      <TestMethod codeBase="/Users/ksemenenko/Developer/Communication/ManagedCode.Communication.Tests/bin/Debug/net9.0/ManagedCode.Communication.Tests.dll" adapterTypeName="executor://xunit/VsTestRunner3/netcore/" className="ManagedCode.Communication.Tests.Results.ResultFailMethodsTests" name="Result_FailUnauthorized_WithDetail_ShouldCreateUnauthorizedResultWithCustomDetail" />
    </UnitTest>
    <UnitTest name="ManagedCode.Communication.Tests.Results.ResultInvalidMethodsTests.Result_Invalid_WithMessage_ShouldCreateValidationResultWithMessage" storage="/users/ksemenenko/developer/communication/managedcode.communication.tests/bin/debug/net9.0/managedcode.communication.tests.dll" id="df273bdc-b799-b559-21e2-0d80141c0703">
      <Execution id="3808b9f9-9056-4015-a970-d909d465d399" />
      <TestMethod codeBase="/Users/ksemenenko/Developer/Communication/ManagedCode.Communication.Tests/bin/Debug/net9.0/ManagedCode.Communication.Tests.dll" adapterTypeName="executor://xunit/VsTestRunner3/netcore/" className="ManagedCode.Communication.Tests.Results.ResultInvalidMethodsTests" name="Result_Invalid_WithMessage_ShouldCreateValidationResultWithMessage" />
    </UnitTest>
    <UnitTest name="ManagedCode.Communication.Tests.Results.ProblemToExceptionTests.ToException_FromProblemCreatedManually_ShouldReturnProblemException" storage="/users/ksemenenko/developer/communication/managedcode.communication.tests/bin/debug/net9.0/managedcode.communication.tests.dll" id="8e29e473-880f-e0c6-1aef-64cf243a141f">
      <Execution id="17e9e594-84e9-4736-83f1-3da20a6a03f3" />
      <TestMethod codeBase="/Users/ksemenenko/Developer/Communication/ManagedCode.Communication.Tests/bin/Debug/net9.0/ManagedCode.Communication.Tests.dll" adapterTypeName="executor://xunit/VsTestRunner3/netcore/" className="ManagedCode.Communication.Tests.Results.ProblemToExceptionTests" name="ToException_FromProblemCreatedManually_ShouldReturnProblemException" />
    </UnitTest>
    <UnitTest name="ManagedCode.Communication.Tests.AspNetCore.Helpers.HttpStatusCodeHelperTests.GetStatusCodeForException_AspNetSpecificExceptions_ReturnsCorrectStatusCode(exceptionType: typeof(Microsoft.AspNetCore.Authentication.AuthenticationFailureException), expectedStatusCode: Unauthorized)" storage="/users/ksemenenko/developer/communication/managedcode.communication.tests/bin/debug/net9.0/managedcode.communication.tests.dll" id="7ff39c97-478d-f2e4-50d2-c28a6439c9b4">
      <Execution id="6cf5c2ea-a324-4b62-a1bb-8a66abcd2511" />
      <TestMethod codeBase="/Users/ksemenenko/Developer/Communication/ManagedCode.Communication.Tests/bin/Debug/net9.0/ManagedCode.Communication.Tests.dll" adapterTypeName="executor://xunit/VsTestRunner3/netcore/" className="ManagedCode.Communication.Tests.AspNetCore.Helpers.HttpStatusCodeHelperTests" name="GetStatusCodeForException_AspNetSpecificExceptions_ReturnsCorrectStatusCode" />
    </UnitTest>
    <UnitTest name="ManagedCode.Communication.Tests.Extensions.RailwayExtensionsTests.Ensure_SuccessfulResultValidPredicate_RemainsSuccessful" storage="/users/ksemenenko/developer/communication/managedcode.communication.tests/bin/debug/net9.0/managedcode.communication.tests.dll" id="f4bee914-5ce1-371a-8400-7e20f637c3a1">
      <Execution id="5bdeb119-ca6c-418f-b4b9-f84c55d5c885" />
      <TestMethod codeBase="/Users/ksemenenko/Developer/Communication/ManagedCode.Communication.Tests/bin/Debug/net9.0/ManagedCode.Communication.Tests.dll" adapterTypeName="executor://xunit/VsTestRunner3/netcore/" className="ManagedCode.Communication.Tests.Extensions.RailwayExtensionsTests" name="Ensure_SuccessfulResultValidPredicate_RemainsSuccessful" />
    </UnitTest>
    <UnitTest name="ManagedCode.Communication.Tests.Serialization.ProblemJsonConverterTests.Serialize_DifferentTypeValues_HandlesCorrectly(inputType: &quot;custom-type&quot;, expectedType: &quot;custom-type&quot;)" storage="/users/ksemenenko/developer/communication/managedcode.communication.tests/bin/debug/net9.0/managedcode.communication.tests.dll" id="556708dc-3ea7-4044-1a0d-7548df8b4302">
      <Execution id="cda553ff-8924-424f-ac55-15616235b673" />
      <TestMethod codeBase="/Users/ksemenenko/Developer/Communication/ManagedCode.Communication.Tests/bin/Debug/net9.0/ManagedCode.Communication.Tests.dll" adapterTypeName="executor://xunit/VsTestRunner3/netcore/" className="ManagedCode.Communication.Tests.Serialization.ProblemJsonConverterTests" name="Serialize_DifferentTypeValues_HandlesCorrectly" />
    </UnitTest>
    <UnitTest name="ManagedCode.Communication.Tests.Commands.CommandIdempotencyTests.ServiceCollectionExtensions_AddCommandIdempotency_WithCustomType_RegistersCustomStore" storage="/users/ksemenenko/developer/communication/managedcode.communication.tests/bin/debug/net9.0/managedcode.communication.tests.dll" id="add0ad5f-199f-f6df-7026-48c8dac56905">
      <Execution id="837743e6-df11-4eb8-9a7a-a45a58bb10a4" />
      <TestMethod codeBase="/Users/ksemenenko/Developer/Communication/ManagedCode.Communication.Tests/bin/Debug/net9.0/ManagedCode.Communication.Tests.dll" adapterTypeName="executor://xunit/VsTestRunner3/netcore/" className="ManagedCode.Communication.Tests.Commands.CommandIdempotencyTests" name="ServiceCollectionExtensions_AddCommandIdempotency_WithCustomType_RegistersCustomStore" />
    </UnitTest>
    <UnitTest name="ManagedCode.Communication.Tests.CollectionResults.CollectionResultFromMethodsTests.From_FuncReturningCollectionResult_ShouldReturnSameResult" storage="/users/ksemenenko/developer/communication/managedcode.communication.tests/bin/debug/net9.0/managedcode.communication.tests.dll" id="ee9232ac-1b99-3b56-d749-59bfec2b6ae0">
      <Execution id="42fd8bb4-ff33-4987-b076-7f81794ee4f3" />
      <TestMethod codeBase="/Users/ksemenenko/Developer/Communication/ManagedCode.Communication.Tests/bin/Debug/net9.0/ManagedCode.Communication.Tests.dll" adapterTypeName="executor://xunit/VsTestRunner3/netcore/" className="ManagedCode.Communication.Tests.CollectionResults.CollectionResultFromMethodsTests" name="From_FuncReturningCollectionResult_ShouldReturnSameResult" />
    </UnitTest>
    <UnitTest name="ManagedCode.Communication.Tests.Results.ProblemTests.GetErrorCodeAs_WithNoErrorCode_ShouldReturnNull" storage="/users/ksemenenko/developer/communication/managedcode.communication.tests/bin/debug/net9.0/managedcode.communication.tests.dll" id="df342db9-d835-84be-dabd-9832a44dda8d">
      <Execution id="1939161c-686f-48e8-9fda-5bef64dabdf8" />
      <TestMethod codeBase="/Users/ksemenenko/Developer/Communication/ManagedCode.Communication.Tests/bin/Debug/net9.0/ManagedCode.Communication.Tests.dll" adapterTypeName="executor://xunit/VsTestRunner3/netcore/" className="ManagedCode.Communication.Tests.Results.ProblemTests" name="GetErrorCodeAs_WithNoErrorCode_ShouldReturnNull" />
    </UnitTest>
    <UnitTest name="ManagedCode.Communication.Tests.Results.ProblemToExceptionTests.ToException_FromProblemWithoutOriginalType_ShouldReturnProblemException" storage="/users/ksemenenko/developer/communication/managedcode.communication.tests/bin/debug/net9.0/managedcode.communication.tests.dll" id="b530df44-9215-c330-3e2e-fee288d86fdb">
      <Execution id="5237b26a-7ba5-4de8-91f9-8280a7507e79" />
      <TestMethod codeBase="/Users/ksemenenko/Developer/Communication/ManagedCode.Communication.Tests/bin/Debug/net9.0/ManagedCode.Communication.Tests.dll" adapterTypeName="executor://xunit/VsTestRunner3/netcore/" className="ManagedCode.Communication.Tests.Results.ProblemToExceptionTests" name="ToException_FromProblemWithoutOriginalType_ShouldReturnProblemException" />
    </UnitTest>
    <UnitTest name="ManagedCode.Communication.Tests.Extensions.RailwayExtensionsTests.Map_FailedResult_DoesNotTransform" storage="/users/ksemenenko/developer/communication/managedcode.communication.tests/bin/debug/net9.0/managedcode.communication.tests.dll" id="4ba07ff2-86ed-f85e-fabc-04e7d2882c05">
      <Execution id="37c45f10-f278-49e6-9571-82ce7f53713e" />
      <TestMethod codeBase="/Users/ksemenenko/Developer/Communication/ManagedCode.Communication.Tests/bin/Debug/net9.0/ManagedCode.Communication.Tests.dll" adapterTypeName="executor://xunit/VsTestRunner3/netcore/" className="ManagedCode.Communication.Tests.Extensions.RailwayExtensionsTests" name="Map_FailedResult_DoesNotTransform" />
    </UnitTest>
    <UnitTest name="ManagedCode.Communication.Tests.Results.ResultStaticHelperMethodsTests.Result_FailValidationT_WithSingleError_ShouldCreateValidationFailedResultT" storage="/users/ksemenenko/developer/communication/managedcode.communication.tests/bin/debug/net9.0/managedcode.communication.tests.dll" id="8b9c529a-f659-c89a-aa3e-a5fad6a9fea7">
      <Execution id="471865fb-d818-4889-b9c7-a0fde5dda8c9" />
      <TestMethod codeBase="/Users/ksemenenko/Developer/Communication/ManagedCode.Communication.Tests/bin/Debug/net9.0/ManagedCode.Communication.Tests.dll" adapterTypeName="executor://xunit/VsTestRunner3/netcore/" className="ManagedCode.Communication.Tests.Results.ResultStaticHelperMethodsTests" name="Result_FailValidationT_WithSingleError_ShouldCreateValidationFailedResultT" />
    </UnitTest>
    <UnitTest name="ManagedCode.Communication.Tests.Extensions.RailwayExtensionsTests.BindAsync_FailedResult_DoesNotExecuteNext" storage="/users/ksemenenko/developer/communication/managedcode.communication.tests/bin/debug/net9.0/managedcode.communication.tests.dll" id="0c081f03-f141-0619-9968-29fcf1784e6e">
      <Execution id="5cae35e0-1cbf-484e-9e7f-be763ca0aeea" />
      <TestMethod codeBase="/Users/ksemenenko/Developer/Communication/ManagedCode.Communication.Tests/bin/Debug/net9.0/ManagedCode.Communication.Tests.dll" adapterTypeName="executor://xunit/VsTestRunner3/netcore/" className="ManagedCode.Communication.Tests.Extensions.RailwayExtensionsTests" name="BindAsync_FailedResult_DoesNotExecuteNext" />
    </UnitTest>
    <UnitTest name="ManagedCode.Communication.Tests.ProblemTests.ProblemCreateMethodsTests.Problem_GetValidationErrors_WithNoErrors_ShouldReturnNull" storage="/users/ksemenenko/developer/communication/managedcode.communication.tests/bin/debug/net9.0/managedcode.communication.tests.dll" id="0fe4f40f-241c-ae23-d168-04e5e87dcc9b">
      <Execution id="686e3f2a-5ffc-4605-a7ef-96b561fec609" />
      <TestMethod codeBase="/Users/ksemenenko/Developer/Communication/ManagedCode.Communication.Tests/bin/Debug/net9.0/ManagedCode.Communication.Tests.dll" adapterTypeName="executor://xunit/VsTestRunner3/netcore/" className="ManagedCode.Communication.Tests.ProblemTests.ProblemCreateMethodsTests" name="Problem_GetValidationErrors_WithNoErrors_ShouldReturnNull" />
    </UnitTest>
    <UnitTest name="ManagedCode.Communication.Tests.CollectionResults.CollectionResultFromMethodsTests.From_FuncReturningLinqQuery_ShouldCreateSuccessResult" storage="/users/ksemenenko/developer/communication/managedcode.communication.tests/bin/debug/net9.0/managedcode.communication.tests.dll" id="c13a92d4-2ab4-786d-c78f-fbc74a9bc6bf">
      <Execution id="b2b44cd6-f813-4313-aadc-534396271f34" />
      <TestMethod codeBase="/Users/ksemenenko/Developer/Communication/ManagedCode.Communication.Tests/bin/Debug/net9.0/ManagedCode.Communication.Tests.dll" adapterTypeName="executor://xunit/VsTestRunner3/netcore/" className="ManagedCode.Communication.Tests.CollectionResults.CollectionResultFromMethodsTests" name="From_FuncReturningLinqQuery_ShouldCreateSuccessResult" />
    </UnitTest>
    <UnitTest name="ManagedCode.Communication.Tests.ProblemTests.ProblemCreateMethodsTests.Problem_Create_WithNumericEnum_ShouldUseEnumName" storage="/users/ksemenenko/developer/communication/managedcode.communication.tests/bin/debug/net9.0/managedcode.communication.tests.dll" id="663d5ff2-e7a3-93d3-3ad8-ed7a224ab1bf">
      <Execution id="dd53fd96-703f-44cc-aa66-0f2a2b143ed8" />
      <TestMethod codeBase="/Users/ksemenenko/Developer/Communication/ManagedCode.Communication.Tests/bin/Debug/net9.0/ManagedCode.Communication.Tests.dll" adapterTypeName="executor://xunit/VsTestRunner3/netcore/" className="ManagedCode.Communication.Tests.ProblemTests.ProblemCreateMethodsTests" name="Problem_Create_WithNumericEnum_ShouldUseEnumName" />
    </UnitTest>
    <UnitTest name="ManagedCode.Communication.Tests.Results.ProblemExceptionTests.Constructor_WithValidationProblem_ShouldPopulateValidationErrors" storage="/users/ksemenenko/developer/communication/managedcode.communication.tests/bin/debug/net9.0/managedcode.communication.tests.dll" id="078ca2ce-f079-2c28-76dc-9a1936031e13">
      <Execution id="38f19dcb-2681-41fb-b577-4f80c6ced65f" />
      <TestMethod codeBase="/Users/ksemenenko/Developer/Communication/ManagedCode.Communication.Tests/bin/Debug/net9.0/ManagedCode.Communication.Tests.dll" adapterTypeName="executor://xunit/VsTestRunner3/netcore/" className="ManagedCode.Communication.Tests.Results.ProblemExceptionTests" name="Constructor_WithValidationProblem_ShouldPopulateValidationErrors" />
    </UnitTest>
    <UnitTest name="ManagedCode.Communication.Tests.Results.ProblemExceptionTests.Constructor_WithProblemContainingErrorCode_ShouldPopulateData" storage="/users/ksemenenko/developer/communication/managedcode.communication.tests/bin/debug/net9.0/managedcode.communication.tests.dll" id="95d48be6-afa8-e71d-dd78-cc9c789b5af7">
      <Execution id="18ad1e65-23b0-4711-83d5-989f8c69468e" />
      <TestMethod codeBase="/Users/ksemenenko/Developer/Communication/ManagedCode.Communication.Tests/bin/Debug/net9.0/ManagedCode.Communication.Tests.dll" adapterTypeName="executor://xunit/VsTestRunner3/netcore/" className="ManagedCode.Communication.Tests.Results.ProblemExceptionTests" name="Constructor_WithProblemContainingErrorCode_ShouldPopulateData" />
    </UnitTest>
    <UnitTest name="ManagedCode.Communication.Tests.ProblemTests.ProblemCreateMethodsTests.Problem_Create_FromInnerException_ShouldUseOuterException" storage="/users/ksemenenko/developer/communication/managedcode.communication.tests/bin/debug/net9.0/managedcode.communication.tests.dll" id="90b509f3-eaa4-5292-2d86-2fb0253e9169">
      <Execution id="44ca4e86-60d5-4d45-8cca-5f13e713c14f" />
      <TestMethod codeBase="/Users/ksemenenko/Developer/Communication/ManagedCode.Communication.Tests/bin/Debug/net9.0/ManagedCode.Communication.Tests.dll" adapterTypeName="executor://xunit/VsTestRunner3/netcore/" className="ManagedCode.Communication.Tests.ProblemTests.ProblemCreateMethodsTests" name="Problem_Create_FromInnerException_ShouldUseOuterException" />
    </UnitTest>
    <UnitTest name="ManagedCode.Communication.Tests.Extensions.HttpResponseExtensionTests.FromRequestToResult_CreatedStatusCode_ReturnsSuccessResult" storage="/users/ksemenenko/developer/communication/managedcode.communication.tests/bin/debug/net9.0/managedcode.communication.tests.dll" id="5f4a1235-e961-3153-b47b-89c12ab81383">
      <Execution id="6ba89367-3d51-464b-b74e-86efa7b3adf5" />
      <TestMethod codeBase="/Users/ksemenenko/Developer/Communication/ManagedCode.Communication.Tests/bin/Debug/net9.0/ManagedCode.Communication.Tests.dll" adapterTypeName="executor://xunit/VsTestRunner3/netcore/" className="ManagedCode.Communication.Tests.Extensions.HttpResponseExtensionTests" name="FromRequestToResult_CreatedStatusCode_ReturnsSuccessResult" />
    </UnitTest>
    <UnitTest name="ManagedCode.Communication.Tests.Results.ResultHelperMethodsTests.ResultT_ThrowIfFail_WithSuccess_ShouldReturnFalse" storage="/users/ksemenenko/developer/communication/managedcode.communication.tests/bin/debug/net9.0/managedcode.communication.tests.dll" id="ec173942-74cf-fb84-c8bf-7bb7f9f4c8c4">
      <Execution id="d54c951f-6d2f-4c63-8dba-3d945d34b593" />
      <TestMethod codeBase="/Users/ksemenenko/Developer/Communication/ManagedCode.Communication.Tests/bin/Debug/net9.0/ManagedCode.Communication.Tests.dll" adapterTypeName="executor://xunit/VsTestRunner3/netcore/" className="ManagedCode.Communication.Tests.Results.ResultHelperMethodsTests" name="ResultT_ThrowIfFail_WithSuccess_ShouldReturnFalse" />
    </UnitTest>
    <UnitTest name="ManagedCode.Communication.Tests.Results.ResultStaticHelperMethodsTests.Result_FailForbiddenT_NoParameters_ShouldCreateForbiddenResultT" storage="/users/ksemenenko/developer/communication/managedcode.communication.tests/bin/debug/net9.0/managedcode.communication.tests.dll" id="9b5dfb80-ce41-e436-1e7d-ce9b1aff93d9">
      <Execution id="ac95ea42-dfd4-4e9a-8ce6-83979e9b7666" />
      <TestMethod codeBase="/Users/ksemenenko/Developer/Communication/ManagedCode.Communication.Tests/bin/Debug/net9.0/ManagedCode.Communication.Tests.dll" adapterTypeName="executor://xunit/VsTestRunner3/netcore/" className="ManagedCode.Communication.Tests.Results.ResultStaticHelperMethodsTests" name="Result_FailForbiddenT_NoParameters_ShouldCreateForbiddenResultT" />
    </UnitTest>
    <UnitTest name="ManagedCode.Communication.Tests.Extensions.ProblemExtensionsTests.AddInvalidMessage_ShouldAddValidationError" storage="/users/ksemenenko/developer/communication/managedcode.communication.tests/bin/debug/net9.0/managedcode.communication.tests.dll" id="d38b1376-8e35-d896-b696-31aebb9da9b5">
      <Execution id="05b08f1d-5845-440e-bc12-0112f80638a9" />
      <TestMethod codeBase="/Users/ksemenenko/Developer/Communication/ManagedCode.Communication.Tests/bin/Debug/net9.0/ManagedCode.Communication.Tests.dll" adapterTypeName="executor://xunit/VsTestRunner3/netcore/" className="ManagedCode.Communication.Tests.Extensions.ProblemExtensionsTests" name="AddInvalidMessage_ShouldAddValidationError" />
    </UnitTest>
    <UnitTest name="ManagedCode.Communication.Tests.Extensions.HttpResponseExtensionTests.FromRequestToResult_VariousSuccessCodes_ReturnsSuccessResult(statusCode: NoContent)" storage="/users/ksemenenko/developer/communication/managedcode.communication.tests/bin/debug/net9.0/managedcode.communication.tests.dll" id="58ae3268-0514-bfd0-e929-cd5bbcd15459">
      <Execution id="30860375-a614-4783-98e7-3cbb4d183c77" />
      <TestMethod codeBase="/Users/ksemenenko/Developer/Communication/ManagedCode.Communication.Tests/bin/Debug/net9.0/ManagedCode.Communication.Tests.dll" adapterTypeName="executor://xunit/VsTestRunner3/netcore/" className="ManagedCode.Communication.Tests.Extensions.HttpResponseExtensionTests" name="FromRequestToResult_VariousSuccessCodes_ReturnsSuccessResult" />
    </UnitTest>
    <UnitTest name="ManagedCode.Communication.Tests.CollectionResults.CollectionResultFromMethodsTests.From_TaskReturningFailedCollectionResult_ShouldReturnFailedResult" storage="/users/ksemenenko/developer/communication/managedcode.communication.tests/bin/debug/net9.0/managedcode.communication.tests.dll" id="5ff238f1-95c7-893f-0944-9f7af0bf7443">
      <Execution id="1d7bfe6d-5dfc-4ef4-b044-f3c6ea8dfc02" />
      <TestMethod codeBase="/Users/ksemenenko/Developer/Communication/ManagedCode.Communication.Tests/bin/Debug/net9.0/ManagedCode.Communication.Tests.dll" adapterTypeName="executor://xunit/VsTestRunner3/netcore/" className="ManagedCode.Communication.Tests.CollectionResults.CollectionResultFromMethodsTests" name="From_TaskReturningFailedCollectionResult_ShouldReturnFailedResult" />
    </UnitTest>
    <UnitTest name="ManagedCode.Communication.Tests.Results.ResultTTests.Bind_WithFailedResult_ShouldReturnFailedResult" storage="/users/ksemenenko/developer/communication/managedcode.communication.tests/bin/debug/net9.0/managedcode.communication.tests.dll" id="420227c9-e6b9-b50e-d05f-d761ad3cd58e">
      <Execution id="b004a942-a3a1-47a9-a2e4-6c9e8b9b02f2" />
      <TestMethod codeBase="/Users/ksemenenko/Developer/Communication/ManagedCode.Communication.Tests/bin/Debug/net9.0/ManagedCode.Communication.Tests.dll" adapterTypeName="executor://xunit/VsTestRunner3/netcore/" className="ManagedCode.Communication.Tests.Results.ResultTTests" name="Bind_WithFailedResult_ShouldReturnFailedResult" />
    </UnitTest>
    <UnitTest name="ManagedCode.Communication.Tests.Results.ResultOperatorsTests.ResultT_Fail_WithEnum_ShouldCreateFailedResultWithErrorCode" storage="/users/ksemenenko/developer/communication/managedcode.communication.tests/bin/debug/net9.0/managedcode.communication.tests.dll" id="411a9c2f-81ff-4d70-023d-fdced9c6f4ac">
      <Execution id="36080842-df94-4f8b-b723-bd626c342e1c" />
      <TestMethod codeBase="/Users/ksemenenko/Developer/Communication/ManagedCode.Communication.Tests/bin/Debug/net9.0/ManagedCode.Communication.Tests.dll" adapterTypeName="executor://xunit/VsTestRunner3/netcore/" className="ManagedCode.Communication.Tests.Results.ResultOperatorsTests" name="ResultT_Fail_WithEnum_ShouldCreateFailedResultWithErrorCode" />
    </UnitTest>
    <UnitTest name="ManagedCode.Communication.Tests.AspNetCore.Extensions.ServiceCollectionExtensionsTests.Communication_Should_Handle_Custom_Problems" storage="/users/ksemenenko/developer/communication/managedcode.communication.tests/bin/debug/net9.0/managedcode.communication.tests.dll" id="5a48316b-ec69-9349-5cec-20c5ea85e97a">
      <Execution id="b857d133-fa7c-4b23-9d27-3164847f9098" />
      <TestMethod codeBase="/Users/ksemenenko/Developer/Communication/ManagedCode.Communication.Tests/bin/Debug/net9.0/ManagedCode.Communication.Tests.dll" adapterTypeName="executor://xunit/VsTestRunner3/netcore/" className="ManagedCode.Communication.Tests.AspNetCore.Extensions.ServiceCollectionExtensionsTests" name="Communication_Should_Handle_Custom_Problems" />
    </UnitTest>
    <UnitTest name="ManagedCode.Communication.Tests.CollectionResults.CollectionResultFromMethodsTests.From_FuncTaskEnumerable_ShouldCreateSuccessResult" storage="/users/ksemenenko/developer/communication/managedcode.communication.tests/bin/debug/net9.0/managedcode.communication.tests.dll" id="3d9f20f0-96d2-34ea-57ab-5c0f35cc018c">
      <Execution id="1f62a262-9d5b-4ca2-8e6b-9d5f31f5e2dc" />
      <TestMethod codeBase="/Users/ksemenenko/Developer/Communication/ManagedCode.Communication.Tests/bin/Debug/net9.0/ManagedCode.Communication.Tests.dll" adapterTypeName="executor://xunit/VsTestRunner3/netcore/" className="ManagedCode.Communication.Tests.CollectionResults.CollectionResultFromMethodsTests" name="From_FuncTaskEnumerable_ShouldCreateSuccessResult" />
    </UnitTest>
    <UnitTest name="ManagedCode.Communication.Tests.Extensions.ResultConversionExtensionsTests.AsResult_CanBeChainedWithRailwayMethods" storage="/users/ksemenenko/developer/communication/managedcode.communication.tests/bin/debug/net9.0/managedcode.communication.tests.dll" id="4396ccba-9d89-e148-82bd-72965c7a7035">
      <Execution id="329269be-7f81-4644-a467-516be76de1e7" />
      <TestMethod codeBase="/Users/ksemenenko/Developer/Communication/ManagedCode.Communication.Tests/bin/Debug/net9.0/ManagedCode.Communication.Tests.dll" adapterTypeName="executor://xunit/VsTestRunner3/netcore/" className="ManagedCode.Communication.Tests.Extensions.ResultConversionExtensionsTests" name="AsResult_CanBeChainedWithRailwayMethods" />
    </UnitTest>
    <UnitTest name="ManagedCode.Communication.Tests.Results.ProblemToExceptionTests.ToException_FromProblemCreatedFromArgumentException_ShouldReconstructOriginalExceptionType" storage="/users/ksemenenko/developer/communication/managedcode.communication.tests/bin/debug/net9.0/managedcode.communication.tests.dll" id="2ef4b8d6-5cce-708a-31e5-cb9e269c0acc">
      <Execution id="7065c1b9-ab7c-4f0d-aeed-906e97ab3f48" />
      <TestMethod codeBase="/Users/ksemenenko/Developer/Communication/ManagedCode.Communication.Tests/bin/Debug/net9.0/ManagedCode.Communication.Tests.dll" adapterTypeName="executor://xunit/VsTestRunner3/netcore/" className="ManagedCode.Communication.Tests.Results.ProblemToExceptionTests" name="ToException_FromProblemCreatedFromArgumentException_ShouldReconstructOriginalExceptionType" />
    </UnitTest>
    <UnitTest name="ManagedCode.Communication.Tests.Results.CollectionResultTests.Empty_ShouldCreateEmptyResult" storage="/users/ksemenenko/developer/communication/managedcode.communication.tests/bin/debug/net9.0/managedcode.communication.tests.dll" id="977cf24f-20f0-af04-f9fd-88296a80a191">
      <Execution id="d55e8b04-5662-44e1-b40a-1583223db08b" />
      <TestMethod codeBase="/Users/ksemenenko/Developer/Communication/ManagedCode.Communication.Tests/bin/Debug/net9.0/ManagedCode.Communication.Tests.dll" adapterTypeName="executor://xunit/VsTestRunner3/netcore/" className="ManagedCode.Communication.Tests.Results.CollectionResultTests" name="Empty_ShouldCreateEmptyResult" />
    </UnitTest>
    <UnitTest name="ManagedCode.Communication.Tests.Results.RailwayOrientedProgrammingTests.ResultTry_WithFailingAction_ShouldReturnFailure" storage="/users/ksemenenko/developer/communication/managedcode.communication.tests/bin/debug/net9.0/managedcode.communication.tests.dll" id="8cdb7f81-87b1-9f11-bc65-382e5a57ef43">
      <Execution id="757e41be-85d1-45f2-b0d9-dd11fe8c0d25" />
      <TestMethod codeBase="/Users/ksemenenko/Developer/Communication/ManagedCode.Communication.Tests/bin/Debug/net9.0/ManagedCode.Communication.Tests.dll" adapterTypeName="executor://xunit/VsTestRunner3/netcore/" className="ManagedCode.Communication.Tests.Results.RailwayOrientedProgrammingTests" name="ResultTry_WithFailingAction_ShouldReturnFailure" />
    </UnitTest>
    <UnitTest name="ManagedCode.Communication.Tests.CollectionResults.CollectionResultFromMethodsTests.From_FuncReturningEmptyArray_ShouldCreateEmptySuccessResult" storage="/users/ksemenenko/developer/communication/managedcode.communication.tests/bin/debug/net9.0/managedcode.communication.tests.dll" id="ce37d29c-9229-7c0c-b4e5-a6fef8dbd478">
      <Execution id="1a810bdf-730c-403b-a776-0190df1bbea5" />
      <TestMethod codeBase="/Users/ksemenenko/Developer/Communication/ManagedCode.Communication.Tests/bin/Debug/net9.0/ManagedCode.Communication.Tests.dll" adapterTypeName="executor://xunit/VsTestRunner3/netcore/" className="ManagedCode.Communication.Tests.CollectionResults.CollectionResultFromMethodsTests" name="From_FuncReturningEmptyArray_ShouldCreateEmptySuccessResult" />
    </UnitTest>
    <UnitTest name="ManagedCode.Communication.Tests.Commands.MemoryCacheCommandIdempotencyStoreTests.TryGetCachedResultAsync_WhenResultExists_ReturnsResult" storage="/users/ksemenenko/developer/communication/managedcode.communication.tests/bin/debug/net9.0/managedcode.communication.tests.dll" id="49968c77-db79-7bef-f137-feb610539b3e">
      <Execution id="aa5b8b9a-23ee-4fef-bd4c-24dd07f13631" />
      <TestMethod codeBase="/Users/ksemenenko/Developer/Communication/ManagedCode.Communication.Tests/bin/Debug/net9.0/ManagedCode.Communication.Tests.dll" adapterTypeName="executor://xunit/VsTestRunner3/netcore/" className="ManagedCode.Communication.Tests.Commands.MemoryCacheCommandIdempotencyStoreTests" name="TryGetCachedResultAsync_WhenResultExists_ReturnsResult" />
    </UnitTest>
    <UnitTest name="ManagedCode.Communication.Tests.Extensions.ProblemExtensionsTests.ToProblemDetails_WithZeroStatusCode_ShouldSetStatusToNull" storage="/users/ksemenenko/developer/communication/managedcode.communication.tests/bin/debug/net9.0/managedcode.communication.tests.dll" id="ecd658bb-d82c-2e31-7762-ce43abc7546e">
      <Execution id="c0ad0044-ff15-4d57-b177-88a45de769b4" />
      <TestMethod codeBase="/Users/ksemenenko/Developer/Communication/ManagedCode.Communication.Tests/bin/Debug/net9.0/ManagedCode.Communication.Tests.dll" adapterTypeName="executor://xunit/VsTestRunner3/netcore/" className="ManagedCode.Communication.Tests.Extensions.ProblemExtensionsTests" name="ToProblemDetails_WithZeroStatusCode_ShouldSetStatusToNull" />
    </UnitTest>
    <UnitTest name="ManagedCode.Communication.Tests.CollectionResults.CollectionResultFailMethodsTests.Fail_WithVariousStatusCodes_ShouldSetCorrectStatusCode(statusCode: BadRequest, expectedCode: 400)" storage="/users/ksemenenko/developer/communication/managedcode.communication.tests/bin/debug/net9.0/managedcode.communication.tests.dll" id="f0903404-1a3b-41c9-12e3-9c19c9690b95">
      <Execution id="40f0067d-0868-4637-92e8-6db22f830747" />
      <TestMethod codeBase="/Users/ksemenenko/Developer/Communication/ManagedCode.Communication.Tests/bin/Debug/net9.0/ManagedCode.Communication.Tests.dll" adapterTypeName="executor://xunit/VsTestRunner3/netcore/" className="ManagedCode.Communication.Tests.CollectionResults.CollectionResultFailMethodsTests" name="Fail_WithVariousStatusCodes_ShouldSetCorrectStatusCode" />
    </UnitTest>
    <UnitTest name="ManagedCode.Communication.Tests.Results.ResultTests.ImplicitOperator_FromBool_True_ShouldCreateSuccessfulResult" storage="/users/ksemenenko/developer/communication/managedcode.communication.tests/bin/debug/net9.0/managedcode.communication.tests.dll" id="832db953-3174-9e47-9e79-c9e962a5dc9a">
      <Execution id="6b3195f4-f7ab-4302-8b9c-404c61c8e0d6" />
      <TestMethod codeBase="/Users/ksemenenko/Developer/Communication/ManagedCode.Communication.Tests/bin/Debug/net9.0/ManagedCode.Communication.Tests.dll" adapterTypeName="executor://xunit/VsTestRunner3/netcore/" className="ManagedCode.Communication.Tests.Results.ResultTests" name="ImplicitOperator_FromBool_True_ShouldCreateSuccessfulResult" />
    </UnitTest>
    <UnitTest name="ManagedCode.Communication.Tests.Results.ProblemCreationExtensionsTests.ToProblem_FromEnum_WithCustomStatusCode_ShouldUseProvidedStatusCode" storage="/users/ksemenenko/developer/communication/managedcode.communication.tests/bin/debug/net9.0/managedcode.communication.tests.dll" id="db4a1ba0-50c4-f6cd-52e6-befecc6109d1">
      <Execution id="a6cd17f3-caff-469e-b3ac-d27f468e19a0" />
      <TestMethod codeBase="/Users/ksemenenko/Developer/Communication/ManagedCode.Communication.Tests/bin/Debug/net9.0/ManagedCode.Communication.Tests.dll" adapterTypeName="executor://xunit/VsTestRunner3/netcore/" className="ManagedCode.Communication.Tests.Results.ProblemCreationExtensionsTests" name="ToProblem_FromEnum_WithCustomStatusCode_ShouldUseProvidedStatusCode" />
    </UnitTest>
    <UnitTest name="ManagedCode.Communication.Tests.Extensions.AdvancedRailwayExtensionsTests.OkIf_WithTrueCondition_KeepsSuccess" storage="/users/ksemenenko/developer/communication/managedcode.communication.tests/bin/debug/net9.0/managedcode.communication.tests.dll" id="c31f1374-aadb-6c82-3feb-88f26c5a10d3">
      <Execution id="6210f01d-6727-4dde-a9cf-5f5f4306ea0d" />
      <TestMethod codeBase="/Users/ksemenenko/Developer/Communication/ManagedCode.Communication.Tests/bin/Debug/net9.0/ManagedCode.Communication.Tests.dll" adapterTypeName="executor://xunit/VsTestRunner3/netcore/" className="ManagedCode.Communication.Tests.Extensions.AdvancedRailwayExtensionsTests" name="OkIf_WithTrueCondition_KeepsSuccess" />
    </UnitTest>
    <UnitTest name="ManagedCode.Communication.Tests.Extensions.ProblemExtensionsTests.AsProblemDetails_ShouldConvertProblemToProblemDetails" storage="/users/ksemenenko/developer/communication/managedcode.communication.tests/bin/debug/net9.0/managedcode.communication.tests.dll" id="4eab4e72-83a1-9aa2-b249-0d3036fab2e0">
      <Execution id="38490a97-aa37-4365-889e-ca40bee01cbc" />
      <TestMethod codeBase="/Users/ksemenenko/Developer/Communication/ManagedCode.Communication.Tests/bin/Debug/net9.0/ManagedCode.Communication.Tests.dll" adapterTypeName="executor://xunit/VsTestRunner3/netcore/" className="ManagedCode.Communication.Tests.Extensions.ProblemExtensionsTests" name="AsProblemDetails_ShouldConvertProblemToProblemDetails" />
    </UnitTest>
    <UnitTest name="ManagedCode.Communication.Tests.CollectionResults.CollectionResultFromMethodsTests.From_GenericSuccessCollectionResult_ShouldReturnSuccessResult" storage="/users/ksemenenko/developer/communication/managedcode.communication.tests/bin/debug/net9.0/managedcode.communication.tests.dll" id="1ee7f53c-e626-990a-6b17-a9a8097992ee">
      <Execution id="d2446f07-ab83-40be-ace5-f935b4d15d3b" />
      <TestMethod codeBase="/Users/ksemenenko/Developer/Communication/ManagedCode.Communication.Tests/bin/Debug/net9.0/ManagedCode.Communication.Tests.dll" adapterTypeName="executor://xunit/VsTestRunner3/netcore/" className="ManagedCode.Communication.Tests.CollectionResults.CollectionResultFromMethodsTests" name="From_GenericSuccessCollectionResult_ShouldReturnSuccessResult" />
    </UnitTest>
    <UnitTest name="ManagedCode.Communication.Tests.Results.ResultOperatorsTests.CollectionResult_SucceedFromArray_ShouldCreateSuccessResult" storage="/users/ksemenenko/developer/communication/managedcode.communication.tests/bin/debug/net9.0/managedcode.communication.tests.dll" id="a335cdf5-8bc7-ca99-6fe9-64ef25663cd0">
      <Execution id="179698e1-42ca-4779-ae5d-7c0071c1b1ab" />
      <TestMethod codeBase="/Users/ksemenenko/Developer/Communication/ManagedCode.Communication.Tests/bin/Debug/net9.0/ManagedCode.Communication.Tests.dll" adapterTypeName="executor://xunit/VsTestRunner3/netcore/" className="ManagedCode.Communication.Tests.Results.ResultOperatorsTests" name="CollectionResult_SucceedFromArray_ShouldCreateSuccessResult" />
    </UnitTest>
    <UnitTest name="ManagedCode.Communication.Tests.Results.ResultFailMethodsTests.Result_Fail_WithEnum_ShouldCreateFailedResultWithErrorCode" storage="/users/ksemenenko/developer/communication/managedcode.communication.tests/bin/debug/net9.0/managedcode.communication.tests.dll" id="ee9522e3-3347-1a86-68af-c4fa8cf496f8">
      <Execution id="03c54422-3a69-462e-af2a-1b16fa8e5c01" />
      <TestMethod codeBase="/Users/ksemenenko/Developer/Communication/ManagedCode.Communication.Tests/bin/Debug/net9.0/ManagedCode.Communication.Tests.dll" adapterTypeName="executor://xunit/VsTestRunner3/netcore/" className="ManagedCode.Communication.Tests.Results.ResultFailMethodsTests" name="Result_Fail_WithEnum_ShouldCreateFailedResultWithErrorCode" />
    </UnitTest>
    <UnitTest name="ManagedCode.Communication.Tests.Orleans.Serialization.ProblemSerializationTests.Problem_ValidationErrors_ShouldSerializeCorrectly" storage="/users/ksemenenko/developer/communication/managedcode.communication.tests/bin/debug/net9.0/managedcode.communication.tests.dll" id="e3201c67-d417-c3b4-88e0-58c89ff57ebe">
      <Execution id="ce59b38d-07ed-49e3-abbe-ad67f3baaf4c" />
      <TestMethod codeBase="/Users/ksemenenko/Developer/Communication/ManagedCode.Communication.Tests/bin/Debug/net9.0/ManagedCode.Communication.Tests.dll" adapterTypeName="executor://xunit/VsTestRunner3/netcore/" className="ManagedCode.Communication.Tests.Orleans.Serialization.ProblemSerializationTests" name="Problem_ValidationErrors_ShouldSerializeCorrectly" />
    </UnitTest>
    <UnitTest name="ManagedCode.Communication.Tests.AspNetCore.Extensions.ControllerExtensionsTests.ToActionResult_WithComplexObject_ReturnsCorrectValue" storage="/users/ksemenenko/developer/communication/managedcode.communication.tests/bin/debug/net9.0/managedcode.communication.tests.dll" id="df5d6f80-47b6-1dba-6191-9a36b85a07e0">
      <Execution id="6215d44d-f304-460b-af18-b3d5d27675a7" />
      <TestMethod codeBase="/Users/ksemenenko/Developer/Communication/ManagedCode.Communication.Tests/bin/Debug/net9.0/ManagedCode.Communication.Tests.dll" adapterTypeName="executor://xunit/VsTestRunner3/netcore/" className="ManagedCode.Communication.Tests.AspNetCore.Extensions.ControllerExtensionsTests" name="ToActionResult_WithComplexObject_ReturnsCorrectValue" />
    </UnitTest>
    <UnitTest name="ManagedCode.Communication.Tests.Extensions.RailwayExtensionsTests.Bind_ResultToResultT_SuccessfulChain" storage="/users/ksemenenko/developer/communication/managedcode.communication.tests/bin/debug/net9.0/managedcode.communication.tests.dll" id="25af1c0f-9922-9a6a-e81e-c2ad6e330e49">
      <Execution id="2221172f-5ffe-4efd-a534-961fe2c814f5" />
      <TestMethod codeBase="/Users/ksemenenko/Developer/Communication/ManagedCode.Communication.Tests/bin/Debug/net9.0/ManagedCode.Communication.Tests.dll" adapterTypeName="executor://xunit/VsTestRunner3/netcore/" className="ManagedCode.Communication.Tests.Extensions.RailwayExtensionsTests" name="Bind_ResultToResultT_SuccessfulChain" />
    </UnitTest>
    <UnitTest name="ManagedCode.Communication.Tests.Extensions.AdvancedRailwayExtensionsTests.ToResult_WithNullValue_ReturnsNotFound" storage="/users/ksemenenko/developer/communication/managedcode.communication.tests/bin/debug/net9.0/managedcode.communication.tests.dll" id="6aef3be6-be58-6d70-5d16-8497e19d6e8e">
      <Execution id="5534e2df-630c-47df-97cd-3f8e851df808" />
      <TestMethod codeBase="/Users/ksemenenko/Developer/Communication/ManagedCode.Communication.Tests/bin/Debug/net9.0/ManagedCode.Communication.Tests.dll" adapterTypeName="executor://xunit/VsTestRunner3/netcore/" className="ManagedCode.Communication.Tests.Extensions.AdvancedRailwayExtensionsTests" name="ToResult_WithNullValue_ReturnsNotFound" />
    </UnitTest>
    <UnitTest name="ManagedCode.Communication.Tests.Results.ResultTFailMethodsTests.ResultT_Fail_WithVariousStatusCodes_ShouldSetCorrectStatusCode(statusCode: BadRequest, expectedCode: 400)" storage="/users/ksemenenko/developer/communication/managedcode.communication.tests/bin/debug/net9.0/managedcode.communication.tests.dll" id="49e90383-ea67-98d1-9850-3c76b1e1c966">
      <Execution id="12de4abb-ef9f-4cbb-8b72-ce32a1931b1e" />
      <TestMethod codeBase="/Users/ksemenenko/Developer/Communication/ManagedCode.Communication.Tests/bin/Debug/net9.0/ManagedCode.Communication.Tests.dll" adapterTypeName="executor://xunit/VsTestRunner3/netcore/" className="ManagedCode.Communication.Tests.Results.ResultTFailMethodsTests" name="ResultT_Fail_WithVariousStatusCodes_ShouldSetCorrectStatusCode" />
    </UnitTest>
    <UnitTest name="ManagedCode.Communication.Tests.Results.ProblemTests.ErrorCode_PropertyShouldWorkCorrectly" storage="/users/ksemenenko/developer/communication/managedcode.communication.tests/bin/debug/net9.0/managedcode.communication.tests.dll" id="4ff25461-925d-2b73-524e-d2fd332c1e39">
      <Execution id="8ba534b0-f864-468f-b2ec-eb6c3c95b945" />
      <TestMethod codeBase="/Users/ksemenenko/Developer/Communication/ManagedCode.Communication.Tests/bin/Debug/net9.0/ManagedCode.Communication.Tests.dll" adapterTypeName="executor://xunit/VsTestRunner3/netcore/" className="ManagedCode.Communication.Tests.Results.ProblemTests" name="ErrorCode_PropertyShouldWorkCorrectly" />
    </UnitTest>
    <UnitTest name="ManagedCode.Communication.Tests.Results.ResultOperatorsTests.ResultT_ImplicitOperator_FromException_ShouldCreateFailedResult" storage="/users/ksemenenko/developer/communication/managedcode.communication.tests/bin/debug/net9.0/managedcode.communication.tests.dll" id="f990a213-1cf7-9a2d-bb25-79a3d8a56028">
      <Execution id="d0a794f1-f81d-410a-a882-5c1a582a83db" />
      <TestMethod codeBase="/Users/ksemenenko/Developer/Communication/ManagedCode.Communication.Tests/bin/Debug/net9.0/ManagedCode.Communication.Tests.dll" adapterTypeName="executor://xunit/VsTestRunner3/netcore/" className="ManagedCode.Communication.Tests.Results.ResultOperatorsTests" name="ResultT_ImplicitOperator_FromException_ShouldCreateFailedResult" />
    </UnitTest>
    <UnitTest name="ManagedCode.Communication.Tests.Results.ResultTests.Succeed_ShouldCreateSuccessfulResult" storage="/users/ksemenenko/developer/communication/managedcode.communication.tests/bin/debug/net9.0/managedcode.communication.tests.dll" id="c5c4387e-9b4e-b9c4-f648-e86e48f601ca">
      <Execution id="e150215f-b936-44ff-9b86-1aa33f7e394f" />
      <TestMethod codeBase="/Users/ksemenenko/Developer/Communication/ManagedCode.Communication.Tests/bin/Debug/net9.0/ManagedCode.Communication.Tests.dll" adapterTypeName="executor://xunit/VsTestRunner3/netcore/" className="ManagedCode.Communication.Tests.Results.ResultTests" name="Succeed_ShouldCreateSuccessfulResult" />
    </UnitTest>
    <UnitTest name="ManagedCode.Communication.Tests.Serialization.SerializationTests.CollectionResult_WithItems_ShouldSerializeAndDeserialize" storage="/users/ksemenenko/developer/communication/managedcode.communication.tests/bin/debug/net9.0/managedcode.communication.tests.dll" id="6307d0a3-f8ba-d60c-8894-56921f5aa92a">
      <Execution id="ecb5d064-4311-4355-b895-ea444b6cbf2c" />
      <TestMethod codeBase="/Users/ksemenenko/Developer/Communication/ManagedCode.Communication.Tests/bin/Debug/net9.0/ManagedCode.Communication.Tests.dll" adapterTypeName="executor://xunit/VsTestRunner3/netcore/" className="ManagedCode.Communication.Tests.Serialization.SerializationTests" name="CollectionResult_WithItems_ShouldSerializeAndDeserialize" />
    </UnitTest>
    <UnitTest name="ManagedCode.Communication.Tests.Results.RailwayOrientedProgrammingTests.Tap_ShouldExecuteSideEffectWithoutChangingResult" storage="/users/ksemenenko/developer/communication/managedcode.communication.tests/bin/debug/net9.0/managedcode.communication.tests.dll" id="a9d44699-d2e2-8f94-e099-ceb0e0e2f5b7">
      <Execution id="867d7731-562a-4afa-9be0-572992d76bf4" />
      <TestMethod codeBase="/Users/ksemenenko/Developer/Communication/ManagedCode.Communication.Tests/bin/Debug/net9.0/ManagedCode.Communication.Tests.dll" adapterTypeName="executor://xunit/VsTestRunner3/netcore/" className="ManagedCode.Communication.Tests.Results.RailwayOrientedProgrammingTests" name="Tap_ShouldExecuteSideEffectWithoutChangingResult" />
    </UnitTest>
    <UnitTest name="ManagedCode.Communication.Tests.AspNetCore.Helpers.HttpStatusCodeHelperTests.GetStatusCodeForException_AspNetSpecificExceptions_ReturnsCorrectStatusCode(exceptionType: typeof(Microsoft.AspNetCore.Connections.ConnectionResetException), expectedStatusCode: BadRequest)" storage="/users/ksemenenko/developer/communication/managedcode.communication.tests/bin/debug/net9.0/managedcode.communication.tests.dll" id="7f67a8b3-4a6b-118c-9960-3a56a3e105c0">
      <Execution id="e0542605-970f-491e-8124-7991944abd3a" />
      <TestMethod codeBase="/Users/ksemenenko/Developer/Communication/ManagedCode.Communication.Tests/bin/Debug/net9.0/ManagedCode.Communication.Tests.dll" adapterTypeName="executor://xunit/VsTestRunner3/netcore/" className="ManagedCode.Communication.Tests.AspNetCore.Helpers.HttpStatusCodeHelperTests" name="GetStatusCodeForException_AspNetSpecificExceptions_ReturnsCorrectStatusCode" />
    </UnitTest>
    <UnitTest name="ManagedCode.Communication.Tests.Results.ResultTFailMethodsTests.ResultT_FailNotFound_NoParameters_ShouldCreateNotFoundResult" storage="/users/ksemenenko/developer/communication/managedcode.communication.tests/bin/debug/net9.0/managedcode.communication.tests.dll" id="02d5ff30-44c9-145b-fe61-3027824575fb">
      <Execution id="0fcda996-d73f-4eb5-a63c-8d6602a7942a" />
      <TestMethod codeBase="/Users/ksemenenko/Developer/Communication/ManagedCode.Communication.Tests/bin/Debug/net9.0/ManagedCode.Communication.Tests.dll" adapterTypeName="executor://xunit/VsTestRunner3/netcore/" className="ManagedCode.Communication.Tests.Results.ResultTFailMethodsTests" name="ResultT_FailNotFound_NoParameters_ShouldCreateNotFoundResult" />
    </UnitTest>
    <UnitTest name="ManagedCode.Communication.Tests.Results.ResultHelperMethodsTests.ResultT_TryAsync_WithException_ShouldReturnFailure" storage="/users/ksemenenko/developer/communication/managedcode.communication.tests/bin/debug/net9.0/managedcode.communication.tests.dll" id="be592d9a-91e3-5d2d-c26c-4bf5df9e4597">
      <Execution id="5820018a-c1c8-4a5a-a958-b3bc3fbe09ff" />
      <TestMethod codeBase="/Users/ksemenenko/Developer/Communication/ManagedCode.Communication.Tests/bin/Debug/net9.0/ManagedCode.Communication.Tests.dll" adapterTypeName="executor://xunit/VsTestRunner3/netcore/" className="ManagedCode.Communication.Tests.Results.ResultHelperMethodsTests" name="ResultT_TryAsync_WithException_ShouldReturnFailure" />
    </UnitTest>
    <UnitTest name="ManagedCode.Communication.Tests.Results.ResultFailMethodsTests.Result_Fail_WithTitleDetailAndStatus_ShouldCreateFailedResultWithSpecifiedStatus" storage="/users/ksemenenko/developer/communication/managedcode.communication.tests/bin/debug/net9.0/managedcode.communication.tests.dll" id="d819f6c8-5a54-63a6-7b21-12a0912e83c8">
      <Execution id="abc6490f-1788-4ef9-a529-99294a7a62ae" />
      <TestMethod codeBase="/Users/ksemenenko/Developer/Communication/ManagedCode.Communication.Tests/bin/Debug/net9.0/ManagedCode.Communication.Tests.dll" adapterTypeName="executor://xunit/VsTestRunner3/netcore/" className="ManagedCode.Communication.Tests.Results.ResultFailMethodsTests" name="Result_Fail_WithTitleDetailAndStatus_ShouldCreateFailedResultWithSpecifiedStatus" />
    </UnitTest>
    <UnitTest name="ManagedCode.Communication.Tests.Results.ProblemCreationExtensionsTests.ToProblem_FromException_ShouldCreateProblemWithDefaultStatusCode" storage="/users/ksemenenko/developer/communication/managedcode.communication.tests/bin/debug/net9.0/managedcode.communication.tests.dll" id="c9b50cc0-af5c-379e-bcdc-156c0ff0245a">
      <Execution id="253624d6-55d1-4f48-9257-060b6b7b94c8" />
      <TestMethod codeBase="/Users/ksemenenko/Developer/Communication/ManagedCode.Communication.Tests/bin/Debug/net9.0/ManagedCode.Communication.Tests.dll" adapterTypeName="executor://xunit/VsTestRunner3/netcore/" className="ManagedCode.Communication.Tests.Results.ProblemCreationExtensionsTests" name="ToProblem_FromException_ShouldCreateProblemWithDefaultStatusCode" />
    </UnitTest>
    <UnitTest name="ManagedCode.Communication.Tests.Results.ProblemExceptionTests.Message_WithErrorCode_ShouldIncludeErrorCodeInBrackets" storage="/users/ksemenenko/developer/communication/managedcode.communication.tests/bin/debug/net9.0/managedcode.communication.tests.dll" id="a7a7bc99-5c81-4aae-8f5d-ed7089b3d4a6">
      <Execution id="ab6ce711-f870-44ec-b05f-4716bb93e147" />
      <TestMethod codeBase="/Users/ksemenenko/Developer/Communication/ManagedCode.Communication.Tests/bin/Debug/net9.0/ManagedCode.Communication.Tests.dll" adapterTypeName="executor://xunit/VsTestRunner3/netcore/" className="ManagedCode.Communication.Tests.Results.ProblemExceptionTests" name="Message_WithErrorCode_ShouldIncludeErrorCodeInBrackets" />
    </UnitTest>
    <UnitTest name="ManagedCode.Communication.Tests.Results.ResultHelperMethodsTests.ResultT_Fail_WithHttpStatusCode_ShouldCreateFailedResult" storage="/users/ksemenenko/developer/communication/managedcode.communication.tests/bin/debug/net9.0/managedcode.communication.tests.dll" id="acf696fa-e204-77f6-6bda-5cee35a844ca">
      <Execution id="b0bda3a1-5fa7-4b63-aea6-0adbfb7a04af" />
      <TestMethod codeBase="/Users/ksemenenko/Developer/Communication/ManagedCode.Communication.Tests/bin/Debug/net9.0/ManagedCode.Communication.Tests.dll" adapterTypeName="executor://xunit/VsTestRunner3/netcore/" className="ManagedCode.Communication.Tests.Results.ResultHelperMethodsTests" name="ResultT_Fail_WithHttpStatusCode_ShouldCreateFailedResult" />
    </UnitTest>
    <UnitTest name="ManagedCode.Communication.Tests.Extensions.HttpResponseExtensionTests.FromJsonToResult_ErrorStatusCode_ReturnsFailedResult" storage="/users/ksemenenko/developer/communication/managedcode.communication.tests/bin/debug/net9.0/managedcode.communication.tests.dll" id="9b3a08e9-51f4-c581-11a3-b1f682c055d4">
      <Execution id="69d85d19-b0fa-4810-85a5-447cb8181b6a" />
      <TestMethod codeBase="/Users/ksemenenko/Developer/Communication/ManagedCode.Communication.Tests/bin/Debug/net9.0/ManagedCode.Communication.Tests.dll" adapterTypeName="executor://xunit/VsTestRunner3/netcore/" className="ManagedCode.Communication.Tests.Extensions.HttpResponseExtensionTests" name="FromJsonToResult_ErrorStatusCode_ReturnsFailedResult" />
    </UnitTest>
    <UnitTest name="ManagedCode.Communication.Tests.Results.ResultTTests.ImplicitOperator_ToBool_ShouldReturnIsSuccess" storage="/users/ksemenenko/developer/communication/managedcode.communication.tests/bin/debug/net9.0/managedcode.communication.tests.dll" id="cedf9e10-17c3-638f-1fb4-b52f984508c8">
      <Execution id="e7bc97ac-4708-4e99-adb5-6a94e139a0f7" />
      <TestMethod codeBase="/Users/ksemenenko/Developer/Communication/ManagedCode.Communication.Tests/bin/Debug/net9.0/ManagedCode.Communication.Tests.dll" adapterTypeName="executor://xunit/VsTestRunner3/netcore/" className="ManagedCode.Communication.Tests.Results.ResultTTests" name="ImplicitOperator_ToBool_ShouldReturnIsSuccess" />
    </UnitTest>
  </TestDefinitions>
  <TestEntries>
    <TestEntry testId="3c6ac6c6-76bc-c0da-6388-565dd44e7fcd" executionId="33c7708e-7314-4b89-a044-f965750a1033" testListId="8c84fa94-04c1-424b-9868-57a2d4851a1d" />
    <TestEntry testId="a2af3fa3-e3a8-4009-0999-eb6fed122f5b" executionId="bc5012fc-d0bb-4efc-8af9-b30f7c2bf405" testListId="8c84fa94-04c1-424b-9868-57a2d4851a1d" />
    <TestEntry testId="62b58bd7-3c1e-de08-a9e7-b42cffcdf323" executionId="4074584c-73eb-4ff3-869c-ac714ebe5381" testListId="8c84fa94-04c1-424b-9868-57a2d4851a1d" />
    <TestEntry testId="02753c94-b31f-c479-f18b-db6bd8bba437" executionId="9d84a1f7-b827-4a68-837f-98240214ecf2" testListId="8c84fa94-04c1-424b-9868-57a2d4851a1d" />
    <TestEntry testId="5b102866-ff04-b892-509a-5334bf755397" executionId="0e56b6a7-8b5d-42ed-8c7e-b86a9013b706" testListId="8c84fa94-04c1-424b-9868-57a2d4851a1d" />
    <TestEntry testId="078ca2ce-f079-2c28-76dc-9a1936031e13" executionId="38f19dcb-2681-41fb-b577-4f80c6ced65f" testListId="8c84fa94-04c1-424b-9868-57a2d4851a1d" />
    <TestEntry testId="bc434b75-bdc7-4498-0cdc-a7a24b7bcef3" executionId="dc81e947-e122-4d84-9fa3-a71a9ddc5db2" testListId="8c84fa94-04c1-424b-9868-57a2d4851a1d" />
    <TestEntry testId="9dcecbc0-db91-7dce-29a5-821593a72922" executionId="f4a2d689-9e98-459e-b1ec-2c8678c048bd" testListId="8c84fa94-04c1-424b-9868-57a2d4851a1d" />
    <TestEntry testId="fd226736-c1a4-0f7f-960f-3551ec9d470c" executionId="d196adaa-dd5c-4fbb-8b66-966f6c8bec90" testListId="8c84fa94-04c1-424b-9868-57a2d4851a1d" />
    <TestEntry testId="92a7db28-441b-b8fe-c790-8f59b23e56ea" executionId="63752bcb-00cf-46c2-b9e5-04039ac50da9" testListId="8c84fa94-04c1-424b-9868-57a2d4851a1d" />
    <TestEntry testId="c67d60d8-371a-f2d2-eb67-28408d2ba84d" executionId="627c90ae-691c-4d82-8dd4-ea42ea20e74c" testListId="8c84fa94-04c1-424b-9868-57a2d4851a1d" />
    <TestEntry testId="5daf60bc-d3db-b08c-c8ea-5261b3f91cd1" executionId="3bfca075-1c9d-4287-ba09-26adfdffd08e" testListId="8c84fa94-04c1-424b-9868-57a2d4851a1d" />
    <TestEntry testId="31cc8d58-51d6-fc21-a158-1f4f17545a53" executionId="de0e7c0e-9857-47a4-839a-6348f91409f5" testListId="8c84fa94-04c1-424b-9868-57a2d4851a1d" />
    <TestEntry testId="aab534c1-e47f-1e10-690a-e9fe2fb9e517" executionId="91b2af08-dfeb-4b8f-9878-8487329d6157" testListId="8c84fa94-04c1-424b-9868-57a2d4851a1d" />
    <TestEntry testId="c20609f4-6a70-6c55-75bb-083e12c37fc9" executionId="d785fe25-dc91-4626-80e3-40119c2f37a2" testListId="8c84fa94-04c1-424b-9868-57a2d4851a1d" />
    <TestEntry testId="20911087-6fbe-2539-1eef-878f4fdeff66" executionId="9bc16472-8a3b-426b-a931-591d782a59d0" testListId="8c84fa94-04c1-424b-9868-57a2d4851a1d" />
    <TestEntry testId="a9c4348a-f7cc-abf4-413a-fc58753695f7" executionId="c70e472d-6c94-46ec-a7ab-89a5283fe43a" testListId="8c84fa94-04c1-424b-9868-57a2d4851a1d" />
    <TestEntry testId="cb55dff4-d7f6-2f2e-153f-1f8301bc11f9" executionId="c89f8e75-37ae-42c4-a685-005256e329e4" testListId="8c84fa94-04c1-424b-9868-57a2d4851a1d" />
    <TestEntry testId="f98516d9-cd8e-bb0e-7f2e-fb9a3743aba5" executionId="68a26630-e770-4fe8-b8a2-49d85984b2f3" testListId="8c84fa94-04c1-424b-9868-57a2d4851a1d" />
    <TestEntry testId="9b1f8110-ea93-e02f-1655-61606e4aebd0" executionId="c233907e-9e70-42b8-b7a2-ac9ef88f41e7" testListId="8c84fa94-04c1-424b-9868-57a2d4851a1d" />
    <TestEntry testId="08479d6a-c563-b460-df28-b4f67109fef8" executionId="bc36445a-e077-4b9c-86bd-93286d9f31b1" testListId="8c84fa94-04c1-424b-9868-57a2d4851a1d" />
    <TestEntry testId="d48b6f70-4c0f-8a1e-1ca8-45b3563283e1" executionId="7ffa49ef-1d34-4f68-aa03-f88f39b960fb" testListId="8c84fa94-04c1-424b-9868-57a2d4851a1d" />
    <TestEntry testId="76eed23b-8a55-d326-92d7-3df3c6478d17" executionId="24587065-01d5-4764-a197-b139ade14101" testListId="8c84fa94-04c1-424b-9868-57a2d4851a1d" />
    <TestEntry testId="0f1196ec-94c1-8ad4-9d54-4d5a2629230e" executionId="34a9d5ba-89c1-4921-93ae-61f134e571f3" testListId="8c84fa94-04c1-424b-9868-57a2d4851a1d" />
    <TestEntry testId="b7d0d978-6fd2-9721-9776-d435fa619ea2" executionId="508df08a-91af-4c73-b6d2-d59cf314a96d" testListId="8c84fa94-04c1-424b-9868-57a2d4851a1d" />
    <TestEntry testId="03803b69-013e-45b2-64bc-f738fc9a09c2" executionId="1d7bee74-4c42-4e28-87fe-385b7f50a803" testListId="8c84fa94-04c1-424b-9868-57a2d4851a1d" />
    <TestEntry testId="62e72051-f8d9-ba3b-e2f1-4642ab39c81a" executionId="ab9fe539-240e-44d4-9025-e3c25fd4c966" testListId="8c84fa94-04c1-424b-9868-57a2d4851a1d" />
    <TestEntry testId="a52cb0c6-bb59-1170-7a7a-076e1cd628c6" executionId="7ed053df-8184-4201-80c0-aee4060401dc" testListId="8c84fa94-04c1-424b-9868-57a2d4851a1d" />
    <TestEntry testId="6f9b44ef-a4fb-2ef9-5064-11b31eaf6d4b" executionId="9ce9892c-e47f-4519-b0a3-79d97c16eeca" testListId="8c84fa94-04c1-424b-9868-57a2d4851a1d" />
    <TestEntry testId="80b773b9-f50d-d39a-b57c-a8373446bf0a" executionId="ca79707d-db4e-4aa1-8629-23d9393fd968" testListId="8c84fa94-04c1-424b-9868-57a2d4851a1d" />
    <TestEntry testId="56331dab-a3f7-2362-5979-39dd09b423f7" executionId="2dab4b71-fec3-4ffb-a14d-1dadcc315d18" testListId="8c84fa94-04c1-424b-9868-57a2d4851a1d" />
    <TestEntry testId="65200420-42ce-b190-7ff7-7b164ff1ec76" executionId="47e8473e-5a7b-434c-8659-647ab66c7d34" testListId="8c84fa94-04c1-424b-9868-57a2d4851a1d" />
    <TestEntry testId="c31f1374-aadb-6c82-3feb-88f26c5a10d3" executionId="6210f01d-6727-4dde-a9cf-5f5f4306ea0d" testListId="8c84fa94-04c1-424b-9868-57a2d4851a1d" />
    <TestEntry testId="5a48316b-ec69-9349-5cec-20c5ea85e97a" executionId="b857d133-fa7c-4b23-9d27-3164847f9098" testListId="8c84fa94-04c1-424b-9868-57a2d4851a1d" />
    <TestEntry testId="c4ea1132-e93e-43d4-a3fc-a3dee3691596" executionId="8139e3f9-0ab9-45ff-92fb-62fedfb6959c" testListId="8c84fa94-04c1-424b-9868-57a2d4851a1d" />
    <TestEntry testId="0e1070b1-2093-5dae-a087-dd2198ca3385" executionId="e00c5e81-1bae-4923-9af7-5ccc7bcbf2a6" testListId="8c84fa94-04c1-424b-9868-57a2d4851a1d" />
    <TestEntry testId="4396ccba-9d89-e148-82bd-72965c7a7035" executionId="329269be-7f81-4644-a467-516be76de1e7" testListId="8c84fa94-04c1-424b-9868-57a2d4851a1d" />
    <TestEntry testId="1f64ab5a-faee-2124-0bd7-cb77b45af3ab" executionId="578be183-a5a8-4aa7-9139-d90a7bee74bd" testListId="8c84fa94-04c1-424b-9868-57a2d4851a1d" />
    <TestEntry testId="ca801211-e81b-4246-8165-fc89719685cd" executionId="38f53eb1-3093-460d-b851-eebeba8e4f2d" testListId="8c84fa94-04c1-424b-9868-57a2d4851a1d" />
    <TestEntry testId="b88b04a9-2785-97aa-c842-3b008f5ab60a" executionId="1f06c906-3556-4583-b015-25f3637015b9" testListId="8c84fa94-04c1-424b-9868-57a2d4851a1d" />
    <TestEntry testId="e20cd443-fa33-bc28-26be-fffb5ab77d26" executionId="04835bad-8c68-4d69-babe-509613c11d30" testListId="8c84fa94-04c1-424b-9868-57a2d4851a1d" />
    <TestEntry testId="2003d62f-56fa-bdbd-776e-cef4ed468d9f" executionId="9a57fa72-3eed-4e7a-93e5-117fed135cf3" testListId="8c84fa94-04c1-424b-9868-57a2d4851a1d" />
    <TestEntry testId="8891f4eb-c9b0-3e3f-c742-57b774363d63" executionId="3abd1b14-8cad-48c6-954c-5202906e31d7" testListId="8c84fa94-04c1-424b-9868-57a2d4851a1d" />
    <TestEntry testId="ba73bcf1-6486-473f-ebfb-50eecaf57a0c" executionId="c843cf00-2b81-4fd6-83f6-49d2a3e6a79e" testListId="8c84fa94-04c1-424b-9868-57a2d4851a1d" />
    <TestEntry testId="296230cb-2332-ed3e-7412-3dcdf1d43e62" executionId="d99fe039-9894-47e2-89ce-f13c4ad01aa7" testListId="8c84fa94-04c1-424b-9868-57a2d4851a1d" />
    <TestEntry testId="4042cc53-0735-53f5-867b-1cf2a2aa85d5" executionId="9a80eec0-227d-4fcc-b5a1-aea9867d4613" testListId="8c84fa94-04c1-424b-9868-57a2d4851a1d" />
    <TestEntry testId="2367f857-59aa-58a4-330a-cf98fe9cbd82" executionId="45b94a98-b42d-46ce-8b4c-f6d45cc88cc8" testListId="8c84fa94-04c1-424b-9868-57a2d4851a1d" />
    <TestEntry testId="5f864fdf-439e-2f82-1d4d-33966957f6d6" executionId="75df7ee2-c2f5-4fef-a527-1de547f4e507" testListId="8c84fa94-04c1-424b-9868-57a2d4851a1d" />
    <TestEntry testId="db5cf356-60bc-24eb-7ebd-eedff3a8292a" executionId="8b60721b-64ea-43b4-8b49-99f479e6e923" testListId="8c84fa94-04c1-424b-9868-57a2d4851a1d" />
    <TestEntry testId="c9c36d3a-0a72-c16b-d9ef-e237a67deccf" executionId="3885d207-7e3f-4941-85ac-987655f12098" testListId="8c84fa94-04c1-424b-9868-57a2d4851a1d" />
    <TestEntry testId="ebb85f49-d557-5a6a-c90c-63121ba0873d" executionId="cb92a60f-32d2-4244-a119-3380451e75b9" testListId="8c84fa94-04c1-424b-9868-57a2d4851a1d" />
    <TestEntry testId="6283c4be-1bf1-1121-ef21-2c078662a67b" executionId="6536cb7f-9256-431a-9a6b-ee192969efbd" testListId="8c84fa94-04c1-424b-9868-57a2d4851a1d" />
    <TestEntry testId="49c46075-0a42-052a-7a74-65c78fd3a54b" executionId="3fc52e09-2ee6-4459-b96b-b6243a9ad777" testListId="8c84fa94-04c1-424b-9868-57a2d4851a1d" />
    <TestEntry testId="c7cfa25b-5f84-b4eb-ca51-e666774f7b77" executionId="0d3ba697-bbcb-4f21-a46c-2bf968d7d9ae" testListId="8c84fa94-04c1-424b-9868-57a2d4851a1d" />
    <TestEntry testId="f2f678ee-a37b-8014-7202-81380186eb4d" executionId="3e4d4650-5b52-4cea-8b93-d487e2d071b2" testListId="8c84fa94-04c1-424b-9868-57a2d4851a1d" />
    <TestEntry testId="992bdcd4-f166-3c57-0b74-60a21be4306a" executionId="46b34147-656d-4c5c-9856-3caae5423fe6" testListId="8c84fa94-04c1-424b-9868-57a2d4851a1d" />
    <TestEntry testId="234bc324-8553-c6e0-ddb6-1b51780458be" executionId="81a662be-f27f-40f4-8867-1be1d5096d96" testListId="8c84fa94-04c1-424b-9868-57a2d4851a1d" />
    <TestEntry testId="b2b9573d-e985-c983-e346-e985217d8d09" executionId="7cd81fe3-5ffc-487d-bfbd-75696c59ca37" testListId="8c84fa94-04c1-424b-9868-57a2d4851a1d" />
    <TestEntry testId="794b71ec-85d9-cfea-3ecb-4593b036b3be" executionId="db37163d-b799-4ff8-a1b1-39e5d11efa6e" testListId="8c84fa94-04c1-424b-9868-57a2d4851a1d" />
    <TestEntry testId="99276385-6909-321c-1b95-b70e5933d41e" executionId="f37f266d-0d75-4b51-b5d6-3e048405fb28" testListId="8c84fa94-04c1-424b-9868-57a2d4851a1d" />
    <TestEntry testId="cb90d0c6-55d4-34fc-4dfd-762592dcaa9d" executionId="aa5ef572-5515-4491-a260-360c0167361f" testListId="8c84fa94-04c1-424b-9868-57a2d4851a1d" />
    <TestEntry testId="7f739289-fb83-39f7-cc97-e031b49032de" executionId="27c25b54-62ca-4a14-85b4-c21500f79081" testListId="8c84fa94-04c1-424b-9868-57a2d4851a1d" />
    <TestEntry testId="a7a7bc99-5c81-4aae-8f5d-ed7089b3d4a6" executionId="ab6ce711-f870-44ec-b05f-4716bb93e147" testListId="8c84fa94-04c1-424b-9868-57a2d4851a1d" />
    <TestEntry testId="e09feaae-1604-975a-64d2-68f66143e466" executionId="5f69a588-9a3e-4bdd-82d2-10ca312998d2" testListId="8c84fa94-04c1-424b-9868-57a2d4851a1d" />
    <TestEntry testId="a6f92938-3cd6-0259-0038-c96207263ec9" executionId="7732c610-0a4b-4914-bb6f-2fb40cc3a327" testListId="8c84fa94-04c1-424b-9868-57a2d4851a1d" />
    <TestEntry testId="6aef3be6-be58-6d70-5d16-8497e19d6e8e" executionId="5534e2df-630c-47df-97cd-3f8e851df808" testListId="8c84fa94-04c1-424b-9868-57a2d4851a1d" />
    <TestEntry testId="e9afcaf2-7818-aac4-97f5-27c1d6e7b6c2" executionId="7679ad9d-93e6-49b3-b79e-1ceff2852c3d" testListId="8c84fa94-04c1-424b-9868-57a2d4851a1d" />
    <TestEntry testId="b63a8c73-326f-00c0-2fb1-b6e3b569e065" executionId="0c2cdaa8-f5e1-4a71-a879-84e7fc9bbaba" testListId="8c84fa94-04c1-424b-9868-57a2d4851a1d" />
    <TestEntry testId="98850bf1-e160-2acd-8a57-566bba37b11b" executionId="99df4b40-e0e2-4c18-a2c9-e9738c1f7d9a" testListId="8c84fa94-04c1-424b-9868-57a2d4851a1d" />
    <TestEntry testId="705ecbbc-4193-2770-884e-c1965e63c3ae" executionId="2afdc349-2602-4a2e-96ef-55bc9b932e54" testListId="8c84fa94-04c1-424b-9868-57a2d4851a1d" />
    <TestEntry testId="c90d3c3a-bda1-dab0-eefe-c90f9e85739f" executionId="bb903a68-e449-4275-a9fb-fd40d2c5aec2" testListId="8c84fa94-04c1-424b-9868-57a2d4851a1d" />
    <TestEntry testId="64430dc0-d0ec-3630-f4dc-3035b3446fe0" executionId="4f6973b0-c4b9-4ea2-b6cf-b8de737766ad" testListId="8c84fa94-04c1-424b-9868-57a2d4851a1d" />
    <TestEntry testId="29839775-d400-0a7a-0eaf-63aa5f9e74a9" executionId="a160e017-0d20-42fc-a3eb-f6e49e6db1af" testListId="8c84fa94-04c1-424b-9868-57a2d4851a1d" />
    <TestEntry testId="006db6e7-371d-e718-b29e-3beaaaa8b1e6" executionId="7d898adb-8e50-4cba-b804-41677d1abac3" testListId="8c84fa94-04c1-424b-9868-57a2d4851a1d" />
    <TestEntry testId="1de860b6-9b89-fb6b-c718-4f454ec9c197" executionId="2841af67-8c0f-4ed2-b3c4-7cdfe32627eb" testListId="8c84fa94-04c1-424b-9868-57a2d4851a1d" />
    <TestEntry testId="ef0bb53c-de3f-61a0-57cc-23df101fc50c" executionId="2c98b1da-3d10-43e0-aad4-418e00eb0a9e" testListId="8c84fa94-04c1-424b-9868-57a2d4851a1d" />
    <TestEntry testId="c2a0058c-a5cc-3414-d3fc-5639c4dbe702" executionId="9b8ed6d2-feb3-4f96-b04e-f0a1744503bf" testListId="8c84fa94-04c1-424b-9868-57a2d4851a1d" />
    <TestEntry testId="d8f98bda-9edd-5f69-b3df-8d5cd152c533" executionId="1cd6bc44-9710-4e54-9b20-906f7677afe3" testListId="8c84fa94-04c1-424b-9868-57a2d4851a1d" />
    <TestEntry testId="2e2fba21-e57a-bf8c-9794-7565ebcbea78" executionId="cba46a2e-b87e-4b7d-8ba0-d5cc5b034415" testListId="8c84fa94-04c1-424b-9868-57a2d4851a1d" />
    <TestEntry testId="f033dff5-3005-c649-45d7-638d675d115a" executionId="eef540a3-112c-4590-b50b-cbc142e79b39" testListId="8c84fa94-04c1-424b-9868-57a2d4851a1d" />
    <TestEntry testId="670aed6d-afc8-2205-1f3b-fa065414e4d4" executionId="890f6ec3-8716-401c-b22e-64e824eac53b" testListId="8c84fa94-04c1-424b-9868-57a2d4851a1d" />
    <TestEntry testId="4f92ecc3-fdbf-d569-57b7-f3dc0bc79390" executionId="8ada8009-5795-489b-bd09-649bd2479dc7" testListId="8c84fa94-04c1-424b-9868-57a2d4851a1d" />
    <TestEntry testId="9e91e282-03c1-0cff-0470-97bfea9c776b" executionId="64f32b02-13cc-42ee-80a7-76f0366a6e3c" testListId="8c84fa94-04c1-424b-9868-57a2d4851a1d" />
    <TestEntry testId="b530df44-9215-c330-3e2e-fee288d86fdb" executionId="5237b26a-7ba5-4de8-91f9-8280a7507e79" testListId="8c84fa94-04c1-424b-9868-57a2d4851a1d" />
    <TestEntry testId="ff152fd0-403e-f4ec-a73e-1cd296d1d014" executionId="2f100fc0-489c-4024-8ca8-375d6c60e8be" testListId="8c84fa94-04c1-424b-9868-57a2d4851a1d" />
    <TestEntry testId="cd465a48-4f16-0fe6-3ad4-0670fd7de72e" executionId="2643aa17-7dec-4e7a-8f78-b9c9f30ddfc6" testListId="8c84fa94-04c1-424b-9868-57a2d4851a1d" />
    <TestEntry testId="6ae26cda-9ea5-f09e-3c41-fb491e5f7a36" executionId="dd43ad4b-1c03-47b4-9a57-6700fde7e84c" testListId="8c84fa94-04c1-424b-9868-57a2d4851a1d" />
    <TestEntry testId="0becb87d-368a-ae3f-dadc-8f59c2dd4345" executionId="44d19812-15c8-4c0a-86bd-9bb917732152" testListId="8c84fa94-04c1-424b-9868-57a2d4851a1d" />
    <TestEntry testId="49968c77-db79-7bef-f137-feb610539b3e" executionId="aa5b8b9a-23ee-4fef-bd4c-24dd07f13631" testListId="8c84fa94-04c1-424b-9868-57a2d4851a1d" />
    <TestEntry testId="fe4bb424-4fc7-dee4-ff2f-8ee1b89e7d7f" executionId="f4550105-4b14-4275-987d-92aea775ca64" testListId="8c84fa94-04c1-424b-9868-57a2d4851a1d" />
    <TestEntry testId="685bf125-95a7-b042-d839-6110f006a2bb" executionId="a44996e5-4dea-4557-8ca9-ca88e18779b9" testListId="8c84fa94-04c1-424b-9868-57a2d4851a1d" />
    <TestEntry testId="e3ea7a3f-bc55-5685-d863-350fa30216ea" executionId="3c71a682-029d-45ae-88d0-82a34bf7dd5e" testListId="8c84fa94-04c1-424b-9868-57a2d4851a1d" />
    <TestEntry testId="b3b9ef4c-6313-6dea-33cf-2d0e819cad64" executionId="51ef9438-02e1-4927-a60b-c118ccd00f44" testListId="8c84fa94-04c1-424b-9868-57a2d4851a1d" />
    <TestEntry testId="bc66e507-df82-f1e7-2faf-ccf42c118b92" executionId="c7b9c52b-e9b9-45e9-8e9f-44fe54a63611" testListId="8c84fa94-04c1-424b-9868-57a2d4851a1d" />
    <TestEntry testId="f0903404-1a3b-41c9-12e3-9c19c9690b95" executionId="40f0067d-0868-4637-92e8-6db22f830747" testListId="8c84fa94-04c1-424b-9868-57a2d4851a1d" />
    <TestEntry testId="d102cefa-33e2-3c8d-7bd8-79d740844fb3" executionId="b781c121-85c8-4612-9306-8e6ea3447532" testListId="8c84fa94-04c1-424b-9868-57a2d4851a1d" />
    <TestEntry testId="99ad070e-072d-3189-a75d-1aa7c7eeb04e" executionId="b4ecbc3c-9d18-493d-901e-15b320ab0b99" testListId="8c84fa94-04c1-424b-9868-57a2d4851a1d" />
    <TestEntry testId="0dc123ac-2efb-3f2f-924d-27dae15c54d0" executionId="33d47136-45a7-4344-a79e-b2472de7d842" testListId="8c84fa94-04c1-424b-9868-57a2d4851a1d" />
    <TestEntry testId="14204546-6fef-c7d5-1d02-bd489a823e27" executionId="9640cd48-5659-4373-bd5e-11d0d33cdbf1" testListId="8c84fa94-04c1-424b-9868-57a2d4851a1d" />
    <TestEntry testId="08207ca9-c0ba-e0cc-e9e6-34d7f89fcf5e" executionId="5aa15c77-6815-4fb5-9737-049e742675d3" testListId="8c84fa94-04c1-424b-9868-57a2d4851a1d" />
    <TestEntry testId="7ec712aa-0f40-61e7-c73d-a19584ac1f5b" executionId="7077fb8f-24d0-42b0-b729-eef101560874" testListId="8c84fa94-04c1-424b-9868-57a2d4851a1d" />
    <TestEntry testId="1e89b684-e978-3894-3e18-fc74f760e637" executionId="fea2a49e-e408-4a0c-952c-31615ddb8ab3" testListId="8c84fa94-04c1-424b-9868-57a2d4851a1d" />
    <TestEntry testId="4ff25461-925d-2b73-524e-d2fd332c1e39" executionId="8ba534b0-f864-468f-b2ec-eb6c3c95b945" testListId="8c84fa94-04c1-424b-9868-57a2d4851a1d" />
    <TestEntry testId="0f64322a-6465-7604-d056-7e866a62441d" executionId="9ae6ca93-54fb-4f9a-bf20-6ca3e78d647e" testListId="8c84fa94-04c1-424b-9868-57a2d4851a1d" />
    <TestEntry testId="f3efdaca-9c0c-cd13-72e4-329f615be42e" executionId="b98bdb52-8b3b-40d5-9343-a1934a7c90e4" testListId="8c84fa94-04c1-424b-9868-57a2d4851a1d" />
    <TestEntry testId="0f7e2ea7-7d90-6e7a-188c-ad60a1c650c6" executionId="f94c4b57-a8f4-4519-aba0-b0b2dafa6ac3" testListId="8c84fa94-04c1-424b-9868-57a2d4851a1d" />
    <TestEntry testId="8ddf6ba2-aa71-6918-24f4-fd6fd790ee42" executionId="d9fe9a79-b35b-4d26-a979-479a623f7d41" testListId="8c84fa94-04c1-424b-9868-57a2d4851a1d" />
    <TestEntry testId="4628ea67-a850-c618-dd07-6b8c93867133" executionId="82c182a8-668b-41b7-8627-fdb6b658a26e" testListId="8c84fa94-04c1-424b-9868-57a2d4851a1d" />
    <TestEntry testId="55af12a1-8c60-19cc-8253-bcb814fd0918" executionId="4f0313c3-0c7b-45ae-8341-3715d54395b0" testListId="8c84fa94-04c1-424b-9868-57a2d4851a1d" />
    <TestEntry testId="e3201c67-d417-c3b4-88e0-58c89ff57ebe" executionId="ce59b38d-07ed-49e3-abbe-ad67f3baaf4c" testListId="8c84fa94-04c1-424b-9868-57a2d4851a1d" />
    <TestEntry testId="2db04800-c35a-cd8d-8f75-a8a0a4dfddd7" executionId="5741e6c2-36de-40ed-abc6-478b97dbbc6e" testListId="8c84fa94-04c1-424b-9868-57a2d4851a1d" />
    <TestEntry testId="977cf24f-20f0-af04-f9fd-88296a80a191" executionId="d55e8b04-5662-44e1-b40a-1583223db08b" testListId="8c84fa94-04c1-424b-9868-57a2d4851a1d" />
    <TestEntry testId="4eab4e72-83a1-9aa2-b249-0d3036fab2e0" executionId="38490a97-aa37-4365-889e-ca40bee01cbc" testListId="8c84fa94-04c1-424b-9868-57a2d4851a1d" />
    <TestEntry testId="f83ad32d-dc7d-a157-ddfe-e571c1f7ccdc" executionId="1eff3634-a623-4817-a375-68c6bf00e4f5" testListId="8c84fa94-04c1-424b-9868-57a2d4851a1d" />
    <TestEntry testId="08577c9c-2318-302e-4f69-67540b6ebc02" executionId="17a76ee3-8101-4a9a-87fa-71a5a3ba31a7" testListId="8c84fa94-04c1-424b-9868-57a2d4851a1d" />
    <TestEntry testId="90b509f3-eaa4-5292-2d86-2fb0253e9169" executionId="44ca4e86-60d5-4d45-8cca-5f13e713c14f" testListId="8c84fa94-04c1-424b-9868-57a2d4851a1d" />
    <TestEntry testId="9bb7a7e9-f04f-a8a6-8961-152ae79c986e" executionId="917fb600-d96e-4547-911c-a606a81cd5a0" testListId="8c84fa94-04c1-424b-9868-57a2d4851a1d" />
    <TestEntry testId="9b3a08e9-51f4-c581-11a3-b1f682c055d4" executionId="69d85d19-b0fa-4810-85a5-447cb8181b6a" testListId="8c84fa94-04c1-424b-9868-57a2d4851a1d" />
    <TestEntry testId="3d9f20f0-96d2-34ea-57ab-5c0f35cc018c" executionId="1f62a262-9d5b-4ca2-8e6b-9d5f31f5e2dc" testListId="8c84fa94-04c1-424b-9868-57a2d4851a1d" />
    <TestEntry testId="84cba7e9-16d5-bd29-01c4-6b5bbd25da51" executionId="45b36fb7-f3dc-4492-928c-1ba77792808f" testListId="8c84fa94-04c1-424b-9868-57a2d4851a1d" />
    <TestEntry testId="551e1906-8fe5-1e21-9db5-c258ea52673e" executionId="6246902f-70b3-488d-941e-55d7a607c07f" testListId="8c84fa94-04c1-424b-9868-57a2d4851a1d" />
    <TestEntry testId="46e12d3a-8ba6-61ba-0ad5-33aaf363f745" executionId="32b9795c-7254-4e92-a99f-b87a4d4686fd" testListId="8c84fa94-04c1-424b-9868-57a2d4851a1d" />
    <TestEntry testId="16de12fb-db88-1b2b-4771-6a26db8c7eef" executionId="a7d77943-b621-4485-84ff-eee8c1849832" testListId="8c84fa94-04c1-424b-9868-57a2d4851a1d" />
    <TestEntry testId="f8b2f5ca-2f69-2d8d-4212-5d32e0a23134" executionId="18639caf-7c84-40d3-968f-14483d5766e3" testListId="8c84fa94-04c1-424b-9868-57a2d4851a1d" />
    <TestEntry testId="b857bdd6-a10b-15bd-502f-d3e99d2d9689" executionId="61429fe3-3307-45fd-9747-e4b6c344c35f" testListId="8c84fa94-04c1-424b-9868-57a2d4851a1d" />
    <TestEntry testId="c9358ee1-e8d6-bb75-63be-5bcf05b8756e" executionId="b8d6cb9f-76d3-4cba-a3de-ecc651cd86a8" testListId="8c84fa94-04c1-424b-9868-57a2d4851a1d" />
    <TestEntry testId="e00fb5a4-e228-98dc-9550-b28f1789a059" executionId="a409cff5-3b01-46eb-9bbc-5417a8920460" testListId="8c84fa94-04c1-424b-9868-57a2d4851a1d" />
    <TestEntry testId="54738bb4-b334-dcd1-6ce6-da8fdb23ce1a" executionId="d05101c0-e8ea-422f-9d23-1619ba0b4087" testListId="8c84fa94-04c1-424b-9868-57a2d4851a1d" />
    <TestEntry testId="a979666d-6188-9f7d-4a5c-a7572f2afca6" executionId="1e98e48c-31eb-44d3-b03a-29d0a7ff6b13" testListId="8c84fa94-04c1-424b-9868-57a2d4851a1d" />
    <TestEntry testId="49e90383-ea67-98d1-9850-3c76b1e1c966" executionId="12de4abb-ef9f-4cbb-8b72-ce32a1931b1e" testListId="8c84fa94-04c1-424b-9868-57a2d4851a1d" />
    <TestEntry testId="d9c85683-d077-e39f-97ea-e7effcd11b0d" executionId="50ef26fc-3817-4153-a0ed-c3370963ffe7" testListId="8c84fa94-04c1-424b-9868-57a2d4851a1d" />
    <TestEntry testId="4329ce58-b589-cce3-e7e0-bf1e7069d301" executionId="abbe79b8-4ec8-481d-8285-1d5664b0f627" testListId="8c84fa94-04c1-424b-9868-57a2d4851a1d" />
    <TestEntry testId="8f4f549d-e712-d8ad-23b3-779d33c6660a" executionId="37903bbf-28e1-42c5-9d76-3b670745b858" testListId="8c84fa94-04c1-424b-9868-57a2d4851a1d" />
    <TestEntry testId="c574a1e3-8952-ce45-2c0e-dc14f4ee4afc" executionId="39fb68a9-b5cc-45af-bd18-221369dd238c" testListId="8c84fa94-04c1-424b-9868-57a2d4851a1d" />
    <TestEntry testId="3e2872b7-fb01-c386-1343-80b94b20e5b0" executionId="26d1e51a-c846-4b02-88f9-3563af25e20a" testListId="8c84fa94-04c1-424b-9868-57a2d4851a1d" />
    <TestEntry testId="c9d9ed72-c67b-02b9-941b-eca4dbf8c071" executionId="fc5a72dc-6a4e-4f79-95fc-9aef34b57ab2" testListId="8c84fa94-04c1-424b-9868-57a2d4851a1d" />
    <TestEntry testId="88f0c0b5-dc4a-4133-b95e-5ff2d41cf758" executionId="30b9c512-0fd7-4428-9b7c-ec2324aecbae" testListId="8c84fa94-04c1-424b-9868-57a2d4851a1d" />
    <TestEntry testId="8e29e473-880f-e0c6-1aef-64cf243a141f" executionId="17e9e594-84e9-4736-83f1-3da20a6a03f3" testListId="8c84fa94-04c1-424b-9868-57a2d4851a1d" />
    <TestEntry testId="20a5b366-61d2-1b17-1341-93fed7be4651" executionId="c33e4feb-b1c4-45d4-8105-f3d433a08e41" testListId="8c84fa94-04c1-424b-9868-57a2d4851a1d" />
    <TestEntry testId="717abb16-22b3-f92b-b19b-53aac21bcea2" executionId="eae6e87f-d83c-405e-8e7a-4aebc004784f" testListId="8c84fa94-04c1-424b-9868-57a2d4851a1d" />
    <TestEntry testId="188e8d5a-d1ed-780a-65de-b236c8d92ecc" executionId="cbc71a7a-30b7-44e5-84f6-88ba0815cb79" testListId="8c84fa94-04c1-424b-9868-57a2d4851a1d" />
    <TestEntry testId="55f056e0-84d9-ff7c-3925-1fd61c09713f" executionId="44c10006-a411-40bb-88c9-5c2ef230b734" testListId="8c84fa94-04c1-424b-9868-57a2d4851a1d" />
    <TestEntry testId="22cdaf43-d8ea-278c-4cc0-7325a65fa6f1" executionId="4fde3b51-14cc-4efe-af5f-70e6e3a025e1" testListId="8c84fa94-04c1-424b-9868-57a2d4851a1d" />
    <TestEntry testId="ed93864c-524d-6b65-67c9-c210db0904d0" executionId="7b937d67-3f64-4f44-863a-4c4769fb1b7e" testListId="8c84fa94-04c1-424b-9868-57a2d4851a1d" />
    <TestEntry testId="c4d29875-feb5-a7dc-a76f-80d1469f6e29" executionId="26e98a32-dac4-4a4e-8200-76a1c7cdce2b" testListId="8c84fa94-04c1-424b-9868-57a2d4851a1d" />
    <TestEntry testId="8b9c529a-f659-c89a-aa3e-a5fad6a9fea7" executionId="471865fb-d818-4889-b9c7-a0fde5dda8c9" testListId="8c84fa94-04c1-424b-9868-57a2d4851a1d" />
    <TestEntry testId="0c1a494a-a3e9-afb9-1da6-932fb28bceff" executionId="fa293a0f-a9d4-462d-8add-4c01e0d629bc" testListId="8c84fa94-04c1-424b-9868-57a2d4851a1d" />
    <TestEntry testId="f990a213-1cf7-9a2d-bb25-79a3d8a56028" executionId="d0a794f1-f81d-410a-a882-5c1a582a83db" testListId="8c84fa94-04c1-424b-9868-57a2d4851a1d" />
    <TestEntry testId="d63e28b0-0e78-d9d5-3c31-ecad325cd7f3" executionId="0f9edfaf-985e-4f6b-b1ae-e76ff1ccab95" testListId="8c84fa94-04c1-424b-9868-57a2d4851a1d" />
    <TestEntry testId="4ca8e0f8-7886-5585-ed9e-dd4413882552" executionId="da4c196a-2d56-486a-896a-9baf3bc08c30" testListId="8c84fa94-04c1-424b-9868-57a2d4851a1d" />
    <TestEntry testId="278a89d0-8f21-1d66-b7b0-77ed01c69463" executionId="3a6f216a-4a7d-4004-87a9-2fcc3f5931d0" testListId="8c84fa94-04c1-424b-9868-57a2d4851a1d" />
    <TestEntry testId="057eaabd-3e0f-9cb8-8caa-35b8258d8daa" executionId="4ace83c7-9c56-44aa-8b35-6a86ebdd1e76" testListId="8c84fa94-04c1-424b-9868-57a2d4851a1d" />
    <TestEntry testId="749bbee2-7b84-79fe-48ac-a4a2d51ee66d" executionId="810537b1-ef56-428f-8479-30b0600b338e" testListId="8c84fa94-04c1-424b-9868-57a2d4851a1d" />
    <TestEntry testId="898c9cc8-bb35-e599-7c7d-53a4b1099340" executionId="ec66cd85-4523-47fe-8cc8-1555a56b8ca0" testListId="8c84fa94-04c1-424b-9868-57a2d4851a1d" />
    <TestEntry testId="45dd8e8e-d47d-d57f-7363-d2adb3b51e04" executionId="c23d9203-ded7-4d2d-9203-27c72095ecdc" testListId="8c84fa94-04c1-424b-9868-57a2d4851a1d" />
    <TestEntry testId="420227c9-e6b9-b50e-d05f-d761ad3cd58e" executionId="b004a942-a3a1-47a9-a2e4-6c9e8b9b02f2" testListId="8c84fa94-04c1-424b-9868-57a2d4851a1d" />
    <TestEntry testId="2965b165-6679-d60b-abea-0abf705caf0c" executionId="471411f0-cc8f-4705-a57f-c893e510954b" testListId="8c84fa94-04c1-424b-9868-57a2d4851a1d" />
    <TestEntry testId="d1df534e-bdd0-3f3b-6fb8-d0869c06e6d1" executionId="bbd529cd-75bf-4b00-bddf-dfecc7212fae" testListId="8c84fa94-04c1-424b-9868-57a2d4851a1d" />
    <TestEntry testId="c4b29f92-16d2-98d3-cbb9-2e703b5f2766" executionId="bb6ccc6d-1ba5-45c9-9b77-455afed61df9" testListId="8c84fa94-04c1-424b-9868-57a2d4851a1d" />
    <TestEntry testId="249be2e9-9496-34f0-9c66-c56ec297a787" executionId="3bc19c67-2278-450a-9856-7ef4cec35b21" testListId="8c84fa94-04c1-424b-9868-57a2d4851a1d" />
    <TestEntry testId="1a7b4271-e223-c8c6-e4e2-6edd35950571" executionId="184fc474-a2e4-494d-be91-871365dce691" testListId="8c84fa94-04c1-424b-9868-57a2d4851a1d" />
    <TestEntry testId="a3a28d8a-51fe-9a33-f869-0770b45eb339" executionId="d4f0b4fa-68c5-4b87-8601-f2ae648dcddd" testListId="8c84fa94-04c1-424b-9868-57a2d4851a1d" />
    <TestEntry testId="3422f96e-0a13-0cac-95ea-d6afecbcd569" executionId="46554736-807b-46b1-900a-bc8f625b0ec8" testListId="8c84fa94-04c1-424b-9868-57a2d4851a1d" />
    <TestEntry testId="cb7fb629-ff05-f9fd-40f3-26fe636dd5c1" executionId="7227d103-6f9b-4e80-94d4-2c8f00f65896" testListId="8c84fa94-04c1-424b-9868-57a2d4851a1d" />
    <TestEntry testId="d6db3fca-97bb-20d9-cf3b-d05f44f87938" executionId="8fd970cb-fb84-40f8-9fb0-93e2fac75f65" testListId="8c84fa94-04c1-424b-9868-57a2d4851a1d" />
    <TestEntry testId="ac1ffaa9-ae14-8f71-b2ad-c1cdc3b66547" executionId="97a6320c-91f0-48a7-9419-d139f6811f1b" testListId="8c84fa94-04c1-424b-9868-57a2d4851a1d" />
    <TestEntry testId="613d2d59-716c-8fa1-c98d-0c358ba9cdd1" executionId="18a3ec77-c3df-4df1-bc49-390ae8ee21e8" testListId="8c84fa94-04c1-424b-9868-57a2d4851a1d" />
    <TestEntry testId="5afc63d3-e6c2-fa08-2064-5b3b85269a6c" executionId="948805a1-9483-4d9a-87d6-2516436b4d04" testListId="8c84fa94-04c1-424b-9868-57a2d4851a1d" />
    <TestEntry testId="311b6c3e-cccf-4b30-e7f9-449c9ecff942" executionId="878c5736-fefa-434e-ac3b-d4cb1af68a78" testListId="8c84fa94-04c1-424b-9868-57a2d4851a1d" />
    <TestEntry testId="bd85c34e-1e20-839d-feff-cc7eed9c2e75" executionId="85ad1ba6-8878-40b4-ae11-f385eb80fe74" testListId="8c84fa94-04c1-424b-9868-57a2d4851a1d" />
    <TestEntry testId="010c27e2-8f1f-944a-38fc-aee10e8009f3" executionId="795670b0-09f3-4145-b104-6f9ad6c547d3" testListId="8c84fa94-04c1-424b-9868-57a2d4851a1d" />
    <TestEntry testId="35211776-3f68-d78b-18e2-a21a4d369aed" executionId="297ed8a6-beb9-4746-b584-f911c21e9a90" testListId="8c84fa94-04c1-424b-9868-57a2d4851a1d" />
    <TestEntry testId="37832d2b-c8b9-799c-6d67-0c7addb766d8" executionId="188ae7ef-5df7-48ae-bbe7-16b74f9964b3" testListId="8c84fa94-04c1-424b-9868-57a2d4851a1d" />
    <TestEntry testId="5a0ae5e8-72bd-c20c-476c-fc5a9836655a" executionId="f817e26e-4433-42f7-86b3-056dc47c1397" testListId="8c84fa94-04c1-424b-9868-57a2d4851a1d" />
    <TestEntry testId="74429bfd-ae1c-e417-c462-fb4e1989918c" executionId="05796f6a-d0f2-48f6-9723-4b2d16a52e64" testListId="8c84fa94-04c1-424b-9868-57a2d4851a1d" />
    <TestEntry testId="7b410867-8a35-21b9-5a79-1e606c5e1d67" executionId="a8b3ce43-b188-4b2e-a8f2-abfe0a1c5c57" testListId="8c84fa94-04c1-424b-9868-57a2d4851a1d" />
    <TestEntry testId="6e767f96-9226-7d9c-988b-ea75a4b8e156" executionId="1038bf7c-ff8c-4b95-b2cf-8cd9bd235fa8" testListId="8c84fa94-04c1-424b-9868-57a2d4851a1d" />
    <TestEntry testId="33a7f29f-3064-c7da-2697-0f90413b5ea8" executionId="64160b48-a757-47b4-96c5-4689d8bc7097" testListId="8c84fa94-04c1-424b-9868-57a2d4851a1d" />
    <TestEntry testId="4d4f77cf-2c12-609f-bf50-7abe8c10f4d6" executionId="d351f3a0-5fde-4103-a1d4-b3df1019b380" testListId="8c84fa94-04c1-424b-9868-57a2d4851a1d" />
    <TestEntry testId="261108eb-e4aa-9aa8-08d4-1bd3d2b96ec0" executionId="49920f38-9380-4dcd-bc88-c812072f0d61" testListId="8c84fa94-04c1-424b-9868-57a2d4851a1d" />
    <TestEntry testId="2d819a75-1f3b-8e3f-72c3-7eac56a5cef5" executionId="de9db455-faad-4d67-b7d0-bfbfc9021f69" testListId="8c84fa94-04c1-424b-9868-57a2d4851a1d" />
    <TestEntry testId="b974d079-f8c7-696e-01c3-ee20cd989857" executionId="194610b1-decd-4ff4-9ff2-dcc298b3d48d" testListId="8c84fa94-04c1-424b-9868-57a2d4851a1d" />
    <TestEntry testId="66076f92-cd02-428b-c3aa-0dc5e5824793" executionId="8f8eab7b-b1fe-4bb8-b78f-832c7cbb952b" testListId="8c84fa94-04c1-424b-9868-57a2d4851a1d" />
    <TestEntry testId="74682615-ca5e-4298-50e2-769d654bd925" executionId="19225dcf-d2cf-4f4c-b37b-1c19d7afc8bf" testListId="8c84fa94-04c1-424b-9868-57a2d4851a1d" />
    <TestEntry testId="3e9e891c-a70e-1cec-ed52-a1f055f94791" executionId="ae14835e-3f04-464c-9b0e-cf759924a4ce" testListId="8c84fa94-04c1-424b-9868-57a2d4851a1d" />
    <TestEntry testId="9085edc1-23da-0141-ff53-9bb481ec3c06" executionId="f8647a46-d47f-46e5-b973-e8570db20bde" testListId="8c84fa94-04c1-424b-9868-57a2d4851a1d" />
    <TestEntry testId="1285e3a0-be70-4f5b-8a49-53d83ee7816d" executionId="517aca70-4833-4443-87c6-1aaaab8106ab" testListId="8c84fa94-04c1-424b-9868-57a2d4851a1d" />
    <TestEntry testId="b45faf43-dd79-04c9-5445-23da1be779f9" executionId="4052d908-d5b5-4fda-80a0-638e645e3e39" testListId="8c84fa94-04c1-424b-9868-57a2d4851a1d" />
    <TestEntry testId="30d1482a-3681-2b78-041a-5c6ec797ad16" executionId="c9441af0-252d-4086-85fc-795d50c05b70" testListId="8c84fa94-04c1-424b-9868-57a2d4851a1d" />
    <TestEntry testId="08105b68-db60-bfeb-93e6-92f308ba13b0" executionId="b6d48d84-3f44-4882-a34b-25d65bc340c1" testListId="8c84fa94-04c1-424b-9868-57a2d4851a1d" />
    <TestEntry testId="d764fc82-375a-445d-1d29-326347c358b4" executionId="9557b85b-0e9a-4e82-aeb9-f1ec07730460" testListId="8c84fa94-04c1-424b-9868-57a2d4851a1d" />
    <TestEntry testId="0b9462ce-ab81-3e0e-a1aa-53ab68e0bac7" executionId="50fa097f-df55-48ed-ab2f-791375053346" testListId="8c84fa94-04c1-424b-9868-57a2d4851a1d" />
    <TestEntry testId="bed016bd-a122-31d3-dc01-e7d0fe017e6f" executionId="24da91f8-8916-4458-8cae-ff6e284cc885" testListId="8c84fa94-04c1-424b-9868-57a2d4851a1d" />
    <TestEntry testId="950f8757-e7b7-1138-1a4d-1e70b2dcf083" executionId="b690464c-35c2-4029-9863-22f2de3c3b35" testListId="8c84fa94-04c1-424b-9868-57a2d4851a1d" />
    <TestEntry testId="d3300c9e-5da3-cf6d-3ac1-7219738332c6" executionId="b9a615f1-5fc5-4715-af38-703e9c18f210" testListId="8c84fa94-04c1-424b-9868-57a2d4851a1d" />
    <TestEntry testId="f8292c99-1fa2-ca17-1340-240e96354ffd" executionId="7a75d6ed-ada4-4689-b0dc-82a5a1b04032" testListId="8c84fa94-04c1-424b-9868-57a2d4851a1d" />
    <TestEntry testId="c87e7c49-a9bb-bbb6-248d-9575e1eed4b4" executionId="2a0e0d7c-d1fc-4a5f-8dd8-92dfea24d556" testListId="8c84fa94-04c1-424b-9868-57a2d4851a1d" />
    <TestEntry testId="8309389d-9c6a-c3cd-d6dd-b15a89fb2045" executionId="5e6d89b7-1c37-47b5-a59f-6d6701e857e4" testListId="8c84fa94-04c1-424b-9868-57a2d4851a1d" />
    <TestEntry testId="2ce5a0ce-9e3f-00a6-801c-dc294a1bcdf2" executionId="75022f08-a868-468e-9000-198a0f1179ad" testListId="8c84fa94-04c1-424b-9868-57a2d4851a1d" />
    <TestEntry testId="b54351a3-66ec-0964-2aea-e5e40f7e02d7" executionId="ba18fafb-96db-49f1-80b6-507b4ad2fc9c" testListId="8c84fa94-04c1-424b-9868-57a2d4851a1d" />
    <TestEntry testId="fac5a5a6-3df3-1003-499e-8b36ce0df94d" executionId="3359f509-0eea-4afb-8391-1ff003d332e7" testListId="8c84fa94-04c1-424b-9868-57a2d4851a1d" />
    <TestEntry testId="f91e9575-30e1-e221-f699-3a11de9b388a" executionId="08eebdc3-e651-425f-8ff0-3cfa638c8338" testListId="8c84fa94-04c1-424b-9868-57a2d4851a1d" />
    <TestEntry testId="7e95e31b-5cbf-f4bc-6b58-5c4878828fa0" executionId="3c221eba-b78f-4724-9d0f-9e69e6d8913d" testListId="8c84fa94-04c1-424b-9868-57a2d4851a1d" />
    <TestEntry testId="113ecb12-1851-7d32-03e7-16f3ffbfb55a" executionId="193b83b2-3df0-4da2-8280-fe35b327bdd5" testListId="8c84fa94-04c1-424b-9868-57a2d4851a1d" />
    <TestEntry testId="b019aed6-f3db-c6f2-5353-b095630ac4f5" executionId="40284949-5627-4adb-9bf8-31aadeccb647" testListId="8c84fa94-04c1-424b-9868-57a2d4851a1d" />
    <TestEntry testId="6522bdf5-de38-3374-97b3-1ce8774e28b5" executionId="30161549-e5a3-482a-8d43-9aafb425c3e0" testListId="8c84fa94-04c1-424b-9868-57a2d4851a1d" />
    <TestEntry testId="be592d9a-91e3-5d2d-c26c-4bf5df9e4597" executionId="5820018a-c1c8-4a5a-a958-b3bc3fbe09ff" testListId="8c84fa94-04c1-424b-9868-57a2d4851a1d" />
    <TestEntry testId="9f2f9acf-342d-ecbf-b67b-31f17d6aa429" executionId="b25c9c1e-0cb9-44a6-b636-7dd9afba3bdc" testListId="8c84fa94-04c1-424b-9868-57a2d4851a1d" />
    <TestEntry testId="d137c692-c33a-c29f-f0cd-43638d316a9f" executionId="0aeea0dd-dd6a-427c-8da5-24a7fd8be8ac" testListId="8c84fa94-04c1-424b-9868-57a2d4851a1d" />
    <TestEntry testId="be1da5de-e0fe-47f3-2a89-4f7466ca0a66" executionId="954a2c02-b735-46c8-ae72-3fc13504e16f" testListId="8c84fa94-04c1-424b-9868-57a2d4851a1d" />
    <TestEntry testId="69beb265-ebe6-f9da-2e10-2e50d1b0f6dd" executionId="a6da9cf4-4354-4c57-a214-4b6230d88181" testListId="8c84fa94-04c1-424b-9868-57a2d4851a1d" />
    <TestEntry testId="c5027c1a-9b50-9f43-2228-adeb647f513f" executionId="d03f6dd2-d5c5-4342-8369-e28577470b48" testListId="8c84fa94-04c1-424b-9868-57a2d4851a1d" />
    <TestEntry testId="979074bb-302c-a27f-b1eb-cf7bada43daa" executionId="84655651-7c16-4ed2-8eb3-b74487309471" testListId="8c84fa94-04c1-424b-9868-57a2d4851a1d" />
    <TestEntry testId="a555e622-b970-4ded-325b-3f0c89ae34f6" executionId="8356eca7-9170-4353-bdbf-3965b3388863" testListId="8c84fa94-04c1-424b-9868-57a2d4851a1d" />
    <TestEntry testId="3bcb1cdf-7832-8f7e-bea2-80e63571b788" executionId="2e8eabd5-7fe7-4295-a209-d00672feeb30" testListId="8c84fa94-04c1-424b-9868-57a2d4851a1d" />
    <TestEntry testId="c8d77af0-8084-8474-2ecb-63693a6af3aa" executionId="3f1a566c-966f-43b7-88f3-2bd06e1155fa" testListId="8c84fa94-04c1-424b-9868-57a2d4851a1d" />
    <TestEntry testId="f78bdf4b-5aed-2880-5937-4759bd7976c9" executionId="4137efe7-50aa-4907-9043-4de906278d23" testListId="8c84fa94-04c1-424b-9868-57a2d4851a1d" />
    <TestEntry testId="0789453e-d5f1-17cb-3560-d081385bfb12" executionId="3d399765-a158-4d6b-aa0a-c09359683b52" testListId="8c84fa94-04c1-424b-9868-57a2d4851a1d" />
    <TestEntry testId="5b8d597d-a947-799b-c752-623cf741033b" executionId="ee0b1698-1396-4f8b-b41d-185a96391724" testListId="8c84fa94-04c1-424b-9868-57a2d4851a1d" />
    <TestEntry testId="2c4ab2a0-5b84-fdeb-332e-fc8fa28ff2a8" executionId="84392eb6-9554-4824-8c78-7e641197d322" testListId="8c84fa94-04c1-424b-9868-57a2d4851a1d" />
    <TestEntry testId="bbba8e22-1b20-62d6-6e69-7016b4e8e4bf" executionId="a6afd7c6-d11f-4073-8292-0b3251337061" testListId="8c84fa94-04c1-424b-9868-57a2d4851a1d" />
    <TestEntry testId="bc0f94a4-fa61-220d-0abf-7116eecf9e5e" executionId="930977d1-b83c-4b9f-9e86-e2ef091f7d12" testListId="8c84fa94-04c1-424b-9868-57a2d4851a1d" />
    <TestEntry testId="6bdd3bbc-d7a5-24ee-4e32-c68e3928d318" executionId="52171da0-3c8e-4846-b70f-74f8374e4471" testListId="8c84fa94-04c1-424b-9868-57a2d4851a1d" />
    <TestEntry testId="b18d52e9-bf68-fbe1-373e-8cee042f5bc7" executionId="62811e3b-3f6b-419e-9ea1-a73c0542ba3b" testListId="8c84fa94-04c1-424b-9868-57a2d4851a1d" />
    <TestEntry testId="1868671e-db4e-df1a-0576-e50eea4adffe" executionId="e65dfe57-ee23-472e-81c2-1dd585241d8e" testListId="8c84fa94-04c1-424b-9868-57a2d4851a1d" />
    <TestEntry testId="44d98ef8-930e-6c96-71e8-5749bf624437" executionId="66301b1c-8cda-40b2-be48-49626eccaae3" testListId="8c84fa94-04c1-424b-9868-57a2d4851a1d" />
    <TestEntry testId="46310652-8cba-41d1-ad89-4a295ad73bfd" executionId="7fc55296-b3d2-4b9b-a19b-d9fbf365d039" testListId="8c84fa94-04c1-424b-9868-57a2d4851a1d" />
    <TestEntry testId="f6e5cff2-2693-3b1e-77a2-42903b6a4613" executionId="7d2979ac-5a85-4848-b2d0-baaa09757f81" testListId="8c84fa94-04c1-424b-9868-57a2d4851a1d" />
    <TestEntry testId="99ec6b99-38ab-d9d3-1265-68ce728117c4" executionId="19e6f345-85f0-4c8c-8c2a-fbc44911b57d" testListId="8c84fa94-04c1-424b-9868-57a2d4851a1d" />
    <TestEntry testId="bcb6a2c1-7c43-e2d1-68fb-4752e36bef88" executionId="bf9c1b52-1d5a-4c2f-aa56-25eee2106956" testListId="8c84fa94-04c1-424b-9868-57a2d4851a1d" />
    <TestEntry testId="d1f027cb-91cb-a032-394a-24ef43e517de" executionId="961ea241-8a3b-49f9-8dcf-025e05580b97" testListId="8c84fa94-04c1-424b-9868-57a2d4851a1d" />
    <TestEntry testId="bb5bca1a-3a3d-1d7d-5495-30c05c394e48" executionId="5c168bd8-a591-40ff-a360-9625b7f690db" testListId="8c84fa94-04c1-424b-9868-57a2d4851a1d" />
    <TestEntry testId="db72ec5a-0a30-2e0e-8572-ca8eef70615c" executionId="613aa09c-6806-4a7a-82f3-743bbb912c5f" testListId="8c84fa94-04c1-424b-9868-57a2d4851a1d" />
    <TestEntry testId="8bd92cbc-b4a1-3cf0-6835-cad5eb18c15d" executionId="c7b1e993-7947-4674-8dbb-3213b1c5590a" testListId="8c84fa94-04c1-424b-9868-57a2d4851a1d" />
    <TestEntry testId="9fb27429-2e5b-c1a5-586b-a38199a8345b" executionId="89560257-99ef-45c9-a803-ac8093dd49ae" testListId="8c84fa94-04c1-424b-9868-57a2d4851a1d" />
    <TestEntry testId="0f2cb4e4-d535-dd21-c366-616f0502fa7b" executionId="492f10a8-3eb4-48b0-a2f4-962027348ce6" testListId="8c84fa94-04c1-424b-9868-57a2d4851a1d" />
    <TestEntry testId="4ba07ff2-86ed-f85e-fabc-04e7d2882c05" executionId="37c45f10-f278-49e6-9571-82ce7f53713e" testListId="8c84fa94-04c1-424b-9868-57a2d4851a1d" />
    <TestEntry testId="44068533-73ca-2e9c-89ae-ee196ec1d842" executionId="baeeea3a-e3dc-41f9-9bb4-383fc09abdf5" testListId="8c84fa94-04c1-424b-9868-57a2d4851a1d" />
    <TestEntry testId="8c3fdcf7-4fc6-4fdc-74eb-b85a360cd133" executionId="c4166a11-681c-4db8-8d6c-16523368a5e3" testListId="8c84fa94-04c1-424b-9868-57a2d4851a1d" />
    <TestEntry testId="0722ba6b-76b6-1c47-d7d1-0b74ba7f6032" executionId="8858da08-a26f-4e51-9fb1-d1b02879857f" testListId="8c84fa94-04c1-424b-9868-57a2d4851a1d" />
    <TestEntry testId="d7f431fb-d8db-7127-72a4-c56f83d9c52c" executionId="b050adb3-5eac-42a0-8ec2-103063b68114" testListId="8c84fa94-04c1-424b-9868-57a2d4851a1d" />
    <TestEntry testId="fad8656f-3a30-7eb3-0345-621f29855f5d" executionId="1965621c-544c-47ca-87d9-ae7937c2cebd" testListId="8c84fa94-04c1-424b-9868-57a2d4851a1d" />
    <TestEntry testId="25b0e57c-5ba9-760a-cf42-a84a18ecc62c" executionId="0db250aa-ecfe-4a4b-94b9-82096f23916e" testListId="8c84fa94-04c1-424b-9868-57a2d4851a1d" />
    <TestEntry testId="cab07736-a7f9-5cae-27f4-2374346d547f" executionId="4e7419b7-4fb7-4a5a-8049-c4bd787c7edd" testListId="8c84fa94-04c1-424b-9868-57a2d4851a1d" />
    <TestEntry testId="7e7ded53-cbb8-545f-cbd5-7575b7f60d80" executionId="b46dcb9b-a3fa-4a2a-b423-7385aa1d12cc" testListId="8c84fa94-04c1-424b-9868-57a2d4851a1d" />
    <TestEntry testId="b2105290-3d86-82f5-7333-a618d72f153d" executionId="08a5ae85-1aa2-400f-83dc-3d816c9acd31" testListId="8c84fa94-04c1-424b-9868-57a2d4851a1d" />
    <TestEntry testId="ea0a9cb2-9148-301e-e48c-1afead66e2be" executionId="b7ec16fe-355c-4450-b9c3-33ae548bf24e" testListId="8c84fa94-04c1-424b-9868-57a2d4851a1d" />
    <TestEntry testId="3d40653d-19a3-c289-4128-980e5c453274" executionId="8e8cd051-e0cc-444b-8790-db89374622a1" testListId="8c84fa94-04c1-424b-9868-57a2d4851a1d" />
    <TestEntry testId="02c00597-d5c2-61bb-a2d0-217bcd4db920" executionId="4ccaa50e-4911-40f6-9e00-298128f5c0a8" testListId="8c84fa94-04c1-424b-9868-57a2d4851a1d" />
    <TestEntry testId="7e5d92fe-9e3c-cf14-2708-b9c99887e277" executionId="8fdb04aa-f2aa-4112-bef5-ef5d26d820ac" testListId="8c84fa94-04c1-424b-9868-57a2d4851a1d" />
    <TestEntry testId="aa49e18c-4197-b3cc-aa70-ef1af862b8be" executionId="e00a7d32-1011-4c42-8d71-84777a0fc9e0" testListId="8c84fa94-04c1-424b-9868-57a2d4851a1d" />
    <TestEntry testId="f76203f6-f127-113c-5b07-212839a96b73" executionId="e1bde476-60f9-4b09-af74-e5dc754a9457" testListId="8c84fa94-04c1-424b-9868-57a2d4851a1d" />
    <TestEntry testId="bfa6a2fe-1dd5-18fe-deaf-f94c809d7864" executionId="b96bbbf4-d96a-4dd0-9952-5f4ea55c8745" testListId="8c84fa94-04c1-424b-9868-57a2d4851a1d" />
    <TestEntry testId="d071d2b4-c4a7-1efa-7f89-25ed537b122f" executionId="74584305-aa3d-4e58-b3ef-86521fab21d0" testListId="8c84fa94-04c1-424b-9868-57a2d4851a1d" />
    <TestEntry testId="71c2c6e3-3e9a-c3a1-9360-c0c1796ab5f0" executionId="f375fead-158e-493b-9569-c3fafc51597a" testListId="8c84fa94-04c1-424b-9868-57a2d4851a1d" />
    <TestEntry testId="d343945e-2d81-5ae1-7083-4fdee04f6eb8" executionId="4d3b9089-bc4a-40a6-9809-9a66cc402565" testListId="8c84fa94-04c1-424b-9868-57a2d4851a1d" />
    <TestEntry testId="a07351d2-1bc5-ccaf-4731-3787d4a2a4e5" executionId="4898aa30-abb5-4bc3-9114-5272a3a34bcd" testListId="8c84fa94-04c1-424b-9868-57a2d4851a1d" />
    <TestEntry testId="9ad9e2f6-715d-ede9-5172-b09d4e9b5fa2" executionId="ecf2b7e4-483b-4214-bc67-41da2d87bcd9" testListId="8c84fa94-04c1-424b-9868-57a2d4851a1d" />
    <TestEntry testId="d0a02f38-518c-0632-7faf-1a71626098e2" executionId="d7dd47cc-5ec4-4cd3-ac14-1e4ff62b76b7" testListId="8c84fa94-04c1-424b-9868-57a2d4851a1d" />
    <TestEntry testId="23ef8027-2a18-f92f-8f60-3a751b96bde2" executionId="8efc642d-186a-4d7e-b66c-f2ef1c5aa04f" testListId="8c84fa94-04c1-424b-9868-57a2d4851a1d" />
    <TestEntry testId="e54d77da-6a95-0aa2-239e-14e9fe7b27b9" executionId="56cd6bc3-679c-4f3c-b2a1-52003800be0f" testListId="8c84fa94-04c1-424b-9868-57a2d4851a1d" />
    <TestEntry testId="9d8d30df-7116-4e69-8b1e-8fe0e301647c" executionId="bf96b88c-8d55-434a-b4b9-42ff74905b8c" testListId="8c84fa94-04c1-424b-9868-57a2d4851a1d" />
    <TestEntry testId="9b5dfb80-ce41-e436-1e7d-ce9b1aff93d9" executionId="ac95ea42-dfd4-4e9a-8ce6-83979e9b7666" testListId="8c84fa94-04c1-424b-9868-57a2d4851a1d" />
    <TestEntry testId="ce3fa9f3-48b0-1831-219b-9a887cfec004" executionId="a80279f1-021f-459e-a34d-6d5f5b5a6c5d" testListId="8c84fa94-04c1-424b-9868-57a2d4851a1d" />
    <TestEntry testId="b080e677-51aa-540a-58e8-a1686bb0bb64" executionId="882157f9-bb13-4e3f-be45-52a0906b656c" testListId="8c84fa94-04c1-424b-9868-57a2d4851a1d" />
    <TestEntry testId="199589cd-8acd-d74a-9888-9b069b3c3800" executionId="b727a8db-20cd-4f5d-b9db-0a1922987ffa" testListId="8c84fa94-04c1-424b-9868-57a2d4851a1d" />
    <TestEntry testId="b33a03a8-55ac-77be-ca97-0bc786c289fc" executionId="c4027fe7-65fd-42dc-bfab-18942d3e8db0" testListId="8c84fa94-04c1-424b-9868-57a2d4851a1d" />
    <TestEntry testId="0c081f03-f141-0619-9968-29fcf1784e6e" executionId="5cae35e0-1cbf-484e-9e7f-be763ca0aeea" testListId="8c84fa94-04c1-424b-9868-57a2d4851a1d" />
    <TestEntry testId="10cd1f41-76ea-32a5-7fd7-44bf58e85a64" executionId="3eeef81f-b9cc-4f6e-857a-a57ade96f841" testListId="8c84fa94-04c1-424b-9868-57a2d4851a1d" />
    <TestEntry testId="d49dd8a1-17d1-d140-9564-06903127a2e4" executionId="c7347b58-bbf5-474e-81a6-7014a1e28018" testListId="8c84fa94-04c1-424b-9868-57a2d4851a1d" />
    <TestEntry testId="bbf811fc-91c4-d67b-1ccb-4aee9c90b997" executionId="b6a8ec81-2773-4783-8a6f-e0198c5e155e" testListId="8c84fa94-04c1-424b-9868-57a2d4851a1d" />
    <TestEntry testId="4c5efd82-b666-5ad5-6065-602cf6a7d241" executionId="0951a488-fcc0-4a19-be5f-fab2f54bad84" testListId="8c84fa94-04c1-424b-9868-57a2d4851a1d" />
    <TestEntry testId="ccd5cfd0-32c3-c2b9-53ed-9209b5a556a0" executionId="c2f973d5-e94c-483e-8648-210db275f6b4" testListId="8c84fa94-04c1-424b-9868-57a2d4851a1d" />
    <TestEntry testId="3bc1d4f1-f3cc-ed17-9443-3eb25acde6f0" executionId="7a9a72b2-cbbb-44a4-bc6b-199f6b856f05" testListId="8c84fa94-04c1-424b-9868-57a2d4851a1d" />
    <TestEntry testId="a9d44699-d2e2-8f94-e099-ceb0e0e2f5b7" executionId="867d7731-562a-4afa-9be0-572992d76bf4" testListId="8c84fa94-04c1-424b-9868-57a2d4851a1d" />
    <TestEntry testId="86187f3d-b602-5f85-7bbd-67f366b856b9" executionId="f099840e-8f6c-4b67-a510-73f08cd3428a" testListId="8c84fa94-04c1-424b-9868-57a2d4851a1d" />
    <TestEntry testId="fa3755de-e4bd-fecd-de44-2cb43605a4a6" executionId="9d02b7be-937d-4f78-a549-8c68b0b71f0c" testListId="8c84fa94-04c1-424b-9868-57a2d4851a1d" />
    <TestEntry testId="df342db9-d835-84be-dabd-9832a44dda8d" executionId="1939161c-686f-48e8-9fda-5bef64dabdf8" testListId="8c84fa94-04c1-424b-9868-57a2d4851a1d" />
    <TestEntry testId="c214f264-6d82-7290-5fa6-35b6158af292" executionId="9a74a9a8-92c1-4fb6-8d98-d137bd916b12" testListId="8c84fa94-04c1-424b-9868-57a2d4851a1d" />
    <TestEntry testId="353ee2b3-8223-ee2f-da86-858af32e4ee1" executionId="008fc8b9-484c-4dcc-a30b-cbcf8700cc79" testListId="8c84fa94-04c1-424b-9868-57a2d4851a1d" />
    <TestEntry testId="5f4a1235-e961-3153-b47b-89c12ab81383" executionId="6ba89367-3d51-464b-b74e-86efa7b3adf5" testListId="8c84fa94-04c1-424b-9868-57a2d4851a1d" />
    <TestEntry testId="8e83e5d2-ca14-e987-68f7-ba664862f8f4" executionId="7173e5ec-a7e9-4851-929e-298e797069a6" testListId="8c84fa94-04c1-424b-9868-57a2d4851a1d" />
    <TestEntry testId="c958d145-1335-3f69-818e-4d1059fbb724" executionId="d11e3cb0-de62-4d31-84de-95fba9890fed" testListId="8c84fa94-04c1-424b-9868-57a2d4851a1d" />
    <TestEntry testId="741c037d-bb74-63dd-9e38-d80561e143db" executionId="0c2038e0-5553-4d97-a484-bb39ceddece1" testListId="8c84fa94-04c1-424b-9868-57a2d4851a1d" />
    <TestEntry testId="5c8cc938-335e-a98a-d80a-ce2a4192fa26" executionId="b7784511-665c-4bb3-97cd-9eed3c03b2b5" testListId="8c84fa94-04c1-424b-9868-57a2d4851a1d" />
    <TestEntry testId="4b8b8707-1465-df20-286b-3f7c61a84edd" executionId="f5c58c73-68de-4569-85c6-6b03b7b7f03a" testListId="8c84fa94-04c1-424b-9868-57a2d4851a1d" />
    <TestEntry testId="aad140b3-4196-9d5b-27c9-77ac877f082f" executionId="d96e5948-8273-4b0b-bac5-8d929bc5b4e6" testListId="8c84fa94-04c1-424b-9868-57a2d4851a1d" />
    <TestEntry testId="b105cb98-11fd-dbe0-9cb5-6ee18e7fdb31" executionId="78c038d1-5e90-499c-84b1-91f4148767b6" testListId="8c84fa94-04c1-424b-9868-57a2d4851a1d" />
    <TestEntry testId="77aaea21-e151-49fb-b25c-62821a330697" executionId="712ee64c-990c-43ce-b3c2-c544809787e4" testListId="8c84fa94-04c1-424b-9868-57a2d4851a1d" />
    <TestEntry testId="dce3fcdf-7249-6248-dfe7-0e19495e103e" executionId="7c805182-4628-4c2c-be88-76fee0e1930c" testListId="8c84fa94-04c1-424b-9868-57a2d4851a1d" />
    <TestEntry testId="9d26e53f-b338-80dd-562a-e1e68c02f67a" executionId="8cd691a4-8222-42e4-ba0a-ed4382ee06a6" testListId="8c84fa94-04c1-424b-9868-57a2d4851a1d" />
    <TestEntry testId="b6091ae6-e1ab-9599-acb3-418abc778fef" executionId="d715ae8d-c96d-47c9-bbcc-d1c52cdac4d7" testListId="8c84fa94-04c1-424b-9868-57a2d4851a1d" />
    <TestEntry testId="f0e672db-0cd5-af9b-9ddf-e55604adbaef" executionId="c9010bc6-07e8-4e4d-b421-5eb057acb97b" testListId="8c84fa94-04c1-424b-9868-57a2d4851a1d" />
    <TestEntry testId="94cb383a-2d02-5e8f-afee-a16f5b980b05" executionId="55a93760-5044-4a8f-98db-4deb191425c9" testListId="8c84fa94-04c1-424b-9868-57a2d4851a1d" />
    <TestEntry testId="aaf3638f-1207-9f2b-6354-805a113323d4" executionId="c624ef17-3e9e-459d-b403-7368c86278e4" testListId="8c84fa94-04c1-424b-9868-57a2d4851a1d" />
    <TestEntry testId="f2fedf4e-1784-514f-f108-e8785c00ded4" executionId="bcc3674f-864b-4010-a4af-5ffb5c3efa52" testListId="8c84fa94-04c1-424b-9868-57a2d4851a1d" />
    <TestEntry testId="a93a1323-b9ff-8712-08d2-3c1f4cc58bb3" executionId="68285493-44fc-4e0d-98ef-7317c43c5738" testListId="8c84fa94-04c1-424b-9868-57a2d4851a1d" />
    <TestEntry testId="61d001b5-5efe-ed15-672d-6cba81d74c34" executionId="0da5d2a5-69cf-4e9a-a41c-2aa5b7408bc6" testListId="8c84fa94-04c1-424b-9868-57a2d4851a1d" />
    <TestEntry testId="2ef4b8d6-5cce-708a-31e5-cb9e269c0acc" executionId="7065c1b9-ab7c-4f0d-aeed-906e97ab3f48" testListId="8c84fa94-04c1-424b-9868-57a2d4851a1d" />
    <TestEntry testId="d60e2fbc-d537-5dc4-b314-edebe3b20a8b" executionId="a1257f2d-e3d9-4ccd-9002-7f7247399d2f" testListId="8c84fa94-04c1-424b-9868-57a2d4851a1d" />
    <TestEntry testId="8cdb7f81-87b1-9f11-bc65-382e5a57ef43" executionId="757e41be-85d1-45f2-b0d9-dd11fe8c0d25" testListId="8c84fa94-04c1-424b-9868-57a2d4851a1d" />
    <TestEntry testId="6583a529-9a0d-8ac6-f31e-1a2e00b4ca32" executionId="dab3a8b0-3d65-495c-ba38-eaaa42531d72" testListId="8c84fa94-04c1-424b-9868-57a2d4851a1d" />
    <TestEntry testId="05e9a149-1ec4-5816-e59a-5ac25d0a3fd4" executionId="508c4d92-babc-4884-9ddd-294df8d33f86" testListId="8c84fa94-04c1-424b-9868-57a2d4851a1d" />
    <TestEntry testId="2c800d9a-9994-7d52-e9ef-f570f34487f0" executionId="79acf13a-5754-4c24-b275-34e7f263d9ea" testListId="8c84fa94-04c1-424b-9868-57a2d4851a1d" />
    <TestEntry testId="10731ee9-0f6c-2f00-a7f4-089825b67c70" executionId="bfbb626a-7d38-4bcb-8041-865e63b21bd2" testListId="8c84fa94-04c1-424b-9868-57a2d4851a1d" />
    <TestEntry testId="5e6eaeac-789b-c31a-2d06-a6b7c6009b63" executionId="21f36f1e-7e20-490c-be0f-b061881eb8f7" testListId="8c84fa94-04c1-424b-9868-57a2d4851a1d" />
    <TestEntry testId="34988729-7075-661c-e9b3-1244d66c21c5" executionId="b8f5669a-1d3c-4c46-91e8-b90b42b156e5" testListId="8c84fa94-04c1-424b-9868-57a2d4851a1d" />
    <TestEntry testId="d630ef1a-2910-8a07-c058-c24f7291ec13" executionId="31c88928-adff-460f-b424-cf5f3f3bd645" testListId="8c84fa94-04c1-424b-9868-57a2d4851a1d" />
    <TestEntry testId="89f1e695-1be3-dd88-4f12-d20091883b21" executionId="be5674a9-9fa6-4f65-9a5f-06a8c4657c90" testListId="8c84fa94-04c1-424b-9868-57a2d4851a1d" />
    <TestEntry testId="64fe7f30-f5e7-1996-7e8e-17085fa9413f" executionId="8ec73370-35af-4fb3-b4f8-769558e3f6de" testListId="8c84fa94-04c1-424b-9868-57a2d4851a1d" />
    <TestEntry testId="cc5f0fa5-2624-4aa6-2ceb-955549536dc3" executionId="609da85f-d793-4a23-a037-bbaae8fb8b90" testListId="8c84fa94-04c1-424b-9868-57a2d4851a1d" />
    <TestEntry testId="d9b0142c-6bc1-6f97-6ab7-2f168104e960" executionId="c014f5b8-f7a2-4199-8e87-ea6a5366504a" testListId="8c84fa94-04c1-424b-9868-57a2d4851a1d" />
    <TestEntry testId="42cee166-5de1-f2df-20aa-bc60763e8f79" executionId="06503e5d-ddba-4b91-a601-c898fdab9f1a" testListId="8c84fa94-04c1-424b-9868-57a2d4851a1d" />
    <TestEntry testId="f435fded-0773-20b6-5c22-8fc126f24cdf" executionId="726b0d7f-8e8e-4f69-b7ee-2e316db8228d" testListId="8c84fa94-04c1-424b-9868-57a2d4851a1d" />
    <TestEntry testId="940e757e-482b-7683-9fbd-545c899eab41" executionId="190da020-2749-44cf-b6de-1f4d403ead60" testListId="8c84fa94-04c1-424b-9868-57a2d4851a1d" />
    <TestEntry testId="99f446f3-a7b4-6b9c-7383-6521b7b5724d" executionId="859c233f-e480-4c69-9140-d199b908994c" testListId="8c84fa94-04c1-424b-9868-57a2d4851a1d" />
    <TestEntry testId="e1f1b1be-faf7-e984-f9a4-c2a361ef2de8" executionId="be091e8e-0da5-4481-a2eb-780e160ec8b8" testListId="8c84fa94-04c1-424b-9868-57a2d4851a1d" />
    <TestEntry testId="efdeb973-f796-3bbb-78f9-ef2fef0bb698" executionId="875bf4ca-1e4d-482e-8bb9-4a7141f307d2" testListId="8c84fa94-04c1-424b-9868-57a2d4851a1d" />
    <TestEntry testId="db5d73e5-bd72-c41e-a69a-e342f27be70b" executionId="6f515f45-1a9b-47d9-940d-58a2319640d1" testListId="8c84fa94-04c1-424b-9868-57a2d4851a1d" />
    <TestEntry testId="18ed10e3-b3b1-05cb-0a5f-0cc844931b21" executionId="e3676d2e-b598-490b-a93b-f1080257b91a" testListId="8c84fa94-04c1-424b-9868-57a2d4851a1d" />
    <TestEntry testId="f080a087-472a-f802-200b-4ae8e884e5bc" executionId="ca58e218-999e-45b9-9bf3-bb0ad1b65e1a" testListId="8c84fa94-04c1-424b-9868-57a2d4851a1d" />
    <TestEntry testId="392de4af-d461-7c5b-310a-021cf63d1384" executionId="e8f59782-8dd8-4829-a36e-32659263c6e8" testListId="8c84fa94-04c1-424b-9868-57a2d4851a1d" />
    <TestEntry testId="02db334a-6c5c-72ac-09b6-78c16163fb60" executionId="8a1f7754-9af8-4147-97a1-9b8e7b40e22a" testListId="8c84fa94-04c1-424b-9868-57a2d4851a1d" />
    <TestEntry testId="75182c76-38a7-377f-7070-40caa7b382c0" executionId="2e0db8dd-0c07-4134-aa98-430a6ae7e28a" testListId="8c84fa94-04c1-424b-9868-57a2d4851a1d" />
    <TestEntry testId="07a17f18-4a8c-f905-a8cf-2b3d89a0650c" executionId="ebf9af46-2675-4aac-a36d-284a837f6542" testListId="8c84fa94-04c1-424b-9868-57a2d4851a1d" />
    <TestEntry testId="6c36e8fc-eb19-ac2b-e037-50e452248387" executionId="fd1f8ae5-6834-44df-adf5-65dee8567dd3" testListId="8c84fa94-04c1-424b-9868-57a2d4851a1d" />
    <TestEntry testId="c9e24a1f-1d61-40a9-0dab-cb17f134e032" executionId="03654788-8e16-498d-a85d-e8eaab86b758" testListId="8c84fa94-04c1-424b-9868-57a2d4851a1d" />
    <TestEntry testId="cedf9e10-17c3-638f-1fb4-b52f984508c8" executionId="e7bc97ac-4708-4e99-adb5-6a94e139a0f7" testListId="8c84fa94-04c1-424b-9868-57a2d4851a1d" />
    <TestEntry testId="148b39b4-9949-c427-e52f-f445008acd77" executionId="89ed86ae-55bc-409d-a365-7074c678d86a" testListId="8c84fa94-04c1-424b-9868-57a2d4851a1d" />
    <TestEntry testId="888b4819-f7ed-7fe6-9deb-65cd848ab917" executionId="efe9d1f5-a70f-4672-a0d0-fa66cad36449" testListId="8c84fa94-04c1-424b-9868-57a2d4851a1d" />
    <TestEntry testId="ffe8d566-a14b-2021-ecef-4e1da940c37f" executionId="598380e6-d4c2-47f8-a1ef-bf65cb38748a" testListId="8c84fa94-04c1-424b-9868-57a2d4851a1d" />
    <TestEntry testId="03db011c-36c3-8fa6-9017-436f1dd775bb" executionId="bd616f2d-c3fb-4649-99e6-fd9eda8e0e4c" testListId="8c84fa94-04c1-424b-9868-57a2d4851a1d" />
    <TestEntry testId="c8415987-5e57-7934-283e-064f446065e3" executionId="760eb788-ddcc-487f-aa36-6433687f7d04" testListId="8c84fa94-04c1-424b-9868-57a2d4851a1d" />
    <TestEntry testId="ee9522e3-3347-1a86-68af-c4fa8cf496f8" executionId="03c54422-3a69-462e-af2a-1b16fa8e5c01" testListId="8c84fa94-04c1-424b-9868-57a2d4851a1d" />
    <TestEntry testId="77cea8c3-be26-09fd-7933-7cd7b881eba7" executionId="364e81df-07da-4f8e-955e-ba70e4087e24" testListId="8c84fa94-04c1-424b-9868-57a2d4851a1d" />
    <TestEntry testId="c3780753-5660-83a3-d765-176e98177e02" executionId="23e16b01-4c1e-45a2-a77f-1946767221a2" testListId="8c84fa94-04c1-424b-9868-57a2d4851a1d" />
    <TestEntry testId="35b5ad29-9f82-13e3-add3-97b8e7b9d94c" executionId="7075d76e-1166-4857-aa1b-ad4963ca0973" testListId="8c84fa94-04c1-424b-9868-57a2d4851a1d" />
    <TestEntry testId="a616e2cd-e8f4-089c-9b8f-28529ea24abe" executionId="1d87caa9-a5df-46fd-8c43-9e8117995471" testListId="8c84fa94-04c1-424b-9868-57a2d4851a1d" />
    <TestEntry testId="8f7ea0cb-e706-bc87-dc01-c9b8a5a8556e" executionId="edcaa76a-084c-4159-8d7c-e0a436c4940a" testListId="8c84fa94-04c1-424b-9868-57a2d4851a1d" />
    <TestEntry testId="45e2562c-fb2b-e12e-c99f-59a2b961f103" executionId="d5b8c560-8713-4a14-95a3-a96286e92579" testListId="8c84fa94-04c1-424b-9868-57a2d4851a1d" />
    <TestEntry testId="12ea67ca-37c0-f0fd-c942-d620dd5f1649" executionId="7012cb28-527d-487b-b2d6-df830486f282" testListId="8c84fa94-04c1-424b-9868-57a2d4851a1d" />
    <TestEntry testId="0c29c5af-e3cf-7553-8d21-7aa06a61033d" executionId="e312432c-868c-4d91-82ad-be6903a999da" testListId="8c84fa94-04c1-424b-9868-57a2d4851a1d" />
    <TestEntry testId="b0a57685-59f6-3924-f2f2-628ea43f6fa6" executionId="2d584bbb-6c67-438d-a808-df80d27803d3" testListId="8c84fa94-04c1-424b-9868-57a2d4851a1d" />
    <TestEntry testId="ea1ac2dd-01bc-e3fc-f016-90eb60861333" executionId="eb5913f1-c05e-4b6d-b92b-56b2c83e632e" testListId="8c84fa94-04c1-424b-9868-57a2d4851a1d" />
    <TestEntry testId="01872485-4d81-c916-8cf1-c5a694b29846" executionId="06e76ace-0eef-404b-90a2-11640ede5327" testListId="8c84fa94-04c1-424b-9868-57a2d4851a1d" />
    <TestEntry testId="9055a99e-808e-e43f-9f70-e1a7b9f0a551" executionId="f59cdc1a-b332-49ff-9b2b-f9704d1e7687" testListId="8c84fa94-04c1-424b-9868-57a2d4851a1d" />
    <TestEntry testId="cba045b0-e2c3-6ee4-807a-f0cc507f11e5" executionId="398ad36c-f444-48a5-9454-7f53b4c0ea2c" testListId="8c84fa94-04c1-424b-9868-57a2d4851a1d" />
    <TestEntry testId="033615c8-912a-fb8e-83b7-5256a7e64b58" executionId="3409185b-b464-481c-9667-a5bb7e5016d5" testListId="8c84fa94-04c1-424b-9868-57a2d4851a1d" />
    <TestEntry testId="e96efc22-986d-68b5-5775-340184dbd8fe" executionId="58d02baa-ae52-4ddc-b839-61c5de955549" testListId="8c84fa94-04c1-424b-9868-57a2d4851a1d" />
    <TestEntry testId="bd642842-e695-04ad-0f5e-7e2ce55f0969" executionId="cd465b12-96b1-4ddc-9e8c-6a9b78bc325a" testListId="8c84fa94-04c1-424b-9868-57a2d4851a1d" />
    <TestEntry testId="5874f3ff-508a-2af1-27a9-3900f428d369" executionId="bb3d220f-7a9e-47e6-bf1b-aa097d1b36b2" testListId="8c84fa94-04c1-424b-9868-57a2d4851a1d" />
    <TestEntry testId="9dafdb86-c22a-88fc-6833-af4e374d365d" executionId="001b5955-d01c-45da-aa5f-522c138eb29e" testListId="8c84fa94-04c1-424b-9868-57a2d4851a1d" />
    <TestEntry testId="2e7f64e0-84e1-b572-6451-e5b58ad3f1b2" executionId="24a75957-5509-47ba-8664-52b8215d3c89" testListId="8c84fa94-04c1-424b-9868-57a2d4851a1d" />
    <TestEntry testId="5d1cd7f9-34f0-feb0-45b5-6480e604717e" executionId="503ef50a-1cad-4bfe-8c69-8a8150ff5eab" testListId="8c84fa94-04c1-424b-9868-57a2d4851a1d" />
    <TestEntry testId="e9cb769c-b635-ee8b-10f7-3c2bfac37d63" executionId="2ec384db-69e0-4515-a820-67404accfa6a" testListId="8c84fa94-04c1-424b-9868-57a2d4851a1d" />
    <TestEntry testId="629bd067-7ea5-d193-55b4-3e52534b91b0" executionId="46740fc1-2cfa-46db-ade6-9eddd2286091" testListId="8c84fa94-04c1-424b-9868-57a2d4851a1d" />
    <TestEntry testId="f91416c8-1703-e7ea-8c9a-a92b7bb1d688" executionId="a1cf5c9a-07f4-4f9a-8c80-8ea3fa6d1460" testListId="8c84fa94-04c1-424b-9868-57a2d4851a1d" />
    <TestEntry testId="2e7c745d-8a62-07fa-75a5-000f8e56d414" executionId="50fc906f-200c-4528-b778-80fdefcc290f" testListId="8c84fa94-04c1-424b-9868-57a2d4851a1d" />
    <TestEntry testId="52ca4f6f-9446-ce96-f00d-3177ac949b13" executionId="515c9b63-b31f-46ec-9130-e0ac5cc24d59" testListId="8c84fa94-04c1-424b-9868-57a2d4851a1d" />
    <TestEntry testId="565488d3-a79f-0bc7-7c73-b71ab1303e0e" executionId="8666823e-6ca5-4430-befc-f29a8b3409a3" testListId="8c84fa94-04c1-424b-9868-57a2d4851a1d" />
    <TestEntry testId="0c01bfd0-4d6b-46f6-eaab-f63c83d8702f" executionId="7aeb2c59-2874-417c-807c-fc009ec92663" testListId="8c84fa94-04c1-424b-9868-57a2d4851a1d" />
    <TestEntry testId="9519802d-7595-b802-9b1d-28efaa0530ce" executionId="50115fd2-badd-4d11-8426-93dd924562f2" testListId="8c84fa94-04c1-424b-9868-57a2d4851a1d" />
    <TestEntry testId="5b87a404-d9e1-52c6-716c-3d6bfb3c059a" executionId="24a416ae-3ddb-4169-aed6-a57937c0aca3" testListId="8c84fa94-04c1-424b-9868-57a2d4851a1d" />
    <TestEntry testId="7adc2e63-29c5-a641-137d-0906b0776597" executionId="b4342c55-7da0-47a6-9342-b17dd57dfd38" testListId="8c84fa94-04c1-424b-9868-57a2d4851a1d" />
    <TestEntry testId="cc50bf60-6b4c-9573-310d-397b2e7909f2" executionId="d7fd7895-78c8-4260-b049-96d6f97a13ef" testListId="8c84fa94-04c1-424b-9868-57a2d4851a1d" />
    <TestEntry testId="db6ef193-8df4-e9b2-14b2-67527051d37c" executionId="f4868aa0-7a6d-467b-a5f3-62c581686828" testListId="8c84fa94-04c1-424b-9868-57a2d4851a1d" />
    <TestEntry testId="b5aba053-73cd-4540-b3bc-87ffee779e82" executionId="8041793d-372b-4a27-957c-c765126c267f" testListId="8c84fa94-04c1-424b-9868-57a2d4851a1d" />
    <TestEntry testId="0bac6952-0c3c-190c-8898-ea5d8b8379ca" executionId="565fbccd-45a3-4e78-a7ff-f51931dfe603" testListId="8c84fa94-04c1-424b-9868-57a2d4851a1d" />
    <TestEntry testId="02bf4062-6173-4a68-0596-4bfd52dc36b2" executionId="b10193e4-f009-4338-b645-3dd5d93bb8e7" testListId="8c84fa94-04c1-424b-9868-57a2d4851a1d" />
    <TestEntry testId="7d15150a-7174-6f65-3843-6fe9d1970c7b" executionId="cafa0bac-7ab3-4219-bc9a-e6f943bb3960" testListId="8c84fa94-04c1-424b-9868-57a2d4851a1d" />
    <TestEntry testId="7808886e-5ad2-29ba-1f74-f44897640f75" executionId="1c242104-b9c7-4158-a25d-159a370124c0" testListId="8c84fa94-04c1-424b-9868-57a2d4851a1d" />
    <TestEntry testId="e57c6dc4-6a4c-181d-59f0-b2ffb8252047" executionId="f806072d-afe0-499b-9791-5914d2cafce2" testListId="8c84fa94-04c1-424b-9868-57a2d4851a1d" />
    <TestEntry testId="18415b52-0d3b-632d-e54d-5820f161e676" executionId="409d01ca-487d-49b5-be2e-ecc5a08d58c9" testListId="8c84fa94-04c1-424b-9868-57a2d4851a1d" />
    <TestEntry testId="1ab63018-a64d-cabf-0b10-e57cb940fb84" executionId="57e8f588-7639-4032-956a-2f732719add4" testListId="8c84fa94-04c1-424b-9868-57a2d4851a1d" />
    <TestEntry testId="980d4706-ea6d-d2a9-e6c6-8e6ce35d91ac" executionId="231072cf-ccee-4254-94d8-c9b81f531b4c" testListId="8c84fa94-04c1-424b-9868-57a2d4851a1d" />
    <TestEntry testId="e39e9980-2b7c-af72-8ea9-548ab3dc3398" executionId="9df5af42-10fa-43d2-abf1-e38e67ff512c" testListId="8c84fa94-04c1-424b-9868-57a2d4851a1d" />
    <TestEntry testId="df96f889-695d-6b63-9f03-a599b338bed3" executionId="e9b1529e-8328-445d-b35a-1e32dd1b1fab" testListId="8c84fa94-04c1-424b-9868-57a2d4851a1d" />
    <TestEntry testId="2863e3f9-7f1d-bf75-8848-3b8f86ca80ef" executionId="ee4c92d7-adaa-4207-974c-f9b4759cd140" testListId="8c84fa94-04c1-424b-9868-57a2d4851a1d" />
    <TestEntry testId="7ff39c97-478d-f2e4-50d2-c28a6439c9b4" executionId="6cf5c2ea-a324-4b62-a1bb-8a66abcd2511" testListId="8c84fa94-04c1-424b-9868-57a2d4851a1d" />
    <TestEntry testId="dcd4e476-30fd-aff0-3302-390a2e842b9d" executionId="c8e58cb9-56a7-45c3-b1f0-cc48637ef3c4" testListId="8c84fa94-04c1-424b-9868-57a2d4851a1d" />
    <TestEntry testId="96f1738f-e2d9-406a-9b7b-fefb5ff95362" executionId="4d9a3d74-a609-43e1-83b0-408ddb549621" testListId="8c84fa94-04c1-424b-9868-57a2d4851a1d" />
    <TestEntry testId="08587cdb-9504-186b-dbc3-8b9a87b10c10" executionId="b6d9ef17-bfb8-43ae-af41-edd2f2942d04" testListId="8c84fa94-04c1-424b-9868-57a2d4851a1d" />
    <TestEntry testId="04b4d7eb-6ae2-be4f-929b-1cc4d1077821" executionId="f314311a-49bf-4d7a-bbca-62365a860742" testListId="8c84fa94-04c1-424b-9868-57a2d4851a1d" />
    <TestEntry testId="8c079e0a-8bc0-4af0-dcf8-3d60635328e5" executionId="ad13b0fd-756a-4d47-b662-fbda446a24f1" testListId="8c84fa94-04c1-424b-9868-57a2d4851a1d" />
    <TestEntry testId="a294ddd9-e673-4d43-752c-093ce0b8b705" executionId="28cc7a89-5ad9-4a16-bf59-9afecbb45c3e" testListId="8c84fa94-04c1-424b-9868-57a2d4851a1d" />
    <TestEntry testId="3fee61e5-7e3b-84b7-2cfd-6b24b1b5dcda" executionId="3e742032-4d73-41aa-b36b-916381904623" testListId="8c84fa94-04c1-424b-9868-57a2d4851a1d" />
    <TestEntry testId="922f442b-abde-2646-f44f-3ba19dc6a53c" executionId="8773af3b-d98e-4f30-9165-e727cc387e4f" testListId="8c84fa94-04c1-424b-9868-57a2d4851a1d" />
    <TestEntry testId="fd36a05d-aabc-c319-396e-483787345ed9" executionId="d194aa56-dc35-4965-89e7-b695a951a863" testListId="8c84fa94-04c1-424b-9868-57a2d4851a1d" />
    <TestEntry testId="47fffb6e-2cd3-bf3d-b66e-3e7091161523" executionId="b1bae583-0d4e-497f-a3bf-dd2c02d3e6b7" testListId="8c84fa94-04c1-424b-9868-57a2d4851a1d" />
    <TestEntry testId="add0ad5f-199f-f6df-7026-48c8dac56905" executionId="837743e6-df11-4eb8-9a7a-a45a58bb10a4" testListId="8c84fa94-04c1-424b-9868-57a2d4851a1d" />
    <TestEntry testId="d0ff1c73-209e-eeb1-2afd-642ead9760a6" executionId="47ad029c-f655-4b23-bcf4-dec312b7cac7" testListId="8c84fa94-04c1-424b-9868-57a2d4851a1d" />
    <TestEntry testId="e356bf20-87ba-5d98-8ea7-0ff88d53e065" executionId="a9aace23-abd0-4b63-a5d3-3bfb017c5f23" testListId="8c84fa94-04c1-424b-9868-57a2d4851a1d" />
    <TestEntry testId="b628997a-57d1-098a-32a2-a9f49a796717" executionId="5c501b36-9d4b-4a9a-a610-e8dbb74eb411" testListId="8c84fa94-04c1-424b-9868-57a2d4851a1d" />
    <TestEntry testId="b152476b-0692-165d-e590-b423100fc237" executionId="1d445b93-942f-4dcb-bedf-8da8fb21afdf" testListId="8c84fa94-04c1-424b-9868-57a2d4851a1d" />
    <TestEntry testId="c12c22a4-61c9-8d54-02dc-fa4d09ff71de" executionId="5bb53522-0c04-4698-9e73-749452ea3acb" testListId="8c84fa94-04c1-424b-9868-57a2d4851a1d" />
    <TestEntry testId="53713324-cc06-3054-5418-a2a3cf8996e1" executionId="2423259f-d46a-429e-b5ad-7cb368f22432" testListId="8c84fa94-04c1-424b-9868-57a2d4851a1d" />
    <TestEntry testId="7f67a8b3-4a6b-118c-9960-3a56a3e105c0" executionId="e0542605-970f-491e-8124-7991944abd3a" testListId="8c84fa94-04c1-424b-9868-57a2d4851a1d" />
    <TestEntry testId="5c7b6bae-02f9-ce2e-b4df-a3f1c1127960" executionId="08b6dff5-1442-4eb1-b04b-3a29fe2e566c" testListId="8c84fa94-04c1-424b-9868-57a2d4851a1d" />
    <TestEntry testId="c7ef02bf-2396-4de8-1185-78ff54ff8aab" executionId="4db9a331-fc01-4108-8207-e5c36c1d388b" testListId="8c84fa94-04c1-424b-9868-57a2d4851a1d" />
    <TestEntry testId="7618dd2b-5be7-dea8-df8a-a052ad263dcb" executionId="bfb01eb5-8352-45ad-a20d-c1ca96a20f34" testListId="8c84fa94-04c1-424b-9868-57a2d4851a1d" />
    <TestEntry testId="b2e97849-9fd5-473a-c64e-60a1b38c0a1b" executionId="fd51e8e6-017d-404a-93de-31c344f7b31d" testListId="8c84fa94-04c1-424b-9868-57a2d4851a1d" />
    <TestEntry testId="a732ecdf-009d-4fc3-3846-806e90a131ab" executionId="76a554c0-1bee-4584-9866-7197b21292ed" testListId="8c84fa94-04c1-424b-9868-57a2d4851a1d" />
    <TestEntry testId="02d5ff30-44c9-145b-fe61-3027824575fb" executionId="0fcda996-d73f-4eb5-a63c-8d6602a7942a" testListId="8c84fa94-04c1-424b-9868-57a2d4851a1d" />
    <TestEntry testId="3a32c1dc-077f-4321-e968-780050a8a9d7" executionId="7bee59fc-aa7e-4e44-895f-3cad6a92cae2" testListId="8c84fa94-04c1-424b-9868-57a2d4851a1d" />
    <TestEntry testId="9ca104e0-d007-7a8a-297e-78d9692a5c9f" executionId="2c42e618-7865-44f7-95c5-a512934dde65" testListId="8c84fa94-04c1-424b-9868-57a2d4851a1d" />
    <TestEntry testId="4f2fa6bb-6033-af38-3639-8e35b9d62e03" executionId="1413c867-6e6a-43fd-bb12-c9e2bcfa2670" testListId="8c84fa94-04c1-424b-9868-57a2d4851a1d" />
    <TestEntry testId="09e23c6d-513f-3f21-c4c1-44bb3aa0bfe8" executionId="b69faa07-fc6d-400d-b76b-efdea5ced9b7" testListId="8c84fa94-04c1-424b-9868-57a2d4851a1d" />
    <TestEntry testId="bbc19fbb-4fd9-f2cb-1f28-6829bede514a" executionId="fb115124-b225-4dfc-8b3b-63e162c14941" testListId="8c84fa94-04c1-424b-9868-57a2d4851a1d" />
    <TestEntry testId="37563ea7-79b5-6e21-07e3-b7abecf35da5" executionId="657518a0-6c5c-468d-8bf3-cf320f7c16e2" testListId="8c84fa94-04c1-424b-9868-57a2d4851a1d" />
    <TestEntry testId="c7343c2c-78ed-5e3a-c3ed-259714840c06" executionId="750dc438-b42e-45b3-aa46-c43b1239ecdd" testListId="8c84fa94-04c1-424b-9868-57a2d4851a1d" />
    <TestEntry testId="da316600-cb2e-9486-6dab-86d50d3c1c5c" executionId="58971eb3-f153-43b7-97c8-5644bce5d7e7" testListId="8c84fa94-04c1-424b-9868-57a2d4851a1d" />
    <TestEntry testId="e201321c-6364-817c-50cc-555021426f7e" executionId="0058fffc-7be4-49a1-bf52-4670c988969c" testListId="8c84fa94-04c1-424b-9868-57a2d4851a1d" />
    <TestEntry testId="a9d86561-53c8-590d-391e-2656f1b5903c" executionId="7d2d96d0-124c-4e88-a113-03e1ae1afa0f" testListId="8c84fa94-04c1-424b-9868-57a2d4851a1d" />
    <TestEntry testId="4ec95413-36ce-2f53-a5aa-0f2f9a590c47" executionId="7a175c09-036f-4ab6-b163-6210b7098d95" testListId="8c84fa94-04c1-424b-9868-57a2d4851a1d" />
    <TestEntry testId="0f8b9216-b299-d332-8e1f-9a8feee5d1e9" executionId="4ab2f26a-fb19-4b1e-a8bf-70b45e41fdc0" testListId="8c84fa94-04c1-424b-9868-57a2d4851a1d" />
    <TestEntry testId="31bbfad4-620c-0f60-3fd5-d9cbacc26d24" executionId="cb9f0811-f3e4-4f75-b679-c37cc964485d" testListId="8c84fa94-04c1-424b-9868-57a2d4851a1d" />
    <TestEntry testId="01712ad9-1f0a-7bad-d728-5d046cd9246c" executionId="bdd9dc33-d8f7-46ef-a5ed-09507e0abd2d" testListId="8c84fa94-04c1-424b-9868-57a2d4851a1d" />
    <TestEntry testId="5d60b22d-c612-47a3-e3f1-72a7b909f424" executionId="981a156a-e87a-4d2a-8e36-edb304b00196" testListId="8c84fa94-04c1-424b-9868-57a2d4851a1d" />
    <TestEntry testId="7a125942-0a04-b9bf-5e0a-a73b56af923d" executionId="c6b1665a-bc8c-46e8-8035-6af4ca80464a" testListId="8c84fa94-04c1-424b-9868-57a2d4851a1d" />
    <TestEntry testId="39a6af94-85fa-6403-b818-97dddf42687e" executionId="5c155acf-ae88-423e-a12c-b7ded016ea09" testListId="8c84fa94-04c1-424b-9868-57a2d4851a1d" />
    <TestEntry testId="342251bc-8c6a-107f-f40f-bd580bcab139" executionId="49808ee9-7086-419f-80fb-a447ca361e73" testListId="8c84fa94-04c1-424b-9868-57a2d4851a1d" />
    <TestEntry testId="6e55e433-431e-430f-5946-55a9c6e99a57" executionId="acf7c801-ff95-4bd1-9ccf-74218c79aad5" testListId="8c84fa94-04c1-424b-9868-57a2d4851a1d" />
    <TestEntry testId="d360f263-f7ec-aadc-b7b2-c7765fbfba2e" executionId="bc54b1a5-60b0-49c4-8c84-cfcb7845fc2f" testListId="8c84fa94-04c1-424b-9868-57a2d4851a1d" />
    <TestEntry testId="a9049ec7-47e6-1452-0cab-fffe5164f084" executionId="1c6e3c58-a4a9-4c0e-9a65-27b13e959655" testListId="8c84fa94-04c1-424b-9868-57a2d4851a1d" />
    <TestEntry testId="84853a77-193c-be7b-a6c8-566bcbdc46e5" executionId="4abe3b08-97f1-4b37-8c76-1d1d3f09b1df" testListId="8c84fa94-04c1-424b-9868-57a2d4851a1d" />
    <TestEntry testId="f4bee914-5ce1-371a-8400-7e20f637c3a1" executionId="5bdeb119-ca6c-418f-b4b9-f84c55d5c885" testListId="8c84fa94-04c1-424b-9868-57a2d4851a1d" />
    <TestEntry testId="014c01cc-82ce-1338-64c6-0f60bdc5f380" executionId="ef2a7d3b-9457-4038-8f68-d9e28485d96c" testListId="8c84fa94-04c1-424b-9868-57a2d4851a1d" />
    <TestEntry testId="ee9232ac-1b99-3b56-d749-59bfec2b6ae0" executionId="42fd8bb4-ff33-4987-b076-7f81794ee4f3" testListId="8c84fa94-04c1-424b-9868-57a2d4851a1d" />
    <TestEntry testId="343ce4f5-70c5-16b3-2ac5-d8d01c366aab" executionId="37598d75-56d5-4715-8964-394141f62348" testListId="8c84fa94-04c1-424b-9868-57a2d4851a1d" />
    <TestEntry testId="1984c2a7-7175-dd20-85f7-f923a8979400" executionId="069aead6-5535-4f3f-acbe-eca43d822d79" testListId="8c84fa94-04c1-424b-9868-57a2d4851a1d" />
    <TestEntry testId="30c64cc6-6335-ca51-cb54-04f89cee0ed9" executionId="82e4858b-af5c-45c4-a971-0e4e07937eaa" testListId="8c84fa94-04c1-424b-9868-57a2d4851a1d" />
    <TestEntry testId="8e7216bb-69f8-c56d-3e84-3e82cfa64c5c" executionId="f873abfc-1940-4158-8862-a8754b1dc26a" testListId="8c84fa94-04c1-424b-9868-57a2d4851a1d" />
    <TestEntry testId="8eb35749-f865-2bf9-dc8d-fbacac303a24" executionId="2f593fc5-d5aa-45b7-b456-a06c8ce73322" testListId="8c84fa94-04c1-424b-9868-57a2d4851a1d" />
    <TestEntry testId="0d212d73-5048-5154-48c3-5b8a40dc9820" executionId="a8a7e566-f524-429b-bf72-fabee29c7959" testListId="8c84fa94-04c1-424b-9868-57a2d4851a1d" />
    <TestEntry testId="9e03bf6d-4e75-7d3d-979b-1b27fa078d7d" executionId="4869e602-3f0c-4fe8-ad85-dc041bf7f176" testListId="8c84fa94-04c1-424b-9868-57a2d4851a1d" />
    <TestEntry testId="5db74618-4490-82d8-607c-508cd5058260" executionId="741b603f-733a-4f74-8857-ce106b78c6e2" testListId="8c84fa94-04c1-424b-9868-57a2d4851a1d" />
    <TestEntry testId="9bc3a0c5-2fcf-8c19-b3cf-1cf301730bb6" executionId="9dedb952-a38b-463b-8db2-878b2be8d8b9" testListId="8c84fa94-04c1-424b-9868-57a2d4851a1d" />
    <TestEntry testId="21522ead-b433-4ed6-2bc6-7bc12d8649e5" executionId="4ad9c206-7af4-451a-b1d6-f58720814d5c" testListId="8c84fa94-04c1-424b-9868-57a2d4851a1d" />
    <TestEntry testId="1a2bce7c-5d7c-740b-8a3b-5357d8d90197" executionId="4f895104-e048-48ff-90a7-be668b696f92" testListId="8c84fa94-04c1-424b-9868-57a2d4851a1d" />
    <TestEntry testId="2b85e6a6-b085-3693-8351-fe312faa0712" executionId="8eedf85a-6032-49af-88c2-d22d64f114b4" testListId="8c84fa94-04c1-424b-9868-57a2d4851a1d" />
    <TestEntry testId="4659e2ae-6baf-fd7c-3743-b3031d89bf4f" executionId="c68e05de-47fe-429b-83cc-479ad52cdf3b" testListId="8c84fa94-04c1-424b-9868-57a2d4851a1d" />
    <TestEntry testId="924855e1-9194-3b57-9cd1-1c25809360b6" executionId="d85aa400-69b4-4c64-b9e7-3c93396e5077" testListId="8c84fa94-04c1-424b-9868-57a2d4851a1d" />
    <TestEntry testId="0d6b088a-4cbb-1e56-2603-e26c92fd9014" executionId="ed90993a-72a4-4308-bb6c-5bd7cf0e8b20" testListId="8c84fa94-04c1-424b-9868-57a2d4851a1d" />
    <TestEntry testId="75533a59-7aee-ba55-d67e-cbe9946ac332" executionId="66f20101-ac29-49ee-85e2-1eb982eee645" testListId="8c84fa94-04c1-424b-9868-57a2d4851a1d" />
    <TestEntry testId="8ef731a7-df62-2078-454e-b3c5ab5a52f3" executionId="42424e8c-6f46-43a6-bfce-af24dad7c84d" testListId="8c84fa94-04c1-424b-9868-57a2d4851a1d" />
    <TestEntry testId="dad72413-ce66-f7c6-62da-d1fb0f77778d" executionId="585a579e-4f7f-40c7-92d2-9ef1c73cdccd" testListId="8c84fa94-04c1-424b-9868-57a2d4851a1d" />
    <TestEntry testId="cf228890-f5ab-17dc-6ff0-7693334748e8" executionId="a2c1ab37-935b-4d27-8d4b-4255d50ba980" testListId="8c84fa94-04c1-424b-9868-57a2d4851a1d" />
    <TestEntry testId="cb6876f0-ec0c-d7e3-5334-20d6a5561189" executionId="a6b6abc3-f8b1-466d-9ea1-f6c232516a90" testListId="8c84fa94-04c1-424b-9868-57a2d4851a1d" />
    <TestEntry testId="52834aef-4100-31c8-7821-69756a7a275b" executionId="f791a849-78e7-46c0-9d26-51350a6ebe2e" testListId="8c84fa94-04c1-424b-9868-57a2d4851a1d" />
    <TestEntry testId="f078f557-ee0d-8e18-56e1-39597d1f6c31" executionId="3bb83620-b42a-4857-a5a7-f5a8381eed41" testListId="8c84fa94-04c1-424b-9868-57a2d4851a1d" />
    <TestEntry testId="71cf5e6d-ba2a-c7c3-a763-2fcedf333a8b" executionId="47b85b36-42e8-4911-8ec9-b533cf84dd5f" testListId="8c84fa94-04c1-424b-9868-57a2d4851a1d" />
    <TestEntry testId="df5d6f80-47b6-1dba-6191-9a36b85a07e0" executionId="6215d44d-f304-460b-af18-b3d5d27675a7" testListId="8c84fa94-04c1-424b-9868-57a2d4851a1d" />
    <TestEntry testId="2aa15638-d059-56c3-1ae6-4f20daa0efd6" executionId="60ba6268-d68f-4ac0-9f4c-7854af30deef" testListId="8c84fa94-04c1-424b-9868-57a2d4851a1d" />
    <TestEntry testId="3f8cf111-d901-cf6d-6700-aa95356160f6" executionId="72ee227e-4bd6-491d-ac44-ddec05b919cf" testListId="8c84fa94-04c1-424b-9868-57a2d4851a1d" />
    <TestEntry testId="9b27f918-c1f0-a33c-798d-abb63ee48b10" executionId="47986382-55af-4434-8dcf-86ed99dab02c" testListId="8c84fa94-04c1-424b-9868-57a2d4851a1d" />
    <TestEntry testId="1d4a9ecb-b166-605d-08b1-b1a2e2f4e86b" executionId="289b5d44-31e8-4453-baf7-92a2f34eab0d" testListId="8c84fa94-04c1-424b-9868-57a2d4851a1d" />
    <TestEntry testId="6cf80ec4-adaa-7630-8518-7cc2f85912e5" executionId="9bf8d152-b549-4a93-acf8-63a7a757b67a" testListId="8c84fa94-04c1-424b-9868-57a2d4851a1d" />
    <TestEntry testId="0a693c83-039e-37ea-ca71-d6cb11cb39f0" executionId="adf1f019-1b15-4506-8cde-b316bf6c1b30" testListId="8c84fa94-04c1-424b-9868-57a2d4851a1d" />
    <TestEntry testId="4bf554c3-e002-54a1-f4f4-8a2759f993cd" executionId="f872edbd-a1d7-4d19-96cf-64a11cfca47e" testListId="8c84fa94-04c1-424b-9868-57a2d4851a1d" />
    <TestEntry testId="08729d0d-aac1-00cc-61c8-d3a43baa982c" executionId="95a71805-a328-4035-ae6b-e7b7222ee754" testListId="8c84fa94-04c1-424b-9868-57a2d4851a1d" />
    <TestEntry testId="a7cb801d-7f16-2aed-a9b9-27ada01410cb" executionId="3a77c7ce-583f-481f-883c-7499b77db55f" testListId="8c84fa94-04c1-424b-9868-57a2d4851a1d" />
    <TestEntry testId="52aa0a27-dd41-6786-2c85-98c2fe5a5a8d" executionId="20fb6d2a-f0db-44ee-88b2-c372d353f4f0" testListId="8c84fa94-04c1-424b-9868-57a2d4851a1d" />
    <TestEntry testId="75503792-348c-52d7-8b2d-0e5e30e7737f" executionId="6cebfa46-9b92-4709-aba8-8b874e3c6643" testListId="8c84fa94-04c1-424b-9868-57a2d4851a1d" />
    <TestEntry testId="e6978d63-8432-1fb5-de7e-ad5cae526227" executionId="c341cae1-0e56-4bd0-ad11-13d0d603687c" testListId="8c84fa94-04c1-424b-9868-57a2d4851a1d" />
    <TestEntry testId="0fe8d20e-348c-7d20-8e18-4ab370792fe0" executionId="9ac684d6-5ac0-46ca-8f03-8136989af8a6" testListId="8c84fa94-04c1-424b-9868-57a2d4851a1d" />
    <TestEntry testId="58ae3268-0514-bfd0-e929-cd5bbcd15459" executionId="30860375-a614-4783-98e7-3cbb4d183c77" testListId="8c84fa94-04c1-424b-9868-57a2d4851a1d" />
    <TestEntry testId="7d7a9479-6bf7-df13-feb4-5692776fefbe" executionId="e6947924-1a47-4112-a30f-6f022e902c23" testListId="8c84fa94-04c1-424b-9868-57a2d4851a1d" />
    <TestEntry testId="a1d0a451-dd40-52d3-2e4e-86926b2f8d79" executionId="746f9f23-08c2-43d3-bc6b-b656fd5e2a20" testListId="8c84fa94-04c1-424b-9868-57a2d4851a1d" />
    <TestEntry testId="8d46a340-0ed0-b99b-ffa5-9396c082f226" executionId="8908dd4f-aba8-4ef9-850a-94ce473f0a40" testListId="8c84fa94-04c1-424b-9868-57a2d4851a1d" />
    <TestEntry testId="df273bdc-b799-b559-21e2-0d80141c0703" executionId="3808b9f9-9056-4015-a970-d909d465d399" testListId="8c84fa94-04c1-424b-9868-57a2d4851a1d" />
    <TestEntry testId="45cd799b-b041-7972-1933-31bb68393544" executionId="bc539c58-91a8-4434-8a75-1a97a83531f2" testListId="8c84fa94-04c1-424b-9868-57a2d4851a1d" />
    <TestEntry testId="5804b4b4-4d14-d511-1065-baeb15ae9d58" executionId="3e52404e-ae1e-4f94-96ce-4c87b9fbd3a5" testListId="8c84fa94-04c1-424b-9868-57a2d4851a1d" />
    <TestEntry testId="161ea34e-b552-5b69-4cf9-93991b1d4888" executionId="b68792cd-e61b-4375-bbec-c93129b069f1" testListId="8c84fa94-04c1-424b-9868-57a2d4851a1d" />
    <TestEntry testId="c3fca266-07d5-2c9c-f6ed-16da0ae11db3" executionId="7ac8519c-b0f1-42b6-93ee-b54f2c495863" testListId="8c84fa94-04c1-424b-9868-57a2d4851a1d" />
    <TestEntry testId="acf696fa-e204-77f6-6bda-5cee35a844ca" executionId="b0bda3a1-5fa7-4b63-aea6-0adbfb7a04af" testListId="8c84fa94-04c1-424b-9868-57a2d4851a1d" />
    <TestEntry testId="99f21baf-cf67-7cbd-a714-a2085e10f456" executionId="f10d5a86-61d7-46f5-a1dc-63596fede804" testListId="8c84fa94-04c1-424b-9868-57a2d4851a1d" />
    <TestEntry testId="ba9c39e8-72fd-56e5-9205-e49bf672c8c9" executionId="2e51ac07-d4be-4a2d-853d-c2c47e6eb604" testListId="8c84fa94-04c1-424b-9868-57a2d4851a1d" />
    <TestEntry testId="ba805cf8-7a9e-a067-dba8-44d688ef5092" executionId="75d9c5b4-c4b5-4f0b-a134-309154795b04" testListId="8c84fa94-04c1-424b-9868-57a2d4851a1d" />
    <TestEntry testId="e4515f41-6dc8-4e41-80f2-0b8ebbc1419c" executionId="8da05d59-1b48-413e-b3ef-f2143701ba14" testListId="8c84fa94-04c1-424b-9868-57a2d4851a1d" />
    <TestEntry testId="c500524b-7f50-6acc-4109-a9567b61a4b1" executionId="9b31e5d2-eb37-4791-928a-c93b2fb6edec" testListId="8c84fa94-04c1-424b-9868-57a2d4851a1d" />
    <TestEntry testId="baa49532-b762-d0bf-3c21-bfb8f673b4c2" executionId="2a570526-5a09-439e-8427-3ce99c62a59a" testListId="8c84fa94-04c1-424b-9868-57a2d4851a1d" />
    <TestEntry testId="6983a880-9157-394a-891c-2e7cb526bc4c" executionId="3047cc3c-b4a1-4cd9-80c0-c9cd5b60b98f" testListId="8c84fa94-04c1-424b-9868-57a2d4851a1d" />
    <TestEntry testId="ebdedf64-5984-f3fa-314b-abb5908d2640" executionId="55503f62-1dd1-4787-a778-87cb072417d8" testListId="8c84fa94-04c1-424b-9868-57a2d4851a1d" />
    <TestEntry testId="e28c6785-47f9-bd94-84d3-18cec24659f3" executionId="e67cb370-4ce9-4aa6-95c8-4979be452be8" testListId="8c84fa94-04c1-424b-9868-57a2d4851a1d" />
    <TestEntry testId="613ce4af-0c46-036e-af9f-bb78fcd742a6" executionId="fe1e7e55-1b53-4dbe-bc50-4df4a891422d" testListId="8c84fa94-04c1-424b-9868-57a2d4851a1d" />
    <TestEntry testId="2c8ccf95-35cf-1a4a-9ea1-4ac6fdceea53" executionId="82148247-971f-419e-ad16-faefec02346e" testListId="8c84fa94-04c1-424b-9868-57a2d4851a1d" />
    <TestEntry testId="af0b0176-41dc-ac96-c773-4c806eea0dff" executionId="4ae961c8-5e7a-4588-a6cf-973702fb7c4e" testListId="8c84fa94-04c1-424b-9868-57a2d4851a1d" />
    <TestEntry testId="2654f83d-7e59-bc95-a132-84ce53376681" executionId="371627be-c7a7-448d-832c-7f722f0d63ee" testListId="8c84fa94-04c1-424b-9868-57a2d4851a1d" />
    <TestEntry testId="d819f6c8-5a54-63a6-7b21-12a0912e83c8" executionId="abc6490f-1788-4ef9-a529-99294a7a62ae" testListId="8c84fa94-04c1-424b-9868-57a2d4851a1d" />
    <TestEntry testId="95480a3b-f488-efa9-b27c-9ab5a18fdec4" executionId="4c7084d2-aec0-44c1-a1ae-540c5e809ccb" testListId="8c84fa94-04c1-424b-9868-57a2d4851a1d" />
    <TestEntry testId="a396a734-e07f-ae5f-d645-a46a1b70118e" executionId="e62ed881-04f4-4732-a827-cfeb5859a36e" testListId="8c84fa94-04c1-424b-9868-57a2d4851a1d" />
    <TestEntry testId="eb6df723-a29f-9a70-5f7b-4a692189e22f" executionId="de6d11e8-953b-4e8d-9d98-06401279fa4c" testListId="8c84fa94-04c1-424b-9868-57a2d4851a1d" />
    <TestEntry testId="8f22ce6f-4ac8-d4fe-e6d7-e45c0c472207" executionId="1bfbbb13-f547-42ee-9466-ed846b5ee686" testListId="8c84fa94-04c1-424b-9868-57a2d4851a1d" />
    <TestEntry testId="8a469a40-7454-6880-9e8d-7953fae79af1" executionId="645a83d9-df4d-40e0-9406-fef53c91c6ca" testListId="8c84fa94-04c1-424b-9868-57a2d4851a1d" />
    <TestEntry testId="6ad0df60-41b3-e199-2385-7ce9a635c0e2" executionId="d84d3121-b563-4c19-a916-a92abb663144" testListId="8c84fa94-04c1-424b-9868-57a2d4851a1d" />
    <TestEntry testId="9aa28a55-43de-1f3f-a73d-5386fa240b7d" executionId="01c8e003-7261-4851-b167-a3a26c22c4f4" testListId="8c84fa94-04c1-424b-9868-57a2d4851a1d" />
    <TestEntry testId="dfd55305-89b6-7032-e718-91fc3fa77a9e" executionId="2e91932a-e395-40c4-89c9-479eb3ced858" testListId="8c84fa94-04c1-424b-9868-57a2d4851a1d" />
    <TestEntry testId="a5ad51b1-d46a-060d-76d3-1a3a6ebb810e" executionId="492e175e-40a6-4de6-bd66-fd3a7fb39913" testListId="8c84fa94-04c1-424b-9868-57a2d4851a1d" />
    <TestEntry testId="fb70cdc3-1bf1-6e46-2aba-a1201f5edf64" executionId="ff2adf82-b09f-4ff1-b5c7-8ea619b68882" testListId="8c84fa94-04c1-424b-9868-57a2d4851a1d" />
    <TestEntry testId="ec173942-74cf-fb84-c8bf-7bb7f9f4c8c4" executionId="d54c951f-6d2f-4c63-8dba-3d945d34b593" testListId="8c84fa94-04c1-424b-9868-57a2d4851a1d" />
    <TestEntry testId="59a8f339-f82c-db3a-3ce5-7a3aa210b60d" executionId="6bcd0bb8-5864-48ca-95a0-23daffc920de" testListId="8c84fa94-04c1-424b-9868-57a2d4851a1d" />
    <TestEntry testId="f1ac5241-744a-004f-7a68-4b73cb2ee500" executionId="c765f174-6ddb-4a3f-912a-805c84e29825" testListId="8c84fa94-04c1-424b-9868-57a2d4851a1d" />
    <TestEntry testId="ecd658bb-d82c-2e31-7762-ce43abc7546e" executionId="c0ad0044-ff15-4d57-b177-88a45de769b4" testListId="8c84fa94-04c1-424b-9868-57a2d4851a1d" />
    <TestEntry testId="a335cdf5-8bc7-ca99-6fe9-64ef25663cd0" executionId="179698e1-42ca-4779-ae5d-7c0071c1b1ab" testListId="8c84fa94-04c1-424b-9868-57a2d4851a1d" />
    <TestEntry testId="26d4b90e-eb16-bcef-d101-fb0061a73f05" executionId="66cd83ec-aa1b-46fe-9ee8-5b425861916a" testListId="8c84fa94-04c1-424b-9868-57a2d4851a1d" />
    <TestEntry testId="820cc941-cded-40f7-68fc-769610bce971" executionId="a23a9463-376a-4afc-9f86-3b21f5f0974c" testListId="8c84fa94-04c1-424b-9868-57a2d4851a1d" />
    <TestEntry testId="f7ed2bd9-0dc3-2bb8-cc6b-16f79bea320a" executionId="bcb41bd7-cd3b-4add-be82-42eaad2d32b1" testListId="8c84fa94-04c1-424b-9868-57a2d4851a1d" />
    <TestEntry testId="d5e79021-8e56-47e1-e0da-836c7f362c97" executionId="a46e79f3-6c98-4313-9b8d-1f7d236c3506" testListId="8c84fa94-04c1-424b-9868-57a2d4851a1d" />
    <TestEntry testId="f207e829-2666-5e0b-dea1-e7486da2e6a1" executionId="748c4ce8-0641-4922-9acc-7c4612b54a12" testListId="8c84fa94-04c1-424b-9868-57a2d4851a1d" />
    <TestEntry testId="0dba5786-625f-2c43-9e0c-752956fd421c" executionId="0f302976-f8e3-4166-82e8-c6907c229285" testListId="8c84fa94-04c1-424b-9868-57a2d4851a1d" />
    <TestEntry testId="1dab659d-bd89-ec57-ccec-04868b38f679" executionId="76f72c19-2328-44ea-b6fd-7f96abd3519f" testListId="8c84fa94-04c1-424b-9868-57a2d4851a1d" />
    <TestEntry testId="f1930371-f29c-139f-41a8-607d158f22b6" executionId="3a1a5339-2f68-46cd-9067-0d4aa99775ba" testListId="8c84fa94-04c1-424b-9868-57a2d4851a1d" />
    <TestEntry testId="7c1ef6a2-586b-711e-f03d-e05f7b31ffe1" executionId="18592134-1792-4445-9229-43c75ffe38ed" testListId="8c84fa94-04c1-424b-9868-57a2d4851a1d" />
    <TestEntry testId="0fe4f40f-241c-ae23-d168-04e5e87dcc9b" executionId="686e3f2a-5ffc-4605-a7ef-96b561fec609" testListId="8c84fa94-04c1-424b-9868-57a2d4851a1d" />
    <TestEntry testId="a14789f8-25ec-bd3c-5129-2bb2c2d09985" executionId="decf7a48-ef92-40e5-99cf-1a8bd7a72386" testListId="8c84fa94-04c1-424b-9868-57a2d4851a1d" />
    <TestEntry testId="aca7dc08-e077-6336-11fb-2489a226e225" executionId="29cdcfeb-4756-43ee-b29d-d4216fce47f4" testListId="8c84fa94-04c1-424b-9868-57a2d4851a1d" />
    <TestEntry testId="5efec4de-8ef4-157c-0742-6a313929d03a" executionId="d8865aeb-8083-4cf2-bca4-a33d607bb2ec" testListId="8c84fa94-04c1-424b-9868-57a2d4851a1d" />
    <TestEntry testId="2f55c955-9b87-2c77-c3ee-dc5f86f5b329" executionId="d1a40cf5-4f3f-47a7-998a-54f5f185be33" testListId="8c84fa94-04c1-424b-9868-57a2d4851a1d" />
    <TestEntry testId="9f77d37b-5939-25ba-159c-c8d9e89e3cd4" executionId="e720a6da-9035-4437-ade4-aa51e50fbc43" testListId="8c84fa94-04c1-424b-9868-57a2d4851a1d" />
    <TestEntry testId="a97143cb-6e59-8768-a70f-00f80b654e8d" executionId="ce6051fc-f35d-48b7-bbe3-76cd7bead2a3" testListId="8c84fa94-04c1-424b-9868-57a2d4851a1d" />
    <TestEntry testId="b1d035f1-39f6-d499-287e-11a16120f663" executionId="628c51ba-6f88-496b-9f94-6a1f307d9392" testListId="8c84fa94-04c1-424b-9868-57a2d4851a1d" />
    <TestEntry testId="62ec9571-83d3-3d31-1779-4fe2cf2be8e0" executionId="3695b6f3-903a-4a39-94cc-487d54630d97" testListId="8c84fa94-04c1-424b-9868-57a2d4851a1d" />
    <TestEntry testId="4d38db8c-d739-e015-e09d-cd6fc5dff5ab" executionId="048edccb-befd-4e4c-b7a4-e71f83e9bdab" testListId="8c84fa94-04c1-424b-9868-57a2d4851a1d" />
    <TestEntry testId="3c1351f2-b304-b994-7193-22c9e52a8782" executionId="5898086a-1267-448e-8f59-6ca7250de6ce" testListId="8c84fa94-04c1-424b-9868-57a2d4851a1d" />
    <TestEntry testId="06d35280-ada3-246c-c04a-58775402cb55" executionId="4bd6ca71-32ac-45c7-b061-6cbac477cdbf" testListId="8c84fa94-04c1-424b-9868-57a2d4851a1d" />
    <TestEntry testId="1ee7f53c-e626-990a-6b17-a9a8097992ee" executionId="d2446f07-ab83-40be-ace5-f935b4d15d3b" testListId="8c84fa94-04c1-424b-9868-57a2d4851a1d" />
    <TestEntry testId="c1925661-95a2-08f0-c829-c8d0641fbb32" executionId="d8decd59-0060-4d0f-9947-e70b2cd1979c" testListId="8c84fa94-04c1-424b-9868-57a2d4851a1d" />
    <TestEntry testId="db2cb8c8-7d9d-eb1f-44ff-41d77481d91c" executionId="1cf84ae1-89f9-4e50-ac02-0e18557e58f0" testListId="8c84fa94-04c1-424b-9868-57a2d4851a1d" />
    <TestEntry testId="ac82514e-82f3-4065-a2b1-92de92c3b5d4" executionId="ca698dde-1af4-4950-aae9-a13e20bcf98b" testListId="8c84fa94-04c1-424b-9868-57a2d4851a1d" />
    <TestEntry testId="7ace1753-df5a-6da6-da58-a5f38ddbdf97" executionId="5b478151-7a94-4e9a-a4ce-3daa779dd962" testListId="8c84fa94-04c1-424b-9868-57a2d4851a1d" />
    <TestEntry testId="49adad49-3c64-2145-0e11-a2cf215140e6" executionId="75d54580-c0c7-4e41-b389-2671eabcec1b" testListId="8c84fa94-04c1-424b-9868-57a2d4851a1d" />
    <TestEntry testId="699823e7-74be-bd9f-0e7a-b915c45c5b8d" executionId="c140ed31-7aed-4cdd-8df3-d8562c448903" testListId="8c84fa94-04c1-424b-9868-57a2d4851a1d" />
    <TestEntry testId="db4a1ba0-50c4-f6cd-52e6-befecc6109d1" executionId="a6cd17f3-caff-469e-b3ac-d27f468e19a0" testListId="8c84fa94-04c1-424b-9868-57a2d4851a1d" />
    <TestEntry testId="fce90108-bb07-0d70-0d98-6d4db0f3bc3e" executionId="7bf94f75-d99a-4660-985a-57191aefce25" testListId="8c84fa94-04c1-424b-9868-57a2d4851a1d" />
    <TestEntry testId="f8a940f1-8634-0701-daf3-2dcd1e55555d" executionId="abebd73a-a80c-41a6-aca1-0a981a5b537c" testListId="8c84fa94-04c1-424b-9868-57a2d4851a1d" />
    <TestEntry testId="0376fa9b-7287-a731-419b-9fc297e855af" executionId="66fc51e3-0dd6-42c5-bcf3-d7a36a8f58ad" testListId="8c84fa94-04c1-424b-9868-57a2d4851a1d" />
    <TestEntry testId="b0c0975d-c610-a767-c328-0155d7e3729c" executionId="85609ad7-a0a9-4da7-a670-f313bb7037d7" testListId="8c84fa94-04c1-424b-9868-57a2d4851a1d" />
    <TestEntry testId="63002f6f-0517-2c24-717b-d2c1e2e53077" executionId="d7e5c0b6-ff65-47b1-9bed-0437aefc8123" testListId="8c84fa94-04c1-424b-9868-57a2d4851a1d" />
    <TestEntry testId="ed5c2593-cfa6-d545-7875-1061dd65dead" executionId="bfc92ec1-ad78-4eef-9ad6-af76fe4c393d" testListId="8c84fa94-04c1-424b-9868-57a2d4851a1d" />
    <TestEntry testId="d331ef3f-7107-54ae-0c84-b5478edee8fe" executionId="529dbd9c-860c-444a-9331-58aed66b75bc" testListId="8c84fa94-04c1-424b-9868-57a2d4851a1d" />
    <TestEntry testId="09a23f90-ebf0-0444-a58c-9c7e3ea1e9e8" executionId="33d33d5f-61de-487e-a843-dd6a2920d201" testListId="8c84fa94-04c1-424b-9868-57a2d4851a1d" />
    <TestEntry testId="d38b1376-8e35-d896-b696-31aebb9da9b5" executionId="05b08f1d-5845-440e-bc12-0112f80638a9" testListId="8c84fa94-04c1-424b-9868-57a2d4851a1d" />
    <TestEntry testId="c71b36f4-2b0a-4604-4f61-4b54cfbd9335" executionId="aee19bf1-e641-49cc-bf9e-f9a345715869" testListId="8c84fa94-04c1-424b-9868-57a2d4851a1d" />
    <TestEntry testId="4d90ca4e-121b-6a9a-c432-778d267caf79" executionId="81622928-3e43-42f4-8e7b-491b87b66b7e" testListId="8c84fa94-04c1-424b-9868-57a2d4851a1d" />
    <TestEntry testId="dd44fca1-dd49-b0b2-8a87-a1e6c53fc967" executionId="a438a606-e570-4ed6-b381-7fcd08be18a9" testListId="8c84fa94-04c1-424b-9868-57a2d4851a1d" />
    <TestEntry testId="bc225918-98fd-4d8f-87ce-a283504ff818" executionId="98343423-4715-48ba-8f07-d2f23f2e1d41" testListId="8c84fa94-04c1-424b-9868-57a2d4851a1d" />
    <TestEntry testId="912f6c7e-3dd3-46db-c9bf-50f8bac8d60b" executionId="97225312-b734-4d35-a560-a97c873a4b06" testListId="8c84fa94-04c1-424b-9868-57a2d4851a1d" />
    <TestEntry testId="c13a92d4-2ab4-786d-c78f-fbc74a9bc6bf" executionId="b2b44cd6-f813-4313-aadc-534396271f34" testListId="8c84fa94-04c1-424b-9868-57a2d4851a1d" />
    <TestEntry testId="ced3317a-f4de-c56d-29ac-20cf03fa04ec" executionId="321f2416-2e45-4c1f-ae92-d6e953ee160a" testListId="8c84fa94-04c1-424b-9868-57a2d4851a1d" />
    <TestEntry testId="edfe0445-7d04-dc18-c1ba-a9d34b86d8ce" executionId="cdce8399-ac7e-4742-b898-5529d2f11520" testListId="8c84fa94-04c1-424b-9868-57a2d4851a1d" />
    <TestEntry testId="64aa7254-7fbd-79c2-756e-71858d6d30f7" executionId="1b00f7f0-b329-4149-b20d-c7c248d6bdf1" testListId="8c84fa94-04c1-424b-9868-57a2d4851a1d" />
    <TestEntry testId="10f03419-b447-74b1-44ec-afc62ff2ba1d" executionId="21e6d540-c62f-4e5c-8116-f14ca652038d" testListId="8c84fa94-04c1-424b-9868-57a2d4851a1d" />
    <TestEntry testId="663d5ff2-e7a3-93d3-3ad8-ed7a224ab1bf" executionId="dd53fd96-703f-44cc-aa66-0f2a2b143ed8" testListId="8c84fa94-04c1-424b-9868-57a2d4851a1d" />
    <TestEntry testId="efa8afd6-8d8b-b468-7b9e-1cdb0a7712de" executionId="acd2324a-e7a2-424d-a38d-d7d281d0b62a" testListId="8c84fa94-04c1-424b-9868-57a2d4851a1d" />
    <TestEntry testId="8be0565a-807a-652b-b30e-db28277dd087" executionId="80a92f18-4df3-4dc0-a32d-f4386488e61a" testListId="8c84fa94-04c1-424b-9868-57a2d4851a1d" />
    <TestEntry testId="c32c7fae-3b6b-0f87-7334-0ef6b44c9d25" executionId="ab694df7-1c61-426e-a7a7-559ac3c76284" testListId="8c84fa94-04c1-424b-9868-57a2d4851a1d" />
    <TestEntry testId="6f633b18-8c5d-0bf5-db3d-b3c803d548db" executionId="27bc4f13-c91e-48ab-b2e4-7b9aa889b073" testListId="8c84fa94-04c1-424b-9868-57a2d4851a1d" />
    <TestEntry testId="9523222d-3297-4077-2b57-514061f60535" executionId="e3ba2e66-47d5-48b5-83a6-4eccd1b261c9" testListId="8c84fa94-04c1-424b-9868-57a2d4851a1d" />
    <TestEntry testId="a446a9ac-cd6d-4eef-b2f8-502eddef1fa4" executionId="57baf940-4ad1-461f-9e24-46140d9cc118" testListId="8c84fa94-04c1-424b-9868-57a2d4851a1d" />
    <TestEntry testId="0c334b17-b7c2-e42e-9924-9baf1b0e8e96" executionId="6267f3a0-3d73-425f-b0ef-a4d642a6ac96" testListId="8c84fa94-04c1-424b-9868-57a2d4851a1d" />
    <TestEntry testId="c85baa65-9c4c-9bde-b9a8-21453265b599" executionId="a9ba4c4f-23db-42de-86c0-4ef6f75ad5be" testListId="8c84fa94-04c1-424b-9868-57a2d4851a1d" />
    <TestEntry testId="532832f5-cae8-48c6-fe23-9e1a56903292" executionId="01fda865-b314-49f0-8f80-620481fd1e52" testListId="8c84fa94-04c1-424b-9868-57a2d4851a1d" />
    <TestEntry testId="06774c33-6f96-c2da-2540-1bcc829f9f7d" executionId="4f3e0100-f14f-441d-98ad-86c5ceca413e" testListId="8c84fa94-04c1-424b-9868-57a2d4851a1d" />
    <TestEntry testId="49bddafe-bc17-f349-326c-5d40a7970e79" executionId="9d7e3da3-147e-4f98-b1a8-a8f77a9cec2c" testListId="8c84fa94-04c1-424b-9868-57a2d4851a1d" />
    <TestEntry testId="2dbb1c6f-9d39-0279-091a-eaa8eea7d7ad" executionId="3be1c3e7-a971-44cf-a30c-fb2027a9f8a5" testListId="8c84fa94-04c1-424b-9868-57a2d4851a1d" />
    <TestEntry testId="ce79d18c-5b2f-a858-0d20-17d538b54c49" executionId="8417ad60-e0ed-432a-9c8c-05f1a1b49423" testListId="8c84fa94-04c1-424b-9868-57a2d4851a1d" />
    <TestEntry testId="ad1859a2-9b1d-fff4-e010-4df6fe4ee045" executionId="62e87be6-3e24-4ce1-b54f-ed1c9560be06" testListId="8c84fa94-04c1-424b-9868-57a2d4851a1d" />
    <TestEntry testId="ae081732-51d9-8f75-bc33-d945304db80b" executionId="39f82c47-5fed-4038-ba42-5960ce7e5de3" testListId="8c84fa94-04c1-424b-9868-57a2d4851a1d" />
    <TestEntry testId="878aaa41-b943-c214-4d03-854fffe991ed" executionId="0da8cf33-62cd-41ca-89f1-b5fd3f942d50" testListId="8c84fa94-04c1-424b-9868-57a2d4851a1d" />
    <TestEntry testId="3fc0a61d-0537-a068-dc4c-e9f48287e808" executionId="38c7c9f1-4e8d-4bcc-90ec-fa574c67d0a9" testListId="8c84fa94-04c1-424b-9868-57a2d4851a1d" />
    <TestEntry testId="9a6a7a50-e76a-4ed6-f132-a9079fc9826f" executionId="8056241c-830b-4d4e-bfef-178191318536" testListId="8c84fa94-04c1-424b-9868-57a2d4851a1d" />
    <TestEntry testId="ce37d29c-9229-7c0c-b4e5-a6fef8dbd478" executionId="1a810bdf-730c-403b-a776-0190df1bbea5" testListId="8c84fa94-04c1-424b-9868-57a2d4851a1d" />
    <TestEntry testId="6873ac76-f3ab-c022-d36a-a314064542de" executionId="f52941ed-60ec-4e64-b44b-1d3cb293f41a" testListId="8c84fa94-04c1-424b-9868-57a2d4851a1d" />
    <TestEntry testId="ce3de199-36d5-8ba5-2e51-6302507f3d29" executionId="f3b6c332-5c27-489c-b458-d67880004abb" testListId="8c84fa94-04c1-424b-9868-57a2d4851a1d" />
    <TestEntry testId="c5101a70-e57e-8026-1c5c-7e3b4083afbc" executionId="eccc2496-fb6a-40ea-808a-ed611752837d" testListId="8c84fa94-04c1-424b-9868-57a2d4851a1d" />
    <TestEntry testId="5e5950b2-b136-6c89-672e-7a590d826125" executionId="31032f7a-08db-4fb2-92c1-9a02a14a51d7" testListId="8c84fa94-04c1-424b-9868-57a2d4851a1d" />
    <TestEntry testId="acae517f-099e-2cd1-8736-3ed091b5c626" executionId="ef10b366-a474-49b6-8f44-d82519148a5f" testListId="8c84fa94-04c1-424b-9868-57a2d4851a1d" />
    <TestEntry testId="bb8d7f1d-0bb4-3dea-c4fc-e0834e054d6f" executionId="df014eaf-77c1-40ad-8766-0ec4dd63ae04" testListId="8c84fa94-04c1-424b-9868-57a2d4851a1d" />
    <TestEntry testId="c87476d9-d6c4-b192-533c-f3fd92f25649" executionId="6139babb-e6a3-480d-b8c3-0dddd6fb5e59" testListId="8c84fa94-04c1-424b-9868-57a2d4851a1d" />
    <TestEntry testId="7c024d4b-1985-e15e-210c-918bbaab85d2" executionId="103e2e29-2e06-486d-9edc-b759ad4f9356" testListId="8c84fa94-04c1-424b-9868-57a2d4851a1d" />
    <TestEntry testId="c4bb9e96-a082-cea5-07e4-48489c91d51c" executionId="3b79af0b-1e83-4424-9fc8-14892b595a0e" testListId="8c84fa94-04c1-424b-9868-57a2d4851a1d" />
    <TestEntry testId="3dba1090-3d39-a7e5-2887-f4afca57ae4d" executionId="088e5d00-5d17-4ae0-b5e9-8e3a3f12c47e" testListId="8c84fa94-04c1-424b-9868-57a2d4851a1d" />
    <TestEntry testId="c22fbcae-e56f-74cd-4c5d-3486d7aca0e3" executionId="00980049-c2ac-4bbc-a7b0-8862f049f134" testListId="8c84fa94-04c1-424b-9868-57a2d4851a1d" />
    <TestEntry testId="51b443bb-f015-cdb0-7b07-a9cab8e0e8a8" executionId="944484b4-367a-476e-a238-e7606b164519" testListId="8c84fa94-04c1-424b-9868-57a2d4851a1d" />
    <TestEntry testId="832db953-3174-9e47-9e79-c9e962a5dc9a" executionId="6b3195f4-f7ab-4302-8b9c-404c61c8e0d6" testListId="8c84fa94-04c1-424b-9868-57a2d4851a1d" />
    <TestEntry testId="3fbb058d-9598-d297-cfc7-b0e227b60076" executionId="ff75574f-8e37-4644-a063-6d4fcc8cb4e5" testListId="8c84fa94-04c1-424b-9868-57a2d4851a1d" />
    <TestEntry testId="165652a5-8470-80de-f723-64799828bde9" executionId="3b2dc584-fbb5-4d0b-bad7-c299999aec52" testListId="8c84fa94-04c1-424b-9868-57a2d4851a1d" />
    <TestEntry testId="976bb755-951a-abad-a6b2-b4df05914837" executionId="466eb380-1c53-4524-a505-9e8806fc161c" testListId="8c84fa94-04c1-424b-9868-57a2d4851a1d" />
    <TestEntry testId="411e38f1-ebfb-df19-3a3a-707f30f3c5be" executionId="d96a8208-1657-40ce-ab61-8d06e4945b42" testListId="8c84fa94-04c1-424b-9868-57a2d4851a1d" />
    <TestEntry testId="31013b84-c240-3047-b7e6-518c431f1e71" executionId="7df4c358-057d-4284-8a64-ee05fd9c389d" testListId="8c84fa94-04c1-424b-9868-57a2d4851a1d" />
    <TestEntry testId="92d7240b-67dc-fa2a-1053-63a4cde5f1ef" executionId="fd39fab0-1834-4c80-9947-a89d50034a4e" testListId="8c84fa94-04c1-424b-9868-57a2d4851a1d" />
    <TestEntry testId="6a5e75da-d4ce-a720-12fe-db0ec989bfda" executionId="6334192c-2653-4718-85a3-bf6f1a9f14ed" testListId="8c84fa94-04c1-424b-9868-57a2d4851a1d" />
    <TestEntry testId="fd0cdcec-1fac-f49f-a746-4772ac5928f9" executionId="210a10a6-06b9-464c-9f20-14129f381174" testListId="8c84fa94-04c1-424b-9868-57a2d4851a1d" />
    <TestEntry testId="47c73d27-daf8-07a6-9992-33ab057f0562" executionId="54878b4e-b941-4e47-9af8-30cbb1718ead" testListId="8c84fa94-04c1-424b-9868-57a2d4851a1d" />
    <TestEntry testId="d31f1619-d27f-d07c-9813-9d9c2f563878" executionId="7b7f1413-2654-4d12-8eaf-cfaba2d03957" testListId="8c84fa94-04c1-424b-9868-57a2d4851a1d" />
    <TestEntry testId="c13b6588-2a19-2c09-3895-58ee1bfe9fde" executionId="453cd283-01a6-47dd-92cb-691ce6827a2e" testListId="8c84fa94-04c1-424b-9868-57a2d4851a1d" />
    <TestEntry testId="938eee19-3b95-01e5-4d4c-94246f1dd808" executionId="1825060e-5fc2-453b-ad70-581c34d3b3c4" testListId="8c84fa94-04c1-424b-9868-57a2d4851a1d" />
    <TestEntry testId="498b934f-374c-1dc8-3085-bd3a70ce9a92" executionId="f9d67828-74be-4558-8b1a-ad53efab7082" testListId="8c84fa94-04c1-424b-9868-57a2d4851a1d" />
    <TestEntry testId="b705e379-67f8-359d-1a7d-742fcea32d3b" executionId="162ac861-4352-4243-9a21-4e27b1a492cb" testListId="8c84fa94-04c1-424b-9868-57a2d4851a1d" />
    <TestEntry testId="6ee08595-df8b-8458-88c8-ea8a550f9a05" executionId="3fbaee84-5406-4836-87db-c7e40ff4652a" testListId="8c84fa94-04c1-424b-9868-57a2d4851a1d" />
    <TestEntry testId="01c73ab9-aad9-cc26-178c-27e0b35f9583" executionId="e88fa651-386f-4a8f-8530-dcb85529be7f" testListId="8c84fa94-04c1-424b-9868-57a2d4851a1d" />
    <TestEntry testId="d85f5829-9dcd-6a4b-82f8-5c9a70353087" executionId="e27ae87e-020c-4b7b-8577-624a2714c1a7" testListId="8c84fa94-04c1-424b-9868-57a2d4851a1d" />
    <TestEntry testId="f42fe5a1-8c83-097f-d090-6df0e300c303" executionId="b07b6ee5-8069-4c20-b031-89405e8eb1a2" testListId="8c84fa94-04c1-424b-9868-57a2d4851a1d" />
    <TestEntry testId="ae8bdbb0-e445-3041-c219-15ee192365d2" executionId="ef2aebb7-77e0-4dd4-a745-4f9c3ca1e968" testListId="8c84fa94-04c1-424b-9868-57a2d4851a1d" />
    <TestEntry testId="a5d3088b-70e8-8d65-c2ea-01e93fca7cdd" executionId="356fff51-9d2b-4505-b686-3a7d0bae0789" testListId="8c84fa94-04c1-424b-9868-57a2d4851a1d" />
    <TestEntry testId="93cfea10-487c-2fd1-30d8-938278bfacad" executionId="433fa5c1-2ca0-4b67-b006-38bf3e4d5167" testListId="8c84fa94-04c1-424b-9868-57a2d4851a1d" />
    <TestEntry testId="311e3e96-4cb5-66b7-514a-5e93dfad5e16" executionId="d4f05678-4e82-466a-88d1-cbaa9d26162f" testListId="8c84fa94-04c1-424b-9868-57a2d4851a1d" />
    <TestEntry testId="5ff238f1-95c7-893f-0944-9f7af0bf7443" executionId="1d7bfe6d-5dfc-4ef4-b044-f3c6ea8dfc02" testListId="8c84fa94-04c1-424b-9868-57a2d4851a1d" />
    <TestEntry testId="a3b219a1-96f8-2dc6-2fac-9f5e3d240997" executionId="7f1a9e6b-4ca1-4554-9ca2-0e848f1237da" testListId="8c84fa94-04c1-424b-9868-57a2d4851a1d" />
    <TestEntry testId="884780c4-efd7-4539-be97-7bddf6f0d325" executionId="12a2ea89-3572-4519-b693-03a2cfc5dcda" testListId="8c84fa94-04c1-424b-9868-57a2d4851a1d" />
    <TestEntry testId="5ef343f7-cc0d-47aa-b43e-c9be70797afb" executionId="f991259c-9d48-4fde-8aee-ff698076f221" testListId="8c84fa94-04c1-424b-9868-57a2d4851a1d" />
    <TestEntry testId="7c24f30a-cdbb-9287-2f6f-be40b9f25947" executionId="9ea24f9a-d8e9-49a7-85d4-1d874a06de55" testListId="8c84fa94-04c1-424b-9868-57a2d4851a1d" />
    <TestEntry testId="3a23b277-a9a6-16d5-edba-7bdc7179741c" executionId="ce968959-f7b1-4657-a8f8-a166ca5b8107" testListId="8c84fa94-04c1-424b-9868-57a2d4851a1d" />
    <TestEntry testId="0b94c3b1-6583-79b8-f011-5229f57a9249" executionId="228dc18f-0470-4b4c-a932-4977780edf1e" testListId="8c84fa94-04c1-424b-9868-57a2d4851a1d" />
    <TestEntry testId="7166e05f-60b9-3728-f3a5-1af83e5aad4c" executionId="c458ad0a-f5d1-40dd-a9fa-261151b9b88f" testListId="8c84fa94-04c1-424b-9868-57a2d4851a1d" />
    <TestEntry testId="3ebde54a-5d59-a2ef-9fd5-b8b44c97d1ad" executionId="529f2eaa-991b-4cb1-a36b-7dcc58d5360f" testListId="8c84fa94-04c1-424b-9868-57a2d4851a1d" />
    <TestEntry testId="6307d0a3-f8ba-d60c-8894-56921f5aa92a" executionId="ecb5d064-4311-4355-b895-ea444b6cbf2c" testListId="8c84fa94-04c1-424b-9868-57a2d4851a1d" />
    <TestEntry testId="92ceef80-e5b7-c89c-a796-a51df0e588f6" executionId="cb98a1fd-202d-48ae-b3f6-63303eadbe30" testListId="8c84fa94-04c1-424b-9868-57a2d4851a1d" />
    <TestEntry testId="05a54838-2f8d-21c6-e86e-0f8ca9d7103d" executionId="ab22f570-5ae3-40fc-b2e4-f3176056a986" testListId="8c84fa94-04c1-424b-9868-57a2d4851a1d" />
    <TestEntry testId="4b7c578e-2c8b-fbf4-edf0-1e833a94cb00" executionId="ac3bf4d2-24c4-4b40-9c2f-e658857c2a38" testListId="8c84fa94-04c1-424b-9868-57a2d4851a1d" />
    <TestEntry testId="f3b583ac-90ff-1f56-69dc-aadf0d375497" executionId="2bfb22b8-fc69-44a3-aa7f-6e9e1f50701b" testListId="8c84fa94-04c1-424b-9868-57a2d4851a1d" />
    <TestEntry testId="efa28403-4b97-87b5-f2ab-991a214ef2a6" executionId="938028ae-3a2c-4647-84ed-72fe084edaf5" testListId="8c84fa94-04c1-424b-9868-57a2d4851a1d" />
    <TestEntry testId="8849bd85-5b3b-67b2-7599-9a1cb03570c4" executionId="e0e06196-1616-48b0-93db-12e521f88a6d" testListId="8c84fa94-04c1-424b-9868-57a2d4851a1d" />
    <TestEntry testId="1801938a-5d0f-36fb-a9bb-fea7ab8914fe" executionId="706366c4-89e2-492f-b2be-17fd0dbc652b" testListId="8c84fa94-04c1-424b-9868-57a2d4851a1d" />
    <TestEntry testId="d4d49c29-9474-ecf3-0071-3ac279f9699d" executionId="593deb3f-f34b-4b1a-b7af-9a350ec72003" testListId="8c84fa94-04c1-424b-9868-57a2d4851a1d" />
    <TestEntry testId="1f757bc5-86da-e122-1d55-9a03114706b1" executionId="4e3e1c8a-0f3b-4ef7-acb3-cca17c8e162f" testListId="8c84fa94-04c1-424b-9868-57a2d4851a1d" />
    <TestEntry testId="411a9c2f-81ff-4d70-023d-fdced9c6f4ac" executionId="36080842-df94-4f8b-b723-bd626c342e1c" testListId="8c84fa94-04c1-424b-9868-57a2d4851a1d" />
    <TestEntry testId="97a02c40-1c10-309c-a600-6c8bf81ccdfc" executionId="03ce38ac-8294-42bb-9edd-b85911a2f4e1" testListId="8c84fa94-04c1-424b-9868-57a2d4851a1d" />
    <TestEntry testId="4d4fb53f-3023-b9b5-ddae-ca5ff94e1e21" executionId="552e2d91-e25b-482d-afe6-37e8e351a0bc" testListId="8c84fa94-04c1-424b-9868-57a2d4851a1d" />
    <TestEntry testId="84c6800a-f289-1899-3a73-99d4070467cb" executionId="2ab9b50b-783a-4cea-bc45-2afcd63c1253" testListId="8c84fa94-04c1-424b-9868-57a2d4851a1d" />
    <TestEntry testId="71308719-ce88-4981-95a1-907da9a59986" executionId="1a754d8d-9eeb-4432-8820-409e128eb6ee" testListId="8c84fa94-04c1-424b-9868-57a2d4851a1d" />
    <TestEntry testId="87fd6638-f969-be53-c22e-480a9a60d6be" executionId="1c2791fc-2dea-44e7-89e6-b95599d48885" testListId="8c84fa94-04c1-424b-9868-57a2d4851a1d" />
    <TestEntry testId="a37dbed6-65ed-3366-4c41-404cbdef850a" executionId="fed58656-dbaf-4ada-a201-1f9a9f7b4088" testListId="8c84fa94-04c1-424b-9868-57a2d4851a1d" />
    <TestEntry testId="72cc59dc-cbb4-fcaa-43ae-593609766cef" executionId="95853bc2-7527-410f-930a-013a75a106e8" testListId="8c84fa94-04c1-424b-9868-57a2d4851a1d" />
    <TestEntry testId="2c4117d2-d5f3-7465-dc4d-12aa228c094e" executionId="ffa43a44-6eb2-40fc-851f-f764381326f1" testListId="8c84fa94-04c1-424b-9868-57a2d4851a1d" />
    <TestEntry testId="27b117ff-b7dd-57b4-7de5-67615daa035c" executionId="719ed251-0504-48da-bc31-f5215995f16b" testListId="8c84fa94-04c1-424b-9868-57a2d4851a1d" />
    <TestEntry testId="de19ba09-da48-16a7-e578-ccf66f701e6a" executionId="74fc2080-7605-4bba-9897-b774520f1573" testListId="8c84fa94-04c1-424b-9868-57a2d4851a1d" />
    <TestEntry testId="e3bab16b-3c59-832e-1834-a442985b41e2" executionId="b9d0177b-0a7c-4e8f-ac3c-a77042a3fdd5" testListId="8c84fa94-04c1-424b-9868-57a2d4851a1d" />
    <TestEntry testId="209cac5e-e8da-6f36-97c4-1242230c6ca0" executionId="9660062d-b8a6-4f1a-bc90-9bfd76fce049" testListId="8c84fa94-04c1-424b-9868-57a2d4851a1d" />
    <TestEntry testId="85fd8d0b-9fc0-1fbf-e3ac-fb7bd19ad960" executionId="3bd3feb8-ff00-4c76-a05a-4be39fd05113" testListId="8c84fa94-04c1-424b-9868-57a2d4851a1d" />
    <TestEntry testId="c5c4387e-9b4e-b9c4-f648-e86e48f601ca" executionId="e150215f-b936-44ff-9b86-1aa33f7e394f" testListId="8c84fa94-04c1-424b-9868-57a2d4851a1d" />
    <TestEntry testId="46807053-f966-a388-4d2d-7da9058b5203" executionId="4ddbe632-b54a-4390-8120-32c13c427640" testListId="8c84fa94-04c1-424b-9868-57a2d4851a1d" />
    <TestEntry testId="bf056b60-1220-93fe-f132-4710dd020797" executionId="203ede12-f7d5-42d6-870a-5269a90c91ee" testListId="8c84fa94-04c1-424b-9868-57a2d4851a1d" />
    <TestEntry testId="01b8812e-ccae-4916-6877-6357d55b1d4d" executionId="d6b93399-c8d7-4e53-b1dc-944c8607fc38" testListId="8c84fa94-04c1-424b-9868-57a2d4851a1d" />
    <TestEntry testId="3c37108a-c70c-c832-75e8-68781bee0ca1" executionId="7d454fcd-2f24-4816-a234-1bd8b93b44bd" testListId="8c84fa94-04c1-424b-9868-57a2d4851a1d" />
    <TestEntry testId="8fb86198-a650-e4a9-cb59-495dfda2d14f" executionId="6560cd92-f00f-4574-a9e5-2ff79b612205" testListId="8c84fa94-04c1-424b-9868-57a2d4851a1d" />
    <TestEntry testId="94ac24fa-c865-936b-315d-74d8ca292b0f" executionId="dbc26be0-8129-439b-b660-4df009ba47cc" testListId="8c84fa94-04c1-424b-9868-57a2d4851a1d" />
    <TestEntry testId="78ec70f9-0461-4d69-fbae-7bfa68a35251" executionId="1ef30dcc-e646-43c5-b2c1-18ae0b20f6af" testListId="8c84fa94-04c1-424b-9868-57a2d4851a1d" />
    <TestEntry testId="7d8cc7d8-a7af-3857-ec1c-988b6d4cd6cb" executionId="48ad8b7c-a964-4d57-82f9-0195afc90e68" testListId="8c84fa94-04c1-424b-9868-57a2d4851a1d" />
    <TestEntry testId="45dc2808-38b8-8162-caa5-6792f81f1b1f" executionId="81974553-0a7e-48db-bd5e-502771711ed8" testListId="8c84fa94-04c1-424b-9868-57a2d4851a1d" />
    <TestEntry testId="14c31508-17e6-4880-b426-ed6fb60b31cf" executionId="e59a5642-3b57-4b9f-ade8-7c028ec2821b" testListId="8c84fa94-04c1-424b-9868-57a2d4851a1d" />
    <TestEntry testId="9c7edae4-dba8-a18a-c5ee-0aa71baa7577" executionId="94dfa66f-ee10-411c-b94c-d61a33086907" testListId="8c84fa94-04c1-424b-9868-57a2d4851a1d" />
    <TestEntry testId="95d48be6-afa8-e71d-dd78-cc9c789b5af7" executionId="18ad1e65-23b0-4711-83d5-989f8c69468e" testListId="8c84fa94-04c1-424b-9868-57a2d4851a1d" />
    <TestEntry testId="ec0ff6f3-40a0-61a0-1c02-ffe1c9cd8709" executionId="e96fa62c-ed7e-41ff-b0c9-ee3ac9268ca8" testListId="8c84fa94-04c1-424b-9868-57a2d4851a1d" />
    <TestEntry testId="a5e59568-9809-0546-2c2c-c87f9fc098c3" executionId="df1dd94d-e6d8-47d9-bc86-72ddc9cf31c9" testListId="8c84fa94-04c1-424b-9868-57a2d4851a1d" />
    <TestEntry testId="4052b285-ee8b-dda1-747f-8fb2d2b5853d" executionId="a4fabf7e-986d-478c-98f5-389f51d6373a" testListId="8c84fa94-04c1-424b-9868-57a2d4851a1d" />
    <TestEntry testId="9deae48d-7055-3dbc-52b0-c16fc854726a" executionId="280fe0cf-7133-4a0c-a60d-08940fa33347" testListId="8c84fa94-04c1-424b-9868-57a2d4851a1d" />
    <TestEntry testId="4b36266e-a52e-ddb2-0c89-74a3ad238fe8" executionId="4beccc4a-f783-47b6-bc4e-fa70ce4fe043" testListId="8c84fa94-04c1-424b-9868-57a2d4851a1d" />
    <TestEntry testId="5bc0f3f5-2ef6-71a7-b380-e960810bb877" executionId="f2bf7db3-8d7e-4bf3-a1d2-c5902c78cb6b" testListId="8c84fa94-04c1-424b-9868-57a2d4851a1d" />
    <TestEntry testId="c9b0bf8f-b32e-afc0-1ba5-d7dd67234a1b" executionId="6ea2bee6-b5e2-4d68-9b6a-d116b79eb33b" testListId="8c84fa94-04c1-424b-9868-57a2d4851a1d" />
    <TestEntry testId="4a081906-f0c0-7f45-b4ec-9402f752201c" executionId="da472d00-f1a3-4a99-b51d-86fdceb7067b" testListId="8c84fa94-04c1-424b-9868-57a2d4851a1d" />
    <TestEntry testId="c9b50cc0-af5c-379e-bcdc-156c0ff0245a" executionId="253624d6-55d1-4f48-9257-060b6b7b94c8" testListId="8c84fa94-04c1-424b-9868-57a2d4851a1d" />
    <TestEntry testId="54e77df2-c5f9-e6f4-caca-1b64d3e7ca87" executionId="41f7aeec-050e-4e84-833d-ecf778462b21" testListId="8c84fa94-04c1-424b-9868-57a2d4851a1d" />
    <TestEntry testId="2460b2eb-c7c7-67db-b872-797238ca95cb" executionId="e0142f7a-09d2-4640-8444-64d90f485417" testListId="8c84fa94-04c1-424b-9868-57a2d4851a1d" />
    <TestEntry testId="556708dc-3ea7-4044-1a0d-7548df8b4302" executionId="cda553ff-8924-424f-ac55-15616235b673" testListId="8c84fa94-04c1-424b-9868-57a2d4851a1d" />
    <TestEntry testId="79aef7de-738f-b2d7-91f6-bab93a12a8cc" executionId="610f22aa-889a-4d72-aeca-c8806f895fbc" testListId="8c84fa94-04c1-424b-9868-57a2d4851a1d" />
    <TestEntry testId="5fcc6bb5-5034-60d9-130d-fe126a4d45b8" executionId="1cf082ae-be6b-41e8-b343-1849bbcbb945" testListId="8c84fa94-04c1-424b-9868-57a2d4851a1d" />
    <TestEntry testId="25af1c0f-9922-9a6a-e81e-c2ad6e330e49" executionId="2221172f-5ffe-4efd-a534-961fe2c814f5" testListId="8c84fa94-04c1-424b-9868-57a2d4851a1d" />
    <TestEntry testId="7f0db5cd-3789-6493-06f2-6838ac79a529" executionId="1c3490e9-45c4-4a14-b3b2-781b6f8c903a" testListId="8c84fa94-04c1-424b-9868-57a2d4851a1d" />
    <TestEntry testId="ca91a9e0-6fc0-a317-fd3a-6f5ade651c3e" executionId="208e73dd-09cc-400f-87ae-075c933fe308" testListId="8c84fa94-04c1-424b-9868-57a2d4851a1d" />
    <TestEntry testId="05b76220-fd76-c7b5-cf44-0c20f6f56988" executionId="06229377-5116-43fa-8710-759b70f2ba76" testListId="8c84fa94-04c1-424b-9868-57a2d4851a1d" />
    <TestEntry testId="e8ef69a7-69d2-7821-25ae-0ad9e98c19f5" executionId="54cef45c-ba9f-4c4e-93c0-f0408455ec86" testListId="8c84fa94-04c1-424b-9868-57a2d4851a1d" />
    <TestEntry testId="9f8aa001-f958-be2d-3226-fc565fd3e92a" executionId="74944efc-ec86-43bd-bd63-3b14ddbb52e0" testListId="8c84fa94-04c1-424b-9868-57a2d4851a1d" />
    <TestEntry testId="c2bf73e0-2b43-e613-8fe5-319705841f57" executionId="f8b1894f-23f1-45ac-959d-5ca1be2b1d46" testListId="8c84fa94-04c1-424b-9868-57a2d4851a1d" />
    <TestEntry testId="2d7f5b65-4d8c-deba-d465-b2441aaaa785" executionId="0914b821-40b9-4407-9828-4e4b40f62767" testListId="8c84fa94-04c1-424b-9868-57a2d4851a1d" />
    <TestEntry testId="74d935d3-9bac-ca17-d821-b5657be316bf" executionId="a515c324-3fe1-4966-8ec8-6d869100bae2" testListId="8c84fa94-04c1-424b-9868-57a2d4851a1d" />
    <TestEntry testId="7e46dd07-4366-27a0-3009-4a77bc548fa9" executionId="61747f9a-3874-46f3-81fa-d24c976ca907" testListId="8c84fa94-04c1-424b-9868-57a2d4851a1d" />
  </TestEntries>
  <TestLists>
    <TestList name="Results Not in a List" id="8c84fa94-04c1-424b-9868-57a2d4851a1d" />
    <TestList name="All Loaded Results" id="19431567-8539-422a-85d7-44ee4e166bda" />
  </TestLists>
  <ResultSummary outcome="Completed">
    <Counters total="677" executed="677" passed="677" failed="0" error="0" timeout="0" aborted="0" inconclusive="0" passedButRunAborted="0" notRunnable="0" notExecuted="0" disconnected="0" warning="0" completed="0" inProgress="0" pending="0" />
    <Output>
      <StdOut>[xUnit.net 00:00:00.00] xUnit.net VSTest Adapter v3.1.4+50e68bbb8b (64-bit .NET 9.0.6)
[xUnit.net 00:00:00.06]   Discovering: ManagedCode.Communication.Tests
[xUnit.net 00:00:00.11]   Discovered:  ManagedCode.Communication.Tests
[xUnit.net 00:00:00.15]   Starting:    ManagedCode.Communication.Tests
Value: 20
fail: ManagedCode.Communication.Tests.Extensions.ServiceCollectionExtensionsTests[5001]
      Unhandled exception in TestController.TestAction
      System.InvalidOperationException: Test exception
warn: ManagedCode.Communication.Tests.Extensions.ServiceCollectionExtensionsTests[3001]
      Model validation failed for TestAction
info: ManagedCode.Communication.Tests.Extensions.ServiceCollectionExtensionsTests[2001]
      Cleaned up 5 expired commands older than 01:00:00
Current value: 10
info: Microsoft.AspNetCore.DataProtection.KeyManagement.XmlKeyManager[62]
      User profile is available. Using '/Users/ksemenenko/.aspnet/DataProtection-Keys' as key repository; keys will not be encrypted at rest.
info: Microsoft.AspNetCore.Hosting.Diagnostics[1]
      Request starting HTTP/1.1 GET http://localhost/test/collection-success - - -
info: Microsoft.AspNetCore.Routing.EndpointMiddleware[0]
      Executing endpoint 'ManagedCode.Communication.Tests.Common.TestApp.Controllers.TestController.GetCollectionSuccess (ManagedCode.Communication.Tests)'
info: Microsoft.AspNetCore.Mvc.Infrastructure.ControllerActionInvoker[102]
      Route matched with {action = "GetCollectionSuccess", controller = "Test"}. Executing controller action with signature ManagedCode.Communication.CollectionResultT.CollectionResult`1[ManagedCode.Communication.Tests.Common.TestApp.Controllers.TestModel] GetCollectionSuccess() on controller ManagedCode.Communication.Tests.Common.TestApp.Controllers.TestController (ManagedCode.Communication.Tests).
info: Microsoft.AspNetCore.Mvc.Infrastructure.ObjectResultExecutor[1]
      Executing ObjectResult, writing value of type 'ManagedCode.Communication.CollectionResultT.CollectionResult`1[[ManagedCode.Communication.Tests.Common.TestApp.Controllers.TestModel, ManagedCode.Communication.Tests, Version=9.6.2.0, Culture=neutral, PublicKeyToken=null]]'.
info: Microsoft.AspNetCore.Mvc.Infrastructure.ControllerActionInvoker[105]
      Executed action ManagedCode.Communication.Tests.Common.TestApp.Controllers.TestController.GetCollectionSuccess (ManagedCode.Communication.Tests) in 8.7104ms
info: Microsoft.AspNetCore.Routing.EndpointMiddleware[1]
      Executed endpoint 'ManagedCode.Communication.Tests.Common.TestApp.Controllers.TestController.GetCollectionSuccess (ManagedCode.Communication.Tests)'
info: Microsoft.AspNetCore.Hosting.Diagnostics[2]
      Request finished HTTP/1.1 GET http://localhost/test/collection-success - 200 - application/json;+charset=utf-8 28.8534ms
info: Microsoft.AspNetCore.Hosting.Diagnostics[1]
      Request starting HTTP/1.1 POST http://localhost/test/validate - application/json;+charset=utf-8 38
info: Microsoft.AspNetCore.Routing.EndpointMiddleware[0]
      Executing endpoint 'ManagedCode.Communication.Tests.Common.TestApp.Controllers.TestController.Validate (ManagedCode.Communication.Tests)'
info: Microsoft.AspNetCore.Mvc.Infrastructure.ControllerActionInvoker[102]
      Route matched with {action = "Validate", controller = "Test"}. Executing controller action with signature Microsoft.AspNetCore.Mvc.ActionResult`1[System.String] Validate(ManagedCode.Communication.Tests.Common.TestApp.Controllers.TestValidationModel) on controller ManagedCode.Communication.Tests.Common.TestApp.Controllers.TestController (ManagedCode.Communication.Tests).
warn: ManagedCode.Communication.AspNetCore.Filters.CommunicationModelValidationFilter[3001]
      Model validation failed for ManagedCode.Communication.Tests.Common.TestApp.Controllers.TestController.Validate (ManagedCode.Communication.Tests)
info: Microsoft.AspNetCore.Mvc.Infrastructure.ObjectResultExecutor[1]
      Executing BadRequestObjectResult, writing value of type 'ManagedCode.Communication.Result'.
info: Microsoft.AspNetCore.Mvc.Infrastructure.ControllerActionInvoker[105]
      Executed action ManagedCode.Communication.Tests.Common.TestApp.Controllers.TestController.Validate (ManagedCode.Communication.Tests) in 13.3444ms
info: Microsoft.AspNetCore.Routing.EndpointMiddleware[1]
      Executed endpoint 'ManagedCode.Communication.Tests.Common.TestApp.Controllers.TestController.Validate (ManagedCode.Communication.Tests)'
info: Microsoft.AspNetCore.Hosting.Diagnostics[2]
      Request finished HTTP/1.1 POST http://localhost/test/validate - 400 - application/json;+charset=utf-8 20.2640ms
info: Microsoft.AspNetCore.Hosting.Diagnostics[1]
      Request starting HTTP/1.1 GET http://localhost/test/custom-problem - - -
info: Microsoft.AspNetCore.Routing.EndpointMiddleware[0]
      Executing endpoint 'ManagedCode.Communication.Tests.Common.TestApp.Controllers.TestController.CustomProblem (ManagedCode.Communication.Tests)'
info: Microsoft.AspNetCore.Mvc.Infrastructure.ControllerActionInvoker[102]
      Route matched with {action = "CustomProblem", controller = "Test"}. Executing controller action with signature Microsoft.AspNetCore.Mvc.ActionResult CustomProblem() on controller ManagedCode.Communication.Tests.Common.TestApp.Controllers.TestController (ManagedCode.Communication.Tests).
info: Microsoft.AspNetCore.Mvc.Infrastructure.ObjectResultExecutor[1]
      Executing ObjectResult, writing value of type 'ManagedCode.Communication.Problem'.
info: Microsoft.AspNetCore.Mvc.Infrastructure.ControllerActionInvoker[105]
      Executed action ManagedCode.Communication.Tests.Common.TestApp.Controllers.TestController.CustomProblem (ManagedCode.Communication.Tests) in 1.5194ms
info: Microsoft.AspNetCore.Routing.EndpointMiddleware[1]
      Executed endpoint 'ManagedCode.Communication.Tests.Common.TestApp.Controllers.TestController.CustomProblem (ManagedCode.Communication.Tests)'
info: Microsoft.AspNetCore.Hosting.Diagnostics[2]
      Request finished HTTP/1.1 GET http://localhost/test/custom-problem - 409 - application/json;+charset=utf-8 2.7252ms
info: Microsoft.AspNetCore.Hosting.Diagnostics[1]
      Request starting HTTP/1.1 GET http://localhost/test/throw-exception - - -
info: Microsoft.AspNetCore.Routing.EndpointMiddleware[0]
      Executing endpoint 'ManagedCode.Communication.Tests.Common.TestApp.Controllers.TestController.ThrowException (ManagedCode.Communication.Tests)'
info: Microsoft.AspNetCore.Mvc.Infrastructure.ControllerActionInvoker[102]
      Route matched with {action = "ThrowException", controller = "Test"}. Executing controller action with signature System.String ThrowException() on controller ManagedCode.Communication.Tests.Common.TestApp.Controllers.TestController (ManagedCode.Communication.Tests).
fail: ManagedCode.Communication.AspNetCore.Filters.CommunicationExceptionFilter[5001]
      Unhandled exception in Test.ManagedCode.Communication.Tests.Common.TestApp.Controllers.TestController.ThrowException (ManagedCode.Communication.Tests)
      System.InvalidOperationException: This is a test exception for integration testing
         at ManagedCode.Communication.Tests.Common.TestApp.Controllers.TestController.ThrowException() in /Users/ksemenenko/Developer/Communication/ManagedCode.Communication.Tests/Common/TestApp/Controllers/TestController.cs:line 130
         at lambda_method123(Closure, Object, Object[])
         at Microsoft.AspNetCore.Mvc.Infrastructure.ActionMethodExecutor.SyncObjectResultExecutor.Execute(ActionContext actionContext, IActionResultTypeMapper mapper, ObjectMethodExecutor executor, Object controller, Object[] arguments)
         at Microsoft.AspNetCore.Mvc.Infrastructure.ControllerActionInvoker.InvokeActionMethodAsync()
         at Microsoft.AspNetCore.Mvc.Infrastructure.ControllerActionInvoker.Next(State&amp; next, Scope&amp; scope, Object&amp; state, Boolean&amp; isCompleted)
         at Microsoft.AspNetCore.Mvc.Infrastructure.ControllerActionInvoker.InvokeNextActionFilterAsync()
      --- End of stack trace from previous location ---
         at Microsoft.AspNetCore.Mvc.Infrastructure.ControllerActionInvoker.Rethrow(ActionExecutedContextSealed context)
         at Microsoft.AspNetCore.Mvc.Infrastructure.ControllerActionInvoker.Next(State&amp; next, Scope&amp; scope, Object&amp; state, Boolean&amp; isCompleted)
         at Microsoft.AspNetCore.Mvc.Infrastructure.ControllerActionInvoker.InvokeInnerFilterAsync()
      --- End of stack trace from previous location ---
         at Microsoft.AspNetCore.Mvc.Infrastructure.ResourceInvoker.&lt;InvokeNextExceptionFilterAsync&gt;g__Awaited|26_0(ResourceInvoker invoker, Task lastTask, State next, Scope scope, Object state, Boolean isCompleted)
info: ManagedCode.Communication.AspNetCore.Filters.CommunicationExceptionFilter[5002]
      Exception handled by CommunicationExceptionFilter for Test.ManagedCode.Communication.Tests.Common.TestApp.Controllers.TestController.ThrowException (ManagedCode.Communication.Tests)
info: Microsoft.AspNetCore.Mvc.Infrastructure.ObjectResultExecutor[1]
      Executing ObjectResult, writing value of type 'ManagedCode.Communication.Result'.
info: Microsoft.AspNetCore.Mvc.Infrastructure.ControllerActionInvoker[105]
      Executed action ManagedCode.Communication.Tests.Common.TestApp.Controllers.TestController.ThrowException (ManagedCode.Communication.Tests) in 4.526ms
info: Microsoft.AspNetCore.Routing.EndpointMiddleware[1]
      Executed endpoint 'ManagedCode.Communication.Tests.Common.TestApp.Controllers.TestController.ThrowException (ManagedCode.Communication.Tests)'
info: Microsoft.AspNetCore.Hosting.Diagnostics[2]
      Request finished HTTP/1.1 GET http://localhost/test/throw-exception - 400 - application/json;+charset=utf-8 4.8921ms
info: Microsoft.AspNetCore.Hosting.Diagnostics[1]
      Request starting HTTP/1.1 GET http://localhost/test/collection-empty - - -
info: Microsoft.AspNetCore.Routing.EndpointMiddleware[0]
      Executing endpoint 'ManagedCode.Communication.Tests.Common.TestApp.Controllers.TestController.GetCollectionEmpty (ManagedCode.Communication.Tests)'
info: Microsoft.AspNetCore.Mvc.Infrastructure.ControllerActionInvoker[102]
      Route matched with {action = "GetCollectionEmpty", controller = "Test"}. Executing controller action with signature ManagedCode.Communication.CollectionResultT.CollectionResult`1[ManagedCode.Communication.Tests.Common.TestApp.Controllers.TestModel] GetCollectionEmpty() on controller ManagedCode.Communication.Tests.Common.TestApp.Controllers.TestController (ManagedCode.Communication.Tests).
info: Microsoft.AspNetCore.Mvc.Infrastructure.ObjectResultExecutor[1]
      Executing ObjectResult, writing value of type 'ManagedCode.Communication.CollectionResultT.CollectionResult`1[[ManagedCode.Communication.Tests.Common.TestApp.Controllers.TestModel, ManagedCode.Communication.Tests, Version=9.6.2.0, Culture=neutral, PublicKeyToken=null]]'.
info: Microsoft.AspNetCore.Mvc.Infrastructure.ControllerActionInvoker[105]
      Executed action ManagedCode.Communication.Tests.Common.TestApp.Controllers.TestController.GetCollectionEmpty (ManagedCode.Communication.Tests) in 0.1649ms
info: Microsoft.AspNetCore.Routing.EndpointMiddleware[1]
      Executed endpoint 'ManagedCode.Communication.Tests.Common.TestApp.Controllers.TestController.GetCollectionEmpty (ManagedCode.Communication.Tests)'
info: Microsoft.AspNetCore.Hosting.Diagnostics[2]
      Request finished HTTP/1.1 GET http://localhost/test/collection-empty - 200 - application/json;+charset=utf-8 0.5375ms
info: Microsoft.AspNetCore.Hosting.Diagnostics[1]
      Request starting HTTP/1.1 POST http://localhost/test/validate - application/json;+charset=utf-8 55
info: Microsoft.AspNetCore.Routing.EndpointMiddleware[0]
      Executing endpoint 'ManagedCode.Communication.Tests.Common.TestApp.Controllers.TestController.Validate (ManagedCode.Communication.Tests)'
info: Microsoft.AspNetCore.Mvc.Infrastructure.ControllerActionInvoker[102]
      Route matched with {action = "Validate", controller = "Test"}. Executing controller action with signature Microsoft.AspNetCore.Mvc.ActionResult`1[System.String] Validate(ManagedCode.Communication.Tests.Common.TestApp.Controllers.TestValidationModel) on controller ManagedCode.Communication.Tests.Common.TestApp.Controllers.TestController (ManagedCode.Communication.Tests).
info: Microsoft.AspNetCore.Mvc.Infrastructure.ObjectResultExecutor[1]
      Executing OkObjectResult, writing value of type 'System.String'.
info: Microsoft.AspNetCore.Mvc.Infrastructure.ControllerActionInvoker[105]
      Executed action ManagedCode.Communication.Tests.Common.TestApp.Controllers.TestController.Validate (ManagedCode.Communication.Tests) in 0.8868ms
info: Microsoft.AspNetCore.Routing.EndpointMiddleware[1]
      Executed endpoint 'ManagedCode.Communication.Tests.Common.TestApp.Controllers.TestController.Validate (ManagedCode.Communication.Tests)'
info: Microsoft.AspNetCore.Hosting.Diagnostics[2]
      Request finished HTTP/1.1 POST http://localhost/test/validate - 200 - text/plain;+charset=utf-8 1.0343ms
info: Microsoft.AspNetCore.Hosting.Diagnostics[1]
      Request starting HTTP/1.1 GET http://localhost/test/result-notfound - - -
info: Microsoft.AspNetCore.Routing.EndpointMiddleware[0]
      Executing endpoint 'ManagedCode.Communication.Tests.Common.TestApp.Controllers.TestController.GetResultNotFoundTest (ManagedCode.Communication.Tests)'
info: Microsoft.AspNetCore.Mvc.Infrastructure.ControllerActionInvoker[102]
      Route matched with {action = "GetResultNotFoundTest", controller = "Test"}. Executing controller action with signature ManagedCode.Communication.Result`1[System.String] GetResultNotFoundTest() on controller ManagedCode.Communication.Tests.Common.TestApp.Controllers.TestController (ManagedCode.Communication.Tests).
info: Microsoft.AspNetCore.Mvc.Infrastructure.ObjectResultExecutor[1]
      Executing ObjectResult, writing value of type 'ManagedCode.Communication.Result`1[[System.String, System.Private.CoreLib, Version=9.0.0.0, Culture=neutral, PublicKeyToken=7cec85d7bea7798e]]'.
info: Microsoft.AspNetCore.Mvc.Infrastructure.ControllerActionInvoker[105]
      Executed action ManagedCode.Communication.Tests.Common.TestApp.Controllers.TestController.GetResultNotFoundTest (ManagedCode.Communication.Tests) in 1.7375ms
info: Microsoft.AspNetCore.Routing.EndpointMiddleware[1]
      Executed endpoint 'ManagedCode.Communication.Tests.Common.TestApp.Controllers.TestController.GetResultNotFoundTest (ManagedCode.Communication.Tests)'
info: Microsoft.AspNetCore.Hosting.Diagnostics[2]
      Request finished HTTP/1.1 GET http://localhost/test/result-notfound - 404 - application/json;+charset=utf-8 2.0835ms
info: Microsoft.AspNetCore.Hosting.Diagnostics[1]
      Request starting HTTP/1.1 GET http://localhost/test/result-failure - - -
info: Microsoft.AspNetCore.Routing.EndpointMiddleware[0]
      Executing endpoint 'ManagedCode.Communication.Tests.Common.TestApp.Controllers.TestController.GetResultFailure (ManagedCode.Communication.Tests)'
info: Microsoft.AspNetCore.Mvc.Infrastructure.ControllerActionInvoker[102]
      Route matched with {action = "GetResultFailure", controller = "Test"}. Executing controller action with signature ManagedCode.Communication.Result`1[System.String] GetResultFailure() on controller ManagedCode.Communication.Tests.Common.TestApp.Controllers.TestController (ManagedCode.Communication.Tests).
info: Microsoft.AspNetCore.Mvc.Infrastructure.ObjectResultExecutor[1]
      Executing ObjectResult, writing value of type 'ManagedCode.Communication.Result`1[[System.String, System.Private.CoreLib, Version=9.0.0.0, Culture=neutral, PublicKeyToken=7cec85d7bea7798e]]'.
info: Microsoft.AspNetCore.Mvc.Infrastructure.ControllerActionInvoker[105]
      Executed action ManagedCode.Communication.Tests.Common.TestApp.Controllers.TestController.GetResultFailure (ManagedCode.Communication.Tests) in 0.1677ms
info: Microsoft.AspNetCore.Routing.EndpointMiddleware[1]
      Executed endpoint 'ManagedCode.Communication.Tests.Common.TestApp.Controllers.TestController.GetResultFailure (ManagedCode.Communication.Tests)'
info: Microsoft.AspNetCore.Hosting.Diagnostics[2]
      Request finished HTTP/1.1 GET http://localhost/test/result-failure - 400 - application/json;+charset=utf-8 0.5155ms
info: Microsoft.AspNetCore.Hosting.Diagnostics[1]
      Request starting HTTP/1.1 GET http://localhost/test/result-success - - -
info: Microsoft.AspNetCore.Routing.EndpointMiddleware[0]
      Executing endpoint 'ManagedCode.Communication.Tests.Common.TestApp.Controllers.TestController.GetResultSuccessWithValue (ManagedCode.Communication.Tests)'
info: Microsoft.AspNetCore.Mvc.Infrastructure.ControllerActionInvoker[102]
      Route matched with {action = "GetResultSuccessWithValue", controller = "Test"}. Executing controller action with signature ManagedCode.Communication.Result`1[ManagedCode.Communication.Tests.Common.TestApp.Controllers.TestModel] GetResultSuccessWithValue() on controller ManagedCode.Communication.Tests.Common.TestApp.Controllers.TestController (ManagedCode.Communication.Tests).
info: Microsoft.AspNetCore.Mvc.Infrastructure.ObjectResultExecutor[1]
      Executing ObjectResult, writing value of type 'ManagedCode.Communication.Result`1[[ManagedCode.Communication.Tests.Common.TestApp.Controllers.TestModel, ManagedCode.Communication.Tests, Version=9.6.2.0, Culture=neutral, PublicKeyToken=null]]'.
info: Microsoft.AspNetCore.Mvc.Infrastructure.ControllerActionInvoker[105]
      Executed action ManagedCode.Communication.Tests.Common.TestApp.Controllers.TestController.GetResultSuccessWithValue (ManagedCode.Communication.Tests) in 0.6641ms
info: Microsoft.AspNetCore.Routing.EndpointMiddleware[1]
      Executed endpoint 'ManagedCode.Communication.Tests.Common.TestApp.Controllers.TestController.GetResultSuccessWithValue (ManagedCode.Communication.Tests)'
info: Microsoft.AspNetCore.Hosting.Diagnostics[2]
      Request finished HTTP/1.1 GET http://localhost/test/result-success - 200 - application/json;+charset=utf-8 1.0040ms
info: Microsoft.AspNetCore.Hosting.Diagnostics[1]
      Request starting HTTP/1.1 GET http://localhost/test/enum-error - - -
info: Microsoft.AspNetCore.Routing.EndpointMiddleware[0]
      Executing endpoint 'ManagedCode.Communication.Tests.Common.TestApp.Controllers.TestController.GetEnumError (ManagedCode.Communication.Tests)'
info: Microsoft.AspNetCore.Mvc.Infrastructure.ControllerActionInvoker[102]
      Route matched with {action = "GetEnumError", controller = "Test"}. Executing controller action with signature ManagedCode.Communication.Result`1[System.String] GetEnumError() on controller ManagedCode.Communication.Tests.Common.TestApp.Controllers.TestController (ManagedCode.Communication.Tests).
info: Microsoft.AspNetCore.Mvc.Infrastructure.ObjectResultExecutor[1]
      Executing ObjectResult, writing value of type 'ManagedCode.Communication.Result`1[[System.String, System.Private.CoreLib, Version=9.0.0.0, Culture=neutral, PublicKeyToken=7cec85d7bea7798e]]'.
info: Microsoft.AspNetCore.Mvc.Infrastructure.ControllerActionInvoker[105]
      Executed action ManagedCode.Communication.Tests.Common.TestApp.Controllers.TestController.GetEnumError (ManagedCode.Communication.Tests) in 0.4429ms
info: Microsoft.AspNetCore.Routing.EndpointMiddleware[1]
      Executed endpoint 'ManagedCode.Communication.Tests.Common.TestApp.Controllers.TestController.GetEnumError (ManagedCode.Communication.Tests)'
info: Microsoft.AspNetCore.Hosting.Diagnostics[2]
      Request finished HTTP/1.1 GET http://localhost/test/enum-error - 400 - application/json;+charset=utf-8 0.7248ms
info: Microsoft.AspNetCore.Hosting.Diagnostics[1]
      Request starting HTTP/1.1 GET http://localhost/test/result-success - - -
info: Microsoft.AspNetCore.Routing.EndpointMiddleware[0]
      Executing endpoint 'ManagedCode.Communication.Tests.Common.TestApp.Controllers.TestController.GetResultSuccessWithValue (ManagedCode.Communication.Tests)'
info: Microsoft.AspNetCore.Mvc.Infrastructure.ControllerActionInvoker[102]
      Route matched with {action = "GetResultSuccessWithValue", controller = "Test"}. Executing controller action with signature ManagedCode.Communication.Result`1[ManagedCode.Communication.Tests.Common.TestApp.Controllers.TestModel] GetResultSuccessWithValue() on controller ManagedCode.Communication.Tests.Common.TestApp.Controllers.TestController (ManagedCode.Communication.Tests).
info: Microsoft.AspNetCore.Mvc.Infrastructure.ObjectResultExecutor[1]
      Executing ObjectResult, writing value of type 'ManagedCode.Communication.Result`1[[ManagedCode.Communication.Tests.Common.TestApp.Controllers.TestModel, ManagedCode.Communication.Tests, Version=9.6.2.0, Culture=neutral, PublicKeyToken=null]]'.
info: Microsoft.AspNetCore.Mvc.Infrastructure.ControllerActionInvoker[105]
      Executed action ManagedCode.Communication.Tests.Common.TestApp.Controllers.TestController.GetResultSuccessWithValue (ManagedCode.Communication.Tests) in 0.175ms
info: Microsoft.AspNetCore.Routing.EndpointMiddleware[1]
      Executed endpoint 'ManagedCode.Communication.Tests.Common.TestApp.Controllers.TestController.GetResultSuccessWithValue (ManagedCode.Communication.Tests)'
info: Microsoft.AspNetCore.Hosting.Diagnostics[2]
      Request finished HTTP/1.1 GET http://localhost/test/result-success - 200 - application/json;+charset=utf-8 0.2699ms
info: Microsoft.AspNetCore.Hosting.Diagnostics[1]
      Request starting HTTP/1.1 GET http://localhost/test/test2 - - -
info: Microsoft.AspNetCore.Routing.EndpointMiddleware[0]
      Executing endpoint 'ManagedCode.Communication.Tests.Common.TestApp.Controllers.TestController.Test2 (ManagedCode.Communication.Tests)'
info: Microsoft.AspNetCore.Mvc.Infrastructure.ControllerActionInvoker[102]
      Route matched with {action = "Test2", controller = "Test"}. Executing controller action with signature Microsoft.AspNetCore.Mvc.ActionResult`1[System.String] Test2() on controller ManagedCode.Communication.Tests.Common.TestApp.Controllers.TestController (ManagedCode.Communication.Tests).
fail: ManagedCode.Communication.AspNetCore.Filters.CommunicationExceptionFilter[5001]
      Unhandled exception in Test.ManagedCode.Communication.Tests.Common.TestApp.Controllers.TestController.Test2 (ManagedCode.Communication.Tests)
      System.IO.InvalidDataException: InvalidDataException
         at ManagedCode.Communication.Tests.Common.TestApp.Controllers.TestController.Test2() in /Users/ksemenenko/Developer/Communication/ManagedCode.Communication.Tests/Common/TestApp/Controllers/TestController.cs:line 24
         at lambda_method135(Closure, Object, Object[])
         at Microsoft.AspNetCore.Mvc.Infrastructure.ActionMethodExecutor.SyncObjectResultExecutor.Execute(ActionContext actionContext, IActionResultTypeMapper mapper, ObjectMethodExecutor executor, Object controller, Object[] arguments)
         at Microsoft.AspNetCore.Mvc.Infrastructure.ControllerActionInvoker.InvokeActionMethodAsync()
         at Microsoft.AspNetCore.Mvc.Infrastructure.ControllerActionInvoker.Next(State&amp; next, Scope&amp; scope, Object&amp; state, Boolean&amp; isCompleted)
         at Microsoft.AspNetCore.Mvc.Infrastructure.ControllerActionInvoker.InvokeNextActionFilterAsync()
      --- End of stack trace from previous location ---
         at Microsoft.AspNetCore.Mvc.Infrastructure.ControllerActionInvoker.Rethrow(ActionExecutedContextSealed context)
         at Microsoft.AspNetCore.Mvc.Infrastructure.ControllerActionInvoker.Next(State&amp; next, Scope&amp; scope, Object&amp; state, Boolean&amp; isCompleted)
         at Microsoft.AspNetCore.Mvc.Infrastructure.ControllerActionInvoker.InvokeInnerFilterAsync()
      --- End of stack trace from previous location ---
         at Microsoft.AspNetCore.Mvc.Infrastructure.ResourceInvoker.&lt;InvokeNextExceptionFilterAsync&gt;g__Awaited|26_0(ResourceInvoker invoker, Task lastTask, State next, Scope scope, Object state, Boolean isCompleted)
info: ManagedCode.Communication.AspNetCore.Filters.CommunicationExceptionFilter[5002]
      Exception handled by CommunicationExceptionFilter for Test.ManagedCode.Communication.Tests.Common.TestApp.Controllers.TestController.Test2 (ManagedCode.Communication.Tests)
info: Microsoft.AspNetCore.Mvc.Infrastructure.ObjectResultExecutor[1]
      Executing ObjectResult, writing value of type 'ManagedCode.Communication.Result'.
info: Microsoft.AspNetCore.Mvc.Infrastructure.ControllerActionInvoker[105]
      Executed action ManagedCode.Communication.Tests.Common.TestApp.Controllers.TestController.Test2 (ManagedCode.Communication.Tests) in 0.431ms
info: Microsoft.AspNetCore.Routing.EndpointMiddleware[1]
      Executed endpoint 'ManagedCode.Communication.Tests.Common.TestApp.Controllers.TestController.Test2 (ManagedCode.Communication.Tests)'
info: Microsoft.AspNetCore.Hosting.Diagnostics[2]
      Request finished HTTP/1.1 GET http://localhost/test/test2 - 409 - application/json;+charset=utf-8 0.8282ms
info: Microsoft.AspNetCore.Hosting.Diagnostics[1]
      Request starting HTTP/1.1 GET http://localhost/test/result-unauthorized - - -
info: Microsoft.AspNetCore.Routing.EndpointMiddleware[0]
      Executing endpoint 'ManagedCode.Communication.Tests.Common.TestApp.Controllers.TestController.GetResultUnauthorized (ManagedCode.Communication.Tests)'
info: Microsoft.AspNetCore.Mvc.Infrastructure.ControllerActionInvoker[102]
      Route matched with {action = "GetResultUnauthorized", controller = "Test"}. Executing controller action with signature ManagedCode.Communication.Result GetResultUnauthorized() on controller ManagedCode.Communication.Tests.Common.TestApp.Controllers.TestController (ManagedCode.Communication.Tests).
info: Microsoft.AspNetCore.Mvc.Infrastructure.ObjectResultExecutor[1]
      Executing ObjectResult, writing value of type 'ManagedCode.Communication.Result'.
info: Microsoft.AspNetCore.Mvc.Infrastructure.ControllerActionInvoker[105]
      Executed action ManagedCode.Communication.Tests.Common.TestApp.Controllers.TestController.GetResultUnauthorized (ManagedCode.Communication.Tests) in 0.1348ms
info: Microsoft.AspNetCore.Routing.EndpointMiddleware[1]
      Executed endpoint 'ManagedCode.Communication.Tests.Common.TestApp.Controllers.TestController.GetResultUnauthorized (ManagedCode.Communication.Tests)'
info: Microsoft.AspNetCore.Hosting.Diagnostics[2]
      Request finished HTTP/1.1 GET http://localhost/test/result-unauthorized - 401 - application/json;+charset=utf-8 0.4775ms
info: Microsoft.AspNetCore.Hosting.Diagnostics[1]
      Request starting HTTP/2 POST http://localhost/TestHub/negotiate?negotiateVersion=1 - - -
info: Microsoft.AspNetCore.Routing.EndpointMiddleware[0]
      Executing endpoint 'TestHub/negotiate'
info: Microsoft.AspNetCore.Routing.EndpointMiddleware[1]
      Executed endpoint 'TestHub/negotiate'
info: Microsoft.AspNetCore.Hosting.Diagnostics[2]
      Request finished HTTP/2 POST http://localhost/TestHub/negotiate?negotiateVersion=1 - 200 316 application/json 4.3098ms
info: Microsoft.AspNetCore.Hosting.Diagnostics[1]
      Request starting HTTP/2 POST http://localhost/TestHub/negotiate?negotiateVersion=1 - - -
info: Microsoft.AspNetCore.Routing.EndpointMiddleware[0]
      Executing endpoint 'TestHub/negotiate'
info: Microsoft.AspNetCore.Routing.EndpointMiddleware[1]
      Executed endpoint 'TestHub/negotiate'
info: Microsoft.AspNetCore.Hosting.Diagnostics[2]
      Request finished HTTP/2 POST http://localhost/TestHub/negotiate?negotiateVersion=1 - 200 316 application/json 0.3059ms
info: Microsoft.AspNetCore.Hosting.Diagnostics[1]
      Request starting HTTP/2 GET http://localhost/TestHub?id=yKTbtvyPcrfiRz9YwO7Flw - - -
info: Microsoft.AspNetCore.Routing.EndpointMiddleware[0]
      Executing endpoint 'TestHub'
info: Microsoft.AspNetCore.Hosting.Diagnostics[1]
      Request starting HTTP/2 POST http://localhost/TestHub?id=yKTbtvyPcrfiRz9YwO7Flw - - 32
info: Microsoft.AspNetCore.Routing.EndpointMiddleware[0]
      Executing endpoint 'TestHub'
info: Microsoft.AspNetCore.Routing.EndpointMiddleware[1]
      Executed endpoint 'TestHub'
info: Microsoft.AspNetCore.Hosting.Diagnostics[2]
      Request finished HTTP/2 POST http://localhost/TestHub?id=yKTbtvyPcrfiRz9YwO7Flw - 200 - text/plain 0.6282ms
info: Microsoft.AspNetCore.Hosting.Diagnostics[1]
      Request starting HTTP/2 POST http://localhost/TestHub?id=yKTbtvyPcrfiRz9YwO7Flw - - 11
info: Microsoft.AspNetCore.Routing.EndpointMiddleware[0]
      Executing endpoint 'TestHub'
info: Microsoft.AspNetCore.Routing.EndpointMiddleware[1]
      Executed endpoint 'TestHub'
info: Microsoft.AspNetCore.Hosting.Diagnostics[2]
      Request finished HTTP/2 POST http://localhost/TestHub?id=yKTbtvyPcrfiRz9YwO7Flw - 200 - text/plain 0.1536ms
info: Microsoft.AspNetCore.Hosting.Diagnostics[1]
      Request starting HTTP/2 POST http://localhost/TestHub?id=yKTbtvyPcrfiRz9YwO7Flw - - 63
info: Microsoft.AspNetCore.Routing.EndpointMiddleware[0]
      Executing endpoint 'TestHub'
info: Microsoft.AspNetCore.Routing.EndpointMiddleware[1]
      Executed endpoint 'TestHub'
info: Microsoft.AspNetCore.Hosting.Diagnostics[2]
      Request finished HTTP/2 POST http://localhost/TestHub?id=yKTbtvyPcrfiRz9YwO7Flw - 200 - text/plain 0.1400ms
info: Microsoft.AspNetCore.Hosting.Diagnostics[1]
      Request starting HTTP/1.1 GET http://localhost/test/result-fail - - -
info: Microsoft.AspNetCore.Routing.EndpointMiddleware[0]
      Executing endpoint 'ManagedCode.Communication.Tests.Common.TestApp.Controllers.TestController.GetResultFail (ManagedCode.Communication.Tests)'
info: Microsoft.AspNetCore.Mvc.Infrastructure.ControllerActionInvoker[102]
      Route matched with {action = "GetResultFail", controller = "Test"}. Executing controller action with signature ManagedCode.Communication.Result GetResultFail() on controller ManagedCode.Communication.Tests.Common.TestApp.Controllers.TestController (ManagedCode.Communication.Tests).
info: Microsoft.AspNetCore.Mvc.Infrastructure.ObjectResultExecutor[1]
      Executing ObjectResult, writing value of type 'ManagedCode.Communication.Result'.
info: Microsoft.AspNetCore.Mvc.Infrastructure.ControllerActionInvoker[105]
      Executed action ManagedCode.Communication.Tests.Common.TestApp.Controllers.TestController.GetResultFail (ManagedCode.Communication.Tests) in 0.3765ms
info: Microsoft.AspNetCore.Routing.EndpointMiddleware[1]
      Executed endpoint 'ManagedCode.Communication.Tests.Common.TestApp.Controllers.TestController.GetResultFail (ManagedCode.Communication.Tests)'
info: Microsoft.AspNetCore.Hosting.Diagnostics[2]
      Request finished HTTP/1.1 GET http://localhost/test/result-fail - 400 - application/json;+charset=utf-8 0.9509ms
info: Microsoft.AspNetCore.Hosting.Diagnostics[1]
      Request starting HTTP/1.1 GET http://localhost/test/result-not-found - - -
info: Microsoft.AspNetCore.Routing.EndpointMiddleware[0]
      Executing endpoint 'ManagedCode.Communication.Tests.Common.TestApp.Controllers.TestController.GetResultNotFound (ManagedCode.Communication.Tests)'
info: Microsoft.AspNetCore.Mvc.Infrastructure.ControllerActionInvoker[102]
      Route matched with {action = "GetResultNotFound", controller = "Test"}. Executing controller action with signature ManagedCode.Communication.Result`1[System.String] GetResultNotFound() on controller ManagedCode.Communication.Tests.Common.TestApp.Controllers.TestController (ManagedCode.Communication.Tests).
info: Microsoft.AspNetCore.Mvc.Infrastructure.ObjectResultExecutor[1]
      Executing ObjectResult, writing value of type 'ManagedCode.Communication.Result`1[[System.String, System.Private.CoreLib, Version=9.0.0.0, Culture=neutral, PublicKeyToken=7cec85d7bea7798e]]'.
info: Microsoft.AspNetCore.Mvc.Infrastructure.ControllerActionInvoker[105]
      Executed action ManagedCode.Communication.Tests.Common.TestApp.Controllers.TestController.GetResultNotFound (ManagedCode.Communication.Tests) in 0.1701ms
info: Microsoft.AspNetCore.Routing.EndpointMiddleware[1]
      Executed endpoint 'ManagedCode.Communication.Tests.Common.TestApp.Controllers.TestController.GetResultNotFound (ManagedCode.Communication.Tests)'
info: Microsoft.AspNetCore.Hosting.Diagnostics[2]
      Request finished HTTP/1.1 GET http://localhost/test/result-not-found - 404 - application/json;+charset=utf-8 0.6675ms
info: Microsoft.AspNetCore.Hosting.Diagnostics[1]
      Request starting HTTP/1.1 GET http://localhost/test/test1 - - -
info: Microsoft.AspNetCore.Routing.EndpointMiddleware[0]
      Executing endpoint 'ManagedCode.Communication.Tests.Common.TestApp.Controllers.TestController.Test1 (ManagedCode.Communication.Tests)'
info: Microsoft.AspNetCore.Mvc.Infrastructure.ControllerActionInvoker[102]
      Route matched with {action = "Test1", controller = "Test"}. Executing controller action with signature Microsoft.AspNetCore.Mvc.ActionResult`1[System.String] Test1() on controller ManagedCode.Communication.Tests.Common.TestApp.Controllers.TestController (ManagedCode.Communication.Tests).
fail: ManagedCode.Communication.AspNetCore.Filters.CommunicationExceptionFilter[5001]
      Unhandled exception in Test.ManagedCode.Communication.Tests.Common.TestApp.Controllers.TestController.Test1 (ManagedCode.Communication.Tests)
      System.ComponentModel.DataAnnotations.ValidationException: ValidationException
         at ManagedCode.Communication.Tests.Common.TestApp.Controllers.TestController.Test1() in /Users/ksemenenko/Developer/Communication/ManagedCode.Communication.Tests/Common/TestApp/Controllers/TestController.cs:line 18
         at lambda_method144(Closure, Object, Object[])
         at Microsoft.AspNetCore.Mvc.Infrastructure.ActionMethodExecutor.SyncObjectResultExecutor.Execute(ActionContext actionContext, IActionResultTypeMapper mapper, ObjectMethodExecutor executor, Object controller, Object[] arguments)
         at Microsoft.AspNetCore.Mvc.Infrastructure.ControllerActionInvoker.InvokeActionMethodAsync()
         at Microsoft.AspNetCore.Mvc.Infrastructure.ControllerActionInvoker.Next(State&amp; next, Scope&amp; scope, Object&amp; state, Boolean&amp; isCompleted)
         at Microsoft.AspNetCore.Mvc.Infrastructure.ControllerActionInvoker.InvokeNextActionFilterAsync()
      --- End of stack trace from previous location ---
         at Microsoft.AspNetCore.Mvc.Infrastructure.ControllerActionInvoker.Rethrow(ActionExecutedContextSealed context)
         at Microsoft.AspNetCore.Mvc.Infrastructure.ControllerActionInvoker.Next(State&amp; next, Scope&amp; scope, Object&amp; state, Boolean&amp; isCompleted)
         at Microsoft.AspNetCore.Mvc.Infrastructure.ControllerActionInvoker.InvokeInnerFilterAsync()
      --- End of stack trace from previous location ---
         at Microsoft.AspNetCore.Mvc.Infrastructure.ResourceInvoker.&lt;InvokeNextExceptionFilterAsync&gt;g__Awaited|26_0(ResourceInvoker invoker, Task lastTask, State next, Scope scope, Object state, Boolean isCompleted)
info: ManagedCode.Communication.AspNetCore.Filters.CommunicationExceptionFilter[5002]
      Exception handled by CommunicationExceptionFilter for Test.ManagedCode.Communication.Tests.Common.TestApp.Controllers.TestController.Test1 (ManagedCode.Communication.Tests)
info: Microsoft.AspNetCore.Mvc.Infrastructure.ObjectResultExecutor[1]
      Executing ObjectResult, writing value of type 'ManagedCode.Communication.Result'.
info: Microsoft.AspNetCore.Mvc.Infrastructure.ControllerActionInvoker[105]
      Executed action ManagedCode.Communication.Tests.Common.TestApp.Controllers.TestController.Test1 (ManagedCode.Communication.Tests) in 0.4521ms
info: Microsoft.AspNetCore.Routing.EndpointMiddleware[1]
      Executed endpoint 'ManagedCode.Communication.Tests.Common.TestApp.Controllers.TestController.Test1 (ManagedCode.Communication.Tests)'
info: Microsoft.AspNetCore.Hosting.Diagnostics[2]
      Request finished HTTP/1.1 GET http://localhost/test/test1 - 500 - application/json;+charset=utf-8 0.9184ms
info: Microsoft.AspNetCore.Hosting.Diagnostics[1]
      Request starting HTTP/2 POST http://localhost/TestHub/negotiate?negotiateVersion=1 - - -
info: Microsoft.AspNetCore.Routing.EndpointMiddleware[0]
      Executing endpoint 'TestHub/negotiate'
info: Microsoft.AspNetCore.Routing.EndpointMiddleware[1]
      Executed endpoint 'TestHub/negotiate'
info: Microsoft.AspNetCore.Hosting.Diagnostics[2]
      Request finished HTTP/2 POST http://localhost/TestHub/negotiate?negotiateVersion=1 - 200 316 application/json 0.1961ms
info: Microsoft.AspNetCore.Hosting.Diagnostics[1]
      Request starting HTTP/2 POST http://localhost/TestHub/negotiate?negotiateVersion=1 - - -
info: Microsoft.AspNetCore.Routing.EndpointMiddleware[0]
      Executing endpoint 'TestHub/negotiate'
info: Microsoft.AspNetCore.Routing.EndpointMiddleware[1]
      Executed endpoint 'TestHub/negotiate'
info: Microsoft.AspNetCore.Hosting.Diagnostics[2]
      Request finished HTTP/2 POST http://localhost/TestHub/negotiate?negotiateVersion=1 - 200 316 application/json 0.0693ms
info: Microsoft.AspNetCore.Hosting.Diagnostics[1]
      Request starting HTTP/2 GET http://localhost/TestHub?id=WunlLpOvQXrh8QxPqUvHSw - - -
info: Microsoft.AspNetCore.Routing.EndpointMiddleware[0]
      Executing endpoint 'TestHub'
info: Microsoft.AspNetCore.Hosting.Diagnostics[1]
      Request starting HTTP/2 POST http://localhost/TestHub?id=WunlLpOvQXrh8QxPqUvHSw - - 32
info: Microsoft.AspNetCore.Routing.EndpointMiddleware[0]
      Executing endpoint 'TestHub'
info: Microsoft.AspNetCore.Routing.EndpointMiddleware[1]
      Executed endpoint 'TestHub'
info: Microsoft.AspNetCore.Hosting.Diagnostics[2]
      Request finished HTTP/2 POST http://localhost/TestHub?id=WunlLpOvQXrh8QxPqUvHSw - 200 - text/plain 0.0710ms
info: Microsoft.AspNetCore.Hosting.Diagnostics[1]
      Request starting HTTP/2 POST http://localhost/TestHub?id=WunlLpOvQXrh8QxPqUvHSw - - 11
info: Microsoft.AspNetCore.Routing.EndpointMiddleware[0]
      Executing endpoint 'TestHub'
info: Microsoft.AspNetCore.Routing.EndpointMiddleware[1]
      Executed endpoint 'TestHub'
info: Microsoft.AspNetCore.Hosting.Diagnostics[2]
      Request finished HTTP/2 POST http://localhost/TestHub?id=WunlLpOvQXrh8QxPqUvHSw - 200 - text/plain 0.1607ms
info: Microsoft.AspNetCore.Hosting.Diagnostics[1]
      Request starting HTTP/2 POST http://localhost/TestHub?id=WunlLpOvQXrh8QxPqUvHSw - - 62
info: Microsoft.AspNetCore.Routing.EndpointMiddleware[0]
      Executing endpoint 'TestHub'
info: Microsoft.AspNetCore.Routing.EndpointMiddleware[1]
      Executed endpoint 'TestHub'
info: Microsoft.AspNetCore.Hosting.Diagnostics[2]
      Request finished HTTP/2 POST http://localhost/TestHub?id=WunlLpOvQXrh8QxPqUvHSw - 200 - text/plain 0.0961ms
fail: ManagedCode.Communication.AspNetCore.Filters.CommunicationHubExceptionFilter[4001]
      Unhandled exception in hub method TestHub.Throw
      System.IO.InvalidDataException: InvalidDataException
         at ManagedCode.Communication.Tests.Common.TestApp.Controllers.TestHub.Throw() in /Users/ksemenenko/Developer/Communication/ManagedCode.Communication.Tests/Common/TestApp/Controllers/TestHub.cs:line 17
         at lambda_method110(Closure, Object, Object[])
         at Microsoft.AspNetCore.SignalR.Internal.DefaultHubDispatcher`1.ExecuteMethod(ObjectMethodExecutor methodExecutor, Hub hub, Object[] arguments)
         at ManagedCode.Communication.AspNetCore.Filters.CommunicationHubExceptionFilter.InvokeMethodAsync(HubInvocationContext invocationContext, Func`2 next) in /Users/ksemenenko/Developer/Communication/ManagedCode.Communication.AspNetCore/SignalR/Filters/CommunicationHubExceptionFilter.cs:line 16
info: Microsoft.AspNetCore.Hosting.Diagnostics[1]
      Request starting HTTP/1.1 GET http://localhost/test/test3 - - -
info: Microsoft.AspNetCore.Authorization.DefaultAuthorizationService[2]
      Authorization failed. These requirements were not met:
      DenyAnonymousAuthorizationRequirement: Requires an authenticated user.
info: ManagedCode.Communication.Tests.Common.TestApp.TestAuthenticationHandler[12]
      AuthenticationScheme: Test was challenged.
info: Microsoft.AspNetCore.Hosting.Diagnostics[2]
      Request finished HTTP/1.1 GET http://localhost/test/test3 - 401 - - 1.6166ms
info: Microsoft.AspNetCore.Hosting.Diagnostics[1]
      Request starting HTTP/1.1 GET http://localhost/test/result-forbidden - - -
info: Microsoft.AspNetCore.Routing.EndpointMiddleware[0]
      Executing endpoint 'ManagedCode.Communication.Tests.Common.TestApp.Controllers.TestController.GetResultForbidden (ManagedCode.Communication.Tests)'
info: Microsoft.AspNetCore.Mvc.Infrastructure.ControllerActionInvoker[102]
      Route matched with {action = "GetResultForbidden", controller = "Test"}. Executing controller action with signature ManagedCode.Communication.Result GetResultForbidden() on controller ManagedCode.Communication.Tests.Common.TestApp.Controllers.TestController (ManagedCode.Communication.Tests).
info: Microsoft.AspNetCore.Mvc.Infrastructure.ObjectResultExecutor[1]
      Executing ObjectResult, writing value of type 'ManagedCode.Communication.Result'.
info: Microsoft.AspNetCore.Mvc.Infrastructure.ControllerActionInvoker[105]
      Executed action ManagedCode.Communication.Tests.Common.TestApp.Controllers.TestController.GetResultForbidden (ManagedCode.Communication.Tests) in 0.1479ms
info: Microsoft.AspNetCore.Routing.EndpointMiddleware[1]
      Executed endpoint 'ManagedCode.Communication.Tests.Common.TestApp.Controllers.TestController.GetResultForbidden (ManagedCode.Communication.Tests)'
info: Microsoft.AspNetCore.Hosting.Diagnostics[2]
      Request finished HTTP/1.1 GET http://localhost/test/result-forbidden - 403 - application/json;+charset=utf-8 0.5532ms
info: Microsoft.AspNetCore.Routing.EndpointMiddleware[1]
      Executed endpoint 'TestHub'
info: Microsoft.AspNetCore.Routing.EndpointMiddleware[1]
      Executed endpoint 'TestHub'
info: Microsoft.AspNetCore.Hosting.Diagnostics[2]
      Request finished HTTP/2 GET http://localhost/TestHub?id=yKTbtvyPcrfiRz9YwO7Flw - 200 - text/event-stream 80.2677ms
info: Microsoft.AspNetCore.Hosting.Diagnostics[2]
      Request finished HTTP/2 GET http://localhost/TestHub?id=WunlLpOvQXrh8QxPqUvHSw - 200 - text/event-stream 40.1586ms
[xUnit.net 00:00:01.47]   Finished:    ManagedCode.Communication.Tests
</StdOut>
    </Output>
  </ResultSummary>
</TestRun>